Timestamp Driver_Joy_Y Driver_Joy_X Driver_Joy_W FL_Out BL_Out BR_Out FR_Out FL_Jag_Speed FL_Bus_Voltage FL_Out_Voltage FL_Out_Current FL_Temp BL_Jag_Speed BL_Bus_Voltage BL_Out_Voltage BL_Out_Current BL_Temp BR_Jag_Speed BR_Bus_Voltage BR_Out_Voltage BR_Out_Current BR_Temp FR_Jag_Speed FR_Bus_Voltage FR_Out_Voltage FR_Out_Current FR_Temp
21.92 0.0078125 0.0 -0.046875 0.0 0.0 0.0 0.0 0.0 12.796875 0.0 0.0 24.1953125 0.0 12.65625 0.0 0.0 27.2578125 0.0 12.8671875 0.0 0.0 26.30078125 0.0 12.83203125 0.0 0.0 24.38671875 0.0 5.69891357421875
22.108 0.0078125 0.0 -0.046875 0.0 0.0 -0.0 -0.0 0.0 12.796875 0.0 0.0 24.00390625 0.0 12.69140625 0.0 0.0 26.109375 0.0 12.8671875 0.0 0.0 26.875 0.0 12.83203125 0.0 0.0 25.15234375 0.0 5.7086944580078125
22.279 0.0078125 0.0 -0.046875 0.0 0.0 -0.0 -0.0 0.0 12.796875 0.0 0.0 24.1953125 0.0 12.69140625 0.0 0.0 26.875 0.0 12.8671875 0.0 0.0 26.875 0.0 12.83203125 0.0 0.0 24.578125 0.0 5.68914794921875
22.449 0.0078125 0.0 -0.046875 0.0 0.0 -0.0 -0.0 0.0 12.796875 0.0 0.0 23.4296875 0.0 12.69140625 0.0 0.0 27.06640625 0.0 12.8671875 0.0 0.0 26.68359375 0.0 12.83203125 0.0 0.0 24.9609375 0.0 5.7086944580078125
22.617 0.0078125 0.0 -0.046875 0.0 0.0 -0.0 -0.0 0.0 12.796875 0.0 0.0 23.62109375 0.0 12.69140625 0.0 0.0 27.83203125 0.0 12.8671875 0.0 0.0 26.68359375 0.0 12.796875 0.0 0.0 24.76953125 0.0 5.69891357421875
22.789 0.0078125 0.0 -0.046875 0.0 0.0 -0.0 -0.0 0.0 12.796875 0.0 0.0 25.15234375 0.0 12.69140625 0.0 0.0 28.0234375 0.0 12.8671875 0.0 0.0 26.30078125 0.0 12.83203125 0.0 0.0 24.578125 0.0 5.7086944580078125
22.957 0.0078125 0.0 -0.046875 0.0 0.0 -0.0 -0.0 0.0 12.796875 0.0 0.0 23.4296875 0.0 12.69140625 0.0 0.0 27.44921875 0.0 12.62109375 0.0 0.0 26.30078125 0.0 11.91796875 0.0 0.0 24.1953125 0.0 5.6402587890625
S: 154772654859 Fired
23.12 0.0078125 0.0 -0.046875 0.0 0.0 -0.0 -0.0 0.0 11.3203125 0.0 0.0 24.1953125 0.0 11.42578125 0.0 0.0 28.40625 -3.5900421142578125 11.63671875 0.0 0.0 26.30078125 0.0 11.77734375 0.0 0.0 24.578125 0.0 5.0830841064453125
23.278 0.0078125 0.0 -0.046875 0.0 0.0 -0.0 -0.0 0.0 11.8828125 0.0 0.0 24.1953125 0.0 11.84765625 0.0 0.0 28.21484375 -7.05047607421875 11.14453125 0.0 0.0 26.875 0.0 9.4921875 0.0 0.0 24.1953125 0.0 4.56500244140625
23.436 0.0078125 0.0 -0.046875 0.0 0.0 -0.0 -0.0 0.0 12.09375 0.0 0.0 25.15234375 0.0 11.953125 0.0 0.0 27.2578125 15.86456298828125 12.48046875 0.0 0.0 26.4921875 0.0 12.55078125 0.0 0.0 23.8125 0.0 5.1124114990234375
23.592 0.0078125 0.0 -0.046875 0.0 0.0 -0.0 -0.0 0.0 12.55078125 0.0 0.0 24.1953125 0.0 12.48046875 0.0 0.0 27.2578125 8.098785400390625 12.62109375 0.0 0.0 26.68359375 0.0 12.5859375 0.0 0.0 24.38671875 0.0 5.483856201171875
23.749 0.0078125 0.0 -0.046875 0.0 0.0 -0.0 -0.0 0.0 12.515625 0.0 0.0 25.15234375 0.0 12.3046875 0.0 0.0 26.68359375 0.0 12.515625 0.0 0.0 26.875 0.0 12.48046875 0.0 0.0 24.578125 0.0 5.796661376953125
23.939 0.0078125 0.0 -0.046875 0.0 0.0 -0.0 -0.0 0.0 12.515625 0.0 0.0 23.8125 0.0 12.515625 0.0 0.0 27.44921875 0.0 11.953125 0.0 0.0 26.875 0.0 12.234375 0.0 0.0 24.578125 0.0 5.7673492431640625
24.109 0.0078125 0.0 -0.046875 0.0 0.0 -0.0 -0.0 0.0 12.26953125 0.0 0.0 23.8125 0.0 12.234375 0.0 0.0 26.875 0.0 12.4453125 0.0 0.0 26.875 0.0 12.33984375 0.0 0.0 24.38671875 0.0 5.7673492431640625
24.298 0.0078125 0.0 -0.046875 0.0 0.0 -0.0 -0.0 0.0 12.3046875 0.0 0.0 24.578125 0.0 12.26953125 0.0 0.0 27.44921875 0.0 12.33984375 0.0 0.0 27.06640625 0.0 12.33984375 0.0 0.0 24.578125 0.0 5.7673492431640625
24.47 0.0078125 0.0 -0.046875 0.0 0.0 -0.0 -0.0 0.0 12.3046875 0.0 0.0 23.8125 0.0 12.19921875 0.0 0.0 27.06640625 0.0 12.375 0.0 0.0 26.875 0.0 12.26953125 0.0 0.0 24.76953125 0.0 5.7673492431640625
24.639 0.0078125 0.0 -0.046875 0.0 0.0 -0.0 -0.0 0.0 12.3046875 0.0 0.0 23.62109375 0.0 12.19921875 0.0 0.0 27.640625 0.0 12.4453125 0.0 0.0 26.4921875 0.0 12.26953125 0.0 0.0 24.1953125 0.0 5.7673492431640625
24.809 0.0078125 0.0 -0.046875 0.0 0.0 -0.0 -0.0 0.0 12.26953125 0.0 0.0 23.8125 0.0 12.1640625 0.0 0.0 27.2578125 0.0 12.375 0.0 0.0 26.875 0.0 12.33984375 0.0 0.0 24.578125 0.0 5.757568359375
24.979 0.0078125 0.0 -0.046875 0.0 0.0 -0.0 -0.0 0.0 12.33984375 0.0 0.0 24.00390625 0.0 12.12890625 0.0 0.0 27.44921875 0.0 12.33984375 0.0 0.0 26.109375 0.0 12.375 0.0 0.0 23.62109375 0.0 5.7673492431640625
25.15 0.0078125 0.0 -0.046875 0.0 0.0 -0.0 -0.0 0.0 12.3046875 0.0 0.0 23.23828125 0.0 12.12890625 0.0 0.0 27.44921875 0.0 12.41015625 0.0 0.0 26.30078125 0.0 12.234375 0.0 0.0 25.15234375 0.0 5.7673492431640625
25.331 0.0078125 0.0 -0.046875 0.0 0.0 -0.0 -0.0 0.0 12.19921875 0.0 0.0 24.1953125 0.0 12.12890625 0.0 0.0 27.640625 0.0 12.3046875 0.0 0.0 26.68359375 0.0 12.33984375 0.0 0.0 24.1953125 0.0 5.7673492431640625
25.493 0.0078125 0.0 -0.046875 0.0 0.0 -0.0 -0.0 0.0 12.26953125 0.0 0.0 23.8125 0.0 12.19921875 0.0 0.0 27.44921875 0.0 12.33984375 0.0 0.0 26.4921875 0.0 12.26953125 0.0 0.0 24.76953125 0.0 5.7673492431640625
25.659 0.0078125 0.0 -0.046875 0.0 0.0 -0.0 -0.0 0.0 12.234375 0.0 0.0 24.00390625 0.0 12.1640625 0.0 0.0 27.2578125 0.0 12.3046875 0.0 0.0 26.875 0.0 12.19921875 0.0 0.0 24.1953125 0.0 5.7771148681640625
25.851 0.0078125 0.0 -0.046875 0.0 0.0 -0.0 -0.0 0.0 12.234375 0.0 0.0 23.62109375 0.0 12.12890625 0.0 0.0 27.83203125 0.0 12.3046875 0.0 0.0 26.30078125 0.0 12.26953125 0.0 0.0 24.38671875 0.0 5.7673492431640625
26.02 0.0078125 0.0 -0.046875 0.0 0.0 -0.0 -0.0 0.0 12.3046875 0.0 0.0 24.1953125 0.0 12.12890625 0.0 0.0 27.44921875 0.0 12.33984375 0.0 0.0 26.875 0.0 12.3046875 0.0 0.0 24.578125 0.0 5.7771148681640625
26.189 0.0078125 0.0 -0.046875 0.0 0.0 -0.0 -0.0 0.0 12.26953125 0.0 0.0 23.8125 0.0 12.1640625 0.0 0.0 27.83203125 0.0 12.3046875 0.0 0.0 26.68359375 0.0 12.3046875 0.0 0.0 24.38671875 0.0 5.7673492431640625
26.37 0.0078125 0.0 -0.046875 0.0 0.0 -0.0 -0.0 0.0 12.3046875 0.0 0.0 23.4296875 0.0 12.09375 0.0 0.0 26.30078125 0.0 12.33984375 0.0 0.0 26.4921875 0.0 12.3046875 0.0 0.0 24.76953125 0.0 5.7673492431640625
26.539 0.0078125 0.0 -0.046875 0.0 0.0 -0.0 -0.0 0.0 12.3046875 0.0 0.0 24.1953125 0.0 12.1640625 0.0 0.0 27.640625 0.0 12.234375 0.0 0.0 27.06640625 0.0 12.19921875 0.0 0.0 25.15234375 0.0 5.7771148681640625
26.708 0.0078125 0.0 -0.046875 0.0 0.0 -0.0 -0.0 0.0 12.234375 0.0 0.0 23.8125 0.0 12.12890625 0.0 0.0 26.875 0.0 12.375 0.0 0.0 27.06640625 0.0 12.26953125 0.0 0.0 24.578125 0.0 5.7673492431640625
26.879 0.0078125 0.0 -0.046875 0.0 0.0 -0.0 -0.0 0.0 12.19921875 0.0 0.0 23.8125 0.0 12.12890625 0.0 0.0 27.83203125 0.0 12.33984375 0.0 0.0 26.30078125 0.0 12.3046875 0.0 0.0 24.578125 0.0 5.7673492431640625
27.049 0.0078125 0.0 -0.046875 0.0 0.0 -0.0 -0.0 0.0 12.26953125 0.0 0.0 23.62109375 0.0 12.12890625 0.0 0.0 27.44921875 0.0 12.3046875 0.0 0.0 26.875 0.0 12.26953125 0.0 0.0 24.76953125 0.0 5.7771148681640625
27.232 0.0078125 0.0 -0.046875 0.0 0.0 -0.0 -0.0 0.0 12.19921875 0.0 0.0 24.9609375 0.0 12.12890625 0.0 0.0 28.21484375 0.0 12.3046875 0.0 0.0 26.875 0.0 12.19921875 0.0 0.0 24.1953125 0.0 5.7673492431640625
27.398 0.0078125 0.0 -0.046875 0.0 0.0 -0.0 -0.0 0.0 12.26953125 0.0 0.0 24.00390625 0.0 12.09375 0.0 0.0 28.0234375 0.0 12.3046875 0.0 0.0 26.875 0.0 12.3046875 0.0 0.0 25.15234375 0.0 5.7673492431640625
27.569 0.0078125 0.0 -0.046875 0.0 0.0 -0.0 -0.0 0.0 12.26953125 0.0 0.0 24.1953125 0.0 12.1640625 0.0 0.0 27.44921875 0.0 12.375 0.0 0.0 26.68359375 0.0 12.234375 0.0 0.0 24.76953125 0.0 5.7673492431640625
27.76 0.0078125 0.0 -0.046875 0.0 0.0 -0.0 -0.0 0.0 12.234375 0.0 0.0 24.38671875 0.0 12.1640625 0.0 0.0 27.44921875 0.0 12.234375 0.0 0.0 27.06640625 0.0 12.234375 0.0 0.0 24.9609375 0.0 5.7771148681640625
27.933 0.0078125 0.0 -0.046875 0.0 0.0 -0.0 -0.0 0.0 12.234375 0.0 0.0 23.62109375 0.0 12.12890625 0.0 0.0 27.83203125 0.0 12.33984375 0.0 0.0 26.68359375 0.0 12.19921875 0.0 0.0 24.00390625 0.0 5.7771148681640625
28.099 0.0078125 0.0 -0.046875 0.0 0.0 -0.0 -0.0 0.0 12.19921875 0.0 0.0 23.62109375 0.0 12.09375 0.0 0.0 27.44921875 0.0 12.26953125 0.0 0.0 26.4921875 0.0 12.234375 0.0 0.0 24.578125 0.0 5.7771148681640625
28.28 0.0078125 0.0 -0.046875 0.0 0.0 -0.0 -0.0 0.0 12.19921875 0.0 0.0 24.00390625 0.0 12.05859375 0.0 0.0 27.640625 0.0 12.26953125 0.0 0.0 26.30078125 0.0 12.26953125 0.0 0.0 25.34375 0.0 5.7771148681640625
28.459 0.0078125 0.0 -0.046875 0.0 0.0 -0.0 -0.0 0.0 12.234375 0.0 0.0 24.38671875 0.0 12.09375 0.0 0.0 27.2578125 0.0 12.26953125 0.0 0.0 26.875 0.0 12.234375 0.0 0.0 24.1953125 0.0 5.7673492431640625
28.629 0.0078125 0.0 -0.046875 0.0 0.0 -0.0 -0.0 0.0 12.19921875 0.0 0.0 23.8125 0.0 12.12890625 0.0 0.0 27.2578125 0.0 12.33984375 0.0 0.0 26.4921875 0.0 12.1640625 0.0 0.0 24.578125 0.0 5.7673492431640625
28.799 0.0078125 0.0 -0.046875 0.0 0.0 -0.0 -0.0 0.0 12.19921875 0.0 0.0 23.4296875 0.0 12.09375 0.0 0.0 27.2578125 0.0 12.33984375 0.0 0.0 26.68359375 0.0 12.234375 0.0 0.0 24.578125 0.0 5.7673492431640625
28.97 0.0078125 0.0 -0.046875 0.0 0.0 -0.0 -0.0 0.0 12.234375 0.0 0.0 23.8125 0.0 12.05859375 0.0 0.0 27.640625 0.0 12.3046875 0.0 0.0 26.68359375 0.0 12.26953125 0.0 0.0 24.578125 0.0 5.7673492431640625
29.138 0.0078125 0.0 -0.046875 0.0 0.0 -0.0 -0.0 0.0 12.26953125 0.0 0.0 23.4296875 0.0 12.09375 0.0 0.0 26.875 0.0 12.234375 0.0 0.0 26.4921875 0.0 12.19921875 0.0 0.0 25.15234375 0.0 5.7673492431640625
29.311 0.0078125 0.0 -0.046875 0.0 0.0 -0.0 -0.0 0.0 12.234375 0.0 0.0 24.1953125 0.0 12.12890625 0.0 0.0 27.640625 0.0 12.1640625 0.0 0.0 26.875 0.0 11.28515625 0.0 0.0 24.578125 0.0 5.659820556640625
S: 154772661207 Fired
29.47 0.0078125 0.0 -0.046875 0.0 0.0 -0.0 -0.0 0.0 11.3203125 0.0 0.0 24.1953125 0.0 10.6875 0.0 0.0 27.44921875 7.2758941650390625 11.3203125 0.0 0.0 26.875 0.0 11.3203125 0.0 0.0 24.76953125 0.0 5.2492523193359375
29.627 0.0078125 0.0 -0.046875 0.0 0.0 -0.0 -0.0 0.0 11.35546875 0.0 0.0 24.1953125 0.0 11.3203125 0.0 0.0 27.83203125 -9.253448486328125 11.3203125 0.0 0.0 27.2578125 0.0 9.0703125 0.0 0.0 24.9609375 0.0 4.57476806640625
29.808 0.0078125 0.0 -0.046875 0.0 0.0 -0.0 -0.0 0.0 11.1796875 0.0 0.0 23.8125 0.0 11.42578125 0.0 0.0 27.44921875 9.173294067382812 11.77734375 0.0 0.0 26.68359375 0.0 11.98828125 0.0 0.0 24.9609375 0.0 4.9560089111328125
29.958 0.0078125 0.0 -0.046875 0.0 0.0 -0.0 -0.0 0.0 12.09375 0.0 0.0 24.00390625 0.0 11.8828125 0.0 0.0 26.875 5.071990966796875 12.12890625 0.0 0.0 26.875 0.0 12.0234375 0.0 0.0 24.38671875 0.0 5.4056549072265625
30.121 0.0078125 0.0 -0.046875 0.0 0.0 -0.0 -0.0 0.0 12.12890625 0.0 0.0 23.23828125 0.0 11.91796875 0.0 0.0 27.06640625 0.0 12.09375 0.0 0.0 27.06640625 0.0 12.0234375 0.0 0.0 24.1953125 0.0 5.669586181640625
30.292 0.0078125 0.0 -0.046875 0.0 0.0 -0.0 -0.0 0.0 11.98828125 0.0 0.0 24.1953125 0.0 11.84765625 0.0 0.0 27.83203125 0.0 12.09375 0.0 0.0 26.68359375 0.0 12.1640625 0.0 0.0 24.38671875 0.0 5.82598876953125
30.45 0.0078125 0.0 -0.046875 0.0 0.0 -0.0 -0.0 0.0 12.05859375 0.0 0.0 24.1953125 0.0 12.05859375 0.0 0.0 27.44921875 0.0 12.234375 0.0 0.0 26.4921875 0.0 12.19921875 0.0 0.0 24.38671875 0.0 5.7673492431640625
30.619 0.0078125 0.0 -0.046875 0.0 0.0 -0.0 -0.0 0.0 12.19921875 0.0 0.0 24.00390625 0.0 11.98828125 0.0 0.0 27.2578125 0.0 12.19921875 0.0 0.0 26.68359375 0.0 12.19921875 0.0 0.0 24.578125 0.0 5.7673492431640625
30.793 0.0078125 0.0 -0.046875 0.0 0.0 -0.0 -0.0 0.0 12.1640625 0.0 0.0 24.1953125 0.0 11.98828125 0.0 0.0 27.83203125 0.0 12.19921875 0.0 0.0 26.875 0.0 12.1640625 0.0 0.0 24.38671875 0.0 5.7771148681640625
30.96 0.0078125 0.0 -0.046875 0.0 0.0 -0.0 -0.0 0.0 12.09375 0.0 0.0 23.8125 0.0 12.05859375 0.0 0.0 27.44921875 0.0 12.26953125 0.0 0.0 27.2578125 0.0 12.1640625 0.0 0.0 24.1953125 0.0 5.7771148681640625
31.129 0.0078125 0.0 -0.046875 0.0 0.0 -0.0 -0.0 0.0 12.19921875 0.0 0.0 25.34375 0.0 12.05859375 0.0 0.0 27.44921875 0.0 12.19921875 0.0 0.0 26.68359375 0.0 12.19921875 0.0 0.0 24.1953125 0.0 5.7673492431640625
31.299 0.0078125 0.0 -0.046875 0.0 0.0 -0.0 -0.0 0.0 12.1640625 0.0 0.0 23.62109375 0.0 12.12890625 0.0 0.0 27.2578125 0.0 12.19921875 0.0 0.0 26.4921875 0.0 12.1640625 0.0 0.0 25.15234375 0.0 5.7673492431640625
31.472 0.0078125 0.0 -0.046875 0.0 0.0 -0.0 -0.0 0.0 12.19921875 0.0 0.0 24.38671875 0.0 11.953125 0.0 0.0 27.83203125 0.0 12.19921875 0.0 0.0 26.68359375 0.0 12.19921875 0.0 0.0 24.76953125 0.0 5.7673492431640625
31.659 0.0078125 0.0 -0.046875 0.0 0.0 -0.0 -0.0 0.0 12.1640625 0.0 0.0 23.62109375 0.0 12.0234375 0.0 0.0 28.21484375 0.0 12.234375 0.0 0.0 26.875 0.0 12.19921875 0.0 0.0 24.76953125 0.0 5.7673492431640625
31.829 0.0078125 0.0 -0.046875 0.0 0.0 -0.0 -0.0 0.0 12.19921875 0.0 0.0 23.8125 0.0 12.09375 0.0 0.0 27.640625 0.0 12.19921875 0.0 0.0 26.68359375 0.0 12.1640625 0.0 0.0 24.76953125 0.0 5.7771148681640625
31.999 0.0078125 0.0 -0.046875 0.0 0.0 -0.0 -0.0 0.0 12.12890625 0.0 0.0 24.578125 0.0 12.09375 0.0 0.0 27.640625 0.0 12.26953125 0.0 0.0 26.68359375 0.0 12.1640625 0.0 0.0 24.578125 0.0 5.7771148681640625
32.168 0.0078125 0.0 -0.046875 0.0 0.0 -0.0 -0.0 0.0 12.19921875 0.0 0.0 23.62109375 0.0 11.98828125 0.0 0.0 27.44921875 0.0 12.234375 0.0 0.0 26.68359375 0.0 12.19921875 0.0 0.0 24.9609375 0.0 5.7673492431640625
32.338 0.0078125 0.0 -0.046875 0.0 0.0 -0.0 -0.0 0.0 12.19921875 0.0 0.0 23.8125 0.0 12.12890625 0.0 0.0 27.44921875 0.0 12.1640625 0.0 0.0 27.06640625 0.0 12.19921875 0.0 0.0 25.15234375 0.0 5.7673492431640625
32.511 0.0078125 0.0 -0.046875 0.0 0.0 -0.0 -0.0 0.0 12.1640625 0.0 0.0 24.1953125 0.0 12.09375 0.0 0.0 27.06640625 0.0 12.19921875 0.0 0.0 26.30078125 0.0 12.1640625 0.0 0.0 24.76953125 0.0 5.7673492431640625
32.68 0.0078125 0.0 -0.046875 0.0 0.0 -0.0 -0.0 0.0 12.19921875 0.0 0.0 24.00390625 0.0 12.09375 0.0 0.0 27.83203125 0.0 12.234375 0.0 0.0 26.68359375 0.0 12.09375 0.0 0.0 24.1953125 0.0 5.7673492431640625
32.857 0.0078125 0.0 -0.046875 0.0 0.0 -0.0 -0.0 0.0 12.1640625 0.0 0.0 23.23828125 0.0 12.09375 0.0 0.0 27.44921875 0.0 12.1640625 0.0 0.0 27.06640625 0.0 12.1640625 0.0 0.0 24.38671875 0.0 5.7673492431640625
33.036 0.0078125 0.0 -0.046875 0.0 0.0 -0.0 -0.0 0.0 12.1640625 0.0 0.0 24.38671875 0.0 12.09375 0.0 0.0 28.0234375 0.0 12.1640625 0.0 0.0 27.06640625 0.0 12.19921875 0.0 0.0 25.15234375 0.0 5.7771148681640625
33.21 0.0078125 0.0 -0.046875 0.0 0.0 -0.0 -0.0 0.0 12.1640625 0.0 0.0 23.62109375 0.0 12.05859375 0.0 0.0 27.83203125 0.0 12.19921875 0.0 0.0 26.30078125 0.0 12.234375 0.0 0.0 24.578125 0.0 5.7771148681640625
33.517 0.0078125 0.0 -0.046875 0.0 0.0 -0.0 -0.0 0.0 11.84765625 0.0 0.0 25.34375 0.0 12.0234375 0.0 0.0 27.44921875 0.0 12.3046875 0.0 0.0 27.06640625 0.0 12.1640625 0.0 0.0 24.76953125 0.0 5.7673492431640625
33.691 0.0078125 0.0 -0.046875 0.0 0.0 -0.0 -0.0 0.0 12.1640625 0.0 0.0 23.62109375 0.0 12.09375 0.0 0.0 27.2578125 0.0 12.26953125 0.0 0.0 26.875 0.0 12.12890625 0.0 0.0 24.38671875 0.0 5.757568359375
33.872 0.0078125 0.0 -0.046875 0.0 0.0 -0.0 -0.0 0.0 12.1640625 0.0 0.0 24.578125 0.0 12.09375 0.0 0.0 27.06640625 0.0 12.19921875 0.0 0.0 26.875 0.0 12.19921875 0.0 0.0 23.8125 0.0 5.7673492431640625
34.053 0.0078125 0.0 -0.046875 0.0 0.0 -0.0 -0.0 0.0 12.234375 0.0 0.0 23.046875 0.0 11.98828125 0.0 0.0 27.640625 0.0 12.26953125 0.0 0.0 26.68359375 0.0 12.1640625 0.0 0.0 24.9609375 0.0 5.7673492431640625
34.237 0.0078125 0.0 -0.046875 0.0 0.0 -0.0 -0.0 0.0 12.1640625 0.0 0.0 22.85546875 0.0 12.0234375 0.0 0.0 27.83203125 0.0 12.234375 0.0 0.0 27.2578125 0.0 12.1640625 0.0 0.0 24.578125 0.0 5.7771148681640625
34.418 0.0078125 0.0 -0.046875 0.0 0.0 -0.0 -0.0 0.0 12.1640625 0.0 0.0 24.76953125 0.0 12.0234375 0.0 0.0 27.44921875 0.0 12.234375 0.0 0.0 27.06640625 0.0 12.19921875 0.0 0.0 24.76953125 0.0 5.7771148681640625
34.599 0.0078125 0.0 -0.046875 0.0 0.0 -0.0 -0.0 0.0 12.1640625 0.0 0.0 23.62109375 0.0 12.12890625 0.0 0.0 28.0234375 0.0 12.0234375 0.0 0.0 27.2578125 0.0 11.4609375 0.0 0.0 24.38671875 0.0 5.6500396728515625
S: 154772666498 Fired
34.758 0.0078125 0.0 -0.046875 0.0 0.0 -0.0 -0.0 0.0 11.07421875 0.0 0.0 23.62109375 0.0 10.79296875 0.0 0.0 27.640625 0.0 11.28515625 0.0 0.0 26.875 0.0 11.25 0.0 0.0 24.578125 0.0 5.171051025390625
34.919 0.0078125 0.0 -0.046875 0.0 0.0 -0.0 -0.0 0.0 11.3203125 0.0 0.0 22.85546875 0.0 11.35546875 0.0 0.0 27.83203125 -8.628707885742188 11.42578125 0.0 0.0 26.4921875 0.0 9.24609375 0.0 0.0 24.578125 0.0 4.57476806640625
35.076 0.0078125 0.0 -0.046875 0.0 0.0 -0.0 -0.0 0.0 11.91796875 0.0 0.0 24.38671875 0.0 11.56640625 0.0 0.0 26.68359375 14.491165161132812 12.33984375 0.0 0.0 26.875 0.0 12.375 0.0 0.0 25.15234375 0.0 5.0537567138671875
35.238 0.0078125 0.0 -0.046875 0.0 0.0 -0.0 -0.0 0.0 12.41015625 0.0 0.0 23.046875 0.0 12.3046875 0.0 0.0 28.59765625 8.311737060546875 12.48046875 0.0 0.0 27.06640625 0.0 12.375 0.0 0.0 25.15234375 0.0 5.4056549072265625
35.394 0.0078125 0.0 -0.046875 0.0 0.0 -0.0 -0.0 0.0 12.26953125 0.0 0.0 24.00390625 0.0 12.1640625 0.0 0.0 28.0234375 0.0 12.375 0.0 0.0 26.30078125 0.0 12.375 0.0 0.0 24.38671875 0.0 5.68914794921875
35.587 0.0078125 0.0 -0.046875 0.0 0.0 -0.0 -0.0 0.0 12.3046875 0.0 0.0 24.1953125 0.0 12.234375 0.0 0.0 27.640625 0.0 12.55078125 0.0 0.0 26.68359375 0.0 12.48046875 0.0 0.0 24.9609375 0.0 5.7771148681640625
35.758 0.0078125 0.0 -0.046875 0.0 0.0 -0.0 -0.0 0.0 12.48046875 0.0 0.0 24.9609375 0.0 12.375 0.0 0.0 27.06640625 0.0 12.5859375 0.0 0.0 26.4921875 0.0 12.515625 0.0 0.0 24.9609375 0.0 5.786895751953125
35.929 0.0078125 0.0 -0.046875 0.0 0.0 -0.0 -0.0 0.0 12.515625 0.0 0.0 24.38671875 0.0 12.41015625 0.0 0.0 27.83203125 0.0 12.5859375 0.0 0.0 27.06640625 0.0 12.515625 0.0 0.0 24.9609375 0.0 5.7771148681640625
36.097 0.0078125 0.0 -0.046875 0.0 0.0 -0.0 -0.0 0.0 12.515625 0.0 0.0 23.8125 0.0 12.41015625 0.0 0.0 28.0234375 0.0 12.5859375 0.0 0.0 26.68359375 0.0 12.55078125 0.0 0.0 24.9609375 0.0 5.7771148681640625
36.268 0.0078125 0.0 -0.046875 0.0 0.0 -0.0 -0.0 0.0 12.55078125 0.0 0.0 24.1953125 0.0 12.41015625 0.0 0.0 27.83203125 0.0 12.5859375 0.0 0.0 27.2578125 0.0 12.55078125 0.0 0.0 24.76953125 0.0 5.7673492431640625
36.432 0.0078125 0.0 -0.046875 0.0 0.0 -0.0 -0.0 0.0 12.55078125 0.0 0.0 24.1953125 0.0 12.41015625 0.0 0.0 27.06640625 0.0 12.62109375 0.0 0.0 26.68359375 0.0 12.55078125 0.0 0.0 24.9609375 0.0 5.757568359375
36.691 0.0078125 0.0 -0.046875 0.0 0.0 -0.0 -0.0 0.0 12.55078125 0.0 0.0 23.046875 0.0 12.4453125 0.0 0.0 27.640625 0.0 12.62109375 0.0 0.0 26.109375 0.0 12.5859375 0.0 0.0 24.9609375 0.0 5.7673492431640625
36.858 0.0078125 0.0 -0.046875 0.0 0.0 -0.0 -0.0 0.0 12.55078125 0.0 0.0 23.8125 0.0 12.4453125 0.0 0.0 28.0234375 0.0 12.62109375 0.0 0.0 26.875 0.0 12.55078125 0.0 0.0 24.578125 0.0 5.7673492431640625
37.029 0.0078125 0.0 -0.046875 0.0 0.0 -0.0 -0.0 0.0 12.5859375 0.0 0.0 23.8125 0.0 12.4453125 0.0 0.0 27.06640625 0.0 12.62109375 0.0 0.0 26.875 0.0 12.5859375 0.0 0.0 24.9609375 0.0 5.7771148681640625
37.198 0.0078125 0.0 -0.046875 0.0 0.0 -0.0 -0.0 0.0 12.5859375 0.0 0.0 24.76953125 0.0 12.4453125 0.0 0.0 27.06640625 0.0 12.62109375 0.0 0.0 26.68359375 0.0 12.5859375 0.0 0.0 24.76953125 0.0 5.7673492431640625
37.372 0.0078125 0.0 -0.046875 0.0 0.0 -0.0 -0.0 0.0 12.5859375 0.0 0.0 24.1953125 0.0 12.4453125 0.0 0.0 27.640625 0.0 12.65625 0.0 0.0 26.875 0.0 12.5859375 0.0 0.0 24.578125 0.0 5.7673492431640625
37.555 0.0078125 0.0 -0.046875 0.0 0.0 -0.0 -0.0 0.0 12.62109375 0.0 0.0 24.9609375 0.0 12.48046875 0.0 0.0 27.83203125 0.0 12.65625 0.0 0.0 27.06640625 0.0 12.5859375 0.0 0.0 25.53515625 0.0 5.7673492431640625
37.73 0.0078125 0.0 -0.046875 0.0 0.0 -0.0 -0.0 0.0 12.5859375 0.0 0.0 24.38671875 0.0 12.48046875 0.0 0.0 27.2578125 0.0 12.69140625 0.0 0.0 27.06640625 0.0 12.62109375 0.0 0.0 24.1953125 0.0 5.7673492431640625
37.897 0.0078125 0.0 -0.046875 0.0 0.0 -0.0 -0.0 0.0 12.5859375 0.0 0.0 23.62109375 0.0 12.48046875 0.0 0.0 27.640625 0.0 12.65625 0.0 0.0 27.06640625 0.0 12.5859375 0.0 0.0 25.15234375 0.0 5.7771148681640625
38.069 0.0078125 0.0 -0.046875 0.0 0.0 -0.0 -0.0 0.0 12.5859375 0.0 0.0 23.62109375 0.0 12.48046875 0.0 0.0 28.21484375 0.0 12.65625 0.0 0.0 26.875 0.0 12.62109375 0.0 0.0 24.578125 0.0 5.7673492431640625
38.239 0.0078125 0.0 -0.046875 0.0 0.0 -0.0 -0.0 0.0 12.5859375 0.0 0.0 23.8125 0.0 12.48046875 0.0 0.0 27.44921875 0.0 12.65625 0.0 0.0 26.875 0.0 12.62109375 0.0 0.0 24.1953125 0.0 5.7771148681640625
38.411 0.0078125 0.0 -0.046875 0.0 0.0 -0.0 -0.0 0.0 12.5859375 0.0 0.0 24.1953125 0.0 12.48046875 0.0 0.0 27.44921875 0.0 12.65625 0.0 0.0 26.4921875 0.0 12.62109375 0.0 0.0 24.1953125 0.0 5.7673492431640625
38.591 0.0078125 0.0 -0.046875 0.0 0.0 -0.0 -0.0 0.0 12.5859375 0.0 0.0 24.9609375 0.0 12.48046875 0.0 0.0 27.44921875 0.0 12.65625 0.0 0.0 26.68359375 0.0 12.62109375 0.0 0.0 24.38671875 0.0 5.7673492431640625
38.758 0.0078125 0.0 -0.046875 0.0 0.0 -0.0 -0.0 0.0 12.62109375 0.0 0.0 24.38671875 0.0 12.48046875 0.0 0.0 27.640625 0.0 12.69140625 0.0 0.0 26.68359375 0.0 12.62109375 0.0 0.0 24.38671875 0.0 5.7771148681640625
38.93 0.0078125 0.0 -0.046875 0.0 0.0 -0.0 -0.0 0.0 12.62109375 0.0 0.0 24.1953125 0.0 12.515625 0.0 0.0 27.83203125 0.0 12.69140625 0.0 0.0 26.68359375 0.0 12.65625 0.0 0.0 24.76953125 0.0 5.7673492431640625
39.099 0.0078125 0.0 -0.046875 0.0 0.0 -0.0 -0.0 0.0 12.62109375 0.0 0.0 24.00390625 0.0 12.515625 0.0 0.0 26.875 0.0 12.69140625 0.0 0.0 26.875 0.0 12.62109375 0.0 0.0 24.76953125 0.0 5.7673492431640625
39.27 0.0078125 0.0 -0.046875 0.0 0.0 -0.0 -0.0 0.0 12.62109375 0.0 0.0 24.578125 0.0 12.515625 0.0 0.0 27.44921875 0.0 12.69140625 0.0 0.0 26.875 0.0 12.65625 0.0 0.0 24.38671875 0.0 5.7771148681640625
39.441 0.0078125 0.0 -0.046875 0.0 0.0 -0.0 -0.0 0.0 12.62109375 0.0 0.0 24.1953125 0.0 12.515625 0.0 0.0 27.2578125 0.0 12.69140625 0.0 0.0 27.06640625 0.0 12.65625 0.0 0.0 24.38671875 0.0 5.7673492431640625
39.63 0.0078125 0.0 -0.046875 0.0 0.0 -0.0 -0.0 0.0 12.62109375 0.0 0.0 24.1953125 0.0 12.515625 0.0 0.0 27.83203125 0.0 12.69140625 0.0 0.0 27.2578125 0.0 12.65625 0.0 0.0 24.578125 0.0 5.7673492431640625
39.82 0.0078125 0.0 -0.046875 0.0 0.0 -0.0 -0.0 0.0 12.65625 0.0 0.0 24.38671875 0.0 12.515625 0.0 0.0 27.2578125 0.0 12.69140625 0.0 0.0 26.875 0.0 12.65625 0.0 0.0 24.00390625 0.0 5.7673492431640625
39.991 0.0078125 0.0 -0.046875 0.0 0.0 -0.0 -0.0 0.0 12.65625 0.0 0.0 24.38671875 0.0 12.515625 0.0 0.0 27.83203125 0.0 12.69140625 0.0 0.0 26.68359375 0.0 12.65625 0.0 0.0 25.15234375 0.0 5.7673492431640625
40.158 0.0078125 0.0 -0.046875 0.0 0.0 -0.0 -0.0 0.0 12.62109375 0.0 0.0 24.1953125 0.0 12.55078125 0.0 0.0 27.640625 0.0 12.69140625 0.0 0.0 27.06640625 0.0 12.65625 0.0 0.0 24.38671875 0.0 5.7673492431640625
40.32 0.0078125 0.0 -0.046875 0.0 0.0 -0.0 -0.0 0.0 12.62109375 0.0 0.0 23.4296875 0.0 12.515625 0.0 0.0 27.44921875 0.0 12.69140625 0.0 0.0 27.2578125 0.0 12.65625 0.0 0.0 24.38671875 0.0 5.7673492431640625
40.5 0.0078125 0.0 -0.046875 0.0 0.0 -0.0 -0.0 0.0 12.65625 0.0 0.0 24.00390625 0.0 12.515625 0.0 0.0 27.640625 0.0 12.7265625 0.0 0.0 27.2578125 0.0 12.65625 0.0 0.0 25.34375 0.0 5.7673492431640625
40.677 0.0078125 0.0 -0.046875 0.0 0.0 -0.0 -0.0 0.0 12.65625 0.0 0.0 24.578125 0.0 12.515625 0.0 0.0 27.44921875 0.0 12.7265625 0.0 0.0 26.68359375 0.0 12.65625 0.0 0.0 24.76953125 0.0 5.7673492431640625
40.85 0.0078125 0.0 -0.046875 0.0 0.0 -0.0 -0.0 0.0 12.62109375 0.0 0.0 24.00390625 0.0 12.515625 0.0 0.0 27.44921875 0.0 12.7265625 0.0 0.0 27.2578125 0.0 12.65625 0.0 0.0 24.578125 0.0 5.7673492431640625
41.02 0.0078125 0.0 -0.046875 0.0 0.0 -0.0 -0.0 0.0 12.65625 0.0 0.0 24.1953125 0.0 12.515625 0.0 0.0 27.44921875 0.0 12.7265625 0.0 0.0 26.68359375 0.0 12.69140625 0.0 0.0 24.76953125 0.0 5.7771148681640625
41.189 0.0078125 0.0 -0.046875 0.0 0.0 -0.0 -0.0 0.0 12.65625 0.0 0.0 24.00390625 0.0 12.55078125 0.0 0.0 27.2578125 0.0 12.7265625 0.0 0.0 27.06640625 0.0 12.65625 0.0 0.0 24.578125 0.0 5.7771148681640625
41.373 0.0078125 0.0 -0.046875 0.0 0.0 -0.0 -0.0 0.0 12.65625 0.0 0.0 24.578125 0.0 12.55078125 0.0 0.0 27.83203125 0.0 12.7265625 0.0 0.0 26.875 0.0 12.65625 0.0 0.0 24.578125 0.0 5.7673492431640625
41.55 0.0078125 0.0 -0.046875 0.0 0.0 -0.0 -0.0 0.0 12.65625 0.0 0.0 24.00390625 0.0 12.55078125 0.0 0.0 28.0234375 0.0 12.7265625 0.0 0.0 26.68359375 0.0 12.65625 0.0 0.0 24.38671875 0.0 5.7673492431640625
41.729 0.0078125 0.0 -0.046875 0.0 0.0 -0.0 -0.0 0.0 12.65625 0.0 0.0 24.1953125 0.0 12.55078125 0.0 0.0 26.875 0.0 12.7265625 0.0 0.0 27.2578125 0.0 12.65625 0.0 0.0 25.15234375 0.0 5.7673492431640625
41.893 0.0078125 0.0 -0.046875 0.0 0.0 -0.0 -0.0 0.0 12.65625 0.0 0.0 23.046875 0.0 12.55078125 0.0 0.0 27.83203125 0.0 12.7265625 0.0 0.0 26.875 0.0 12.65625 0.0 0.0 24.578125 0.0 5.7673492431640625
42.061 0.0078125 0.0 -0.046875 0.0 0.0 -0.0 -0.0 0.0 12.65625 0.0 0.0 24.38671875 0.0 12.55078125 0.0 0.0 27.83203125 0.0 12.7265625 0.0 0.0 27.06640625 0.0 12.65625 0.0 0.0 24.9609375 0.0 5.7673492431640625
42.229 0.0078125 0.0 -0.046875 0.0 0.0 -0.0 -0.0 0.0 12.65625 0.0 0.0 24.578125 0.0 12.55078125 0.0 0.0 27.640625 0.0 12.7265625 0.0 0.0 26.875 0.0 12.65625 0.0 0.0 24.578125 0.0 5.7673492431640625
42.397 0.0078125 0.0 -0.046875 0.0 0.0 -0.0 -0.0 0.0 12.65625 0.0 0.0 23.8125 0.0 12.55078125 0.0 0.0 27.640625 0.0 12.7265625 0.0 0.0 26.875 0.0 12.69140625 0.0 0.0 24.38671875 0.0 5.7771148681640625
42.571 0.0078125 0.0 -0.046875 0.0 0.0 -0.0 -0.0 0.0 12.65625 0.0 0.0 23.62109375 0.0 12.55078125 0.0 0.0 27.640625 0.0 12.7265625 0.0 0.0 26.875 0.0 12.69140625 0.0 0.0 24.76953125 0.0 5.7771148681640625
42.768 0.0078125 0.0 -0.046875 0.0 0.0 -0.0 -0.0 0.0 12.65625 0.0 0.0 23.8125 0.0 12.55078125 0.0 0.0 27.44921875 0.0 12.7265625 0.0 0.0 26.68359375 0.0 12.69140625 0.0 0.0 25.15234375 0.0 5.7771148681640625
42.939 0.0078125 0.0 -0.046875 0.0 0.0 -0.0 -0.0 0.0 12.65625 0.0 0.0 24.1953125 0.0 12.55078125 0.0 0.0 27.44921875 0.0 12.7265625 0.0 0.0 27.2578125 0.0 12.69140625 0.0 0.0 24.76953125 0.0 5.7673492431640625
43.1 0.0078125 0.0 -0.046875 0.0 0.0 -0.0 -0.0 0.0 12.65625 0.0 0.0 23.8125 0.0 12.55078125 0.0 0.0 27.640625 0.0 12.7265625 0.0 0.0 27.06640625 0.0 12.65625 0.0 0.0 24.38671875 0.0 5.7673492431640625
43.28 0.0078125 0.0 -0.046875 0.0 0.0 -0.0 -0.0 0.0 12.65625 0.0 0.0 23.8125 0.0 12.55078125 0.0 0.0 27.83203125 0.0 12.7265625 0.0 0.0 26.875 0.0 12.69140625 0.0 0.0 24.76953125 0.0 5.7771148681640625
43.459 0.0078125 0.0 -0.046875 0.0 0.0 -0.0 -0.0 0.0 12.65625 0.0 0.0 24.1953125 0.0 12.55078125 0.0 0.0 27.2578125 0.0 12.7265625 0.0 0.0 26.68359375 0.0 12.69140625 0.0 0.0 24.9609375 0.0 5.7673492431640625
43.639 0.0078125 0.0 -0.046875 0.0 0.0 -0.0 -0.0 0.0 12.65625 0.0 0.0 24.38671875 0.0 12.55078125 0.0 0.0 27.640625 0.0 12.7265625 0.0 0.0 26.4921875 0.0 12.69140625 0.0 0.0 24.578125 0.0 5.7673492431640625
43.808 0.0078125 0.0 -0.046875 0.0 0.0 -0.0 -0.0 0.0 12.69140625 0.0 0.0 24.00390625 0.0 12.55078125 0.0 0.0 28.0234375 0.0 12.7265625 0.0 0.0 26.4921875 0.0 12.69140625 0.0 0.0 24.38671875 0.0 5.7771148681640625
43.979 0.0078125 0.0 -0.046875 0.0 0.0 -0.0 -0.0 0.0 12.65625 0.0 0.0 23.62109375 0.0 12.55078125 0.0 0.0 27.2578125 0.0 12.7265625 0.0 0.0 26.875 0.0 12.69140625 0.0 0.0 24.578125 0.0 5.7673492431640625
44.149 0.0078125 0.0 -0.046875 0.0 0.0 -0.0 -0.0 0.0 12.69140625 0.0 0.0 22.85546875 0.0 12.55078125 0.0 0.0 27.44921875 0.0 12.7265625 0.0 0.0 26.68359375 0.0 12.69140625 0.0 0.0 25.15234375 0.0 5.7673492431640625
44.319 0.0078125 0.0 -0.046875 0.0 0.0 -0.0 -0.0 0.0 12.69140625 0.0 0.0 24.00390625 0.0 12.55078125 0.0 0.0 27.640625 0.0 12.7265625 0.0 0.0 26.30078125 0.0 12.69140625 0.0 0.0 24.9609375 0.0 5.7673492431640625
44.49 0.0078125 0.0 -0.046875 0.0 0.0 -0.0 -0.0 0.0 12.69140625 0.0 0.0 24.00390625 0.0 12.55078125 0.0 0.0 27.2578125 0.0 12.76171875 0.0 0.0 27.06640625 0.0 12.69140625 0.0 0.0 24.578125 0.0 5.7771148681640625
44.658 0.0078125 0.0 -0.046875 0.0 0.0 -0.0 -0.0 0.0 12.65625 0.0 0.0 24.38671875 0.0 12.55078125 0.0 0.0 28.21484375 0.0 12.7265625 0.0 0.0 26.875 0.0 12.69140625 0.0 0.0 24.578125 0.0 5.7673492431640625
44.832 0.0078125 0.0 -0.046875 0.0 0.0 -0.0 -0.0 0.0 12.69140625 0.0 0.0 24.38671875 0.0 12.55078125 0.0 0.0 27.640625 0.0 12.76171875 0.0 0.0 26.875 0.0 12.69140625 0.0 0.0 24.578125 0.0 5.7673492431640625
44.999 0.0078125 0.0 -0.046875 0.0 0.0 -0.0 -0.0 0.0 12.69140625 0.0 0.0 24.38671875 0.0 12.5859375 0.0 0.0 27.2578125 0.0 12.7265625 0.0 0.0 27.06640625 0.0 12.69140625 0.0 0.0 24.578125 0.0 5.7771148681640625
45.169 0.0078125 0.0 -0.046875 0.0 0.0 -0.0 -0.0 0.0 12.69140625 0.0 0.0 23.62109375 0.0 12.55078125 0.0 0.0 27.44921875 0.0 12.7265625 0.0 0.0 26.875 0.0 12.69140625 0.0 0.0 24.578125 0.0 5.7771148681640625
45.352 0.0078125 0.0 -0.046875 0.0 0.0 -0.0 -0.0 0.0 12.69140625 0.0 0.0 24.38671875 0.0 12.55078125 0.0 0.0 27.640625 0.0 12.7265625 0.0 0.0 26.4921875 0.0 12.69140625 0.0 0.0 24.578125 0.0 5.7673492431640625
45.53 0.0078125 0.0 -0.046875 0.0 0.0 -0.0 -0.0 0.0 12.69140625 0.0 0.0 24.38671875 0.0 12.55078125 0.0 0.0 27.2578125 0.0 12.7265625 0.0 0.0 26.875 0.0 12.69140625 0.0 0.0 24.9609375 0.0 5.7771148681640625
45.715 0.0078125 0.0 -0.046875 0.0 0.0 -0.0 -0.0 0.0 12.69140625 0.0 0.0 24.578125 0.0 12.5859375 0.0 0.0 27.44921875 0.0 12.76171875 0.0 0.0 26.875 0.0 12.69140625 0.0 0.0 24.9609375 0.0 5.7771148681640625
45.889 0.0078125 0.0 -0.046875 0.0 0.0 -0.0 -0.0 0.0 12.69140625 0.0 0.0 24.1953125 0.0 12.5859375 0.0 0.0 27.83203125 0.0 12.76171875 0.0 0.0 26.68359375 0.0 12.69140625 0.0 0.0 24.76953125 0.0 5.7673492431640625
46.059 0.0078125 0.0 -0.046875 0.0 0.0 -0.0 -0.0 0.0 12.69140625 0.0 0.0 23.62109375 0.0 12.5859375 0.0 0.0 27.44921875 0.0 12.76171875 0.0 0.0 27.2578125 0.0 12.7265625 0.0 0.0 24.00390625 0.0 5.7673492431640625
46.222 0.0078125 0.0 -0.046875 0.0 0.0 -0.0 -0.0 0.0 12.69140625 0.0 0.0 24.1953125 0.0 12.5859375 0.0 0.0 27.2578125 0.0 12.76171875 0.0 0.0 26.68359375 0.0 12.69140625 0.0 0.0 24.9609375 0.0 5.7673492431640625
46.399 0.0078125 0.0 -0.046875 0.0 0.0 -0.0 -0.0 0.0 12.69140625 0.0 0.0 24.9609375 0.0 12.5859375 0.0 0.0 28.21484375 0.0 12.76171875 0.0 0.0 27.06640625 0.0 12.69140625 0.0 0.0 24.76953125 0.0 5.7673492431640625
46.572 0.0078125 0.0 -0.046875 0.0 0.0 -0.0 -0.0 0.0 12.69140625 0.0 0.0 23.4296875 0.0 12.5859375 0.0 0.0 27.640625 0.0 12.76171875 0.0 0.0 27.44921875 0.0 12.69140625 0.0 0.0 24.38671875 0.0 5.7673492431640625
46.748 0.0078125 0.0 -0.046875 0.0 0.0 -0.0 -0.0 0.0 12.69140625 0.0 0.0 24.00390625 0.0 12.5859375 0.0 0.0 27.44921875 0.0 12.76171875 0.0 0.0 27.2578125 0.0 12.69140625 0.0 0.0 24.578125 0.0 5.7673492431640625
46.911 0.0078125 0.0 -0.046875 0.0 0.0 -0.0 -0.0 0.0 12.69140625 0.0 0.0 24.578125 0.0 12.5859375 0.0 0.0 27.44921875 0.0 12.76171875 0.0 0.0 26.68359375 0.0 12.7265625 0.0 0.0 24.76953125 0.0 5.7673492431640625
47.079 0.0078125 0.0 -0.046875 0.0 0.0 -0.0 -0.0 0.0 12.69140625 0.0 0.0 24.578125 0.0 12.5859375 0.0 0.0 27.640625 0.0 12.76171875 0.0 0.0 27.06640625 0.0 12.7265625 0.0 0.0 24.1953125 0.0 5.7673492431640625
47.259 0.0078125 0.0 -0.046875 0.0 0.0 -0.0 -0.0 0.0 12.69140625 0.0 0.0 24.1953125 0.0 12.5859375 0.0 0.0 26.68359375 0.0 12.76171875 0.0 0.0 26.875 0.0 12.69140625 0.0 0.0 25.15234375 0.0 5.7673492431640625
47.439 0.0078125 0.0 -0.046875 0.0 0.0 -0.0 -0.0 0.0 12.69140625 0.0 0.0 24.38671875 0.0 12.5859375 0.0 0.0 27.44921875 0.0 12.76171875 0.0 0.0 26.875 0.0 12.69140625 0.0 0.0 24.76953125 0.0 5.7673492431640625
47.608 0.0078125 0.0 -0.046875 0.0 0.0 -0.0 -0.0 0.0 12.69140625 0.0 0.0 23.046875 0.0 12.5859375 0.0 0.0 27.44921875 0.0 12.76171875 0.0 0.0 27.2578125 0.0 12.7265625 0.0 0.0 24.578125 0.0 5.7771148681640625
47.778 0.0078125 0.0 -0.046875 0.0 0.0 -0.0 -0.0 0.0 12.69140625 0.0 0.0 25.34375 0.0 12.5859375 0.0 0.0 27.640625 0.0 12.76171875 0.0 0.0 26.875 0.0 12.7265625 0.0 0.0 24.9609375 0.0 5.7673492431640625
47.951 0.0078125 0.0 -0.046875 0.0 0.0 -0.0 -0.0 0.0 12.69140625 0.0 0.0 23.8125 0.0 12.5859375 0.0 0.0 27.640625 0.0 12.76171875 0.0 0.0 26.875 0.0 12.7265625 0.0 0.0 24.578125 0.0 5.7673492431640625
48.119 0.0078125 0.0 -0.046875 0.0 0.0 -0.0 -0.0 0.0 12.7265625 0.0 0.0 24.76953125 0.0 12.5859375 0.0 0.0 28.0234375 0.0 12.76171875 0.0 0.0 27.640625 0.0 12.7265625 0.0 0.0 24.76953125 0.0 5.7673492431640625
48.292 0.0078125 0.0 -0.046875 0.0 0.0 -0.0 -0.0 0.0 12.69140625 0.0 0.0 24.00390625 0.0 12.5859375 0.0 0.0 27.640625 0.0 12.76171875 0.0 0.0 27.2578125 0.0 12.7265625 0.0 0.0 24.9609375 0.0 5.7673492431640625
48.458 0.0078125 0.0 -0.046875 0.0 0.0 -0.0 -0.0 0.0 12.69140625 0.0 0.0 24.38671875 0.0 12.5859375 0.0 0.0 26.875 0.0 12.76171875 0.0 0.0 26.68359375 0.0 12.7265625 0.0 0.0 24.76953125 0.0 5.7673492431640625
48.631 0.0078125 0.0 -0.046875 0.0 0.0 -0.0 -0.0 0.0 12.69140625 0.0 0.0 23.8125 0.0 12.5859375 0.0 0.0 27.640625 0.0 12.76171875 0.0 0.0 26.875 0.0 12.7265625 0.0 0.0 25.15234375 0.0 5.7673492431640625
48.819 0.0078125 0.0 -0.046875 0.0 0.0 -0.0 -0.0 0.0 12.69140625 0.0 0.0 23.8125 0.0 12.5859375 0.0 0.0 27.640625 0.0 12.796875 0.0 0.0 26.68359375 0.0 12.69140625 0.0 0.0 24.38671875 0.0 5.7771148681640625
48.99 0.0078125 0.0 -0.046875 0.0 0.0 -0.0 -0.0 0.0 12.69140625 0.0 0.0 24.1953125 0.0 12.5859375 0.0 0.0 27.44921875 0.0 12.76171875 0.0 0.0 26.68359375 0.0 12.7265625 0.0 0.0 24.578125 0.0 5.757568359375
49.168 0.0078125 0.0 -0.046875 0.0 0.0 -0.0 -0.0 0.0 12.69140625 0.0 0.0 24.38671875 0.0 12.5859375 0.0 0.0 27.44921875 0.0 12.76171875 0.0 0.0 27.06640625 0.0 12.7265625 0.0 0.0 24.578125 0.0 5.7673492431640625
49.358 0.0078125 0.0 -0.046875 0.0 0.0 -0.0 -0.0 0.0 12.7265625 0.0 0.0 24.00390625 0.0 12.5859375 0.0 0.0 27.44921875 0.0 12.76171875 0.0 0.0 26.875 0.0 12.7265625 0.0 0.0 24.9609375 0.0 5.7771148681640625
49.531 0.0078125 0.0 -0.046875 0.0 0.0 -0.0 -0.0 0.0 12.69140625 0.0 0.0 23.62109375 0.0 12.5859375 0.0 0.0 28.0234375 0.0 12.76171875 0.0 0.0 26.875 0.0 12.7265625 0.0 0.0 24.38671875 0.0 5.757568359375
49.708 0.0078125 0.0 -0.046875 0.0 0.0 -0.0 -0.0 0.0 12.7265625 0.0 0.0 24.76953125 0.0 12.5859375 0.0 0.0 27.44921875 0.0 12.76171875 0.0 0.0 26.68359375 0.0 12.7265625 0.0 0.0 24.1953125 0.0 5.7771148681640625
49.878 0.0078125 0.0 -0.046875 0.0 0.0 -0.0 -0.0 0.0 12.7265625 0.0 0.0 24.00390625 0.0 12.5859375 0.0 0.0 27.83203125 0.0 12.76171875 0.0 0.0 26.875 0.0 12.7265625 0.0 0.0 24.1953125 0.0 5.7673492431640625
50.039 0.0078125 0.0 -0.046875 0.0 0.0 -0.0 -0.0 0.0 12.69140625 0.0 0.0 24.1953125 0.0 12.62109375 0.0 0.0 27.83203125 0.0 12.76171875 0.0 0.0 26.875 0.0 12.7265625 0.0 0.0 24.76953125 0.0 5.7673492431640625
50.216 0.0078125 0.0 -0.046875 0.0 0.0 -0.0 -0.0 0.0 12.7265625 0.0 0.0 24.1953125 0.0 12.5859375 0.0 0.0 27.83203125 0.0 12.76171875 0.0 0.0 26.68359375 0.0 12.7265625 0.0 0.0 24.76953125 0.0 5.7673492431640625
50.399 0.0078125 0.0 -0.046875 0.0 0.0 -0.0 -0.0 0.0 12.7265625 0.0 0.0 24.38671875 0.0 12.62109375 0.0 0.0 26.30078125 0.0 12.796875 0.0 0.0 27.06640625 0.0 12.7265625 0.0 0.0 25.15234375 0.0 5.7673492431640625
50.569 0.0078125 0.0 -0.046875 0.0 0.0 -0.0 -0.0 0.0 12.7265625 0.0 0.0 24.1953125 0.0 12.5859375 0.0 0.0 27.2578125 0.0 12.796875 0.0 0.0 26.875 0.0 12.7265625 0.0 0.0 24.76953125 0.0 5.757568359375
50.737 0.0078125 0.0 -0.046875 0.0 0.0 -0.0 -0.0 0.0 12.7265625 0.0 0.0 23.62109375 0.0 12.5859375 0.0 0.0 27.06640625 0.0 12.76171875 0.0 0.0 26.875 0.0 12.7265625 0.0 0.0 24.9609375 0.0 5.7771148681640625
50.908 0.0078125 0.0 -0.046875 0.0 0.0 -0.0 -0.0 0.0 12.7265625 0.0 0.0 24.1953125 0.0 12.5859375 0.0 0.0 27.2578125 0.0 12.796875 0.0 0.0 26.875 0.0 12.7265625 0.0 0.0 24.578125 0.0 5.7673492431640625
51.094 0.0078125 0.0 -0.046875 0.0 0.0 -0.0 -0.0 0.0 12.7265625 0.0 0.0 24.1953125 0.0 12.5859375 0.0 0.0 27.83203125 0.0 12.76171875 0.0 0.0 26.875 0.0 12.7265625 0.0 0.0 24.1953125 0.0 5.7673492431640625
51.275 0.0078125 0.0 -0.046875 0.0 0.0 -0.0 -0.0 0.0 12.69140625 0.0 0.0 24.1953125 0.0 12.5859375 0.0 0.0 27.44921875 0.0 12.76171875 0.0 0.0 26.68359375 0.0 12.7265625 0.0 0.0 24.76953125 0.0 5.7673492431640625
51.447 0.0078125 0.0 -0.046875 0.0 0.0 -0.0 -0.0 0.0 12.7265625 0.0 0.0 24.00390625 0.0 12.62109375 0.0 0.0 27.06640625 0.0 12.76171875 0.0 0.0 26.68359375 0.0 12.7265625 0.0 0.0 25.15234375 0.0 5.757568359375
51.627 0.0078125 0.0 -0.046875 0.0 0.0 -0.0 -0.0 0.0 12.69140625 0.0 0.0 23.62109375 0.0 12.62109375 0.0 0.0 27.83203125 0.0 12.76171875 0.0 0.0 26.875 0.0 12.7265625 0.0 0.0 24.76953125 0.0 5.7673492431640625
51.809 0.0078125 0.0 -0.046875 0.0 0.0 -0.0 -0.0 0.0 12.7265625 0.0 0.0 24.76953125 0.0 12.5859375 0.0 0.0 27.2578125 0.0 12.76171875 0.0 0.0 27.2578125 0.0 12.7265625 0.0 0.0 25.53515625 0.0 5.757568359375
51.977 0.0078125 0.0 -0.046875 0.0 0.0 -0.0 -0.0 0.0 12.69140625 0.0 0.0 24.38671875 0.0 12.62109375 0.0 0.0 27.640625 0.0 12.796875 0.0 0.0 27.06640625 0.0 12.7265625 0.0 0.0 25.15234375 0.0 5.7673492431640625
52.149 0.0078125 0.0 -0.046875 0.0 0.0 -0.0 -0.0 0.0 12.7265625 0.0 0.0 24.1953125 0.0 12.5859375 0.0 0.0 27.2578125 0.0 12.76171875 0.0 0.0 26.875 0.0 12.7265625 0.0 0.0 24.1953125 0.0 5.7673492431640625
52.317 0.0078125 0.0 -0.046875 0.0 0.0 -0.0 -0.0 0.0 12.7265625 0.0 0.0 24.1953125 0.0 12.62109375 0.0 0.0 27.83203125 0.0 12.796875 0.0 0.0 27.06640625 0.0 12.7265625 0.0 0.0 24.38671875 0.0 5.7673492431640625
52.493 0.0078125 0.0 -0.046875 0.0 0.0 -0.0 -0.0 0.0 12.7265625 0.0 0.0 24.38671875 0.0 12.62109375 0.0 0.0 27.44921875 0.0 12.76171875 0.0 0.0 27.2578125 0.0 12.7265625 0.0 0.0 24.9609375 0.0 5.7673492431640625
52.66 0.0078125 0.0 -0.046875 0.0 0.0 -0.0 -0.0 0.0 12.7265625 0.0 0.0 25.15234375 0.0 12.62109375 0.0 0.0 27.640625 0.0 12.796875 0.0 0.0 27.06640625 0.0 12.7265625 0.0 0.0 24.76953125 0.0 5.7673492431640625
52.829 0.0078125 0.0 -0.046875 0.0 0.0 -0.0 -0.0 0.0 12.7265625 0.0 0.0 24.38671875 0.0 12.5859375 0.0 0.0 27.44921875 0.0 12.76171875 0.0 0.0 27.06640625 0.0 12.7265625 0.0 0.0 24.38671875 0.0 5.7673492431640625
52.997 0.0078125 0.0 -0.046875 0.0 0.0 -0.0 -0.0 0.0 12.7265625 0.0 0.0 24.00390625 0.0 12.5859375 0.0 0.0 27.640625 0.0 12.796875 0.0 0.0 27.2578125 0.0 12.7265625 0.0 0.0 24.38671875 0.0 5.7673492431640625
53.169 0.0078125 0.0 -0.046875 0.0 0.0 -0.0 -0.0 0.0 12.7265625 0.0 0.0 24.38671875 0.0 12.5859375 0.0 0.0 27.44921875 0.0 12.796875 0.0 0.0 26.875 0.0 12.76171875 0.0 0.0 24.76953125 0.0 5.757568359375
53.351 0.0078125 0.0 -0.046875 0.0 0.0 -0.0 -0.0 0.0 12.7265625 0.0 0.0 23.8125 0.0 12.5859375 0.0 0.0 28.21484375 0.0 12.796875 0.0 0.0 27.640625 0.0 12.7265625 0.0 0.0 24.76953125 0.0 5.7771148681640625
53.541 0.0078125 0.0 -0.046875 0.0 0.0 -0.0 -0.0 0.0 12.7265625 0.0 0.0 24.38671875 0.0 12.5859375 0.0 0.0 27.2578125 0.0 12.796875 0.0 0.0 26.875 0.0 12.7265625 0.0 0.0 24.578125 0.0 5.7771148681640625
53.717 0.0078125 0.0 -0.046875 0.0 0.0 -0.0 -0.0 0.0 12.7265625 0.0 0.0 24.578125 0.0 12.5859375 0.0 0.0 28.21484375 0.0 12.76171875 0.0 0.0 26.875 0.0 12.7265625 0.0 0.0 24.1953125 0.0 5.7673492431640625
53.891 0.0078125 0.0 -0.046875 0.0 0.0 -0.0 -0.0 0.0 12.7265625 0.0 0.0 23.62109375 0.0 12.62109375 0.0 0.0 27.06640625 0.0 12.796875 0.0 0.0 26.875 0.0 12.7265625 0.0 0.0 24.9609375 0.0 5.7771148681640625
54.057 0.0078125 0.0 -0.046875 0.0 0.0 -0.0 -0.0 0.0 12.7265625 0.0 0.0 23.62109375 0.0 12.5859375 0.0 0.0 27.83203125 0.0 12.796875 0.0 0.0 27.06640625 0.0 12.7265625 0.0 0.0 24.578125 0.0 5.7771148681640625
54.229 0.0078125 0.0 -0.046875 0.0 0.0 -0.0 -0.0 0.0 12.69140625 0.0 0.0 24.1953125 0.0 12.62109375 0.0 0.0 27.83203125 0.0 12.796875 0.0 0.0 27.44921875 0.0 12.76171875 0.0 0.0 24.76953125 0.0 5.7673492431640625
54.399 0.0078125 0.0 -0.046875 0.0 0.0 -0.0 -0.0 0.0 12.7265625 0.0 0.0 24.38671875 0.0 12.62109375 0.0 0.0 27.640625 0.0 12.796875 0.0 0.0 27.06640625 0.0 12.76171875 0.0 0.0 24.9609375 0.0 5.7673492431640625
54.572 0.0078125 0.0 -0.046875 0.0 0.0 -0.0 -0.0 0.0 12.7265625 0.0 0.0 24.578125 0.0 12.62109375 0.0 0.0 26.875 0.0 12.796875 0.0 0.0 27.06640625 0.0 12.7265625 0.0 0.0 24.9609375 0.0 5.7673492431640625
54.926 0.0078125 0.0 -0.046875 0.0 0.0 -0.0 -0.0 0.0 12.7265625 0.0 0.0 24.76953125 0.0 12.62109375 0.0 0.0 27.44921875 0.0 12.76171875 0.0 0.0 27.2578125 0.0 12.7265625 0.0 0.0 25.34375 0.0 5.7673492431640625
55.1 0.0078125 0.0 -0.046875 0.0 0.0 -0.0 -0.0 0.0 12.7265625 0.0 0.0 24.578125 0.0 12.62109375 0.0 0.0 27.83203125 0.0 12.796875 0.0 0.0 26.875 0.0 12.7265625 0.0 0.0 25.34375 0.0 5.7673492431640625
55.277 0.0078125 0.0 -0.046875 0.0 0.0 -0.0 -0.0 0.0 12.7265625 0.0 0.0 24.578125 0.0 12.62109375 0.0 0.0 27.44921875 0.0 12.796875 0.0 0.0 26.875 0.0 12.7265625 0.0 0.0 24.9609375 0.0 5.7771148681640625
55.449 0.0078125 0.0 -0.046875 0.0 0.0 -0.0 -0.0 0.0 12.7265625 0.0 0.0 24.578125 0.0 12.62109375 0.0 0.0 27.640625 0.0 12.796875 0.0 0.0 27.44921875 0.0 12.76171875 0.0 0.0 24.9609375 0.0 5.7771148681640625
55.629 0.0078125 0.0 -0.046875 0.0 0.0 -0.0 -0.0 0.0 12.7265625 0.0 0.0 23.62109375 0.0 12.62109375 0.0 0.0 27.2578125 0.0 12.796875 0.0 0.0 26.875 0.0 12.76171875 0.0 0.0 25.15234375 0.0 5.7673492431640625
55.799 0.0078125 0.0 -0.046875 0.0 0.0 -0.0 -0.0 0.0 12.7265625 0.0 0.0 24.1953125 0.0 12.62109375 0.0 0.0 27.44921875 0.0 12.796875 0.0 0.0 27.2578125 0.0 12.7265625 0.0 0.0 24.9609375 0.0 5.7673492431640625
55.969 0.0078125 0.0 -0.046875 0.0 0.0 -0.0 -0.0 0.0 12.7265625 0.0 0.0 24.578125 0.0 12.62109375 0.0 0.0 27.83203125 0.0 12.796875 0.0 0.0 26.875 0.0 12.76171875 0.0 0.0 24.578125 0.0 5.7673492431640625
56.139 0.0078125 0.0 -0.046875 0.0 0.0 -0.0 -0.0 0.0 12.7265625 0.0 0.0 24.76953125 0.0 12.5859375 0.0 0.0 28.0234375 0.0 12.796875 0.0 0.0 26.875 0.0 12.7265625 0.0 0.0 24.9609375 0.0 5.7673492431640625
56.309 0.0078125 0.0 -0.046875 0.0 0.0 -0.0 -0.0 0.0 12.7265625 0.0 0.0 24.00390625 0.0 12.62109375 0.0 0.0 27.83203125 0.0 12.796875 0.0 0.0 27.06640625 0.0 12.76171875 0.0 0.0 24.38671875 0.0 5.7771148681640625
56.49 0.0078125 0.0 -0.046875 0.0 0.0 -0.0 -0.0 0.0 12.7265625 0.0 0.0 24.1953125 0.0 12.62109375 0.0 0.0 26.875 0.0 12.796875 0.0 0.0 26.68359375 0.0 12.76171875 0.0 0.0 25.34375 0.0 5.7673492431640625
56.656 0.0078125 0.0 -0.046875 0.0 0.0 -0.0 -0.0 0.0 12.7265625 0.0 0.0 23.8125 0.0 12.62109375 0.0 0.0 28.7890625 0.0 12.796875 0.0 0.0 27.06640625 0.0 12.76171875 0.0 0.0 25.15234375 0.0 5.7673492431640625
56.84 0.0078125 0.0 -0.046875 0.0 0.0 -0.0 -0.0 0.0 12.7265625 0.0 0.0 24.00390625 0.0 12.62109375 0.0 0.0 27.44921875 0.0 12.796875 0.0 0.0 27.2578125 0.0 12.7265625 0.0 0.0 24.1953125 0.0 5.7771148681640625
57.012 0.0078125 0.0 -0.046875 0.0 0.0 -0.0 -0.0 0.0 12.7265625 0.0 0.0 24.578125 0.0 12.62109375 0.0 0.0 27.44921875 0.0 12.796875 0.0 0.0 27.44921875 0.0 12.76171875 0.0 0.0 24.578125 0.0 5.7673492431640625
57.192 0.0078125 0.0 -0.046875 0.0 0.0 -0.0 -0.0 0.0 12.7265625 0.0 0.0 24.578125 0.0 12.62109375 0.0 0.0 27.640625 0.0 12.796875 0.0 0.0 26.68359375 0.0 12.7265625 0.0 0.0 24.578125 0.0 5.7673492431640625
57.372 0.0078125 0.0 -0.046875 0.0 0.0 -0.0 -0.0 0.0 12.7265625 0.0 0.0 24.76953125 0.0 12.62109375 0.0 0.0 27.83203125 0.0 12.796875 0.0 0.0 27.2578125 0.0 12.7265625 0.0 0.0 24.9609375 0.0 5.7771148681640625
57.553 0.0078125 0.0 -0.046875 0.0 0.0 -0.0 -0.0 0.0 12.7265625 0.0 0.0 24.578125 0.0 12.62109375 0.0 0.0 26.68359375 0.0 12.796875 0.0 0.0 27.2578125 0.0 12.76171875 0.0 0.0 24.76953125 0.0 5.7771148681640625
57.73 0.0078125 0.0 -0.046875 0.0 0.0 -0.0 -0.0 0.0 12.7265625 0.0 0.0 24.578125 0.0 12.62109375 0.0 0.0 27.640625 0.0 12.796875 0.0 0.0 26.875 0.0 12.7265625 0.0 0.0 25.15234375 0.0 5.7673492431640625
57.893 0.0078125 0.0 -0.046875 0.0 0.0 -0.0 -0.0 0.0 12.7265625 0.0 0.0 25.15234375 0.0 12.62109375 0.0 0.0 27.2578125 0.0 12.796875 0.0 0.0 26.875 0.0 12.76171875 0.0 0.0 24.38671875 0.0 5.7673492431640625
58.079 0.0078125 0.0 -0.046875 0.0 0.0 -0.0 -0.0 0.0 12.7265625 0.0 0.0 24.1953125 0.0 12.62109375 0.0 0.0 26.875 0.0 12.796875 0.0 0.0 27.2578125 0.0 12.76171875 0.0 0.0 24.578125 0.0 5.7673492431640625
58.249 0.0078125 0.0 -0.046875 0.0 0.0 -0.0 -0.0 0.0 12.7265625 0.0 0.0 24.76953125 0.0 12.62109375 0.0 0.0 27.44921875 0.0 12.796875 0.0 0.0 26.875 0.0 12.76171875 0.0 0.0 24.38671875 0.0 5.7673492431640625
58.417 0.0078125 0.0 -0.046875 0.0 0.0 -0.0 -0.0 0.0 12.7265625 0.0 0.0 24.578125 0.0 12.5859375 0.0 0.0 27.83203125 0.0 12.796875 0.0 0.0 26.875 0.0 12.76171875 0.0 0.0 24.1953125 0.0 5.7673492431640625
58.591 0.0078125 0.0 -0.046875 0.0 0.0 -0.0 -0.0 0.0 12.7265625 0.0 0.0 24.00390625 0.0 12.62109375 0.0 0.0 27.06640625 0.0 12.796875 0.0 0.0 26.875 0.0 12.76171875 0.0 0.0 24.578125 0.0 5.7673492431640625
58.769 0.0078125 0.0 -0.046875 0.0 0.0 -0.0 -0.0 0.0 12.7265625 0.0 0.0 24.38671875 0.0 12.62109375 0.0 0.0 27.2578125 0.0 12.796875 0.0 0.0 26.875 0.0 12.76171875 0.0 0.0 24.1953125 0.0 5.7673492431640625
58.94 0.0078125 0.0 -0.046875 0.0 0.0 -0.0 -0.0 0.0 12.7265625 0.0 0.0 23.4296875 0.0 12.62109375 0.0 0.0 27.83203125 0.0 12.796875 0.0 0.0 27.06640625 0.0 12.76171875 0.0 0.0 24.578125 0.0 5.7673492431640625
59.111 0.0078125 0.0 -0.046875 0.0 0.0 -0.0 -0.0 0.0 12.7265625 0.0 0.0 24.38671875 0.0 12.62109375 0.0 0.0 27.2578125 0.0 12.796875 0.0 0.0 27.44921875 0.0 12.76171875 0.0 0.0 24.1953125 0.0 5.7673492431640625
59.29 0.0078125 0.0 -0.046875 0.0 0.0 -0.0 -0.0 0.0 12.7265625 0.0 0.0 24.38671875 0.0 12.62109375 0.0 0.0 27.2578125 0.0 12.796875 0.0 0.0 26.875 0.0 12.76171875 0.0 0.0 24.76953125 0.0 5.7673492431640625
59.457 0.0078125 0.0 -0.046875 0.0 0.0 -0.0 -0.0 0.0 12.7265625 0.0 0.0 23.62109375 0.0 12.62109375 0.0 0.0 27.44921875 0.0 12.796875 0.0 0.0 26.875 0.0 12.76171875 0.0 0.0 24.9609375 0.0 5.7771148681640625
59.619 0.0078125 0.0 -0.046875 0.0 0.0 -0.0 -0.0 0.0 12.7265625 0.0 0.0 24.578125 0.0 12.62109375 0.0 0.0 27.83203125 0.0 12.796875 0.0 0.0 27.640625 0.0 12.76171875 0.0 0.0 24.76953125 0.0 5.7771148681640625
59.792 0.0078125 0.0 -0.046875 0.0 0.0 -0.0 -0.0 0.0 12.7265625 0.0 0.0 23.046875 0.0 12.62109375 0.0 0.0 28.21484375 0.0 12.796875 0.0 0.0 26.875 0.0 12.7265625 0.0 0.0 24.9609375 0.0 5.7673492431640625
59.969 0.0078125 0.0 -0.046875 0.0 0.0 -0.0 -0.0 0.0 12.7265625 0.0 0.0 23.8125 0.0 12.62109375 0.0 0.0 27.44921875 0.0 12.796875 0.0 0.0 27.06640625 0.0 12.76171875 0.0 0.0 24.38671875 0.0 5.7673492431640625
60.149 0.0078125 0.0 -0.046875 0.0 0.0 -0.0 -0.0 0.0 12.7265625 0.0 0.0 25.91796875 0.0 12.5859375 0.0 0.0 28.21484375 0.0 12.796875 0.0 0.0 27.2578125 0.0 12.76171875 0.0 0.0 25.15234375 0.0 5.7673492431640625
60.318 0.0078125 0.0 -0.046875 0.0 0.0 -0.0 -0.0 0.0 12.7265625 0.0 0.0 24.1953125 0.0 12.62109375 0.0 0.0 27.2578125 0.0 12.796875 0.0 0.0 26.68359375 0.0 12.76171875 0.0 0.0 24.38671875 0.0 5.7673492431640625
60.49 0.0078125 0.0 -0.046875 0.0 0.0 -0.0 -0.0 0.0 12.7265625 0.0 0.0 24.38671875 0.0 12.62109375 0.0 0.0 27.640625 0.0 12.796875 0.0 0.0 26.875 0.0 12.76171875 0.0 0.0 24.9609375 0.0 5.7673492431640625
60.671 0.0078125 0.0 -0.046875 0.0 0.0 -0.0 -0.0 0.0 12.7265625 0.0 0.0 24.76953125 0.0 12.62109375 0.0 0.0 27.2578125 0.0 12.796875 0.0 0.0 27.2578125 0.0 12.76171875 0.0 0.0 24.1953125 0.0 5.7673492431640625
60.851 0.0078125 0.0 -0.046875 0.0 0.0 -0.0 -0.0 0.0 12.76171875 0.0 0.0 24.1953125 0.0 12.62109375 0.0 0.0 26.875 0.0 12.796875 0.0 0.0 27.06640625 0.0 12.76171875 0.0 0.0 24.1953125 0.0 5.7673492431640625
61.049 0.0078125 0.0 -0.046875 0.0 0.0 -0.0 -0.0 0.0 12.7265625 0.0 0.0 24.9609375 0.0 12.62109375 0.0 0.0 27.83203125 0.0 12.796875 0.0 0.0 26.875 0.0 12.76171875 0.0 0.0 24.38671875 0.0 5.7771148681640625
61.229 0.0078125 0.0 -0.046875 0.0 0.0 -0.0 -0.0 0.0 12.7265625 0.0 0.0 24.38671875 0.0 12.62109375 0.0 0.0 27.2578125 0.0 12.796875 0.0 0.0 27.06640625 0.0 12.76171875 0.0 0.0 24.1953125 0.0 5.7673492431640625
61.399 0.0078125 0.0 -0.046875 0.0 0.0 -0.0 -0.0 0.0 12.7265625 0.0 0.0 25.34375 0.0 12.62109375 0.0 0.0 27.83203125 0.0 12.796875 0.0 0.0 27.2578125 0.0 12.76171875 0.0 0.0 25.15234375 0.0 5.7771148681640625
61.572 0.0078125 0.0 -0.046875 0.0 0.0 -0.0 -0.0 0.0 12.7265625 0.0 0.0 24.1953125 0.0 12.62109375 0.0 0.0 28.0234375 0.0 12.796875 0.0 0.0 27.06640625 0.0 12.76171875 0.0 0.0 24.9609375 0.0 5.7673492431640625
61.738 0.0078125 0.0 -0.046875 0.0 0.0 -0.0 -0.0 0.0 12.7265625 0.0 0.0 24.578125 0.0 12.62109375 0.0 0.0 27.640625 0.0 12.83203125 0.0 0.0 27.06640625 0.0 12.76171875 0.0 0.0 24.76953125 0.0 5.7771148681640625
61.911 0.0078125 0.0 -0.046875 0.0 0.0 -0.0 -0.0 0.0 12.7265625 0.0 0.0 24.1953125 0.0 12.62109375 0.0 0.0 27.44921875 0.0 12.796875 0.0 0.0 27.83203125 0.0 12.76171875 0.0 0.0 24.9609375 0.0 5.7673492431640625
62.079 0.0078125 0.0 -0.046875 0.0 0.0 -0.0 -0.0 0.0 12.7265625 0.0 0.0 24.1953125 0.0 12.62109375 0.0 0.0 27.44921875 0.0 12.796875 0.0 0.0 26.875 0.0 12.76171875 0.0 0.0 24.1953125 0.0 5.7673492431640625
62.249 0.0078125 0.0 -0.046875 0.0 0.0 -0.0 -0.0 0.0 12.7265625 0.0 0.0 25.15234375 0.0 12.62109375 0.0 0.0 27.44921875 0.0 12.796875 0.0 0.0 27.2578125 0.0 12.76171875 0.0 0.0 24.9609375 0.0 5.7673492431640625
62.421 0.0078125 0.0 -0.046875 0.0 0.0 -0.0 -0.0 0.0 12.7265625 0.0 0.0 24.00390625 0.0 12.62109375 0.0 0.0 27.2578125 0.0 12.796875 0.0 0.0 27.640625 0.0 12.76171875 0.0 0.0 24.578125 0.0 5.7673492431640625
62.612 0.0078125 0.0 -0.046875 0.0 0.0 -0.0 -0.0 0.0 12.76171875 0.0 0.0 24.578125 0.0 12.65625 0.0 0.0 28.0234375 0.0 12.796875 0.0 0.0 27.06640625 0.0 12.76171875 0.0 0.0 24.76953125 0.0 5.7771148681640625
62.792 0.0078125 0.0 -0.046875 0.0 0.0 -0.0 -0.0 0.0 12.7265625 0.0 0.0 24.76953125 0.0 12.62109375 0.0 0.0 27.83203125 0.0 12.83203125 0.0 0.0 27.640625 0.0 12.76171875 0.0 0.0 24.38671875 0.0 5.7673492431640625
62.973 0.0078125 0.0 -0.046875 0.0 0.0 -0.0 -0.0 0.0 12.7265625 0.0 0.0 24.38671875 0.0 12.62109375 0.0 0.0 28.98046875 0.0 12.83203125 0.0 0.0 27.83203125 0.0 12.76171875 0.0 0.0 24.9609375 0.0 5.7771148681640625
63.138 0.0078125 0.0 -0.046875 0.0 0.0 -0.0 -0.0 0.0 12.7265625 0.0 0.0 24.9609375 0.0 12.62109375 0.0 0.0 27.2578125 0.0 12.796875 0.0 0.0 27.06640625 0.0 12.76171875 0.0 0.0 25.15234375 0.0 5.7673492431640625
63.311 0.0078125 0.0 -0.046875 0.0 0.0 -0.0 -0.0 0.0 12.7265625 0.0 0.0 24.578125 0.0 12.62109375 0.0 0.0 27.44921875 0.0 12.796875 0.0 0.0 26.68359375 0.0 12.76171875 0.0 0.0 25.53515625 0.0 5.7673492431640625
63.49 0.0078125 0.0 -0.046875 0.0 0.0 -0.0 -0.0 0.0 12.76171875 0.0 0.0 24.578125 0.0 12.62109375 0.0 0.0 27.640625 0.0 12.796875 0.0 0.0 27.2578125 0.0 12.76171875 0.0 0.0 24.38671875 0.0 5.7771148681640625
63.652 0.0078125 0.0 -0.046875 0.0 0.0 -0.0 -0.0 0.0 12.76171875 0.0 0.0 24.38671875 0.0 12.62109375 0.0 0.0 27.44921875 0.0 12.796875 0.0 0.0 27.2578125 0.0 12.76171875 0.0 0.0 24.578125 0.0 5.7771148681640625
63.829 0.0078125 0.0 -0.046875 0.0 0.0 -0.0 -0.0 0.0 12.7265625 0.0 0.0 24.00390625 0.0 12.62109375 0.0 0.0 27.83203125 0.0 12.796875 0.0 0.0 27.44921875 0.0 12.76171875 0.0 0.0 24.578125 0.0 5.7673492431640625
64.01 0.0078125 0.0 -0.046875 0.0 0.0 -0.0 -0.0 0.0 12.7265625 0.0 0.0 24.578125 0.0 12.62109375 0.0 0.0 27.83203125 0.0 12.796875 0.0 0.0 27.2578125 0.0 12.76171875 0.0 0.0 24.578125 0.0 5.7771148681640625
64.177 0.0078125 0.0 -0.046875 0.0 0.0 -0.0 -0.0 0.0 12.7265625 0.0 0.0 24.578125 0.0 12.62109375 0.0 0.0 28.7890625 0.0 12.796875 0.0 0.0 26.875 0.0 12.76171875 0.0 0.0 24.38671875 0.0 5.7771148681640625
64.354 0.0078125 0.0 -0.046875 0.0 0.0 -0.0 -0.0 0.0 12.7265625 0.0 0.0 24.00390625 0.0 12.62109375 0.0 0.0 28.21484375 0.0 12.796875 0.0 0.0 26.875 0.0 12.76171875 0.0 0.0 23.8125 0.0 5.7673492431640625
64.534 0.0078125 0.0 -0.046875 0.0 0.0 -0.0 -0.0 0.0 12.7265625 0.0 0.0 24.76953125 0.0 12.62109375 0.0 0.0 27.44921875 0.0 12.796875 0.0 0.0 27.2578125 0.0 12.76171875 0.0 0.0 24.578125 0.0 5.7673492431640625
64.718 0.0078125 0.0 -0.046875 0.0 0.0 -0.0 -0.0 0.0 12.7265625 0.0 0.0 24.38671875 0.0 12.62109375 0.0 0.0 27.83203125 0.0 12.796875 0.0 0.0 27.06640625 0.0 12.76171875 0.0 0.0 25.34375 0.0 5.7673492431640625
64.896 0.0078125 0.0 -0.046875 0.0 0.0 -0.0 -0.0 0.0 12.7265625 0.0 0.0 23.8125 0.0 12.62109375 0.0 0.0 27.44921875 0.0 12.796875 0.0 0.0 27.06640625 0.0 12.76171875 0.0 0.0 24.578125 0.0 5.7673492431640625
65.073 0.0078125 0.0 -0.046875 0.0 0.0 -0.0 -0.0 0.0 12.76171875 0.0 0.0 24.578125 0.0 12.62109375 0.0 0.0 28.0234375 0.0 12.796875 0.0 0.0 27.06640625 0.0 12.76171875 0.0 0.0 24.38671875 0.0 5.7673492431640625
65.237 0.0078125 0.0 -0.046875 0.0 0.0 -0.0 -0.0 0.0 12.7265625 0.0 0.0 24.1953125 0.0 12.62109375 0.0 0.0 27.44921875 0.0 12.796875 0.0 0.0 26.68359375 0.0 12.76171875 0.0 0.0 24.76953125 0.0 5.7771148681640625
65.412 0.0078125 0.0 -0.046875 0.0 0.0 -0.0 -0.0 0.0 12.7265625 0.0 0.0 23.8125 0.0 12.62109375 0.0 0.0 27.640625 0.0 12.796875 0.0 0.0 27.44921875 0.0 12.76171875 0.0 0.0 24.578125 0.0 5.7771148681640625
65.579 0.0078125 0.0 -0.046875 0.0 0.0 -0.0 -0.0 0.0 12.76171875 0.0 0.0 24.578125 0.0 12.62109375 0.0 0.0 27.640625 0.0 12.796875 0.0 0.0 26.875 0.0 12.76171875 0.0 0.0 24.76953125 0.0 5.7771148681640625
65.75 0.0078125 0.0 -0.046875 0.0 0.0 -0.0 -0.0 0.0 12.7265625 0.0 0.0 24.38671875 0.0 12.62109375 0.0 0.0 28.0234375 0.0 12.796875 0.0 0.0 27.44921875 0.0 12.76171875 0.0 0.0 24.9609375 0.0 5.7673492431640625
65.918 0.0078125 0.0 -0.046875 0.0 0.0 -0.0 -0.0 0.0 12.7265625 0.0 0.0 25.15234375 0.0 12.62109375 0.0 0.0 27.2578125 0.0 12.796875 0.0 0.0 27.44921875 0.0 12.76171875 0.0 0.0 24.578125 0.0 5.7771148681640625
66.09 0.0078125 0.0 -0.046875 0.0 0.0 -0.0 -0.0 0.0 12.76171875 0.0 0.0 24.9609375 0.0 12.62109375 0.0 0.0 27.83203125 0.0 12.796875 0.0 0.0 27.44921875 0.0 12.76171875 0.0 0.0 24.578125 0.0 5.7771148681640625
66.257 0.0078125 0.0 -0.046875 0.0 0.0 -0.0 -0.0 0.0 12.7265625 0.0 0.0 24.38671875 0.0 12.65625 0.0 0.0 28.21484375 0.0 12.796875 0.0 0.0 27.44921875 0.0 12.76171875 0.0 0.0 24.38671875 0.0 5.7673492431640625
66.433 0.0078125 0.0 -0.046875 0.0 0.0 -0.0 -0.0 0.0 12.7265625 0.0 0.0 23.62109375 0.0 12.62109375 0.0 0.0 26.875 0.0 12.83203125 0.0 0.0 27.640625 0.0 12.76171875 0.0 0.0 23.8125 0.0 5.7673492431640625
66.599 0.0078125 0.0 -0.046875 0.0 0.0 -0.0 -0.0 0.0 12.7265625 0.0 0.0 24.578125 0.0 12.62109375 0.0 0.0 27.83203125 0.0 12.83203125 0.0 0.0 27.06640625 0.0 12.76171875 0.0 0.0 25.15234375 0.0 5.7673492431640625
66.778 0.0078125 0.0 -0.046875 0.0 0.0 -0.0 -0.0 0.0 12.7265625 0.0 0.0 25.34375 0.0 12.62109375 0.0 0.0 27.06640625 0.0 12.83203125 0.0 0.0 27.06640625 0.0 12.76171875 0.0 0.0 24.76953125 0.0 5.7673492431640625
66.951 0.0078125 0.0 -0.046875 0.0 0.0 -0.0 -0.0 0.0 12.76171875 0.0 0.0 24.9609375 0.0 12.62109375 0.0 0.0 27.44921875 0.0 12.796875 0.0 0.0 27.06640625 0.0 12.76171875 0.0 0.0 24.76953125 0.0 5.7673492431640625
67.136 0.0078125 0.0 -0.046875 0.0 0.0 -0.0 -0.0 0.0 12.7265625 0.0 0.0 23.62109375 0.0 12.62109375 0.0 0.0 28.40625 0.0 12.796875 0.0 0.0 27.06640625 0.0 12.76171875 0.0 0.0 25.15234375 0.0 5.7673492431640625
67.311 0.0078125 0.0 -0.046875 0.0 0.0 -0.0 -0.0 0.0 12.7265625 0.0 0.0 23.62109375 0.0 12.62109375 0.0 0.0 27.640625 0.0 12.796875 0.0 0.0 26.875 0.0 12.7265625 0.0 0.0 24.76953125 0.0 5.7673492431640625
67.489 0.0078125 0.0 -0.046875 0.0 0.0 -0.0 -0.0 0.0 12.7265625 0.0 0.0 24.578125 0.0 12.62109375 0.0 0.0 26.68359375 0.0 12.796875 0.0 0.0 26.875 0.0 12.76171875 0.0 0.0 24.9609375 0.0 5.7771148681640625
67.667 0.0078125 0.0 -0.046875 0.0 0.0 -0.0 -0.0 0.0 12.76171875 0.0 0.0 23.8125 0.0 12.62109375 0.0 0.0 28.40625 0.0 12.796875 0.0 0.0 27.2578125 0.0 12.7265625 0.0 0.0 24.76953125 0.0 5.7673492431640625
67.838 0.0078125 0.0 -0.046875 0.0 0.0 -0.0 -0.0 0.0 12.76171875 0.0 0.0 24.578125 0.0 12.62109375 0.0 0.0 27.06640625 0.0 12.796875 0.0 0.0 26.68359375 0.0 12.76171875 0.0 0.0 24.76953125 0.0 5.7673492431640625
68.008 0.0078125 0.0 -0.046875 0.0 0.0 -0.0 -0.0 0.0 12.7265625 0.0 0.0 24.578125 0.0 12.65625 0.0 0.0 27.2578125 0.0 12.796875 0.0 0.0 27.44921875 0.0 12.76171875 0.0 0.0 24.578125 0.0 5.7673492431640625
68.178 0.0078125 0.0 -0.046875 0.0 0.0 -0.0 -0.0 0.0 12.76171875 0.0 0.0 24.9609375 0.0 12.62109375 0.0 0.0 28.40625 0.0 12.796875 0.0 0.0 26.875 0.0 12.76171875 0.0 0.0 24.578125 0.0 5.7673492431640625
68.35 0.0078125 0.0 -0.046875 0.0 0.0 -0.0 -0.0 0.0 12.7265625 0.0 0.0 24.38671875 0.0 12.62109375 0.0 0.0 28.21484375 0.0 12.83203125 0.0 0.0 27.06640625 0.0 12.76171875 0.0 0.0 25.15234375 0.0 5.7673492431640625
68.533 0.0078125 0.0 -0.046875 0.0 0.0 -0.0 -0.0 0.0 12.76171875 0.0 0.0 24.00390625 0.0 12.62109375 0.0 0.0 28.21484375 0.0 12.796875 0.0 0.0 27.640625 0.0 12.76171875 0.0 0.0 25.15234375 0.0 5.7673492431640625
68.708 0.0078125 0.0 -0.046875 0.0 0.0 -0.0 -0.0 0.0 12.7265625 0.0 0.0 24.76953125 0.0 12.62109375 0.0 0.0 27.06640625 0.0 12.796875 0.0 0.0 27.06640625 0.0 12.76171875 0.0 0.0 25.15234375 0.0 5.7673492431640625
68.877 0.0078125 0.0 -0.046875 0.0 0.0 -0.0 -0.0 0.0 12.7265625 0.0 0.0 24.00390625 0.0 12.62109375 0.0 0.0 29.36328125 0.0 12.796875 0.0 0.0 27.2578125 0.0 12.76171875 0.0 0.0 24.76953125 0.0 5.757568359375
69.052 0.0078125 0.0 -0.046875 0.0 0.0 -0.0 -0.0 0.0 12.7265625 0.0 0.0 24.1953125 0.0 12.62109375 0.0 0.0 27.640625 0.0 12.796875 0.0 0.0 27.83203125 0.0 12.76171875 0.0 0.0 24.76953125 0.0 5.7771148681640625
69.219 0.0078125 0.0 -0.046875 0.0 0.0 -0.0 -0.0 0.0 12.7265625 0.0 0.0 24.578125 0.0 12.62109375 0.0 0.0 28.0234375 0.0 12.83203125 0.0 0.0 27.06640625 0.0 12.76171875 0.0 0.0 24.578125 0.0 5.7673492431640625
69.391 0.0078125 0.0 -0.046875 0.0 0.0 -0.0 -0.0 0.0 12.7265625 0.0 0.0 24.1953125 0.0 12.62109375 0.0 0.0 28.0234375 0.0 12.83203125 0.0 0.0 26.875 0.0 12.76171875 0.0 0.0 24.578125 0.0 5.7673492431640625
69.558 0.0078125 0.0 -0.046875 0.0 0.0 -0.0 -0.0 0.0 12.7265625 0.0 0.0 24.76953125 0.0 12.62109375 0.0 0.0 27.83203125 0.0 12.83203125 0.0 0.0 27.640625 0.0 12.76171875 0.0 0.0 24.578125 0.0 5.7673492431640625
69.731 0.0078125 0.0 -0.046875 0.0 0.0 -0.0 -0.0 0.0 12.76171875 0.0 0.0 24.38671875 0.0 12.62109375 0.0 0.0 28.0234375 0.0 12.796875 0.0 0.0 26.875 0.0 12.76171875 0.0 0.0 24.38671875 0.0 5.7673492431640625
69.909 0.0078125 0.0 -0.046875 0.0 0.0 -0.0 -0.0 0.0 12.7265625 0.0 0.0 24.1953125 0.0 12.65625 0.0 0.0 27.83203125 0.0 12.83203125 0.0 0.0 27.2578125 0.0 12.76171875 0.0 0.0 24.76953125 0.0 5.7673492431640625
70.148 0.0078125 0.0 -0.046875 0.0 0.0 -0.0 -0.0 0.0 12.7265625 0.0 0.0 24.1953125 0.0 12.65625 0.0 0.0 28.7890625 0.0 12.796875 0.0 0.0 27.2578125 0.0 12.76171875 0.0 0.0 24.76953125 0.0 5.7673492431640625
70.327 0.0078125 0.0 -0.046875 0.0 0.0 -0.0 -0.0 0.0 12.76171875 0.0 0.0 23.046875 0.0 12.62109375 0.0 0.0 27.83203125 0.0 12.796875 0.0 0.0 26.68359375 0.0 12.76171875 0.0 0.0 24.578125 0.0 5.7673492431640625
70.498 0.0078125 0.0 -0.046875 0.0 0.0 -0.0 -0.0 0.0 12.76171875 0.0 0.0 24.1953125 0.0 12.65625 0.0 0.0 28.21484375 0.0 12.796875 0.0 0.0 27.2578125 0.0 12.76171875 0.0 0.0 25.15234375 0.0 5.7771148681640625
70.678 0.0078125 0.0 -0.046875 0.0 0.0 -0.0 -0.0 0.0 12.76171875 0.0 0.0 24.578125 0.0 12.62109375 0.0 0.0 27.44921875 0.0 12.796875 0.0 0.0 26.875 0.0 12.76171875 0.0 0.0 24.9609375 0.0 5.7673492431640625
70.851 0.0078125 0.0 -0.046875 0.0 0.0 -0.0 -0.0 0.0 12.76171875 0.0 0.0 23.8125 0.0 12.62109375 0.0 0.0 27.2578125 0.0 12.796875 0.0 0.0 27.06640625 0.0 12.76171875 0.0 0.0 25.34375 0.0 5.7673492431640625
71.031 0.0078125 0.0 -0.046875 0.0 0.0 -0.0 -0.0 0.0 12.7265625 0.0 0.0 24.1953125 0.0 12.62109375 0.0 0.0 27.640625 0.0 12.796875 0.0 0.0 27.2578125 0.0 12.76171875 0.0 0.0 24.9609375 0.0 5.7673492431640625
71.196 0.0078125 0.0 -0.046875 0.0 0.0 -0.0 -0.0 0.0 12.76171875 0.0 0.0 23.8125 0.0 12.62109375 0.0 0.0 28.21484375 0.0 12.83203125 0.0 0.0 27.06640625 0.0 12.76171875 0.0 0.0 24.76953125 0.0 5.7673492431640625
71.369 0.0078125 0.0 -0.046875 0.0 0.0 -0.0 -0.0 0.0 12.76171875 0.0 0.0 24.1953125 0.0 12.65625 0.0 0.0 26.109375 0.0 12.83203125 0.0 0.0 27.2578125 0.0 12.76171875 0.0 0.0 25.15234375 0.0 5.7673492431640625
71.54 0.0078125 0.0 -0.046875 0.0 0.0 -0.0 -0.0 0.0 12.76171875 0.0 0.0 23.62109375 0.0 12.62109375 0.0 0.0 27.640625 0.0 12.796875 0.0 0.0 27.2578125 0.0 12.76171875 0.0 0.0 25.15234375 0.0 5.757568359375
71.718 0.0078125 0.0 -0.046875 0.0 0.0 -0.0 -0.0 0.0 12.76171875 0.0 0.0 24.38671875 0.0 12.62109375 0.0 0.0 28.0234375 0.0 12.796875 0.0 0.0 27.2578125 0.0 12.76171875 0.0 0.0 24.76953125 0.0 5.7673492431640625
71.891 0.0078125 0.0 -0.046875 0.0 0.0 -0.0 -0.0 0.0 12.7265625 0.0 0.0 23.4296875 0.0 12.62109375 0.0 0.0 27.83203125 0.0 12.796875 0.0 0.0 27.06640625 0.0 12.76171875 0.0 0.0 24.1953125 0.0 5.7673492431640625
72.068 0.0078125 0.0 -0.046875 0.0 0.0 -0.0 -0.0 0.0 12.7265625 0.0 0.0 24.9609375 0.0 12.62109375 0.0 0.0 27.83203125 0.0 12.796875 0.0 0.0 27.2578125 0.0 12.76171875 0.0 0.0 25.15234375 0.0 5.7771148681640625
