Timestamp Driver_Joy_Y Driver_Joy_X Driver_Joy_W FL_Out BL_Out BR_Out FR_Out FL_Jag_Speed FL_Bus_Voltage FL_Out_Voltage FL_Out_Current FL_Temp BL_Jag_Speed BL_Bus_Voltage BL_Out_Voltage BL_Out_Current BL_Temp BR_Jag_Speed BR_Bus_Voltage BR_Out_Voltage BR_Out_Current BR_Temp FR_Jag_Speed FR_Bus_Voltage FR_Out_Voltage FR_Out_Current FR_Temp
436.342 -0.0 0.0 0.0 0.0 0.0 -0.0 -0.0 0.0 12.796875 0.0 0.0 24.578125 0.0 12.65625 0.0 0.0 27.640625 0.0 12.83203125 0.0 0.0 27.2578125 0.0 12.796875 0.0 0.0 25.15234375 0.0 5.786895751953125
436.525 -0.0 0.0 0.0 0.0 0.0 -0.0 -0.0 0.0 12.76171875 0.0 0.0 24.578125 0.0 12.65625 0.0 0.0 27.640625 0.0 12.83203125 0.0 0.0 27.06640625 0.0 12.796875 0.0 0.0 25.34375 0.0 5.786895751953125
436.694 -0.0 0.0 0.0 0.0 0.0 -0.0 -0.0 0.0 12.796875 0.0 0.0 24.578125 0.0 12.65625 0.0 0.0 26.68359375 0.0 12.83203125 0.0 0.0 27.06640625 0.0 12.796875 0.0 0.0 24.578125 0.0 5.786895751953125
436.865 -0.0 0.0 0.0 0.0 0.0 -0.0 -0.0 0.0 12.796875 0.0 0.0 24.76953125 0.0 12.65625 0.0 0.0 26.30078125 0.0 12.83203125 0.0 0.0 26.875 0.0 12.76171875 0.0 0.0 24.76953125 0.0 5.786895751953125
437.047 -0.0 0.0 0.0 0.0 0.0 -0.0 -0.0 0.0 12.76171875 0.0 0.0 24.578125 0.0 12.65625 0.0 0.0 28.7890625 0.0 12.8671875 0.0 0.0 27.2578125 0.0 12.796875 0.0 0.0 24.9609375 0.0 5.7771148681640625
437.227 -0.0 0.0 0.0 0.0 0.0 -0.0 -0.0 0.0 12.76171875 0.0 0.0 23.23828125 0.0 12.65625 0.0 0.0 27.2578125 0.0 12.83203125 0.0 0.0 28.0234375 0.0 12.796875 0.0 0.0 25.7265625 0.0 5.786895751953125
437.403 -0.0 0.0 0.0 0.0 0.0 -0.0 -0.0 0.0 12.76171875 0.0 0.0 24.38671875 0.0 12.65625 0.0 0.0 27.44921875 0.0 12.62109375 0.0 0.0 26.4921875 0.0 11.8125 0.0 0.0 25.34375 0.0 5.669586181640625
S: 154773069303 Fired
437.577 -0.0 0.0 0.0 0.0 0.0 -0.0 -0.0 0.0 11.53125 0.0 0.0 24.38671875 0.0 11.28515625 0.0 0.0 28.21484375 0.0 11.70703125 0.0 0.0 27.2578125 0.0 11.70703125 0.0 0.0 24.578125 0.0 5.06353759765625
437.738 -0.0 0.0 0.0 0.0 0.0 -0.0 -0.0 0.0 11.8828125 0.0 0.0 24.1953125 0.0 11.70703125 0.0 0.0 28.59765625 -7.43231201171875 9.73828125 0.0 0.0 27.2578125 0.0 10.23046875 0.0 0.0 24.38671875 0.0 4.5845489501953125
437.905 -0.0 0.0 0.0 0.0 0.0 -0.0 -0.0 0.0 11.98828125 0.0 0.0 24.1953125 0.0 12.09375 0.0 0.0 27.44921875 12.877899169921875 12.5859375 0.0 0.0 27.44921875 0.0 12.55078125 0.0 0.0 25.34375 0.0 5.1319580078125
438.074 -0.0 0.0 0.0 0.0 0.0 -0.0 -0.0 0.0 12.5859375 0.0 0.0 24.38671875 0.0 12.48046875 0.0 0.0 27.2578125 -3.04119873046875 12.5859375 0.0 0.0 27.640625 0.0 12.48046875 0.0 0.0 25.53515625 0.0 5.415435791015625
438.244 -0.0 0.0 0.0 0.0 0.0 -0.0 -0.0 0.0 12.48046875 0.0 0.0 24.38671875 0.0 12.33984375 0.0 0.0 27.44921875 0.0 12.515625 0.0 0.0 27.2578125 0.0 12.515625 0.0 0.0 24.9609375 0.0 5.7771148681640625
438.425 -0.0 0.0 0.0 0.0 0.0 -0.0 -0.0 0.0 12.41015625 0.0 0.0 24.38671875 0.0 12.48046875 0.0 0.0 27.83203125 0.0 12.69140625 0.0 0.0 27.44921875 0.0 12.65625 0.0 0.0 25.15234375 0.0 5.7673492431640625
438.596 -0.0 0.0 0.0 0.0 0.0 -0.0 -0.0 0.0 12.65625 0.0 0.0 24.578125 0.0 12.55078125 0.0 0.0 27.83203125 0.0 12.69140625 0.0 0.0 27.640625 0.0 12.65625 0.0 0.0 25.34375 0.0 5.68914794921875
438.767 -0.0 0.0 0.0 0.0 0.0 -0.0 -0.0 0.0 12.65625 0.0 0.0 24.578125 0.0 12.55078125 0.0 0.0 27.640625 0.0 12.7265625 0.0 0.0 27.06640625 0.0 12.65625 0.0 0.0 25.53515625 0.0 5.6500396728515625
438.934 -0.0 0.0 0.0 0.0 0.0 -0.0 -0.0 0.0 12.65625 0.0 0.0 24.38671875 0.0 12.55078125 0.0 0.0 27.44921875 0.0 12.7265625 0.0 0.0 27.2578125 0.0 12.69140625 0.0 0.0 25.15234375 0.0 5.6207122802734375
439.106 -0.0 0.0 0.0 0.0 0.0 -0.0 -0.0 0.0 12.65625 0.0 0.0 24.76953125 0.0 12.55078125 0.0 0.0 27.640625 0.0 12.7265625 0.0 0.0 27.06640625 0.0 12.69140625 0.0 0.0 24.76953125 0.0 5.5816192626953125
439.287 -0.0 0.0 0.0 0.0 0.0 -0.0 -0.0 0.0 12.65625 0.0 0.0 24.578125 0.0 12.55078125 0.0 0.0 27.2578125 0.0 12.7265625 0.0 0.0 27.2578125 0.0 12.69140625 0.0 0.0 26.109375 0.0 5.5522918701171875
439.476 -0.0 0.0 0.0 0.0 0.0 -0.0 -0.0 0.0 12.69140625 0.0 0.0 24.578125 0.0 12.55078125 0.0 0.0 28.21484375 0.0 12.7265625 0.0 0.0 27.2578125 0.0 12.69140625 0.0 0.0 24.9609375 0.0 5.51318359375
439.646 -0.0 0.0 0.0 0.0 0.0 -0.0 -0.0 0.0 12.69140625 0.0 0.0 24.578125 0.0 12.55078125 0.0 0.0 27.2578125 0.0 12.76171875 0.0 0.0 27.2578125 0.0 12.69140625 0.0 0.0 25.34375 0.0 5.5620574951171875
439.806 -0.0 0.0 0.0 0.0 0.0 -0.0 -0.0 0.0 12.69140625 0.0 0.0 26.109375 0.0 12.55078125 0.0 0.0 27.83203125 0.0 12.76171875 0.0 0.0 27.44921875 0.0 12.7265625 0.0 0.0 24.9609375 0.0 5.601165771484375
439.969 -0.0 0.0 0.0 0.0 0.0 -0.0 -0.0 0.0 12.69140625 0.0 0.0 24.38671875 0.0 12.5859375 0.0 0.0 28.21484375 0.0 12.76171875 0.0 0.0 27.2578125 0.0 12.69140625 0.0 0.0 25.34375 0.0 5.5229644775390625
440.137 -0.0 0.0 0.0 0.0 0.0 -0.0 -0.0 0.0 12.69140625 0.0 0.0 24.38671875 0.0 12.5859375 0.0 0.0 27.44921875 0.0 12.7265625 0.0 0.0 27.44921875 0.0 12.69140625 0.0 0.0 25.15234375 0.0 5.474090576171875
440.326 -0.0 0.0 0.0 0.0 0.0 -0.0 -0.0 0.0 12.69140625 0.0 0.0 24.38671875 0.0 12.5859375 0.0 0.0 27.44921875 0.0 12.76171875 0.0 0.0 26.875 0.0 12.69140625 0.0 0.0 25.15234375 0.0 5.44476318359375
440.492 -0.0 0.0 0.0 0.0 0.0 -0.0 -0.0 0.0 12.69140625 0.0 0.0 24.578125 0.0 12.5859375 0.0 0.0 28.40625 0.0 12.76171875 0.0 0.0 27.2578125 0.0 12.7265625 0.0 0.0 25.15234375 0.0 5.415435791015625
440.666 -0.0 0.0 0.0 0.0 0.0 -0.0 -0.0 0.0 12.69140625 0.0 0.0 24.578125 0.0 12.5859375 0.0 0.0 27.2578125 0.0 12.76171875 0.0 0.0 27.44921875 0.0 12.7265625 0.0 0.0 25.53515625 0.0 5.415435791015625
440.834 -0.0 0.0 0.0 0.0 0.0 -0.0 -0.0 0.0 12.69140625 0.0 0.0 24.38671875 0.0 12.5859375 0.0 0.0 27.44921875 0.0 12.76171875 0.0 0.0 27.2578125 0.0 12.7265625 0.0 0.0 24.578125 0.0 5.4056549072265625
441.008 -0.0 0.0 0.0 0.0 0.0 -0.0 -0.0 0.0 12.69140625 0.0 0.0 24.9609375 0.0 12.5859375 0.0 0.0 25.91796875 0.0 12.76171875 0.0 0.0 26.68359375 0.0 12.7265625 0.0 0.0 25.34375 0.0 5.415435791015625
441.184 -0.0 0.0 0.0 0.0 0.0 -0.0 -0.0 0.0 12.69140625 0.0 0.0 24.76953125 0.0 12.5859375 0.0 0.0 27.44921875 0.0 12.76171875 0.0 0.0 27.06640625 0.0 12.7265625 0.0 0.0 25.15234375 0.0 5.415435791015625
441.355 -0.0 0.0 0.0 0.0 0.0 -0.0 -0.0 0.0 12.69140625 0.0 0.0 24.38671875 0.0 12.5859375 0.0 0.0 28.0234375 0.0 12.76171875 0.0 0.0 27.44921875 0.0 12.7265625 0.0 0.0 25.53515625 0.0 5.4056549072265625
441.526 -0.0 0.0 0.0 0.0 0.0 -0.0 -0.0 0.0 12.69140625 0.0 0.0 24.76953125 0.0 12.5859375 0.0 0.0 27.640625 0.0 12.76171875 0.0 0.0 26.875 0.0 12.7265625 0.0 0.0 25.15234375 0.0 5.415435791015625
441.696 -0.0 0.0 0.0 0.0 0.0 -0.0 -0.0 0.0 12.7265625 0.0 0.0 25.34375 0.0 12.5859375 0.0 0.0 27.44921875 0.0 12.76171875 0.0 0.0 27.44921875 0.0 12.7265625 0.0 0.0 24.9609375 0.0 5.415435791015625
441.866 -0.0 0.0 0.0 0.0 0.0 -0.0 -0.0 0.0 12.7265625 0.0 0.0 24.76953125 0.0 12.5859375 0.0 0.0 28.21484375 0.0 12.76171875 0.0 0.0 27.2578125 0.0 12.7265625 0.0 0.0 24.578125 0.0 5.4056549072265625
442.046 -0.0 0.0 0.0 0.0 0.0 -0.0 -0.0 0.0 12.7265625 0.0 0.0 24.76953125 0.0 12.62109375 0.0 0.0 28.40625 0.0 12.76171875 0.0 0.0 27.44921875 0.0 12.7265625 0.0 0.0 25.15234375 0.0 5.415435791015625
442.244 -0.0 0.0 0.0 0.0 0.0 -0.0 -0.0 0.0 12.7265625 0.0 0.0 23.046875 0.0 12.5859375 0.0 0.0 27.44921875 0.0 12.5859375 0.0 0.0 27.640625 0.0 11.56640625 0.0 0.0 25.15234375 0.0 5.2981414794921875
S: 154773074143 Fired
442.406 -0.0 0.0 0.0 0.0 0.0 -0.0 -0.0 0.0 11.8828125 0.0 0.0 24.38671875 0.0 11.77734375 0.0 0.0 27.44921875 0.0 12.1640625 0.0 0.0 27.2578125 0.0 12.26953125 0.0 0.0 24.76953125 0.0 4.6138763427734375
442.574 -0.0 0.0 0.0 0.0 0.0 -0.0 -0.0 0.0 11.77734375 0.0 0.0 24.578125 0.0 12.4453125 0.0 0.0 28.0234375 9.202362060546875 12.62109375 0.0 0.0 27.44921875 0.0 12.5859375 0.0 0.0 24.76953125 0.0 5.1319580078125
442.735 -0.0 0.0 0.0 0.0 0.0 -0.0 -0.0 0.0 12.5859375 0.0 0.0 24.1953125 0.0 12.48046875 0.0 0.0 27.83203125 -4.4233245849609375 12.65625 0.0 0.0 27.640625 0.0 12.55078125 0.0 0.0 24.9609375 0.0 5.4349822998046875
442.889 -0.0 0.0 0.0 0.0 0.0 -0.0 -0.0 0.0 12.4453125 0.0 0.0 24.76953125 0.0 12.33984375 0.0 0.0 28.0234375 0.0 12.55078125 0.0 0.0 27.06640625 0.0 12.515625 0.0 0.0 25.15234375 0.0 5.6793670654296875
443.046 -0.0 0.0 0.0 0.0 0.0 -0.0 -0.0 0.0 12.515625 0.0 0.0 24.578125 0.0 12.3046875 0.0 0.0 27.83203125 0.0 12.65625 0.0 0.0 27.2578125 0.0 12.65625 0.0 0.0 24.76953125 0.0 5.81622314453125
443.215 -0.0 0.0 0.0 0.0 0.0 -0.0 -0.0 0.0 12.65625 0.0 0.0 25.91796875 0.0 12.55078125 0.0 0.0 28.0234375 0.0 12.7265625 0.0 0.0 27.44921875 0.0 12.69140625 0.0 0.0 25.34375 0.0 5.7184600830078125
443.388 -0.0 0.0 0.0 0.0 0.0 -0.0 -0.0 0.0 12.65625 0.0 0.0 24.578125 0.0 12.55078125 0.0 0.0 27.2578125 0.0 12.7265625 0.0 0.0 27.2578125 0.0 12.69140625 0.0 0.0 24.9609375 0.0 5.669586181640625
443.554 -0.0 0.0 0.0 0.0 0.0 -0.0 -0.0 0.0 12.69140625 0.0 0.0 24.38671875 0.0 12.55078125 0.0 0.0 27.640625 0.0 12.7265625 0.0 0.0 27.44921875 0.0 12.69140625 0.0 0.0 24.578125 0.0 5.6402587890625
443.726 -0.0 0.0 0.0 0.0 0.0 -0.0 -0.0 0.0 12.69140625 0.0 0.0 24.578125 0.0 12.55078125 0.0 0.0 27.44921875 0.0 12.7265625 0.0 0.0 27.06640625 0.0 12.69140625 0.0 0.0 25.34375 0.0 5.601165771484375
443.897 -0.0 0.0 0.0 0.0 0.0 -0.0 -0.0 0.0 12.69140625 0.0 0.0 25.34375 0.0 12.55078125 0.0 0.0 27.640625 0.0 12.7265625 0.0 0.0 27.83203125 0.0 12.69140625 0.0 0.0 24.9609375 0.0 5.57183837890625
444.072 -0.0 0.0 0.0 0.0 0.0 -0.0 -0.0 0.0 12.69140625 0.0 0.0 24.578125 0.0 12.55078125 0.0 0.0 27.640625 0.0 12.7265625 0.0 0.0 27.640625 0.0 12.69140625 0.0 0.0 25.34375 0.0 5.5522918701171875
444.253 -0.0 0.0 0.0 0.0 0.0 -0.0 -0.0 0.0 12.69140625 0.0 0.0 24.76953125 0.0 12.5859375 0.0 0.0 27.44921875 0.0 12.76171875 0.0 0.0 27.44921875 0.0 12.69140625 0.0 0.0 25.7265625 0.0 5.5229644775390625
444.428 -0.0 0.0 0.0 0.0 0.0 -0.0 -0.0 0.0 12.65625 0.0 0.0 24.1953125 0.0 12.55078125 0.0 0.0 27.83203125 0.0 12.76171875 0.0 0.0 27.640625 0.0 12.69140625 0.0 0.0 25.15234375 0.0 5.4936370849609375
444.605 -0.0 0.0 0.0 0.0 0.0 -0.0 -0.0 0.0 12.65625 0.0 0.0 24.578125 0.0 12.5859375 0.0 0.0 28.0234375 0.0 12.76171875 0.0 0.0 28.0234375 0.0 12.7265625 0.0 0.0 24.76953125 0.0 5.4643096923828125
444.775 -0.0 0.0 0.0 0.0 0.0 -0.0 -0.0 0.0 12.69140625 0.0 0.0 24.578125 0.0 12.5859375 0.0 0.0 27.640625 0.0 12.76171875 0.0 0.0 27.640625 0.0 12.69140625 0.0 0.0 25.15234375 0.0 5.4545440673828125
444.947 -0.0 0.0 0.0 0.0 0.0 -0.0 -0.0 0.0 12.69140625 0.0 0.0 24.578125 0.0 12.5859375 0.0 0.0 27.83203125 0.0 12.76171875 0.0 0.0 27.44921875 0.0 12.69140625 0.0 0.0 24.9609375 0.0 5.44476318359375
445.105 -0.0 0.0 0.0 0.0 0.0 -0.0 -0.0 0.0 12.69140625 0.0 0.0 24.38671875 0.0 12.5859375 0.0 0.0 28.0234375 0.0 12.76171875 0.0 0.0 27.83203125 0.0 12.7265625 0.0 0.0 24.76953125 0.0 5.4349822998046875
445.274 -0.0 0.0 0.0 0.0 0.0 -0.0 -0.0 0.0 12.69140625 0.0 0.0 24.578125 0.0 12.5859375 0.0 0.0 28.21484375 0.0 12.76171875 0.0 0.0 27.2578125 0.0 12.7265625 0.0 0.0 24.76953125 0.0 5.4252166748046875
445.445 -0.0 0.0 0.0 0.0 0.0 -0.0 -0.0 0.0 12.69140625 0.0 0.0 24.76953125 0.0 12.5859375 0.0 0.0 28.0234375 0.0 12.76171875 0.0 0.0 26.875 0.0 12.7265625 0.0 0.0 24.9609375 0.0 5.4349822998046875
445.628 -0.0 0.0 0.0 0.0 0.0 -0.0 -0.0 0.0 12.69140625 0.0 0.0 25.34375 0.0 12.5859375 0.0 0.0 28.0234375 0.0 12.76171875 0.0 0.0 27.2578125 0.0 12.7265625 0.0 0.0 24.578125 0.0 5.4349822998046875
445.808 -0.0 0.0 0.0 0.0 0.0 -0.0 -0.0 0.0 12.69140625 0.0 0.0 24.9609375 0.0 12.62109375 0.0 0.0 27.83203125 0.0 12.76171875 0.0 0.0 27.06640625 0.0 12.7265625 0.0 0.0 25.34375 0.0 5.4349822998046875
445.989 -0.0 0.0 0.0 0.0 0.0 -0.0 -0.0 0.0 12.7265625 0.0 0.0 25.53515625 0.0 12.5859375 0.0 0.0 28.0234375 0.0 12.76171875 0.0 0.0 27.640625 0.0 12.7265625 0.0 0.0 25.15234375 0.0 5.4349822998046875
446.169 -0.0 0.0 0.0 0.0 0.0 -0.0 -0.0 0.0 12.69140625 0.0 0.0 24.76953125 0.0 12.5859375 0.0 0.0 28.21484375 0.0 12.76171875 0.0 0.0 27.06640625 0.0 12.7265625 0.0 0.0 24.9609375 0.0 5.4349822998046875
446.335 -0.0 0.0 0.0 0.0 0.0 -0.0 -0.0 0.0 12.7265625 0.0 0.0 25.53515625 0.0 12.5859375 0.0 0.0 27.83203125 0.0 12.76171875 0.0 0.0 27.44921875 0.0 12.7265625 0.0 0.0 25.15234375 0.0 5.4252166748046875
446.507 -0.0 0.0 0.0 0.0 0.0 -0.0 -0.0 0.0 12.69140625 0.0 0.0 24.38671875 0.0 12.5859375 0.0 0.0 27.83203125 0.0 12.76171875 0.0 0.0 27.44921875 0.0 12.7265625 0.0 0.0 24.76953125 0.0 5.4252166748046875
446.676 -0.0 0.0 0.0 0.0 0.0 -0.0 -0.0 0.0 12.7265625 0.0 0.0 24.1953125 0.0 12.62109375 0.0 0.0 27.640625 0.0 12.76171875 0.0 0.0 27.44921875 0.0 12.7265625 0.0 0.0 24.76953125 0.0 5.4252166748046875
