Timestamp Driver_Joy_Y Driver_Joy_X Driver_Joy_W FL_Out BL_Out BR_Out FR_Out FL_Jag_Speed FL_Bus_Voltage FL_Out_Voltage FL_Out_Current FL_Temp BL_Jag_Speed BL_Bus_Voltage BL_Out_Voltage BL_Out_Current BL_Temp BR_Jag_Speed BR_Bus_Voltage BR_Out_Voltage BR_Out_Current BR_Temp FR_Jag_Speed FR_Bus_Voltage FR_Out_Voltage FR_Out_Current FR_Temp
265.759 -0.031496062992125984 0.0 -0.0078125 0.0 0.0 -0.0 -0.0 0.0 12.62109375 0.0 0.0 25.53515625 0.0 12.515625 0.0 0.0 29.36328125 0.0 12.69140625 0.0 0.0 28.40625 0.0 12.62109375 0.0 0.0 24.76953125 0.0 5.8064422607421875
265.913 -0.031496062992125984 0.0 -0.0078125 0.0 0.0 -0.0 -0.0 0.0 12.62109375 0.0 0.0 26.109375 0.0 12.515625 0.0 0.0 28.59765625 0.0 12.69140625 0.0 0.0 28.59765625 0.0 12.65625 0.0 0.0 25.34375 0.0 5.8064422607421875
266.074 -0.031496062992125984 0.0 -0.0078125 0.0 0.0 -0.0 -0.0 0.0 12.5859375 0.0 0.0 25.34375 0.0 12.515625 0.0 0.0 28.21484375 0.0 12.69140625 0.0 0.0 28.98046875 0.0 12.65625 0.0 0.0 25.34375 0.0 5.8064422607421875
266.252 -0.031496062992125984 0.0 -0.0078125 0.0 0.0 -0.0 -0.0 0.0 12.62109375 0.0 0.0 24.76953125 0.0 12.515625 0.0 0.0 28.98046875 0.0 12.69140625 0.0 0.0 28.21484375 0.0 12.65625 0.0 0.0 25.34375 0.0 5.81622314453125
266.413 -0.031496062992125984 0.0 -0.0078125 0.0 0.0 -0.0 -0.0 0.0 12.65625 0.0 0.0 24.9609375 0.0 12.515625 0.0 0.0 28.7890625 0.0 12.69140625 0.0 0.0 28.59765625 0.0 12.62109375 0.0 0.0 25.34375 0.0 5.8064422607421875
266.574 -0.031496062992125984 0.0 -0.0078125 0.0 0.0 -0.0 -0.0 0.0 12.62109375 0.0 0.0 25.15234375 0.0 12.515625 0.0 0.0 28.98046875 0.0 12.69140625 0.0 0.0 28.21484375 0.0 12.62109375 0.0 0.0 25.34375 0.0 5.8064422607421875
266.733 -0.031496062992125984 0.0 -0.0078125 0.0 0.0 -0.0 -0.0 0.0 12.62109375 0.0 0.0 24.76953125 0.0 12.515625 0.0 0.0 28.59765625 0.0 12.69140625 0.0 0.0 28.0234375 0.0 12.62109375 0.0 0.0 24.9609375 0.0 5.796661376953125
266.882 -0.031496062992125984 0.0 -0.0078125 0.0 0.0 -0.0 -0.0 0.0 12.62109375 0.0 0.0 24.9609375 0.0 12.48046875 0.0 0.0 28.7890625 0.0 12.69140625 0.0 0.0 28.40625 0.0 12.62109375 0.0 0.0 25.15234375 0.0 5.81622314453125
267.043 -0.031496062992125984 0.0 -0.0078125 0.0 0.0 -0.0 -0.0 0.0 12.62109375 0.0 0.0 24.9609375 0.0 12.515625 0.0 0.0 28.98046875 0.0 12.69140625 0.0 0.0 28.59765625 0.0 12.62109375 0.0 0.0 24.578125 0.0 5.8064422607421875
267.198 -0.031496062992125984 0.0 -0.0078125 0.0 0.0 -0.0 -0.0 0.0 12.62109375 0.0 0.0 25.91796875 0.0 12.515625 0.0 0.0 28.59765625 0.0 12.69140625 0.0 0.0 28.40625 0.0 12.62109375 0.0 0.0 25.15234375 0.0 5.8064422607421875
267.376 -0.031496062992125984 0.0 -0.0078125 -0.5 -0.5 0.5 0.5 0.0 11.84765625 -5.71484375 19.640625 24.38671875 0.0 10.1953125 -5.09765625 33.55859375 28.98046875 24.214141845703125 9.52734375 4.953125 26.203125 27.83203125 0.0 10.23046875 5.05859375 27.38671875 24.578125 0.0 5.7771148681640625
267.559 -0.031496062992125984 0.0 -0.0078125 -0.5 -0.5 0.5 0.5 0.0 10.6171875 -5.34375 22.265625 24.76953125 0.0 10.58203125 -5.2734375 19.640625 27.2578125 116.79542541503906 10.79296875 5.39453125 15.83203125 28.0234375 0.0 10.86328125 5.41015625 18.98046875 24.38671875 0.0 5.8064422607421875
267.755 -0.031496062992125984 0.0 -0.0078125 -0.5 -0.5 0.5 0.5 6.7969970703125 11.3203125 -5.64453125 15.04296875 24.00390625 0.0 10.828125 -5.58984375 14.91015625 28.0234375 163.30001831054688 11.0390625 5.5703125 13.46875 28.0234375 0.0 11.35546875 5.69140625 11.49609375 25.15234375 0.0 5.7771148681640625
267.951 -0.031496062992125984 0.0 -0.0078125 -0.5 -0.5 0.5 0.5 -8.797943115234375 11.49609375 -5.78515625 11.234375 25.53515625 0.0 11.49609375 -5.8359375 10.31640625 28.0234375 181.5087890625 11.28515625 5.69140625 9.52734375 28.7890625 0.0 11.4609375 5.7109375 10.31640625 24.76953125 0.0 5.7771148681640625
268.131 -0.031496062992125984 0.0 -0.0078125 -0.5 -0.5 0.5 0.5 51.26287841796875 11.7421875 -5.8359375 10.18359375 25.34375 0.0 11.70703125 -5.92578125 9.00390625 27.44921875 209.23008728027344 11.49609375 5.796875 9.3984375 28.0234375 0.0 11.6015625 5.796875 9.265625 25.15234375 0.0 5.81622314453125
268.312 -0.031496062992125984 0.0 -0.0078125 -0.5 -0.5 0.5 0.5 -16.200958251953125 11.84765625 -5.87109375 9.1328125 24.9609375 0.0 11.953125 -5.9765625 8.73828125 28.7890625 225.61691284179688 11.63671875 5.81640625 7.953125 28.59765625 0.0 11.8125 5.81640625 8.4765625 25.15234375 0.0 5.7771148681640625
268.492 -0.031496062992125984 0.0 -0.0078125 -0.5 -0.5 0.5 0.5 16.275588989257812 11.8125 -5.94140625 7.8203125 25.53515625 0.0 11.91796875 -5.92578125 9.52734375 28.0234375 219.69219970703125 11.77734375 5.8515625 8.08203125 28.40625 0.0 11.7421875 5.90234375 6.5078125 24.578125 0.0 5.82598876953125
268.672 -0.031496062992125984 0.0 -0.0078125 -0.5 -0.5 0.5 0.5 -16.489532470703125 11.91796875 -5.94140625 7.8203125 25.34375 0.0 11.98828125 -6.03125 7.55859375 30.12890625 224.6270751953125 11.7421875 5.88671875 6.375 28.0234375 0.0 11.8125 5.83203125 7.42578125 25.34375 0.0 5.81622314453125
268.846 -0.031496062992125984 0.0 -0.0078125 -0.5 -0.5 0.5 0.5 -19.408538818359375 11.63671875 -5.9765625 6.76953125 24.9609375 0.0 12.05859375 -6.046875 7.03125 28.98046875 232.31895446777344 11.77734375 5.9375 6.76953125 28.40625 0.0 11.8828125 5.95703125 5.8515625 24.1953125 0.0 5.796661376953125
269.026 -0.031496062992125984 0.0 -0.0078125 -0.5 -0.5 0.5 0.5 -56.025665283203125 11.98828125 -5.99609375 6.90234375 24.9609375 0.0 12.05859375 -6.046875 7.296875 28.0234375 233.6903533935547 11.77734375 5.88671875 6.90234375 28.40625 0.0 11.84765625 5.921875 6.76953125 25.53515625 0.0 5.8064422607421875
269.217 -0.031496062992125984 0.0 -0.0078125 -0.5 -0.5 0.5 0.5 -17.81671142578125 12.0234375 -5.9609375 6.375 24.76953125 0.0 12.09375 -6.046875 6.90234375 28.21484375 233.39207458496094 11.91796875 5.921875 6.11328125 28.21484375 0.0 11.953125 5.95703125 6.375 25.34375 0.0 5.7673492431640625
269.396 -0.031496062992125984 0.0 -0.0078125 -0.5 -0.5 0.5 0.5 -17.720916748046875 12.0234375 -5.99609375 6.375 24.9609375 0.0 12.09375 -6.046875 6.90234375 28.0234375 232.72726440429688 11.7421875 5.9375 6.24609375 28.40625 0.0 11.953125 5.9375 5.984375 24.578125 0.0 5.8064422607421875
269.585 -0.031496062992125984 0.0 -0.0078125 -0.5 -0.5 0.5 0.5 11.330795288085938 11.98828125 -5.99609375 6.5078125 25.15234375 0.0 12.12890625 -6.08203125 5.984375 28.59765625 236.90542602539062 11.8828125 5.9375 6.640625 28.59765625 0.0 11.91796875 5.95703125 5.71875 24.9609375 0.0 5.796661376953125
269.791 -0.031496062992125984 0.0 -0.0078125 -0.5 -0.5 0.5 0.5 -14.06597900390625 12.0234375 -5.99609375 5.71875 25.15234375 0.0 12.09375 -6.06640625 6.640625 28.7890625 238.92483520507812 12.05859375 6.02734375 6.24609375 28.0234375 0.0 12.05859375 6.0625 6.375 24.38671875 0.0 5.8064422607421875
269.966 -0.031496062992125984 0.0 -0.0078125 0.0 0.0 -0.0 -0.0 64.34530639648438 12.4453125 0.0 0.0 25.7265625 0.0 11.53125 0.0 0.0 28.40625 211.81532287597656 11.70703125 0.0 0.0 28.40625 0.0 11.35546875 0.0 0.0 25.34375 0.0 5.542510986328125
