Timestamp Driver_Joy_Y Driver_Joy_X Driver_Joy_W FL_Out BL_Out BR_Out FR_Out FL_Jag_Speed FL_Bus_Voltage FL_Out_Voltage FL_Out_Current FL_Temp BL_Jag_Speed BL_Bus_Voltage BL_Out_Voltage BL_Out_Current BL_Temp BR_Jag_Speed BR_Bus_Voltage BR_Out_Voltage BR_Out_Current BR_Temp FR_Jag_Speed FR_Bus_Voltage FR_Out_Voltage FR_Out_Current FR_Temp
0.861 0.0078125 0.031496062992125984 -0.0234375 0.0 0.0 0.0 0.0 0.0 12.7265625 0.0 0.0 23.62109375 0.0 12.62109375 0.0 0.0 25.91796875 0.0 12.796875 0.0 0.0 26.4921875 0.0 12.76171875 0.0 0.0 23.8125 0.0 5.1417388916015625
1.198 0.0078125 0.031496062992125984 -0.0234375 0.0 0.0 -0.0 -0.0 0.0 12.7265625 0.0 0.0 22.85546875 0.0 12.62109375 0.0 0.0 26.875 0.0 12.796875 0.0 0.0 25.91796875 0.0 12.76171875 0.0 0.0 23.4296875 0.0 5.1515045166015625
1.374 0.0078125 0.031496062992125984 -0.0234375 0.0 0.0 -0.0 -0.0 0.0 12.7265625 0.0 0.0 24.578125 0.0 12.62109375 0.0 0.0 26.68359375 0.0 12.796875 0.0 0.0 26.30078125 0.0 12.7265625 0.0 0.0 24.00390625 0.0 5.1515045166015625
1.542 0.0078125 0.031496062992125984 0.031496062992125984 0.0 0.0 -0.0 -0.0 0.0 12.7265625 0.0 0.0 23.23828125 0.0 12.62109375 0.0 0.0 26.68359375 0.0 12.796875 0.0 0.0 26.4921875 0.0 12.76171875 0.0 0.0 23.62109375 0.0 5.1515045166015625
1.728 0.0078125 0.031496062992125984 0.031496062992125984 0.0 0.0 -0.0 -0.0 0.0 12.7265625 0.0 0.0 23.23828125 0.0 12.62109375 0.0 0.0 26.4921875 0.0 12.796875 0.0 0.0 25.91796875 0.0 12.76171875 0.0 0.0 24.00390625 0.0 5.1515045166015625
1.908 0.0078125 0.031496062992125984 0.031496062992125984 0.0 0.0 -0.0 -0.0 0.0 12.7265625 0.0 0.0 23.23828125 0.0 12.62109375 0.0 0.0 26.30078125 0.0 12.796875 0.0 0.0 26.30078125 0.0 12.76171875 0.0 0.0 24.578125 0.0 5.1515045166015625
2.085 0.0078125 0.031496062992125984 0.031496062992125984 0.0 0.0 -0.0 -0.0 0.0 12.7265625 0.0 0.0 23.8125 0.0 12.62109375 0.0 0.0 27.06640625 0.0 12.796875 0.0 0.0 26.109375 0.0 12.76171875 0.0 0.0 24.38671875 0.0 5.1515045166015625
2.258 0.0078125 0.031496062992125984 0.031496062992125984 0.0 0.0 -0.0 -0.0 0.0 12.76171875 0.0 0.0 23.8125 0.0 12.62109375 0.0 0.0 26.4921875 0.0 12.83203125 0.0 0.0 26.109375 0.0 12.76171875 0.0 0.0 23.62109375 0.0 5.1515045166015625
2.425 0.0078125 0.031496062992125984 0.031496062992125984 0.0 0.0 -0.0 -0.0 0.0 12.7265625 0.0 0.0 23.8125 0.0 12.62109375 0.0 0.0 26.4921875 0.0 12.796875 0.0 0.0 26.30078125 0.0 12.76171875 0.0 0.0 24.38671875 0.0 5.1515045166015625
2.596 0.0078125 0.031496062992125984 0.031496062992125984 0.0 0.0 -0.0 -0.0 0.0 12.7265625 0.0 0.0 23.4296875 0.0 12.62109375 0.0 0.0 26.875 0.0 12.796875 0.0 0.0 26.68359375 0.0 12.76171875 0.0 0.0 23.8125 0.0 5.1515045166015625
2.765 0.0078125 0.031496062992125984 0.031496062992125984 0.0 0.0 -0.0 -0.0 0.0 12.7265625 0.0 0.0 23.8125 0.0 12.62109375 0.0 0.0 27.06640625 0.0 12.796875 0.0 0.0 26.68359375 0.0 12.76171875 0.0 0.0 23.8125 0.0 5.1515045166015625
2.94 0.0078125 0.031496062992125984 0.031496062992125984 0.0 0.0 -0.0 -0.0 0.0 12.7265625 0.0 0.0 23.8125 0.0 12.62109375 0.0 0.0 26.875 0.0 12.796875 0.0 0.0 26.30078125 0.0 12.76171875 0.0 0.0 24.00390625 0.0 5.1515045166015625
3.115 0.0078125 0.031496062992125984 0.031496062992125984 0.0 0.0 -0.0 -0.0 0.0 12.7265625 0.0 0.0 22.47265625 0.0 12.65625 0.0 0.0 26.68359375 0.0 12.796875 0.0 0.0 26.30078125 0.0 12.76171875 0.0 0.0 23.62109375 0.0 5.1515045166015625
3.285 0.0078125 0.031496062992125984 0.031496062992125984 0.0 0.0 -0.0 -0.0 0.0 12.7265625 0.0 0.0 23.8125 0.0 12.62109375 0.0 0.0 27.2578125 0.0 12.796875 0.0 0.0 26.4921875 0.0 12.76171875 0.0 0.0 24.38671875 0.0 5.1515045166015625
3.466 0.0078125 0.031496062992125984 0.031496062992125984 0.0 0.0 -0.0 -0.0 0.0 12.7265625 0.0 0.0 23.4296875 0.0 12.62109375 0.0 0.0 26.30078125 0.0 12.796875 0.0 0.0 26.109375 0.0 12.76171875 0.0 0.0 24.1953125 0.0 5.1515045166015625
3.639 0.0078125 0.031496062992125984 0.031496062992125984 0.0 0.0 -0.0 -0.0 0.0 12.7265625 0.0 0.0 24.00390625 0.0 12.62109375 0.0 0.0 25.53515625 0.0 12.796875 0.0 0.0 26.4921875 0.0 12.7265625 0.0 0.0 24.38671875 0.0 5.1515045166015625
3.816 0.0078125 0.031496062992125984 0.031496062992125984 0.0 0.0 -0.0 -0.0 0.0 12.7265625 0.0 0.0 23.8125 0.0 12.62109375 0.0 0.0 26.68359375 0.0 12.796875 0.0 0.0 26.4921875 0.0 12.76171875 0.0 0.0 24.1953125 0.0 5.1417388916015625
3.985 0.0078125 0.031496062992125984 0.031496062992125984 0.0 0.0 -0.0 -0.0 0.0 12.7265625 0.0 0.0 23.62109375 0.0 12.62109375 0.0 0.0 26.875 0.0 12.796875 0.0 0.0 26.4921875 0.0 12.76171875 0.0 0.0 23.62109375 0.0 5.1515045166015625
4.158 0.0078125 0.031496062992125984 0.031496062992125984 0.0 0.0 -0.0 -0.0 0.0 12.7265625 0.0 0.0 23.23828125 0.0 12.62109375 0.0 0.0 26.68359375 0.0 12.796875 0.0 0.0 26.4921875 0.0 12.76171875 0.0 0.0 23.8125 0.0 5.1515045166015625
4.326 0.0078125 0.031496062992125984 0.031496062992125984 0.0 0.0 -0.0 -0.0 0.0 12.7265625 0.0 0.0 23.62109375 0.0 12.62109375 0.0 0.0 26.68359375 0.0 12.796875 0.0 0.0 26.4921875 0.0 12.7265625 0.0 0.0 23.62109375 0.0 5.1417388916015625
4.499 0.0078125 0.031496062992125984 0.031496062992125984 0.0 0.0 -0.0 -0.0 0.0 12.7265625 0.0 0.0 23.4296875 0.0 12.62109375 0.0 0.0 26.875 0.0 12.796875 0.0 0.0 25.91796875 0.0 12.76171875 0.0 0.0 24.1953125 0.0 5.1417388916015625
4.665 0.0078125 0.031496062992125984 -0.0234375 0.0 0.0 -0.0 -0.0 0.0 12.7265625 0.0 0.0 23.62109375 0.0 12.62109375 0.0 0.0 26.875 0.0 12.796875 0.0 0.0 26.30078125 0.0 12.76171875 0.0 0.0 24.1953125 0.0 5.1515045166015625
4.838 0.0078125 0.031496062992125984 -0.0234375 0.0 0.0 -0.0 -0.0 0.0 12.7265625 0.0 0.0 24.578125 0.0 12.62109375 0.0 0.0 27.06640625 0.0 12.83203125 0.0 0.0 25.91796875 0.0 12.76171875 0.0 0.0 24.578125 0.0 5.1515045166015625
5.015 0.0078125 0.031496062992125984 -0.0234375 0.0 0.0 -0.0 -0.0 0.0 12.7265625 0.0 0.0 23.8125 0.0 12.62109375 0.0 0.0 27.06640625 0.0 12.796875 0.0 0.0 26.68359375 0.0 12.76171875 0.0 0.0 24.1953125 0.0 5.1515045166015625
5.179 0.0078125 0.031496062992125984 -0.0234375 0.0 0.0 -0.0 -0.0 0.0 12.7265625 0.0 0.0 23.4296875 0.0 12.62109375 0.0 0.0 26.68359375 0.0 12.796875 0.0 0.0 26.4921875 0.0 12.76171875 0.0 0.0 24.578125 0.0 5.1515045166015625
S: 154771869022 Toggled Solenoid
5.359 0.0078125 0.031496062992125984 -0.0234375 0.0 0.0 -0.0 -0.0 0.0 11.07421875 0.0 0.0 23.62109375 0.0 10.828125 0.0 0.0 26.30078125 0.0 11.07421875 0.0 0.0 26.4921875 0.0 11.109375 0.0 0.0 24.00390625 0.0 5.1515045166015625
5.535 0.0078125 0.031496062992125984 0.11023622047244094 0.0 0.0 -0.0 -0.0 0.0 11.35546875 0.0 0.0 23.8125 0.0 11.28515625 0.0 0.0 26.68359375 0.0 11.6015625 0.0 0.0 26.4921875 0.0 11.63671875 0.0 0.0 24.00390625 0.0 5.1417388916015625
5.726 0.0078125 -0.0078125 0.0 0.0 0.0 -0.0 -0.0 0.0 11.56640625 0.0 0.0 22.28125 0.0 12.41015625 0.0 0.0 26.875 0.0 12.62109375 0.0 0.0 26.30078125 0.0 12.5859375 0.0 0.0 24.38671875 0.0 5.1417388916015625
5.897 0.0078125 -0.0078125 0.09448818897637795 0.0 0.0 -0.0 -0.0 0.0 12.5859375 0.0 0.0 23.4296875 0.0 12.48046875 0.0 0.0 26.68359375 0.0 12.65625 0.0 0.0 26.4921875 0.0 12.62109375 0.0 0.0 24.00390625 0.0 5.1515045166015625
6.065 0.0078125 -0.0078125 0.05511811023622047 0.0 0.0 -0.0 -0.0 0.0 12.5859375 0.0 0.0 23.4296875 0.0 12.48046875 0.0 0.0 26.109375 0.0 12.69140625 0.0 0.0 26.68359375 0.0 12.65625 0.0 0.0 23.23828125 0.0 5.1515045166015625
6.238 0.0078125 -0.0078125 0.0 0.0 0.0 -0.0 -0.0 0.0 12.62109375 0.0 0.0 24.38671875 0.0 12.48046875 0.0 0.0 26.875 0.0 12.69140625 0.0 0.0 26.4921875 0.0 12.65625 0.0 0.0 24.00390625 0.0 5.161285400390625
6.404 0.0078125 -0.0078125 0.0 0.0 0.0 -0.0 -0.0 0.0 12.62109375 0.0 0.0 24.578125 0.0 12.515625 0.0 0.0 27.06640625 0.0 12.69140625 0.0 0.0 26.4921875 0.0 12.65625 0.0 0.0 24.1953125 0.0 5.1515045166015625
6.584 0.0078125 -0.0078125 -0.0078125 0.0 0.0 -0.0 -0.0 0.0 12.62109375 0.0 0.0 25.15234375 0.0 12.515625 0.0 0.0 26.875 0.0 12.69140625 0.0 0.0 26.68359375 0.0 12.65625 0.0 0.0 23.8125 0.0 5.1417388916015625
6.758 0.0078125 -0.0078125 -0.0078125 0.0 0.0 -0.0 -0.0 0.0 12.65625 0.0 0.0 23.62109375 0.0 12.55078125 0.0 0.0 26.875 0.0 12.69140625 0.0 0.0 26.4921875 0.0 12.65625 0.0 0.0 24.00390625 0.0 5.1417388916015625
6.926 0.0078125 -0.0078125 -0.0078125 0.0 0.0 -0.0 -0.0 0.0 12.65625 0.0 0.0 23.4296875 0.0 12.515625 0.0 0.0 26.875 0.0 12.7265625 0.0 0.0 26.4921875 0.0 12.65625 0.0 0.0 23.8125 0.0 5.1417388916015625
7.09 0.0078125 -0.0078125 -0.0078125 0.0 0.0 -0.0 -0.0 0.0 12.65625 0.0 0.0 23.8125 0.0 12.55078125 0.0 0.0 26.68359375 0.0 12.7265625 0.0 0.0 26.4921875 0.0 12.65625 0.0 0.0 24.1953125 0.0 5.1417388916015625
7.258 0.0078125 -0.0078125 -0.0078125 0.0 0.0 -0.0 -0.0 0.0 12.65625 0.0 0.0 23.62109375 0.0 12.515625 0.0 0.0 26.30078125 0.0 12.7265625 0.0 0.0 26.68359375 0.0 12.69140625 0.0 0.0 23.62109375 0.0 5.1515045166015625
7.425 0.0078125 -0.0078125 -0.0078125 0.0 0.0 -0.0 -0.0 0.0 12.65625 0.0 0.0 23.4296875 0.0 12.55078125 0.0 0.0 27.2578125 0.0 12.7265625 0.0 0.0 26.30078125 0.0 12.69140625 0.0 0.0 24.00390625 0.0 5.1515045166015625
7.597 -0.11023622047244094 -0.0078125 -0.0078125 0.0 0.0 -0.0 -0.0 0.0 12.62109375 0.0 0.0 23.4296875 0.0 12.55078125 0.0 0.0 27.06640625 0.0 12.7265625 0.0 0.0 26.109375 0.0 12.65625 0.0 0.0 24.1953125 0.0 5.1515045166015625
7.776 -0.05511811023622047 -0.0078125 -0.0078125 0.0 0.0 -0.0 -0.0 0.0 12.65625 0.0 0.0 24.00390625 0.0 12.55078125 0.0 0.0 25.7265625 0.0 12.7265625 0.0 0.0 26.68359375 0.0 12.69140625 0.0 0.0 23.8125 0.0 5.1515045166015625
7.946 -0.031496062992125984 -0.0078125 -0.0078125 0.0 0.0 -0.0 -0.0 0.0 12.65625 0.0 0.0 23.62109375 0.0 12.55078125 0.0 0.0 26.4921875 0.0 12.7265625 0.0 0.0 26.4921875 0.0 12.69140625 0.0 0.0 24.1953125 0.0 5.1515045166015625
8.119 -0.031496062992125984 -0.0078125 -0.0078125 0.0 0.0 -0.0 -0.0 0.0 12.65625 0.0 0.0 23.62109375 0.0 12.55078125 0.0 0.0 26.68359375 0.0 12.7265625 0.0 0.0 26.30078125 0.0 12.69140625 0.0 0.0 24.1953125 0.0 5.1515045166015625
8.3 -0.0 -0.0078125 -0.0078125 0.0 0.0 -0.0 -0.0 0.0 12.69140625 0.0 0.0 23.62109375 0.0 12.55078125 0.0 0.0 26.30078125 0.0 12.7265625 0.0 0.0 26.109375 0.0 12.69140625 0.0 0.0 24.1953125 0.0 5.1515045166015625
8.476 -0.0 -0.0078125 -0.0078125 0.0 0.0 -0.0 -0.0 0.0 12.65625 0.0 0.0 23.046875 0.0 12.55078125 0.0 0.0 26.4921875 0.0 12.7265625 0.0 0.0 26.4921875 0.0 12.69140625 0.0 0.0 23.4296875 0.0 5.1515045166015625
8.645 -0.0 -0.0078125 -0.0078125 0.0 0.0 -0.0 -0.0 0.0 12.65625 0.0 0.0 23.4296875 0.0 12.55078125 0.0 0.0 26.68359375 0.0 12.7265625 0.0 0.0 26.30078125 0.0 12.69140625 0.0 0.0 24.00390625 0.0 5.1417388916015625
8.815 -0.0 -0.0078125 -0.0078125 0.0 0.0 -0.0 -0.0 0.0 12.65625 0.0 0.0 23.62109375 0.0 12.515625 0.0 0.0 28.0234375 0.0 12.7265625 0.0 0.0 26.4921875 0.0 12.69140625 0.0 0.0 23.62109375 0.0 5.1417388916015625
8.986 -0.0 -0.0078125 -0.0078125 0.0 0.0 -0.0 -0.0 0.0 12.69140625 0.0 0.0 22.85546875 0.0 12.55078125 0.0 0.0 26.68359375 0.0 12.7265625 0.0 0.0 26.4921875 0.0 12.69140625 0.0 0.0 23.62109375 0.0 5.1515045166015625
9.157 0.0078125 -0.0078125 -0.0078125 0.0 0.0 -0.0 -0.0 0.0 12.65625 0.0 0.0 23.62109375 0.0 12.55078125 0.0 0.0 28.21484375 0.0 12.7265625 0.0 0.0 26.30078125 0.0 12.69140625 0.0 0.0 24.00390625 0.0 5.1515045166015625
9.334 0.0078125 -0.0078125 -0.0078125 0.0 0.0 -0.0 -0.0 0.0 12.69140625 0.0 0.0 24.1953125 0.0 12.55078125 0.0 0.0 27.06640625 0.0 12.7265625 0.0 0.0 26.4921875 0.0 12.69140625 0.0 0.0 24.1953125 0.0 5.1417388916015625
9.525 0.0078125 -0.0078125 0.0 0.0 0.0 -0.0 -0.0 0.0 12.69140625 0.0 0.0 23.4296875 0.0 12.55078125 0.0 0.0 26.109375 0.0 12.76171875 0.0 0.0 26.109375 0.0 12.69140625 0.0 0.0 24.00390625 0.0 5.1417388916015625
9.699 0.0078125 -0.0078125 0.0 0.0 0.0 -0.0 -0.0 0.0 12.65625 0.0 0.0 23.4296875 0.0 12.55078125 0.0 0.0 26.30078125 0.0 12.76171875 0.0 0.0 26.109375 0.0 12.69140625 0.0 0.0 23.62109375 0.0 5.1515045166015625
9.875 0.0078125 -0.0078125 0.0 0.0 0.0 -0.0 -0.0 0.0 12.69140625 0.0 0.0 23.8125 0.0 12.55078125 0.0 0.0 28.7890625 0.0 12.76171875 0.0 0.0 26.30078125 0.0 12.69140625 0.0 0.0 23.62109375 0.0 5.1515045166015625
10.047 0.0078125 -0.0078125 0.0 0.0 0.0 -0.0 -0.0 0.0 12.69140625 0.0 0.0 23.4296875 0.0 12.55078125 0.0 0.0 26.875 0.0 12.7265625 0.0 0.0 26.30078125 0.0 12.69140625 0.0 0.0 24.00390625 0.0 5.1515045166015625
10.22 0.0078125 -0.0078125 0.0 0.0 0.0 -0.0 -0.0 0.0 12.69140625 0.0 0.0 23.62109375 0.0 12.55078125 0.0 0.0 26.875 0.0 12.7265625 0.0 0.0 26.30078125 0.0 12.69140625 0.0 0.0 23.8125 0.0 5.1515045166015625
10.398 0.0078125 -0.0078125 0.0 0.0 0.0 -0.0 -0.0 0.0 12.69140625 0.0 0.0 23.62109375 0.0 12.5859375 0.0 0.0 26.30078125 0.0 12.76171875 0.0 0.0 26.30078125 0.0 12.69140625 0.0 0.0 23.62109375 0.0 5.1515045166015625
10.568 0.0078125 -0.0078125 0.0 0.0 0.0 -0.0 -0.0 0.0 12.69140625 0.0 0.0 24.00390625 0.0 12.55078125 0.0 0.0 26.68359375 0.0 12.76171875 0.0 0.0 26.68359375 0.0 12.7265625 0.0 0.0 24.38671875 0.0 5.1417388916015625
10.738 0.0078125 -0.0078125 0.0 0.0 0.0 -0.0 -0.0 0.0 12.69140625 0.0 0.0 23.62109375 0.0 12.55078125 0.0 0.0 27.2578125 0.0 12.76171875 0.0 0.0 26.109375 0.0 12.69140625 0.0 0.0 23.8125 0.0 5.1417388916015625
10.915 0.0078125 -0.0078125 0.0 0.0 0.0 -0.0 -0.0 0.0 12.65625 0.0 0.0 23.62109375 0.0 12.5859375 0.0 0.0 27.44921875 0.0 12.76171875 0.0 0.0 26.30078125 0.0 12.69140625 0.0 0.0 23.8125 0.0 5.1417388916015625
11.08 0.0078125 -0.0078125 0.0 0.0 0.0 -0.0 -0.0 0.0 12.69140625 0.0 0.0 23.8125 0.0 12.5859375 0.0 0.0 26.68359375 0.0 12.76171875 0.0 0.0 26.109375 0.0 12.69140625 0.0 0.0 23.8125 0.0 5.1515045166015625
11.246 0.0078125 -0.0078125 0.0 0.0 0.0 -0.0 -0.0 0.0 12.69140625 0.0 0.0 23.62109375 0.0 12.5859375 0.0 0.0 28.40625 0.0 12.76171875 0.0 0.0 26.4921875 0.0 12.69140625 0.0 0.0 24.1953125 0.0 5.161285400390625
11.418 0.0078125 -0.0078125 0.0 0.0 0.0 -0.0 -0.0 0.0 12.69140625 0.0 0.0 23.8125 0.0 12.5859375 0.0 0.0 26.875 0.0 12.76171875 0.0 0.0 26.68359375 0.0 12.69140625 0.0 0.0 24.578125 0.0 5.1515045166015625
11.598 0.0078125 -0.0078125 0.0 0.0 0.0 -0.0 -0.0 0.0 12.69140625 0.0 0.0 23.62109375 0.0 12.55078125 0.0 0.0 27.2578125 0.0 12.76171875 0.0 0.0 26.4921875 0.0 12.69140625 0.0 0.0 24.1953125 0.0 5.1417388916015625
11.777 0.0078125 -0.0078125 0.0 0.0 0.0 -0.0 -0.0 0.0 12.69140625 0.0 0.0 24.1953125 0.0 12.5859375 0.0 0.0 26.4921875 0.0 12.76171875 0.0 0.0 26.30078125 0.0 12.69140625 0.0 0.0 23.62109375 0.0 5.1417388916015625
11.946 0.0078125 -0.0078125 0.0 0.0 0.0 -0.0 -0.0 0.0 12.69140625 0.0 0.0 23.4296875 0.0 12.55078125 0.0 0.0 26.68359375 0.0 12.76171875 0.0 0.0 26.4921875 0.0 12.69140625 0.0 0.0 23.62109375 0.0 5.1417388916015625
12.115 0.0078125 -0.0078125 0.0 0.0 0.0 -0.0 -0.0 0.0 12.69140625 0.0 0.0 23.4296875 0.0 12.5859375 0.0 0.0 26.68359375 0.0 12.76171875 0.0 0.0 26.4921875 0.0 12.69140625 0.0 0.0 24.1953125 0.0 5.1515045166015625
12.295 0.0078125 -0.0078125 0.0 0.0 0.0 -0.0 -0.0 0.0 12.69140625 0.0 0.0 23.8125 0.0 12.5859375 0.0 0.0 27.2578125 0.0 12.76171875 0.0 0.0 26.68359375 0.0 12.69140625 0.0 0.0 23.8125 0.0 5.1515045166015625
12.456 0.0078125 -0.0078125 0.0 0.0 0.0 -0.0 -0.0 0.0 12.69140625 0.0 0.0 22.47265625 0.0 12.5859375 0.0 0.0 27.06640625 0.0 12.76171875 0.0 0.0 26.4921875 0.0 12.7265625 0.0 0.0 23.4296875 0.0 5.1515045166015625
12.639 0.0078125 -0.0078125 0.0 0.0 0.0 -0.0 -0.0 0.0 12.69140625 0.0 0.0 23.8125 0.0 12.5859375 0.0 0.0 27.2578125 0.0 12.76171875 0.0 0.0 26.68359375 0.0 12.69140625 0.0 0.0 24.76953125 0.0 5.1417388916015625
12.815 0.0078125 -0.0078125 0.0 0.0 0.0 -0.0 -0.0 0.0 12.69140625 0.0 0.0 24.00390625 0.0 12.5859375 0.0 0.0 27.06640625 0.0 12.76171875 0.0 0.0 26.4921875 0.0 12.7265625 0.0 0.0 24.1953125 0.0 5.1515045166015625
12.986 0.0078125 -0.0078125 0.0 0.0 0.0 -0.0 -0.0 0.0 12.69140625 0.0 0.0 23.23828125 0.0 12.5859375 0.0 0.0 27.06640625 0.0 12.76171875 0.0 0.0 26.68359375 0.0 12.7265625 0.0 0.0 24.578125 0.0 5.1515045166015625
13.158 0.0078125 -0.0078125 0.0 0.0 0.0 -0.0 -0.0 0.0 12.69140625 0.0 0.0 23.046875 0.0 12.5859375 0.0 0.0 27.44921875 0.0 12.76171875 0.0 0.0 26.30078125 0.0 12.7265625 0.0 0.0 23.62109375 0.0 5.1515045166015625
13.336 0.0078125 -0.0078125 0.0 0.0 0.0 -0.0 -0.0 0.0 12.69140625 0.0 0.0 24.00390625 0.0 12.5859375 0.0 0.0 27.44921875 0.0 12.76171875 0.0 0.0 25.91796875 0.0 12.69140625 0.0 0.0 24.00390625 0.0 5.1515045166015625
13.513 0.0078125 -0.0078125 0.0 0.0 0.0 -0.0 -0.0 0.0 12.69140625 0.0 0.0 23.4296875 0.0 12.5859375 0.0 0.0 26.30078125 0.0 12.76171875 0.0 0.0 26.109375 0.0 12.69140625 0.0 0.0 24.1953125 0.0 5.1515045166015625
13.688 0.0078125 -0.0078125 0.0 0.0 0.0 -0.0 -0.0 0.0 12.69140625 0.0 0.0 23.62109375 0.0 12.5859375 0.0 0.0 27.06640625 0.0 12.76171875 0.0 0.0 26.30078125 0.0 12.7265625 0.0 0.0 23.8125 0.0 5.1417388916015625
13.863 0.0078125 -0.0078125 0.0 0.0 0.0 -0.0 -0.0 0.0 12.69140625 0.0 0.0 23.4296875 0.0 12.5859375 0.0 0.0 26.875 0.0 12.76171875 0.0 0.0 26.30078125 0.0 12.69140625 0.0 0.0 23.8125 0.0 5.1417388916015625
14.035 0.0078125 -0.0078125 0.0 0.0 0.0 -0.0 -0.0 0.0 12.69140625 0.0 0.0 23.4296875 0.0 12.5859375 0.0 0.0 26.4921875 0.0 12.76171875 0.0 0.0 26.4921875 0.0 12.7265625 0.0 0.0 24.00390625 0.0 5.1417388916015625
14.214 0.0078125 -0.0078125 0.0 0.0 0.0 -0.0 -0.0 0.0 12.69140625 0.0 0.0 23.62109375 0.0 12.5859375 0.0 0.0 27.06640625 0.0 12.76171875 0.0 0.0 26.30078125 0.0 12.69140625 0.0 0.0 24.1953125 0.0 5.1515045166015625
14.394 0.0078125 -0.0078125 0.0 0.0 0.0 -0.0 -0.0 0.0 12.69140625 0.0 0.0 24.38671875 0.0 12.5859375 0.0 0.0 26.875 0.0 12.76171875 0.0 0.0 26.4921875 0.0 12.7265625 0.0 0.0 23.8125 0.0 5.1515045166015625
14.565 0.0078125 -0.0078125 0.0 0.0 0.0 -0.0 -0.0 0.0 12.69140625 0.0 0.0 23.23828125 0.0 12.5859375 0.0 0.0 26.4921875 0.0 12.76171875 0.0 0.0 26.30078125 0.0 12.7265625 0.0 0.0 24.00390625 0.0 5.1417388916015625
14.744 -0.05511811023622047 -0.0078125 0.0 0.0 0.0 -0.0 -0.0 0.0 12.69140625 0.0 0.0 23.8125 0.0 12.5859375 0.0 0.0 25.91796875 0.0 12.76171875 0.0 0.0 26.4921875 0.0 12.7265625 0.0 0.0 24.00390625 0.0 5.1515045166015625
