Timestamp Driver_Joy_Y Driver_Joy_X Driver_Joy_W FL_Out BL_Out BR_Out FR_Out FL_Jag_Speed FL_Bus_Voltage FL_Out_Voltage FL_Out_Current FL_Temp BL_Jag_Speed BL_Bus_Voltage BL_Out_Voltage BL_Out_Current BL_Temp BR_Jag_Speed BR_Bus_Voltage BR_Out_Voltage BR_Out_Current BR_Temp FR_Jag_Speed FR_Bus_Voltage FR_Out_Voltage FR_Out_Current FR_Temp
280.918 -0.0 -0.0390625 0.0 0.0 0.0 -0.0 -0.0 0.0 12.19921875 0.0 0.0 24.9609375 0.0 12.09375 0.0 0.0 28.7890625 0.0 12.3046875 0.0 0.0 28.7890625 0.0 12.19921875 0.0 0.0 24.76953125 0.0 5.796661376953125
281.083 -0.0 0.0 0.0 0.0 0.0 -0.0 -0.0 0.0 12.1640625 0.0 0.0 24.76953125 0.0 12.09375 0.0 0.0 27.640625 0.0 12.3046875 0.0 0.0 28.21484375 0.0 12.1640625 0.0 0.0 25.34375 0.0 5.796661376953125
281.262 -0.0 0.0 0.0 0.0 0.0 -0.0 -0.0 0.0 12.12890625 0.0 0.0 25.15234375 0.0 11.98828125 0.0 0.0 28.98046875 0.0 12.234375 0.0 0.0 28.0234375 0.0 12.19921875 0.0 0.0 25.15234375 0.0 5.8064422607421875
281.434 -0.0 0.0 0.0 0.0 0.0 -0.0 -0.0 0.0 12.1640625 0.0 0.0 24.76953125 0.0 12.09375 0.0 0.0 29.36328125 0.0 12.26953125 0.0 0.0 27.83203125 0.0 12.12890625 0.0 0.0 24.76953125 0.0 5.8064422607421875
281.602 -0.0 0.0 0.0 0.0 0.0 -0.0 -0.0 0.0 12.12890625 0.0 0.0 25.53515625 0.0 11.98828125 0.0 0.0 28.7890625 0.0 12.1640625 0.0 0.0 28.0234375 0.0 12.12890625 0.0 0.0 25.34375 0.0 5.8064422607421875
281.775 -0.0 0.0 0.0 0.0 0.0 -0.0 -0.0 0.0 12.1640625 0.0 0.0 24.76953125 0.0 12.09375 0.0 0.0 29.171875 0.0 12.26953125 0.0 0.0 27.83203125 0.0 12.09375 0.0 0.0 25.7265625 0.0 5.8064422607421875
281.942 -0.0 0.0 0.0 0.0 0.0 -0.0 -0.0 0.0 12.12890625 0.0 0.0 25.15234375 0.0 11.953125 0.0 0.0 28.40625 0.0 12.234375 0.0 0.0 28.59765625 0.0 12.19921875 0.0 0.0 25.34375 0.0 5.81622314453125
282.116 -0.0 0.0 0.0 0.0 0.0 -0.0 -0.0 0.0 12.1640625 0.0 0.0 25.15234375 0.0 12.05859375 0.0 0.0 28.59765625 0.0 12.234375 0.0 0.0 28.98046875 0.0 12.19921875 0.0 0.0 24.38671875 0.0 5.8064422607421875
282.278 -0.0 0.0 0.0 0.0 0.0 -0.0 -0.0 0.0 12.12890625 0.0 0.0 25.34375 0.0 11.953125 0.0 0.0 28.59765625 0.0 12.1640625 0.0 0.0 28.21484375 0.0 12.09375 0.0 0.0 25.34375 0.0 5.8064422607421875
282.442 -0.0 0.0 0.0 0.0 0.0 -0.0 -0.0 0.0 12.1640625 0.0 0.0 25.15234375 0.0 12.05859375 0.0 0.0 28.21484375 0.0 12.19921875 0.0 0.0 28.21484375 0.0 12.12890625 0.0 0.0 25.15234375 0.0 5.8064422607421875
282.618 -0.0 0.0 0.0 0.0 0.0 -0.0 -0.0 0.0 12.12890625 0.0 0.0 25.53515625 0.0 12.0234375 0.0 0.0 28.59765625 0.0 12.234375 0.0 0.0 28.21484375 0.0 12.12890625 0.0 0.0 25.15234375 0.0 5.8064422607421875
282.784 -0.0 0.0 -0.0078125 0.0 0.0 -0.0 -0.0 0.0 12.19921875 0.0 0.0 25.15234375 0.0 12.05859375 0.0 0.0 28.59765625 0.0 12.19921875 0.0 0.0 28.21484375 0.0 12.1640625 0.0 0.0 24.9609375 0.0 5.8064422607421875
282.963 0.0234375 -0.0390625 0.0 0.0 0.0 -0.0 -0.0 0.0 12.19921875 0.0 0.0 26.109375 0.0 12.05859375 0.0 0.0 28.40625 0.0 12.0234375 0.0 0.0 28.21484375 0.0 12.0234375 0.0 0.0 25.15234375 0.0 5.796661376953125
283.133 0.5 -0.0390625 0.0 0.14218749999999997 0.14218750000000002 -0.14218749999999997 -0.14218750000000002 0.0 11.8125 1.68359375 10.578125 24.76953125 0.0 11.109375 1.5859375 12.41796875 28.59765625 -16.223953247070312 11.6015625 -1.63671875 7.296875 28.21484375 0.0 11.49609375 -1.6015625 6.375 24.9609375 0.0 5.796661376953125
283.314 0.6796875 0.031496062992125984 0.0 0.38593749999999993 0.38593750000000004 -0.38593749999999993 -0.38593750000000004 -6.0576171875 10.93359375 4.17578125 15.9609375 24.76953125 0.0 11.8828125 4.54296875 22.00390625 28.21484375 -63.88287353515625 10.93359375 -4.234375 16.2265625 28.21484375 0.0 10.96875 -4.27734375 13.9921875 24.76953125 0.0 5.845550537109375
283.498 0.6796875 0.031496062992125984 -0.0859375 0.441796875 0.4417968750000001 -0.441796875 -0.4417968750000001 28.870437622070312 10.86328125 4.859375 14.51953125 23.8125 0.0 11.35546875 5.18359375 21.08203125 28.59765625 -117.48507690429688 11.14453125 -4.94140625 14.25390625 28.0234375 0.0 11.390625 -4.91015625 13.73046875 25.34375 0.0 5.8064422607421875
283.686 0.6796875 0.031496062992125984 -0.3828125 0.391015625 0.2894531250000001 -0.594140625 -0.4925781250000001 108.82502746582031 11.25 4.37109375 8.87109375 24.76953125 0.0 11.00390625 3.18359375 3.8828125 28.21484375 -169.62628173828125 11.1796875 -6.6015625 17.66796875 28.40625 0.0 11.3203125 -5.47265625 10.578125 24.578125 0.0 5.8064422607421875
283.865 0.6796875 0.031496062992125984 -0.3203125 0.34609375 0.1546875000000001 -0.72890625 -0.5375000000000001 -43.66265869140625 11.25 3.8671875 5.71875 25.15234375 0.0 11.35546875 1.75390625 0.0 28.21484375 -234.4608612060547 11.14453125 -7.99609375 20.8203125 28.59765625 0.0 11.25 -6.046875 10.83984375 25.15234375 0.0 5.82598876953125
284.045 0.6796875 0.031496062992125984 -0.2421875 0.371484375 0.2308593750000001 -0.652734375 -0.5121093750000001 -23.1329345703125 11.390625 4.23046875 6.90234375 24.76953125 0.0 11.3203125 2.6015625 1.25390625 29.5546875 -207.35459899902344 11.109375 -7.3671875 14.125 28.21484375 0.0 11.35546875 -5.890625 8.4765625 24.578125 0.0 5.8357696533203125
284.247 0.6796875 0.031496062992125984 -0.140625 0.391015625 0.2894531250000001 -0.594140625 -0.4925781250000001 18.756134033203125 11.53125 4.51953125 7.1640625 24.578125 0.0 11.21484375 3.265625 3.09375 28.98046875 -242.5314178466797 11.4609375 -6.76953125 12.546875 28.7890625 0.0 11.49609375 -5.734375 7.69140625 24.578125 0.0 5.845550537109375
284.425 0.609375 0.031496062992125984 -0.0078125 0.40624999999999994 0.40625000000000006 -0.40624999999999994 -0.40625000000000006 -53.72508239746094 11.63671875 4.7109375 7.55859375 24.578125 0.0 10.86328125 4.46875 7.296875 28.40625 -194.53872680664062 11.77734375 -4.7578125 5.8515625 28.40625 0.0 11.77734375 -4.7578125 4.66796875 24.9609375 0.0 5.845550537109375
284.606 0.609375 0.031496062992125984 0.0 0.39609375 0.39609375000000013 -0.39609375 -0.39609375000000013 57.13604736328125 11.70703125 4.6484375 5.71875 24.38671875 0.0 11.109375 4.46875 6.11328125 28.21484375 -168.5171356201172 11.70703125 -4.6796875 5.58984375 28.7890625 0.0 11.8125 -4.6796875 4.40625 25.15234375 0.0 5.8357696533203125
284.796 0.609375 0.031496062992125984 0.0 0.39609375 0.39609375000000013 -0.39609375 -0.39609375000000013 158.9009246826172 11.63671875 4.6484375 6.375 25.34375 0.0 11.3203125 4.3828125 7.296875 28.40625 -181.11497497558594 11.84765625 -4.66796875 5.71875 28.40625 0.0 11.77734375 -4.66796875 5.45703125 25.53515625 0.0 5.8357696533203125
284.986 0.609375 0.031496062992125984 0.0 0.39609375 0.39609375000000013 -0.39609375 -0.39609375000000013 -2.9365692138671875 11.70703125 4.62109375 5.45703125 24.76953125 0.0 11.14453125 4.46875 5.984375 28.7890625 -162.92587280273438 11.70703125 -4.6796875 5.984375 28.21484375 0.0 11.70703125 -4.6796875 5.1953125 24.9609375 0.0 5.8357696533203125
285.165 0.609375 0.031496062992125984 0.0 0.39609375 0.39609375000000013 -0.39609375 -0.39609375000000013 21.512359619140625 11.8125 4.59375 6.11328125 25.15234375 0.0 11.21484375 4.453125 5.1953125 28.0234375 -208.60494995117188 11.671875 -4.66796875 5.984375 28.21484375 0.0 11.70703125 -4.6796875 5.32421875 25.15234375 0.0 5.845550537109375
285.352 0.609375 0.031496062992125984 0.0 0.39609375 0.39609375000000013 -0.39609375 -0.39609375000000013 -33.679779052734375 11.7421875 4.6640625 5.32421875 24.76953125 0.0 11.21484375 4.5078125 5.45703125 28.7890625 -196.923095703125 11.70703125 -4.6953125 7.42578125 28.40625 0.0 11.70703125 -4.63671875 5.0625 24.9609375 0.0 5.8064422607421875
285.526 0.609375 0.031496062992125984 0.0 0.39609375 0.39609375000000013 -0.39609375 -0.39609375000000013 -26.980133056640625 11.70703125 4.60546875 5.32421875 25.34375 0.0 11.3203125 4.453125 6.11328125 28.0234375 -175.4065399169922 11.63671875 -4.63671875 7.1640625 28.21484375 0.0 11.70703125 -4.65234375 4.66796875 25.53515625 0.0 5.82598876953125
285.706 0.59375 0.031496062992125984 0.0 0.39609375 0.39609375000000013 -0.39609375 -0.39609375000000013 8.524444580078125 11.671875 4.6484375 7.03125 24.9609375 0.0 11.1796875 4.3984375 7.953125 27.2578125 -166.6956024169922 11.8125 -4.66796875 6.5078125 27.83203125 0.0 12.05859375 -4.77734375 5.45703125 24.9609375 0.0 5.81622314453125
285.886 0.59375 0.031496062992125984 0.0 0.38593749999999993 0.38593750000000004 -0.38593749999999993 -0.38593750000000004 -61.81980895996094 12.05859375 4.625 7.296875 26.30078125 0.0 11.42578125 4.39453125 6.5078125 28.0234375 -170.06951904296875 12.0234375 -4.65625 6.90234375 28.21484375 0.0 12.0234375 -4.66796875 5.1953125 25.34375 0.0 5.81622314453125
286.066 0.59375 0.031496062992125984 0.0 0.38593749999999993 0.38593750000000004 -0.38593749999999993 -0.38593750000000004 16.822189331054688 12.05859375 4.6640625 6.11328125 25.34375 0.0 11.63671875 4.39453125 7.69140625 28.0234375 -176.82814025878906 12.09375 -4.65625 6.11328125 28.0234375 0.0 12.09375 -4.65625 5.8515625 24.9609375 0.0 5.82598876953125
286.246 0.5390625 0.031496062992125984 0.0 0.38593749999999993 0.38593750000000004 -0.38593749999999993 -0.38593750000000004 -16.876663208007812 11.98828125 4.63671875 5.8515625 24.9609375 0.0 11.4609375 4.421875 6.375 28.40625 -199.25279235839844 12.1640625 -4.73828125 5.58984375 28.21484375 0.0 12.19921875 -4.73828125 6.24609375 24.76953125 0.0 5.8064422607421875
286.435 -0.06299212598425197 -0.0390625 0.0 0.2234375 0.22343750000000007 -0.2234375 -0.22343750000000007 -2.6837310791015625 12.48046875 2.77734375 0.0 24.76953125 0.0 12.3046875 2.75390625 0.0 30.3203125 -151.98291015625 12.48046875 -2.7890625 0.0 28.21484375 0.0 12.48046875 -2.78125 0.0 24.76953125 0.0 5.81622314453125
286.605 -0.007874015748031496 -0.0390625 0.0 0.0 0.0 -0.0 -0.0 10.812759399414062 12.4453125 0.0 0.0 24.76953125 0.0 12.33984375 0.0 0.0 28.0234375 -124.86180114746094 12.515625 0.0 0.0 28.0234375 0.0 12.4453125 0.0 0.0 25.34375 0.0 5.796661376953125
286.783 -0.09448818897637795 -0.0390625 0.0 0.0 0.0 -0.0 -0.0 0.0 12.4453125 0.0 0.0 24.9609375 0.0 12.3046875 0.0 0.0 28.59765625 -97.7322998046875 12.515625 0.0 0.0 29.171875 0.0 12.48046875 0.0 0.0 25.15234375 0.0 5.8064422607421875
286.963 -0.09448818897637795 -0.0390625 0.0 0.0 0.0 -0.0 -0.0 45.923675537109375 12.4453125 0.0 0.0 25.7265625 0.0 12.33984375 0.0 0.0 28.21484375 -50.86766052246094 12.55078125 0.0 0.0 28.0234375 0.0 12.48046875 0.0 0.0 25.53515625 0.0 5.8064422607421875
287.13 -0.09448818897637795 -0.0390625 0.0 0.0 0.0 -0.0 -0.0 -3.4599609375 12.48046875 0.0 0.0 24.76953125 0.0 12.375 0.0 0.0 28.98046875 -22.629226684570312 12.55078125 0.0 0.0 28.98046875 0.0 12.48046875 0.0 0.0 25.53515625 0.0 5.8064422607421875
287.316 -0.09448818897637795 -0.0390625 0.0 0.0 0.0 -0.0 -0.0 -5.6521453857421875 12.48046875 0.0 0.0 24.9609375 0.0 12.375 0.0 0.0 27.83203125 -4.66326904296875 12.55078125 0.0 0.0 28.21484375 0.0 12.48046875 0.0 0.0 25.34375 0.0 5.8064422607421875
287.494 -0.11023622047244094 -0.0390625 0.0 0.0 0.0 -0.0 -0.0 0.0 12.48046875 0.0 0.0 24.76953125 0.0 12.375 0.0 0.0 28.40625 3.9175262451171875 12.55078125 0.0 0.0 28.59765625 0.0 12.48046875 0.0 0.0 25.7265625 0.0 5.81622314453125
287.664 -0.047244094488188976 -0.0390625 0.0 0.0 0.0 -0.0 -0.0 0.0 12.48046875 0.0 0.0 24.76953125 0.0 12.375 0.0 0.0 28.7890625 0.0 12.55078125 0.0 0.0 28.40625 0.0 12.515625 0.0 0.0 24.76953125 0.0 5.8064422607421875
287.824 -0.0 -0.0390625 0.0 0.0 0.0 -0.0 -0.0 0.0 12.48046875 0.0 0.0 25.15234375 0.0 12.375 0.0 0.0 28.7890625 0.0 12.55078125 0.0 0.0 28.21484375 0.0 12.48046875 0.0 0.0 24.9609375 0.0 5.8064422607421875
287.995 -0.0 -0.0390625 0.0 0.0 0.0 -0.0 -0.0 0.0 12.515625 0.0 0.0 24.9609375 0.0 12.41015625 0.0 0.0 28.21484375 0.0 12.55078125 0.0 0.0 28.40625 0.0 12.48046875 0.0 0.0 24.76953125 0.0 5.796661376953125
288.173 -0.0 -0.0390625 0.0 0.0 0.0 -0.0 -0.0 0.0 12.515625 0.0 0.0 24.9609375 0.0 12.375 0.0 0.0 28.59765625 0.0 12.5859375 0.0 0.0 28.21484375 0.0 12.515625 0.0 0.0 25.53515625 0.0 5.8064422607421875
288.337 -0.0 -0.0390625 0.0 0.0 0.0 -0.0 -0.0 0.0 12.515625 0.0 0.0 24.9609375 0.0 12.41015625 0.0 0.0 28.59765625 0.0 12.5859375 0.0 0.0 28.21484375 0.0 12.515625 0.0 0.0 24.9609375 0.0 5.8064422607421875
288.503 -0.0 -0.0390625 0.0 0.0 0.0 -0.0 -0.0 0.0 12.515625 0.0 0.0 24.9609375 0.0 12.375 0.0 0.0 28.59765625 0.0 12.55078125 0.0 0.0 28.7890625 0.0 12.515625 0.0 0.0 24.9609375 0.0 5.81622314453125
S: 154816940176 Toggled Solenoid
288.677 -0.0 -0.0390625 0.0 0.0 0.0 -0.0 -0.0 0.0 12.515625 0.0 0.0 24.9609375 0.0 12.41015625 0.0 0.0 28.59765625 0.0 12.5859375 0.0 0.0 28.98046875 0.0 12.55078125 0.0 0.0 24.9609375 0.0 5.8064422607421875
288.855 -0.0 -0.0390625 0.0 0.0 0.0 -0.0 -0.0 0.0 12.515625 0.0 0.0 26.4921875 0.0 12.41015625 0.0 0.0 28.0234375 0.0 12.55078125 0.0 0.0 28.40625 0.0 12.515625 0.0 0.0 24.76953125 0.0 5.8064422607421875
289.032 -0.0 -0.0390625 0.0 0.0 0.0 -0.0 -0.0 0.0 12.515625 0.0 0.0 24.9609375 0.0 12.41015625 0.0 0.0 29.36328125 0.0 12.5859375 0.0 0.0 28.40625 0.0 12.515625 0.0 0.0 25.53515625 0.0 5.8064422607421875
289.201 -0.0 -0.0390625 0.0 0.0 0.0 -0.0 -0.0 0.0 12.55078125 0.0 0.0 25.34375 0.0 12.41015625 0.0 0.0 28.59765625 0.0 12.5859375 0.0 0.0 28.40625 0.0 12.55078125 0.0 0.0 25.15234375 0.0 5.8064422607421875
289.373 -0.0 -0.0390625 0.0 0.0 0.0 -0.0 -0.0 0.0 12.515625 0.0 0.0 24.76953125 0.0 12.41015625 0.0 0.0 28.7890625 0.0 12.5859375 0.0 0.0 27.640625 0.0 12.515625 0.0 0.0 24.578125 0.0 5.8064422607421875
289.542 -0.0 -0.0390625 0.0 0.0 0.0 -0.0 -0.0 0.0 12.55078125 0.0 0.0 24.9609375 0.0 12.41015625 0.0 0.0 29.36328125 0.0 12.5859375 0.0 0.0 27.83203125 0.0 12.55078125 0.0 0.0 25.15234375 0.0 5.8064422607421875
289.713 -0.0 -0.0390625 0.0 0.0 0.0 -0.0 -0.0 0.0 12.55078125 0.0 0.0 24.76953125 0.0 12.41015625 0.0 0.0 28.40625 0.0 12.5859375 0.0 0.0 27.83203125 0.0 12.55078125 0.0 0.0 25.34375 0.0 5.796661376953125
289.881 -0.0 -0.0390625 0.0 0.0 0.0 -0.0 -0.0 0.0 12.515625 0.0 0.0 24.9609375 0.0 12.4453125 0.0 0.0 28.98046875 13.196914672851562 12.5859375 0.0 0.0 28.40625 0.0 12.55078125 0.0 0.0 25.15234375 0.0 5.8064422607421875
290.053 -0.0 -0.0390625 0.0 0.0 0.0 -0.0 -0.0 0.0 12.515625 0.0 0.0 24.76953125 0.0 12.41015625 0.0 0.0 28.98046875 3.6344146728515625 12.5859375 0.0 0.0 28.21484375 0.0 12.55078125 0.0 0.0 25.34375 0.0 5.8064422607421875
290.236 -0.0 -0.0390625 0.0 0.0 0.0 -0.0 -0.0 0.0 12.515625 0.0 0.0 24.76953125 0.0 12.41015625 0.0 0.0 28.98046875 -2.4328765869140625 12.5859375 0.0 0.0 28.0234375 0.0 12.55078125 0.0 0.0 25.34375 0.0 5.8064422607421875
290.403 -0.0 -0.0390625 0.0 0.0 0.0 -0.0 -0.0 0.0 12.55078125 0.0 0.0 24.578125 0.0 12.4453125 0.0 0.0 28.21484375 0.0 12.62109375 0.0 0.0 28.21484375 0.0 12.55078125 0.0 0.0 25.53515625 0.0 5.796661376953125
290.561 -0.0 -0.0390625 0.0 0.0 0.0 -0.0 -0.0 0.0 12.515625 0.0 0.0 24.00390625 0.0 12.4453125 0.0 0.0 28.59765625 0.0 12.5859375 0.0 0.0 28.40625 0.0 12.55078125 0.0 0.0 25.34375 0.0 5.8064422607421875
290.736 -0.0 -0.0390625 0.0 0.0 0.0 -0.0 -0.0 0.0 12.55078125 0.0 0.0 24.76953125 0.0 12.41015625 0.0 0.0 28.7890625 0.0 12.5859375 0.0 0.0 28.98046875 0.0 12.55078125 0.0 0.0 25.53515625 0.0 5.8064422607421875
290.915 -0.0 -0.0390625 0.0 0.0 0.0 -0.0 -0.0 0.0 12.55078125 0.0 0.0 24.9609375 0.0 12.4453125 0.0 0.0 27.44921875 0.0 12.62109375 0.0 0.0 28.0234375 0.0 12.55078125 0.0 0.0 24.9609375 0.0 5.8064422607421875
291.093 -0.0 -0.0390625 0.0 0.0 0.0 -0.0 -0.0 0.0 12.55078125 0.0 0.0 24.578125 0.0 12.4453125 0.0 0.0 28.59765625 0.0 12.62109375 0.0 0.0 28.21484375 0.0 12.55078125 0.0 0.0 24.9609375 0.0 5.796661376953125
291.263 -0.0 -0.0390625 0.0 0.0 0.0 -0.0 -0.0 0.0 12.55078125 0.0 0.0 25.53515625 0.0 12.4453125 0.0 0.0 29.5546875 0.0 12.5859375 0.0 0.0 28.21484375 0.0 12.55078125 0.0 0.0 24.9609375 0.0 5.8064422607421875
291.434 -0.0 -0.0390625 0.0 0.0 0.0 -0.0 -0.0 0.0 12.55078125 0.0 0.0 24.38671875 0.0 12.4453125 0.0 0.0 28.40625 0.0 12.62109375 0.0 0.0 28.7890625 0.0 12.55078125 0.0 0.0 25.7265625 0.0 5.8064422607421875
291.601 -0.0 -0.0390625 0.0 0.0 0.0 -0.0 -0.0 0.0 12.55078125 0.0 0.0 25.7265625 0.0 12.4453125 0.0 0.0 28.21484375 0.0 12.62109375 0.0 0.0 28.21484375 0.0 12.5859375 0.0 0.0 24.9609375 0.0 5.8064422607421875
291.772 -0.0 -0.0390625 0.0 0.0 0.0 -0.0 -0.0 0.0 12.55078125 0.0 0.0 25.7265625 0.0 12.4453125 0.0 0.0 28.21484375 0.0 12.62109375 0.0 0.0 28.0234375 0.0 12.5859375 0.0 0.0 25.34375 0.0 5.8064422607421875
291.941 -0.0 -0.0390625 0.0 0.0 0.0 -0.0 -0.0 0.0 12.55078125 0.0 0.0 24.76953125 0.0 12.4453125 0.0 0.0 28.40625 0.0 12.62109375 0.0 0.0 28.40625 0.0 12.55078125 0.0 0.0 25.7265625 0.0 5.8064422607421875
292.115 -0.0 -0.0390625 0.0 0.0 0.0 -0.0 -0.0 0.0 12.55078125 0.0 0.0 24.578125 0.0 12.4453125 0.0 0.0 28.21484375 0.0 12.62109375 0.0 0.0 28.0234375 0.0 12.5859375 0.0 0.0 25.15234375 0.0 5.8064422607421875
292.283 -0.0 -0.0390625 0.0 0.0 0.0 -0.0 -0.0 0.0 12.55078125 0.0 0.0 24.9609375 0.0 12.4453125 0.0 0.0 28.40625 0.0 12.62109375 0.0 0.0 28.21484375 0.0 12.55078125 0.0 0.0 24.9609375 0.0 5.8064422607421875
292.452 -0.0 -0.0390625 0.0 0.0 0.0 -0.0 -0.0 0.0 12.55078125 0.0 0.0 25.15234375 0.0 12.4453125 0.0 0.0 28.98046875 0.0 12.62109375 0.0 0.0 28.40625 0.0 12.5859375 0.0 0.0 25.15234375 0.0 5.8064422607421875
292.638 -0.0 -0.0390625 0.0 0.0 0.0 -0.0 -0.0 0.0 12.55078125 0.0 0.0 24.00390625 0.0 12.4453125 0.0 0.0 27.640625 0.0 12.65625 0.0 0.0 28.21484375 0.0 12.5859375 0.0 0.0 24.9609375 0.0 5.8064422607421875
292.816 -0.0 -0.0390625 0.0 0.0 0.0 -0.0 -0.0 0.0 12.55078125 0.0 0.0 24.578125 0.0 12.4453125 0.0 0.0 28.98046875 0.0 12.62109375 0.0 0.0 28.40625 0.0 12.55078125 0.0 0.0 25.15234375 0.0 5.8064422607421875
292.983 -0.0 -0.0390625 0.0 0.0 0.0 -0.0 -0.0 0.0 12.55078125 0.0 0.0 24.9609375 0.0 12.4453125 0.0 0.0 29.74609375 0.0 12.62109375 0.0 0.0 28.59765625 0.0 12.5859375 0.0 0.0 25.15234375 0.0 5.8064422607421875
293.155 -0.0 -0.0390625 0.0 0.0 0.0 -0.0 -0.0 0.0 12.5859375 0.0 0.0 25.15234375 0.0 12.4453125 0.0 0.0 28.40625 0.0 12.62109375 0.0 0.0 28.40625 0.0 12.5859375 0.0 0.0 24.9609375 0.0 5.8064422607421875
293.334 -0.0 -0.0390625 0.0 0.0 0.0 -0.0 -0.0 0.0 12.55078125 0.0 0.0 24.9609375 0.0 12.4453125 0.0 0.0 29.36328125 0.0 12.62109375 0.0 0.0 29.171875 0.0 12.5859375 0.0 0.0 25.53515625 0.0 5.8064422607421875
293.501 -0.0 -0.0390625 0.0 0.0 0.0 -0.0 -0.0 0.0 12.55078125 0.0 0.0 24.38671875 0.0 12.4453125 0.0 0.0 28.7890625 0.0 12.62109375 0.0 0.0 28.0234375 0.0 12.55078125 0.0 0.0 24.9609375 0.0 5.8064422607421875
293.672 -0.0 -0.0390625 0.0 0.0 0.0 -0.0 -0.0 0.0 12.55078125 0.0 0.0 24.76953125 0.0 12.4453125 0.0 0.0 28.7890625 0.0 12.62109375 0.0 0.0 28.40625 0.0 12.5859375 0.0 0.0 24.9609375 0.0 5.8064422607421875
293.844 -0.0 -0.0390625 0.0 0.0 0.0 -0.0 -0.0 0.0 12.55078125 0.0 0.0 24.76953125 0.0 12.4453125 0.0 0.0 27.2578125 0.0 12.62109375 0.0 0.0 28.7890625 0.0 12.55078125 0.0 0.0 25.15234375 0.0 5.81622314453125
294.015 -0.0 -0.0390625 0.0 0.0 0.0 -0.0 -0.0 0.0 12.55078125 0.0 0.0 24.76953125 0.0 12.4453125 0.0 0.0 28.40625 0.0 12.62109375 0.0 0.0 27.83203125 0.0 12.5859375 0.0 0.0 25.34375 0.0 5.81622314453125
294.193 -0.0 -0.0390625 0.0 0.0 0.0 -0.0 -0.0 0.0 12.55078125 0.0 0.0 25.7265625 0.0 12.4453125 0.0 0.0 28.21484375 0.0 12.62109375 0.0 0.0 28.7890625 0.0 12.55078125 0.0 0.0 24.9609375 0.0 5.8064422607421875
294.363 -0.0 -0.0390625 0.0 0.0 0.0 -0.0 -0.0 0.0 12.55078125 0.0 0.0 24.578125 0.0 12.4453125 0.0 0.0 28.21484375 0.0 12.65625 0.0 0.0 28.40625 0.0 12.5859375 0.0 0.0 25.15234375 0.0 5.81622314453125
294.538 -0.0 -0.0390625 0.0 0.0 0.0 -0.0 -0.0 0.0 12.55078125 0.0 0.0 25.34375 0.0 12.4453125 0.0 0.0 28.21484375 0.0 12.62109375 0.0 0.0 28.0234375 0.0 12.55078125 0.0 0.0 25.15234375 0.0 5.8064422607421875
294.716 -0.0 -0.0390625 0.0 0.0 0.0 -0.0 -0.0 0.0 12.55078125 0.0 0.0 24.9609375 0.0 12.4453125 0.0 0.0 28.21484375 0.0 12.62109375 0.0 0.0 28.21484375 0.0 12.5859375 0.0 0.0 25.15234375 0.0 5.8064422607421875
294.895 0.0078125 0.05511811023622047 0.0 0.0 0.0 -0.0 -0.0 0.0 12.55078125 0.0 0.0 24.9609375 0.0 12.4453125 0.0 0.0 28.7890625 0.0 12.5859375 0.0 0.0 28.0234375 0.0 12.55078125 0.0 0.0 24.76953125 0.0 5.8064422607421875
295.072 0.125 0.29133858267716534 0.0 -0.1279527559055118 0.12795275590551186 0.1279527559055118 -0.12795275590551186 0.0 12.33984375 -1.5859375 10.4453125 24.38671875 0.0 11.671875 1.48046875 14.125 28.21484375 0.0 11.953125 1.52734375 9.3984375 28.40625 0.0 12.0234375 -1.52734375 9.66015625 24.9609375 0.0 5.82598876953125
295.251 0.2734375 0.29133858267716534 0.07086614173228346 -0.33927335386647606 0.11735948502227586 0.33927335386647606 -0.11735948502227586 0.0 11.63671875 -3.92578125 24.234375 23.23828125 0.0 11.21484375 1.3125 14.91015625 28.40625 10.712905883789062 11.21484375 3.80078125 21.87109375 28.0234375 0.0 11.91796875 -1.39453125 7.69140625 24.9609375 0.0 5.81622314453125
295.431 0.328125 0.25196850393700787 0.09448818897637795 -0.35687783577124754 -0.0010491551326878845 0.35687783577124754 0.0010491551326878845 0.0 11.63671875 -4.16796875 21.4765625 24.578125 0.0 11.91796875 0.0 0.0 28.40625 30.458786010742188 11.07421875 3.9375 21.21484375 28.0234375 0.0 11.91796875 0.0 0.0 25.34375 0.0 5.8064422607421875
295.605 0.625 0.5196850393700787 0.09448818897637795 -0.4617238629794872 0.019221476649014663 0.4617238629794872 -0.019221476649014663 0.0 11.07421875 -5.1796875 26.203125 24.9609375 0.0 11.671875 0.0 0.0 28.59765625 79.55415344238281 10.40625 4.70703125 21.87109375 27.640625 0.0 11.3203125 0.0 0.0 24.578125 0.0 5.8064422607421875
295.785 0.5234375 0.5196850393700787 0.11023622047244094 -0.7866522614654291 0.019918101427641166 0.7866522614654291 -0.019918101427641166 21.667129516601562 10.0546875 -7.8828125 42.75 23.62109375 0.0 10.6171875 0.0 0.0 28.0234375 159.40223693847656 9.24609375 7.35546875 33.42578125 27.44921875 0.0 11.1796875 0.0 0.0 25.15234375 0.0 5.796661376953125
295.965 0.484375 0.47244094488188976 0.11023622047244094 -0.6682126216767422 0.009409595640863633 0.6682126216767422 -0.009409595640863633 -8.437515258789062 10.79296875 -7.30859375 29.35546875 24.76953125 0.0 11.1796875 0.0 0.0 28.21484375 177.6955108642578 10.546875 7.1875 22.1328125 27.44921875 0.0 11.6015625 0.0 0.0 25.34375 0.0 5.82598876953125
296.145 0.46875 0.3779527559055118 0.15748031496062992 -0.5914031575627086 0.027683087382656624 0.5914031575627086 -0.027683087382656624 -26.360946655273438 11.25 -6.6953125 21.73828125 24.578125 0.0 11.53125 0.0 0.0 28.21484375 192.36549377441406 11.00390625 6.484375 17.80078125 27.83203125 0.0 11.91796875 0.0 0.0 25.15234375 0.0 5.8064422607421875
296.345 0.46875 0.3543307086614173 0.15748031496062992 -0.54917542751311 0.027581383692859562 0.54917542751311 -0.027581383692859562 0.0 11.4609375 -6.296875 19.24609375 24.76953125 0.0 11.63671875 0.0 0.0 28.59765625 181.57745361328125 11.25 6.17578125 13.59765625 28.40625 0.0 11.8125 0.0 0.0 25.34375 0.0 5.796661376953125
296.533 0.46875 0.3543307086614173 0.15748031496062992 -0.54917542751311 0.027581383692859562 0.54917542751311 -0.027581383692859562 -8.206527709960938 11.53125 -6.27734375 23.05078125 24.38671875 0.0 11.7421875 0.0 0.0 28.0234375 185.15838623046875 11.1796875 6.1953125 13.46875 27.44921875 0.0 11.84765625 0.0 0.0 25.15234375 0.0 5.82598876953125
296.719 0.46875 0.3543307086614173 0.15748031496062992 -0.54917542751311 0.027581383692859562 0.54917542751311 -0.027581383692859562 -126.23687744140625 11.42578125 -6.31640625 18.71875 23.4296875 0.0 11.671875 0.0 0.0 28.7890625 195.6787567138672 11.109375 6.09765625 16.2265625 28.0234375 0.0 11.8828125 0.0 0.0 24.9609375 0.0 5.8064422607421875
296.905 0.46875 0.3543307086614173 0.15748031496062992 -0.54917542751311 0.027581383692859562 0.54917542751311 -0.027581383692859562 38.877410888671875 11.49609375 -6.2578125 22.66015625 24.9609375 0.0 11.70703125 0.0 0.0 28.7890625 182.37081909179688 11.28515625 6.1171875 14.6484375 27.83203125 0.0 11.8828125 0.0 0.0 24.76953125 0.0 5.796661376953125
297.096 0.5234375 0.31496062992125984 0.15748031496062992 -0.5380761906901605 0.016998209133663844 0.5380761906901605 -0.016998209133663844 -10.555221557617188 11.56640625 -6.24609375 18.71875 25.15234375 0.0 11.70703125 0.0 0.0 28.21484375 187.58242797851562 11.25 6.05078125 13.859375 28.40625 0.0 11.84765625 0.0 0.0 25.34375 0.0 5.8357696533203125
297.278 0.34375 0.13385826771653545 0.05511811023622047 -0.5694233137193289 -0.03712487572297796 0.5694233137193289 0.03712487572297796 -41.48077392578125 11.42578125 -6.46875 23.31640625 24.76953125 0.0 11.63671875 0.0 0.0 28.21484375 182.67446899414062 11.390625 6.50390625 16.2265625 27.83203125 0.0 12.26953125 0.0 0.0 25.15234375 0.0 5.8064422607421875
297.474 -0.28346456692913385 -0.0546875 -0.0078125 0.0 0.0 -0.0 -0.0 -5.1098175048828125 12.375 0.0 0.0 25.34375 0.0 12.3046875 0.0 0.0 28.21484375 118.10659790039062 12.4453125 0.0 0.0 28.7890625 0.0 12.33984375 0.0 0.0 25.34375 0.0 5.8064422607421875
297.646 0.0078125 0.0 -0.0078125 0.12795275590551186 0.1279527559055118 -0.12795275590551186 -0.1279527559055118 0.0 12.09375 1.546875 11.10546875 25.34375 0.0 12.12890625 1.5390625 19.76953125 27.44921875 50.217071533203125 12.09375 -1.55859375 14.38671875 28.21484375 0.0 12.19921875 -1.5703125 9.921875 25.15234375 0.0 5.8064422607421875
297.825 0.5234375 -0.09375 -0.0078125 0.0 0.0 -0.0 -0.0 0.0 12.41015625 0.0 0.0 25.15234375 0.0 12.3046875 0.0 0.0 28.59765625 11.214614868164062 12.19921875 0.0 0.0 28.59765625 0.0 11.70703125 0.0 0.0 24.9609375 0.0 5.8064422607421875
297.997 0.6953125 -0.203125 -0.0078125 -0.4783442619674291 -0.4456960352272127 0.4783442619674291 0.4456960352272127 0.0 10.8984375 -5.1640625 24.49609375 23.4296875 0.0 9.94921875 -4.515625 24.234375 28.59765625 57.42054748535156 10.265625 4.80859375 24.234375 28.21484375 0.0 10.546875 4.73046875 18.71875 24.76953125 0.0 5.8064422607421875
298.178 0.625 -0.234375 -0.0078125 -0.4406763267528472 -0.5258880369066352 0.4406763267528472 0.5258880369066352 38.90696716308594 11.0390625 -4.8203125 17.93359375 24.76953125 0.0 10.4765625 -5.53125 20.1640625 28.21484375 130.0020294189453 10.93359375 4.83203125 14.51953125 28.0234375 0.0 10.93359375 5.8203125 17.2734375 24.578125 0.0 5.786895751953125
298.358 0.5234375 -0.25 -0.0078125 -0.15685925327755257 -0.510114468538239 0.15685925327755257 0.510114468538239 -6.037506103515625 11.8828125 -1.859375 0.0 25.15234375 0.0 11.109375 -5.7421875 16.6171875 27.83203125 118.78982543945312 12.0234375 1.8828125 0.0 28.0234375 0.0 11.42578125 5.7890625 17.40625 24.9609375 0.0 5.82598876953125
298.546 0.3046875 -0.34375 -0.0078125 -0.10639888649758136 -0.49200700430928257 0.10639888649758136 0.49200700430928257 107.9986572265625 12.0234375 -1.28125 0.0 24.76953125 0.0 11.35546875 -5.5546875 17.2734375 28.21484375 125.67912292480469 12.12890625 1.3046875 0.0 27.2578125 0.0 11.49609375 5.65234375 13.59765625 24.9609375 0.0 5.796661376953125
298.736 0.1484375 -0.2734375 -0.0859375 0.15234375000000003 -0.15234374999999997 -0.15234375000000003 0.15234374999999997 59.5921630859375 11.953125 1.8203125 19.5078125 24.578125 0.0 12.09375 -1.85546875 0.0 28.0234375 88.97540283203125 11.953125 -1.8046875 20.296875 28.98046875 0.0 12.3046875 1.8515625 0.0 25.7265625 0.0 5.81622314453125
298.906 0.375 -0.4140625 -0.046875 -0.006614368837766532 -0.39048278599633424 0.006614368837766532 0.39048278599633424 0.0 12.09375 0.0 0.0 24.00390625 0.0 11.1796875 -4.421875 16.8828125 27.2578125 74.57757568359375 12.0234375 0.0 0.0 28.0234375 0.0 11.28515625 4.41796875 12.15234375 24.9609375 0.0 5.81622314453125
299.086 0.2890625 -0.5390625 -0.7421875 -0.01478716384947465 -0.6308197472209508 0.01478716384947465 0.6308197472209508 3.547698974609375 11.14453125 0.0 0.0 25.53515625 0.0 10.3359375 -6.56640625 28.171875 28.0234375 81.46638488769531 11.390625 0.0 0.0 28.0234375 0.0 10.08984375 5.875 22.7890625 24.76953125 0.0 5.8064422607421875
299.278 0.2734375 -0.5234375 -0.6796875 -0.20916530504858177 -0.9432027828114633 -0.7673971949514182 -0.0333597171885367 -126.05868530273438 10.546875 -2.19921875 0.0 26.30078125 0.0 9.6328125 -9.21875 34.21484375 28.21484375 -82.55934143066406 9.73828125 -7.58203125 45.90234375 28.0234375 0.0 11.109375 0.0 0.0 24.9609375 0.0 5.8064422607421875
299.459 0.2734375 -0.234375 -0.34375 -0.2262795049836428 -0.802329411181014 -0.3518454950163572 0.22420441118101397 -80.24574279785156 11.53125 -2.6171875 0.0 25.15234375 0.0 10.58203125 -8.46484375 24.3671875 28.0234375 -39.85594177246094 11.109375 -4.0703125 23.31640625 28.59765625 0.0 11.671875 2.66015625 9.00390625 24.38671875 0.0 5.8064422607421875
299.651 0.4140625 -0.0546875 -0.0234375 -0.177734375 -0.177734375 0.177734375 0.177734375 5.3028106689453125 12.3046875 -2.1875 0.0 24.1953125 0.0 12.234375 -2.16796875 0.0 29.171875 80.11683654785156 12.19921875 2.1640625 3.6171875 28.7890625 0.0 12.19921875 2.16015625 1.38671875 24.9609375 0.0 5.796661376953125
299.825 0.4296875 -0.0234375 0.0 -0.279296875 -0.279296875 0.279296875 0.279296875 -22.021499633789062 12.0234375 -3.37890625 7.42578125 24.9609375 0.0 12.09375 -3.359375 9.265625 27.44921875 91.85284423828125 11.953125 3.34765625 6.24609375 28.21484375 0.0 11.953125 3.328125 7.03125 24.9609375 0.0 5.81622314453125
299.996 0.453125 0.0 0.0 -0.279296875 -0.279296875 0.279296875 0.279296875 -5.281982421875 12.0234375 -3.359375 8.609375 24.578125 0.0 12.09375 -3.359375 8.73828125 28.21484375 93.69509887695312 11.953125 3.328125 7.03125 28.59765625 0.0 11.91796875 3.34765625 4.80078125 25.15234375 0.0 5.786895751953125
S: 154816951668 Toggled Solenoid
300.166 0.3046875 0.0 0.0 -0.3046875 -0.3046875 0.3046875 0.3046875 -94.50679016113281 12.0234375 -3.1953125 5.8515625 24.578125 0.0 10.58203125 -3.24609375 6.375 28.40625 101.18843078613281 10.44140625 3.1796875 5.32421875 28.21484375 0.0 10.51171875 3.234375 4.80078125 24.38671875 0.0 5.8064422607421875
300.375 -0.31496062992125984 0.0 0.0 0.0 0.0 -0.0 -0.0 20.393096923828125 10.7578125 0.0 0.0 24.38671875 0.0 10.7578125 0.0 0.0 27.44921875 92.81863403320312 10.6875 0.0 0.0 28.59765625 0.0 10.6171875 0.0 0.0 24.9609375 0.0 5.8064422607421875
300.556 -0.2283464566929134 -0.0546875 0.0 0.31732283464566935 0.31732283464566924 -0.31732283464566935 -0.31732283464566924 0.0 10.96875 3.51171875 17.66796875 24.1953125 0.0 11.77734375 3.4765625 28.3046875 28.59765625 -4.3982086181640625 11.3203125 -3.63671875 20.03125 28.40625 0.0 11.56640625 -3.7265625 21.08203125 25.34375 0.0 5.8064422607421875
300.735 0.0078125 0.0 0.0 0.0 0.0 -0.0 -0.0 0.0 12.3046875 0.0 0.0 25.34375 0.0 12.19921875 0.0 0.0 28.21484375 -15.43780517578125 12.41015625 0.0 0.0 28.7890625 0.0 12.375 0.0 0.0 25.15234375 0.0 5.8064422607421875
300.904 0.0078125 0.0 -0.9375 0.0 0.0 -0.0 -0.0 -12.702896118164062 12.375 0.0 0.0 25.34375 0.0 12.26953125 0.0 0.0 28.7890625 0.0 11.98828125 0.0 0.0 28.40625 0.0 11.14453125 0.0 0.0 24.578125 0.0 5.8064422607421875
301.074 0.0078125 0.0 -0.125 -0.5 -0.5 -0.5 -0.5 0.0 10.546875 -5.30859375 24.890625 23.8125 0.0 10.01953125 -5.01171875 24.7578125 28.0234375 -24.215362548828125 10.72265625 -5.484375 26.9921875 28.40625 0.0 10.7578125 -5.609375 31.8515625 25.34375 0.0 5.8064422607421875
301.244 0.0078125 0.0 0.0 0.0 0.0 -0.0 -0.0 0.0 12.26953125 0.0 0.0 24.76953125 0.0 12.234375 0.0 0.0 28.21484375 -36.34504699707031 12.41015625 0.0 0.0 28.21484375 0.0 12.375 0.0 0.0 24.9609375 0.0 5.8064422607421875
301.415 0.0078125 0.0 0.0 0.0 0.0 -0.0 -0.0 0.0 12.375 0.0 0.0 24.578125 0.0 12.26953125 0.0 0.0 28.0234375 -4.7546844482421875 12.48046875 0.0 0.0 28.0234375 0.0 12.41015625 0.0 0.0 25.53515625 0.0 5.8064422607421875
301.584 0.0078125 0.0 0.0 0.0 0.0 -0.0 -0.0 0.0 12.41015625 0.0 0.0 25.15234375 0.0 12.3046875 0.0 0.0 28.98046875 0.0 12.48046875 0.0 0.0 28.40625 0.0 12.4453125 0.0 0.0 25.15234375 0.0 5.8064422607421875
301.756 0.0078125 0.0 0.0 0.0 0.0 -0.0 -0.0 0.0 12.4453125 0.0 0.0 24.9609375 0.0 12.3046875 0.0 0.0 28.98046875 0.0 12.515625 0.0 0.0 28.0234375 0.0 12.4453125 0.0 0.0 24.9609375 0.0 5.8064422607421875
301.923 0.0078125 0.0 0.0 0.0 0.0 -0.0 -0.0 0.0 12.4453125 0.0 0.0 24.9609375 0.0 12.33984375 0.0 0.0 28.0234375 0.0 12.515625 0.0 0.0 28.21484375 0.0 12.4453125 0.0 0.0 25.7265625 0.0 5.8064422607421875
302.097 0.0078125 0.0 0.0 0.0 0.0 -0.0 -0.0 0.0 12.4453125 0.0 0.0 24.9609375 0.0 12.33984375 0.0 0.0 28.40625 0.0 12.515625 0.0 0.0 28.21484375 0.0 12.4453125 0.0 0.0 24.76953125 0.0 5.8064422607421875
302.278 0.0078125 0.0 0.0 0.0 0.0 -0.0 -0.0 0.0 12.4453125 0.0 0.0 24.9609375 0.0 12.3046875 0.0 0.0 28.7890625 0.0 12.515625 0.0 0.0 28.40625 0.0 12.48046875 0.0 0.0 24.76953125 0.0 5.8064422607421875
302.454 0.0078125 0.0 0.0 0.0 0.0 -0.0 -0.0 0.0 12.4453125 0.0 0.0 25.15234375 0.0 12.375 0.0 0.0 28.7890625 0.0 12.515625 0.0 0.0 28.7890625 0.0 12.48046875 0.0 0.0 25.53515625 0.0 5.8064422607421875
302.623 0.0078125 0.0 0.0 0.0 0.0 -0.0 -0.0 0.0 12.48046875 0.0 0.0 24.9609375 0.0 12.375 0.0 0.0 28.59765625 0.0 12.55078125 0.0 0.0 28.59765625 0.0 12.48046875 0.0 0.0 25.34375 0.0 5.796661376953125
302.793 0.0078125 0.0 0.0 0.0 0.0 -0.0 -0.0 0.0 12.48046875 0.0 0.0 24.578125 0.0 12.375 0.0 0.0 28.0234375 0.0 12.55078125 0.0 0.0 28.40625 0.0 12.48046875 0.0 0.0 24.9609375 0.0 5.8064422607421875
302.958 0.0078125 0.0 0.0 0.0 0.0 -0.0 -0.0 0.0 12.48046875 0.0 0.0 25.34375 0.0 12.375 0.0 0.0 28.21484375 0.0 12.55078125 0.0 0.0 28.98046875 0.0 12.48046875 0.0 0.0 25.53515625 0.0 5.796661376953125
303.134 0.0078125 0.0 0.0 0.0 0.0 -0.0 -0.0 0.0 12.48046875 0.0 0.0 24.9609375 0.0 12.375 0.0 0.0 28.0234375 0.0 12.55078125 0.0 0.0 28.40625 0.0 12.515625 0.0 0.0 24.578125 0.0 5.8064422607421875
303.304 0.0078125 0.0 0.0 0.0 0.0 -0.0 -0.0 0.0 12.48046875 0.0 0.0 24.578125 0.0 12.375 0.0 0.0 28.21484375 0.0 11.49609375 0.0 0.0 28.21484375 0.0 11.4609375 0.0 0.0 24.578125 0.0 5.6793670654296875
S: 154816954977 Fired
303.495 0.0078125 0.0 0.0 0.0 0.0 -0.0 -0.0 0.0 10.72265625 0.0 0.0 24.9609375 0.0 11.14453125 0.0 0.0 28.21484375 -6.69818115234375 11.07421875 0.0 0.0 28.40625 0.0 10.93359375 0.0 0.0 24.578125 0.0 4.916900634765625
303.665 0.359375 0.0 0.0 0.0 0.0 -0.0 -0.0 0.0 11.14453125 0.0 0.0 25.53515625 0.0 10.16015625 0.0 0.0 28.40625 -14.163833618164062 9.7734375 0.0 0.0 28.0234375 0.0 11.3203125 0.0 0.0 25.34375 0.0 4.57476806640625
303.853 0.0078125 0.015748031496062992 0.0 -0.2234375 -0.2234375 0.2234375 0.2234375 0.0 11.390625 -2.53125 16.35546875 25.15234375 0.0 11.4609375 -2.59375 13.73046875 28.59765625 24.324569702148438 11.8125 2.62890625 11.3671875 28.59765625 0.0 11.8125 2.62890625 10.0546875 25.7265625 0.0 5.31768798828125
304.024 -0.0 0.015748031496062992 0.0 0.0 0.0 -0.0 -0.0 0.0 12.33984375 0.0 0.0 25.34375 0.0 12.234375 0.0 0.0 28.7890625 14.074478149414062 12.375 0.0 0.0 28.7890625 0.0 12.33984375 0.0 0.0 24.9609375 0.0 5.68914794921875
304.202 -0.0 0.015748031496062992 0.0 0.0 0.0 -0.0 -0.0 0.0 12.26953125 0.0 0.0 25.34375 0.0 12.12890625 0.0 0.0 28.0234375 0.0 12.48046875 0.0 0.0 28.40625 0.0 12.41015625 0.0 0.0 24.38671875 0.0 5.845550537109375
304.393 -0.0 0.015748031496062992 0.0 0.0 0.0 -0.0 -0.0 0.0 12.41015625 0.0 0.0 24.76953125 0.0 11.98828125 0.0 0.0 28.40625 0.0 12.0234375 0.0 0.0 28.21484375 0.0 12.09375 0.0 0.0 24.9609375 0.0 5.8064422607421875
304.563 -0.0 0.015748031496062992 0.0 0.0 0.0 -0.0 -0.0 0.0 12.12890625 0.0 0.0 24.38671875 0.0 11.953125 0.0 0.0 28.7890625 0.0 12.12890625 0.0 0.0 28.40625 0.0 12.09375 0.0 0.0 25.15234375 0.0 5.8064422607421875
304.737 -0.0 0.015748031496062992 0.0 0.0 0.0 -0.0 -0.0 0.0 12.12890625 0.0 0.0 25.15234375 0.0 11.953125 0.0 0.0 28.59765625 0.0 12.12890625 0.0 0.0 27.640625 0.0 12.09375 0.0 0.0 24.76953125 0.0 5.8064422607421875
304.912 -0.0 0.015748031496062992 0.0 0.0 0.0 -0.0 -0.0 0.0 12.05859375 0.0 0.0 24.76953125 0.0 11.953125 0.0 0.0 28.40625 0.0 12.12890625 0.0 0.0 28.21484375 0.0 12.09375 0.0 0.0 25.34375 0.0 5.81622314453125
305.081 -0.0 0.015748031496062992 0.0 0.0 0.0 -0.0 -0.0 0.0 12.05859375 0.0 0.0 24.9609375 0.0 11.953125 0.0 0.0 28.7890625 0.0 12.1640625 0.0 0.0 28.40625 0.0 12.1640625 0.0 0.0 24.578125 0.0 5.8064422607421875
305.255 -0.0 0.015748031496062992 0.0 0.0 0.0 -0.0 -0.0 0.0 12.05859375 0.0 0.0 24.1953125 0.0 12.0234375 0.0 0.0 28.40625 0.0 12.19921875 0.0 0.0 28.40625 0.0 12.05859375 0.0 0.0 24.9609375 0.0 5.8064422607421875
305.442 -0.0 0.015748031496062992 0.0 0.0 0.0 -0.0 -0.0 0.0 12.05859375 0.0 0.0 24.9609375 0.0 11.8828125 0.0 0.0 28.21484375 0.0 12.12890625 0.0 0.0 28.40625 0.0 12.09375 0.0 0.0 24.76953125 0.0 5.81622314453125
305.615 -0.0 0.015748031496062992 0.0 0.0 0.0 -0.0 -0.0 0.0 12.09375 0.0 0.0 24.76953125 0.0 11.98828125 0.0 0.0 27.83203125 0.0 12.09375 0.0 0.0 28.21484375 0.0 12.05859375 0.0 0.0 24.9609375 0.0 5.8064422607421875
305.795 -0.0 0.015748031496062992 0.0 0.0 0.0 -0.0 -0.0 0.0 12.09375 0.0 0.0 25.34375 0.0 12.0234375 0.0 0.0 28.59765625 0.0 12.19921875 0.0 0.0 28.40625 0.0 12.12890625 0.0 0.0 25.15234375 0.0 5.8064422607421875
305.973 -0.0 0.015748031496062992 0.0 0.0 0.0 -0.0 -0.0 0.0 12.12890625 0.0 0.0 24.76953125 0.0 11.98828125 0.0 0.0 28.59765625 0.0 12.1640625 0.0 0.0 28.40625 0.0 12.05859375 0.0 0.0 25.34375 0.0 5.8064422607421875
306.156 -0.0 0.015748031496062992 0.0 0.0 0.0 -0.0 -0.0 0.0 12.12890625 0.0 0.0 25.34375 0.0 11.953125 0.0 0.0 28.7890625 0.0 12.12890625 0.0 0.0 28.21484375 0.0 12.09375 0.0 0.0 25.53515625 0.0 5.81622314453125
306.332 -0.0 0.015748031496062992 0.0 0.0 0.0 -0.0 -0.0 0.0 12.12890625 0.0 0.0 24.76953125 0.0 11.98828125 0.0 0.0 27.83203125 0.0 12.12890625 0.0 0.0 28.59765625 0.0 12.12890625 0.0 0.0 25.15234375 0.0 5.8064422607421875
306.515 -0.0 0.015748031496062992 0.0 0.0 0.0 -0.0 -0.0 0.0 12.12890625 0.0 0.0 24.9609375 0.0 11.98828125 0.0 0.0 28.59765625 0.0 12.12890625 0.0 0.0 28.59765625 0.0 12.05859375 0.0 0.0 25.53515625 0.0 5.8064422607421875
306.693 -0.0 0.015748031496062992 0.0 0.0 0.0 -0.0 -0.0 0.0 12.0234375 0.0 0.0 25.15234375 0.0 11.91796875 0.0 0.0 28.59765625 0.0 12.12890625 0.0 0.0 28.0234375 0.0 12.12890625 0.0 0.0 25.15234375 0.0 5.81622314453125
306.863 -0.0 0.015748031496062992 0.0 0.0 0.0 -0.0 -0.0 0.0 12.09375 0.0 0.0 24.9609375 0.0 11.953125 0.0 0.0 28.40625 0.0 12.09375 0.0 0.0 28.21484375 0.0 12.12890625 0.0 0.0 24.9609375 0.0 5.8064422607421875
307.023 -0.0 0.015748031496062992 0.0 0.0 0.0 -0.0 -0.0 0.0 12.0234375 0.0 0.0 25.15234375 0.0 11.953125 0.0 0.0 28.40625 0.0 12.09375 0.0 0.0 28.0234375 0.0 12.05859375 0.0 0.0 25.15234375 0.0 5.81622314453125
307.181 -0.0 0.015748031496062992 0.0 0.0 0.0 -0.0 -0.0 0.0 12.12890625 0.0 0.0 24.578125 0.0 11.91796875 0.0 0.0 28.7890625 0.0 12.09375 0.0 0.0 28.40625 0.0 12.0234375 0.0 0.0 24.76953125 0.0 5.81622314453125
307.342 -0.0 0.015748031496062992 0.0 0.0 0.0 -0.0 -0.0 0.0 12.09375 0.0 0.0 24.9609375 0.0 12.0234375 0.0 0.0 28.40625 0.0 12.19921875 0.0 0.0 28.40625 0.0 12.12890625 0.0 0.0 24.9609375 0.0 5.81622314453125
307.503 -0.0 0.015748031496062992 0.0 0.0 0.0 -0.0 -0.0 0.0 12.0234375 0.0 0.0 25.34375 0.0 12.0234375 0.0 0.0 28.59765625 0.0 12.1640625 0.0 0.0 28.0234375 0.0 12.41015625 0.0 0.0 25.34375 0.0 5.81622314453125
307.661 -0.0 0.015748031496062992 0.0 0.0 0.0 -0.0 -0.0 0.0 12.41015625 0.0 0.0 25.15234375 0.0 12.3046875 0.0 0.0 28.0234375 0.0 12.48046875 0.0 0.0 28.21484375 0.0 12.4453125 0.0 0.0 25.15234375 0.0 5.81622314453125
