Timestamp Driver_Joy_Y Driver_Joy_X Driver_Joy_W FL_Out BL_Out BR_Out FR_Out FL_Jag_Speed FL_Bus_Voltage FL_Out_Voltage FL_Out_Current FL_Temp BL_Jag_Speed BL_Bus_Voltage BL_Out_Voltage BL_Out_Current BL_Temp BR_Jag_Speed BR_Bus_Voltage BR_Out_Voltage BR_Out_Current BR_Temp FR_Jag_Speed FR_Bus_Voltage FR_Out_Voltage FR_Out_Current FR_Temp
657.102 -0.0 0.0 0.0 0.0 0.0 -0.0 -0.0 0.0 12.4453125 0.0 0.0 24.9609375 0.0 12.3046875 0.0 0.0 27.83203125 0.0 12.4453125 0.0 0.0 27.06640625 0.0 12.4453125 0.0 0.0 24.9609375 0.0 5.728240966796875
657.268 -0.0 0.0 0.0 0.0 0.0 -0.0 -0.0 0.0 12.4453125 0.0 0.0 24.76953125 0.0 12.234375 0.0 0.0 27.44921875 0.0 12.41015625 0.0 0.0 27.44921875 0.0 12.4453125 0.0 0.0 24.9609375 0.0 5.7184600830078125
657.433 -0.0 0.0 0.0 0.0 0.0 -0.0 -0.0 0.0 12.375 0.0 0.0 24.1953125 0.0 12.26953125 0.0 0.0 27.44921875 0.0 12.4453125 0.0 0.0 27.2578125 0.0 12.4453125 0.0 0.0 24.9609375 0.0 5.7184600830078125
657.593 -0.0 0.0 0.0 0.0 0.0 -0.0 -0.0 0.0 12.375 0.0 0.0 24.9609375 0.0 12.3046875 0.0 0.0 28.21484375 0.0 12.48046875 0.0 0.0 27.2578125 0.0 12.375 0.0 0.0 24.38671875 0.0 5.7184600830078125
657.765 -0.0 0.0 0.0 0.0 0.0 -0.0 -0.0 0.0 12.3046875 0.0 0.0 25.15234375 0.0 12.26953125 0.0 0.0 28.0234375 0.0 12.48046875 0.0 0.0 27.06640625 0.0 12.375 0.0 0.0 24.76953125 0.0 5.728240966796875
657.936 -0.0 0.0 0.0 0.0 0.0 -0.0 -0.0 0.0 12.3046875 0.0 0.0 24.9609375 0.0 12.19921875 0.0 0.0 28.0234375 0.0 12.4453125 0.0 0.0 27.06640625 0.0 12.375 0.0 0.0 24.9609375 0.0 5.7184600830078125
658.104 -0.0 0.0 0.0 0.0 0.0 -0.0 -0.0 0.0 12.375 0.0 0.0 24.76953125 0.0 12.234375 0.0 0.0 27.2578125 0.0 12.09375 0.0 0.0 26.875 0.0 11.28515625 0.0 0.0 24.9609375 0.0 5.601165771484375
S: 154773290002 Fired
658.266 -0.0 0.0 0.0 0.0 0.0 -0.0 -0.0 0.0 11.0390625 0.0 0.0 24.76953125 0.0 11.14453125 0.0 0.0 27.2578125 -4.636444091796875 11.53125 0.0 0.0 27.2578125 0.0 11.56640625 0.0 0.0 24.76953125 0.0 4.9853363037109375
658.426 -0.0 0.0 0.0 0.0 0.0 -0.0 -0.0 0.0 11.63671875 0.0 0.0 24.1953125 0.0 11.53125 0.0 0.0 27.2578125 -7.0043487548828125 9.140625 0.0 0.0 27.06640625 0.0 8.96484375 0.0 0.0 24.76953125 0.0 4.5552215576171875
658.588 -0.0 0.0 0.0 0.0 0.0 -0.0 -0.0 0.0 11.6015625 0.0 0.0 24.38671875 0.0 11.63671875 0.0 0.0 26.68359375 13.791168212890625 11.98828125 0.0 0.0 27.44921875 0.0 12.1640625 0.0 0.0 25.34375 0.0 5.1417388916015625
658.756 -0.0 0.0 0.0 0.0 0.0 -0.0 -0.0 0.0 12.12890625 0.0 0.0 24.38671875 0.0 11.98828125 0.0 0.0 28.98046875 -3.5902252197265625 12.234375 0.0 0.0 27.2578125 0.0 12.12890625 0.0 0.0 25.53515625 0.0 5.51318359375
658.911 -0.0 0.0 0.0 0.0 0.0 -0.0 -0.0 0.0 12.05859375 0.0 0.0 25.15234375 0.0 11.8828125 0.0 0.0 27.2578125 0.0 12.19921875 0.0 0.0 27.2578125 0.0 12.12890625 0.0 0.0 24.9609375 0.0 5.81622314453125
659.107 -0.0 0.0 0.0 0.0 0.0 -0.0 -0.0 0.0 12.12890625 0.0 0.0 25.15234375 0.0 12.0234375 0.0 0.0 27.640625 0.0 12.3046875 0.0 0.0 27.640625 0.0 12.19921875 0.0 0.0 24.9609375 0.0 5.7771148681640625
659.284 -0.0 0.0 0.0 0.0 0.0 -0.0 -0.0 0.0 12.234375 0.0 0.0 24.76953125 0.0 12.09375 0.0 0.0 26.875 0.0 12.234375 0.0 0.0 26.875 0.0 12.234375 0.0 0.0 25.91796875 0.0 5.7771148681640625
659.467 -0.0 0.0 0.0 0.0 0.0 -0.0 -0.0 0.0 12.234375 0.0 0.0 25.53515625 0.0 12.12890625 0.0 0.0 28.0234375 0.0 12.3046875 0.0 0.0 27.640625 0.0 12.26953125 0.0 0.0 24.9609375 0.0 5.7673492431640625
659.635 -0.0 0.0 0.0 0.0 0.0 -0.0 -0.0 0.0 12.19921875 0.0 0.0 25.15234375 0.0 12.05859375 0.0 0.0 27.44921875 0.0 12.3046875 0.0 0.0 27.44921875 0.0 12.19921875 0.0 0.0 24.578125 0.0 5.7673492431640625
659.793 -0.0 0.0 0.0 0.0 0.0 -0.0 -0.0 0.0 12.19921875 0.0 0.0 24.38671875 0.0 12.12890625 0.0 0.0 27.44921875 0.0 12.26953125 0.0 0.0 27.44921875 0.0 12.1640625 0.0 0.0 24.76953125 0.0 5.7771148681640625
659.975 -0.0 0.0 0.0 0.0 0.0 -0.0 -0.0 0.0 12.26953125 0.0 0.0 24.38671875 0.0 12.1640625 0.0 0.0 28.7890625 0.0 12.3046875 0.0 0.0 27.44921875 0.0 12.26953125 0.0 0.0 24.9609375 0.0 5.7771148681640625
660.154 -0.0 0.0 0.0 0.0 0.0 -0.0 -0.0 0.0 12.19921875 0.0 0.0 24.76953125 0.0 12.12890625 0.0 0.0 27.2578125 0.0 12.3046875 0.0 0.0 27.06640625 0.0 12.19921875 0.0 0.0 24.578125 0.0 5.7771148681640625
660.326 -0.0 0.0 0.0 0.0 0.0 -0.0 -0.0 0.0 12.1640625 0.0 0.0 24.76953125 0.0 12.05859375 0.0 0.0 27.44921875 0.0 12.26953125 0.0 0.0 27.44921875 0.0 12.234375 0.0 0.0 24.9609375 0.0 5.7673492431640625
660.493 -0.0 0.0 0.0 0.0 0.0 -0.0 -0.0 0.0 12.234375 0.0 0.0 24.76953125 0.0 12.1640625 0.0 0.0 27.640625 0.0 12.234375 0.0 0.0 27.640625 0.0 12.234375 0.0 0.0 24.9609375 0.0 5.7771148681640625
660.666 -0.0 0.0 0.0 0.0 0.0 -0.0 -0.0 0.0 12.19921875 0.0 0.0 24.578125 0.0 12.12890625 0.0 0.0 27.640625 0.0 12.3046875 0.0 0.0 27.44921875 0.0 12.234375 0.0 0.0 24.9609375 0.0 5.786895751953125
660.833 -0.0 0.0 0.0 0.0 0.0 -0.0 -0.0 0.0 12.26953125 0.0 0.0 24.578125 0.0 12.09375 0.0 0.0 27.83203125 0.0 12.26953125 0.0 0.0 27.640625 0.0 12.19921875 0.0 0.0 25.15234375 0.0 5.7771148681640625
661.016 -0.0 0.0 0.0 0.0 0.0 -0.0 -0.0 0.0 12.1640625 0.0 0.0 24.9609375 0.0 12.12890625 0.0 0.0 27.640625 0.0 12.33984375 0.0 0.0 27.83203125 0.0 12.26953125 0.0 0.0 25.34375 0.0 5.7771148681640625
661.187 -0.0 0.0 0.0 0.0 0.0 -0.0 -0.0 0.0 12.19921875 0.0 0.0 24.1953125 0.0 12.09375 0.0 0.0 27.44921875 0.0 12.26953125 0.0 0.0 28.0234375 0.0 12.26953125 0.0 0.0 25.34375 0.0 5.7771148681640625
661.353 -0.0 0.0 0.0 0.0 0.0 -0.0 -0.0 0.0 12.234375 0.0 0.0 24.9609375 0.0 12.12890625 0.0 0.0 27.06640625 0.0 12.3046875 0.0 0.0 27.2578125 0.0 12.1640625 0.0 0.0 25.15234375 0.0 5.786895751953125
661.528 -0.0 0.0 0.0 0.0 0.0 -0.0 -0.0 0.0 12.1640625 0.0 0.0 25.15234375 0.0 12.1640625 0.0 0.0 28.0234375 0.0 12.19921875 0.0 0.0 27.2578125 0.0 12.234375 0.0 0.0 24.38671875 0.0 5.7771148681640625
661.705 -0.0 0.0 0.0 0.0 0.0 -0.0 -0.0 0.0 12.19921875 0.0 0.0 24.9609375 0.0 12.12890625 0.0 0.0 27.2578125 0.0 12.3046875 0.0 0.0 27.44921875 0.0 12.1640625 0.0 0.0 24.9609375 0.0 5.7771148681640625
661.875 -0.0 0.0 0.0 0.0 0.0 -0.0 -0.0 0.0 12.1640625 0.0 0.0 25.34375 0.0 12.1640625 0.0 0.0 28.0234375 0.0 12.3046875 0.0 0.0 27.44921875 0.0 12.19921875 0.0 0.0 24.76953125 0.0 5.7771148681640625
662.055 -0.0 0.0 0.0 0.0 0.0 -0.0 -0.0 0.0 12.1640625 0.0 0.0 25.34375 0.0 12.12890625 0.0 0.0 27.44921875 0.0 12.33984375 0.0 0.0 26.875 0.0 12.26953125 0.0 0.0 24.76953125 0.0 5.7771148681640625
662.228 -0.0 0.0 0.0 0.0 0.0 -0.0 -0.0 0.0 12.1640625 0.0 0.0 24.578125 0.0 12.09375 0.0 0.0 28.0234375 0.0 12.26953125 0.0 0.0 27.06640625 0.0 12.26953125 0.0 0.0 24.578125 0.0 5.786895751953125
662.433 -0.0 0.0 0.0 0.0 0.0 -0.0 -0.0 0.0 12.234375 0.0 0.0 25.7265625 0.0 12.1640625 0.0 0.0 27.640625 0.0 12.19921875 0.0 0.0 27.83203125 0.0 11.3203125 0.0 0.0 24.578125 0.0 5.68914794921875
S: 154773294333 Fired
662.594 -0.0 0.0 0.0 0.0 0.0 -0.0 -0.0 0.0 11.3203125 0.0 0.0 24.578125 0.0 10.6875 0.0 0.0 28.40625 2.4572601318359375 11.28515625 0.0 0.0 27.06640625 0.0 11.6015625 0.0 0.0 24.578125 0.0 5.1124114990234375
662.754 -0.0 0.0 0.0 0.0 0.0 -0.0 -0.0 0.0 11.671875 0.0 0.0 24.578125 0.0 11.671875 0.0 0.0 28.0234375 -6.5745086669921875 10.72265625 0.0 0.0 27.640625 0.0 9.38671875 0.0 0.0 25.15234375 0.0 4.56500244140625
662.934 -0.0 0.0 0.0 0.0 0.0 -0.0 -0.0 0.0 11.953125 0.0 0.0 24.76953125 0.0 11.8125 0.0 0.0 27.2578125 14.951171875 12.4453125 0.0 0.0 27.2578125 0.0 12.4453125 0.0 0.0 25.15234375 0.0 5.1124114990234375
663.087 -0.0 0.0 0.0 0.0 0.0 -0.0 -0.0 0.0 12.41015625 0.0 0.0 24.1953125 0.0 12.33984375 0.0 0.0 28.0234375 -2.38677978515625 12.515625 0.0 0.0 27.2578125 0.0 12.4453125 0.0 0.0 24.578125 0.0 5.4936370849609375
663.256 -0.0 0.0 0.0 0.0 0.0 -0.0 -0.0 0.0 12.33984375 0.0 0.0 25.34375 0.0 12.234375 0.0 0.0 27.640625 0.0 12.41015625 0.0 0.0 27.06640625 0.0 12.375 0.0 0.0 25.15234375 0.0 5.786895751953125
663.412 -0.0 0.0 0.0 0.0 0.0 -0.0 -0.0 0.0 12.3046875 0.0 0.0 24.76953125 0.0 12.41015625 0.0 0.0 27.640625 0.0 12.5859375 0.0 0.0 26.875 0.0 12.515625 0.0 0.0 25.15234375 0.0 5.796661376953125
663.586 -0.0 0.0 0.0 0.0 0.0 -0.0 -0.0 0.0 12.515625 0.0 0.0 24.38671875 0.0 12.4453125 0.0 0.0 28.0234375 0.0 12.5859375 0.0 0.0 27.2578125 0.0 12.55078125 0.0 0.0 24.9609375 0.0 5.7771148681640625
663.755 -0.0 0.0 0.0 0.0 0.0 -0.0 -0.0 0.0 12.55078125 0.0 0.0 24.76953125 0.0 12.4453125 0.0 0.0 28.0234375 0.0 12.62109375 0.0 0.0 27.2578125 0.0 12.5859375 0.0 0.0 25.34375 0.0 5.786895751953125
663.935 -0.0 0.0 0.0 0.0 0.0 -0.0 -0.0 0.0 12.55078125 0.0 0.0 24.76953125 0.0 12.4453125 0.0 0.0 27.44921875 0.0 12.62109375 0.0 0.0 27.06640625 0.0 12.5859375 0.0 0.0 24.76953125 0.0 5.7771148681640625
664.106 -0.0 0.0 0.0 0.0 0.0 -0.0 -0.0 0.0 12.5859375 0.0 0.0 24.38671875 0.0 12.4453125 0.0 0.0 28.21484375 0.0 12.65625 0.0 0.0 27.640625 0.0 12.5859375 0.0 0.0 24.578125 0.0 5.786895751953125
664.274 -0.0 0.0 0.0 0.0 0.0 -0.0 -0.0 0.0 12.55078125 0.0 0.0 24.9609375 0.0 12.48046875 0.0 0.0 27.44921875 0.0 12.65625 0.0 0.0 27.44921875 0.0 12.62109375 0.0 0.0 24.9609375 0.0 5.7771148681640625
664.447 -0.0 0.0 0.0 0.0 0.0 -0.0 -0.0 0.0 12.5859375 0.0 0.0 24.578125 0.0 12.48046875 0.0 0.0 27.44921875 0.0 12.65625 0.0 0.0 27.44921875 0.0 12.62109375 0.0 0.0 24.9609375 0.0 5.7771148681640625
664.615 -0.0 0.0 0.0 0.0 0.0 -0.0 -0.0 0.0 12.5859375 0.0 0.0 25.34375 0.0 12.48046875 0.0 0.0 27.44921875 0.0 12.69140625 0.0 0.0 27.640625 0.0 12.62109375 0.0 0.0 25.34375 0.0 5.7771148681640625
664.797 -0.0 0.0 0.0 0.0 0.0 -0.0 -0.0 0.0 12.5859375 0.0 0.0 25.15234375 0.0 12.48046875 0.0 0.0 28.21484375 0.0 12.69140625 0.0 0.0 27.2578125 0.0 12.62109375 0.0 0.0 25.15234375 0.0 5.7771148681640625
664.988 -0.0 0.0 0.0 0.0 0.0 -0.0 -0.0 0.0 12.5859375 0.0 0.0 24.76953125 0.0 12.48046875 0.0 0.0 27.640625 0.0 12.69140625 0.0 0.0 27.44921875 0.0 12.65625 0.0 0.0 25.15234375 0.0 5.7771148681640625
665.155 -0.0 0.0 0.0 0.0 0.0 -0.0 -0.0 0.0 12.5859375 0.0 0.0 23.62109375 0.0 12.515625 0.0 0.0 27.44921875 0.0 12.69140625 0.0 0.0 27.83203125 0.0 12.62109375 0.0 0.0 25.7265625 0.0 5.796661376953125
665.331 -0.0 0.0 0.0 0.0 0.0 -0.0 -0.0 0.0 12.62109375 0.0 0.0 24.578125 0.0 12.515625 0.0 0.0 27.83203125 0.0 12.69140625 0.0 0.0 26.875 0.0 12.65625 0.0 0.0 25.34375 0.0 5.7771148681640625
665.528 -0.0 0.0 0.0 0.0 0.0 -0.0 -0.0 0.0 12.62109375 0.0 0.0 24.38671875 0.0 12.515625 0.0 0.0 28.59765625 0.0 12.69140625 0.0 0.0 27.44921875 0.0 12.62109375 0.0 0.0 25.34375 0.0 5.786895751953125
665.695 -0.0 0.0 0.0 0.0 0.0 -0.0 -0.0 0.0 12.62109375 0.0 0.0 24.76953125 0.0 12.515625 0.0 0.0 27.640625 0.0 12.69140625 0.0 0.0 27.2578125 0.0 12.65625 0.0 0.0 24.38671875 0.0 5.786895751953125
665.868 -0.0 0.0 0.0 0.0 0.0 -0.0 -0.0 0.0 12.62109375 0.0 0.0 24.578125 0.0 12.515625 0.0 0.0 28.0234375 0.0 12.69140625 0.0 0.0 27.44921875 0.0 12.65625 0.0 0.0 24.9609375 0.0 5.7771148681640625
666.034 -0.0 0.0 0.0 0.0 0.0 -0.0 -0.0 0.0 12.62109375 0.0 0.0 25.15234375 0.0 12.515625 0.0 0.0 27.83203125 0.0 12.48046875 0.0 0.0 27.83203125 0.0 11.63671875 0.0 0.0 25.91796875 0.0 5.6304931640625
S: 154773297935 Fired
666.206 -0.0 0.0 0.0 0.0 0.0 -0.0 -0.0 0.0 11.35546875 0.0 0.0 24.9609375 0.0 11.21484375 0.0 0.0 27.640625 0.0 11.63671875 0.0 0.0 27.2578125 0.0 11.56640625 0.0 0.0 25.53515625 0.0 5.0537567138671875
666.365 -0.0 0.0 0.0 0.0 0.0 -0.0 -0.0 0.0 11.70703125 0.0 0.0 24.76953125 0.0 11.63671875 0.0 0.0 27.83203125 -7.071014404296875 11.07421875 0.0 0.0 27.2578125 0.0 9.28125 0.0 0.0 25.7265625 0.0 4.56500244140625
666.525 -0.0 0.0 0.0 0.0 0.0 -0.0 -0.0 0.0 11.953125 0.0 0.0 24.578125 0.0 11.70703125 0.0 0.0 28.0234375 15.93255615234375 12.48046875 0.0 0.0 27.2578125 0.0 12.48046875 0.0 0.0 24.9609375 0.0 5.161285400390625
666.692 -0.0 0.0 0.0 0.0 0.0 -0.0 -0.0 0.0 12.48046875 0.0 0.0 24.38671875 0.0 12.375 0.0 0.0 27.83203125 -6.5778961181640625 12.5859375 0.0 0.0 27.44921875 0.0 12.41015625 0.0 0.0 25.15234375 0.0 5.5229644775390625
666.867 -0.0 0.0 0.0 0.0 0.0 -0.0 -0.0 0.0 12.3046875 0.0 0.0 24.38671875 0.0 12.234375 0.0 0.0 27.640625 0.0 12.4453125 0.0 0.0 28.0234375 0.0 12.41015625 0.0 0.0 25.15234375 0.0 5.8064422607421875
667.025 -0.0 0.0 0.0 0.0 0.0 -0.0 -0.0 0.0 12.3046875 0.0 0.0 24.76953125 0.0 12.41015625 0.0 0.0 27.640625 0.0 12.62109375 0.0 0.0 27.83203125 0.0 12.5859375 0.0 0.0 25.34375 0.0 5.786895751953125
667.195 -0.0 0.0 0.0 0.0 0.0 -0.0 -0.0 0.0 12.55078125 0.0 0.0 25.15234375 0.0 12.48046875 0.0 0.0 28.0234375 0.0 12.62109375 0.0 0.0 27.640625 0.0 12.5859375 0.0 0.0 25.34375 0.0 5.7771148681640625
667.367 -0.0 0.0 0.0 0.0 0.0 -0.0 -0.0 0.0 12.55078125 0.0 0.0 24.9609375 0.0 12.4453125 0.0 0.0 27.83203125 0.0 12.65625 0.0 0.0 27.06640625 0.0 12.5859375 0.0 0.0 25.15234375 0.0 5.786895751953125
667.546 -0.0 0.0 0.0 0.0 0.0 -0.0 -0.0 0.0 12.5859375 0.0 0.0 25.34375 0.0 12.48046875 0.0 0.0 28.0234375 0.0 12.65625 0.0 0.0 27.44921875 0.0 12.62109375 0.0 0.0 25.15234375 0.0 5.7771148681640625
667.716 -0.0 0.0 0.0 0.0 0.0 -0.0 -0.0 0.0 12.5859375 0.0 0.0 24.76953125 0.0 12.48046875 0.0 0.0 29.171875 0.0 12.65625 0.0 0.0 27.640625 0.0 12.62109375 0.0 0.0 24.9609375 0.0 5.786895751953125
667.888 -0.0 0.0 0.0 0.0 0.0 -0.0 -0.0 0.0 12.62109375 0.0 0.0 24.38671875 0.0 12.48046875 0.0 0.0 27.44921875 0.0 12.65625 0.0 0.0 27.2578125 0.0 12.62109375 0.0 0.0 24.578125 0.0 5.7771148681640625
668.055 -0.0 0.0 0.0 0.0 0.0 -0.0 -0.0 0.0 12.5859375 0.0 0.0 24.9609375 0.0 12.48046875 0.0 0.0 27.640625 0.0 12.69140625 0.0 0.0 28.0234375 0.0 12.62109375 0.0 0.0 25.15234375 0.0 5.7771148681640625
668.229 -0.0 0.0 0.0 0.0 0.0 -0.0 -0.0 0.0 12.62109375 0.0 0.0 25.15234375 0.0 12.515625 0.0 0.0 28.0234375 0.0 12.69140625 0.0 0.0 27.640625 0.0 12.62109375 0.0 0.0 25.15234375 0.0 5.7771148681640625
668.408 -0.0 0.0 0.0 0.0 0.0 -0.0 -0.0 0.0 12.62109375 0.0 0.0 23.8125 0.0 12.48046875 0.0 0.0 28.0234375 0.0 12.69140625 0.0 0.0 27.44921875 0.0 12.65625 0.0 0.0 24.76953125 0.0 5.7771148681640625
668.604 -0.0 0.0 0.0 0.0 0.0 -0.0 -0.0 0.0 12.62109375 0.0 0.0 24.76953125 0.0 12.515625 0.0 0.0 26.68359375 0.0 12.69140625 0.0 0.0 27.2578125 0.0 12.62109375 0.0 0.0 25.53515625 0.0 5.7771148681640625
668.788 -0.0 0.0 0.0 0.0 0.0 -0.0 -0.0 0.0 12.62109375 0.0 0.0 24.578125 0.0 12.515625 0.0 0.0 28.0234375 0.0 12.69140625 0.0 0.0 27.44921875 0.0 12.65625 0.0 0.0 25.53515625 0.0 5.7771148681640625
668.973 -0.0 0.0 0.0 0.0 0.0 -0.0 -0.0 0.0 12.62109375 0.0 0.0 24.9609375 0.0 12.515625 0.0 0.0 27.44921875 0.0 12.7265625 0.0 0.0 26.875 0.0 12.69140625 0.0 0.0 25.34375 0.0 5.7771148681640625
669.154 -0.0 0.0 0.0 0.0 0.0 -0.0 -0.0 0.0 12.62109375 0.0 0.0 25.15234375 0.0 12.515625 0.0 0.0 28.0234375 0.0 12.7265625 0.0 0.0 27.06640625 0.0 12.65625 0.0 0.0 25.34375 0.0 5.796661376953125
669.329 -0.0 0.0 0.0 0.0 0.0 -0.0 -0.0 0.0 12.62109375 0.0 0.0 25.91796875 0.0 12.55078125 0.0 0.0 27.83203125 0.0 12.7265625 0.0 0.0 27.06640625 0.0 12.65625 0.0 0.0 25.34375 0.0 5.786895751953125
669.507 -0.0 0.0 0.0 0.0 0.0 -0.0 -0.0 0.0 12.62109375 0.0 0.0 24.9609375 0.0 12.515625 0.0 0.0 27.83203125 0.0 12.7265625 0.0 0.0 27.44921875 0.0 12.69140625 0.0 0.0 24.9609375 0.0 5.786895751953125
669.686 -0.0 0.0 0.0 0.0 0.0 -0.0 -0.0 0.0 12.62109375 0.0 0.0 24.76953125 0.0 12.55078125 0.0 0.0 27.83203125 -15.915786743164062 12.7265625 0.0 0.0 27.06640625 0.0 12.65625 0.0 0.0 24.76953125 0.0 5.796661376953125
669.855 -0.0 0.0 0.0 0.0 0.0 -0.0 -0.0 0.0 12.65625 0.0 0.0 24.9609375 0.0 12.55078125 0.0 0.0 28.40625 -39.38258361816406 12.7265625 0.0 0.0 27.640625 0.0 12.65625 0.0 0.0 25.15234375 0.0 5.786895751953125
670.036 -0.0 0.0 0.0 0.0 0.0 -0.0 -0.0 4.2789459228515625 12.65625 0.0 0.0 24.9609375 0.0 12.55078125 0.0 0.0 28.0234375 -55.36012268066406 12.7265625 0.0 0.0 28.21484375 0.0 12.69140625 0.0 0.0 24.76953125 0.0 5.7771148681640625
670.209 -0.0 0.0 0.0 0.0 0.0 -0.0 -0.0 0.0 12.65625 0.0 0.0 24.578125 0.0 12.55078125 0.0 0.0 27.44921875 -41.798187255859375 12.375 0.0 0.0 27.83203125 0.0 11.77734375 0.0 0.0 24.9609375 0.0 5.659820556640625
S: 154773302104 Fired
670.369 -0.0 0.0 0.0 0.0 0.0 -0.0 -0.0 0.0 11.35546875 0.0 0.0 24.1953125 0.0 11.1796875 0.0 0.0 27.640625 -20.8624267578125 11.70703125 0.0 0.0 27.2578125 0.0 11.70703125 0.0 0.0 25.34375 0.0 5.1221771240234375
670.533 -0.0 0.0 0.0 0.0 0.0 -0.0 -0.0 5.4811553955078125 11.7421875 0.0 0.0 24.76953125 0.0 11.70703125 0.0 0.0 27.83203125 -22.721755981445312 9.703125 0.0 0.0 26.875 0.0 11.53125 0.0 0.0 25.15234375 0.0 4.57476806640625
670.715 -0.0 0.0 0.0 0.0 0.0 -0.0 -0.0 0.0 11.77734375 0.0 0.0 24.76953125 0.0 11.8828125 0.0 0.0 27.06640625 -14.79095458984375 12.515625 0.0 0.0 27.83203125 0.0 12.48046875 0.0 0.0 24.9609375 0.0 5.171051025390625
670.87 -0.0 0.0 0.0 0.0 0.0 -0.0 -0.0 0.0 12.48046875 0.0 0.0 25.15234375 0.0 12.375 0.0 0.0 27.83203125 0.0 12.55078125 0.0 0.0 26.875 0.0 12.515625 0.0 0.0 24.76953125 0.0 5.5816192626953125
671.033 -0.0 0.0 0.0 0.0 0.0 -0.0 -0.0 0.0 12.41015625 0.0 0.0 23.62109375 0.0 12.234375 0.0 0.0 27.83203125 0.0 12.4453125 0.0 0.0 27.2578125 0.0 12.375 0.0 0.0 24.9609375 0.0 5.845550537109375
671.209 -0.0 0.0 0.0 0.0 0.0 -0.0 -0.0 0.0 12.55078125 0.0 0.0 24.76953125 0.0 12.4453125 0.0 0.0 27.83203125 0.0 12.62109375 0.0 0.0 27.640625 0.0 12.5859375 0.0 0.0 24.9609375 0.0 5.7771148681640625
671.384 -0.0 0.0 0.0 0.0 0.0 -0.0 -0.0 0.0 12.5859375 0.0 0.0 25.15234375 0.0 12.4453125 0.0 0.0 25.91796875 0.0 12.65625 0.0 0.0 27.640625 0.0 12.62109375 0.0 0.0 25.7265625 0.0 5.7771148681640625
671.575 -0.0 0.0 0.0 0.0 0.0 -0.0 -0.0 0.0 12.5859375 0.0 0.0 24.76953125 0.0 12.48046875 0.0 0.0 28.21484375 0.0 12.65625 0.0 0.0 27.83203125 0.0 12.62109375 0.0 0.0 24.76953125 0.0 5.7771148681640625
671.746 -0.0 0.0 0.0 0.0 0.0 -0.0 -0.0 0.0 12.5859375 0.0 0.0 24.9609375 0.0 12.48046875 0.0 0.0 28.0234375 0.0 12.69140625 0.0 0.0 27.44921875 0.0 12.62109375 0.0 0.0 25.34375 0.0 5.7771148681640625
671.915 -0.0 0.0 0.0 0.0 0.0 -0.0 -0.0 0.0 12.62109375 0.0 0.0 25.15234375 0.0 12.48046875 0.0 0.0 27.640625 0.0 12.69140625 0.0 0.0 26.68359375 0.0 12.62109375 0.0 0.0 24.76953125 0.0 5.7771148681640625
672.087 -0.0 0.0 0.0 0.0 0.0 -0.0 -0.0 0.0 12.5859375 0.0 0.0 25.34375 0.0 12.48046875 0.0 0.0 27.83203125 0.0 12.65625 0.0 0.0 27.640625 0.0 12.65625 0.0 0.0 24.76953125 0.0 5.7771148681640625
672.255 -0.0 0.0 0.0 0.0 0.0 -0.0 -0.0 0.0 12.62109375 0.0 0.0 24.9609375 0.0 12.515625 0.0 0.0 27.640625 0.0 12.69140625 0.0 0.0 27.83203125 0.0 12.65625 0.0 0.0 24.9609375 0.0 5.7771148681640625
672.426 -0.0 0.0 0.0 0.0 0.0 -0.0 -0.0 0.0 12.62109375 0.0 0.0 24.76953125 0.0 12.515625 0.0 0.0 27.640625 0.0 12.69140625 0.0 0.0 27.44921875 0.0 12.62109375 0.0 0.0 25.34375 0.0 5.7771148681640625
672.598 -0.0 0.0 0.0 0.0 0.0 -0.0 -0.0 0.0 12.62109375 0.0 0.0 24.9609375 0.0 12.515625 0.0 0.0 27.83203125 0.0 12.69140625 0.0 0.0 27.06640625 0.0 12.62109375 0.0 0.0 25.53515625 0.0 5.7771148681640625
672.776 -0.0 0.0 0.0 0.0 0.0 -0.0 -0.0 0.0 12.65625 0.0 0.0 24.578125 0.0 12.515625 0.0 0.0 27.06640625 0.0 12.69140625 0.0 0.0 27.83203125 0.0 12.65625 0.0 0.0 25.34375 0.0 5.7771148681640625
672.946 -0.0 0.0 0.0 0.0 0.0 -0.0 -0.0 0.0 12.62109375 0.0 0.0 25.91796875 0.0 12.515625 0.0 0.0 27.2578125 0.0 12.7265625 0.0 0.0 27.640625 0.0 12.65625 0.0 0.0 25.34375 0.0 5.7771148681640625
673.115 -0.0 0.0 0.0 0.0 0.0 -0.0 -0.0 0.0 12.62109375 0.0 0.0 25.34375 0.0 12.515625 0.0 0.0 27.640625 0.0 12.69140625 0.0 0.0 27.44921875 0.0 12.65625 0.0 0.0 24.76953125 0.0 5.7771148681640625
673.287 -0.0 0.0 0.0 0.0 0.0 -0.0 -0.0 0.0 12.65625 0.0 0.0 25.15234375 0.0 12.515625 0.0 0.0 27.83203125 0.0 12.7265625 0.0 0.0 27.44921875 0.0 12.69140625 0.0 0.0 25.15234375 0.0 5.786895751953125
673.453 -0.0 0.0 0.0 0.0 0.0 -0.0 -0.0 0.0 12.65625 0.0 0.0 24.76953125 0.0 12.55078125 0.0 0.0 28.40625 0.0 12.69140625 0.0 0.0 27.44921875 0.0 12.69140625 0.0 0.0 25.53515625 0.0 5.7771148681640625
673.627 -0.0 0.0 0.0 0.0 0.0 -0.0 -0.0 0.0 12.65625 0.0 0.0 24.9609375 0.0 12.55078125 0.0 0.0 28.21484375 0.0 12.7265625 0.0 0.0 27.83203125 0.0 12.65625 0.0 0.0 24.9609375 0.0 5.7673492431640625
673.795 -0.0 0.0 0.0 0.0 0.0 -0.0 -0.0 0.0 12.65625 0.0 0.0 24.38671875 0.0 12.55078125 0.0 0.0 28.59765625 0.0 12.7265625 0.0 0.0 27.2578125 0.0 12.65625 0.0 0.0 24.76953125 0.0 5.796661376953125
673.968 -0.0 0.0 0.0 0.0 0.0 -0.0 -0.0 0.0 12.65625 0.0 0.0 24.9609375 0.0 12.55078125 0.0 0.0 27.44921875 0.0 12.7265625 0.0 0.0 27.2578125 0.0 12.65625 0.0 0.0 25.53515625 0.0 5.7771148681640625
674.152 -0.0 0.0 0.0 0.0 0.0 -0.0 -0.0 0.0 12.65625 0.0 0.0 23.046875 0.0 12.55078125 0.0 0.0 28.7890625 0.0 12.7265625 0.0 0.0 27.640625 0.0 12.69140625 0.0 0.0 24.9609375 0.0 5.786895751953125
674.329 -0.0 0.0 0.0 0.0 0.0 -0.0 -0.0 0.0 12.65625 0.0 0.0 24.76953125 0.0 12.55078125 0.0 0.0 28.21484375 0.0 12.7265625 0.0 0.0 27.2578125 0.0 12.69140625 0.0 0.0 24.9609375 0.0 5.7771148681640625
674.511 -0.0 0.0 0.0 0.0 0.0 -0.0 -0.0 0.0 12.65625 0.0 0.0 24.9609375 0.0 12.55078125 0.0 0.0 28.0234375 0.0 12.7265625 0.0 0.0 27.06640625 0.0 12.69140625 0.0 0.0 24.9609375 0.0 5.786895751953125
674.835 -0.0 0.0 0.0 0.0 0.0 -0.0 -0.0 0.0 12.69140625 0.0 0.0 24.76953125 0.0 12.55078125 0.0 0.0 28.0234375 0.0 12.7265625 0.0 0.0 27.83203125 0.0 12.69140625 0.0 0.0 24.76953125 0.0 5.786895751953125
675.015 -0.0 0.0 0.0 0.0 0.0 -0.0 -0.0 0.0 12.65625 0.0 0.0 24.578125 0.0 12.55078125 0.0 0.0 28.0234375 0.0 12.7265625 0.0 0.0 27.2578125 0.0 12.69140625 0.0 0.0 25.53515625 0.0 5.7771148681640625
675.189 -0.0 0.0 0.0 0.0 0.0 -0.0 -0.0 0.0 12.65625 0.0 0.0 23.62109375 0.0 12.55078125 0.0 0.0 27.640625 0.0 12.41015625 0.0 0.0 26.875 0.0 11.77734375 0.0 0.0 24.38671875 0.0 5.7477874755859375
S: 154773307084 Fired
675.349 -0.0 0.0 0.0 0.0 0.0 -0.0 -0.0 0.0 11.4609375 0.0 0.0 24.578125 0.0 11.1796875 0.0 0.0 27.2578125 3.2579193115234375 11.671875 0.0 0.0 27.2578125 0.0 11.70703125 0.0 0.0 24.76953125 0.0 5.0244293212890625
675.515 -0.0 0.0 0.0 0.0 0.0 -0.0 -0.0 0.0 11.77734375 0.0 0.0 25.15234375 0.0 11.63671875 0.0 0.0 27.83203125 -11.102691650390625 9.2109375 0.0 0.0 27.44921875 0.0 10.23046875 0.0 0.0 25.15234375 0.0 4.56500244140625
675.688 -0.0 0.0 0.0 0.0 0.0 -0.0 -0.0 0.0 11.8125 0.0 0.0 24.76953125 0.0 12.05859375 0.0 0.0 27.44921875 12.041946411132812 12.515625 0.0 0.0 27.44921875 0.0 12.48046875 0.0 0.0 24.9609375 0.0 5.1417388916015625
675.856 -0.0 0.0 0.0 0.0 0.0 -0.0 -0.0 0.0 12.515625 0.0 0.0 24.578125 0.0 12.375 0.0 0.0 27.640625 0.0 12.48046875 0.0 0.0 27.640625 0.0 12.33984375 0.0 0.0 25.15234375 0.0 5.5229644775390625
676.026 -0.0 0.0 0.0 0.0 0.0 -0.0 -0.0 0.0 12.375 0.0 0.0 25.15234375 0.0 12.234375 0.0 0.0 27.44921875 0.0 12.48046875 0.0 0.0 27.640625 0.0 12.4453125 0.0 0.0 24.9609375 0.0 5.796661376953125
676.194 -0.0 0.0 0.0 0.0 0.0 -0.0 -0.0 0.0 12.33984375 0.0 0.0 24.578125 0.0 12.4453125 0.0 0.0 28.0234375 0.0 12.62109375 0.0 0.0 27.44921875 0.0 12.5859375 0.0 0.0 24.1953125 0.0 5.786895751953125
676.356 -0.0 0.0 0.0 0.0 0.0 -0.0 -0.0 0.0 12.55078125 0.0 0.0 25.53515625 0.0 12.48046875 0.0 0.0 27.640625 0.0 12.65625 0.0 0.0 27.2578125 0.0 12.5859375 0.0 0.0 25.15234375 0.0 5.7771148681640625
676.537 -0.0 0.0 0.0 0.0 0.0 -0.0 -0.0 0.0 12.5859375 0.0 0.0 24.578125 0.0 12.48046875 0.0 0.0 27.44921875 0.0 12.65625 0.0 0.0 27.2578125 0.0 12.62109375 0.0 0.0 24.9609375 0.0 5.7771148681640625
676.708 -0.0 0.0 0.0 0.0 0.0 -0.0 -0.0 0.0 12.5859375 0.0 0.0 24.578125 0.0 12.48046875 0.0 0.0 27.640625 0.0 12.69140625 0.0 0.0 27.640625 0.0 12.62109375 0.0 0.0 25.15234375 0.0 5.7771148681640625
676.877 -0.0 0.0 0.0 0.0 0.0 -0.0 -0.0 0.0 12.62109375 0.0 0.0 24.76953125 0.0 12.515625 0.0 0.0 28.21484375 0.0 12.69140625 0.0 0.0 27.44921875 0.0 12.62109375 0.0 0.0 25.34375 0.0 5.7771148681640625
677.046 -0.0 0.0 0.0 0.0 0.0 -0.0 -0.0 0.0 12.62109375 0.0 0.0 24.9609375 0.0 12.48046875 0.0 0.0 27.83203125 0.0 12.69140625 0.0 0.0 28.21484375 0.0 12.62109375 0.0 0.0 24.76953125 0.0 5.7771148681640625
677.215 -0.0 0.0 0.0 0.0 0.0 -0.0 -0.0 0.0 12.62109375 0.0 0.0 24.9609375 0.0 12.515625 0.0 0.0 26.109375 0.0 12.69140625 0.0 0.0 27.44921875 0.0 12.62109375 0.0 0.0 25.15234375 0.0 5.7673492431640625
677.388 -0.0 0.0 0.0 0.0 0.0 -0.0 -0.0 0.0 12.62109375 0.0 0.0 25.34375 0.0 12.515625 0.0 0.0 27.44921875 -5.52545166015625 12.69140625 0.0 0.0 27.44921875 0.0 12.65625 0.0 0.0 25.34375 0.0 5.7771148681640625
677.626 -0.0 0.0 0.0 0.0 0.0 -0.0 -0.0 -4.2001190185546875 12.62109375 0.0 0.0 25.34375 0.0 12.515625 0.0 0.0 28.7890625 -17.744171142578125 12.69140625 0.0 0.0 28.0234375 0.0 12.65625 0.0 0.0 25.15234375 0.0 5.7771148681640625
677.805 -0.0 0.0 0.0 0.0 0.0 -0.0 -0.0 0.0 12.65625 0.0 0.0 24.38671875 0.0 12.515625 0.0 0.0 28.0234375 -24.382034301757812 12.69140625 0.0 0.0 27.2578125 0.0 12.65625 0.0 0.0 25.15234375 0.0 5.7673492431640625
677.975 -0.0 0.0 0.0 0.0 0.0 -0.0 -0.0 -4.1055755615234375 12.65625 0.0 0.0 24.76953125 0.0 12.55078125 0.0 0.0 26.109375 -26.747467041015625 12.7265625 0.0 0.0 26.875 0.0 12.65625 0.0 0.0 25.34375 0.0 5.7771148681640625
678.149 -0.0 0.0 0.0 0.0 0.0 -0.0 -0.0 0.0 12.62109375 0.0 0.0 24.9609375 0.0 12.55078125 0.0 0.0 27.44921875 -27.325515747070312 12.69140625 0.0 0.0 27.44921875 0.0 12.65625 0.0 0.0 25.53515625 0.0 5.786895751953125
678.316 -0.0 0.0 0.0 0.0 0.0 -0.0 -0.0 0.0 12.65625 0.0 0.0 24.1953125 0.0 12.55078125 0.0 0.0 27.44921875 -14.01300048828125 12.7265625 0.0 0.0 27.2578125 0.0 12.69140625 0.0 0.0 25.53515625 0.0 5.786895751953125
678.496 -0.0 0.0 0.0 0.0 0.0 -0.0 -0.0 0.0 12.65625 0.0 0.0 25.53515625 0.0 12.55078125 0.0 0.0 27.640625 0.0 12.7265625 0.0 0.0 26.4921875 0.0 12.69140625 0.0 0.0 24.578125 0.0 5.7673492431640625
678.668 -0.0 0.0 0.0 0.0 0.0 -0.0 -0.0 0.0 12.65625 0.0 0.0 24.76953125 0.0 12.55078125 0.0 0.0 27.83203125 3.6964569091796875 12.7265625 0.0 0.0 27.83203125 0.0 12.69140625 0.0 0.0 25.15234375 0.0 5.7673492431640625
678.834 -0.0 0.0 0.0 0.0 0.0 -0.0 -0.0 0.0 12.65625 0.0 0.0 24.1953125 0.0 12.55078125 0.0 0.0 27.44921875 0.0 12.7265625 0.0 0.0 27.83203125 0.0 12.65625 0.0 0.0 25.53515625 0.0 5.7771148681640625
679.016 -0.0 0.0 0.0 0.0 0.0 -0.0 -0.0 0.0 12.65625 0.0 0.0 24.1953125 0.0 12.55078125 0.0 0.0 28.21484375 0.0 12.7265625 0.0 0.0 27.2578125 0.0 12.69140625 0.0 0.0 25.15234375 0.0 5.7771148681640625
679.187 -0.0 0.0 0.0 0.0 0.0 -0.0 -0.0 0.0 12.65625 0.0 0.0 24.76953125 0.0 12.55078125 0.0 0.0 29.36328125 0.0 12.7265625 0.0 0.0 27.06640625 0.0 12.69140625 0.0 0.0 24.76953125 0.0 5.7771148681640625
679.365 -0.0 0.0 0.0 0.0 0.0 -0.0 -0.0 0.0 12.65625 0.0 0.0 25.15234375 0.0 12.55078125 0.0 0.0 28.40625 0.0 12.7265625 0.0 0.0 27.44921875 0.0 12.69140625 0.0 0.0 25.15234375 0.0 5.7771148681640625
679.536 -0.0 0.0 0.0 0.0 0.0 -0.0 -0.0 0.0 12.65625 0.0 0.0 24.578125 0.0 12.55078125 0.0 0.0 27.83203125 0.0 12.7265625 0.0 0.0 27.44921875 0.0 12.69140625 0.0 0.0 25.15234375 0.0 5.7771148681640625
679.707 -0.0 0.0 0.0 0.0 0.0 -0.0 -0.0 0.0 12.69140625 0.0 0.0 23.046875 0.0 12.55078125 0.0 0.0 28.0234375 0.0 12.7265625 0.0 0.0 26.875 0.0 12.69140625 0.0 0.0 24.76953125 0.0 5.786895751953125
679.888 -0.0 0.0 0.0 0.0 0.0 -0.0 -0.0 0.0 12.69140625 0.0 0.0 24.76953125 0.0 12.55078125 0.0 0.0 27.83203125 0.0 12.76171875 0.0 0.0 27.06640625 0.0 12.69140625 0.0 0.0 24.9609375 0.0 5.7771148681640625
680.065 -0.0 0.0 0.0 0.0 0.0 -0.0 -0.0 0.0 12.65625 0.0 0.0 25.34375 0.0 12.5859375 0.0 0.0 27.2578125 0.0 12.7265625 0.0 0.0 27.44921875 0.0 12.69140625 0.0 0.0 25.15234375 0.0 5.7771148681640625
680.242 -0.0 0.0 0.0 0.0 0.0 -0.0 -0.0 0.0 12.65625 0.0 0.0 24.38671875 0.0 12.55078125 0.0 0.0 27.83203125 0.0 12.7265625 0.0 0.0 27.640625 0.0 12.69140625 0.0 0.0 25.53515625 0.0 5.7771148681640625
680.425 -0.0 0.0 0.0 0.0 0.0 -0.0 -0.0 0.0 12.65625 0.0 0.0 25.34375 0.0 12.55078125 0.0 0.0 27.640625 0.0 12.76171875 0.0 0.0 27.2578125 0.0 12.69140625 0.0 0.0 24.76953125 0.0 5.7771148681640625
680.614 -0.0 0.0 0.0 0.0 0.0 -0.0 -0.0 0.0 12.69140625 0.0 0.0 24.578125 0.0 12.55078125 0.0 0.0 27.44921875 0.0 12.76171875 0.0 0.0 27.44921875 0.0 12.69140625 0.0 0.0 25.53515625 0.0 5.7771148681640625
680.784 -0.0 0.0 0.0 0.0 0.0 -0.0 -0.0 0.0 12.69140625 0.0 0.0 24.1953125 0.0 12.55078125 0.0 0.0 28.0234375 0.0 12.7265625 0.0 0.0 27.640625 0.0 12.7265625 0.0 0.0 25.15234375 0.0 5.7771148681640625
680.964 -0.0 0.0 0.0 0.0 0.0 -0.0 -0.0 0.0 12.69140625 0.0 0.0 24.38671875 0.0 12.55078125 0.0 0.0 26.30078125 0.0 12.76171875 0.0 0.0 27.2578125 0.0 12.69140625 0.0 0.0 25.15234375 0.0 5.7673492431640625
681.136 -0.0 0.0 0.0 0.0 0.0 -0.0 -0.0 0.0 12.69140625 0.0 0.0 24.9609375 0.0 12.5859375 0.0 0.0 27.83203125 0.0 12.76171875 0.0 0.0 27.640625 0.0 12.69140625 0.0 0.0 24.38671875 0.0 5.786895751953125
681.307 -0.0 0.0 0.0 0.0 0.0 -0.0 -0.0 0.0 12.69140625 0.0 0.0 25.15234375 0.0 12.5859375 0.0 0.0 27.83203125 0.0 12.76171875 0.0 0.0 27.06640625 0.0 12.69140625 0.0 0.0 24.9609375 0.0 5.7771148681640625
681.476 -0.0 0.0 0.0 0.0 0.0 -0.0 -0.0 0.0 12.69140625 0.0 0.0 24.76953125 0.0 12.5859375 0.0 0.0 27.640625 0.0 12.76171875 0.0 0.0 27.83203125 0.0 12.7265625 0.0 0.0 24.38671875 0.0 5.7771148681640625
681.646 -0.0 0.0 0.0 0.0 0.0 -0.0 -0.0 0.0 12.69140625 0.0 0.0 24.38671875 0.0 12.55078125 0.0 0.0 27.83203125 0.0 12.76171875 0.0 0.0 27.2578125 0.0 12.69140625 0.0 0.0 24.76953125 0.0 5.7771148681640625
681.815 -0.0 0.0 0.0 0.0 0.0 -0.0 -0.0 0.0 12.69140625 0.0 0.0 24.578125 0.0 12.5859375 0.0 0.0 28.40625 0.0 12.76171875 0.0 0.0 27.640625 0.0 12.69140625 0.0 0.0 24.38671875 0.0 5.7771148681640625
681.984 -0.0 0.0 0.0 0.0 0.0 -0.0 -0.0 0.0 12.69140625 0.0 0.0 24.76953125 0.0 12.55078125 0.0 0.0 28.0234375 0.0 12.76171875 0.0 0.0 27.2578125 0.0 12.69140625 0.0 0.0 25.34375 0.0 5.7771148681640625
682.155 -0.0 0.0 0.0 0.0 0.0 -0.0 -0.0 0.0 12.69140625 0.0 0.0 24.76953125 0.0 12.5859375 0.0 0.0 27.44921875 0.0 12.76171875 0.0 0.0 27.640625 0.0 12.69140625 0.0 0.0 24.9609375 0.0 5.786895751953125
682.332 -0.0 0.0 0.0 0.0 0.0 -0.0 -0.0 0.0 12.69140625 0.0 0.0 24.578125 0.0 12.5859375 0.0 0.0 27.2578125 0.0 12.76171875 0.0 0.0 27.2578125 0.0 12.69140625 0.0 0.0 24.76953125 0.0 5.7771148681640625
682.514 -0.0 0.0 0.0 0.0 0.0 -0.0 -0.0 0.0 12.69140625 0.0 0.0 24.9609375 0.0 12.5859375 0.0 0.0 28.0234375 0.0 12.76171875 0.0 0.0 27.44921875 0.0 12.7265625 0.0 0.0 25.15234375 0.0 5.7771148681640625
682.689 -0.0 0.0 0.0 0.0 0.0 -0.0 -0.0 0.0 12.69140625 0.0 0.0 25.53515625 0.0 12.5859375 0.0 0.0 27.44921875 0.0 12.76171875 0.0 0.0 27.640625 0.0 12.7265625 0.0 0.0 25.91796875 0.0 5.7771148681640625
682.868 -0.0 0.0 0.0 0.0 0.0 -0.0 -0.0 0.0 12.69140625 0.0 0.0 24.76953125 0.0 12.5859375 0.0 0.0 27.640625 0.0 12.76171875 0.0 0.0 27.44921875 0.0 12.7265625 0.0 0.0 25.15234375 0.0 5.7771148681640625
