Timestamp Driver_Joy_Y Driver_Joy_X Driver_Joy_W FL_Out BL_Out BR_Out FR_Out FL_Jag_Speed FL_Bus_Voltage FL_Out_Voltage FL_Out_Current FL_Temp BL_Jag_Speed BL_Bus_Voltage BL_Out_Voltage BL_Out_Current BL_Temp BR_Jag_Speed BR_Bus_Voltage BR_Out_Voltage BR_Out_Current BR_Temp FR_Jag_Speed FR_Bus_Voltage FR_Out_Voltage FR_Out_Current FR_Temp
103.417 -0.0 0.0 0.0 0.0 0.0 -0.0 -0.0 0.0 12.796875 0.0 0.0 22.28125 0.0 12.7265625 0.0 0.0 25.91796875 0.0 12.83203125 0.0 0.0 25.91796875 0.0 12.8671875 0.0 0.0 24.00390625 0.0 5.6304931640625
103.592 -0.0 0.0 0.0 0.0 0.0 -0.0 -0.0 0.0 12.83203125 0.0 0.0 23.23828125 0.0 12.65625 0.0 0.0 26.68359375 0.0 12.90234375 0.0 0.0 26.4921875 0.0 12.83203125 0.0 0.0 23.23828125 0.0 5.474090576171875
103.762 -0.0 0.0 0.0 0.0 0.0 -0.0 -0.0 0.0 12.796875 0.0 0.0 22.6640625 0.0 12.7265625 0.0 0.0 26.30078125 0.0 12.83203125 0.0 0.0 25.7265625 0.0 12.796875 0.0 0.0 23.23828125 0.0 5.288360595703125
103.931 -0.0 0.0 0.0 0.0 0.0 -0.0 -0.0 0.0 12.796875 0.0 0.0 22.47265625 0.0 12.69140625 0.0 0.0 26.30078125 0.0 12.8671875 0.0 0.0 26.109375 0.0 12.83203125 0.0 0.0 23.23828125 0.0 5.102630615234375
104.114 -0.0 0.0 0.0 0.0 0.0 -0.0 -0.0 0.0 12.796875 0.0 0.0 23.4296875 0.0 12.69140625 0.0 0.0 26.30078125 0.0 12.83203125 0.0 0.0 26.109375 0.0 12.83203125 0.0 0.0 23.4296875 0.0 5.0537567138671875
104.294 -0.0 0.0 0.0 0.0 0.0 -0.0 -0.0 0.0 12.76171875 0.0 0.0 22.85546875 0.0 12.69140625 0.0 0.0 26.109375 0.0 12.83203125 0.0 0.0 25.91796875 0.0 12.76171875 0.0 0.0 23.4296875 0.0 5.0928497314453125
104.482 -0.0 0.0 0.0 0.0 0.0 -0.0 -0.0 0.0 12.7265625 0.0 0.0 23.62109375 0.0 12.62109375 0.0 0.0 26.109375 0.0 12.8671875 0.0 0.0 25.53515625 0.0 12.796875 0.0 0.0 23.62109375 0.0 5.161285400390625
104.647 -0.0 0.0 0.0 0.0 0.0 -0.0 -0.0 0.0 12.7265625 0.0 0.0 23.23828125 0.0 12.62109375 0.0 0.0 26.109375 0.0 12.796875 0.0 0.0 26.109375 0.0 12.76171875 0.0 0.0 23.62109375 0.0 5.259033203125
104.84 -0.0 0.0 0.0 0.0 0.0 -0.0 -0.0 0.0 12.76171875 0.0 0.0 23.23828125 0.0 12.65625 0.0 0.0 26.109375 0.0 12.796875 0.0 0.0 25.91796875 0.0 12.76171875 0.0 0.0 23.62109375 0.0 5.19061279296875
105.023 -0.0 0.0 0.0 -0.5 -0.5 0.5 0.5 -2.41986083984375 11.671875 -5.85546875 19.76953125 23.23828125 0.0 12.12890625 -6.13671875 10.0546875 25.91796875 211.7452392578125 11.8828125 6.0625 6.76953125 25.34375 0.0 12.19921875 6.11328125 5.45703125 24.00390625 0.0 5.102630615234375
105.222 -0.0 0.0 0.0 -0.5 -0.5 0.5 0.5 -37.66737365722656 12.33984375 -6.22265625 4.66796875 23.4296875 0.0 12.62109375 -6.29296875 4.14453125 26.30078125 267.1676025390625 12.4453125 6.21875 4.27734375 25.91796875 0.0 12.375 6.18359375 4.14453125 23.8125 0.0 5.043975830078125
105.434 -0.0 0.0 0.0 -0.5 -0.5 0.5 0.5 -39.100677490234375 12.4453125 -6.2578125 4.01171875 22.47265625 0.0 12.62109375 -6.3125 3.6171875 26.30078125 265.94639587402344 12.41015625 6.23828125 4.27734375 26.30078125 0.0 12.41015625 6.203125 3.8828125 23.62109375 0.0 4.975555419921875
105.62 -0.0 0.0 0.0 -0.5 -0.5 0.5 0.5 55.1051025390625 12.515625 -6.22265625 4.01171875 23.046875 0.0 12.5859375 -6.2578125 3.6171875 25.91796875 272.3790588378906 12.4453125 6.21875 4.14453125 25.15234375 0.0 12.41015625 6.21875 3.75 23.4296875 0.0 4.9853363037109375
105.796 -0.0 0.0 0.0 -0.5 -0.5 0.5 0.5 -11.854202270507812 12.4453125 -6.2421875 4.14453125 22.85546875 0.0 12.55078125 -6.27734375 3.75 26.68359375 265.8359375 12.41015625 6.16796875 4.27734375 25.91796875 0.0 12.375 6.18359375 3.6171875 23.62109375 0.0 4.975555419921875
105.982 -0.0 0.0 0.0 -0.5 -0.5 0.5 0.5 30.72515869140625 12.48046875 -6.22265625 4.01171875 24.38671875 0.0 12.55078125 -6.29296875 3.75 25.91796875 273.8749084472656 12.41015625 6.16796875 4.01171875 25.7265625 0.0 12.4453125 6.16796875 3.8828125 23.4296875 0.0 5.0146484375
106.163 -0.0 0.0 0.0 -0.5 -0.5 0.5 0.5 -67.57826232910156 12.41015625 -6.2421875 4.14453125 23.23828125 0.0 12.5859375 -6.29296875 3.75 26.30078125 262.76173400878906 12.48046875 6.16796875 4.40625 25.53515625 0.0 12.26953125 6.203125 3.75 23.23828125 0.0 5.0048828125
106.344 -0.0 0.0 0.0 -0.5 -0.5 0.5 0.5 -67.83732604980469 12.515625 -6.20703125 3.8828125 23.046875 0.0 12.515625 -6.27734375 3.48828125 25.53515625 271.320556640625 12.41015625 6.21875 4.14453125 25.91796875 0.0 12.3046875 6.18359375 3.6171875 23.23828125 0.0 4.9951019287109375
106.535 -0.0 0.0 0.0 -0.5 -0.5 0.5 0.5 132.47317504882812 12.41015625 -6.22265625 3.8828125 22.85546875 0.0 12.48046875 -6.2578125 3.8828125 26.109375 266.02008056640625 12.41015625 6.21875 4.27734375 26.109375 0.0 12.41015625 6.1484375 3.75 23.62109375 0.0 4.9657745361328125
106.736 -0.0 0.0 0.0 -0.5 -0.5 0.5 0.5 -11.935317993164062 12.375 -6.2421875 3.8828125 23.046875 0.0 12.515625 -6.2421875 3.48828125 25.34375 266.6851806640625 12.375 6.16796875 4.27734375 25.91796875 0.0 12.3046875 6.1484375 3.6171875 23.046875 0.0 4.9560089111328125
106.925 -0.0 0.0 0.0 -0.5 -0.5 0.5 0.5 68.63394165039062 12.41015625 -6.22265625 4.14453125 23.23828125 0.0 12.48046875 -6.2578125 3.6171875 26.109375 267.46534729003906 12.33984375 6.1484375 4.01171875 25.7265625 0.0 12.33984375 6.18359375 3.6171875 23.046875 0.0 4.975555419921875
107.115 -0.0 0.0 0.0 -0.5 -0.5 0.5 0.5 -70.87355041503906 12.41015625 -6.2421875 3.8828125 23.4296875 0.0 12.4453125 -6.29296875 3.6171875 26.4921875 263.0317077636719 12.33984375 6.16796875 4.40625 25.53515625 0.0 12.375 6.16796875 3.8828125 23.23828125 0.0 4.9560089111328125
107.333 -0.0 0.0 0.0 -0.5 -0.5 0.5 0.5 -38.66368103027344 12.375 -6.20703125 3.8828125 23.046875 0.0 12.55078125 -6.22265625 3.75 25.7265625 273.5627136230469 12.41015625 6.203125 4.01171875 25.7265625 0.0 12.3046875 6.18359375 3.6171875 23.62109375 0.0 4.9951019287109375
107.535 -0.0 0.0 0.0 -0.5 -0.5 0.5 0.5 132.30885314941406 12.41015625 -6.20703125 4.01171875 20.94140625 0.0 12.515625 -6.29296875 3.6171875 25.34375 271.6276397705078 12.3046875 6.21875 4.27734375 26.109375 0.0 12.375 6.18359375 3.6171875 22.6640625 0.0 4.9560089111328125
107.735 -0.0 0.0 0.0 0.0 0.0 -0.0 -0.0 -46.300750732421875 12.5859375 0.0 0.0 22.85546875 0.0 12.515625 0.0 0.0 25.34375 211.05857849121094 12.7265625 0.0 0.0 25.91796875 0.0 12.62109375 0.0 0.0 23.4296875 0.0 4.8875732421875
