Timestamp Driver_Joy_Y Driver_Joy_X Driver_Joy_W FL_Out BL_Out BR_Out FR_Out FL_Jag_Speed FL_Bus_Voltage FL_Out_Voltage FL_Out_Current FL_Temp BL_Jag_Speed BL_Bus_Voltage BL_Out_Voltage BL_Out_Current BL_Temp BR_Jag_Speed BR_Bus_Voltage BR_Out_Voltage BR_Out_Current BR_Temp FR_Jag_Speed FR_Bus_Voltage FR_Out_Voltage FR_Out_Current FR_Temp
194.509 0.0078125 0.0 0.0 0.0 0.0 0.0 0.0 0.0 12.4453125 0.0 0.0 24.00390625 0.0 12.33984375 0.0 0.0 26.109375 0.0 12.4453125 0.0 0.0 26.4921875 0.0 12.41015625 0.0 0.0 23.8125 0.0 5.7380218505859375
194.68 0.0078125 0.0 0.0 0.0 0.0 -0.0 -0.0 0.0 12.41015625 0.0 0.0 24.1953125 0.0 12.33984375 0.0 0.0 26.109375 0.0 12.4453125 0.0 0.0 26.109375 0.0 12.41015625 0.0 0.0 24.38671875 0.0 5.7380218505859375
194.851 0.0078125 0.0 0.0 0.0 0.0 -0.0 -0.0 0.0 12.41015625 0.0 0.0 24.38671875 0.0 12.26953125 0.0 0.0 27.06640625 0.0 12.48046875 0.0 0.0 26.30078125 0.0 12.33984375 0.0 0.0 24.578125 0.0 5.7380218505859375
195.05 0.0078125 0.0 0.0 0.0 0.0 -0.0 -0.0 0.0 12.33984375 0.0 0.0 23.4296875 0.0 12.26953125 0.0 0.0 26.4921875 0.0 12.41015625 0.0 0.0 26.4921875 0.0 12.375 0.0 0.0 23.8125 0.0 5.7380218505859375
195.227 0.0078125 0.0 0.0 0.0 0.0 -0.0 -0.0 0.0 12.33984375 0.0 0.0 24.76953125 0.0 12.234375 0.0 0.0 26.109375 0.0 12.375 0.0 0.0 26.68359375 0.0 12.375 0.0 0.0 23.8125 0.0 5.7380218505859375
195.397 0.0078125 0.0 0.0 0.0 0.0 -0.0 -0.0 0.0 12.33984375 0.0 0.0 23.23828125 0.0 12.19921875 0.0 0.0 26.4921875 0.0 12.375 0.0 0.0 26.109375 0.0 12.375 0.0 0.0 24.1953125 0.0 5.7380218505859375
195.57 0.0078125 0.0 0.0 0.0 0.0 -0.0 -0.0 0.0 12.33984375 0.0 0.0 23.8125 0.0 12.234375 0.0 0.0 26.30078125 0.0 12.41015625 0.0 0.0 26.109375 0.0 12.3046875 0.0 0.0 24.38671875 0.0 5.728240966796875
195.739 0.0078125 0.0 0.0 0.0 0.0 -0.0 -0.0 0.0 12.3046875 0.0 0.0 23.8125 0.0 12.26953125 0.0 0.0 26.4921875 0.0 12.41015625 0.0 0.0 25.91796875 0.0 12.375 0.0 0.0 24.578125 0.0 5.7380218505859375
195.908 0.0078125 -0.0078125 0.0 0.0 0.0 -0.0 -0.0 0.0 12.26953125 0.0 0.0 23.62109375 0.0 12.19921875 0.0 0.0 26.30078125 0.0 12.33984375 0.0 0.0 25.91796875 0.0 12.375 0.0 0.0 24.38671875 0.0 5.728240966796875
196.076 0.0078125 -0.0078125 0.0 0.0 0.0 -0.0 -0.0 0.0 12.33984375 0.0 0.0 24.38671875 0.0 12.12890625 0.0 0.0 25.15234375 0.0 12.375 0.0 0.0 26.4921875 0.0 12.375 0.0 0.0 24.1953125 0.0 5.7380218505859375
196.248 0.34375 0.11023622047244094 0.0 0.0 0.0 -0.0 -0.0 0.0 12.33984375 0.0 0.0 24.578125 0.0 12.234375 0.0 0.0 26.4921875 0.0 12.26953125 0.0 0.0 26.30078125 0.0 12.234375 0.0 0.0 24.00390625 0.0 5.7477874755859375
196.428 0.6015625 0.07086614173228346 0.0 -0.2234375 -0.2234375 0.2234375 0.2234375 -8.93731689453125 12.1640625 -2.71875 4.40625 23.62109375 0.0 12.234375 -2.71875 3.6171875 26.875 84.43084716796875 11.7421875 2.62109375 3.8828125 25.91796875 0.0 11.8828125 2.60546875 4.14453125 24.578125 0.0 5.7086944580078125
196.604 0.7421875 0.031496062992125984 0.0 -0.482421875 -0.482421875 0.482421875 0.482421875 -53.184112548828125 11.7421875 -5.734375 5.0625 23.046875 0.0 11.98828125 -5.8359375 4.27734375 26.109375 225.33888244628906 11.8828125 5.73046875 4.93359375 25.7265625 0.0 11.98828125 5.73046875 4.14453125 23.62109375 0.0 5.786895751953125
196.785 0.71875 0.0 0.0 -0.482421875 -0.482421875 0.482421875 0.482421875 -221.3511505126953 12.09375 -5.80078125 4.01171875 25.15234375 0.0 12.05859375 -5.90234375 3.75 26.30078125 245.32037353515625 11.98828125 5.765625 4.01171875 26.30078125 0.0 12.05859375 5.796875 3.8828125 24.1953125 0.0 5.757568359375
196.96 0.2265625 0.0 0.0 -0.41640625000000003 -0.41640625000000003 0.41640625000000003 0.41640625000000003 -55.16844177246094 12.12890625 -5.06640625 3.2265625 23.62109375 0.0 12.19921875 -5.08203125 2.9609375 25.15234375 213.4993896484375 12.0234375 5.046875 3.75 25.91796875 0.0 12.09375 5.078125 2.9609375 23.8125 0.0 5.757568359375
197.149 -0.031496062992125984 -0.0078125 0.0 0.0 0.0 -0.0 -0.0 9.627670288085938 12.234375 0.0 0.0 23.23828125 0.0 12.1640625 0.0 0.0 26.875 156.97816467285156 12.33984375 0.0 0.0 26.109375 0.0 12.3046875 0.0 0.0 24.38671875 0.0 5.728240966796875
197.318 0.0234375 -0.0078125 0.0 0.0 0.0 -0.0 -0.0 0.0 12.19921875 0.0 0.0 23.8125 0.0 12.09375 0.0 0.0 26.68359375 87.82160949707031 12.3046875 0.0 0.0 25.7265625 0.0 12.3046875 0.0 0.0 24.38671875 0.0 5.7380218505859375
197.488 0.0234375 -0.0078125 0.0 0.0 0.0 -0.0 -0.0 0.0 12.26953125 0.0 0.0 23.62109375 0.0 12.09375 0.0 0.0 25.91796875 25.865890502929688 12.33984375 0.0 0.0 26.30078125 0.0 12.26953125 0.0 0.0 24.578125 0.0 5.728240966796875
197.659 -0.0 -0.0078125 0.0 0.0 0.0 -0.0 -0.0 0.0 12.234375 0.0 0.0 23.4296875 0.0 12.1640625 0.0 0.0 26.30078125 0.0 12.33984375 0.0 0.0 26.30078125 0.0 12.26953125 0.0 0.0 24.1953125 0.0 5.7380218505859375
197.827 -0.031496062992125984 -0.0234375 0.0 0.0 0.0 -0.0 -0.0 0.0 12.1640625 0.0 0.0 24.00390625 0.0 12.09375 0.0 0.0 25.91796875 0.0 12.3046875 0.0 0.0 25.91796875 0.0 12.234375 0.0 0.0 23.8125 0.0 5.728240966796875
198.01 -0.031496062992125984 -0.0234375 0.0 0.0 0.0 -0.0 -0.0 0.0 12.234375 0.0 0.0 24.00390625 0.0 12.09375 0.0 0.0 26.30078125 0.0 12.26953125 0.0 0.0 26.109375 0.0 12.26953125 0.0 0.0 24.00390625 0.0 5.728240966796875
198.179 -0.031496062992125984 -0.0234375 0.0 0.0 0.0 -0.0 -0.0 0.0 12.19921875 0.0 0.0 24.1953125 0.0 12.1640625 0.0 0.0 26.4921875 0.0 12.33984375 0.0 0.0 26.109375 0.0 12.234375 0.0 0.0 23.62109375 0.0 5.7380218505859375
198.371 -0.031496062992125984 -0.0234375 0.0 0.0 0.0 -0.0 -0.0 0.0 12.19921875 0.0 0.0 23.23828125 0.0 12.05859375 0.0 0.0 26.109375 0.0 12.26953125 0.0 0.0 26.30078125 0.0 12.234375 0.0 0.0 23.62109375 0.0 5.728240966796875
198.535 -0.031496062992125984 -0.0234375 0.0 0.0 0.0 -0.0 -0.0 0.0 12.26953125 0.0 0.0 23.62109375 0.0 12.05859375 0.0 0.0 26.30078125 0.0 12.26953125 0.0 0.0 26.30078125 0.0 12.1640625 0.0 0.0 24.38671875 0.0 5.7380218505859375
198.704 -0.031496062992125984 -0.0234375 0.0 0.0 0.0 -0.0 -0.0 0.0 12.234375 0.0 0.0 24.1953125 0.0 12.12890625 0.0 0.0 25.91796875 0.0 12.234375 0.0 0.0 26.4921875 0.0 12.234375 0.0 0.0 24.38671875 0.0 5.728240966796875
198.879 -0.031496062992125984 -0.0234375 0.0 0.0 0.0 -0.0 -0.0 0.0 12.1640625 0.0 0.0 23.4296875 0.0 12.12890625 0.0 0.0 25.91796875 0.0 12.33984375 0.0 0.0 26.30078125 0.0 12.26953125 0.0 0.0 23.4296875 0.0 5.7380218505859375
199.05 -0.031496062992125984 -0.0234375 0.0 0.0 0.0 -0.0 -0.0 0.0 12.19921875 0.0 0.0 24.00390625 0.0 12.0234375 0.0 0.0 26.30078125 0.0 12.26953125 0.0 0.0 25.91796875 0.0 12.19921875 0.0 0.0 24.1953125 0.0 5.728240966796875
199.22 -0.031496062992125984 -0.0234375 0.0 0.0 0.0 -0.0 -0.0 0.0 12.234375 0.0 0.0 23.23828125 0.0 12.05859375 0.0 0.0 26.109375 0.0 12.26953125 0.0 0.0 25.91796875 0.0 12.234375 0.0 0.0 24.00390625 0.0 5.7380218505859375
199.396 -0.031496062992125984 -0.0234375 0.0 0.0 0.0 -0.0 -0.0 0.0 12.234375 0.0 0.0 23.62109375 0.0 12.09375 0.0 0.0 26.30078125 0.0 12.26953125 0.0 0.0 26.109375 0.0 12.234375 0.0 0.0 23.8125 0.0 5.7380218505859375
199.568 -0.0 -0.0234375 0.0 0.0 0.0 -0.0 -0.0 0.0 12.19921875 0.0 0.0 23.8125 0.0 12.1640625 0.0 0.0 26.109375 0.0 12.3046875 0.0 0.0 26.109375 0.0 12.19921875 0.0 0.0 24.00390625 0.0 5.7380218505859375
199.736 -0.0 -0.0234375 0.0 0.0 0.0 -0.0 -0.0 0.0 12.19921875 0.0 0.0 24.00390625 0.0 12.12890625 0.0 0.0 25.91796875 0.0 12.3046875 0.0 0.0 25.91796875 0.0 12.26953125 0.0 0.0 24.1953125 0.0 5.7477874755859375
199.907 -0.0 -0.0234375 0.0 0.0 0.0 -0.0 -0.0 0.0 12.234375 0.0 0.0 24.38671875 0.0 12.09375 0.0 0.0 25.91796875 0.0 12.26953125 0.0 0.0 25.91796875 0.0 12.234375 0.0 0.0 23.8125 0.0 5.728240966796875
200.077 0.0859375 -0.046875 0.0 0.0 0.0 -0.0 -0.0 0.0 12.234375 0.0 0.0 23.62109375 0.0 12.12890625 0.0 0.0 26.30078125 0.0 12.3046875 0.0 0.0 25.91796875 0.0 12.234375 0.0 0.0 24.00390625 0.0 5.7380218505859375
200.235 -0.031496062992125984 -0.046875 0.0 0.0 0.0 -0.0 -0.0 0.0 12.234375 0.0 0.0 23.4296875 0.0 12.12890625 0.0 0.0 26.109375 0.0 12.3046875 0.0 0.0 26.109375 0.0 12.234375 0.0 0.0 23.8125 0.0 5.7380218505859375
200.417 0.2421875 0.09448818897637795 0.0 0.0 0.0 -0.0 -0.0 0.0 12.19921875 0.0 0.0 23.62109375 0.0 12.09375 0.0 0.0 26.109375 0.0 12.19921875 0.0 0.0 26.109375 0.0 12.09375 0.0 0.0 24.1953125 0.0 5.728240966796875
200.591 0.78125 0.0 0.0 -0.299609375 -0.299609375 0.299609375 0.299609375 59.67552185058594 11.91796875 -3.58203125 4.80078125 24.1953125 0.0 12.1640625 -3.64453125 3.8828125 25.7265625 125.49839782714844 11.84765625 3.515625 4.01171875 25.53515625 0.0 11.6015625 3.46484375 4.27734375 24.76953125 0.0 5.7477874755859375
200.773 0.7421875 0.0 0.0 -0.533203125 -0.533203125 0.533203125 0.533203125 -13.44659423828125 11.671875 -6.2421875 4.80078125 23.8125 0.0 12.05859375 -6.46875 4.40625 25.91796875 253.4151611328125 11.84765625 6.31640625 4.93359375 26.109375 0.0 11.8828125 6.3515625 4.27734375 23.8125 0.0 5.6793670654296875
200.973 0.5625 0.0 0.0 -0.45703125 -0.45703125 0.45703125 0.45703125 119.71566772460938 12.05859375 -5.52734375 3.35546875 23.046875 0.0 12.1640625 -5.54296875 3.35546875 25.7265625 234.93423461914062 11.98828125 5.4765625 3.75 26.109375 0.0 12.0234375 5.4765625 3.09375 23.4296875 0.0 5.728240966796875
201.149 0.6796875 0.0 0.0 -0.36562500000000003 -0.36562500000000003 0.36562500000000003 0.36562500000000003 -11.521041870117188 12.12890625 -4.44921875 2.83203125 23.046875 0.0 12.05859375 -4.421875 2.83203125 25.91796875 190.74110412597656 12.0234375 4.35546875 3.2265625 25.7265625 0.0 11.84765625 4.34375 2.69921875 24.00390625 0.0 5.69891357421875
201.32 0.9375 -0.0078125 0.0 -0.4671875 -0.4671875 0.4671875 0.4671875 199.98960876464844 11.91796875 -5.5859375 4.27734375 22.85546875 0.0 12.1640625 -5.5546875 3.6171875 26.30078125 229.21267700195312 11.77734375 5.43359375 4.01171875 25.91796875 0.0 11.7421875 5.44921875 3.75 24.1953125 0.0 5.68914794921875
201.506 1.0 -0.0078125 0.0 -0.65 -0.65 0.65 0.65 -17.591278076171875 11.63671875 -7.609375 4.66796875 22.85546875 0.0 11.98828125 -7.76953125 4.01171875 25.34375 316.8055419921875 11.7421875 7.65234375 4.66796875 26.30078125 0.0 11.7421875 7.65234375 4.5390625 24.1953125 0.0 5.7477874755859375
201.681 1.0 -0.0078125 0.0 -0.65 -0.65 0.65 0.65 -312.6017608642578 11.91796875 -7.76953125 3.8828125 23.8125 0.0 12.0234375 -7.81640625 3.48828125 25.91796875 332.7844696044922 11.8828125 7.67578125 4.01171875 25.91796875 0.0 11.84765625 7.72265625 3.6171875 23.62109375 0.0 5.728240966796875
201.859 1.0 -0.0078125 0.0 -0.65 -0.65 0.65 0.65 -85.77938842773438 11.8828125 -7.75 3.75 24.1953125 0.0 11.953125 -7.88671875 3.48828125 25.91796875 346.0706481933594 11.91796875 7.72265625 3.8828125 25.7265625 0.0 11.8828125 7.67578125 3.6171875 23.8125 0.0 5.69891357421875
202.03 1.0 -0.0078125 0.0 -0.65 -0.65 0.65 0.65 -14.908218383789062 11.91796875 -7.7265625 3.6171875 23.62109375 0.0 11.953125 -7.81640625 3.6171875 27.06640625 339.91326904296875 11.8125 7.65234375 4.01171875 25.7265625 0.0 11.77734375 7.69921875 3.48828125 24.1953125 0.0 5.7184600830078125
202.209 1.0 -0.0078125 0.0 -0.65 -0.65 0.65 0.65 -170.31089782714844 11.98828125 -7.7265625 3.48828125 23.62109375 0.0 12.05859375 -7.81640625 3.6171875 24.76953125 341.5762176513672 11.84765625 7.65234375 4.01171875 25.91796875 0.0 11.84765625 7.72265625 3.35546875 24.76953125 0.0 5.728240966796875
202.392 1.0 -0.0078125 0.0 -0.65 -0.65 0.65 0.65 -55.51539611816406 11.953125 -7.79296875 3.75 23.23828125 0.0 12.0234375 -7.81640625 3.35546875 25.91796875 340.93934631347656 11.91796875 7.69921875 3.8828125 26.30078125 0.0 11.84765625 7.65234375 3.48828125 24.1953125 0.0 5.7184600830078125
202.571 1.0 -0.0078125 0.0 -0.65 -0.65 0.65 0.65 -84.90690612792969 11.91796875 -7.79296875 3.8828125 24.1953125 0.0 12.05859375 -7.79296875 3.48828125 26.30078125 343.1022033691406 11.84765625 7.69921875 4.01171875 26.30078125 0.0 11.77734375 7.69921875 3.48828125 23.8125 0.0 5.728240966796875
202.751 1.0 -0.0078125 0.0 -0.65 -0.65 0.65 0.65 -47.688232421875 11.953125 -7.79296875 3.6171875 21.8984375 0.0 12.05859375 -7.81640625 3.35546875 26.875 338.177001953125 11.8828125 7.765625 4.14453125 25.91796875 0.0 11.8125 7.74609375 3.48828125 23.23828125 0.0 5.728240966796875
202.931 0.2265625 -0.0078125 0.0 -0.614453125 -0.614453125 0.614453125 0.614453125 161.14817810058594 12.0234375 -7.3671875 3.35546875 23.8125 0.0 12.09375 -7.453125 3.2265625 26.109375 320.0266571044922 11.91796875 7.34375 4.01171875 25.91796875 0.0 11.98828125 7.40625 3.35546875 23.8125 0.0 5.7086944580078125
203.11 -0.031496062992125984 -0.0078125 0.0 0.0 0.0 -0.0 -0.0 -10.23223876953125 12.1640625 0.0 0.0 23.8125 0.0 12.05859375 0.0 0.0 25.91796875 263.5190734863281 12.3046875 0.0 0.0 26.30078125 0.0 12.234375 0.0 0.0 23.8125 0.0 5.7380218505859375
203.276 -0.031496062992125984 -0.0078125 0.0 0.0 0.0 -0.0 -0.0 0.0 12.1640625 0.0 0.0 23.8125 0.0 12.0234375 0.0 0.0 25.91796875 194.9337615966797 12.26953125 0.0 0.0 25.7265625 0.0 12.234375 0.0 0.0 24.00390625 0.0 5.7184600830078125
203.449 -0.11023622047244094 -0.0078125 0.0 0.0 0.0 -0.0 -0.0 0.0 12.234375 0.0 0.0 23.046875 0.0 12.0234375 0.0 0.0 26.30078125 117.96147155761719 12.19921875 0.0 0.0 26.30078125 0.0 12.12890625 0.0 0.0 24.00390625 0.0 5.7184600830078125
203.619 -0.5039370078740157 -0.0078125 0.0 0.12795275590551186 0.1279527559055118 -0.12795275590551186 -0.1279527559055118 0.0 12.05859375 1.55078125 3.6171875 23.4296875 0.0 11.953125 1.51953125 2.69921875 26.68359375 -40.56494140625 11.98828125 -1.50390625 4.01171875 26.109375 0.0 11.84765625 -1.53125 2.83203125 24.38671875 0.0 5.728240966796875
203.787 -0.8661417322834646 -0.0859375 0.0 0.47086614173228364 0.4708661417322834 -0.47086614173228364 -0.4708661417322834 -11.052825927734375 11.53125 5.4765625 5.58984375 23.23828125 0.0 11.63671875 5.4765625 4.27734375 26.875 -213.4044647216797 11.84765625 -5.61328125 5.32421875 26.4921875 0.0 11.98828125 -5.58203125 3.8828125 23.4296875 0.0 5.7184600830078125
203.986 -0.3937007874015748 0.0 0.0 0.49645669291338596 0.49645669291338573 -0.49645669291338596 -0.49645669291338573 -12.059951782226562 11.953125 5.94921875 4.27734375 23.62109375 0.0 11.77734375 5.87890625 3.6171875 25.15234375 -260.1802215576172 12.09375 -6.0234375 4.40625 25.7265625 0.0 12.05859375 -6.0390625 3.6171875 23.8125 0.0 5.7380218505859375
204.153 -0.7401574803149606 0.0 0.0 0.2559055118110237 0.2559055118110236 -0.2559055118110237 -0.2559055118110236 -11.183975219726562 12.19921875 3.13671875 1.6484375 23.046875 0.0 11.953125 3.046875 1.38671875 26.68359375 -148.721923828125 12.12890625 -3.04296875 2.3046875 26.30078125 0.0 11.953125 -3.03515625 1.25390625 23.62109375 0.0 5.7184600830078125
204.34 -0.8031496062992126 -0.0625 0.0 0.49645669291338596 0.49645669291338573 -0.49645669291338596 -0.49645669291338573 -58.64923095703125 11.7421875 5.87890625 5.1953125 23.23828125 0.0 11.63671875 5.80859375 3.75 26.30078125 -242.2712860107422 11.953125 -5.83203125 4.66796875 25.34375 0.0 11.84765625 -5.84765625 4.01171875 23.62109375 0.0 5.757568359375
204.52 -1.0 -0.125 0.0 0.6141732283464568 0.6141732283464566 -0.6141732283464568 -0.6141732283464566 -14.728103637695312 11.70703125 7.2734375 4.5390625 23.8125 0.0 11.7421875 7.1875 3.8828125 26.30078125 -325.8379211425781 11.8125 -7.30078125 4.5390625 26.109375 0.0 11.84765625 -7.3203125 4.01171875 23.4296875 0.0 5.7380218505859375
204.693 -1.0 -0.1640625 0.0 0.6500000000000002 0.6499999999999998 -0.6500000000000002 -0.6499999999999998 -84.06855773925781 11.91796875 7.72265625 4.01171875 23.8125 0.0 11.8125 7.62890625 3.35546875 25.7265625 -347.1029510498047 11.84765625 -7.703125 3.75 25.91796875 0.0 11.91796875 -7.75 3.48828125 23.046875 0.0 5.69891357421875
204.879 -1.0 -0.0859375 0.0 0.6051535824249465 0.7543086212026446 -0.6051535824249465 -0.7543086212026446 172.74729919433594 11.84765625 7.1875 3.35546875 23.046875 0.0 11.8828125 8.8828125 3.2265625 25.91796875 -327.449462890625 11.91796875 -7.2578125 3.6171875 26.109375 0.0 11.98828125 -8.96484375 3.75 23.8125 0.0 5.7771148681640625
205.059 -1.0 -0.0859375 0.0 0.6500000000000002 0.6499999999999998 -0.6500000000000002 -0.6499999999999998 -253.66627502441406 11.91796875 7.765625 4.14453125 23.62109375 0.0 11.8828125 7.67578125 2.4375 26.4921875 -347.16571044921875 11.98828125 -7.76953125 3.8828125 26.4921875 0.0 11.98828125 -7.79296875 2.69921875 23.62109375 0.0 5.7477874755859375
205.241 -0.1968503937007874 0.0 0.0 0.6500000000000002 0.6499999999999998 -0.6500000000000002 -0.6499999999999998 -6.3683013916015625 11.953125 7.765625 3.8828125 23.62109375 0.0 11.84765625 7.62890625 3.2265625 25.7265625 -357.90846252441406 12.09375 -7.81640625 4.01171875 25.91796875 0.0 12.09375 -7.88671875 3.6171875 23.62109375 0.0 5.728240966796875
205.431 0.0078125 0.031496062992125984 0.0 0.0 0.0 -0.0 -0.0 8.43707275390625 12.1640625 0.0 0.0 23.23828125 0.0 12.0234375 0.0 0.0 26.109375 -298.69322204589844 12.234375 0.0 0.0 26.109375 0.0 12.12890625 0.0 0.0 24.38671875 0.0 5.7380218505859375
205.598 0.0078125 0.031496062992125984 0.0 0.0 0.0 -0.0 -0.0 -3.20758056640625 12.1640625 0.0 0.0 23.62109375 0.0 12.09375 0.0 0.0 25.91796875 -215.10194396972656 12.234375 0.0 0.0 25.91796875 0.0 12.1640625 0.0 0.0 23.62109375 0.0 5.728240966796875
205.779 0.0078125 -0.0234375 0.0 0.0 0.0 -0.0 -0.0 0.0 12.12890625 0.0 0.0 23.4296875 0.0 12.05859375 0.0 0.0 25.91796875 -150.31118774414062 12.234375 0.0 0.0 25.91796875 0.0 12.234375 0.0 0.0 23.23828125 0.0 5.7477874755859375
205.948 0.0078125 -0.0234375 0.0 0.0 0.0 -0.0 -0.0 0.0 12.19921875 0.0 0.0 24.1953125 0.0 12.0234375 0.0 0.0 25.7265625 -83.82998657226562 12.26953125 0.0 0.0 26.4921875 0.0 12.19921875 0.0 0.0 23.4296875 0.0 5.728240966796875
206.119 0.0078125 -0.046875 0.0 0.0 0.0 -0.0 -0.0 0.0 12.19921875 0.0 0.0 23.62109375 0.0 12.0234375 0.0 0.0 26.109375 -28.425064086914062 12.234375 0.0 0.0 26.109375 0.0 12.234375 0.0 0.0 24.00390625 0.0 5.7380218505859375
206.292 0.0078125 -0.046875 0.0 0.0 0.0 -0.0 -0.0 0.0 12.19921875 0.0 0.0 23.4296875 0.0 12.0234375 0.0 0.0 25.7265625 0.0 12.26953125 0.0 0.0 25.91796875 0.0 12.26953125 0.0 0.0 24.76953125 0.0 5.728240966796875
206.472 0.0078125 -0.046875 0.0 0.0 0.0 -0.0 -0.0 0.0 12.234375 0.0 0.0 23.8125 0.0 12.12890625 0.0 0.0 25.34375 0.0 12.19921875 0.0 0.0 25.53515625 0.0 12.19921875 0.0 0.0 23.62109375 0.0 5.7380218505859375
206.639 0.0078125 -0.046875 0.0 0.0 0.0 -0.0 -0.0 0.0 12.1640625 0.0 0.0 24.00390625 0.0 12.09375 0.0 0.0 25.91796875 0.0 12.26953125 0.0 0.0 25.91796875 0.0 12.1640625 0.0 0.0 23.8125 0.0 5.7380218505859375
206.809 0.0078125 -0.046875 0.0 0.0 0.0 -0.0 -0.0 0.0 12.19921875 0.0 0.0 23.8125 0.0 11.98828125 0.0 0.0 26.30078125 0.0 12.26953125 0.0 0.0 26.109375 0.0 12.234375 0.0 0.0 23.8125 0.0 5.728240966796875
206.993 0.0078125 -0.046875 0.0 0.0 0.0 -0.0 -0.0 0.0 12.19921875 0.0 0.0 23.23828125 0.0 12.05859375 0.0 0.0 25.91796875 0.0 12.19921875 0.0 0.0 25.91796875 0.0 12.12890625 0.0 0.0 24.00390625 0.0 5.7380218505859375
207.161 0.0078125 -0.046875 0.0 0.0 0.0 -0.0 -0.0 0.0 12.1640625 0.0 0.0 23.8125 0.0 12.0234375 0.0 0.0 26.109375 0.0 12.26953125 0.0 0.0 26.4921875 0.0 12.234375 0.0 0.0 23.046875 0.0 5.7380218505859375
207.331 1.0 0.0 0.0 0.0 0.0 -0.0 -0.0 0.0 12.19921875 0.0 0.0 23.62109375 0.0 12.12890625 0.0 0.0 26.68359375 0.0 11.8828125 0.0 0.0 25.91796875 0.0 11.63671875 0.0 0.0 23.23828125 0.0 5.7380218505859375
207.499 1.0 0.1732283464566929 0.0 -0.65 -0.65 0.65 0.65 -19.75360107421875 11.1796875 -7.24609375 4.80078125 23.62109375 0.0 11.8125 -7.65625 5.32421875 25.91796875 304.7135314941406 11.6015625 7.46875 5.71875 26.109375 0.0 11.70703125 7.5625 5.45703125 23.23828125 0.0 5.7477874755859375
207.661 1.0 0.11023622047244094 0.0 -0.65 -0.65 0.65 0.65 55.05216979980469 11.8828125 -7.703125 4.27734375 24.578125 0.0 11.91796875 -7.81640625 4.01171875 26.109375 337.9686737060547 11.84765625 7.69921875 4.14453125 25.7265625 0.0 11.8125 7.60546875 3.75 23.8125 0.0 5.728240966796875
207.841 1.0 0.11023622047244094 0.0 -0.65 -0.65 0.65 0.65 -309.3281707763672 11.953125 -7.75 3.75 23.8125 0.0 11.98828125 -7.86328125 3.48828125 26.875 335.66432189941406 11.77734375 7.74609375 4.01171875 25.7265625 0.0 11.84765625 7.67578125 3.48828125 24.1953125 0.0 5.786895751953125
208.03 1.0 0.07086614173228346 0.0 -0.65 -0.65 0.65 0.65 -49.22003173828125 11.953125 -7.703125 3.6171875 23.4296875 0.0 11.91796875 -7.81640625 2.9609375 26.109375 343.5626678466797 11.21484375 7.2890625 3.2265625 25.91796875 0.0 11.4609375 7.2421875 2.9609375 24.00390625 0.0 5.7477874755859375
208.22 1.0 0.07086614173228346 0.0 -1.0 -1.0 1.0 1.0 -493.00294494628906 11.21484375 -11.3203125 3.75 23.62109375 0.0 11.28515625 -11.3203125 4.5390625 25.34375 508.1381378173828 11.56640625 11.4921875 5.0625 25.53515625 0.0 11.63671875 11.6328125 4.80078125 23.8125 0.0 5.728240966796875
208.38 1.0 0.07086614173228346 0.0 -1.0 -1.0 1.0 1.0 -38.25080871582031 11.63671875 -11.671875 3.35546875 23.8125 0.0 11.671875 -11.56640625 3.2265625 26.30078125 532.0770263671875 11.8125 11.7734375 3.75 26.30078125 0.0 11.7421875 11.7734375 2.9609375 23.4296875 0.0 5.728240966796875
208.55 1.0 0.07086614173228346 0.0 -1.0 -1.0 1.0 1.0 -529.7282409667969 11.84765625 -11.7421875 2.69921875 22.85546875 0.0 11.70703125 -11.70703125 3.48828125 26.4921875 531.5614471435547 11.8828125 12.1953125 4.5390625 26.4921875 0.0 12.19921875 12.30078125 3.75 23.8125 0.0 5.7380218505859375
208.729 1.0 0.07086614173228346 0.0 -0.65 -0.65 0.65 0.65 -39.871246337890625 12.41015625 -8.0 1.51953125 23.8125 0.0 12.12890625 -7.953125 1.6484375 27.06640625 374.63414001464844 12.05859375 7.8125 1.91015625 25.91796875 0.0 12.12890625 7.7890625 1.125 23.62109375 0.0 5.7380218505859375
208.901 1.0 0.07086614173228346 0.0 -0.65 -0.65 0.65 0.65 40.49565124511719 12.0234375 -7.75 3.09375 23.4296875 0.0 12.05859375 -7.88671875 3.48828125 25.91796875 351.1659698486328 11.953125 7.74609375 3.75 25.7265625 0.0 11.77734375 7.72265625 2.9609375 23.8125 0.0 5.757568359375
209.073 1.0 -0.0234375 0.0 -0.65 -0.65 0.65 0.65 117.607421875 11.953125 -7.75 3.6171875 23.4296875 0.0 12.0234375 -7.83984375 3.8828125 26.4921875 342.4291076660156 11.390625 7.42578125 3.2265625 25.15234375 0.0 11.53125 7.5390625 3.35546875 23.4296875 0.0 5.7477874755859375
209.25 1.0 -1.0 0.0 0.05395131724186134 -1.0 -0.05395131724186134 1.0 -12.660140991210938 11.671875 0.0 0.0 23.8125 0.0 11.6015625 -11.56640625 4.14453125 26.30078125 278.38189697265625 11.8828125 0.0 0.0 25.53515625 0.0 11.8125 11.9140625 4.5390625 23.62109375 0.0 5.7477874755859375
209.43 1.0 -1.0 0.0 0.0 -1.0 -0.0 1.0 0.0 11.91796875 0.0 0.0 23.62109375 0.0 11.8828125 -11.70703125 3.09375 26.875 190.5139923095703 12.0234375 0.0 0.0 25.7265625 0.0 11.8828125 12.01953125 2.83203125 24.1953125 0.0 5.7380218505859375
209.599 1.0 -1.0 0.0 0.0 -1.0 -0.0 1.0 0.0 11.98828125 0.0 0.0 24.578125 0.0 11.7421875 -11.8125 2.9609375 26.109375 126.9295654296875 12.0234375 0.0 0.0 25.91796875 0.0 12.0234375 11.984375 2.69921875 23.23828125 0.0 5.7380218505859375
209.769 -0.7795275590551181 -1.0 0.0 -0.026245607419180708 -1.0 0.026245607419180708 1.0 0.0 12.0234375 0.0 0.0 23.62109375 0.0 11.8828125 -11.8125 1.51953125 25.7265625 61.89854431152344 11.28515625 0.0 0.0 25.7265625 0.0 11.671875 10.296875 0.0 23.62109375 0.0 5.7380218505859375
209.949 -1.0 -1.0 0.0 1.0 -3.4160708450004814E-16 -1.0 3.4160708450004814E-16 -472.6735534667969 11.3203125 11.31640625 6.640625 23.62109375 0.0 11.63671875 0.0 0.0 26.30078125 -518.2186126708984 11.8125 -11.84765625 5.58984375 25.91796875 0.0 11.8828125 0.0 0.0 23.62109375 0.0 5.7380218505859375
210.14 -1.0 -0.8046875 0.0 1.0 -3.4160708450004814E-16 -1.0 3.4160708450004814E-16 -70.32064819335938 11.91796875 11.87890625 3.2265625 23.8125 0.0 11.84765625 0.0 0.0 26.109375 -569.0574951171875 12.09375 -11.63671875 1.91015625 25.53515625 0.0 12.09375 0.0 0.0 23.23828125 0.0 5.728240966796875
210.331 -0.7795275590551181 1.0 0.0 0.6500000000000002 0.6499999999999998 -0.6500000000000002 -0.6499999999999998 -130.86151123046875 11.07421875 7.30859375 0.0 23.8125 0.0 11.63671875 7.42578125 0.0 25.7265625 -365.67945861816406 11.00390625 -7.3359375 2.4375 25.15234375 0.0 11.53125 -6.85546875 2.4375 23.62109375 0.0 5.728240966796875
210.51 0.734375 1.0 0.0 -0.6991462903961753 0.6951084835981208 0.6991462903961753 -0.6951084835981208 -45.4669189453125 11.35546875 -7.9140625 6.90234375 23.4296875 0.0 11.49609375 8.13671875 4.80078125 26.109375 345.38584899902344 11.56640625 8.109375 5.45703125 26.30078125 0.0 11.84765625 -8.40625 4.14453125 23.046875 0.0 5.69891357421875
210.691 -0.06299212598425197 -0.0234375 0.0 -0.3675385875581486 -0.15665168814006722 0.3675385875581486 0.15665168814006722 57.716583251953125 11.91796875 -4.3828125 1.6484375 23.046875 0.0 12.05859375 -1.90234375 3.8828125 24.76953125 219.5038299560547 12.0234375 4.41796875 2.4375 26.30078125 0.0 11.953125 1.87109375 3.2265625 23.8125 0.0 5.7673492431640625
210.858 -0.0 -0.0234375 0.0 0.0 0.0 -0.0 -0.0 15.866531372070312 12.1640625 0.0 0.0 23.4296875 0.0 12.05859375 0.0 0.0 26.109375 148.8487548828125 12.1640625 0.0 0.0 25.7265625 0.0 12.12890625 0.0 0.0 24.38671875 0.0 5.728240966796875
211.031 -0.0 -0.0234375 0.0 0.0 0.0 -0.0 -0.0 0.0 12.12890625 0.0 0.0 23.8125 0.0 11.98828125 0.0 0.0 26.30078125 78.18702697753906 12.19921875 0.0 0.0 25.7265625 0.0 12.19921875 0.0 0.0 24.00390625 0.0 5.7380218505859375
211.209 -0.0 -0.0234375 0.0 0.0 0.0 -0.0 -0.0 0.0 12.12890625 0.0 0.0 22.47265625 0.0 12.0234375 0.0 0.0 25.7265625 22.90692138671875 12.234375 0.0 0.0 26.4921875 0.0 12.19921875 0.0 0.0 23.4296875 0.0 5.728240966796875
211.376 0.0078125 -0.0234375 0.0 0.0 0.0 -0.0 -0.0 0.0 12.19921875 0.0 0.0 24.00390625 0.0 12.0234375 0.0 0.0 25.91796875 0.0 12.19921875 0.0 0.0 25.7265625 0.0 12.19921875 0.0 0.0 23.4296875 0.0 5.7380218505859375
211.55 -0.031496062992125984 -0.0234375 0.0 0.0 0.0 -0.0 -0.0 0.0 12.19921875 0.0 0.0 23.4296875 0.0 11.953125 0.0 0.0 26.109375 0.0 12.19921875 0.0 0.0 26.109375 0.0 12.1640625 0.0 0.0 23.8125 0.0 5.728240966796875
211.727 0.0078125 -0.0234375 0.0 0.0 0.0 -0.0 -0.0 0.0 12.1640625 0.0 0.0 23.62109375 0.0 12.09375 0.0 0.0 26.109375 0.0 12.19921875 0.0 0.0 26.109375 0.0 12.1640625 0.0 0.0 23.62109375 0.0 5.728240966796875
211.898 0.0078125 -0.0234375 0.0 0.0 0.0 -0.0 -0.0 0.0 12.12890625 0.0 0.0 23.23828125 0.0 12.05859375 0.0 0.0 25.91796875 0.0 12.1640625 0.0 0.0 25.7265625 0.0 12.1640625 0.0 0.0 24.1953125 0.0 5.7380218505859375
212.072 0.0078125 -0.0234375 0.0 0.0 0.0 -0.0 -0.0 0.0 12.1640625 0.0 0.0 23.62109375 0.0 12.05859375 0.0 0.0 25.91796875 0.0 12.26953125 0.0 0.0 26.109375 0.0 12.234375 0.0 0.0 24.38671875 0.0 5.7380218505859375
212.24 0.0078125 -0.0234375 0.0 0.0 0.0 -0.0 -0.0 0.0 12.19921875 0.0 0.0 23.4296875 0.0 12.12890625 0.0 0.0 25.7265625 0.0 12.234375 0.0 0.0 26.109375 0.0 12.12890625 0.0 0.0 23.62109375 0.0 5.728240966796875
212.409 0.0078125 -0.0234375 0.0 0.0 0.0 -0.0 -0.0 0.0 12.12890625 0.0 0.0 23.62109375 0.0 12.05859375 0.0 0.0 25.7265625 0.0 12.234375 0.0 0.0 25.53515625 0.0 12.234375 0.0 0.0 23.8125 0.0 5.7380218505859375
212.578 0.0078125 -0.0234375 0.0 0.0 0.0 -0.0 -0.0 0.0 12.19921875 0.0 0.0 23.23828125 0.0 11.98828125 0.0 0.0 26.109375 0.0 12.19921875 0.0 0.0 26.109375 0.0 12.19921875 0.0 0.0 23.62109375 0.0 5.7380218505859375
212.751 0.0078125 -0.0234375 0.0 0.0 0.0 -0.0 -0.0 0.0 12.1640625 0.0 0.0 24.38671875 0.0 12.09375 0.0 0.0 26.109375 0.0 12.515625 0.0 0.0 25.34375 0.0 12.515625 0.0 0.0 24.1953125 0.0 5.7380218505859375
212.915 0.0078125 -0.0234375 0.0 0.0 0.0 -0.0 -0.0 0.0 12.515625 0.0 0.0 23.8125 0.0 12.41015625 0.0 0.0 26.109375 0.0 12.5859375 0.0 0.0 26.109375 0.0 12.515625 0.0 0.0 23.62109375 0.0 5.7380218505859375
