Timestamp Driver_Joy_Y Driver_Joy_X Driver_Joy_W FL_Out BL_Out BR_Out FR_Out FL_Jag_Speed FL_Bus_Voltage FL_Out_Voltage FL_Out_Current FL_Temp BL_Jag_Speed BL_Bus_Voltage BL_Out_Voltage BL_Out_Current BL_Temp BR_Jag_Speed BR_Bus_Voltage BR_Out_Voltage BR_Out_Current BR_Temp FR_Jag_Speed FR_Bus_Voltage FR_Out_Voltage FR_Out_Current FR_Temp
506.532 -0.0 0.0 0.0 0.0 0.0 -0.0 -0.0 0.0 12.7265625 0.0 0.0 24.38671875 0.0 12.62109375 0.0 0.0 27.640625 0.0 12.796875 0.0 0.0 27.06640625 0.0 12.7265625 0.0 0.0 24.9609375 0.0 5.8064422607421875
506.702 0.2734375 0.0 0.0 0.0 0.0 -0.0 -0.0 0.0 12.7265625 0.0 0.0 24.578125 0.0 12.65625 0.0 0.0 28.0234375 0.0 12.796875 0.0 0.0 27.44921875 0.0 12.76171875 0.0 0.0 24.38671875 0.0 5.8064422607421875
506.878 0.609375 0.0 0.0 -0.01949565225839612 -0.01949565225839619 0.01949565225839612 0.01949565225839619 0.0 12.7265625 0.0 0.0 24.578125 0.0 12.62109375 0.0 0.0 27.83203125 0.0 12.796875 0.0 0.0 27.44921875 0.0 12.7265625 0.0 0.0 24.9609375 0.0 5.796661376953125
507.072 0.71875 0.0 0.0 -0.08329242658615106 -0.08329242658615117 0.08329242658615106 0.08329242658615117 0.0 12.5859375 -1.046875 6.640625 24.38671875 0.0 12.7265625 -1.0625 3.2265625 27.44921875 0.0 12.515625 1.0390625 7.1640625 27.640625 0.0 12.48046875 1.0390625 1.25390625 25.15234375 0.0 5.796661376953125
507.252 0.71875 0.0 0.09448818897637795 -0.10197028732299801 -0.10197028732299812 0.10197028732299801 0.10197028732299812 0.0 12.48046875 -1.27734375 8.4765625 24.38671875 0.0 12.7265625 -1.30078125 8.73828125 27.44921875 0.0 12.41015625 1.26171875 8.34765625 26.875 0.0 12.41015625 1.26171875 7.42578125 24.76953125 0.0 5.786895751953125
507.432 0.71875 0.0 0.33070866141732286 -0.10197028732299801 -0.10197028732299812 0.10197028732299801 0.10197028732299812 0.0 12.515625 -1.2734375 8.4765625 24.578125 0.0 12.69140625 -1.30078125 10.578125 27.06640625 0.0 12.4453125 1.265625 7.8203125 27.06640625 0.0 12.41015625 1.26171875 8.34765625 24.38671875 0.0 5.786895751953125
507.624 0.8515625 0.0 0.33070866141732286 0.06338404338566342 0.06338404338566331 0.2673246180316594 0.2673246180316595 0.0 12.41015625 0.78125 4.80078125 24.1953125 0.0 12.09375 0.765625 0.0 27.44921875 10.467803955078125 11.63671875 3.109375 17.80078125 26.875 0.0 11.7421875 3.0703125 20.55859375 24.1953125 0.0 5.7771148681640625
507.804 1.0 0.0 0.2755905511811024 -0.05531960726769891 -0.05531960726769902 0.38602826868502177 0.3860282686850219 0.0 12.05859375 0.0 0.0 24.38671875 0.0 12.05859375 0.0 0.0 27.2578125 61.31147766113281 11.35546875 4.3828125 17.5390625 27.2578125 0.0 11.390625 4.41015625 21.34765625 24.00390625 0.0 5.786895751953125
507.993 1.0 0.0 0.3543307086614173 -0.13682972440944877 -0.13682972440944888 0.41242027559055117 0.4124202755905513 0.0 12.0234375 -1.6484375 4.93359375 24.9609375 0.0 12.19921875 -1.671875 5.32421875 26.68359375 91.53317260742188 11.42578125 4.6796875 18.32421875 27.2578125 0.0 11.671875 4.72265625 18.32421875 23.8125 0.0 5.757568359375
508.184 1.0 0.06299212598425197 0.0 -0.08564862204724405 -0.08564862204724416 0.46360137795275586 0.46360137795275597 -11.1485595703125 12.05859375 -1.03125 0.0 24.38671875 0.0 11.98828125 -1.02734375 0.0 28.21484375 139.1556396484375 11.63671875 5.359375 14.51953125 26.4921875 0.0 11.49609375 5.375 17.40625 24.38671875 0.0 5.796661376953125
508.373 1.0 0.13385826771653545 -0.0078125 -0.27462499999999995 -0.27462500000000006 0.27462499999999995 0.27462500000000006 -4.1636962890625 12.1640625 -3.3515625 7.55859375 24.578125 0.0 12.4453125 -3.41796875 7.953125 27.44921875 97.7646484375 12.19921875 3.3671875 5.71875 26.875 0.0 12.12890625 3.33984375 6.24609375 24.1953125 0.0 5.796661376953125
508.564 0.0078125 0.06299212598425197 -0.046875 -0.27462499999999995 -0.27462500000000006 0.27462499999999995 0.27462500000000006 0.0 12.19921875 -3.37109375 6.90234375 25.53515625 0.0 12.4453125 -3.4296875 6.5078125 27.44921875 112.59346008300781 12.26953125 3.3671875 7.03125 27.44921875 0.0 12.19921875 3.375 7.1640625 24.76953125 0.0 5.8064422607421875
508.748 -0.13385826771653545 0.0 -0.046875 0.0 0.0 -0.0 -0.0 21.34197998046875 12.5859375 0.0 0.0 24.578125 0.0 12.48046875 0.0 0.0 27.2578125 77.5084228515625 12.65625 0.0 0.0 27.06640625 0.0 12.62109375 0.0 0.0 24.76953125 0.0 5.796661376953125
508.923 -0.07086614173228346 0.0 -0.046875 0.0 0.0 -0.0 -0.0 -8.299774169921875 12.62109375 0.0 0.0 23.23828125 0.0 12.515625 0.0 0.0 28.40625 43.69544982910156 12.65625 0.0 0.0 27.2578125 0.0 12.62109375 0.0 0.0 24.76953125 0.0 5.81622314453125
509.095 -0.13385826771653545 0.0 -0.046875 0.0 0.0 -0.0 -0.0 0.0 12.62109375 0.0 0.0 24.38671875 0.0 12.515625 0.0 0.0 27.640625 19.033065795898438 12.69140625 0.0 0.0 27.2578125 0.0 12.65625 0.0 0.0 24.76953125 0.0 5.8064422607421875
509.276 -0.5433070866141733 -0.0078125 -0.046875 0.005748215482651464 0.005748215482651414 -0.005748215482651464 -0.005748215482651414 0.0 12.65625 0.0 0.0 24.38671875 0.0 12.515625 0.0 0.0 27.640625 4.81854248046875 12.7265625 0.0 0.0 27.2578125 0.0 12.65625 0.0 0.0 25.34375 0.0 5.796661376953125
S: 154773927038 Toggled Solenoid
509.454 -0.6062992125984252 -0.0078125 -0.046875 0.061206998459272584 0.06120699845927246 -0.061206998459272584 -0.06120699845927246 0.0 12.65625 0.0 0.0 24.76953125 0.0 12.55078125 0.0 0.0 27.06640625 -4.4660491943359375 12.69140625 0.0 0.0 27.2578125 0.0 12.65625 0.0 0.0 25.34375 0.0 5.82598876953125
509.634 -0.0 -0.0078125 -0.046875 0.06610132742509588 0.06610132742509574 -0.06610132742509588 -0.06610132742509574 0.0 12.5859375 0.828125 9.1328125 23.8125 0.0 12.3046875 0.8125 0.0 26.68359375 -2.643707275390625 12.65625 -0.83984375 7.42578125 27.2578125 0.0 12.62109375 -0.8359375 0.0 24.9609375 0.0 5.8064422607421875
509.817 -0.0 -0.0078125 -0.046875 0.0 0.0 -0.0 -0.0 0.0 12.65625 0.0 0.0 24.9609375 0.0 12.515625 0.0 0.0 28.0234375 0.0 12.7265625 0.0 0.0 27.640625 0.0 12.65625 0.0 0.0 24.578125 0.0 5.8064422607421875
509.995 -0.0 -0.0078125 -0.046875 0.0 0.0 -0.0 -0.0 0.0 12.65625 0.0 0.0 24.578125 0.0 12.55078125 0.0 0.0 27.44921875 0.0 12.7265625 0.0 0.0 27.06640625 0.0 12.65625 0.0 0.0 24.76953125 0.0 5.8064422607421875
510.171 -0.0 -0.0078125 -0.0625 0.0 0.0 -0.0 -0.0 0.0 12.65625 0.0 0.0 24.1953125 0.0 12.55078125 0.0 0.0 27.640625 0.0 12.7265625 0.0 0.0 27.2578125 0.0 12.69140625 0.0 0.0 24.76953125 0.0 5.8064422607421875
510.351 -0.0 -0.0078125 -0.0859375 0.0 0.0 -0.0 -0.0 0.0 12.65625 0.0 0.0 24.578125 0.0 12.55078125 0.0 0.0 28.98046875 0.0 12.7265625 0.0 0.0 26.4921875 0.0 12.69140625 0.0 0.0 24.76953125 0.0 5.796661376953125
510.539 -0.0 -0.0078125 -0.1015625 0.0 0.0 -0.0 -0.0 0.0 12.65625 0.0 0.0 23.8125 0.0 12.515625 0.0 0.0 27.83203125 0.0 12.7265625 0.0 0.0 27.44921875 0.0 12.65625 0.0 0.0 24.76953125 0.0 5.81622314453125
510.711 0.046875 -0.0078125 -0.0078125 0.0 0.0 -0.0 -0.0 0.0 12.65625 0.0 0.0 24.578125 0.0 12.55078125 0.0 0.0 28.7890625 20.271438598632812 12.7265625 0.0 0.0 26.875 0.0 12.69140625 0.0 0.0 25.34375 0.0 5.8064422607421875
510.892 0.3359375 -0.0078125 -0.0078125 0.0 0.0 -0.0 -0.0 0.0 12.65625 0.0 0.0 24.38671875 0.0 12.55078125 0.0 0.0 28.40625 -3.0599365234375 12.7265625 0.0 0.0 27.06640625 0.0 12.65625 0.0 0.0 24.578125 0.0 5.8064422607421875
511.063 0.640625 0.06299212598425197 -0.0078125 0.02689466851949688 0.026894668519496963 -0.02689466851949688 -0.026894668519496963 0.0 12.65625 0.0 0.0 24.9609375 0.0 12.55078125 0.0 0.0 27.44921875 -2.810272216796875 12.7265625 0.0 0.0 26.875 0.0 12.65625 0.0 0.0 24.9609375 0.0 5.81622314453125
511.244 0.640625 0.06299212598425197 -0.0078125 0.07220241403579708 0.07220241403579719 -0.07220241403579708 -0.07220241403579719 0.0 12.55078125 0.90234375 7.8203125 24.1953125 0.0 12.26953125 0.8828125 0.0 27.2578125 0.0 12.65625 -0.91796875 5.8515625 26.875 0.0 12.5859375 -0.91015625 1.125 24.76953125 0.0 5.8064422607421875
511.433 0.7734375 0.06299212598425197 -0.0078125 0.07220241403579708 0.07220241403579719 -0.07220241403579708 -0.07220241403579719 0.0 12.5859375 0.90234375 6.90234375 24.578125 0.0 12.26953125 0.8828125 0.0 28.7890625 -2.463897705078125 12.5859375 -0.9140625 5.8515625 27.44921875 0.0 12.515625 -0.90625 0.0 24.9609375 0.0 5.8064422607421875
511.616 0.9296875 0.06299212598425197 -0.0078125 0.16042110151052466 0.16042110151052483 -0.16042110151052466 -0.16042110151052483 0.0 12.26953125 1.96484375 10.0546875 24.1953125 0.0 11.63671875 1.8515625 13.203125 28.40625 -14.726119995117188 12.375 -1.96875 9.921875 27.2578125 0.0 12.3046875 -1.9765625 7.55859375 25.15234375 0.0 5.8846435546875
511.795 0.8046875 0.06299212598425197 -0.0078125 0.22067393797636034 0.2206739379763605 -0.22067393797636034 -0.2206739379763605 0.0 12.09375 2.67578125 11.890625 24.9609375 0.0 11.53125 2.52734375 11.49609375 26.68359375 -45.26593017578125 12.26953125 -2.7265625 9.1328125 27.2578125 0.0 12.375 -2.73046875 9.66015625 24.578125 0.0 5.82598876953125
511.997 0.7890625 0.06299212598425197 -0.0078125 0.13491936308145522 0.13491936308145538 -0.13491936308145522 -0.13491936308145538 -7.7836151123046875 12.515625 1.69140625 4.01171875 24.38671875 0.0 12.26953125 1.65234375 2.5703125 28.0234375 -47.52532958984375 12.5859375 -1.69921875 5.1953125 27.44921875 0.0 12.5859375 -1.6953125 3.8828125 24.38671875 0.0 5.81622314453125
512.185 0.8515625 0.06299212598425197 -0.0078125 0.13491936308145522 0.13491936308145538 -0.13491936308145522 -0.13491936308145538 7.1161651611328125 12.515625 1.6875 6.76953125 24.00390625 0.0 12.26953125 1.6484375 3.09375 27.2578125 -42.95301818847656 12.55078125 -1.69140625 4.66796875 27.640625 0.0 12.375 -1.671875 3.8828125 24.578125 0.0 5.8357696533203125
512.382 1.0 0.007874015748031496 -0.0078125 0.22067393797636034 0.2206739379763605 -0.22067393797636034 -0.2206739379763605 0.0 12.19921875 2.70703125 9.265625 23.4296875 0.0 11.4609375 2.55078125 12.15234375 26.875 -52.06779479980469 12.3046875 -2.6953125 7.296875 27.44921875 0.0 12.234375 -2.6953125 7.296875 24.38671875 0.0 5.8064422607421875
512.565 1.0 0.06299212598425197 -0.0078125 0.2746249999999999 0.2746250000000001 -0.2746249999999999 -0.2746250000000001 0.0 12.05859375 3.3203125 11.62890625 24.00390625 0.0 11.53125 3.125 11.49609375 27.640625 -76.89997863769531 12.19921875 -3.36328125 7.55859375 27.06640625 0.0 12.1640625 -3.33203125 10.4453125 24.76953125 0.0 5.81622314453125
512.754 1.0 0.06299212598425197 -0.0078125 0.2746249999999999 0.2746250000000001 -0.2746249999999999 -0.2746250000000001 -6.599212646484375 12.12890625 3.328125 9.265625 23.8125 0.0 11.63671875 3.18359375 12.41796875 27.83203125 -92.94221496582031 12.19921875 -3.3515625 9.7890625 27.44921875 0.0 12.26953125 -3.37109375 6.90234375 24.1953125 0.0 5.82598876953125
512.938 1.0 0.06299212598425197 -0.0625 0.2746249999999999 0.2746250000000001 -0.2746249999999999 -0.2746250000000001 -30.418487548828125 12.19921875 3.34765625 9.66015625 24.1953125 0.0 11.8125 3.203125 9.7890625 27.2578125 -91.55935668945312 12.3046875 -3.36328125 9.00390625 26.875 0.0 12.3046875 -3.37109375 5.58984375 24.38671875 0.0 5.8064422607421875
513.13 1.0 0.06299212598425197 -0.5625 0.2746249999999999 0.2746250000000001 -0.2746249999999999 -0.2746250000000001 -8.135208129882812 12.19921875 3.34765625 8.73828125 24.1953125 0.0 11.8125 3.17578125 9.52734375 27.06640625 -107.99258422851562 12.41015625 -3.37109375 7.8203125 27.44921875 0.0 12.3046875 -3.25390625 3.8828125 24.38671875 0.0 5.82598876953125
513.314 1.0 0.06299212598425197 -0.34375 0.1242343749999999 -0.17654687499999988 -0.7257968749999999 -0.4250156250000001 -4.0883636474609375 11.8125 1.47265625 0.0 24.578125 0.0 10.96875 -1.96484375 21.73828125 26.875 -218.0455322265625 11.390625 -8.26953125 25.41796875 26.68359375 0.0 11.63671875 -5.08203125 12.0234375 24.1953125 0.0 5.8357696533203125
513.494 1.0 0.06299212598425197 -0.0859375 0.2082187499999999 0.07540625000000009 -0.4738437499999999 -0.3410312500000001 3.7852783203125 12.12890625 2.5078125 7.8203125 24.38671875 0.0 12.05859375 0.9140625 0.0 27.2578125 -164.2710418701172 11.98828125 -5.6484375 13.203125 27.2578125 0.0 12.09375 -4.1484375 6.640625 24.578125 0.0 5.81622314453125
513.684 1.0 0.0 -0.0625 0.2746249999999999 0.2746250000000001 -0.2746249999999999 -0.2746250000000001 96.606201171875 12.12890625 3.34765625 8.609375 24.00390625 0.0 11.671875 3.23046875 6.90234375 27.44921875 -118.01948547363281 12.3046875 -3.37890625 7.296875 27.06640625 0.0 12.26953125 -3.36328125 7.03125 24.38671875 0.0 5.7673492431640625
513.873 1.0 0.0 -0.0078125 0.2746249999999999 0.2746250000000001 -0.2746249999999999 -0.2746250000000001 -36.129608154296875 12.234375 3.3671875 5.8515625 22.47265625 0.0 11.91796875 3.28125 6.375 27.06640625 -106.21231079101562 12.26953125 -3.37890625 6.90234375 27.44921875 0.0 12.26953125 -3.37890625 4.66796875 23.62109375 0.0 5.796661376953125
514.05 1.0 -0.0234375 0.0 0.2746249999999999 0.2746250000000001 -0.2746249999999999 -0.2746250000000001 -110.12962341308594 12.26953125 3.359375 8.08203125 24.38671875 0.0 11.91796875 3.17578125 9.265625 27.2578125 -115.73585510253906 12.3046875 -3.41015625 5.1953125 26.875 0.0 12.3046875 -3.3984375 4.14453125 24.9609375 0.0 5.786895751953125
514.233 1.0 -0.1640625 0.0 0.2746249999999999 0.2746250000000001 -0.2746249999999999 -0.2746250000000001 14.43310546875 12.234375 3.3671875 6.90234375 24.578125 0.0 11.6015625 3.2109375 6.640625 27.640625 -107.80763244628906 12.234375 -3.34375 6.375 26.875 0.0 12.09375 -3.28515625 6.375 24.76953125 0.0 5.796661376953125
514.415 1.0 -0.4453125 0.0 0.5028450745589024 0.12424341359157756 -0.5028450745589024 -0.12424341359157756 -34.608001708984375 11.70703125 5.8828125 17.5390625 23.62109375 0.0 11.98828125 1.5 0.0 27.44921875 -166.13307189941406 12.05859375 -5.99609375 19.24609375 27.640625 0.0 12.3046875 -1.5625 0.0 24.00390625 0.0 5.8064422607421875
514.594 1.0 -0.640625 0.0 0.10725418135806164 0.35488622317238655 -0.10725418135806164 -0.35488622317238655 -30.492889404296875 12.41015625 1.328125 0.0 24.00390625 0.0 11.671875 4.21484375 15.69921875 27.06640625 -92.89947509765625 12.375 -1.3203125 0.0 27.06640625 0.0 12.234375 -4.3203125 9.265625 24.38671875 0.0 5.796661376953125
514.764 1.0 -0.6640625 0.0 -0.010388091408879807 0.3934430862222819 0.010388091408879807 -0.3934430862222819 -5.3356475830078125 12.234375 0.0 0.0 22.6640625 0.0 11.98828125 4.921875 20.1640625 27.2578125 -119.92129516601562 12.26953125 0.0 0.0 27.2578125 0.0 11.98828125 -4.73046875 10.7109375 24.76953125 0.0 5.786895751953125
514.961 1.0 -0.6796875 0.0 -0.02779110923100578 0.3998615400162302 0.02779110923100578 -0.3998615400162302 20.9554443359375 12.1640625 0.0 0.0 23.8125 0.0 12.515625 4.9453125 18.45703125 26.875 -133.71405029296875 12.234375 0.0 0.0 26.875 0.0 11.953125 -4.78125 12.6796875 24.578125 0.0 5.8064422607421875
515.136 1.0 -0.8203125 0.0 -0.037309561118049034 0.40389786672965067 0.037309561118049034 -0.40389786672965067 0.0 12.19921875 0.0 0.0 24.1953125 0.0 11.84765625 4.9375 19.5078125 26.875 -126.63655090332031 12.234375 0.0 0.0 27.44921875 0.0 11.84765625 -4.7734375 14.51953125 24.76953125 0.0 5.7673492431640625
515.316 0.4921875 0.031496062992125984 0.0 -0.06166765535676161 0.42400784311722456 0.06166765535676161 -0.42400784311722456 4.8433074951171875 12.09375 0.0 0.0 23.8125 0.0 12.5859375 5.34765625 20.6875 26.875 -99.32746887207031 12.19921875 0.0 0.0 27.2578125 0.0 12.09375 -5.12890625 14.78125 24.1953125 0.0 5.786895751953125
515.503 0.0625 0.06299212598425197 0.031496062992125984 0.023523068314845838 -0.06286858591661265 -0.023523068314845838 0.06286858591661265 -11.079879760742188 12.48046875 0.0 0.0 24.578125 0.0 12.375 -0.7890625 1.125 26.68359375 -83.48733520507812 12.5859375 0.0 0.0 27.2578125 0.0 12.234375 0.765625 0.0 25.53515625 0.0 5.855316162109375
515.683 0.03125 0.031496062992125984 0.6220472440944882 0.05905511811023623 0.17716535433070865 0.17716535433070865 0.05905511811023623 0.0 12.4453125 0.0 0.0 24.38671875 0.0 11.671875 2.0546875 11.10546875 27.06640625 -19.047607421875 11.8125 2.02734375 15.3046875 26.875 0.0 11.953125 0.0 0.0 24.00390625 0.0 5.796661376953125
515.865 0.03125 0.031496062992125984 0.3543307086614173 0.16141732283464566 0.484251968503937 0.484251968503937 0.16141732283464566 0.0 11.671875 1.87109375 4.80078125 24.76953125 0.0 12.26953125 5.97265625 22.1328125 27.2578125 116.15243530273438 11.109375 5.34375 22.7890625 26.109375 0.0 11.70703125 1.90625 8.34765625 24.1953125 0.0 5.81622314453125
516.045 0.015625 0.0 0.8818897637795275 0.12992125984251968 0.38976377952755903 0.38976377952755903 0.12992125984251968 -3.09088134765625 12.05859375 1.5703125 4.27734375 24.38671875 0.0 12.0234375 4.64453125 16.8828125 26.68359375 110.42414855957031 11.42578125 4.203125 13.59765625 26.875 0.0 11.00390625 1.42578125 3.6171875 24.578125 0.0 5.8064422607421875
516.242 0.015625 0.0 0.13385826771653545 0.2460629921259843 0.7381889763779528 0.7381889763779528 0.2460629921259843 -9.798995971679688 11.00390625 2.70703125 9.00390625 23.4296875 0.0 11.00390625 8.875 24.7578125 26.68359375 216.2405548095703 10.30078125 8.09375 23.05078125 26.875 0.0 11.77734375 2.97265625 4.93359375 24.9609375 0.0 5.8064422607421875
516.525 0.203125 0.0 -0.0078125 0.0018102722167968588 0.0018102722167968922 -0.0018102722167968588 -0.0018102722167968922 0.0 12.4453125 0.0 0.0 24.00390625 0.0 12.33984375 0.0 0.0 27.83203125 108.66488647460938 12.515625 0.0 0.0 26.875 0.0 12.515625 0.0 0.0 24.1953125 0.0 5.81622314453125
516.703 0.203125 0.0 -0.28125 0.0023016018867492508 0.002301601886749287 -0.0023016018867492508 -0.002301601886749287 0.0 12.48046875 0.0 0.0 24.38671875 0.0 12.375 0.0 0.0 27.44921875 30.320724487304688 12.55078125 0.0 0.0 27.2578125 0.0 12.4453125 0.0 0.0 24.9609375 0.0 5.8357696533203125
516.884 0.203125 0.047244094488188976 -0.4609375 -0.09730777311325078 -0.2965265231132507 -0.3011297268867492 -0.10191097688674933 0.0 12.09375 -1.18359375 2.9609375 24.38671875 0.0 11.6015625 -3.4609375 16.35546875 27.06640625 -2.6013031005859375 11.70703125 -3.55859375 21.34765625 27.44921875 0.0 12.1640625 -1.24609375 7.8203125 24.1953125 0.0 5.8064422607421875
517.069 0.203125 0.047244094488188976 -0.265625 -0.07387027311325077 -0.22621402311325067 -0.23081722688674922 -0.07847347688674931 0.0 12.26953125 -0.90625 0.0 25.34375 0.0 11.8828125 -2.69140625 16.2265625 27.2578125 -8.665084838867188 12.0234375 -2.79296875 16.09375 27.2578125 0.0 12.3046875 -0.96875 2.83203125 24.38671875 0.0 5.8064422607421875
517.249 0.015625 0.0 -0.28125 -0.06054687500000001 -0.181640625 -0.181640625 -0.06054687500000001 0.0 12.33984375 0.0 0.0 24.76953125 0.0 11.7421875 -2.1484375 18.58984375 26.875 -2.6087493896484375 12.12890625 -2.15234375 14.38671875 27.640625 0.0 11.91796875 0.0 0.0 24.578125 0.0 5.82598876953125
517.424 0.0078125 0.0 -1.0 -0.140625 -0.421875 -0.421875 -0.140625 0.0 11.7421875 -1.6484375 7.8203125 24.00390625 0.0 10.828125 -4.5546875 27.78125 26.68359375 -59.453765869140625 11.42578125 -4.62890625 19.5078125 27.2578125 0.0 11.00390625 -1.51953125 6.640625 24.76953125 0.0 5.8064422607421875
517.605 0.0078125 0.0 -0.359375 -0.25 -0.75 -0.75 -0.25 0.0 11.07421875 -2.76171875 7.55859375 24.1953125 0.0 10.30078125 -7.75390625 32.5078125 27.2578125 -166.75352478027344 10.65234375 -8.28125 31.71875 27.640625 0.0 12.0234375 -3.03515625 9.66015625 24.38671875 0.0 5.796661376953125
517.784 0.0078125 0.0 -0.0078125 0.0 0.0 -0.0 -0.0 -6.9591522216796875 12.41015625 0.0 0.0 24.76953125 0.0 12.3046875 0.0 0.0 27.06640625 -23.784164428710938 12.55078125 0.0 0.0 27.640625 0.0 12.48046875 0.0 0.0 24.578125 0.0 5.8064422607421875
518.014 0.25 0.0 -0.0078125 0.0 0.0 -0.0 -0.0 0.0 12.515625 0.0 0.0 24.76953125 0.0 12.375 0.0 0.0 27.44921875 0.0 12.55078125 0.0 0.0 26.68359375 0.0 12.515625 0.0 0.0 24.38671875 0.0 5.8064422607421875
518.202 0.59375 0.0 -0.0078125 0.011932946741580932 0.011932946741580994 -0.011932946741580932 -0.011932946741580994 0.0 12.515625 0.0 0.0 24.00390625 0.0 12.41015625 0.0 0.0 27.2578125 0.0 12.5859375 0.0 0.0 27.44921875 0.0 12.55078125 0.0 0.0 24.1953125 0.0 5.8064422607421875
518.377 0.59375 -0.0078125 -0.0078125 0.0574845237731933 0.05748452377319341 -0.0574845237731933 -0.05748452377319341 0.0 12.55078125 0.0 0.0 24.1953125 0.0 12.4453125 0.0 0.0 27.2578125 0.0 12.62109375 0.0 0.0 26.68359375 0.0 12.55078125 0.0 0.0 24.1953125 0.0 5.8064422607421875
518.556 0.703125 -0.0078125 -0.0078125 0.0574845237731933 0.05748452377319341 -0.0574845237731933 -0.05748452377319341 0.0 12.55078125 0.0 0.0 24.1953125 0.0 12.4453125 0.0 0.0 27.06640625 0.0 12.5859375 0.0 0.0 26.4921875 0.0 12.48046875 0.0 0.0 24.76953125 0.0 5.786895751953125
518.734 0.9296875 -0.0078125 -0.0078125 0.1430941354632377 0.14309413546323788 -0.1430941354632377 -0.14309413546323788 0.0 12.26953125 1.75 11.10546875 22.6640625 0.0 11.63671875 1.65625 13.203125 26.875 -15.411956787109375 12.3046875 -1.74609375 9.921875 26.4921875 0.0 12.19921875 -1.73828125 7.953125 25.34375 0.0 5.786895751953125
518.918 0.9765625 -0.0078125 -0.0078125 0.2319884012341499 0.23198840123415007 -0.2319884012341499 -0.23198840123415007 -5.171356201171875 11.98828125 2.78515625 11.76171875 24.00390625 0.0 11.63671875 2.71484375 15.9609375 27.2578125 -38.947998046875 12.0234375 -2.7890625 10.0546875 27.2578125 0.0 12.0234375 -2.78125 9.00390625 24.76953125 0.0 5.81622314453125
519.096 1.0 -0.0078125 -0.0078125 0.2746249999999999 0.2746250000000001 -0.2746249999999999 -0.2746250000000001 -36.85150146484375 11.91796875 3.28125 10.97265625 25.15234375 0.0 12.05859375 3.26171875 15.56640625 27.06640625 -62.659088134765625 11.98828125 -3.3125 11.890625 27.640625 0.0 11.98828125 -3.3046875 9.3984375 24.38671875 0.0 5.796661376953125
519.289 1.0 -0.0078125 -0.0078125 0.2746249999999999 0.2746250000000001 -0.2746249999999999 -0.2746250000000001 9.855392456054688 11.953125 3.2890625 11.234375 23.62109375 0.0 11.4609375 3.17578125 8.21484375 27.44921875 -99.27354431152344 12.1640625 -3.3515625 7.296875 26.875 0.0 12.1640625 -3.34375 9.1328125 24.38671875 0.0 5.796661376953125
519.472 1.0 -0.0078125 -0.3203125 0.2746249999999999 0.2746250000000001 -0.2746249999999999 -0.2746250000000001 82.98396301269531 12.19921875 3.33984375 8.21484375 23.62109375 0.0 11.390625 3.13671875 9.1328125 27.2578125 -91.66865539550781 12.3046875 -3.37890625 6.375 27.44921875 0.0 11.8828125 -3.265625 6.76953125 24.1953125 0.0 5.81622314453125
519.655 1.0 -0.0078125 -0.8203125 0.1593906249999999 -0.07107812499999991 -0.6203281249999999 -0.3898593750000001 -28.698272705078125 11.91796875 1.890625 2.4375 24.578125 0.0 11.671875 -0.84765625 0.0 27.2578125 -186.28115844726562 11.28515625 -7.0234375 22.00390625 27.2578125 0.0 11.35546875 -4.3203125 7.69140625 24.9609375 0.0 5.8064422607421875
519.852 1.0 -0.0078125 -0.34375 0.05001562499999984 -0.3992031249999998 -0.9484531249999999 -0.4992343750000002 0.0 11.35546875 0.0 0.0 24.38671875 0.0 10.23046875 -4.05859375 22.921875 26.4921875 -260.02166748046875 10.8984375 -10.5390625 27.91015625 27.06640625 0.0 11.1796875 -5.8984375 15.83203125 24.76953125 0.0 5.796661376953125
520.024 1.0 -0.0078125 -0.140625 0.2082187499999999 0.07540625000000009 -0.4738437499999999 -0.3410312500000001 -26.722900390625 12.09375 2.515625 9.00390625 24.1953125 0.0 11.63671875 0.875 0.0 27.06640625 -205.20492553710938 11.91796875 -5.6328125 11.76171875 27.2578125 0.0 11.98828125 -4.13671875 7.42578125 24.38671875 0.0 5.8064422607421875
520.229 0.0078125 0.0 -0.0078125 0.2746249999999999 0.2746250000000001 -0.2746249999999999 -0.2746250000000001 -13.120040893554688 12.09375 3.328125 8.34765625 24.1953125 0.0 11.390625 3.13671875 10.31640625 27.2578125 -141.21800231933594 12.41015625 -3.37890625 7.69140625 26.68359375 0.0 12.3046875 -3.3984375 5.71875 24.76953125 0.0 5.8064422607421875
520.414 -0.0 0.0 0.05511811023622047 0.0 0.0 -0.0 -0.0 -3.8820037841796875 12.48046875 0.0 0.0 24.578125 0.0 12.41015625 0.0 0.0 26.68359375 -100.56303405761719 12.5859375 0.0 0.0 27.2578125 0.0 12.515625 0.0 0.0 24.76953125 0.0 5.81622314453125
520.592 -0.0 -0.0078125 0.5196850393700787 0.0 0.0 -0.0 -0.0 0.0 12.515625 0.0 0.0 24.1953125 0.0 12.41015625 0.0 0.0 27.44921875 -41.148284912109375 12.5859375 0.0 0.0 27.44921875 0.0 12.3046875 0.0 0.0 24.38671875 0.0 5.81622314453125
520.771 -0.0 -0.0078125 0.0 0.13582677165354332 0.40748031496063 0.40748031496063 0.13582677165354332 0.0 11.77734375 1.59375 5.0625 23.62109375 0.0 12.26953125 4.953125 19.90234375 27.2578125 49.499847412109375 10.93359375 4.46875 26.859375 26.875 0.0 12.12890625 1.6484375 7.42578125 24.00390625 0.0 5.8064422607421875
520.971 -0.0 -0.0078125 0.2125984251968504 0.0 0.0 -0.0 -0.0 4.3277435302734375 12.48046875 0.0 0.0 24.76953125 0.0 12.41015625 0.0 0.0 26.30078125 -5.9984283447265625 12.5859375 0.0 0.0 26.875 0.0 12.375 0.0 0.0 24.578125 0.0 5.786895751953125
521.142 -0.0 -0.0078125 0.8031496062992126 0.09842519685039372 0.29527559055118113 0.29527559055118113 0.09842519685039372 0.0 12.0234375 1.18359375 7.8203125 24.578125 0.0 12.515625 3.671875 20.6875 26.875 31.587005615234375 11.1796875 3.15234375 16.09375 26.875 0.0 11.28515625 1.0703125 4.5390625 24.1953125 0.0 5.8064422607421875
521.323 -0.0 -0.0078125 0.3543307086614173 0.2165354330708662 0.6496062992125984 0.6496062992125984 0.2165354330708662 -9.984054565429688 11.14453125 2.42578125 10.18359375 24.00390625 0.0 11.49609375 7.71484375 25.0234375 27.06640625 112.1888427734375 10.125 6.87109375 30.66796875 26.68359375 0.0 12.09375 2.6015625 9.1328125 24.38671875 0.0 5.8064422607421875
521.517 -0.0 -0.0078125 0.015748031496062992 0.0 0.0 -0.0 -0.0 -8.068008422851562 12.4453125 0.0 0.0 23.8125 0.0 12.33984375 0.0 0.0 27.2578125 54.035797119140625 12.55078125 0.0 0.0 26.875 0.0 12.48046875 0.0 0.0 24.76953125 0.0 5.8064422607421875
521.695 -0.0 -0.0078125 0.0 0.0 0.0 -0.0 -0.0 0.0 12.48046875 0.0 0.0 24.00390625 0.0 12.375 0.0 0.0 27.640625 7.4417572021484375 12.5859375 0.0 0.0 27.06640625 0.0 12.55078125 0.0 0.0 24.76953125 0.0 5.8064422607421875
521.875 0.3515625 -0.0078125 0.0 0.0 0.0 -0.0 -0.0 -2.794403076171875 12.515625 0.0 0.0 24.578125 0.0 12.41015625 0.0 0.0 27.44921875 0.0 12.5859375 0.0 0.0 26.875 0.0 12.55078125 0.0 0.0 24.38671875 0.0 5.796661376953125
522.058 0.53125 -0.0078125 0.0 0.03432812499999996 0.03432812500000004 -0.03432812499999996 -0.03432812500000004 0.0 12.55078125 0.0 0.0 23.8125 0.0 12.41015625 0.0 0.0 27.06640625 0.0 12.5859375 0.0 0.0 27.06640625 0.0 12.5859375 0.0 0.0 24.1953125 0.0 5.8064422607421875
522.235 0.53125 -0.0078125 0.0 0.04117531204223629 0.04117531204223639 -0.04117531204223629 -0.04117531204223639 0.0 12.55078125 0.0 0.0 25.34375 0.0 12.4453125 0.0 0.0 27.06640625 0.0 12.62109375 0.0 0.0 27.06640625 0.0 12.55078125 0.0 0.0 24.38671875 0.0 5.8064422607421875
522.423 0.59375 -0.0078125 0.0 0.04117531204223629 0.04117531204223639 -0.04117531204223629 -0.04117531204223639 0.0 12.55078125 0.0 0.0 24.00390625 0.0 12.4453125 0.0 0.0 27.44921875 0.0 12.62109375 0.0 0.0 27.2578125 0.0 12.5859375 0.0 0.0 24.38671875 0.0 5.8064422607421875
522.602 0.734375 -0.0078125 0.0 0.07220241403579708 0.07220241403579719 -0.07220241403579708 -0.07220241403579719 0.0 12.515625 0.8984375 7.296875 24.38671875 0.0 12.09375 0.875 0.0 27.2578125 0.0 12.55078125 -0.90625 7.03125 26.68359375 0.0 12.515625 -0.90234375 0.0 24.38671875 0.0 5.8064422607421875
522.791 0.7578125 -0.0078125 0.0 0.1195158112645149 0.11951581126451503 -0.1195158112645149 -0.11951581126451503 0.0 12.375 1.48046875 8.34765625 22.85546875 0.0 11.63671875 1.39453125 11.234375 25.91796875 -12.9967041015625 12.41015625 -1.48828125 8.34765625 27.06640625 0.0 12.41015625 -1.484375 6.24609375 24.578125 0.0 5.855316162109375
522.974 0.7578125 -0.0078125 0.0 0.1195158112645149 0.11951581126451503 -0.1195158112645149 -0.11951581126451503 0.0 12.41015625 1.48046875 7.953125 24.38671875 0.0 11.77734375 1.40625 9.921875 26.875 -21.487686157226562 12.48046875 -1.48828125 7.953125 27.06640625 0.0 12.41015625 -1.484375 5.32421875 24.1953125 0.0 5.8064422607421875
523.156 0.8515625 -0.0078125 0.0 0.1430941354632377 0.14309413546323788 -0.1430941354632377 -0.14309413546323788 0.0 12.33984375 1.76953125 7.8203125 22.28125 0.0 11.6015625 1.66796875 11.234375 27.44921875 -24.892715454101562 12.375 -1.7734375 8.73828125 26.68359375 0.0 12.375 -1.7734375 5.45703125 24.578125 0.0 5.8064422607421875
523.343 0.8515625 -0.0078125 0.0 0.16958586651086804 0.1695858665108682 -0.16958586651086804 -0.1695858665108682 0.0 12.3046875 2.0859375 7.42578125 24.1953125 0.0 11.56640625 1.9609375 12.15234375 26.68359375 -37.640045166015625 12.3046875 -2.09375 7.8203125 27.2578125 0.0 12.33984375 -2.1015625 5.984375 24.578125 0.0 5.8357696533203125
523.536 0.8515625 -0.0078125 0.0 0.16958586651086804 0.1695858665108682 -0.16958586651086804 -0.1695858665108682 0.0 12.3046875 2.08984375 7.8203125 24.00390625 0.0 11.63671875 1.9765625 8.73828125 26.875 -51.542236328125 12.375 -2.10546875 7.03125 26.4921875 0.0 12.375 -2.1015625 5.984375 24.1953125 0.0 5.8357696533203125
523.714 0.9296875 -0.0078125 0.0 0.16958586651086804 0.1695858665108682 -0.16958586651086804 -0.1695858665108682 -3.706634521484375 12.375 2.0859375 9.1328125 23.8125 0.0 11.77734375 1.99609375 7.953125 27.2578125 -47.25048828125 12.3046875 -2.08984375 7.8203125 26.875 0.0 12.26953125 -2.078125 5.45703125 24.1953125 0.0 5.82598876953125
523.894 0.9765625 -0.0078125 0.0 0.24368314737081523 0.2436831473708154 -0.24368314737081523 -0.2436831473708154 -7.8332977294921875 12.12890625 2.953125 8.87109375 24.38671875 0.0 11.56640625 2.80859375 11.62890625 25.34375 -79.87187194824219 12.1640625 -2.95703125 10.31640625 27.2578125 0.0 12.1640625 -2.96484375 8.08203125 24.578125 0.0 5.82598876953125
524.088 0.9765625 -0.0078125 0.0 0.2557644620537757 0.2557644620537759 -0.2557644620537757 -0.2557644620537759 -5.698822021484375 12.12890625 3.1015625 9.921875 23.62109375 0.0 11.53125 2.9296875 10.4453125 27.06640625 -68.69287109375 12.12890625 -3.12109375 9.1328125 27.640625 0.0 12.26953125 -3.12109375 6.90234375 24.38671875 0.0 5.8064422607421875
524.276 0.9765625 -0.0078125 0.0 0.2557644620537757 0.2557644620537759 -0.2557644620537757 -0.2557644620537759 69.2303466796875 12.234375 3.125 7.8203125 23.8125 0.0 11.53125 2.9296875 8.21484375 27.2578125 -106.83879089355469 12.26953125 -3.140625 8.21484375 26.875 0.0 12.234375 -3.12890625 6.375 24.76953125 0.0 5.82598876953125
524.463 0.9765625 -0.0078125 0.0 0.2557644620537757 0.2557644620537759 -0.2557644620537757 -0.2557644620537759 82.01097106933594 12.19921875 3.125 7.296875 23.8125 0.0 11.56640625 2.9375 9.265625 27.06640625 -106.72001647949219 12.3046875 -3.16796875 5.71875 27.2578125 0.0 12.26953125 -3.12890625 7.03125 24.76953125 0.0 5.82598876953125
524.649 0.9765625 -0.0078125 0.0 0.2557644620537757 0.2557644620537759 -0.2557644620537757 -0.2557644620537759 0.0 12.19921875 3.109375 8.609375 23.23828125 0.0 11.56640625 2.95703125 10.18359375 26.875 -80.04000854492188 12.26953125 -3.1484375 6.375 27.2578125 0.0 12.3046875 -3.1484375 4.40625 24.00390625 0.0 5.8064422607421875
524.834 0.9765625 -0.0078125 -0.0625 0.2557644620537757 0.2557644620537759 -0.2557644620537757 -0.2557644620537759 -19.461761474609375 12.234375 3.125 8.4765625 22.85546875 0.0 11.56640625 2.95703125 10.18359375 26.875 -84.94071960449219 12.3046875 -3.15625 6.76953125 26.68359375 0.0 12.3046875 -3.1484375 4.5390625 24.578125 0.0 5.796661376953125
525.017 0.9765625 -0.0078125 -0.0625 0.2557644620537757 0.2557644620537759 -0.2557644620537757 -0.2557644620537759 12.795303344726562 12.234375 3.125 6.5078125 23.23828125 0.0 11.77734375 2.984375 9.52734375 27.06640625 -86.750244140625 12.3046875 -3.15625 6.5078125 26.875 0.0 12.3046875 -3.15625 4.93359375 24.00390625 0.0 5.81622314453125
525.204 0.9140625 -0.0078125 -0.0625 0.2557644620537757 0.2557644620537759 -0.2557644620537757 -0.2557644620537759 5.8005828857421875 12.234375 3.13671875 7.03125 23.4296875 0.0 11.8125 2.9453125 9.1328125 27.44921875 -83.81167602539062 12.41015625 -3.17578125 5.71875 26.875 0.0 12.375 -3.17578125 5.8515625 23.8125 0.0 5.8748626708984375
525.396 0.578125 -0.0078125 -0.0078125 0.16042110151052466 0.16042110151052483 -0.16042110151052466 -0.16042110151052483 -34.678009033203125 12.55078125 2.01171875 0.0 24.9609375 0.0 12.48046875 1.99609375 0.0 27.640625 -78.48426818847656 12.62109375 -2.01953125 2.69921875 27.2578125 0.0 12.55078125 -2.015625 1.38671875 24.38671875 0.0 5.796661376953125
525.577 0.3984375 -0.0234375 -0.0078125 0.04117531204223629 0.04117531204223639 -0.04117531204223629 -0.04117531204223639 0.0 12.5859375 0.0 0.0 23.4296875 0.0 12.4453125 0.0 0.0 27.44921875 -63.659423828125 12.65625 0.0 0.0 27.2578125 0.0 12.5859375 0.0 0.0 24.1953125 0.0 5.8064422607421875
525.753 0.3984375 -0.0234375 -0.0078125 0.017370834767818415 0.017370834767818484 -0.017370834767818415 -0.017370834767818484 -2.615142822265625 12.5859375 0.0 0.0 24.00390625 0.0 12.48046875 0.0 0.0 27.44921875 -31.431350708007812 12.65625 0.0 0.0 26.4921875 0.0 12.5859375 0.0 0.0 24.38671875 0.0 5.8064422607421875
525.937 0.65625 -0.0234375 -0.0078125 0.03432812499999996 0.03432812500000004 -0.03432812499999996 -0.03432812500000004 -4.146331787109375 12.5859375 0.0 0.0 24.38671875 0.0 12.48046875 0.0 0.0 27.06640625 -8.884689331054688 12.65625 0.0 0.0 27.44921875 0.0 12.5859375 0.0 0.0 24.76953125 0.0 5.8064422607421875
526.113 0.734375 -0.0234375 -0.0078125 0.08329242658615107 0.08329242658615119 -0.08329242658615107 -0.08329242658615119 0.0 12.515625 1.0390625 8.34765625 23.8125 0.0 11.953125 0.9921875 2.5703125 26.875 0.0 12.515625 -1.046875 8.08203125 27.2578125 0.0 12.48046875 -1.04296875 5.45703125 24.578125 0.0 5.8064422607421875
526.303 0.8046875 -0.0234375 -0.0078125 0.10876614141464228 0.10876614141464241 -0.10876614141464228 -0.10876614141464241 0.0 12.4453125 1.34765625 10.0546875 22.6640625 0.0 11.70703125 1.26953125 11.890625 27.06640625 -8.534896850585938 12.48046875 -1.35546875 7.1640625 27.44921875 0.0 12.41015625 -1.3515625 5.0625 24.76953125 0.0 5.786895751953125
526.49 0.8359375 -0.0234375 -0.0078125 0.16042110151052466 0.16042110151052483 -0.16042110151052466 -0.16042110151052483 -2.76123046875 12.3046875 1.9609375 10.97265625 24.00390625 0.0 11.671875 1.86328125 13.07421875 27.2578125 -29.001266479492188 12.33984375 -1.98828125 9.1328125 27.06640625 0.0 12.3046875 -1.98828125 6.5078125 23.8125 0.0 5.82598876953125
526.664 0.65625 -0.0234375 -0.0078125 0.16042110151052466 0.16042110151052483 -0.16042110151052466 -0.16042110151052483 15.518905639648438 12.3046875 1.96484375 10.578125 24.1953125 0.0 11.70703125 1.859375 10.97265625 27.2578125 -41.317413330078125 12.48046875 -2.00390625 7.1640625 27.44921875 0.0 12.48046875 -2.00390625 5.8515625 24.1953125 0.0 5.8064422607421875
526.855 0.0078125 0.0 -0.0078125 0.02170986008125455 -0.058378920908946925 -0.02170986008125455 0.058378920908946925 0.0 12.5859375 0.0 0.0 24.1953125 0.0 12.48046875 0.0 0.0 27.44921875 -16.771926879882812 12.65625 0.0 0.0 26.875 0.0 12.62109375 0.0 0.0 24.1953125 0.0 5.8064422607421875
527.044 0.0078125 0.0 -0.0078125 0.0 0.0 -0.0 -0.0 0.0 12.5859375 0.0 0.0 24.1953125 0.0 12.48046875 0.0 0.0 27.2578125 0.0 12.65625 0.0 0.0 27.44921875 0.0 12.62109375 0.0 0.0 24.578125 0.0 5.81622314453125
527.223 0.0078125 0.0 -0.1640625 0.0 0.0 -0.0 -0.0 0.0 12.5859375 0.0 0.0 24.38671875 0.0 12.48046875 0.0 0.0 27.2578125 3.10626220703125 12.69140625 0.0 0.0 27.2578125 0.0 12.55078125 0.0 0.0 23.8125 0.0 5.82598876953125
527.394 0.0078125 0.0 -0.5625 -0.06640625 -0.19921875 -0.19921875 -0.06640625 0.0 12.375 -0.82421875 1.91015625 25.34375 0.0 12.09375 -2.41015625 16.35546875 26.68359375 -13.653671264648438 12.12890625 -2.390625 16.2265625 26.875 0.0 12.1640625 -0.8046875 0.0 24.578125 0.0 5.796661376953125
527.584 0.0078125 0.0 -0.0234375 -0.11132812500000001 -0.333984375 -0.333984375 -0.11132812500000001 0.0 12.0234375 -1.33984375 6.5078125 24.1953125 0.0 11.21484375 -3.72265625 21.87109375 27.06640625 -31.05010986328125 11.953125 -3.9921875 22.66015625 27.06640625 0.0 12.26953125 -1.38671875 7.1640625 24.38671875 0.0 5.8064422607421875
527.775 0.0078125 0.0 -0.0078125 0.0 0.0 -0.0 -0.0 0.0 12.55078125 0.0 0.0 24.578125 0.0 12.4453125 0.0 0.0 27.06640625 0.0 12.62109375 0.0 0.0 26.875 0.0 12.5859375 0.0 0.0 23.8125 0.0 5.8064422607421875
527.954 0.0078125 0.0 0.0 0.0 0.0 -0.0 -0.0 0.0 12.5859375 0.0 0.0 24.38671875 0.0 12.48046875 0.0 0.0 27.2578125 0.0 12.62109375 0.0 0.0 26.875 0.0 12.62109375 0.0 0.0 24.578125 0.0 5.8064422607421875
528.134 0.0078125 0.0 0.0 0.0 0.0 -0.0 -0.0 0.0 12.5859375 0.0 0.0 24.00390625 0.0 12.48046875 0.0 0.0 27.640625 0.0 12.65625 0.0 0.0 26.875 0.0 12.62109375 0.0 0.0 24.76953125 0.0 5.8064422607421875
528.314 0.0078125 0.0 0.0 0.0 0.0 -0.0 -0.0 0.0 12.62109375 0.0 0.0 24.578125 0.0 12.48046875 0.0 0.0 27.640625 0.0 12.69140625 0.0 0.0 27.44921875 0.0 12.62109375 0.0 0.0 24.578125 0.0 5.8064422607421875
528.492 0.0078125 0.0 0.0 0.0 0.0 -0.0 -0.0 0.0 12.62109375 0.0 0.0 23.8125 0.0 12.515625 0.0 0.0 27.06640625 0.0 12.65625 0.0 0.0 27.44921875 0.0 12.5859375 0.0 0.0 24.38671875 0.0 5.8064422607421875
528.661 0.0078125 0.0 0.0 0.0 0.0 -0.0 -0.0 0.0 12.62109375 0.0 0.0 24.9609375 0.0 12.515625 0.0 0.0 27.83203125 0.0 12.69140625 0.0 0.0 27.2578125 0.0 12.62109375 0.0 0.0 24.76953125 0.0 5.8064422607421875
528.834 0.0078125 0.0 0.0 0.0 0.0 -0.0 -0.0 0.0 12.62109375 0.0 0.0 24.38671875 0.0 12.515625 0.0 0.0 27.83203125 0.0 12.69140625 0.0 0.0 27.44921875 0.0 12.62109375 0.0 0.0 24.00390625 0.0 5.81622314453125
529.013 0.0078125 0.0 0.0 0.0 0.0 -0.0 -0.0 0.0 12.62109375 0.0 0.0 24.9609375 0.0 12.515625 0.0 0.0 28.40625 14.691024780273438 12.69140625 0.0 0.0 27.06640625 0.0 12.62109375 0.0 0.0 24.1953125 0.0 5.8064422607421875
529.183 0.0078125 0.0 0.0 0.0 0.0 -0.0 -0.0 0.0 12.62109375 0.0 0.0 24.00390625 0.0 12.515625 0.0 0.0 26.109375 11.24822998046875 12.69140625 0.0 0.0 27.2578125 0.0 12.65625 0.0 0.0 24.578125 0.0 5.81622314453125
529.355 0.0078125 0.0 0.0 0.0 0.0 -0.0 -0.0 0.0 12.62109375 0.0 0.0 23.8125 0.0 12.515625 0.0 0.0 26.875 0.0 12.69140625 0.0 0.0 26.68359375 0.0 12.65625 0.0 0.0 24.578125 0.0 5.8064422607421875
529.521 0.0078125 0.0 0.0 0.0 0.0 -0.0 -0.0 0.0 12.62109375 0.0 0.0 23.23828125 0.0 12.515625 0.0 0.0 27.44921875 0.0 12.69140625 0.0 0.0 27.44921875 0.0 12.62109375 0.0 0.0 24.76953125 0.0 5.796661376953125
529.693 0.0078125 0.0 0.0 0.0 0.0 -0.0 -0.0 0.0 12.62109375 0.0 0.0 24.38671875 0.0 12.515625 0.0 0.0 27.2578125 0.0 12.69140625 0.0 0.0 27.640625 0.0 12.65625 0.0 0.0 24.38671875 0.0 5.81622314453125
529.875 0.0078125 0.0 0.0 0.0 0.0 -0.0 -0.0 0.0 12.62109375 0.0 0.0 24.76953125 0.0 12.515625 0.0 0.0 27.2578125 0.0 12.69140625 0.0 0.0 27.44921875 0.0 12.65625 0.0 0.0 24.9609375 0.0 5.8064422607421875
530.056 0.0078125 0.0 0.0 0.0 0.0 -0.0 -0.0 0.0 12.62109375 0.0 0.0 24.38671875 0.0 12.515625 0.0 0.0 27.83203125 0.0 12.7265625 0.0 0.0 27.06640625 0.0 12.65625 0.0 0.0 24.578125 0.0 5.8064422607421875
530.214 0.0078125 0.0 0.0 0.0 0.0 -0.0 -0.0 0.0 12.62109375 0.0 0.0 24.578125 0.0 12.515625 0.0 0.0 27.640625 0.0 12.69140625 0.0 0.0 26.68359375 0.0 12.65625 0.0 0.0 24.1953125 0.0 5.8064422607421875
