Timestamp Driver_Joy_Y Driver_Joy_X Driver_Joy_W FL_Out BL_Out BR_Out FR_Out FL_Jag_Speed FL_Bus_Voltage FL_Out_Voltage FL_Out_Current FL_Temp BL_Jag_Speed BL_Bus_Voltage BL_Out_Voltage BL_Out_Current BL_Temp BR_Jag_Speed BR_Bus_Voltage BR_Out_Voltage BR_Out_Current BR_Temp FR_Jag_Speed FR_Bus_Voltage FR_Out_Voltage FR_Out_Current FR_Temp
344.727 0.0078125 0.0 -0.046875 0.0 0.0 -0.0 -0.0 0.0 12.7265625 0.0 0.0 24.76953125 0.0 12.5859375 0.0 0.0 28.21484375 0.0 12.76171875 0.0 0.0 26.68359375 0.0 12.7265625 0.0 0.0 24.76953125 0.0 5.7184600830078125
344.897 0.0078125 0.0 -0.046875 0.0 0.0 -0.0 -0.0 0.0 12.69140625 0.0 0.0 23.62109375 0.0 12.5859375 0.0 0.0 28.40625 0.0 12.76171875 0.0 0.0 26.875 0.0 12.7265625 0.0 0.0 24.578125 0.0 5.7184600830078125
345.127 0.0078125 0.0 -0.046875 0.0 0.0 -0.0 -0.0 0.0 12.69140625 0.0 0.0 24.578125 0.0 12.5859375 0.0 0.0 27.83203125 0.0 12.76171875 0.0 0.0 27.44921875 0.0 12.7265625 0.0 0.0 24.76953125 0.0 5.7184600830078125
345.308 0.0078125 0.0 -0.046875 0.0 0.0 -0.0 -0.0 0.0 12.69140625 0.0 0.0 24.578125 0.0 12.5859375 0.0 0.0 27.2578125 0.0 12.76171875 0.0 0.0 26.875 0.0 12.7265625 0.0 0.0 24.9609375 0.0 5.7184600830078125
345.487 0.0078125 0.0 -0.046875 0.0 0.0 -0.0 -0.0 0.0 12.69140625 0.0 0.0 24.76953125 0.0 12.5859375 0.0 0.0 27.640625 0.0 12.76171875 0.0 0.0 27.2578125 0.0 12.69140625 0.0 0.0 25.15234375 0.0 5.7086944580078125
345.659 0.0078125 0.0 -0.046875 0.0 0.0 -0.0 -0.0 0.0 12.7265625 0.0 0.0 24.1953125 0.0 12.5859375 0.0 0.0 28.0234375 0.0 12.76171875 0.0 0.0 26.68359375 0.0 12.7265625 0.0 0.0 24.9609375 0.0 5.7184600830078125
345.837 0.0078125 0.0 -0.046875 0.0 0.0 -0.0 -0.0 0.0 12.69140625 0.0 0.0 24.578125 0.0 12.5859375 0.0 0.0 28.0234375 0.0 12.76171875 0.0 0.0 26.68359375 0.0 12.7265625 0.0 0.0 24.9609375 0.0 5.7184600830078125
346.007 0.0078125 0.0 -0.046875 0.0 0.0 -0.0 -0.0 0.0 12.69140625 0.0 0.0 24.1953125 0.0 12.5859375 0.0 0.0 27.44921875 0.0 12.76171875 0.0 0.0 27.2578125 0.0 12.7265625 0.0 0.0 24.578125 0.0 5.7086944580078125
346.175 0.0078125 0.0 -0.046875 0.0 0.0 -0.0 -0.0 0.0 12.69140625 0.0 0.0 24.9609375 0.0 12.5859375 0.0 0.0 27.44921875 0.0 12.76171875 0.0 0.0 27.06640625 0.0 12.7265625 0.0 0.0 24.9609375 0.0 5.7086944580078125
346.346 0.0078125 0.0 -0.046875 0.0 0.0 -0.0 -0.0 0.0 12.69140625 0.0 0.0 23.8125 0.0 12.5859375 0.0 0.0 27.83203125 0.0 12.515625 0.0 0.0 27.2578125 0.0 11.56640625 0.0 0.0 24.9609375 0.0 5.659820556640625
S: 154772519246 Fired
346.511 0.0078125 0.0 -0.046875 0.0 0.0 -0.0 -0.0 0.0 11.1796875 0.0 0.0 24.1953125 0.0 11.28515625 0.0 0.0 27.640625 -4.644500732421875 11.6015625 0.0 0.0 27.44921875 0.0 11.77734375 0.0 0.0 24.578125 0.0 4.9560089111328125
346.694 0.0078125 0.0 -0.046875 0.0 0.0 -0.0 -0.0 0.0 11.8828125 0.0 0.0 24.38671875 0.0 10.44140625 0.0 0.0 27.640625 -11.028701782226562 9.3515625 0.0 0.0 27.2578125 0.0 11.70703125 0.0 0.0 24.578125 0.0 4.56500244140625
346.854 0.0078125 0.0 -0.046875 0.0 0.0 -0.0 -0.0 0.0 12.05859375 0.0 0.0 23.8125 0.0 12.33984375 0.0 0.0 27.83203125 15.019943237304688 12.55078125 0.0 0.0 26.875 0.0 12.48046875 0.0 0.0 24.578125 0.0 5.219940185546875
347.01 0.0078125 0.0 -0.046875 0.0 0.0 -0.0 -0.0 0.0 12.48046875 0.0 0.0 24.76953125 0.0 12.375 0.0 0.0 27.640625 3.3039703369140625 12.55078125 0.0 0.0 27.06640625 0.0 12.4453125 0.0 0.0 24.9609375 0.0 5.542510986328125
347.166 0.0078125 0.0 -0.046875 0.0 0.0 -0.0 -0.0 0.0 12.33984375 0.0 0.0 23.62109375 0.0 12.234375 0.0 0.0 27.640625 0.0 12.4453125 0.0 0.0 27.2578125 0.0 12.41015625 0.0 0.0 25.15234375 0.0 5.7380218505859375
347.326 0.0078125 0.0 -0.046875 0.0 0.0 -0.0 -0.0 0.0 12.41015625 0.0 0.0 25.15234375 0.0 12.1640625 0.0 0.0 28.21484375 0.0 12.5859375 0.0 0.0 26.68359375 0.0 12.5859375 0.0 0.0 24.38671875 0.0 5.8064422607421875
347.506 0.0078125 0.0 -0.046875 0.0 0.0 -0.0 -0.0 0.0 12.55078125 0.0 0.0 23.4296875 0.0 12.4453125 0.0 0.0 27.44921875 0.0 12.65625 0.0 0.0 27.2578125 0.0 12.5859375 0.0 0.0 24.9609375 0.0 5.786895751953125
347.675 0.0078125 0.0 -0.046875 0.0 0.0 -0.0 -0.0 0.0 12.5859375 0.0 0.0 24.1953125 0.0 12.4453125 0.0 0.0 27.83203125 0.0 12.65625 0.0 0.0 27.06640625 0.0 12.5859375 0.0 0.0 24.9609375 0.0 5.7771148681640625
347.849 0.0078125 0.0 -0.046875 0.0 0.0 -0.0 -0.0 0.0 12.5859375 0.0 0.0 24.00390625 0.0 12.48046875 0.0 0.0 27.44921875 0.0 12.65625 0.0 0.0 27.06640625 0.0 12.5859375 0.0 0.0 25.15234375 0.0 5.7771148681640625
348.029 0.0078125 0.0 -0.046875 0.0 0.0 -0.0 -0.0 0.0 12.5859375 0.0 0.0 25.15234375 0.0 12.4453125 0.0 0.0 27.83203125 0.0 12.65625 0.0 0.0 27.06640625 0.0 12.62109375 0.0 0.0 24.578125 0.0 5.786895751953125
348.215 0.0078125 0.0 -0.046875 0.0 0.0 -0.0 -0.0 0.0 12.5859375 0.0 0.0 24.00390625 0.0 12.48046875 0.0 0.0 27.83203125 0.0 12.65625 0.0 0.0 26.68359375 0.0 12.62109375 0.0 0.0 24.578125 0.0 5.7673492431640625
348.378 0.0078125 0.0 -0.046875 0.0 0.0 -0.0 -0.0 0.0 12.5859375 0.0 0.0 24.1953125 0.0 12.48046875 0.0 0.0 29.171875 0.0 12.69140625 0.0 0.0 27.06640625 0.0 12.62109375 0.0 0.0 24.76953125 0.0 5.7771148681640625
348.549 0.0078125 0.0 -0.046875 0.0 0.0 -0.0 -0.0 0.0 12.62109375 0.0 0.0 24.38671875 0.0 12.48046875 0.0 0.0 28.7890625 0.0 12.69140625 0.0 0.0 26.68359375 0.0 12.62109375 0.0 0.0 24.9609375 0.0 5.7673492431640625
348.729 0.0078125 0.0 -0.046875 0.0 0.0 -0.0 -0.0 0.0 12.62109375 0.0 0.0 24.38671875 0.0 12.515625 0.0 0.0 27.44921875 0.0 12.65625 0.0 0.0 26.875 0.0 12.62109375 0.0 0.0 24.578125 0.0 5.7673492431640625
348.917 0.0078125 0.0 -0.046875 0.0 0.0 -0.0 -0.0 0.0 12.5859375 0.0 0.0 23.8125 0.0 12.48046875 0.0 0.0 27.06640625 0.0 12.69140625 0.0 0.0 27.06640625 0.0 12.62109375 0.0 0.0 24.76953125 0.0 5.7771148681640625
349.107 0.0078125 0.0 -0.046875 0.0 0.0 -0.0 -0.0 0.0 12.62109375 0.0 0.0 24.1953125 0.0 12.48046875 0.0 0.0 28.0234375 0.0 12.69140625 0.0 0.0 27.2578125 0.0 12.62109375 0.0 0.0 24.9609375 0.0 5.7771148681640625
349.269 0.0078125 0.0 -0.046875 0.0 0.0 -0.0 -0.0 0.0 12.62109375 0.0 0.0 24.1953125 0.0 12.48046875 0.0 0.0 27.06640625 0.0 12.69140625 0.0 0.0 27.2578125 0.0 12.62109375 0.0 0.0 25.15234375 0.0 5.7771148681640625
349.437 0.0078125 0.0 -0.046875 0.0 0.0 -0.0 -0.0 0.0 12.62109375 0.0 0.0 24.38671875 0.0 12.515625 0.0 0.0 28.0234375 0.0 12.69140625 0.0 0.0 27.06640625 0.0 12.62109375 0.0 0.0 24.578125 0.0 5.7673492431640625
349.607 0.0078125 0.0 -0.046875 0.0 0.0 -0.0 -0.0 0.0 12.5859375 0.0 0.0 24.578125 0.0 12.515625 0.0 0.0 28.0234375 0.0 12.69140625 0.0 0.0 26.68359375 0.0 12.62109375 0.0 0.0 24.76953125 0.0 5.7771148681640625
349.774 0.0078125 0.0 -0.046875 0.0 0.0 -0.0 -0.0 0.0 12.62109375 0.0 0.0 24.1953125 0.0 12.515625 0.0 0.0 28.21484375 0.0 12.69140625 0.0 0.0 27.2578125 0.0 12.65625 0.0 0.0 24.578125 0.0 5.7771148681640625
349.948 0.0078125 0.0 -0.046875 0.0 0.0 -0.0 -0.0 0.0 12.62109375 0.0 0.0 23.046875 0.0 12.515625 0.0 0.0 28.0234375 0.0 12.69140625 0.0 0.0 27.06640625 0.0 12.62109375 0.0 0.0 24.76953125 0.0 5.7771148681640625
350.118 0.0078125 0.0 -0.046875 0.0 0.0 -0.0 -0.0 0.0 12.62109375 0.0 0.0 24.1953125 0.0 12.515625 0.0 0.0 27.83203125 0.0 12.69140625 0.0 0.0 27.06640625 0.0 12.62109375 0.0 0.0 24.9609375 0.0 5.7673492431640625
350.29 0.0078125 0.0 -0.046875 0.0 0.0 -0.0 -0.0 0.0 12.62109375 0.0 0.0 24.76953125 0.0 12.515625 0.0 0.0 27.83203125 0.0 12.69140625 0.0 0.0 26.875 0.0 12.62109375 0.0 0.0 24.76953125 0.0 5.7673492431640625
350.472 0.0078125 0.0 -0.046875 0.0 0.0 -0.0 -0.0 0.0 12.62109375 0.0 0.0 25.7265625 0.0 12.515625 0.0 0.0 28.0234375 0.0 12.69140625 0.0 0.0 27.06640625 0.0 12.65625 0.0 0.0 24.9609375 0.0 5.7673492431640625
350.659 0.0078125 0.0 -0.046875 0.0 0.0 -0.0 -0.0 0.0 12.62109375 0.0 0.0 24.38671875 0.0 12.515625 0.0 0.0 27.44921875 0.0 12.69140625 0.0 0.0 26.875 0.0 12.62109375 0.0 0.0 24.578125 0.0 5.7673492431640625
350.831 0.0078125 0.0 -0.046875 0.0 0.0 -0.0 -0.0 0.0 12.62109375 0.0 0.0 23.23828125 0.0 12.515625 0.0 0.0 27.640625 0.0 12.69140625 0.0 0.0 27.2578125 0.0 12.65625 0.0 0.0 24.578125 0.0 5.7771148681640625
350.994 0.0078125 0.0 -0.046875 0.0 0.0 -0.0 -0.0 0.0 12.62109375 0.0 0.0 23.62109375 0.0 12.515625 0.0 0.0 27.44921875 0.0 12.69140625 0.0 0.0 27.44921875 0.0 12.65625 0.0 0.0 24.1953125 0.0 5.7673492431640625
351.18 0.0078125 0.0 -0.046875 0.0 0.0 -0.0 -0.0 0.0 12.62109375 0.0 0.0 24.38671875 0.0 12.515625 0.0 0.0 27.83203125 0.0 12.69140625 0.0 0.0 26.875 0.0 12.65625 0.0 0.0 24.1953125 0.0 5.7673492431640625
351.354 0.0078125 0.0 -0.046875 0.0 0.0 -0.0 -0.0 0.0 12.62109375 0.0 0.0 24.38671875 0.0 12.515625 0.0 0.0 28.0234375 0.0 12.69140625 0.0 0.0 27.2578125 0.0 12.65625 0.0 0.0 25.15234375 0.0 5.7771148681640625
351.529 0.0078125 0.0 -0.046875 0.0 0.0 -0.0 -0.0 0.0 12.62109375 0.0 0.0 24.38671875 0.0 12.515625 0.0 0.0 27.83203125 0.0 12.69140625 0.0 0.0 27.06640625 0.0 12.65625 0.0 0.0 24.76953125 0.0 5.7771148681640625
351.696 0.0078125 0.0 -0.046875 0.0 0.0 -0.0 -0.0 0.0 12.65625 0.0 0.0 24.76953125 0.0 12.515625 0.0 0.0 28.98046875 0.0 12.7265625 0.0 0.0 27.06640625 0.0 12.65625 0.0 0.0 25.34375 0.0 5.7771148681640625
351.869 0.0078125 0.0 -0.046875 0.0 0.0 -0.0 -0.0 0.0 12.65625 0.0 0.0 24.1953125 0.0 12.515625 0.0 0.0 27.83203125 0.0 12.69140625 0.0 0.0 27.2578125 0.0 12.65625 0.0 0.0 24.38671875 0.0 5.7673492431640625
352.037 0.0078125 0.0 -0.046875 0.0 0.0 -0.0 -0.0 0.0 12.62109375 0.0 0.0 24.76953125 0.0 12.515625 0.0 0.0 28.0234375 0.0 12.69140625 0.0 0.0 27.2578125 0.0 12.65625 0.0 0.0 25.15234375 0.0 5.7771148681640625
352.208 0.0078125 0.0 -0.046875 0.0 0.0 -0.0 -0.0 0.0 12.65625 0.0 0.0 23.8125 0.0 12.515625 0.0 0.0 28.0234375 0.0 12.69140625 0.0 0.0 27.44921875 0.0 12.65625 0.0 0.0 24.578125 0.0 5.757568359375
352.367 0.0078125 0.0 -0.046875 0.0 0.0 -0.0 -0.0 0.0 12.65625 0.0 0.0 24.38671875 0.0 12.55078125 0.0 0.0 27.83203125 0.0 12.7265625 0.0 0.0 27.44921875 0.0 12.65625 0.0 0.0 24.76953125 0.0 5.7771148681640625
352.537 0.0078125 0.0 -0.046875 0.0 0.0 -0.0 -0.0 0.0 12.65625 0.0 0.0 25.15234375 0.0 12.55078125 0.0 0.0 28.0234375 0.0 12.7265625 0.0 0.0 27.06640625 0.0 12.65625 0.0 0.0 24.578125 0.0 5.7771148681640625
352.715 0.0078125 0.0 -0.046875 0.0 0.0 -0.0 -0.0 0.0 12.65625 0.0 0.0 24.1953125 0.0 12.55078125 0.0 0.0 27.640625 0.0 12.7265625 0.0 0.0 27.06640625 0.0 12.69140625 0.0 0.0 24.38671875 0.0 5.757568359375
352.886 0.0078125 0.0 -0.046875 0.0 0.0 -0.0 -0.0 0.0 12.65625 0.0 0.0 24.578125 0.0 12.515625 0.0 0.0 27.44921875 0.0 12.7265625 0.0 0.0 26.875 0.0 12.65625 0.0 0.0 24.76953125 0.0 5.7771148681640625
353.054 0.0078125 0.0 -0.046875 0.0 0.0 -0.0 -0.0 0.0 12.65625 0.0 0.0 24.1953125 0.0 12.55078125 0.0 0.0 27.2578125 0.0 12.7265625 0.0 0.0 27.44921875 0.0 12.65625 0.0 0.0 25.15234375 0.0 5.7771148681640625
353.216 0.0078125 0.0 -0.046875 0.0 0.0 -0.0 -0.0 0.0 12.62109375 0.0 0.0 24.38671875 0.0 12.515625 0.0 0.0 27.640625 0.0 12.69140625 0.0 0.0 27.2578125 0.0 12.69140625 0.0 0.0 25.34375 0.0 5.757568359375
353.388 0.0078125 0.0 -0.046875 0.0 0.0 -0.0 -0.0 0.0 12.62109375 0.0 0.0 23.8125 0.0 12.55078125 0.0 0.0 28.21484375 0.0 12.7265625 0.0 0.0 26.4921875 0.0 12.65625 0.0 0.0 24.9609375 0.0 5.7771148681640625
353.567 0.0078125 0.0 -0.046875 0.0 0.0 -0.0 -0.0 0.0 12.65625 0.0 0.0 23.8125 0.0 12.515625 0.0 0.0 27.640625 0.0 12.7265625 0.0 0.0 26.875 0.0 12.65625 0.0 0.0 24.578125 0.0 5.7771148681640625
353.735 0.0078125 0.0 -0.046875 0.0 0.0 -0.0 -0.0 0.0 12.65625 0.0 0.0 24.1953125 0.0 12.515625 0.0 0.0 27.640625 0.0 12.69140625 0.0 0.0 27.06640625 0.0 12.65625 0.0 0.0 24.76953125 0.0 5.7771148681640625
353.895 0.0078125 0.0 -0.046875 0.0 0.0 -0.0 -0.0 0.0 12.65625 0.0 0.0 25.34375 0.0 12.55078125 0.0 0.0 27.06640625 0.0 12.7265625 0.0 0.0 27.2578125 0.0 12.65625 0.0 0.0 25.34375 0.0 5.7673492431640625
354.065 0.0078125 0.0 -0.046875 0.0 0.0 -0.0 -0.0 0.0 12.62109375 0.0 0.0 23.8125 0.0 12.55078125 0.0 0.0 27.83203125 0.0 12.7265625 0.0 0.0 27.640625 0.0 12.65625 0.0 0.0 24.9609375 0.0 5.7771148681640625
354.254 0.0078125 0.0 -0.046875 0.0 0.0 -0.0 -0.0 0.0 12.65625 0.0 0.0 24.00390625 0.0 12.515625 0.0 0.0 28.40625 0.0 12.7265625 0.0 0.0 27.640625 0.0 12.65625 0.0 0.0 25.15234375 0.0 5.7673492431640625
354.433 0.0078125 0.0 -0.046875 0.0 0.0 -0.0 -0.0 0.0 12.65625 0.0 0.0 24.38671875 0.0 12.55078125 0.0 0.0 28.21484375 0.0 12.7265625 0.0 0.0 27.06640625 0.0 12.65625 0.0 0.0 24.9609375 0.0 5.7771148681640625
354.619 0.0078125 0.0 -0.046875 0.0 0.0 -0.0 -0.0 0.0 12.65625 0.0 0.0 24.9609375 0.0 12.55078125 0.0 0.0 28.40625 0.0 12.7265625 0.0 0.0 26.875 0.0 12.69140625 0.0 0.0 24.76953125 0.0 5.7771148681640625
354.788 0.0078125 0.0 -0.046875 0.0 0.0 -0.0 -0.0 0.0 12.65625 0.0 0.0 24.00390625 0.0 12.55078125 0.0 0.0 28.40625 0.0 12.69140625 0.0 0.0 26.4921875 0.0 12.69140625 0.0 0.0 25.34375 0.0 5.7771148681640625
354.956 0.0078125 0.0 -0.046875 0.0 0.0 -0.0 -0.0 0.0 12.65625 0.0 0.0 24.38671875 0.0 12.55078125 0.0 0.0 27.83203125 0.0 12.7265625 0.0 0.0 26.875 0.0 12.65625 0.0 0.0 25.15234375 0.0 5.7771148681640625
355.127 0.0078125 0.0 -0.046875 0.0 0.0 -0.0 -0.0 0.0 12.65625 0.0 0.0 24.1953125 0.0 12.55078125 0.0 0.0 27.640625 0.0 12.7265625 0.0 0.0 26.875 0.0 12.65625 0.0 0.0 24.1953125 0.0 5.7771148681640625
355.295 0.0078125 0.0 -0.046875 0.0 0.0 -0.0 -0.0 0.0 12.65625 0.0 0.0 24.38671875 0.0 12.55078125 0.0 0.0 27.640625 0.0 12.7265625 0.0 0.0 27.44921875 0.0 12.69140625 0.0 0.0 24.9609375 0.0 5.7771148681640625
355.457 0.0078125 0.0 -0.046875 0.0 0.0 -0.0 -0.0 0.0 12.65625 0.0 0.0 24.1953125 0.0 12.55078125 0.0 0.0 28.21484375 0.0 12.7265625 0.0 0.0 26.875 0.0 12.65625 0.0 0.0 24.9609375 0.0 5.7771148681640625
355.626 0.0078125 0.0 -0.046875 0.0 0.0 -0.0 -0.0 0.0 12.65625 0.0 0.0 25.7265625 0.0 12.55078125 0.0 0.0 29.36328125 0.0 12.7265625 0.0 0.0 27.06640625 0.0 12.65625 0.0 0.0 24.76953125 0.0 5.7673492431640625
355.796 0.0078125 0.0 -0.046875 0.0 0.0 -0.0 -0.0 0.0 12.62109375 0.0 0.0 24.1953125 0.0 12.55078125 0.0 0.0 28.59765625 0.0 12.7265625 0.0 0.0 27.640625 0.0 12.69140625 0.0 0.0 24.578125 0.0 5.786895751953125
355.966 0.0078125 0.0 -0.046875 0.0 0.0 -0.0 -0.0 0.0 12.65625 0.0 0.0 24.578125 0.0 12.515625 0.0 0.0 28.40625 0.0 12.7265625 0.0 0.0 26.875 0.0 12.69140625 0.0 0.0 24.76953125 0.0 5.7771148681640625
356.134 0.0078125 0.0 -0.046875 0.0 0.0 -0.0 -0.0 0.0 12.65625 0.0 0.0 24.38671875 0.0 12.55078125 0.0 0.0 27.44921875 0.0 12.7265625 0.0 0.0 27.640625 0.0 12.69140625 0.0 0.0 25.53515625 0.0 5.786895751953125
356.296 0.0078125 0.0 -0.046875 0.0 0.0 -0.0 -0.0 0.0 12.65625 0.0 0.0 24.1953125 0.0 12.55078125 0.0 0.0 28.59765625 0.0 12.515625 0.0 0.0 27.2578125 0.0 11.671875 0.0 0.0 24.9609375 0.0 5.7380218505859375
S: 154772529198 Fired
356.47 0.0078125 0.0 -0.046875 0.0 0.0 -0.0 -0.0 0.0 11.3203125 0.0 0.0 24.76953125 0.0 11.14453125 0.0 0.0 27.83203125 6.3942413330078125 11.53125 0.0 0.0 26.68359375 0.0 11.6015625 0.0 0.0 24.38671875 0.0 5.1124114990234375
356.636 0.0078125 0.0 -0.046875 0.0 0.0 -0.0 -0.0 0.0 11.671875 0.0 0.0 24.38671875 0.0 11.671875 0.0 0.0 27.2578125 -8.415664672851562 11.42578125 0.0 0.0 27.06640625 0.0 8.96484375 0.0 0.0 24.9609375 0.0 4.57476806640625
356.798 0.0078125 0.0 -0.046875 0.0 0.0 -0.0 -0.0 0.0 11.8828125 0.0 0.0 24.9609375 0.0 11.63671875 0.0 0.0 28.0234375 15.557144165039062 12.48046875 0.0 0.0 27.2578125 0.0 12.48046875 0.0 0.0 24.76953125 0.0 5.0537567138671875
356.957 0.0078125 0.0 -0.046875 0.0 0.0 -0.0 -0.0 0.0 12.48046875 0.0 0.0 24.38671875 0.0 12.375 0.0 0.0 28.21484375 7.4373321533203125 12.55078125 0.0 0.0 26.875 0.0 12.4453125 0.0 0.0 24.9609375 0.0 5.3861083984375
357.109 0.0078125 0.0 -0.046875 0.0 0.0 -0.0 -0.0 0.0 12.3046875 0.0 0.0 24.38671875 0.0 12.19921875 0.0 0.0 28.0234375 0.0 12.4453125 0.0 0.0 27.44921875 0.0 12.4453125 0.0 0.0 25.15234375 0.0 5.6500396728515625
357.285 0.0078125 0.0 -0.046875 0.0 0.0 -0.0 -0.0 0.0 12.375 0.0 0.0 23.8125 0.0 12.19921875 0.0 0.0 27.83203125 0.0 12.5859375 0.0 0.0 26.875 0.0 12.55078125 0.0 0.0 24.38671875 0.0 5.796661376953125
357.457 0.0078125 0.0 -0.046875 0.0 0.0 -0.0 -0.0 0.0 12.55078125 0.0 0.0 24.1953125 0.0 12.4453125 0.0 0.0 26.4921875 0.0 12.62109375 0.0 0.0 27.44921875 0.0 12.5859375 0.0 0.0 25.15234375 0.0 5.7771148681640625
357.626 0.0078125 0.0 -0.046875 0.0 0.0 -0.0 -0.0 0.0 12.55078125 0.0 0.0 23.046875 0.0 12.4453125 0.0 0.0 27.640625 0.0 12.62109375 0.0 0.0 26.68359375 0.0 12.55078125 0.0 0.0 25.34375 0.0 5.7673492431640625
357.795 0.0078125 0.0 -0.046875 0.0 0.0 -0.0 -0.0 0.0 12.55078125 0.0 0.0 24.00390625 0.0 12.48046875 0.0 0.0 28.0234375 0.0 12.65625 0.0 0.0 27.06640625 0.0 12.5859375 0.0 0.0 25.34375 0.0 5.7673492431640625
357.966 0.0078125 0.0 -0.046875 0.0 0.0 -0.0 -0.0 0.0 12.5859375 0.0 0.0 24.578125 0.0 12.4453125 0.0 0.0 28.0234375 0.0 12.65625 0.0 0.0 27.2578125 0.0 12.5859375 0.0 0.0 25.34375 0.0 5.7771148681640625
358.135 0.0078125 0.0 -0.046875 0.0 0.0 -0.0 -0.0 0.0 12.5859375 0.0 0.0 24.38671875 0.0 12.48046875 0.0 0.0 28.0234375 0.0 12.65625 0.0 0.0 27.2578125 0.0 12.5859375 0.0 0.0 24.76953125 0.0 5.7673492431640625
358.313 0.0078125 0.0 -0.046875 0.0 0.0 -0.0 -0.0 0.0 12.5859375 0.0 0.0 23.62109375 0.0 12.48046875 0.0 0.0 27.2578125 0.0 12.65625 0.0 0.0 27.2578125 0.0 12.62109375 0.0 0.0 24.76953125 0.0 5.7771148681640625
358.489 0.0078125 0.0 -0.046875 0.0 0.0 -0.0 -0.0 0.0 12.5859375 0.0 0.0 24.38671875 0.0 12.48046875 0.0 0.0 28.0234375 0.0 12.65625 0.0 0.0 26.875 0.0 12.62109375 0.0 0.0 25.34375 0.0 5.7673492431640625
358.656 0.0078125 0.0 -0.046875 0.0 0.0 -0.0 -0.0 0.0 12.5859375 0.0 0.0 24.00390625 0.0 12.48046875 0.0 0.0 28.21484375 0.0 12.69140625 0.0 0.0 27.2578125 0.0 12.62109375 0.0 0.0 24.578125 0.0 5.7771148681640625
358.827 0.0078125 0.0 -0.046875 0.0 0.0 -0.0 -0.0 0.0 12.5859375 0.0 0.0 24.76953125 0.0 12.48046875 0.0 0.0 28.0234375 0.0 12.65625 0.0 0.0 27.06640625 0.0 12.62109375 0.0 0.0 24.9609375 0.0 5.7771148681640625
358.996 0.0078125 0.0 -0.046875 0.0 0.0 -0.0 -0.0 0.0 12.5859375 0.0 0.0 24.1953125 0.0 12.48046875 0.0 0.0 28.0234375 0.0 12.65625 0.0 0.0 27.06640625 0.0 12.62109375 0.0 0.0 24.9609375 0.0 5.7771148681640625
359.17 0.0078125 0.0 -0.046875 0.0 0.0 -0.0 -0.0 0.0 12.5859375 0.0 0.0 24.38671875 0.0 12.48046875 0.0 0.0 28.0234375 0.0 12.69140625 0.0 0.0 26.875 0.0 12.62109375 0.0 0.0 24.9609375 0.0 5.7673492431640625
359.35 0.0078125 0.0 -0.046875 0.0 0.0 -0.0 -0.0 0.0 12.62109375 0.0 0.0 24.76953125 0.0 12.515625 0.0 0.0 27.83203125 0.0 12.69140625 0.0 0.0 27.06640625 0.0 12.65625 0.0 0.0 24.1953125 0.0 5.7673492431640625
359.527 0.0078125 0.0 -0.046875 0.0 0.0 -0.0 -0.0 0.0 12.62109375 0.0 0.0 24.38671875 0.0 12.515625 0.0 0.0 27.06640625 0.0 12.69140625 0.0 0.0 27.06640625 0.0 12.62109375 0.0 0.0 24.9609375 0.0 5.7673492431640625
359.696 0.0078125 0.0 -0.046875 0.0 0.0 -0.0 -0.0 0.0 12.62109375 0.0 0.0 24.76953125 0.0 12.48046875 0.0 0.0 27.640625 0.0 12.69140625 0.0 0.0 27.44921875 0.0 12.62109375 0.0 0.0 24.9609375 0.0 5.7673492431640625
359.867 0.0078125 0.0 -0.046875 0.0 0.0 -0.0 -0.0 0.0 12.62109375 0.0 0.0 25.91796875 0.0 12.515625 0.0 0.0 27.83203125 0.0 12.69140625 0.0 0.0 27.2578125 0.0 12.62109375 0.0 0.0 24.76953125 0.0 5.7673492431640625
360.035 0.0078125 0.0 -0.046875 0.0 0.0 -0.0 -0.0 0.0 12.62109375 0.0 0.0 22.85546875 0.0 12.515625 0.0 0.0 28.40625 0.0 12.65625 0.0 0.0 27.2578125 0.0 12.62109375 0.0 0.0 25.15234375 0.0 5.7771148681640625
360.233 0.0078125 0.0 -0.046875 0.0 0.0 -0.0 -0.0 0.0 12.62109375 0.0 0.0 24.578125 0.0 12.515625 0.0 0.0 29.171875 0.0 12.69140625 0.0 0.0 27.44921875 0.0 12.62109375 0.0 0.0 25.34375 0.0 5.786895751953125
360.427 0.0078125 0.0 -0.046875 0.0 0.0 -0.0 -0.0 0.0 12.62109375 0.0 0.0 24.1953125 0.0 12.515625 0.0 0.0 28.21484375 0.0 12.69140625 0.0 0.0 26.875 0.0 12.62109375 0.0 0.0 25.15234375 0.0 5.7771148681640625
360.595 0.0078125 0.0 -0.046875 0.0 0.0 -0.0 -0.0 0.0 12.62109375 0.0 0.0 24.00390625 0.0 12.515625 0.0 0.0 28.40625 0.0 12.69140625 0.0 0.0 27.06640625 0.0 12.62109375 0.0 0.0 25.15234375 0.0 5.7673492431640625
360.768 0.0078125 0.0 -0.046875 0.0 0.0 -0.0 -0.0 0.0 12.62109375 0.0 0.0 24.76953125 0.0 12.515625 0.0 0.0 28.40625 0.0 12.65625 0.0 0.0 26.68359375 0.0 12.62109375 0.0 0.0 25.34375 0.0 5.7771148681640625
360.936 0.0078125 0.0 -0.046875 0.0 0.0 -0.0 -0.0 0.0 12.62109375 0.0 0.0 24.38671875 0.0 12.515625 0.0 0.0 28.40625 0.0 12.69140625 0.0 0.0 26.875 0.0 12.65625 0.0 0.0 24.76953125 0.0 5.7771148681640625
361.109 0.0078125 0.0 -0.046875 0.0 0.0 -0.0 -0.0 0.0 12.62109375 0.0 0.0 24.578125 0.0 12.515625 0.0 0.0 28.21484375 0.0 12.69140625 0.0 0.0 26.875 0.0 12.65625 0.0 0.0 24.38671875 0.0 5.7771148681640625
361.277 0.0078125 0.0 -0.046875 0.0 0.0 -0.0 -0.0 0.0 12.62109375 0.0 0.0 24.578125 0.0 12.515625 0.0 0.0 27.83203125 0.0 12.69140625 0.0 0.0 27.06640625 0.0 12.65625 0.0 0.0 25.34375 0.0 5.7771148681640625
361.437 0.0078125 0.0 -0.046875 0.0 0.0 -0.0 -0.0 0.0 12.62109375 0.0 0.0 24.1953125 0.0 12.515625 0.0 0.0 28.21484375 0.0 12.69140625 0.0 0.0 27.44921875 0.0 12.65625 0.0 0.0 24.76953125 0.0 5.7771148681640625
361.606 0.0078125 0.0 -0.046875 0.0 0.0 -0.0 -0.0 0.0 12.65625 0.0 0.0 24.578125 0.0 12.515625 0.0 0.0 28.40625 0.0 12.41015625 0.0 0.0 27.2578125 0.0 11.70703125 0.0 0.0 24.1953125 0.0 5.6500396728515625
S: 154772534506 Fired
361.774 0.0078125 0.0 -0.046875 0.0 0.0 -0.0 -0.0 0.0 11.1796875 0.0 0.0 24.38671875 0.0 11.21484375 0.0 0.0 28.40625 -5.9714202880859375 11.63671875 0.0 0.0 27.2578125 0.0 11.6015625 0.0 0.0 24.578125 0.0 5.043975830078125
361.935 0.0078125 0.0 -0.046875 0.0 0.0 -0.0 -0.0 0.0 11.63671875 0.0 0.0 24.38671875 0.0 11.63671875 0.0 0.0 27.640625 -9.5618896484375 11.42578125 0.0 0.0 27.640625 0.0 9.10546875 0.0 0.0 25.53515625 0.0 4.545440673828125
362.104 0.0078125 0.0 -0.046875 0.0 0.0 -0.0 -0.0 0.0 11.84765625 0.0 0.0 24.1953125 0.0 11.84765625 0.0 0.0 28.0234375 14.68035888671875 12.48046875 0.0 0.0 27.06640625 0.0 12.48046875 0.0 0.0 24.578125 0.0 5.1319580078125
362.271 0.0078125 0.0 -0.046875 0.0 0.0 -0.0 -0.0 0.0 12.48046875 0.0 0.0 24.9609375 0.0 12.375 0.0 0.0 27.83203125 14.623443603515625 12.515625 0.0 0.0 26.875 0.0 12.4453125 0.0 0.0 25.15234375 0.0 5.5229644775390625
362.433 0.0078125 0.0 -0.046875 0.0 0.0 -0.0 -0.0 0.0 12.33984375 0.0 0.0 24.38671875 0.0 12.234375 0.0 0.0 28.0234375 -3.115997314453125 12.4453125 0.0 0.0 27.640625 0.0 12.375 0.0 0.0 25.15234375 0.0 5.786895751953125
362.598 0.0078125 0.0 -0.046875 0.0 0.0 -0.0 -0.0 0.0 12.3046875 0.0 0.0 24.38671875 0.0 12.41015625 0.0 0.0 27.44921875 0.0 12.5859375 0.0 0.0 27.2578125 0.0 12.515625 0.0 0.0 24.76953125 0.0 5.7771148681640625
362.769 0.0078125 0.0 -0.046875 0.0 0.0 -0.0 -0.0 0.0 12.55078125 0.0 0.0 23.8125 0.0 12.41015625 0.0 0.0 28.59765625 -3.2879638671875 12.5859375 0.0 0.0 26.875 0.0 12.55078125 0.0 0.0 24.9609375 0.0 5.7771148681640625
362.93 0.0078125 0.0 -0.046875 0.0 0.0 -0.0 -0.0 0.0 12.55078125 0.0 0.0 24.1953125 0.0 12.4453125 0.0 0.0 28.59765625 0.0 12.62109375 0.0 0.0 26.875 0.0 12.55078125 0.0 0.0 24.9609375 0.0 5.7673492431640625
363.097 0.0078125 0.0 -0.046875 0.0 0.0 -0.0 -0.0 0.0 12.55078125 0.0 0.0 23.4296875 0.0 12.4453125 0.0 0.0 27.83203125 0.0 12.62109375 0.0 0.0 27.2578125 0.0 12.5859375 0.0 0.0 25.53515625 0.0 5.7673492431640625
363.269 0.0078125 0.0 -0.046875 0.0 0.0 -0.0 -0.0 0.0 12.55078125 0.0 0.0 24.38671875 0.0 12.4453125 0.0 0.0 27.44921875 0.0 12.62109375 0.0 0.0 26.875 0.0 12.55078125 0.0 0.0 24.9609375 0.0 5.7673492431640625
363.446 0.0078125 0.0 -0.046875 0.0 0.0 -0.0 -0.0 0.0 12.55078125 0.0 0.0 24.76953125 0.0 12.4453125 0.0 0.0 27.44921875 0.0 12.62109375 0.0 0.0 27.44921875 0.0 12.5859375 0.0 0.0 24.1953125 0.0 5.7771148681640625
363.615 0.0078125 0.0 -0.046875 0.0 0.0 -0.0 -0.0 0.0 12.5859375 0.0 0.0 24.76953125 0.0 12.48046875 0.0 0.0 27.44921875 0.0 12.62109375 0.0 0.0 27.2578125 0.0 12.5859375 0.0 0.0 24.38671875 0.0 5.7673492431640625
363.786 0.0078125 0.0 -0.046875 0.0 0.0 -0.0 -0.0 0.0 12.5859375 0.0 0.0 24.1953125 0.0 12.4453125 0.0 0.0 27.44921875 0.0 12.65625 0.0 0.0 27.2578125 0.0 12.5859375 0.0 0.0 24.578125 0.0 5.7673492431640625
363.956 0.0078125 0.0 -0.046875 0.0 0.0 -0.0 -0.0 0.0 12.5859375 0.0 0.0 24.578125 0.0 12.4453125 0.0 0.0 28.0234375 0.0 12.65625 0.0 0.0 27.06640625 0.0 12.5859375 0.0 0.0 24.38671875 0.0 5.7771148681640625
364.13 0.0078125 0.0 -0.046875 0.0 0.0 -0.0 -0.0 0.0 12.5859375 0.0 0.0 24.578125 0.0 12.48046875 0.0 0.0 27.83203125 0.0 12.65625 0.0 0.0 27.06640625 0.0 12.62109375 0.0 0.0 24.9609375 0.0 5.7673492431640625
364.317 0.0078125 0.0 -0.046875 0.0 0.0 -0.0 -0.0 0.0 12.5859375 0.0 0.0 24.578125 0.0 12.515625 0.0 0.0 28.0234375 0.0 12.65625 0.0 0.0 27.2578125 0.0 12.5859375 0.0 0.0 24.9609375 0.0 5.7771148681640625
364.486 0.0078125 0.0 -0.046875 0.0 0.0 -0.0 -0.0 0.0 12.5859375 0.0 0.0 24.38671875 0.0 12.48046875 0.0 0.0 28.0234375 0.0 12.65625 0.0 0.0 27.83203125 0.0 12.62109375 0.0 0.0 24.38671875 0.0 5.7673492431640625
364.65 0.0078125 0.0 -0.046875 0.0 0.0 -0.0 -0.0 0.0 12.5859375 0.0 0.0 24.76953125 0.0 12.48046875 0.0 0.0 28.7890625 0.0 12.65625 0.0 0.0 27.640625 0.0 12.5859375 0.0 0.0 24.9609375 0.0 5.7771148681640625
364.815 0.0078125 0.0 -0.046875 0.0 0.0 -0.0 -0.0 0.0 12.5859375 0.0 0.0 24.578125 0.0 12.48046875 0.0 0.0 27.83203125 0.0 12.65625 0.0 0.0 27.06640625 0.0 12.62109375 0.0 0.0 24.76953125 0.0 5.7771148681640625
364.987 0.0078125 0.0 -0.046875 0.0 0.0 -0.0 -0.0 0.0 12.5859375 0.0 0.0 24.578125 0.0 12.48046875 0.0 0.0 27.640625 0.0 12.65625 0.0 0.0 27.640625 0.0 12.62109375 0.0 0.0 24.578125 0.0 5.7673492431640625
365.155 0.0078125 0.0 -0.046875 0.0 0.0 -0.0 -0.0 0.0 12.62109375 0.0 0.0 24.00390625 0.0 12.48046875 0.0 0.0 28.21484375 0.0 12.69140625 0.0 0.0 27.06640625 0.0 12.65625 0.0 0.0 24.9609375 0.0 5.7771148681640625
365.318 0.0078125 0.0 -0.046875 0.0 0.0 -0.0 -0.0 0.0 12.5859375 0.0 0.0 24.38671875 0.0 12.48046875 0.0 0.0 28.0234375 0.0 12.69140625 0.0 0.0 27.2578125 0.0 12.62109375 0.0 0.0 24.38671875 0.0 5.7771148681640625
365.489 0.0078125 0.0 -0.046875 0.0 0.0 -0.0 -0.0 0.0 12.5859375 0.0 0.0 24.578125 0.0 12.48046875 0.0 0.0 27.2578125 0.0 12.69140625 0.0 0.0 26.68359375 0.0 12.62109375 0.0 0.0 25.15234375 0.0 5.7673492431640625
365.649 0.0078125 0.0 -0.046875 0.0 0.0 -0.0 -0.0 0.0 12.62109375 0.0 0.0 24.38671875 0.0 12.48046875 0.0 0.0 27.640625 0.0 12.69140625 0.0 0.0 27.2578125 0.0 12.62109375 0.0 0.0 25.34375 0.0 5.7673492431640625
365.826 0.0078125 0.0 -0.046875 0.0 0.0 -0.0 -0.0 0.0 12.62109375 0.0 0.0 24.76953125 0.0 12.515625 0.0 0.0 27.83203125 0.0 12.69140625 0.0 0.0 27.44921875 0.0 12.62109375 0.0 0.0 25.15234375 0.0 5.7673492431640625
365.996 0.0078125 0.0 -0.046875 0.0 0.0 -0.0 -0.0 0.0 12.62109375 0.0 0.0 24.578125 0.0 12.515625 0.0 0.0 27.640625 0.0 12.69140625 0.0 0.0 27.2578125 0.0 12.62109375 0.0 0.0 24.9609375 0.0 5.757568359375
366.178 0.0078125 0.0 -0.046875 0.0 0.0 -0.0 -0.0 0.0 12.62109375 0.0 0.0 24.578125 0.0 12.48046875 0.0 0.0 27.640625 0.0 12.65625 0.0 0.0 27.06640625 0.0 12.62109375 0.0 0.0 24.76953125 0.0 5.7771148681640625
366.366 0.0078125 0.0 -0.046875 0.0 0.0 -0.0 -0.0 0.0 12.62109375 0.0 0.0 24.00390625 0.0 12.515625 0.0 0.0 28.21484375 0.0 12.69140625 0.0 0.0 27.2578125 0.0 12.62109375 0.0 0.0 25.34375 0.0 5.7771148681640625
366.535 0.0078125 0.0 -0.046875 0.0 0.0 -0.0 -0.0 0.0 12.62109375 0.0 0.0 24.1953125 0.0 12.515625 0.0 0.0 27.640625 0.0 12.69140625 0.0 0.0 27.44921875 0.0 12.62109375 0.0 0.0 24.76953125 0.0 5.7673492431640625
366.696 0.0078125 0.0 -0.046875 0.0 0.0 -0.0 -0.0 0.0 12.62109375 0.0 0.0 24.38671875 0.0 12.515625 0.0 0.0 27.83203125 0.0 12.69140625 0.0 0.0 27.06640625 0.0 12.62109375 0.0 0.0 25.34375 0.0 5.7673492431640625
366.867 0.0078125 0.0 -0.046875 0.0 0.0 -0.0 -0.0 0.0 12.62109375 0.0 0.0 24.1953125 0.0 12.515625 0.0 0.0 27.640625 0.0 12.69140625 0.0 0.0 28.0234375 0.0 12.62109375 0.0 0.0 24.76953125 0.0 5.7771148681640625
367.035 0.0078125 0.0 -0.046875 0.0 0.0 -0.0 -0.0 0.0 12.62109375 0.0 0.0 24.578125 0.0 12.515625 0.0 0.0 27.640625 0.0 12.69140625 0.0 0.0 27.06640625 0.0 12.65625 0.0 0.0 25.34375 0.0 5.7673492431640625
367.207 0.0078125 0.0 -0.046875 0.0 0.0 -0.0 -0.0 0.0 12.62109375 0.0 0.0 24.38671875 0.0 12.515625 0.0 0.0 27.83203125 0.0 12.69140625 0.0 0.0 26.875 0.0 12.62109375 0.0 0.0 25.34375 0.0 5.7673492431640625
367.375 0.0078125 0.0 -0.046875 0.0 0.0 -0.0 -0.0 0.0 12.62109375 0.0 0.0 24.578125 0.0 12.515625 0.0 0.0 27.06640625 0.0 12.69140625 0.0 0.0 27.2578125 0.0 12.65625 0.0 0.0 24.578125 0.0 5.7673492431640625
367.549 0.0078125 0.0 -0.046875 0.0 0.0 -0.0 -0.0 0.0 12.62109375 0.0 0.0 24.1953125 0.0 12.48046875 0.0 0.0 28.7890625 0.0 12.69140625 0.0 0.0 26.4921875 0.0 12.65625 0.0 0.0 24.76953125 0.0 5.7673492431640625
367.717 0.0078125 0.0 -0.046875 0.0 0.0 -0.0 -0.0 0.0 12.62109375 0.0 0.0 24.76953125 0.0 12.515625 0.0 0.0 28.0234375 0.0 12.69140625 0.0 0.0 26.875 0.0 12.65625 0.0 0.0 24.578125 0.0 5.7771148681640625
367.889 0.0078125 0.0 -0.046875 0.0 0.0 -0.0 -0.0 0.0 12.62109375 0.0 0.0 24.9609375 0.0 12.515625 0.0 0.0 28.21484375 0.0 12.69140625 0.0 0.0 26.875 0.0 12.62109375 0.0 0.0 24.578125 0.0 5.7673492431640625
368.067 0.0078125 0.0 -0.046875 0.0 0.0 -0.0 -0.0 0.0 12.62109375 0.0 0.0 24.1953125 0.0 12.515625 0.0 0.0 27.83203125 0.0 12.33984375 0.0 0.0 26.4921875 0.0 11.7421875 0.0 0.0 24.76953125 0.0 5.6402587890625
S: 154772540968 Fired
368.245 0.0078125 0.0 -0.046875 0.0 0.0 -0.0 -0.0 0.0 11.00390625 0.0 0.0 25.34375 0.0 11.14453125 0.0 0.0 29.171875 7.34136962890625 11.53125 0.0 0.0 26.875 0.0 11.63671875 0.0 0.0 25.15234375 0.0 5.07330322265625
368.407 0.0078125 0.0 -0.046875 0.0 0.0 -0.0 -0.0 0.0 11.77734375 0.0 0.0 23.4296875 0.0 11.63671875 0.0 0.0 27.83203125 -9.84405517578125 9.52734375 0.0 0.0 27.2578125 0.0 10.0546875 0.0 0.0 24.578125 0.0 4.57476806640625
368.572 0.0078125 0.0 -0.046875 0.0 0.0 -0.0 -0.0 0.0 11.84765625 0.0 0.0 24.1953125 0.0 12.0234375 0.0 0.0 28.0234375 13.792999267578125 12.48046875 0.0 0.0 27.44921875 0.0 12.4453125 0.0 0.0 25.15234375 0.0 5.1319580078125
368.749 0.0078125 0.0 -0.046875 0.0 0.0 -0.0 -0.0 0.0 12.4453125 0.0 0.0 23.8125 0.0 12.33984375 0.0 0.0 27.06640625 10.326019287109375 12.515625 0.0 0.0 27.06640625 0.0 12.41015625 0.0 0.0 24.76953125 0.0 5.4643096923828125
368.909 0.0078125 0.0 -0.046875 0.0 0.0 -0.0 -0.0 0.0 12.3046875 0.0 0.0 24.578125 0.0 12.19921875 0.0 0.0 28.0234375 0.0 12.4453125 0.0 0.0 27.44921875 0.0 12.375 0.0 0.0 25.15234375 0.0 5.7184600830078125
369.066 0.0078125 0.0 -0.046875 0.0 0.0 -0.0 -0.0 0.0 12.41015625 0.0 0.0 24.1953125 0.0 12.19921875 0.0 0.0 27.640625 0.0 12.55078125 0.0 0.0 27.2578125 0.0 12.515625 0.0 0.0 24.1953125 0.0 5.8064422607421875
369.234 0.0078125 0.0 -0.046875 0.0 0.0 -0.0 -0.0 0.0 12.515625 0.0 0.0 24.38671875 0.0 12.41015625 0.0 0.0 29.171875 0.0 12.5859375 0.0 0.0 27.2578125 0.0 12.55078125 0.0 0.0 24.76953125 0.0 5.7673492431640625
369.456 0.0078125 0.0 -0.046875 0.0 0.0 -0.0 -0.0 0.0 12.55078125 0.0 0.0 24.578125 0.0 12.4453125 0.0 0.0 27.06640625 0.0 12.62109375 0.0 0.0 27.44921875 0.0 12.55078125 0.0 0.0 25.15234375 0.0 5.7771148681640625
369.628 0.0078125 0.0 -0.046875 0.0 0.0 -0.0 -0.0 0.0 12.55078125 0.0 0.0 24.1953125 0.0 12.4453125 0.0 0.0 27.83203125 0.0 12.62109375 0.0 0.0 27.2578125 0.0 12.5859375 0.0 0.0 24.578125 0.0 5.7673492431640625
369.809 0.0078125 0.0 -0.046875 0.0 0.0 -0.0 -0.0 0.0 12.55078125 0.0 0.0 24.578125 0.0 12.4453125 0.0 0.0 27.640625 0.0 12.62109375 0.0 0.0 26.875 0.0 12.5859375 0.0 0.0 24.9609375 0.0 5.7771148681640625
369.989 0.0078125 0.0 -0.046875 0.0 0.0 -0.0 -0.0 0.0 12.55078125 0.0 0.0 24.1953125 0.0 12.4453125 0.0 0.0 27.640625 0.0 12.62109375 0.0 0.0 27.44921875 0.0 12.5859375 0.0 0.0 24.9609375 0.0 5.7771148681640625
370.169 0.0078125 0.0 -0.046875 0.0 0.0 -0.0 -0.0 0.0 12.55078125 0.0 0.0 24.9609375 0.0 12.48046875 0.0 0.0 28.0234375 0.0 12.62109375 0.0 0.0 27.2578125 0.0 12.5859375 0.0 0.0 24.9609375 0.0 5.7673492431640625
370.335 0.0078125 0.0 -0.046875 0.0 0.0 -0.0 -0.0 0.0 12.55078125 0.0 0.0 23.62109375 0.0 12.4453125 0.0 0.0 27.83203125 0.0 12.65625 0.0 0.0 27.640625 0.0 12.5859375 0.0 0.0 24.76953125 0.0 5.7771148681640625
370.506 0.0078125 0.0 -0.046875 0.0 0.0 -0.0 -0.0 0.0 12.5859375 0.0 0.0 23.8125 0.0 12.48046875 0.0 0.0 27.83203125 0.0 12.65625 0.0 0.0 26.875 0.0 12.5859375 0.0 0.0 24.76953125 0.0 5.786895751953125
370.672 0.0078125 0.0 -0.046875 0.0 0.0 -0.0 -0.0 0.0 12.5859375 0.0 0.0 24.00390625 0.0 12.48046875 0.0 0.0 27.83203125 0.0 12.65625 0.0 0.0 27.06640625 0.0 12.5859375 0.0 0.0 24.76953125 0.0 5.7771148681640625
370.858 0.0078125 0.0 -0.046875 0.0 0.0 -0.0 -0.0 0.0 12.5859375 0.0 0.0 24.578125 0.0 12.48046875 0.0 0.0 27.83203125 0.0 12.65625 0.0 0.0 27.06640625 0.0 12.5859375 0.0 0.0 24.578125 0.0 5.7673492431640625
371.035 0.0078125 0.0 -0.046875 0.0 0.0 -0.0 -0.0 0.0 12.5859375 0.0 0.0 24.578125 0.0 12.48046875 0.0 0.0 26.4921875 0.0 12.65625 0.0 0.0 26.875 0.0 12.5859375 0.0 0.0 24.578125 0.0 5.7673492431640625
371.207 0.0078125 0.0 -0.046875 0.0 0.0 -0.0 -0.0 0.0 12.55078125 0.0 0.0 24.00390625 0.0 12.48046875 0.0 0.0 27.83203125 0.0 12.65625 0.0 0.0 27.2578125 0.0 12.62109375 0.0 0.0 24.76953125 0.0 5.7771148681640625
371.374 0.0078125 0.0 -0.046875 0.0 0.0 -0.0 -0.0 0.0 12.5859375 0.0 0.0 24.1953125 0.0 12.48046875 0.0 0.0 28.0234375 0.0 12.65625 0.0 0.0 27.06640625 0.0 12.5859375 0.0 0.0 25.15234375 0.0 5.7771148681640625
371.547 0.0078125 0.0 -0.046875 0.0 0.0 -0.0 -0.0 0.0 12.5859375 0.0 0.0 24.9609375 0.0 12.48046875 0.0 0.0 27.83203125 0.0 12.65625 0.0 0.0 27.06640625 0.0 12.62109375 0.0 0.0 24.76953125 0.0 5.7771148681640625
371.71 0.0078125 0.0 -0.046875 0.0 0.0 -0.0 -0.0 0.0 12.5859375 0.0 0.0 23.046875 0.0 12.48046875 0.0 0.0 28.0234375 0.0 12.65625 0.0 0.0 27.06640625 0.0 12.62109375 0.0 0.0 24.9609375 0.0 5.7673492431640625
371.876 0.0078125 0.0 -0.046875 0.0 0.0 -0.0 -0.0 0.0 12.5859375 0.0 0.0 25.15234375 0.0 12.48046875 0.0 0.0 27.83203125 0.0 12.69140625 0.0 0.0 27.2578125 0.0 12.62109375 0.0 0.0 24.578125 0.0 5.7771148681640625
372.048 0.0078125 0.0 -0.046875 0.0 0.0 -0.0 -0.0 0.0 12.5859375 0.0 0.0 24.578125 0.0 12.48046875 0.0 0.0 27.44921875 0.0 12.69140625 0.0 0.0 27.2578125 0.0 12.62109375 0.0 0.0 24.9609375 0.0 5.7771148681640625
372.228 0.0078125 0.0 -0.046875 0.0 0.0 -0.0 -0.0 0.0 12.62109375 0.0 0.0 24.00390625 0.0 12.48046875 0.0 0.0 28.21484375 0.0 12.65625 0.0 0.0 27.06640625 0.0 12.62109375 0.0 0.0 24.578125 0.0 5.7771148681640625
372.416 0.0078125 0.0 -0.046875 0.0 0.0 -0.0 -0.0 0.0 12.5859375 0.0 0.0 24.1953125 0.0 12.515625 0.0 0.0 28.0234375 0.0 12.69140625 0.0 0.0 26.4921875 0.0 12.62109375 0.0 0.0 25.15234375 0.0 5.7673492431640625
372.586 0.0078125 0.0 -0.046875 0.0 0.0 -0.0 -0.0 0.0 12.62109375 0.0 0.0 25.7265625 0.0 12.515625 0.0 0.0 27.83203125 0.0 12.69140625 0.0 0.0 27.06640625 0.0 12.62109375 0.0 0.0 24.578125 0.0 5.7771148681640625
372.757 0.0078125 0.0 -0.046875 0.0 0.0 -0.0 -0.0 0.0 12.62109375 0.0 0.0 24.578125 0.0 12.515625 0.0 0.0 28.40625 0.0 12.65625 0.0 0.0 27.44921875 0.0 12.62109375 0.0 0.0 24.578125 0.0 5.7771148681640625
372.928 0.0078125 0.0 -0.046875 0.0 0.0 -0.0 -0.0 0.0 12.62109375 0.0 0.0 24.578125 0.0 12.515625 0.0 0.0 28.40625 0.0 12.69140625 0.0 0.0 27.2578125 0.0 12.62109375 0.0 0.0 25.53515625 0.0 5.757568359375
373.116 0.0078125 0.0 -0.046875 0.0 0.0 -0.0 -0.0 0.0 12.62109375 0.0 0.0 25.7265625 0.0 12.48046875 0.0 0.0 28.0234375 0.0 12.69140625 0.0 0.0 27.06640625 0.0 12.62109375 0.0 0.0 25.34375 0.0 5.7771148681640625
373.29 0.0078125 0.0 -0.046875 0.0 0.0 -0.0 -0.0 0.0 12.62109375 0.0 0.0 24.1953125 0.0 12.515625 0.0 0.0 28.0234375 0.0 12.69140625 0.0 0.0 27.2578125 0.0 12.62109375 0.0 0.0 25.15234375 0.0 5.7771148681640625
