Timestamp Driver_Joy_Y Driver_Joy_X Driver_Joy_W FL_Out BL_Out BR_Out FR_Out FL_Jag_Speed FL_Bus_Voltage FL_Out_Voltage FL_Out_Current FL_Temp BL_Jag_Speed BL_Bus_Voltage BL_Out_Voltage BL_Out_Current BL_Temp BR_Jag_Speed BR_Bus_Voltage BR_Out_Voltage BR_Out_Current BR_Temp FR_Jag_Speed FR_Bus_Voltage FR_Out_Voltage FR_Out_Current FR_Temp
538.023 -0.0 0.0 0.0 0.0 0.0 -0.0 -0.0 0.0 12.76171875 0.0 0.0 24.578125 0.0 12.62109375 0.0 0.0 27.83203125 0.0 12.83203125 0.0 0.0 27.2578125 0.0 12.76171875 0.0 0.0 25.7265625 0.0 5.7771148681640625
538.189 -0.0 0.0 0.0 0.0 0.0 -0.0 -0.0 0.0 12.7265625 0.0 0.0 24.9609375 0.0 12.62109375 0.0 0.0 28.21484375 0.0 12.796875 0.0 0.0 27.06640625 0.0 12.76171875 0.0 0.0 24.578125 0.0 5.786895751953125
538.365 -0.0 0.0 0.0 0.0 0.0 -0.0 -0.0 0.0 12.7265625 0.0 0.0 24.1953125 0.0 12.62109375 0.0 0.0 27.44921875 0.0 12.796875 0.0 0.0 27.640625 0.0 12.796875 0.0 0.0 25.34375 0.0 5.786895751953125
538.535 -0.0 0.0 0.0 0.0 0.0 -0.0 -0.0 0.0 12.76171875 0.0 0.0 24.9609375 0.0 12.62109375 0.0 0.0 27.44921875 0.0 12.83203125 0.0 0.0 27.83203125 0.0 12.76171875 0.0 0.0 24.76953125 0.0 5.7771148681640625
538.707 -0.0 0.0 0.0 0.0 0.0 -0.0 -0.0 0.0 12.76171875 0.0 0.0 23.62109375 0.0 12.65625 0.0 0.0 27.640625 0.0 12.796875 0.0 0.0 27.2578125 0.0 12.76171875 0.0 0.0 25.34375 0.0 5.7771148681640625
538.873 -0.0 0.0 0.0 0.0 0.0 -0.0 -0.0 0.0 12.76171875 0.0 0.0 23.046875 0.0 12.62109375 0.0 0.0 27.2578125 0.0 12.48046875 0.0 0.0 27.44921875 0.0 11.84765625 0.0 0.0 24.76953125 0.0 5.6500396728515625
S: 154773170777 Fired
539.065 -0.0 0.0 0.0 0.0 0.0 -0.0 -0.0 0.0 11.07421875 0.0 0.0 24.578125 0.0 11.42578125 0.0 0.0 27.2578125 -9.581695556640625 11.77734375 0.0 0.0 27.2578125 0.0 11.7421875 0.0 0.0 24.9609375 0.0 4.9364471435546875
539.225 -0.0 0.0 0.0 0.0 0.0 -0.0 -0.0 0.0 11.84765625 0.0 0.0 24.9609375 0.0 11.6015625 0.0 0.0 26.68359375 -13.815338134765625 9.31640625 0.0 0.0 27.2578125 0.0 11.8125 0.0 0.0 24.9609375 0.0 4.594329833984375
539.384 -0.0 0.0 0.0 0.0 0.0 -0.0 -0.0 0.0 11.84765625 0.0 0.0 24.578125 0.0 12.12890625 0.0 0.0 27.44921875 10.9892578125 12.5859375 0.0 0.0 27.2578125 0.0 12.55078125 0.0 0.0 24.38671875 0.0 5.2394866943359375
539.545 -0.0 0.0 0.0 0.0 0.0 -0.0 -0.0 0.0 12.55078125 0.0 0.0 24.76953125 0.0 12.4453125 0.0 0.0 27.44921875 3.9752655029296875 12.5859375 0.0 0.0 27.2578125 0.0 12.41015625 0.0 0.0 24.9609375 0.0 5.5229644775390625
539.725 -0.0 0.0 0.0 0.0 0.0 -0.0 -0.0 0.0 12.41015625 0.0 0.0 24.9609375 0.0 12.33984375 0.0 0.0 27.83203125 0.0 12.55078125 0.0 0.0 27.44921875 0.0 12.48046875 0.0 0.0 24.578125 0.0 5.796661376953125
539.876 -0.0 0.0 0.0 0.0 0.0 -0.0 -0.0 0.0 12.375 0.0 0.0 24.1953125 0.0 12.48046875 0.0 0.0 28.0234375 0.0 12.69140625 0.0 0.0 27.2578125 0.0 12.62109375 0.0 0.0 25.7265625 0.0 5.7771148681640625
540.064 -0.0 0.0 0.0 0.0 0.0 -0.0 -0.0 0.0 12.62109375 0.0 0.0 24.1953125 0.0 12.515625 0.0 0.0 27.44921875 0.0 12.69140625 0.0 0.0 27.44921875 0.0 12.65625 0.0 0.0 24.76953125 0.0 5.7771148681640625
540.233 -0.0 0.0 0.0 0.0 0.0 -0.0 -0.0 0.0 12.65625 0.0 0.0 24.76953125 0.0 12.55078125 0.0 0.0 27.83203125 0.0 12.7265625 0.0 0.0 27.06640625 0.0 12.65625 0.0 0.0 25.15234375 0.0 5.7771148681640625
540.406 -0.0 0.0 0.0 0.0 0.0 -0.0 -0.0 0.0 12.65625 0.0 0.0 24.38671875 0.0 12.515625 0.0 0.0 28.0234375 0.0 12.7265625 0.0 0.0 27.640625 0.0 12.65625 0.0 0.0 24.76953125 0.0 5.7771148681640625
540.586 -0.0 0.0 0.0 0.0 0.0 -0.0 -0.0 0.0 12.65625 0.0 0.0 24.76953125 0.0 12.515625 0.0 0.0 27.83203125 0.0 12.7265625 0.0 0.0 27.44921875 0.0 12.69140625 0.0 0.0 24.76953125 0.0 5.7771148681640625
540.754 -0.0 0.0 0.0 0.0 0.0 -0.0 -0.0 0.0 12.65625 0.0 0.0 24.00390625 0.0 12.55078125 0.0 0.0 27.44921875 0.0 12.7265625 0.0 0.0 27.2578125 0.0 12.69140625 0.0 0.0 25.34375 0.0 5.7771148681640625
540.927 -0.0 0.0 0.0 0.0 0.0 -0.0 -0.0 0.0 12.65625 0.0 0.0 24.578125 0.0 12.5859375 0.0 0.0 27.640625 0.0 12.7265625 0.0 0.0 28.21484375 0.0 12.69140625 0.0 0.0 25.34375 0.0 5.7673492431640625
541.095 -0.0 0.0 0.0 0.0 0.0 -0.0 -0.0 0.0 12.65625 0.0 0.0 24.9609375 0.0 12.55078125 0.0 0.0 28.0234375 0.0 12.7265625 0.0 0.0 27.640625 0.0 12.69140625 0.0 0.0 25.34375 0.0 5.7771148681640625
541.256 -0.0 0.0 0.0 0.0 0.0 -0.0 -0.0 0.0 12.69140625 0.0 0.0 24.578125 0.0 12.55078125 0.0 0.0 27.83203125 0.0 12.7265625 0.0 0.0 27.640625 0.0 12.69140625 0.0 0.0 24.9609375 0.0 5.7771148681640625
541.428 -0.0 0.0 0.0 0.0 0.0 -0.0 -0.0 0.0 12.65625 0.0 0.0 24.578125 0.0 12.55078125 0.0 0.0 27.83203125 0.0 12.7265625 0.0 0.0 27.640625 0.0 12.69140625 0.0 0.0 24.76953125 0.0 5.7771148681640625
541.594 -0.0 0.0 0.0 0.0 0.0 -0.0 -0.0 0.0 12.69140625 0.0 0.0 24.76953125 0.0 12.55078125 0.0 0.0 28.21484375 0.0 12.76171875 0.0 0.0 27.83203125 0.0 12.69140625 0.0 0.0 24.578125 0.0 5.7771148681640625
541.767 -0.0 0.0 0.0 0.0 0.0 -0.0 -0.0 0.0 12.69140625 0.0 0.0 24.9609375 0.0 12.55078125 0.0 0.0 27.2578125 0.0 12.7265625 0.0 0.0 27.2578125 0.0 12.69140625 0.0 0.0 25.53515625 0.0 5.7771148681640625
541.949 -0.0 0.0 0.0 0.0 0.0 -0.0 -0.0 0.0 12.65625 0.0 0.0 24.38671875 0.0 12.5859375 0.0 0.0 27.44921875 0.0 12.76171875 0.0 0.0 27.640625 0.0 12.69140625 0.0 0.0 25.34375 0.0 5.7771148681640625
542.129 -0.0 0.0 0.0 0.0 0.0 -0.0 -0.0 0.0 12.69140625 0.0 0.0 25.15234375 0.0 12.5859375 0.0 0.0 27.44921875 0.0 12.76171875 0.0 0.0 27.83203125 0.0 12.69140625 0.0 0.0 25.15234375 0.0 5.7771148681640625
542.296 -0.0 0.0 0.0 0.0 0.0 -0.0 -0.0 0.0 12.69140625 0.0 0.0 24.76953125 0.0 12.55078125 0.0 0.0 27.83203125 0.0 12.76171875 0.0 0.0 27.640625 0.0 12.69140625 0.0 0.0 24.9609375 0.0 5.7771148681640625
542.466 -0.0 0.0 0.0 0.0 0.0 -0.0 -0.0 0.0 12.69140625 0.0 0.0 24.1953125 0.0 12.5859375 0.0 0.0 27.83203125 0.0 12.76171875 0.0 0.0 27.06640625 0.0 12.69140625 0.0 0.0 25.53515625 0.0 5.7771148681640625
542.635 -0.0 0.0 0.0 0.0 0.0 -0.0 -0.0 0.0 12.69140625 0.0 0.0 24.76953125 0.0 12.5859375 0.0 0.0 27.83203125 0.0 12.76171875 0.0 0.0 27.640625 0.0 12.7265625 0.0 0.0 24.9609375 0.0 5.7771148681640625
542.809 -0.0 0.0 0.0 0.0 0.0 -0.0 -0.0 0.0 12.69140625 0.0 0.0 24.76953125 0.0 12.5859375 0.0 0.0 27.83203125 0.0 12.76171875 0.0 0.0 27.2578125 0.0 12.69140625 0.0 0.0 25.15234375 0.0 5.786895751953125
542.976 -0.0 0.0 0.0 0.0 0.0 -0.0 -0.0 0.0 12.69140625 0.0 0.0 25.34375 0.0 12.5859375 0.0 0.0 27.2578125 0.0 12.76171875 0.0 0.0 27.06640625 0.0 12.7265625 0.0 0.0 24.1953125 0.0 5.7771148681640625
543.136 -0.0 0.0 0.0 0.0 0.0 -0.0 -0.0 0.0 12.69140625 0.0 0.0 24.38671875 0.0 12.5859375 0.0 0.0 27.83203125 0.0 12.76171875 0.0 0.0 27.44921875 0.0 12.69140625 0.0 0.0 24.9609375 0.0 5.786895751953125
543.307 -0.0 0.0 0.0 0.0 0.0 -0.0 -0.0 0.0 12.69140625 0.0 0.0 24.76953125 0.0 12.5859375 0.0 0.0 28.0234375 0.0 12.76171875 0.0 0.0 27.44921875 0.0 12.7265625 0.0 0.0 24.1953125 0.0 5.786895751953125
543.474 -0.0 0.0 0.0 0.0 0.0 -0.0 -0.0 0.0 12.69140625 0.0 0.0 25.15234375 0.0 12.5859375 0.0 0.0 27.83203125 0.0 12.76171875 0.0 0.0 26.875 0.0 12.7265625 0.0 0.0 24.9609375 0.0 5.7771148681640625
543.648 -0.0 0.0 0.0 0.0 0.0 -0.0 -0.0 0.0 12.69140625 0.0 0.0 24.578125 0.0 12.5859375 0.0 0.0 27.83203125 0.0 12.76171875 0.0 0.0 27.640625 0.0 12.7265625 0.0 0.0 24.76953125 0.0 5.7771148681640625
543.825 -0.0 0.0 0.0 0.0 0.0 -0.0 -0.0 0.0 12.69140625 0.0 0.0 24.76953125 0.0 12.62109375 0.0 0.0 27.83203125 0.0 12.76171875 0.0 0.0 27.640625 0.0 12.7265625 0.0 0.0 24.9609375 0.0 5.7673492431640625
544.153 -0.0 0.0 0.0 0.0 0.0 -0.0 -0.0 0.0 12.69140625 0.0 0.0 26.109375 0.0 12.5859375 0.0 0.0 26.875 0.0 12.76171875 0.0 0.0 27.640625 0.0 12.7265625 0.0 0.0 24.9609375 0.0 5.7771148681640625
544.328 -0.0 0.0 0.0 0.0 0.0 -0.0 -0.0 0.0 12.69140625 0.0 0.0 25.7265625 0.0 12.55078125 0.0 0.0 28.59765625 0.0 12.76171875 0.0 0.0 27.2578125 0.0 12.7265625 0.0 0.0 24.76953125 0.0 5.7771148681640625
544.507 -0.0 0.0 0.0 0.0 0.0 -0.0 -0.0 0.0 12.69140625 0.0 0.0 24.578125 0.0 12.5859375 0.0 0.0 28.0234375 0.0 12.76171875 0.0 0.0 27.640625 0.0 12.7265625 0.0 0.0 24.76953125 0.0 5.7771148681640625
544.674 -0.0 0.0 0.0 0.0 0.0 -0.0 -0.0 0.0 12.69140625 0.0 0.0 25.53515625 0.0 12.5859375 0.0 0.0 27.640625 0.0 12.76171875 0.0 0.0 28.0234375 0.0 12.7265625 0.0 0.0 24.9609375 0.0 5.7673492431640625
544.847 -0.0 0.0 0.0 0.0 0.0 -0.0 -0.0 0.0 12.7265625 0.0 0.0 24.9609375 0.0 12.5859375 0.0 0.0 27.83203125 0.0 12.796875 0.0 0.0 27.44921875 0.0 12.7265625 0.0 0.0 25.15234375 0.0 5.786895751953125
545.014 -0.0 0.0 0.0 0.0 0.0 -0.0 -0.0 0.0 12.7265625 0.0 0.0 24.9609375 0.0 12.5859375 0.0 0.0 27.83203125 0.0 12.796875 0.0 0.0 27.44921875 0.0 12.7265625 0.0 0.0 24.578125 0.0 5.7771148681640625
545.209 -0.0 0.0 0.0 0.0 0.0 -0.0 -0.0 0.0 12.7265625 0.0 0.0 24.76953125 0.0 12.5859375 0.0 0.0 28.0234375 0.0 12.76171875 0.0 0.0 27.06640625 0.0 12.7265625 0.0 0.0 24.9609375 0.0 5.786895751953125
545.385 -0.0 0.0 0.0 0.0 0.0 -0.0 -0.0 0.0 12.7265625 0.0 0.0 23.4296875 0.0 12.5859375 0.0 0.0 27.83203125 0.0 12.76171875 0.0 0.0 27.2578125 0.0 12.7265625 0.0 0.0 25.53515625 0.0 5.786895751953125
545.564 -0.0 0.0 0.0 0.0 0.0 -0.0 -0.0 0.0 12.7265625 0.0 0.0 24.76953125 0.0 12.5859375 0.0 0.0 27.640625 0.0 12.796875 0.0 0.0 28.0234375 0.0 12.7265625 0.0 0.0 25.91796875 0.0 5.7771148681640625
545.744 -0.0 0.0 0.0 0.0 0.0 -0.0 -0.0 0.0 12.7265625 0.0 0.0 25.91796875 0.0 12.5859375 0.0 0.0 28.21484375 0.0 12.76171875 0.0 0.0 27.06640625 0.0 12.7265625 0.0 0.0 25.53515625 0.0 5.786895751953125
545.925 -0.0 0.0 0.0 0.0 0.0 -0.0 -0.0 0.0 12.7265625 0.0 0.0 25.15234375 0.0 12.62109375 0.0 0.0 27.83203125 0.0 12.76171875 0.0 0.0 27.44921875 0.0 12.7265625 0.0 0.0 25.91796875 0.0 5.786895751953125
546.096 -0.0 0.0 0.0 0.0 0.0 -0.0 -0.0 0.0 12.7265625 0.0 0.0 24.38671875 0.0 12.62109375 0.0 0.0 27.83203125 0.0 12.375 0.0 0.0 27.640625 0.0 11.8125 0.0 0.0 25.7265625 0.0 5.6500396728515625
S: 154773178004 Fired
546.286 -0.0 0.0 0.0 0.0 0.0 -0.0 -0.0 0.0 11.109375 0.0 0.0 25.53515625 0.0 11.390625 0.0 0.0 28.0234375 -4.4931182861328125 11.7421875 0.0 0.0 27.44921875 0.0 11.70703125 0.0 0.0 25.34375 0.0 5.06353759765625
546.45 -0.0 0.0 0.0 0.0 0.0 -0.0 -0.0 0.0 11.8125 0.0 0.0 24.9609375 0.0 11.6015625 0.0 0.0 28.0234375 -9.04315185546875 9.24609375 0.0 0.0 27.44921875 0.0 10.16015625 0.0 0.0 24.76953125 0.0 4.57476806640625
546.608 -0.0 0.0 0.0 0.0 0.0 -0.0 -0.0 0.0 11.98828125 0.0 0.0 24.76953125 0.0 12.09375 0.0 0.0 27.44921875 10.402633666992188 12.515625 0.0 0.0 27.640625 0.0 12.48046875 0.0 0.0 25.15234375 0.0 5.034210205078125
546.769 -0.0 0.0 0.0 0.0 0.0 -0.0 -0.0 0.0 12.515625 0.0 0.0 24.578125 0.0 12.41015625 0.0 0.0 27.44921875 0.0 12.5859375 0.0 0.0 27.640625 0.0 12.48046875 0.0 0.0 25.15234375 0.0 5.4252166748046875
546.925 -0.0 0.0 0.0 0.0 0.0 -0.0 -0.0 0.0 12.375 0.0 0.0 23.4296875 0.0 12.26953125 0.0 0.0 27.83203125 0.0 12.48046875 0.0 0.0 27.44921875 0.0 12.4453125 0.0 0.0 24.38671875 0.0 5.7184600830078125
547.097 -0.0 0.0 0.0 0.0 0.0 -0.0 -0.0 0.0 12.4453125 0.0 0.0 25.7265625 0.0 12.234375 0.0 0.0 28.40625 0.0 12.62109375 0.0 0.0 27.2578125 0.0 12.5859375 0.0 0.0 24.578125 0.0 5.81622314453125
547.285 -0.0 0.0 0.0 0.0 0.0 -0.0 -0.0 0.0 12.5859375 0.0 0.0 25.15234375 0.0 12.48046875 0.0 0.0 27.83203125 0.0 12.69140625 0.0 0.0 27.44921875 0.0 12.62109375 0.0 0.0 25.15234375 0.0 5.7771148681640625
547.457 -0.0 0.0 0.0 0.0 0.0 -0.0 -0.0 0.0 12.5859375 0.0 0.0 25.15234375 0.0 12.515625 0.0 0.0 28.0234375 0.0 12.69140625 0.0 0.0 27.44921875 0.0 12.62109375 0.0 0.0 25.15234375 0.0 5.7771148681640625
547.636 -0.0 0.0 0.0 0.0 0.0 -0.0 -0.0 0.0 12.5859375 0.0 0.0 24.38671875 0.0 12.515625 0.0 0.0 27.44921875 0.0 12.69140625 0.0 0.0 27.06640625 0.0 12.62109375 0.0 0.0 25.15234375 0.0 5.7673492431640625
547.812 -0.0 0.0 0.0 0.0 0.0 -0.0 -0.0 0.0 12.62109375 0.0 0.0 25.15234375 0.0 12.515625 0.0 0.0 27.83203125 0.0 12.69140625 0.0 0.0 28.0234375 0.0 12.62109375 0.0 0.0 25.34375 0.0 5.7771148681640625
547.988 -0.0 0.0 0.0 0.0 0.0 -0.0 -0.0 0.0 12.62109375 0.0 0.0 24.76953125 0.0 12.515625 0.0 0.0 28.0234375 0.0 12.69140625 0.0 0.0 27.06640625 0.0 12.65625 0.0 0.0 25.34375 0.0 5.7771148681640625
548.168 -0.0 0.0 0.0 0.0 0.0 -0.0 -0.0 0.0 12.62109375 0.0 0.0 24.9609375 0.0 12.515625 0.0 0.0 28.21484375 0.0 12.7265625 0.0 0.0 26.30078125 0.0 12.65625 0.0 0.0 25.53515625 0.0 5.7673492431640625
548.335 -0.0 0.0 0.0 0.0 0.0 -0.0 -0.0 0.0 12.62109375 0.0 0.0 24.1953125 0.0 12.55078125 0.0 0.0 27.640625 0.0 12.7265625 0.0 0.0 27.06640625 0.0 12.65625 0.0 0.0 24.9609375 0.0 5.7771148681640625
548.515 -0.0 0.0 0.0 0.0 0.0 -0.0 -0.0 0.0 12.62109375 0.0 0.0 25.15234375 0.0 12.55078125 0.0 0.0 28.0234375 0.0 12.69140625 0.0 0.0 26.68359375 0.0 12.69140625 0.0 0.0 24.9609375 0.0 5.7771148681640625
548.684 -0.0 0.0 0.0 0.0 0.0 -0.0 -0.0 0.0 12.65625 0.0 0.0 25.34375 0.0 12.55078125 0.0 0.0 28.0234375 0.0 12.7265625 0.0 0.0 27.640625 0.0 12.65625 0.0 0.0 24.578125 0.0 5.7771148681640625
548.848 -0.0 0.0 0.0 0.0 0.0 -0.0 -0.0 0.0 12.65625 0.0 0.0 25.15234375 0.0 12.55078125 0.0 0.0 27.83203125 -4.4477081298828125 12.7265625 0.0 0.0 27.640625 0.0 12.69140625 0.0 0.0 25.53515625 0.0 5.7771148681640625
549.015 -0.0 0.0 0.0 0.0 0.0 -0.0 -0.0 0.0 12.65625 0.0 0.0 24.1953125 0.0 12.55078125 0.0 0.0 28.0234375 -12.032180786132812 12.7265625 0.0 0.0 27.2578125 0.0 12.69140625 0.0 0.0 25.34375 0.0 5.7673492431640625
549.188 -0.0 0.0 0.0 0.0 0.0 -0.0 -0.0 0.0 12.65625 0.0 0.0 24.9609375 0.0 12.55078125 0.0 0.0 28.0234375 -16.862655639648438 12.7265625 0.0 0.0 27.2578125 0.0 12.69140625 0.0 0.0 25.15234375 0.0 5.7771148681640625
549.367 -0.0 0.0 0.0 0.0 0.0 -0.0 -0.0 0.0 12.65625 0.0 0.0 24.578125 0.0 12.55078125 0.0 0.0 27.44921875 -7.2309722900390625 12.7265625 0.0 0.0 27.83203125 0.0 12.69140625 0.0 0.0 24.76953125 0.0 5.7771148681640625
549.535 -0.0 0.0 0.0 0.0 0.0 -0.0 -0.0 0.0 12.65625 0.0 0.0 24.38671875 0.0 12.55078125 0.0 0.0 27.640625 3.6876678466796875 12.7265625 0.0 0.0 27.640625 0.0 12.69140625 0.0 0.0 25.34375 0.0 5.7771148681640625
549.709 -0.0 0.0 0.0 0.0 0.0 -0.0 -0.0 0.0 12.65625 0.0 0.0 25.15234375 0.0 12.55078125 0.0 0.0 27.2578125 0.0 12.7265625 0.0 0.0 27.2578125 0.0 12.7265625 0.0 0.0 24.76953125 0.0 5.7771148681640625
549.889 -0.0 0.0 0.0 0.0 0.0 -0.0 -0.0 0.0 12.65625 0.0 0.0 24.9609375 0.0 12.55078125 0.0 0.0 28.0234375 0.0 12.7265625 0.0 0.0 27.06640625 0.0 12.69140625 0.0 0.0 24.9609375 0.0 5.7771148681640625
550.056 -0.0 0.0 0.0 0.0 0.0 -0.0 -0.0 0.0 12.69140625 0.0 0.0 24.76953125 0.0 12.5859375 0.0 0.0 28.21484375 0.0 12.76171875 0.0 0.0 27.06640625 0.0 12.69140625 0.0 0.0 25.34375 0.0 5.786895751953125
550.225 -0.0 0.0 0.0 0.0 0.0 -0.0 -0.0 0.0 12.65625 0.0 0.0 24.76953125 0.0 12.55078125 0.0 0.0 27.83203125 0.0 12.76171875 0.0 0.0 27.640625 0.0 12.69140625 0.0 0.0 24.76953125 0.0 5.7771148681640625
550.406 -0.0 0.0 0.0 0.0 0.0 -0.0 -0.0 0.0 12.69140625 0.0 0.0 24.76953125 0.0 12.55078125 0.0 0.0 28.40625 0.0 12.76171875 0.0 0.0 27.2578125 0.0 12.69140625 0.0 0.0 25.15234375 0.0 5.7771148681640625
550.575 -0.0 0.0 0.0 0.0 0.0 -0.0 -0.0 0.0 12.69140625 0.0 0.0 24.9609375 0.0 12.5859375 0.0 0.0 28.0234375 0.0 12.76171875 0.0 0.0 27.640625 0.0 12.69140625 0.0 0.0 25.34375 0.0 5.7771148681640625
550.747 -0.0 0.0 0.0 0.0 0.0 -0.0 -0.0 0.0 12.69140625 0.0 0.0 24.38671875 0.0 12.5859375 0.0 0.0 27.640625 -5.6656494140625 12.76171875 0.0 0.0 27.2578125 0.0 12.69140625 0.0 0.0 24.76953125 0.0 5.7771148681640625
550.918 -0.0 0.0 0.0 0.0 0.0 -0.0 -0.0 0.0 12.69140625 0.0 0.0 24.578125 0.0 12.5859375 0.0 0.0 27.83203125 -23.331680297851562 12.76171875 0.0 0.0 27.06640625 0.0 12.7265625 0.0 0.0 25.53515625 0.0 5.7771148681640625
551.105 -0.0 0.0 0.0 0.0 0.0 -0.0 -0.0 0.0 12.69140625 0.0 0.0 24.578125 0.0 12.5859375 0.0 0.0 28.0234375 -27.035202026367188 12.76171875 0.0 0.0 27.2578125 0.0 12.7265625 0.0 0.0 24.9609375 0.0 5.7771148681640625
551.297 -0.0 0.0 0.0 0.0 0.0 -0.0 -0.0 0.0 12.69140625 0.0 0.0 24.38671875 0.0 12.5859375 0.0 0.0 27.83203125 -15.179901123046875 12.76171875 0.0 0.0 27.44921875 0.0 12.69140625 0.0 0.0 24.76953125 0.0 5.786895751953125
551.474 -0.0 0.0 0.0 0.0 0.0 -0.0 -0.0 0.0 12.69140625 0.0 0.0 24.38671875 0.0 12.5859375 0.0 0.0 28.0234375 2.509246826171875 12.76171875 0.0 0.0 27.06640625 0.0 12.7265625 0.0 0.0 25.15234375 0.0 5.7771148681640625
551.662 -0.0 0.0 0.0 0.0 0.0 -0.0 -0.0 0.0 12.69140625 0.0 0.0 24.1953125 0.0 12.55078125 0.0 0.0 27.83203125 0.0 12.76171875 0.0 0.0 28.21484375 0.0 12.69140625 0.0 0.0 25.7265625 0.0 5.7771148681640625
551.836 -0.0 0.0 0.0 0.0 0.0 -0.0 -0.0 0.0 12.69140625 0.0 0.0 24.578125 0.0 12.5859375 0.0 0.0 27.640625 0.0 12.76171875 0.0 0.0 27.2578125 0.0 12.69140625 0.0 0.0 24.578125 0.0 5.7771148681640625
551.996 -0.0 0.0 0.0 0.0 0.0 -0.0 -0.0 0.0 12.69140625 0.0 0.0 24.578125 0.0 12.5859375 0.0 0.0 27.640625 0.0 12.76171875 0.0 0.0 27.44921875 0.0 12.7265625 0.0 0.0 25.15234375 0.0 5.7771148681640625
552.166 -0.0 0.0 0.0 0.0 0.0 -0.0 -0.0 0.0 12.69140625 0.0 0.0 24.578125 0.0 12.5859375 0.0 0.0 28.0234375 0.0 12.76171875 0.0 0.0 27.2578125 0.0 12.7265625 0.0 0.0 25.53515625 0.0 5.786895751953125
552.337 -0.0 0.0 0.0 0.0 0.0 -0.0 -0.0 0.0 12.69140625 0.0 0.0 24.9609375 0.0 12.5859375 0.0 0.0 28.0234375 0.0 12.76171875 0.0 0.0 27.44921875 0.0 12.7265625 0.0 0.0 25.15234375 0.0 5.786895751953125
552.514 -0.0 0.0 0.0 0.0 0.0 -0.0 -0.0 0.0 12.69140625 0.0 0.0 23.8125 0.0 12.5859375 0.0 0.0 28.40625 0.0 12.76171875 0.0 0.0 27.2578125 0.0 12.7265625 0.0 0.0 24.76953125 0.0 5.786895751953125
552.688 -0.0 0.0 0.0 0.0 0.0 -0.0 -0.0 0.0 12.69140625 0.0 0.0 24.9609375 0.0 12.5859375 0.0 0.0 28.21484375 0.0 12.76171875 0.0 0.0 28.0234375 0.0 12.7265625 0.0 0.0 24.76953125 0.0 5.7771148681640625
552.855 -0.0 0.0 0.0 0.0 0.0 -0.0 -0.0 0.0 12.69140625 0.0 0.0 24.9609375 0.0 12.5859375 0.0 0.0 28.7890625 0.0 12.76171875 0.0 0.0 27.2578125 0.0 12.7265625 0.0 0.0 25.15234375 0.0 5.786895751953125
553.029 -0.0 0.0 0.0 0.0 0.0 -0.0 -0.0 0.0 12.69140625 0.0 0.0 24.1953125 0.0 12.5859375 0.0 0.0 27.83203125 0.0 12.76171875 0.0 0.0 27.640625 0.0 12.7265625 0.0 0.0 24.9609375 0.0 5.786895751953125
553.195 -0.0 0.0 0.0 0.0 0.0 -0.0 -0.0 0.0 12.69140625 0.0 0.0 24.9609375 0.0 12.5859375 0.0 0.0 27.640625 0.0 12.796875 0.0 0.0 26.875 0.0 12.7265625 0.0 0.0 25.15234375 0.0 5.7771148681640625
553.369 -0.0 0.0 0.0 0.0 0.0 -0.0 -0.0 0.0 12.69140625 0.0 0.0 24.9609375 0.0 12.62109375 0.0 0.0 27.83203125 0.0 12.76171875 0.0 0.0 27.44921875 0.0 12.7265625 0.0 0.0 25.53515625 0.0 5.786895751953125
553.537 -0.0 0.0 0.0 0.0 0.0 -0.0 -0.0 0.0 12.7265625 0.0 0.0 24.578125 0.0 12.5859375 0.0 0.0 27.2578125 0.0 12.5859375 0.0 0.0 26.68359375 0.0 11.6015625 0.0 0.0 25.15234375 0.0 5.659820556640625
S: 154773185436 Fired
553.715 -0.0 0.0 0.0 0.0 0.0 -0.0 -0.0 0.0 11.42578125 0.0 0.0 24.76953125 0.0 11.3203125 0.0 0.0 27.640625 5.58001708984375 11.70703125 0.0 0.0 27.2578125 0.0 11.70703125 0.0 0.0 25.34375 0.0 5.06353759765625
553.885 -0.0 0.0 0.0 0.0 0.0 -0.0 -0.0 0.0 11.77734375 0.0 0.0 24.1953125 0.0 11.671875 0.0 0.0 28.21484375 -4.772369384765625 9.2109375 0.0 0.0 26.68359375 0.0 11.953125 0.0 0.0 25.15234375 0.0 4.56500244140625
554.05 -0.0 0.0 0.0 0.0 0.0 -0.0 -0.0 0.0 11.8828125 0.0 0.0 24.38671875 0.0 12.3046875 0.0 0.0 27.44921875 11.492218017578125 12.55078125 0.0 0.0 27.2578125 0.0 12.55078125 0.0 0.0 24.9609375 0.0 5.288360595703125
554.243 -0.0 0.0 0.0 0.0 0.0 -0.0 -0.0 0.0 12.55078125 0.0 0.0 24.9609375 0.0 12.41015625 0.0 0.0 27.640625 -3.884063720703125 12.48046875 0.0 0.0 27.640625 0.0 12.41015625 0.0 0.0 25.53515625 0.0 5.5913848876953125
554.407 -0.0 0.0 0.0 0.0 0.0 -0.0 -0.0 0.0 12.41015625 0.0 0.0 23.8125 0.0 12.33984375 0.0 0.0 27.2578125 0.0 12.515625 0.0 0.0 27.83203125 0.0 12.4453125 0.0 0.0 24.9609375 0.0 5.8650970458984375
554.566 -0.0 0.0 0.0 0.0 0.0 -0.0 -0.0 0.0 12.55078125 0.0 0.0 24.578125 0.0 12.48046875 0.0 0.0 27.83203125 0.0 12.69140625 0.0 0.0 27.44921875 0.0 12.62109375 0.0 0.0 25.15234375 0.0 5.786895751953125
554.735 -0.0 0.0 0.0 0.0 0.0 -0.0 -0.0 0.0 12.5859375 0.0 0.0 24.38671875 0.0 12.48046875 0.0 0.0 28.0234375 0.0 12.69140625 0.0 0.0 27.06640625 0.0 12.62109375 0.0 0.0 24.76953125 0.0 5.7771148681640625
554.908 -0.0 0.0 0.0 0.0 0.0 -0.0 -0.0 0.0 12.62109375 0.0 0.0 24.76953125 0.0 12.515625 0.0 0.0 29.36328125 0.0 12.69140625 0.0 0.0 27.44921875 0.0 12.65625 0.0 0.0 24.76953125 0.0 5.7771148681640625
555.089 -0.0 0.0 0.0 0.0 0.0 -0.0 -0.0 0.0 12.62109375 0.0 0.0 25.15234375 0.0 12.515625 0.0 0.0 27.83203125 0.0 12.69140625 0.0 0.0 27.640625 0.0 12.65625 0.0 0.0 24.76953125 0.0 5.786895751953125
555.266 -0.0 0.0 0.0 0.0 0.0 -0.0 -0.0 0.0 12.62109375 0.0 0.0 24.9609375 0.0 12.515625 0.0 0.0 27.83203125 0.0 12.69140625 0.0 0.0 27.44921875 0.0 12.65625 0.0 0.0 25.91796875 0.0 5.7771148681640625
555.432 -0.0 0.0 0.0 0.0 0.0 -0.0 -0.0 0.0 12.62109375 0.0 0.0 24.38671875 0.0 12.55078125 0.0 0.0 27.44921875 0.0 12.7265625 0.0 0.0 27.640625 0.0 12.65625 0.0 0.0 25.7265625 0.0 5.7771148681640625
555.612 -0.0 0.0 0.0 0.0 0.0 -0.0 -0.0 0.0 12.62109375 0.0 0.0 24.38671875 0.0 12.55078125 0.0 0.0 27.2578125 0.0 12.7265625 0.0 0.0 26.875 0.0 12.69140625 0.0 0.0 24.76953125 0.0 5.786895751953125
555.789 -0.0 0.0 0.0 0.0 0.0 -0.0 -0.0 0.0 12.65625 0.0 0.0 24.9609375 0.0 12.55078125 0.0 0.0 28.21484375 13.712661743164062 12.7265625 0.0 0.0 27.2578125 0.0 12.69140625 0.0 0.0 24.76953125 0.0 5.7771148681640625
555.969 -0.0 0.0 0.0 0.0 0.0 -0.0 -0.0 0.0 12.65625 0.0 0.0 25.15234375 0.0 12.55078125 0.0 0.0 28.98046875 29.266952514648438 12.7265625 0.0 0.0 27.44921875 0.0 12.65625 0.0 0.0 24.76953125 0.0 5.7771148681640625
556.135 -0.0 0.0 0.0 0.0 0.0 -0.0 -0.0 7.4991302490234375 12.65625 0.0 0.0 25.15234375 0.0 12.55078125 0.0 0.0 27.83203125 30.009140014648438 12.7265625 0.0 0.0 26.875 0.0 12.69140625 0.0 0.0 25.15234375 0.0 5.7771148681640625
556.305 -0.0 0.0 0.0 0.0 0.0 -0.0 -0.0 0.0 12.65625 0.0 0.0 24.1953125 0.0 12.55078125 0.0 0.0 27.640625 24.96490478515625 12.7265625 0.0 0.0 27.2578125 0.0 12.69140625 0.0 0.0 24.9609375 0.0 5.7771148681640625
556.483 -0.0 0.0 0.0 0.0 0.0 -0.0 -0.0 0.0 12.65625 0.0 0.0 25.15234375 0.0 12.55078125 0.0 0.0 27.44921875 17.2357177734375 12.76171875 0.0 0.0 27.44921875 0.0 12.69140625 0.0 0.0 24.76953125 0.0 5.7771148681640625
556.655 -0.0 0.0 0.0 0.0 0.0 -0.0 -0.0 0.0 12.65625 0.0 0.0 23.23828125 0.0 12.55078125 0.0 0.0 28.0234375 4.40533447265625 12.7265625 0.0 0.0 27.06640625 0.0 12.69140625 0.0 0.0 25.34375 0.0 5.786895751953125
556.827 -0.0 0.0 0.0 0.0 0.0 -0.0 -0.0 0.0 12.65625 0.0 0.0 24.38671875 0.0 12.55078125 0.0 0.0 27.83203125 8.377273559570312 12.7265625 0.0 0.0 27.640625 0.0 12.69140625 0.0 0.0 24.76953125 0.0 5.786895751953125
557.014 -0.0 0.0 0.0 0.0 0.0 -0.0 -0.0 0.0 12.65625 0.0 0.0 25.34375 0.0 12.55078125 0.0 0.0 27.83203125 6.877349853515625 12.7265625 0.0 0.0 26.875 0.0 12.69140625 0.0 0.0 25.7265625 0.0 5.7771148681640625
557.203 -0.0 0.0 0.0 0.0 0.0 -0.0 -0.0 0.0 12.69140625 0.0 0.0 24.38671875 0.0 12.55078125 0.0 0.0 27.640625 3.41119384765625 12.76171875 0.0 0.0 27.44921875 0.0 12.69140625 0.0 0.0 24.76953125 0.0 5.786895751953125
557.375 -0.0 0.0 0.0 0.0 0.0 -0.0 -0.0 0.0 12.69140625 0.0 0.0 24.76953125 0.0 12.55078125 0.0 0.0 27.44921875 5.690765380859375 12.76171875 0.0 0.0 27.44921875 0.0 12.7265625 0.0 0.0 25.15234375 0.0 5.786895751953125
557.555 -0.0 0.0 0.0 0.0 0.0 -0.0 -0.0 0.0 12.69140625 0.0 0.0 24.578125 0.0 12.5859375 0.0 0.0 27.83203125 0.0 12.76171875 0.0 0.0 27.44921875 0.0 12.69140625 0.0 0.0 25.15234375 0.0 5.786895751953125
557.727 -0.0 0.0 0.0 0.0 0.0 -0.0 -0.0 0.0 12.69140625 0.0 0.0 24.38671875 0.0 12.5859375 0.0 0.0 28.21484375 0.0 12.76171875 0.0 0.0 27.640625 0.0 12.69140625 0.0 0.0 24.9609375 0.0 5.7771148681640625
557.904 -0.0 0.0 0.0 0.0 0.0 -0.0 -0.0 0.0 12.69140625 0.0 0.0 24.578125 0.0 12.55078125 0.0 0.0 28.21484375 6.3477783203125 12.76171875 0.0 0.0 27.06640625 0.0 12.69140625 0.0 0.0 24.38671875 0.0 5.7771148681640625
558.075 -0.0 0.0 0.0 0.0 0.0 -0.0 -0.0 0.0 12.69140625 0.0 0.0 24.578125 0.0 12.5859375 0.0 0.0 28.0234375 9.802871704101562 12.76171875 0.0 0.0 27.640625 0.0 12.69140625 0.0 0.0 24.9609375 0.0 5.7771148681640625
558.249 -0.0 0.0 0.0 0.0 0.0 -0.0 -0.0 0.0 12.69140625 0.0 0.0 24.76953125 0.0 12.5859375 0.0 0.0 28.7890625 5.5293121337890625 12.76171875 0.0 0.0 27.44921875 0.0 12.69140625 0.0 0.0 25.15234375 0.0 5.786895751953125
558.428 -0.0 0.0 0.0 0.0 0.0 -0.0 -0.0 0.0 12.69140625 0.0 0.0 24.76953125 0.0 12.5859375 0.0 0.0 28.0234375 0.0 12.76171875 0.0 0.0 27.44921875 0.0 12.7265625 0.0 0.0 24.76953125 0.0 5.786895751953125
558.609 -0.0 0.0 0.0 0.0 0.0 -0.0 -0.0 0.0 12.69140625 0.0 0.0 24.578125 0.0 12.5859375 0.0 0.0 28.40625 0.0 12.76171875 0.0 0.0 27.640625 0.0 12.69140625 0.0 0.0 25.34375 0.0 5.7771148681640625
558.777 -0.0 0.0 0.0 0.0 0.0 -0.0 -0.0 0.0 12.69140625 0.0 0.0 25.15234375 0.0 12.5859375 0.0 0.0 27.640625 0.0 12.76171875 0.0 0.0 27.640625 0.0 12.69140625 0.0 0.0 24.9609375 0.0 5.7771148681640625
558.944 -0.0 0.0 0.0 0.0 0.0 -0.0 -0.0 0.0 12.69140625 0.0 0.0 25.53515625 0.0 12.5859375 0.0 0.0 27.640625 0.0 12.76171875 0.0 0.0 27.640625 0.0 12.69140625 0.0 0.0 24.76953125 0.0 5.7771148681640625
559.115 -0.0 0.0 0.0 0.0 0.0 -0.0 -0.0 0.0 12.69140625 0.0 0.0 24.38671875 0.0 12.5859375 0.0 0.0 27.83203125 0.0 12.76171875 0.0 0.0 27.2578125 0.0 12.7265625 0.0 0.0 25.7265625 0.0 5.7771148681640625
559.285 -0.0 0.0 0.0 0.0 0.0 -0.0 -0.0 0.0 12.69140625 0.0 0.0 24.76953125 0.0 12.5859375 0.0 0.0 28.0234375 0.0 12.76171875 0.0 0.0 27.44921875 0.0 12.7265625 0.0 0.0 25.34375 0.0 5.786895751953125
559.468 -0.0 0.0 0.0 0.0 0.0 -0.0 -0.0 0.0 12.69140625 0.0 0.0 24.76953125 0.0 12.5859375 0.0 0.0 27.640625 0.0 12.76171875 0.0 0.0 27.44921875 0.0 12.7265625 0.0 0.0 25.34375 0.0 5.786895751953125
559.646 -0.0 0.0 0.0 0.0 0.0 -0.0 -0.0 0.0 12.69140625 0.0 0.0 25.15234375 0.0 12.5859375 0.0 0.0 27.640625 0.0 12.76171875 0.0 0.0 27.44921875 0.0 12.7265625 0.0 0.0 25.34375 0.0 5.7771148681640625
559.815 -0.0 0.0 0.0 0.0 0.0 -0.0 -0.0 0.0 12.69140625 0.0 0.0 24.1953125 0.0 12.5859375 0.0 0.0 27.83203125 0.0 12.76171875 0.0 0.0 28.21484375 0.0 12.7265625 0.0 0.0 24.9609375 0.0 5.7771148681640625
559.987 -0.0 0.0 0.0 0.0 0.0 -0.0 -0.0 0.0 12.7265625 0.0 0.0 24.38671875 0.0 12.5859375 0.0 0.0 27.06640625 0.0 12.76171875 0.0 0.0 27.44921875 0.0 12.7265625 0.0 0.0 25.15234375 0.0 5.7673492431640625
560.165 -0.0 0.0 0.0 0.0 0.0 -0.0 -0.0 0.0 12.69140625 0.0 0.0 25.15234375 0.0 12.5859375 0.0 0.0 27.44921875 0.0 12.796875 0.0 0.0 27.44921875 0.0 12.7265625 0.0 0.0 24.76953125 0.0 5.786895751953125
560.345 -0.0 0.0 0.0 0.0 0.0 -0.0 -0.0 0.0 12.69140625 0.0 0.0 24.38671875 0.0 12.5859375 0.0 0.0 28.40625 0.0 12.76171875 0.0 0.0 27.44921875 0.0 12.7265625 0.0 0.0 24.38671875 0.0 5.7771148681640625
560.524 -0.0 0.0 0.0 0.0 0.0 -0.0 -0.0 0.0 12.7265625 0.0 0.0 25.53515625 0.0 12.5859375 0.0 0.0 27.83203125 0.0 12.76171875 0.0 0.0 27.44921875 0.0 12.7265625 0.0 0.0 24.76953125 0.0 5.786895751953125
560.696 -0.0 0.0 0.0 0.0 0.0 -0.0 -0.0 0.0 12.69140625 0.0 0.0 25.15234375 0.0 12.5859375 0.0 0.0 27.640625 0.0 12.76171875 0.0 0.0 27.83203125 0.0 12.7265625 0.0 0.0 25.15234375 0.0 5.786895751953125
560.866 -0.0 0.0 0.0 0.0 0.0 -0.0 -0.0 0.0 12.69140625 0.0 0.0 24.76953125 0.0 12.62109375 0.0 0.0 28.0234375 0.0 12.76171875 0.0 0.0 27.83203125 0.0 12.7265625 0.0 0.0 24.578125 0.0 5.786895751953125
561.046 -0.0 0.0 0.0 0.0 0.0 -0.0 -0.0 0.0 12.69140625 0.0 0.0 24.76953125 0.0 12.5859375 0.0 0.0 27.2578125 0.0 12.76171875 0.0 0.0 27.83203125 0.0 12.7265625 0.0 0.0 24.578125 0.0 5.7771148681640625
561.214 -0.0 0.0 0.0 0.0 0.0 -0.0 -0.0 0.0 12.7265625 0.0 0.0 24.1953125 0.0 12.5859375 0.0 0.0 28.7890625 0.0 12.796875 0.0 0.0 27.44921875 0.0 12.7265625 0.0 0.0 24.38671875 0.0 5.786895751953125
561.386 -0.0 0.0 0.0 0.0 0.0 -0.0 -0.0 0.0 12.7265625 0.0 0.0 24.76953125 0.0 12.62109375 0.0 0.0 28.0234375 0.0 12.796875 0.0 0.0 27.2578125 0.0 12.76171875 0.0 0.0 25.15234375 0.0 5.7771148681640625
