Timestamp Driver_Joy_Y Driver_Joy_X Driver_Joy_W FL_Out BL_Out BR_Out FR_Out FL_Jag_Speed FL_Bus_Voltage FL_Out_Voltage FL_Out_Current FL_Temp BL_Jag_Speed BL_Bus_Voltage BL_Out_Voltage BL_Out_Current BL_Temp BR_Jag_Speed BR_Bus_Voltage BR_Out_Voltage BR_Out_Current BR_Temp FR_Jag_Speed FR_Bus_Voltage FR_Out_Voltage FR_Out_Current FR_Temp
1.845 -0.0 -0.0078125 0.0 0.0 0.0 0.0 0.0 0.0 12.76171875 0.0 0.0 23.8125 0.0 12.62109375 0.0 0.0 28.0234375 0.0 12.83203125 0.0 0.0 25.34375 0.0 12.76171875 0.0 0.0 23.8125 0.0 5.0830841064453125
2.045 -0.0 -0.0078125 0.0 0.0 0.0 -0.0 -0.0 0.0 12.7265625 0.0 0.0 23.4296875 0.0 12.62109375 0.0 0.0 25.15234375 0.0 12.796875 0.0 0.0 26.109375 0.0 12.76171875 0.0 0.0 23.62109375 0.0 5.07330322265625
2.219 -0.0 -0.0078125 0.0 0.0 0.0 -0.0 -0.0 0.0 12.7265625 0.0 0.0 22.6640625 0.0 12.5859375 0.0 0.0 25.91796875 0.0 12.796875 0.0 0.0 25.7265625 0.0 12.76171875 0.0 0.0 23.4296875 0.0 5.0830841064453125
2.385 -0.0 -0.0078125 0.0 0.0 0.0 -0.0 -0.0 0.0 12.7265625 0.0 0.0 22.47265625 0.0 12.62109375 0.0 0.0 25.91796875 0.0 12.796875 0.0 0.0 25.7265625 0.0 12.76171875 0.0 0.0 23.4296875 0.0 5.0928497314453125
2.558 -0.0 -0.0078125 0.0 0.0 0.0 -0.0 -0.0 0.0 12.7265625 0.0 0.0 23.046875 0.0 12.62109375 0.0 0.0 26.30078125 0.0 12.796875 0.0 0.0 25.91796875 0.0 12.76171875 0.0 0.0 23.23828125 0.0 5.0928497314453125
2.736 -0.0 -0.0078125 0.0 0.0 0.0 -0.0 -0.0 0.0 12.7265625 0.0 0.0 23.4296875 0.0 12.62109375 0.0 0.0 26.109375 0.0 12.796875 0.0 0.0 26.109375 0.0 12.76171875 0.0 0.0 23.4296875 0.0 5.0928497314453125
2.904 -0.0 -0.0078125 0.0 0.0 0.0 -0.0 -0.0 0.0 12.7265625 0.0 0.0 23.046875 0.0 12.62109375 0.0 0.0 25.53515625 0.0 12.796875 0.0 0.0 25.7265625 0.0 12.76171875 0.0 0.0 23.23828125 0.0 5.0830841064453125
3.076 -0.0 -0.0078125 0.0 0.0 0.0 -0.0 -0.0 0.0 12.7265625 0.0 0.0 23.23828125 0.0 12.62109375 0.0 0.0 25.91796875 0.0 12.796875 0.0 0.0 25.15234375 0.0 12.76171875 0.0 0.0 23.4296875 0.0 5.0830841064453125
3.257 -0.0 -0.0078125 0.0 0.0 0.0 -0.0 -0.0 0.0 12.7265625 0.0 0.0 23.046875 0.0 12.62109375 0.0 0.0 26.30078125 0.0 12.796875 0.0 0.0 25.53515625 0.0 12.76171875 0.0 0.0 23.8125 0.0 5.0830841064453125
3.425 -0.0 -0.0078125 0.0 0.0 0.0 -0.0 -0.0 0.0 12.76171875 0.0 0.0 23.62109375 0.0 12.62109375 0.0 0.0 26.109375 0.0 12.796875 0.0 0.0 25.53515625 0.0 12.76171875 0.0 0.0 23.62109375 0.0 5.0830841064453125
3.597 -0.0 -0.0078125 0.0 0.0 0.0 -0.0 -0.0 0.0 12.7265625 0.0 0.0 23.62109375 0.0 12.62109375 0.0 0.0 26.30078125 0.0 12.796875 0.0 0.0 26.109375 0.0 12.7265625 0.0 0.0 23.8125 0.0 5.0928497314453125
3.779 -0.0 -0.0078125 0.0 0.0 0.0 -0.0 -0.0 0.0 12.7265625 0.0 0.0 22.6640625 0.0 12.62109375 0.0 0.0 25.91796875 0.0 12.796875 0.0 0.0 25.53515625 0.0 12.76171875 0.0 0.0 23.4296875 0.0 5.0830841064453125
3.958 -0.0 -0.0078125 0.0 0.0 0.0 -0.0 -0.0 0.0 12.7265625 0.0 0.0 23.23828125 0.0 12.62109375 0.0 0.0 25.7265625 0.0 12.796875 0.0 0.0 25.53515625 0.0 12.7265625 0.0 0.0 23.8125 0.0 5.0830841064453125
4.123 -0.0 -0.0078125 0.0 0.0 0.0 -0.0 -0.0 0.0 12.7265625 0.0 0.0 23.23828125 0.0 12.62109375 0.0 0.0 25.7265625 0.0 12.83203125 0.0 0.0 26.109375 0.0 12.76171875 0.0 0.0 23.23828125 0.0 5.0830841064453125
4.295 -0.0 -0.0078125 0.0 0.0 0.0 -0.0 -0.0 0.0 12.7265625 0.0 0.0 23.046875 0.0 12.62109375 0.0 0.0 25.91796875 0.0 12.796875 0.0 0.0 25.91796875 0.0 12.76171875 0.0 0.0 24.1953125 0.0 5.0928497314453125
4.465 -0.0 -0.0078125 0.0 0.0 0.0 -0.0 -0.0 0.0 12.7265625 0.0 0.0 24.1953125 0.0 12.62109375 0.0 0.0 26.109375 0.0 12.796875 0.0 0.0 25.91796875 0.0 12.76171875 0.0 0.0 24.00390625 0.0 5.0830841064453125
4.639 -0.0 -0.0078125 0.0 0.0 0.0 -0.0 -0.0 0.0 12.7265625 0.0 0.0 23.8125 0.0 12.62109375 0.0 0.0 25.91796875 0.0 12.796875 0.0 0.0 26.30078125 0.0 12.76171875 0.0 0.0 23.23828125 0.0 5.0928497314453125
4.804 -0.0 -0.0078125 0.0 0.0 0.0 -0.0 -0.0 0.0 12.7265625 0.0 0.0 23.62109375 0.0 12.62109375 0.0 0.0 26.109375 0.0 12.796875 0.0 0.0 26.30078125 0.0 12.76171875 0.0 0.0 23.62109375 0.0 5.07330322265625
4.978 -0.0 -0.0078125 0.0 0.0 0.0 -0.0 -0.0 0.0 12.7265625 0.0 0.0 23.23828125 0.0 12.62109375 0.0 0.0 25.7265625 0.0 12.796875 0.0 0.0 25.91796875 0.0 12.76171875 0.0 0.0 23.046875 0.0 5.0830841064453125
5.155 -0.0 -0.0078125 0.0 0.0 0.0 -0.0 -0.0 0.0 12.7265625 0.0 0.0 24.00390625 0.0 12.62109375 0.0 0.0 26.68359375 0.0 12.796875 0.0 0.0 26.109375 0.0 12.76171875 0.0 0.0 23.046875 0.0 5.0928497314453125
5.336 -0.0 -0.0078125 0.0 0.0 0.0 -0.0 -0.0 0.0 12.7265625 0.0 0.0 24.76953125 0.0 12.62109375 0.0 0.0 25.91796875 0.0 12.796875 0.0 0.0 25.91796875 0.0 12.76171875 0.0 0.0 24.00390625 0.0 5.0928497314453125
5.506 -0.0 -0.0078125 0.0 0.0 0.0 -0.0 -0.0 0.0 12.7265625 0.0 0.0 23.23828125 0.0 12.62109375 0.0 0.0 25.7265625 0.0 12.796875 0.0 0.0 25.7265625 0.0 12.76171875 0.0 0.0 23.8125 0.0 5.0830841064453125
5.683 -0.0 -0.0078125 0.0 0.0 0.0 -0.0 -0.0 0.0 12.7265625 0.0 0.0 22.85546875 0.0 12.62109375 0.0 0.0 26.4921875 0.0 12.796875 0.0 0.0 25.34375 0.0 12.76171875 0.0 0.0 23.046875 0.0 5.0830841064453125
5.875 -0.0 -0.0078125 0.0 0.0 0.0 -0.0 -0.0 0.0 12.76171875 0.0 0.0 23.23828125 0.0 12.62109375 0.0 0.0 26.30078125 0.0 12.796875 0.0 0.0 25.91796875 0.0 12.76171875 0.0 0.0 23.23828125 0.0 5.0928497314453125
6.046 -0.0 -0.0078125 0.0 0.0 0.0 -0.0 -0.0 0.0 12.7265625 0.0 0.0 23.23828125 0.0 12.62109375 0.0 0.0 24.76953125 0.0 12.796875 0.0 0.0 25.91796875 0.0 12.76171875 0.0 0.0 23.4296875 0.0 5.0830841064453125
6.238 -0.0 -0.0078125 0.0 0.0 0.0 -0.0 -0.0 0.0 12.76171875 0.0 0.0 23.62109375 0.0 12.62109375 0.0 0.0 26.109375 0.0 12.796875 0.0 0.0 25.34375 0.0 12.76171875 0.0 0.0 23.4296875 0.0 5.0830841064453125
6.406 -0.0 -0.0078125 0.0 0.0 0.0 -0.0 -0.0 0.0 12.76171875 0.0 0.0 23.23828125 0.0 12.62109375 0.0 0.0 26.30078125 0.0 12.83203125 0.0 0.0 25.91796875 0.0 12.76171875 0.0 0.0 23.046875 0.0 5.0830841064453125
6.579 -0.0 -0.0078125 0.0 0.0 0.0 -0.0 -0.0 0.0 12.7265625 0.0 0.0 23.4296875 0.0 12.62109375 0.0 0.0 26.4921875 0.0 12.796875 0.0 0.0 25.7265625 0.0 12.76171875 0.0 0.0 23.4296875 0.0 5.0830841064453125
10.739 -0.0 -0.0078125 0.0 0.0 0.0 -0.0 -0.0 0.0 12.7265625 0.0 0.0 24.00390625 0.0 12.62109375 0.0 0.0 26.30078125 0.0 12.83203125 0.0 0.0 26.109375 0.0 12.76171875 0.0 0.0 24.00390625 0.0 5.0830841064453125
10.913 -0.0 -0.0078125 0.0 0.0 0.0 -0.0 -0.0 0.0 12.7265625 0.0 0.0 23.4296875 0.0 12.62109375 0.0 0.0 25.91796875 0.0 12.796875 0.0 0.0 25.53515625 0.0 12.76171875 0.0 0.0 23.046875 0.0 5.0830841064453125
11.095 -0.0 -0.0078125 0.0 0.0 0.0 -0.0 -0.0 0.0 12.7265625 0.0 0.0 23.62109375 0.0 12.62109375 0.0 0.0 27.44921875 0.0 12.796875 0.0 0.0 26.109375 0.0 12.76171875 0.0 0.0 23.8125 0.0 5.0830841064453125
11.274 -0.0 -0.0078125 0.0 0.0 0.0 -0.0 -0.0 0.0 12.7265625 0.0 0.0 24.38671875 0.0 12.62109375 0.0 0.0 26.109375 0.0 12.796875 0.0 0.0 26.109375 0.0 12.7265625 0.0 0.0 23.23828125 0.0 5.0830841064453125
11.444 -0.0 -0.0078125 0.0 0.0 0.0 -0.0 -0.0 0.0 12.7265625 0.0 0.0 23.046875 0.0 12.62109375 0.0 0.0 25.91796875 0.0 12.796875 0.0 0.0 25.15234375 0.0 12.76171875 0.0 0.0 23.8125 0.0 5.0830841064453125
11.617 -0.0 -0.0078125 0.0 0.0 0.0 -0.0 -0.0 0.0 12.76171875 0.0 0.0 23.23828125 0.0 12.62109375 0.0 0.0 27.83203125 0.0 12.796875 0.0 0.0 24.9609375 0.0 12.76171875 0.0 0.0 23.8125 0.0 5.0928497314453125
11.795 -0.0 -0.0078125 0.0 0.0 0.0 -0.0 -0.0 0.0 12.7265625 0.0 0.0 23.4296875 0.0 12.62109375 0.0 0.0 25.91796875 0.0 12.796875 0.0 0.0 25.91796875 0.0 12.7265625 0.0 0.0 23.62109375 0.0 5.0928497314453125
11.964 -0.0 -0.0078125 0.0 0.0 0.0 -0.0 -0.0 0.0 12.7265625 0.0 0.0 23.62109375 0.0 12.62109375 0.0 0.0 26.109375 0.0 12.796875 0.0 0.0 25.7265625 0.0 12.76171875 0.0 0.0 23.62109375 0.0 5.0830841064453125
12.138 -0.0 -0.0078125 0.0 0.0 0.0 -0.0 -0.0 0.0 12.76171875 0.0 0.0 23.23828125 0.0 12.62109375 0.0 0.0 26.30078125 0.0 12.796875 0.0 0.0 25.7265625 0.0 12.76171875 0.0 0.0 24.1953125 0.0 5.0928497314453125
12.325 -0.0 -0.0078125 0.0 0.0 0.0 -0.0 -0.0 0.0 12.7265625 0.0 0.0 23.62109375 0.0 12.62109375 0.0 0.0 26.4921875 0.0 12.83203125 0.0 0.0 25.7265625 0.0 12.76171875 0.0 0.0 23.8125 0.0 5.0830841064453125
12.497 -0.0 -0.0078125 0.0 0.0 0.0 -0.0 -0.0 0.0 12.7265625 0.0 0.0 24.1953125 0.0 12.62109375 0.0 0.0 26.4921875 0.0 12.796875 0.0 0.0 25.91796875 0.0 12.7265625 0.0 0.0 23.4296875 0.0 5.0830841064453125
12.674 -0.0 -0.0078125 0.0 0.0 0.0 -0.0 -0.0 0.0 12.76171875 0.0 0.0 23.8125 0.0 12.62109375 0.0 0.0 26.4921875 0.0 12.796875 0.0 0.0 25.53515625 0.0 12.76171875 0.0 0.0 23.4296875 0.0 5.0928497314453125
12.844 -0.0 -0.0078125 0.0 0.0 0.0 -0.0 -0.0 0.0 12.7265625 0.0 0.0 23.8125 0.0 12.62109375 0.0 0.0 26.109375 0.0 12.796875 0.0 0.0 25.91796875 0.0 12.76171875 0.0 0.0 24.1953125 0.0 5.0830841064453125
13.018 -0.0 -0.0078125 0.0 0.0 0.0 -0.0 -0.0 0.0 12.7265625 0.0 0.0 23.4296875 0.0 12.5859375 0.0 0.0 26.30078125 0.0 12.796875 0.0 0.0 26.109375 0.0 12.7265625 0.0 0.0 24.00390625 0.0 5.0830841064453125
13.194 -0.0 -0.0078125 0.0 0.0 0.0 -0.0 -0.0 0.0 12.76171875 0.0 0.0 23.4296875 0.0 12.62109375 0.0 0.0 26.875 0.0 12.83203125 0.0 0.0 26.30078125 0.0 12.76171875 0.0 0.0 23.4296875 0.0 5.0830841064453125
13.363 -0.0 -0.0078125 0.0 0.0 0.0 -0.0 -0.0 0.0 12.7265625 0.0 0.0 21.70703125 0.0 12.62109375 0.0 0.0 26.4921875 0.0 12.796875 0.0 0.0 25.91796875 0.0 12.76171875 0.0 0.0 24.1953125 0.0 5.0928497314453125
13.542 -0.0 -0.0078125 0.0 0.0 0.0 -0.0 -0.0 0.0 12.7265625 0.0 0.0 22.6640625 0.0 12.62109375 0.0 0.0 26.109375 0.0 12.796875 0.0 0.0 25.7265625 0.0 12.76171875 0.0 0.0 23.046875 0.0 5.0830841064453125
13.715 -0.0 -0.0078125 0.0 0.0 0.0 -0.0 -0.0 0.0 12.7265625 0.0 0.0 23.4296875 0.0 12.62109375 0.0 0.0 26.30078125 0.0 12.796875 0.0 0.0 25.91796875 0.0 12.76171875 0.0 0.0 23.046875 0.0 5.0928497314453125
13.885 -0.0 -0.0078125 0.0 0.0 0.0 -0.0 -0.0 0.0 12.7265625 0.0 0.0 23.23828125 0.0 12.62109375 0.0 0.0 25.7265625 0.0 12.796875 0.0 0.0 26.109375 0.0 12.76171875 0.0 0.0 23.4296875 0.0 5.0830841064453125
14.057 -0.0 -0.0078125 0.0 0.0 0.0 -0.0 -0.0 0.0 12.7265625 0.0 0.0 22.85546875 0.0 12.62109375 0.0 0.0 26.30078125 0.0 12.796875 0.0 0.0 25.91796875 0.0 12.76171875 0.0 0.0 23.4296875 0.0 5.0830841064453125
14.236 -0.0 -0.0078125 0.0 0.0 0.0 -0.0 -0.0 0.0 12.7265625 0.0 0.0 23.62109375 0.0 12.62109375 0.0 0.0 26.109375 0.0 12.796875 0.0 0.0 25.34375 0.0 12.76171875 0.0 0.0 23.62109375 0.0 5.0928497314453125
14.416 -0.0 -0.0078125 0.0 0.0 0.0 -0.0 -0.0 0.0 12.7265625 0.0 0.0 23.4296875 0.0 12.62109375 0.0 0.0 25.91796875 0.0 12.796875 0.0 0.0 25.91796875 0.0 12.76171875 0.0 0.0 23.62109375 0.0 5.0830841064453125
14.583 -0.0 -0.0078125 0.0 0.0 0.0 -0.0 -0.0 0.0 12.7265625 0.0 0.0 23.62109375 0.0 12.5859375 0.0 0.0 25.91796875 0.0 12.796875 0.0 0.0 26.109375 0.0 12.76171875 0.0 0.0 23.62109375 0.0 5.0830841064453125
14.757 -0.0 -0.0078125 0.0 0.0 0.0 -0.0 -0.0 0.0 12.7265625 0.0 0.0 24.00390625 0.0 12.62109375 0.0 0.0 26.109375 0.0 12.796875 0.0 0.0 25.53515625 0.0 12.76171875 0.0 0.0 23.62109375 0.0 5.0830841064453125
14.925 -0.0 -0.0078125 0.0 0.0 0.0 -0.0 -0.0 0.0 12.7265625 0.0 0.0 25.15234375 0.0 12.62109375 0.0 0.0 25.53515625 0.0 12.796875 0.0 0.0 25.91796875 0.0 12.76171875 0.0 0.0 23.8125 0.0 5.0830841064453125
15.098 -0.0 -0.0078125 0.0 0.0 0.0 -0.0 -0.0 0.0 12.7265625 0.0 0.0 23.046875 0.0 12.62109375 0.0 0.0 26.109375 0.0 12.83203125 0.0 0.0 25.34375 0.0 12.76171875 0.0 0.0 23.4296875 0.0 5.0928497314453125
15.297 -0.0 -0.0078125 0.0 0.0 0.0 -0.0 -0.0 0.0 12.7265625 0.0 0.0 23.8125 0.0 12.62109375 0.0 0.0 25.91796875 0.0 12.796875 0.0 0.0 25.91796875 0.0 12.76171875 0.0 0.0 23.8125 0.0 5.0830841064453125
15.475 -0.0 -0.0078125 0.0 0.0 0.0 -0.0 -0.0 0.0 12.7265625 0.0 0.0 23.4296875 0.0 12.62109375 0.0 0.0 25.91796875 0.0 12.796875 0.0 0.0 25.53515625 0.0 12.7265625 0.0 0.0 23.8125 0.0 5.0830841064453125
15.645 -0.0 -0.0078125 0.0 0.0 0.0 -0.0 -0.0 0.0 12.7265625 0.0 0.0 23.046875 0.0 12.62109375 0.0 0.0 26.4921875 0.0 12.796875 0.0 0.0 26.109375 0.0 12.76171875 0.0 0.0 23.4296875 0.0 5.0830841064453125
15.815 -0.0 -0.0078125 0.0 0.0 0.0 -0.0 -0.0 0.0 12.7265625 0.0 0.0 22.28125 0.0 12.62109375 0.0 0.0 25.91796875 0.0 12.83203125 0.0 0.0 25.7265625 0.0 12.7265625 0.0 0.0 23.62109375 0.0 5.0928497314453125
15.984 -0.0 -0.0078125 0.0 0.0 0.0 -0.0 -0.0 0.0 12.7265625 0.0 0.0 23.4296875 0.0 12.62109375 0.0 0.0 25.7265625 0.0 12.83203125 0.0 0.0 24.9609375 0.0 12.76171875 0.0 0.0 23.62109375 0.0 5.0928497314453125
16.154 -0.0 -0.0078125 0.0 0.0 0.0 -0.0 -0.0 0.0 12.7265625 0.0 0.0 23.62109375 0.0 12.62109375 0.0 0.0 26.30078125 0.0 12.796875 0.0 0.0 25.91796875 0.0 12.76171875 0.0 0.0 24.1953125 0.0 5.0830841064453125
16.335 -0.0 -0.0078125 0.0 0.0 0.0 -0.0 -0.0 0.0 12.7265625 0.0 0.0 23.4296875 0.0 12.62109375 0.0 0.0 26.109375 0.0 12.83203125 0.0 0.0 26.109375 0.0 12.76171875 0.0 0.0 23.8125 0.0 5.0928497314453125
16.504 -0.0 -0.0078125 0.0 0.0 0.0 -0.0 -0.0 0.0 12.7265625 0.0 0.0 23.4296875 0.0 12.62109375 0.0 0.0 26.109375 0.0 12.796875 0.0 0.0 25.91796875 0.0 12.76171875 0.0 0.0 23.23828125 0.0 5.0830841064453125
16.674 -0.0 -0.0078125 0.0 0.0 0.0 -0.0 -0.0 0.0 12.7265625 0.0 0.0 23.62109375 0.0 12.62109375 0.0 0.0 25.53515625 0.0 12.796875 0.0 0.0 26.109375 0.0 12.76171875 0.0 0.0 23.62109375 0.0 5.0928497314453125
16.844 -0.0 -0.0078125 0.0 0.0 0.0 -0.0 -0.0 0.0 12.7265625 0.0 0.0 23.4296875 0.0 12.62109375 0.0 0.0 26.109375 0.0 12.796875 0.0 0.0 25.7265625 0.0 12.76171875 0.0 0.0 23.4296875 0.0 5.0830841064453125
17.016 -0.0 -0.0078125 0.0 0.0 0.0 -0.0 -0.0 0.0 12.76171875 0.0 0.0 23.4296875 0.0 12.62109375 0.0 0.0 26.30078125 0.0 12.796875 0.0 0.0 26.109375 0.0 12.76171875 0.0 0.0 23.4296875 0.0 5.0830841064453125
17.184 -0.0 -0.0078125 0.0 0.0 0.0 -0.0 -0.0 0.0 12.7265625 0.0 0.0 23.62109375 0.0 12.62109375 0.0 0.0 25.53515625 0.0 12.796875 0.0 0.0 26.109375 0.0 12.76171875 0.0 0.0 23.8125 0.0 5.0830841064453125
17.354 -0.0 -0.0078125 0.0 0.0 0.0 -0.0 -0.0 0.0 12.7265625 0.0 0.0 23.4296875 0.0 12.62109375 0.0 0.0 26.109375 0.0 12.796875 0.0 0.0 26.30078125 0.0 12.76171875 0.0 0.0 23.4296875 0.0 5.0830841064453125
17.535 -0.0 -0.0078125 0.0 0.0 0.0 -0.0 -0.0 0.0 12.7265625 0.0 0.0 23.4296875 0.0 12.62109375 0.0 0.0 26.30078125 0.0 12.796875 0.0 0.0 25.53515625 0.0 12.76171875 0.0 0.0 23.8125 0.0 5.0830841064453125
17.704 -0.0 -0.0078125 0.0 0.0 0.0 -0.0 -0.0 0.0 12.7265625 0.0 0.0 23.4296875 0.0 12.62109375 0.0 0.0 26.4921875 0.0 12.796875 0.0 0.0 25.91796875 0.0 12.7265625 0.0 0.0 23.8125 0.0 5.0830841064453125
17.875 -0.0 -0.0078125 0.0 0.0 0.0 -0.0 -0.0 0.0 12.7265625 0.0 0.0 23.046875 0.0 12.62109375 0.0 0.0 26.68359375 0.0 12.796875 0.0 0.0 26.30078125 0.0 12.7265625 0.0 0.0 24.00390625 0.0 5.0928497314453125
18.045 -0.0 -0.0078125 0.0 0.0 0.0 -0.0 -0.0 0.0 12.7265625 0.0 0.0 23.62109375 0.0 12.62109375 0.0 0.0 26.109375 0.0 12.796875 0.0 0.0 25.7265625 0.0 12.76171875 0.0 0.0 24.00390625 0.0 5.0928497314453125
18.214 -0.0 -0.0078125 0.0 0.0 0.0 -0.0 -0.0 0.0 12.7265625 0.0 0.0 23.23828125 0.0 12.62109375 0.0 0.0 26.4921875 0.0 12.796875 0.0 0.0 25.7265625 0.0 12.76171875 0.0 0.0 23.4296875 0.0 5.0830841064453125
18.416 -0.0 -0.0078125 0.0 0.0 0.0 -0.0 -0.0 0.0 12.7265625 0.0 0.0 23.62109375 0.0 12.62109375 0.0 0.0 26.30078125 0.0 12.796875 0.0 0.0 25.7265625 0.0 12.76171875 0.0 0.0 24.1953125 0.0 5.0830841064453125
18.578 -0.0 -0.0078125 0.0 0.0 0.0 -0.0 -0.0 0.0 12.7265625 0.0 0.0 24.00390625 0.0 12.62109375 0.0 0.0 26.4921875 0.0 12.796875 0.0 0.0 25.91796875 0.0 12.76171875 0.0 0.0 24.00390625 0.0 5.0928497314453125
18.738 -0.0 -0.0078125 0.0 0.0 0.0 -0.0 -0.0 0.0 12.76171875 0.0 0.0 23.046875 0.0 12.62109375 0.0 0.0 26.30078125 0.0 12.796875 0.0 0.0 25.53515625 0.0 12.76171875 0.0 0.0 23.4296875 0.0 5.0830841064453125
18.905 -0.0 -0.0078125 0.0 0.0 0.0 -0.0 -0.0 0.0 12.7265625 0.0 0.0 24.38671875 0.0 12.62109375 0.0 0.0 26.4921875 0.0 12.796875 0.0 0.0 25.91796875 0.0 12.76171875 0.0 0.0 23.046875 0.0 5.0830841064453125
19.078 -0.0 -0.0078125 0.0 0.0 0.0 -0.0 -0.0 0.0 12.7265625 0.0 0.0 22.85546875 0.0 12.62109375 0.0 0.0 26.30078125 0.0 12.796875 0.0 0.0 26.109375 0.0 12.76171875 0.0 0.0 23.4296875 0.0 5.07330322265625
19.257 -0.0 -0.0078125 0.0 0.0 0.0 -0.0 -0.0 0.0 12.7265625 0.0 0.0 23.23828125 0.0 12.62109375 0.0 0.0 26.109375 0.0 12.796875 0.0 0.0 26.109375 0.0 12.76171875 0.0 0.0 23.8125 0.0 5.0928497314453125
19.437 -0.0 -0.0078125 0.0 0.0 0.0 -0.0 -0.0 0.0 12.7265625 0.0 0.0 23.62109375 0.0 12.62109375 0.0 0.0 25.7265625 0.0 12.796875 0.0 0.0 26.30078125 0.0 12.76171875 0.0 0.0 23.62109375 0.0 5.0928497314453125
19.605 -0.0 -0.0078125 0.0 0.0 0.0 -0.0 -0.0 0.0 12.7265625 0.0 0.0 23.23828125 0.0 12.62109375 0.0 0.0 26.30078125 0.0 12.796875 0.0 0.0 25.91796875 0.0 12.7265625 0.0 0.0 23.23828125 0.0 5.07330322265625
19.775 -0.0 -0.0078125 0.0 0.0 0.0 -0.0 -0.0 0.0 12.69140625 0.0 0.0 23.4296875 0.0 12.62109375 0.0 0.0 26.875 0.0 12.796875 0.0 0.0 25.91796875 0.0 12.76171875 0.0 0.0 23.8125 0.0 5.0830841064453125
19.945 -0.0 -0.0078125 0.0 0.0 0.0 -0.0 -0.0 0.0 12.7265625 0.0 0.0 23.23828125 0.0 12.62109375 0.0 0.0 26.109375 0.0 12.796875 0.0 0.0 25.53515625 0.0 12.76171875 0.0 0.0 23.4296875 0.0 5.0928497314453125
20.123 -0.0 -0.0078125 0.0 0.0 0.0 -0.0 -0.0 0.0 12.7265625 0.0 0.0 23.046875 0.0 12.62109375 0.0 0.0 26.68359375 0.0 12.796875 0.0 0.0 25.91796875 0.0 12.76171875 0.0 0.0 23.8125 0.0 5.07330322265625
20.295 -0.0 -0.0078125 0.0 0.0 0.0 -0.0 -0.0 0.0 12.7265625 0.0 0.0 24.1953125 0.0 12.62109375 0.0 0.0 26.4921875 0.0 12.796875 0.0 0.0 25.91796875 0.0 12.7265625 0.0 0.0 24.38671875 0.0 5.0830841064453125
20.463 -0.0 -0.0078125 0.0 0.0 0.0 -0.0 -0.0 0.0 12.7265625 0.0 0.0 23.23828125 0.0 12.62109375 0.0 0.0 26.4921875 0.0 12.796875 0.0 0.0 26.109375 0.0 12.7265625 0.0 0.0 23.046875 0.0 5.0830841064453125
20.636 -0.0 -0.0078125 0.0 0.0 0.0 -0.0 -0.0 0.0 12.7265625 0.0 0.0 23.62109375 0.0 12.5859375 0.0 0.0 26.30078125 0.0 12.83203125 0.0 0.0 25.53515625 0.0 12.76171875 0.0 0.0 24.1953125 0.0 5.0830841064453125
20.817 -0.0 -0.0078125 0.0 0.0 0.0 -0.0 -0.0 0.0 12.7265625 0.0 0.0 22.85546875 0.0 12.62109375 0.0 0.0 25.91796875 0.0 12.796875 0.0 0.0 25.91796875 0.0 12.76171875 0.0 0.0 23.8125 0.0 5.0830841064453125
20.983 -0.0 -0.0078125 0.0 0.0 0.0 -0.0 -0.0 0.0 12.7265625 0.0 0.0 22.47265625 0.0 12.62109375 0.0 0.0 26.4921875 0.0 12.796875 0.0 0.0 26.109375 0.0 12.76171875 0.0 0.0 23.23828125 0.0 5.0928497314453125
21.166 -0.0 -0.0078125 0.0 0.0 0.0 -0.0 -0.0 0.0 12.7265625 0.0 0.0 23.4296875 0.0 12.62109375 0.0 0.0 26.30078125 0.0 12.796875 0.0 0.0 25.91796875 0.0 12.76171875 0.0 0.0 23.8125 0.0 5.0830841064453125
21.362 -0.0 -0.0078125 0.0 0.0 0.0 -0.0 -0.0 0.0 12.7265625 0.0 0.0 23.23828125 0.0 12.62109375 0.0 0.0 25.91796875 0.0 12.796875 0.0 0.0 26.109375 0.0 12.76171875 0.0 0.0 24.1953125 0.0 5.0830841064453125
21.547 -0.0 -0.0078125 0.0 0.0 0.0 -0.0 -0.0 0.0 12.7265625 0.0 0.0 22.85546875 0.0 12.62109375 0.0 0.0 25.7265625 0.0 12.796875 0.0 0.0 25.34375 0.0 12.76171875 0.0 0.0 23.4296875 0.0 5.0830841064453125
21.723 -0.0 -0.0078125 0.0 0.0 0.0 -0.0 -0.0 0.0 12.76171875 0.0 0.0 23.4296875 0.0 12.62109375 0.0 0.0 26.30078125 0.0 12.796875 0.0 0.0 25.53515625 0.0 12.7265625 0.0 0.0 23.8125 0.0 5.0830841064453125
21.898 -0.0 -0.0078125 0.0 0.0 0.0 -0.0 -0.0 0.0 12.7265625 0.0 0.0 24.76953125 0.0 12.62109375 0.0 0.0 25.91796875 0.0 12.796875 0.0 0.0 26.109375 0.0 12.76171875 0.0 0.0 23.62109375 0.0 5.0830841064453125
22.066 -0.0 -0.0078125 0.0 0.0 0.0 -0.0 -0.0 0.0 12.7265625 0.0 0.0 23.046875 0.0 12.65625 0.0 0.0 25.91796875 0.0 12.796875 0.0 0.0 26.109375 0.0 12.76171875 0.0 0.0 23.23828125 0.0 5.0928497314453125
22.235 -0.0 -0.0078125 0.0 0.0 0.0 -0.0 -0.0 0.0 12.7265625 0.0 0.0 22.85546875 0.0 12.62109375 0.0 0.0 26.4921875 0.0 12.796875 0.0 0.0 26.109375 0.0 12.76171875 0.0 0.0 23.4296875 0.0 5.0830841064453125
22.404 -0.0 -0.0078125 0.0 0.0 0.0 -0.0 -0.0 0.0 12.7265625 0.0 0.0 23.23828125 0.0 12.62109375 0.0 0.0 26.109375 0.0 12.796875 0.0 0.0 25.91796875 0.0 12.76171875 0.0 0.0 23.4296875 0.0 5.0928497314453125
22.575 -0.0 -0.0078125 0.0 0.0 0.0 -0.0 -0.0 0.0 12.7265625 0.0 0.0 23.8125 0.0 12.62109375 0.0 0.0 26.875 0.0 12.796875 0.0 0.0 25.15234375 0.0 12.76171875 0.0 0.0 23.046875 0.0 5.0830841064453125
22.743 -0.0 -0.0078125 0.0 0.0 0.0 -0.0 -0.0 0.0 12.7265625 0.0 0.0 22.85546875 0.0 12.62109375 0.0 0.0 25.53515625 0.0 12.796875 0.0 0.0 26.4921875 0.0 12.76171875 0.0 0.0 23.62109375 0.0 5.0830841064453125
22.918 -0.0 -0.0078125 0.0 0.0 0.0 -0.0 -0.0 0.0 12.7265625 0.0 0.0 23.62109375 0.0 12.62109375 0.0 0.0 25.91796875 0.0 12.796875 0.0 0.0 25.91796875 0.0 12.76171875 0.0 0.0 23.8125 0.0 5.0830841064453125
23.099 -0.0 -0.0078125 0.0 0.0 0.0 -0.0 -0.0 0.0 12.7265625 0.0 0.0 22.6640625 0.0 12.62109375 0.0 0.0 26.109375 0.0 12.796875 0.0 0.0 26.4921875 0.0 12.76171875 0.0 0.0 24.00390625 0.0 5.0830841064453125
23.277 -0.0 -0.0078125 0.0 0.0 0.0 -0.0 -0.0 0.0 12.76171875 0.0 0.0 23.23828125 0.0 12.62109375 0.0 0.0 26.109375 0.0 12.796875 0.0 0.0 26.30078125 0.0 12.76171875 0.0 0.0 23.4296875 0.0 5.0830841064453125
23.457 -0.0 -0.0078125 0.0 0.0 0.0 -0.0 -0.0 0.0 12.7265625 0.0 0.0 23.23828125 0.0 12.5859375 0.0 0.0 26.68359375 0.0 12.796875 0.0 0.0 26.4921875 0.0 12.76171875 0.0 0.0 23.4296875 0.0 5.0830841064453125
23.638 -0.0 -0.0078125 0.0 0.0 0.0 -0.0 -0.0 0.0 12.7265625 0.0 0.0 23.4296875 0.0 12.62109375 0.0 0.0 26.30078125 0.0 12.796875 0.0 0.0 26.109375 0.0 12.76171875 0.0 0.0 23.8125 0.0 5.0830841064453125
23.817 -0.0 -0.0078125 0.0 0.0 0.0 -0.0 -0.0 0.0 12.7265625 0.0 0.0 23.4296875 0.0 12.62109375 0.0 0.0 25.91796875 0.0 12.796875 0.0 0.0 25.7265625 0.0 12.76171875 0.0 0.0 23.23828125 0.0 5.0928497314453125
23.998 -0.0 -0.0078125 0.0 0.0 0.0 -0.0 -0.0 0.0 12.7265625 0.0 0.0 23.8125 0.0 12.62109375 0.0 0.0 25.91796875 0.0 12.796875 0.0 0.0 25.91796875 0.0 12.76171875 0.0 0.0 23.8125 0.0 5.0830841064453125
24.177 -0.0 -0.0078125 0.0 0.0 0.0 -0.0 -0.0 0.0 12.7265625 0.0 0.0 22.85546875 0.0 12.62109375 0.0 0.0 26.68359375 0.0 12.796875 0.0 0.0 26.30078125 0.0 12.76171875 0.0 0.0 24.00390625 0.0 5.0830841064453125
24.358 -0.0 -0.0078125 0.0 0.0 0.0 -0.0 -0.0 0.0 12.7265625 0.0 0.0 23.4296875 0.0 12.62109375 0.0 0.0 26.109375 0.0 12.796875 0.0 0.0 26.109375 0.0 12.76171875 0.0 0.0 23.4296875 0.0 5.0830841064453125
24.526 -0.0 -0.0078125 0.0 0.0 0.0 -0.0 -0.0 0.0 12.7265625 0.0 0.0 23.62109375 0.0 12.62109375 0.0 0.0 25.7265625 0.0 12.796875 0.0 0.0 25.91796875 0.0 12.76171875 0.0 0.0 23.4296875 0.0 5.0830841064453125
24.698 -0.0 -0.0078125 0.0 0.0 0.0 -0.0 -0.0 0.0 12.7265625 0.0 0.0 23.4296875 0.0 12.62109375 0.0 0.0 26.875 0.0 12.796875 0.0 0.0 25.7265625 0.0 12.76171875 0.0 0.0 23.23828125 0.0 5.0928497314453125
24.876 -0.0 -0.0078125 0.0 0.0 0.0 -0.0 -0.0 0.0 12.7265625 0.0 0.0 23.046875 0.0 12.62109375 0.0 0.0 26.4921875 0.0 12.796875 0.0 0.0 26.109375 0.0 12.76171875 0.0 0.0 24.00390625 0.0 5.0928497314453125
25.054 -0.0 -0.0078125 0.0 0.0 0.0 -0.0 -0.0 0.0 12.7265625 0.0 0.0 23.62109375 0.0 12.62109375 0.0 0.0 26.4921875 0.0 12.796875 0.0 0.0 26.109375 0.0 12.7265625 0.0 0.0 24.00390625 0.0 5.0928497314453125
25.238 -0.0 -0.0078125 0.11023622047244094 0.0 0.0 -0.0 -0.0 0.0 12.7265625 0.0 0.0 23.62109375 0.0 12.62109375 0.0 0.0 27.06640625 0.0 12.796875 0.0 0.0 25.7265625 0.0 12.76171875 0.0 0.0 23.23828125 0.0 5.0830841064453125
25.415 -0.0 -0.0078125 0.11023622047244094 0.0 0.0 -0.0 -0.0 0.0 12.76171875 0.0 0.0 23.4296875 0.0 12.62109375 0.0 0.0 26.30078125 0.0 12.796875 0.0 0.0 26.109375 0.0 12.76171875 0.0 0.0 24.00390625 0.0 5.0830841064453125
25.585 -0.0 -0.0078125 0.11023622047244094 0.0 0.0 -0.0 -0.0 0.0 12.7265625 0.0 0.0 24.1953125 0.0 12.62109375 0.0 0.0 25.7265625 0.0 12.796875 0.0 0.0 25.53515625 0.0 12.7265625 0.0 0.0 23.23828125 0.0 5.0830841064453125
25.759 -0.0 -0.0078125 0.031496062992125984 0.0 0.0 -0.0 -0.0 0.0 12.7265625 0.0 0.0 23.4296875 0.0 12.62109375 0.0 0.0 26.30078125 0.0 12.83203125 0.0 0.0 25.91796875 0.0 12.76171875 0.0 0.0 24.1953125 0.0 5.0830841064453125
