Timestamp,Driver_Joy_Y,Driver_Joy_X,Driver_Joy_W,Mecanum_FL,Mecanum_BL,Mecanum_BR,Mecanum_FR,FL_Jag_Speed,FL_Out_Voltage,FL_Out_Current,FL_Temp,BL_Jag_Speed,BL_Out_Voltage,BL_Out_Current,BL_Temp,BR_Jag_Speed,BR_Out_Voltage,BR_Out_Current,BR_Temp,FR_Jag_Speed,FR_Out_Voltage,FR_Out_Current,FR_Temp,Pickup_Out_Voltage,Pickup_Out_Current,Pickup_Temp,SH1_Out_Voltage,SH1_Out_Current,SH1_Temp,SH2_Out_Voltage,SH2_Out_Current,SH2_Temp,SHmain_Speed,SHmain_Angle
0.0070,-0.0,-0.0078125,-0.0078125,0.0,0.0,0.0,0.0,0.0,0.0,0.0,23.8125,0.0,0.0,0.0,26.30078125,0.0,0.0,0.0,27.06640625,0.0,0.0,0.0,24.76953125,0.0,0.0,24.76953125,0.0,5.6500396728515625
0.169,-0.0,-0.0078125,-0.0078125,0.0,0.0,0.0,0.0,0.0,0.0,0.0,23.8125,0.0,0.0,0.0,26.4921875,0.0,0.0,0.0,26.4921875,0.0,0.0,0.0,24.76953125,0.0,0.0,25.15234375,0.0,5.669586181640625
0.319,-0.0,-0.0078125,-0.0078125,0.0,0.0,0.0,0.0,0.0,0.0,0.0,23.62109375,0.0,0.0,0.0,26.68359375,0.0,0.0,0.0,26.68359375,0.0,0.0,0.0,24.00390625,0.0,0.0,24.9609375,0.0,5.6500396728515625
0.489,-0.0,-0.0078125,-0.0078125,-0.3,-0.3,0.3,0.3,0.0,-3.640625,23.4453125,23.8125,0.0,-3.609375,17.5390625,26.30078125,49.8507080078125,3.58203125,16.2265625,25.7265625,0.0,3.5625,21.4765625,23.8125,0.0,0.0,24.38671875,0.0,5.669586181640625
0.658,-0.0,-0.0078125,-0.0078125,-0.3,-0.3,0.3,0.3,-25.557052612304688,-3.71484375,15.4375,24.76953125,0.0,-3.765625,13.9921875,26.30078125,89.41668701171875,3.66796875,12.0234375,25.91796875,0.0,3.6171875,17.66796875,23.62109375,0.0,0.0,25.7265625,0.0,5.6402587890625
0.829,-0.0,-0.0078125,-0.0078125,-0.3,-0.3,0.3,0.3,0.0,-3.7265625,14.78125,23.23828125,0.0,-3.83984375,10.0546875,26.4921875,101.87837219238281,3.73046875,9.1328125,26.4921875,0.0,3.66796875,14.38671875,24.578125,0.0,0.0,24.38671875,0.0,5.659820556640625
0.999,-0.0,-0.0078125,-0.0078125,-0.3,-0.3,0.3,0.3,-6.874755859375,-3.7578125,12.546875,23.8125,0.0,-3.87109375,7.69140625,25.53515625,130.5767059326172,3.76171875,7.69140625,26.68359375,0.0,3.72265625,9.52734375,23.62109375,0.0,0.0,24.1953125,0.0,5.6793670654296875
1.169,-0.0,-0.0078125,-0.0078125,-0.3,-0.3,0.3,0.3,24.867889404296875,-3.80859375,7.296875,24.1953125,0.0,-3.87109375,9.265625,26.68359375,115.03549194335938,3.76171875,8.34765625,26.30078125,0.0,3.7421875,10.4453125,23.62109375,0.0,0.0,24.1953125,0.0,5.669586181640625
1.342,-0.0,-0.0078125,-0.0078125,-0.3,-0.3,0.3,0.3,-45.83050537109375,-3.80859375,8.4765625,23.4296875,0.0,-3.87109375,6.11328125,26.30078125,134.50558471679688,3.75390625,7.69140625,26.30078125,0.0,3.75390625,9.52734375,24.578125,0.0,0.0,24.578125,0.0,5.6500396728515625
1.517,-0.0,-0.0078125,-0.0078125,-0.3,-0.3,0.3,0.3,0.0,-3.796875,9.7890625,23.23828125,0.0,-3.8828125,6.76953125,26.30078125,135.04483032226562,3.79296875,7.03125,26.30078125,0.0,3.76171875,7.296875,23.4296875,0.0,0.0,24.38671875,0.0,5.68914794921875
1.689,-0.0,-0.0078125,-0.0078125,-0.3,-0.3,0.3,0.3,9.05633544921875,-3.8203125,7.953125,24.38671875,0.0,-3.8828125,6.5078125,27.83203125,142.6607666015625,3.78515625,7.1640625,26.4921875,0.0,3.7734375,6.76953125,24.38671875,0.0,0.0,24.1953125,0.0,5.6500396728515625
1.852,-0.0,-0.0078125,-0.0078125,-0.3,-0.3,0.3,0.3,-76.61000061035156,-3.8203125,6.5078125,23.62109375,0.0,-3.8828125,5.71875,26.68359375,141.89114379882812,3.8046875,6.5078125,26.30078125,0.0,3.76171875,7.8203125,23.8125,0.0,0.0,24.578125,0.0,5.659820556640625
2.031,-0.0,-0.0078125,-0.0078125,-0.3,-0.3,0.3,0.3,-141.31153869628906,-3.8203125,7.42578125,24.00390625,0.0,-3.8828125,6.24609375,26.4921875,134.5338592529297,3.78515625,6.90234375,26.4921875,0.0,3.76171875,8.34765625,24.00390625,0.0,0.0,23.8125,0.0,5.669586181640625
2.21,-0.0,-0.0078125,-0.0078125,-0.3,-0.3,0.3,0.3,-23.452239990234375,-3.8203125,6.375,24.00390625,0.0,-3.8828125,5.0625,26.4921875,155.37123107910156,3.8046875,5.8515625,26.109375,0.0,3.75390625,8.34765625,24.1953125,0.0,0.0,24.38671875,0.0,5.6500396728515625
2.391,-0.0,-0.0078125,-0.0078125,-0.3,-0.3,0.3,0.3,29.0614013671875,-3.8203125,5.984375,24.578125,0.0,-3.8828125,6.5078125,26.4921875,160.5552520751953,3.81640625,5.45703125,26.30078125,0.0,3.7734375,7.296875,24.38671875,0.0,0.0,24.00390625,0.0,5.659820556640625
2.558,-0.0,-0.0078125,-0.0078125,-0.3,-0.3,0.3,0.3,-21.378097534179688,-3.83203125,6.375,23.8125,0.0,-3.8828125,5.8515625,25.7265625,161.66378784179688,3.8046875,5.45703125,26.109375,0.0,3.7734375,7.1640625,24.1953125,0.0,0.0,24.578125,0.0,5.68914794921875
2.73,-0.0,-0.0078125,-0.0078125,-0.3,-0.3,0.3,0.3,0.0,-3.8203125,7.296875,24.1953125,0.0,-3.8828125,5.71875,26.30078125,158.06370544433594,3.81640625,4.93359375,26.4921875,0.0,3.75390625,8.34765625,24.00390625,0.0,0.0,24.1953125,0.0,5.6793670654296875
2.889,-0.0,-0.0078125,-0.0078125,-0.3,-0.3,0.3,0.3,35.73188781738281,-3.8203125,6.11328125,23.62109375,0.0,-3.87109375,5.45703125,26.68359375,163.18898010253906,3.828125,4.93359375,26.109375,0.0,3.7734375,6.90234375,24.1953125,0.0,0.0,24.38671875,0.0,5.68914794921875
3.069,-0.0,-0.0078125,-0.0078125,-0.3,-0.3,0.3,0.3,-21.579940795898438,-3.4609375,5.71875,23.4296875,0.0,-3.50390625,3.8828125,26.4921875,138.9642791748047,3.46875,4.93359375,25.91796875,0.0,3.45703125,5.32421875,24.1953125,-10.58203125,51.6796875,24.76953125,0.0,5.6793670654296875
3.24,-0.0,-0.0078125,-0.0078125,-0.3,-0.3,0.3,0.3,-133.093017578125,-3.4921875,5.1953125,24.578125,0.0,-3.59765625,4.01171875,26.875,130.16065979003906,3.53125,3.75,26.109375,0.0,3.55078125,5.984375,23.8125,-11.49609375,30.01171875,24.00390625,0.0,5.659820556640625
3.419,-0.0,-0.0078125,-0.0078125,-0.3,-0.3,0.3,0.3,8.205459594726562,-3.62890625,5.71875,24.76953125,0.0,-3.703125,5.1953125,26.875,152.1394500732422,3.6796875,3.8828125,26.4921875,0.0,3.57421875,9.921875,24.38671875,-12.12890625,16.75,24.9609375,0.0,5.68914794921875
3.589,-0.0,-0.0078125,-0.0078125,-0.3,-0.3,0.3,0.3,22.680831909179688,-3.62890625,11.3671875,24.00390625,0.0,-3.7578125,6.5078125,26.4921875,122.96263122558594,3.6171875,8.34765625,25.91796875,0.0,3.6484375,6.375,24.1953125,-12.09375,12.8125,24.76953125,0.0,5.6402587890625
3.759,-0.0,-0.0078125,-0.0078125,-0.3,-0.3,0.3,0.3,-46.25390625,-3.703125,7.42578125,24.00390625,0.0,-3.77734375,5.0625,26.109375,147.8856964111328,3.6875,5.984375,26.109375,0.0,3.65625,9.921875,24.38671875,-12.41015625,10.0546875,24.76953125,0.0,5.669586181640625
3.939,-0.0,-0.0078125,-0.0078125,-0.3,-0.3,0.3,0.3,-19.520416259765625,-3.703125,8.4765625,23.62109375,0.0,-3.7890625,5.32421875,26.4921875,153.47108459472656,3.73046875,4.27734375,26.30078125,0.0,3.7109375,7.953125,24.578125,-12.19921875,8.4765625,24.38671875,0.0,5.7086944580078125
4.122,-0.0,-0.0078125,-0.0078125,-0.3,-0.3,0.3,0.3,6.7982177734375,-3.734375,8.21484375,23.4296875,0.0,-3.7890625,6.90234375,26.4921875,142.78277587890625,3.69921875,5.58984375,26.109375,0.0,3.7109375,9.00390625,24.578125,-12.4453125,7.42578125,24.9609375,0.0,5.6500396728515625
4.3,-0.0,-0.0078125,-0.0078125,-0.3,-0.3,0.3,0.3,-20.684646606445312,-3.734375,6.90234375,23.4296875,0.0,-3.80859375,6.640625,25.91796875,146.96876525878906,3.7421875,5.45703125,26.30078125,0.0,3.66796875,9.7890625,24.00390625,-12.5859375,7.03125,24.38671875,0.0,5.659820556640625
4.48,-0.0,-0.0078125,-0.0078125,0.0,0.0,-0.0,-0.0,-20.217010498046875,0.0,0.0,23.62109375,0.0,0.0,0.0,27.83203125,120.2630615234375,0.0,0.0,26.4921875,0.0,0.0,0.0,24.1953125,-12.55078125,7.296875,23.4296875,0.0,5.669586181640625
4.631,-0.0,-0.0078125,-0.0078125,0.0,0.0,-0.0,-0.0,20.052520751953125,0.0,0.0,23.4296875,0.0,0.0,0.0,27.640625,91.45906066894531,0.0,0.0,26.68359375,0.0,0.0,0.0,24.00390625,-11.7421875,4.01171875,24.1953125,0.0,5.69891357421875
