Timestamp Driver_Joy_Y Driver_Joy_X Driver_Joy_W FL_Out BL_Out BR_Out FR_Out FL_Jag_Speed FL_Bus_Voltage FL_Out_Voltage FL_Out_Current FL_Temp BL_Jag_Speed BL_Bus_Voltage BL_Out_Voltage BL_Out_Current BL_Temp BR_Jag_Speed BR_Bus_Voltage BR_Out_Voltage BR_Out_Current BR_Temp FR_Jag_Speed FR_Bus_Voltage FR_Out_Voltage FR_Out_Current FR_Temp
59.635 -0.0 -0.0234375 0.0 0.0 0.0 -0.0 -0.0 0.0 12.8671875 0.0 0.0 24.38671875 0.0 12.7265625 0.0 0.0 26.68359375 0.0 12.9375 0.0 0.0 27.06640625 0.0 12.8671875 0.0 0.0 24.9609375 0.0 5.8846435546875
59.792 -0.0 -0.0234375 0.0 0.0 0.0 -0.0 -0.0 0.0 12.8671875 0.0 0.0 24.9609375 0.0 12.7265625 0.0 0.0 27.640625 0.0 12.90234375 0.0 0.0 27.06640625 0.0 12.8671875 0.0 0.0 25.15234375 0.0 5.8748626708984375
59.957 -0.0 -0.0234375 0.0 0.0 0.0 -0.0 -0.0 0.0 12.8671875 0.0 0.0 25.15234375 0.0 12.7265625 0.0 0.0 27.640625 0.0 12.90234375 0.0 0.0 26.68359375 0.0 12.8671875 0.0 0.0 24.76953125 0.0 5.8748626708984375
60.12 -0.0 -0.0234375 0.0 0.0 0.0 -0.0 -0.0 0.0 12.8671875 0.0 0.0 25.34375 0.0 12.76171875 0.0 0.0 28.21484375 0.0 12.90234375 0.0 0.0 26.68359375 0.0 12.8671875 0.0 0.0 24.9609375 0.0 5.8846435546875
60.272 -0.0 -0.0234375 0.0 0.0 0.0 -0.0 -0.0 0.0 12.8671875 0.0 0.0 24.38671875 0.0 12.76171875 0.0 0.0 27.06640625 0.0 12.90234375 0.0 0.0 27.2578125 0.0 12.8671875 0.0 0.0 25.15234375 0.0 5.8748626708984375
60.429 -0.0 -0.0234375 0.0 0.0 0.0 -0.0 -0.0 0.0 12.8671875 0.0 0.0 25.15234375 0.0 12.7265625 0.0 0.0 27.640625 0.0 12.90234375 0.0 0.0 26.875 0.0 12.8671875 0.0 0.0 24.9609375 0.0 5.8748626708984375
60.59 -0.0 -0.0234375 0.0 0.0 0.0 -0.0 -0.0 0.0 12.8671875 0.0 0.0 26.109375 0.0 12.7265625 0.0 0.0 27.83203125 0.0 12.90234375 0.0 0.0 26.875 0.0 12.8671875 0.0 0.0 25.15234375 0.0 5.8748626708984375
60.751 -0.0 -0.0234375 0.0 0.0 0.0 -0.0 -0.0 0.0 12.8671875 0.0 0.0 24.9609375 0.0 12.7265625 0.0 0.0 28.0234375 0.0 12.9375 0.0 0.0 26.4921875 0.0 12.8671875 0.0 0.0 25.34375 0.0 5.8748626708984375
60.921 -0.0 -0.0234375 0.0 0.0 0.0 -0.0 -0.0 0.0 12.8671875 0.0 0.0 24.76953125 0.0 12.76171875 0.0 0.0 28.21484375 0.0 12.90234375 0.0 0.0 27.2578125 0.0 12.8671875 0.0 0.0 24.76953125 0.0 5.8748626708984375
61.073 -0.0 -0.0234375 0.0 0.0 0.0 -0.0 -0.0 0.0 12.8671875 0.0 0.0 24.38671875 0.0 12.7265625 0.0 0.0 28.0234375 0.0 12.9375 0.0 0.0 26.875 0.0 12.8671875 0.0 0.0 25.34375 0.0 5.8748626708984375
61.243 -0.0 -0.0234375 0.0 -0.5 -0.5 0.5 0.5 0.0 11.84765625 -5.75 32.76953125 24.76953125 0.0 10.65234375 -5.2734375 32.90234375 27.44921875 50.09196472167969 9.984375 5.18359375 25.0234375 26.4921875 0.0 10.40625 5.21875 28.04296875 24.578125 0.0 5.855316162109375
61.429 -0.0 -0.0234375 0.0 -0.5 -0.5 0.5 0.5 -6.4014129638671875 11.07421875 -5.57421875 24.890625 25.15234375 0.0 10.6875 -5.34375 27.38671875 27.2578125 125.52711486816406 11.1796875 5.515625 16.8828125 26.4921875 0.0 11.07421875 5.46484375 20.8203125 24.76953125 0.0 5.8846435546875
61.615 -0.0 -0.0234375 0.0 -0.5 -0.5 0.5 0.5 -6.761016845703125 11.6015625 -5.8203125 13.46875 24.578125 0.0 11.6015625 -5.78515625 14.78125 27.44921875 168.5245361328125 11.42578125 5.69140625 11.890625 26.4921875 0.0 11.6015625 5.78125 12.6796875 24.76953125 0.0 5.8748626708984375
61.801 -0.0 -0.0234375 0.0 -0.5 -0.5 0.5 0.5 48.54429626464844 11.84765625 -5.94140625 12.28515625 24.76953125 0.0 11.98828125 -5.8203125 14.38671875 27.2578125 197.85655212402344 11.8125 5.88671875 10.0546875 26.4921875 0.0 11.63671875 5.83203125 11.234375 24.9609375 0.0 5.8650970458984375
62.008 -0.0 -0.0234375 0.0 -0.5 -0.5 0.5 0.5 -10.81585693359375 11.98828125 -5.9765625 8.34765625 24.76953125 0.0 12.3046875 -6.06640625 10.578125 27.2578125 217.74879455566406 11.77734375 5.921875 8.21484375 26.30078125 0.0 11.84765625 5.90234375 8.609375 24.38671875 0.0 5.8650970458984375
62.188 -0.0 -0.0234375 0.0 -0.5 -0.5 0.5 0.5 58.57051086425781 12.05859375 -6.03125 9.1328125 24.578125 0.0 12.26953125 -6.1171875 10.31640625 26.875 234.5181427001953 11.8828125 5.9921875 6.90234375 26.875 0.0 11.91796875 5.9375 8.609375 24.76953125 0.0 5.8846435546875
62.375 -0.0 -0.0234375 0.0 -0.5 -0.5 0.5 0.5 -11.9605712890625 12.1640625 -6.08203125 7.1640625 25.7265625 0.0 12.26953125 -6.171875 7.69140625 27.83203125 249.285888671875 12.05859375 5.9921875 7.1640625 27.06640625 0.0 11.98828125 5.97265625 8.4765625 24.578125 0.0 5.8846435546875
62.574 -0.0 -0.0234375 0.0 -0.5 -0.5 0.5 0.5 66.43942260742188 12.19921875 -6.08203125 7.8203125 24.1953125 0.0 12.3046875 -6.22265625 8.08203125 27.2578125 245.7914581298828 12.09375 6.0078125 6.5078125 26.68359375 0.0 12.05859375 5.9921875 7.8203125 25.34375 0.0 5.8650970458984375
62.756 -0.0 -0.0234375 0.0 -0.5 -0.5 0.5 0.5 -12.359573364257812 10.7578125 -5.43359375 4.01171875 25.15234375 0.0 11.00390625 -5.484375 3.6171875 27.06640625 253.34828186035156 10.79296875 5.39453125 3.6171875 26.30078125 0.0 10.6875 5.359375 4.40625 24.76953125 0.0 5.8944244384765625
62.922 -0.0 -0.0234375 0.0 -0.5 -0.5 0.5 0.5 63.88713073730469 10.79296875 -5.3984375 3.8828125 24.9609375 0.0 11.00390625 -5.51953125 3.75 27.2578125 187.15274047851562 10.79296875 5.46484375 4.01171875 27.06640625 0.0 10.79296875 5.39453125 4.80078125 24.578125 0.0 5.8846435546875
63.101 -0.0 -0.0234375 0.0 -0.5 -0.5 0.5 0.5 -11.801986694335938 11.14453125 -5.5546875 4.66796875 24.76953125 0.0 11.390625 -5.66015625 5.8515625 27.44921875 205.99752807617188 11.109375 5.55078125 5.32421875 26.4921875 0.0 11.0390625 5.515625 5.984375 24.00390625 0.0 5.8357696533203125
63.294 -0.0 -0.0234375 0.0 -0.5 -0.5 0.5 0.5 59.98875427246094 11.3203125 -5.64453125 5.8515625 24.1953125 0.0 11.4609375 -5.78515625 6.5078125 26.875 225.66995239257812 11.35546875 5.5859375 5.45703125 27.06640625 0.0 11.28515625 5.640625 6.5078125 24.9609375 0.0 5.8650970458984375
63.461 -0.0 -0.0234375 0.0 -0.5 -0.5 0.5 0.5 -31.666183471679688 11.390625 -5.73046875 5.58984375 24.578125 0.0 11.671875 -5.8203125 7.42578125 27.640625 237.43275451660156 11.3203125 5.7109375 5.58984375 26.875 0.0 11.35546875 5.640625 7.55859375 24.76953125 0.0 5.8748626708984375
63.641 -0.0 -0.0234375 0.0 -0.5 -0.5 0.5 0.5 61.806884765625 11.53125 -5.75 5.984375 24.9609375 0.0 11.7421875 -5.87109375 5.8515625 27.2578125 196.49984741210938 11.42578125 5.7265625 5.58984375 26.875 0.0 11.390625 5.7109375 6.76953125 24.9609375 0.0 5.8064422607421875
63.833 -0.0 -0.0234375 0.0 -0.5 -0.5 0.5 0.5 -12.048065185546875 11.4609375 -5.78515625 5.45703125 25.34375 0.0 11.77734375 -5.890625 6.640625 26.68359375 222.9965362548828 11.4609375 5.78125 6.5078125 26.4921875 0.0 11.390625 5.69140625 7.42578125 25.15234375 0.0 5.8846435546875
64.041 -0.0 -0.0234375 0.0 -0.5 -0.5 0.5 0.5 62.71333312988281 11.63671875 -5.80078125 5.58984375 24.76953125 0.0 11.8828125 -5.94140625 5.984375 27.640625 232.8966522216797 11.49609375 5.81640625 6.5078125 26.875 0.0 11.6015625 5.83203125 8.21484375 24.9609375 0.0 5.8748626708984375
64.23 -0.0 -0.0234375 0.0 0.0 0.0 -0.0 -0.0 -15.860107421875 11.98828125 0.0 0.0 24.9609375 0.0 11.4609375 0.0 0.0 26.4921875 204.63629150390625 11.42578125 0.0 0.0 26.4921875 0.0 11.07421875 0.0 0.0 24.38671875 0.0 5.6109466552734375
