Timestamp Driver_Joy_Y Driver_Joy_X Driver_Joy_W FL_Out BL_Out BR_Out FR_Out FL_Jag_Speed FL_Bus_Voltage FL_Out_Voltage FL_Out_Current FL_Temp BL_Jag_Speed BL_Bus_Voltage BL_Out_Voltage BL_Out_Current BL_Temp BR_Jag_Speed BR_Bus_Voltage BR_Out_Voltage BR_Out_Current BR_Temp FR_Jag_Speed FR_Bus_Voltage FR_Out_Voltage FR_Out_Current FR_Temp
8.268 0.0234375 -0.0078125 0.0 0.0 0.0 0.0 0.0 0.0 12.69140625 0.0 0.0 26.68359375 0.0 12.55078125 0.0 0.0 30.703125 0.0 12.76171875 0.0 0.0 31.0859375 0.0 12.69140625 0.0 0.0 27.06640625 0.0 5.845550537109375
8.427 0.0234375 -0.0078125 0.0 0.0 0.0 0.0 0.0 0.0 12.69140625 0.0 0.0 27.44921875 0.0 12.5859375 0.0 0.0 30.51171875 0.0 12.69140625 0.0 0.0 30.51171875 0.0 12.62109375 0.0 0.0 27.83203125 0.0 5.845550537109375
8.588 0.0234375 -0.0078125 0.0 0.0 0.0 0.0 0.0 0.0 12.62109375 0.0 0.0 27.2578125 0.0 12.48046875 0.0 0.0 30.51171875 0.0 12.65625 0.0 0.0 30.3203125 0.0 12.62109375 0.0 0.0 27.640625 0.0 5.855316162109375
8.738 0.0234375 -0.0078125 0.0 0.0 0.0 0.0 0.0 0.0 12.69140625 0.0 0.0 27.44921875 0.0 12.48046875 0.0 0.0 30.89453125 0.0 12.69140625 0.0 0.0 30.703125 0.0 12.62109375 0.0 0.0 27.06640625 0.0 5.845550537109375
8.89 0.0234375 -0.0078125 0.0 0.0 0.0 0.0 0.0 0.0 12.69140625 0.0 0.0 27.06640625 0.0 12.55078125 0.0 0.0 30.703125 0.0 12.7265625 0.0 0.0 30.703125 0.0 12.5859375 0.0 0.0 27.44921875 0.0 5.845550537109375
9.048 0.0234375 -0.0078125 0.0 0.0 0.0 0.0 0.0 0.0 12.62109375 0.0 0.0 27.2578125 0.0 12.48046875 0.0 0.0 30.703125 0.0 12.69140625 0.0 0.0 30.703125 0.0 12.65625 0.0 0.0 27.2578125 0.0 5.845550537109375
9.209 0.0234375 -0.0078125 0.0 0.0 0.0 0.0 0.0 0.0 12.62109375 0.0 0.0 27.2578125 0.0 12.55078125 0.0 0.0 30.703125 0.0 12.7265625 0.0 0.0 30.51171875 0.0 12.62109375 0.0 0.0 27.640625 0.0 5.845550537109375
9.371 0.0234375 -0.0078125 0.0 0.0 0.0 0.0 0.0 0.0 12.5859375 0.0 0.0 27.2578125 0.0 12.4453125 0.0 0.0 30.51171875 0.0 12.69140625 0.0 0.0 30.51171875 0.0 12.65625 0.0 0.0 26.875 0.0 5.855316162109375
9.53 0.0234375 -0.0078125 0.0 0.0 0.0 0.0 0.0 0.0 12.62109375 0.0 0.0 27.44921875 0.0 12.55078125 0.0 0.0 29.9375 0.0 12.69140625 0.0 0.0 30.89453125 0.0 12.65625 0.0 0.0 27.640625 0.0 5.845550537109375
9.688 0.0234375 -0.0078125 0.0 0.0 0.0 0.0 0.0 0.0 12.62109375 0.0 0.0 26.875 0.0 12.515625 0.0 0.0 31.8515625 0.0 12.69140625 0.0 0.0 30.703125 0.0 12.62109375 0.0 0.0 27.06640625 0.0 5.855316162109375
9.853 0.0234375 -0.0078125 0.0 -0.5 -0.5 0.5 0.5 0.0 11.671875 -5.6953125 31.8515625 26.68359375 0.0 10.96875 -5.34375 31.1953125 30.51171875 20.520706176757812 10.01953125 5.09375 29.75 29.9375 0.0 10.44140625 5.3046875 25.6796875 26.30078125 0.0 5.8357696533203125
10.032 0.0234375 -0.0078125 0.0 -0.5 -0.5 0.5 0.5 0.0 10.93359375 -5.5546875 24.3671875 26.875 0.0 10.72265625 -5.37890625 22.39453125 30.12890625 117.87818908691406 10.93359375 5.39453125 22.921875 30.51171875 0.0 11.21484375 5.60546875 14.51953125 26.4921875 0.0 5.855316162109375
10.215 0.0234375 -0.0078125 0.0 -0.5 -0.5 0.5 0.5 28.773086547851562 11.49609375 -5.6953125 15.04296875 27.06640625 0.0 11.53125 -5.71484375 14.91015625 30.89453125 168.76895141601562 11.28515625 5.69140625 13.859375 30.3203125 0.0 11.42578125 5.74609375 11.234375 27.2578125 0.0 5.8357696533203125
10.399 0.0234375 -0.0078125 0.0 -0.5 -0.5 0.5 0.5 -47.80162048339844 11.7421875 -5.87109375 11.49609375 26.68359375 0.0 11.7421875 -5.87109375 12.28515625 30.12890625 195.72862243652344 11.42578125 5.7109375 12.94140625 30.12890625 0.0 11.63671875 5.81640625 10.31640625 27.06640625 0.0 5.8357696533203125
10.585 0.0234375 -0.0078125 0.0 -0.5 -0.5 0.5 0.5 51.22731018066406 11.8828125 -5.94140625 9.265625 26.68359375 0.0 11.953125 -5.87109375 11.890625 29.9375 220.0951385498047 11.4609375 5.81640625 10.578125 29.9375 0.0 11.7421875 5.90234375 8.21484375 26.875 0.0 5.8748626708984375
10.759 0.0234375 -0.0078125 0.0 -0.5 -0.5 0.5 0.5 -11.389175415039062 11.953125 -5.9609375 8.4765625 26.4921875 0.0 11.953125 -6.06640625 8.73828125 30.51171875 236.46775817871094 11.70703125 5.81640625 10.578125 30.51171875 0.0 11.8828125 5.921875 6.640625 27.06640625 0.0 5.8357696533203125
10.952 0.0234375 -0.0078125 0.0 -0.5 -0.5 0.5 0.5 15.015777587890625 12.05859375 -5.99609375 8.08203125 27.06640625 0.0 11.91796875 -6.06640625 7.296875 30.3203125 241.90499877929688 11.98828125 5.8671875 9.1328125 30.703125 0.0 11.7421875 5.97265625 6.76953125 26.68359375 0.0 5.855316162109375
11.133 0.0234375 -0.0078125 0.0 -0.5 -0.5 0.5 0.5 -12.323959350585938 11.98828125 -5.99609375 7.42578125 26.875 0.0 12.12890625 -6.06640625 7.42578125 31.66015625 247.0406494140625 11.91796875 5.9921875 9.265625 31.0859375 0.0 11.8828125 5.97265625 6.11328125 27.2578125 0.0 5.855316162109375
11.313 0.0234375 -0.0078125 0.0 -0.5 -0.5 0.5 0.5 15.318756103515625 11.8125 -6.01171875 7.69140625 27.06640625 0.0 12.12890625 -6.03125 7.1640625 30.3203125 247.78988647460938 11.91796875 5.95703125 8.21484375 30.12890625 0.0 11.91796875 5.9921875 6.24609375 27.06640625 0.0 5.81622314453125
11.491 0.0234375 -0.0078125 0.0 -0.5 -0.5 0.5 0.5 -12.595855712890625 12.09375 -6.046875 7.42578125 26.68359375 0.0 12.19921875 -6.06640625 7.953125 30.3203125 239.92501831054688 11.953125 5.95703125 6.90234375 30.703125 0.0 12.05859375 5.9375 6.640625 27.44921875 0.0 5.8357696533203125
11.659 0.0234375 -0.0078125 0.0 -0.5 -0.5 0.5 0.5 15.740478515625 12.0234375 -6.03125 7.03125 28.0234375 0.0 12.09375 -6.08203125 6.5078125 30.703125 254.5743865966797 12.05859375 5.9375 7.8203125 30.89453125 0.0 11.953125 5.9921875 5.984375 27.640625 0.0 5.845550537109375
11.853 0.0234375 -0.0078125 0.0 -0.5 -0.5 0.5 0.5 -12.420379638671875 12.09375 -6.046875 5.58984375 26.30078125 0.0 12.19921875 -6.1171875 6.640625 30.3203125 217.65005493164062 11.98828125 5.97265625 7.1640625 30.703125 0.0 12.09375 6.0078125 5.984375 27.06640625 0.0 5.845550537109375
12.026 0.0234375 -0.0078125 0.0 -0.5 -0.5 0.5 0.5 16.40435791015625 12.12890625 -6.06640625 6.24609375 27.06640625 0.0 12.1640625 -6.046875 6.90234375 30.51171875 262.2055206298828 12.05859375 5.95703125 7.296875 30.703125 0.0 12.05859375 5.9921875 5.45703125 26.68359375 0.0 5.8846435546875
12.221 0.0234375 -0.0078125 0.0 -0.5 -0.5 0.5 0.5 -52.72914123535156 12.12890625 -6.046875 5.8515625 26.68359375 0.0 12.1640625 -6.06640625 5.71875 29.9375 238.56858825683594 11.84765625 5.9375 6.24609375 30.3203125 0.0 11.91796875 6.0078125 5.45703125 26.68359375 0.0 5.8650970458984375
12.413 0.0234375 -0.0078125 0.0 -0.5 -0.5 0.5 0.5 -129.52842712402344 12.1640625 -6.06640625 5.71875 26.4921875 0.0 12.1640625 -6.08203125 7.03125 30.3203125 255.7953643798828 11.91796875 6.0625 6.640625 30.3203125 0.0 12.12890625 6.078125 5.984375 27.44921875 0.0 5.8357696533203125
12.594 0.0234375 -0.0078125 0.0 0.0 0.0 -0.0 -0.0 -7.03582763671875 12.4453125 0.0 0.0 27.44921875 0.0 12.12890625 0.0 0.0 30.3203125 212.35414123535156 11.8828125 0.0 0.0 30.3203125 0.0 11.8125 0.0 0.0 27.2578125 0.0 5.5816192626953125
