Timestamp Driver_Joy_Y Driver_Joy_X Driver_Joy_W FL_Out BL_Out BR_Out FR_Out FL_Jag_Speed FL_Bus_Voltage FL_Out_Voltage FL_Out_Current FL_Temp BL_Jag_Speed BL_Bus_Voltage BL_Out_Voltage BL_Out_Current BL_Temp BR_Jag_Speed BR_Bus_Voltage BR_Out_Voltage BR_Out_Current BR_Temp FR_Jag_Speed FR_Bus_Voltage FR_Out_Voltage FR_Out_Current FR_Temp
48.357 0.0078125 0.0 0.0 0.0 0.0 0.0 0.0 0.0 12.7265625 0.0 0.0 27.2578125 0.0 12.62109375 0.0 0.0 29.5546875 0.0 12.796875 0.0 0.0 29.9375 0.0 12.76171875 0.0 0.0 26.875 0.0 5.855316162109375
48.515 0.0078125 0.0 0.0 0.0 0.0 0.0 0.0 0.0 12.7265625 0.0 0.0 27.06640625 0.0 12.62109375 0.0 0.0 29.9375 0.0 12.7265625 0.0 0.0 29.74609375 0.0 12.7265625 0.0 0.0 27.640625 0.0 5.855316162109375
48.664 0.0078125 0.0 0.0 0.0 0.0 0.0 0.0 0.0 12.69140625 0.0 0.0 27.2578125 0.0 12.5859375 0.0 0.0 29.74609375 0.0 12.76171875 0.0 0.0 29.36328125 0.0 12.7265625 0.0 0.0 27.640625 0.0 5.845550537109375
48.815 0.0078125 0.0 0.0 0.0 0.0 0.0 0.0 0.0 12.69140625 0.0 0.0 27.06640625 0.0 12.5859375 0.0 0.0 30.89453125 0.0 12.69140625 0.0 0.0 29.74609375 0.0 12.65625 0.0 0.0 27.44921875 0.0 5.855316162109375
48.975 0.0078125 0.0 0.0 0.0 0.0 0.0 0.0 0.0 12.65625 0.0 0.0 27.640625 0.0 12.515625 0.0 0.0 30.51171875 0.0 12.76171875 0.0 0.0 30.3203125 0.0 12.7265625 0.0 0.0 27.06640625 0.0 5.8650970458984375
49.134 0.0078125 0.0 0.0 0.0 0.0 0.0 0.0 0.0 12.69140625 0.0 0.0 27.44921875 0.0 12.55078125 0.0 0.0 29.74609375 0.0 12.76171875 0.0 0.0 30.51171875 0.0 12.62109375 0.0 0.0 27.06640625 0.0 5.845550537109375
49.294 0.0078125 0.0 0.0 0.0 0.0 0.0 0.0 0.0 12.55078125 0.0 0.0 27.2578125 0.0 12.515625 0.0 0.0 29.74609375 0.0 12.7265625 0.0 0.0 30.12890625 0.0 12.62109375 0.0 0.0 27.44921875 0.0 5.855316162109375
49.442 0.0078125 0.0 0.0 0.0 0.0 0.0 0.0 0.0 12.55078125 0.0 0.0 27.2578125 0.0 12.4453125 0.0 0.0 29.5546875 0.0 12.65625 0.0 0.0 30.3203125 0.0 12.65625 0.0 0.0 27.640625 0.0 5.855316162109375
49.594 0.0078125 0.0 0.0 0.0 0.0 0.0 0.0 0.0 12.65625 0.0 0.0 28.21484375 0.0 12.48046875 0.0 0.0 31.0859375 0.0 12.65625 0.0 0.0 29.9375 0.0 12.62109375 0.0 0.0 27.44921875 0.0 5.855316162109375
49.745 0.0078125 0.0 0.0 0.0 0.0 0.0 0.0 0.0 12.65625 0.0 0.0 27.44921875 0.0 12.48046875 0.0 0.0 29.9375 0.0 12.69140625 0.0 0.0 30.3203125 0.0 12.5859375 0.0 0.0 27.44921875 0.0 5.855316162109375
49.907 0.0078125 0.0 0.0 -0.5 -0.5 0.5 0.5 0.0 11.53125 -5.58984375 27.91015625 28.40625 0.0 10.51171875 -5.1875 24.234375 29.9375 85.31816101074219 10.58203125 5.32421875 17.80078125 29.74609375 0.0 10.6171875 5.32421875 26.59765625 26.875 0.0 5.845550537109375
50.093 0.0078125 0.0 0.0 -0.5 -0.5 0.5 0.5 7.6632843017578125 11.109375 -5.609375 20.296875 27.2578125 0.0 10.72265625 -5.2734375 22.00390625 29.74609375 131.21475219726562 11.109375 5.46484375 19.5078125 29.5546875 0.0 11.21484375 5.5859375 14.38671875 26.875 0.0 5.8748626708984375
50.279 0.0078125 0.0 0.0 -0.5 -0.5 0.5 0.5 -9.062896728515625 11.42578125 -5.71484375 15.56640625 27.44921875 0.0 11.25 -5.64453125 17.40625 29.9375 168.75411987304688 11.25 5.62109375 14.51953125 29.9375 0.0 11.56640625 5.83203125 10.97265625 27.06640625 0.0 5.845550537109375
50.459 0.0078125 0.0 0.0 -0.5 -0.5 0.5 0.5 16.47015380859375 11.70703125 -5.8203125 11.10546875 26.875 0.0 11.63671875 -5.78515625 12.15234375 28.7890625 188.5587921142578 11.6015625 5.78125 11.10546875 29.9375 0.0 11.7421875 5.8515625 10.31640625 27.44921875 0.0 5.845550537109375
50.639 0.0078125 0.0 0.0 -0.5 -0.5 0.5 0.5 49.11552429199219 11.91796875 -5.92578125 9.3984375 27.06640625 0.0 11.91796875 -5.9609375 9.921875 30.89453125 197.37855529785156 11.63671875 5.8671875 9.3984375 30.3203125 0.0 11.7421875 5.88671875 8.4765625 27.2578125 0.0 5.8748626708984375
50.819 0.0078125 0.0 0.0 -0.5 -0.5 0.5 0.5 -10.685546875 11.953125 -5.9609375 9.1328125 26.875 0.0 12.12890625 -6.06640625 8.4765625 29.171875 216.2527313232422 11.70703125 5.8515625 9.921875 29.9375 0.0 11.84765625 5.95703125 6.375 27.2578125 0.0 5.82598876953125
51.0 0.0078125 0.0 0.0 -0.5 -0.5 0.5 0.5 14.432388305664062 11.91796875 -6.01171875 7.8203125 26.4921875 0.0 12.1640625 -6.01171875 7.69140625 29.5546875 225.39178466796875 11.70703125 5.90234375 8.21484375 30.12890625 0.0 11.84765625 5.95703125 6.11328125 27.44921875 0.0 5.8846435546875
51.179 0.0078125 0.0 0.0 -0.5 -0.5 0.5 0.5 -11.56719970703125 11.98828125 -6.03125 7.296875 26.30078125 0.0 12.12890625 -6.06640625 7.69140625 29.36328125 207.79220581054688 11.84765625 5.9375 7.1640625 29.36328125 0.0 12.0234375 5.90234375 6.5078125 27.06640625 0.0 5.8846435546875
51.468 0.0078125 0.0 0.0 -0.5 -0.5 0.5 0.5 56.861083984375 12.12890625 -5.99609375 7.8203125 27.44921875 0.0 12.19921875 -6.1171875 6.76953125 29.74609375 231.14427185058594 11.91796875 5.88671875 8.08203125 30.3203125 0.0 11.953125 5.97265625 5.58984375 27.06640625 0.0 5.855316162109375
51.652 0.0078125 0.0 0.0 -0.5 -0.5 0.5 0.5 -19.025909423828125 11.0390625 -5.5390625 5.0625 27.2578125 0.0 11.4609375 -5.71484375 5.45703125 29.171875 209.5269317626953 11.4609375 5.74609375 5.45703125 29.5546875 0.0 11.4609375 5.7109375 4.80078125 27.44921875 0.0 5.82598876953125
51.826 0.0078125 0.0 0.0 -0.5 -0.5 0.5 0.5 57.36566162109375 11.6015625 -5.73046875 6.11328125 26.875 0.0 11.8125 -5.8359375 5.58984375 29.74609375 239.61062622070312 11.42578125 5.69140625 7.1640625 29.74609375 0.0 11.4609375 5.76171875 5.8515625 27.06640625 0.0 5.8357696533203125
52.0 0.0078125 0.0 0.0 -0.5 -0.5 0.5 0.5 22.024017333984375 11.6015625 -5.8359375 5.58984375 26.875 0.0 11.77734375 -5.8359375 5.8515625 29.74609375 221.96531677246094 11.42578125 5.7265625 7.03125 30.3203125 0.0 11.390625 5.76171875 5.1953125 27.06640625 0.0 5.82598876953125
52.195 0.0078125 0.0 0.0 -0.5 -0.5 0.5 0.5 44.87553405761719 11.6015625 -5.78515625 5.71875 26.68359375 0.0 11.8125 -5.85546875 6.375 29.5546875 234.5181427001953 11.42578125 5.74609375 6.90234375 29.9375 0.0 11.53125 5.7265625 6.5078125 27.83203125 0.0 5.855316162109375
52.479 0.0078125 0.0 0.0 -0.5 -0.5 0.5 0.5 15.415420532226562 11.53125 -5.8203125 6.375 27.44921875 0.0 11.70703125 -5.87109375 6.11328125 29.9375 236.78855895996094 11.42578125 5.7109375 6.76953125 29.5546875 0.0 11.53125 5.78125 5.58984375 27.640625 0.0 5.845550537109375
52.665 0.0078125 0.0 0.0 -0.5 -0.5 0.5 0.5 -11.865921020507812 11.56640625 -5.765625 5.984375 26.68359375 0.0 11.7421875 -5.890625 5.71875 29.9375 233.49142456054688 11.49609375 5.74609375 6.5078125 29.9375 0.0 11.49609375 5.7265625 6.11328125 27.2578125 0.0 5.8357696533203125
52.858 0.0078125 0.0 0.0 -0.5 -0.5 0.5 0.5 60.59075927734375 11.6015625 -5.78515625 5.71875 27.44921875 0.0 11.77734375 -5.890625 6.24609375 30.12890625 230.8108367919922 11.4609375 5.69140625 7.55859375 29.74609375 0.0 11.70703125 5.8515625 6.24609375 27.06640625 0.0 5.845550537109375
53.046 0.0078125 0.0 0.0 0.0 0.0 -0.0 -0.0 -18.594375610351562 11.91796875 0.0 0.0 27.06640625 0.0 11.70703125 0.0 0.0 30.12890625 232.02415466308594 11.49609375 0.0 0.0 29.9375 0.0 11.42578125 0.0 0.0 27.44921875 0.0 5.483856201171875
