Timestamp Driver_Joy_Y Driver_Joy_X Driver_Joy_W FL_Out BL_Out BR_Out FR_Out FL_Jag_Speed FL_Bus_Voltage FL_Out_Voltage FL_Out_Current FL_Temp BL_Jag_Speed BL_Bus_Voltage BL_Out_Voltage BL_Out_Current BL_Temp BR_Jag_Speed BR_Bus_Voltage BR_Out_Voltage BR_Out_Current BR_Temp FR_Jag_Speed FR_Bus_Voltage FR_Out_Voltage FR_Out_Current FR_Temp
35.971 0.0234375 -0.0078125 0.0 0.0 0.0 0.0 0.0 0.0 12.65625 0.0 0.0 26.4921875 0.0 12.515625 0.0 0.0 30.51171875 0.0 12.7265625 0.0 0.0 30.51171875 0.0 12.62109375 0.0 0.0 27.06640625 0.0 5.845550537109375
36.135 0.0234375 -0.0078125 0.0 0.0 0.0 0.0 0.0 0.0 12.65625 0.0 0.0 26.68359375 0.0 12.515625 0.0 0.0 30.51171875 0.0 12.69140625 0.0 0.0 30.51171875 0.0 12.5859375 0.0 0.0 27.2578125 0.0 5.845550537109375
36.291 0.0234375 -0.0078125 0.0 0.0 0.0 0.0 0.0 0.0 12.62109375 0.0 0.0 26.875 0.0 12.4453125 0.0 0.0 30.89453125 0.0 12.69140625 0.0 0.0 30.89453125 0.0 12.65625 0.0 0.0 27.83203125 0.0 5.855316162109375
36.452 0.0234375 -0.0078125 0.0 0.0 0.0 0.0 0.0 0.0 12.5859375 0.0 0.0 26.30078125 0.0 12.515625 0.0 0.0 30.12890625 0.0 12.69140625 0.0 0.0 30.703125 0.0 12.65625 0.0 0.0 27.06640625 0.0 5.845550537109375
36.615 0.0234375 -0.0078125 0.0 0.0 0.0 0.0 0.0 0.0 12.62109375 0.0 0.0 27.06640625 0.0 12.4453125 0.0 0.0 30.51171875 0.0 12.62109375 0.0 0.0 30.703125 0.0 12.62109375 0.0 0.0 27.44921875 0.0 5.855316162109375
36.776 0.0234375 -0.0078125 0.0 0.0 0.0 0.0 0.0 0.0 12.5859375 0.0 0.0 26.875 0.0 12.48046875 0.0 0.0 30.51171875 0.0 12.62109375 0.0 0.0 30.3203125 0.0 12.5859375 0.0 0.0 27.2578125 0.0 5.855316162109375
36.962 0.0234375 -0.0078125 0.0 0.0 0.0 0.0 0.0 0.0 12.5859375 0.0 0.0 26.875 0.0 12.515625 0.0 0.0 30.3203125 0.0 12.69140625 0.0 0.0 30.51171875 0.0 12.5859375 0.0 0.0 27.2578125 0.0 5.845550537109375
37.133 0.0234375 -0.0078125 0.0 0.0 0.0 0.0 0.0 0.0 12.5859375 0.0 0.0 26.875 0.0 12.48046875 0.0 0.0 30.3203125 0.0 12.65625 0.0 0.0 30.51171875 0.0 12.62109375 0.0 0.0 27.640625 0.0 5.855316162109375
37.293 0.0234375 -0.0078125 0.0 0.0 0.0 0.0 0.0 0.0 12.62109375 0.0 0.0 26.875 0.0 12.515625 0.0 0.0 30.3203125 0.0 12.62109375 0.0 0.0 30.89453125 0.0 12.5859375 0.0 0.0 27.44921875 0.0 5.845550537109375
37.453 0.0234375 -0.0078125 0.0 0.0 0.0 0.0 0.0 0.0 12.515625 0.0 0.0 26.875 0.0 12.4453125 0.0 0.0 30.89453125 0.0 12.69140625 0.0 0.0 30.51171875 0.0 12.55078125 0.0 0.0 27.44921875 0.0 5.845550537109375
37.625 0.0234375 -0.0078125 0.0 -0.5 -0.5 0.5 0.5 0.0 11.4609375 -5.58984375 33.1640625 26.30078125 0.0 10.65234375 -5.29296875 26.46484375 30.3203125 81.78913879394531 10.265625 4.97265625 32.63671875 30.12890625 0.0 10.37109375 5.25390625 24.49609375 26.68359375 0.0 5.8846435546875
37.815 0.0234375 -0.0078125 0.0 -0.5 -0.5 0.5 0.5 -4.17572021484375 11.109375 -5.58984375 22.7890625 27.06640625 0.0 10.58203125 -5.37890625 21.609375 29.5546875 145.06988525390625 10.6171875 5.3046875 21.4765625 30.703125 0.0 11.07421875 5.53515625 15.69921875 26.4921875 0.0 5.8846435546875
38.017 0.0234375 -0.0078125 0.0 -0.5 -0.5 0.5 0.5 14.310577392578125 11.56640625 -5.75 15.04296875 27.44921875 0.0 11.35546875 -5.80078125 14.125 29.9375 176.4624786376953 11.21484375 5.7109375 13.73046875 30.51171875 0.0 11.53125 5.7265625 10.83984375 27.44921875 0.0 5.8748626708984375
38.218 0.0234375 -0.0078125 0.0 -0.5 -0.5 0.5 0.5 24.467483520507812 11.70703125 -5.87109375 12.546875 26.875 0.0 11.7421875 -5.90625 10.578125 29.74609375 202.30755615234375 11.49609375 5.67578125 13.07421875 30.703125 0.0 11.671875 5.83203125 9.1328125 26.875 0.0 5.8748626708984375
38.395 0.0234375 -0.0078125 0.0 -0.5 -0.5 0.5 0.5 -10.463180541992188 11.84765625 -5.92578125 10.0546875 26.68359375 0.0 11.84765625 -5.9609375 9.265625 29.74609375 225.8292236328125 11.671875 5.8671875 9.52734375 30.12890625 0.0 11.8125 5.90234375 7.03125 27.640625 0.0 5.8748626708984375
38.576 0.0234375 -0.0078125 0.0 -0.5 -0.5 0.5 0.5 14.870407104492188 11.77734375 -5.9765625 7.42578125 26.4921875 0.0 12.0234375 -5.85546875 10.7109375 30.3203125 228.34036254882812 11.671875 5.90234375 8.73828125 30.89453125 0.0 11.8125 5.90234375 7.55859375 26.875 0.0 5.845550537109375
38.765 0.0234375 -0.0078125 0.0 -0.5 -0.5 0.5 0.5 -11.919113159179688 11.953125 -6.01171875 7.03125 26.4921875 0.0 12.09375 -6.03125 7.953125 29.5546875 237.2567138671875 11.8828125 5.90234375 7.42578125 31.0859375 0.0 11.98828125 5.95703125 5.8515625 27.2578125 0.0 5.8650970458984375
38.955 0.0234375 -0.0078125 0.0 -0.5 -0.5 0.5 0.5 15.486175537109375 12.0234375 -6.046875 7.42578125 26.4921875 0.0 12.05859375 -6.046875 7.1640625 29.36328125 235.06365966796875 11.8828125 5.95703125 7.42578125 30.703125 0.0 11.8125 5.95703125 6.76953125 27.2578125 0.0 5.8357696533203125
39.14 0.0234375 -0.0078125 0.0 -0.5 -0.5 0.5 0.5 -12.50244140625 11.70703125 -5.890625 6.76953125 26.4921875 0.0 12.09375 -6.03125 7.1640625 29.9375 236.61346435546875 11.84765625 5.9375 6.76953125 30.51171875 0.0 11.8828125 5.95703125 6.24609375 27.83203125 0.0 5.845550537109375
39.32 0.0234375 -0.0078125 0.0 -0.5 -0.5 0.5 0.5 30.27960205078125 12.09375 -6.046875 6.11328125 26.875 0.0 12.12890625 -6.046875 6.5078125 30.3203125 251.50640869140625 12.0234375 5.8671875 7.296875 30.3203125 0.0 11.953125 5.9921875 5.58984375 27.83203125 0.0 5.8846435546875
39.505 0.0234375 -0.0078125 0.0 -0.5 -0.5 0.5 0.5 -4.070556640625 12.05859375 -6.03125 5.45703125 26.875 0.0 12.12890625 -6.03125 6.90234375 30.12890625 223.75013732910156 11.8828125 5.921875 6.640625 30.703125 0.0 11.953125 5.9921875 5.1953125 26.875 0.0 5.8064422607421875
39.692 0.0234375 -0.0078125 0.0 -0.5 -0.5 0.5 0.5 14.985015869140625 12.09375 -6.06640625 6.24609375 26.109375 0.0 12.12890625 -6.06640625 6.640625 30.3203125 253.18124389648438 11.91796875 5.97265625 6.24609375 30.703125 0.0 11.98828125 6.0078125 5.32421875 27.44921875 0.0 5.855316162109375
39.887 0.0234375 -0.0078125 0.0 -0.5 -0.5 0.5 0.5 31.421829223632812 12.12890625 -6.03125 5.32421875 27.2578125 0.0 12.1640625 -6.06640625 6.5078125 30.3203125 256.10243225097656 12.0234375 5.95703125 7.1640625 30.51171875 0.0 11.91796875 6.0078125 5.0625 27.06640625 0.0 5.855316162109375
40.076 0.0234375 -0.0078125 0.0 -0.5 -0.5 0.5 0.5 60.51341247558594 12.09375 -6.046875 5.984375 26.875 0.0 12.09375 -6.06640625 6.24609375 30.12890625 246.8818359375 11.84765625 5.95703125 6.24609375 31.0859375 0.0 11.8828125 5.97265625 5.32421875 26.68359375 0.0 5.8064422607421875
40.258 0.0234375 -0.0078125 0.0 -0.5 -0.5 0.5 0.5 18.341781616210938 12.05859375 -6.03125 6.11328125 26.68359375 0.0 12.1640625 -6.08203125 7.1640625 29.9375 247.0088653564453 11.98828125 6.0078125 6.640625 30.3203125 0.0 12.12890625 6.0625 5.58984375 26.68359375 0.0 5.845550537109375
40.436 0.0234375 -0.0078125 0.0 0.0 0.0 -0.0 -0.0 52.55882263183594 12.41015625 0.0 0.0 26.875 0.0 12.09375 0.0 0.0 30.51171875 214.33355712890625 11.84765625 0.0 0.0 30.51171875 0.0 11.7421875 0.0 0.0 26.875 0.0 5.601165771484375
