Timestamp Driver_Joy_Y Driver_Joy_X Driver_Joy_W FL_Out BL_Out BR_Out FR_Out FL_Jag_Speed FL_Bus_Voltage FL_Out_Voltage FL_Out_Current FL_Temp BL_Jag_Speed BL_Bus_Voltage BL_Out_Voltage BL_Out_Current BL_Temp BR_Jag_Speed BR_Bus_Voltage BR_Out_Voltage BR_Out_Current BR_Temp FR_Jag_Speed FR_Bus_Voltage FR_Out_Voltage FR_Out_Current FR_Temp
2.472 0.0078125 0.015748031496062992 -0.0234375 0.0 0.0 0.0 0.0 0.0 12.69140625 0.0 0.0 26.4921875 0.0 12.62109375 0.0 0.0 29.9375 0.0 12.796875 0.0 0.0 30.12890625 0.0 12.7265625 0.0 0.0 27.06640625 0.0 5.82598876953125
2.636 0.0078125 0.015748031496062992 -0.0234375 0.0 0.0 0.0 0.0 0.0 12.69140625 0.0 0.0 26.68359375 0.0 12.62109375 0.0 0.0 30.3203125 0.0 12.76171875 0.0 0.0 30.12890625 0.0 12.69140625 0.0 0.0 27.83203125 0.0 5.82598876953125
2.785 0.0078125 0.015748031496062992 -0.0234375 0.0 0.0 0.0 0.0 0.0 12.7265625 0.0 0.0 28.21484375 0.0 12.62109375 0.0 0.0 30.51171875 0.0 12.76171875 0.0 0.0 30.51171875 0.0 12.65625 0.0 0.0 27.06640625 0.0 5.82598876953125
2.936 0.0078125 0.015748031496062992 -0.0234375 0.0 0.0 0.0 0.0 0.0 12.62109375 0.0 0.0 27.640625 0.0 12.515625 0.0 0.0 30.703125 0.0 12.69140625 0.0 0.0 30.3203125 0.0 12.7265625 0.0 0.0 27.640625 0.0 5.82598876953125
3.096 0.0078125 0.015748031496062992 -0.0234375 0.0 0.0 0.0 0.0 0.0 12.69140625 0.0 0.0 27.2578125 0.0 12.5859375 0.0 0.0 30.12890625 0.0 12.76171875 0.0 0.0 30.3203125 0.0 12.69140625 0.0 0.0 27.06640625 0.0 5.82598876953125
3.244 0.0078125 0.015748031496062992 -0.0234375 0.0 0.0 0.0 0.0 0.0 12.69140625 0.0 0.0 27.06640625 0.0 12.5859375 0.0 0.0 30.703125 0.0 12.7265625 0.0 0.0 30.51171875 0.0 12.65625 0.0 0.0 27.640625 0.0 5.82598876953125
3.403 0.0078125 0.015748031496062992 -0.0234375 0.0 0.0 0.0 0.0 0.0 12.65625 0.0 0.0 26.875 0.0 12.515625 0.0 0.0 29.9375 0.0 12.7265625 0.0 0.0 30.12890625 0.0 12.7265625 0.0 0.0 27.2578125 0.0 5.82598876953125
3.562 0.0078125 0.015748031496062992 -0.0234375 0.0 0.0 0.0 0.0 0.0 12.65625 0.0 0.0 27.44921875 0.0 12.515625 0.0 0.0 30.12890625 0.0 12.65625 0.0 0.0 29.9375 0.0 12.65625 0.0 0.0 28.0234375 0.0 5.82598876953125
3.723 0.0078125 0.015748031496062992 -0.0234375 0.0 0.0 0.0 0.0 0.0 12.65625 0.0 0.0 28.21484375 0.0 12.55078125 0.0 0.0 29.9375 0.0 12.76171875 0.0 0.0 30.12890625 0.0 12.69140625 0.0 0.0 27.44921875 0.0 5.81622314453125
3.874 0.0078125 0.015748031496062992 -0.0234375 0.0 0.0 0.0 0.0 0.0 12.65625 0.0 0.0 27.2578125 0.0 12.55078125 0.0 0.0 30.3203125 0.0 12.62109375 0.0 0.0 30.12890625 0.0 12.69140625 0.0 0.0 27.2578125 0.0 5.81622314453125
4.045 0.0078125 0.015748031496062992 -0.0234375 -0.5 -0.5 0.5 0.5 0.0 11.390625 -5.5390625 37.234375 26.4921875 0.0 10.58203125 -5.23828125 28.56640625 30.12890625 86.04655456542969 10.44140625 5.25390625 23.578125 29.36328125 0.0 10.546875 5.2890625 27.6484375 26.68359375 0.0 5.8357696533203125
4.225 0.0078125 0.015748031496062992 -0.0234375 -0.5 -0.5 0.5 0.5 -23.50592041015625 11.1796875 -5.625 21.609375 26.68359375 0.0 10.72265625 -5.3984375 18.45703125 29.36328125 153.10394287109375 10.8984375 5.33984375 21.08203125 29.9375 0.0 11.1796875 5.5 18.71875 26.68359375 0.0 5.8650970458984375
4.437 0.0078125 0.015748031496062992 -0.0234375 -0.5 -0.5 0.5 0.5 35.08995056152344 11.53125 -5.765625 15.3046875 25.7265625 0.0 11.390625 -5.78515625 14.25390625 29.74609375 175.21444702148438 11.25 5.67578125 12.6796875 29.74609375 0.0 11.6015625 5.76171875 12.0234375 27.640625 0.0 5.855316162109375
4.624 0.0078125 0.015748031496062992 -0.0234375 -0.5 -0.5 0.5 0.5 -9.697280883789062 11.56640625 -5.90625 11.49609375 27.06640625 0.0 11.91796875 -5.94140625 11.3671875 29.9375 191.57852172851562 11.53125 5.78125 10.4453125 29.74609375 0.0 11.56640625 5.8671875 9.265625 28.0234375 0.0 5.81622314453125
4.816 0.0078125 0.015748031496062992 -0.0234375 -0.5 -0.5 0.5 0.5 -14.912918090820312 11.8125 -5.92578125 9.265625 27.2578125 0.0 12.0234375 -5.9765625 9.66015625 29.9375 213.5706329345703 11.77734375 5.83203125 10.0546875 29.9375 0.0 11.8125 5.90234375 9.00390625 26.68359375 0.0 5.855316162109375
5.013 0.0078125 0.015748031496062992 -0.0234375 -0.5 -0.5 0.5 0.5 -15.46759033203125 11.91796875 -5.9609375 9.265625 26.109375 0.0 12.09375 -6.03125 8.87109375 29.74609375 226.04190063476562 11.77734375 5.9375 8.4765625 30.3203125 0.0 11.84765625 5.9375 7.42578125 27.2578125 0.0 5.8357696533203125
5.192 0.0078125 0.015748031496062992 -0.0234375 -0.5 -0.5 0.5 0.5 -18.742584228515625 11.98828125 -5.99609375 7.296875 27.83203125 0.0 12.1640625 -6.06640625 7.55859375 30.3203125 234.07496643066406 11.77734375 5.9375 7.953125 29.9375 0.0 11.8828125 5.95703125 6.5078125 26.875 0.0 5.82598876953125
5.372 0.0078125 0.015748031496062992 -0.0234375 -0.5 -0.5 0.5 0.5 -46.03376770019531 12.0234375 -6.01171875 6.90234375 26.68359375 0.0 12.12890625 -6.08203125 6.640625 30.89453125 248.07803344726562 11.953125 5.921875 8.4765625 29.74609375 0.0 11.98828125 5.95703125 5.984375 27.44921875 0.0 5.8650970458984375
5.553 0.0078125 0.015748031496062992 -0.0234375 -0.5 -0.5 0.5 0.5 22.62469482421875 11.07421875 -5.57421875 4.66796875 27.06640625 0.0 11.4609375 -5.80078125 6.375 30.703125 222.415283203125 11.3203125 5.69140625 6.11328125 29.9375 0.0 11.390625 5.76171875 5.45703125 26.875 0.0 5.82598876953125
5.726 0.0078125 0.015748031496062992 -0.0234375 -0.5 -0.5 0.5 0.5 31.728713989257812 11.6015625 -5.78515625 7.1640625 26.875 0.0 11.77734375 -5.87109375 5.984375 30.51171875 233.02383422851562 11.4609375 5.7109375 6.640625 30.51171875 0.0 11.6015625 5.76171875 4.93359375 27.640625 0.0 5.82598876953125
5.911 0.0078125 0.015748031496062992 -0.0234375 -0.5 -0.5 0.5 0.5 -55.709503173828125 11.63671875 -5.85546875 5.8515625 26.875 0.0 11.7421875 -5.87109375 6.11328125 29.9375 235.02049255371094 11.49609375 5.78125 6.5078125 30.3203125 0.0 11.53125 5.81640625 6.24609375 27.2578125 0.0 5.8650970458984375
6.097 0.0078125 0.015748031496062992 -0.0234375 -0.5 -0.5 0.5 0.5 30.175857543945312 11.70703125 -5.80078125 6.76953125 26.68359375 0.0 11.77734375 -5.90625 5.984375 30.3203125 227.7580108642578 11.4609375 5.7265625 6.5078125 29.5546875 0.0 11.63671875 5.78125 5.71875 27.44921875 0.0 5.81622314453125
6.279 0.0078125 0.015748031496062992 -0.0234375 -0.5 -0.5 0.5 0.5 -54.701629638671875 11.63671875 -5.85546875 5.71875 27.2578125 0.0 11.8125 -5.890625 5.984375 29.9375 228.02850341796875 11.56640625 5.796875 6.11328125 29.9375 0.0 11.49609375 5.74609375 5.71875 26.68359375 0.0 5.8357696533203125
6.556 0.0078125 0.015748031496062992 -0.0234375 -0.5 -0.5 0.5 0.5 -13.519699096679688 11.6015625 -5.8203125 6.5078125 26.4921875 0.0 11.7421875 -5.890625 5.8515625 30.12890625 220.42361450195312 11.4609375 5.74609375 6.76953125 29.9375 0.0 11.53125 5.78125 5.984375 26.875 0.0 5.796661376953125
6.732 0.0078125 0.015748031496062992 -0.0234375 -0.5 -0.5 0.5 0.5 15.390274047851562 11.70703125 -5.8203125 5.984375 27.2578125 0.0 11.77734375 -5.890625 5.71875 29.74609375 267.1861877441406 11.6015625 5.83203125 5.984375 30.12890625 0.0 11.53125 5.7265625 4.93359375 27.2578125 0.0 5.796661376953125
6.918 0.0078125 0.015748031496062992 -0.0234375 -0.5 -0.5 0.5 0.5 -13.515548706054688 11.70703125 -5.8203125 6.24609375 26.68359375 0.0 11.7421875 -5.90625 5.58984375 29.5546875 227.55555725097656 11.63671875 5.7265625 7.42578125 29.9375 0.0 11.63671875 5.83203125 6.11328125 27.2578125 0.0 5.81622314453125
7.094 0.0078125 0.015748031496062992 -0.0234375 0.0 0.0 -0.0 -0.0 -60.071319580078125 11.91796875 0.0 0.0 27.640625 0.0 11.7421875 0.0 0.0 30.3203125 214.1064910888672 11.42578125 0.0 0.0 29.9375 0.0 11.56640625 0.0 0.0 27.06640625 0.0 5.5816192626953125
