Timestamp Driver_Joy_Y Driver_Joy_X Driver_Joy_W FL_Out BL_Out BR_Out FR_Out FL_Jag_Speed FL_Bus_Voltage FL_Out_Voltage FL_Out_Current FL_Temp BL_Jag_Speed BL_Bus_Voltage BL_Out_Voltage BL_Out_Current BL_Temp BR_Jag_Speed BR_Bus_Voltage BR_Out_Voltage BR_Out_Current BR_Temp FR_Jag_Speed FR_Bus_Voltage FR_Out_Voltage FR_Out_Current FR_Temp
24.639 0.0078125 0.015748031496062992 -0.0234375 0.0 0.0 -0.0 -0.0 0.0 12.55078125 0.0 0.0 26.30078125 0.0 12.55078125 0.0 0.0 29.74609375 0.0 12.65625 0.0 0.0 29.74609375 0.0 12.62109375 0.0 0.0 26.30078125 0.0 5.82598876953125
24.825 0.0078125 0.015748031496062992 -0.0234375 0.0 0.0 -0.0 -0.0 0.0 12.65625 0.0 0.0 26.875 0.0 12.4453125 0.0 0.0 30.12890625 0.0 12.65625 0.0 0.0 29.5546875 0.0 12.65625 0.0 0.0 26.875 0.0 5.81622314453125
25.023 0.0078125 0.015748031496062992 -0.0234375 0.0 0.0 -0.0 -0.0 0.0 12.62109375 0.0 0.0 27.44921875 0.0 12.4453125 0.0 0.0 30.12890625 0.0 12.65625 0.0 0.0 30.3203125 0.0 12.62109375 0.0 0.0 27.06640625 0.0 5.82598876953125
25.232 0.0078125 0.015748031496062992 -0.0234375 0.0 0.0 -0.0 -0.0 0.0 12.55078125 0.0 0.0 27.2578125 0.0 12.515625 0.0 0.0 29.74609375 0.0 12.69140625 0.0 0.0 30.703125 0.0 12.5859375 0.0 0.0 27.06640625 0.0 5.81622314453125
25.442 0.0078125 0.015748031496062992 -0.0234375 0.0 0.0 -0.0 -0.0 0.0 12.62109375 0.0 0.0 26.109375 0.0 12.4453125 0.0 0.0 29.9375 0.0 12.62109375 0.0 0.0 30.3203125 0.0 12.62109375 0.0 0.0 27.2578125 0.0 5.81622314453125
25.643 0.0078125 0.015748031496062992 -0.0234375 0.0 0.0 -0.0 -0.0 0.0 12.55078125 0.0 0.0 26.875 0.0 12.515625 0.0 0.0 29.9375 0.0 12.65625 0.0 0.0 29.74609375 0.0 12.55078125 0.0 0.0 27.06640625 0.0 5.81622314453125
25.859 0.0078125 0.015748031496062992 -0.0234375 0.0 0.0 -0.0 -0.0 0.0 12.55078125 0.0 0.0 26.68359375 0.0 12.515625 0.0 0.0 30.12890625 0.0 12.65625 0.0 0.0 29.9375 0.0 12.55078125 0.0 0.0 27.2578125 0.0 5.82598876953125
26.061 0.0078125 0.015748031496062992 -0.0234375 0.0 0.0 -0.0 -0.0 0.0 12.5859375 0.0 0.0 26.875 0.0 12.4453125 0.0 0.0 30.3203125 0.0 12.5859375 0.0 0.0 30.3203125 0.0 12.5859375 0.0 0.0 26.875 0.0 5.82598876953125
26.273 0.0078125 0.015748031496062992 -0.0234375 0.0 0.0 -0.0 -0.0 0.0 12.515625 0.0 0.0 26.30078125 0.0 12.4453125 0.0 0.0 29.74609375 0.0 12.62109375 0.0 0.0 29.9375 0.0 12.55078125 0.0 0.0 27.2578125 0.0 5.82598876953125
26.48 0.0078125 0.015748031496062992 -0.0234375 0.0 0.0 -0.0 -0.0 0.0 12.55078125 0.0 0.0 26.875 0.0 12.41015625 0.0 0.0 29.9375 0.0 12.5859375 0.0 0.0 29.74609375 0.0 12.5859375 0.0 0.0 27.06640625 0.0 5.81622314453125
26.683 0.0078125 0.015748031496062992 -0.0234375 0.0 0.0 -0.0 -0.0 0.0 12.5859375 0.0 0.0 27.2578125 0.0 12.41015625 0.0 0.0 29.9375 0.0 12.62109375 0.0 0.0 29.74609375 0.0 12.55078125 0.0 0.0 27.44921875 0.0 5.81622314453125
26.892 0.0078125 0.015748031496062992 -0.0234375 0.0 0.0 -0.0 -0.0 0.0 12.55078125 0.0 0.0 27.83203125 0.0 12.4453125 0.0 0.0 29.9375 0.0 12.62109375 0.0 0.0 30.3203125 0.0 12.5859375 0.0 0.0 27.2578125 0.0 5.8064422607421875
27.103 0.0078125 0.015748031496062992 -0.0234375 0.0 0.0 -0.0 -0.0 0.0 12.515625 0.0 0.0 27.2578125 0.0 12.48046875 0.0 0.0 29.9375 0.0 12.62109375 0.0 0.0 29.36328125 0.0 12.55078125 0.0 0.0 27.2578125 0.0 5.81622314453125
27.313 0.0078125 0.015748031496062992 -0.0234375 0.0 0.0 -0.0 -0.0 0.0 12.5859375 0.0 0.0 26.68359375 0.0 12.4453125 0.0 0.0 30.12890625 0.0 12.375 0.0 0.0 29.5546875 0.0 11.98828125 0.0 0.0 27.2578125 0.0 5.542510986328125
S: 154846601147 Fired
27.578 0.0078125 0.015748031496062992 -0.0234375 0.0 0.0 -0.0 -0.0 0.0 11.8125 0.0 0.0 25.91796875 0.0 11.1796875 0.0 0.0 29.9375 -7.9351348876953125 11.42578125 0.0 0.0 29.9375 0.0 11.21484375 0.0 0.0 27.83203125 0.0 5.20037841796875
27.779 0.0078125 0.015748031496062992 -0.0234375 0.0 0.0 -0.0 -0.0 0.0 12.0234375 0.0 0.0 26.4921875 0.0 11.953125 0.0 0.0 29.74609375 -4.5810546875 12.1640625 0.0 0.0 29.9375 0.0 11.70703125 0.0 0.0 27.06640625 0.0 5.913970947265625
27.98 0.0078125 0.015748031496062992 -0.0234375 0.0 0.0 -0.0 -0.0 0.0 12.48046875 0.0 0.0 26.68359375 0.0 12.33984375 0.0 0.0 30.3203125 7.2294158935546875 12.515625 0.0 0.0 29.9375 0.0 12.515625 0.0 0.0 27.640625 0.0 5.82598876953125
28.194 0.0078125 0.015748031496062992 -0.0234375 0.0 0.0 -0.0 -0.0 0.0 12.4453125 0.0 0.0 26.875 0.0 12.375 0.0 0.0 29.36328125 0.0 12.515625 0.0 0.0 30.12890625 0.0 12.55078125 0.0 0.0 27.44921875 0.0 5.82598876953125
28.399 0.0078125 0.015748031496062992 -0.0234375 0.0 0.0 -0.0 -0.0 0.0 12.515625 0.0 0.0 27.44921875 0.0 12.375 0.0 0.0 29.74609375 0.0 12.55078125 0.0 0.0 30.3203125 0.0 12.515625 0.0 0.0 27.44921875 0.0 5.8357696533203125
28.603 0.0078125 0.015748031496062992 -0.0234375 0.0 0.0 -0.0 -0.0 0.0 12.55078125 0.0 0.0 26.68359375 0.0 12.3046875 0.0 0.0 29.36328125 0.0 12.5859375 0.0 0.0 30.12890625 0.0 12.55078125 0.0 0.0 27.2578125 0.0 5.8357696533203125
28.821 0.0078125 0.015748031496062992 -0.0234375 0.0 0.0 -0.0 -0.0 0.0 12.48046875 0.0 0.0 26.875 0.0 12.41015625 0.0 0.0 30.3203125 0.0 12.55078125 0.0 0.0 30.12890625 0.0 12.55078125 0.0 0.0 27.2578125 0.0 5.8357696533203125
29.037 0.0078125 0.015748031496062992 -0.0234375 0.0 0.0 -0.0 -0.0 0.0 12.515625 0.0 0.0 26.68359375 0.0 12.4453125 0.0 0.0 29.9375 0.0 12.5859375 0.0 0.0 30.12890625 0.0 12.4453125 0.0 0.0 27.44921875 0.0 5.82598876953125
29.241 0.0078125 0.015748031496062992 -0.0234375 0.0 0.0 -0.0 -0.0 0.0 12.48046875 0.0 0.0 27.2578125 0.0 12.41015625 0.0 0.0 29.74609375 0.0 12.5859375 0.0 0.0 29.9375 0.0 12.48046875 0.0 0.0 27.2578125 0.0 5.82598876953125
29.454 0.0078125 0.015748031496062992 -0.0234375 0.0 0.0 -0.0 -0.0 0.0 12.515625 0.0 0.0 27.2578125 0.0 12.375 0.0 0.0 29.9375 0.0 12.5859375 0.0 0.0 29.9375 0.0 12.48046875 0.0 0.0 27.44921875 0.0 5.8357696533203125
29.656 0.0078125 0.015748031496062992 -0.0234375 0.0 0.0 -0.0 -0.0 0.0 12.515625 0.0 0.0 26.875 0.0 12.41015625 0.0 0.0 30.703125 0.0 12.55078125 0.0 0.0 29.5546875 0.0 12.55078125 0.0 0.0 27.2578125 0.0 5.8357696533203125
29.834 0.0078125 0.015748031496062992 -0.0234375 0.0 0.0 -0.0 -0.0 0.0 12.48046875 0.0 0.0 26.68359375 0.0 12.33984375 0.0 0.0 30.12890625 0.0 12.5859375 0.0 0.0 30.51171875 0.0 12.55078125 0.0 0.0 26.4921875 0.0 5.8357696533203125
30.004 0.0078125 0.015748031496062992 -0.0234375 0.0 0.0 -0.0 -0.0 0.0 12.515625 0.0 0.0 26.68359375 0.0 12.33984375 0.0 0.0 30.12890625 0.0 12.55078125 0.0 0.0 29.9375 0.0 12.55078125 0.0 0.0 27.2578125 0.0 5.82598876953125
30.177 0.0078125 0.015748031496062992 -0.0234375 0.0 0.0 -0.0 -0.0 0.0 12.48046875 0.0 0.0 27.06640625 0.0 12.375 0.0 0.0 30.3203125 0.0 12.5859375 0.0 0.0 29.9375 0.0 12.55078125 0.0 0.0 27.2578125 0.0 5.8357696533203125
30.355 0.0625 0.015748031496062992 -0.0234375 0.0 0.0 -0.0 -0.0 0.0 12.48046875 0.0 0.0 26.68359375 0.0 12.3046875 0.0 0.0 29.5546875 0.0 12.5859375 0.0 0.0 29.9375 0.0 12.48046875 0.0 0.0 27.44921875 0.0 5.8357696533203125
30.535 0.1640625 0.015748031496062992 -0.0234375 0.0 0.0 -0.0 -0.0 0.0 12.48046875 0.0 0.0 27.2578125 0.0 12.375 0.0 0.0 29.74609375 0.0 12.55078125 0.0 0.0 29.9375 0.0 12.515625 0.0 0.0 27.44921875 0.0 5.8064422607421875
30.717 0.203125 0.015748031496062992 -0.0234375 -0.11679687500000001 -0.11679687500000001 0.11679687500000001 0.11679687500000001 0.0 12.26953125 -1.4375 9.1328125 27.44921875 0.0 12.41015625 -1.453125 7.55859375 29.74609375 10.123611450195312 12.26953125 1.41796875 7.69140625 29.74609375 0.0 12.19921875 1.42578125 5.71875 26.30078125 0.0 5.913970947265625
30.9 0.203125 0.015748031496062992 -0.0234375 -0.13203125000000002 -0.13203125000000002 0.13203125000000002 0.13203125000000002 -4.375274658203125 12.3046875 -1.625 10.18359375 27.44921875 0.0 12.41015625 -1.63671875 7.953125 29.171875 10.943817138671875 12.19921875 1.59375 8.08203125 29.5546875 0.0 12.234375 1.60546875 6.640625 27.06640625 0.0 5.855316162109375
31.085 0.3046875 0.015748031496062992 -0.0234375 -0.147265625 -0.147265625 0.147265625 0.147265625 0.0 12.26953125 -1.8125 7.953125 27.44921875 0.0 12.375 -1.80859375 10.31640625 29.9375 21.2935791015625 12.05859375 1.78515625 7.42578125 29.36328125 0.0 12.12890625 1.7890625 5.71875 26.68359375 0.0 5.8748626708984375
31.266 0.3203125 0.015748031496062992 -0.0234375 -0.20820312500000002 -0.20820312500000002 0.20820312500000002 0.20820312500000002 -3.23919677734375 12.12890625 -2.51953125 10.7109375 26.875 0.0 12.05859375 -2.5546875 8.08203125 29.9375 37.54545593261719 11.91796875 2.48046875 10.0546875 30.3203125 0.0 12.05859375 2.4921875 8.73828125 26.875 0.0 5.855316162109375
31.458 0.3203125 0.015748031496062992 -0.0234375 -0.20820312500000002 -0.20820312500000002 0.20820312500000002 0.20820312500000002 0.0 12.09375 -2.54296875 9.52734375 26.4921875 0.0 12.26953125 -2.5546875 8.73828125 29.9375 61.2283935546875 12.12890625 2.53125 7.8203125 30.12890625 0.0 12.12890625 2.515625 5.984375 27.06640625 0.0 5.855316162109375
31.646 0.3203125 0.015748031496062992 -0.0234375 -0.20820312500000002 -0.20820312500000002 0.20820312500000002 0.20820312500000002 0.0 12.3046875 -2.5546875 7.296875 26.875 0.0 12.26953125 -2.5703125 6.5078125 29.9375 58.16242980957031 12.05859375 2.48828125 8.34765625 29.74609375 0.0 12.0234375 2.5234375 7.69140625 26.68359375 0.0 5.855316162109375
31.832 0.3203125 0.015748031496062992 -0.0234375 -0.20820312500000002 -0.20820312500000002 0.20820312500000002 0.20820312500000002 -69.15055847167969 12.12890625 -2.55078125 8.87109375 26.109375 0.0 12.3046875 -2.5546875 6.24609375 29.5546875 56.01014709472656 12.0234375 2.515625 7.953125 29.74609375 0.0 12.19921875 2.5234375 5.45703125 27.06640625 0.0 5.82598876953125
32.016 0.203125 0.015748031496062992 -0.0234375 -0.17265625 -0.17265625 0.17265625 0.17265625 -13.780136108398438 12.375 -2.125 4.80078125 27.2578125 0.0 12.375 -2.1328125 4.5390625 29.74609375 59.83544921875 12.26953125 2.1171875 5.58984375 30.12890625 0.0 12.234375 2.12109375 4.14453125 27.06640625 0.0 5.8357696533203125
32.196 -0.0 0.015748031496062992 -0.0234375 0.0 0.0 -0.0 -0.0 10.856185913085938 12.515625 0.0 0.0 26.68359375 0.0 12.375 0.0 0.0 28.59765625 30.566192626953125 12.5859375 0.0 0.0 29.9375 0.0 12.48046875 0.0 0.0 27.06640625 0.0 5.82598876953125
32.381 -0.015748031496062992 0.015748031496062992 -0.0234375 0.0 0.0 -0.0 -0.0 0.0 12.515625 0.0 0.0 27.06640625 0.0 12.33984375 0.0 0.0 29.9375 13.363906860351562 12.5859375 0.0 0.0 29.74609375 0.0 12.515625 0.0 0.0 26.875 0.0 5.82598876953125
32.556 -0.015748031496062992 0.015748031496062992 -0.0234375 0.0 0.0 -0.0 -0.0 0.0 12.4453125 0.0 0.0 27.44921875 0.0 12.33984375 0.0 0.0 30.3203125 0.0 12.55078125 0.0 0.0 29.74609375 0.0 12.48046875 0.0 0.0 27.2578125 0.0 5.82598876953125
32.737 -0.015748031496062992 0.031496062992125984 -0.0234375 0.0 0.0 -0.0 -0.0 0.0 12.4453125 0.0 0.0 26.109375 0.0 12.41015625 0.0 0.0 29.74609375 0.0 12.48046875 0.0 0.0 29.9375 0.0 12.48046875 0.0 0.0 26.875 0.0 5.8357696533203125
32.916 -0.015748031496062992 0.031496062992125984 -0.0234375 0.0 0.0 -0.0 -0.0 0.0 12.515625 0.0 0.0 26.68359375 0.0 12.33984375 0.0 0.0 30.3203125 0.0 12.55078125 0.0 0.0 29.5546875 0.0 12.55078125 0.0 0.0 27.06640625 0.0 5.8357696533203125
33.097 -0.015748031496062992 0.031496062992125984 -0.0234375 0.0 0.0 -0.0 -0.0 0.0 12.4453125 0.0 0.0 26.30078125 0.0 12.375 0.0 0.0 29.74609375 0.0 12.5859375 0.0 0.0 29.74609375 0.0 12.4453125 0.0 0.0 26.875 0.0 5.82598876953125
33.276 -0.015748031496062992 0.031496062992125984 -0.0234375 0.0 0.0 -0.0 -0.0 0.0 12.515625 0.0 0.0 26.68359375 0.0 12.33984375 0.0 0.0 30.12890625 0.0 12.375 0.0 0.0 29.36328125 0.0 11.7421875 0.0 0.0 27.2578125 0.0 5.68914794921875
S: 154846607108 Fired
33.463 -0.015748031496062992 0.031496062992125984 -0.0234375 0.0 0.0 -0.0 -0.0 0.0 11.56640625 0.0 0.0 26.4921875 0.0 11.49609375 0.0 0.0 29.36328125 3.46990966796875 11.35546875 0.0 0.0 29.9375 0.0 11.4609375 0.0 0.0 26.875 0.0 4.8778076171875
33.655 -0.015748031496062992 0.031496062992125984 -0.0234375 0.0 0.0 -0.0 -0.0 0.0 11.25 0.0 0.0 26.4921875 0.0 11.25 0.0 0.0 30.3203125 -18.3367919921875 11.6015625 0.0 0.0 29.74609375 0.0 11.8828125 0.0 0.0 27.06640625 0.0 5.229705810546875
33.835 -0.015748031496062992 0.031496062992125984 -0.0234375 0.0 0.0 -0.0 -0.0 0.0 11.98828125 0.0 0.0 26.4921875 0.0 11.953125 0.0 0.0 29.171875 -4.3025970458984375 11.671875 0.0 0.0 29.9375 0.0 10.96875 0.0 0.0 26.875 0.0 5.972625732421875
34.024 -0.015748031496062992 0.031496062992125984 -0.0234375 0.0 0.0 -0.0 -0.0 0.0 10.828125 0.0 0.0 26.875 0.0 10.72265625 0.0 0.0 29.5546875 3.465728759765625 10.86328125 0.0 0.0 29.9375 0.0 10.8984375 0.0 0.0 26.875 0.0 5.972625732421875
34.195 -0.015748031496062992 0.031496062992125984 -0.0234375 0.0 0.0 -0.0 -0.0 0.0 10.8984375 0.0 0.0 26.109375 0.0 10.6875 0.0 0.0 29.9375 2.9093780517578125 10.86328125 0.0 0.0 29.74609375 0.0 10.86328125 0.0 0.0 26.875 0.0 5.972625732421875
34.378 -0.015748031496062992 0.031496062992125984 -0.0234375 0.0 0.0 -0.0 -0.0 0.0 10.828125 0.0 0.0 26.875 0.0 10.7578125 0.0 0.0 30.3203125 0.0 10.86328125 0.0 0.0 29.5546875 0.0 10.86328125 0.0 0.0 26.875 0.0 5.972625732421875
34.561 -0.015748031496062992 0.031496062992125984 -0.0234375 0.0 0.0 -0.0 -0.0 0.0 10.828125 0.0 0.0 26.4921875 0.0 10.6171875 0.0 0.0 30.89453125 0.0 11.53125 0.0 0.0 29.74609375 0.0 12.33984375 0.0 0.0 27.44921875 0.0 5.8846435546875
34.733 -0.015748031496062992 0.031496062992125984 -0.0234375 0.0 0.0 -0.0 -0.0 0.0 12.3046875 0.0 0.0 26.68359375 0.0 12.19921875 0.0 0.0 29.74609375 0.0 12.4453125 0.0 0.0 30.3203125 0.0 12.375 0.0 0.0 27.44921875 0.0 5.845550537109375
34.904 -0.015748031496062992 0.031496062992125984 -0.0234375 0.0 0.0 -0.0 -0.0 0.0 12.41015625 0.0 0.0 27.2578125 0.0 12.19921875 0.0 0.0 30.12890625 0.0 12.48046875 0.0 0.0 30.51171875 0.0 12.4453125 0.0 0.0 26.875 0.0 5.845550537109375
35.094 -0.015748031496062992 0.031496062992125984 -0.0234375 0.0 0.0 -0.0 -0.0 0.0 12.375 0.0 0.0 25.15234375 0.0 12.55078125 0.0 0.0 31.0859375 0.0 12.7265625 0.0 0.0 30.12890625 0.0 12.69140625 0.0 0.0 26.875 0.0 5.845550537109375
35.264 -0.015748031496062992 0.031496062992125984 -0.0234375 0.0 0.0 -0.0 -0.0 0.0 12.65625 0.0 0.0 27.06640625 0.0 12.5859375 0.0 0.0 29.5546875 0.0 12.76171875 0.0 0.0 30.3203125 0.0 12.7265625 0.0 0.0 27.44921875 0.0 5.845550537109375
35.433 -0.015748031496062992 0.031496062992125984 -0.0234375 0.0 0.0 -0.0 -0.0 0.0 12.69140625 0.0 0.0 27.640625 0.0 12.62109375 0.0 0.0 29.74609375 0.0 12.796875 0.0 0.0 29.9375 0.0 12.76171875 0.0 0.0 27.06640625 0.0 5.845550537109375
35.604 -0.015748031496062992 0.031496062992125984 -0.0234375 0.0 0.0 -0.0 -0.0 0.0 12.7265625 0.0 0.0 26.4921875 0.0 12.62109375 0.0 0.0 30.51171875 0.0 12.796875 0.0 0.0 29.9375 0.0 12.7265625 0.0 0.0 27.44921875 0.0 5.845550537109375
35.776 -0.015748031496062992 0.031496062992125984 -0.0234375 0.0 0.0 -0.0 -0.0 0.0 12.7265625 0.0 0.0 26.30078125 0.0 12.62109375 0.0 0.0 29.9375 0.0 12.83203125 0.0 0.0 29.9375 0.0 12.76171875 0.0 0.0 26.4921875 0.0 5.845550537109375
35.945 -0.015748031496062992 0.031496062992125984 -0.0234375 0.0 0.0 -0.0 -0.0 0.0 12.7265625 0.0 0.0 26.30078125 0.0 12.65625 0.0 0.0 29.5546875 0.0 12.83203125 0.0 0.0 29.74609375 0.0 12.796875 0.0 0.0 27.2578125 0.0 5.845550537109375
36.114 -0.015748031496062992 0.031496062992125984 -0.0234375 0.0 0.0 -0.0 -0.0 0.0 12.76171875 0.0 0.0 26.30078125 0.0 12.65625 0.0 0.0 29.171875 0.0 12.83203125 0.0 0.0 29.9375 0.0 12.76171875 0.0 0.0 26.875 0.0 5.845550537109375
36.299 -0.015748031496062992 0.031496062992125984 -0.0234375 0.0 0.0 -0.0 -0.0 0.0 12.76171875 0.0 0.0 27.06640625 0.0 12.65625 0.0 0.0 29.5546875 0.0 12.83203125 0.0 0.0 29.9375 0.0 12.796875 0.0 0.0 27.06640625 0.0 5.845550537109375
36.476 -0.015748031496062992 0.031496062992125984 -0.0234375 0.0 0.0 -0.0 -0.0 0.0 12.76171875 0.0 0.0 26.109375 0.0 12.65625 0.0 0.0 29.9375 0.0 12.8671875 0.0 0.0 29.9375 0.0 12.796875 0.0 0.0 27.2578125 0.0 5.845550537109375
36.674 -0.015748031496062992 0.031496062992125984 -0.0234375 0.0 0.0 -0.0 -0.0 0.0 12.76171875 0.0 0.0 26.68359375 0.0 12.65625 0.0 0.0 29.9375 0.0 12.83203125 0.0 0.0 29.9375 0.0 12.76171875 0.0 0.0 26.4921875 0.0 5.845550537109375
36.843 -0.015748031496062992 0.031496062992125984 -0.0234375 0.0 0.0 -0.0 -0.0 0.0 12.76171875 0.0 0.0 26.30078125 0.0 12.69140625 0.0 0.0 29.9375 0.0 12.8671875 0.0 0.0 30.3203125 0.0 12.796875 0.0 0.0 27.06640625 0.0 5.845550537109375
37.016 -0.015748031496062992 0.031496062992125984 -0.0234375 0.0 0.0 -0.0 -0.0 0.0 12.76171875 0.0 0.0 26.4921875 0.0 12.69140625 0.0 0.0 29.5546875 0.0 12.8671875 0.0 0.0 30.12890625 0.0 12.796875 0.0 0.0 27.06640625 0.0 5.845550537109375
37.194 -0.031496062992125984 0.031496062992125984 0.05511811023622047 0.0 0.0 -0.0 -0.0 0.0 12.796875 0.0 0.0 26.875 0.0 12.69140625 0.0 0.0 30.3203125 0.0 12.83203125 0.0 0.0 29.5546875 0.0 12.796875 0.0 0.0 26.68359375 0.0 5.855316162109375
37.364 -0.05511811023622047 0.031496062992125984 0.0 0.0 0.0 -0.0 -0.0 0.0 12.76171875 0.0 0.0 26.875 0.0 12.69140625 0.0 0.0 29.171875 0.0 12.8671875 0.0 0.0 30.12890625 0.0 12.796875 0.0 0.0 27.2578125 0.0 5.855316162109375
37.536 0.0078125 0.031496062992125984 0.0 0.0 0.0 -0.0 -0.0 0.0 12.796875 0.0 0.0 26.875 0.0 12.69140625 0.0 0.0 29.9375 0.0 12.8671875 0.0 0.0 30.12890625 0.0 12.83203125 0.0 0.0 26.4921875 0.0 5.845550537109375
37.716 0.0078125 0.031496062992125984 0.0 0.0 0.0 -0.0 -0.0 0.0 12.796875 0.0 0.0 26.4921875 0.0 12.69140625 0.0 0.0 30.3203125 0.0 12.8671875 0.0 0.0 29.74609375 0.0 12.83203125 0.0 0.0 26.875 0.0 5.845550537109375
37.896 0.0078125 0.031496062992125984 -0.0078125 0.0 0.0 -0.0 -0.0 0.0 12.83203125 0.0 0.0 26.30078125 0.0 12.69140625 0.0 0.0 30.3203125 0.0 12.8671875 0.0 0.0 29.74609375 0.0 12.83203125 0.0 0.0 26.68359375 0.0 5.845550537109375
38.078 0.0078125 0.031496062992125984 -0.0078125 0.0 0.0 -0.0 -0.0 0.0 12.796875 0.0 0.0 26.68359375 0.0 12.69140625 0.0 0.0 29.74609375 0.0 12.8671875 0.0 0.0 30.12890625 0.0 12.83203125 0.0 0.0 26.875 0.0 5.845550537109375
38.256 0.0078125 0.031496062992125984 -0.0078125 0.0 0.0 -0.0 -0.0 0.0 12.83203125 0.0 0.0 27.2578125 0.0 12.7265625 0.0 0.0 29.74609375 0.0 12.41015625 0.0 0.0 29.74609375 0.0 11.953125 0.0 0.0 26.875 0.0 5.68914794921875
S: 154846612087 Fired
38.454 0.0078125 0.031496062992125984 -0.0078125 0.0 0.0 -0.0 -0.0 0.0 11.63671875 0.0 0.0 26.109375 0.0 11.77734375 0.0 0.0 29.9375 0.0 11.4609375 0.0 0.0 29.9375 0.0 11.6015625 0.0 0.0 27.06640625 0.0 4.9364471435546875
38.618 0.0078125 0.031496062992125984 -0.0078125 0.0 0.0 -0.0 -0.0 0.0 11.25 0.0 0.0 26.4921875 0.0 11.63671875 0.0 0.0 30.12890625 -19.147140502929688 11.53125 0.0 0.0 29.74609375 0.0 12.234375 0.0 0.0 26.4921875 0.0 5.3372344970703125
38.794 0.0078125 0.031496062992125984 -0.0078125 0.0 0.0 -0.0 -0.0 0.0 12.3046875 0.0 0.0 26.68359375 0.0 12.234375 0.0 0.0 29.9375 14.291656494140625 12.69140625 0.0 0.0 29.5546875 0.0 12.69140625 0.0 0.0 27.06640625 0.0 5.8846435546875
38.976 0.0078125 0.031496062992125984 -0.0078125 0.0 0.0 -0.0 -0.0 0.0 12.69140625 0.0 0.0 27.83203125 0.0 12.62109375 0.0 0.0 29.9375 4.3270263671875 12.796875 0.0 0.0 29.5546875 0.0 12.76171875 0.0 0.0 27.2578125 0.0 5.845550537109375
39.156 0.0078125 0.031496062992125984 -0.0078125 0.0 0.0 -0.0 -0.0 0.0 12.7265625 0.0 0.0 26.4921875 0.0 12.62109375 0.0 0.0 29.5546875 0.0 12.83203125 0.0 0.0 29.9375 0.0 12.76171875 0.0 0.0 26.30078125 0.0 5.8357696533203125
39.334 0.0078125 0.031496062992125984 -0.0078125 0.0 0.0 -0.0 -0.0 0.0 12.76171875 0.0 0.0 25.91796875 0.0 12.65625 0.0 0.0 29.5546875 0.0 12.83203125 0.0 0.0 30.3203125 0.0 12.796875 0.0 0.0 27.640625 0.0 5.845550537109375
39.503 0.0078125 0.05511811023622047 -0.0078125 0.0 0.0 -0.0 -0.0 0.0 12.76171875 0.0 0.0 26.109375 0.0 12.65625 0.0 0.0 30.3203125 0.0 12.8671875 0.0 0.0 29.5546875 0.0 12.796875 0.0 0.0 26.68359375 0.0 5.845550537109375
39.696 0.0078125 0.05511811023622047 -0.0078125 0.0 0.0 -0.0 -0.0 0.0 12.76171875 0.0 0.0 27.640625 0.0 12.65625 0.0 0.0 28.98046875 0.0 12.83203125 0.0 0.0 29.74609375 0.0 12.796875 0.0 0.0 26.4921875 0.0 5.845550537109375
39.873 0.0078125 0.05511811023622047 -0.0078125 0.0 0.0 -0.0 -0.0 0.0 12.76171875 0.0 0.0 26.109375 0.0 12.69140625 0.0 0.0 29.74609375 0.0 12.8671875 0.0 0.0 29.74609375 0.0 12.83203125 0.0 0.0 27.2578125 0.0 5.845550537109375
40.055 0.0078125 0.05511811023622047 -0.0078125 0.0 0.0 -0.0 -0.0 0.0 12.76171875 0.0 0.0 26.4921875 0.0 12.69140625 0.0 0.0 29.5546875 0.0 12.8671875 0.0 0.0 29.74609375 0.0 12.796875 0.0 0.0 26.875 0.0 5.845550537109375
40.235 0.0078125 0.05511811023622047 -0.0078125 0.0 0.0 -0.0 -0.0 0.0 12.796875 0.0 0.0 26.875 0.0 12.69140625 0.0 0.0 29.9375 0.0 12.8671875 0.0 0.0 29.74609375 0.0 12.83203125 0.0 0.0 27.44921875 0.0 5.8357696533203125
40.417 0.0078125 0.05511811023622047 -0.0078125 0.0 0.0 -0.0 -0.0 0.0 12.796875 0.0 0.0 26.4921875 0.0 12.69140625 0.0 0.0 29.74609375 0.0 12.8671875 0.0 0.0 29.36328125 0.0 12.83203125 0.0 0.0 26.4921875 0.0 5.8357696533203125
40.597 0.0078125 0.05511811023622047 -0.0078125 0.0 0.0 -0.0 -0.0 0.0 12.796875 0.0 0.0 26.68359375 0.0 12.69140625 0.0 0.0 29.5546875 0.0 12.90234375 0.0 0.0 29.9375 0.0 12.83203125 0.0 0.0 26.875 0.0 5.845550537109375
40.774 0.0078125 0.05511811023622047 -0.0078125 0.0 0.0 -0.0 -0.0 0.0 12.796875 0.0 0.0 27.2578125 0.0 12.7265625 0.0 0.0 29.36328125 0.0 12.90234375 0.0 0.0 29.9375 0.0 12.83203125 0.0 0.0 26.68359375 0.0 5.8357696533203125
40.945 0.0078125 0.05511811023622047 -0.0078125 0.0 0.0 -0.0 -0.0 0.0 12.796875 0.0 0.0 27.2578125 0.0 12.69140625 0.0 0.0 30.51171875 0.0 12.8671875 0.0 0.0 29.74609375 0.0 12.83203125 0.0 0.0 26.4921875 0.0 5.8357696533203125
41.135 0.0078125 0.05511811023622047 -0.0078125 0.0 0.0 -0.0 -0.0 0.0 12.83203125 0.0 0.0 26.4921875 0.0 12.69140625 0.0 0.0 29.36328125 0.0 12.8671875 0.0 0.0 29.74609375 0.0 12.83203125 0.0 0.0 27.640625 0.0 5.845550537109375
41.314 0.0078125 0.05511811023622047 -0.0078125 0.0 0.0 -0.0 -0.0 0.0 12.796875 0.0 0.0 26.109375 0.0 12.69140625 0.0 0.0 29.5546875 0.0 12.90234375 0.0 0.0 30.12890625 0.0 12.83203125 0.0 0.0 26.4921875 0.0 5.8357696533203125
41.484 0.0078125 0.05511811023622047 -0.0078125 0.0 0.0 -0.0 -0.0 0.0 12.83203125 0.0 0.0 25.34375 0.0 12.69140625 0.0 0.0 30.12890625 0.0 12.90234375 0.0 0.0 29.9375 0.0 12.83203125 0.0 0.0 26.30078125 0.0 5.8357696533203125
41.655 0.0078125 0.05511811023622047 -0.0078125 0.0 0.0 -0.0 -0.0 0.0 12.83203125 0.0 0.0 26.68359375 0.0 12.7265625 0.0 0.0 28.59765625 0.0 12.90234375 0.0 0.0 29.5546875 0.0 12.83203125 0.0 0.0 26.875 0.0 5.8357696533203125
41.824 0.0078125 0.05511811023622047 -0.0078125 0.0 0.0 -0.0 -0.0 0.0 12.83203125 0.0 0.0 26.109375 0.0 12.7265625 0.0 0.0 29.5546875 0.0 12.90234375 0.0 0.0 29.74609375 0.0 12.8671875 0.0 0.0 26.30078125 0.0 5.845550537109375
41.997 0.0078125 0.05511811023622047 -0.0078125 0.0 0.0 -0.0 -0.0 0.0 12.796875 0.0 0.0 26.68359375 0.0 12.7265625 0.0 0.0 29.74609375 0.0 12.90234375 0.0 0.0 29.5546875 0.0 12.8671875 0.0 0.0 26.30078125 0.0 5.8357696533203125
42.184 0.0078125 0.05511811023622047 -0.0078125 0.0 0.0 -0.0 -0.0 0.0 12.83203125 0.0 0.0 25.91796875 0.0 12.7265625 0.0 0.0 29.5546875 0.0 12.90234375 0.0 0.0 29.36328125 0.0 12.8671875 0.0 0.0 27.2578125 0.0 5.8357696533203125
42.375 0.0078125 0.05511811023622047 -0.0078125 0.0 0.0 -0.0 -0.0 0.0 12.83203125 0.0 0.0 26.4921875 0.0 12.7265625 0.0 0.0 29.5546875 0.0 12.90234375 0.0 0.0 29.9375 0.0 12.8671875 0.0 0.0 26.4921875 0.0 5.845550537109375
42.543 0.0078125 0.05511811023622047 -0.0078125 0.0 0.0 -0.0 -0.0 0.0 12.83203125 0.0 0.0 26.68359375 0.0 12.7265625 0.0 0.0 29.36328125 0.0 12.09375 0.0 0.0 29.36328125 0.0 12.234375 0.0 0.0 26.68359375 0.0 5.6402587890625
S: 154846616368 Fired
42.735 0.0078125 0.05511811023622047 -0.0078125 0.0 0.0 -0.0 -0.0 0.0 11.70703125 0.0 0.0 26.875 0.0 11.84765625 0.0 0.0 30.12890625 6.47900390625 11.70703125 0.0 0.0 29.74609375 0.0 11.53125 0.0 0.0 27.2578125 0.0 4.8778076171875
42.914 0.0078125 0.05511811023622047 -0.0078125 0.0 0.0 -0.0 -0.0 0.0 11.63671875 0.0 0.0 26.4921875 0.0 11.53125 0.0 0.0 29.9375 -19.946914672851562 11.671875 0.0 0.0 29.74609375 0.0 12.0234375 0.0 0.0 26.68359375 0.0 5.2394866943359375
43.083 0.0078125 0.05511811023622047 -0.0078125 0.0 0.0 -0.0 -0.0 0.0 12.3046875 0.0 0.0 25.91796875 0.0 12.234375 0.0 0.0 30.703125 -5.5612945556640625 12.375 0.0 0.0 29.9375 0.0 12.7265625 0.0 0.0 26.68359375 0.0 5.913970947265625
43.255 0.0078125 0.05511811023622047 -0.0078125 0.0 0.0 -0.0 -0.0 0.0 12.69140625 0.0 0.0 26.30078125 0.0 12.65625 0.0 0.0 29.36328125 7.2249298095703125 12.83203125 0.0 0.0 29.9375 0.0 12.796875 0.0 0.0 26.68359375 0.0 5.8357696533203125
43.423 0.0078125 0.05511811023622047 -0.0078125 0.0 0.0 -0.0 -0.0 0.0 12.76171875 0.0 0.0 26.875 0.0 12.69140625 0.0 0.0 29.36328125 0.0 12.8671875 0.0 0.0 29.5546875 0.0 12.796875 0.0 0.0 26.68359375 0.0 5.8357696533203125
43.598 0.0078125 0.05511811023622047 -0.0078125 0.0 0.0 -0.0 -0.0 0.0 12.796875 0.0 0.0 28.0234375 0.0 12.69140625 0.0 0.0 29.171875 0.0 12.8671875 0.0 0.0 29.5546875 0.0 12.83203125 0.0 0.0 26.68359375 0.0 5.8357696533203125
43.765 0.0078125 0.05511811023622047 -0.0078125 0.0 0.0 -0.0 -0.0 0.0 12.796875 0.0 0.0 26.68359375 0.0 12.69140625 0.0 0.0 29.36328125 0.0 12.62109375 0.0 0.0 29.9375 0.0 12.65625 0.0 0.0 27.2578125 0.0 5.7086944580078125
S: 154846617595 Fired
43.954 0.0078125 0.07086614173228346 -0.0078125 0.0 0.0 -0.0 -0.0 0.0 12.62109375 0.0 0.0 26.30078125 0.0 12.55078125 0.0 0.0 29.36328125 0.0 12.69140625 0.0 0.0 29.9375 0.0 12.65625 0.0 0.0 27.06640625 0.0 5.229705810546875
44.136 0.0078125 0.07086614173228346 -0.0078125 0.0 0.0 -0.0 -0.0 0.0 12.65625 0.0 0.0 26.4921875 0.0 12.55078125 0.0 0.0 30.12890625 0.0 12.7265625 0.0 0.0 30.12890625 0.0 12.65625 0.0 0.0 26.4921875 0.0 4.69207763671875
44.316 0.0078125 0.07086614173228346 -0.0078125 0.0 0.0 -0.0 -0.0 0.0 12.62109375 0.0 0.0 26.875 0.0 11.53125 0.0 0.0 29.9375 0.0 11.77734375 0.0 0.0 29.74609375 0.0 11.7421875 0.0 0.0 27.06640625 0.0 4.6334228515625
44.485 0.0078125 0.07086614173228346 -0.0078125 0.0 0.0 -0.0 -0.0 0.0 11.63671875 0.0 0.0 26.875 0.0 11.42578125 0.0 0.0 29.36328125 0.0 11.63671875 0.0 0.0 29.5546875 0.0 11.6015625 0.0 0.0 27.06640625 0.0 4.7996063232421875
44.656 0.0078125 0.07086614173228346 -0.0078125 0.0 0.0 -0.0 -0.0 0.0 11.91796875 0.0 0.0 25.91796875 0.0 11.77734375 0.0 0.0 29.74609375 0.0 12.26953125 0.0 0.0 29.74609375 0.0 12.33984375 0.0 0.0 27.06640625 0.0 5.5522918701171875
44.825 0.0078125 0.07086614173228346 -0.0078125 0.0 0.0 -0.0 -0.0 0.0 12.33984375 0.0 0.0 26.875 0.0 12.12890625 0.0 0.0 29.9375 7.0401611328125 11.35546875 0.0 0.0 29.74609375 0.0 11.21484375 0.0 0.0 26.875 0.0 5.972625732421875
44.997 0.0078125 0.07086614173228346 -0.0078125 0.0 0.0 -0.0 -0.0 0.0 11.0390625 0.0 0.0 27.2578125 0.0 10.8984375 0.0 0.0 29.74609375 0.0 11.07421875 0.0 0.0 29.36328125 0.0 11.109375 0.0 0.0 26.4921875 0.0 5.9921722412109375
45.182 0.0078125 0.07086614173228346 -0.0078125 0.0 0.0 -0.0 -0.0 0.0 11.00390625 0.0 0.0 26.4921875 0.0 10.93359375 0.0 0.0 29.5546875 0.0 11.07421875 0.0 0.0 29.36328125 0.0 11.0390625 0.0 0.0 26.875 0.0 5.9921722412109375
45.366 0.0078125 0.07086614173228346 -0.0078125 0.0 0.0 -0.0 -0.0 0.0 11.7421875 0.0 0.0 26.109375 0.0 11.56640625 0.0 0.0 29.9375 0.0 11.77734375 0.0 0.0 29.36328125 0.0 11.7421875 0.0 0.0 26.68359375 0.0 5.972625732421875
45.553 0.0078125 0.07086614173228346 -0.0078125 0.0 0.0 -0.0 -0.0 0.0 11.671875 0.0 0.0 26.68359375 0.0 11.6015625 0.0 0.0 29.74609375 0.0 11.77734375 0.0 0.0 29.74609375 0.0 11.77734375 0.0 0.0 27.44921875 0.0 5.972625732421875
45.758 0.0078125 0.07086614173228346 -0.0078125 0.0 0.0 -0.0 -0.0 0.0 11.671875 0.0 0.0 27.06640625 0.0 11.6015625 0.0 0.0 29.74609375 0.0 11.77734375 0.0 0.0 29.5546875 0.0 11.77734375 0.0 0.0 26.875 0.0 5.9628448486328125
45.938 0.0078125 0.07086614173228346 -0.0078125 0.0 0.0 -0.0 -0.0 0.0 11.671875 0.0 0.0 26.68359375 0.0 11.56640625 0.0 0.0 29.36328125 0.0 11.77734375 0.0 0.0 29.74609375 0.0 11.7421875 0.0 0.0 26.875 0.0 5.972625732421875
46.124 0.0078125 0.07086614173228346 -0.0078125 0.0 0.0 -0.0 -0.0 0.0 11.671875 0.0 0.0 26.30078125 0.0 11.63671875 0.0 0.0 29.36328125 0.0 11.77734375 0.0 0.0 29.74609375 0.0 11.7421875 0.0 0.0 27.2578125 0.0 5.982391357421875
46.297 0.0078125 0.07086614173228346 -0.0078125 0.0 0.0 -0.0 -0.0 0.0 11.671875 0.0 0.0 27.06640625 0.0 11.53125 0.0 0.0 29.36328125 0.0 11.8125 0.0 0.0 30.3203125 0.0 11.7421875 0.0 0.0 27.06640625 0.0 5.9628448486328125
46.474 0.0078125 0.07086614173228346 -0.0078125 0.0 0.0 -0.0 -0.0 0.0 11.671875 0.0 0.0 26.875 0.0 11.56640625 0.0 0.0 29.36328125 0.0 11.77734375 0.0 0.0 29.5546875 0.0 11.70703125 0.0 0.0 27.2578125 0.0 5.982391357421875
46.653 0.0078125 0.07086614173228346 -0.0078125 0.0 0.0 -0.0 -0.0 0.0 11.63671875 0.0 0.0 26.30078125 0.0 11.6015625 0.0 0.0 29.74609375 0.0 11.77734375 0.0 0.0 29.36328125 0.0 11.70703125 0.0 0.0 27.2578125 0.0 5.972625732421875
46.835 0.0078125 0.07086614173228346 -0.0078125 0.0 0.0 -0.0 -0.0 0.0 11.671875 0.0 0.0 26.4921875 0.0 11.53125 0.0 0.0 30.12890625 0.0 11.77734375 0.0 0.0 29.5546875 0.0 11.70703125 0.0 0.0 27.44921875 0.0 5.972625732421875
47.013 0.0078125 0.07086614173228346 -0.0078125 0.0 0.0 -0.0 -0.0 0.0 11.671875 0.0 0.0 25.7265625 0.0 11.6015625 0.0 0.0 29.74609375 0.0 11.77734375 0.0 0.0 29.74609375 0.0 11.70703125 0.0 0.0 26.4921875 0.0 5.982391357421875
47.183 0.0078125 0.07086614173228346 -0.0078125 0.0 0.0 -0.0 -0.0 0.0 12.55078125 0.0 0.0 25.7265625 0.0 12.515625 0.0 0.0 30.12890625 0.0 12.4453125 0.0 0.0 30.12890625 0.0 11.98828125 0.0 0.0 26.68359375 0.0 5.6207122802734375
S: 154846621007 Fired
47.365 0.0078125 0.07086614173228346 -0.0078125 0.0 0.0 -0.0 -0.0 0.0 11.671875 0.0 0.0 26.875 0.0 11.63671875 0.0 0.0 29.74609375 6.7441253662109375 11.28515625 0.0 0.0 29.74609375 0.0 11.671875 0.0 0.0 27.06640625 0.0 5.259033203125
47.538 0.0078125 0.07086614173228346 -0.0078125 0.0 0.0 -0.0 -0.0 0.0 11.56640625 0.0 0.0 27.06640625 0.0 11.77734375 0.0 0.0 29.74609375 10.287033081054688 12.3046875 0.0 0.0 30.3203125 0.0 12.1640625 0.0 0.0 26.875 0.0 5.81622314453125
47.716 0.0078125 0.07086614173228346 -0.0078125 0.0 0.0 -0.0 -0.0 0.0 12.5859375 0.0 0.0 26.4921875 0.0 12.55078125 0.0 0.0 29.9375 10.721603393554688 12.76171875 0.0 0.0 30.12890625 0.0 12.69140625 0.0 0.0 26.68359375 0.0 5.845550537109375
47.896 0.0078125 0.09448818897637795 -0.0078125 0.0 0.0 -0.0 -0.0 0.0 12.69140625 0.0 0.0 25.91796875 0.0 12.5859375 0.0 0.0 29.74609375 -6.1709442138671875 12.76171875 0.0 0.0 29.9375 0.0 12.7265625 0.0 0.0 26.4921875 0.0 5.855316162109375
48.077 0.0078125 0.09448818897637795 -0.0078125 0.0 0.0 -0.0 -0.0 0.0 12.7265625 0.0 0.0 26.875 0.0 12.62109375 0.0 0.0 30.12890625 0.0 12.796875 0.0 0.0 29.5546875 0.0 12.7265625 0.0 0.0 27.44921875 0.0 5.855316162109375
48.254 0.0078125 0.09448818897637795 -0.0078125 0.0 0.0 -0.0 -0.0 0.0 12.7265625 0.0 0.0 26.30078125 0.0 12.62109375 0.0 0.0 29.74609375 0.0 12.796875 0.0 0.0 29.9375 0.0 12.7265625 0.0 0.0 27.640625 0.0 5.845550537109375
48.423 0.0078125 0.09448818897637795 -0.0078125 0.0 0.0 -0.0 -0.0 0.0 12.7265625 0.0 0.0 26.30078125 0.0 12.62109375 0.0 0.0 29.9375 0.0 12.796875 0.0 0.0 30.12890625 0.0 12.76171875 0.0 0.0 26.875 0.0 5.845550537109375
48.596 0.0078125 0.09448818897637795 -0.0078125 0.0 0.0 -0.0 -0.0 0.0 12.76171875 0.0 0.0 27.06640625 0.0 12.62109375 0.0 0.0 29.74609375 0.0 12.83203125 0.0 0.0 30.12890625 0.0 12.76171875 0.0 0.0 27.640625 0.0 5.845550537109375
48.777 0.0078125 0.09448818897637795 -0.0078125 0.0 0.0 -0.0 -0.0 0.0 12.76171875 0.0 0.0 26.109375 0.0 12.65625 0.0 0.0 29.5546875 0.0 12.83203125 0.0 0.0 30.3203125 0.0 12.796875 0.0 0.0 26.4921875 0.0 5.845550537109375
48.955 0.0078125 0.09448818897637795 -0.0078125 0.0 0.0 -0.0 -0.0 0.0 12.76171875 0.0 0.0 27.44921875 0.0 12.65625 0.0 0.0 30.12890625 0.0 12.83203125 0.0 0.0 30.12890625 0.0 12.796875 0.0 0.0 26.875 0.0 5.845550537109375
49.123 0.0078125 0.09448818897637795 -0.0078125 0.0 0.0 -0.0 -0.0 0.0 12.76171875 0.0 0.0 27.44921875 0.0 12.65625 0.0 0.0 29.9375 0.0 12.83203125 0.0 0.0 29.74609375 0.0 12.796875 0.0 0.0 27.06640625 0.0 5.845550537109375
49.295 0.0078125 0.09448818897637795 -0.0078125 0.0 0.0 -0.0 -0.0 0.0 12.76171875 0.0 0.0 26.4921875 0.0 12.69140625 0.0 0.0 30.12890625 0.0 12.83203125 0.0 0.0 29.74609375 0.0 12.796875 0.0 0.0 26.875 0.0 5.845550537109375
49.474 0.0078125 0.09448818897637795 -0.0078125 0.0 0.0 -0.0 -0.0 0.0 12.76171875 0.0 0.0 26.68359375 0.0 12.69140625 0.0 0.0 29.74609375 0.0 12.8671875 0.0 0.0 29.9375 0.0 12.796875 0.0 0.0 27.06640625 0.0 5.845550537109375
49.644 0.0078125 0.09448818897637795 -0.0078125 0.0 0.0 -0.0 -0.0 0.0 12.796875 0.0 0.0 26.30078125 0.0 12.69140625 0.0 0.0 29.9375 0.0 12.8671875 0.0 0.0 29.9375 0.0 12.796875 0.0 0.0 27.640625 0.0 5.855316162109375
49.813 0.0078125 0.09448818897637795 -0.0078125 0.0 0.0 -0.0 -0.0 0.0 12.796875 0.0 0.0 27.06640625 0.0 12.69140625 0.0 0.0 29.5546875 0.0 12.8671875 0.0 0.0 30.12890625 0.0 12.796875 0.0 0.0 27.06640625 0.0 5.855316162109375
50.004 0.0078125 0.09448818897637795 -0.0078125 0.0 0.0 -0.0 -0.0 0.0 12.796875 0.0 0.0 26.30078125 0.0 12.7265625 0.0 0.0 29.74609375 0.0 12.8671875 0.0 0.0 29.5546875 0.0 12.83203125 0.0 0.0 27.44921875 0.0 5.845550537109375
50.177 0.0078125 0.09448818897637795 -0.0078125 0.0 0.0 -0.0 -0.0 0.0 12.796875 0.0 0.0 26.875 0.0 12.69140625 0.0 0.0 29.9375 0.0 12.8671875 0.0 0.0 30.51171875 0.0 12.796875 0.0 0.0 27.44921875 0.0 5.845550537109375
50.354 0.0078125 0.09448818897637795 -0.0078125 0.0 0.0 -0.0 -0.0 0.0 12.796875 0.0 0.0 26.68359375 0.0 12.69140625 0.0 0.0 29.36328125 0.0 12.8671875 0.0 0.0 29.74609375 0.0 12.83203125 0.0 0.0 27.44921875 0.0 5.8650970458984375
50.534 0.0078125 0.09448818897637795 -0.0078125 0.0 0.0 -0.0 -0.0 0.0 12.796875 0.0 0.0 27.2578125 0.0 12.69140625 0.0 0.0 29.171875 0.0 12.8671875 0.0 0.0 29.74609375 0.0 12.83203125 0.0 0.0 27.44921875 0.0 5.855316162109375
50.714 0.0078125 0.09448818897637795 -0.0078125 0.0 0.0 -0.0 -0.0 0.0 12.83203125 0.0 0.0 26.68359375 0.0 12.69140625 0.0 0.0 29.36328125 0.0 12.90234375 0.0 0.0 29.74609375 0.0 12.83203125 0.0 0.0 27.44921875 0.0 5.845550537109375
50.882 0.0078125 0.09448818897637795 -0.0078125 0.0 0.0 -0.0 -0.0 0.0 12.796875 0.0 0.0 27.640625 0.0 12.69140625 0.0 0.0 30.51171875 0.0 12.8671875 0.0 0.0 29.5546875 0.0 12.83203125 0.0 0.0 27.06640625 0.0 5.845550537109375
51.055 0.0078125 0.09448818897637795 -0.0078125 0.0 0.0 -0.0 -0.0 0.0 12.796875 0.0 0.0 25.53515625 0.0 12.7265625 0.0 0.0 30.51171875 0.0 12.90234375 0.0 0.0 30.3203125 0.0 12.83203125 0.0 0.0 26.875 0.0 5.845550537109375
51.225 0.0078125 0.09448818897637795 -0.0078125 0.0 0.0 -0.0 -0.0 0.0 12.796875 0.0 0.0 26.68359375 0.0 12.69140625 0.0 0.0 29.9375 0.0 12.65625 0.0 0.0 29.74609375 0.0 12.0234375 0.0 0.0 27.2578125 0.0 5.7086944580078125
S: 154846625047 Fired
51.403 0.0078125 0.09448818897637795 -0.0078125 0.0 0.0 -0.0 -0.0 0.0 11.77734375 0.0 0.0 25.15234375 0.0 11.77734375 0.0 0.0 29.9375 5.4362030029296875 11.42578125 0.0 0.0 29.5546875 0.0 11.49609375 0.0 0.0 27.06640625 0.0 5.0048828125
51.575 0.0078125 0.09448818897637795 -0.0078125 0.0 0.0 -0.0 -0.0 0.0 10.6171875 0.0 0.0 26.875 0.0 11.77734375 0.0 0.0 29.74609375 -13.910125732421875 11.56640625 0.0 0.0 30.12890625 0.0 11.8828125 0.0 0.0 26.68359375 0.0 5.2492523193359375
51.898 0.0078125 0.09448818897637795 -0.0078125 0.0 0.0 -0.0 -0.0 0.0 10.93359375 0.0 0.0 26.68359375 0.0 11.00390625 0.0 0.0 29.5546875 3.550079345703125 11.109375 0.0 0.0 29.9375 0.0 11.07421875 0.0 0.0 27.2578125 0.0 5.982391357421875
52.078 0.0078125 0.09448818897637795 -0.0078125 0.0 0.0 -0.0 -0.0 0.0 11.00390625 0.0 0.0 26.875 0.0 10.96875 0.0 0.0 30.51171875 0.0 11.07421875 0.0 0.0 30.12890625 0.0 11.0390625 0.0 0.0 26.68359375 0.0 5.972625732421875
52.256 0.0078125 0.09448818897637795 -0.0078125 0.0 0.0 -0.0 -0.0 0.0 11.00390625 0.0 0.0 26.30078125 0.0 10.8984375 0.0 0.0 29.74609375 0.0 11.07421875 0.0 0.0 29.9375 0.0 11.0390625 0.0 0.0 27.44921875 0.0 5.9921722412109375
52.423 0.0078125 0.09448818897637795 -0.0078125 0.0 0.0 -0.0 -0.0 0.0 10.96875 0.0 0.0 26.4921875 0.0 10.93359375 0.0 0.0 29.9375 0.0 11.07421875 0.0 0.0 29.74609375 0.0 11.0390625 0.0 0.0 27.06640625 0.0 5.982391357421875
52.595 0.0078125 0.09448818897637795 -0.0078125 0.0 0.0 -0.0 -0.0 0.0 11.7421875 0.0 0.0 26.875 0.0 12.48046875 0.0 0.0 30.3203125 0.0 12.69140625 0.0 0.0 30.12890625 0.0 12.65625 0.0 0.0 27.06640625 0.0 5.8650970458984375
52.765 0.0078125 0.09448818897637795 -0.0078125 0.0 0.0 -0.0 -0.0 0.0 12.65625 0.0 0.0 25.34375 0.0 12.55078125 0.0 0.0 30.89453125 0.0 12.76171875 0.0 0.0 29.74609375 0.0 12.69140625 0.0 0.0 26.4921875 0.0 5.855316162109375
52.938 0.0078125 0.09448818897637795 -0.0078125 0.0 0.0 -0.0 -0.0 0.0 12.69140625 0.0 0.0 26.4921875 0.0 12.5859375 0.0 0.0 29.74609375 0.0 12.76171875 0.0 0.0 29.9375 0.0 12.7265625 0.0 0.0 27.44921875 0.0 5.8650970458984375
53.116 0.0078125 0.09448818897637795 -0.0078125 0.0 0.0 -0.0 -0.0 0.0 12.69140625 0.0 0.0 27.2578125 0.0 12.62109375 0.0 0.0 30.12890625 0.0 12.796875 0.0 0.0 29.9375 0.0 12.76171875 0.0 0.0 27.06640625 0.0 5.8650970458984375
53.285 0.0078125 0.09448818897637795 -0.0078125 0.0 0.0 -0.0 -0.0 0.0 12.69140625 0.0 0.0 27.83203125 0.0 12.62109375 0.0 0.0 29.74609375 0.0 12.796875 0.0 0.0 29.9375 0.0 12.76171875 0.0 0.0 27.44921875 0.0 5.855316162109375
53.457 0.0078125 0.09448818897637795 -0.0078125 0.0 0.0 -0.0 -0.0 0.0 12.7265625 0.0 0.0 26.4921875 0.0 12.65625 0.0 0.0 29.9375 0.0 12.83203125 0.0 0.0 30.3203125 0.0 12.76171875 0.0 0.0 27.44921875 0.0 5.845550537109375
53.636 0.0078125 0.09448818897637795 -0.0078125 0.0 0.0 -0.0 -0.0 0.0 12.7265625 0.0 0.0 27.2578125 0.0 12.62109375 0.0 0.0 29.9375 0.0 12.83203125 0.0 0.0 30.3203125 0.0 12.76171875 0.0 0.0 26.68359375 0.0 5.8650970458984375
53.826 0.0078125 0.09448818897637795 -0.0078125 0.0 0.0 -0.0 -0.0 0.0 12.76171875 0.0 0.0 27.44921875 0.0 12.65625 0.0 0.0 30.51171875 0.0 12.8671875 0.0 0.0 30.3203125 0.0 12.796875 0.0 0.0 27.2578125 0.0 5.855316162109375
54.016 0.0078125 0.09448818897637795 -0.0078125 0.0 0.0 -0.0 -0.0 0.0 12.76171875 0.0 0.0 26.4921875 0.0 12.65625 0.0 0.0 29.9375 0.0 12.8671875 0.0 0.0 29.9375 0.0 12.796875 0.0 0.0 27.44921875 0.0 5.855316162109375
54.184 0.0078125 0.09448818897637795 -0.0078125 0.0 0.0 -0.0 -0.0 0.0 12.76171875 0.0 0.0 26.109375 0.0 12.65625 0.0 0.0 30.12890625 0.0 12.8671875 0.0 0.0 29.9375 0.0 12.83203125 0.0 0.0 26.875 0.0 5.8650970458984375
54.356 0.0078125 0.09448818897637795 -0.0078125 0.0 0.0 -0.0 -0.0 0.0 12.76171875 0.0 0.0 27.2578125 0.0 12.69140625 0.0 0.0 29.9375 0.0 12.8671875 0.0 0.0 29.9375 0.0 12.796875 0.0 0.0 26.875 0.0 5.855316162109375
54.525 0.0078125 0.09448818897637795 -0.0078125 0.0 0.0 -0.0 -0.0 0.0 12.796875 0.0 0.0 26.68359375 0.0 12.69140625 0.0 0.0 29.9375 0.0 12.8671875 0.0 0.0 29.5546875 0.0 12.796875 0.0 0.0 27.44921875 0.0 5.855316162109375
54.705 0.0078125 0.09448818897637795 -0.0078125 0.0 0.0 -0.0 -0.0 0.0 12.76171875 0.0 0.0 26.109375 0.0 12.69140625 0.0 0.0 29.74609375 0.0 12.8671875 0.0 0.0 29.74609375 0.0 12.796875 0.0 0.0 27.2578125 0.0 5.855316162109375
54.874 0.0078125 0.09448818897637795 -0.0078125 0.0 0.0 -0.0 -0.0 0.0 12.796875 0.0 0.0 27.2578125 0.0 12.69140625 0.0 0.0 29.5546875 0.0 12.8671875 0.0 0.0 29.9375 0.0 12.796875 0.0 0.0 26.4921875 0.0 5.8650970458984375
55.054 0.0078125 0.09448818897637795 -0.0078125 0.0 0.0 -0.0 -0.0 0.0 12.796875 0.0 0.0 27.06640625 0.0 12.69140625 0.0 0.0 29.74609375 0.0 12.8671875 0.0 0.0 29.9375 0.0 12.83203125 0.0 0.0 27.06640625 0.0 5.8650970458984375
55.234 0.0078125 0.09448818897637795 -0.0078125 0.0 0.0 -0.0 -0.0 0.0 12.796875 0.0 0.0 27.640625 0.0 12.69140625 0.0 0.0 30.12890625 0.0 12.8671875 0.0 0.0 29.74609375 0.0 12.83203125 0.0 0.0 26.875 0.0 5.8650970458984375
55.404 0.0078125 0.09448818897637795 -0.0078125 0.0 0.0 -0.0 -0.0 0.0 12.796875 0.0 0.0 26.875 0.0 12.69140625 0.0 0.0 29.9375 0.0 12.8671875 0.0 0.0 29.74609375 0.0 12.83203125 0.0 0.0 27.2578125 0.0 5.855316162109375
55.584 0.0078125 0.09448818897637795 -0.0078125 0.0 0.0 -0.0 -0.0 0.0 12.83203125 0.0 0.0 26.68359375 0.0 12.7265625 0.0 0.0 31.0859375 0.0 12.90234375 0.0 0.0 29.74609375 0.0 12.83203125 0.0 0.0 27.2578125 0.0 5.855316162109375
55.773 0.0078125 0.09448818897637795 -0.0078125 0.0 0.0 -0.0 -0.0 0.0 12.83203125 0.0 0.0 26.4921875 0.0 12.69140625 0.0 0.0 29.9375 0.0 12.55078125 0.0 0.0 29.9375 0.0 12.234375 0.0 0.0 27.2578125 0.0 5.5816192626953125
S: 154846629596 Fired
55.966 0.0078125 0.09448818897637795 -0.0078125 0.0 0.0 -0.0 -0.0 0.0 11.63671875 0.0 0.0 26.109375 0.0 11.42578125 0.0 0.0 29.5546875 8.828689575195312 11.6015625 0.0 0.0 29.9375 0.0 10.6171875 0.0 0.0 26.875 0.0 4.81915283203125
56.152 0.0078125 0.09448818897637795 -0.0078125 0.0 0.0 -0.0 -0.0 0.0 11.8125 0.0 0.0 27.2578125 0.0 11.21484375 0.0 0.0 30.51171875 -20.051681518554688 11.91796875 0.0 0.0 29.74609375 0.0 12.234375 0.0 0.0 27.44921875 0.0 5.4349822998046875
56.323 0.0078125 0.09448818897637795 -0.0078125 0.0 0.0 -0.0 -0.0 0.0 12.3046875 0.0 0.0 26.4921875 0.0 12.19921875 0.0 0.0 29.5546875 -8.269989013671875 11.28515625 0.0 0.0 29.74609375 0.0 11.14453125 0.0 0.0 26.875 0.0 5.9921722412109375
56.496 0.0078125 0.09448818897637795 -0.0078125 0.0 0.0 -0.0 -0.0 0.0 11.07421875 0.0 0.0 26.4921875 0.0 10.93359375 0.0 0.0 29.5546875 0.0 11.14453125 0.0 0.0 29.36328125 0.0 11.07421875 0.0 0.0 27.2578125 0.0 5.982391357421875
56.674 0.0078125 0.09448818897637795 -0.0078125 0.0 0.0 -0.0 -0.0 0.0 11.00390625 0.0 0.0 26.68359375 0.0 10.8984375 0.0 0.0 29.36328125 0.0 11.14453125 0.0 0.0 30.3203125 0.0 11.109375 0.0 0.0 26.875 0.0 5.972625732421875
56.843 0.0078125 0.09448818897637795 -0.0078125 0.0 0.0 -0.0 -0.0 0.0 11.0390625 0.0 0.0 26.68359375 0.0 10.93359375 0.0 0.0 29.5546875 0.0 11.14453125 0.0 0.0 30.12890625 0.0 11.0390625 0.0 0.0 27.83203125 0.0 5.9921722412109375
57.014 0.0078125 0.09448818897637795 -0.0078125 0.0 0.0 -0.0 -0.0 0.0 11.0390625 0.0 0.0 27.44921875 0.0 10.86328125 0.0 0.0 30.51171875 0.0 11.07421875 0.0 0.0 29.9375 0.0 12.55078125 0.0 0.0 26.875 0.0 5.9335174560546875
57.183 0.0078125 0.09448818897637795 -0.0078125 0.0 0.0 -0.0 -0.0 0.0 12.5859375 0.0 0.0 27.640625 0.0 12.515625 0.0 0.0 29.9375 0.0 12.69140625 0.0 0.0 30.12890625 0.0 12.69140625 0.0 0.0 26.875 0.0 5.855316162109375
57.358 0.0078125 0.09448818897637795 -0.0078125 0.0 0.0 -0.0 -0.0 0.0 12.69140625 0.0 0.0 26.30078125 0.0 12.55078125 0.0 0.0 29.9375 0.0 12.76171875 0.0 0.0 29.9375 0.0 12.69140625 0.0 0.0 26.875 0.0 5.855316162109375
57.524 0.0078125 0.09448818897637795 -0.0078125 0.0 0.0 -0.0 -0.0 0.0 12.69140625 0.0 0.0 27.640625 0.0 12.5859375 0.0 0.0 29.9375 0.0 12.796875 0.0 0.0 29.9375 0.0 12.7265625 0.0 0.0 27.06640625 0.0 5.855316162109375
57.697 0.0078125 0.09448818897637795 -0.0078125 0.0 0.0 -0.0 -0.0 0.0 12.7265625 0.0 0.0 27.06640625 0.0 12.62109375 0.0 0.0 29.9375 0.0 12.796875 0.0 0.0 29.9375 0.0 12.76171875 0.0 0.0 26.30078125 0.0 5.855316162109375
57.877 0.0078125 0.09448818897637795 -0.0078125 0.0 0.0 -0.0 -0.0 0.0 12.7265625 0.0 0.0 26.875 0.0 12.62109375 0.0 0.0 29.9375 0.0 12.83203125 0.0 0.0 29.74609375 0.0 12.76171875 0.0 0.0 27.06640625 0.0 5.855316162109375
58.076 0.0078125 0.09448818897637795 -0.0078125 0.0 0.0 -0.0 -0.0 0.0 12.76171875 0.0 0.0 26.875 0.0 12.65625 0.0 0.0 29.36328125 0.0 12.83203125 0.0 0.0 29.5546875 0.0 12.76171875 0.0 0.0 27.06640625 0.0 5.855316162109375
58.253 0.0078125 0.09448818897637795 -0.0078125 0.0 0.0 -0.0 -0.0 0.0 12.7265625 0.0 0.0 28.40625 0.0 12.65625 0.0 0.0 29.9375 0.0 12.83203125 0.0 0.0 29.74609375 0.0 12.76171875 0.0 0.0 27.83203125 0.0 5.8650970458984375
58.425 0.0078125 0.09448818897637795 -0.0078125 0.0 0.0 -0.0 -0.0 0.0 12.76171875 0.0 0.0 26.875 0.0 12.65625 0.0 0.0 29.9375 0.0 12.83203125 0.0 0.0 30.3203125 0.0 12.796875 0.0 0.0 26.4921875 0.0 5.845550537109375
58.603 0.0078125 0.09448818897637795 -0.0078125 0.0 0.0 -0.0 -0.0 0.0 12.76171875 0.0 0.0 27.06640625 0.0 12.69140625 0.0 0.0 29.5546875 0.0 12.83203125 0.0 0.0 30.12890625 0.0 12.796875 0.0 0.0 26.68359375 0.0 5.855316162109375
58.776 0.0078125 0.09448818897637795 -0.0078125 0.0 0.0 -0.0 -0.0 0.0 12.796875 0.0 0.0 27.2578125 0.0 12.69140625 0.0 0.0 29.9375 0.0 12.8671875 0.0 0.0 30.12890625 0.0 12.796875 0.0 0.0 27.44921875 0.0 5.855316162109375
58.957 0.0078125 0.09448818897637795 -0.0078125 0.0 0.0 -0.0 -0.0 0.0 12.76171875 0.0 0.0 26.30078125 0.0 12.65625 0.0 0.0 30.12890625 0.0 12.8671875 0.0 0.0 29.74609375 0.0 12.796875 0.0 0.0 26.875 0.0 5.855316162109375
59.137 0.0078125 0.09448818897637795 -0.0078125 0.0 0.0 -0.0 -0.0 0.0 12.796875 0.0 0.0 26.30078125 0.0 12.65625 0.0 0.0 29.9375 0.0 12.8671875 0.0 0.0 29.9375 0.0 12.796875 0.0 0.0 26.68359375 0.0 5.8650970458984375
59.305 0.0078125 0.09448818897637795 -0.0078125 0.0 0.0 -0.0 -0.0 0.0 12.796875 0.0 0.0 26.875 0.0 12.69140625 0.0 0.0 29.9375 0.0 12.8671875 0.0 0.0 29.9375 0.0 12.796875 0.0 0.0 27.44921875 0.0 5.855316162109375
59.484 0.0078125 0.09448818897637795 -0.0078125 0.0 0.0 -0.0 -0.0 0.0 12.796875 0.0 0.0 27.06640625 0.0 12.69140625 0.0 0.0 30.12890625 0.0 12.8671875 0.0 0.0 30.3203125 0.0 12.83203125 0.0 0.0 26.875 0.0 5.855316162109375
59.664 0.0078125 0.09448818897637795 -0.0078125 0.0 0.0 -0.0 -0.0 0.0 12.796875 0.0 0.0 27.640625 0.0 12.69140625 0.0 0.0 30.12890625 0.0 12.0234375 0.0 0.0 30.12890625 0.0 12.234375 0.0 0.0 27.640625 0.0 5.601165771484375
S: 154846633489 Fired
59.873 0.0078125 0.09448818897637795 -0.0078125 0.0 0.0 -0.0 -0.0 0.0 11.6015625 0.0 0.0 27.2578125 0.0 11.91796875 0.0 0.0 30.12890625 -4.9000701904296875 11.56640625 0.0 0.0 30.12890625 0.0 11.91796875 0.0 0.0 27.06640625 0.0 4.731170654296875
60.058 0.0078125 0.09448818897637795 -0.0078125 0.0 0.0 -0.0 -0.0 0.0 11.91796875 0.0 0.0 26.875 0.0 11.53125 0.0 0.0 29.9375 -19.02911376953125 11.91796875 0.0 0.0 30.3203125 0.0 12.12890625 0.0 0.0 27.44921875 0.0 5.259033203125
60.242 0.0078125 0.09448818897637795 -0.0078125 0.0 0.0 -0.0 -0.0 -9.489303588867188 12.3046875 0.0 0.0 27.44921875 0.0 12.234375 0.0 0.0 29.9375 -14.891098022460938 12.0234375 0.0 0.0 29.74609375 0.0 11.07421875 0.0 0.0 26.875 0.0 5.9628448486328125
60.416 0.0078125 0.09448818897637795 -0.0078125 0.0 0.0 -0.0 -0.0 0.0 11.07421875 0.0 0.0 26.875 0.0 10.96875 0.0 0.0 29.74609375 5.749969482421875 11.07421875 0.0 0.0 30.12890625 0.0 11.0390625 0.0 0.0 27.2578125 0.0 5.9921722412109375
60.584 0.0078125 0.09448818897637795 -0.0078125 0.0 0.0 -0.0 -0.0 0.0 11.0390625 0.0 0.0 27.44921875 0.0 10.93359375 0.0 0.0 30.3203125 0.0 11.0390625 0.0 0.0 29.9375 0.0 11.00390625 0.0 0.0 26.4921875 0.0 5.982391357421875
60.754 0.0078125 0.09448818897637795 -0.0078125 0.0 0.0 -0.0 -0.0 0.0 11.0390625 0.0 0.0 27.2578125 0.0 11.00390625 0.0 0.0 29.36328125 0.0 11.00390625 0.0 0.0 29.74609375 0.0 10.93359375 0.0 0.0 27.44921875 0.0 5.9628448486328125
60.924 0.0078125 0.09448818897637795 -0.0078125 0.0 0.0 -0.0 -0.0 0.0 11.00390625 0.0 0.0 26.68359375 0.0 10.8984375 0.0 0.0 30.3203125 0.0 12.4453125 0.0 0.0 29.74609375 0.0 11.21484375 0.0 0.0 27.44921875 0.0 5.972625732421875
61.116 0.0078125 0.09448818897637795 -0.0078125 0.0 0.0 -0.0 -0.0 0.0 12.515625 0.0 0.0 26.4921875 0.0 12.48046875 0.0 0.0 30.51171875 0.0 12.69140625 0.0 0.0 29.74609375 0.0 12.65625 0.0 0.0 27.06640625 0.0 5.8650970458984375
61.285 0.0078125 0.09448818897637795 -0.0078125 0.0 0.0 -0.0 -0.0 0.0 12.0234375 0.0 0.0 26.68359375 0.0 12.234375 0.0 0.0 30.12890625 0.0 12.515625 0.0 0.0 29.74609375 0.0 12.41015625 0.0 0.0 27.83203125 0.0 5.855316162109375
61.455 0.0078125 0.09448818897637795 -0.0078125 0.0 0.0 -0.0 -0.0 0.0 12.41015625 0.0 0.0 26.4921875 0.0 12.3046875 0.0 0.0 30.12890625 0.0 12.4453125 0.0 0.0 29.9375 0.0 12.41015625 0.0 0.0 27.44921875 0.0 5.855316162109375
61.624 0.0078125 0.09448818897637795 -0.0078125 0.0 0.0 -0.0 -0.0 0.0 12.375 0.0 0.0 27.06640625 0.0 12.375 0.0 0.0 29.9375 0.0 12.515625 0.0 0.0 30.51171875 0.0 12.48046875 0.0 0.0 27.44921875 0.0 5.845550537109375
61.804 0.0078125 0.09448818897637795 -0.0078125 0.0 0.0 -0.0 -0.0 0.0 12.4453125 0.0 0.0 27.06640625 0.0 12.3046875 0.0 0.0 29.74609375 0.0 12.515625 0.0 0.0 30.51171875 0.0 12.48046875 0.0 0.0 26.875 0.0 5.855316162109375
61.974 0.0078125 0.09448818897637795 -0.0078125 0.0 0.0 -0.0 -0.0 0.0 12.48046875 0.0 0.0 27.06640625 0.0 12.375 0.0 0.0 30.12890625 0.0 12.515625 0.0 0.0 29.9375 0.0 12.4453125 0.0 0.0 27.2578125 0.0 5.855316162109375
62.144 0.0078125 0.09448818897637795 -0.0078125 0.0 0.0 -0.0 -0.0 0.0 12.4453125 0.0 0.0 27.2578125 0.0 12.3046875 0.0 0.0 29.9375 0.0 12.48046875 0.0 0.0 30.12890625 0.0 12.4453125 0.0 0.0 27.06640625 0.0 5.845550537109375
62.303 0.0078125 0.09448818897637795 -0.0078125 0.0 0.0 -0.0 -0.0 0.0 12.41015625 0.0 0.0 26.875 0.0 12.3046875 0.0 0.0 30.51171875 0.0 12.55078125 0.0 0.0 30.3203125 0.0 12.48046875 0.0 0.0 27.44921875 0.0 5.855316162109375
62.476 0.0078125 0.09448818897637795 -0.0078125 0.0 0.0 -0.0 -0.0 0.0 12.4453125 0.0 0.0 26.875 0.0 12.375 0.0 0.0 29.5546875 0.0 12.48046875 0.0 0.0 29.9375 0.0 12.48046875 0.0 0.0 27.44921875 0.0 5.855316162109375
62.654 0.0078125 0.09448818897637795 -0.0078125 0.0 0.0 -0.0 -0.0 0.0 12.4453125 0.0 0.0 27.2578125 0.0 12.375 0.0 0.0 30.51171875 0.0 12.48046875 0.0 0.0 29.74609375 0.0 12.4453125 0.0 0.0 27.83203125 0.0 5.855316162109375
62.824 0.0078125 0.09448818897637795 -0.0078125 0.0 0.0 -0.0 -0.0 0.0 12.4453125 0.0 0.0 26.68359375 0.0 12.375 0.0 0.0 29.36328125 0.0 12.515625 0.0 0.0 29.5546875 0.0 12.4453125 0.0 0.0 27.640625 0.0 5.855316162109375
62.996 0.0078125 0.09448818897637795 -0.0078125 0.0 0.0 -0.0 -0.0 0.0 12.4453125 0.0 0.0 27.06640625 0.0 12.375 0.0 0.0 30.3203125 0.0 12.515625 0.0 0.0 29.74609375 0.0 12.4453125 0.0 0.0 27.640625 0.0 5.855316162109375
63.162 0.0078125 0.09448818897637795 -0.0078125 0.0 0.0 -0.0 -0.0 0.0 12.41015625 0.0 0.0 26.875 0.0 12.33984375 0.0 0.0 29.9375 0.0 12.55078125 0.0 0.0 29.5546875 0.0 12.4453125 0.0 0.0 27.640625 0.0 5.855316162109375
63.336 0.0078125 0.09448818897637795 -0.0078125 0.0 0.0 -0.0 -0.0 0.0 12.48046875 0.0 0.0 27.83203125 0.0 12.375 0.0 0.0 30.51171875 0.0 12.55078125 0.0 0.0 29.74609375 0.0 12.515625 0.0 0.0 27.2578125 0.0 5.845550537109375
63.525 0.0078125 0.09448818897637795 -0.0078125 0.0 0.0 -0.0 -0.0 0.0 12.4453125 0.0 0.0 26.875 0.0 12.41015625 0.0 0.0 31.27734375 0.0 12.515625 0.0 0.0 29.5546875 0.0 12.515625 0.0 0.0 26.4921875 0.0 5.855316162109375
63.715 0.0078125 0.09448818897637795 -0.0078125 0.0 0.0 -0.0 -0.0 0.0 12.515625 0.0 0.0 26.68359375 0.0 12.33984375 0.0 0.0 29.9375 0.0 12.55078125 0.0 0.0 29.9375 0.0 12.48046875 0.0 0.0 27.44921875 0.0 5.855316162109375
63.88 0.0078125 0.09448818897637795 -0.0078125 0.0 0.0 -0.0 -0.0 0.0 12.48046875 0.0 0.0 26.875 0.0 12.3046875 0.0 0.0 29.9375 0.0 12.55078125 0.0 0.0 29.9375 0.0 12.48046875 0.0 0.0 27.2578125 0.0 5.855316162109375
64.076 0.0078125 0.09448818897637795 -0.0078125 0.0 0.0 -0.0 -0.0 0.0 12.48046875 0.0 0.0 26.68359375 0.0 12.33984375 0.0 0.0 29.36328125 0.0 12.55078125 0.0 0.0 30.12890625 0.0 12.48046875 0.0 0.0 27.44921875 0.0 5.855316162109375
64.244 0.0078125 0.09448818897637795 -0.0078125 0.0 0.0 -0.0 -0.0 0.0 12.41015625 0.0 0.0 26.4921875 0.0 12.33984375 0.0 0.0 30.3203125 0.0 12.55078125 0.0 0.0 30.51171875 0.0 12.41015625 0.0 0.0 27.640625 0.0 5.8650970458984375
64.417 0.0078125 0.09448818897637795 -0.0078125 0.0 0.0 -0.0 -0.0 0.0 12.41015625 0.0 0.0 26.68359375 0.0 12.41015625 0.0 0.0 30.3203125 0.0 12.515625 0.0 0.0 30.12890625 0.0 12.48046875 0.0 0.0 26.875 0.0 5.855316162109375
64.595 0.0078125 0.09448818897637795 -0.0078125 0.0 0.0 -0.0 -0.0 0.0 12.48046875 0.0 0.0 27.83203125 0.0 12.375 0.0 0.0 29.9375 0.0 12.55078125 0.0 0.0 29.74609375 0.0 12.4453125 0.0 0.0 27.06640625 0.0 5.8650970458984375
64.763 0.0078125 0.09448818897637795 -0.0078125 0.0 0.0 -0.0 -0.0 0.0 12.4453125 0.0 0.0 26.875 0.0 12.375 0.0 0.0 29.74609375 0.0 12.55078125 0.0 0.0 30.12890625 0.0 12.48046875 0.0 0.0 27.2578125 0.0 5.8650970458984375
64.937 0.0078125 0.09448818897637795 -0.0078125 0.0 0.0 -0.0 -0.0 0.0 12.48046875 0.0 0.0 26.875 0.0 12.375 0.0 0.0 30.3203125 0.0 12.55078125 0.0 0.0 29.9375 0.0 12.4453125 0.0 0.0 27.2578125 0.0 5.8650970458984375
65.117 0.0078125 0.09448818897637795 -0.0078125 0.0 0.0 -0.0 -0.0 0.0 12.48046875 0.0 0.0 27.2578125 0.0 12.33984375 0.0 0.0 29.5546875 0.0 12.515625 0.0 0.0 29.74609375 0.0 12.515625 0.0 0.0 27.06640625 0.0 5.855316162109375
65.298 0.0078125 0.09448818897637795 -0.0078125 0.0 0.0 -0.0 -0.0 0.0 12.4453125 0.0 0.0 26.875 0.0 12.33984375 0.0 0.0 29.9375 0.0 12.55078125 0.0 0.0 29.9375 0.0 12.515625 0.0 0.0 27.2578125 0.0 5.855316162109375
65.475 0.0078125 0.09448818897637795 -0.0078125 0.0 0.0 -0.0 -0.0 0.0 12.48046875 0.0 0.0 26.68359375 0.0 12.33984375 0.0 0.0 30.703125 0.0 12.55078125 0.0 0.0 30.3203125 0.0 12.4453125 0.0 0.0 26.875 0.0 5.8650970458984375
65.662 0.0078125 0.09448818897637795 -0.0078125 0.0 0.0 -0.0 -0.0 0.0 12.515625 0.0 0.0 28.0234375 0.0 12.375 0.0 0.0 30.51171875 0.0 12.515625 0.0 0.0 30.3203125 0.0 12.515625 0.0 0.0 27.44921875 0.0 5.845550537109375
65.835 0.0078125 0.09448818897637795 -0.0078125 0.0 0.0 -0.0 -0.0 0.0 12.48046875 0.0 0.0 28.40625 0.0 12.375 0.0 0.0 29.9375 0.0 12.515625 0.0 0.0 30.51171875 0.0 12.4453125 0.0 0.0 27.44921875 0.0 5.855316162109375
66.004 0.0078125 0.09448818897637795 -0.0078125 0.0 0.0 -0.0 -0.0 0.0 12.4453125 0.0 0.0 27.44921875 0.0 12.375 0.0 0.0 30.12890625 0.0 12.55078125 0.0 0.0 29.9375 0.0 12.4453125 0.0 0.0 27.06640625 0.0 5.855316162109375
66.173 0.0078125 0.09448818897637795 -0.0078125 0.0 0.0 -0.0 -0.0 0.0 12.4453125 0.0 0.0 26.30078125 0.0 12.33984375 0.0 0.0 29.74609375 0.0 12.5859375 0.0 0.0 29.74609375 0.0 12.48046875 0.0 0.0 26.875 0.0 5.855316162109375
66.344 0.0078125 0.09448818897637795 -0.0078125 0.0 0.0 -0.0 -0.0 0.0 12.4453125 0.0 0.0 26.875 0.0 12.3046875 0.0 0.0 31.27734375 0.0 12.5859375 0.0 0.0 29.36328125 0.0 12.41015625 0.0 0.0 27.2578125 0.0 5.855316162109375
66.524 0.0078125 0.09448818897637795 -0.0078125 0.0 0.0 -0.0 -0.0 0.0 12.48046875 0.0 0.0 26.875 0.0 12.375 0.0 0.0 29.5546875 0.0 12.5859375 0.0 0.0 29.9375 0.0 12.55078125 0.0 0.0 27.2578125 0.0 5.8650970458984375
66.704 0.0078125 0.09448818897637795 -0.0078125 0.0 0.0 -0.0 -0.0 0.0 12.48046875 0.0 0.0 27.2578125 0.0 12.375 0.0 0.0 30.3203125 0.0 12.55078125 0.0 0.0 29.9375 0.0 12.515625 0.0 0.0 27.2578125 0.0 5.855316162109375
66.878 0.0078125 0.09448818897637795 -0.0078125 0.0 0.0 -0.0 -0.0 0.0 12.48046875 0.0 0.0 27.44921875 0.0 12.41015625 0.0 0.0 29.9375 0.0 12.515625 0.0 0.0 29.74609375 0.0 12.515625 0.0 0.0 27.2578125 0.0 5.855316162109375
67.056 0.0078125 0.09448818897637795 -0.0078125 0.0 0.0 -0.0 -0.0 0.0 12.4453125 0.0 0.0 27.2578125 0.0 12.375 0.0 0.0 29.74609375 0.0 12.55078125 0.0 0.0 30.12890625 0.0 12.4453125 0.0 0.0 27.06640625 0.0 5.8650970458984375
67.235 0.0078125 0.09448818897637795 -0.0078125 0.0 0.0 -0.0 -0.0 0.0 12.4453125 0.0 0.0 26.30078125 0.0 12.375 0.0 0.0 29.9375 0.0 12.5859375 0.0 0.0 30.3203125 0.0 12.4453125 0.0 0.0 27.44921875 0.0 5.855316162109375
67.413 0.0078125 0.09448818897637795 -0.0078125 0.0 0.0 -0.0 -0.0 0.0 12.48046875 0.0 0.0 26.875 0.0 12.375 0.0 0.0 29.9375 0.0 12.55078125 0.0 0.0 29.9375 0.0 12.515625 0.0 0.0 27.640625 0.0 5.855316162109375
67.597 0.0078125 0.09448818897637795 -0.0078125 0.0 0.0 -0.0 -0.0 0.0 12.48046875 0.0 0.0 26.4921875 0.0 12.41015625 0.0 0.0 30.12890625 0.0 12.515625 0.0 0.0 29.74609375 0.0 12.48046875 0.0 0.0 27.640625 0.0 5.855316162109375
67.773 0.0078125 0.09448818897637795 -0.0078125 0.0 0.0 -0.0 -0.0 0.0 12.41015625 0.0 0.0 26.68359375 0.0 12.375 0.0 0.0 30.12890625 0.0 12.48046875 0.0 0.0 30.3203125 0.0 12.515625 0.0 0.0 27.83203125 0.0 5.855316162109375
67.944 0.0078125 0.09448818897637795 -0.0078125 0.0 0.0 -0.0 -0.0 0.0 12.41015625 0.0 0.0 27.2578125 0.0 12.375 0.0 0.0 30.3203125 0.0 12.55078125 0.0 0.0 29.9375 0.0 12.4453125 0.0 0.0 27.2578125 0.0 5.855316162109375
68.117 0.0078125 0.09448818897637795 -0.0078125 0.0 0.0 -0.0 -0.0 0.0 12.4453125 0.0 0.0 27.06640625 0.0 12.33984375 0.0 0.0 29.74609375 0.0 12.55078125 0.0 0.0 30.3203125 0.0 12.515625 0.0 0.0 27.640625 0.0 5.8650970458984375
68.283 0.0078125 0.09448818897637795 -0.0078125 0.0 0.0 -0.0 -0.0 0.0 12.515625 0.0 0.0 27.2578125 0.0 12.3046875 0.0 0.0 29.74609375 0.0 12.515625 0.0 0.0 30.12890625 0.0 12.515625 0.0 0.0 27.2578125 0.0 5.855316162109375
68.461 0.0078125 0.09448818897637795 -0.0078125 0.0 0.0 -0.0 -0.0 0.0 12.41015625 0.0 0.0 26.875 0.0 12.375 0.0 0.0 30.3203125 0.0 12.515625 0.0 0.0 30.51171875 0.0 12.48046875 0.0 0.0 27.06640625 0.0 5.855316162109375
68.644 0.0078125 0.09448818897637795 -0.0078125 0.0 0.0 -0.0 -0.0 0.0 12.48046875 0.0 0.0 27.2578125 0.0 12.41015625 0.0 0.0 29.9375 0.0 12.515625 0.0 0.0 30.12890625 0.0 12.48046875 0.0 0.0 27.44921875 0.0 5.855316162109375
68.815 0.0078125 0.09448818897637795 -0.0078125 0.0 0.0 -0.0 -0.0 0.0 12.4453125 0.0 0.0 27.06640625 0.0 12.41015625 0.0 0.0 29.9375 0.0 12.515625 0.0 0.0 29.9375 0.0 12.48046875 0.0 0.0 27.44921875 0.0 5.855316162109375
68.985 0.0078125 0.09448818897637795 -0.0078125 0.0 0.0 -0.0 -0.0 0.0 12.48046875 0.0 0.0 26.875 0.0 12.375 0.0 0.0 29.74609375 0.0 12.62109375 0.0 0.0 29.9375 0.0 12.48046875 0.0 0.0 27.640625 0.0 5.855316162109375
69.157 0.0078125 0.09448818897637795 -0.0078125 0.0 0.0 -0.0 -0.0 0.0 12.48046875 0.0 0.0 27.44921875 0.0 12.41015625 0.0 0.0 30.3203125 0.0 12.515625 0.0 0.0 29.9375 0.0 12.48046875 0.0 0.0 28.0234375 0.0 5.845550537109375
69.342 0.0078125 0.09448818897637795 -0.0078125 0.0 0.0 -0.0 -0.0 0.0 12.48046875 0.0 0.0 26.875 0.0 12.375 0.0 0.0 29.74609375 0.0 12.55078125 0.0 0.0 29.74609375 0.0 12.55078125 0.0 0.0 27.44921875 0.0 5.855316162109375
69.52 0.0078125 0.09448818897637795 -0.0078125 0.0 0.0 -0.0 -0.0 0.0 12.4453125 0.0 0.0 27.06640625 0.0 12.41015625 0.0 0.0 29.36328125 0.0 12.83203125 0.0 0.0 29.9375 0.0 12.76171875 0.0 0.0 27.06640625 0.0 5.855316162109375
