Timestamp Driver_Joy_Y Driver_Joy_X Driver_Joy_W FL_Out BL_Out BR_Out FR_Out FL_Jag_Speed FL_Bus_Voltage FL_Out_Voltage FL_Out_Current FL_Temp BL_Jag_Speed BL_Bus_Voltage BL_Out_Voltage BL_Out_Current BL_Temp BR_Jag_Speed BR_Bus_Voltage BR_Out_Voltage BR_Out_Current BR_Temp FR_Jag_Speed FR_Bus_Voltage FR_Out_Voltage FR_Out_Current FR_Temp
1.854 -0.0 0.0 -0.0234375 0.0 0.0 0.0 0.0 0.0 12.48046875 0.0 0.0 29.9375 0.0 12.33984375 0.0 0.0 31.66015625 0.0 12.515625 0.0 0.0 32.6171875 0.0 12.48046875 0.0 0.0 29.171875 0.0 5.81622314453125
2.039 -0.0 0.0 -0.0234375 0.0 0.0 -0.0 -0.0 0.0 12.4453125 0.0 0.0 28.7890625 0.0 12.33984375 0.0 0.0 32.6171875 0.0 12.515625 0.0 0.0 32.6171875 0.0 12.48046875 0.0 0.0 28.59765625 0.0 5.81622314453125
2.217 -0.0 0.0 -0.0234375 0.0 0.0 -0.0 -0.0 0.0 12.48046875 0.0 0.0 27.640625 0.0 12.3046875 0.0 0.0 31.8515625 0.0 12.515625 0.0 0.0 32.42578125 0.0 12.48046875 0.0 0.0 29.74609375 0.0 5.81622314453125
2.384 -0.0 0.0 -0.0234375 0.0 0.0 -0.0 -0.0 0.0 12.4453125 0.0 0.0 29.74609375 0.0 12.33984375 0.0 0.0 32.04296875 0.0 12.515625 0.0 0.0 32.80859375 0.0 12.48046875 0.0 0.0 29.5546875 0.0 5.81622314453125
2.557 -0.0 0.0 -0.0234375 0.0 0.0 -0.0 -0.0 0.0 12.4453125 0.0 0.0 29.171875 0.0 12.33984375 0.0 0.0 33.0 0.0 12.515625 0.0 0.0 32.80859375 0.0 12.48046875 0.0 0.0 29.36328125 0.0 5.81622314453125
2.726 -0.0 0.0 -0.0234375 0.0 0.0 -0.0 -0.0 0.0 12.4453125 0.0 0.0 29.36328125 0.0 12.33984375 0.0 0.0 32.04296875 0.0 12.515625 0.0 0.0 32.80859375 0.0 12.48046875 0.0 0.0 29.171875 0.0 5.81622314453125
2.898 -0.0 0.0 -0.0234375 0.0 0.0 -0.0 -0.0 0.0 12.48046875 0.0 0.0 28.98046875 0.0 12.375 0.0 0.0 32.80859375 0.0 12.515625 0.0 0.0 32.6171875 0.0 12.48046875 0.0 0.0 29.5546875 0.0 5.81622314453125
3.065 -0.0 0.0 -0.0234375 0.0 0.0 -0.0 -0.0 0.0 12.48046875 0.0 0.0 29.171875 0.0 12.33984375 0.0 0.0 32.234375 0.0 12.3046875 0.0 0.0 32.6171875 0.0 11.7421875 0.0 0.0 28.40625 0.0 5.68914794921875
S: 154842823692 Fired
3.226 -0.0 0.0 -0.0234375 0.0 0.0 -0.0 -0.0 0.0 11.6015625 0.0 0.0 28.7890625 0.0 11.3203125 0.0 0.0 32.234375 8.155670166015625 11.70703125 0.0 0.0 32.6171875 0.0 12.1640625 0.0 0.0 28.40625 0.0 5.1319580078125
3.398 -0.0 0.0 -0.0234375 0.0 0.0 -0.0 -0.0 0.0 12.19921875 0.0 0.0 28.7890625 0.0 11.21484375 0.0 0.0 31.66015625 -8.473464965820312 10.1953125 0.0 0.0 32.42578125 0.0 11.70703125 0.0 0.0 29.171875 0.0 4.721405029296875
3.578 -0.0 0.0 -0.0234375 0.0 0.0 -0.0 -0.0 -2.880615234375 11.53125 0.0 0.0 30.3203125 0.0 11.63671875 0.0 0.0 32.42578125 22.123123168945312 12.09375 0.0 0.0 32.6171875 0.0 11.98828125 0.0 0.0 29.36328125 0.0 5.5620574951171875
3.742 -0.0 0.0 -0.0234375 0.0 0.0 -0.0 -0.0 0.0 11.91796875 0.0 0.0 29.5546875 0.0 11.42578125 0.0 0.0 32.04296875 4.1837921142578125 10.7578125 0.0 0.0 32.6171875 0.0 10.6875 0.0 0.0 28.59765625 0.0 5.9628448486328125
3.908 -0.0 0.0 -0.0234375 0.0 0.0 -0.0 -0.0 0.0 10.51171875 0.0 0.0 28.98046875 0.0 10.3359375 0.0 0.0 32.80859375 0.0 10.51171875 0.0 0.0 33.0 0.0 10.51171875 0.0 0.0 28.40625 0.0 5.982391357421875
4.059 -0.0 0.0 -0.0234375 0.0 0.0 -0.0 -0.0 0.0 10.4765625 0.0 0.0 29.171875 0.0 10.37109375 0.0 0.0 32.234375 0.0 10.51171875 0.0 0.0 33.0 0.0 10.4765625 0.0 0.0 29.171875 0.0 5.9628448486328125
4.216 -0.0 0.0 -0.0234375 0.0 0.0 -0.0 -0.0 0.0 10.44140625 0.0 0.0 30.51171875 0.0 10.3359375 0.0 0.0 31.8515625 0.0 10.546875 0.0 0.0 32.6171875 0.0 10.546875 0.0 0.0 28.7890625 0.0 5.95306396484375
4.377 -0.0 0.0 -0.0234375 0.0 0.0 -0.0 -0.0 0.0 10.44140625 0.0 0.0 29.171875 0.0 10.30078125 0.0 0.0 32.04296875 0.0 10.51171875 0.0 0.0 32.6171875 0.0 12.05859375 0.0 0.0 29.171875 0.0 5.913970947265625
4.545 -0.0 0.0 -0.0234375 0.0 0.0 -0.0 -0.0 0.0 12.12890625 0.0 0.0 29.171875 0.0 12.05859375 0.0 0.0 32.80859375 0.0 12.26953125 0.0 0.0 32.80859375 0.0 12.26953125 0.0 0.0 29.171875 0.0 5.8357696533203125
4.717 -0.0 0.0 -0.0234375 0.0 0.0 -0.0 -0.0 0.0 12.19921875 0.0 0.0 29.171875 0.0 12.12890625 0.0 0.0 32.42578125 0.0 12.3046875 0.0 0.0 32.42578125 0.0 12.26953125 0.0 0.0 29.171875 0.0 5.82598876953125
4.885 -0.0 0.0 -0.0234375 0.0 0.0 -0.0 -0.0 0.0 12.234375 0.0 0.0 29.36328125 0.0 12.1640625 0.0 0.0 32.234375 0.0 12.33984375 0.0 0.0 32.6171875 0.0 12.3046875 0.0 0.0 29.5546875 0.0 5.8357696533203125
5.06 -0.0 0.0 -0.0234375 0.0 0.0 -0.0 -0.0 0.0 12.26953125 0.0 0.0 28.7890625 0.0 12.19921875 0.0 0.0 33.0 0.0 12.375 0.0 0.0 32.80859375 0.0 12.3046875 0.0 0.0 28.98046875 0.0 5.8357696533203125
5.228 -0.0 0.0 -0.0234375 0.0 0.0 -0.0 -0.0 0.0 12.3046875 0.0 0.0 29.171875 0.0 12.19921875 0.0 0.0 32.42578125 0.0 12.375 0.0 0.0 32.6171875 0.0 12.33984375 0.0 0.0 29.171875 0.0 5.8357696533203125
5.397 -0.0 0.0 -0.0234375 0.0 0.0 -0.0 -0.0 0.0 12.3046875 0.0 0.0 28.98046875 0.0 12.19921875 0.0 0.0 32.04296875 0.0 12.41015625 0.0 0.0 33.3828125 0.0 12.33984375 0.0 0.0 29.5546875 0.0 5.8357696533203125
5.565 -0.0 0.0 -0.0234375 0.0 0.0 -0.0 -0.0 0.0 12.33984375 0.0 0.0 29.171875 0.0 12.234375 0.0 0.0 32.6171875 0.0 12.41015625 0.0 0.0 32.04296875 0.0 12.33984375 0.0 0.0 28.98046875 0.0 5.8357696533203125
5.745 -0.0 0.0 -0.0234375 0.0 0.0 -0.0 -0.0 0.0 12.33984375 0.0 0.0 28.98046875 0.0 12.234375 0.0 0.0 32.80859375 0.0 12.41015625 0.0 0.0 33.0 0.0 12.375 0.0 0.0 29.171875 0.0 5.8357696533203125
5.926 -0.0 0.0 -0.0234375 0.0 0.0 -0.0 -0.0 0.0 12.33984375 0.0 0.0 29.171875 0.0 12.26953125 0.0 0.0 32.234375 0.0 12.41015625 0.0 0.0 32.80859375 0.0 12.375 0.0 0.0 29.36328125 0.0 5.8357696533203125
6.1 -0.0 0.0 -0.0234375 0.0 0.0 -0.0 -0.0 0.0 12.33984375 0.0 0.0 28.7890625 0.0 12.26953125 0.0 0.0 32.234375 0.0 12.41015625 0.0 0.0 32.6171875 0.0 12.375 0.0 0.0 29.5546875 0.0 5.8357696533203125
6.267 -0.0 0.0 -0.0234375 0.0 0.0 -0.0 -0.0 0.0 12.33984375 0.0 0.0 28.7890625 0.0 12.234375 0.0 0.0 32.6171875 0.0 12.41015625 0.0 0.0 32.42578125 0.0 12.375 0.0 0.0 28.7890625 0.0 5.8357696533203125
6.44 -0.0 0.0 -0.0234375 0.0 0.0 -0.0 -0.0 0.0 12.33984375 0.0 0.0 29.171875 0.0 12.234375 0.0 0.0 32.42578125 0.0 12.4453125 0.0 0.0 33.0 0.0 12.375 0.0 0.0 28.7890625 0.0 5.8357696533203125
6.62 -0.0 0.0 -0.0234375 0.0 0.0 -0.0 -0.0 0.0 12.375 0.0 0.0 29.36328125 0.0 12.26953125 0.0 0.0 32.6171875 0.0 12.41015625 0.0 0.0 32.04296875 0.0 12.41015625 0.0 0.0 29.171875 0.0 5.82598876953125
6.787 -0.0 0.0 -0.0234375 0.0 0.0 -0.0 -0.0 0.0 12.375 0.0 0.0 28.98046875 0.0 12.26953125 0.0 0.0 31.66015625 0.0 12.41015625 0.0 0.0 33.19140625 0.0 12.375 0.0 0.0 29.5546875 0.0 5.82598876953125
6.958 -0.0 0.0 -0.0234375 0.0 0.0 -0.0 -0.0 0.0 12.33984375 0.0 0.0 28.7890625 0.0 12.26953125 0.0 0.0 32.80859375 0.0 12.41015625 0.0 0.0 32.80859375 0.0 12.41015625 0.0 0.0 29.171875 0.0 5.8357696533203125
7.125 -0.0 0.0 -0.0234375 0.0 0.0 -0.0 -0.0 0.0 12.33984375 0.0 0.0 28.98046875 0.0 12.26953125 0.0 0.0 33.3828125 0.0 12.4453125 0.0 0.0 32.42578125 0.0 12.375 0.0 0.0 29.36328125 0.0 5.8357696533203125
7.299 -0.0 0.0 -0.0234375 0.0 0.0 -0.0 -0.0 0.0 12.375 0.0 0.0 29.74609375 0.0 12.26953125 0.0 0.0 32.234375 0.0 12.4453125 0.0 0.0 33.0 0.0 12.41015625 0.0 0.0 29.5546875 0.0 5.8357696533203125
7.48 -0.0 0.0 -0.0234375 0.0 0.0 -0.0 -0.0 0.0 12.375 0.0 0.0 30.12890625 0.0 12.26953125 0.0 0.0 32.04296875 0.0 12.4453125 0.0 0.0 32.80859375 0.0 12.41015625 0.0 0.0 28.98046875 0.0 5.82598876953125
7.659 -0.0 0.0 -0.0234375 0.0 0.0 -0.0 -0.0 0.0 12.375 0.0 0.0 29.171875 0.0 12.26953125 0.0 0.0 33.19140625 0.0 12.4453125 0.0 0.0 33.3828125 0.0 12.41015625 0.0 0.0 29.5546875 0.0 5.82598876953125
7.839 -0.0 0.0 -0.0234375 0.0 0.0 -0.0 -0.0 0.0 12.375 0.0 0.0 29.171875 0.0 12.26953125 0.0 0.0 32.234375 0.0 12.4453125 0.0 0.0 33.0 0.0 12.41015625 0.0 0.0 29.5546875 0.0 5.82598876953125
8.006 -0.0 0.0 -0.0234375 0.0 0.0 -0.0 -0.0 0.0 12.41015625 0.0 0.0 29.36328125 0.0 12.26953125 0.0 0.0 32.234375 0.0 12.26953125 0.0 0.0 32.80859375 0.0 11.53125 0.0 0.0 29.74609375 0.0 5.7184600830078125
S: 154842828634 Fired
8.176 -0.0 0.0 -0.0234375 0.0 0.0 -0.0 -0.0 0.0 11.53125 0.0 0.0 28.7890625 0.0 11.1796875 0.0 0.0 32.6171875 6.5162200927734375 12.05859375 0.0 0.0 32.6171875 0.0 12.09375 0.0 0.0 28.7890625 0.0 5.1515045166015625
8.344 -0.0 0.0 -0.0234375 0.0 0.0 -0.0 -0.0 0.0 12.1640625 0.0 0.0 29.171875 0.0 11.1796875 0.0 0.0 32.04296875 -4.6182098388671875 11.84765625 0.0 0.0 32.42578125 0.0 11.70703125 0.0 0.0 29.36328125 0.0 4.6432037353515625
8.515 -0.0 0.0 -0.0234375 0.0 0.0 -0.0 -0.0 0.0 11.42578125 0.0 0.0 29.5546875 0.0 11.49609375 0.0 0.0 32.42578125 11.193405151367188 11.77734375 0.0 0.0 32.6171875 0.0 11.8828125 0.0 0.0 29.171875 0.0 5.4056549072265625
8.678 -0.0 0.0 -0.0234375 0.0 0.0 -0.0 -0.0 0.0 11.91796875 0.0 0.0 29.36328125 0.0 11.77734375 0.0 0.0 32.6171875 0.0 11.35546875 0.0 0.0 33.0 0.0 10.546875 0.0 0.0 29.5546875 0.0 5.9628448486328125
8.829 -0.0 0.0 -0.0234375 0.0 0.0 -0.0 -0.0 0.0 10.4765625 0.0 0.0 29.36328125 0.0 10.37109375 0.0 0.0 32.234375 0.0 10.4765625 0.0 0.0 33.0 0.0 10.40625 0.0 0.0 28.59765625 0.0 5.9628448486328125
8.995 -0.0 0.0 -0.0234375 0.0 0.0 -0.0 -0.0 0.0 10.4765625 0.0 0.0 28.40625 0.0 10.37109375 0.0 0.0 31.8515625 0.0 10.4765625 0.0 0.0 32.6171875 0.0 10.40625 0.0 0.0 29.74609375 0.0 5.9628448486328125
9.14 -0.0 0.0 -0.0234375 0.0 0.0 -0.0 -0.0 0.0 10.40625 0.0 0.0 28.7890625 0.0 10.3359375 0.0 0.0 31.8515625 0.0 10.4765625 0.0 0.0 33.0 0.0 10.40625 0.0 0.0 28.7890625 0.0 5.9628448486328125
9.297 -0.0 0.0 -0.0234375 0.0 0.0 -0.0 -0.0 0.0 10.40625 0.0 0.0 29.171875 0.0 10.30078125 0.0 0.0 32.04296875 0.0 10.44140625 0.0 0.0 32.80859375 0.0 10.37109375 0.0 0.0 29.171875 0.0 5.95306396484375
9.458 -0.0 0.0 -0.0234375 0.0 0.0 -0.0 -0.0 0.0 12.0234375 0.0 0.0 29.36328125 0.0 11.98828125 0.0 0.0 32.6171875 0.0 12.234375 0.0 0.0 32.6171875 0.0 12.19921875 0.0 0.0 28.98046875 0.0 5.8357696533203125
9.676 -0.0 0.0 -0.0234375 0.0 0.0 -0.0 -0.0 0.0 12.19921875 0.0 0.0 28.98046875 0.0 12.12890625 0.0 0.0 32.04296875 0.0 12.3046875 0.0 0.0 33.3828125 0.0 12.26953125 0.0 0.0 29.5546875 0.0 5.8357696533203125
9.845 -0.0 0.0 -0.0234375 0.0 0.0 -0.0 -0.0 0.0 12.234375 0.0 0.0 28.98046875 0.0 12.1640625 0.0 0.0 32.42578125 0.0 12.33984375 0.0 0.0 32.6171875 0.0 12.3046875 0.0 0.0 28.98046875 0.0 5.8357696533203125
10.021 -0.0 0.0 -0.0234375 0.0 0.0 -0.0 -0.0 0.0 12.26953125 0.0 0.0 28.98046875 0.0 12.1640625 0.0 0.0 32.234375 0.0 12.33984375 0.0 0.0 33.0 0.0 12.3046875 0.0 0.0 28.98046875 0.0 5.8357696533203125
10.2 -0.0 0.0 -0.0234375 0.0 0.0 -0.0 -0.0 0.0 12.26953125 0.0 0.0 28.7890625 0.0 12.19921875 0.0 0.0 32.42578125 0.0 12.33984375 0.0 0.0 32.6171875 0.0 12.3046875 0.0 0.0 28.40625 0.0 5.82598876953125
10.376 -0.0 0.0 -0.0234375 0.0 0.0 -0.0 -0.0 0.0 12.26953125 0.0 0.0 28.59765625 0.0 12.19921875 0.0 0.0 32.6171875 0.0 12.375 0.0 0.0 33.19140625 0.0 12.33984375 0.0 0.0 28.98046875 0.0 5.8357696533203125
10.548 -0.0 0.0 -0.0234375 0.0 0.0 -0.0 -0.0 0.0 12.3046875 0.0 0.0 28.40625 0.0 12.19921875 0.0 0.0 32.6171875 0.0 12.375 0.0 0.0 33.3828125 0.0 12.33984375 0.0 0.0 30.12890625 0.0 5.8357696533203125
10.72 -0.0 0.0 -0.0234375 0.0 0.0 -0.0 -0.0 0.0 12.3046875 0.0 0.0 29.9375 0.0 12.19921875 0.0 0.0 31.66015625 0.0 12.41015625 0.0 0.0 32.6171875 0.0 12.33984375 0.0 0.0 28.98046875 0.0 5.8357696533203125
10.897 -0.0 0.0 -0.0234375 0.0 0.0 -0.0 -0.0 0.0 12.3046875 0.0 0.0 28.7890625 0.0 12.234375 0.0 0.0 32.6171875 0.0 12.41015625 0.0 0.0 32.42578125 0.0 12.375 0.0 0.0 29.36328125 0.0 5.82598876953125
11.066 -0.0 0.0 -0.0234375 0.0 0.0 -0.0 -0.0 0.0 12.3046875 0.0 0.0 29.5546875 0.0 12.234375 0.0 0.0 32.6171875 0.0 12.41015625 0.0 0.0 32.6171875 0.0 12.375 0.0 0.0 28.40625 0.0 5.82598876953125
11.236 -0.0 0.0 -0.0234375 0.0 0.0 -0.0 -0.0 0.0 12.33984375 0.0 0.0 29.171875 0.0 12.234375 0.0 0.0 32.04296875 0.0 12.41015625 0.0 0.0 32.6171875 0.0 12.375 0.0 0.0 29.171875 0.0 5.8357696533203125
11.4 -0.0 0.0 -0.0234375 0.0 0.0 -0.0 -0.0 0.0 12.33984375 0.0 0.0 29.36328125 0.0 12.234375 0.0 0.0 32.42578125 0.0 12.41015625 0.0 0.0 33.0 0.0 12.375 0.0 0.0 29.5546875 0.0 5.8357696533203125
11.579 -0.0 0.0 -0.0234375 0.0 0.0 -0.0 -0.0 0.0 12.33984375 0.0 0.0 29.5546875 0.0 12.234375 0.0 0.0 32.80859375 0.0 12.41015625 0.0 0.0 32.6171875 0.0 12.375 0.0 0.0 29.5546875 0.0 5.8357696533203125
11.758 -0.0 0.0 -0.0234375 0.0 0.0 -0.0 -0.0 0.0 12.33984375 0.0 0.0 29.36328125 0.0 12.234375 0.0 0.0 32.234375 0.0 12.41015625 0.0 0.0 33.0 0.0 12.375 0.0 0.0 29.5546875 0.0 5.8357696533203125
11.925 -0.0 0.0 -0.0234375 0.0 0.0 -0.0 -0.0 0.0 12.3046875 0.0 0.0 29.171875 0.0 12.234375 0.0 0.0 32.42578125 0.0 12.4453125 0.0 0.0 32.42578125 0.0 12.41015625 0.0 0.0 29.171875 0.0 5.82598876953125
12.096 -0.0 0.0 -0.0234375 0.0 0.0 -0.0 -0.0 0.0 12.33984375 0.0 0.0 29.171875 0.0 12.234375 0.0 0.0 31.8515625 0.0 12.4453125 0.0 0.0 33.0 0.0 12.375 0.0 0.0 28.59765625 0.0 5.82598876953125
12.265 -0.0 0.0 -0.0234375 0.0 0.0 -0.0 -0.0 0.0 12.375 0.0 0.0 28.59765625 0.0 12.26953125 0.0 0.0 33.3828125 0.0 12.4453125 0.0 0.0 33.0 0.0 12.375 0.0 0.0 28.98046875 0.0 5.8357696533203125
12.437 -0.0 0.0 -0.0234375 0.0 0.0 -0.0 -0.0 0.0 12.375 0.0 0.0 29.74609375 0.0 12.26953125 0.0 0.0 32.234375 0.0 12.4453125 0.0 0.0 33.0 0.0 12.375 0.0 0.0 28.7890625 0.0 5.82598876953125
12.625 -0.0 0.0 -0.0234375 0.0 0.0 -0.0 -0.0 0.0 12.33984375 0.0 0.0 28.7890625 0.0 12.26953125 0.0 0.0 32.6171875 0.0 12.26953125 0.0 0.0 32.80859375 0.0 11.8125 0.0 0.0 29.5546875 0.0 5.7184600830078125
S: 154842833252 Fired
12.786 -0.0 0.0 -0.0234375 0.0 0.0 -0.0 -0.0 0.0 11.77734375 0.0 0.0 29.171875 0.0 11.35546875 0.0 0.0 32.04296875 0.0 11.91796875 0.0 0.0 33.0 0.0 12.0234375 0.0 0.0 29.36328125 0.0 5.2101593017578125
12.94 -0.0 0.0 -0.0234375 0.0 0.0 -0.0 -0.0 -3.1219024658203125 12.12890625 0.0 0.0 29.74609375 0.0 11.109375 0.0 0.0 32.42578125 -4.0744781494140625 11.28515625 0.0 0.0 32.04296875 0.0 11.56640625 0.0 0.0 29.74609375 0.0 4.6236419677734375
13.11 -0.0 0.0 -0.0234375 0.0 0.0 -0.0 -0.0 0.0 11.35546875 0.0 0.0 28.59765625 0.0 11.35546875 0.0 0.0 31.27734375 5.688140869140625 11.7421875 0.0 0.0 32.80859375 0.0 11.953125 0.0 0.0 29.74609375 0.0 5.2394866943359375
13.276 -0.0 0.0 -0.0234375 0.0 0.0 -0.0 -0.0 0.0 11.8828125 0.0 0.0 28.98046875 0.0 11.7421875 0.0 0.0 32.42578125 25.055938720703125 11.77734375 0.0 0.0 32.80859375 0.0 10.65234375 0.0 0.0 28.7890625 0.0 5.982391357421875
13.443 -0.0 0.0 -0.0234375 0.0 0.0 -0.0 -0.0 0.0 10.51171875 0.0 0.0 28.0234375 0.0 10.40625 0.0 0.0 32.42578125 0.0 10.546875 0.0 0.0 32.234375 0.0 10.51171875 0.0 0.0 28.7890625 0.0 5.972625732421875
13.605 -0.0 0.0 -0.0234375 0.0 0.0 -0.0 -0.0 0.0 10.40625 0.0 0.0 28.98046875 0.0 10.265625 0.0 0.0 32.234375 0.0 10.51171875 0.0 0.0 32.6171875 0.0 10.44140625 0.0 0.0 29.36328125 0.0 5.9628448486328125
13.778 -0.0 0.0 -0.0234375 0.0 0.0 -0.0 -0.0 0.0 10.37109375 0.0 0.0 29.36328125 0.0 10.265625 0.0 0.0 32.234375 0.0 10.4765625 0.0 0.0 33.3828125 0.0 10.40625 0.0 0.0 29.171875 0.0 5.9628448486328125
13.936 -0.0 0.0 -0.0234375 0.0 0.0 -0.0 -0.0 0.0 10.40625 0.0 0.0 28.7890625 0.0 10.3359375 0.0 0.0 32.234375 0.0 10.51171875 0.0 0.0 33.19140625 0.0 11.98828125 0.0 0.0 28.98046875 0.0 5.9335174560546875
14.097 -0.0 0.0 -0.0234375 0.0 0.0 -0.0 -0.0 0.0 12.09375 0.0 0.0 30.3203125 0.0 12.0234375 0.0 0.0 31.8515625 3.4422149658203125 12.234375 0.0 0.0 32.80859375 0.0 12.19921875 0.0 0.0 29.171875 0.0 5.8357696533203125
14.266 -0.0 0.0 -0.0234375 0.0 0.0 -0.0 -0.0 0.0 12.19921875 0.0 0.0 29.36328125 0.0 12.12890625 0.0 0.0 33.19140625 0.0 12.3046875 0.0 0.0 32.80859375 0.0 12.234375 0.0 0.0 29.5546875 0.0 5.8357696533203125
14.437 -0.0 0.0 -0.0234375 0.0 0.0 -0.0 -0.0 0.0 12.234375 0.0 0.0 29.36328125 0.0 12.1640625 0.0 0.0 32.234375 0.0 12.33984375 0.0 0.0 32.6171875 0.0 12.26953125 0.0 0.0 28.98046875 0.0 5.81622314453125
14.616 -0.0 0.0 -0.0234375 0.0 0.0 -0.0 -0.0 0.0 12.26953125 0.0 0.0 29.36328125 0.0 12.1640625 0.0 0.0 32.6171875 0.0 12.33984375 0.0 0.0 33.19140625 0.0 12.3046875 0.0 0.0 28.7890625 0.0 5.82598876953125
14.778 -0.0 0.0 -0.0234375 0.0 0.0 -0.0 -0.0 0.0 12.26953125 0.0 0.0 30.89453125 0.0 12.1640625 0.0 0.0 32.42578125 0.0 12.33984375 0.0 0.0 32.80859375 0.0 12.26953125 0.0 0.0 29.36328125 0.0 5.8357696533203125
14.958 -0.0 0.0 -0.0234375 0.0 0.0 -0.0 -0.0 0.0 12.26953125 0.0 0.0 28.40625 0.0 12.1640625 0.0 0.0 32.234375 0.0 12.375 0.0 0.0 33.3828125 0.0 12.3046875 0.0 0.0 29.9375 0.0 5.8357696533203125
15.139 -0.0 0.0 -0.0234375 0.0 0.0 -0.0 -0.0 0.0 12.26953125 0.0 0.0 27.83203125 0.0 12.19921875 0.0 0.0 32.234375 0.0 12.375 0.0 0.0 32.42578125 0.0 12.3046875 0.0 0.0 28.7890625 0.0 5.8357696533203125
15.305 -0.0 0.0 -0.0234375 0.0 0.0 -0.0 -0.0 0.0 12.3046875 0.0 0.0 29.36328125 0.0 12.19921875 0.0 0.0 32.42578125 0.0 12.375 0.0 0.0 32.80859375 0.0 12.375 0.0 0.0 29.74609375 0.0 5.8357696533203125
15.485 -0.0 0.0 -0.0234375 0.0 0.0 -0.0 -0.0 0.0 12.3046875 0.0 0.0 29.36328125 0.0 12.19921875 0.0 0.0 32.6171875 0.0 12.375 0.0 0.0 32.6171875 0.0 12.33984375 0.0 0.0 29.36328125 0.0 5.8357696533203125
15.677 -0.0 0.0 -0.0234375 0.0 0.0 -0.0 -0.0 0.0 12.3046875 0.0 0.0 28.98046875 0.0 12.19921875 0.0 0.0 32.42578125 0.0 12.41015625 0.0 0.0 32.6171875 0.0 12.375 0.0 0.0 28.98046875 0.0 5.8357696533203125
15.845 -0.0 0.0 -0.0234375 0.0 0.0 -0.0 -0.0 0.0 12.3046875 0.0 0.0 28.40625 0.0 12.234375 0.0 0.0 32.42578125 0.0 12.41015625 0.0 0.0 32.6171875 0.0 12.375 0.0 0.0 29.5546875 0.0 5.8357696533203125
16.017 -0.0 0.07086614173228346 -0.0234375 0.0 0.0 -0.0 -0.0 0.0 12.3046875 0.0 0.0 28.21484375 0.0 12.234375 0.0 0.0 32.6171875 0.0 12.41015625 0.0 0.0 32.42578125 0.0 12.375 0.0 0.0 29.74609375 0.0 5.82598876953125
16.185 -0.0 0.09448818897637795 -0.0234375 0.0 0.0 -0.0 -0.0 0.0 12.33984375 0.0 0.0 28.21484375 0.0 12.234375 0.0 0.0 32.42578125 0.0 12.41015625 0.0 0.0 33.0 0.0 12.375 0.0 0.0 28.40625 0.0 5.8357696533203125
16.367 -0.0 0.09448818897637795 -0.0234375 0.0 0.0 -0.0 -0.0 0.0 12.33984375 0.0 0.0 29.36328125 0.0 12.234375 0.0 0.0 32.6171875 0.0 12.41015625 0.0 0.0 32.234375 0.0 12.375 0.0 0.0 29.5546875 0.0 5.82598876953125
16.537 -0.0 0.09448818897637795 -0.0234375 0.0 0.0 -0.0 -0.0 0.0 12.33984375 0.0 0.0 28.59765625 0.0 12.234375 0.0 0.0 33.0 0.0 12.41015625 0.0 0.0 32.234375 0.0 12.375 0.0 0.0 28.7890625 0.0 5.8357696533203125
16.706 -0.0 0.09448818897637795 -0.0234375 0.0 0.0 -0.0 -0.0 0.0 12.33984375 0.0 0.0 28.98046875 0.0 12.234375 0.0 0.0 32.80859375 0.0 12.41015625 0.0 0.0 32.80859375 0.0 12.375 0.0 0.0 29.36328125 0.0 5.82598876953125
16.886 -0.0 0.09448818897637795 -0.0234375 0.0 0.0 -0.0 -0.0 0.0 12.33984375 0.0 0.0 28.98046875 0.0 12.26953125 0.0 0.0 33.57421875 0.0 12.4453125 0.0 0.0 32.42578125 0.0 12.375 0.0 0.0 29.36328125 0.0 5.82598876953125
17.077 -0.0 0.031496062992125984 -0.0234375 0.0 0.0 -0.0 -0.0 0.0 12.33984375 0.0 0.0 28.7890625 0.0 12.26953125 0.0 0.0 32.6171875 0.0 12.4453125 0.0 0.0 32.80859375 0.0 12.375 0.0 0.0 28.98046875 0.0 5.82598876953125
17.246 -0.0 0.0 -0.0234375 0.0 0.0 -0.0 -0.0 0.0 12.33984375 0.0 0.0 28.98046875 0.0 12.26953125 0.0 0.0 32.234375 0.0 12.4453125 0.0 0.0 32.6171875 0.0 12.375 0.0 0.0 29.5546875 0.0 5.82598876953125
17.426 -0.0 0.0 -0.0234375 0.0 0.0 -0.0 -0.0 0.0 12.375 0.0 0.0 29.36328125 0.0 12.26953125 0.0 0.0 32.42578125 0.0 12.3046875 0.0 0.0 32.80859375 0.0 11.77734375 0.0 0.0 28.7890625 0.0 5.7086944580078125
S: 154842838055 Fired
17.597 -0.0 0.0 -0.0234375 0.0 0.0 -0.0 -0.0 0.0 11.84765625 0.0 0.0 28.98046875 0.0 11.390625 0.0 0.0 32.42578125 0.0 10.828125 0.0 0.0 32.80859375 0.0 11.109375 0.0 0.0 28.40625 0.0 5.102630615234375
17.757 -0.0 0.0 -0.0234375 0.0 0.0 -0.0 -0.0 0.0 11.0390625 0.0 0.0 28.98046875 0.0 11.1796875 0.0 0.0 32.6171875 -11.776473999023438 11.56640625 0.0 0.0 32.80859375 0.0 11.390625 0.0 0.0 29.171875 0.0 4.662750244140625
17.919 -0.0 0.0 -0.0234375 0.0 0.0 -0.0 -0.0 0.0 11.390625 0.0 0.0 28.98046875 0.0 11.671875 0.0 0.0 32.42578125 5.1325836181640625 11.77734375 0.0 0.0 32.234375 0.0 11.8828125 0.0 0.0 28.98046875 0.0 5.4936370849609375
18.077 -0.0 0.0 -0.0234375 0.0 0.0 -0.0 -0.0 0.0 11.8125 0.0 0.0 28.98046875 0.0 11.70703125 0.0 0.0 32.6171875 0.0 11.00390625 0.0 0.0 33.19140625 0.0 10.51171875 0.0 0.0 29.171875 0.0 5.9628448486328125
18.236 -0.0 0.0 -0.0234375 0.0 0.0 -0.0 -0.0 0.0 10.51171875 0.0 0.0 28.98046875 0.0 10.44140625 0.0 0.0 33.57421875 3.5039215087890625 10.51171875 0.0 0.0 32.6171875 0.0 10.4765625 0.0 0.0 29.171875 0.0 5.95306396484375
18.396 -0.0 0.0 -0.0234375 0.0 0.0 -0.0 -0.0 0.0 10.4765625 0.0 0.0 28.59765625 0.0 10.44140625 0.0 0.0 32.04296875 0.0 10.51171875 0.0 0.0 32.42578125 0.0 10.4765625 0.0 0.0 28.98046875 0.0 5.982391357421875
18.568 -0.0 0.0 -0.0234375 0.0 0.0 -0.0 -0.0 0.0 10.44140625 0.0 0.0 29.5546875 0.0 10.3359375 0.0 0.0 32.234375 0.0 10.4765625 0.0 0.0 32.6171875 0.0 10.40625 0.0 0.0 29.171875 0.0 5.972625732421875
18.755 -0.0 0.0 -0.0234375 0.0 0.0 -0.0 -0.0 0.0 10.40625 0.0 0.0 28.7890625 0.0 10.3359375 0.0 0.0 32.80859375 0.0 11.28515625 0.0 0.0 32.6171875 0.0 12.09375 0.0 0.0 29.36328125 0.0 5.8944244384765625
18.924 -0.0 0.0 -0.0234375 0.0 0.0 -0.0 -0.0 0.0 12.12890625 0.0 0.0 28.98046875 0.0 12.05859375 0.0 0.0 32.42578125 0.0 12.234375 0.0 0.0 32.80859375 0.0 12.19921875 0.0 0.0 29.36328125 0.0 5.8357696533203125
19.086 -0.0 0.0 -0.0234375 0.0 0.0 -0.0 -0.0 0.0 12.19921875 0.0 0.0 30.51171875 0.0 12.12890625 0.0 0.0 32.42578125 0.0 12.26953125 0.0 0.0 33.0 0.0 12.26953125 0.0 0.0 28.98046875 0.0 5.8357696533203125
19.261 -0.0 0.0 -0.0234375 0.0 0.0 -0.0 -0.0 0.0 12.234375 0.0 0.0 27.640625 0.0 12.1640625 0.0 0.0 32.234375 0.0 12.3046875 0.0 0.0 32.6171875 0.0 12.26953125 0.0 0.0 29.171875 0.0 5.8357696533203125
19.446 -0.0 0.0 -0.0234375 0.0 0.0 -0.0 -0.0 0.0 12.26953125 0.0 0.0 29.36328125 0.0 12.1640625 0.0 0.0 32.6171875 0.0 12.33984375 0.0 0.0 32.80859375 0.0 12.26953125 0.0 0.0 28.98046875 0.0 5.8357696533203125
19.606 -0.0 0.0 -0.0234375 0.0 0.0 -0.0 -0.0 0.0 12.26953125 0.0 0.0 28.98046875 0.0 12.1640625 0.0 0.0 32.04296875 0.0 12.375 0.0 0.0 32.6171875 0.0 12.3046875 0.0 0.0 29.171875 0.0 5.8357696533203125
19.765 -0.0 0.0 -0.0234375 0.0 0.0 -0.0 -0.0 0.0 12.26953125 0.0 0.0 28.59765625 0.0 12.19921875 0.0 0.0 32.80859375 0.0 12.375 0.0 0.0 32.42578125 0.0 12.3046875 0.0 0.0 29.5546875 0.0 5.82598876953125
19.926 -0.0 0.0 -0.0234375 0.0 0.0 -0.0 -0.0 0.0 12.3046875 0.0 0.0 28.98046875 0.0 12.19921875 0.0 0.0 32.234375 0.0 12.375 0.0 0.0 32.234375 0.0 12.33984375 0.0 0.0 29.36328125 0.0 5.8357696533203125
20.097 -0.0 0.0 -0.0234375 0.0 0.0 -0.0 -0.0 0.0 12.3046875 0.0 0.0 29.36328125 0.0 12.234375 0.0 0.0 32.42578125 0.0 12.375 0.0 0.0 32.6171875 0.0 12.33984375 0.0 0.0 29.36328125 0.0 5.8357696533203125
20.266 -0.0 0.0 -0.0234375 0.0 0.0 -0.0 -0.0 0.0 12.3046875 0.0 0.0 28.98046875 0.0 12.19921875 0.0 0.0 32.42578125 0.0 12.375 0.0 0.0 33.0 0.0 12.33984375 0.0 0.0 29.74609375 0.0 5.8357696533203125
20.437 -0.0 0.0 -0.0234375 0.0 0.0 -0.0 -0.0 0.0 12.3046875 0.0 0.0 28.59765625 0.0 12.19921875 0.0 0.0 32.6171875 0.0 12.41015625 0.0 0.0 33.0 0.0 12.33984375 0.0 0.0 29.171875 0.0 5.8357696533203125
20.604 -0.0 0.0 -0.0234375 0.0 0.0 -0.0 -0.0 0.0 12.33984375 0.0 0.0 28.59765625 0.0 12.234375 0.0 0.0 32.42578125 0.0 12.41015625 0.0 0.0 32.6171875 0.0 12.33984375 0.0 0.0 29.5546875 0.0 5.8357696533203125
20.78 -0.0 0.0 -0.0234375 0.0 0.0 -0.0 -0.0 0.0 12.33984375 0.0 0.0 28.59765625 0.0 12.234375 0.0 0.0 32.234375 2.4645843505859375 12.41015625 0.0 0.0 33.3828125 0.0 12.375 0.0 0.0 29.5546875 0.0 5.8357696533203125
20.957 -0.0 0.0 -0.0234375 0.0 0.0 -0.0 -0.0 0.0 12.33984375 0.0 0.0 29.36328125 0.0 12.234375 0.0 0.0 32.42578125 0.0 12.41015625 0.0 0.0 32.6171875 0.0 12.375 0.0 0.0 29.74609375 0.0 5.8357696533203125
21.126 -0.0 0.0 -0.0234375 0.0 0.0 -0.0 -0.0 0.0 12.33984375 0.0 0.0 29.9375 0.0 12.234375 0.0 0.0 31.27734375 0.0 12.4453125 0.0 0.0 32.6171875 0.0 12.375 0.0 0.0 29.74609375 0.0 5.8357696533203125
21.305 -0.0 0.0 -0.0234375 0.0 0.0 -0.0 -0.0 0.0 12.33984375 0.0 0.0 28.59765625 0.0 12.234375 0.0 0.0 30.89453125 0.0 12.41015625 0.0 0.0 32.80859375 0.0 12.375 0.0 0.0 29.171875 0.0 5.8357696533203125
21.479 -0.0 0.0 -0.0234375 0.0 0.0 -0.0 -0.0 0.0 12.33984375 0.0 0.0 28.98046875 0.0 12.234375 0.0 0.0 31.8515625 0.0 12.41015625 0.0 0.0 32.80859375 0.0 12.375 0.0 0.0 28.98046875 0.0 5.8357696533203125
21.645 -0.0 0.0 -0.0234375 0.0 0.0 -0.0 -0.0 0.0 12.375 0.0 0.0 29.171875 0.0 12.234375 0.0 0.0 32.234375 0.0 12.41015625 0.0 0.0 33.0 0.0 12.375 0.0 0.0 29.5546875 0.0 5.8357696533203125
21.837 -0.0 0.0 -0.0234375 0.0 0.0 -0.0 -0.0 0.0 12.33984375 0.0 0.0 29.5546875 0.0 12.234375 0.0 0.0 32.04296875 0.0 12.4453125 0.0 0.0 33.0 0.0 12.375 0.0 0.0 29.171875 0.0 5.8357696533203125
22.006 -0.0 0.0 -0.0234375 0.0 0.0 -0.0 -0.0 0.0 12.33984375 0.0 0.0 29.36328125 0.0 12.26953125 0.0 0.0 33.19140625 0.0 12.4453125 0.0 0.0 32.42578125 0.0 12.375 0.0 0.0 28.98046875 0.0 5.82598876953125
22.175 -0.0 0.0 -0.0234375 0.0 0.0 -0.0 -0.0 0.0 12.375 0.0 0.0 29.5546875 0.0 12.26953125 0.0 0.0 31.46875 0.0 12.4453125 0.0 0.0 33.0 0.0 12.375 0.0 0.0 29.171875 0.0 5.8357696533203125
22.345 -0.0 0.0 -0.0234375 0.0 0.0 -0.0 -0.0 0.0 12.375 0.0 0.0 28.40625 0.0 12.26953125 0.0 0.0 33.19140625 0.0 12.4453125 0.0 0.0 33.0 0.0 12.41015625 0.0 0.0 28.98046875 0.0 5.8357696533203125
22.524 -0.0 0.0 -0.0234375 0.0 0.0 -0.0 -0.0 0.0 12.375 0.0 0.0 27.44921875 0.0 12.26953125 0.0 0.0 32.6171875 0.0 12.4453125 0.0 0.0 32.6171875 0.0 12.41015625 0.0 0.0 29.171875 0.0 5.82598876953125
22.707 -0.0 0.0 -0.0234375 0.0 0.0 -0.0 -0.0 0.0 12.375 0.0 0.0 29.171875 0.0 12.26953125 0.0 0.0 32.04296875 0.0 12.234375 0.0 0.0 32.80859375 0.0 11.84765625 0.0 0.0 29.36328125 0.0 5.728240966796875
S: 154842843332 Fired
22.866 -0.0 0.0 -0.0234375 0.0 0.0 -0.0 -0.0 0.0 11.8125 0.0 0.0 29.171875 0.0 11.390625 0.0 0.0 32.80859375 0.0 12.09375 0.0 0.0 33.19140625 0.0 12.05859375 0.0 0.0 28.7890625 0.0 5.20037841796875
23.024 -0.0 0.0 -0.0234375 0.0 0.0 -0.0 -0.0 0.0 11.390625 0.0 0.0 29.5546875 0.0 11.109375 0.0 0.0 32.234375 -6.6809234619140625 12.19921875 0.0 0.0 32.80859375 0.0 11.53125 0.0 0.0 29.171875 0.0 4.6334228515625
23.199 -0.0 0.0 -0.0234375 0.0 0.0 -0.0 -0.0 0.0 11.8828125 0.0 0.0 29.5546875 0.0 12.1640625 0.0 0.0 32.6171875 -4.6764373779296875 11.7421875 0.0 0.0 32.6171875 0.0 11.84765625 0.0 0.0 29.171875 0.0 5.7771148681640625
23.484 -0.0 0.0 -0.0234375 0.0 0.0 -0.0 -0.0 0.0 12.19921875 0.0 0.0 29.36328125 0.0 12.12890625 0.0 0.0 32.6171875 2.772857666015625 12.3046875 0.0 0.0 33.0 0.0 12.3046875 0.0 0.0 29.36328125 0.0 5.82598876953125
23.657 -0.0 0.0 -0.0234375 0.0 0.0 -0.0 -0.0 0.0 12.26953125 0.0 0.0 29.171875 0.0 12.1640625 0.0 0.0 32.234375 0.0 12.375 0.0 0.0 32.80859375 0.0 12.3046875 0.0 0.0 29.36328125 0.0 5.82598876953125
23.827 -0.0 0.0 -0.0234375 0.0 0.0 -0.0 -0.0 0.0 12.3046875 0.0 0.0 29.171875 0.0 12.19921875 0.0 0.0 32.6171875 0.0 12.375 0.0 0.0 32.6171875 0.0 12.33984375 0.0 0.0 28.7890625 0.0 5.82598876953125
23.997 -0.0 0.0 -0.0234375 0.0 0.0 -0.0 -0.0 0.0 12.3046875 0.0 0.0 29.171875 0.0 12.19921875 0.0 0.0 32.6171875 4.1901702880859375 12.375 0.0 0.0 33.3828125 0.0 12.33984375 0.0 0.0 28.7890625 0.0 5.82598876953125
24.165 -0.0 0.0 -0.0234375 0.0 0.0 -0.0 -0.0 0.0 12.33984375 0.0 0.0 29.171875 0.0 12.234375 0.0 0.0 32.42578125 5.7519073486328125 12.41015625 0.0 0.0 32.6171875 0.0 12.375 0.0 0.0 28.98046875 0.0 5.82598876953125
24.34 -0.0 0.0 -0.0234375 0.0 0.0 -0.0 -0.0 0.0 12.33984375 0.0 0.0 28.40625 0.0 12.234375 0.0 0.0 32.234375 0.0 12.41015625 0.0 0.0 33.0 0.0 12.375 0.0 0.0 29.74609375 0.0 5.82598876953125
24.505 -0.0 0.0 -0.0234375 0.0 0.0 -0.0 -0.0 0.0 12.33984375 0.0 0.0 29.171875 0.0 12.234375 0.0 0.0 33.0 0.0 12.41015625 0.0 0.0 33.0 0.0 12.375 0.0 0.0 28.7890625 0.0 5.81622314453125
24.665 -0.0 0.0 -0.0234375 0.0 0.0 -0.0 -0.0 0.0 12.33984375 0.0 0.0 28.98046875 0.0 12.26953125 0.0 0.0 32.04296875 0.0 12.41015625 0.0 0.0 33.0 0.0 12.375 0.0 0.0 29.36328125 0.0 5.82598876953125
24.859 -0.0 0.0 -0.0234375 0.0 0.0 -0.0 -0.0 0.0 12.33984375 0.0 0.0 29.36328125 0.0 12.234375 0.0 0.0 32.42578125 0.0 12.4453125 0.0 0.0 32.42578125 0.0 12.375 0.0 0.0 29.36328125 0.0 5.82598876953125
25.037 -0.0 0.0 -0.0234375 0.0 0.0 -0.0 -0.0 0.0 12.33984375 0.0 0.0 28.7890625 0.0 12.26953125 0.0 0.0 32.6171875 0.0 12.4453125 0.0 0.0 32.6171875 0.0 12.41015625 0.0 0.0 28.40625 0.0 5.81622314453125
25.22 -0.0 0.0 -0.0234375 0.0 0.0 -0.0 -0.0 0.0 12.33984375 0.0 0.0 29.171875 0.0 12.26953125 0.0 0.0 32.04296875 0.0 12.41015625 0.0 0.0 32.6171875 0.0 12.375 0.0 0.0 29.171875 0.0 5.82598876953125
25.387 -0.0 0.0 -0.0234375 0.0 0.0 -0.0 -0.0 0.0 12.33984375 0.0 0.0 29.171875 0.0 12.26953125 0.0 0.0 32.42578125 0.0 12.41015625 0.0 0.0 32.42578125 0.0 12.375 0.0 0.0 28.7890625 0.0 5.82598876953125
25.559 -0.0 0.0 -0.0234375 0.0 0.0 -0.0 -0.0 0.0 12.375 0.0 0.0 29.171875 0.0 12.26953125 0.0 0.0 32.80859375 0.0 12.4453125 0.0 0.0 32.42578125 0.0 12.375 0.0 0.0 29.9375 0.0 5.82598876953125
25.736 -0.0 0.0 -0.0234375 0.0 0.0 -0.0 -0.0 0.0 12.375 0.0 0.0 27.83203125 0.0 12.26953125 0.0 0.0 32.234375 0.0 12.41015625 0.0 0.0 32.6171875 0.0 12.375 0.0 0.0 29.36328125 0.0 5.82598876953125
25.905 -0.0 0.0 -0.0234375 0.0 0.0 -0.0 -0.0 0.0 12.375 0.0 0.0 28.98046875 0.0 12.26953125 0.0 0.0 32.04296875 0.0 12.4453125 0.0 0.0 32.6171875 0.0 12.375 0.0 0.0 28.7890625 0.0 5.82598876953125
26.076 -0.0 0.0 -0.0234375 0.0 0.0 -0.0 -0.0 0.0 12.375 0.0 0.0 30.12890625 0.0 12.26953125 0.0 0.0 32.80859375 0.0 12.4453125 0.0 0.0 32.6171875 0.0 12.41015625 0.0 0.0 29.36328125 0.0 5.8357696533203125
26.245 -0.0 0.0 -0.0234375 0.0 0.0 -0.0 -0.0 0.0 12.375 0.0 0.0 28.98046875 0.0 12.26953125 0.0 0.0 32.6171875 0.0 12.4453125 0.0 0.0 32.234375 0.0 12.41015625 0.0 0.0 28.7890625 0.0 5.82598876953125
26.417 -0.0 0.0 -0.0234375 0.0 0.0 -0.0 -0.0 0.0 12.375 0.0 0.0 28.7890625 0.0 12.26953125 0.0 0.0 32.04296875 0.0 12.4453125 0.0 0.0 32.42578125 0.0 12.41015625 0.0 0.0 28.7890625 0.0 5.82598876953125
26.586 -0.0 0.0 -0.0234375 0.0 0.0 -0.0 -0.0 0.0 12.375 0.0 0.0 29.5546875 0.0 12.26953125 0.0 0.0 32.6171875 0.0 12.4453125 0.0 0.0 32.234375 0.0 12.41015625 0.0 0.0 28.7890625 0.0 5.82598876953125
26.757 -0.0 0.0 -0.0234375 0.0 0.0 -0.0 -0.0 0.0 12.375 0.0 0.0 28.7890625 0.0 12.26953125 0.0 0.0 32.234375 0.0 12.4453125 0.0 0.0 32.6171875 0.0 12.41015625 0.0 0.0 28.98046875 0.0 5.82598876953125
26.917 -0.0 0.0 -0.0234375 0.0 0.0 -0.0 -0.0 0.0 12.375 0.0 0.0 29.36328125 0.0 12.26953125 0.0 0.0 32.6171875 0.0 12.4453125 0.0 0.0 32.6171875 0.0 12.41015625 0.0 0.0 29.36328125 0.0 5.8357696533203125
27.088 -0.0 0.0 -0.0234375 0.0 0.0 -0.0 -0.0 0.0 12.375 0.0 0.0 29.5546875 0.0 12.26953125 0.0 0.0 32.04296875 0.0 12.48046875 0.0 0.0 32.80859375 0.0 12.41015625 0.0 0.0 29.36328125 0.0 5.82598876953125
27.266 -0.0 0.0 -0.0234375 0.0 0.0 -0.0 -0.0 0.0 12.41015625 0.0 0.0 29.171875 0.0 12.26953125 0.0 0.0 32.6171875 0.0 12.48046875 0.0 0.0 33.0 0.0 12.41015625 0.0 0.0 29.36328125 0.0 5.82598876953125
27.44 -0.0 0.0 -0.0234375 0.0 0.0 -0.0 -0.0 0.0 12.41015625 0.0 0.0 29.171875 0.0 12.26953125 0.0 0.0 32.04296875 0.0 12.4453125 0.0 0.0 32.80859375 0.0 12.41015625 0.0 0.0 28.98046875 0.0 5.82598876953125
27.62 -0.0 0.0 -0.0234375 0.0 0.0 -0.0 -0.0 0.0 12.41015625 0.0 0.0 28.98046875 0.0 12.26953125 0.0 0.0 32.42578125 0.0 12.3046875 0.0 0.0 32.80859375 0.0 11.8125 0.0 0.0 29.171875 0.0 5.68914794921875
S: 154842848252 Fired
27.804 -0.0 0.0 -0.0234375 0.0 0.0 -0.0 -0.0 0.0 11.21484375 0.0 0.0 29.171875 0.0 11.35546875 0.0 0.0 31.8515625 9.028823852539062 11.91796875 0.0 0.0 32.234375 0.0 12.12890625 0.0 0.0 28.7890625 0.0 5.1221771240234375
27.966 -0.0 0.0 -0.0234375 0.0 0.0 -0.0 -0.0 0.0 12.12890625 0.0 0.0 28.98046875 0.0 11.1796875 0.0 0.0 32.42578125 0.0 9.28125 0.0 0.0 32.42578125 0.0 11.70703125 0.0 0.0 28.59765625 0.0 4.6432037353515625
28.124 -0.0 0.0 -0.0234375 0.0 0.0 -0.0 -0.0 0.0 11.21484375 0.0 0.0 29.74609375 0.0 11.4609375 0.0 0.0 32.234375 12.63494873046875 11.7421875 0.0 0.0 32.234375 0.0 11.953125 0.0 0.0 28.98046875 0.0 5.44476318359375
28.281 -0.0 0.0 -0.0234375 0.0 0.0 -0.0 -0.0 0.0 11.8828125 0.0 0.0 29.171875 0.0 11.7421875 0.0 0.0 32.42578125 3.8812255859375 11.53125 0.0 0.0 32.42578125 0.0 12.19921875 0.0 0.0 29.5546875 0.0 5.9041900634765625
28.445 -0.0 0.0 -0.0234375 0.0 0.0 -0.0 -0.0 0.0 12.234375 0.0 0.0 29.36328125 0.0 12.1640625 0.0 0.0 32.6171875 0.0 12.33984375 0.0 0.0 32.42578125 0.0 12.3046875 0.0 0.0 29.5546875 0.0 5.82598876953125
28.617 -0.0 0.0 -0.0234375 0.0 0.0 -0.0 -0.0 0.0 11.91796875 0.0 0.0 29.36328125 0.0 11.84765625 0.0 0.0 32.80859375 0.0 12.05859375 0.0 0.0 32.80859375 0.0 12.0234375 0.0 0.0 29.36328125 0.0 5.82598876953125
28.781 -0.0 0.0 -0.0234375 0.0 0.0 -0.0 -0.0 0.0 12.0234375 0.0 0.0 29.36328125 0.0 11.8828125 0.0 0.0 32.234375 0.0 12.0234375 0.0 0.0 32.6171875 0.0 12.0234375 0.0 0.0 29.171875 0.0 5.82598876953125
28.946 -0.0 0.0 -0.0234375 0.0 0.0 -0.0 -0.0 0.0 12.05859375 0.0 0.0 28.98046875 0.0 11.8828125 0.0 0.0 32.42578125 0.0 12.09375 0.0 0.0 32.80859375 0.0 12.05859375 0.0 0.0 29.5546875 0.0 5.82598876953125
29.128 -0.0 0.0 -0.0234375 0.0 0.0 -0.0 -0.0 0.0 11.98828125 0.0 0.0 28.40625 0.0 11.953125 0.0 0.0 32.04296875 0.0 12.0234375 0.0 0.0 32.42578125 0.0 11.98828125 0.0 0.0 28.98046875 0.0 5.82598876953125
29.3 -0.0 0.0 -0.0234375 0.0 0.0 -0.0 -0.0 0.0 12.0234375 0.0 0.0 28.7890625 0.0 11.8828125 0.0 0.0 32.80859375 0.0 12.05859375 0.0 0.0 33.0 0.0 12.0234375 0.0 0.0 29.171875 0.0 5.81622314453125
29.48 -0.0 0.0 -0.0234375 0.0 0.0 -0.0 -0.0 0.0 12.0234375 0.0 0.0 28.21484375 0.0 11.953125 0.0 0.0 32.42578125 0.0 12.05859375 0.0 0.0 33.0 0.0 12.05859375 0.0 0.0 28.98046875 0.0 5.8357696533203125
29.657 -0.0 0.0 -0.0234375 0.0 0.0 -0.0 -0.0 0.0 12.0234375 0.0 0.0 29.5546875 0.0 11.91796875 0.0 0.0 32.42578125 0.0 12.12890625 0.0 0.0 32.80859375 0.0 11.98828125 0.0 0.0 29.36328125 0.0 5.82598876953125
29.825 -0.0 0.0 -0.0234375 0.0 0.0 -0.0 -0.0 0.0 12.0234375 0.0 0.0 29.171875 0.0 11.8828125 0.0 0.0 32.80859375 0.0 12.0234375 0.0 0.0 32.6171875 0.0 12.0234375 0.0 0.0 29.171875 0.0 5.82598876953125
29.997 -0.0 0.0 -0.0234375 0.0 0.0 -0.0 -0.0 0.0 12.0234375 0.0 0.0 28.7890625 0.0 11.84765625 0.0 0.0 32.234375 0.0 11.98828125 0.0 0.0 32.42578125 0.0 11.98828125 0.0 0.0 28.98046875 0.0 5.82598876953125
30.161 -0.0 0.0 -0.0234375 0.0 0.0 -0.0 -0.0 0.0 12.0234375 0.0 0.0 28.59765625 0.0 11.8828125 0.0 0.0 32.6171875 0.0 12.05859375 0.0 0.0 32.80859375 0.0 12.05859375 0.0 0.0 29.36328125 0.0 5.82598876953125
30.324 -0.0 0.0 -0.0234375 0.0 0.0 -0.0 -0.0 0.0 11.98828125 0.0 0.0 29.171875 0.0 11.953125 0.0 0.0 31.8515625 0.0 12.09375 0.0 0.0 32.6171875 0.0 11.98828125 0.0 0.0 29.171875 0.0 5.81622314453125
30.485 -0.0 0.0 -0.0234375 0.0 0.0 -0.0 -0.0 0.0 11.953125 0.0 0.0 28.7890625 0.0 11.8828125 0.0 0.0 32.6171875 0.0 12.09375 0.0 0.0 32.42578125 0.0 12.0234375 0.0 0.0 29.5546875 0.0 5.81622314453125
30.657 -0.0 0.0 -0.0234375 0.0 0.0 -0.0 -0.0 0.0 11.98828125 0.0 0.0 29.5546875 0.0 11.8828125 0.0 0.0 32.80859375 0.0 12.05859375 0.0 0.0 33.0 0.0 12.0234375 0.0 0.0 29.5546875 0.0 5.82598876953125
30.839 -0.0 0.0 -0.0234375 0.0 0.0 -0.0 -0.0 0.0 11.98828125 0.0 0.0 29.36328125 0.0 11.91796875 0.0 0.0 32.04296875 0.0 12.12890625 0.0 0.0 32.80859375 0.0 12.05859375 0.0 0.0 29.36328125 0.0 5.82598876953125
31.022 -0.0 0.0 -0.0234375 0.0 0.0 -0.0 -0.0 0.0 11.953125 0.0 0.0 28.59765625 0.0 11.8828125 0.0 0.0 32.6171875 0.0 12.05859375 0.0 0.0 32.42578125 0.0 12.0234375 0.0 0.0 29.171875 0.0 5.82598876953125
31.198 -0.0 0.0 -0.0234375 0.0 0.0 -0.0 -0.0 0.0 11.98828125 0.0 0.0 29.36328125 0.0 11.84765625 0.0 0.0 32.80859375 0.0 12.05859375 0.0 0.0 32.80859375 0.0 11.953125 0.0 0.0 28.7890625 0.0 5.82598876953125
31.359 -0.0 0.0 -0.0234375 0.0 0.0 -0.0 -0.0 0.0 11.953125 0.0 0.0 29.5546875 0.0 11.91796875 0.0 0.0 32.6171875 0.0 12.0234375 0.0 0.0 32.42578125 0.0 11.98828125 0.0 0.0 29.171875 0.0 5.82598876953125
31.536 -0.0 0.0 -0.0234375 0.0 0.0 -0.0 -0.0 0.0 11.953125 0.0 0.0 29.171875 0.0 11.8828125 0.0 0.0 31.27734375 0.0 12.05859375 0.0 0.0 32.42578125 0.0 12.0234375 0.0 0.0 29.36328125 0.0 5.8357696533203125
31.705 -0.0 0.0 -0.0234375 0.0 0.0 -0.0 -0.0 0.0 11.98828125 0.0 0.0 28.7890625 0.0 11.91796875 0.0 0.0 33.765625 0.0 12.09375 0.0 0.0 32.80859375 0.0 11.98828125 0.0 0.0 28.7890625 0.0 5.82598876953125
31.868 -0.0 0.0 -0.0234375 0.0 0.0 -0.0 -0.0 0.0 11.953125 0.0 0.0 28.7890625 0.0 11.8828125 0.0 0.0 32.234375 0.0 12.05859375 0.0 0.0 32.80859375 0.0 11.98828125 0.0 0.0 28.21484375 0.0 5.82598876953125
32.036 -0.0 0.0 -0.0234375 0.0 0.0 -0.0 -0.0 0.0 11.91796875 0.0 0.0 29.9375 0.0 11.84765625 0.0 0.0 32.04296875 0.0 12.0234375 0.0 0.0 33.0 0.0 11.98828125 0.0 0.0 29.36328125 0.0 5.82598876953125
32.204 -0.0 0.0 -0.0234375 0.0 0.0 -0.0 -0.0 0.0 11.98828125 0.0 0.0 28.98046875 0.0 11.8828125 0.0 0.0 32.6171875 0.0 12.09375 0.0 0.0 33.0 0.0 11.98828125 0.0 0.0 28.98046875 0.0 5.81622314453125
32.367 -0.0 0.0 -0.0234375 0.0 0.0 -0.0 -0.0 0.0 11.953125 0.0 0.0 30.12890625 0.0 11.84765625 0.0 0.0 33.0 0.0 12.05859375 0.0 0.0 32.6171875 0.0 11.98828125 0.0 0.0 29.9375 0.0 5.82598876953125
32.536 -0.0 0.0 -0.0234375 0.0 0.0 -0.0 -0.0 0.0 11.953125 0.0 0.0 29.171875 0.0 11.84765625 0.0 0.0 33.0 0.0 12.05859375 0.0 0.0 32.80859375 0.0 12.05859375 0.0 0.0 29.36328125 0.0 5.81622314453125
32.715 -0.0 0.0 -0.0234375 0.0 0.0 -0.0 -0.0 0.0 11.98828125 0.0 0.0 29.171875 0.0 11.91796875 0.0 0.0 32.42578125 0.0 12.09375 0.0 0.0 33.0 0.0 11.98828125 0.0 0.0 29.171875 0.0 5.81622314453125
32.889 -0.0 0.0 -0.0234375 0.0 0.0 -0.0 -0.0 0.0 11.98828125 0.0 0.0 29.74609375 0.0 11.91796875 0.0 0.0 32.234375 0.0 11.8125 0.0 0.0 32.6171875 0.0 11.42578125 0.0 0.0 29.171875 0.0 5.6793670654296875
S: 154842853523 Fired
33.084 -0.0 0.0 -0.0234375 0.0 0.0 -0.0 -0.0 0.0 10.93359375 0.0 0.0 29.74609375 0.0 11.0390625 0.0 0.0 32.42578125 0.0 11.56640625 0.0 0.0 32.42578125 0.0 11.8125 0.0 0.0 28.98046875 0.0 5.0537567138671875
33.245 -0.0 0.0 -0.0234375 0.0 0.0 -0.0 -0.0 0.0 11.77734375 0.0 0.0 29.74609375 0.0 10.8984375 0.0 0.0 32.234375 -8.446990966796875 8.96484375 0.0 0.0 33.19140625 0.0 11.28515625 0.0 0.0 28.98046875 0.0 4.6236419677734375
33.402 -0.0 0.0 -0.0234375 0.0 0.0 -0.0 -0.0 0.0 11.00390625 0.0 0.0 28.59765625 0.0 11.109375 0.0 0.0 32.234375 14.529708862304688 11.53125 0.0 0.0 33.19140625 0.0 11.6015625 0.0 0.0 28.98046875 0.0 5.3763427734375
33.567 -0.0 0.0 -0.0234375 0.0 0.0 -0.0 -0.0 0.0 11.6015625 0.0 0.0 29.9375 0.0 11.42578125 0.0 0.0 32.42578125 0.0 11.42578125 0.0 0.0 32.80859375 0.0 10.51171875 0.0 0.0 28.59765625 0.0 5.972625732421875
33.725 -0.0 0.0 -0.0234375 0.0 0.0 -0.0 -0.0 0.0 10.3359375 0.0 0.0 28.59765625 0.0 10.0546875 0.0 0.0 31.8515625 0.0 10.265625 0.0 0.0 32.80859375 0.0 10.23046875 0.0 0.0 29.171875 0.0 5.9628448486328125
33.917 -0.0 0.0 -0.0234375 0.0 0.0 -0.0 -0.0 0.0 10.08984375 0.0 0.0 28.98046875 0.0 10.01953125 0.0 0.0 32.6171875 0.0 10.23046875 0.0 0.0 33.0 0.0 10.1953125 0.0 0.0 28.98046875 0.0 5.9628448486328125
34.075 -0.0 0.0 -0.0234375 0.0 0.0 -0.0 -0.0 0.0 10.1953125 0.0 0.0 28.7890625 0.0 10.0546875 0.0 0.0 32.6171875 0.0 10.16015625 0.0 0.0 32.80859375 0.0 10.23046875 0.0 0.0 28.59765625 0.0 5.9628448486328125
34.235 -0.0 0.0 -0.0234375 0.0 0.0 -0.0 -0.0 0.0 10.16015625 0.0 0.0 29.171875 0.0 9.984375 0.0 0.0 32.234375 0.0 10.23046875 0.0 0.0 33.0 0.0 11.7421875 0.0 0.0 29.74609375 0.0 5.9237518310546875
34.398 -0.0 0.0 -0.0234375 0.0 0.0 -0.0 -0.0 0.0 11.77734375 0.0 0.0 29.36328125 0.0 11.70703125 0.0 0.0 32.6171875 0.0 11.953125 0.0 0.0 32.6171875 0.0 11.91796875 0.0 0.0 28.98046875 0.0 5.8357696533203125
34.569 -0.0 0.0 -0.0234375 0.0 0.0 -0.0 -0.0 0.0 11.91796875 0.0 0.0 29.171875 0.0 11.84765625 0.0 0.0 32.80859375 0.0 11.953125 0.0 0.0 33.0 0.0 11.91796875 0.0 0.0 29.171875 0.0 5.8357696533203125
34.746 -0.0 0.0 -0.0234375 0.0 0.0 -0.0 -0.0 0.0 11.8828125 0.0 0.0 29.171875 0.0 11.8125 0.0 0.0 32.42578125 0.0 11.98828125 0.0 0.0 32.42578125 0.0 11.953125 0.0 0.0 28.7890625 0.0 5.8357696533203125
34.918 -0.0 0.0 -0.0234375 0.0 0.0 -0.0 -0.0 0.0 11.98828125 0.0 0.0 28.98046875 0.0 11.8828125 0.0 0.0 32.42578125 0.0 11.98828125 0.0 0.0 32.6171875 0.0 11.8828125 0.0 0.0 29.36328125 0.0 5.81622314453125
35.096 -0.0 0.0 -0.0234375 0.0 0.0 -0.0 -0.0 0.0 11.953125 0.0 0.0 28.7890625 0.0 11.8828125 0.0 0.0 32.80859375 0.0 12.0234375 0.0 0.0 32.6171875 0.0 11.953125 0.0 0.0 28.98046875 0.0 5.82598876953125
35.264 -0.0 0.0 -0.0234375 0.0 0.0 -0.0 -0.0 0.0 11.91796875 0.0 0.0 29.36328125 0.0 11.77734375 0.0 0.0 31.8515625 0.0 11.953125 0.0 0.0 33.0 0.0 12.0234375 0.0 0.0 28.98046875 0.0 5.81622314453125
35.424 -0.0 0.0 -0.0234375 0.0 0.0 -0.0 -0.0 0.0 11.98828125 0.0 0.0 29.171875 0.0 11.8828125 0.0 0.0 32.234375 0.0 11.98828125 0.0 0.0 32.6171875 0.0 11.91796875 0.0 0.0 28.7890625 0.0 5.81622314453125
35.597 -0.0 0.0 -0.0234375 0.0 0.0 -0.0 -0.0 0.0 11.91796875 0.0 0.0 29.36328125 0.0 11.84765625 0.0 0.0 32.04296875 0.0 11.98828125 0.0 0.0 32.234375 0.0 11.98828125 0.0 0.0 29.36328125 0.0 5.81622314453125
35.765 -0.0 0.0 -0.0234375 0.0 0.0 -0.0 -0.0 0.0 11.8828125 0.0 0.0 28.98046875 0.0 11.8828125 0.0 0.0 32.6171875 0.0 12.05859375 0.0 0.0 32.234375 0.0 11.98828125 0.0 0.0 29.5546875 0.0 5.81622314453125
35.936 -0.0 0.0 -0.0234375 0.0 0.0 -0.0 -0.0 0.0 11.953125 0.0 0.0 30.51171875 0.0 11.8828125 0.0 0.0 32.234375 0.0 12.09375 0.0 0.0 32.80859375 0.0 12.0234375 0.0 0.0 29.36328125 0.0 5.81622314453125
36.104 -0.0 0.0 -0.0234375 0.0 0.0 -0.0 -0.0 0.0 11.98828125 0.0 0.0 29.36328125 0.0 11.8828125 0.0 0.0 32.42578125 0.0 12.05859375 0.0 0.0 32.80859375 0.0 11.953125 0.0 0.0 28.98046875 0.0 5.81622314453125
36.276 -0.0 0.0 -0.0234375 0.0 0.0 -0.0 -0.0 0.0 12.0234375 0.0 0.0 30.3203125 0.0 11.91796875 0.0 0.0 32.42578125 0.0 12.05859375 0.0 0.0 32.80859375 0.0 11.98828125 0.0 0.0 28.7890625 0.0 5.82598876953125
36.455 -0.0 0.0 -0.0234375 0.0 0.0 -0.0 -0.0 0.0 11.98828125 0.0 0.0 27.83203125 0.0 11.8828125 0.0 0.0 33.0 0.0 12.05859375 0.0 0.0 33.0 0.0 11.953125 0.0 0.0 28.98046875 0.0 5.81622314453125
36.625 -0.0 0.0 -0.0234375 0.0 0.0 -0.0 -0.0 0.0 11.98828125 0.0 0.0 29.171875 0.0 11.8125 0.0 0.0 32.80859375 0.0 11.84765625 0.0 0.0 33.19140625 0.0 11.42578125 0.0 0.0 28.98046875 0.0 5.7771148681640625
S: 154842857253 Fired
36.807 -0.0 0.0 -0.0234375 0.0 0.0 -0.0 -0.0 0.0 11.00390625 0.0 0.0 28.98046875 0.0 10.79296875 0.0 0.0 33.0 0.0 11.70703125 0.0 0.0 32.42578125 0.0 11.77734375 0.0 0.0 29.36328125 0.0 5.1417388916015625
36.974 -0.0 0.0 -0.0234375 0.0 0.0 -0.0 -0.0 0.0 11.8125 0.0 0.0 28.98046875 0.0 10.86328125 0.0 0.0 32.42578125 -7.779144287109375 9.7734375 0.0 0.0 33.0 0.0 11.4609375 0.0 0.0 29.36328125 0.0 4.6236419677734375
37.146 -0.0 0.0 -0.0234375 0.0 0.0 -0.0 -0.0 0.0 11.0390625 0.0 0.0 28.59765625 0.0 11.1796875 0.0 0.0 32.234375 13.989288330078125 11.56640625 0.0 0.0 32.6171875 0.0 11.42578125 0.0 0.0 28.98046875 0.0 5.3958892822265625
37.308 -0.0 0.0 -0.0234375 0.0 0.0 -0.0 -0.0 0.0 11.53125 0.0 0.0 29.171875 0.0 11.4609375 0.0 0.0 32.6171875 7.9187774658203125 11.0390625 0.0 0.0 32.42578125 0.0 11.84765625 0.0 0.0 29.36328125 0.0 5.9041900634765625
37.48 -0.0 0.0 -0.0234375 0.0 0.0 -0.0 -0.0 0.0 11.8828125 0.0 0.0 28.98046875 0.0 11.7421875 0.0 0.0 32.6171875 0.0 11.91796875 0.0 0.0 33.19140625 0.0 11.91796875 0.0 0.0 29.5546875 0.0 5.82598876953125
37.645 -0.0 0.0 -0.0234375 0.0 0.0 -0.0 -0.0 0.0 11.953125 0.0 0.0 29.171875 0.0 11.8828125 0.0 0.0 32.42578125 0.0 11.98828125 0.0 0.0 32.6171875 0.0 11.91796875 0.0 0.0 29.171875 0.0 5.82598876953125
37.816 -0.0 0.0 -0.0234375 0.0 0.0 -0.0 -0.0 0.0 11.953125 0.0 0.0 28.7890625 0.0 11.84765625 0.0 0.0 32.6171875 0.0 11.98828125 0.0 0.0 33.19140625 0.0 11.91796875 0.0 0.0 29.171875 0.0 5.82598876953125
37.979 -0.0 0.0 -0.0234375 0.0 0.0 -0.0 -0.0 0.0 11.91796875 0.0 0.0 29.5546875 0.0 11.8125 0.0 0.0 31.8515625 0.0 12.05859375 0.0 0.0 32.42578125 0.0 11.953125 0.0 0.0 29.171875 0.0 5.82598876953125
38.146 -0.0 0.0 -0.0234375 0.0 0.0 -0.0 -0.0 0.0 11.98828125 0.0 0.0 28.98046875 0.0 11.84765625 0.0 0.0 32.234375 0.0 12.0234375 0.0 0.0 32.80859375 0.0 11.98828125 0.0 0.0 28.98046875 0.0 5.82598876953125
38.32 -0.0 0.0 -0.0234375 0.0 0.0 -0.0 -0.0 0.0 11.91796875 0.0 0.0 29.36328125 0.0 11.8125 0.0 0.0 32.04296875 0.0 12.0234375 0.0 0.0 32.6171875 0.0 11.953125 0.0 0.0 28.7890625 0.0 5.82598876953125
38.495 -0.0 0.0 -0.0234375 0.0 0.0 -0.0 -0.0 0.0 11.98828125 0.0 0.0 28.98046875 0.0 11.8828125 0.0 0.0 32.6171875 0.0 12.05859375 0.0 0.0 33.0 0.0 12.0234375 0.0 0.0 29.5546875 0.0 5.82598876953125
38.659 -0.0 0.0 -0.0234375 0.0 0.0 -0.0 -0.0 0.0 12.0234375 0.0 0.0 29.5546875 0.0 11.91796875 0.0 0.0 32.04296875 0.0 12.05859375 0.0 0.0 33.3828125 0.0 12.0234375 0.0 0.0 29.36328125 0.0 5.82598876953125
38.828 -0.0 0.0 -0.0234375 0.0 0.0 -0.0 -0.0 0.0 11.91796875 0.0 0.0 29.171875 0.0 11.8828125 0.0 0.0 32.42578125 0.0 12.09375 0.0 0.0 32.42578125 0.0 11.953125 0.0 0.0 29.36328125 0.0 5.81622314453125
39.016 -0.0 0.0 -0.0234375 0.0 0.0 -0.0 -0.0 0.0 11.98828125 0.0 0.0 28.7890625 0.0 11.91796875 0.0 0.0 32.42578125 0.0 12.09375 0.0 0.0 32.6171875 0.0 11.953125 0.0 0.0 29.171875 0.0 5.82598876953125
39.184 -0.0 0.0 -0.0234375 0.0 0.0 -0.0 -0.0 0.0 11.98828125 0.0 0.0 28.21484375 0.0 11.84765625 0.0 0.0 32.80859375 0.0 11.98828125 0.0 0.0 32.6171875 0.0 12.0234375 0.0 0.0 29.171875 0.0 5.82598876953125
39.359 -0.0 0.0 -0.0234375 0.0 0.0 -0.0 -0.0 0.0 11.91796875 0.0 0.0 28.7890625 0.0 11.8828125 0.0 0.0 32.04296875 0.0 11.98828125 0.0 0.0 32.42578125 0.0 11.91796875 0.0 0.0 29.74609375 0.0 5.82598876953125
39.539 -0.0 0.0 -0.0234375 0.0 0.0 -0.0 -0.0 0.0 11.953125 0.0 0.0 29.171875 0.0 11.8828125 0.0 0.0 32.04296875 0.0 12.05859375 0.0 0.0 33.0 0.0 11.98828125 0.0 0.0 29.5546875 0.0 5.82598876953125
39.715 -0.0 0.0 -0.0234375 0.0 0.0 -0.0 -0.0 0.0 11.953125 0.0 0.0 29.5546875 0.0 11.8828125 0.0 0.0 31.8515625 0.0 12.05859375 0.0 0.0 33.19140625 0.0 12.0234375 0.0 0.0 28.7890625 0.0 5.82598876953125
39.9 -0.0 0.0 -0.0234375 0.0 0.0 -0.0 -0.0 0.0 11.953125 0.0 0.0 28.40625 0.0 11.91796875 0.0 0.0 32.6171875 0.0 12.0234375 0.0 0.0 32.80859375 0.0 12.0234375 0.0 0.0 29.36328125 0.0 5.82598876953125
40.067 -0.0 0.0 -0.0234375 0.0 0.0 -0.0 -0.0 0.0 11.953125 0.0 0.0 29.36328125 0.0 11.84765625 0.0 0.0 32.04296875 0.0 12.05859375 0.0 0.0 32.80859375 0.0 12.0234375 0.0 0.0 29.171875 0.0 5.8357696533203125
40.236 -0.0 0.0 -0.0234375 0.0 0.0 -0.0 -0.0 0.0 11.98828125 0.0 0.0 28.98046875 0.0 11.91796875 0.0 0.0 33.0 0.0 12.09375 0.0 0.0 33.0 0.0 11.98828125 0.0 0.0 29.74609375 0.0 5.82598876953125
40.405 -0.0 0.0 -0.0234375 0.0 0.0 -0.0 -0.0 0.0 11.98828125 0.0 0.0 28.7890625 0.0 11.91796875 0.0 0.0 33.0 0.0 11.98828125 0.0 0.0 32.80859375 0.0 11.98828125 0.0 0.0 28.7890625 0.0 5.82598876953125
40.579 -0.0 0.0 -0.0234375 0.0 0.0 -0.0 -0.0 0.0 11.91796875 0.0 0.0 29.171875 0.0 11.77734375 0.0 0.0 32.04296875 0.0 12.05859375 0.0 0.0 32.234375 0.0 11.98828125 0.0 0.0 28.98046875 0.0 5.82598876953125
40.756 -0.0 0.0 -0.0234375 0.0 0.0 -0.0 -0.0 0.0 12.0234375 0.0 0.0 29.9375 0.0 11.8828125 0.0 0.0 32.42578125 0.0 11.8828125 0.0 0.0 32.80859375 0.0 11.4609375 0.0 0.0 29.171875 0.0 5.757568359375
S: 154842861384 Fired
40.927 -0.0 0.0 -0.0234375 0.0 0.0 -0.0 -0.0 0.0 11.25 0.0 0.0 29.74609375 0.0 10.86328125 0.0 0.0 32.6171875 0.0 11.56640625 0.0 0.0 32.234375 0.0 11.671875 0.0 0.0 29.5546875 0.0 5.102630615234375
41.087 -0.0 0.0 -0.0234375 0.0 0.0 -0.0 -0.0 0.0 11.77734375 0.0 0.0 29.171875 0.0 11.109375 0.0 0.0 32.42578125 -8.028244018554688 11.109375 0.0 0.0 32.6171875 0.0 11.70703125 0.0 0.0 28.40625 0.0 4.69207763671875
41.257 -0.0 0.0 -0.0234375 0.0 0.0 -0.0 -0.0 0.0 11.21484375 0.0 0.0 28.98046875 0.0 11.3203125 0.0 0.0 32.6171875 14.476303100585938 11.6015625 0.0 0.0 33.0 0.0 11.70703125 0.0 0.0 29.171875 0.0 5.415435791015625
41.415 -0.0 0.0 -0.0234375 0.0 0.0 -0.0 -0.0 0.0 11.84765625 0.0 0.0 28.7890625 0.0 11.70703125 0.0 0.0 33.19140625 2.7934722900390625 11.390625 0.0 0.0 32.234375 0.0 10.546875 0.0 0.0 28.7890625 0.0 5.9628448486328125
41.575 -0.0 0.0 -0.0234375 0.0 0.0 -0.0 -0.0 0.0 10.40625 0.0 0.0 29.171875 0.0 10.30078125 0.0 0.0 32.04296875 0.0 10.4765625 0.0 0.0 32.6171875 0.0 10.3359375 0.0 0.0 29.171875 0.0 5.9628448486328125
41.736 -0.0 0.0 -0.0234375 0.0 0.0 -0.0 -0.0 0.0 10.30078125 0.0 0.0 29.171875 0.0 10.23046875 0.0 0.0 32.6171875 0.0 10.40625 0.0 0.0 32.6171875 0.0 10.37109375 0.0 0.0 28.59765625 0.0 5.972625732421875
41.903 -0.0 0.0 -0.0234375 0.0 0.0 -0.0 -0.0 0.0 10.3359375 0.0 0.0 28.98046875 0.0 10.30078125 0.0 0.0 32.6171875 0.0 10.4765625 0.0 0.0 33.0 0.0 10.3359375 0.0 0.0 29.74609375 0.0 5.972625732421875
42.063 -0.0 0.0 -0.0234375 0.0 0.0 -0.0 -0.0 0.0 10.37109375 0.0 0.0 29.171875 0.0 10.265625 0.0 0.0 32.6171875 0.0 10.4765625 0.0 0.0 32.42578125 0.0 11.14453125 0.0 0.0 28.98046875 0.0 5.972625732421875
42.218 -0.0 0.0 -0.0234375 0.0 0.0 -0.0 -0.0 0.0 12.0234375 0.0 0.0 28.98046875 0.0 12.0234375 0.0 0.0 32.04296875 0.0 12.19921875 0.0 0.0 32.6171875 0.0 12.1640625 0.0 0.0 29.171875 0.0 5.8357696533203125
42.387 -0.0 0.0 -0.0234375 0.0 0.0 -0.0 -0.0 0.0 12.1640625 0.0 0.0 29.171875 0.0 12.09375 0.0 0.0 32.42578125 0.0 12.26953125 0.0 0.0 32.6171875 0.0 12.234375 0.0 0.0 29.36328125 0.0 5.8357696533203125
42.545 -0.0 0.0 -0.0234375 0.0 0.0 -0.0 -0.0 0.0 12.19921875 0.0 0.0 28.0234375 0.0 12.12890625 0.0 0.0 32.42578125 0.0 12.3046875 0.0 0.0 33.0 0.0 12.26953125 0.0 0.0 29.9375 0.0 5.8357696533203125
42.722 -0.0 0.0 -0.0234375 0.0 0.0 -0.0 -0.0 0.0 12.19921875 0.0 0.0 29.36328125 0.0 12.1640625 0.0 0.0 33.0 0.0 12.3046875 0.0 0.0 32.80859375 0.0 12.26953125 0.0 0.0 29.36328125 0.0 5.8357696533203125
42.919 -0.0 0.0 -0.0234375 0.0 0.0 -0.0 -0.0 0.0 12.234375 0.0 0.0 30.12890625 0.0 12.1640625 0.0 0.0 31.8515625 0.0 12.33984375 0.0 0.0 32.42578125 0.0 12.26953125 0.0 0.0 29.74609375 0.0 5.8357696533203125
43.085 -0.0 0.0 -0.0234375 0.0 0.0 -0.0 -0.0 0.0 12.234375 0.0 0.0 28.98046875 0.0 12.1640625 0.0 0.0 32.6171875 0.0 12.375 0.0 0.0 33.0 0.0 12.3046875 0.0 0.0 29.9375 0.0 5.8357696533203125
43.257 -0.0 0.0 -0.0234375 0.0 0.0 -0.0 -0.0 0.0 12.234375 0.0 0.0 29.36328125 0.0 12.19921875 0.0 0.0 32.80859375 0.0 12.375 0.0 0.0 32.6171875 0.0 12.3046875 0.0 0.0 29.36328125 0.0 5.8357696533203125
43.425 -0.0 0.0 -0.0234375 0.0 0.0 -0.0 -0.0 0.0 12.26953125 0.0 0.0 28.98046875 0.0 12.19921875 0.0 0.0 32.234375 0.0 12.375 0.0 0.0 32.6171875 0.0 12.3046875 0.0 0.0 29.5546875 0.0 5.82598876953125
43.595 -0.0 0.0 -0.0234375 0.0 0.0 -0.0 -0.0 0.0 12.26953125 0.0 0.0 29.74609375 0.0 12.19921875 0.0 0.0 31.27734375 0.0 12.375 0.0 0.0 32.6171875 0.0 12.3046875 0.0 0.0 29.74609375 0.0 5.8357696533203125
43.764 -0.0 0.0 -0.0234375 0.0 0.0 -0.0 -0.0 0.0 12.26953125 0.0 0.0 29.36328125 0.0 12.19921875 0.0 0.0 32.04296875 0.0 12.375 0.0 0.0 32.80859375 0.0 12.33984375 0.0 0.0 29.5546875 0.0 5.8357696533203125
43.924 -0.0 0.0 -0.0234375 0.0 0.0 -0.0 -0.0 0.0 12.26953125 0.0 0.0 29.36328125 0.0 12.19921875 0.0 0.0 31.8515625 0.0 12.375 0.0 0.0 32.42578125 0.0 12.33984375 0.0 0.0 28.7890625 0.0 5.8357696533203125
44.095 -0.0 0.0 -0.0234375 0.0 0.0 -0.0 -0.0 0.0 12.3046875 0.0 0.0 29.5546875 0.0 12.19921875 0.0 0.0 32.80859375 0.0 12.375 0.0 0.0 33.0 0.0 12.33984375 0.0 0.0 28.7890625 0.0 5.82598876953125
44.267 -0.0 0.0 -0.0234375 0.0 0.0 -0.0 -0.0 0.0 12.3046875 0.0 0.0 29.74609375 0.0 12.19921875 0.0 0.0 32.234375 0.0 12.375 0.0 0.0 32.6171875 0.0 12.33984375 0.0 0.0 28.98046875 0.0 5.8357696533203125
44.439 -0.0 0.0 -0.0234375 0.0 0.0 -0.0 -0.0 0.0 12.3046875 0.0 0.0 29.171875 0.0 12.234375 0.0 0.0 33.3828125 0.0 12.375 0.0 0.0 32.80859375 0.0 12.33984375 0.0 0.0 29.171875 0.0 5.8357696533203125
44.607 -0.0 0.0 -0.0234375 0.0 0.0 -0.0 -0.0 0.0 12.3046875 0.0 0.0 28.98046875 0.0 12.19921875 0.0 0.0 32.42578125 0.0 12.375 0.0 0.0 32.6171875 0.0 12.33984375 0.0 0.0 29.36328125 0.0 5.82598876953125
44.794 -0.0 0.0 -0.0234375 0.0 0.0 -0.0 -0.0 0.0 12.3046875 0.0 0.0 29.36328125 0.0 12.234375 0.0 0.0 32.04296875 0.0 12.41015625 0.0 0.0 33.3828125 0.0 12.33984375 0.0 0.0 29.36328125 0.0 5.8357696533203125
44.958 -0.0 0.0 -0.0234375 0.0 0.0 -0.0 -0.0 0.0 12.3046875 0.0 0.0 28.98046875 0.0 12.234375 0.0 0.0 32.42578125 0.0 12.375 0.0 0.0 33.3828125 0.0 12.33984375 0.0 0.0 29.5546875 0.0 5.8357696533203125
45.139 -0.0 0.0 -0.0234375 0.0 0.0 -0.0 -0.0 0.0 12.3046875 0.0 0.0 29.171875 0.0 12.234375 0.0 0.0 32.42578125 0.0 12.41015625 0.0 0.0 33.19140625 0.0 12.375 0.0 0.0 29.36328125 0.0 5.8357696533203125
45.316 -0.0 0.0 -0.0234375 0.0 0.0 -0.0 -0.0 0.0 12.3046875 0.0 0.0 28.98046875 0.0 12.234375 0.0 0.0 32.04296875 0.0 12.41015625 0.0 0.0 33.0 0.0 12.375 0.0 0.0 29.171875 0.0 5.8357696533203125
45.486 -0.0 0.0 -0.0234375 0.0 0.0 -0.0 -0.0 0.0 12.3046875 0.0 0.0 29.36328125 0.0 12.234375 0.0 0.0 32.6171875 0.0 12.41015625 0.0 0.0 32.80859375 0.0 12.375 0.0 0.0 29.36328125 0.0 5.8357696533203125
45.645 -0.0 0.0 -0.0234375 0.0 0.0 -0.0 -0.0 0.0 12.3046875 0.0 0.0 29.171875 0.0 12.234375 0.0 0.0 32.6171875 0.0 12.4453125 0.0 0.0 32.6171875 0.0 12.375 0.0 0.0 29.171875 0.0 5.8357696533203125
45.819 -0.0 0.0 -0.0234375 0.0 0.0 -0.0 -0.0 0.0 12.33984375 0.0 0.0 28.7890625 0.0 12.234375 0.0 0.0 32.42578125 0.0 12.41015625 0.0 0.0 32.80859375 0.0 12.375 0.0 0.0 29.5546875 0.0 5.8357696533203125
45.998 -0.0 0.0 -0.0234375 0.0 0.0 -0.0 -0.0 0.0 12.3046875 0.0 0.0 28.98046875 0.0 12.234375 0.0 0.0 32.42578125 0.0 12.41015625 0.0 0.0 32.6171875 0.0 12.375 0.0 0.0 29.5546875 0.0 5.81622314453125
46.166 -0.0 0.0 -0.0234375 0.0 0.0 -0.0 -0.0 0.0 12.33984375 0.0 0.0 29.171875 0.0 12.234375 0.0 0.0 33.19140625 0.0 12.41015625 0.0 0.0 32.42578125 0.0 12.375 0.0 0.0 29.171875 0.0 5.8357696533203125
46.336 -0.0 0.0 -0.0234375 0.0 0.0 -0.0 -0.0 0.0 12.33984375 0.0 0.0 28.98046875 0.0 12.234375 0.0 0.0 32.80859375 0.0 12.41015625 0.0 0.0 33.0 0.0 12.375 0.0 0.0 29.74609375 0.0 5.8357696533203125
46.504 -0.0 0.0 -0.0234375 0.0 0.0 -0.0 -0.0 0.0 12.33984375 0.0 0.0 28.98046875 0.0 12.234375 0.0 0.0 32.42578125 0.0 12.4453125 0.0 0.0 33.0 0.0 12.375 0.0 0.0 29.36328125 0.0 5.8357696533203125
46.686 -0.0 0.0 -0.0234375 0.0 0.0 -0.0 -0.0 0.0 12.33984375 0.0 0.0 29.36328125 0.0 12.26953125 0.0 0.0 32.6171875 0.0 12.4453125 0.0 0.0 32.80859375 0.0 12.375 0.0 0.0 28.98046875 0.0 5.8357696533203125
46.875 -0.0 0.0 -0.0234375 0.0 0.0 -0.0 -0.0 0.0 12.33984375 0.0 0.0 28.59765625 0.0 12.26953125 0.0 0.0 32.42578125 0.0 12.4453125 0.0 0.0 32.80859375 0.0 12.375 0.0 0.0 29.5546875 0.0 5.8357696533203125
47.044 -0.0 0.0 -0.0234375 0.0 0.0 -0.0 -0.0 0.0 12.33984375 0.0 0.0 29.36328125 0.0 12.234375 0.0 0.0 32.80859375 0.0 12.41015625 0.0 0.0 32.80859375 0.0 12.375 0.0 0.0 29.74609375 0.0 5.8357696533203125
47.217 -0.0 0.0 -0.0234375 0.0 0.0 -0.0 -0.0 0.0 12.33984375 0.0 0.0 29.171875 0.0 12.26953125 0.0 0.0 32.42578125 0.0 12.4453125 0.0 0.0 33.3828125 0.0 12.375 0.0 0.0 28.40625 0.0 5.8357696533203125
47.394 -0.0 0.0 -0.0234375 0.0 0.0 -0.0 -0.0 0.0 12.375 0.0 0.0 29.36328125 0.0 12.26953125 0.0 0.0 31.8515625 0.0 12.4453125 0.0 0.0 33.19140625 0.0 12.41015625 0.0 0.0 28.98046875 0.0 5.82598876953125
47.558 -0.0 0.0 -0.0234375 0.0 0.0 -0.0 -0.0 0.0 12.375 0.0 0.0 28.98046875 0.0 12.26953125 0.0 0.0 32.80859375 0.0 12.4453125 0.0 0.0 33.3828125 0.0 12.375 0.0 0.0 29.5546875 0.0 5.82598876953125
47.725 -0.0 0.0 -0.0234375 0.0 0.0 -0.0 -0.0 0.0 12.375 0.0 0.0 30.3203125 0.0 12.26953125 0.0 0.0 32.6171875 0.0 12.4453125 0.0 0.0 32.6171875 0.0 12.41015625 0.0 0.0 28.98046875 0.0 5.8357696533203125
47.893 -0.0 0.0 -0.0234375 0.0 0.0 -0.0 -0.0 0.0 12.33984375 0.0 0.0 29.36328125 0.0 12.26953125 0.0 0.0 32.6171875 0.0 12.4453125 0.0 0.0 33.19140625 0.0 12.375 0.0 0.0 28.98046875 0.0 5.8357696533203125
48.074 -0.0 0.0 -0.0234375 0.0 0.0 -0.0 -0.0 0.0 12.33984375 0.0 0.0 29.36328125 0.0 12.26953125 0.0 0.0 32.42578125 0.0 12.4453125 0.0 0.0 32.6171875 0.0 12.375 0.0 0.0 29.5546875 0.0 5.8357696533203125
48.246 -0.0 0.0 -0.0234375 0.0 0.0 -0.0 -0.0 0.0 12.33984375 0.0 0.0 29.36328125 0.0 12.26953125 0.0 0.0 32.04296875 0.0 12.4453125 0.0 0.0 32.42578125 0.0 12.41015625 0.0 0.0 29.5546875 0.0 5.8357696533203125
48.412 -0.0 0.0 -0.0234375 0.0 0.0 -0.0 -0.0 0.0 12.375 0.0 0.0 29.171875 0.0 12.26953125 0.0 0.0 32.42578125 0.0 12.4453125 0.0 0.0 33.19140625 0.0 12.375 0.0 0.0 29.9375 0.0 5.8357696533203125
48.584 -0.0 0.0 -0.0234375 0.0 0.0 -0.0 -0.0 0.0 12.33984375 0.0 0.0 29.74609375 0.0 12.26953125 0.0 0.0 32.234375 0.0 12.41015625 0.0 0.0 32.6171875 0.0 12.375 0.0 0.0 29.171875 0.0 5.8357696533203125
48.766 -0.0 0.0 -0.0234375 0.0 0.0 -0.0 -0.0 0.0 12.33984375 0.0 0.0 29.9375 0.0 12.26953125 0.0 0.0 32.42578125 0.0 12.4453125 0.0 0.0 32.80859375 0.0 12.41015625 0.0 0.0 28.59765625 0.0 5.82598876953125
48.945 -0.0 0.0 -0.0234375 0.0 0.0 -0.0 -0.0 0.0 12.33984375 0.0 0.0 28.40625 0.0 12.26953125 0.0 0.0 32.42578125 0.0 12.41015625 0.0 0.0 32.234375 0.0 12.41015625 0.0 0.0 29.36328125 0.0 5.8357696533203125
49.117 -0.0 0.0 -0.0234375 0.0 0.0 -0.0 -0.0 0.0 12.33984375 0.0 0.0 29.171875 0.0 12.26953125 0.0 0.0 32.6171875 0.0 12.4453125 0.0 0.0 32.6171875 0.0 12.41015625 0.0 0.0 29.9375 0.0 5.8357696533203125
49.28 -0.0 0.0 -0.0234375 0.0 0.0 -0.0 -0.0 0.0 12.375 0.0 0.0 27.640625 0.0 12.26953125 0.0 0.0 32.42578125 0.0 12.4453125 0.0 0.0 32.80859375 0.0 12.41015625 0.0 0.0 29.5546875 0.0 5.8357696533203125
49.439 -0.0 0.0 -0.0234375 0.0 0.0 -0.0 -0.0 0.0 12.375 0.0 0.0 29.36328125 0.0 12.26953125 0.0 0.0 32.6171875 0.0 12.4453125 0.0 0.0 32.6171875 0.0 12.41015625 0.0 0.0 29.171875 0.0 5.8357696533203125
49.596 -0.0 0.0 -0.0234375 0.0 0.0 -0.0 -0.0 0.0 12.375 0.0 0.0 29.171875 0.0 12.26953125 0.0 0.0 33.0 0.0 12.4453125 0.0 0.0 33.3828125 0.0 12.41015625 0.0 0.0 29.171875 0.0 5.8357696533203125
49.763 -0.0 0.0 -0.0234375 0.0 0.0 -0.0 -0.0 0.0 12.375 0.0 0.0 28.59765625 0.0 12.26953125 0.0 0.0 31.8515625 0.0 12.4453125 0.0 0.0 32.6171875 0.0 12.375 0.0 0.0 29.171875 0.0 5.82598876953125
49.92 -0.0 0.0 -0.0234375 0.0 0.0 -0.0 -0.0 0.0 12.375 0.0 0.0 28.59765625 0.0 12.26953125 0.0 0.0 31.66015625 0.0 12.4453125 0.0 0.0 33.0 0.0 12.41015625 0.0 0.0 29.171875 0.0 5.8357696533203125
50.08 -0.0 0.0 -0.0234375 0.0 0.0 -0.0 -0.0 0.0 12.375 0.0 0.0 29.5546875 0.0 12.26953125 0.0 0.0 32.80859375 0.0 12.4453125 0.0 0.0 33.0 0.0 12.41015625 0.0 0.0 29.171875 0.0 5.8357696533203125
50.242 -0.0 0.0 -0.0234375 0.0 0.0 -0.0 -0.0 0.0 12.375 0.0 0.0 29.5546875 0.0 12.26953125 0.0 0.0 32.80859375 0.0 12.4453125 0.0 0.0 33.3828125 0.0 12.375 0.0 0.0 29.36328125 0.0 5.8357696533203125
50.4 -0.0 0.0 -0.0234375 0.0 0.0 -0.0 -0.0 0.0 12.375 0.0 0.0 29.5546875 0.0 12.26953125 0.0 0.0 31.66015625 0.0 12.4453125 0.0 0.0 32.6171875 0.0 12.41015625 0.0 0.0 28.98046875 0.0 5.8357696533203125
50.565 -0.0 0.0 -0.0234375 0.0 0.0 -0.0 -0.0 0.0 12.375 0.0 0.0 29.36328125 0.0 12.26953125 0.0 0.0 33.3828125 0.0 12.4453125 0.0 0.0 32.6171875 0.0 12.41015625 0.0 0.0 29.36328125 0.0 5.82598876953125
50.743 -0.0 0.0 -0.0234375 0.0 0.0 -0.0 -0.0 0.0 12.375 0.0 0.0 28.40625 0.0 12.26953125 0.0 0.0 32.234375 0.0 12.4453125 0.0 0.0 33.0 0.0 12.41015625 0.0 0.0 29.74609375 0.0 5.82598876953125
50.911 -0.0 0.0 -0.0234375 0.0 0.0 -0.0 -0.0 0.0 12.375 0.0 0.0 28.98046875 0.0 12.26953125 0.0 0.0 32.80859375 0.0 12.4453125 0.0 0.0 32.42578125 0.0 12.41015625 0.0 0.0 28.98046875 0.0 5.8357696533203125
51.088 -0.0 0.0 -0.0234375 0.0 0.0 -0.0 -0.0 0.0 12.375 0.0 0.0 29.5546875 0.0 12.26953125 0.0 0.0 31.8515625 0.0 12.4453125 0.0 0.0 33.0 0.0 12.41015625 0.0 0.0 29.5546875 0.0 5.8357696533203125
51.255 -0.0 0.0 -0.0234375 0.0 0.0 -0.0 -0.0 0.0 12.375 0.0 0.0 28.7890625 0.0 12.26953125 0.0 0.0 32.04296875 0.0 12.4453125 0.0 0.0 32.80859375 0.0 12.41015625 0.0 0.0 29.36328125 0.0 5.8357696533203125
51.416 -0.0 0.0 -0.0234375 0.0 0.0 -0.0 -0.0 0.0 12.375 0.0 0.0 29.171875 0.0 12.3046875 0.0 0.0 32.6171875 0.0 12.4453125 0.0 0.0 32.6171875 0.0 12.41015625 0.0 0.0 29.171875 0.0 5.8357696533203125
51.573 -0.0 0.0 -0.0234375 0.0 0.0 -0.0 -0.0 0.0 12.375 0.0 0.0 29.9375 0.0 12.26953125 0.0 0.0 33.19140625 0.0 12.4453125 0.0 0.0 32.6171875 0.0 12.41015625 0.0 0.0 28.98046875 0.0 5.8357696533203125
51.733 -0.0 0.0 -0.0234375 0.0 0.0 -0.0 -0.0 0.0 12.33984375 0.0 0.0 28.98046875 0.0 12.3046875 0.0 0.0 32.42578125 0.0 12.4453125 0.0 0.0 32.80859375 0.0 12.41015625 0.0 0.0 29.171875 0.0 5.8357696533203125
51.921 -0.0 0.0 -0.0234375 0.0 0.0 -0.0 -0.0 0.0 12.375 0.0 0.0 28.98046875 0.0 12.26953125 0.0 0.0 32.6171875 0.0 12.4453125 0.0 0.0 33.0 0.0 12.41015625 0.0 0.0 29.5546875 0.0 5.8357696533203125
52.084 -0.0 0.0 -0.0234375 0.0 0.0 -0.0 -0.0 0.0 12.375 0.0 0.0 28.59765625 0.0 12.3046875 0.0 0.0 32.6171875 0.0 12.4453125 0.0 0.0 33.0 0.0 12.41015625 0.0 0.0 29.36328125 0.0 5.8357696533203125
52.257 -0.0 0.0 -0.0234375 0.0 0.0 -0.0 -0.0 0.0 12.375 0.0 0.0 29.171875 0.0 12.26953125 0.0 0.0 32.80859375 0.0 12.48046875 0.0 0.0 32.6171875 0.0 12.41015625 0.0 0.0 29.5546875 0.0 5.8357696533203125
52.418 -0.0 0.0 -0.0234375 0.0 0.0 -0.0 -0.0 0.0 12.375 0.0 0.0 28.98046875 0.0 12.26953125 0.0 0.0 32.80859375 0.0 12.48046875 0.0 0.0 33.0 0.0 12.41015625 0.0 0.0 29.36328125 0.0 5.8357696533203125
52.593 -0.0 0.0 -0.0234375 0.0 0.0 -0.0 -0.0 0.0 12.375 0.0 0.0 28.98046875 0.0 12.26953125 0.0 0.0 32.80859375 0.0 12.48046875 0.0 0.0 32.42578125 0.0 12.41015625 0.0 0.0 28.98046875 0.0 5.8357696533203125
52.758 -0.0 0.0 -0.0234375 0.0 0.0 -0.0 -0.0 0.0 12.375 0.0 0.0 28.98046875 0.0 12.3046875 0.0 0.0 32.42578125 0.0 12.48046875 0.0 0.0 32.80859375 0.0 12.4453125 0.0 0.0 29.74609375 0.0 5.8357696533203125
52.917 -0.0 0.0 -0.0234375 0.0 0.0 -0.0 -0.0 0.0 12.375 0.0 0.0 29.171875 0.0 12.26953125 0.0 0.0 32.42578125 0.0 12.4453125 0.0 0.0 32.6171875 0.0 12.41015625 0.0 0.0 29.171875 0.0 5.8357696533203125
53.085 -0.0 0.0 -0.0234375 0.0 0.0 -0.0 -0.0 0.0 12.41015625 0.0 0.0 29.74609375 0.0 12.3046875 0.0 0.0 33.3828125 0.0 12.4453125 0.0 0.0 33.0 0.0 12.41015625 0.0 0.0 28.7890625 0.0 5.8357696533203125
53.25 -0.0 0.0 -0.0234375 0.0 0.0 -0.0 -0.0 0.0 12.41015625 0.0 0.0 29.171875 0.0 12.3046875 0.0 0.0 32.42578125 0.0 12.48046875 0.0 0.0 32.80859375 0.0 12.41015625 0.0 0.0 29.5546875 0.0 5.82598876953125
53.425 -0.0 0.0 -0.0234375 0.0 0.0 -0.0 -0.0 0.0 12.375 0.0 0.0 28.7890625 0.0 12.3046875 0.0 0.0 32.80859375 0.0 12.4453125 0.0 0.0 32.6171875 0.0 12.4453125 0.0 0.0 29.36328125 0.0 5.8357696533203125
53.597 -0.0 0.0 -0.0234375 0.0 0.0 -0.0 -0.0 0.0 12.375 0.0 0.0 29.36328125 0.0 12.3046875 0.0 0.0 32.6171875 0.0 12.48046875 0.0 0.0 32.6171875 0.0 12.4453125 0.0 0.0 29.74609375 0.0 5.82598876953125
53.76 -0.0 0.0 -0.0234375 0.0 0.0 -0.0 -0.0 0.0 12.375 0.0 0.0 29.171875 0.0 12.26953125 0.0 0.0 33.0 0.0 12.48046875 0.0 0.0 33.0 0.0 12.4453125 0.0 0.0 28.98046875 0.0 5.82598876953125
53.922 -0.0 0.0 -0.0234375 0.0 0.0 -0.0 -0.0 0.0 12.41015625 0.0 0.0 29.171875 0.0 12.26953125 0.0 0.0 32.42578125 0.0 12.48046875 0.0 0.0 32.80859375 0.0 12.41015625 0.0 0.0 29.171875 0.0 5.8357696533203125
54.169 -0.0 0.0 -0.0234375 0.0 0.0 -0.0 -0.0 0.0 12.375 0.0 0.0 28.7890625 0.0 12.3046875 0.0 0.0 32.6171875 0.0 12.48046875 0.0 0.0 32.6171875 0.0 12.4453125 0.0 0.0 29.171875 0.0 5.82598876953125
54.426 -0.0 0.0 -0.0234375 0.0 0.0 -0.0 -0.0 0.0 12.375 0.0 0.0 29.5546875 0.0 12.3046875 0.0 0.0 31.46875 0.0 12.48046875 0.0 0.0 32.80859375 0.0 12.41015625 0.0 0.0 29.171875 0.0 5.82598876953125
54.756 -0.0 0.0 -0.0234375 0.0 0.0 -0.0 -0.0 0.0 12.375 0.0 0.0 29.36328125 0.0 12.26953125 0.0 0.0 33.57421875 0.0 12.48046875 0.0 0.0 32.80859375 0.0 12.4453125 0.0 0.0 28.7890625 0.0 5.82598876953125
55.022 -0.0 0.0 -0.0234375 0.0 0.0 -0.0 -0.0 0.0 12.375 0.0 0.0 29.171875 0.0 12.3046875 0.0 0.0 32.42578125 0.0 12.48046875 0.0 0.0 32.6171875 0.0 12.41015625 0.0 0.0 29.74609375 0.0 5.8357696533203125
55.195 -0.0 0.0 -0.0234375 0.0 0.0 -0.0 -0.0 0.0 12.375 0.0 0.0 30.3203125 0.0 12.3046875 0.0 0.0 32.04296875 0.0 12.48046875 0.0 0.0 32.42578125 0.0 12.41015625 0.0 0.0 29.171875 0.0 5.8357696533203125
