Timestamp Driver_Joy_Y Driver_Joy_X Driver_Joy_W FL_Out BL_Out BR_Out FR_Out FL_Jag_Speed FL_Bus_Voltage FL_Out_Voltage FL_Out_Current FL_Temp BL_Jag_Speed BL_Bus_Voltage BL_Out_Voltage BL_Out_Current BL_Temp BR_Jag_Speed BR_Bus_Voltage BR_Out_Voltage BR_Out_Current BR_Temp FR_Jag_Speed FR_Bus_Voltage FR_Out_Voltage FR_Out_Current FR_Temp
8.708 0.0078125 0.015748031496062992 0.0 0.0 0.0 0.0 0.0 0.0 12.69140625 0.0 0.0 26.875 0.0 12.55078125 0.0 0.0 30.12890625 0.0 12.76171875 0.0 0.0 30.12890625 0.0 12.7265625 0.0 0.0 27.640625 0.0 5.845550537109375
8.872 0.0078125 0.015748031496062992 0.0 0.0 0.0 0.0 0.0 0.0 12.7265625 0.0 0.0 27.2578125 0.0 12.5859375 0.0 0.0 30.703125 0.0 12.76171875 0.0 0.0 30.51171875 0.0 12.7265625 0.0 0.0 27.640625 0.0 5.845550537109375
9.018 0.0078125 0.015748031496062992 0.0 0.0 0.0 0.0 0.0 0.0 12.65625 0.0 0.0 27.44921875 0.0 12.5859375 0.0 0.0 30.51171875 0.0 12.76171875 0.0 0.0 30.12890625 0.0 12.7265625 0.0 0.0 27.640625 0.0 5.845550537109375
9.178 0.0078125 0.015748031496062992 0.0 0.0 0.0 0.0 0.0 0.0 12.69140625 0.0 0.0 27.640625 0.0 12.55078125 0.0 0.0 30.51171875 0.0 12.76171875 0.0 0.0 30.3203125 0.0 12.62109375 0.0 0.0 27.44921875 0.0 5.845550537109375
9.338 0.0078125 0.015748031496062992 0.0 0.0 0.0 0.0 0.0 0.0 12.69140625 0.0 0.0 28.59765625 0.0 12.515625 0.0 0.0 30.703125 0.0 12.69140625 0.0 0.0 30.51171875 0.0 12.62109375 0.0 0.0 27.2578125 0.0 5.845550537109375
9.5 0.0078125 0.015748031496062992 0.0 0.0 0.0 0.0 0.0 0.0 12.65625 0.0 0.0 27.06640625 0.0 12.55078125 0.0 0.0 30.89453125 0.0 12.65625 0.0 0.0 30.51171875 0.0 12.62109375 0.0 0.0 27.44921875 0.0 5.845550537109375
9.65 0.0078125 0.015748031496062992 0.0 0.0 0.0 0.0 0.0 0.0 12.65625 0.0 0.0 26.68359375 0.0 12.55078125 0.0 0.0 30.12890625 0.0 12.7265625 0.0 0.0 30.51171875 0.0 12.5859375 0.0 0.0 27.2578125 0.0 5.845550537109375
9.811 0.0078125 0.015748031496062992 0.0 0.0 0.0 0.0 0.0 0.0 12.55078125 0.0 0.0 27.06640625 0.0 12.48046875 0.0 0.0 30.3203125 0.0 12.62109375 0.0 0.0 30.703125 0.0 12.62109375 0.0 0.0 27.640625 0.0 5.855316162109375
9.969 0.0078125 0.015748031496062992 0.0 0.0 0.0 0.0 0.0 0.0 12.5859375 0.0 0.0 27.640625 0.0 12.515625 0.0 0.0 30.51171875 0.0 12.69140625 0.0 0.0 30.3203125 0.0 12.65625 0.0 0.0 27.2578125 0.0 5.855316162109375
10.127 0.0078125 0.015748031496062992 0.0 0.0 0.0 0.0 0.0 0.0 12.65625 0.0 0.0 27.06640625 0.0 12.515625 0.0 0.0 30.51171875 0.0 12.69140625 0.0 0.0 30.51171875 0.0 12.62109375 0.0 0.0 26.68359375 0.0 5.855316162109375
10.307 0.0078125 0.015748031496062992 0.0 -0.5 -0.5 0.5 0.5 0.0 11.21484375 -5.8359375 22.265625 26.4921875 0.0 10.51171875 -5.23828125 26.73046875 29.74609375 49.0509033203125 10.265625 5.11328125 25.6796875 29.5546875 0.0 10.51171875 5.18359375 25.15234375 27.44921875 0.0 5.845550537109375
10.48 0.0078125 0.015748031496062992 0.0 -0.5 -0.5 0.5 0.5 -3.206298828125 10.86328125 -5.46875 24.3671875 27.2578125 0.0 10.8984375 -5.57421875 18.0625 29.9375 110.84489440917969 10.79296875 5.5 19.24609375 30.51171875 0.0 11.14453125 5.60546875 14.6484375 26.68359375 0.0 5.855316162109375
10.672 0.0078125 0.015748031496062992 0.0 -0.5 -0.5 0.5 0.5 -13.608291625976562 11.4609375 -5.6796875 15.69921875 26.68359375 0.0 11.390625 -5.6796875 14.78125 29.74609375 192.88729858398438 11.25 5.5703125 14.91015625 30.3203125 0.0 11.42578125 5.7265625 10.97265625 27.2578125 0.0 5.81622314453125
10.86 0.0078125 0.015748031496062992 0.0 -0.5 -0.5 0.5 0.5 24.369338989257812 11.6015625 -5.8359375 11.3671875 26.68359375 0.0 11.84765625 -5.87109375 13.203125 28.21484375 211.1978759765625 11.56640625 5.7109375 12.41796875 30.703125 0.0 11.63671875 5.8515625 9.3984375 26.875 0.0 5.8748626708984375
11.059 0.0078125 0.015748031496062992 0.0 -0.5 -0.5 0.5 0.5 -10.453872680664062 11.7421875 -5.94140625 9.52734375 26.4921875 0.0 11.84765625 -5.90625 9.66015625 30.3203125 215.33111572265625 11.671875 5.796875 10.18359375 30.3203125 0.0 11.8125 5.8671875 7.953125 27.44921875 0.0 5.855316162109375
11.234 0.0078125 0.015748031496062992 0.0 -0.5 -0.5 0.5 0.5 14.692596435546875 11.84765625 -5.9609375 8.87109375 27.2578125 0.0 11.98828125 -5.99609375 10.0546875 29.9375 223.17794799804688 11.7421875 5.8671875 8.08203125 31.0859375 0.0 11.8828125 5.90234375 6.5078125 26.875 0.0 5.8357696533203125
11.412 0.0078125 0.015748031496062992 0.0 -0.5 -0.5 0.5 0.5 -11.91485595703125 12.0234375 -6.046875 7.953125 26.875 0.0 12.12890625 -6.01171875 9.3984375 29.36328125 216.3014678955078 11.84765625 5.9375 8.34765625 30.3203125 0.0 11.953125 5.95703125 5.8515625 27.640625 0.0 5.845550537109375
11.607 0.0078125 0.015748031496062992 0.0 -0.5 -0.5 0.5 0.5 15.582138061523438 12.12890625 -6.03125 7.953125 26.875 0.0 12.12890625 -6.08203125 7.69140625 29.36328125 249.5288848876953 12.0234375 5.90234375 8.4765625 30.3203125 0.0 11.98828125 5.97265625 6.11328125 26.68359375 0.0 5.8357696533203125
11.798 0.0078125 0.015748031496062992 0.0 -0.5 -0.5 0.5 0.5 -12.204345703125 12.05859375 -5.890625 6.5078125 26.68359375 0.0 11.84765625 -5.92578125 7.1640625 30.51171875 257.1830291748047 11.70703125 5.78125 7.1640625 29.74609375 0.0 11.63671875 5.78125 4.5390625 27.06640625 0.0 5.845550537109375
11.974 0.0078125 0.015748031496062992 0.0 -0.5 -0.5 0.5 0.5 15.691848754882812 11.77734375 -5.8203125 6.5078125 27.2578125 0.0 11.70703125 -5.90625 5.71875 30.51171875 230.9635467529297 11.63671875 5.83203125 6.640625 30.3203125 0.0 11.53125 5.83203125 5.984375 27.2578125 0.0 5.845550537109375
12.154 0.0078125 0.015748031496062992 0.0 -0.5 -0.5 0.5 0.5 -12.212371826171875 11.7421875 -5.85546875 5.8515625 26.68359375 0.0 11.84765625 -5.87109375 6.24609375 30.3203125 236.7447509765625 11.63671875 5.7265625 6.5078125 30.703125 0.0 11.6015625 5.76171875 4.80078125 27.2578125 0.0 5.82598876953125
12.341 0.0078125 0.015748031496062992 0.0 -0.5 -0.5 0.5 0.5 15.397567749023438 11.70703125 -5.8359375 5.1953125 27.06640625 0.0 11.7421875 -5.890625 6.640625 30.12890625 249.26971435546875 11.49609375 5.796875 7.296875 30.3203125 0.0 11.53125 5.76171875 5.8515625 27.83203125 0.0 5.7771148681640625
12.548 0.0078125 0.015748031496062992 0.0 -0.5 -0.5 0.5 0.5 -3.9091644287109375 11.77734375 -5.85546875 5.45703125 26.4921875 0.0 11.77734375 -5.87109375 6.24609375 29.9375 238.4796905517578 11.4609375 5.74609375 6.24609375 30.3203125 0.0 11.53125 5.83203125 4.93359375 27.06640625 0.0 5.7771148681640625
12.734 0.0078125 0.015748031496062992 0.0 -0.5 -0.5 0.5 0.5 55.04191589355469 11.70703125 -5.80078125 5.984375 26.875 0.0 11.8125 -5.90625 5.58984375 30.3203125 248.3507843017578 11.63671875 5.81640625 5.984375 29.9375 0.0 11.56640625 5.76171875 5.1953125 26.4921875 0.0 5.81622314453125
12.922 0.0078125 0.015748031496062992 0.0 -0.5 -0.5 0.5 0.5 -40.66590881347656 11.63671875 -5.8359375 4.93359375 27.06640625 0.0 11.70703125 -5.87109375 6.5078125 29.9375 255.52301025390625 11.6015625 5.81640625 6.5078125 30.3203125 0.0 11.63671875 5.83203125 5.1953125 26.68359375 0.0 5.845550537109375
13.101 0.0078125 0.015748031496062992 0.0 0.0 0.0 -0.0 -0.0 19.4315185546875 11.953125 0.0 0.0 27.06640625 0.0 11.671875 0.0 0.0 30.703125 211.86207580566406 11.49609375 0.0 0.0 29.9375 0.0 11.4609375 0.0 0.0 27.2578125 0.0 5.532745361328125
