Timestamp Driver_Joy_Y Driver_Joy_X Driver_Joy_W FL_Out BL_Out BR_Out FR_Out FL_Jag_Speed FL_Bus_Voltage FL_Out_Voltage FL_Out_Current FL_Temp BL_Jag_Speed BL_Bus_Voltage BL_Out_Voltage BL_Out_Current BL_Temp BR_Jag_Speed BR_Bus_Voltage BR_Out_Voltage BR_Out_Current BR_Temp FR_Jag_Speed FR_Bus_Voltage FR_Out_Voltage FR_Out_Current FR_Temp
2.367 -0.0 0.0 0.0 0.0 0.0 0.0 0.0 0.0 12.4453125 0.0 0.0 28.98046875 0.0 12.33984375 0.0 0.0 32.6171875 0.0 12.515625 0.0 0.0 33.0 0.0 12.4453125 0.0 0.0 29.171875 0.0 5.8357696533203125
2.537 -0.0 0.0 0.0 0.0 0.0 -0.0 -0.0 0.0 12.4453125 0.0 0.0 29.36328125 0.0 12.33984375 0.0 0.0 32.6171875 0.0 12.48046875 0.0 0.0 32.80859375 0.0 12.4453125 0.0 0.0 29.36328125 0.0 5.82598876953125
2.71 -0.0 0.0 0.0 0.0 0.0 -0.0 -0.0 0.0 12.4453125 0.0 0.0 28.7890625 0.0 12.3046875 0.0 0.0 31.0859375 0.0 12.515625 0.0 0.0 32.80859375 0.0 12.4453125 0.0 0.0 29.171875 0.0 5.82598876953125
2.878 -0.0 0.0 0.0 0.0 0.0 -0.0 -0.0 0.0 12.41015625 0.0 0.0 30.12890625 0.0 12.33984375 0.0 0.0 31.8515625 0.0 12.515625 0.0 0.0 32.42578125 0.0 12.4453125 0.0 0.0 28.7890625 0.0 5.8357696533203125
3.051 -0.0 0.0 0.0 0.0 0.0 -0.0 -0.0 0.0 12.41015625 0.0 0.0 28.98046875 0.0 12.33984375 0.0 0.0 33.765625 0.0 12.515625 0.0 0.0 32.6171875 0.0 12.4453125 0.0 0.0 28.98046875 0.0 5.8357696533203125
3.217 -0.0 0.0 0.0 0.0 0.0 -0.0 -0.0 0.0 12.4453125 0.0 0.0 28.21484375 0.0 12.33984375 0.0 0.0 32.04296875 0.0 12.515625 0.0 0.0 33.0 0.0 12.4453125 0.0 0.0 28.98046875 0.0 5.82598876953125
3.393 -0.0 0.0 0.0 0.0 0.0 -0.0 -0.0 0.0 12.4453125 0.0 0.0 28.59765625 0.0 12.3046875 0.0 0.0 32.04296875 0.0 12.515625 0.0 0.0 32.80859375 0.0 12.48046875 0.0 0.0 28.98046875 0.0 5.8357696533203125
3.57 -0.0 0.0 0.0 0.0 0.0 -0.0 -0.0 0.0 12.4453125 0.0 0.0 27.2578125 0.0 12.33984375 0.0 0.0 32.234375 0.0 12.515625 0.0 0.0 32.80859375 0.0 12.4453125 0.0 0.0 28.59765625 0.0 5.82598876953125
3.751 -0.0 0.0 0.0 0.0 0.0 -0.0 -0.0 0.0 12.4453125 0.0 0.0 29.171875 0.0 12.3046875 0.0 0.0 32.6171875 0.0 12.48046875 0.0 0.0 32.6171875 0.0 12.4453125 0.0 0.0 29.36328125 0.0 5.8357696533203125
3.929 -0.0 0.0 0.0 0.0 0.0 -0.0 -0.0 0.0 12.4453125 0.0 0.0 29.36328125 0.0 12.3046875 0.0 0.0 32.234375 0.0 12.48046875 0.0 0.0 32.42578125 0.0 12.4453125 0.0 0.0 29.171875 0.0 5.8357696533203125
4.109 -0.0 0.0 0.0 0.0 0.0 -0.0 -0.0 0.0 12.4453125 0.0 0.0 28.7890625 0.0 12.33984375 0.0 0.0 32.234375 0.0 12.515625 0.0 0.0 32.6171875 0.0 12.4453125 0.0 0.0 29.171875 0.0 5.8357696533203125
4.302 -0.0 0.0 0.0 0.0 0.0 -0.0 -0.0 0.0 12.4453125 0.0 0.0 28.98046875 0.0 12.3046875 0.0 0.0 32.6171875 0.0 12.48046875 0.0 0.0 32.80859375 0.0 12.4453125 0.0 0.0 29.171875 0.0 5.8357696533203125
4.478 -0.0 0.0 0.0 0.0 0.0 -0.0 -0.0 0.0 12.4453125 0.0 0.0 28.98046875 0.0 12.3046875 0.0 0.0 32.80859375 0.0 12.515625 0.0 0.0 32.80859375 0.0 12.4453125 0.0 0.0 28.98046875 0.0 5.8357696533203125
4.652 -0.0 0.0 0.0 0.0 0.0 -0.0 -0.0 0.0 12.41015625 0.0 0.0 29.5546875 0.0 12.33984375 0.0 0.0 32.80859375 0.0 12.48046875 0.0 0.0 32.80859375 0.0 12.4453125 0.0 0.0 29.171875 0.0 5.82598876953125
4.829 -0.0 0.0 0.0 0.0 0.0 -0.0 -0.0 0.0 12.4453125 0.0 0.0 29.36328125 0.0 12.33984375 0.0 0.0 32.42578125 0.0 12.515625 0.0 0.0 33.0 0.0 12.4453125 0.0 0.0 29.36328125 0.0 5.8357696533203125
4.997 -0.0 0.0 0.0 0.0 0.0 -0.0 -0.0 0.0 12.4453125 0.0 0.0 29.5546875 0.0 12.33984375 0.0 0.0 32.234375 0.0 12.515625 0.0 0.0 32.234375 0.0 12.4453125 0.0 0.0 29.171875 0.0 5.8357696533203125
5.177 -0.0 0.0 0.0 0.0 0.0 -0.0 -0.0 0.0 12.4453125 0.0 0.0 28.59765625 0.0 12.33984375 0.0 0.0 32.42578125 0.0 12.515625 0.0 0.0 32.234375 0.0 12.4453125 0.0 0.0 28.98046875 0.0 5.82598876953125
5.352 -0.0 0.0 0.0 0.0 0.0 -0.0 -0.0 0.0 12.4453125 0.0 0.0 29.171875 0.0 12.33984375 0.0 0.0 32.42578125 0.0 12.515625 0.0 0.0 32.6171875 0.0 12.4453125 0.0 0.0 28.98046875 0.0 5.8357696533203125
5.532 -0.0 0.09448818897637795 0.0 0.0 0.0 -0.0 -0.0 0.0 12.41015625 0.0 0.0 28.7890625 0.0 12.33984375 0.0 0.0 32.04296875 0.0 12.515625 0.0 0.0 32.42578125 0.0 12.4453125 0.0 0.0 28.7890625 0.0 5.8357696533203125
5.711 -0.0 0.09448818897637795 0.0 0.0 0.0 -0.0 -0.0 0.0 12.4453125 0.0 0.0 28.59765625 0.0 12.33984375 0.0 0.0 32.6171875 0.0 12.48046875 0.0 0.0 33.3828125 0.0 12.4453125 0.0 0.0 29.74609375 0.0 5.82598876953125
5.879 -0.0 0.09448818897637795 0.0 0.0 0.0 -0.0 -0.0 0.0 12.4453125 0.0 0.0 29.36328125 0.0 12.3046875 0.0 0.0 32.42578125 0.0 12.48046875 0.0 0.0 33.19140625 0.0 12.4453125 0.0 0.0 28.98046875 0.0 5.8357696533203125
6.049 -0.0 0.0 0.07086614173228346 0.0 0.0 -0.0 -0.0 0.0 12.4453125 0.0 0.0 28.40625 0.0 12.33984375 0.0 0.0 32.80859375 0.0 12.515625 0.0 0.0 33.0 0.0 12.4453125 0.0 0.0 28.98046875 0.0 5.8357696533203125
6.236 -0.0 0.23622047244094488 0.11023622047244094 0.0 0.0 -0.0 -0.0 0.0 12.4453125 0.0 0.0 28.98046875 0.0 12.33984375 0.0 0.0 31.46875 0.0 12.48046875 0.0 0.0 32.42578125 0.0 12.41015625 0.0 0.0 28.98046875 0.0 5.845550537109375
6.418 -0.0 0.3779527559055118 0.1968503937007874 -0.15354330708661415 0.1535433070866142 0.15354330708661415 -0.1535433070866142 0.0 12.12890625 -1.86328125 13.73046875 28.98046875 0.0 11.63671875 1.77734375 8.73828125 32.234375 0.0 11.42578125 1.76171875 12.0234375 32.42578125 0.0 11.28515625 -1.74609375 9.66015625 28.98046875 0.0 5.68914794921875
S: 154842913810 Fired
6.606 -0.0 0.15748031496062992 0.09448818897637795 -0.24566929133858265 0.2456692913385827 0.24566929133858265 -0.2456692913385827 0.0 10.65234375 -2.62890625 17.01171875 28.0234375 0.0 10.44140625 2.60546875 12.0234375 31.66015625 7.0588226318359375 11.21484375 2.75390625 17.40625 32.04296875 0.0 11.56640625 -2.88671875 17.2734375 29.36328125 0.0 4.9560089111328125
6.794 -0.0 0.2125984251968504 0.5826771653543307 0.0 0.0 -0.0 -0.0 0.0 11.21484375 0.0 0.0 28.7890625 0.0 9.9140625 0.0 0.0 32.42578125 -21.855682373046875 11.8828125 0.0 0.0 32.04296875 0.0 11.109375 0.0 0.0 29.171875 0.0 4.8386993408203125
6.952 -0.0 0.07086614173228346 0.31496062992125984 0.19251968503937011 0.4688976377952756 0.4688976377952756 0.19251968503937011 0.0 10.8984375 2.1015625 6.5078125 28.21484375 0.0 9.52734375 5.23828125 27.38671875 32.42578125 50.6964111328125 10.828125 5.08984375 16.75 32.42578125 0.0 11.14453125 2.18359375 9.921875 28.7890625 0.0 5.6500396728515625
7.127 -0.0 0.015748031496062992 0.031496062992125984 0.0 0.0 -0.0 -0.0 0.0 11.77734375 0.0 0.0 28.21484375 0.0 11.109375 0.0 0.0 31.66015625 14.510604858398438 10.58203125 0.0 0.0 32.42578125 0.0 10.65234375 0.0 0.0 28.98046875 0.0 5.972625732421875
7.272 -0.0 0.015748031496062992 0.1732283464566929 0.0 0.0 -0.0 -0.0 0.0 10.44140625 0.0 0.0 29.171875 0.0 10.3359375 0.0 0.0 32.80859375 -5.838104248046875 10.4765625 0.0 0.0 32.80859375 0.0 10.40625 0.0 0.0 28.7890625 0.0 5.9628448486328125
7.432 -0.0 0.015748031496062992 0.1732283464566929 0.0 0.0 -0.0 -0.0 0.0 10.40625 0.0 0.0 28.40625 0.0 10.30078125 0.0 0.0 32.04296875 0.0 10.44140625 0.0 0.0 32.80859375 0.0 10.3359375 0.0 0.0 29.171875 0.0 5.982391357421875
7.59 -0.0 0.1968503937007874 0.09448818897637795 -0.11259842519685039 0.11259842519685041 0.11259842519685039 -0.11259842519685041 0.0 10.265625 -1.15625 8.609375 29.171875 0.0 9.84375 1.10546875 8.21484375 32.6171875 0.0 10.16015625 1.140625 7.42578125 32.6171875 0.0 10.30078125 -1.16015625 7.42578125 28.7890625 0.0 5.9628448486328125
7.75 -0.0 0.2125984251968504 0.09448818897637795 -0.1279527559055118 0.12795275590551186 0.1279527559055118 -0.12795275590551186 0.0 10.1953125 -1.3125 10.18359375 28.40625 0.0 9.87890625 1.26171875 7.1640625 31.66015625 0.0 10.51171875 1.40234375 7.8203125 32.80859375 0.0 11.91796875 -1.52734375 7.42578125 28.59765625 0.0 5.913970947265625
7.921 -0.0 0.07086614173228346 0.031496062992125984 -0.13818897637795274 0.1381889763779528 0.13818897637795274 -0.1381889763779528 0.0 11.84765625 -1.640625 11.890625 28.98046875 0.0 11.4609375 1.578125 9.3984375 31.8515625 0.0 11.77734375 1.62890625 9.52734375 32.234375 0.0 12.05859375 -1.66796875 9.1328125 28.59765625 0.0 5.8357696533203125
8.1 -0.0 0.031496062992125984 0.2125984251968504 0.0 0.0 -0.0 -0.0 0.0 12.19921875 0.0 0.0 29.36328125 0.0 12.12890625 0.0 0.0 32.42578125 0.0 12.26953125 0.0 0.0 32.80859375 0.0 12.19921875 0.0 0.0 29.9375 0.0 5.8650970458984375
8.293 -0.0 0.031496062992125984 0.4330708661417323 0.11811023622047244 0.11811023622047244 0.11811023622047244 0.11811023622047244 0.0 12.0234375 1.41796875 11.234375 28.40625 0.0 11.56640625 1.36328125 8.73828125 32.04296875 0.0 11.84765625 1.3984375 8.34765625 32.234375 0.0 11.8125 1.390625 7.953125 28.21484375 0.0 5.8650970458984375
8.481 -0.0 0.031496062992125984 0.6220472440944882 0.21653543307086615 0.21653543307086615 0.21653543307086615 0.21653543307086615 0.0 11.63671875 2.5234375 17.40625 28.7890625 0.0 11.8125 2.53125 13.3359375 33.0 0.0 11.21484375 2.40234375 15.4375 32.80859375 0.0 11.21484375 2.42578125 11.62890625 29.9375 0.0 5.8357696533203125
8.67 -0.0 0.11023622047244094 0.5590551181102362 0.35039370078740156 0.35039370078740156 0.35039370078740156 0.35039370078740156 -3.7913970947265625 11.0390625 3.87890625 23.31640625 28.0234375 0.0 11.42578125 3.87890625 16.09375 33.57421875 30.951766967773438 10.8984375 3.8515625 19.11328125 32.04296875 0.0 11.1796875 3.92578125 16.09375 28.98046875 0.0 5.8357696533203125
8.852 -0.0 0.15748031496062992 0.05511811023622047 0.11417322834645671 0.3188976377952756 0.3188976377952756 0.11417322834645671 0.0 11.91796875 1.35546875 7.8203125 29.5546875 0.0 11.98828125 3.8984375 14.91015625 31.46875 36.45442199707031 11.390625 3.6171875 13.859375 32.42578125 0.0 11.91796875 1.37109375 4.80078125 28.7890625 0.0 5.82598876953125
9.034 -0.0 0.031496062992125984 0.0 0.0 0.0 -0.0 -0.0 0.0 12.234375 0.0 0.0 28.98046875 0.0 12.1640625 0.0 0.0 32.234375 6.0414581298828125 12.3046875 0.0 0.0 32.234375 0.0 12.26953125 0.0 0.0 29.5546875 0.0 5.8357696533203125
9.199 -0.0 0.1732283464566929 0.0 0.0 0.0 -0.0 -0.0 0.0 12.26953125 0.0 0.0 28.7890625 0.0 12.1640625 0.0 0.0 32.42578125 0.0 12.26953125 0.0 0.0 32.234375 0.0 12.19921875 0.0 0.0 29.171875 0.0 5.81622314453125
9.369 -0.0 0.3779527559055118 -0.0234375 -0.17913385826771652 0.17913385826771658 0.17913385826771652 -0.17913385826771658 0.0 11.84765625 -2.125 18.0625 28.98046875 0.0 11.8125 2.11328125 15.04296875 31.66015625 5.6923675537109375 11.56640625 2.0625 12.546875 32.42578125 0.0 11.77734375 -2.10546875 12.8125 28.98046875 0.0 5.8357696533203125
9.549 -0.0 0.31496062992125984 -0.0234375 -0.24566929133858265 0.2456692913385827 0.24566929133858265 -0.2456692913385827 0.0 11.49609375 -2.81640625 22.66015625 28.7890625 0.0 12.3046875 3.00390625 19.90234375 31.0859375 0.0 11.3203125 2.76953125 16.48828125 32.234375 0.0 11.63671875 -2.8671875 19.76953125 29.36328125 0.0 5.81622314453125
9.734 -0.0 0.07086614173228346 -0.0859375 -0.13818897637795274 0.1381889763779528 0.13818897637795274 -0.1381889763779528 0.0 11.91796875 -1.6484375 16.48828125 29.171875 0.0 11.4609375 1.58203125 9.7890625 31.8515625 0.0 11.8125 1.625 11.3671875 32.234375 0.0 12.09375 -1.671875 9.52734375 28.98046875 0.0 5.81622314453125
9.951 -0.0 0.41732283464566927 -0.125 -0.10236220472440943 0.10236220472440946 0.10236220472440943 -0.10236220472440946 0.0 12.05859375 -1.234375 16.8828125 28.7890625 0.0 11.63671875 1.1875 8.21484375 32.04296875 0.0 11.8125 1.203125 8.609375 32.04296875 0.0 11.8125 -1.2109375 6.90234375 29.171875 0.0 5.8064422607421875
10.137 -0.0 0.29133858267716534 -0.265625 -0.28149606299212593 0.28149606299212604 0.28149606299212593 -0.28149606299212604 0.0 11.28515625 -3.1796875 25.6796875 28.98046875 0.0 12.19921875 3.43359375 20.55859375 32.04296875 0.0 11.07421875 3.11328125 18.8515625 32.42578125 0.0 11.49609375 -3.23828125 25.41796875 28.98046875 0.0 5.8748626708984375
10.331 0.0078125 0.31496062992125984 -0.203125 -0.21416092519685037 0.011035925196850413 0.011035925196850385 -0.21416092519685043 0.0 11.77734375 -2.5 21.609375 28.0234375 0.0 11.98828125 0.0 0.0 32.6171875 -5.8210296630859375 11.91796875 0.0 0.0 33.0 0.0 11.53125 -2.45703125 14.78125 28.7890625 0.0 5.81622314453125
10.514 0.0078125 0.47244094488188976 -0.265625 -0.39841289370078736 0.19528789370078747 0.19528789370078736 -0.3984128937007875 0.0 11.00390625 -4.37109375 29.09375 28.59765625 0.0 11.21484375 2.2421875 16.48828125 31.8515625 0.0 11.109375 2.17578125 12.546875 32.42578125 0.0 11.07421875 -4.4140625 24.1015625 28.40625 0.0 5.82598876953125
10.706 0.0078125 0.47244094488188976 -0.265625 -0.4398991141732283 0.1742741141732284 0.1742741141732283 -0.4398991141732284 -2.4329071044921875 11.0390625 -4.859375 25.15234375 28.21484375 0.0 10.93359375 1.90234375 12.94140625 32.04296875 -7.100433349609375 11.1796875 1.94140625 11.49609375 32.42578125 0.0 11.0390625 -4.859375 27.25390625 28.7890625 0.0 5.845550537109375
10.887 0.0078125 0.47244094488188976 -0.1796875 -0.4398991141732283 0.1742741141732284 0.1742741141732283 -0.4398991141732284 -2.62408447265625 11.109375 -4.78125 31.98046875 28.21484375 0.0 11.56640625 1.953125 13.73046875 32.42578125 0.0 11.25 1.9453125 13.73046875 32.6171875 0.0 11.07421875 -4.91796875 23.7109375 28.59765625 0.0 5.8064422607421875
11.072 0.0078125 0.3779527559055118 -0.046875 -0.271259842519685 0.2712598425196851 0.271259842519685 -0.2712598425196851 0.0 11.4609375 -3.12109375 16.2265625 29.171875 0.0 12.1640625 3.2890625 18.1953125 32.04296875 0.0 11.109375 3.0 15.83203125 32.234375 0.0 11.42578125 -3.1015625 19.11328125 29.171875 0.0 5.8357696533203125
11.252 0.0078125 0.5039370078740157 -0.0078125 -0.28149606299212593 0.28149606299212604 0.28149606299212593 -0.28149606299212604 -2.65692138671875 11.3203125 -3.1875 22.265625 28.7890625 0.0 12.09375 3.40234375 18.1953125 32.04296875 0.0 10.8984375 3.02734375 16.2265625 32.234375 0.0 11.00390625 -3.09765625 21.34765625 28.40625 0.0 5.845550537109375
11.432 0.0078125 0.7244094488188977 0.0 -0.39409448818897636 0.39409448818897647 0.39409448818897636 -0.39409448818897647 -7.2039642333984375 10.44140625 -4.171875 30.80078125 29.36328125 0.0 11.390625 4.41796875 26.3359375 32.04296875 7.9308319091796875 9.52734375 3.8359375 25.28515625 31.66015625 0.0 10.08984375 -4.01953125 28.04296875 28.98046875 0.0 5.786895751953125
11.627 0.046875 0.7795275590551181 0.0 -0.4964566929133858 0.4964566929133859 0.4964566929133858 -0.4964566929133859 0.0 9.984375 -5.01171875 28.171875 28.7890625 0.0 10.44140625 4.88671875 31.45703125 32.80859375 31.04107666015625 9.421875 4.62109375 29.48828125 31.66015625 0.0 10.265625 -5.1171875 28.83203125 28.7890625 0.0 5.82598876953125
11.811 0.046875 0.7795275590551181 0.0 -0.5066929133858267 0.5066929133858269 0.5066929133858267 -0.5066929133858269 -2.8373870849609375 10.125 -5.16796875 32.63671875 28.98046875 0.0 11.1796875 5.44921875 26.46484375 32.42578125 45.704498291015625 9.6328125 4.87890625 25.41796875 32.04296875 0.0 10.37109375 -5.29296875 25.41796875 29.171875 0.0 5.81622314453125
11.995 0.046875 0.7795275590551181 0.0 -0.5066929133858267 0.5066929133858269 0.5066929133858267 -0.5066929133858269 4.0110321044921875 10.30078125 -5.22265625 30.5390625 29.36328125 0.0 9.4921875 5.4140625 28.171875 31.8515625 41.71690368652344 9.52734375 4.82421875 27.125 31.8515625 0.0 10.546875 -5.2578125 23.97265625 28.98046875 0.0 5.786895751953125
12.191 0.046875 0.7795275590551181 0.0 -0.5066929133858267 0.5066929133858269 0.5066929133858267 -0.5066929133858269 14.378677368164062 10.40625 -5.30859375 24.1015625 29.74609375 0.0 10.0546875 5.05859375 27.25390625 32.42578125 92.56581115722656 10.08984375 5.01953125 24.7578125 31.8515625 0.0 10.30078125 -5.2734375 26.07421875 29.36328125 0.0 5.8357696533203125
12.375 0.046875 0.7795275590551181 0.0 -0.5066929133858267 0.5066929133858269 0.5066929133858267 -0.5066929133858269 11.969375610351562 10.40625 -5.30859375 28.4375 29.9375 0.0 11.0390625 5.859375 21.73828125 31.46875 39.185272216796875 9.73828125 4.87890625 27.78125 31.8515625 0.0 10.546875 -5.34375 23.05078125 29.5546875 0.0 5.82598876953125
12.554 0.046875 0.7795275590551181 0.0 -0.5066929133858267 0.5066929133858269 0.5066929133858267 -0.5066929133858269 -4.2064666748046875 10.44140625 -5.2578125 27.78125 28.21484375 0.0 11.35546875 5.2890625 25.0234375 32.42578125 68.42236328125 9.80859375 4.7734375 30.40625 31.46875 0.0 10.4765625 -5.36328125 22.1328125 28.98046875 0.0 5.796661376953125
12.734 0.046875 0.7795275590551181 0.0 -0.5066929133858267 0.5066929133858269 0.5066929133858267 -0.5066929133858269 0.0 10.265625 -5.2734375 24.62890625 28.40625 0.0 11.21484375 5.50390625 21.87109375 32.04296875 44.49800109863281 9.703125 4.9140625 26.46484375 31.8515625 0.0 10.4765625 -5.2578125 27.125 29.171875 0.0 5.81622314453125
12.931 0.046875 0.7795275590551181 0.0 -0.5066929133858267 0.5066929133858269 0.5066929133858267 -0.5066929133858269 -6.4988861083984375 10.51171875 -5.3828125 22.39453125 28.0234375 0.0 10.3359375 5.359375 23.97265625 33.57421875 58.39060974121094 9.703125 4.859375 30.80078125 31.46875 0.0 10.30078125 -5.2734375 25.80859375 28.7890625 0.0 5.8064422607421875
13.102 0.046875 0.7795275590551181 0.015748031496062992 -0.5066929133858267 0.5066929133858269 0.5066929133858267 -0.5066929133858269 4.6344146728515625 10.6171875 -5.30859375 25.80859375 28.40625 0.0 11.3203125 5.6796875 20.42578125 31.66015625 52.48338317871094 9.73828125 4.89453125 26.46484375 32.04296875 0.0 10.58203125 -5.3984375 20.953125 28.7890625 0.0 5.81622314453125
13.286 0.046875 0.7795275590551181 0.015748031496062992 -0.5066929133858267 0.5066929133858269 0.5066929133858267 -0.5066929133858269 13.324676513671875 10.30078125 -5.29296875 28.83203125 29.36328125 0.0 11.53125 5.51953125 23.97265625 32.234375 67.23866271972656 9.9140625 5.01953125 22.00390625 32.04296875 0.0 10.40625 -5.30859375 24.1015625 29.36328125 0.0 5.81622314453125
13.471 0.046875 0.7795275590551181 0.015748031496062992 -0.5066929133858267 0.5066929133858269 0.5066929133858267 -0.5066929133858269 -19.726303100585938 10.4765625 -5.34375 23.7109375 28.98046875 0.0 11.4609375 5.78515625 20.55859375 32.234375 71.20339965820312 10.01953125 5.07421875 22.7890625 32.04296875 0.0 10.6171875 -5.36328125 25.41796875 28.59765625 0.0 5.82598876953125
13.654 0.046875 0.7795275590551181 0.015748031496062992 -0.5066929133858267 0.5066929133858269 0.5066929133858267 -0.5066929133858269 4.7304229736328125 10.37109375 -5.29296875 27.91015625 29.171875 0.0 10.86328125 5.625 24.7578125 31.27734375 51.69697570800781 9.59765625 4.93359375 26.59765625 31.66015625 0.0 10.546875 -5.34375 24.234375 28.7890625 0.0 5.82598876953125
13.836 0.046875 0.7795275590551181 0.015748031496062992 -0.5066929133858267 0.5066929133858269 0.5066929133858267 -0.5066929133858269 0.0 10.37109375 -5.328125 21.609375 29.36328125 0.0 11.6015625 5.875 26.3359375 31.8515625 33.84721374511719 9.4921875 4.96875 26.3359375 32.04296875 0.0 10.51171875 -5.30859375 26.203125 28.98046875 0.0 5.7771148681640625
14.022 0.046875 0.7795275590551181 0.015748031496062992 -0.5066929133858267 0.5066929133858269 0.5066929133858267 -0.5066929133858269 -4.159027099609375 10.44140625 -5.30859375 28.83203125 28.59765625 0.0 11.25 5.25390625 26.73046875 32.04296875 39.576202392578125 9.66796875 4.96875 23.4453125 31.8515625 0.0 10.4765625 -5.2578125 30.01171875 28.59765625 0.0 5.8064422607421875
14.212 0.046875 0.7795275590551181 0.05511811023622047 -0.5066929133858267 0.5066929133858269 0.5066929133858267 -0.5066929133858269 4.6257171630859375 10.40625 -5.29296875 24.890625 28.59765625 0.0 9.87890625 5.25390625 25.6796875 31.46875 64.45547485351562 9.5625 4.84375 29.87890625 31.46875 0.0 10.265625 -5.203125 25.6796875 28.59765625 0.0 5.796661376953125
14.395 0.046875 0.7795275590551181 0.09448818897637795 -0.5066929133858267 0.5066929133858269 0.5066929133858267 -0.5066929133858269 13.980575561523438 10.546875 -5.30859375 22.265625 28.7890625 0.0 10.6875 5.58984375 24.7578125 32.234375 74.43446350097656 9.87890625 4.93359375 27.91015625 31.66015625 0.0 10.58203125 -5.43359375 23.05078125 28.7890625 0.0 5.786895751953125
14.573 0.125 0.25196850393700787 0.09448818897637795 -0.44527559055118104 0.44527559055118116 0.44527559055118104 -0.44527559055118116 -3.772705078125 10.6875 -4.74609375 27.125 28.21484375 0.0 10.6875 4.6640625 25.15234375 31.8515625 89.96978759765625 10.65234375 4.7734375 25.546875 31.66015625 0.0 11.21484375 -5.05859375 28.56640625 28.40625 0.0 5.8064422607421875
14.754 0.0078125 0.0 0.09448818897637795 0.0 0.0 -0.0 -0.0 0.0 12.09375 0.0 0.0 29.171875 0.0 12.0234375 0.0 0.0 32.04296875 -22.99554443359375 12.19921875 0.0 0.0 32.42578125 0.0 12.19921875 0.0 0.0 29.74609375 0.0 5.82598876953125
14.931 0.0078125 0.0 0.1968503937007874 0.0 0.0 -0.0 -0.0 0.0 12.19921875 0.0 0.0 28.40625 0.0 12.12890625 0.0 0.0 32.04296875 0.0 12.26953125 0.0 0.0 32.80859375 0.0 12.19921875 0.0 0.0 28.40625 0.0 5.82598876953125
15.092 0.0078125 0.0 0.31496062992125984 0.11811023622047244 0.11811023622047244 0.11811023622047244 0.11811023622047244 0.0 11.98828125 1.4140625 15.69921875 28.59765625 0.0 11.53125 1.36328125 8.609375 31.46875 5.7954864501953125 11.7421875 1.390625 10.7109375 32.04296875 0.0 11.77734375 1.390625 8.87109375 27.83203125 0.0 5.82598876953125
15.28 0.0078125 0.0 0.3937007874015748 0.1968503937007874 0.1968503937007874 0.1968503937007874 0.1968503937007874 0.0 11.70703125 2.30078125 16.35546875 28.21484375 0.0 12.0234375 2.33203125 14.125 31.8515625 0.0 11.4609375 2.26171875 13.46875 32.04296875 0.0 11.49609375 2.26171875 14.51953125 28.40625 0.0 5.796661376953125
15.461 0.0078125 0.0 0.41732283464566927 0.1968503937007874 0.1968503937007874 0.1968503937007874 0.1968503937007874 0.0 11.671875 2.30859375 15.4375 28.59765625 0.0 12.05859375 2.36328125 16.2265625 31.66015625 0.0 11.390625 2.23828125 14.6484375 32.04296875 0.0 11.4609375 2.234375 13.9921875 28.98046875 0.0 5.81622314453125
15.651 0.0078125 0.0 0.6062992125984252 0.27165354330708663 0.27165354330708663 0.27165354330708663 0.27165354330708663 0.0 11.4609375 3.1015625 18.45703125 27.640625 0.0 11.953125 3.1875 14.51953125 31.8515625 10.451766967773438 11.14453125 3.03515625 16.75 31.8515625 0.0 11.21484375 3.04296875 14.78125 28.0234375 0.0 5.845550537109375
15.83 0.0078125 0.0 0.4330708661417323 0.25196850393700787 0.25196850393700787 0.25196850393700787 0.25196850393700787 0.0 11.56640625 2.9296875 15.04296875 27.83203125 0.0 11.98828125 3.0546875 15.69921875 31.27734375 23.082321166992188 11.3203125 2.875 13.9921875 32.234375 0.0 11.49609375 2.89453125 16.35546875 28.40625 0.0 5.8064422607421875
16.033 0.0078125 0.0 0.0 0.1377952755905512 0.1377952755905512 0.1377952755905512 0.1377952755905512 5.781585693359375 11.953125 1.64453125 11.62890625 28.0234375 0.0 11.53125 1.6015625 12.0234375 31.27734375 5.5466156005859375 11.8125 1.62890625 9.7890625 32.04296875 0.0 11.8828125 1.640625 9.52734375 28.0234375 0.0 5.82598876953125
16.213 0.0078125 0.0 0.0 0.0 0.0 -0.0 -0.0 0.0 12.234375 0.0 0.0 28.40625 0.0 12.12890625 0.0 0.0 32.234375 0.0 12.33984375 0.0 0.0 32.04296875 0.0 12.26953125 0.0 0.0 29.171875 0.0 5.8357696533203125
16.39 0.0078125 0.0 0.0 0.0 0.0 -0.0 -0.0 0.0 12.26953125 0.0 0.0 28.59765625 0.0 12.1640625 0.0 0.0 31.46875 0.0 12.33984375 0.0 0.0 32.42578125 0.0 12.3046875 0.0 0.0 29.36328125 0.0 5.82598876953125
16.557 0.0078125 0.0 0.0 0.0 0.0 -0.0 -0.0 0.0 12.26953125 0.0 0.0 28.7890625 0.0 12.1640625 0.0 0.0 31.8515625 0.0 12.19921875 0.0 0.0 32.234375 0.0 11.63671875 0.0 0.0 28.98046875 0.0 5.7771148681640625
S: 154842923941 Fired
16.718 0.0078125 0.0 0.0 0.0 0.0 -0.0 -0.0 0.0 11.63671875 0.0 0.0 28.98046875 0.0 11.00390625 0.0 0.0 32.04296875 0.0 11.49609375 0.0 0.0 32.234375 0.0 11.953125 0.0 0.0 29.171875 0.0 5.19061279296875
16.879 0.0078125 0.0 0.0 0.0 0.0 -0.0 -0.0 0.0 11.07421875 0.0 0.0 29.36328125 0.0 11.07421875 0.0 0.0 32.42578125 -3.7608795166015625 11.21484375 0.0 0.0 31.8515625 0.0 11.671875 0.0 0.0 29.171875 0.0 4.6432037353515625
17.035 0.0078125 0.0 0.0 0.0 0.0 -0.0 -0.0 0.0 11.07421875 0.0 0.0 29.171875 0.0 11.3203125 0.0 0.0 31.66015625 -11.616043090820312 11.8125 0.0 0.0 32.42578125 0.0 11.671875 0.0 0.0 28.21484375 0.0 5.3763427734375
17.2 0.0078125 0.0 0.0 0.0 0.0 -0.0 -0.0 0.0 11.77734375 0.0 0.0 29.171875 0.0 11.70703125 0.0 0.0 32.42578125 -7.6895751953125 11.84765625 0.0 0.0 32.42578125 0.0 12.1640625 0.0 0.0 28.40625 0.0 5.9041900634765625
17.358 0.0078125 0.0 0.0 0.0 0.0 -0.0 -0.0 0.0 12.12890625 0.0 0.0 28.7890625 0.0 12.12890625 0.0 0.0 32.234375 0.0 12.26953125 0.0 0.0 32.04296875 0.0 12.234375 0.0 0.0 29.36328125 0.0 5.82598876953125
17.539 0.0078125 0.0 0.0 0.0 0.0 -0.0 -0.0 0.0 12.19921875 0.0 0.0 28.98046875 0.0 12.12890625 0.0 0.0 31.46875 0.0 12.3046875 0.0 0.0 32.234375 0.0 12.26953125 0.0 0.0 28.7890625 0.0 5.82598876953125
17.71 0.0078125 0.0 0.0 0.0 0.0 -0.0 -0.0 0.0 12.234375 0.0 0.0 28.7890625 0.0 12.1640625 0.0 0.0 31.66015625 0.0 12.33984375 0.0 0.0 32.234375 0.0 12.3046875 0.0 0.0 28.98046875 0.0 5.82598876953125
17.889 0.0078125 0.0 0.0 0.0 0.0 -0.0 -0.0 0.0 12.234375 0.0 0.0 29.36328125 0.0 12.1640625 0.0 0.0 31.46875 0.0 12.33984375 0.0 0.0 32.42578125 0.0 12.3046875 0.0 0.0 29.171875 0.0 5.82598876953125
18.059 0.0078125 0.0 0.0 0.0 0.0 -0.0 -0.0 0.0 12.234375 0.0 0.0 28.59765625 0.0 12.19921875 0.0 0.0 31.66015625 0.0 12.33984375 0.0 0.0 32.04296875 0.0 12.3046875 0.0 0.0 28.7890625 0.0 5.82598876953125
18.232 0.0078125 0.0 0.0 0.0 0.0 -0.0 -0.0 0.0 12.26953125 0.0 0.0 28.7890625 0.0 12.19921875 0.0 0.0 32.234375 0.0 12.375 0.0 0.0 32.80859375 0.0 12.33984375 0.0 0.0 29.74609375 0.0 5.81622314453125
18.4 0.0078125 0.0 0.0 0.0 0.0 -0.0 -0.0 0.0 12.26953125 0.0 0.0 29.36328125 0.0 12.19921875 0.0 0.0 32.42578125 0.0 12.375 0.0 0.0 32.234375 0.0 12.3046875 0.0 0.0 29.171875 0.0 5.82598876953125
18.578 0.0078125 0.0 0.0 0.0 0.0 -0.0 -0.0 0.0 12.26953125 0.0 0.0 29.36328125 0.0 12.19921875 0.0 0.0 32.04296875 0.0 12.375 0.0 0.0 32.04296875 0.0 12.3046875 0.0 0.0 29.171875 0.0 5.82598876953125
18.752 0.0078125 0.0 0.0 0.0 0.0 -0.0 -0.0 0.0 12.26953125 0.0 0.0 28.21484375 0.0 12.19921875 0.0 0.0 32.04296875 0.0 12.375 0.0 0.0 32.6171875 0.0 12.3046875 0.0 0.0 29.36328125 0.0 5.82598876953125
18.938 0.0078125 0.0 0.0 0.0 0.0 -0.0 -0.0 0.0 12.26953125 0.0 0.0 28.0234375 0.0 12.19921875 0.0 0.0 32.04296875 0.0 12.375 0.0 0.0 32.04296875 0.0 12.33984375 0.0 0.0 29.171875 0.0 5.82598876953125
19.112 0.0078125 0.0 0.0 0.0 0.0 -0.0 -0.0 0.0 12.3046875 0.0 0.0 28.7890625 0.0 12.19921875 0.0 0.0 32.6171875 0.0 12.375 0.0 0.0 32.234375 0.0 12.33984375 0.0 0.0 29.171875 0.0 5.82598876953125
19.278 0.0078125 0.0 0.0 0.0 0.0 -0.0 -0.0 0.0 12.3046875 0.0 0.0 28.0234375 0.0 12.19921875 0.0 0.0 32.04296875 0.0 12.375 0.0 0.0 31.46875 0.0 12.33984375 0.0 0.0 29.171875 0.0 5.82598876953125
19.448 0.0078125 0.0 0.0 0.0 0.0 -0.0 -0.0 0.0 12.3046875 0.0 0.0 28.59765625 0.0 12.19921875 0.0 0.0 31.27734375 0.0 12.375 0.0 0.0 32.04296875 0.0 12.33984375 0.0 0.0 28.7890625 0.0 5.81622314453125
19.617 0.0078125 0.0 0.0 0.0 0.0 -0.0 -0.0 0.0 12.26953125 0.0 0.0 28.7890625 0.0 12.234375 0.0 0.0 31.46875 0.0 12.375 0.0 0.0 32.234375 0.0 12.33984375 0.0 0.0 28.98046875 0.0 5.82598876953125
19.791 0.0078125 0.0 0.0 0.0 0.0 -0.0 -0.0 0.0 12.3046875 0.0 0.0 29.5546875 0.0 12.234375 0.0 0.0 31.46875 0.0 12.41015625 0.0 0.0 32.234375 0.0 12.33984375 0.0 0.0 28.40625 0.0 5.82598876953125
19.967 0.0078125 0.0 0.0 0.0 0.0 -0.0 -0.0 0.0 12.3046875 0.0 0.0 29.36328125 0.0 12.234375 0.0 0.0 33.3828125 0.0 12.375 0.0 0.0 32.80859375 0.0 12.375 0.0 0.0 28.98046875 0.0 5.82598876953125
20.138 0.0078125 0.0 0.0 0.0 0.0 -0.0 -0.0 0.0 12.3046875 0.0 0.0 28.98046875 0.0 12.234375 0.0 0.0 32.80859375 0.0 12.41015625 0.0 0.0 32.234375 0.0 12.375 0.0 0.0 28.98046875 0.0 5.82598876953125
20.311 0.0078125 0.0 0.0 0.0 0.0 -0.0 -0.0 0.0 12.3046875 0.0 0.0 28.40625 0.0 12.234375 0.0 0.0 32.234375 0.0 12.41015625 0.0 0.0 32.6171875 0.0 12.375 0.0 0.0 28.98046875 0.0 5.82598876953125
20.478 0.0078125 0.0 0.0 0.0 0.0 -0.0 -0.0 0.0 12.3046875 0.0 0.0 28.7890625 0.0 12.26953125 0.0 0.0 31.8515625 0.0 12.41015625 0.0 0.0 32.42578125 0.0 12.375 0.0 0.0 29.171875 0.0 5.82598876953125
20.648 0.0078125 0.0 0.0 0.0 0.0 -0.0 -0.0 0.0 12.3046875 0.0 0.0 28.40625 0.0 12.234375 0.0 0.0 31.46875 0.0 12.41015625 0.0 0.0 32.80859375 0.0 12.375 0.0 0.0 28.40625 0.0 5.82598876953125
20.817 0.0078125 0.0 0.0 0.0 0.0 -0.0 -0.0 0.0 12.33984375 0.0 0.0 29.171875 0.0 12.234375 0.0 0.0 31.8515625 0.0 12.41015625 0.0 0.0 32.6171875 0.0 12.375 0.0 0.0 28.59765625 0.0 5.8357696533203125
20.992 0.0078125 0.0 0.0 0.0 0.0 -0.0 -0.0 0.0 12.3046875 0.0 0.0 28.7890625 0.0 12.234375 0.0 0.0 32.234375 0.0 12.41015625 0.0 0.0 32.80859375 0.0 12.375 0.0 0.0 29.36328125 0.0 5.8357696533203125
21.158 0.0078125 0.0 0.0 0.0 0.0 -0.0 -0.0 0.0 12.33984375 0.0 0.0 28.7890625 0.0 12.234375 0.0 0.0 32.234375 0.0 12.41015625 0.0 0.0 32.42578125 0.0 12.375 0.0 0.0 28.98046875 0.0 5.82598876953125
21.318 0.0078125 0.0 0.0 0.0 0.0 -0.0 -0.0 0.0 12.3046875 0.0 0.0 29.171875 0.0 12.234375 0.0 0.0 33.19140625 0.0 12.4453125 0.0 0.0 32.6171875 0.0 12.375 0.0 0.0 29.36328125 0.0 5.8357696533203125
21.498 0.0078125 0.0 0.0 0.0 0.0 -0.0 -0.0 0.0 12.3046875 0.0 0.0 29.5546875 0.0 12.234375 0.0 0.0 31.46875 0.0 12.41015625 0.0 0.0 32.6171875 0.0 12.375 0.0 0.0 28.40625 0.0 5.82598876953125
21.671 0.0078125 0.0 0.0 0.0 0.0 -0.0 -0.0 0.0 12.3046875 0.0 0.0 28.7890625 0.0 12.234375 0.0 0.0 31.66015625 0.0 12.41015625 0.0 0.0 32.42578125 0.0 12.375 0.0 0.0 29.171875 0.0 5.82598876953125
21.859 0.0078125 0.0 0.0 0.0 0.0 -0.0 -0.0 0.0 12.33984375 0.0 0.0 28.7890625 0.0 12.234375 0.0 0.0 31.8515625 0.0 12.41015625 0.0 0.0 32.234375 0.0 12.375 0.0 0.0 28.59765625 0.0 5.82598876953125
22.051 0.0078125 0.0 0.0 0.0 0.0 -0.0 -0.0 0.0 12.33984375 0.0 0.0 28.98046875 0.0 12.234375 0.0 0.0 31.8515625 0.0 12.41015625 0.0 0.0 32.42578125 0.0 12.375 0.0 0.0 28.7890625 0.0 5.81622314453125
22.231 0.0078125 0.0 0.0 0.0 0.0 -0.0 -0.0 0.0 12.3046875 0.0 0.0 28.40625 0.0 12.26953125 0.0 0.0 32.04296875 0.0 12.4453125 0.0 0.0 32.234375 0.0 12.375 0.0 0.0 29.171875 0.0 5.81622314453125
22.41 0.0078125 0.0 0.0 0.0 0.0 -0.0 -0.0 0.0 12.33984375 0.0 0.0 28.7890625 0.0 12.26953125 0.0 0.0 31.46875 0.0 12.12890625 0.0 0.0 32.234375 0.0 11.53125 0.0 0.0 28.7890625 0.0 5.68914794921875
S: 154842929792 Fired
22.578 0.0078125 0.0 0.0 0.0 0.0 -0.0 -0.0 0.0 11.42578125 0.0 0.0 28.21484375 0.0 11.07421875 0.0 0.0 32.04296875 3.032318115234375 11.98828125 0.0 0.0 32.234375 0.0 11.953125 0.0 0.0 28.40625 0.0 5.1319580078125
22.749 0.0078125 0.0 0.0 0.0 0.0 -0.0 -0.0 0.0 11.00390625 0.0 0.0 28.59765625 0.0 11.0390625 0.0 0.0 31.46875 -5.527496337890625 11.49609375 0.0 0.0 32.42578125 0.0 11.84765625 0.0 0.0 28.21484375 0.0 4.7702789306640625
22.908 0.0078125 0.0 0.0 0.0 0.0 -0.0 -0.0 0.0 11.28515625 0.0 0.0 28.40625 0.0 11.56640625 0.0 0.0 30.51171875 9.633544921875 11.7421875 0.0 0.0 32.04296875 0.0 11.8828125 0.0 0.0 29.36328125 0.0 5.532745361328125
23.076 0.0078125 0.0 0.0 0.0 0.0 -0.0 -0.0 0.0 11.77734375 0.0 0.0 28.7890625 0.0 11.56640625 0.0 0.0 32.6171875 6.970947265625 12.19921875 0.0 0.0 31.66015625 0.0 12.19921875 0.0 0.0 28.7890625 0.0 5.845550537109375
23.251 0.0078125 0.0 0.0 0.0 0.0 -0.0 -0.0 0.0 12.12890625 0.0 0.0 29.74609375 0.0 12.12890625 0.0 0.0 31.8515625 -3.284515380859375 12.33984375 0.0 0.0 32.42578125 0.0 12.3046875 0.0 0.0 29.36328125 0.0 5.81622314453125
23.43 0.0078125 0.0 0.0 0.0 0.0 -0.0 -0.0 0.0 12.234375 0.0 0.0 28.59765625 0.0 12.1640625 0.0 0.0 31.46875 0.0 12.375 0.0 0.0 32.80859375 0.0 12.3046875 0.0 0.0 29.171875 0.0 5.82598876953125
23.61 0.0078125 0.0 0.0 0.0 0.0 -0.0 -0.0 0.0 12.234375 0.0 0.0 28.40625 0.0 12.19921875 0.0 0.0 31.8515625 0.0 12.33984375 0.0 0.0 31.8515625 0.0 12.3046875 0.0 0.0 29.171875 0.0 5.82598876953125
23.792 0.0078125 0.0 0.0 0.0 0.0 -0.0 -0.0 0.0 12.26953125 0.0 0.0 28.21484375 0.0 12.19921875 0.0 0.0 32.04296875 0.0 12.375 0.0 0.0 32.42578125 0.0 12.33984375 0.0 0.0 28.98046875 0.0 5.82598876953125
23.971 0.0078125 0.0 0.0 0.0 0.0 -0.0 -0.0 0.0 12.26953125 0.0 0.0 28.7890625 0.0 12.19921875 0.0 0.0 31.66015625 0.0 12.375 0.0 0.0 32.04296875 0.0 12.33984375 0.0 0.0 29.36328125 0.0 5.82598876953125
24.149 0.0078125 0.0 0.0 0.0 0.0 -0.0 -0.0 0.0 12.26953125 0.0 0.0 28.59765625 0.0 12.19921875 0.0 0.0 32.04296875 0.0 12.375 0.0 0.0 32.6171875 0.0 12.33984375 0.0 0.0 28.7890625 0.0 5.82598876953125
24.318 0.0078125 0.0 0.0 0.0 0.0 -0.0 -0.0 0.0 12.26953125 0.0 0.0 28.0234375 0.0 12.234375 0.0 0.0 32.234375 0.0 12.41015625 0.0 0.0 32.234375 0.0 12.33984375 0.0 0.0 28.21484375 0.0 5.82598876953125
24.498 0.0078125 0.0 0.0 0.0 0.0 -0.0 -0.0 0.0 12.26953125 0.0 0.0 28.59765625 0.0 12.19921875 0.0 0.0 32.234375 0.0 12.41015625 0.0 0.0 32.04296875 0.0 12.33984375 0.0 0.0 28.98046875 0.0 5.8357696533203125
24.673 0.0078125 0.0 0.0 0.0 0.0 -0.0 -0.0 0.0 12.26953125 0.0 0.0 28.98046875 0.0 12.234375 0.0 0.0 32.04296875 0.0 12.41015625 0.0 0.0 32.234375 0.0 12.375 0.0 0.0 28.98046875 0.0 5.82598876953125
24.852 0.0078125 0.0 0.0 0.0 0.0 -0.0 -0.0 0.0 12.26953125 0.0 0.0 28.7890625 0.0 12.26953125 0.0 0.0 31.46875 0.0 12.41015625 0.0 0.0 32.234375 0.0 12.375 0.0 0.0 29.171875 0.0 5.81622314453125
25.052 0.0078125 0.0 0.0 0.0 0.0 -0.0 -0.0 0.0 12.26953125 0.0 0.0 28.7890625 0.0 12.234375 0.0 0.0 32.234375 0.0 12.41015625 0.0 0.0 32.234375 0.0 12.375 0.0 0.0 28.0234375 0.0 5.82598876953125
25.229 0.0078125 0.0 0.0 0.0 0.0 -0.0 -0.0 0.0 12.26953125 0.0 0.0 29.171875 0.0 12.234375 0.0 0.0 33.3828125 0.0 12.41015625 0.0 0.0 32.42578125 0.0 12.375 0.0 0.0 29.5546875 0.0 5.8357696533203125
25.398 0.0078125 0.0 0.0 0.0 0.0 -0.0 -0.0 0.0 12.26953125 0.0 0.0 27.44921875 0.0 12.234375 0.0 0.0 31.8515625 0.0 12.41015625 0.0 0.0 32.04296875 0.0 12.375 0.0 0.0 29.36328125 0.0 5.82598876953125
25.572 0.0078125 0.0 0.0 0.0 0.0 -0.0 -0.0 0.0 12.3046875 0.0 0.0 29.5546875 0.0 12.234375 0.0 0.0 31.8515625 0.0 12.41015625 0.0 0.0 32.234375 0.0 12.33984375 0.0 0.0 28.7890625 0.0 5.82598876953125
25.752 0.0078125 0.0 0.0 0.0 0.0 -0.0 -0.0 0.0 12.26953125 0.0 0.0 28.21484375 0.0 12.26953125 0.0 0.0 32.04296875 0.0 12.41015625 0.0 0.0 31.66015625 0.0 12.375 0.0 0.0 28.59765625 0.0 5.82598876953125
25.941 0.0078125 0.0 0.0 0.0 0.0 -0.0 -0.0 0.0 12.26953125 0.0 0.0 29.9375 0.0 12.234375 0.0 0.0 31.8515625 0.0 12.41015625 0.0 0.0 32.04296875 0.0 12.375 0.0 0.0 28.59765625 0.0 5.82598876953125
26.112 0.0078125 0.0 0.0 0.0 0.0 -0.0 -0.0 0.0 12.3046875 0.0 0.0 28.59765625 0.0 12.234375 0.0 0.0 31.46875 0.0 12.4453125 0.0 0.0 31.8515625 0.0 12.375 0.0 0.0 28.7890625 0.0 5.82598876953125
26.293 0.0078125 0.0 0.0 0.0 0.0 -0.0 -0.0 0.0 12.33984375 0.0 0.0 29.171875 0.0 12.234375 0.0 0.0 32.04296875 0.0 12.4453125 0.0 0.0 32.6171875 0.0 12.375 0.0 0.0 27.83203125 0.0 5.82598876953125
26.472 0.0078125 0.0 0.0 0.0 0.0 -0.0 -0.0 0.0 12.3046875 0.0 0.0 28.40625 0.0 12.26953125 0.0 0.0 31.8515625 0.0 12.41015625 0.0 0.0 31.8515625 0.0 12.375 0.0 0.0 29.5546875 0.0 5.82598876953125
26.649 0.0078125 0.0 0.0 0.0 0.0 -0.0 -0.0 0.0 12.33984375 0.0 0.0 29.171875 0.0 12.26953125 0.0 0.0 32.04296875 0.0 12.4453125 0.0 0.0 32.42578125 0.0 12.375 0.0 0.0 29.5546875 0.0 5.82598876953125
26.83 0.0078125 0.0 0.0 0.0 0.0 -0.0 -0.0 0.0 12.33984375 0.0 0.0 29.171875 0.0 12.26953125 0.0 0.0 31.66015625 0.0 12.4453125 0.0 0.0 32.42578125 0.0 12.375 0.0 0.0 28.59765625 0.0 5.8357696533203125
27.009 0.0078125 0.0 0.0 0.0 0.0 -0.0 -0.0 0.0 12.33984375 0.0 0.0 29.36328125 0.0 12.26953125 0.0 0.0 32.42578125 0.0 12.4453125 0.0 0.0 32.04296875 0.0 12.375 0.0 0.0 28.98046875 0.0 5.81622314453125
27.19 0.0078125 0.0 0.0 0.0 0.0 -0.0 -0.0 0.0 12.33984375 0.0 0.0 28.21484375 0.0 12.26953125 0.0 0.0 31.66015625 0.0 12.4453125 0.0 0.0 32.42578125 0.0 12.375 0.0 0.0 29.36328125 0.0 5.82598876953125
27.357 0.0078125 0.0 0.0 0.0 0.0 -0.0 -0.0 0.0 12.33984375 0.0 0.0 28.98046875 0.0 12.26953125 0.0 0.0 31.27734375 0.0 12.4453125 0.0 0.0 32.04296875 0.0 12.375 0.0 0.0 28.7890625 0.0 5.82598876953125
27.532 0.0078125 0.0 0.0 0.0 0.0 -0.0 -0.0 0.0 12.33984375 0.0 0.0 28.40625 0.0 12.26953125 0.0 0.0 31.8515625 0.0 12.4453125 0.0 0.0 32.42578125 0.0 12.41015625 0.0 0.0 28.7890625 0.0 5.82598876953125
27.712 0.0078125 0.0 0.0 0.0 0.0 -0.0 -0.0 0.0 12.33984375 0.0 0.0 29.171875 0.0 12.26953125 0.0 0.0 31.8515625 0.0 12.19921875 0.0 0.0 32.42578125 0.0 11.91796875 0.0 0.0 28.7890625 0.0 5.7380218505859375
S: 154842935101 Fired
27.894 0.0078125 0.0 0.0 0.0 0.0 -0.0 -0.0 0.0 11.35546875 0.0 0.0 28.7890625 0.0 11.3203125 0.0 0.0 32.234375 0.0 12.0234375 0.0 0.0 32.234375 0.0 12.05859375 0.0 0.0 28.7890625 0.0 5.1221771240234375
28.072 0.0078125 0.0 0.0 0.0 0.0 -0.0 -0.0 0.0 11.1796875 0.0 0.0 28.59765625 0.0 11.07421875 0.0 0.0 31.8515625 -11.005447387695312 11.8828125 0.0 0.0 32.234375 0.0 11.3203125 0.0 0.0 28.98046875 0.0 4.750732421875
28.239 0.0078125 0.05511811023622047 0.0 0.0 0.0 -0.0 -0.0 -5.54034423828125 11.49609375 0.0 0.0 28.98046875 0.0 11.6015625 0.0 0.0 31.66015625 13.769805908203125 11.953125 0.0 0.0 32.6171875 0.0 11.8828125 0.0 0.0 29.36328125 0.0 5.659820556640625
28.399 0.0078125 0.05511811023622047 0.0 0.0 0.0 -0.0 -0.0 0.0 11.84765625 0.0 0.0 28.7890625 0.0 11.28515625 0.0 0.0 31.66015625 6.5237274169921875 12.1640625 0.0 0.0 32.234375 0.0 12.19921875 0.0 0.0 28.59765625 0.0 5.8650970458984375
28.57 0.0078125 0.05511811023622047 0.0 0.0 0.0 -0.0 -0.0 0.0 12.1640625 0.0 0.0 28.7890625 0.0 12.09375 0.0 0.0 31.8515625 0.0 12.3046875 0.0 0.0 32.234375 0.0 12.3046875 0.0 0.0 28.98046875 0.0 5.81622314453125
28.74 0.0078125 0.05511811023622047 0.0 0.0 0.0 -0.0 -0.0 0.0 12.234375 0.0 0.0 28.7890625 0.0 12.1640625 0.0 0.0 31.8515625 0.0 12.375 0.0 0.0 32.42578125 0.0 12.26953125 0.0 0.0 28.98046875 0.0 5.82598876953125
28.909 0.0078125 0.05511811023622047 0.0 0.0 0.0 -0.0 -0.0 0.0 12.26953125 0.0 0.0 28.7890625 0.0 12.19921875 0.0 0.0 31.66015625 0.0 12.375 0.0 0.0 32.42578125 0.0 12.3046875 0.0 0.0 28.98046875 0.0 5.82598876953125
29.092 0.0078125 0.0 0.0 0.0 0.0 -0.0 -0.0 0.0 12.3046875 0.0 0.0 29.171875 0.0 12.19921875 0.0 0.0 32.234375 0.0 12.375 0.0 0.0 33.19140625 0.0 12.33984375 0.0 0.0 28.7890625 0.0 5.82598876953125
29.268 0.0078125 0.0 0.0 0.0 0.0 -0.0 -0.0 0.0 12.3046875 0.0 0.0 28.7890625 0.0 12.19921875 0.0 0.0 32.234375 0.0 12.41015625 0.0 0.0 32.234375 0.0 12.33984375 0.0 0.0 28.98046875 0.0 5.82598876953125
29.44 0.0078125 0.0 0.0 0.0 0.0 -0.0 -0.0 0.0 12.3046875 0.0 0.0 29.171875 0.0 12.19921875 0.0 0.0 31.8515625 0.0 12.41015625 0.0 0.0 32.42578125 0.0 12.375 0.0 0.0 29.36328125 0.0 5.82598876953125
29.609 0.0078125 0.0 0.0 0.0 0.0 -0.0 -0.0 0.0 12.26953125 0.0 0.0 28.7890625 0.0 12.234375 0.0 0.0 32.234375 0.0 12.41015625 0.0 0.0 32.6171875 0.0 12.33984375 0.0 0.0 28.98046875 0.0 5.82598876953125
29.793 0.0078125 0.0 0.0 0.0 0.0 -0.0 -0.0 0.0 12.3046875 0.0 0.0 28.59765625 0.0 12.234375 0.0 0.0 32.6171875 0.0 12.41015625 0.0 0.0 32.42578125 0.0 12.33984375 0.0 0.0 28.98046875 0.0 5.82598876953125
29.971 0.0078125 0.0 0.0 0.0 0.0 -0.0 -0.0 0.0 12.3046875 0.0 0.0 28.7890625 0.0 12.234375 0.0 0.0 33.57421875 0.0 12.41015625 0.0 0.0 32.6171875 0.0 12.375 0.0 0.0 28.98046875 0.0 5.82598876953125
30.148 0.0078125 0.0 0.0 0.0 0.0 -0.0 -0.0 0.0 12.33984375 0.0 0.0 28.40625 0.0 12.234375 0.0 0.0 32.04296875 0.0 12.41015625 0.0 0.0 32.80859375 0.0 12.375 0.0 0.0 28.98046875 0.0 5.8357696533203125
30.328 0.0078125 0.0 0.0 0.0 0.0 -0.0 -0.0 0.0 12.33984375 0.0 0.0 28.98046875 0.0 12.234375 0.0 0.0 31.8515625 0.0 12.41015625 0.0 0.0 32.42578125 0.0 12.375 0.0 0.0 28.7890625 0.0 5.82598876953125
30.51 0.0078125 0.0 0.0 0.0 0.0 -0.0 -0.0 0.0 12.3046875 0.0 0.0 29.171875 0.0 12.234375 0.0 0.0 33.19140625 0.0 12.41015625 0.0 0.0 32.42578125 0.0 12.375 0.0 0.0 28.7890625 0.0 5.82598876953125
30.688 0.0078125 0.0 0.0 0.0 0.0 -0.0 -0.0 0.0 12.3046875 0.0 0.0 28.98046875 0.0 12.26953125 0.0 0.0 32.6171875 0.0 12.41015625 0.0 0.0 32.6171875 0.0 12.375 0.0 0.0 29.171875 0.0 5.8357696533203125
30.869 0.0078125 0.0 0.0 0.0 0.0 -0.0 -0.0 0.0 12.33984375 0.0 0.0 29.9375 0.0 12.26953125 0.0 0.0 32.234375 0.0 12.41015625 0.0 0.0 32.234375 0.0 12.375 0.0 0.0 29.5546875 0.0 5.82598876953125
31.057 0.0078125 0.0 0.0 0.0 0.0 -0.0 -0.0 0.0 12.33984375 0.0 0.0 28.7890625 0.0 12.26953125 0.0 0.0 32.234375 0.0 12.4453125 0.0 0.0 32.234375 0.0 12.375 0.0 0.0 28.7890625 0.0 5.8357696533203125
31.237 0.0078125 0.0 0.0 0.0 0.0 -0.0 -0.0 0.0 12.33984375 0.0 0.0 28.59765625 0.0 12.234375 0.0 0.0 32.234375 0.0 12.4453125 0.0 0.0 32.6171875 0.0 12.375 0.0 0.0 28.7890625 0.0 5.82598876953125
31.416 0.0078125 0.0 0.0 0.0 0.0 -0.0 -0.0 0.0 12.3046875 0.0 0.0 28.40625 0.0 12.234375 0.0 0.0 32.234375 0.0 12.41015625 0.0 0.0 32.6171875 0.0 12.375 0.0 0.0 28.98046875 0.0 5.82598876953125
31.592 0.0078125 0.0 0.0 0.0 0.0 -0.0 -0.0 0.0 12.33984375 0.0 0.0 28.7890625 0.0 12.26953125 0.0 0.0 32.42578125 0.0 12.4453125 0.0 0.0 32.42578125 0.0 12.375 0.0 0.0 28.7890625 0.0 5.82598876953125
31.772 0.0078125 0.0 0.0 0.0 0.0 -0.0 -0.0 0.0 12.33984375 0.0 0.0 29.171875 0.0 12.26953125 0.0 0.0 32.234375 0.0 12.4453125 0.0 0.0 32.234375 0.0 12.375 0.0 0.0 28.98046875 0.0 5.82598876953125
31.949 0.0078125 0.0 0.0 0.0 0.0 -0.0 -0.0 0.0 12.33984375 0.0 0.0 28.0234375 0.0 12.26953125 0.0 0.0 32.234375 0.0 12.4453125 0.0 0.0 32.234375 0.0 12.375 0.0 0.0 29.36328125 0.0 5.8357696533203125
32.129 0.0078125 0.0 0.0 0.0 0.0 -0.0 -0.0 0.0 12.33984375 0.0 0.0 29.74609375 0.0 12.26953125 0.0 0.0 32.80859375 0.0 12.4453125 0.0 0.0 32.04296875 0.0 12.375 0.0 0.0 29.171875 0.0 5.82598876953125
32.298 0.0078125 0.0 0.0 0.0 0.0 -0.0 -0.0 0.0 12.33984375 0.0 0.0 28.7890625 0.0 12.26953125 0.0 0.0 32.04296875 0.0 12.4453125 0.0 0.0 32.234375 0.0 12.41015625 0.0 0.0 28.98046875 0.0 5.82598876953125
32.468 0.0078125 0.0 0.0 0.0 0.0 -0.0 -0.0 0.0 12.33984375 0.0 0.0 29.171875 0.0 12.26953125 0.0 0.0 32.234375 0.0 12.4453125 0.0 0.0 32.42578125 0.0 12.41015625 0.0 0.0 28.7890625 0.0 5.82598876953125
32.638 0.0078125 0.0 0.0 0.0 0.0 -0.0 -0.0 0.0 12.33984375 0.0 0.0 29.171875 0.0 12.26953125 0.0 0.0 32.04296875 0.0 12.4453125 0.0 0.0 32.6171875 0.0 12.41015625 0.0 0.0 28.7890625 0.0 5.8357696533203125
32.809 0.0078125 0.0 0.0 0.0 0.0 -0.0 -0.0 0.0 12.33984375 0.0 0.0 28.40625 0.0 12.26953125 0.0 0.0 32.234375 0.0 12.4453125 0.0 0.0 32.6171875 0.0 12.41015625 0.0 0.0 28.7890625 0.0 5.82598876953125
32.978 0.0078125 0.0 0.0 0.0 0.0 -0.0 -0.0 0.0 12.33984375 0.0 0.0 28.7890625 0.0 12.26953125 0.0 0.0 32.6171875 0.0 12.4453125 0.0 0.0 33.0 0.0 12.41015625 0.0 0.0 28.7890625 0.0 5.82598876953125
33.15 0.0078125 0.0 0.0 0.0 0.0 -0.0 -0.0 0.0 12.33984375 0.0 0.0 28.7890625 0.0 12.26953125 0.0 0.0 32.80859375 0.0 12.4453125 0.0 0.0 33.0 0.0 12.41015625 0.0 0.0 29.36328125 0.0 5.82598876953125
33.338 0.0078125 0.0 0.0 0.0 0.0 -0.0 -0.0 0.0 12.33984375 0.0 0.0 29.171875 0.0 12.26953125 0.0 0.0 31.8515625 0.0 12.4453125 0.0 0.0 32.42578125 0.0 12.375 0.0 0.0 29.9375 0.0 5.82598876953125
33.507 0.0078125 0.0 0.0 0.0 0.0 -0.0 -0.0 0.0 12.375 0.0 0.0 28.40625 0.0 12.26953125 0.0 0.0 32.234375 0.0 12.4453125 0.0 0.0 32.6171875 0.0 12.41015625 0.0 0.0 28.59765625 0.0 5.82598876953125
33.686 0.0078125 0.0 0.0 0.0 0.0 -0.0 -0.0 0.0 12.33984375 0.0 0.0 29.171875 0.0 12.26953125 0.0 0.0 32.6171875 0.0 12.4453125 0.0 0.0 32.04296875 0.0 12.41015625 0.0 0.0 29.171875 0.0 5.82598876953125
33.869 0.0078125 0.0 0.0 0.0 0.0 -0.0 -0.0 0.0 12.375 0.0 0.0 29.36328125 0.0 12.26953125 0.0 0.0 31.66015625 0.0 12.4453125 0.0 0.0 32.234375 0.0 12.41015625 0.0 0.0 29.171875 0.0 5.82598876953125
34.06 0.0078125 0.0 0.0 0.0 0.0 -0.0 -0.0 0.0 12.375 0.0 0.0 28.98046875 0.0 12.26953125 0.0 0.0 32.6171875 0.0 12.4453125 0.0 0.0 32.6171875 0.0 12.41015625 0.0 0.0 29.171875 0.0 5.82598876953125
34.228 0.0078125 0.0 0.0 0.0 0.0 -0.0 -0.0 0.0 12.375 0.0 0.0 29.36328125 0.0 12.26953125 0.0 0.0 32.80859375 0.0 12.4453125 0.0 0.0 32.80859375 0.0 12.41015625 0.0 0.0 29.171875 0.0 5.81622314453125
34.398 0.0078125 0.0 0.0 0.0 0.0 -0.0 -0.0 0.0 12.33984375 0.0 0.0 29.171875 0.0 12.26953125 0.0 0.0 32.80859375 0.0 12.4453125 0.0 0.0 32.6171875 0.0 12.41015625 0.0 0.0 29.36328125 0.0 5.82598876953125
34.567 0.0078125 0.0 0.0 0.0 0.0 -0.0 -0.0 0.0 12.33984375 0.0 0.0 28.59765625 0.0 12.26953125 0.0 0.0 32.234375 0.0 12.4453125 0.0 0.0 32.234375 0.0 12.375 0.0 0.0 28.98046875 0.0 5.82598876953125
34.748 0.0078125 0.0 0.0 0.0 0.0 -0.0 -0.0 0.0 12.375 0.0 0.0 29.171875 0.0 12.26953125 0.0 0.0 32.04296875 0.0 12.4453125 0.0 0.0 32.04296875 0.0 12.41015625 0.0 0.0 29.5546875 0.0 5.82598876953125
34.918 0.0078125 0.0 0.0 0.0 0.0 -0.0 -0.0 0.0 12.33984375 0.0 0.0 28.7890625 0.0 12.26953125 0.0 0.0 32.234375 0.0 12.1640625 0.0 0.0 32.6171875 0.0 11.671875 0.0 0.0 29.171875 0.0 5.69891357421875
S: 154842942302 Fired
35.077 0.0078125 0.0 0.0 0.0 0.0 -0.0 -0.0 0.0 11.53125 0.0 0.0 29.74609375 0.0 11.14453125 0.0 0.0 32.42578125 0.0 11.28515625 0.0 0.0 32.234375 0.0 11.6015625 0.0 0.0 28.40625 0.0 5.1319580078125
35.237 0.0078125 0.0 0.0 0.0 0.0 -0.0 -0.0 0.0 11.14453125 0.0 0.0 28.7890625 0.0 10.86328125 0.0 0.0 32.234375 -6.3697967529296875 11.21484375 0.0 0.0 32.42578125 0.0 11.53125 0.0 0.0 29.36328125 0.0 4.7702789306640625
35.416 0.0078125 0.0 0.0 0.0 0.0 -0.0 -0.0 0.0 11.21484375 0.0 0.0 29.36328125 0.0 11.3203125 0.0 0.0 32.42578125 15.457061767578125 11.63671875 0.0 0.0 32.234375 0.0 11.63671875 0.0 0.0 29.74609375 0.0 5.6402587890625
35.593 0.0078125 0.0 0.0 0.0 0.0 -0.0 -0.0 0.0 11.49609375 0.0 0.0 28.98046875 0.0 10.96875 0.0 0.0 31.0859375 3.6983642578125 10.4765625 0.0 0.0 32.80859375 0.0 10.3359375 0.0 0.0 28.98046875 0.0 5.9628448486328125
35.763 0.0078125 0.0 0.0 0.0 0.0 -0.0 -0.0 0.0 10.1953125 0.0 0.0 28.7890625 0.0 10.16015625 0.0 0.0 32.234375 0.0 10.3359375 0.0 0.0 32.80859375 0.0 10.23046875 0.0 0.0 28.7890625 0.0 5.95306396484375
35.926 0.0078125 0.0 0.0 0.0 0.0 -0.0 -0.0 0.0 10.16015625 0.0 0.0 28.0234375 0.0 10.08984375 0.0 0.0 32.6171875 0.0 10.30078125 0.0 0.0 32.6171875 0.0 10.265625 0.0 0.0 28.98046875 0.0 5.9628448486328125
36.087 0.0078125 0.0 0.0 0.0 0.0 -0.0 -0.0 0.0 10.23046875 0.0 0.0 29.36328125 0.0 10.08984375 0.0 0.0 32.04296875 0.0 10.1953125 0.0 0.0 32.80859375 0.0 10.23046875 0.0 0.0 29.36328125 0.0 5.9628448486328125
36.251 0.0078125 0.0 0.0 0.0 0.0 -0.0 -0.0 0.0 10.1953125 0.0 0.0 29.5546875 0.0 9.984375 0.0 0.0 32.42578125 0.0 11.77734375 0.0 0.0 32.6171875 0.0 11.8828125 0.0 0.0 28.7890625 0.0 5.855316162109375
36.418 0.0078125 0.0 0.0 0.0 0.0 -0.0 -0.0 0.0 11.8125 0.0 0.0 28.7890625 0.0 11.84765625 0.0 0.0 32.6171875 0.0 11.98828125 0.0 0.0 32.42578125 0.0 11.98828125 0.0 0.0 29.5546875 0.0 5.8357696533203125
36.738 0.0078125 0.0 0.0 0.0 0.0 -0.0 -0.0 0.0 11.91796875 0.0 0.0 28.98046875 0.0 11.8828125 0.0 0.0 33.0 0.0 12.0234375 0.0 0.0 32.234375 0.0 11.953125 0.0 0.0 29.36328125 0.0 5.82598876953125
36.909 0.0078125 0.0 0.0 0.0 0.0 -0.0 -0.0 0.0 11.953125 0.0 0.0 29.36328125 0.0 11.8828125 0.0 0.0 32.234375 0.0 11.98828125 0.0 0.0 32.6171875 0.0 11.953125 0.0 0.0 29.36328125 0.0 5.8357696533203125
37.098 0.0078125 0.0 0.0 0.0 0.0 -0.0 -0.0 0.0 11.953125 0.0 0.0 30.51171875 0.0 11.84765625 0.0 0.0 32.04296875 0.0 11.98828125 0.0 0.0 32.80859375 0.0 11.953125 0.0 0.0 29.5546875 0.0 5.8357696533203125
37.272 0.0078125 0.0 0.0 0.0 0.0 -0.0 -0.0 0.0 11.953125 0.0 0.0 28.98046875 0.0 11.84765625 0.0 0.0 32.04296875 0.0 12.05859375 0.0 0.0 32.6171875 0.0 11.98828125 0.0 0.0 28.98046875 0.0 5.82598876953125
37.451 0.0078125 0.0 0.0 0.0 0.0 -0.0 -0.0 0.0 11.98828125 0.0 0.0 29.5546875 0.0 11.8125 0.0 0.0 32.42578125 0.0 11.98828125 0.0 0.0 32.42578125 0.0 11.98828125 0.0 0.0 29.5546875 0.0 5.82598876953125
37.629 0.0078125 0.0 0.0 0.0 0.0 -0.0 -0.0 0.0 11.91796875 0.0 0.0 29.5546875 0.0 11.91796875 0.0 0.0 32.42578125 0.0 12.05859375 0.0 0.0 32.6171875 0.0 11.953125 0.0 0.0 29.36328125 0.0 5.82598876953125
37.809 0.0078125 0.0 0.0 0.0 0.0 -0.0 -0.0 0.0 11.98828125 0.0 0.0 29.171875 0.0 11.8828125 0.0 0.0 32.234375 0.0 11.98828125 0.0 0.0 32.42578125 0.0 11.953125 0.0 0.0 29.171875 0.0 5.8357696533203125
37.987 0.0078125 0.0 0.0 0.0 0.0 -0.0 -0.0 0.0 11.91796875 0.0 0.0 28.98046875 0.0 11.84765625 0.0 0.0 31.46875 0.0 12.05859375 0.0 0.0 32.234375 0.0 11.98828125 0.0 0.0 29.171875 0.0 5.8357696533203125
38.17 0.0078125 0.0 0.0 0.0 0.0 -0.0 -0.0 0.0 11.91796875 0.0 0.0 29.171875 0.0 11.84765625 0.0 0.0 32.04296875 0.0 12.05859375 0.0 0.0 33.19140625 0.0 12.0234375 0.0 0.0 29.36328125 0.0 5.82598876953125
38.349 0.0078125 0.0 0.0 0.0 0.0 -0.0 -0.0 0.0 11.98828125 0.0 0.0 29.171875 0.0 11.8828125 0.0 0.0 32.04296875 0.0 11.953125 0.0 0.0 33.19140625 0.0 11.98828125 0.0 0.0 28.98046875 0.0 5.82598876953125
38.529 0.0078125 0.0 0.0 0.0 0.0 -0.0 -0.0 0.0 11.91796875 0.0 0.0 30.3203125 0.0 11.84765625 0.0 0.0 32.234375 0.0 12.09375 0.0 0.0 32.42578125 0.0 11.953125 0.0 0.0 28.7890625 0.0 5.8357696533203125
38.697 0.0078125 0.0 0.0 0.0 0.0 -0.0 -0.0 0.0 11.953125 0.0 0.0 28.7890625 0.0 11.8828125 0.0 0.0 32.42578125 0.0 12.05859375 0.0 0.0 32.80859375 0.0 12.0234375 0.0 0.0 28.59765625 0.0 5.8357696533203125
38.872 0.0078125 0.0 0.0 0.0 0.0 -0.0 -0.0 0.0 11.953125 0.0 0.0 29.5546875 0.0 11.8828125 0.0 0.0 32.6171875 0.0 12.0234375 0.0 0.0 32.234375 0.0 11.953125 0.0 0.0 29.74609375 0.0 5.8357696533203125
39.039 0.0078125 0.0 0.0 0.0 0.0 -0.0 -0.0 0.0 11.953125 0.0 0.0 30.12890625 0.0 11.8828125 0.0 0.0 32.42578125 0.0 12.0234375 0.0 0.0 32.42578125 0.0 11.98828125 0.0 0.0 29.5546875 0.0 5.8357696533203125
39.221 0.0078125 0.0 0.0 0.0 0.0 -0.0 -0.0 0.0 11.98828125 0.0 0.0 28.98046875 0.0 11.8828125 0.0 0.0 32.6171875 0.0 12.0234375 0.0 0.0 32.42578125 0.0 11.98828125 0.0 0.0 29.171875 0.0 5.82598876953125
39.411 0.0078125 0.0 0.0 0.0 0.0 -0.0 -0.0 0.0 11.953125 0.0 0.0 29.74609375 0.0 11.8828125 0.0 0.0 32.6171875 0.0 11.98828125 0.0 0.0 32.6171875 0.0 11.98828125 0.0 0.0 29.171875 0.0 5.82598876953125
39.59 0.0078125 0.0 0.0 0.0 0.0 -0.0 -0.0 0.0 11.91796875 0.0 0.0 29.5546875 0.0 11.8125 0.0 0.0 32.42578125 0.0 12.09375 0.0 0.0 33.0 0.0 11.953125 0.0 0.0 29.171875 0.0 5.82598876953125
39.769 0.0078125 0.0 0.0 0.0 0.0 -0.0 -0.0 0.0 11.953125 0.0 0.0 28.98046875 0.0 11.8828125 0.0 0.0 31.66015625 0.0 11.98828125 0.0 0.0 32.80859375 0.0 11.953125 0.0 0.0 29.171875 0.0 5.8357696533203125
39.938 0.0078125 0.0 0.0 0.0 0.0 -0.0 -0.0 0.0 11.98828125 0.0 0.0 29.171875 0.0 11.8125 0.0 0.0 32.234375 0.0 12.0234375 0.0 0.0 32.6171875 0.0 11.98828125 0.0 0.0 28.59765625 0.0 5.8357696533203125
40.132 0.0078125 0.0 0.0 0.0 0.0 -0.0 -0.0 0.0 11.91796875 0.0 0.0 28.7890625 0.0 11.84765625 0.0 0.0 32.234375 0.0 12.0234375 0.0 0.0 32.04296875 0.0 11.953125 0.0 0.0 28.59765625 0.0 5.82598876953125
40.298 0.0078125 0.0 0.0 0.0 0.0 -0.0 -0.0 0.0 11.91796875 0.0 0.0 29.36328125 0.0 11.84765625 0.0 0.0 32.42578125 0.0 12.05859375 0.0 0.0 32.42578125 0.0 11.98828125 0.0 0.0 28.98046875 0.0 5.8357696533203125
40.47 0.0078125 0.0 0.0 0.0 0.0 -0.0 -0.0 0.0 11.953125 0.0 0.0 28.98046875 0.0 11.91796875 0.0 0.0 32.04296875 0.0 11.6015625 0.0 0.0 32.80859375 0.0 11.3203125 0.0 0.0 28.98046875 0.0 5.669586181640625
S: 154842947860 Fired
40.647 0.0078125 0.0 0.0 0.0 0.0 -0.0 -0.0 0.0 11.0390625 0.0 0.0 28.98046875 0.0 10.72265625 0.0 0.0 32.234375 0.0 11.390625 0.0 0.0 32.80859375 0.0 11.56640625 0.0 0.0 29.171875 0.0 5.1221771240234375
40.796 0.0078125 0.0 0.0 0.0 0.0 -0.0 -0.0 0.0 11.00390625 0.0 0.0 28.98046875 0.0 10.79296875 0.0 0.0 32.234375 -4.212982177734375 10.7578125 0.0 0.0 32.234375 0.0 11.42578125 0.0 0.0 29.171875 0.0 4.6822967529296875
40.956 0.0078125 0.0 0.0 0.0 0.0 -0.0 -0.0 0.0 10.86328125 0.0 0.0 28.98046875 0.0 11.1796875 0.0 0.0 32.234375 12.997955322265625 11.3203125 0.0 0.0 32.6171875 0.0 11.42578125 0.0 0.0 29.36328125 0.0 5.4349822998046875
41.116 0.0078125 0.0 0.0 0.0 0.0 -0.0 -0.0 0.0 11.49609375 0.0 0.0 28.7890625 0.0 11.42578125 0.0 0.0 31.8515625 0.0 11.07421875 0.0 0.0 32.80859375 0.0 11.77734375 0.0 0.0 29.36328125 0.0 5.9041900634765625
41.278 0.0078125 0.0 0.0 0.0 0.0 -0.0 -0.0 0.0 11.84765625 0.0 0.0 29.36328125 0.0 11.8125 0.0 0.0 32.42578125 0.0 11.953125 0.0 0.0 33.0 0.0 11.8828125 0.0 0.0 29.171875 0.0 5.82598876953125
41.454 0.0078125 0.0 0.0 0.0 0.0 -0.0 -0.0 0.0 11.8828125 0.0 0.0 29.171875 0.0 11.8828125 0.0 0.0 32.6171875 0.0 11.98828125 0.0 0.0 32.6171875 0.0 11.91796875 0.0 0.0 29.171875 0.0 5.82598876953125
41.637 0.0078125 0.0 0.0 0.0 0.0 -0.0 -0.0 0.0 11.953125 0.0 0.0 29.171875 0.0 11.8125 0.0 0.0 32.42578125 0.0 12.0234375 0.0 0.0 32.80859375 0.0 11.91796875 0.0 0.0 28.7890625 0.0 5.82598876953125
41.811 0.0078125 0.0 0.0 0.0 0.0 -0.0 -0.0 0.0 11.8828125 0.0 0.0 28.98046875 0.0 11.8828125 0.0 0.0 32.42578125 0.0 12.05859375 0.0 0.0 32.6171875 0.0 11.953125 0.0 0.0 29.36328125 0.0 5.82598876953125
41.992 0.0078125 0.0 0.0 0.0 0.0 -0.0 -0.0 0.0 11.953125 0.0 0.0 28.7890625 0.0 11.8125 0.0 0.0 32.234375 0.0 12.0234375 0.0 0.0 32.80859375 0.0 11.953125 0.0 0.0 29.36328125 0.0 5.82598876953125
42.169 0.0078125 0.0 0.0 0.0 0.0 -0.0 -0.0 0.0 11.91796875 0.0 0.0 29.171875 0.0 11.84765625 0.0 0.0 32.42578125 0.0 12.05859375 0.0 0.0 32.04296875 0.0 12.0234375 0.0 0.0 29.5546875 0.0 5.82598876953125
42.348 0.0078125 0.0 0.0 0.0 0.0 -0.0 -0.0 0.0 11.98828125 0.0 0.0 28.98046875 0.0 11.8125 0.0 0.0 31.27734375 5.180938720703125 12.0234375 0.0 0.0 32.42578125 0.0 11.98828125 0.0 0.0 29.171875 0.0 5.82598876953125
42.518 0.0078125 0.0 0.0 0.0 0.0 -0.0 -0.0 0.0 11.91796875 0.0 0.0 29.5546875 0.0 11.8828125 0.0 0.0 33.57421875 4.908660888671875 12.0234375 0.0 0.0 32.42578125 0.0 11.953125 0.0 0.0 29.171875 0.0 5.82598876953125
42.709 0.0078125 0.0 0.0 0.0 0.0 -0.0 -0.0 0.0 11.91796875 0.0 0.0 30.3203125 0.0 11.84765625 0.0 0.0 32.04296875 0.0 12.0234375 0.0 0.0 32.6171875 0.0 11.91796875 0.0 0.0 29.36328125 0.0 5.82598876953125
42.889 0.0078125 0.0 0.0 0.0 0.0 -0.0 -0.0 0.0 11.953125 0.0 0.0 28.7890625 0.0 11.8828125 0.0 0.0 32.04296875 0.0 12.05859375 0.0 0.0 32.80859375 0.0 12.0234375 0.0 0.0 29.5546875 0.0 5.81622314453125
43.078 0.0078125 0.0 0.0 0.0 0.0 -0.0 -0.0 0.0 11.8828125 0.0 0.0 28.40625 0.0 11.84765625 0.0 0.0 31.8515625 0.0 12.09375 0.0 0.0 32.234375 0.0 11.98828125 0.0 0.0 29.36328125 0.0 5.82598876953125
43.258 0.0078125 0.0 0.0 0.0 0.0 -0.0 -0.0 0.0 11.98828125 0.0 0.0 28.7890625 0.0 11.84765625 0.0 0.0 32.6171875 0.0 12.0234375 0.0 0.0 32.80859375 0.0 12.0234375 0.0 0.0 29.5546875 0.0 5.82598876953125
43.439 0.0078125 0.0 0.0 0.0 0.0 -0.0 -0.0 0.0 11.953125 0.0 0.0 29.171875 0.0 11.8828125 0.0 0.0 32.234375 0.0 12.09375 0.0 0.0 32.42578125 0.0 12.0234375 0.0 0.0 28.7890625 0.0 5.8357696533203125
43.611 0.0078125 0.0 0.0 0.0 0.0 -0.0 -0.0 0.0 11.98828125 0.0 0.0 29.36328125 0.0 11.8828125 0.0 0.0 32.6171875 0.0 12.05859375 0.0 0.0 32.42578125 0.0 11.98828125 0.0 0.0 29.171875 0.0 5.8357696533203125
43.789 0.0078125 0.0 0.0 0.0 0.0 -0.0 -0.0 0.0 11.953125 0.0 0.0 29.5546875 0.0 11.84765625 0.0 0.0 32.42578125 0.0 12.05859375 0.0 0.0 33.19140625 0.0 11.98828125 0.0 0.0 29.5546875 0.0 5.82598876953125
43.957 0.0078125 0.0 0.0 0.0 0.0 -0.0 -0.0 0.0 11.953125 0.0 0.0 28.0234375 0.0 11.8828125 0.0 0.0 32.80859375 0.0 11.953125 0.0 0.0 32.80859375 0.0 11.953125 0.0 0.0 29.171875 0.0 5.81622314453125
44.141 0.0078125 0.0 0.0 0.0 0.0 -0.0 -0.0 0.0 11.953125 0.0 0.0 29.5546875 0.0 11.91796875 0.0 0.0 32.6171875 0.0 11.953125 0.0 0.0 33.19140625 0.0 11.953125 0.0 0.0 28.98046875 0.0 5.82598876953125
44.318 0.0078125 0.0 0.0 0.0 0.0 -0.0 -0.0 0.0 11.98828125 0.0 0.0 29.171875 0.0 11.91796875 0.0 0.0 32.6171875 0.0 12.0234375 0.0 0.0 32.04296875 0.0 12.0234375 0.0 0.0 28.98046875 0.0 5.82598876953125
44.478 0.0078125 0.0 0.0 0.0 0.0 -0.0 -0.0 0.0 11.953125 0.0 0.0 29.171875 0.0 11.91796875 0.0 0.0 32.6171875 0.0 12.05859375 0.0 0.0 32.42578125 0.0 12.0234375 0.0 0.0 28.98046875 0.0 5.82598876953125
44.65 0.0078125 0.0 0.0 0.0 0.0 -0.0 -0.0 0.0 11.98828125 0.0 0.0 28.98046875 0.0 11.8125 0.0 0.0 32.6171875 0.0 12.0234375 0.0 0.0 32.80859375 0.0 11.953125 0.0 0.0 28.98046875 0.0 5.82598876953125
44.829 0.0078125 0.0 0.0 0.0 0.0 -0.0 -0.0 0.0 11.91796875 0.0 0.0 28.7890625 0.0 11.8125 0.0 0.0 32.6171875 0.0 12.0234375 0.0 0.0 32.80859375 0.0 11.98828125 0.0 0.0 28.98046875 0.0 5.82598876953125
44.997 0.0078125 0.0 0.0 0.0 0.0 -0.0 -0.0 0.0 11.953125 0.0 0.0 29.36328125 0.0 11.8828125 0.0 0.0 32.234375 0.0 12.05859375 0.0 0.0 32.80859375 0.0 11.98828125 0.0 0.0 29.36328125 0.0 5.82598876953125
45.171 0.0078125 0.0 0.0 0.0 0.0 -0.0 -0.0 0.0 11.98828125 0.0 0.0 29.36328125 0.0 11.8828125 0.0 0.0 32.6171875 0.0 12.05859375 0.0 0.0 32.80859375 0.0 11.953125 0.0 0.0 29.171875 0.0 5.82598876953125
45.353 0.0078125 0.0 0.0 0.0 0.0 -0.0 -0.0 0.0 11.98828125 0.0 0.0 28.98046875 0.0 11.84765625 0.0 0.0 32.80859375 0.0 11.98828125 0.0 0.0 32.6171875 0.0 11.91796875 0.0 0.0 29.5546875 0.0 5.82598876953125
45.537 0.0078125 0.0 0.0 0.0 0.0 -0.0 -0.0 0.0 11.953125 0.0 0.0 27.83203125 0.0 11.8828125 0.0 0.0 32.42578125 0.0 12.05859375 0.0 0.0 33.57421875 0.0 12.0234375 0.0 0.0 29.36328125 0.0 5.82598876953125
45.711 0.0078125 0.0 0.0 0.0 0.0 -0.0 -0.0 0.0 11.953125 0.0 0.0 29.36328125 0.0 11.8828125 0.0 0.0 32.234375 0.0 11.98828125 0.0 0.0 33.19140625 0.0 11.953125 0.0 0.0 29.36328125 0.0 5.8357696533203125
45.889 0.0078125 0.0 0.0 0.0 0.0 -0.0 -0.0 0.0 11.91796875 0.0 0.0 28.98046875 0.0 11.84765625 0.0 0.0 32.42578125 0.0 12.05859375 0.0 0.0 32.80859375 0.0 11.98828125 0.0 0.0 28.40625 0.0 5.82598876953125
46.059 0.0078125 0.0 0.0 0.0 0.0 -0.0 -0.0 0.0 11.98828125 0.0 0.0 28.98046875 0.0 11.84765625 0.0 0.0 32.04296875 0.0 11.98828125 0.0 0.0 32.42578125 0.0 11.98828125 0.0 0.0 29.171875 0.0 5.82598876953125
46.267 0.0078125 0.0 0.0 0.0 0.0 -0.0 -0.0 0.0 11.953125 0.0 0.0 28.98046875 0.0 11.91796875 0.0 0.0 32.234375 0.0 12.0234375 0.0 0.0 32.6171875 0.0 11.953125 0.0 0.0 29.171875 0.0 5.82598876953125
46.452 0.0078125 0.0 0.0 0.0 0.0 -0.0 -0.0 0.0 11.98828125 0.0 0.0 29.36328125 0.0 11.84765625 0.0 0.0 32.42578125 0.0 11.98828125 0.0 0.0 33.0 0.0 11.91796875 0.0 0.0 29.171875 0.0 5.82598876953125
46.63 0.0078125 0.0 0.0 0.0 0.0 -0.0 -0.0 0.0 11.8828125 0.0 0.0 28.59765625 0.0 11.84765625 0.0 0.0 32.234375 0.0 12.09375 0.0 0.0 32.42578125 0.0 12.0234375 0.0 0.0 28.98046875 0.0 5.82598876953125
46.811 0.0078125 0.0 0.0 0.0 0.0 -0.0 -0.0 0.0 11.98828125 0.0 0.0 29.5546875 0.0 11.91796875 0.0 0.0 32.234375 0.0 12.0234375 0.0 0.0 32.80859375 0.0 11.91796875 0.0 0.0 29.5546875 0.0 5.8357696533203125
46.987 0.0078125 0.0 0.0 0.0 0.0 -0.0 -0.0 0.0 11.91796875 0.0 0.0 29.36328125 0.0 11.84765625 0.0 0.0 32.234375 0.0 12.0234375 0.0 0.0 32.80859375 0.0 11.98828125 0.0 0.0 29.5546875 0.0 5.81622314453125
47.172 0.0078125 0.0 0.0 0.0 0.0 -0.0 -0.0 0.0 11.953125 0.0 0.0 28.7890625 0.0 11.8828125 0.0 0.0 32.234375 0.0 11.84765625 0.0 0.0 32.80859375 0.0 11.3203125 0.0 0.0 29.74609375 0.0 5.6793670654296875
S: 154842954561 Fired
47.352 0.0078125 0.0 0.0 0.0 0.0 -0.0 -0.0 0.0 11.07421875 0.0 0.0 29.36328125 0.0 10.86328125 0.0 0.0 32.234375 0.0 11.390625 0.0 0.0 32.42578125 0.0 11.6015625 0.0 0.0 29.171875 0.0 5.0048828125
47.529 0.0078125 0.0 0.0 0.0 0.0 -0.0 -0.0 0.0 10.828125 0.0 0.0 28.7890625 0.0 10.0546875 0.0 0.0 32.6171875 -5.563232421875 11.35546875 0.0 0.0 32.6171875 0.0 10.96875 0.0 0.0 28.59765625 0.0 4.7702789306640625
47.69 0.0078125 0.0 0.0 0.0 0.0 -0.0 -0.0 0.0 11.07421875 0.0 0.0 29.171875 0.0 11.1796875 0.0 0.0 32.04296875 17.972061157226562 11.84765625 0.0 0.0 32.42578125 0.0 11.77734375 0.0 0.0 29.5546875 0.0 5.4545440673828125
47.852 0.0078125 0.0 0.0 0.0 0.0 -0.0 -0.0 0.0 11.77734375 0.0 0.0 29.5546875 0.0 11.671875 0.0 0.0 32.42578125 0.0 10.7578125 0.0 0.0 33.0 0.0 12.12890625 0.0 0.0 29.171875 0.0 5.8650970458984375
48.021 0.0078125 0.0 0.0 0.0 0.0 -0.0 -0.0 0.0 12.12890625 0.0 0.0 28.7890625 0.0 12.09375 0.0 0.0 32.234375 0.0 12.26953125 0.0 0.0 32.80859375 0.0 12.19921875 0.0 0.0 29.74609375 0.0 5.8357696533203125
48.208 0.0078125 0.0 0.0 0.0 0.0 -0.0 -0.0 0.0 12.19921875 0.0 0.0 28.7890625 0.0 12.12890625 0.0 0.0 32.80859375 0.0 12.3046875 0.0 0.0 32.80859375 0.0 12.26953125 0.0 0.0 29.36328125 0.0 5.82598876953125
48.378 0.0078125 0.0 0.0 0.0 0.0 -0.0 -0.0 0.0 12.234375 0.0 0.0 29.74609375 0.0 12.12890625 0.0 0.0 32.6171875 0.0 12.3046875 0.0 0.0 33.0 0.0 12.26953125 0.0 0.0 28.98046875 0.0 5.82598876953125
48.551 0.0078125 0.0 0.0 0.0 0.0 -0.0 -0.0 0.0 12.234375 0.0 0.0 29.171875 0.0 12.1640625 0.0 0.0 32.6171875 0.0 12.33984375 0.0 0.0 32.234375 0.0 12.3046875 0.0 0.0 28.98046875 0.0 5.82598876953125
48.715 0.0078125 0.0 0.0 0.0 0.0 -0.0 -0.0 0.0 12.26953125 0.0 0.0 28.40625 0.0 12.19921875 0.0 0.0 32.04296875 0.0 12.375 0.0 0.0 33.19140625 0.0 12.3046875 0.0 0.0 28.40625 0.0 5.82598876953125
48.899 0.0078125 0.0 0.0 0.0 0.0 -0.0 -0.0 0.0 12.26953125 0.0 0.0 29.5546875 0.0 12.19921875 0.0 0.0 31.8515625 0.0 12.33984375 0.0 0.0 32.80859375 0.0 12.3046875 0.0 0.0 29.74609375 0.0 5.82598876953125
49.071 0.0078125 0.0 0.0 0.0 0.0 -0.0 -0.0 0.0 12.26953125 0.0 0.0 29.74609375 0.0 12.1640625 0.0 0.0 31.8515625 0.0 12.375 0.0 0.0 33.19140625 0.0 12.3046875 0.0 0.0 29.36328125 0.0 5.82598876953125
49.273 0.0078125 0.0 0.0 0.0 0.0 -0.0 -0.0 0.0 12.26953125 0.0 0.0 29.171875 0.0 12.19921875 0.0 0.0 33.19140625 0.0 12.375 0.0 0.0 32.80859375 0.0 12.33984375 0.0 0.0 29.36328125 0.0 5.82598876953125
49.459 0.0078125 0.0 0.0 0.0 0.0 -0.0 -0.0 0.0 12.26953125 0.0 0.0 29.171875 0.0 12.19921875 0.0 0.0 32.04296875 -3.0839691162109375 12.375 0.0 0.0 32.6171875 0.0 12.33984375 0.0 0.0 29.171875 0.0 5.82598876953125
49.632 0.0078125 0.0 0.0 0.0 0.0 -0.0 -0.0 0.0 12.3046875 0.0 0.0 28.98046875 0.0 12.19921875 0.0 0.0 32.234375 0.0 12.375 0.0 0.0 32.6171875 0.0 12.33984375 0.0 0.0 29.36328125 0.0 5.82598876953125
49.797 0.0078125 0.0 0.0 0.0 0.0 -0.0 -0.0 0.0 12.3046875 0.0 0.0 28.98046875 0.0 12.19921875 0.0 0.0 31.8515625 0.0 12.375 0.0 0.0 33.0 0.0 12.33984375 0.0 0.0 28.98046875 0.0 5.82598876953125
49.97 0.0078125 0.0 0.0 0.0 0.0 -0.0 -0.0 0.0 12.3046875 0.0 0.0 28.7890625 0.0 12.19921875 0.0 0.0 31.46875 0.0 12.375 0.0 0.0 32.6171875 0.0 12.33984375 0.0 0.0 29.171875 0.0 5.82598876953125
50.152 0.0078125 0.0 0.0 0.0 0.0 -0.0 -0.0 0.0 12.3046875 0.0 0.0 28.98046875 0.0 12.19921875 0.0 0.0 32.234375 0.0 12.375 0.0 0.0 32.234375 0.0 12.33984375 0.0 0.0 28.98046875 0.0 5.82598876953125
50.327 0.0078125 0.0 0.0 0.0 0.0 -0.0 -0.0 0.0 12.3046875 0.0 0.0 28.98046875 0.0 12.19921875 0.0 0.0 32.6171875 0.0 12.41015625 0.0 0.0 32.80859375 0.0 12.375 0.0 0.0 29.36328125 0.0 5.82598876953125
50.508 0.0078125 0.0 0.0 0.0 0.0 -0.0 -0.0 0.0 12.3046875 0.0 0.0 28.59765625 0.0 12.234375 0.0 0.0 32.234375 0.0 12.41015625 0.0 0.0 32.80859375 0.0 12.375 0.0 0.0 29.171875 0.0 5.82598876953125
50.688 0.0078125 0.0 0.0 0.0 0.0 -0.0 -0.0 0.0 12.3046875 0.0 0.0 28.98046875 0.0 12.234375 0.0 0.0 32.234375 0.0 12.41015625 0.0 0.0 32.6171875 0.0 12.375 0.0 0.0 29.5546875 0.0 5.8357696533203125
50.868 0.0078125 0.0 0.0 0.0 0.0 -0.0 -0.0 0.0 12.3046875 0.0 0.0 29.9375 0.0 12.234375 0.0 0.0 33.0 0.0 12.41015625 0.0 0.0 33.0 0.0 12.375 0.0 0.0 29.36328125 0.0 5.82598876953125
51.037 0.0078125 0.0 0.0 0.0 0.0 -0.0 -0.0 0.0 12.3046875 0.0 0.0 29.5546875 0.0 12.234375 0.0 0.0 32.04296875 0.0 12.41015625 0.0 0.0 32.6171875 0.0 12.375 0.0 0.0 29.74609375 0.0 5.8357696533203125
51.229 0.0078125 0.0 0.0 0.0 0.0 -0.0 -0.0 0.0 12.3046875 0.0 0.0 28.98046875 0.0 12.234375 0.0 0.0 31.8515625 0.0 12.41015625 0.0 0.0 32.80859375 0.0 12.375 0.0 0.0 28.98046875 0.0 5.81622314453125
51.41 0.0078125 0.0 0.0 0.0 0.0 -0.0 -0.0 0.0 12.3046875 0.0 0.0 29.36328125 0.0 12.234375 0.0 0.0 32.04296875 0.0 12.41015625 0.0 0.0 32.42578125 0.0 12.375 0.0 0.0 29.36328125 0.0 5.8357696533203125
51.578 0.0078125 0.0 0.0 0.0 0.0 -0.0 -0.0 0.0 12.3046875 0.0 0.0 29.171875 0.0 12.234375 0.0 0.0 32.42578125 0.0 12.41015625 0.0 0.0 32.80859375 0.0 12.375 0.0 0.0 29.36328125 0.0 5.82598876953125
51.746 0.0078125 0.0 0.0 0.0 0.0 -0.0 -0.0 0.0 12.33984375 0.0 0.0 28.7890625 0.0 12.234375 0.0 0.0 31.8515625 0.0 12.41015625 0.0 0.0 32.80859375 0.0 12.375 0.0 0.0 29.171875 0.0 5.82598876953125
51.928 0.0078125 0.0 0.0 0.0 0.0 -0.0 -0.0 0.0 12.33984375 0.0 0.0 29.171875 0.0 12.26953125 0.0 0.0 32.234375 0.0 12.41015625 0.0 0.0 33.19140625 0.0 12.375 0.0 0.0 29.36328125 0.0 5.82598876953125
52.098 0.0078125 0.0 0.0 0.0 0.0 -0.0 -0.0 0.0 12.3046875 0.0 0.0 28.98046875 0.0 12.234375 0.0 0.0 32.80859375 0.0 12.41015625 0.0 0.0 32.80859375 0.0 12.375 0.0 0.0 28.98046875 0.0 5.82598876953125
52.29 0.0078125 0.0 0.0 0.0 0.0 -0.0 -0.0 0.0 12.33984375 0.0 0.0 28.7890625 0.0 12.234375 0.0 0.0 31.46875 0.0 12.41015625 0.0 0.0 32.42578125 0.0 12.41015625 0.0 0.0 28.98046875 0.0 5.8357696533203125
52.469 0.0078125 0.0 0.0 0.0 0.0 -0.0 -0.0 0.0 12.33984375 0.0 0.0 28.7890625 0.0 12.234375 0.0 0.0 32.04296875 0.0 12.41015625 0.0 0.0 32.6171875 0.0 12.375 0.0 0.0 29.74609375 0.0 5.82598876953125
52.647 0.0078125 0.0 0.0 0.0 0.0 -0.0 -0.0 0.0 12.33984375 0.0 0.0 28.98046875 0.0 12.234375 0.0 0.0 32.04296875 0.0 12.41015625 0.0 0.0 32.80859375 0.0 12.375 0.0 0.0 29.36328125 0.0 5.82598876953125
52.823 0.0078125 0.0 0.0 0.0 0.0 -0.0 -0.0 0.0 12.33984375 0.0 0.0 29.171875 0.0 12.26953125 0.0 0.0 31.8515625 0.0 12.41015625 0.0 0.0 33.0 0.0 12.375 0.0 0.0 29.5546875 0.0 5.82598876953125
52.994 0.0078125 0.0 0.0 0.0 0.0 -0.0 -0.0 0.0 12.3046875 0.0 0.0 29.5546875 0.0 12.234375 0.0 0.0 32.42578125 0.0 12.41015625 0.0 0.0 33.0 0.0 12.375 0.0 0.0 29.171875 0.0 5.81622314453125
53.188 0.0078125 0.0 0.0 0.0 0.0 -0.0 -0.0 0.0 12.33984375 0.0 0.0 28.0234375 0.0 12.26953125 0.0 0.0 32.42578125 0.0 12.4453125 0.0 0.0 32.234375 0.0 12.375 0.0 0.0 30.12890625 0.0 5.82598876953125
53.363 0.0078125 0.0 0.0 0.0 0.0 -0.0 -0.0 0.0 12.33984375 0.0 0.0 28.7890625 0.0 12.26953125 0.0 0.0 31.0859375 0.0 12.41015625 0.0 0.0 32.6171875 0.0 12.41015625 0.0 0.0 28.7890625 0.0 5.82598876953125
53.538 0.0078125 0.0 0.0 0.0 0.0 -0.0 -0.0 0.0 12.33984375 0.0 0.0 29.36328125 0.0 12.26953125 0.0 0.0 33.57421875 0.0 12.41015625 0.0 0.0 32.80859375 0.0 12.375 0.0 0.0 29.171875 0.0 5.82598876953125
53.727 0.0078125 0.0 0.0 0.0 0.0 -0.0 -0.0 0.0 12.33984375 0.0 0.0 30.12890625 0.0 12.26953125 0.0 0.0 32.234375 0.0 12.41015625 0.0 0.0 33.0 0.0 12.375 0.0 0.0 29.9375 0.0 5.82598876953125
53.897 0.0078125 0.0 0.0 0.0 0.0 -0.0 -0.0 0.0 12.33984375 0.0 0.0 29.36328125 0.0 12.26953125 0.0 0.0 32.42578125 0.0 12.41015625 0.0 0.0 32.80859375 0.0 12.375 0.0 0.0 28.98046875 0.0 5.82598876953125
54.073 0.0078125 0.0 0.0 0.0 0.0 -0.0 -0.0 0.0 12.33984375 0.0 0.0 28.98046875 0.0 12.26953125 0.0 0.0 32.6171875 0.0 12.4453125 0.0 0.0 33.0 0.0 12.375 0.0 0.0 28.98046875 0.0 5.82598876953125
54.259 0.0078125 0.0 0.0 0.0 0.0 -0.0 -0.0 0.0 12.33984375 0.0 0.0 29.171875 0.0 12.26953125 0.0 0.0 32.04296875 0.0 12.09375 0.0 0.0 33.0 0.0 11.70703125 0.0 0.0 29.171875 0.0 5.6109466552734375
S: 154842961651 Fired
54.439 0.0078125 0.0 0.0 0.0 0.0 -0.0 -0.0 0.0 11.28515625 0.0 0.0 28.98046875 0.0 11.1796875 0.0 0.0 32.80859375 0.0 11.7421875 0.0 0.0 32.80859375 0.0 11.8828125 0.0 0.0 29.171875 0.0 5.034210205078125
54.599 0.0078125 0.0 0.0 0.0 0.0 -0.0 -0.0 0.0 11.14453125 0.0 0.0 29.74609375 0.0 10.265625 0.0 0.0 32.6171875 -4.9903564453125 11.53125 0.0 0.0 33.3828125 0.0 11.390625 0.0 0.0 29.5546875 0.0 4.7702789306640625
54.767 0.0078125 0.0 0.0 0.0 0.0 -0.0 -0.0 0.0 11.3203125 0.0 0.0 29.74609375 0.0 11.390625 0.0 0.0 33.0 12.427505493164062 11.70703125 0.0 0.0 33.0 0.0 11.84765625 0.0 0.0 29.171875 0.0 5.57183837890625
54.916 0.0078125 0.0 0.0 0.0 0.0 -0.0 -0.0 0.0 11.77734375 0.0 0.0 29.5546875 0.0 11.49609375 0.0 0.0 32.6171875 0.0 12.234375 0.0 0.0 32.80859375 0.0 12.234375 0.0 0.0 29.36328125 0.0 5.845550537109375
55.094 0.0078125 0.0 0.0 0.0 0.0 -0.0 -0.0 0.0 12.19921875 0.0 0.0 29.36328125 0.0 12.1640625 0.0 0.0 32.6171875 0.0 12.33984375 0.0 0.0 33.19140625 0.0 12.26953125 0.0 0.0 28.59765625 0.0 5.82598876953125
55.291 0.0078125 0.0 0.0 0.0 0.0 -0.0 -0.0 0.0 12.26953125 0.0 0.0 30.3203125 0.0 12.1640625 0.0 0.0 32.80859375 0.0 12.33984375 0.0 0.0 33.0 0.0 12.3046875 0.0 0.0 28.98046875 0.0 5.81622314453125
55.471 0.0078125 0.0 0.0 0.0 0.0 -0.0 -0.0 0.0 12.26953125 0.0 0.0 29.5546875 0.0 12.19921875 0.0 0.0 32.80859375 0.0 12.33984375 0.0 0.0 32.42578125 0.0 12.33984375 0.0 0.0 28.98046875 0.0 5.8357696533203125
55.647 0.0078125 0.0 0.0 0.0 0.0 -0.0 -0.0 0.0 12.26953125 0.0 0.0 28.40625 0.0 12.19921875 0.0 0.0 32.234375 0.0 12.375 0.0 0.0 33.3828125 0.0 12.33984375 0.0 0.0 29.5546875 0.0 5.82598876953125
55.818 0.0078125 0.0 0.0 0.0 0.0 -0.0 -0.0 0.0 12.3046875 0.0 0.0 29.36328125 0.0 12.19921875 0.0 0.0 32.42578125 0.0 12.375 0.0 0.0 32.80859375 0.0 12.33984375 0.0 0.0 29.36328125 0.0 5.82598876953125
55.99 0.0078125 0.0 0.0 0.0 0.0 -0.0 -0.0 0.0 12.3046875 0.0 0.0 29.36328125 0.0 12.19921875 0.0 0.0 32.6171875 0.0 12.375 0.0 0.0 32.80859375 0.0 12.33984375 0.0 0.0 29.36328125 0.0 5.8357696533203125
56.167 0.0078125 0.0 0.0 0.0 0.0 -0.0 -0.0 0.0 12.3046875 0.0 0.0 29.5546875 0.0 12.19921875 0.0 0.0 32.04296875 0.0 12.41015625 0.0 0.0 32.80859375 0.0 12.33984375 0.0 0.0 29.5546875 0.0 5.82598876953125
56.338 0.0078125 0.0 0.0 0.0 0.0 -0.0 -0.0 0.0 12.3046875 0.0 0.0 28.59765625 0.0 12.234375 0.0 0.0 31.46875 0.0 12.375 0.0 0.0 32.80859375 0.0 12.33984375 0.0 0.0 29.171875 0.0 5.82598876953125
56.507 0.0078125 0.0 0.0 0.0 0.0 -0.0 -0.0 0.0 12.33984375 0.0 0.0 29.171875 0.0 12.234375 0.0 0.0 32.04296875 0.0 12.41015625 0.0 0.0 33.19140625 0.0 12.375 0.0 0.0 29.5546875 0.0 5.81622314453125
56.676 0.0078125 0.0 0.0 0.0 0.0 -0.0 -0.0 0.0 12.3046875 0.0 0.0 29.36328125 0.0 12.234375 0.0 0.0 32.234375 0.0 12.41015625 0.0 0.0 33.19140625 0.0 12.33984375 0.0 0.0 29.9375 0.0 5.81622314453125
56.854 0.0078125 0.0 0.0 0.0 0.0 -0.0 -0.0 0.0 12.3046875 0.0 0.0 28.7890625 0.0 12.234375 0.0 0.0 32.80859375 0.0 12.41015625 0.0 0.0 32.80859375 0.0 12.375 0.0 0.0 29.74609375 0.0 5.82598876953125
57.035 0.0078125 0.0 0.0 0.0 0.0 -0.0 -0.0 0.0 12.3046875 0.0 0.0 28.98046875 0.0 12.234375 0.0 0.0 32.42578125 0.0 12.41015625 0.0 0.0 32.42578125 0.0 12.375 0.0 0.0 28.98046875 0.0 5.82598876953125
57.217 0.0078125 0.0 0.0 0.0 0.0 -0.0 -0.0 0.0 12.33984375 0.0 0.0 28.7890625 0.0 12.234375 0.0 0.0 32.04296875 0.0 12.41015625 0.0 0.0 32.80859375 0.0 12.375 0.0 0.0 28.7890625 0.0 5.82598876953125
57.398 0.0078125 0.0 0.0 0.0 0.0 -0.0 -0.0 0.0 12.33984375 0.0 0.0 29.74609375 0.0 12.234375 0.0 0.0 32.234375 0.0 12.41015625 0.0 0.0 32.6171875 0.0 12.375 0.0 0.0 29.36328125 0.0 5.82598876953125
57.575 0.0078125 0.0 0.0 0.0 0.0 -0.0 -0.0 0.0 12.33984375 0.0 0.0 29.74609375 0.0 12.234375 0.0 0.0 32.234375 0.0 12.41015625 0.0 0.0 32.80859375 0.0 12.375 0.0 0.0 29.5546875 0.0 5.82598876953125
57.745 0.0078125 0.0 0.0 0.0 0.0 -0.0 -0.0 0.0 12.33984375 0.0 0.0 29.5546875 0.0 12.234375 0.0 0.0 32.80859375 0.0 12.41015625 0.0 0.0 32.6171875 0.0 12.375 0.0 0.0 29.171875 0.0 5.81622314453125
57.916 0.0078125 0.0 0.0 0.0 0.0 -0.0 -0.0 0.0 12.33984375 0.0 0.0 29.171875 0.0 12.234375 0.0 0.0 32.42578125 0.0 12.41015625 0.0 0.0 32.42578125 0.0 12.375 0.0 0.0 29.36328125 0.0 5.82598876953125
58.087 0.0078125 0.0 0.0 0.0 0.0 -0.0 -0.0 0.0 12.33984375 0.0 0.0 29.171875 0.0 12.234375 0.0 0.0 32.6171875 0.0 12.41015625 0.0 0.0 32.80859375 0.0 12.375 0.0 0.0 29.36328125 0.0 5.82598876953125
58.253 0.0078125 0.0 0.0 0.0 0.0 -0.0 -0.0 0.0 12.33984375 0.0 0.0 29.171875 0.0 12.26953125 0.0 0.0 33.0 0.0 12.41015625 0.0 0.0 32.80859375 0.0 12.375 0.0 0.0 29.5546875 0.0 5.82598876953125
58.415 0.0078125 0.0 0.0 0.0 0.0 -0.0 -0.0 0.0 12.33984375 0.0 0.0 28.59765625 0.0 12.26953125 0.0 0.0 33.0 0.0 12.41015625 0.0 0.0 33.19140625 0.0 12.375 0.0 0.0 29.36328125 0.0 5.82598876953125
58.583 0.0078125 0.0 0.0 0.0 0.0 -0.0 -0.0 0.0 12.33984375 0.0 0.0 29.5546875 0.0 12.26953125 0.0 0.0 33.3828125 0.0 12.41015625 0.0 0.0 32.80859375 0.0 12.375 0.0 0.0 29.5546875 0.0 5.82598876953125
58.756 0.0078125 0.0 0.0 0.0 0.0 -0.0 -0.0 0.0 12.33984375 0.0 0.0 29.36328125 0.0 12.234375 0.0 0.0 32.234375 0.0 12.41015625 0.0 0.0 33.0 0.0 12.375 0.0 0.0 29.5546875 0.0 5.82598876953125
58.93 0.0078125 0.0 0.0 0.0 0.0 -0.0 -0.0 0.0 12.375 0.0 0.0 29.5546875 0.0 12.26953125 0.0 0.0 32.04296875 0.0 12.4453125 0.0 0.0 32.42578125 0.0 12.375 0.0 0.0 29.5546875 0.0 5.82598876953125
59.107 0.0078125 0.0 0.0 0.0 0.0 -0.0 -0.0 0.0 12.375 0.0 0.0 29.36328125 0.0 12.26953125 0.0 0.0 33.0 0.0 12.41015625 0.0 0.0 32.234375 0.0 12.375 0.0 0.0 29.36328125 0.0 5.81622314453125
59.279 0.0078125 0.0 0.0 0.0 0.0 -0.0 -0.0 0.0 12.33984375 0.0 0.0 29.36328125 0.0 12.26953125 0.0 0.0 32.04296875 0.0 12.41015625 0.0 0.0 32.80859375 0.0 12.41015625 0.0 0.0 29.36328125 0.0 5.82598876953125
59.447 0.0078125 0.0 0.0 0.0 0.0 -0.0 -0.0 0.0 12.33984375 0.0 0.0 29.5546875 0.0 12.26953125 0.0 0.0 34.33984375 0.0 12.4453125 0.0 0.0 33.19140625 0.0 12.375 0.0 0.0 29.5546875 0.0 5.81622314453125
59.616 0.0078125 0.0 0.0 0.0 0.0 -0.0 -0.0 0.0 12.33984375 0.0 0.0 29.171875 0.0 12.234375 0.0 0.0 33.765625 0.0 12.4453125 0.0 0.0 32.80859375 0.0 12.375 0.0 0.0 28.7890625 0.0 5.82598876953125
59.777 0.0078125 0.0 0.0 0.0 0.0 -0.0 -0.0 0.0 12.375 0.0 0.0 29.36328125 0.0 12.26953125 0.0 0.0 31.8515625 0.0 12.41015625 0.0 0.0 33.0 0.0 12.375 0.0 0.0 29.5546875 0.0 5.82598876953125
59.948 0.0078125 0.0 0.0 0.0 0.0 -0.0 -0.0 0.0 12.33984375 0.0 0.0 29.171875 0.0 12.26953125 0.0 0.0 32.42578125 0.0 12.4453125 0.0 0.0 32.6171875 0.0 12.375 0.0 0.0 29.36328125 0.0 5.82598876953125
60.117 0.0078125 0.0 0.0 0.0 0.0 -0.0 -0.0 0.0 12.33984375 0.0 0.0 29.171875 0.0 12.26953125 0.0 0.0 32.42578125 0.0 12.234375 0.0 0.0 33.3828125 0.0 11.49609375 0.0 0.0 29.36328125 0.0 5.68914794921875
S: 154842967501 Fired
60.28 0.0078125 0.0 0.0 0.0 0.0 -0.0 -0.0 0.0 11.63671875 0.0 0.0 29.171875 0.0 11.0390625 0.0 0.0 32.42578125 0.0 11.77734375 0.0 0.0 33.0 0.0 11.8125 0.0 0.0 29.171875 0.0 5.1515045166015625
60.429 0.0078125 0.0 0.0 0.0 0.0 -0.0 -0.0 0.0 11.35546875 0.0 0.0 30.3203125 0.0 11.109375 0.0 0.0 32.80859375 -5.3402862548828125 10.546875 0.0 0.0 32.6171875 0.0 11.53125 0.0 0.0 29.36328125 0.0 4.721405029296875
60.58 0.0078125 0.0 0.0 0.0 0.0 -0.0 -0.0 0.0 11.1796875 0.0 0.0 28.59765625 0.0 11.3203125 0.0 0.0 32.234375 13.543014526367188 11.53125 0.0 0.0 33.19140625 0.0 11.70703125 0.0 0.0 29.171875 0.0 5.3763427734375
60.736 0.0078125 0.0 0.0 0.0 0.0 -0.0 -0.0 0.0 11.84765625 0.0 0.0 29.36328125 0.0 11.7421875 0.0 0.0 32.42578125 3.5810699462890625 11.91796875 0.0 0.0 32.42578125 0.0 12.19921875 0.0 0.0 29.171875 0.0 5.8846435546875
60.903 0.0078125 0.0 0.0 0.0 0.0 -0.0 -0.0 0.0 12.1640625 0.0 0.0 28.59765625 0.0 12.12890625 0.0 0.0 32.80859375 0.0 12.33984375 0.0 0.0 32.6171875 0.0 12.26953125 0.0 0.0 28.7890625 0.0 5.82598876953125
61.072 0.0078125 0.0 0.0 0.0 0.0 -0.0 -0.0 0.0 12.234375 0.0 0.0 29.5546875 0.0 12.1640625 0.0 0.0 32.04296875 0.0 12.375 0.0 0.0 32.80859375 0.0 12.3046875 0.0 0.0 29.36328125 0.0 5.82598876953125
61.259 0.0078125 0.0 0.0 0.0 0.0 -0.0 -0.0 0.0 12.26953125 0.0 0.0 29.5546875 0.0 12.19921875 0.0 0.0 32.6171875 0.0 12.375 0.0 0.0 32.42578125 0.0 12.3046875 0.0 0.0 29.36328125 0.0 5.82598876953125
61.416 0.0078125 0.0 0.0 0.0 0.0 -0.0 -0.0 0.0 12.3046875 0.0 0.0 28.7890625 0.0 12.19921875 0.0 0.0 32.80859375 0.0 12.375 0.0 0.0 33.19140625 0.0 12.3046875 0.0 0.0 28.59765625 0.0 5.81622314453125
61.59 0.0078125 0.0 0.0 0.0 0.0 -0.0 -0.0 0.0 12.3046875 0.0 0.0 29.36328125 0.0 12.234375 0.0 0.0 32.234375 0.0 12.375 0.0 0.0 33.0 0.0 12.33984375 0.0 0.0 29.171875 0.0 5.82598876953125
61.767 0.0078125 0.0 0.0 0.0 0.0 -0.0 -0.0 0.0 12.3046875 0.0 0.0 28.7890625 0.0 12.234375 0.0 0.0 32.42578125 0.0 12.375 0.0 0.0 32.80859375 0.0 12.33984375 0.0 0.0 29.5546875 0.0 5.81622314453125
61.948 0.0078125 0.0 0.0 0.0 0.0 -0.0 -0.0 0.0 12.3046875 0.0 0.0 28.98046875 0.0 12.19921875 0.0 0.0 32.04296875 0.0 12.375 0.0 0.0 33.0 0.0 12.33984375 0.0 0.0 28.98046875 0.0 5.82598876953125
62.132 0.0078125 0.0 0.0 0.0 0.0 -0.0 -0.0 0.0 12.3046875 0.0 0.0 29.36328125 0.0 12.234375 0.0 0.0 32.234375 0.0 12.41015625 0.0 0.0 33.0 0.0 12.375 0.0 0.0 29.5546875 0.0 5.82598876953125
62.297 0.0078125 0.0 0.0 0.0 0.0 -0.0 -0.0 0.0 12.3046875 0.0 0.0 28.98046875 0.0 12.234375 0.0 0.0 32.80859375 0.0 12.41015625 0.0 0.0 32.6171875 0.0 12.375 0.0 0.0 29.74609375 0.0 5.82598876953125
62.478 0.0078125 0.0 0.0 0.0 0.0 -0.0 -0.0 0.0 12.3046875 0.0 0.0 28.21484375 0.0 12.234375 0.0 0.0 32.42578125 0.0 12.41015625 0.0 0.0 32.80859375 0.0 12.375 0.0 0.0 28.98046875 0.0 5.82598876953125
62.732 0.0078125 0.0 0.0 0.0 0.0 -0.0 -0.0 0.0 12.33984375 0.0 0.0 29.171875 0.0 12.234375 0.0 0.0 32.42578125 0.0 12.41015625 0.0 0.0 32.80859375 0.0 12.375 0.0 0.0 29.5546875 0.0 5.81622314453125
63.068 0.0078125 0.0 0.0 0.0 0.0 -0.0 -0.0 0.0 12.33984375 0.0 0.0 29.74609375 0.0 12.234375 0.0 0.0 32.04296875 0.0 12.41015625 0.0 0.0 32.6171875 0.0 12.375 0.0 0.0 29.36328125 0.0 5.82598876953125
63.361 0.0078125 0.0 0.0 0.0 0.0 -0.0 -0.0 0.0 12.33984375 0.0 0.0 28.40625 0.0 12.234375 0.0 0.0 32.42578125 0.0 12.41015625 0.0 0.0 33.19140625 0.0 12.375 0.0 0.0 29.36328125 0.0 5.82598876953125
63.618 0.0078125 0.0 0.0 0.0 0.0 -0.0 -0.0 0.0 12.33984375 0.0 0.0 29.36328125 0.0 12.26953125 0.0 0.0 33.0 0.0 12.41015625 0.0 0.0 33.0 0.0 12.375 0.0 0.0 29.36328125 0.0 5.82598876953125
63.922 0.0078125 0.0 0.0 0.0 0.0 -0.0 -0.0 0.0 12.33984375 0.0 0.0 30.12890625 0.0 12.26953125 0.0 0.0 32.234375 0.0 12.41015625 0.0 0.0 33.19140625 0.0 12.375 0.0 0.0 28.7890625 0.0 5.8259887