Timestamp Driver_Joy_Y Driver_Joy_X Driver_Joy_W FL_Out BL_Out BR_Out FR_Out FL_Jag_Speed FL_Bus_Voltage FL_Out_Voltage FL_Out_Current FL_Temp BL_Jag_Speed BL_Bus_Voltage BL_Out_Voltage BL_Out_Current BL_Temp BR_Jag_Speed BR_Bus_Voltage BR_Out_Voltage BR_Out_Current BR_Temp FR_Jag_Speed FR_Bus_Voltage FR_Out_Voltage FR_Out_Current FR_Temp
1.078 0.0078125 0.015748031496062992 -0.0234375 0.0 0.0 0.0 0.0 0.0 12.7265625 0.0 0.0 27.44921875 0.0 12.55078125 0.0 0.0 29.9375 0.0 12.7265625 0.0 0.0 29.74609375 0.0 12.7265625 0.0 0.0 27.640625 0.0 5.8357696533203125
1.254 0.0078125 0.015748031496062992 -0.0234375 0.0 0.0 0.0 0.0 0.0 12.7265625 0.0 0.0 27.06640625 0.0 12.5859375 0.0 0.0 29.74609375 0.0 12.69140625 0.0 0.0 30.3203125 0.0 12.69140625 0.0 0.0 27.44921875 0.0 5.845550537109375
1.413 0.0078125 0.015748031496062992 -0.0234375 0.0 0.0 0.0 0.0 0.0 12.62109375 0.0 0.0 26.875 0.0 12.515625 0.0 0.0 30.51171875 0.0 12.76171875 0.0 0.0 30.51171875 0.0 12.7265625 0.0 0.0 26.68359375 0.0 5.855316162109375
1.573 0.0078125 0.015748031496062992 -0.0234375 0.0 0.0 0.0 0.0 0.0 12.69140625 0.0 0.0 27.44921875 0.0 12.5859375 0.0 0.0 30.703125 0.0 12.7265625 0.0 0.0 30.3203125 0.0 12.62109375 0.0 0.0 27.06640625 0.0 5.845550537109375
1.731 0.0078125 0.015748031496062992 -0.0234375 0.0 0.0 0.0 0.0 0.0 12.62109375 0.0 0.0 27.2578125 0.0 12.5859375 0.0 0.0 29.9375 0.0 12.7265625 0.0 0.0 29.9375 0.0 12.65625 0.0 0.0 27.06640625 0.0 5.855316162109375
1.9 0.0078125 0.015748031496062992 -0.0234375 0.0 0.0 0.0 0.0 0.0 12.62109375 0.0 0.0 26.875 0.0 12.55078125 0.0 0.0 30.51171875 0.0 12.69140625 0.0 0.0 30.51171875 0.0 12.69140625 0.0 0.0 27.640625 0.0 5.845550537109375
2.06 0.0078125 0.015748031496062992 -0.0234375 0.0 0.0 0.0 0.0 0.0 12.65625 0.0 0.0 27.44921875 0.0 12.515625 0.0 0.0 29.5546875 0.0 12.7265625 0.0 0.0 30.3203125 0.0 12.65625 0.0 0.0 27.640625 0.0 5.845550537109375
2.218 0.0078125 0.015748031496062992 -0.0234375 0.0 0.0 0.0 0.0 0.0 12.5859375 0.0 0.0 27.06640625 0.0 12.48046875 0.0 0.0 30.703125 0.0 12.65625 0.0 0.0 30.12890625 0.0 12.62109375 0.0 0.0 27.44921875 0.0 5.845550537109375
2.371 0.0078125 0.015748031496062992 -0.0234375 0.0 0.0 0.0 0.0 0.0 12.62109375 0.0 0.0 27.06640625 0.0 12.48046875 0.0 0.0 29.9375 0.0 12.65625 0.0 0.0 30.12890625 0.0 12.65625 0.0 0.0 27.2578125 0.0 5.845550537109375
2.535 0.0078125 0.015748031496062992 -0.0234375 0.0 0.0 0.0 0.0 0.0 12.65625 0.0 0.0 26.875 0.0 12.515625 0.0 0.0 30.3203125 0.0 12.69140625 0.0 0.0 30.12890625 0.0 12.62109375 0.0 0.0 27.2578125 0.0 5.845550537109375
2.713 0.0078125 0.015748031496062992 -0.0234375 -0.5 -0.5 0.5 0.5 0.0 11.4609375 -5.73046875 25.80859375 27.06640625 0.0 10.4765625 -5.22265625 26.46484375 29.171875 83.3912353515625 10.0546875 5.12890625 28.04296875 29.36328125 0.0 10.37109375 5.18359375 26.07421875 26.30078125 0.0 5.81622314453125
2.902 0.0078125 0.015748031496062992 -0.0234375 -0.5 -0.5 0.5 0.5 3.64178466796875 11.14453125 -5.5546875 23.31640625 26.109375 0.0 11.00390625 -5.44921875 20.296875 29.74609375 142.6554718017578 10.7578125 5.359375 21.87109375 30.12890625 0.0 11.109375 5.5703125 17.01171875 26.875 0.0 5.8357696533203125
3.092 0.0078125 0.015748031496062992 -0.0234375 -0.5 -0.5 0.5 0.5 -9.9332275390625 11.49609375 -5.73046875 16.2265625 27.2578125 0.0 11.390625 -5.73046875 15.56640625 29.9375 166.97828674316406 11.35546875 5.62109375 14.38671875 29.9375 0.0 11.42578125 5.74609375 11.10546875 27.44921875 0.0 5.845550537109375
3.275 0.0078125 0.015748031496062992 -0.0234375 -0.5 -0.5 0.5 0.5 24.462493896484375 11.7421875 -5.890625 13.07421875 26.875 0.0 11.56640625 -5.92578125 10.7109375 29.74609375 194.26315307617188 11.63671875 5.76171875 10.7109375 29.9375 0.0 11.70703125 5.8515625 8.87109375 27.06640625 0.0 5.82598876953125
3.468 0.0078125 0.015748031496062992 -0.0234375 -0.5 -0.5 0.5 0.5 -10.265731811523438 11.8828125 -5.94140625 8.87109375 26.109375 0.0 11.98828125 -5.9765625 10.578125 29.74609375 205.1939697265625 11.671875 5.90234375 9.3984375 29.171875 0.0 11.8125 5.90234375 9.3984375 27.06640625 0.0 5.81622314453125
3.651 0.0078125 0.015748031496062992 -0.0234375 -0.5 -0.5 0.5 0.5 14.35009765625 11.953125 -5.99609375 9.00390625 26.30078125 0.0 12.09375 -6.03125 9.00390625 29.36328125 226.60214233398438 11.7421875 5.88671875 8.4765625 30.51171875 0.0 11.8828125 5.90234375 7.55859375 27.06640625 0.0 5.845550537109375
3.851 0.0078125 0.015748031496062992 -0.0234375 -0.5 -0.5 0.5 0.5 -11.67755126953125 12.0234375 -6.01171875 6.90234375 26.4921875 0.0 11.98828125 -6.06640625 7.8203125 30.12890625 235.8577423095703 11.91796875 5.88671875 9.265625 30.3203125 0.0 11.8828125 5.90234375 6.90234375 27.44921875 0.0 5.81622314453125
4.041 0.0078125 0.015748031496062992 -0.0234375 -0.5 -0.5 0.5 0.5 62.783050537109375 12.05859375 -6.046875 7.1640625 26.875 0.0 12.1640625 -6.06640625 9.00390625 29.5546875 228.5170135498047 11.8828125 5.921875 8.73828125 30.12890625 0.0 11.953125 5.9375 6.90234375 27.06640625 0.0 5.82598876953125
4.228 0.0078125 0.015748031496062992 -0.0234375 -0.5 -0.5 0.5 0.5 -12.1697998046875 10.86328125 -5.50390625 4.66796875 26.109375 0.0 11.21484375 -5.6796875 4.93359375 28.98046875 213.12020874023438 10.86328125 5.46484375 5.45703125 30.12890625 0.0 11.14453125 5.62109375 4.5390625 26.30078125 0.0 5.8650970458984375
4.402 0.0078125 0.015748031496062992 -0.0234375 -0.5 -0.5 0.5 0.5 15.299774169921875 11.42578125 -5.6796875 5.8515625 27.06640625 0.0 11.56640625 -5.80078125 5.71875 30.51171875 203.2498779296875 11.35546875 5.60546875 5.71875 30.51171875 0.0 11.390625 5.7109375 4.66796875 27.06640625 0.0 5.81622314453125
4.59 0.0078125 0.015748031496062992 -0.0234375 -0.5 -0.5 0.5 0.5 -11.82928466796875 11.4609375 -5.765625 5.71875 27.06640625 0.0 11.56640625 -5.8359375 5.58984375 30.12890625 225.24635314941406 11.35546875 5.65625 5.984375 29.9375 0.0 11.4609375 5.69140625 4.5390625 26.875 0.0 5.855316162109375
4.772 0.0078125 0.015748031496062992 -0.0234375 -0.5 -0.5 0.5 0.5 14.834548950195312 11.56640625 -5.71484375 5.984375 26.30078125 0.0 11.6015625 -5.8359375 6.11328125 29.5546875 199.43907165527344 11.28515625 5.7109375 5.984375 29.9375 0.0 11.4609375 5.69140625 5.32421875 27.44921875 0.0 5.855316162109375
4.96 0.0078125 0.015748031496062992 -0.0234375 -0.5 -0.5 0.5 0.5 -11.747787475585938 11.56640625 -5.765625 5.8515625 26.4921875 0.0 11.671875 -5.890625 5.984375 29.9375 241.95071411132812 11.49609375 5.74609375 6.375 29.9375 0.0 11.42578125 5.78125 5.32421875 26.109375 0.0 5.8064422607421875
5.121 0.0078125 0.015748031496062992 -0.0234375 -0.5 -0.5 0.5 0.5 15.4228515625 11.6015625 -5.8203125 5.8515625 26.875 0.0 11.671875 -5.85546875 5.58984375 30.12890625 232.06622314453125 11.42578125 5.74609375 5.8515625 29.9375 0.0 11.6015625 5.74609375 5.45703125 26.68359375 0.0 5.8357696533203125
5.301 0.0078125 0.015748031496062992 -0.0234375 -0.5 -0.5 0.5 0.5 -12.335403442382812 11.56640625 -5.80078125 4.93359375 26.68359375 0.0 11.7421875 -5.87109375 5.984375 29.36328125 245.8544158935547 11.56640625 5.7109375 7.55859375 30.12890625 0.0 11.70703125 5.81640625 5.984375 26.68359375 0.0 5.8748626708984375
5.492 0.0078125 0.015748031496062992 -0.0234375 0.0 0.0 -0.0 -0.0 -113.9398193359375 11.98828125 0.0 0.0 26.875 0.0 11.70703125 0.0 0.0 29.9375 201.57479858398438 11.25 0.0 0.0 29.74609375 0.0 11.56640625 0.0 0.0 27.06640625 0.0 5.57183837890625
