Timestamp Driver_Joy_Y Driver_Joy_X Driver_Joy_W FL_Out BL_Out BR_Out FR_Out FL_Jag_Speed FL_Bus_Voltage FL_Out_Voltage FL_Out_Current FL_Temp BL_Jag_Speed BL_Bus_Voltage BL_Out_Voltage BL_Out_Current BL_Temp BR_Jag_Speed BR_Bus_Voltage BR_Out_Voltage BR_Out_Current BR_Temp FR_Jag_Speed FR_Bus_Voltage FR_Out_Voltage FR_Out_Current FR_Temp
29.853 0.0234375 -0.0078125 0.0 0.0 0.0 0.0 0.0 0.0 12.65625 0.0 0.0 27.2578125 0.0 12.5859375 0.0 0.0 30.3203125 0.0 12.76171875 0.0 0.0 30.703125 0.0 12.65625 0.0 0.0 27.06640625 0.0 5.82598876953125
30.023 0.0234375 -0.0078125 0.0 0.0 0.0 0.0 0.0 0.0 12.65625 0.0 0.0 26.68359375 0.0 12.515625 0.0 0.0 30.12890625 0.0 12.7265625 0.0 0.0 30.51171875 0.0 12.65625 0.0 0.0 27.06640625 0.0 5.82598876953125
30.196 0.0234375 -0.0078125 0.0 0.0 0.0 0.0 0.0 0.0 12.65625 0.0 0.0 26.4921875 0.0 12.55078125 0.0 0.0 30.51171875 0.0 12.69140625 0.0 0.0 30.51171875 0.0 12.65625 0.0 0.0 27.2578125 0.0 5.82598876953125
30.374 0.0234375 -0.0078125 0.0 0.0 0.0 0.0 0.0 0.0 12.65625 0.0 0.0 26.68359375 0.0 12.55078125 0.0 0.0 30.703125 0.0 12.69140625 0.0 0.0 30.51171875 0.0 12.62109375 0.0 0.0 27.44921875 0.0 5.8357696533203125
30.538 0.0234375 -0.0078125 0.0 0.0 0.0 0.0 0.0 0.0 12.62109375 0.0 0.0 25.53515625 0.0 12.55078125 0.0 0.0 30.703125 0.0 12.7265625 0.0 0.0 30.703125 0.0 12.62109375 0.0 0.0 27.06640625 0.0 5.8357696533203125
30.701 0.0234375 -0.0078125 0.0 0.0 0.0 0.0 0.0 0.0 12.5859375 0.0 0.0 26.4921875 0.0 12.515625 0.0 0.0 30.3203125 0.0 12.69140625 0.0 0.0 31.0859375 0.0 12.5859375 0.0 0.0 27.640625 0.0 5.8357696533203125
30.855 0.0234375 -0.0078125 0.0 0.0 0.0 0.0 0.0 0.0 12.62109375 0.0 0.0 26.875 0.0 12.515625 0.0 0.0 30.3203125 0.0 12.7265625 0.0 0.0 30.89453125 0.0 12.5859375 0.0 0.0 27.44921875 0.0 5.8357696533203125
31.018 0.0234375 -0.0078125 0.0 0.0 0.0 0.0 0.0 0.0 12.62109375 0.0 0.0 28.0234375 0.0 12.515625 0.0 0.0 31.27734375 0.0 12.69140625 0.0 0.0 30.703125 0.0 12.62109375 0.0 0.0 27.640625 0.0 5.8357696533203125
31.178 0.0234375 -0.0078125 0.0 0.0 0.0 0.0 0.0 0.0 12.65625 0.0 0.0 26.68359375 0.0 12.48046875 0.0 0.0 30.51171875 0.0 12.69140625 0.0 0.0 30.3203125 0.0 12.62109375 0.0 0.0 27.44921875 0.0 5.8357696533203125
31.34 0.0234375 -0.0078125 0.0 0.0 0.0 0.0 0.0 0.0 12.62109375 0.0 0.0 26.875 0.0 12.515625 0.0 0.0 30.51171875 0.0 12.69140625 0.0 0.0 30.51171875 0.0 12.62109375 0.0 0.0 27.06640625 0.0 5.8357696533203125
31.518 0.0234375 -0.0078125 0.0 -0.5 -0.5 0.5 0.5 0.0 11.8125 -5.64453125 29.6171875 25.34375 0.0 10.546875 -5.2578125 28.83203125 30.51171875 33.50346374511719 9.9140625 5.04296875 32.375 30.3203125 0.0 10.51171875 5.32421875 26.203125 27.06640625 0.0 5.8064422607421875
31.706 0.0234375 -0.0078125 0.0 -0.5 -0.5 0.5 0.5 -3.97113037109375 11.0390625 -5.50390625 28.3046875 26.875 0.0 10.7578125 -5.36328125 17.66796875 30.3203125 137.56536865234375 10.828125 5.41015625 20.55859375 29.74609375 0.0 11.07421875 5.515625 18.1953125 26.4921875 0.0 5.8064422607421875
31.912 0.0234375 -0.0078125 0.0 -0.5 -0.5 0.5 0.5 -33.211090087890625 11.56640625 -5.78515625 16.35546875 27.2578125 0.0 11.4609375 -5.64453125 15.04296875 29.36328125 176.12254333496094 11.14453125 5.5703125 14.78125 29.9375 0.0 11.6015625 5.7265625 12.6796875 26.68359375 0.0 5.845550537109375
32.107 0.0234375 -0.0078125 0.0 -0.5 -0.5 0.5 0.5 11.986892700195312 11.84765625 -5.8203125 12.8125 26.4921875 0.0 11.63671875 -5.73046875 13.3359375 30.3203125 208.31072998046875 11.390625 5.796875 10.4453125 29.9375 0.0 11.63671875 5.81640625 9.7890625 27.06640625 0.0 5.796661376953125
32.305 0.0234375 -0.0078125 0.0 -0.5 -0.5 0.5 0.5 -10.532974243164062 11.8125 -5.890625 9.00390625 26.30078125 0.0 12.05859375 -5.99609375 9.00390625 30.12890625 214.57308959960938 11.7421875 5.88671875 9.265625 30.51171875 0.0 11.70703125 5.88671875 7.953125 26.875 0.0 5.81622314453125
32.491 0.0234375 -0.0078125 0.0 -0.5 -0.5 0.5 0.5 57.24165344238281 11.98828125 -5.9765625 7.69140625 26.4921875 0.0 12.12890625 -6.1015625 8.609375 29.9375 233.3211669921875 11.8828125 5.81640625 9.7890625 29.5546875 0.0 11.8828125 5.97265625 7.1640625 27.06640625 0.0 5.845550537109375
32.676 0.0234375 -0.0078125 0.0 -0.5 -0.5 0.5 0.5 -11.8109130859375 11.98828125 -6.046875 7.55859375 27.44921875 0.0 12.0234375 -6.06640625 7.296875 30.3203125 228.57142639160156 11.8828125 5.9375 8.34765625 30.51171875 0.0 11.8828125 5.9375 7.296875 28.0234375 0.0 5.81622314453125
32.856 0.0234375 -0.0078125 0.0 -0.5 -0.5 0.5 0.5 15.13275146484375 11.70703125 -5.99609375 7.953125 27.2578125 0.0 12.09375 -6.1015625 7.42578125 30.703125 239.80516052246094 11.91796875 5.90234375 7.42578125 30.703125 0.0 11.91796875 5.95703125 6.24609375 27.44921875 0.0 5.845550537109375
33.025 0.0234375 -0.0078125 0.0 -0.5 -0.5 0.5 0.5 -14.09344482421875 12.12890625 -6.01171875 7.296875 26.68359375 0.0 12.19921875 -6.08203125 6.90234375 30.51171875 246.32752990722656 11.8828125 5.95703125 8.08203125 30.51171875 0.0 11.953125 5.9375 7.69140625 27.06640625 0.0 5.82598876953125
33.195 0.0234375 -0.0078125 0.0 -0.5 -0.5 0.5 0.5 15.466033935546875 12.09375 -6.03125 7.03125 27.44921875 0.0 12.19921875 -6.046875 7.42578125 29.74609375 243.43856811523438 11.91796875 5.9921875 6.90234375 30.3203125 0.0 11.8125 5.9921875 6.5078125 27.2578125 0.0 5.82598876953125
33.399 0.0234375 -0.0078125 0.0 -0.5 -0.5 0.5 0.5 -12.40185546875 12.05859375 -6.03125 6.5078125 26.68359375 0.0 12.19921875 -6.08203125 6.11328125 30.3203125 246.15383911132812 11.953125 6.0078125 6.5078125 30.89453125 0.0 11.91796875 5.95703125 6.11328125 26.875 0.0 5.82598876953125
33.592 0.0234375 -0.0078125 0.0 -0.5 -0.5 0.5 0.5 15.366317749023438 12.0234375 -6.046875 6.24609375 26.875 0.0 12.1640625 -6.06640625 5.8515625 29.74609375 243.8095245361328 11.953125 5.95703125 7.69140625 30.3203125 0.0 11.953125 5.95703125 5.71875 26.4921875 0.0 5.8357696533203125
33.774 0.0234375 -0.0078125 0.0 -0.5 -0.5 0.5 0.5 -12.667922973632812 12.12890625 -6.046875 5.984375 27.2578125 0.0 12.1640625 -6.1015625 6.11328125 30.703125 252.2498779296875 11.8125 5.97265625 7.03125 30.51171875 0.0 11.953125 5.97265625 7.1640625 27.44921875 0.0 5.8357696533203125
33.955 0.0234375 -0.0078125 0.0 -0.5 -0.5 0.5 0.5 3.185638427734375 12.09375 -5.99609375 6.90234375 26.68359375 0.0 12.19921875 -6.1015625 6.375 29.74609375 253.71653747558594 11.84765625 5.9921875 6.24609375 30.12890625 0.0 12.0234375 5.921875 6.24609375 27.44921875 0.0 5.82598876953125
34.146 0.0234375 -0.0078125 0.0 -0.5 -0.5 0.5 0.5 -62.39031982421875 12.12890625 -6.06640625 5.58984375 25.53515625 0.0 12.1640625 -6.08203125 5.984375 30.12890625 242.7613983154297 11.953125 5.97265625 7.55859375 29.9375 0.0 11.953125 6.0625 6.76953125 26.875 0.0 5.8357696533203125
34.334 0.0234375 -0.0078125 0.0 0.0 0.0 -0.0 -0.0 22.470199584960938 12.4453125 0.0 0.0 26.4921875 0.0 12.05859375 0.0 0.0 29.74609375 210.1806182861328 11.8828125 0.0 0.0 29.5546875 0.0 11.84765625 0.0 0.0 27.06640625 0.0 5.5816192626953125
