Timestamp Driver_Joy_Y Driver_Joy_X Driver_Joy_W FL_Out BL_Out BR_Out FR_Out FL_Jag_Speed FL_Bus_Voltage FL_Out_Voltage FL_Out_Current FL_Temp BL_Jag_Speed BL_Bus_Voltage BL_Out_Voltage BL_Out_Current BL_Temp BR_Jag_Speed BR_Bus_Voltage BR_Out_Voltage BR_Out_Current BR_Temp FR_Jag_Speed FR_Bus_Voltage FR_Out_Voltage FR_Out_Current FR_Temp
6.749 0.0078125 0.015748031496062992 -0.0234375 0.0 0.0 0.0 0.0 0.0 12.65625 0.0 0.0 26.875 0.0 12.62109375 0.0 0.0 30.51171875 0.0 12.796875 0.0 0.0 30.3203125 0.0 12.69140625 0.0 0.0 27.44921875 0.0 5.845550537109375
6.92 0.0078125 0.015748031496062992 -0.0234375 0.0 0.0 0.0 0.0 0.0 12.65625 0.0 0.0 26.68359375 0.0 12.55078125 0.0 0.0 30.3203125 0.0 12.76171875 0.0 0.0 30.3203125 0.0 12.69140625 0.0 0.0 27.44921875 0.0 5.855316162109375
7.08 0.0078125 0.015748031496062992 -0.0234375 0.0 0.0 0.0 0.0 0.0 12.69140625 0.0 0.0 26.875 0.0 12.55078125 0.0 0.0 30.3203125 0.0 12.65625 0.0 0.0 30.703125 0.0 12.65625 0.0 0.0 27.2578125 0.0 5.855316162109375
7.231 0.0078125 0.015748031496062992 -0.0234375 0.0 0.0 0.0 0.0 0.0 12.5859375 0.0 0.0 26.875 0.0 12.55078125 0.0 0.0 29.5546875 0.0 12.7265625 0.0 0.0 30.12890625 0.0 12.69140625 0.0 0.0 27.83203125 0.0 5.855316162109375
7.39 0.0078125 0.015748031496062992 -0.0234375 0.0 0.0 0.0 0.0 0.0 12.65625 0.0 0.0 26.875 0.0 12.5859375 0.0 0.0 31.27734375 0.0 12.7265625 0.0 0.0 30.3203125 0.0 12.65625 0.0 0.0 26.4921875 0.0 5.845550537109375
7.539 0.0078125 0.015748031496062992 -0.0234375 0.0 0.0 0.0 0.0 0.0 12.69140625 0.0 0.0 26.68359375 0.0 12.55078125 0.0 0.0 29.9375 0.0 12.69140625 0.0 0.0 30.3203125 0.0 12.62109375 0.0 0.0 27.640625 0.0 5.845550537109375
7.698 0.0078125 0.015748031496062992 -0.0234375 0.0 0.0 0.0 0.0 0.0 12.62109375 0.0 0.0 25.91796875 0.0 12.515625 0.0 0.0 30.12890625 0.0 12.65625 0.0 0.0 29.9375 0.0 12.62109375 0.0 0.0 27.44921875 0.0 5.855316162109375
7.86 0.0078125 0.015748031496062992 -0.0234375 0.0 0.0 0.0 0.0 0.0 12.62109375 0.0 0.0 26.68359375 0.0 12.515625 0.0 0.0 30.3203125 0.0 12.69140625 0.0 0.0 30.703125 0.0 12.65625 0.0 0.0 27.44921875 0.0 5.845550537109375
8.03 0.0078125 0.015748031496062992 -0.0234375 0.0 0.0 0.0 0.0 0.0 12.62109375 0.0 0.0 26.68359375 0.0 12.48046875 0.0 0.0 30.51171875 0.0 12.65625 0.0 0.0 30.3203125 0.0 12.62109375 0.0 0.0 26.875 0.0 5.845550537109375
8.179 0.0078125 0.015748031496062992 -0.0234375 0.0 0.0 0.0 0.0 0.0 12.5859375 0.0 0.0 27.06640625 0.0 12.48046875 0.0 0.0 29.9375 0.0 12.7265625 0.0 0.0 30.3203125 0.0 12.5859375 0.0 0.0 27.640625 0.0 5.845550537109375
8.355 0.0078125 0.015748031496062992 -0.0234375 -0.5 -0.5 0.5 0.5 0.0 11.84765625 -5.8203125 20.1640625 26.68359375 0.0 10.79296875 -5.29296875 32.11328125 30.12890625 20.77069091796875 10.08984375 5.1640625 26.203125 29.74609375 0.0 10.40625 5.19921875 29.6171875 26.68359375 0.0 5.855316162109375
8.543 0.0078125 0.015748031496062992 -0.0234375 -0.5 -0.5 0.5 0.5 0.0 10.96875 -5.58984375 21.34765625 26.30078125 0.0 10.58203125 -5.30859375 23.83984375 29.74609375 140.52035522460938 10.79296875 5.359375 22.39453125 29.74609375 0.0 11.21484375 5.53515625 17.2734375 27.06640625 0.0 5.796661376953125
8.735 0.0078125 0.015748031496062992 -0.0234375 -0.5 -0.5 0.5 0.5 39.68540954589844 11.4609375 -5.765625 14.51953125 27.2578125 0.0 11.21484375 -5.609375 14.25390625 29.36328125 164.20079040527344 11.25 5.640625 14.38671875 30.12890625 0.0 11.53125 5.796875 10.7109375 26.4921875 0.0 5.82598876953125
8.929 0.0078125 0.015748031496062992 -0.0234375 -0.5 -0.5 0.5 0.5 -46.5341796875 11.77734375 -5.8359375 12.0234375 26.68359375 0.0 11.8125 -5.85546875 11.62890625 29.74609375 184.18148803710938 11.53125 5.78125 11.62890625 30.12890625 0.0 11.671875 5.83203125 10.4453125 27.2578125 0.0 5.81622314453125
9.136 0.0078125 0.015748031496062992 -0.0234375 -0.5 -0.5 0.5 0.5 13.950042724609375 11.8828125 -5.94140625 8.21484375 26.875 0.0 11.98828125 -5.99609375 9.7890625 30.703125 208.3333282470703 11.77734375 5.796875 10.31640625 30.12890625 0.0 11.8125 5.921875 7.8203125 27.06640625 0.0 5.855316162109375
9.323 0.0078125 0.015748031496062992 -0.0234375 -0.5 -0.5 0.5 0.5 106.57192993164062 11.8828125 -5.9765625 9.00390625 25.34375 0.0 12.1640625 -6.03125 8.73828125 30.703125 222.28652954101562 11.70703125 5.83203125 8.87109375 29.9375 0.0 11.8828125 5.9921875 7.03125 27.06640625 0.0 5.82598876953125
9.508 0.0078125 0.015748031496062992 -0.0234375 -0.5 -0.5 0.5 0.5 -38.24128723144531 12.0234375 -6.046875 7.1640625 26.875 0.0 12.09375 -6.06640625 7.1640625 28.59765625 228.5170135498047 11.70703125 5.921875 8.73828125 30.12890625 0.0 11.91796875 6.0078125 6.5078125 26.875 0.0 5.8357696533203125
9.694 0.0078125 0.015748031496062992 -0.0234375 -0.5 -0.5 0.5 0.5 30.415115356445312 12.09375 -6.03125 7.953125 26.875 0.0 12.12890625 -6.1015625 6.90234375 30.51171875 211.40716552734375 11.77734375 5.95703125 8.609375 30.51171875 0.0 11.953125 5.97265625 5.984375 27.06640625 0.0 5.8650970458984375
9.873 0.0078125 0.015748031496062992 -0.0234375 -0.5 -0.5 0.5 0.5 -38.93852233886719 10.93359375 -5.37890625 4.01171875 26.875 0.0 10.96875 -5.44921875 4.66796875 29.74609375 252.08428955078125 10.6171875 5.359375 4.27734375 30.3203125 0.0 10.7578125 5.33984375 3.6171875 27.06640625 0.0 5.8357696533203125
10.043 0.0078125 0.015748031496062992 -0.0234375 -0.5 -0.5 0.5 0.5 13.97467041015625 10.72265625 -5.3984375 4.5390625 26.875 0.0 10.86328125 -5.46875 4.93359375 30.51171875 202.659912109375 10.58203125 5.26953125 5.71875 30.12890625 0.0 10.7578125 5.359375 4.14453125 27.06640625 0.0 5.855316162109375
10.228 0.0078125 0.015748031496062992 -0.0234375 -0.5 -0.5 0.5 0.5 -57.455780029296875 10.86328125 -5.44921875 4.80078125 28.0234375 0.0 10.96875 -5.50390625 6.640625 30.3203125 253.85073852539062 10.7578125 5.33984375 6.375 30.3203125 0.0 10.86328125 5.4296875 4.93359375 27.2578125 0.0 5.82598876953125
10.408 0.0078125 0.015748031496062992 -0.0234375 -0.5 -0.5 0.5 0.5 -26.883407592773438 11.00390625 -5.50390625 5.58984375 26.875 0.0 11.1796875 -5.58984375 5.58984375 29.171875 207.5787811279297 10.828125 5.46484375 5.8515625 30.3203125 0.0 10.8984375 5.48046875 4.93359375 27.640625 0.0 5.82598876953125
10.594 0.0078125 0.015748031496062992 -0.0234375 -0.5 -0.5 0.5 0.5 -11.354766845703125 11.14453125 -5.5390625 5.58984375 27.2578125 0.0 11.3203125 -5.58984375 5.71875 29.5546875 225.36532592773438 10.86328125 5.48046875 5.984375 30.12890625 0.0 10.93359375 5.48046875 5.984375 27.06640625 0.0 5.8748626708984375
10.789 0.0078125 0.015748031496062992 -0.0234375 -0.5 -0.5 0.5 0.5 3.5855560302734375 11.14453125 -5.5390625 5.71875 26.109375 0.0 11.28515625 -5.64453125 6.640625 29.9375 237.6973114013672 10.8984375 5.4453125 6.640625 29.74609375 0.0 10.96875 5.5703125 5.58984375 26.68359375 0.0 5.81622314453125
10.969 0.0078125 0.015748031496062992 -0.0234375 -0.5 -0.5 0.5 0.5 -11.250762939453125 11.14453125 -5.57421875 5.58984375 27.06640625 0.0 11.28515625 -5.6796875 5.58984375 29.74609375 225.4579620361328 11.0390625 5.5703125 6.76953125 30.51171875 0.0 11.1796875 5.640625 5.984375 26.68359375 0.0 5.82598876953125
11.142 0.0078125 0.015748031496062992 -0.0234375 0.0 0.0 -0.0 -0.0 10.800537109375 11.4609375 0.0 0.0 27.2578125 0.0 11.25 0.0 0.0 29.5546875 198.37783813476562 11.0390625 0.0 0.0 30.12890625 0.0 11.14453125 0.0 0.0 27.06640625 0.0 5.6402587890625
