Timestamp Driver_Joy_Y Driver_Joy_X Driver_Joy_W FL_Out BL_Out BR_Out FR_Out FL_Jag_Speed FL_Bus_Voltage FL_Out_Voltage FL_Out_Current FL_Temp BL_Jag_Speed BL_Bus_Voltage BL_Out_Voltage BL_Out_Current BL_Temp BR_Jag_Speed BR_Bus_Voltage BR_Out_Voltage BR_Out_Current BR_Temp FR_Jag_Speed FR_Bus_Voltage FR_Out_Voltage FR_Out_Current FR_Temp
182.149 0.0078125 0.0 -0.046875 0.0 0.0 0.0 0.0 0.0 12.90234375 0.0 0.0 26.68359375 0.0 12.796875 0.0 0.0 29.9375 0.0 12.97265625 0.0 0.0 30.12890625 0.0 12.9375 0.0 0.0 28.40625 0.0 5.7673492431640625
182.314 0.0078125 0.0 -0.046875 0.0 0.0 0.0 0.0 0.0 12.90234375 0.0 0.0 27.640625 0.0 12.796875 0.0 0.0 31.27734375 0.0 12.97265625 0.0 0.0 29.9375 0.0 12.9375 0.0 0.0 28.21484375 0.0 5.7673492431640625
182.471 0.0078125 0.0 -0.046875 0.0 0.0 0.0 0.0 0.0 12.90234375 0.0 0.0 27.2578125 0.0 12.796875 0.0 0.0 30.51171875 0.0 13.0078125 0.0 0.0 30.12890625 0.0 12.9375 0.0 0.0 28.40625 0.0 5.7673492431640625
182.62 0.0078125 0.0 -0.046875 0.0 0.0 0.0 0.0 0.0 12.90234375 0.0 0.0 27.44921875 0.0 12.796875 0.0 0.0 30.89453125 0.0 13.0078125 0.0 0.0 30.3203125 0.0 12.9375 0.0 0.0 28.21484375 0.0 5.7771148681640625
182.788 0.0078125 0.0 -0.046875 0.0 0.0 0.0 0.0 0.0 12.90234375 0.0 0.0 27.44921875 0.0 12.796875 0.0 0.0 30.12890625 0.0 12.97265625 0.0 0.0 30.51171875 0.0 12.90234375 0.0 0.0 28.0234375 0.0 5.7771148681640625
182.952 0.0078125 0.0 -0.046875 0.0 0.0 0.0 0.0 0.0 12.90234375 0.0 0.0 27.83203125 0.0 12.796875 0.0 0.0 31.46875 0.0 12.97265625 0.0 0.0 30.3203125 0.0 12.9375 0.0 0.0 28.0234375 0.0 5.7673492431640625
183.114 0.0078125 0.0 -0.046875 0.0 0.0 0.0 0.0 0.0 12.90234375 0.0 0.0 27.2578125 0.0 12.796875 0.0 0.0 30.89453125 0.0 12.97265625 0.0 0.0 29.9375 0.0 12.9375 0.0 0.0 27.640625 0.0 5.757568359375
183.3 0.0078125 0.0 -0.046875 0.0 0.0 0.0 0.0 0.0 12.90234375 0.0 0.0 26.875 0.0 12.796875 0.0 0.0 30.703125 0.0 12.97265625 0.0 0.0 30.703125 0.0 12.90234375 0.0 0.0 28.59765625 0.0 5.7673492431640625
183.472 0.0078125 0.0 -0.046875 0.0 0.0 0.0 0.0 0.0 12.90234375 0.0 0.0 27.640625 0.0 12.796875 0.0 0.0 30.51171875 0.0 12.97265625 0.0 0.0 30.89453125 0.0 12.90234375 0.0 0.0 28.0234375 0.0 5.7673492431640625
183.643 0.0078125 0.0 -0.046875 0.0 0.0 0.0 0.0 0.0 12.9375 0.0 0.0 28.21484375 0.0 12.796875 0.0 0.0 30.51171875 0.0 12.97265625 0.0 0.0 30.3203125 0.0 12.9375 0.0 0.0 27.2578125 0.0 5.7771148681640625
183.82 0.0078125 0.0 -0.046875 -0.5 -0.5 0.5 0.5 0.0 11.77734375 -5.8359375 32.90234375 27.06640625 0.0 10.96875 -5.44921875 29.75 30.3203125 46.239990234375 10.51171875 5.3046875 24.49609375 29.9375 0.0 10.6875 5.33984375 32.24609375 26.68359375 0.0 5.7380218505859375
184.012 0.0078125 0.0 -0.046875 -0.5 -0.5 0.5 0.5 -6.1663665771484375 11.1796875 -5.625 25.0234375 27.640625 0.0 11.21484375 -5.64453125 15.83203125 30.703125 179.7332000732422 11.49609375 5.74609375 15.56640625 30.51171875 0.0 11.56640625 5.81640625 14.78125 28.21484375 0.0 5.786895751953125
184.343 0.0078125 0.0 -0.046875 -0.5 -0.5 0.5 0.5 48.98333740234375 11.91796875 -5.99609375 13.3359375 27.2578125 0.0 11.8125 -5.87109375 14.25390625 30.51171875 209.88194274902344 11.6015625 5.8515625 13.59765625 30.51171875 0.0 11.8125 5.90234375 12.28515625 28.21484375 0.0 5.7673492431640625
184.538 0.0078125 0.0 -0.046875 -0.5 -0.5 0.5 0.5 -11.353347778320312 12.0234375 -6.046875 9.921875 27.2578125 0.0 12.19921875 -6.1015625 9.52734375 30.3203125 235.9882049560547 11.953125 5.97265625 9.1328125 30.703125 0.0 11.98828125 5.921875 11.234375 27.83203125 0.0 5.786895751953125
184.729 0.0078125 0.0 -0.046875 -0.5 -0.5 0.5 0.5 15.254135131835938 12.12890625 -6.08203125 9.66015625 27.640625 0.0 12.3046875 -6.13671875 8.73828125 30.51171875 247.31112670898438 12.12890625 6.0625 7.953125 30.3203125 0.0 11.98828125 6.02734375 9.265625 28.21484375 0.0 5.7477874755859375
184.917 0.0078125 0.0 -0.046875 -0.5 -0.5 0.5 0.5 -12.818069458007812 12.1640625 -6.13671875 7.296875 27.83203125 0.0 12.375 -6.1875 7.03125 30.51171875 242.54673767089844 11.98828125 6.0078125 7.953125 29.9375 0.0 12.19921875 6.02734375 8.21484375 28.0234375 0.0 5.7673492431640625
185.114 0.0078125 0.0 -0.046875 -0.5 -0.5 0.5 0.5 18.47991943359375 12.234375 -6.1171875 7.953125 27.44921875 0.0 12.3046875 -6.20703125 6.5078125 30.3203125 267.5026092529297 12.12890625 6.1328125 6.11328125 30.3203125 0.0 12.1640625 6.11328125 7.42578125 27.2578125 0.0 5.7673492431640625
185.302 0.0078125 0.0 -0.046875 -0.5 -0.5 0.5 0.5 4.216156005859375 12.19921875 -5.99609375 6.24609375 26.4921875 0.0 12.41015625 -6.1875 7.1640625 29.74609375 250.1465606689453 12.12890625 6.02734375 7.03125 30.3203125 0.0 12.19921875 6.0625 7.953125 27.83203125 0.0 5.7673492431640625
185.489 0.0078125 0.0 -0.046875 -0.5 -0.5 0.5 0.5 146.2188720703125 12.33984375 -6.13671875 7.953125 27.2578125 0.0 12.375 -6.1875 6.375 31.0859375 270.17518615722656 12.19921875 6.09765625 6.76953125 30.51171875 0.0 12.1640625 6.11328125 5.984375 28.0234375 0.0 5.786895751953125
185.674 0.0078125 0.0 -0.046875 -0.5 -0.5 0.5 0.5 -21.589767456054688 12.33984375 -6.15234375 6.5078125 26.875 0.0 12.33984375 -6.15234375 7.1640625 30.3203125 228.35394287109375 12.26953125 6.09765625 5.8515625 30.3203125 0.0 12.234375 6.11328125 6.640625 27.2578125 0.0 5.7477874755859375
185.85 0.0078125 0.0 -0.046875 -0.5 -0.5 0.5 0.5 -19.08197021484375 12.33984375 -6.15234375 6.76953125 28.0234375 0.0 12.375 -6.20703125 6.640625 30.3203125 268.8699035644531 12.19921875 6.11328125 6.640625 31.0859375 0.0 12.234375 6.11328125 7.03125 28.0234375 0.0 5.757568359375
186.053 0.0078125 0.0 -0.046875 -0.5 -0.5 0.5 0.5 16.779251098632812 12.3046875 -6.15234375 7.42578125 26.30078125 0.0 12.375 -6.20703125 5.58984375 30.3203125 271.1864318847656 12.3046875 6.09765625 6.5078125 30.51171875 0.0 12.234375 6.11328125 6.640625 28.0234375 0.0 5.7184600830078125
186.239 0.0078125 0.0 -0.046875 -0.5 -0.5 0.5 0.5 -13.412261962890625 12.41015625 -6.171875 7.1640625 28.21484375 0.0 12.375 -6.1875 6.375 30.12890625 275.17018127441406 12.3046875 6.09765625 7.03125 30.703125 0.0 12.234375 6.1328125 6.375 28.40625 0.0 5.7380218505859375
186.43 0.0078125 0.0 -0.046875 -0.5 -0.5 0.5 0.5 4.294281005859375 12.33984375 -6.171875 7.03125 27.83203125 0.0 12.375 -6.1875 7.296875 29.9375 235.77085876464844 12.26953125 6.18359375 6.90234375 30.12890625 0.0 12.234375 6.18359375 7.296875 28.59765625 0.0 5.757568359375
186.603 0.0078125 0.0 -0.046875 0.0 0.0 -0.0 -0.0 -13.797454833984375 12.69140625 0.0 0.0 27.640625 0.0 12.3046875 0.0 0.0 30.3203125 242.16433715820312 12.19921875 0.0 0.0 30.12890625 0.0 12.05859375 0.0 0.0 27.640625 0.0 5.5522918701171875
