Timestamp Driver_Joy_Y Driver_Joy_X Driver_Joy_W FL_Out BL_Out BR_Out FR_Out FL_Jag_Speed FL_Bus_Voltage FL_Out_Voltage FL_Out_Current FL_Temp BL_Jag_Speed BL_Bus_Voltage BL_Out_Voltage BL_Out_Current BL_Temp BR_Jag_Speed BR_Bus_Voltage BR_Out_Voltage BR_Out_Current BR_Temp FR_Jag_Speed FR_Bus_Voltage FR_Out_Voltage FR_Out_Current FR_Temp
145.469 0.0078125 0.0 -0.0390625 0.0 0.0 0.0 0.0 0.0 12.76171875 0.0 0.0 24.578125 0.0 12.65625 0.0 0.0 27.2578125 0.0 12.83203125 0.0 0.0 26.68359375 0.0 12.7265625 0.0 0.0 24.578125 0.0 5.8650970458984375
145.63 0.0078125 0.0 -0.0390625 0.0 0.0 0.0 0.0 0.0 12.7265625 0.0 0.0 24.38671875 0.0 12.62109375 0.0 0.0 26.875 0.0 12.796875 0.0 0.0 26.68359375 0.0 12.76171875 0.0 0.0 25.15234375 0.0 5.855316162109375
145.788 0.0078125 0.0 -0.0390625 0.0 0.0 0.0 0.0 0.0 12.7265625 0.0 0.0 24.38671875 0.0 12.5859375 0.0 0.0 26.68359375 0.0 12.7265625 0.0 0.0 26.875 0.0 12.7265625 0.0 0.0 24.578125 0.0 5.845550537109375
145.938 0.0078125 0.0 -0.0390625 0.0 0.0 0.0 0.0 0.0 12.69140625 0.0 0.0 24.00390625 0.0 12.55078125 0.0 0.0 26.68359375 0.0 12.76171875 0.0 0.0 26.875 0.0 12.7265625 0.0 0.0 24.9609375 0.0 5.855316162109375
146.091 0.0078125 0.0 -0.0390625 0.0 0.0 0.0 0.0 0.0 12.69140625 0.0 0.0 23.8125 0.0 12.55078125 0.0 0.0 27.2578125 0.0 12.76171875 0.0 0.0 26.4921875 0.0 12.69140625 0.0 0.0 24.9609375 0.0 5.855316162109375
146.242 0.0078125 0.0 -0.0390625 0.0 0.0 0.0 0.0 0.0 12.69140625 0.0 0.0 23.62109375 0.0 12.5859375 0.0 0.0 27.06640625 0.0 12.76171875 0.0 0.0 26.4921875 0.0 12.7265625 0.0 0.0 24.1953125 0.0 5.855316162109375
146.398 0.0078125 0.0 -0.0390625 0.0 0.0 0.0 0.0 0.0 12.69140625 0.0 0.0 24.578125 0.0 12.5859375 0.0 0.0 26.4921875 0.0 12.69140625 0.0 0.0 26.4921875 0.0 12.69140625 0.0 0.0 24.38671875 0.0 5.8650970458984375
146.558 0.0078125 0.0 -0.0390625 0.0 0.0 0.0 0.0 0.0 12.62109375 0.0 0.0 24.1953125 0.0 12.5859375 0.0 0.0 27.2578125 0.0 12.76171875 0.0 0.0 26.4921875 0.0 12.69140625 0.0 0.0 24.578125 0.0 5.8650970458984375
146.711 0.0078125 0.0 -0.0390625 0.0 0.0 0.0 0.0 0.0 12.65625 0.0 0.0 24.1953125 0.0 12.515625 0.0 0.0 27.2578125 0.0 12.7265625 0.0 0.0 26.68359375 0.0 12.65625 0.0 0.0 24.578125 0.0 5.855316162109375
146.858 0.0078125 0.0 -0.0390625 0.0 0.0 0.0 0.0 0.0 12.62109375 0.0 0.0 24.578125 0.0 12.515625 0.0 0.0 26.875 0.0 12.7265625 0.0 0.0 27.06640625 0.0 12.69140625 0.0 0.0 24.1953125 0.0 5.855316162109375
147.031 0.0078125 0.0 -0.0390625 -0.5 -0.5 0.5 0.5 0.0 11.8828125 -5.87109375 22.39453125 24.578125 0.0 10.86328125 -5.50390625 41.4375 26.109375 20.124725341796875 10.1953125 5.18359375 26.9921875 26.30078125 0.0 10.58203125 5.26953125 31.71875 22.6640625 0.0 5.855316162109375
147.212 0.0078125 0.0 -0.0390625 -0.5 -0.5 0.5 0.5 -3.4376983642578125 11.3203125 -5.64453125 21.34765625 24.38671875 0.0 10.72265625 -5.51953125 22.7890625 25.7265625 128.65614318847656 11.00390625 5.4296875 19.11328125 26.875 0.0 11.1796875 5.5703125 19.11328125 24.00390625 0.0 5.8650970458984375
147.429 0.0078125 0.0 -0.0390625 -0.5 -0.5 0.5 0.5 -13.98297119140625 11.6015625 -5.8203125 13.859375 24.1953125 0.0 11.56640625 -5.94140625 15.3046875 26.68359375 179.3638153076172 11.42578125 5.67578125 12.28515625 26.4921875 0.0 11.63671875 5.76171875 13.07421875 24.00390625 0.0 5.845550537109375
147.619 0.0078125 0.0 -0.0390625 -0.5 -0.5 0.5 0.5 -49.21246337890625 11.84765625 -5.94140625 12.0234375 23.8125 0.0 12.26953125 -5.9609375 14.25390625 26.109375 212.13125610351562 11.7421875 5.88671875 8.609375 26.4921875 0.0 11.8125 5.88671875 11.49609375 24.38671875 0.0 5.845550537109375
147.813 0.0078125 0.0 -0.0390625 -0.5 -0.5 0.5 0.5 -10.81341552734375 12.0234375 -5.9765625 10.0546875 24.578125 0.0 12.1640625 -6.15234375 7.42578125 26.109375 222.80242919921875 11.84765625 5.97265625 6.90234375 26.4921875 0.0 11.70703125 5.921875 9.3984375 24.76953125 0.0 5.845550537109375
147.999 0.0078125 0.0 -0.0390625 -0.5 -0.5 0.5 0.5 29.603363037109375 12.0234375 -6.01171875 7.55859375 24.578125 0.0 12.41015625 -6.20703125 7.1640625 26.875 218.11984252929688 11.84765625 5.921875 7.42578125 26.68359375 0.0 11.8828125 5.90234375 8.73828125 24.1953125 0.0 5.8650970458984375
148.192 0.0078125 0.0 -0.0390625 -0.5 -0.5 0.5 0.5 -3.8645477294921875 12.12890625 -6.046875 7.03125 23.8125 0.0 12.375 -6.20703125 6.5078125 26.875 222.63450622558594 11.98828125 6.0078125 6.11328125 26.30078125 0.0 11.8828125 5.9375 7.953125 23.8125 0.0 5.845550537109375
148.381 0.0078125 0.0 -0.0390625 -0.5 -0.5 0.5 0.5 14.711395263671875 12.12890625 -6.03125 7.296875 24.00390625 0.0 12.41015625 -6.1875 6.24609375 26.875 238.6575469970703 12.05859375 5.9921875 6.90234375 26.30078125 0.0 11.8828125 5.9921875 7.1640625 24.1953125 0.0 5.855316162109375
148.561 0.0078125 0.0 -0.0390625 -0.5 -0.5 0.5 0.5 -64.45547485351562 11.07421875 -5.5546875 4.5390625 24.578125 0.0 11.07421875 -5.609375 4.27734375 26.68359375 208.4464111328125 10.828125 5.4453125 4.14453125 27.06640625 0.0 10.86328125 5.41015625 4.66796875 24.38671875 0.0 5.855316162109375
148.733 0.0078125 0.0 -0.0390625 -0.5 -0.5 0.5 0.5 29.906997680664062 11.00390625 -5.484375 4.40625 22.47265625 0.0 11.21484375 -5.58984375 4.40625 26.875 224.08963012695312 10.93359375 5.48046875 4.93359375 26.68359375 0.0 11.07421875 5.46484375 5.1953125 23.8125 0.0 5.81622314453125
148.913 0.0078125 0.0 -0.0390625 -0.5 -0.5 0.5 0.5 -11.623748779296875 11.1796875 -5.57421875 5.984375 24.578125 0.0 11.53125 -5.80078125 7.42578125 26.68359375 239.341796875 11.28515625 5.60546875 6.375 26.30078125 0.0 11.25 5.62109375 6.90234375 24.76953125 0.0 5.855316162109375
149.093 0.0078125 0.0 -0.0390625 -0.5 -0.5 0.5 0.5 -3.687103271484375 11.35546875 -5.66015625 6.24609375 24.578125 0.0 11.70703125 -5.8203125 7.8203125 26.68359375 191.33987426757812 11.3203125 5.60546875 5.984375 26.875 0.0 11.25 5.67578125 6.640625 24.578125 0.0 5.845550537109375
149.272 0.0078125 0.0 -0.0390625 -0.5 -0.5 0.5 0.5 -11.6199951171875 11.53125 -5.71484375 6.76953125 23.8125 0.0 11.84765625 -5.890625 6.90234375 26.68359375 220.75308227539062 11.4609375 5.67578125 5.71875 26.30078125 0.0 11.42578125 5.65625 6.5078125 24.00390625 0.0 5.8357696533203125
149.472 0.0078125 0.0 -0.0390625 -0.5 -0.5 0.5 0.5 2.992645263671875 11.6015625 -5.765625 5.984375 24.76953125 0.0 11.8125 -5.92578125 6.375 26.68359375 200.0416717529297 11.56640625 5.78125 5.58984375 26.68359375 0.0 11.49609375 5.796875 6.640625 24.578125 0.0 5.8748626708984375
149.661 0.0078125 0.0 -0.0390625 -0.5 -0.5 0.5 0.5 -11.850860595703125 11.53125 -5.78515625 6.24609375 24.1953125 0.0 11.8828125 -5.94140625 6.11328125 25.34375 237.8445281982422 11.49609375 5.7265625 6.11328125 26.30078125 0.0 11.53125 5.7109375 7.8203125 24.1953125 0.0 5.796661376953125
149.853 0.0078125 0.0 -0.0390625 -0.5 -0.5 0.5 0.5 55.1051025390625 11.63671875 -5.78515625 5.984375 23.62109375 0.0 11.91796875 -5.9609375 6.24609375 27.2578125 225.9621124267578 11.53125 5.796875 6.640625 26.68359375 0.0 11.671875 5.83203125 6.640625 24.578125 0.0 5.845550537109375
150.034 0.0078125 0.0 -0.0390625 0.0 0.0 -0.0 -0.0 -42.50749206542969 11.98828125 0.0 0.0 24.00390625 0.0 11.70703125 0.0 0.0 26.68359375 207.1756134033203 11.390625 0.0 0.0 26.4921875 0.0 11.390625 0.0 0.0 24.1953125 0.0 5.5816192626953125
