Timestamp Driver_Joy_Y Driver_Joy_X Driver_Joy_W FL_Out BL_Out BR_Out FR_Out FL_Jag_Speed FL_Bus_Voltage FL_Out_Voltage FL_Out_Current FL_Temp BL_Jag_Speed BL_Bus_Voltage BL_Out_Voltage BL_Out_Current BL_Temp BR_Jag_Speed BR_Bus_Voltage BR_Out_Voltage BR_Out_Current BR_Temp FR_Jag_Speed FR_Bus_Voltage FR_Out_Voltage FR_Out_Current FR_Temp
156.245 -0.0 0.0 0.0 0.0 0.0 0.0 0.0 0.0 12.796875 0.0 0.0 26.68359375 0.0 12.69140625 0.0 0.0 29.5546875 0.0 12.90234375 0.0 0.0 29.36328125 0.0 12.796875 0.0 0.0 26.68359375 0.0 5.845550537109375
156.408 -0.0 0.0 0.0 0.0 0.0 0.0 0.0 0.0 12.83203125 0.0 0.0 26.875 0.0 12.62109375 0.0 0.0 29.74609375 0.0 12.8671875 0.0 0.0 30.12890625 0.0 12.83203125 0.0 0.0 27.2578125 0.0 5.8357696533203125
156.569 -0.0 0.0 0.0 0.0 0.0 0.0 0.0 0.0 12.83203125 0.0 0.0 26.109375 0.0 12.69140625 0.0 0.0 29.171875 0.0 12.8671875 0.0 0.0 29.36328125 0.0 12.83203125 0.0 0.0 27.2578125 0.0 5.8357696533203125
156.729 -0.0 0.0 0.0 0.0 0.0 0.0 0.0 0.0 12.796875 0.0 0.0 26.875 0.0 12.69140625 0.0 0.0 28.7890625 0.0 12.83203125 0.0 0.0 29.5546875 0.0 12.76171875 0.0 0.0 26.875 0.0 5.8357696533203125
156.896 -0.0 0.0 0.0 0.0 0.0 0.0 0.0 0.0 12.76171875 0.0 0.0 26.4921875 0.0 12.65625 0.0 0.0 29.5546875 0.0 12.8671875 0.0 0.0 29.36328125 0.0 12.76171875 0.0 0.0 26.875 0.0 5.8357696533203125
157.067 -0.0 0.0 0.0 0.0 0.0 0.0 0.0 0.0 12.76171875 0.0 0.0 26.30078125 0.0 12.69140625 0.0 0.0 29.5546875 0.0 12.83203125 0.0 0.0 28.98046875 0.0 12.83203125 0.0 0.0 26.875 0.0 5.845550537109375
157.237 -0.0 0.0 0.0 0.0 0.0 0.0 0.0 0.0 12.796875 0.0 0.0 25.7265625 0.0 12.62109375 0.0 0.0 29.5546875 0.0 12.83203125 0.0 0.0 29.171875 0.0 12.796875 0.0 0.0 27.06640625 0.0 5.845550537109375
157.397 -0.0 0.0 0.0 0.0 0.0 0.0 0.0 0.0 12.76171875 0.0 0.0 26.4921875 0.0 12.65625 0.0 0.0 29.5546875 0.0 12.8671875 0.0 0.0 29.36328125 0.0 12.7265625 0.0 0.0 27.06640625 0.0 5.8357696533203125
157.557 -0.0 0.0 0.0 0.0 0.0 0.0 0.0 0.0 12.76171875 0.0 0.0 26.109375 0.0 12.65625 0.0 0.0 28.21484375 0.0 12.83203125 0.0 0.0 29.171875 0.0 12.76171875 0.0 0.0 27.640625 0.0 5.8357696533203125
157.731 -0.0 0.0 0.0 0.0 0.0 0.0 0.0 0.0 12.76171875 0.0 0.0 26.68359375 0.0 12.65625 0.0 0.0 28.7890625 0.0 12.796875 0.0 0.0 29.171875 0.0 12.76171875 0.0 0.0 27.2578125 0.0 5.8357696533203125
157.9 -0.0 0.0 0.0 -0.5 -0.5 0.5 0.5 0.0 11.84765625 -5.90625 22.52734375 26.4921875 0.0 10.93359375 -5.46875 36.578125 28.98046875 21.010238647460938 10.4765625 5.3046875 21.21484375 29.171875 0.0 10.6171875 5.3046875 33.953125 25.34375 0.0 5.8357696533203125
158.085 -0.0 0.0 0.0 -0.5 -0.5 0.5 0.5 0.0 11.3203125 -5.64453125 20.03125 26.68359375 0.0 11.21484375 -5.80078125 16.6171875 28.98046875 130.18272399902344 11.28515625 5.62109375 16.35546875 29.36328125 0.0 11.21484375 5.60546875 17.2734375 26.30078125 0.0 5.8357696533203125
158.29 -0.0 0.0 0.0 -0.5 -0.5 0.5 0.5 -36.92131042480469 11.70703125 -5.90625 13.46875 26.30078125 0.0 11.84765625 -5.8359375 14.78125 29.171875 193.48011779785156 11.4609375 5.796875 12.94140625 28.7890625 0.0 11.63671875 5.83203125 12.546875 26.68359375 0.0 5.82598876953125
158.459 -0.0 0.0 0.0 -0.5 -0.5 0.5 0.5 -47.18951416015625 11.98828125 -5.9765625 10.83984375 26.30078125 0.0 11.953125 -5.8359375 14.25390625 29.36328125 196.57025146484375 11.77734375 5.8515625 11.76171875 29.171875 0.0 11.70703125 5.88671875 10.0546875 26.875 0.0 5.855316162109375
158.652 -0.0 0.0 0.0 -0.5 -0.5 0.5 0.5 13.412261962890625 11.98828125 -6.046875 9.52734375 26.4921875 0.0 12.0234375 -6.03125 11.76171875 29.171875 220.76577758789062 11.8828125 5.9375 9.66015625 28.98046875 0.0 11.84765625 5.95703125 8.4765625 26.109375 0.0 5.8357696533203125
158.84 -0.0 0.0 0.0 -0.5 -0.5 0.5 0.5 -11.112747192382812 12.0234375 -6.06640625 8.08203125 26.875 0.0 12.12890625 -6.046875 11.62890625 29.171875 219.00306701660156 11.98828125 6.02734375 8.21484375 29.171875 0.0 11.8828125 5.9921875 7.8203125 27.2578125 0.0 5.8357696533203125
159.032 -0.0 0.0 0.0 -0.5 -0.5 0.5 0.5 59.57460021972656 12.12890625 -6.08203125 7.03125 26.68359375 0.0 12.375 -6.13671875 8.08203125 29.36328125 234.23202514648438 11.98828125 5.9921875 7.1640625 29.5546875 0.0 11.91796875 5.9921875 8.21484375 27.06640625 0.0 5.8064422607421875
159.212 -0.0 0.0 0.0 -0.5 -0.5 0.5 0.5 -11.630096435546875 12.1640625 -6.1015625 7.42578125 26.30078125 0.0 12.375 -6.20703125 6.90234375 29.171875 222.15792846679688 12.09375 6.02734375 6.640625 29.36328125 0.0 12.05859375 5.9921875 7.03125 26.68359375 0.0 5.7771148681640625
159.391 -0.0 0.0 0.0 -0.5 -0.5 0.5 0.5 16.072113037109375 11.8828125 -6.1015625 6.640625 26.4921875 0.0 12.3046875 -6.20703125 7.55859375 28.7890625 242.47015380859375 12.19921875 6.0625 6.76953125 28.98046875 0.0 12.09375 6.078125 6.5078125 26.4921875 0.0 5.8064422607421875
159.568 -0.0 0.0 0.0 -0.5 -0.5 0.5 0.5 -12.613571166992188 12.234375 -6.1015625 7.03125 26.30078125 0.0 12.3046875 -6.1875 7.1640625 28.7890625 258.2727966308594 12.09375 5.9921875 7.296875 29.36328125 0.0 12.19921875 6.09765625 5.984375 27.06640625 0.0 5.82598876953125
159.746 -0.0 0.0 0.0 -0.5 -0.5 0.5 0.5 16.137557983398438 12.19921875 -6.1015625 6.375 25.34375 0.0 12.33984375 -6.20703125 6.24609375 28.98046875 244.7730712890625 12.09375 6.078125 6.640625 29.171875 0.0 12.0234375 6.0625 6.5078125 26.875 0.0 5.913970947265625
159.946 -0.0 0.0 0.0 -0.5 -0.5 0.5 0.5 -12.377349853515625 12.19921875 -6.1171875 6.11328125 27.2578125 0.0 12.375 -6.1875 7.69140625 28.7890625 248.19027709960938 12.05859375 6.0078125 6.24609375 29.171875 0.0 12.12890625 6.04296875 7.03125 26.875 0.0 5.8650970458984375
160.132 -0.0 0.0 0.0 -0.5 -0.5 0.5 0.5 14.9599609375 12.234375 -6.1015625 6.11328125 26.30078125 0.0 12.375 -6.20703125 5.984375 29.9375 234.30348205566406 12.12890625 6.09765625 5.984375 29.36328125 0.0 12.09375 6.04296875 5.8515625 27.2578125 0.0 5.845550537109375
160.313 -0.0 0.0 0.0 -0.5 -0.5 0.5 0.5 -40.7064208984375 12.234375 -6.15234375 5.58984375 26.68359375 0.0 12.375 -6.1875 7.42578125 29.171875 259.6699981689453 12.19921875 6.02734375 6.5078125 29.36328125 0.0 12.12890625 6.02734375 6.5078125 27.2578125 0.0 5.82598876953125
160.512 -0.0 0.0 0.0 -0.5 -0.5 0.5 0.5 120.82310485839844 12.19921875 -6.1015625 6.375 25.7265625 0.0 12.33984375 -6.171875 6.90234375 28.59765625 235.95919799804688 12.12890625 6.11328125 6.5078125 28.98046875 0.0 12.1640625 6.11328125 6.375 26.875 0.0 5.81622314453125
160.68 -0.0 0.0 0.0 0.0 0.0 -0.0 -0.0 5.456512451171875 12.515625 0.0 0.0 26.4921875 0.0 12.3046875 0.0 0.0 29.5546875 193.7534637451172 12.09375 0.0 0.0 29.171875 0.0 12.26953125 0.0 0.0 26.4921875 0.0 5.601165771484375
