Timestamp Driver_Joy_Y Driver_Joy_X Driver_Joy_W FL_Out BL_Out BR_Out FR_Out FL_Jag_Speed FL_Bus_Voltage FL_Out_Voltage FL_Out_Current FL_Temp BL_Jag_Speed BL_Bus_Voltage BL_Out_Voltage BL_Out_Current BL_Temp BR_Jag_Speed BR_Bus_Voltage BR_Out_Voltage BR_Out_Current BR_Temp FR_Jag_Speed FR_Bus_Voltage FR_Out_Voltage FR_Out_Current FR_Temp
230.21 -0.0 0.0 0.0 0.0 0.0 0.0 0.0 0.0 12.515625 0.0 0.0 28.7890625 0.0 12.375 0.0 0.0 31.8515625 0.0 12.55078125 0.0 0.0 31.46875 0.0 12.48046875 0.0 0.0 29.9375 0.0 5.8748626708984375
230.371 -0.0 0.0 0.0 0.0 0.0 0.0 0.0 0.0 12.515625 0.0 0.0 28.40625 0.0 12.41015625 0.0 0.0 32.234375 0.0 12.48046875 0.0 0.0 31.27734375 0.0 12.515625 0.0 0.0 30.12890625 0.0 5.8748626708984375
230.53 -0.0 0.0 0.0 0.0 0.0 0.0 0.0 0.0 12.48046875 0.0 0.0 28.0234375 0.0 12.33984375 0.0 0.0 31.8515625 0.0 12.55078125 0.0 0.0 31.27734375 0.0 12.48046875 0.0 0.0 29.36328125 0.0 5.8650970458984375
230.696 -0.0 0.0 0.0 0.0 0.0 0.0 0.0 0.0 12.41015625 0.0 0.0 29.36328125 0.0 12.41015625 0.0 0.0 32.04296875 0.0 12.5859375 0.0 0.0 31.27734375 0.0 12.515625 0.0 0.0 29.74609375 0.0 5.8650970458984375
230.868 -0.0 0.0 0.0 0.0 0.0 0.0 0.0 0.0 12.4453125 0.0 0.0 28.7890625 0.0 12.3046875 0.0 0.0 32.04296875 0.0 12.48046875 0.0 0.0 31.0859375 0.0 12.48046875 0.0 0.0 29.9375 0.0 5.8748626708984375
231.03 -0.0 0.0 0.0 0.0 0.0 0.0 0.0 0.0 12.48046875 0.0 0.0 28.59765625 0.0 12.33984375 0.0 0.0 32.04296875 0.0 12.55078125 0.0 0.0 31.0859375 0.0 12.515625 0.0 0.0 29.36328125 0.0 5.8650970458984375
231.189 -0.0 0.0 0.0 0.0 0.0 0.0 0.0 0.0 12.4453125 0.0 0.0 29.171875 0.0 12.33984375 0.0 0.0 31.8515625 0.0 12.515625 0.0 0.0 31.27734375 0.0 12.4453125 0.0 0.0 29.74609375 0.0 5.8748626708984375
231.351 -0.0 0.0 0.0 0.0 0.0 0.0 0.0 0.0 12.48046875 0.0 0.0 29.171875 0.0 12.33984375 0.0 0.0 31.66015625 0.0 12.515625 0.0 0.0 31.0859375 0.0 12.48046875 0.0 0.0 29.5546875 0.0 5.8650970458984375
231.517 -0.0 0.0 0.0 0.0 0.0 0.0 0.0 0.0 12.48046875 0.0 0.0 27.44921875 0.0 12.375 0.0 0.0 31.8515625 0.0 12.48046875 0.0 0.0 31.27734375 0.0 12.4453125 0.0 0.0 29.9375 0.0 5.8650970458984375
231.691 -0.0 0.0 0.0 0.0 0.0 0.0 0.0 0.0 12.48046875 0.0 0.0 28.21484375 0.0 12.375 0.0 0.0 31.66015625 0.0 12.48046875 0.0 0.0 30.703125 0.0 12.4453125 0.0 0.0 29.36328125 0.0 5.8650970458984375
231.867 -0.0 0.0 0.0 -0.5 -0.5 0.5 0.5 0.0 11.49609375 -5.71484375 28.4375 27.640625 0.0 10.58203125 -5.16796875 27.25390625 31.8515625 57.80259704589844 9.80859375 4.8671875 28.69921875 30.89453125 0.0 10.08984375 5.05859375 34.609375 28.59765625 0.0 5.8650970458984375
232.068 -0.0 0.0 0.0 -0.5 -0.5 0.5 0.5 -31.523727416992188 10.86328125 -5.43359375 27.125 28.21484375 0.0 10.6171875 -5.37890625 19.11328125 31.0859375 143.16070556640625 10.79296875 5.33984375 17.40625 30.89453125 0.0 10.7578125 5.39453125 21.4765625 29.171875 0.0 5.8650970458984375
232.25 -0.0 0.0 0.0 -0.5 -0.5 0.5 0.5 42.43141174316406 11.25 -5.66015625 18.32421875 28.0234375 0.0 10.86328125 -5.51953125 15.04296875 31.66015625 183.01400756835938 11.00390625 5.5703125 13.59765625 30.703125 0.0 11.14453125 5.55078125 16.8828125 29.171875 0.0 5.8748626708984375
232.419 -0.0 0.0 0.0 -0.5 -0.5 0.5 0.5 -10.915298461914062 11.49609375 -5.765625 12.6796875 28.0234375 0.0 11.35546875 -5.765625 11.62890625 31.8515625 207.72476196289062 11.42578125 5.7109375 11.62890625 31.0859375 0.0 11.56640625 5.69140625 12.28515625 29.171875 0.0 5.845550537109375
232.593 -0.0 0.0 0.0 -0.5 -0.5 0.5 0.5 -18.074996948242188 11.63671875 -5.8203125 13.07421875 28.0234375 0.0 11.70703125 -5.8359375 9.921875 32.04296875 229.5277862548828 11.63671875 5.81640625 8.609375 31.0859375 0.0 11.53125 5.83203125 10.4453125 29.5546875 0.0 5.9237518310546875
232.78 -0.0 0.0 0.0 -0.5 -0.5 0.5 0.5 -45.84855651855469 11.8125 -5.92578125 10.4453125 27.83203125 0.0 11.8125 -5.92578125 7.42578125 31.46875 247.15194702148438 11.7421875 5.83203125 8.21484375 30.89453125 0.0 11.63671875 5.8515625 7.953125 29.36328125 0.0 5.8944244384765625
232.967 -0.0 0.0 0.0 -0.5 -0.5 0.5 0.5 14.182144165039062 11.8828125 -5.92578125 8.73828125 28.21484375 0.0 11.84765625 -5.9609375 7.1640625 31.8515625 252.0181121826172 11.84765625 5.8671875 6.90234375 31.27734375 0.0 11.671875 5.81640625 8.73828125 29.5546875 0.0 5.9041900634765625
233.172 -0.0 0.0 0.0 -0.5 -0.5 0.5 0.5 -15.24310302734375 11.953125 -5.92578125 7.953125 28.7890625 0.0 11.91796875 -5.9609375 6.640625 31.8515625 268.1938781738281 11.84765625 5.90234375 5.58984375 30.89453125 0.0 11.8125 5.90234375 8.73828125 29.36328125 0.0 5.8944244384765625
233.361 -0.0 0.0 0.0 -0.5 -0.5 0.5 0.5 66.46702575683594 10.8984375 -5.3984375 4.5390625 28.40625 0.0 10.86328125 -5.37890625 3.6171875 32.6171875 268.77581787109375 10.79296875 5.39453125 3.48828125 30.89453125 0.0 10.6875 5.3046875 5.8515625 29.171875 0.0 5.855316162109375
233.539 -0.0 0.0 0.0 -0.5 -0.5 0.5 0.5 -12.816909790039062 10.72265625 -5.3984375 4.66796875 27.83203125 0.0 10.828125 -5.484375 4.5390625 32.04296875 226.68240356445312 10.72265625 5.46484375 4.14453125 30.703125 0.0 10.72265625 5.33984375 7.296875 29.74609375 0.0 5.8944244384765625
233.713 -0.0 0.0 0.0 -0.5 -0.5 0.5 0.5 65.34501647949219 10.93359375 -5.43359375 6.640625 28.59765625 0.0 11.0390625 -5.5390625 5.45703125 32.234375 223.6328582763672 11.00390625 5.53515625 4.93359375 30.89453125 0.0 10.86328125 5.5 7.42578125 29.74609375 0.0 5.8748626708984375
233.879 -0.0 0.0 0.0 -0.5 -0.5 0.5 0.5 -14.323486328125 11.109375 -5.51953125 8.4765625 28.59765625 0.0 11.35546875 -5.64453125 5.58984375 32.04296875 240.6618194580078 11.109375 5.5859375 5.8515625 31.0859375 0.0 11.1796875 5.55078125 7.03125 29.74609375 0.0 5.855316162109375
234.067 -0.0 0.0 0.0 -0.5 -0.5 0.5 0.5 61.287017822265625 11.35546875 -5.6796875 7.03125 28.7890625 0.0 11.4609375 -5.71484375 5.71875 31.8515625 246.91357421875 11.390625 5.65625 6.11328125 30.89453125 0.0 11.14453125 5.5703125 8.34765625 29.5546875 0.0 5.913970947265625
234.266 -0.0 0.0 0.0 -0.5 -0.5 0.5 0.5 -12.5714111328125 11.53125 -5.73046875 6.24609375 27.640625 0.0 11.49609375 -5.71484375 6.375 31.8515625 254.81088256835938 11.49609375 5.65625 7.296875 30.703125 0.0 11.28515625 5.640625 7.03125 29.74609375 0.0 5.8748626708984375
234.454 -0.0 0.0 0.0 -0.5 -0.5 0.5 0.5 -31.687606811523438 11.42578125 -5.75 6.640625 28.59765625 0.0 11.4609375 -5.78515625 6.76953125 31.8515625 227.94729614257812 11.3203125 5.640625 7.8203125 30.89453125 0.0 11.21484375 5.65625 8.4765625 29.36328125 0.0 5.855316162109375
234.653 -0.0 0.0 0.0 -0.5 -0.5 0.5 0.5 -78.35774230957031 11.53125 -5.78515625 7.03125 28.7890625 0.0 11.53125 -5.8203125 7.1640625 31.46875 233.2644805908203 11.390625 5.81640625 6.11328125 31.0859375 0.0 11.4609375 5.7265625 7.69140625 29.5546875 0.0 5.8650970458984375
234.849 -0.0 0.0 0.0 0.0 0.0 -0.0 -0.0 -5.633148193359375 11.84765625 0.0 0.0 28.0234375 0.0 11.56640625 0.0 0.0 31.46875 227.09799194335938 11.3203125 0.0 0.0 31.27734375 0.0 11.0390625 0.0 0.0 29.74609375 0.0 5.5913848876953125
