Timestamp Driver_Joy_Y Driver_Joy_X Driver_Joy_W FL_Out BL_Out BR_Out FR_Out FL_Jag_Speed FL_Bus_Voltage FL_Out_Voltage FL_Out_Current FL_Temp BL_Jag_Speed BL_Bus_Voltage BL_Out_Voltage BL_Out_Current BL_Temp BR_Jag_Speed BR_Bus_Voltage BR_Out_Voltage BR_Out_Current BR_Temp FR_Jag_Speed FR_Bus_Voltage FR_Out_Voltage FR_Out_Current FR_Temp
211.537 -0.0 0.0 -0.0234375 0.0 0.0 0.0 0.0 0.0 12.7265625 0.0 0.0 28.0234375 0.0 12.62109375 0.0 0.0 30.703125 0.0 12.76171875 0.0 0.0 30.703125 0.0 12.76171875 0.0 0.0 28.0234375 0.0 5.8357696533203125
211.702 -0.0 0.0 -0.0234375 0.0 0.0 0.0 0.0 0.0 12.76171875 0.0 0.0 27.2578125 0.0 12.62109375 0.0 0.0 30.3203125 0.0 12.7265625 0.0 0.0 30.51171875 0.0 12.7265625 0.0 0.0 28.21484375 0.0 5.8357696533203125
211.862 -0.0 0.0 -0.0234375 0.0 0.0 0.0 0.0 0.0 12.62109375 0.0 0.0 27.83203125 0.0 12.55078125 0.0 0.0 30.51171875 0.0 12.7265625 0.0 0.0 30.703125 0.0 12.69140625 0.0 0.0 28.7890625 0.0 5.845550537109375
212.018 -0.0 0.0 -0.0234375 0.0 0.0 0.0 0.0 0.0 12.69140625 0.0 0.0 28.0234375 0.0 12.5859375 0.0 0.0 30.89453125 0.0 12.7265625 0.0 0.0 30.3203125 0.0 12.7265625 0.0 0.0 27.640625 0.0 5.845550537109375
212.178 -0.0 0.0 -0.0234375 0.0 0.0 0.0 0.0 0.0 12.69140625 0.0 0.0 28.0234375 0.0 12.5859375 0.0 0.0 30.89453125 0.0 12.76171875 0.0 0.0 30.51171875 0.0 12.65625 0.0 0.0 28.0234375 0.0 5.8357696533203125
212.337 -0.0 0.0 -0.0234375 0.0 0.0 0.0 0.0 0.0 12.7265625 0.0 0.0 27.640625 0.0 12.515625 0.0 0.0 30.3203125 0.0 12.7265625 0.0 0.0 30.703125 0.0 12.69140625 0.0 0.0 27.640625 0.0 5.8357696533203125
212.507 -0.0 0.0 -0.0234375 0.0 0.0 0.0 0.0 0.0 12.65625 0.0 0.0 27.83203125 0.0 12.515625 0.0 0.0 30.3203125 0.0 12.7265625 0.0 0.0 30.3203125 0.0 12.62109375 0.0 0.0 27.2578125 0.0 5.8357696533203125
212.661 -0.0 0.0 -0.0234375 0.0 0.0 0.0 0.0 0.0 12.62109375 0.0 0.0 28.0234375 0.0 12.5859375 0.0 0.0 30.703125 0.0 12.76171875 0.0 0.0 30.3203125 0.0 12.69140625 0.0 0.0 27.83203125 0.0 5.8357696533203125
212.817 -0.0 0.0 -0.0234375 0.0 0.0 0.0 0.0 0.0 12.65625 0.0 0.0 27.83203125 0.0 12.55078125 0.0 0.0 30.89453125 0.0 12.7265625 0.0 0.0 30.3203125 0.0 12.65625 0.0 0.0 28.0234375 0.0 5.8357696533203125
212.965 -0.0 0.0 -0.0234375 0.0 0.0 0.0 0.0 0.0 12.65625 0.0 0.0 28.40625 0.0 12.55078125 0.0 0.0 30.3203125 0.0 12.69140625 0.0 0.0 29.9375 0.0 12.62109375 0.0 0.0 28.21484375 0.0 5.8357696533203125
213.131 -0.0 0.0 -0.0234375 -0.5 -0.5 0.5 0.5 0.0 11.28515625 -5.50390625 36.4453125 28.0234375 0.0 10.79296875 -5.34375 26.859375 29.5546875 76.85993957519531 10.08984375 5.19921875 21.609375 30.703125 0.0 10.30078125 5.21875 32.24609375 26.4921875 0.0 5.8357696533203125
213.33 -0.0 0.0 -0.0234375 -0.5 -0.5 0.5 0.5 -8.143630981445312 10.93359375 -5.5546875 26.07421875 27.640625 0.0 10.96875 -5.51953125 15.69921875 29.9375 159.03912353515625 10.828125 5.48046875 17.93359375 29.9375 0.0 11.07421875 5.53515625 19.90234375 27.640625 0.0 5.8357696533203125
213.537 -0.0 0.0 -0.0234375 -0.5 -0.5 0.5 0.5 -44.89390563964844 11.49609375 -5.80078125 15.83203125 28.21484375 0.0 11.56640625 -5.73046875 13.3359375 30.12890625 199.9062957763672 11.25 5.62109375 15.3046875 30.51171875 0.0 11.21484375 5.7265625 13.203125 27.44921875 0.0 5.845550537109375
213.718 -0.0 0.0 -0.0234375 -0.5 -0.5 0.5 0.5 27.504989624023438 11.63671875 -5.80078125 13.203125 28.0234375 0.0 11.8125 -5.890625 11.3671875 30.3203125 212.71881103515625 11.390625 5.76171875 10.83984375 29.74609375 0.0 11.671875 5.83203125 10.578125 27.83203125 0.0 5.81622314453125
213.904 -0.0 0.0 -0.0234375 -0.5 -0.5 0.5 0.5 -11.542037963867188 11.8828125 -5.9765625 9.7890625 27.640625 0.0 11.91796875 -6.01171875 7.8203125 31.0859375 245.32037353515625 11.7421875 5.8515625 8.08203125 30.51171875 0.0 11.70703125 5.8515625 11.3671875 27.44921875 0.0 5.8357696533203125
214.104 -0.0 0.0 -0.0234375 -0.5 -0.5 0.5 0.5 58.96806335449219 11.91796875 -5.99609375 10.0546875 27.83203125 0.0 12.05859375 -6.06640625 6.5078125 30.3203125 269.5115051269531 11.91796875 5.8671875 8.08203125 30.12890625 0.0 11.8125 5.90234375 8.21484375 27.640625 0.0 5.8064422607421875
214.283 -0.0 0.0 -0.0234375 -0.5 -0.5 0.5 0.5 -59.48968505859375 11.98828125 -6.03125 7.296875 27.44921875 0.0 12.1640625 -6.046875 7.296875 30.3203125 246.6439666748047 11.8828125 5.9921875 6.24609375 30.3203125 0.0 11.91796875 5.90234375 9.1328125 27.44921875 0.0 5.82598876953125
214.47 -0.0 0.0 -0.0234375 -0.5 -0.5 0.5 0.5 -121.91250610351562 11.98828125 -6.01171875 8.4765625 27.83203125 0.0 12.19921875 -6.1015625 5.984375 30.12890625 289.8550720214844 11.98828125 5.97265625 6.24609375 30.3203125 0.0 11.953125 5.90234375 7.8203125 27.44921875 0.0 5.8650970458984375
214.651 -0.0 0.0 -0.0234375 -0.5 -0.5 0.5 0.5 -22.026809692382812 12.05859375 -5.50390625 3.09375 27.83203125 0.0 10.93359375 -5.43359375 3.48828125 30.703125 272.12811279296875 10.8984375 5.4296875 3.35546875 30.12890625 0.0 10.6875 5.375 4.5390625 27.640625 0.0 5.845550537109375
214.821 -0.0 0.0 -0.0234375 -0.5 -0.5 0.5 0.5 -60.39540100097656 10.828125 -5.44921875 4.80078125 28.0234375 0.0 11.0390625 -5.51953125 3.09375 29.74609375 269.5682678222656 11.07421875 5.48046875 4.5390625 29.74609375 0.0 10.86328125 5.53515625 5.32421875 27.2578125 0.0 5.82598876953125
214.997 -0.0 0.0 -0.0234375 -0.5 -0.5 0.5 0.5 -20.164138793945312 11.1796875 -5.609375 7.42578125 27.2578125 0.0 11.49609375 -5.71484375 5.32421875 30.12890625 233.08041381835938 11.14453125 5.55078125 5.71875 30.12890625 0.0 11.14453125 5.640625 7.1640625 27.2578125 0.0 5.845550537109375
215.181 -0.0 0.0 -0.0234375 -0.5 -0.5 0.5 0.5 35.459686279296875 11.390625 -5.6796875 8.34765625 28.40625 0.0 11.56640625 -5.8203125 5.45703125 29.9375 266.9447326660156 11.390625 5.60546875 6.76953125 30.3203125 0.0 11.35546875 5.7109375 7.55859375 27.640625 0.0 5.796661376953125
215.351 -0.0 0.0 -0.0234375 -0.5 -0.5 0.5 0.5 -14.563873291015625 11.4609375 -5.6796875 8.08203125 28.0234375 0.0 11.70703125 -5.8203125 5.32421875 30.703125 236.06072998046875 11.56640625 5.74609375 5.984375 30.3203125 0.0 11.49609375 5.7109375 7.69140625 27.06640625 0.0 5.81622314453125
215.531 -0.0 0.0 -0.0234375 -0.5 -0.5 0.5 0.5 -15.936660766601562 11.56640625 -5.75 7.8203125 28.0234375 0.0 11.70703125 -5.890625 6.5078125 30.12890625 275.22935485839844 11.53125 5.796875 4.93359375 29.74609375 0.0 11.53125 5.76171875 6.76953125 27.83203125 0.0 5.845550537109375
215.723 -0.0 0.0 -0.0234375 -0.5 -0.5 0.5 0.5 66.75010681152344 11.56640625 -5.8203125 7.296875 27.83203125 0.0 11.84765625 -5.90625 5.1953125 30.3203125 238.77626037597656 11.4609375 5.78125 6.375 29.5546875 0.0 11.35546875 5.7109375 7.8203125 27.640625 0.0 5.81622314453125
215.917 -0.0 0.0 -0.0234375 -0.5 -0.5 0.5 0.5 -6.830474853515625 11.6015625 -5.78515625 8.609375 27.06640625 0.0 11.77734375 -5.94140625 5.1953125 30.3203125 266.9818572998047 11.7421875 5.796875 7.296875 29.36328125 0.0 11.671875 5.81640625 8.08203125 27.2578125 0.0 5.796661376953125
216.103 -0.0 0.0 -0.0234375 0.0 0.0 -0.0 -0.0 45.06407165527344 11.98828125 0.0 0.0 27.44921875 0.0 11.7421875 0.0 0.0 29.9375 209.6413116455078 11.4609375 0.0 0.0 29.74609375 0.0 11.3203125 0.0 0.0 27.83203125 0.0 5.5816192626953125
