Timestamp Driver_Joy_Y Driver_Joy_X Driver_Joy_W FL_Out BL_Out BR_Out FR_Out FL_Jag_Speed FL_Bus_Voltage FL_Out_Voltage FL_Out_Current FL_Temp BL_Jag_Speed BL_Bus_Voltage BL_Out_Voltage BL_Out_Current BL_Temp BR_Jag_Speed BR_Bus_Voltage BR_Out_Voltage BR_Out_Current BR_Temp FR_Jag_Speed FR_Bus_Voltage FR_Out_Voltage FR_Out_Current FR_Temp
193.015 -0.0 0.0 0.031496062992125984 0.0 0.0 0.0 0.0 0.0 12.69140625 0.0 0.0 25.7265625 0.0 12.62109375 0.0 0.0 28.40625 0.0 12.76171875 0.0 0.0 28.21484375 0.0 12.7265625 0.0 0.0 26.30078125 0.0 5.786895751953125
193.185 -0.0 0.0 0.031496062992125984 0.0 0.0 0.0 0.0 0.0 12.69140625 0.0 0.0 24.76953125 0.0 12.5859375 0.0 0.0 29.171875 0.0 12.76171875 0.0 0.0 28.59765625 0.0 12.7265625 0.0 0.0 25.7265625 0.0 5.8064422607421875
193.343 -0.0 0.0 0.031496062992125984 0.0 0.0 0.0 0.0 0.0 12.7265625 0.0 0.0 25.91796875 0.0 12.5859375 0.0 0.0 29.171875 0.0 12.76171875 0.0 0.0 28.59765625 0.0 12.7265625 0.0 0.0 26.875 0.0 5.796661376953125
193.501 -0.0 0.0 0.031496062992125984 0.0 0.0 0.0 0.0 0.0 12.69140625 0.0 0.0 25.7265625 0.0 12.5859375 0.0 0.0 28.21484375 0.0 12.796875 0.0 0.0 27.83203125 0.0 12.7265625 0.0 0.0 26.30078125 0.0 5.796661376953125
193.661 -0.0 0.0 0.031496062992125984 0.0 0.0 0.0 0.0 0.0 12.69140625 0.0 0.0 26.30078125 0.0 12.5859375 0.0 0.0 28.40625 0.0 12.76171875 0.0 0.0 28.7890625 0.0 12.7265625 0.0 0.0 26.109375 0.0 5.786895751953125
193.82 -0.0 0.0 0.031496062992125984 0.0 0.0 0.0 0.0 0.0 12.69140625 0.0 0.0 25.7265625 0.0 12.5859375 0.0 0.0 27.83203125 0.0 12.796875 0.0 0.0 28.21484375 0.0 12.7265625 0.0 0.0 26.68359375 0.0 5.796661376953125
193.974 -0.0 0.0 0.031496062992125984 0.0 0.0 0.0 0.0 0.0 12.7265625 0.0 0.0 25.53515625 0.0 12.5859375 0.0 0.0 28.7890625 0.0 12.76171875 0.0 0.0 28.7890625 0.0 12.7265625 0.0 0.0 25.91796875 0.0 5.796661376953125
194.131 -0.0 0.0 0.031496062992125984 0.0 0.0 0.0 0.0 0.0 12.7265625 0.0 0.0 25.34375 0.0 12.5859375 0.0 0.0 29.171875 0.0 12.796875 0.0 0.0 28.59765625 0.0 12.7265625 0.0 0.0 26.30078125 0.0 5.8064422607421875
194.285 -0.0 0.0 0.031496062992125984 0.0 0.0 0.0 0.0 0.0 12.7265625 0.0 0.0 24.9609375 0.0 12.62109375 0.0 0.0 28.7890625 0.0 12.76171875 0.0 0.0 28.21484375 0.0 12.7265625 0.0 0.0 26.109375 0.0 5.796661376953125
194.441 -0.0 0.0 0.031496062992125984 0.0 0.0 0.0 0.0 0.0 12.7265625 0.0 0.0 25.91796875 0.0 12.62109375 0.0 0.0 27.640625 204.7781524658203 12.76171875 0.0 0.0 28.40625 0.0 12.7265625 0.0 0.0 26.30078125 0.0 5.796661376953125
194.607 -0.0 0.0 0.031496062992125984 -0.5 -0.5 0.5 0.5 -6.856964111328125 11.91796875 -6.03125 16.09375 25.34375 0.0 12.12890625 -5.94140625 14.38671875 27.640625 236.861572265625 12.0234375 6.0078125 6.5078125 28.40625 0.0 12.09375 6.078125 3.48828125 25.53515625 0.0 5.796661376953125
194.803 -0.0 0.0 0.031496062992125984 -0.5 -0.5 0.5 0.5 39.98167419433594 12.12890625 -6.06640625 12.94140625 25.34375 0.0 12.26953125 -6.046875 12.546875 28.98046875 221.03262329101562 12.19921875 6.078125 4.93359375 28.59765625 0.0 12.33984375 6.1328125 2.04296875 25.7265625 0.0 5.786895751953125
195.005 -0.0 0.0 0.031496062992125984 -0.5 -0.5 0.5 0.5 19.941848754882812 12.19921875 -6.1015625 9.921875 24.9609375 0.0 12.515625 -6.2578125 4.93359375 27.640625 291.9486083984375 12.19921875 6.1328125 3.48828125 28.21484375 0.0 12.33984375 6.1328125 1.25390625 25.53515625 0.0 5.81622314453125
195.193 -0.0 0.0 0.031496062992125984 -0.5 -0.5 0.5 0.5 -17.471527099609375 12.26953125 -6.13671875 9.7890625 25.7265625 0.0 12.55078125 -6.2421875 5.984375 28.40625 287.124267578125 12.33984375 6.16796875 2.3046875 28.21484375 0.0 12.48046875 6.25390625 0.0 26.875 0.0 5.81622314453125
195.383 -0.0 0.0 0.031496062992125984 -0.5 -0.5 0.5 0.5 14.414413452148438 12.3046875 -6.171875 8.609375 25.7265625 0.0 12.515625 -6.2578125 4.40625 29.171875 282.6230926513672 12.5859375 6.21875 1.38671875 28.21484375 0.0 12.55078125 6.2890625 0.0 25.91796875 0.0 5.796661376953125
195.573 -0.0 0.0 0.031496062992125984 -0.5 -0.5 0.5 0.5 -15.00732421875 12.41015625 -6.20703125 8.34765625 25.7265625 0.0 12.55078125 -6.2421875 2.83203125 28.0234375 311.71360778808594 12.65625 6.30859375 0.0 28.40625 0.0 12.55078125 6.2890625 0.0 25.7265625 0.0 5.845550537109375
195.774 -0.0 0.0 0.031496062992125984 -0.5 -0.5 0.5 0.5 67.46665954589844 12.41015625 -6.22265625 7.296875 25.15234375 0.0 12.5859375 -6.22265625 2.9609375 28.59765625 319.2019805908203 12.62109375 6.25390625 1.125 28.7890625 0.0 12.65625 6.32421875 0.0 26.109375 0.0 5.82598876953125
195.964 -0.0 0.0 0.031496062992125984 -0.5 -0.5 0.5 0.5 -13.525741577148438 12.4453125 -6.2421875 5.58984375 25.91796875 0.0 12.55078125 -6.2578125 2.69921875 28.7890625 323.8593292236328 12.55078125 6.34375 1.38671875 28.21484375 0.0 12.55078125 6.2890625 0.0 26.109375 0.0 5.796661376953125
196.154 -0.0 0.0 0.031496062992125984 -0.5 -0.5 0.5 0.5 -155.3775177001953 12.1640625 -6.22265625 5.32421875 26.30078125 0.0 12.4453125 -6.22265625 2.69921875 28.59765625 299.8828582763672 12.4453125 6.25390625 1.78125 28.21484375 0.0 12.375 6.18359375 3.35546875 25.91796875 0.0 5.8357696533203125
196.333 -0.0 0.0 0.031496062992125984 -0.5 -0.5 0.5 0.5 -23.1851806640625 12.4453125 -6.22265625 4.5390625 25.91796875 0.0 12.48046875 -6.2578125 3.8828125 28.40625 318.3287658691406 12.4453125 6.203125 3.09375 28.0234375 0.0 12.3046875 6.1484375 3.8828125 26.109375 0.0 5.81622314453125
196.505 -0.0 0.0 0.031496062992125984 -0.5 -0.5 0.5 0.5 -46.663665771484375 12.375 -6.20703125 5.71875 26.109375 0.0 12.41015625 -6.2421875 3.2265625 28.21484375 271.0715789794922 12.33984375 6.16796875 4.40625 27.83203125 0.0 12.234375 6.11328125 4.27734375 26.4921875 0.0 5.786895751953125
196.692 -0.0 0.0 0.031496062992125984 -0.5 -0.5 0.5 0.5 72.02340698242188 12.3046875 -6.1875 5.71875 24.76953125 0.0 12.4453125 -6.22265625 5.0625 28.40625 291.63818359375 12.33984375 6.1484375 4.66796875 28.59765625 0.0 12.234375 6.078125 4.66796875 26.109375 0.0 5.8748626708984375
196.884 -0.0 0.0 0.031496062992125984 -0.5 -0.5 0.5 0.5 -13.597824096679688 12.26953125 -6.15234375 6.640625 25.7265625 0.0 12.4453125 -6.20703125 5.32421875 28.7890625 284.2970275878906 12.234375 6.078125 5.8515625 28.59765625 0.0 12.12890625 6.11328125 4.66796875 25.7265625 0.0 5.8357696533203125
197.073 -0.0 0.0 0.031496062992125984 -0.5 -0.5 0.5 0.5 -12.959228515625 12.26953125 -6.1015625 7.03125 25.91796875 0.0 12.4453125 -6.22265625 5.1953125 28.40625 255.08169555664062 12.09375 6.02734375 5.984375 27.83203125 0.0 12.19921875 6.04296875 5.984375 25.91796875 0.0 5.8064422607421875
197.279 -0.0 0.0 0.031496062992125984 -0.5 -0.5 0.5 0.5 42.875823974609375 12.3046875 -6.1171875 6.11328125 26.30078125 0.0 12.41015625 -6.1875 6.11328125 28.0234375 271.1289978027344 12.12890625 6.09765625 5.71875 28.21484375 0.0 12.05859375 6.04296875 5.1953125 25.15234375 0.0 5.845550537109375
197.46 -0.0 0.0 0.031496062992125984 -0.5 -0.5 0.5 0.5 -18.592941284179688 12.19921875 -6.08203125 6.5078125 25.53515625 0.0 12.4453125 -6.2421875 4.66796875 28.40625 261.3667297363281 12.19921875 6.09765625 6.90234375 28.40625 0.0 12.12890625 6.09765625 5.71875 25.7265625 0.0 5.81622314453125
197.646 -0.0 0.0 0.031496062992125984 0.0 0.0 -0.0 -0.0 -25.522415161132812 12.5859375 0.0 0.0 25.7265625 0.0 12.33984375 0.0 0.0 28.7890625 213.44004821777344 12.0234375 0.0 0.0 28.7890625 0.0 11.91796875 0.0 0.0 25.91796875 0.0 5.57183837890625
