Timestamp Driver_Joy_Y Driver_Joy_X Driver_Joy_W FL_Out BL_Out BR_Out FR_Out FL_Jag_Speed FL_Bus_Voltage FL_Out_Voltage FL_Out_Current FL_Temp BL_Jag_Speed BL_Bus_Voltage BL_Out_Voltage BL_Out_Current BL_Temp BR_Jag_Speed BR_Bus_Voltage BR_Out_Voltage BR_Out_Current BR_Temp FR_Jag_Speed FR_Bus_Voltage FR_Out_Voltage FR_Out_Current FR_Temp
73.598 0.0078125 -0.0078125 -0.0078125 0.0 0.0 0.0 0.0 0.0 12.83203125 0.0 0.0 27.2578125 0.0 12.69140625 0.0 0.0 29.9375 0.0 12.90234375 0.0 0.0 28.98046875 0.0 12.76171875 0.0 0.0 26.875 0.0 5.7673492431640625
73.764 0.0078125 -0.0078125 -0.0078125 0.0 0.0 0.0 0.0 0.0 12.76171875 0.0 0.0 27.640625 0.0 12.65625 0.0 0.0 29.5546875 0.0 12.8671875 0.0 0.0 29.9375 0.0 12.76171875 0.0 0.0 26.68359375 0.0 5.7771148681640625
73.93 0.0078125 -0.0078125 -0.0078125 0.0 0.0 0.0 0.0 0.0 12.7265625 0.0 0.0 26.68359375 0.0 12.65625 0.0 0.0 29.5546875 0.0 12.83203125 0.0 0.0 28.98046875 0.0 12.69140625 0.0 0.0 26.875 0.0 5.7771148681640625
74.081 0.0078125 -0.0078125 -0.0078125 0.0 0.0 0.0 0.0 0.0 12.76171875 0.0 0.0 27.06640625 0.0 12.62109375 0.0 0.0 29.74609375 0.0 12.796875 0.0 0.0 29.171875 0.0 12.76171875 0.0 0.0 27.2578125 0.0 5.7771148681640625
74.247 0.0078125 -0.0078125 -0.0078125 0.0 0.0 0.0 0.0 0.0 12.69140625 0.0 0.0 26.30078125 0.0 12.55078125 0.0 0.0 28.7890625 0.0 12.76171875 0.0 0.0 29.171875 0.0 12.69140625 0.0 0.0 27.83203125 0.0 5.7771148681640625
74.4 0.0078125 -0.0078125 -0.0078125 0.0 0.0 0.0 0.0 0.0 12.69140625 0.0 0.0 26.875 0.0 12.5859375 0.0 0.0 29.36328125 0.0 12.76171875 0.0 0.0 29.5546875 0.0 12.7265625 0.0 0.0 26.68359375 0.0 5.7771148681640625
74.546 0.0078125 -0.0078125 -0.0078125 0.0 0.0 0.0 0.0 0.0 12.69140625 0.0 0.0 26.68359375 0.0 12.55078125 0.0 0.0 29.5546875 0.0 12.76171875 0.0 0.0 29.5546875 0.0 12.76171875 0.0 0.0 26.4921875 0.0 5.7673492431640625
74.704 0.0078125 -0.0078125 -0.0078125 0.0 0.0 0.0 0.0 0.0 12.7265625 0.0 0.0 27.44921875 0.0 12.5859375 0.0 0.0 29.171875 0.0 12.7265625 0.0 0.0 28.7890625 0.0 12.7265625 0.0 0.0 27.06640625 0.0 5.7771148681640625
74.865 0.0078125 -0.0078125 -0.0078125 0.0 0.0 0.0 0.0 0.0 12.69140625 0.0 0.0 26.875 0.0 12.5859375 0.0 0.0 29.36328125 0.0 12.796875 0.0 0.0 28.98046875 0.0 12.69140625 0.0 0.0 27.44921875 0.0 5.7771148681640625
75.026 0.0078125 -0.0078125 -0.0078125 0.0 0.0 0.0 0.0 0.0 12.65625 0.0 0.0 26.875 0.0 12.55078125 0.0 0.0 29.9375 0.0 12.76171875 0.0 0.0 28.98046875 0.0 12.69140625 0.0 0.0 27.06640625 0.0 5.7771148681640625
75.217 0.0078125 -0.0078125 -0.0078125 -0.5 -0.5 0.5 0.5 0.0 11.70703125 -5.78515625 27.38671875 26.68359375 0.0 10.79296875 -5.36328125 33.6875 29.171875 101.2177734375 10.6875 5.359375 22.921875 28.98046875 0.0 10.37109375 5.18359375 37.62890625 26.109375 0.0 5.7673492431640625
75.396 0.0078125 -0.0078125 -0.0078125 -0.5 -0.5 0.5 0.5 54.758575439453125 10.8984375 -5.51953125 29.35546875 26.30078125 0.0 11.0390625 -5.6796875 15.83203125 28.98046875 116.22274780273438 10.8984375 5.48046875 18.98046875 28.59765625 0.0 11.07421875 5.60546875 19.640625 25.7265625 0.0 5.7673492431640625
75.582 0.0078125 -0.0078125 -0.0078125 -0.5 -0.5 0.5 0.5 -7.7779998779296875 11.42578125 -5.765625 17.01171875 26.4921875 0.0 11.3203125 -5.6796875 16.09375 28.98046875 185.39080810546875 11.42578125 5.69140625 15.56640625 29.36328125 0.0 11.42578125 5.69140625 16.6171875 26.30078125 0.0 5.757568359375
75.759 0.0078125 -0.0078125 -0.0078125 -0.5 -0.5 0.5 0.5 51.96141052246094 11.70703125 -5.90625 12.546875 27.83203125 0.0 12.09375 -5.90625 12.41796875 28.98046875 219.07803344726562 11.56640625 5.8515625 10.578125 29.36328125 0.0 11.6015625 5.90234375 11.234375 26.30078125 0.0 5.7771148681640625
75.956 0.0078125 -0.0078125 -0.0078125 -0.5 -0.5 0.5 0.5 13.305191040039062 11.953125 -5.9609375 11.76171875 26.68359375 0.0 12.19921875 -6.1015625 8.34765625 29.171875 242.4242401123047 11.77734375 5.9375 8.73828125 28.98046875 0.0 11.84765625 5.90234375 11.76171875 26.68359375 0.0 5.7380218505859375
76.14 0.0078125 -0.0078125 -0.0078125 -0.5 -0.5 0.5 0.5 59.77769470214844 11.98828125 -5.99609375 10.97265625 26.68359375 0.0 12.19921875 -6.13671875 6.90234375 29.171875 272.99871826171875 11.98828125 6.02734375 6.76953125 29.171875 0.0 11.91796875 5.9375 9.3984375 26.4921875 0.0 5.7477874755859375
76.329 0.0078125 -0.0078125 -0.0078125 -0.5 -0.5 0.5 0.5 -12.791213989257812 12.09375 -6.06640625 9.00390625 26.875 0.0 12.26953125 -6.15234375 6.5078125 29.5546875 243.6393585205078 12.09375 5.95703125 8.21484375 29.171875 0.0 11.953125 5.97265625 7.953125 26.68359375 0.0 5.7673492431640625
76.516 0.0078125 -0.0078125 -0.0078125 -0.5 -0.5 0.5 0.5 4.1708526611328125 12.12890625 -6.046875 7.8203125 26.68359375 0.0 12.26953125 -6.13671875 6.5078125 28.40625 246.10650634765625 12.05859375 5.9921875 6.76953125 28.40625 0.0 12.0234375 6.02734375 6.640625 26.68359375 0.0 5.7673492431640625
76.703 0.0078125 -0.0078125 -0.0078125 -0.5 -0.5 0.5 0.5 -13.267227172851562 11.109375 -5.51953125 4.93359375 27.2578125 0.0 11.14453125 -5.609375 3.6171875 28.7890625 278.72540283203125 11.00390625 5.515625 4.01171875 28.7890625 0.0 10.8984375 5.4296875 4.5390625 26.875 0.0 5.7477874755859375
76.879 0.0078125 -0.0078125 -0.0078125 -0.5 -0.5 0.5 0.5 49.099822998046875 11.0390625 -5.51953125 4.14453125 26.4921875 0.0 11.1796875 -5.609375 3.48828125 29.5546875 258.5684509277344 11.1796875 5.53515625 4.14453125 28.7890625 0.0 11.109375 5.515625 6.5078125 27.44921875 0.0 5.7380218505859375
77.049 0.0078125 -0.0078125 -0.0078125 -0.5 -0.5 0.5 0.5 51.75898742675781 11.28515625 -5.64453125 6.375 26.875 0.0 11.4609375 -5.80078125 4.93359375 28.98046875 241.41831970214844 11.21484375 5.60546875 6.90234375 29.36328125 0.0 11.25 5.62109375 8.73828125 27.640625 0.0 5.7477874755859375
77.235 0.0078125 -0.0078125 -0.0078125 -0.5 -0.5 0.5 0.5 55.495330810546875 11.4609375 -5.75 7.55859375 26.30078125 0.0 11.671875 -5.890625 4.80078125 29.171875 251.14453125 11.42578125 5.74609375 5.32421875 28.98046875 0.0 11.3203125 5.69140625 7.69140625 27.2578125 0.0 5.7380218505859375
77.421 0.0078125 -0.0078125 -0.0078125 -0.5 -0.5 0.5 0.5 34.16551208496094 11.63671875 -5.8359375 7.1640625 26.4921875 0.0 11.8828125 -5.92578125 5.71875 29.36328125 211.94393920898438 11.56640625 5.78125 5.1953125 29.171875 0.0 11.4609375 5.7265625 7.8203125 26.30078125 0.0 5.728240966796875
77.62 0.0078125 -0.0078125 -0.0078125 -0.5 -0.5 0.5 0.5 -35.64930725097656 11.671875 -5.87109375 7.69140625 27.44921875 0.0 11.953125 -5.9609375 5.32421875 29.36328125 255.3191375732422 11.56640625 5.796875 6.90234375 29.171875 0.0 11.53125 5.796875 8.34765625 26.68359375 0.0 5.7477874755859375
77.816 0.0078125 -0.0078125 -0.0078125 -0.5 -0.5 0.5 0.5 14.480117797851562 11.70703125 -5.90625 8.34765625 26.30078125 0.0 11.953125 -5.9609375 5.8515625 29.36328125 238.96945190429688 11.56640625 5.796875 7.69140625 29.36328125 0.0 11.6015625 5.76171875 8.609375 27.2578125 0.0 5.7477874755859375
78.002 0.0078125 -0.0078125 -0.0078125 -0.5 -0.5 0.5 0.5 -13.0777587890625 11.84765625 -5.87109375 7.42578125 26.4921875 0.0 11.98828125 -5.99609375 5.8515625 28.98046875 228.65309143066406 11.671875 5.88671875 7.1640625 28.98046875 0.0 11.671875 5.8515625 8.87109375 27.06640625 0.0 5.757568359375
78.186 0.0078125 -0.0078125 -0.0078125 0.0 0.0 -0.0 -0.0 -89.27325439453125 12.1640625 0.0 0.0 26.875 0.0 11.84765625 0.0 0.0 29.5546875 224.8375244140625 11.42578125 0.0 0.0 28.7890625 0.0 11.14453125 0.0 0.0 27.2578125 0.0 5.5229644775390625
