Timestamp Driver_Joy_Y Driver_Joy_X Driver_Joy_W FL_Out BL_Out BR_Out FR_Out FL_Jag_Speed FL_Bus_Voltage FL_Out_Voltage FL_Out_Current FL_Temp BL_Jag_Speed BL_Bus_Voltage BL_Out_Voltage BL_Out_Current BL_Temp BR_Jag_Speed BR_Bus_Voltage BR_Out_Voltage BR_Out_Current BR_Temp FR_Jag_Speed FR_Bus_Voltage FR_Out_Voltage FR_Out_Current FR_Temp
246.663 0.0078125 -0.0078125 0.0 0.0 0.0 0.0 0.0 0.0 12.97265625 0.0 0.0 24.9609375 0.0 12.8671875 0.0 0.0 27.640625 0.0 13.04296875 0.0 0.0 27.640625 0.0 13.0078125 0.0 0.0 26.109375 0.0 5.786895751953125
246.832 0.0078125 -0.0078125 0.0 0.0 0.0 0.0 0.0 0.0 12.97265625 0.0 0.0 24.1953125 0.0 12.83203125 0.0 0.0 28.21484375 0.0 13.04296875 0.0 0.0 27.640625 0.0 13.0078125 0.0 0.0 26.109375 0.0 5.786895751953125
246.99 0.0078125 -0.0078125 0.0 0.0 0.0 0.0 0.0 0.0 12.97265625 0.0 0.0 25.34375 0.0 12.8671875 0.0 0.0 28.98046875 0.0 13.04296875 0.0 0.0 27.44921875 0.0 13.0078125 0.0 0.0 25.7265625 0.0 5.796661376953125
247.151 0.0078125 -0.0078125 0.0 0.0 0.0 0.0 0.0 0.0 12.97265625 0.0 0.0 25.53515625 0.0 12.8671875 0.0 0.0 28.40625 0.0 13.04296875 0.0 0.0 27.83203125 0.0 13.0078125 0.0 0.0 25.7265625 0.0 5.786895751953125
247.309 0.0078125 -0.0078125 0.0 0.0 0.0 0.0 0.0 0.0 12.97265625 0.0 0.0 24.76953125 0.0 12.8671875 0.0 0.0 27.83203125 0.0 13.04296875 0.0 0.0 28.0234375 0.0 13.0078125 0.0 0.0 25.7265625 0.0 5.786895751953125
247.469 0.0078125 -0.0078125 0.0 0.0 0.0 0.0 0.0 0.0 13.0078125 0.0 0.0 25.53515625 0.0 12.8671875 0.0 0.0 27.83203125 0.0 13.04296875 0.0 0.0 27.44921875 0.0 12.97265625 0.0 0.0 25.7265625 0.0 5.786895751953125
247.629 0.0078125 -0.0078125 0.0 0.0 0.0 0.0 0.0 0.0 12.97265625 0.0 0.0 25.15234375 0.0 12.8671875 0.0 0.0 28.21484375 0.0 13.04296875 0.0 0.0 28.0234375 0.0 13.0078125 0.0 0.0 25.91796875 0.0 5.786895751953125
247.781 0.0078125 -0.0078125 0.0 0.0 0.0 0.0 0.0 0.0 12.97265625 0.0 0.0 25.53515625 0.0 12.8671875 0.0 0.0 28.40625 0.0 13.04296875 0.0 0.0 28.21484375 0.0 13.0078125 0.0 0.0 25.15234375 0.0 5.7771148681640625
247.934 0.0078125 -0.0078125 0.0 0.0 0.0 0.0 0.0 0.0 12.97265625 0.0 0.0 25.53515625 0.0 12.83203125 0.0 0.0 28.40625 0.0 13.0078125 0.0 0.0 28.0234375 0.0 13.0078125 0.0 0.0 25.53515625 0.0 5.796661376953125
248.09 0.0078125 -0.0078125 0.0 0.0 0.0 0.0 0.0 0.0 12.97265625 0.0 0.0 26.4921875 0.0 12.83203125 0.0 0.0 28.59765625 0.0 13.04296875 0.0 0.0 27.83203125 0.0 13.0078125 0.0 0.0 25.15234375 0.0 5.786895751953125
248.255 0.0078125 -0.0078125 0.0 -0.5 -0.5 0.5 0.5 0.0 11.953125 -6.01171875 24.234375 25.34375 0.0 11.0390625 -5.4140625 31.71875 27.2578125 24.372283935546875 10.51171875 5.33984375 23.18359375 27.44921875 0.0 10.6875 5.39453125 28.69921875 24.9609375 0.0 5.7477874755859375
248.434 0.0078125 -0.0078125 0.0 -0.5 -0.5 0.5 0.5 -3.4482421875 11.4609375 -5.6953125 26.59765625 25.15234375 0.0 10.8984375 -5.5390625 20.6875 27.83203125 120.83450317382812 11.25 5.62109375 17.14453125 27.2578125 0.0 11.42578125 5.7265625 18.8515625 25.7265625 0.0 5.7771148681640625
248.615 0.0078125 -0.0078125 0.0 -0.5 -0.5 0.5 0.5 -27.817428588867188 11.84765625 -5.94140625 17.40625 25.91796875 0.0 11.8828125 -5.94140625 15.4375 27.83203125 169.6038055419922 11.671875 5.78125 13.46875 27.2578125 0.0 11.8125 5.88671875 12.28515625 25.15234375 0.0 5.7673492431640625
248.795 0.0078125 -0.0078125 0.0 -0.5 -0.5 0.5 0.5 2.958740234375 12.09375 -6.06640625 12.41796875 25.34375 0.0 12.26953125 -6.08203125 13.46875 27.83203125 200.80531311035156 11.84765625 5.921875 11.49609375 27.640625 0.0 11.8828125 5.921875 11.890625 25.15234375 0.0 5.7184600830078125
248.98 0.0078125 -0.0078125 0.0 -0.5 -0.5 0.5 0.5 -10.38177490234375 12.234375 -6.1015625 11.10546875 24.578125 0.0 12.375 -6.1875 9.52734375 27.83203125 208.37855529785156 11.8828125 6.0078125 10.83984375 27.83203125 0.0 12.09375 6.02734375 10.0546875 24.9609375 0.0 5.796661376953125
249.145 0.0078125 -0.0078125 0.0 -0.5 -0.5 0.5 0.5 14.408187866210938 12.26953125 -6.13671875 10.4453125 25.15234375 0.0 12.515625 0.0 0.0 28.7890625 241.22117614746094 12.8671875 0.0 0.0 28.21484375 0.0 12.83203125 0.0 0.0 25.7265625 0.0 5.786895751953125
249.314 0.0078125 -0.0078125 0.0 -0.5 -0.5 0.5 0.5 52.15476989746094 12.26953125 -6.13671875 10.97265625 25.34375 0.0 12.48046875 -6.171875 14.38671875 27.640625 204.3096466064453 11.8828125 5.95703125 10.31640625 28.40625 0.0 11.8828125 5.9375 11.890625 25.91796875 0.0 5.728240966796875
249.503 0.0078125 -0.0078125 0.0 -0.5 -0.5 0.5 0.5 -9.313629150390625 12.1640625 -6.1015625 10.4453125 25.34375 0.0 12.375 -6.1171875 12.0234375 27.2578125 200.931396484375 11.953125 6.0625 8.73828125 27.640625 0.0 12.09375 6.0078125 10.18359375 24.9609375 0.0 5.7477874755859375
249.711 0.0078125 -0.0078125 0.0 -0.5 -0.5 0.5 0.5 -54.92225646972656 12.05859375 -6.01171875 8.4765625 26.68359375 0.0 12.375 -6.27734375 8.34765625 27.44921875 226.42843627929688 12.12890625 6.0078125 9.265625 27.83203125 0.0 12.12890625 6.078125 9.1328125 25.15234375 0.0 5.7380218505859375
249.887 0.0078125 -0.0078125 0.0 -0.5 -0.5 0.5 0.5 -11.566543579101562 12.33984375 -6.15234375 9.00390625 25.7265625 0.0 12.515625 -6.27734375 7.55859375 28.21484375 238.31687927246094 12.05859375 6.09765625 7.42578125 27.83203125 0.0 12.12890625 6.078125 7.953125 24.9609375 0.0 5.7380218505859375
250.062 0.0078125 -0.0078125 0.0 -0.5 -0.5 0.5 0.5 -31.424652099609375 12.375 -6.1875 8.34765625 25.34375 0.0 12.55078125 -6.27734375 9.00390625 27.44921875 241.9354705810547 12.12890625 6.1328125 6.76953125 27.44921875 0.0 12.234375 6.078125 7.03125 25.7265625 0.0 5.7380218505859375
250.255 0.0078125 -0.0078125 0.0 -0.5 -0.5 0.5 0.5 -12.305908203125 12.375 -6.22265625 6.5078125 24.76953125 0.0 12.55078125 -6.29296875 6.640625 26.68359375 241.5854034423828 12.3046875 6.11328125 7.42578125 27.44921875 0.0 12.26953125 6.09765625 8.21484375 25.7265625 0.0 5.757568359375
250.443 0.0078125 -0.0078125 0.0 -0.5 -0.5 0.5 0.5 -64.32267761230469 12.4453125 -6.20703125 7.55859375 25.7265625 0.0 12.5859375 -6.3125 5.71875 27.83203125 234.48948669433594 12.1640625 6.1484375 6.76953125 27.640625 0.0 12.375 6.1484375 7.03125 25.53515625 0.0 5.7380218505859375
250.653 0.0078125 -0.0078125 0.0 -0.5 -0.5 0.5 0.5 -65.47314453125 12.41015625 -6.20703125 7.69140625 24.578125 0.0 12.62109375 -6.29296875 6.90234375 27.640625 243.73214721679688 12.26953125 6.16796875 6.76953125 27.83203125 0.0 12.234375 6.1328125 6.375 25.34375 0.0 5.728240966796875
250.852 0.0078125 -0.0078125 0.0 -0.5 -0.5 0.5 0.5 -16.241790771484375 12.41015625 -6.20703125 6.90234375 25.34375 0.0 12.5859375 -6.3125 7.03125 27.83203125 260.7632751464844 12.33984375 6.23828125 6.11328125 27.44921875 0.0 12.375 6.18359375 7.69140625 25.34375 0.0 5.7673492431640625
251.042 0.0078125 -0.0078125 0.0 0.0 0.0 -0.0 -0.0 -113.35122680664062 12.796875 0.0 0.0 24.578125 0.0 12.55078125 0.0 0.0 26.30078125 235.43836975097656 12.33984375 0.0 0.0 27.640625 0.0 12.19921875 0.0 0.0 25.34375 0.0 5.5522918701171875
