Timestamp Driver_Joy_Y Driver_Joy_X Driver_Joy_W FL_Out BL_Out BR_Out FR_Out FL_Jag_Speed FL_Bus_Voltage FL_Out_Voltage FL_Out_Current FL_Temp BL_Jag_Speed BL_Bus_Voltage BL_Out_Voltage BL_Out_Current BL_Temp BR_Jag_Speed BR_Bus_Voltage BR_Out_Voltage BR_Out_Current BR_Temp FR_Jag_Speed FR_Bus_Voltage FR_Out_Voltage FR_Out_Current FR_Temp
285.393 0.0078125 0.0 0.0 0.0 0.0 0.0 0.0 0.0 12.5859375 0.0 0.0 26.68359375 0.0 12.4453125 0.0 0.0 29.36328125 0.0 12.65625 0.0 0.0 30.12890625 0.0 12.5859375 0.0 0.0 27.44921875 0.0 5.845550537109375
285.55 0.0078125 0.0 0.0 0.0 0.0 0.0 0.0 0.0 12.515625 0.0 0.0 26.109375 0.0 12.41015625 0.0 0.0 30.89453125 0.0 12.62109375 0.0 0.0 29.5546875 0.0 12.5859375 0.0 0.0 27.640625 0.0 5.845550537109375
285.709 0.0078125 0.0 0.0 0.0 0.0 0.0 0.0 0.0 12.55078125 0.0 0.0 26.4921875 0.0 12.4453125 0.0 0.0 30.3203125 0.0 12.62109375 0.0 0.0 29.74609375 0.0 12.5859375 0.0 0.0 27.83203125 0.0 5.845550537109375
285.856 0.0078125 0.0 0.0 0.0 0.0 0.0 0.0 0.0 12.48046875 0.0 0.0 28.21484375 0.0 12.41015625 0.0 0.0 30.3203125 0.0 12.62109375 0.0 0.0 29.9375 0.0 12.55078125 0.0 0.0 27.06640625 0.0 5.845550537109375
286.016 0.0078125 0.0 0.0 0.0 0.0 0.0 0.0 0.0 12.48046875 0.0 0.0 26.30078125 0.0 12.41015625 0.0 0.0 30.12890625 0.0 12.5859375 0.0 0.0 29.9375 0.0 12.55078125 0.0 0.0 27.83203125 0.0 5.845550537109375
286.175 0.0078125 0.0 0.0 0.0 0.0 0.0 0.0 0.0 12.55078125 0.0 0.0 26.875 0.0 12.375 0.0 0.0 29.74609375 0.0 12.55078125 0.0 0.0 29.74609375 0.0 12.48046875 0.0 0.0 27.2578125 0.0 5.8357696533203125
286.328 0.0078125 0.0 0.0 0.0 0.0 0.0 0.0 0.0 12.515625 0.0 0.0 26.68359375 0.0 12.375 0.0 0.0 30.12890625 0.0 12.55078125 0.0 0.0 29.74609375 0.0 12.515625 0.0 0.0 28.0234375 0.0 5.845550537109375
286.489 0.0078125 0.0 0.0 0.0 0.0 0.0 0.0 0.0 12.48046875 0.0 0.0 26.30078125 0.0 12.41015625 0.0 0.0 29.9375 0.0 12.55078125 0.0 0.0 29.5546875 0.0 12.515625 0.0 0.0 27.44921875 0.0 5.8357696533203125
286.637 0.0078125 0.0 0.0 0.0 0.0 0.0 0.0 0.0 12.48046875 0.0 0.0 27.2578125 0.0 12.4453125 0.0 0.0 30.12890625 0.0 12.5859375 0.0 0.0 29.171875 0.0 12.48046875 0.0 0.0 27.83203125 0.0 5.8357696533203125
286.801 0.0078125 0.0 0.0 0.0 0.0 0.0 0.0 0.0 12.515625 0.0 0.0 26.68359375 0.0 12.41015625 0.0 0.0 29.9375 0.0 12.55078125 0.0 0.0 29.74609375 0.0 12.55078125 0.0 0.0 27.640625 0.0 5.8357696533203125
286.969 0.0078125 0.0 0.0 -0.5 -0.5 0.5 0.5 0.0 11.28515625 -5.64453125 31.45703125 26.68359375 0.0 10.265625 -5.0625 25.0234375 31.0859375 94.65354919433594 10.40625 5.19921875 22.39453125 28.98046875 0.0 10.125 5.1484375 30.40625 26.68359375 0.0 5.8064422607421875
287.164 0.0078125 0.0 0.0 -0.5 -0.5 0.5 0.5 -2.7049102783203125 10.8984375 -5.57421875 24.1015625 26.875 0.0 10.58203125 -5.30859375 18.98046875 29.5546875 168.10400390625 10.828125 5.4296875 16.75 28.98046875 0.0 10.79296875 5.46484375 19.375 27.2578125 0.0 5.81622314453125
287.359 0.0078125 0.0 0.0 -0.5 -0.5 0.5 0.5 45.19560241699219 11.390625 -5.6953125 17.01171875 26.4921875 0.0 11.42578125 -5.66015625 15.04296875 29.5546875 183.40736389160156 11.42578125 5.640625 13.59765625 29.36328125 0.0 11.35546875 5.60546875 16.8828125 27.640625 0.0 5.81622314453125
287.549 0.0078125 0.0 0.0 -0.5 -0.5 0.5 0.5 -12.963043212890625 11.70703125 -5.85546875 11.890625 27.06640625 0.0 11.8828125 -5.9765625 8.34765625 29.36328125 227.2054901123047 11.63671875 5.78125 9.00390625 29.36328125 0.0 11.390625 5.796875 11.234375 26.4921875 0.0 5.855316162109375
287.737 0.0078125 0.0 0.0 -0.5 -0.5 0.5 0.5 -8.1026611328125 11.77734375 -5.85546875 12.94140625 26.109375 0.0 12.0234375 -6.03125 7.03125 29.5546875 242.51609802246094 11.77734375 5.83203125 7.953125 29.74609375 0.0 11.6015625 5.8515625 9.921875 27.06640625 0.0 5.8064422607421875
287.932 0.0078125 0.0 0.0 -0.5 -0.5 0.5 0.5 -13.186126708984375 11.8828125 -5.94140625 9.00390625 28.0234375 0.0 12.09375 -6.01171875 6.11328125 29.36328125 235.25086975097656 11.84765625 5.88671875 8.73828125 29.171875 0.0 11.8125 5.8671875 9.3984375 27.640625 0.0 5.82598876953125
288.128 0.0078125 0.0 0.0 -0.5 -0.5 0.5 0.5 17.732223510742188 11.953125 -5.9609375 9.66015625 26.875 0.0 12.09375 -6.046875 5.984375 28.7890625 230.5060272216797 11.84765625 5.95703125 6.24609375 30.3203125 0.0 11.8125 5.81640625 8.34765625 27.44921875 0.0 5.8357696533203125
288.333 0.0078125 0.0 0.0 -0.5 -0.5 0.5 0.5 -14.629013061523438 12.0234375 -5.94140625 7.55859375 26.30078125 0.0 12.12890625 -6.06640625 5.8515625 29.9375 217.60072326660156 11.84765625 5.921875 6.24609375 29.36328125 0.0 11.8125 5.95703125 6.76953125 27.44921875 0.0 5.8650970458984375
288.519 0.0078125 0.0 0.0 -0.5 -0.5 0.5 0.5 64.92518615722656 10.8984375 -5.4140625 5.58984375 26.875 0.0 11.00390625 -5.4140625 3.35546875 28.59765625 229.96766662597656 10.7578125 5.39453125 3.6171875 29.5546875 0.0 10.65234375 5.33984375 4.27734375 27.44921875 0.0 5.8650970458984375
288.691 0.0078125 0.0 0.0 -0.5 -0.5 0.5 0.5 -14.392364501953125 10.79296875 -5.4140625 4.14453125 27.06640625 0.0 11.0390625 -5.43359375 3.09375 28.7890625 273.2123718261719 10.8984375 5.4296875 4.14453125 29.9375 0.0 10.79296875 5.41015625 5.8515625 27.2578125 0.0 5.8650970458984375
288.86 0.0078125 0.0 0.0 -0.5 -0.5 0.5 0.5 62.644775390625 11.0390625 -5.46875 5.58984375 27.44921875 0.0 11.28515625 -5.609375 4.5390625 30.89453125 243.20729064941406 10.93359375 5.46484375 5.58984375 29.5546875 0.0 11.0390625 5.4296875 8.609375 27.640625 0.0 5.8357696533203125
289.044 0.0078125 0.0 0.0 -0.5 -0.5 0.5 0.5 -6.4587860107421875 11.1796875 -5.64453125 6.640625 26.875 0.0 11.4609375 -5.75 4.93359375 29.5546875 252.18360900878906 11.21484375 5.5859375 6.375 29.5546875 0.0 11.1796875 5.55078125 7.69140625 27.06640625 0.0 5.8357696533203125
289.231 0.0078125 0.0 0.0 -0.5 -0.5 0.5 0.5 15.497238159179688 11.42578125 -5.6796875 7.03125 27.640625 0.0 11.63671875 -5.8203125 5.58984375 29.74609375 227.47467041015625 11.35546875 5.67578125 5.8515625 29.36328125 0.0 11.25 5.67578125 7.296875 27.640625 0.0 5.845550537109375
289.425 0.0078125 0.0 0.0 -0.5 -0.5 0.5 0.5 -12.403182983398438 11.53125 -5.765625 6.640625 26.875 0.0 11.70703125 -5.85546875 5.8515625 29.74609375 201.61712646484375 11.4609375 5.69140625 6.11328125 29.5546875 0.0 11.390625 5.69140625 7.296875 27.83203125 0.0 5.8357696533203125
289.609 0.0078125 0.0 0.0 -0.5 -0.5 0.5 0.5 15.662094116210938 11.4609375 -5.73046875 9.52734375 26.875 0.0 11.7421875 -5.85546875 6.375 29.74609375 227.86611938476562 11.4609375 5.7109375 7.296875 28.98046875 0.0 11.390625 5.62109375 8.73828125 26.68359375 0.0 5.82598876953125
289.79 0.0078125 0.0 0.0 -0.5 -0.5 0.5 0.5 -12.343643188476562 11.56640625 -5.80078125 7.8203125 26.875 0.0 11.7421875 -5.90625 6.24609375 29.5546875 233.80418395996094 11.35546875 5.78125 6.640625 29.5546875 0.0 11.4609375 5.796875 8.08203125 27.06640625 0.0 5.8357696533203125
