Timestamp Driver_Joy_Y Driver_Joy_X Driver_Joy_W FL_Out BL_Out BR_Out FR_Out FL_Jag_Speed FL_Bus_Voltage FL_Out_Voltage FL_Out_Current FL_Temp BL_Jag_Speed BL_Bus_Voltage BL_Out_Voltage BL_Out_Current BL_Temp BR_Jag_Speed BR_Bus_Voltage BR_Out_Voltage BR_Out_Current BR_Temp FR_Jag_Speed FR_Bus_Voltage FR_Out_Voltage FR_Out_Current FR_Temp
186.082 -0.0 -0.0078125 0.0 0.0 0.0 0.0 0.0 0.0 12.83203125 0.0 0.0 25.91796875 0.0 12.76171875 0.0 0.0 28.0234375 0.0 12.9375 0.0 0.0 28.40625 0.0 12.8671875 0.0 0.0 25.91796875 0.0 5.8357696533203125
186.242 -0.0 -0.0078125 0.0 0.0 0.0 0.0 0.0 0.0 12.8671875 0.0 0.0 25.91796875 0.0 12.76171875 0.0 0.0 29.171875 0.0 12.97265625 0.0 0.0 28.98046875 0.0 12.83203125 0.0 0.0 26.30078125 0.0 5.845550537109375
186.386 -0.0 -0.0078125 0.0 0.0 0.0 0.0 0.0 0.0 12.8671875 0.0 0.0 25.7265625 0.0 12.69140625 0.0 0.0 28.40625 0.0 12.9375 0.0 0.0 28.59765625 0.0 12.8671875 0.0 0.0 26.68359375 0.0 5.845550537109375
186.554 -0.0 -0.0078125 0.0 0.0 0.0 0.0 0.0 0.0 12.83203125 0.0 0.0 26.109375 0.0 12.69140625 0.0 0.0 29.171875 0.0 12.8671875 0.0 0.0 28.7890625 0.0 12.83203125 0.0 0.0 26.109375 0.0 5.845550537109375
186.705 -0.0 -0.0078125 0.0 0.0 0.0 0.0 0.0 0.0 12.796875 0.0 0.0 26.4921875 0.0 12.69140625 0.0 0.0 28.98046875 0.0 12.90234375 0.0 0.0 28.98046875 0.0 12.8671875 0.0 0.0 25.91796875 0.0 5.845550537109375
186.864 -0.0 -0.0078125 0.0 0.0 0.0 0.0 0.0 0.0 12.8671875 0.0 0.0 26.109375 0.0 12.7265625 0.0 0.0 28.7890625 0.0 12.83203125 0.0 0.0 28.7890625 0.0 12.83203125 0.0 0.0 26.4921875 0.0 5.855316162109375
187.013 -0.0 -0.0078125 0.0 0.0 0.0 0.0 0.0 0.0 12.76171875 0.0 0.0 25.34375 0.0 12.65625 0.0 0.0 28.7890625 0.0 12.83203125 0.0 0.0 28.59765625 0.0 12.8671875 0.0 0.0 26.30078125 0.0 5.855316162109375
187.172 -0.0 -0.0078125 0.0 0.0 0.0 0.0 0.0 0.0 12.83203125 0.0 0.0 26.109375 0.0 12.65625 0.0 0.0 28.98046875 0.0 12.83203125 0.0 0.0 28.40625 0.0 12.796875 0.0 0.0 26.68359375 0.0 5.845550537109375
187.328 -0.0 -0.0078125 0.0 0.0 0.0 0.0 0.0 0.0 12.76171875 0.0 0.0 25.7265625 0.0 12.65625 0.0 0.0 28.40625 0.0 12.8671875 0.0 0.0 28.7890625 0.0 12.83203125 0.0 0.0 26.109375 0.0 5.845550537109375
187.483 -0.0 -0.0078125 0.0 0.0 0.0 0.0 0.0 0.0 12.76171875 0.0 0.0 26.4921875 0.0 12.7265625 0.0 0.0 28.21484375 0.0 12.90234375 0.0 0.0 28.7890625 0.0 12.796875 0.0 0.0 26.109375 0.0 5.845550537109375
187.647 -0.0 -0.0078125 0.0 -0.5 -0.5 0.5 0.5 0.0 11.84765625 -5.92578125 24.7578125 26.109375 0.0 10.96875 -5.5546875 38.15234375 27.640625 36.367767333984375 10.58203125 5.3046875 23.05078125 27.83203125 0.0 10.6875 5.359375 28.9609375 25.34375 0.0 5.8357696533203125
187.826 -0.0 -0.0078125 0.0 -0.5 -0.5 0.5 0.5 -3.617156982421875 11.28515625 -5.58984375 26.59765625 25.34375 0.0 11.14453125 -5.66015625 21.34765625 28.0234375 120.64848327636719 10.93359375 5.53515625 20.8203125 28.21484375 0.0 11.35546875 5.69140625 18.8515625 25.7265625 0.0 5.8357696533203125
188.014 -0.0 -0.0078125 0.0 -0.5 -0.5 0.5 0.5 -39.86505126953125 11.7421875 -5.890625 17.40625 26.109375 0.0 11.49609375 -5.94140625 14.38671875 28.0234375 175.1025848388672 11.53125 5.640625 17.80078125 28.21484375 0.0 11.77734375 5.90234375 11.10546875 25.91796875 0.0 5.8357696533203125
188.195 -0.0 -0.0078125 0.0 -0.5 -0.5 0.5 0.5 45.945648193359375 11.953125 -5.9765625 13.203125 27.2578125 0.0 12.12890625 -6.046875 10.578125 27.83203125 201.9246063232422 11.671875 5.8671875 11.62890625 28.59765625 0.0 11.8828125 5.95703125 10.4453125 25.7265625 0.0 5.845550537109375
188.375 -0.0 -0.0078125 0.0 -0.5 -0.5 0.5 0.5 -12.13983154296875 12.12890625 -6.046875 10.31640625 25.91796875 0.0 12.3046875 -6.15234375 9.3984375 27.2578125 222.26080322265625 11.77734375 5.95703125 9.7890625 28.59765625 0.0 11.98828125 5.9921875 8.87109375 25.53515625 0.0 5.8357696533203125
188.562 -0.0 -0.0078125 0.0 -0.5 -0.5 0.5 0.5 59.08964538574219 12.234375 -6.08203125 8.87109375 26.109375 0.0 12.375 -6.20703125 7.55859375 28.7890625 219.78021240234375 12.09375 6.0625 8.609375 28.98046875 0.0 12.09375 5.9921875 7.1640625 25.91796875 0.0 5.855316162109375
188.742 -0.0 -0.0078125 0.0 -0.5 -0.5 0.5 0.5 -11.941070556640625 12.19921875 -6.13671875 7.42578125 25.91796875 0.0 12.4453125 -6.1875 7.69140625 28.7890625 219.6168212890625 12.05859375 6.0625 7.296875 28.0234375 0.0 12.19921875 6.04296875 7.8203125 26.30078125 0.0 5.8650970458984375
188.915 -0.0 -0.0078125 0.0 -0.5 -0.5 0.5 0.5 17.181655883789062 12.19921875 -6.1015625 7.296875 27.44921875 0.0 12.4453125 -6.20703125 6.76953125 28.40625 235.27969360351562 12.0234375 6.04296875 7.42578125 28.7890625 0.0 12.05859375 6.09765625 5.984375 26.875 0.0 5.82598876953125
189.097 -0.0 -0.0078125 0.0 -0.5 -0.5 0.5 0.5 -13.312393188476562 12.234375 -5.57421875 4.93359375 25.91796875 0.0 11.21484375 -5.64453125 4.5390625 28.59765625 235.1644287109375 11.0390625 5.48046875 5.45703125 28.40625 0.0 10.96875 5.515625 3.75 26.4921875 0.0 5.845550537109375
189.269 -0.0 -0.0078125 0.0 -0.5 -0.5 0.5 0.5 59.15245056152344 11.14453125 -5.5546875 5.0625 25.15234375 0.0 11.28515625 -5.64453125 4.5390625 28.59765625 232.30490112304688 11.07421875 5.53515625 5.1953125 28.7890625 0.0 11.25 5.5703125 4.66796875 26.30078125 0.0 5.786895751953125
189.464 -0.0 -0.0078125 0.0 -0.5 -0.5 0.5 0.5 -14.330062866210938 11.4609375 -5.6796875 5.984375 25.7265625 0.0 11.70703125 -5.8203125 5.984375 27.83203125 220.58822631835938 11.35546875 5.640625 8.34765625 28.21484375 0.0 11.42578125 5.7109375 6.375 26.109375 0.0 5.7771148681640625
189.647 -0.0 -0.0078125 0.0 -0.5 -0.5 0.5 0.5 -16.352798461914062 11.63671875 -5.80078125 6.76953125 26.4921875 0.0 11.8125 -5.92578125 6.90234375 28.40625 225.18031311035156 11.49609375 5.81640625 6.640625 28.59765625 0.0 11.671875 5.796875 5.8515625 26.109375 0.0 5.845550537109375
189.829 -0.0 -0.0078125 0.0 -0.5 -0.5 0.5 0.5 -32.17022705078125 11.8125 -5.8359375 7.296875 25.7265625 0.0 11.953125 -5.99609375 5.984375 28.7890625 234.103515625 11.70703125 5.81640625 7.8203125 28.40625 0.0 11.63671875 5.796875 7.03125 26.109375 0.0 5.796661376953125
190.012 -0.0 -0.0078125 0.0 -0.5 -0.5 0.5 0.5 19.338943481445312 11.84765625 -5.85546875 7.55859375 25.34375 0.0 12.0234375 -6.01171875 6.375 28.59765625 236.351318359375 11.7421875 5.8671875 7.296875 28.59765625 0.0 11.671875 5.8671875 6.11328125 26.4921875 0.0 5.786895751953125
190.187 -0.0 -0.0078125 0.0 -0.5 -0.5 0.5 0.5 -32.345550537109375 11.8125 -5.9609375 7.03125 25.91796875 0.0 12.12890625 -6.01171875 5.71875 28.0234375 213.19119262695312 11.63671875 5.8515625 7.55859375 28.59765625 0.0 11.70703125 5.83203125 6.640625 25.7265625 0.0 5.82598876953125
190.367 -0.0 -0.0078125 0.0 -0.5 -0.5 0.5 0.5 -21.786483764648438 11.91796875 -5.94140625 6.5078125 25.34375 0.0 12.1640625 -6.03125 6.5078125 28.59765625 227.03085327148438 11.6015625 5.8671875 7.42578125 28.0234375 0.0 11.8125 5.8671875 6.375 25.91796875 0.0 5.81622314453125
190.555 -0.0 -0.0078125 0.0 -0.5 -0.5 0.5 0.5 -113.72723388671875 11.91796875 -5.92578125 8.73828125 25.53515625 0.0 12.12890625 -6.08203125 6.24609375 28.59765625 234.0464324951172 11.84765625 5.921875 8.34765625 28.7890625 0.0 11.8125 5.9921875 6.375 26.109375 0.0 5.82598876953125
190.73 -0.0 -0.0078125 0.0 0.0 0.0 -0.0 -0.0 -125.43280029296875 12.19921875 0.0 0.0 25.7265625 0.0 12.0234375 0.0 0.0 28.7890625 202.31822204589844 11.8828125 0.0 0.0 28.98046875 0.0 11.8125 0.0 0.0 26.4921875 0.0 5.601165771484375
