Timestamp Driver_Joy_Y Driver_Joy_X Driver_Joy_W FL_Out BL_Out BR_Out FR_Out FL_Jag_Speed FL_Bus_Voltage FL_Out_Voltage FL_Out_Current FL_Temp BL_Jag_Speed BL_Bus_Voltage BL_Out_Voltage BL_Out_Current BL_Temp BR_Jag_Speed BR_Bus_Voltage BR_Out_Voltage BR_Out_Current BR_Temp FR_Jag_Speed FR_Bus_Voltage FR_Out_Voltage FR_Out_Current FR_Temp
593.365 -0.0 -0.0078125 -0.046875 -0.10248112189859777 0.5900755124056095 -0.3074433656957927 -1.0 0.0 12.55078125 0.0 0.0 28.40625 0.0 12.48046875 0.0 0.0 33.95703125 0.0 12.62109375 0.0 0.0 32.42578125 0.0 12.5859375 0.0 0.0 29.171875 0.0 5.796661376953125
593.519 -0.0 -0.0078125 -0.046875 -0.10248112189859777 0.5900755124056095 -0.3074433656957927 -1.0 0.0 12.5859375 0.0 0.0 28.7890625 0.0 12.48046875 0.0 0.0 33.3828125 0.0 12.5859375 0.0 0.0 32.234375 0.0 12.5859375 0.0 0.0 29.36328125 0.0 5.796661376953125
593.687 -0.0 -0.0078125 -0.046875 -0.10248112189859777 0.5900755124056095 -0.3074433656957927 -1.0 0.0 12.62109375 0.0 0.0 28.21484375 0.0 12.48046875 0.0 0.0 33.765625 0.0 12.65625 0.0 0.0 31.8515625 0.0 12.62109375 0.0 0.0 28.7890625 0.0 5.796661376953125
593.839 -0.0 -0.0078125 -0.046875 -0.10248112189859777 0.5900755124056095 -0.3074433656957927 -1.0 0.0 12.62109375 0.0 0.0 28.40625 0.0 12.4453125 0.0 0.0 33.0 0.0 12.65625 0.0 0.0 32.04296875 0.0 12.62109375 0.0 0.0 28.98046875 0.0 5.796661376953125
593.99 -0.0 -0.0078125 -0.046875 -0.10248112189859777 0.5900755124056095 -0.3074433656957927 -1.0 0.0 12.55078125 0.0 0.0 28.40625 0.0 12.4453125 0.0 0.0 33.57421875 0.0 12.62109375 0.0 0.0 31.8515625 0.0 12.5859375 0.0 0.0 28.7890625 0.0 5.796661376953125
594.15 -0.0 -0.0078125 -0.046875 -0.10248112189859777 0.5900755124056095 -0.3074433656957927 -1.0 0.0 12.55078125 0.0 0.0 28.7890625 0.0 12.4453125 0.0 0.0 33.3828125 0.0 12.69140625 0.0 0.0 32.42578125 0.0 12.62109375 0.0 0.0 28.40625 0.0 5.796661376953125
594.31 -0.0 -0.0078125 -0.046875 -0.10248112189859777 0.5900755124056095 -0.3074433656957927 -1.0 0.0 12.5859375 0.0 0.0 28.40625 0.0 12.48046875 0.0 0.0 33.765625 0.0 12.65625 0.0 0.0 32.6171875 0.0 12.5859375 0.0 0.0 28.7890625 0.0 5.796661376953125
594.479 -0.0 -0.0078125 -0.046875 -0.10248112189859777 0.5900755124056095 -0.3074433656957927 -1.0 0.0 12.55078125 0.0 0.0 28.0234375 0.0 12.48046875 0.0 0.0 33.19140625 0.0 12.515625 0.0 0.0 32.42578125 0.0 12.55078125 0.0 0.0 29.36328125 0.0 5.796661376953125
594.648 -0.0 -0.0078125 -0.046875 -0.10248112189859777 0.5900755124056095 -0.3074433656957927 -1.0 0.0 12.5859375 0.0 0.0 28.21484375 0.0 12.41015625 0.0 0.0 33.765625 2.538848876953125 12.55078125 0.0 0.0 32.6171875 0.0 12.55078125 0.0 0.0 28.7890625 0.0 5.796661376953125
594.816 -0.0 -0.0078125 -0.046875 -0.10248112189859777 0.5900755124056095 -0.3074433656957927 -1.0 0.0 12.515625 0.0 0.0 28.0234375 0.0 12.41015625 0.0 0.0 33.57421875 -3.7772216796875 12.55078125 0.0 0.0 32.234375 0.0 12.55078125 0.0 0.0 28.98046875 0.0 5.796661376953125
594.988 -0.0 -0.0078125 -0.046875 -0.5 -0.5 0.5 0.5 0.0 11.35546875 -5.51953125 31.0625 27.06640625 0.0 10.65234375 -5.2578125 25.6796875 32.6171875 140.06419372558594 10.6875 5.4296875 14.78125 31.66015625 0.0 10.40625 5.09375 28.56640625 27.83203125 0.0 5.7673492431640625
595.182 -0.0 -0.0078125 -0.046875 -0.5 -0.5 0.5 0.5 -25.437362670898438 10.96875 -5.5390625 23.578125 28.21484375 0.0 10.72265625 -5.37890625 21.4765625 33.3828125 153.20777893066406 10.8984375 5.41015625 19.640625 32.04296875 0.0 10.8984375 5.4296875 19.90234375 28.7890625 0.0 5.7477874755859375
595.376 -0.0 -0.0078125 -0.046875 -0.5 -0.5 0.5 0.5 37.95967102050781 11.42578125 -5.73046875 17.14453125 27.640625 0.0 11.1796875 -5.609375 12.6796875 33.3828125 187.44508361816406 11.21484375 5.5703125 14.78125 32.234375 0.0 11.4609375 5.67578125 11.890625 28.21484375 0.0 5.7673492431640625
595.655 -0.0 -0.0078125 -0.046875 -0.5 -0.5 0.5 0.5 -10.319137573242188 11.70703125 -5.85546875 10.4453125 27.83203125 0.0 11.390625 -5.66015625 11.49609375 33.0 212.93113708496094 11.63671875 5.76171875 11.76171875 32.234375 0.0 11.56640625 5.76171875 11.49609375 29.36328125 0.0 5.7673492431640625
595.84 -0.0 -0.0078125 -0.046875 -0.5 -0.5 0.5 0.5 57.07405090332031 11.7421875 -5.92578125 9.66015625 28.0234375 0.0 11.6015625 -5.80078125 9.66015625 33.57421875 213.1675262451172 11.63671875 5.81640625 9.00390625 32.04296875 0.0 11.56640625 5.8515625 8.73828125 28.59765625 0.0 5.786895751953125
596.04 -0.0 -0.0078125 -0.046875 -0.5 -0.5 0.5 0.5 -11.941116333007812 11.8828125 -5.94140625 8.73828125 27.640625 0.0 11.49609375 -5.8203125 8.21484375 33.3828125 226.53530883789062 11.70703125 5.921875 9.00390625 32.04296875 0.0 11.8125 5.88671875 6.24609375 28.98046875 0.0 5.7673492431640625
596.319 -0.0 -0.0078125 -0.046875 -0.5 -0.5 0.5 0.5 -18.341781616210938 11.91796875 -5.9765625 7.1640625 28.21484375 0.0 11.8125 -5.87109375 7.55859375 33.3828125 261.58038330078125 11.91796875 5.90234375 7.296875 32.04296875 0.0 11.8125 5.90234375 7.1640625 28.59765625 0.0 5.7673492431640625
596.503 -0.0 -0.0078125 -0.046875 -0.5 -0.5 0.5 0.5 18.288314819335938 11.63671875 -6.01171875 8.08203125 28.7890625 0.0 11.84765625 -5.90625 7.1640625 33.19140625 258.8298645019531 11.91796875 5.90234375 7.296875 32.04296875 0.0 11.77734375 5.9375 5.8515625 29.171875 0.0 5.786895751953125
596.678 -0.0 -0.0078125 -0.046875 -0.5 -0.5 0.5 0.5 38.72334289550781 12.0234375 -5.99609375 6.5078125 28.0234375 0.0 11.7421875 -5.890625 6.76953125 33.19140625 267.5398864746094 11.8125 5.9375 7.1640625 31.8515625 0.0 11.8828125 5.921875 6.24609375 28.98046875 0.0 5.7673492431640625
596.848 -0.0 -0.0078125 -0.046875 -0.5 -0.5 0.5 0.5 65.37615966796875 12.05859375 -5.9609375 7.1640625 28.0234375 0.0 11.84765625 -5.87109375 6.5078125 33.95703125 242.3324432373047 11.84765625 5.9375 6.640625 32.04296875 0.0 11.77734375 5.88671875 6.90234375 28.7890625 0.0 5.7771148681640625
597.039 -0.0 -0.0078125 -0.046875 -0.5 -0.5 0.5 0.5 -14.740768432617188 12.0234375 -5.9609375 6.5078125 28.40625 0.0 11.70703125 -5.90625 7.42578125 33.19140625 281.5455627441406 11.91796875 5.95703125 6.375 32.6171875 0.0 11.77734375 5.9375 6.375 28.7890625 0.0 5.8357696533203125
597.22 -0.0 -0.0078125 -0.046875 -0.5 -0.5 0.5 0.5 65.98390197753906 11.98828125 -6.03125 6.90234375 28.21484375 0.0 11.8125 -5.92578125 5.58984375 33.57421875 253.6327667236328 11.91796875 5.95703125 6.5078125 32.04296875 0.0 11.8125 5.95703125 6.90234375 28.59765625 0.0 5.757568359375
597.422 -0.0 -0.0078125 -0.046875 -0.5 -0.5 0.5 0.5 -13.059402465820312 12.0234375 -5.99609375 6.24609375 28.59765625 0.0 11.7421875 -5.890625 6.640625 33.3828125 240.34548950195312 11.8125 5.90234375 6.76953125 32.04296875 0.0 11.8828125 5.9375 5.32421875 28.21484375 0.0 5.786895751953125
597.602 -0.0 -0.0078125 -0.046875 -0.5 -0.5 0.5 0.5 64.98123168945312 11.98828125 -5.9765625 6.24609375 28.0234375 0.0 11.8125 -5.890625 6.76953125 33.3828125 249.56130981445312 11.8125 5.8671875 7.69140625 32.234375 0.0 11.7421875 5.95703125 5.984375 28.40625 0.0 5.81622314453125
597.769 -0.0 -0.0078125 -0.046875 -0.5 -0.5 0.5 0.5 -12.946792602539062 11.98828125 -6.01171875 5.984375 28.0234375 0.0 11.8125 -5.90625 7.03125 33.57421875 233.33535766601562 11.8125 5.921875 7.1640625 32.6171875 0.0 11.84765625 5.97265625 5.8515625 28.7890625 0.0 5.7380218505859375
597.955 -0.0 -0.0078125 -0.046875 -0.5 -0.5 0.5 0.5 -34.742645263671875 12.05859375 -5.9609375 5.8515625 27.83203125 0.0 11.7421875 -5.92578125 7.1640625 33.0 255.88058471679688 11.98828125 5.9921875 7.296875 31.8515625 0.0 11.98828125 5.97265625 6.5078125 28.7890625 0.0 5.796661376953125
598.142 -0.0 -0.0078125 -0.046875 0.0 0.0 -0.0 -0.0 -129.2233123779297 12.3046875 0.0 0.0 27.44921875 0.0 12.05859375 0.0 0.0 32.42578125 207.72476196289062 11.77734375 0.0 0.0 31.8515625 0.0 11.42578125 0.0 0.0 28.40625 0.0 5.5816192626953125
