Timestamp Driver_Joy_Y Driver_Joy_X Driver_Joy_W FL_Out BL_Out BR_Out FR_Out FL_Jag_Speed FL_Bus_Voltage FL_Out_Voltage FL_Out_Current FL_Temp BL_Jag_Speed BL_Bus_Voltage BL_Out_Voltage BL_Out_Current BL_Temp BR_Jag_Speed BR_Bus_Voltage BR_Out_Voltage BR_Out_Current BR_Temp FR_Jag_Speed FR_Bus_Voltage FR_Out_Voltage FR_Out_Current FR_Temp
154680918093 -0.031496062992125984 -0.0078125 0.0 0.025550565944881892 0.015394315944881887 -0.025550565944881892 -0.015394315944881887 0.0 12.76171875 0.0 0.0 23.046875 0.0 12.69140625 0.0 0.0 25.53515625 0.0 12.8671875 0.0 0.0 25.53515625 0.0 12.796875 0.0 0.0 23.62109375 0.0 5.8064422607421875
154680918264 -0.031496062992125984 -0.0078125 0.0 0.025550565944881892 0.015394315944881887 -0.025550565944881892 -0.015394315944881887 0.0 12.76171875 0.0 0.0 23.23828125 0.0 12.69140625 0.0 0.0 25.7265625 0.0 12.83203125 0.0 0.0 25.15234375 0.0 12.83203125 0.0 0.0 23.4296875 0.0 5.8064422607421875
154680918440 -0.031496062992125984 -0.0078125 0.0 0.025550565944881892 0.015394315944881887 -0.025550565944881892 -0.015394315944881887 0.0 12.796875 0.0 0.0 23.046875 0.0 12.65625 0.0 0.0 25.7265625 0.0 12.8671875 0.0 0.0 25.91796875 0.0 12.796875 0.0 0.0 23.23828125 0.0 5.8064422607421875
154680918617 -0.031496062992125984 -0.0078125 0.0 0.025550565944881892 0.015394315944881887 -0.025550565944881892 -0.015394315944881887 0.0 12.76171875 0.0 0.0 23.62109375 0.0 12.65625 0.0 0.0 25.53515625 0.0 12.83203125 0.0 0.0 25.7265625 0.0 12.796875 0.0 0.0 23.62109375 0.0 5.8064422607421875
154680918801 -0.031496062992125984 -0.0078125 0.0 0.025550565944881892 0.015394315944881887 -0.025550565944881892 -0.015394315944881887 0.0 12.76171875 0.0 0.0 23.4296875 0.0 12.65625 0.0 0.0 25.91796875 0.0 12.83203125 0.0 0.0 25.34375 0.0 12.796875 0.0 0.0 23.4296875 0.0 5.81622314453125
154680918982 -0.031496062992125984 -0.0078125 0.0 0.025550565944881892 0.015394315944881887 -0.025550565944881892 -0.015394315944881887 0.0 12.796875 0.0 0.0 23.046875 0.0 12.69140625 0.0 0.0 25.91796875 0.0 12.55078125 0.0 0.0 25.91796875 0.0 11.49609375 0.0 0.0 23.4296875 0.0 5.6793670654296875
S: 154680918866 Fired
154680919158 -0.031496062992125984 -0.0078125 0.0 0.025550565944881892 0.015394315944881887 -0.025550565944881892 -0.015394315944881887 0.0 10.7578125 0.0 0.0 22.47265625 0.0 10.96875 0.0 0.0 25.7265625 -4.21527099609375 11.0390625 0.0 0.0 25.7265625 0.0 11.00390625 0.0 0.0 22.85546875 0.0 5.043975830078125
154680919325 -0.031496062992125984 -0.0078125 0.0 0.025550565944881892 0.015394315944881887 -0.025550565944881892 -0.015394315944881887 0.0 11.1796875 0.0 0.0 23.4296875 0.0 8.578125 0.0 0.0 25.34375 -14.642227172851562 11.7421875 0.0 0.0 25.91796875 0.0 11.7421875 0.0 0.0 23.4296875 0.0 4.70184326171875
154680919484 -0.031496062992125984 -0.0078125 0.0 0.025550565944881892 0.015394315944881887 -0.025550565944881892 -0.015394315944881887 0.0 12.1640625 0.0 0.0 23.8125 0.0 12.375 0.0 0.0 24.9609375 -10.219558715820312 12.5859375 0.0 0.0 25.34375 0.0 12.55078125 0.0 0.0 23.23828125 0.0 5.2981414794921875
154680919659 -0.031496062992125984 -0.0078125 0.0 0.025550565944881892 0.015394315944881887 -0.025550565944881892 -0.015394315944881887 0.0 12.515625 0.0 0.0 23.046875 0.0 12.375 0.0 0.0 25.7265625 4.586761474609375 12.41015625 0.0 0.0 25.34375 0.0 12.41015625 0.0 0.0 23.4296875 0.0 5.5522918701171875
154680919843 -0.031496062992125984 -0.0078125 0.0 0.025550565944881892 0.015394315944881887 -0.025550565944881892 -0.015394315944881887 0.0 12.41015625 0.0 0.0 22.85546875 0.0 12.3046875 0.0 0.0 26.4921875 0.0 12.515625 0.0 0.0 25.7265625 0.0 12.375 0.0 0.0 23.4296875 0.0 5.855316162109375
154680920026 -0.031496062992125984 -0.0078125 0.0 0.025550565944881892 0.015394315944881887 -0.025550565944881892 -0.015394315944881887 0.0 12.5859375 0.0 0.0 23.046875 0.0 12.515625 0.0 0.0 26.4921875 0.0 12.69140625 0.0 0.0 25.53515625 0.0 12.62109375 0.0 0.0 24.1953125 0.0 5.7771148681640625
154680920199 -0.031496062992125984 -0.0078125 0.0 0.025550565944881892 0.015394315944881887 -0.025550565944881892 -0.015394315944881887 0.0 12.62109375 0.0 0.0 23.23828125 0.0 12.515625 0.0 0.0 25.91796875 0.0 12.69140625 0.0 0.0 26.30078125 0.0 12.65625 0.0 0.0 23.046875 0.0 5.786895751953125
154680920372 -0.031496062992125984 -0.0078125 0.0 0.025550565944881892 0.015394315944881887 -0.025550565944881892 -0.015394315944881887 0.0 12.62109375 0.0 0.0 23.23828125 0.0 12.515625 0.0 0.0 25.91796875 0.0 12.7265625 0.0 0.0 25.7265625 0.0 12.69140625 0.0 0.0 23.4296875 0.0 5.786895751953125
154680920545 -0.031496062992125984 -0.0078125 0.0 0.025550565944881892 0.015394315944881887 -0.025550565944881892 -0.015394315944881887 0.0 12.65625 0.0 0.0 23.23828125 0.0 12.55078125 0.0 0.0 25.91796875 0.0 12.7265625 0.0 0.0 25.91796875 0.0 12.69140625 0.0 0.0 23.4296875 0.0 5.786895751953125
154680920719 -0.031496062992125984 -0.0078125 0.0 0.025550565944881892 0.015394315944881887 -0.025550565944881892 -0.015394315944881887 0.0 12.65625 0.0 0.0 23.4296875 0.0 12.55078125 0.0 0.0 25.91796875 0.0 12.7265625 0.0 0.0 24.76953125 0.0 12.69140625 0.0 0.0 23.046875 0.0 5.786895751953125
154680920900 -0.031496062992125984 -0.0078125 0.0 0.025550565944881892 0.015394315944881887 -0.025550565944881892 -0.015394315944881887 0.0 12.65625 0.0 0.0 23.23828125 0.0 12.55078125 0.0 0.0 25.53515625 -17.3331298828125 12.7265625 0.0 0.0 26.109375 0.0 12.69140625 0.0 0.0 23.62109375 0.0 5.796661376953125
154680921080 -0.031496062992125984 -0.0078125 0.0 0.025550565944881892 0.015394315944881887 -0.025550565944881892 -0.015394315944881887 0.0 12.65625 0.0 0.0 22.85546875 0.0 12.55078125 0.0 0.0 25.53515625 8.064056396484375 12.7265625 0.0 0.0 25.53515625 0.0 12.69140625 0.0 0.0 22.6640625 0.0 5.786895751953125
154680921259 -0.031496062992125984 -0.0078125 0.0 0.025550565944881892 0.015394315944881887 -0.025550565944881892 -0.015394315944881887 0.0 12.69140625 0.0 0.0 23.4296875 0.0 12.55078125 0.0 0.0 25.34375 0.0 12.7265625 0.0 0.0 25.53515625 0.0 12.69140625 0.0 0.0 23.046875 0.0 5.786895751953125
154680921433 -0.031496062992125984 -0.0078125 0.0 0.025550565944881892 0.015394315944881887 -0.025550565944881892 -0.015394315944881887 0.0 12.69140625 0.0 0.0 23.046875 0.0 12.55078125 0.0 0.0 25.7265625 0.0 12.7265625 0.0 0.0 25.53515625 0.0 12.69140625 0.0 0.0 23.62109375 0.0 5.786895751953125
154680921611 -0.031496062992125984 -0.0078125 0.0 0.025550565944881892 0.015394315944881887 -0.025550565944881892 -0.015394315944881887 0.0 12.69140625 0.0 0.0 23.23828125 0.0 12.5859375 0.0 0.0 25.7265625 0.0 12.7265625 0.0 0.0 25.91796875 0.0 12.69140625 0.0 0.0 22.85546875 0.0 5.786895751953125
154680921800 -0.031496062992125984 -0.0078125 0.0 0.025550565944881892 0.015394315944881887 -0.025550565944881892 -0.015394315944881887 0.0 12.69140625 0.0 0.0 22.85546875 0.0 12.5859375 0.0 0.0 25.7265625 0.0 12.76171875 0.0 0.0 26.109375 0.0 12.7265625 0.0 0.0 23.23828125 0.0 5.786895751953125
154680921979 -0.031496062992125984 -0.0078125 0.0 0.025550565944881892 0.015394315944881887 -0.025550565944881892 -0.015394315944881887 0.0 12.69140625 0.0 0.0 23.23828125 0.0 12.55078125 0.0 0.0 25.53515625 0.0 12.76171875 0.0 0.0 25.53515625 0.0 12.7265625 0.0 0.0 23.046875 0.0 5.786895751953125
154680922153 -0.031496062992125984 -0.0078125 0.0 0.025550565944881892 0.015394315944881887 -0.025550565944881892 -0.015394315944881887 0.0 12.69140625 0.0 0.0 23.4296875 0.0 12.55078125 0.0 0.0 25.91796875 0.0 12.76171875 0.0 0.0 25.91796875 0.0 12.69140625 0.0 0.0 23.62109375 0.0 5.786895751953125
154680922331 -0.031496062992125984 -0.0078125 0.0 0.025550565944881892 0.015394315944881887 -0.025550565944881892 -0.015394315944881887 0.0 12.69140625 0.0 0.0 23.4296875 0.0 12.5859375 0.0 0.0 24.9609375 0.0 12.76171875 0.0 0.0 25.91796875 0.0 12.69140625 0.0 0.0 23.8125 0.0 5.786895751953125
154680922512 -0.031496062992125984 -0.0078125 0.0 0.025550565944881892 0.015394315944881887 -0.025550565944881892 -0.015394315944881887 0.0 12.69140625 0.0 0.0 23.23828125 0.0 12.55078125 0.0 0.0 25.91796875 0.0 12.76171875 0.0 0.0 25.53515625 0.0 12.69140625 0.0 0.0 23.4296875 0.0 5.786895751953125
154680922706 -0.031496062992125984 -0.0078125 0.0 0.025550565944881892 0.015394315944881887 -0.025550565944881892 -0.015394315944881887 0.0 12.69140625 0.0 0.0 22.85546875 0.0 12.5859375 0.0 0.0 25.91796875 0.0 12.76171875 0.0 0.0 26.109375 0.0 12.7265625 0.0 0.0 23.23828125 0.0 5.786895751953125
154680922885 -0.031496062992125984 -0.0078125 0.0 0.025550565944881892 0.015394315944881887 -0.025550565944881892 -0.015394315944881887 0.0 12.69140625 0.0 0.0 23.8125 0.0 12.5859375 0.0 0.0 25.34375 0.0 12.76171875 0.0 0.0 25.7265625 0.0 12.7265625 0.0 0.0 23.4296875 0.0 5.7771148681640625
154680923060 -0.031496062992125984 -0.0078125 0.0 0.025550565944881892 0.015394315944881887 -0.025550565944881892 -0.015394315944881887 0.0 12.69140625 0.0 0.0 23.62109375 0.0 12.5859375 0.0 0.0 25.91796875 0.0 12.76171875 0.0 0.0 25.34375 0.0 12.7265625 0.0 0.0 23.046875 0.0 5.786895751953125
154680923240 -0.031496062992125984 -0.0078125 0.0 0.025550565944881892 0.015394315944881887 -0.025550565944881892 -0.015394315944881887 0.0 12.69140625 0.0 0.0 23.23828125 0.0 12.55078125 0.0 0.0 26.4921875 0.0 12.76171875 0.0 0.0 25.91796875 0.0 12.7265625 0.0 0.0 23.046875 0.0 5.786895751953125
154680923420 -0.031496062992125984 -0.0078125 0.0 0.025550565944881892 0.015394315944881887 -0.025550565944881892 -0.015394315944881887 0.0 12.69140625 0.0 0.0 23.23828125 0.0 12.5859375 0.0 0.0 25.34375 0.0 12.76171875 0.0 0.0 25.15234375 0.0 12.7265625 0.0 0.0 23.8125 0.0 5.7771148681640625
154680923600 -0.031496062992125984 -0.0078125 0.0 0.025550565944881892 0.015394315944881887 -0.025550565944881892 -0.015394315944881887 0.0 12.69140625 0.0 0.0 21.70703125 0.0 12.5859375 0.0 0.0 26.875 0.0 12.76171875 0.0 0.0 25.53515625 0.0 12.7265625 0.0 0.0 24.578125 0.0 5.786895751953125
154680923797 -0.031496062992125984 -0.0078125 0.0 0.025550565944881892 0.015394315944881887 -0.025550565944881892 -0.015394315944881887 0.0 12.69140625 0.0 0.0 23.4296875 0.0 12.62109375 0.0 0.0 25.53515625 0.0 12.76171875 0.0 0.0 25.53515625 0.0 12.7265625 0.0 0.0 23.23828125 0.0 5.786895751953125
154680923972 -0.031496062992125984 -0.0078125 0.0 0.025550565944881892 0.015394315944881887 -0.025550565944881892 -0.015394315944881887 0.0 12.69140625 0.0 0.0 22.6640625 0.0 12.5859375 0.0 0.0 25.53515625 0.0 12.76171875 0.0 0.0 25.7265625 0.0 12.7265625 0.0 0.0 23.23828125 0.0 5.786895751953125
154680924146 -0.031496062992125984 -0.0078125 0.0 0.025550565944881892 0.015394315944881887 -0.025550565944881892 -0.015394315944881887 0.0 12.7265625 0.0 0.0 22.47265625 0.0 12.5859375 0.0 0.0 25.53515625 0.0 12.796875 0.0 0.0 25.91796875 0.0 12.7265625 0.0 0.0 23.4296875 0.0 5.786895751953125
154680924321 -0.031496062992125984 -0.0078125 0.0 0.025550565944881892 0.015394315944881887 -0.025550565944881892 -0.015394315944881887 0.0 12.7265625 0.0 0.0 23.62109375 0.0 12.62109375 0.0 0.0 25.91796875 0.0 12.76171875 0.0 0.0 25.7265625 0.0 12.7265625 0.0 0.0 24.38671875 0.0 5.7771148681640625
154680924498 -0.031496062992125984 -0.0078125 0.0 0.025550565944881892 0.015394315944881887 -0.025550565944881892 -0.015394315944881887 0.0 12.7265625 0.0 0.0 22.85546875 0.0 12.5859375 0.0 0.0 26.68359375 0.0 12.76171875 0.0 0.0 25.34375 0.0 12.7265625 0.0 0.0 24.00390625 0.0 5.7771148681640625
154680924673 -0.031496062992125984 -0.0078125 0.0 0.025550565944881892 0.015394315944881887 -0.025550565944881892 -0.015394315944881887 0.0 12.69140625 0.0 0.0 23.046875 0.0 12.62109375 0.0 0.0 26.109375 0.0 12.796875 0.0 0.0 25.34375 0.0 12.7265625 0.0 0.0 23.23828125 0.0 5.786895751953125
154680924853 -0.031496062992125984 -0.0078125 0.0 0.025550565944881892 0.015394315944881887 -0.025550565944881892 -0.015394315944881887 0.0 12.69140625 0.0 0.0 23.62109375 0.0 12.5859375 0.0 0.0 26.109375 0.0 12.76171875 0.0 0.0 25.7265625 0.0 12.7265625 0.0 0.0 23.4296875 0.0 5.796661376953125
154680925040 -0.031496062992125984 -0.0078125 0.0 0.025550565944881892 0.015394315944881887 -0.025550565944881892 -0.015394315944881887 0.0 12.7265625 0.0 0.0 22.28125 0.0 12.5859375 0.0 0.0 25.91796875 0.0 12.76171875 0.0 0.0 25.7265625 0.0 12.7265625 0.0 0.0 23.62109375 0.0 5.796661376953125
154680925221 -0.031496062992125984 -0.0078125 0.0 0.025550565944881892 0.015394315944881887 -0.025550565944881892 -0.015394315944881887 0.0 12.7265625 0.0 0.0 23.046875 0.0 12.62109375 0.0 0.0 26.4921875 0.0 12.76171875 0.0 0.0 25.53515625 0.0 12.7265625 0.0 0.0 23.4296875 0.0 5.786895751953125
154680925399 -0.031496062992125984 -0.0078125 0.0 0.025550565944881892 0.015394315944881887 -0.025550565944881892 -0.015394315944881887 0.0 12.69140625 0.0 0.0 23.046875 0.0 12.62109375 0.0 0.0 25.53515625 0.0 12.796875 0.0 0.0 25.53515625 0.0 12.7265625 0.0 0.0 23.62109375 0.0 5.796661376953125
154680925572 -0.031496062992125984 -0.0078125 0.0 0.025550565944881892 0.015394315944881887 -0.025550565944881892 -0.015394315944881887 0.0 12.7265625 0.0 0.0 23.23828125 0.0 12.5859375 0.0 0.0 25.53515625 2.982421875 12.796875 0.0 0.0 25.7265625 0.0 12.7265625 0.0 0.0 23.62109375 0.0 5.786895751953125
154680925781 -0.031496062992125984 -0.0078125 0.0 0.025550565944881892 0.015394315944881887 -0.025550565944881892 -0.015394315944881887 0.0 12.7265625 0.0 0.0 22.85546875 0.0 12.62109375 0.0 0.0 25.91796875 -3.672637939453125 12.796875 0.0 0.0 25.15234375 0.0 12.7265625 0.0 0.0 23.62109375 0.0 5.786895751953125
154680925971 -0.031496062992125984 -0.0078125 0.0 0.025550565944881892 0.015394315944881887 -0.025550565944881892 -0.015394315944881887 0.0 12.7265625 0.0 0.0 23.4296875 0.0 12.5859375 0.0 0.0 25.91796875 0.0 12.796875 0.0 0.0 25.34375 0.0 12.7265625 0.0 0.0 23.23828125 0.0 5.786895751953125
154680926140 -0.031496062992125984 -0.0078125 0.0 0.025550565944881892 0.015394315944881887 -0.025550565944881892 -0.015394315944881887 0.0 12.7265625 0.0 0.0 23.8125 0.0 12.62109375 0.0 0.0 25.15234375 0.0 12.796875 0.0 0.0 25.91796875 0.0 12.7265625 0.0 0.0 23.046875 0.0 5.786895751953125
154680926321 -0.031496062992125984 -0.0078125 0.0 0.025550565944881892 0.015394315944881887 -0.025550565944881892 -0.015394315944881887 0.0 12.69140625 0.0 0.0 23.4296875 0.0 12.62109375 0.0 0.0 25.91796875 0.0 12.796875 0.0 0.0 26.4921875 0.0 12.7265625 0.0 0.0 23.4296875 0.0 5.7771148681640625
154680926500 -0.031496062992125984 -0.0078125 0.0 0.025550565944881892 0.015394315944881887 -0.025550565944881892 -0.015394315944881887 0.0 12.7265625 0.0 0.0 23.23828125 0.0 12.62109375 0.0 0.0 25.53515625 0.0 12.796875 0.0 0.0 25.7265625 0.0 12.7265625 0.0 0.0 23.23828125 0.0 5.786895751953125
154680926680 -0.031496062992125984 -0.0078125 0.0 0.025550565944881892 0.015394315944881887 -0.025550565944881892 -0.015394315944881887 0.0 12.7265625 0.0 0.0 23.4296875 0.0 12.62109375 0.0 0.0 26.109375 0.0 12.76171875 0.0 0.0 25.7265625 0.0 12.76171875 0.0 0.0 22.85546875 0.0 5.7771148681640625
154680926860 -0.031496062992125984 -0.0078125 0.0 0.025550565944881892 0.015394315944881887 -0.025550565944881892 -0.015394315944881887 0.0 12.7265625 0.0 0.0 22.6640625 0.0 12.62109375 0.0 0.0 26.109375 0.0 12.796875 0.0 0.0 25.7265625 0.0 12.76171875 0.0 0.0 23.046875 0.0 5.786895751953125
154680927040 -0.031496062992125984 -0.0078125 0.0 0.025550565944881892 0.015394315944881887 -0.025550565944881892 -0.015394315944881887 0.0 12.7265625 0.0 0.0 22.85546875 0.0 12.5859375 0.0 0.0 26.109375 0.0 12.796875 0.0 0.0 25.53515625 0.0 12.7265625 0.0 0.0 23.23828125 0.0 5.786895751953125
154680927220 -0.031496062992125984 -0.0078125 0.0 0.025550565944881892 0.015394315944881887 -0.025550565944881892 -0.015394315944881887 0.0 12.7265625 0.0 0.0 23.046875 0.0 12.62109375 0.0 0.0 25.7265625 0.0 12.796875 0.0 0.0 25.34375 0.0 12.7265625 0.0 0.0 23.4296875 0.0 5.786895751953125
154680927399 -0.031496062992125984 -0.0078125 0.0 0.025550565944881892 0.015394315944881887 -0.025550565944881892 -0.015394315944881887 0.0 12.7265625 0.0 0.0 23.23828125 0.0 12.62109375 0.0 0.0 25.7265625 0.0 12.796875 0.0 0.0 25.91796875 0.0 12.7265625 0.0 0.0 23.4296875 0.0 5.786895751953125
154680927580 -0.031496062992125984 -0.0078125 0.0 0.025550565944881892 0.015394315944881887 -0.025550565944881892 -0.015394315944881887 0.0 12.7265625 0.0 0.0 22.6640625 0.0 12.62109375 0.0 0.0 25.91796875 0.0 12.375 0.0 0.0 25.91796875 0.0 11.53125 0.0 0.0 22.6640625 0.0 5.601165771484375
S: 154680927466 Fired
154680927773 -0.031496062992125984 -0.0078125 0.0 0.025550565944881892 0.015394315944881887 -0.025550565944881892 -0.015394315944881887 0.0 10.65234375 0.0 0.0 23.62109375 0.0 11.0390625 0.0 0.0 25.7265625 -8.631912231445312 10.8984375 0.0 0.0 25.7265625 0.0 11.07421875 0.0 0.0 23.62109375 0.0 4.8289337158203125
154680927932 -0.031496062992125984 -0.0078125 0.0 0.025550565944881892 0.015394315944881887 -0.025550565944881892 -0.015394315944881887 0.0 10.58203125 0.0 0.0 22.6640625 0.0 8.54296875 0.0 0.0 25.15234375 -23.4466552734375 11.6015625 0.0 0.0 25.7265625 0.0 11.77734375 0.0 0.0 23.046875 0.0 4.6138763427734375
154680928097 -0.031496062992125984 -0.0078125 0.0 0.025550565944881892 0.015394315944881887 -0.025550565944881892 -0.015394315944881887 0.0 11.98828125 0.0 0.0 23.62109375 0.0 12.375 0.0 0.0 25.91796875 -8.633224487304688 12.55078125 0.0 0.0 25.7265625 0.0 12.515625 0.0 0.0 23.046875 0.0 5.3763427734375
154680928258 -0.031496062992125984 -0.0078125 0.0 0.025550565944881892 0.015394315944881887 -0.025550565944881892 -0.015394315944881887 0.0 12.48046875 0.0 0.0 23.62109375 0.0 12.33984375 0.0 0.0 25.7265625 0.0 12.4453125 0.0 0.0 25.53515625 0.0 12.375 0.0 0.0 24.00390625 0.0 5.659820556640625
154680928412 -0.031496062992125984 -0.0078125 0.0 0.025550565944881892 0.015394315944881887 -0.025550565944881892 -0.015394315944881887 0.0 12.375 0.0 0.0 24.38671875 0.0 12.26953125 0.0 0.0 27.06640625 0.0 12.41015625 0.0 0.0 25.7265625 0.0 12.55078125 0.0 0.0 23.046875 0.0 5.8357696533203125
154680928586 -0.031496062992125984 -0.0078125 0.0 0.025550565944881892 0.015394315944881887 -0.025550565944881892 -0.015394315944881887 0.0 12.55078125 0.0 0.0 23.4296875 0.0 12.48046875 0.0 0.0 25.53515625 0.0 12.65625 0.0 0.0 25.7265625 0.0 12.62109375 0.0 0.0 23.62109375 0.0 5.7771148681640625
154680928779 -0.031496062992125984 -0.0078125 0.0 0.025550565944881892 0.015394315944881887 -0.025550565944881892 -0.015394315944881887 0.0 12.5859375 0.0 0.0 22.85546875 0.0 12.48046875 0.0 0.0 25.91796875 0.0 12.65625 0.0 0.0 25.7265625 0.0 12.62109375 0.0 0.0 23.8125 0.0 5.786895751953125
154680928966 -0.031496062992125984 -0.0078125 0.0 0.025550565944881892 0.015394315944881887 -0.025550565944881892 -0.015394315944881887 0.0 12.62109375 0.0 0.0 23.23828125 0.0 12.515625 0.0 0.0 25.7265625 0.0 12.69140625 0.0 0.0 25.91796875 0.0 12.62109375 0.0 0.0 23.4296875 0.0 5.786895751953125
154680929152 -0.031496062992125984 -0.0078125 0.0 0.025550565944881892 0.015394315944881887 -0.025550565944881892 -0.015394315944881887 0.0 12.62109375 0.0 0.0 22.6640625 0.0 12.515625 0.0 0.0 25.34375 -28.898025512695312 12.69140625 0.0 0.0 25.53515625 0.0 12.65625 0.0 0.0 23.8125 0.0 5.786895751953125
154680929339 -0.031496062992125984 -0.0078125 0.0 0.025550565944881892 0.015394315944881887 -0.025550565944881892 -0.015394315944881887 0.0 12.65625 0.0 0.0 23.4296875 0.0 12.55078125 0.0 0.0 25.7265625 7.6322021484375 12.69140625 0.0 0.0 25.53515625 0.0 12.65625 0.0 0.0 23.62109375 0.0 5.786895751953125
154680929523 -0.031496062992125984 -0.0078125 0.0 0.025550565944881892 0.015394315944881887 -0.025550565944881892 -0.015394315944881887 0.0 12.65625 0.0 0.0 22.6640625 0.0 12.55078125 0.0 0.0 25.91796875 2.6434173583984375 12.7265625 0.0 0.0 25.7265625 0.0 12.69140625 0.0 0.0 23.62109375 0.0 5.786895751953125
154680929699 -0.031496062992125984 -0.0078125 0.0 0.025550565944881892 0.015394315944881887 -0.025550565944881892 -0.015394315944881887 0.0 12.65625 0.0 0.0 23.23828125 0.0 12.55078125 0.0 0.0 26.109375 2.9093017578125 12.7265625 0.0 0.0 25.7265625 0.0 12.65625 0.0 0.0 23.046875 0.0 5.786895751953125
154680929878 -0.031496062992125984 -0.0078125 0.0 0.025550565944881892 0.015394315944881887 -0.025550565944881892 -0.015394315944881887 0.0 12.65625 0.0 0.0 23.046875 0.0 12.55078125 0.0 0.0 25.7265625 0.0 12.7265625 0.0 0.0 26.30078125 0.0 12.65625 0.0 0.0 24.00390625 0.0 5.786895751953125
154680930060 -0.031496062992125984 -0.0078125 0.0 0.025550565944881892 0.015394315944881887 -0.025550565944881892 -0.015394315944881887 0.0 12.65625 0.0 0.0 23.046875 0.0 12.55078125 0.0 0.0 25.91796875 0.0 12.7265625 0.0 0.0 25.7265625 0.0 12.69140625 0.0 0.0 22.85546875 0.0 5.786895751953125
154680930241 -0.031496062992125984 -0.0078125 0.0 0.025550565944881892 0.015394315944881887 -0.025550565944881892 -0.015394315944881887 0.0 12.65625 0.0 0.0 22.85546875 0.0 12.55078125 0.0 0.0 25.53515625 0.0 12.7265625 0.0 0.0 25.7265625 0.0 12.69140625 0.0 0.0 23.23828125 0.0 5.7771148681640625
154680930418 -0.031496062992125984 -0.0078125 0.0 0.025550565944881892 0.015394315944881887 -0.025550565944881892 -0.015394315944881887 0.0 12.65625 0.0 0.0 23.23828125 0.0 12.55078125 0.0 0.0 25.7265625 0.0 12.76171875 0.0 0.0 25.91796875 0.0 12.69140625 0.0 0.0 24.00390625 0.0 5.786895751953125
154680930601 -0.031496062992125984 -0.0078125 0.0 0.025550565944881892 0.015394315944881887 -0.025550565944881892 -0.015394315944881887 0.0 12.65625 0.0 0.0 23.23828125 0.0 12.55078125 0.0 0.0 25.34375 0.0 12.7265625 0.0 0.0 25.7265625 0.0 12.69140625 0.0 0.0 23.62109375 0.0 5.786895751953125
154680930779 -0.031496062992125984 -0.0078125 0.0 0.025550565944881892 0.015394315944881887 -0.025550565944881892 -0.015394315944881887 0.0 12.65625 0.0 0.0 24.38671875 0.0 12.55078125 0.0 0.0 25.53515625 0.0 12.7265625 0.0 0.0 26.109375 0.0 12.69140625 0.0 0.0 23.4296875 0.0 5.786895751953125
154680930954 -0.031496062992125984 -0.0078125 0.0 0.025550565944881892 0.015394315944881887 -0.025550565944881892 -0.015394315944881887 0.0 12.65625 0.0 0.0 23.62109375 0.0 12.55078125 0.0 0.0 25.53515625 0.0 12.7265625 0.0 0.0 26.109375 0.0 12.69140625 0.0 0.0 23.4296875 0.0 5.7771148681640625
154680931139 -0.031496062992125984 -0.0078125 0.0 0.025550565944881892 0.015394315944881887 -0.025550565944881892 -0.015394315944881887 0.0 12.65625 0.0 0.0 23.046875 0.0 12.55078125 0.0 0.0 24.9609375 0.0 12.7265625 0.0 0.0 25.91796875 0.0 12.69140625 0.0 0.0 23.8125 0.0 5.786895751953125
154680931312 -0.031496062992125984 -0.0078125 0.0 0.025550565944881892 0.015394315944881887 -0.025550565944881892 -0.015394315944881887 0.0 12.69140625 0.0 0.0 22.85546875 0.0 12.5859375 0.0 0.0 26.30078125 0.0 12.76171875 0.0 0.0 25.34375 0.0 12.7265625 0.0 0.0 23.62109375 0.0 5.7771148681640625
154680931501 -0.031496062992125984 -0.0078125 0.0 0.025550565944881892 0.015394315944881887 -0.025550565944881892 -0.015394315944881887 0.0 12.65625 0.0 0.0 24.76953125 0.0 12.55078125 0.0 0.0 25.7265625 0.0 12.76171875 0.0 0.0 26.30078125 0.0 12.69140625 0.0 0.0 23.4296875 0.0 5.786895751953125
154680931789 -0.031496062992125984 -0.0078125 0.0 0.025550565944881892 0.015394315944881887 -0.025550565944881892 -0.015394315944881887 0.0 12.65625 0.0 0.0 23.8125 0.0 12.5859375 0.0 0.0 25.34375 0.0 12.7265625 0.0 0.0 25.91796875 0.0 12.69140625 0.0 0.0 23.4296875 0.0 5.786895751953125
154680932006 -0.031496062992125984 -0.0078125 0.0 0.025550565944881892 0.015394315944881887 -0.025550565944881892 -0.015394315944881887 0.0 12.69140625 0.0 0.0 22.85546875 0.0 12.5859375 0.0 0.0 25.34375 0.0 12.76171875 0.0 0.0 25.53515625 0.0 12.69140625 0.0 0.0 23.62109375 0.0 5.786895751953125
154680932185 -0.031496062992125984 -0.0078125 0.0 0.025550565944881892 0.015394315944881887 -0.025550565944881892 -0.015394315944881887 0.0 12.69140625 0.0 0.0 23.62109375 0.0 12.5859375 0.0 0.0 25.34375 0.0 12.76171875 0.0 0.0 25.91796875 0.0 12.69140625 0.0 0.0 23.4296875 0.0 5.786895751953125
154680932359 -0.031496062992125984 -0.0078125 0.0 0.025550565944881892 0.015394315944881887 -0.025550565944881892 -0.015394315944881887 0.0 12.69140625 0.0 0.0 23.8125 0.0 12.5859375 0.0 0.0 25.53515625 0.0 12.76171875 0.0 0.0 25.7265625 0.0 12.69140625 0.0 0.0 23.62109375 0.0 5.786895751953125
154680932546 -0.031496062992125984 -0.0078125 0.0 0.025550565944881892 0.015394315944881887 -0.025550565944881892 -0.015394315944881887 0.0 12.69140625 0.0 0.0 21.8984375 0.0 12.5859375 0.0 0.0 25.7265625 0.0 12.76171875 0.0 0.0 25.7265625 0.0 12.7265625 0.0 0.0 23.4296875 0.0 5.7771148681640625
154680932725 -0.031496062992125984 -0.0078125 0.0 0.025550565944881892 0.015394315944881887 -0.025550565944881892 -0.015394315944881887 0.0 12.69140625 0.0 0.0 23.4296875 0.0 12.5859375 0.0 0.0 26.109375 0.0 12.76171875 0.0 0.0 25.7265625 0.0 12.7265625 0.0 0.0 23.046875 0.0 5.786895751953125
154680932911 -0.031496062992125984 -0.0078125 0.0 0.025550565944881892 0.015394315944881887 -0.025550565944881892 -0.015394315944881887 0.0 12.69140625 0.0 0.0 23.4296875 0.0 12.5859375 0.0 0.0 26.109375 0.0 12.76171875 0.0 0.0 25.34375 0.0 12.7265625 0.0 0.0 23.8125 0.0 5.786895751953125
154680933091 -0.031496062992125984 -0.0078125 0.0 0.025550565944881892 0.015394315944881887 -0.025550565944881892 -0.015394315944881887 0.0 12.69140625 0.0 0.0 23.046875 0.0 12.5859375 0.0 0.0 25.34375 0.0 12.76171875 0.0 0.0 25.53515625 0.0 12.7265625 0.0 0.0 23.4296875 0.0 5.786895751953125
154680933272 -0.031496062992125984 -0.0078125 0.0 0.025550565944881892 0.015394315944881887 -0.025550565944881892 -0.015394315944881887 0.0 12.69140625 0.0 0.0 22.85546875 0.0 12.5859375 0.0 0.0 25.7265625 0.0 12.76171875 0.0 0.0 25.34375 0.0 12.69140625 0.0 0.0 23.8125 0.0 5.7771148681640625
154680933451 -0.031496062992125984 -0.0078125 0.0 0.025550565944881892 0.015394315944881887 -0.025550565944881892 -0.015394315944881887 0.0 12.69140625 0.0 0.0 23.046875 0.0 12.5859375 0.0 0.0 26.109375 0.0 12.76171875 0.0 0.0 25.53515625 0.0 12.7265625 0.0 0.0 23.62109375 0.0 5.786895751953125
154680933639 -0.031496062992125984 -0.0078125 0.0 0.025550565944881892 0.015394315944881887 -0.025550565944881892 -0.015394315944881887 0.0 12.69140625 0.0 0.0 23.62109375 0.0 12.5859375 0.0 0.0 25.53515625 0.0 12.76171875 0.0 0.0 25.53515625 0.0 12.7265625 0.0 0.0 23.62109375 0.0 5.786895751953125
154680933814 -0.031496062992125984 -0.0078125 0.0 0.025550565944881892 0.015394315944881887 -0.025550565944881892 -0.015394315944881887 0.0 12.7265625 0.0 0.0 22.85546875 0.0 12.5859375 0.0 0.0 25.91796875 0.0 12.76171875 0.0 0.0 26.109375 0.0 12.7265625 0.0 0.0 23.23828125 0.0 5.786895751953125
154680933992 -0.031496062992125984 -0.0078125 0.0 0.025550565944881892 0.015394315944881887 -0.025550565944881892 -0.015394315944881887 0.0 12.69140625 0.0 0.0 23.23828125 0.0 12.5859375 0.0 0.0 25.91796875 0.0 12.76171875 0.0 0.0 25.34375 0.0 12.7265625 0.0 0.0 24.00390625 0.0 5.7771148681640625
154680934167 -0.031496062992125984 -0.0078125 0.0 0.025550565944881892 0.015394315944881887 -0.025550565944881892 -0.015394315944881887 0.0 12.7265625 0.0 0.0 23.4296875 0.0 12.5859375 0.0 0.0 25.53515625 0.0 12.76171875 0.0 0.0 25.34375 0.0 12.7265625 0.0 0.0 23.4296875 0.0 5.7771148681640625
154680934339 -0.031496062992125984 -0.0078125 0.0 0.025550565944881892 0.015394315944881887 -0.025550565944881892 -0.015394315944881887 0.0 12.69140625 0.0 0.0 23.62109375 0.0 12.5859375 0.0 0.0 26.30078125 10.936843872070312 12.76171875 0.0 0.0 25.7265625 0.0 12.7265625 0.0 0.0 23.8125 0.0 5.7771148681640625
154680934519 -0.031496062992125984 -0.0078125 0.0 0.025550565944881892 0.015394315944881887 -0.025550565944881892 -0.015394315944881887 0.0 12.7265625 0.0 0.0 23.4296875 0.0 12.5859375 0.0 0.0 25.34375 -3.7804718017578125 12.76171875 0.0 0.0 25.91796875 0.0 12.7265625 0.0 0.0 23.8125 0.0 5.7771148681640625
154680934699 -0.031496062992125984 -0.0078125 0.0 0.025550565944881892 0.015394315944881887 -0.025550565944881892 -0.015394315944881887 0.0 12.7265625 0.0 0.0 23.046875 0.0 12.5859375 0.0 0.0 26.109375 0.0 12.76171875 0.0 0.0 26.109375 0.0 12.76171875 0.0 0.0 22.85546875 0.0 5.786895751953125
154680934905 -0.031496062992125984 -0.0078125 0.0 0.025550565944881892 0.015394315944881887 -0.025550565944881892 -0.015394315944881887 0.0 12.7265625 0.0 0.0 23.23828125 0.0 12.5859375 0.0 0.0 25.53515625 0.0 12.76171875 0.0 0.0 25.7265625 0.0 12.7265625 0.0 0.0 23.23828125 0.0 5.786895751953125
154680935080 -0.031496062992125984 -0.0078125 0.0 0.025550565944881892 0.015394315944881887 -0.025550565944881892 -0.015394315944881887 0.0 12.7265625 0.0 0.0 23.62109375 0.0 12.5859375 0.0 0.0 25.15234375 0.0 12.76171875 0.0 0.0 25.53515625 0.0 12.7265625 0.0 0.0 23.046875 0.0 5.7771148681640625
154680935260 -0.031496062992125984 -0.0078125 0.0 0.025550565944881892 0.015394315944881887 -0.025550565944881892 -0.015394315944881887 0.0 12.7265625 0.0 0.0 23.4296875 0.0 12.62109375 0.0 0.0 25.7265625 0.0 12.796875 0.0 0.0 25.34375 0.0 12.7265625 0.0 0.0 23.8125 0.0 5.7771148681640625
154680935457 -0.031496062992125984 -0.0078125 0.0 0.025550565944881892 0.015394315944881887 -0.025550565944881892 -0.015394315944881887 0.0 12.7265625 0.0 0.0 23.4296875 0.0 12.5859375 0.0 0.0 25.7265625 0.0 12.76171875 0.0 0.0 26.30078125 0.0 12.7265625 0.0 0.0 23.8125 0.0 5.786895751953125
154680935632 -0.031496062992125984 -0.0078125 0.0 0.025550565944881892 0.015394315944881887 -0.025550565944881892 -0.015394315944881887 0.0 12.7265625 0.0 0.0 23.4296875 0.0 12.62109375 0.0 0.0 25.53515625 0.0 12.375 0.0 0.0 25.34375 0.0 11.25 0.0 0.0 23.23828125 0.0 5.7477874755859375
S: 154680935518 Fired
154680935803 -0.031496062992125984 -0.0078125 0.0 0.025550565944881892 0.015394315944881887 -0.025550565944881892 -0.015394315944881887 0.0 10.828125 0.0 0.0 22.6640625 0.0 10.86328125 0.0 0.0 26.4921875 5.7581787109375 10.6875 0.0 0.0 25.34375 0.0 11.00390625 0.0 0.0 23.4296875 0.0 5.0048828125
154680935971 -0.031496062992125984 -0.0078125 0.0 0.025550565944881892 0.015394315944881887 -0.025550565944881892 -0.015394315944881887 0.0 11.14453125 0.0 0.0 23.046875 0.0 9.10546875 0.0 0.0 25.53515625 -14.122421264648438 9.80859375 0.0 0.0 25.15234375 0.0 11.6015625 0.0 0.0 23.62109375 0.0 4.6138763427734375
154680936124 -0.031496062992125984 -0.0078125 0.0 0.025550565944881892 0.015394315944881887 -0.025550565944881892 -0.015394315944881887 0.0 11.91796875 0.0 0.0 22.85546875 0.0 12.3046875 0.0 0.0 25.53515625 8.796859741210938 12.515625 0.0 0.0 25.7265625 0.0 12.48046875 0.0 0.0 23.62109375 0.0 5.2785797119140625
154680936307 -0.031496062992125984 -0.0078125 0.0 0.025550565944881892 0.015394315944881887 -0.025550565944881892 -0.015394315944881887 0.0 12.48046875 0.0 0.0 24.1953125 0.0 12.375 0.0 0.0 25.7265625 7.3541107177734375 12.48046875 0.0 0.0 25.53515625 0.0 12.3046875 0.0 0.0 23.8125 0.0 5.57183837890625
154680936478 -0.031496062992125984 -0.0078125 0.0 0.025550565944881892 0.015394315944881887 -0.025550565944881892 -0.015394315944881887 0.0 12.33984375 0.0 0.0 24.00390625 0.0 12.26953125 0.0 0.0 26.30078125 0.0 12.48046875 0.0 0.0 26.109375 0.0 12.55078125 0.0 0.0 23.4296875 0.0 5.8357696533203125
154680936647 -0.031496062992125984 -0.0078125 0.0 0.025550565944881892 0.015394315944881887 -0.025550565944881892 -0.015394315944881887 0.0 12.55078125 0.0 0.0 23.046875 0.0 12.48046875 0.0 0.0 25.53515625 0.0 12.65625 0.0 0.0 25.7265625 0.0 12.62109375 0.0 0.0 23.8125 0.0 5.786895751953125
154680936821 -0.031496062992125984 -0.0078125 0.0 0.025550565944881892 0.015394315944881887 -0.025550565944881892 -0.015394315944881887 0.0 12.5859375 0.0 0.0 23.4296875 0.0 12.48046875 0.0 0.0 25.34375 0.0 12.65625 0.0 0.0 25.91796875 0.0 12.62109375 0.0 0.0 23.23828125 0.0 5.7771148681640625
154680937000 -0.031496062992125984 -0.0078125 0.0 0.025550565944881892 0.015394315944881887 -0.025550565944881892 -0.015394315944881887 0.0 12.5859375 0.0 0.0 23.4296875 0.0 12.48046875 0.0 0.0 24.76953125 0.0 12.69140625 0.0 0.0 25.53515625 0.0 12.62109375 0.0 0.0 23.23828125 0.0 5.786895751953125
154680937178 -0.031496062992125984 -0.0078125 0.0 0.025550565944881892 0.015394315944881887 -0.025550565944881892 -0.015394315944881887 0.0 12.5859375 0.0 0.0 23.046875 0.0 12.515625 0.0 0.0 25.91796875 0.0 12.69140625 0.0 0.0 25.91796875 0.0 12.62109375 0.0 0.0 23.62109375 0.0 5.786895751953125
154680937352 -0.031496062992125984 -0.0078125 0.0 0.025550565944881892 0.015394315944881887 -0.025550565944881892 -0.015394315944881887 0.0 12.62109375 0.0 0.0 23.62109375 0.0 12.515625 0.0 0.0 25.91796875 0.0 12.69140625 0.0 0.0 25.7265625 0.0 12.65625 0.0 0.0 23.8125 0.0 5.786895751953125
154680937540 -0.031496062992125984 -0.0078125 0.0 0.025550565944881892 0.015394315944881887 -0.025550565944881892 -0.015394315944881887 0.0 12.62109375 0.0 0.0 23.23828125 0.0 12.515625 0.0 0.0 25.91796875 0.0 12.69140625 0.0 0.0 25.7265625 0.0 12.65625 0.0 0.0 23.8125 0.0 5.786895751953125
154680937712 -0.031496062992125984 -0.0078125 0.0 0.025550565944881892 0.015394315944881887 -0.025550565944881892 -0.015394315944881887 0.0 12.62109375 0.0 0.0 23.23828125 0.0 12.515625 0.0 0.0 25.53515625 0.0 12.69140625 0.0 0.0 25.91796875 0.0 12.65625 0.0 0.0 22.85546875 0.0 5.786895751953125
154680937914 -0.031496062992125984 -0.0078125 0.0 0.025550565944881892 0.015394315944881887 -0.025550565944881892 -0.015394315944881887 0.0 12.65625 0.0 0.0 21.515625 0.0 12.515625 0.0 0.0 26.109375 0.0 12.7265625 0.0 0.0 25.91796875 0.0 12.65625 0.0 0.0 23.4296875 0.0 5.7771148681640625
154680938092 -0.031496062992125984 -0.0078125 0.0 0.025550565944881892 0.015394315944881887 -0.025550565944881892 -0.015394315944881887 0.0 12.62109375 0.0 0.0 22.28125 0.0 12.515625 0.0 0.0 25.91796875 0.0 12.7265625 0.0 0.0 25.34375 0.0 12.69140625 0.0 0.0 23.4296875 0.0 5.786895751953125
154680938267 -0.031496062992125984 -0.0078125 0.0 0.025550565944881892 0.015394315944881887 -0.025550565944881892 -0.015394315944881887 0.0 12.62109375 0.0 0.0 23.4296875 0.0 12.55078125 0.0 0.0 25.91796875 -6.653900146484375 12.7265625 0.0 0.0 25.7265625 0.0 12.69140625 0.0 0.0 23.62109375 0.0 5.7771148681640625
154680938440 -0.031496062992125984 -0.0078125 0.0 0.025550565944881892 0.015394315944881887 -0.025550565944881892 -0.015394315944881887 0.0 12.65625 0.0 0.0 24.38671875 0.0 12.55078125 0.0 0.0 25.7265625 3.8444976806640625 12.7265625 0.0 0.0 25.7265625 0.0 12.69140625 0.0 0.0 23.4296875 0.0 5.7771148681640625
154680938619 -0.031496062992125984 -0.0078125 0.0 0.025550565944881892 0.015394315944881887 -0.025550565944881892 -0.015394315944881887 0.0 12.65625 0.0 0.0 22.85546875 0.0 12.55078125 0.0 0.0 25.7265625 0.0 12.7265625 0.0 0.0 25.53515625 0.0 12.69140625 0.0 0.0 24.1953125 0.0 5.7771148681640625
154680938798 -0.031496062992125984 -0.0078125 0.0 0.025550565944881892 0.015394315944881887 -0.025550565944881892 -0.015394315944881887 0.0 12.69140625 0.0 0.0 23.62109375 0.0 12.55078125 0.0 0.0 25.91796875 0.0 12.7265625 0.0 0.0 25.15234375 0.0 12.69140625 0.0 0.0 23.62109375 0.0 5.786895751953125
154680938973 -0.031496062992125984 -0.0078125 0.0 0.025550565944881892 0.015394315944881887 -0.025550565944881892 -0.015394315944881887 0.0 12.69140625 0.0 0.0 23.4296875 0.0 12.55078125 0.0 0.0 25.91796875 0.0 12.7265625 0.0 0.0 25.34375 0.0 12.69140625 0.0 0.0 24.1953125 0.0 5.7771148681640625
154680939141 -0.031496062992125984 -0.0078125 0.0 0.025550565944881892 0.015394315944881887 -0.025550565944881892 -0.015394315944881887 0.0 12.69140625 0.0 0.0 23.23828125 0.0 12.55078125 0.0 0.0 25.91796875 0.0 12.7265625 0.0 0.0 26.109375 0.0 12.69140625 0.0 0.0 24.00390625 0.0 5.7771148681640625
154680939333 -0.031496062992125984 -0.0078125 0.0 0.025550565944881892 0.015394315944881887 -0.025550565944881892 -0.015394315944881887 0.0 12.65625 0.0 0.0 22.6640625 0.0 12.55078125 0.0 0.0 24.9609375 0.0 12.7265625 0.0 0.0 26.109375 0.0 12.69140625 0.0 0.0 24.00390625 0.0 5.786895751953125
154680939512 -0.031496062992125984 -0.0078125 0.0 0.025550565944881892 0.015394315944881887 -0.025550565944881892 -0.015394315944881887 0.0 12.65625 0.0 0.0 23.4296875 0.0 12.55078125 0.0 0.0 25.7265625 0.0 12.7265625 0.0 0.0 25.91796875 0.0 12.69140625 0.0 0.0 23.8125 0.0 5.7771148681640625
154680939691 -0.031496062992125984 -0.0078125 0.0 0.025550565944881892 0.015394315944881887 -0.025550565944881892 -0.015394315944881887 0.0 12.65625 0.0 0.0 23.23828125 0.0 12.55078125 0.0 0.0 25.53515625 0.0 12.76171875 0.0 0.0 25.34375 0.0 12.7265625 0.0 0.0 23.4296875 0.0 5.786895751953125
154680939837 -0.031496062992125984 -0.0078125 0.0 0.025550565944881892 0.015394315944881887 -0.025550565944881892 -0.015394315944881887 0.0 12.69140625 0.0 0.0 23.62109375 0.0 12.55078125 0.0 0.0 26.4921875 0.0 12.76171875 0.0 0.0 25.91796875 0.0 12.7265625 0.0 0.0 23.4296875 0.0 5.7771148681640625
