153989906721 Joystick axes: 0.0078125 -0.0078125 -0.0078125 Motor Outputs: 0.0 0.0 0.0 0.0 Front_Left: 0.0 0.0 23.23828125 Back_Left: 0.0 0.0 25.7265625 Back_Right: 0.0 0.0 25.34375 Front_Right: 0.0 0.0 22.6640625 Pickup: 0.0 Shooter: 0.0 5.845550537109375
153989906848 Joystick axes: 0.0078125 -0.0078125 -0.0078125 Motor Outputs: -0.00390625 0.00625 -0.00390625 -0.0140625 Front_Left: 0.0 0.0 22.28125 Back_Left: 0.0 0.0 25.15234375 Back_Right: 0.0 0.0 25.34375 Front_Right: 0.0 0.0 22.85546875 Pickup: 0.0 Shooter: 0.0 5.845550537109375
153989906969 Joystick axes: 0.0078125 -0.0078125 -0.0078125 Motor Outputs: -0.00390625 0.00625 -0.00390625 -0.0140625 Front_Left: 0.0 0.0 22.47265625 Back_Left: 0.0 0.0 25.34375 Back_Right: 0.0 0.0 25.34375 Front_Right: 0.0 0.0 23.4296875 Pickup: 0.0 Shooter: 0.0 5.845550537109375
153989907076 Joystick axes: 0.0078125 -0.0078125 -0.0078125 Motor Outputs: -0.00390625 0.00625 -0.00390625 -0.0140625 Front_Left: 0.0 0.0 23.62109375 Back_Left: 0.0 0.0 25.53515625 Back_Right: 0.0 0.0 24.9609375 Front_Right: 0.0 0.0 22.85546875 Pickup: 0.0 Shooter: 0.0 5.845550537109375
153989907210 Joystick axes: 0.0078125 -0.0078125 -0.0078125 Motor Outputs: -0.00390625 0.00625 -0.00390625 -0.0140625 Front_Left: 0.0 0.0 21.70703125 Back_Left: 0.0 0.0 24.00390625 Back_Right: 0.0 0.0 24.9609375 Front_Right: 0.0 0.0 22.6640625 Pickup: 0.0 Shooter: 0.0 5.8357696533203125
153989907335 Joystick axes: 0.0078125 -0.0078125 -0.0078125 Motor Outputs: -0.00390625 0.00625 -0.00390625 -0.0140625 Front_Left: 0.0 0.0 22.28125 Back_Left: 0.0 0.0 25.34375 Back_Right: 0.0 0.0 24.9609375 Front_Right: 0.0 0.0 22.85546875 Pickup: 0.0 Shooter: 0.0 5.845550537109375
153989907455 Joystick axes: 0.0078125 -0.0078125 -0.0078125 Motor Outputs: -0.00390625 0.00625 -0.00390625 -0.0140625 Front_Left: 0.0 0.0 22.6640625 Back_Left: 0.0 0.0 25.34375 Back_Right: 0.0 0.0 25.53515625 Front_Right: 0.0 0.0 22.85546875 Pickup: 0.0 Shooter: 0.0 5.845550537109375
153989907587 Joystick axes: 0.0078125 -0.0078125 -0.0078125 Motor Outputs: -0.00390625 0.00625 -0.00390625 -0.0140625 Front_Left: 0.0 0.0 22.28125 Back_Left: 0.0 0.0 25.15234375 Back_Right: 0.0 0.0 24.9609375 Front_Right: 0.0 0.0 22.85546875 Pickup: 0.0 Shooter: 0.0 5.845550537109375
153989907707 Joystick axes: 0.0078125 -0.0078125 -0.0078125 Motor Outputs: -0.00390625 0.00625 -0.00390625 -0.0140625 Front_Left: 0.0 0.0 22.6640625 Back_Left: 0.0 0.0 25.34375 Back_Right: 0.0 0.0 25.7265625 Front_Right: 0.0 0.0 22.47265625 Pickup: 0.0 Shooter: 0.0 5.845550537109375
153989907828 Joystick axes: 0.0078125 -0.0078125 -0.0078125 Motor Outputs: -0.00390625 0.00625 -0.00390625 -0.0140625 Front_Left: 0.0 0.0 22.85546875 Back_Left: 0.0 0.0 25.91796875 Back_Right: 0.0 0.0 25.15234375 Front_Right: 0.0 0.0 22.85546875 Pickup: 0.0 Shooter: 0.0 5.845550537109375
153989907949 Joystick axes: 0.0078125 -0.0078125 -0.0078125 Motor Outputs: -0.00390625 0.00625 -0.00390625 -0.0140625 Front_Left: 0.0 0.0 23.62109375 Back_Left: 0.0 0.0 25.53515625 Back_Right: 0.0 0.0 25.53515625 Front_Right: 0.0 0.0 23.046875 Pickup: 0.0 Shooter: 0.0 5.845550537109375
153989908069 Joystick axes: 0.0078125 -0.0078125 -0.0078125 Motor Outputs: -0.00390625 0.00625 -0.00390625 -0.0140625 Front_Left: 0.0 0.0 22.28125 Back_Left: 0.0 0.0 25.53515625 Back_Right: 0.0 0.0 25.15234375 Front_Right: 0.0 0.0 23.046875 Pickup: 0.0 Shooter: 0.0 5.845550537109375
153989908208 Joystick axes: 0.0078125 -0.0078125 -0.0078125 Motor Outputs: -0.00390625 0.00625 -0.00390625 -0.0140625 Front_Left: 0.0 0.0 21.70703125 Back_Left: 0.0 0.0 25.34375 Back_Right: 0.0 0.0 24.76953125 Front_Right: 0.0 0.0 23.046875 Pickup: 0.0 Shooter: 0.0 5.659820556640625
S: 153989908092 Fired
153989908330 Joystick axes: 0.0078125 -0.0078125 -0.0078125 Motor Outputs: -0.00390625 0.00625 -0.00390625 -0.0140625 Front_Left: 0.0 0.0 22.28125 Back_Left: 0.0 0.0 25.53515625 Back_Right: 0.0 0.0 25.15234375 Front_Right: 0.0 0.0 22.85546875 Pickup: 0.0 Shooter: 0.0 5.1515045166015625
153989908468 Joystick axes: 0.0078125 -0.0078125 -0.0078125 Motor Outputs: -0.00390625 0.00625 -0.00390625 -0.0140625 Front_Left: 0.0 0.0 22.47265625 Back_Left: 0.0 0.0 25.34375 Back_Right: 0.0 0.0 25.53515625 Front_Right: 0.0 0.0 22.85546875 Pickup: 0.0 Shooter: 0.0 4.408599853515625
153989908609 Joystick axes: 0.0078125 -0.0078125 -0.0078125 Motor Outputs: -0.00390625 0.00625 -0.00390625 -0.0140625 Front_Left: 0.0 0.0 22.6640625 Back_Left: 0.0 0.0 25.15234375 Back_Right: 0.0 0.0 25.53515625 Front_Right: 0.0 0.0 22.85546875 Pickup: 0.0 Shooter: 0.0 4.4965667724609375
153989908728 Joystick axes: 0.0078125 -0.0078125 -0.0078125 Motor Outputs: -0.00390625 0.00625 -0.00390625 -0.0140625 Front_Left: 0.0 0.0 23.23828125 Back_Left: 0.0 0.0 25.34375 Back_Right: 0.0 0.0 25.53515625 Front_Right: 0.0 0.0 22.6640625 Pickup: 0.0 Shooter: 0.0 4.8093719482421875
153989908848 Joystick axes: 0.0078125 -0.0078125 -0.0078125 Motor Outputs: -0.00390625 0.00625 -0.00390625 -0.0140625 Front_Left: 0.0 0.0 22.85546875 Back_Left: 0.0 0.0 24.9609375 Back_Right: 0.0 0.0 25.34375 Front_Right: 0.0 0.0 23.23828125 Pickup: 0.0 Shooter: 0.0 5.356781005859375
153989908974 Joystick axes: 0.0078125 -0.0078125 -0.0078125 Motor Outputs: -0.00390625 0.00625 -0.00390625 -0.0140625 Front_Left: 0.0 0.0 23.046875 Back_Left: 0.0 0.0 25.15234375 Back_Right: 0.0 0.0 24.9609375 Front_Right: 0.0 0.0 22.08984375 Pickup: 0.0 Shooter: 0.0 5.601165771484375
153989909109 Joystick axes: 0.0078125 -0.0078125 -0.0078125 Motor Outputs: -0.00390625 0.00625 -0.00390625 -0.0140625 Front_Left: 0.0 0.0 22.6640625 Back_Left: 0.0 0.0 25.53515625 Back_Right: 0.0 0.0 24.9609375 Front_Right: 0.0 0.0 22.47265625 Pickup: 0.0 Shooter: 0.0 5.7771148681640625
153989909227 Joystick axes: 0.0078125 -0.0078125 -0.0078125 Motor Outputs: -0.00390625 0.00625 -0.00390625 -0.0140625 Front_Left: 0.0 0.0 23.23828125 Back_Left: 0.0 0.0 24.9609375 Back_Right: 0.0 0.0 24.76953125 Front_Right: 0.0 0.0 22.85546875 Pickup: 0.0 Shooter: 0.0 5.855316162109375
153989909349 Joystick axes: 0.0078125 -0.0078125 -0.0078125 Motor Outputs: -0.00390625 0.00625 -0.00390625 -0.0140625 Front_Left: 0.0 0.0 22.6640625 Back_Left: 0.0 0.0 25.15234375 Back_Right: 0.0 0.0 25.15234375 Front_Right: 0.0 0.0 23.62109375 Pickup: 0.0 Shooter: 0.0 5.845550537109375
153989909476 Joystick axes: 0.0078125 -0.0078125 -0.0078125 Motor Outputs: -0.00390625 0.00625 -0.00390625 -0.0140625 Front_Left: 0.0 0.0 21.8984375 Back_Left: 0.0 0.0 25.34375 Back_Right: 0.0 0.0 24.9609375 Front_Right: 0.0 0.0 23.046875 Pickup: 0.0 Shooter: 0.0 5.8357696533203125
153989909601 Joystick axes: 0.0078125 -0.0078125 -0.0078125 Motor Outputs: -0.00390625 0.00625 -0.00390625 -0.0140625 Front_Left: 0.0 0.0 22.85546875 Back_Left: 0.0 0.0 25.34375 Back_Right: 0.0 0.0 25.53515625 Front_Right: 0.0 0.0 22.47265625 Pickup: 0.0 Shooter: 0.0 5.845550537109375
153989909721 Joystick axes: 0.0078125 -0.0078125 -0.0078125 Motor Outputs: -0.00390625 0.00625 -0.00390625 -0.0140625 Front_Left: 0.0 0.0 22.47265625 Back_Left: 0.0 0.0 25.7265625 Back_Right: 0.0 0.0 25.15234375 Front_Right: 0.0 0.0 23.23828125 Pickup: 0.0 Shooter: 0.0 5.8357696533203125
153989909841 Joystick axes: 0.0078125 -0.0078125 -0.0078125 Motor Outputs: -0.00390625 0.00625 -0.00390625 -0.0140625 Front_Left: 0.0 0.0 22.6640625 Back_Left: 0.0 0.0 25.7265625 Back_Right: 0.0 0.0 25.34375 Front_Right: 0.0 0.0 22.6640625 Pickup: 0.0 Shooter: 0.0 5.8357696533203125
153989909968 Joystick axes: 0.0078125 -0.0078125 -0.0078125 Motor Outputs: -0.00390625 0.00625 -0.00390625 -0.0140625 Front_Left: 0.0 0.0 22.85546875 Back_Left: 0.0 0.0 25.53515625 Back_Right: 0.0 0.0 25.34375 Front_Right: 0.0 0.0 22.6640625 Pickup: 0.0 Shooter: 0.0 5.8357696533203125
153989910090 Joystick axes: 0.0078125 -0.0078125 -0.0078125 Motor Outputs: -0.00390625 0.00625 -0.00390625 -0.0140625 Front_Left: 0.0 0.0 22.6640625 Back_Left: 0.0 0.0 25.91796875 Back_Right: 0.0 0.0 24.9609375 Front_Right: 0.0 0.0 22.6640625 Pickup: 0.0 Shooter: 0.0 5.8357696533203125
153989910226 Joystick axes: 0.0078125 -0.0078125 -0.0078125 Motor Outputs: -0.00390625 0.00625 -0.00390625 -0.0140625 Front_Left: 0.0 0.0 22.47265625 Back_Left: 0.0 0.0 25.7265625 Back_Right: 0.0 0.0 25.7265625 Front_Right: 0.0 0.0 22.85546875 Pickup: 0.0 Shooter: 0.0 5.8357696533203125
153989910347 Joystick axes: 0.0078125 -0.0078125 -0.0078125 Motor Outputs: -0.00390625 0.00625 -0.00390625 -0.0140625 Front_Left: 0.0 0.0 23.62109375 Back_Left: 0.0 0.0 25.15234375 Back_Right: 0.0 0.0 24.578125 Front_Right: 0.0 0.0 23.23828125 Pickup: 0.0 Shooter: 0.0 5.82598876953125
153989910501 Joystick axes: 0.0078125 -0.0078125 -0.0078125 Motor Outputs: -0.00390625 0.00625 -0.00390625 -0.0140625 Front_Left: 0.0 0.0 22.47265625 Back_Left: 0.0 0.0 24.00390625 Back_Right: 0.0 0.0 24.38671875 Front_Right: 0.0 0.0 23.23828125 Pickup: 0.0 Shooter: 0.0 5.8357696533203125
153989910620 Joystick axes: 0.0078125 -0.0078125 -0.0078125 Motor Outputs: -0.00390625 0.00625 -0.00390625 -0.0140625 Front_Left: 0.0 0.0 22.85546875 Back_Left: 0.0 0.0 25.15234375 Back_Right: 0.0 0.0 24.9609375 Front_Right: 0.0 0.0 22.28125 Pickup: 0.0 Shooter: 0.0 5.8357696533203125
153989910741 Joystick axes: 0.0078125 -0.0078125 -0.0078125 Motor Outputs: -0.00390625 0.00625 -0.00390625 -0.0140625 Front_Left: 0.0 0.0 22.85546875 Back_Left: 0.0 0.0 26.30078125 Back_Right: 0.0 0.0 25.15234375 Front_Right: 0.0 0.0 23.046875 Pickup: 0.0 Shooter: 0.0 5.8357696533203125
153989910869 Joystick axes: 0.0078125 -0.0078125 -0.0078125 Motor Outputs: -0.00390625 0.00625 -0.00390625 -0.0140625 Front_Left: 0.0 0.0 22.47265625 Back_Left: 0.0 0.0 25.53515625 Back_Right: 0.0 0.0 25.34375 Front_Right: 0.0 0.0 23.046875 Pickup: 0.0 Shooter: 0.0 5.8357696533203125
153989910988 Joystick axes: 0.0078125 -0.0078125 -0.0078125 Motor Outputs: -0.00390625 0.00625 -0.00390625 -0.0140625 Front_Left: 0.0 0.0 22.47265625 Back_Left: 0.0 0.0 25.91796875 Back_Right: 0.0 0.0 25.15234375 Front_Right: 0.0 0.0 23.046875 Pickup: 0.0 Shooter: 0.0 5.8357696533203125
153989911107 Joystick axes: 0.0078125 -0.0078125 -0.0078125 Motor Outputs: -0.00390625 0.00625 -0.00390625 -0.0140625 Front_Left: 0.0 0.0 22.6640625 Back_Left: 0.0 0.0 25.7265625 Back_Right: 0.0 0.0 25.15234375 Front_Right: 0.0 0.0 23.046875 Pickup: 0.0 Shooter: 0.0 5.8357696533203125
153989911222 Joystick axes: 0.0078125 -0.0078125 -0.0078125 Motor Outputs: -0.00390625 0.00625 -0.00390625 -0.0140625 Front_Left: 0.0 0.0 22.28125 Back_Left: 0.0 0.0 25.7265625 Back_Right: 0.0 0.0 25.91796875 Front_Right: 0.0 0.0 22.6640625 Pickup: 0.0 Shooter: 0.0 5.8357696533203125
153989911349 Joystick axes: 0.0078125 -0.0078125 -0.0078125 Motor Outputs: -0.00390625 0.00625 -0.00390625 -0.0140625 Front_Left: 0.0 0.0 23.046875 Back_Left: 0.0 0.0 25.53515625 Back_Right: 0.0 0.0 25.15234375 Front_Right: 0.0 0.0 23.046875 Pickup: 0.0 Shooter: 0.0 5.845550537109375
153989911469 Joystick axes: 0.0078125 -0.0078125 -0.0078125 Motor Outputs: -0.00390625 0.00625 -0.00390625 -0.0140625 Front_Left: 0.0 0.0 23.23828125 Back_Left: 0.0 0.0 25.34375 Back_Right: 0.0 0.0 25.15234375 Front_Right: 0.0 0.0 22.85546875 Pickup: 0.0 Shooter: 0.0 5.8357696533203125
153989911589 Joystick axes: 0.0078125 -0.0078125 -0.0078125 Motor Outputs: -0.00390625 0.00625 -0.00390625 -0.0140625 Front_Left: 0.0 0.0 22.08984375 Back_Left: 0.0 0.0 25.34375 Back_Right: 0.0 0.0 24.76953125 Front_Right: 0.0 0.0 22.85546875 Pickup: 0.0 Shooter: 0.0 5.8357696533203125
153989911707 Joystick axes: 0.0078125 -0.0078125 -0.0078125 Motor Outputs: -0.00390625 0.00625 -0.00390625 -0.0140625 Front_Left: 0.0 0.0 22.47265625 Back_Left: 0.0 0.0 24.76953125 Back_Right: 0.0 0.0 25.34375 Front_Right: 0.0 0.0 22.85546875 Pickup: 0.0 Shooter: 0.0 5.8357696533203125
153989911829 Joystick axes: 0.0078125 -0.0078125 -0.0078125 Motor Outputs: -0.00390625 0.00625 -0.00390625 -0.0140625 Front_Left: 0.0 0.0 23.046875 Back_Left: 0.0 0.0 24.38671875 Back_Right: 0.0 0.0 25.15234375 Front_Right: 0.0 0.0 22.6640625 Pickup: 0.0 Shooter: 0.0 5.8357696533203125
153989911948 Joystick axes: 0.0078125 -0.0078125 -0.0078125 Motor Outputs: -0.00390625 0.00625 -0.00390625 -0.0140625 Front_Left: 0.0 0.0 22.08984375 Back_Left: 0.0 0.0 26.30078125 Back_Right: 0.0 0.0 25.15234375 Front_Right: 0.0 0.0 23.046875 Pickup: 0.0 Shooter: 0.0 5.8357696533203125
153989912063 Joystick axes: 0.0078125 -0.0078125 -0.0078125 Motor Outputs: -0.00390625 0.00625 -0.00390625 -0.0140625 Front_Left: 0.0 0.0 22.6640625 Back_Left: 0.0 0.0 24.9609375 Back_Right: 0.0 0.0 25.53515625 Front_Right: 0.0 0.0 22.85546875 Pickup: 0.0 Shooter: 0.0 5.8357696533203125
153989912190 Joystick axes: 0.0078125 -0.0078125 -0.0078125 Motor Outputs: -0.00390625 0.00625 -0.00390625 -0.0140625 Front_Left: 0.0 0.0 22.47265625 Back_Left: 0.0 0.0 24.9609375 Back_Right: 0.0 0.0 25.53515625 Front_Right: 0.0 0.0 23.046875 Pickup: 0.0 Shooter: 0.0 5.8357696533203125
153989912322 Joystick axes: 0.0078125 -0.0078125 -0.0078125 Motor Outputs: -0.00390625 0.00625 -0.00390625 -0.0140625 Front_Left: 0.0 0.0 21.70703125 Back_Left: 0.0 0.0 25.15234375 Back_Right: 0.0 0.0 25.53515625 Front_Right: 0.0 0.0 22.28125 Pickup: 0.0 Shooter: 0.0 5.845550537109375
153989912461 Joystick axes: 0.0078125 -0.0078125 -0.0078125 Motor Outputs: -0.00390625 0.00625 -0.00390625 -0.0140625 Front_Left: 0.0 0.0 24.00390625 Back_Left: 0.0 0.0 25.53515625 Back_Right: 0.0 0.0 25.34375 Front_Right: 0.0 0.0 23.046875 Pickup: 0.0 Shooter: 0.0 5.82598876953125
153989912580 Joystick axes: 0.0078125 -0.0078125 -0.0078125 Motor Outputs: -0.00390625 0.00625 -0.00390625 -0.0140625 Front_Left: 0.0 0.0 22.85546875 Back_Left: 0.0 0.0 25.91796875 Back_Right: 0.0 0.0 25.15234375 Front_Right: 0.0 0.0 22.85546875 Pickup: 0.0 Shooter: 0.0 5.845550537109375
153989912703 Joystick axes: 0.0078125 -0.0078125 -0.0078125 Motor Outputs: -0.00390625 0.00625 -0.00390625 -0.0140625 Front_Left: 0.0 0.0 21.8984375 Back_Left: 0.0 0.0 25.15234375 Back_Right: 0.0 0.0 25.15234375 Front_Right: 0.0 0.0 22.85546875 Pickup: 0.0 Shooter: 0.0 5.82598876953125
153989912829 Joystick axes: 0.0078125 -0.0078125 -0.0078125 Motor Outputs: -0.00390625 0.00625 -0.00390625 -0.0140625 Front_Left: 0.0 0.0 22.28125 Back_Left: 0.0 0.0 25.91796875 Back_Right: 0.0 0.0 25.34375 Front_Right: 0.0 0.0 23.23828125 Pickup: 0.0 Shooter: 0.0 5.8357696533203125
153989912948 Joystick axes: 0.0078125 -0.0078125 -0.0078125 Motor Outputs: -0.00390625 0.00625 -0.00390625 -0.0140625 Front_Left: 0.0 0.0 22.47265625 Back_Left: 0.0 0.0 25.53515625 Back_Right: 0.0 0.0 25.34375 Front_Right: 0.0 0.0 22.6640625 Pickup: 0.0 Shooter: 0.0 5.8357696533203125
153989913069 Joystick axes: 0.0078125 -0.0078125 -0.0078125 Motor Outputs: -0.00390625 0.00625 -0.00390625 -0.0140625 Front_Left: 0.0 0.0 22.6640625 Back_Left: 0.0 0.0 25.15234375 Back_Right: 0.0 0.0 25.34375 Front_Right: 0.0 0.0 23.23828125 Pickup: 0.0 Shooter: 0.0 5.8357696533203125
153989913195 Joystick axes: 0.0078125 -0.0078125 -0.0078125 Motor Outputs: -0.00390625 0.00625 -0.00390625 -0.0140625 Front_Left: 0.0 0.0 22.28125 Back_Left: 0.0 0.0 25.7265625 Back_Right: 0.0 0.0 25.34375 Front_Right: 0.0 0.0 22.85546875 Pickup: 0.0 Shooter: 0.0 5.8357696533203125
153989913324 Joystick axes: 0.0078125 -0.0078125 -0.0078125 Motor Outputs: -0.00390625 0.00625 -0.00390625 -0.0140625 Front_Left: 0.0 0.0 23.23828125 Back_Left: 0.0 0.0 25.7265625 Back_Right: 0.0 0.0 24.9609375 Front_Right: 0.0 0.0 23.4296875 Pickup: 0.0 Shooter: 0.0 5.8357696533203125
153989913448 Joystick axes: 0.0078125 -0.0078125 -0.0078125 Motor Outputs: -0.00390625 0.00625 -0.00390625 -0.0140625 Front_Left: 0.0 0.0 22.85546875 Back_Left: 0.0 0.0 25.91796875 Back_Right: 0.0 0.0 25.7265625 Front_Right: 0.0 0.0 23.23828125 Pickup: 0.0 Shooter: 0.0 5.8357696533203125
153989913572 Joystick axes: 0.0078125 -0.0078125 -0.0078125 Motor Outputs: -0.00390625 0.00625 -0.00390625 -0.0140625 Front_Left: 0.0 0.0 22.6640625 Back_Left: 0.0 0.0 26.109375 Back_Right: 0.0 0.0 25.15234375 Front_Right: 0.0 0.0 23.046875 Pickup: 0.0 Shooter: 0.0 5.8357696533203125
153989913701 Joystick axes: 0.0078125 -0.0078125 -0.0078125 Motor Outputs: -0.00390625 0.00625 -0.00390625 -0.0140625 Front_Left: 0.0 0.0 23.23828125 Back_Left: 0.0 0.0 25.34375 Back_Right: 0.0 0.0 24.9609375 Front_Right: 0.0 0.0 23.4296875 Pickup: 0.0 Shooter: 0.0 5.8357696533203125
153989913822 Joystick axes: 0.0078125 -0.0078125 -0.0078125 Motor Outputs: -0.00390625 0.00625 -0.00390625 -0.0140625 Front_Left: 0.0 0.0 23.23828125 Back_Left: 0.0 0.0 25.91796875 Back_Right: 0.0 0.0 25.15234375 Front_Right: 0.0 0.0 22.85546875 Pickup: 0.0 Shooter: 0.0 5.8357696533203125
153989913948 Joystick axes: 0.0078125 -0.0078125 -0.0078125 Motor Outputs: -0.00390625 0.00625 -0.00390625 -0.0140625 Front_Left: 0.0 0.0 22.47265625 Back_Left: 0.0 0.0 25.34375 Back_Right: 0.0 0.0 25.34375 Front_Right: 0.0 0.0 22.6640625 Pickup: 0.0 Shooter: 0.0 5.8357696533203125
153989914069 Joystick axes: 0.0078125 -0.0078125 -0.0078125 Motor Outputs: -0.00390625 0.00625 -0.00390625 -0.0140625 Front_Left: 0.0 0.0 23.23828125 Back_Left: 0.0 0.0 25.15234375 Back_Right: 0.0 0.0 25.7265625 Front_Right: 0.0 0.0 23.046875 Pickup: 0.0 Shooter: 0.0 5.8357696533203125
153989914195 Joystick axes: 0.0078125 -0.0078125 -0.0078125 Motor Outputs: -0.00390625 0.00625 -0.00390625 -0.0140625 Front_Left: 0.0 0.0 23.23828125 Back_Left: 0.0 0.0 25.15234375 Back_Right: 0.0 0.0 25.15234375 Front_Right: 0.0 0.0 22.6640625 Pickup: 0.0 Shooter: 0.0 5.8357696533203125
153989914335 Joystick axes: 0.0078125 -0.0078125 -0.0078125 Motor Outputs: -0.00390625 0.00625 -0.00390625 -0.0140625 Front_Left: 0.0 0.0 22.6640625 Back_Left: 0.0 0.0 25.34375 Back_Right: 0.0 0.0 25.34375 Front_Right: 0.0 0.0 23.23828125 Pickup: 0.0 Shooter: 0.0 5.8357696533203125
153989914470 Joystick axes: 0.0078125 -0.0078125 -0.0078125 Motor Outputs: -0.00390625 0.00625 -0.00390625 -0.0140625 Front_Left: 0.0 0.0 22.47265625 Back_Left: 0.0 0.0 25.53515625 Back_Right: 0.0 0.0 25.34375 Front_Right: 0.0 0.0 23.046875 Pickup: 0.0 Shooter: 0.0 5.8357696533203125
153989914590 Joystick axes: 0.0078125 -0.0078125 -0.0078125 Motor Outputs: -0.00390625 0.00625 -0.00390625 -0.0140625 Front_Left: 0.0 0.0 22.47265625 Back_Left: 0.0 0.0 24.9609375 Back_Right: 0.0 0.0 25.53515625 Front_Right: 0.0 0.0 22.6640625 Pickup: 0.0 Shooter: 0.0 5.8357696533203125
153989914721 Joystick axes: 0.0078125 -0.0078125 -0.0078125 Motor Outputs: -0.00390625 0.00625 -0.00390625 -0.0140625 Front_Left: 0.0 0.0 22.08984375 Back_Left: 0.0 0.0 25.53515625 Back_Right: 0.0 0.0 25.34375 Front_Right: 0.0 0.0 23.23828125 Pickup: 0.0 Shooter: 0.0 5.8357696533203125
153989914832 Joystick axes: 0.0078125 -0.0078125 -0.0078125 Motor Outputs: -0.00390625 0.00625 -0.00390625 -0.0140625 Front_Left: 0.0 0.0 23.4296875 Back_Left: 0.0 0.0 25.34375 Back_Right: 0.0 0.0 25.15234375 Front_Right: 0.0 0.0 22.85546875 Pickup: 0.0 Shooter: 0.0 5.845550537109375
153989914950 Joystick axes: 0.0078125 -0.0078125 -0.0078125 Motor Outputs: -0.00390625 0.00625 -0.00390625 -0.0140625 Front_Left: 0.0 0.0 22.6640625 Back_Left: 0.0 0.0 25.34375 Back_Right: 0.0 0.0 24.9609375 Front_Right: 0.0 0.0 23.046875 Pickup: 0.0 Shooter: 0.0 5.8357696533203125
153989915071 Joystick axes: 0.0078125 -0.0078125 -0.0078125 Motor Outputs: -0.00390625 0.00625 -0.00390625 -0.0140625 Front_Left: 0.0 0.0 22.47265625 Back_Left: 0.0 0.0 24.76953125 Back_Right: 0.0 0.0 25.7265625 Front_Right: 0.0 0.0 22.47265625 Pickup: 0.0 Shooter: 0.0 5.8357696533203125
153989915190 Joystick axes: 0.0078125 -0.0078125 -0.0078125 Motor Outputs: -0.00390625 0.00625 -0.00390625 -0.0140625 Front_Left: 0.0 0.0 22.85546875 Back_Left: 0.0 0.0 25.7265625 Back_Right: 0.0 0.0 25.15234375 Front_Right: 0.0 0.0 22.85546875 Pickup: 0.0 Shooter: 0.0 5.8357696533203125
153989915305 Joystick axes: 0.0078125 -0.0078125 -0.0078125 Motor Outputs: -0.00390625 0.00625 -0.00390625 -0.0140625 Front_Left: 0.0 0.0 22.6640625 Back_Left: 0.0 0.0 26.30078125 Back_Right: 0.0 0.0 25.15234375 Front_Right: 0.0 0.0 23.046875 Pickup: 0.0 Shooter: 0.0 5.8357696533203125
153989915424 Joystick axes: 0.0078125 -0.0078125 -0.0078125 Motor Outputs: -0.00390625 0.00625 -0.00390625 -0.0140625 Front_Left: 0.0 0.0 22.47265625 Back_Left: 0.0 0.0 25.15234375 Back_Right: 0.0 0.0 25.34375 Front_Right: 0.0 0.0 22.6640625 Pickup: 0.0 Shooter: 0.0 5.82598876953125
153989915540 Joystick axes: 0.0078125 -0.0078125 -0.0078125 Motor Outputs: -0.00390625 0.00625 -0.00390625 -0.0140625 Front_Left: 0.0 0.0 22.6640625 Back_Left: 0.0 0.0 25.53515625 Back_Right: 0.0 0.0 25.34375 Front_Right: 0.0 0.0 22.85546875 Pickup: 0.0 Shooter: 0.0 5.845550537109375
153989915653 Joystick axes: 0.0078125 -0.0078125 -0.0078125 Motor Outputs: -0.00390625 0.00625 -0.00390625 -0.0140625 Front_Left: 0.0 0.0 22.47265625 Back_Left: 0.0 0.0 25.34375 Back_Right: 0.0 0.0 25.34375 Front_Right: 0.0 0.0 23.62109375 Pickup: 0.0 Shooter: 0.0 5.8357696533203125
153989915767 Joystick axes: 0.0078125 -0.0078125 -0.0078125 Motor Outputs: -0.00390625 0.00625 -0.00390625 -0.0140625 Front_Left: 0.0 0.0 23.046875 Back_Left: 0.0 0.0 24.9609375 Back_Right: 0.0 0.0 25.15234375 Front_Right: 0.0 0.0 23.4296875 Pickup: 0.0 Shooter: 0.0 5.8357696533203125
153989915888 Joystick axes: 0.0078125 -0.0078125 -0.0078125 Motor Outputs: -0.00390625 0.00625 -0.00390625 -0.0140625 Front_Left: 0.0 0.0 24.1953125 Back_Left: 0.0 0.0 25.7265625 Back_Right: 0.0 0.0 25.91796875 Front_Right: 0.0 0.0 22.85546875 Pickup: 0.0 Shooter: 0.0 5.8357696533203125
153989916000 Joystick axes: 0.0078125 -0.0078125 -0.0078125 Motor Outputs: -0.00390625 0.00625 -0.00390625 -0.0140625 Front_Left: 0.0 0.0 22.47265625 Back_Left: 0.0 0.0 25.53515625 Back_Right: 0.0 0.0 24.9609375 Front_Right: 0.0 0.0 22.85546875 Pickup: 0.0 Shooter: 0.0 5.8357696533203125
153989916116 Joystick axes: 0.0078125 -0.0078125 -0.0078125 Motor Outputs: -0.00390625 0.00625 -0.00390625 -0.0140625 Front_Left: 0.0 0.0 22.6640625 Back_Left: 0.0 0.0 25.7265625 Back_Right: 0.0 0.0 25.34375 Front_Right: 0.0 0.0 23.046875 Pickup: 0.0 Shooter: 0.0 5.845550537109375
153989916274 Joystick axes: 0.0078125 -0.0078125 -0.0078125 Motor Outputs: -0.00390625 0.00625 -0.00390625 -0.0140625 Front_Left: 0.0 0.0 22.85546875 Back_Left: 0.0 0.0 25.53515625 Back_Right: 0.0 0.0 25.34375 Front_Right: 0.0 0.0 22.85546875 Pickup: 0.0 Shooter: 0.0 5.845550537109375
153989916390 Joystick axes: 0.0078125 -0.0078125 -0.0078125 Motor Outputs: -0.00390625 0.00625 -0.00390625 -0.0140625 Front_Left: 0.0 0.0 22.08984375 Back_Left: 0.0 0.0 25.34375 Back_Right: 0.0 0.0 25.15234375 Front_Right: 0.0 0.0 22.85546875 Pickup: 0.0 Shooter: 0.0 5.8357696533203125
153989916523 Joystick axes: 0.0078125 -0.0078125 -0.0078125 Motor Outputs: -0.00390625 0.00625 -0.00390625 -0.0140625 Front_Left: 0.0 0.0 23.046875 Back_Left: 0.0 0.0 25.53515625 Back_Right: 0.0 0.0 25.7265625 Front_Right: 0.0 0.0 23.046875 Pickup: 0.0 Shooter: 0.0 5.8357696533203125
153989916650 Joystick axes: 0.0078125 -0.0078125 -0.0078125 Motor Outputs: -0.00390625 0.00625 -0.00390625 -0.0140625 Front_Left: 0.0 0.0 22.47265625 Back_Left: 0.0 0.0 25.15234375 Back_Right: 0.0 0.0 25.15234375 Front_Right: 0.0 0.0 23.046875 Pickup: 0.0 Shooter: 0.0 5.8357696533203125
153989916765 Joystick axes: 0.0078125 -0.0078125 -0.0078125 Motor Outputs: -0.00390625 0.00625 -0.00390625 -0.0140625 Front_Left: 0.0 0.0 22.28125 Back_Left: 0.0 0.0 25.34375 Back_Right: 0.0 0.0 25.34375 Front_Right: 0.0 0.0 23.23828125 Pickup: 0.0 Shooter: 0.0 5.8357696533203125
153989916889 Joystick axes: 0.0078125 -0.0078125 -0.0078125 Motor Outputs: -0.00390625 0.00625 -0.00390625 -0.0140625 Front_Left: 0.0 0.0 22.28125 Back_Left: 0.0 0.0 24.76953125 Back_Right: 0.0 0.0 25.53515625 Front_Right: 0.0 0.0 23.046875 Pickup: 0.0 Shooter: 0.0 5.8357696533203125
153989917007 Joystick axes: 0.0078125 -0.0078125 -0.0078125 Motor Outputs: -0.00390625 0.00625 -0.00390625 -0.0140625 Front_Left: 0.0 0.0 24.00390625 Back_Left: 0.0 0.0 25.15234375 Back_Right: 0.0 0.0 25.15234375 Front_Right: 0.0 0.0 23.23828125 Pickup: 0.0 Shooter: 0.0 5.82598876953125
153989917128 Joystick axes: 0.0078125 -0.0078125 -0.0078125 Motor Outputs: -0.00390625 0.00625 -0.00390625 -0.0140625 Front_Left: 0.0 0.0 22.6640625 Back_Left: 0.0 0.0 25.53515625 Back_Right: 0.0 0.0 24.76953125 Front_Right: 0.0 0.0 23.23828125 Pickup: 0.0 Shooter: 0.0 5.845550537109375
153989917242 Joystick axes: 0.0078125 -0.0078125 -0.0078125 Motor Outputs: -0.00390625 0.00625 -0.00390625 -0.0140625 Front_Left: 0.0 0.0 21.8984375 Back_Left: 0.0 0.0 25.53515625 Back_Right: 0.0 0.0 25.34375 Front_Right: 0.0 0.0 23.4296875 Pickup: 0.0 Shooter: 0.0 5.8357696533203125
153989917358 Joystick axes: 0.0078125 -0.0078125 -0.0078125 Motor Outputs: -0.00390625 0.00625 -0.00390625 -0.0140625 Front_Left: 0.0 0.0 23.046875 Back_Left: 0.0 0.0 25.15234375 Back_Right: 0.0 0.0 25.7265625 Front_Right: 0.0 0.0 23.62109375 Pickup: 0.0 Shooter: 0.0 5.8357696533203125
153989917470 Joystick axes: 0.0078125 -0.0078125 -0.0078125 Motor Outputs: -0.00390625 0.00625 -0.00390625 -0.0140625 Front_Left: 0.0 0.0 22.28125 Back_Left: 0.0 0.0 25.34375 Back_Right: 0.0 0.0 25.53515625 Front_Right: 0.0 0.0 23.23828125 Pickup: 0.0 Shooter: 0.0 5.8357696533203125
153989917592 Joystick axes: 0.0078125 -0.0078125 -0.0078125 Motor Outputs: -0.00390625 0.00625 -0.00390625 -0.0140625 Front_Left: 0.0 0.0 22.6640625 Back_Left: 0.0 0.0 25.7265625 Back_Right: 0.0 0.0 25.34375 Front_Right: 0.0 0.0 22.28125 Pickup: 0.0 Shooter: 0.0 5.8357696533203125
153989917709 Joystick axes: 0.0078125 -0.0078125 -0.0078125 Motor Outputs: -0.00390625 0.00625 -0.00390625 -0.0140625 Front_Left: 0.0 0.0 22.47265625 Back_Left: 0.0 0.0 25.34375 Back_Right: 0.0 0.0 25.7265625 Front_Right: 0.0 0.0 23.62109375 Pickup: 0.0 Shooter: 0.0 5.8357696533203125
153989917823 Joystick axes: 0.0078125 -0.0078125 -0.0078125 Motor Outputs: -0.00390625 0.00625 -0.00390625 -0.0140625 Front_Left: 0.0 0.0 22.6640625 Back_Left: 0.0 0.0 25.53515625 Back_Right: 0.0 0.0 25.7265625 Front_Right: 0.0 0.0 23.23828125 Pickup: 0.0 Shooter: 0.0 5.8357696533203125
153989917950 Joystick axes: 0.0078125 -0.0078125 -0.0078125 Motor Outputs: -0.00390625 0.00625 -0.00390625 -0.0140625 Front_Left: 0.0 0.0 22.85546875 Back_Left: 0.0 0.0 25.91796875 Back_Right: 0.0 0.0 24.76953125 Front_Right: 0.0 0.0 23.23828125 Pickup: 0.0 Shooter: 0.0 5.82598876953125
153989918072 Joystick axes: 0.0078125 -0.0078125 -0.0078125 Motor Outputs: -0.00390625 0.00625 -0.00390625 -0.0140625 Front_Left: 0.0 0.0 22.6640625 Back_Left: 0.0 0.0 25.34375 Back_Right: 0.0 0.0 25.53515625 Front_Right: 0.0 0.0 22.85546875 Pickup: 0.0 Shooter: 0.0 5.845550537109375
153989918204 Joystick axes: 0.0078125 -0.0078125 -0.0078125 Motor Outputs: -0.00390625 0.00625 -0.00390625 -0.0140625 Front_Left: 0.0 0.0 22.85546875 Back_Left: 0.0 0.0 25.15234375 Back_Right: 0.0 0.0 24.9609375 Front_Right: 0.0 0.0 22.6640625 Pickup: 0.0 Shooter: 0.0 5.8357696533203125
153989918336 Joystick axes: 0.0078125 -0.0078125 -0.0078125 Motor Outputs: -0.00390625 0.00625 -0.00390625 -0.0140625 Front_Left: 0.0 0.0 23.23828125 Back_Left: 0.0 0.0 25.15234375 Back_Right: 0.0 0.0 25.15234375 Front_Right: 0.0 0.0 22.85546875 Pickup: 0.0 Shooter: 0.0 5.669586181640625
S: 153989918230 Fired
153989918470 Joystick axes: 0.0078125 -0.0078125 -0.0078125 Motor Outputs: -0.00390625 0.00625 -0.00390625 -0.0140625 Front_Left: 0.0 0.0 23.046875 Back_Left: 0.0 0.0 24.9609375 Back_Right: 0.0 0.0 24.9609375 Front_Right: 0.0 0.0 22.6640625 Pickup: 0.0 Shooter: 0.0 5.1808319091796875
153989918584 Joystick axes: 0.0078125 -0.0078125 -0.0078125 Motor Outputs: -0.00390625 0.00625 -0.00390625 -0.0140625 Front_Left: 0.0 0.0 23.046875 Back_Left: 0.0 0.0 25.91796875 Back_Right: 0.0 0.0 24.9609375 Front_Right: 0.0 0.0 22.28125 Pickup: 0.0 Shooter: 0.0 4.4868011474609375
153989918697 Joystick axes: 0.0078125 -0.0078125 -0.0078125 Motor Outputs: -0.00390625 0.00625 -0.00390625 -0.0140625 Front_Left: 0.0 0.0 22.47265625 Back_Left: 0.0 0.0 25.7265625 Back_Right: 0.0 0.0 25.34375 Front_Right: 0.0 0.0 22.47265625 Pickup: 0.0 Shooter: 0.0 4.477020263671875
153989918828 Joystick axes: 0.0078125 -0.0078125 -0.0078125 Motor Outputs: -0.00390625 0.00625 -0.00390625 -0.0140625 Front_Left: 0.0 0.0 22.28125 Back_Left: 0.0 0.0 25.34375 Back_Right: 0.0 0.0 24.9609375 Front_Right: 0.0 0.0 22.6640625 Pickup: 0.0 Shooter: 0.0 4.8875732421875
153989918950 Joystick axes: 0.0078125 -0.0078125 -0.0078125 Motor Outputs: -0.00390625 0.00625 -0.00390625 -0.0140625 Front_Left: 0.0 0.0 22.08984375 Back_Left: 0.0 0.0 25.53515625 Back_Right: 0.0 0.0 25.7265625 Front_Right: 0.0 0.0 23.046875 Pickup: 0.0 Shooter: 0.0 5.4056549072265625
153989919067 Joystick axes: 0.0078125 -0.0078125 -0.0078125 Motor Outputs: -0.00390625 0.00625 -0.00390625 -0.0140625 Front_Left: 0.0 0.0 22.47265625 Back_Left: 0.0 0.0 25.34375 Back_Right: 0.0 0.0 25.15234375 Front_Right: 0.0 0.0 22.6640625 Pickup: 0.0 Shooter: 0.0 5.6402587890625
153989919189 Joystick axes: 0.0078125 -0.0078125 -0.0078125 Motor Outputs: -0.00390625 0.00625 -0.00390625 -0.0140625 Front_Left: 0.0 0.0 21.8984375 Back_Left: 0.0 0.0 25.53515625 Back_Right: 0.0 0.0 24.9609375 Front_Right: 0.0 0.0 23.23828125 Pickup: 0.0 Shooter: 0.0 5.786895751953125
153989919309 Joystick axes: 0.0078125 -0.0078125 -0.0078125 Motor Outputs: -0.00390625 0.00625 -0.00390625 -0.0140625 Front_Left: 0.0 0.0 22.85546875 Back_Left: 0.0 0.0 25.53515625 Back_Right: 0.0 0.0 25.34375 Front_Right: 0.0 0.0 22.85546875 Pickup: 0.0 Shooter: 0.0 5.8748626708984375
153989919424 Joystick axes: 0.0078125 -0.0078125 -0.0078125 Motor Outputs: -0.00390625 0.00625 -0.00390625 -0.0140625 Front_Left: 0.0 0.0 22.6640625 Back_Left: 0.0 0.0 25.15234375 Back_Right: 0.0 0.0 25.15234375 Front_Right: 0.0 0.0 23.23828125 Pickup: 0.0 Shooter: 0.0 5.8650970458984375
153989919540 Joystick axes: 0.0078125 -0.0078125 -0.0078125 Motor Outputs: -0.00390625 0.00625 -0.00390625 -0.0140625 Front_Left: 0.0 0.0 23.046875 Back_Left: 0.0 0.0 25.34375 Back_Right: 0.0 0.0 25.15234375 Front_Right: 0.0 0.0 22.85546875 Pickup: 0.0 Shooter: 0.0 5.855316162109375
153989919652 Joystick axes: 0.0078125 -0.0078125 -0.0078125 Motor Outputs: -0.00390625 0.00625 -0.00390625 -0.0140625 Front_Left: 0.0 0.0 22.47265625 Back_Left: 0.0 0.0 24.76953125 Back_Right: 0.0 0.0 25.15234375 Front_Right: 0.0 0.0 23.4296875 Pickup: 0.0 Shooter: 0.0 5.855316162109375
153989919776 Joystick axes: 0.0078125 -0.0078125 -0.0078125 Motor Outputs: -0.00390625 0.00625 -0.00390625 -0.0140625 Front_Left: 0.0 0.0 22.6640625 Back_Left: 0.0 0.0 25.7265625 Back_Right: 0.0 0.0 24.9609375 Front_Right: 0.0 0.0 23.4296875 Pickup: 0.0 Shooter: 0.0 5.855316162109375
153989919888 Joystick axes: 0.0078125 -0.0078125 -0.0078125 Motor Outputs: -0.00390625 0.00625 -0.00390625 -0.0140625 Front_Left: 0.0 0.0 22.47265625 Back_Left: 0.0 0.0 25.34375 Back_Right: 0.0 0.0 25.15234375 Front_Right: 0.0 0.0 23.23828125 Pickup: 0.0 Shooter: 0.0 5.845550537109375
153989920009 Joystick axes: 0.0078125 -0.0078125 -0.0078125 Motor Outputs: -0.00390625 0.00625 -0.00390625 -0.0140625 Front_Left: 0.0 0.0 22.47265625 Back_Left: 0.0 0.0 25.7265625 Back_Right: 0.0 0.0 25.34375 Front_Right: 0.0 0.0 23.046875 Pickup: 0.0 Shooter: 0.0 5.855316162109375
153989920132 Joystick axes: 0.0078125 -0.0078125 -0.0078125 Motor Outputs: -0.00390625 0.00625 -0.00390625 -0.0140625 Front_Left: 0.0 0.0 22.47265625 Back_Left: 0.0 0.0 25.91796875 Back_Right: 0.0 0.0 25.7265625 Front_Right: 0.0 0.0 23.046875 Pickup: 0.0 Shooter: 0.0 5.855316162109375
153989920253 Joystick axes: 0.0078125 -0.0078125 -0.0078125 Motor Outputs: -0.00390625 0.00625 -0.00390625 -0.0140625 Front_Left: 0.0 0.0 21.8984375 Back_Left: 0.0 0.0 25.15234375 Back_Right: 0.0 0.0 24.76953125 Front_Right: 0.0 0.0 22.6640625 Pickup: 0.0 Shooter: 0.0 5.8650970458984375
153989920368 Joystick axes: 0.0078125 -0.0078125 -0.0078125 Motor Outputs: -0.00390625 0.00625 -0.00390625 -0.0140625 Front_Left: 0.0 0.0 22.6640625 Back_Left: 0.0 0.0 25.15234375 Back_Right: 0.0 0.0 25.7265625 Front_Right: 0.0 0.0 22.85546875 Pickup: 0.0 Shooter: 0.0 5.855316162109375
153989920484 Joystick axes: 0.0078125 -0.0078125 -0.0078125 Motor Outputs: -0.00390625 0.00625 -0.00390625 -0.0140625 Front_Left: 0.0 0.0 22.47265625 Back_Left: 0.0 0.0 24.578125 Back_Right: 0.0 0.0 25.53515625 Front_Right: 0.0 0.0 23.4296875 Pickup: 0.0 Shooter: 0.0 5.855316162109375
153989920609 Joystick axes: 0.0078125 -0.0078125 -0.0078125 Motor Outputs: -0.00390625 0.00625 -0.00390625 -0.0140625 Front_Left: 0.0 0.0 22.85546875 Back_Left: 0.0 0.0 25.15234375 Back_Right: 0.0 0.0 25.34375 Front_Right: 0.0 0.0 23.046875 Pickup: 0.0 Shooter: 0.0 5.855316162109375
153989920724 Joystick axes: 0.0078125 -0.0078125 -0.0078125 Motor Outputs: -0.00390625 0.00625 -0.00390625 -0.0140625 Front_Left: 0.0 0.0 22.47265625 Back_Left: 0.0 0.0 25.15234375 Back_Right: 0.0 0.0 25.15234375 Front_Right: 0.0 0.0 23.23828125 Pickup: 0.0 Shooter: 0.0 5.855316162109375
153989920841 Joystick axes: 0.0078125 -0.0078125 -0.0078125 Motor Outputs: -0.00390625 0.00625 -0.00390625 -0.0140625 Front_Left: 0.0 0.0 22.08984375 Back_Left: 0.0 0.0 25.91796875 Back_Right: 0.0 0.0 24.9609375 Front_Right: 0.0 0.0 22.85546875 Pickup: 0.0 Shooter: 0.0 5.8650970458984375
153989920960 Joystick axes: 0.0078125 -0.0078125 -0.0078125 Motor Outputs: -0.00390625 0.00625 -0.00390625 -0.0140625 Front_Left: 0.0 0.0 22.28125 Back_Left: 0.0 0.0 25.34375 Back_Right: 0.0 0.0 25.53515625 Front_Right: 0.0 0.0 22.85546875 Pickup: 0.0 Shooter: 0.0 5.855316162109375
153989921083 Joystick axes: 0.0078125 -0.0078125 -0.0078125 Motor Outputs: -0.00390625 0.00625 -0.00390625 -0.0140625 Front_Left: 0.0 0.0 22.08984375 Back_Left: 0.0 0.0 25.15234375 Back_Right: 0.0 0.0 24.9609375 Front_Right: 0.0 0.0 22.85546875 Pickup: 0.0 Shooter: 0.0 5.855316162109375
153989921210 Joystick axes: 0.0078125 -0.0078125 -0.0078125 Motor Outputs: -0.00390625 0.00625 -0.00390625 -0.0140625 Front_Left: 0.0 0.0 22.6640625 Back_Left: 0.0 0.0 26.4921875 Back_Right: 0.0 0.0 25.34375 Front_Right: 0.0 0.0 22.85546875 Pickup: 0.0 Shooter: 0.0 5.855316162109375
153989921341 Joystick axes: 0.0078125 -0.0078125 -0.0078125 Motor Outputs: -0.00390625 0.00625 -0.00390625 -0.0140625 Front_Left: 0.0 0.0 22.6640625 Back_Left: 0.0 0.0 24.76953125 Back_Right: 0.0 0.0 25.34375 Front_Right: 0.0 0.0 22.47265625 Pickup: 0.0 Shooter: 0.0 5.855316162109375
153989921467 Joystick axes: 0.0078125 -0.0078125 -0.0078125 Motor Outputs: -0.00390625 0.00625 -0.00390625 -0.0140625 Front_Left: 0.0 0.0 22.6640625 Back_Left: 0.0 0.0 24.9609375 Back_Right: 0.0 0.0 24.9609375 Front_Right: 0.0 0.0 22.85546875 Pickup: 0.0 Shooter: 0.0 5.855316162109375
153989921587 Joystick axes: 0.0078125 -0.0078125 -0.0078125 Motor Outputs: -0.00390625 0.00625 -0.00390625 -0.0140625 Front_Left: 0.0 0.0 22.6640625 Back_Left: 0.0 0.0 25.53515625 Back_Right: 0.0 0.0 25.53515625 Front_Right: 0.0 0.0 23.23828125 Pickup: 0.0 Shooter: 0.0 5.845550537109375
153989921708 Joystick axes: 0.0078125 -0.0078125 -0.0078125 Motor Outputs: -0.00390625 0.00625 -0.00390625 -0.0140625 Front_Left: 0.0 0.0 22.47265625 Back_Left: 0.0 0.0 25.34375 Back_Right: 0.0 0.0 25.15234375 Front_Right: 0.0 0.0 23.046875 Pickup: 0.0 Shooter: 0.0 5.8650970458984375
153989921828 Joystick axes: 0.0078125 -0.0078125 -0.0078125 Motor Outputs: -0.00390625 0.00625 -0.00390625 -0.0140625 Front_Left: 0.0 0.0 22.47265625 Back_Left: 0.0 0.0 24.9609375 Back_Right: 0.0 0.0 25.34375 Front_Right: 0.0 0.0 22.6640625 Pickup: 0.0 Shooter: 0.0 5.845550537109375
153989921948 Joystick axes: 0.0078125 -0.0078125 -0.0078125 Motor Outputs: -0.00390625 0.00625 -0.00390625 -0.0140625 Front_Left: 0.0 0.0 23.046875 Back_Left: 0.0 0.0 25.7265625 Back_Right: 0.0 0.0 24.578125 Front_Right: 0.0 0.0 23.046875 Pickup: 0.0 Shooter: 0.0 5.8650970458984375
153989922074 Joystick axes: 0.0078125 -0.0078125 -0.0078125 Motor Outputs: -0.00390625 0.00625 -0.00390625 -0.0140625 Front_Left: 0.0 0.0 22.6640625 Back_Left: 0.0 0.0 25.15234375 Back_Right: 0.0 0.0 25.34375 Front_Right: 0.0 0.0 22.6640625 Pickup: 0.0 Shooter: 0.0 5.855316162109375
153989922201 Joystick axes: 0.0078125 -0.0078125 -0.0078125 Motor Outputs: -0.00390625 0.00625 -0.00390625 -0.0140625 Front_Left: 0.0 0.0 22.85546875 Back_Left: 0.0 0.0 25.34375 Back_Right: 0.0 0.0 25.53515625 Front_Right: 0.0 0.0 22.85546875 Pickup: 0.0 Shooter: 0.0 5.855316162109375
153989922325 Joystick axes: 0.0078125 -0.0078125 -0.0078125 Motor Outputs: -0.00390625 0.00625 -0.00390625 -0.0140625 Front_Left: 0.0 0.0 22.85546875 Back_Left: 0.0 0.0 24.9609375 Back_Right: 0.0 0.0 24.76953125 Front_Right: 0.0 0.0 23.23828125 Pickup: 0.0 Shooter: 0.0 5.8650970458984375
