Timestamp Driver_Joy_Y Driver_Joy_X Driver_Joy_W FL_Out BL_Out BR_Out FR_Out FL_Jag_Speed FL_Bus_Voltage FL_Out_Voltage FL_Out_Current FL_Temp BL_Jag_Speed BL_Bus_Voltage BL_Out_Voltage BL_Out_Current BL_Temp BR_Jag_Speed BR_Bus_Voltage BR_Out_Voltage BR_Out_Current BR_Temp FR_Jag_Speed FR_Bus_Voltage FR_Out_Voltage FR_Out_Current FR_Temp
154511347957 0.0078125 0.0 -0.0078125 -0.008984375000000001 -0.008984375 0.001171875000000001 0.0011718749999999993 0.0 12.65625 0.0 0.0 22.85546875 0.0 12.55078125 0.0 0.0 26.109375 0.0 12.65625 0.0 0.0 26.4921875 0.0 12.5859375 0.0 0.0 24.1953125 0.0 5.7184600830078125
154511348138 0.0078125 0.0 -0.0078125 -0.008984375000000001 -0.008984375 0.001171875000000001 0.0011718749999999993 0.0 12.62109375 0.0 0.0 23.23828125 0.0 12.4453125 0.0 0.0 25.7265625 0.0 12.69140625 0.0 0.0 25.91796875 0.0 12.65625 0.0 0.0 23.8125 0.0 5.728240966796875
154511348317 0.0078125 0.0 -0.0078125 -0.008984375000000001 -0.008984375 0.001171875000000001 0.0011718749999999993 0.0 12.5859375 0.0 0.0 23.62109375 0.0 12.48046875 0.0 0.0 25.34375 0.0 12.65625 0.0 0.0 25.7265625 0.0 12.62109375 0.0 0.0 24.1953125 0.0 5.728240966796875
154511348497 0.0078125 0.0 -0.0078125 -0.008984375000000001 -0.008984375 0.001171875000000001 0.0011718749999999993 0.0 12.55078125 0.0 0.0 24.1953125 0.0 12.48046875 0.0 0.0 26.875 0.0 12.69140625 0.0 0.0 25.7265625 0.0 12.55078125 0.0 0.0 23.23828125 0.0 5.7184600830078125
154511348678 0.0078125 0.0 -0.0078125 -0.008984375000000001 -0.008984375 0.001171875000000001 0.0011718749999999993 0.0 12.62109375 0.0 0.0 23.4296875 0.0 12.4453125 0.0 0.0 25.91796875 0.0 12.65625 0.0 0.0 25.53515625 0.0 12.5859375 0.0 0.0 23.62109375 0.0 5.728240966796875
154511348855 0.0078125 0.0 -0.0078125 -0.008984375000000001 -0.008984375 0.001171875000000001 0.0011718749999999993 0.0 12.5859375 0.0 0.0 23.23828125 0.0 12.48046875 0.0 0.0 25.91796875 0.0 12.5859375 0.0 0.0 26.109375 0.0 12.5859375 0.0 0.0 23.23828125 0.0 5.728240966796875
154511349042 0.0078125 0.0 -0.0078125 -0.008984375000000001 -0.008984375 0.001171875000000001 0.0011718749999999993 0.0 12.5859375 0.0 0.0 23.4296875 0.0 12.4453125 0.0 0.0 26.109375 0.0 12.65625 0.0 0.0 25.91796875 0.0 12.55078125 0.0 0.0 23.23828125 0.0 5.728240966796875
154511349218 0.0078125 0.0 -0.0078125 -0.008984375000000001 -0.008984375 0.001171875000000001 0.0011718749999999993 0.0 12.5859375 0.0 0.0 23.62109375 0.0 12.48046875 0.0 0.0 26.30078125 0.0 12.62109375 0.0 0.0 25.91796875 0.0 12.62109375 0.0 0.0 23.046875 0.0 5.728240966796875
154511349394 0.0078125 0.0 -0.0078125 -0.008984375000000001 -0.008984375 0.001171875000000001 0.0011718749999999993 0.0 12.515625 0.0 0.0 23.8125 0.0 12.4453125 0.0 0.0 26.4921875 0.0 12.5859375 0.0 0.0 25.7265625 0.0 12.55078125 0.0 0.0 24.00390625 0.0 5.728240966796875
154511349577 0.0078125 0.0 -0.0078125 -0.008984375000000001 -0.008984375 0.001171875000000001 0.0011718749999999993 0.0 12.55078125 0.0 0.0 23.8125 0.0 12.41015625 0.0 0.0 25.53515625 0.0 12.5859375 0.0 0.0 26.109375 0.0 12.55078125 0.0 0.0 23.62109375 0.0 5.728240966796875
154511349758 0.0078125 0.0 -0.0078125 -0.008984375000000001 -0.008984375 0.001171875000000001 0.0011718749999999993 0.0 12.515625 0.0 0.0 23.4296875 0.0 12.4453125 0.0 0.0 26.875 0.0 12.55078125 0.0 0.0 25.7265625 0.0 12.515625 0.0 0.0 23.8125 0.0 5.728240966796875
154511349935 0.0078125 0.0 -0.0078125 -0.008984375000000001 -0.008984375 0.001171875000000001 0.0011718749999999993 0.0 12.55078125 0.0 0.0 24.38671875 0.0 12.375 0.0 0.0 26.109375 0.0 12.62109375 0.0 0.0 26.30078125 0.0 12.55078125 0.0 0.0 23.23828125 0.0 5.728240966796875
154511350115 0.0078125 0.0 -0.0078125 -0.008984375000000001 -0.008984375 0.001171875000000001 0.0011718749999999993 0.0 12.515625 0.0 0.0 23.23828125 0.0 12.41015625 0.0 0.0 26.4921875 0.0 12.5859375 0.0 0.0 25.53515625 0.0 12.55078125 0.0 0.0 23.4296875 0.0 5.728240966796875
154511350302 0.0078125 0.0 -0.0078125 -0.008984375000000001 -0.008984375 0.001171875000000001 0.0011718749999999993 0.0 12.515625 0.0 0.0 24.1953125 0.0 12.4453125 0.0 0.0 26.68359375 0.0 12.5859375 0.0 0.0 25.91796875 0.0 12.55078125 0.0 0.0 23.62109375 0.0 5.7184600830078125
154511350497 0.0078125 0.0 -0.0078125 -0.008984375000000001 -0.008984375 0.001171875000000001 0.0011718749999999993 0.0 12.515625 0.0 0.0 23.4296875 0.0 12.41015625 0.0 0.0 25.91796875 0.0 12.5859375 0.0 0.0 26.30078125 0.0 12.515625 0.0 0.0 23.8125 0.0 5.728240966796875
154511350683 0.0078125 0.0 -0.0078125 -0.008984375000000001 -0.008984375 0.001171875000000001 0.0011718749999999993 0.0 12.515625 0.0 0.0 23.4296875 0.0 12.41015625 0.0 0.0 26.109375 0.0 12.55078125 0.0 0.0 26.109375 0.0 12.55078125 0.0 0.0 23.62109375 0.0 5.728240966796875
154511350869 0.0078125 0.0 -0.0078125 -0.008984375000000001 -0.008984375 0.001171875000000001 0.0011718749999999993 0.0 12.48046875 0.0 0.0 24.578125 0.0 12.41015625 0.0 0.0 26.109375 0.0 12.19921875 0.0 0.0 25.91796875 0.0 11.42578125 0.0 0.0 24.00390625 0.0 5.5913848876953125
S: 154511350754 Fired
154511351051 0.0078125 0.0 -0.0078125 -0.008984375000000001 -0.008984375 0.001171875000000001 0.0011718749999999993 0.0 11.35546875 0.0 0.0 23.4296875 0.0 11.3203125 0.0 0.0 26.30078125 -3.0178985595703125 11.7421875 0.0 0.0 26.4921875 0.0 11.77734375 0.0 0.0 24.38671875 0.0 4.7800445556640625
154511351232 0.0078125 0.0 -0.0078125 -0.008984375000000001 -0.008984375 0.001171875000000001 0.0011718749999999993 0.0 11.7421875 0.0 0.0 24.1953125 0.0 10.6875 0.0 0.0 26.109375 -15.581314086914062 12.3046875 0.0 0.0 26.4921875 0.0 12.234375 0.0 0.0 23.62109375 0.0 4.44769287109375
154511351397 0.0078125 0.0 -0.0078125 -0.008984375000000001 -0.008984375 0.001171875000000001 0.0011718749999999993 0.0 12.33984375 0.0 0.0 23.62109375 0.0 12.05859375 0.0 0.0 26.109375 4.5465240478515625 12.3046875 0.0 0.0 26.109375 0.0 12.4453125 0.0 0.0 24.38671875 0.0 4.9364471435546875
154511351582 0.0078125 0.0 -0.0078125 -0.008984375000000001 -0.008984375 0.001171875000000001 0.0011718749999999993 0.0 12.375 0.0 0.0 23.62109375 0.0 12.26953125 0.0 0.0 26.4921875 3.7455902099609375 12.375 0.0 0.0 25.34375 0.0 12.375 0.0 0.0 23.62109375 0.0 5.3958892822265625
154511351775 0.0078125 0.0 -0.0078125 -0.008984375000000001 -0.008984375 0.001171875000000001 0.0011718749999999993 0.0 12.33984375 0.0 0.0 23.4296875 0.0 12.26953125 0.0 0.0 25.91796875 0.0 12.41015625 0.0 0.0 26.109375 0.0 12.41015625 0.0 0.0 24.1953125 0.0 5.796661376953125
154511351944 0.0078125 0.0 -0.0078125 -0.008984375000000001 -0.008984375 0.001171875000000001 0.0011718749999999993 0.0 12.41015625 0.0 0.0 23.4296875 0.0 12.33984375 0.0 0.0 26.4921875 0.0 12.4453125 0.0 0.0 25.91796875 0.0 12.41015625 0.0 0.0 24.1953125 0.0 5.81622314453125
154511352131 0.0078125 0.0 -0.0078125 -0.008984375000000001 -0.008984375 0.001171875000000001 0.0011718749999999993 0.0 12.48046875 0.0 0.0 23.62109375 0.0 12.26953125 0.0 0.0 26.30078125 0.0 12.48046875 0.0 0.0 25.91796875 0.0 12.48046875 0.0 0.0 23.8125 0.0 5.796661376953125
154511352310 0.0078125 0.0 -0.0078125 -0.008984375000000001 -0.008984375 0.001171875000000001 0.0011718749999999993 0.0 12.41015625 0.0 0.0 24.00390625 0.0 12.33984375 0.0 0.0 27.06640625 0.0 12.48046875 0.0 0.0 25.7265625 0.0 12.4453125 0.0 0.0 23.62109375 0.0 5.81622314453125
154511352493 0.0078125 0.0 -0.0078125 -0.008984375000000001 -0.008984375 0.001171875000000001 0.0011718749999999993 0.0 12.4453125 0.0 0.0 23.62109375 0.0 12.3046875 0.0 0.0 26.4921875 0.0 12.515625 0.0 0.0 26.109375 0.0 12.515625 0.0 0.0 23.8125 0.0 5.8064422607421875
154511352670 0.0078125 0.0 -0.0078125 -0.008984375000000001 -0.008984375 0.001171875000000001 0.0011718749999999993 0.0 12.41015625 0.0 0.0 23.8125 0.0 12.33984375 0.0 0.0 26.875 0.0 12.55078125 0.0 0.0 26.109375 0.0 12.41015625 0.0 0.0 24.1953125 0.0 5.8064422607421875
154511352844 0.0078125 0.0 -0.0078125 -0.008984375000000001 -0.008984375 0.001171875000000001 0.0011718749999999993 0.0 12.48046875 0.0 0.0 24.00390625 0.0 12.33984375 0.0 0.0 25.91796875 0.0 12.48046875 0.0 0.0 26.30078125 0.0 12.48046875 0.0 0.0 23.8125 0.0 5.8064422607421875
154511353030 0.0078125 0.0 -0.0078125 -0.008984375000000001 -0.008984375 0.001171875000000001 0.0011718749999999993 0.0 12.41015625 0.0 0.0 24.578125 0.0 12.375 0.0 0.0 25.15234375 0.0 12.515625 0.0 0.0 25.91796875 0.0 12.4453125 0.0 0.0 24.00390625 0.0 5.8064422607421875
154511353210 0.0078125 0.0 -0.0078125 -0.008984375000000001 -0.008984375 0.001171875000000001 0.0011718749999999993 0.0 12.48046875 0.0 0.0 23.62109375 0.0 12.26953125 0.0 0.0 26.109375 0.0 12.515625 0.0 0.0 25.91796875 0.0 12.48046875 0.0 0.0 23.8125 0.0 5.8064422607421875
154511353390 0.0078125 0.0 -0.0078125 -0.008984375000000001 -0.008984375 0.001171875000000001 0.0011718749999999993 0.0 12.41015625 0.0 0.0 22.47265625 0.0 12.375 0.0 0.0 26.30078125 0.0 12.4453125 0.0 0.0 25.91796875 0.0 12.4453125 0.0 0.0 24.1953125 0.0 5.8064422607421875
154511353578 0.0078125 0.0 -0.0078125 -0.008984375000000001 -0.008984375 0.001171875000000001 0.0011718749999999993 0.0 12.48046875 0.0 0.0 21.8984375 0.0 12.3046875 0.0 0.0 26.30078125 0.0 12.55078125 0.0 0.0 26.30078125 0.0 12.41015625 0.0 0.0 23.8125 0.0 5.8064422607421875
154511353757 0.0078125 0.0 -0.0078125 -0.008984375000000001 -0.008984375 0.001171875000000001 0.0011718749999999993 0.0 12.4453125 0.0 0.0 23.4296875 0.0 12.26953125 0.0 0.0 27.2578125 0.0 12.55078125 0.0 0.0 26.4921875 0.0 12.515625 0.0 0.0 24.1953125 0.0 5.8064422607421875
154511353957 0.0078125 0.0 -0.0078125 -0.008984375000000001 -0.008984375 0.001171875000000001 0.0011718749999999993 0.0 12.4453125 0.0 0.0 23.62109375 0.0 12.33984375 0.0 0.0 26.68359375 0.0 12.48046875 0.0 0.0 25.7265625 0.0 12.48046875 0.0 0.0 23.4296875 0.0 5.8064422607421875
154511354143 0.0078125 0.0 -0.0078125 -0.008984375000000001 -0.008984375 0.001171875000000001 0.0011718749999999993 0.0 12.41015625 0.0 0.0 23.62109375 0.0 12.33984375 0.0 0.0 26.875 0.0 12.515625 0.0 0.0 25.91796875 0.0 12.41015625 0.0 0.0 24.1953125 0.0 5.796661376953125
154511354323 0.0078125 0.0 -0.0078125 -0.008984375000000001 -0.008984375 0.001171875000000001 0.0011718749999999993 0.0 12.48046875 0.0 0.0 23.23828125 0.0 12.33984375 0.0 0.0 26.30078125 0.0 12.55078125 0.0 0.0 25.91796875 0.0 12.48046875 0.0 0.0 24.1953125 0.0 5.796661376953125
154511354504 0.0078125 0.0 -0.0078125 -0.008984375000000001 -0.008984375 0.001171875000000001 0.0011718749999999993 0.0 12.41015625 0.0 0.0 24.00390625 0.0 12.33984375 0.0 0.0 26.30078125 0.0 12.4453125 0.0 0.0 25.7265625 0.0 12.4453125 0.0 0.0 24.578125 0.0 5.8064422607421875
154511354677 0.0078125 0.0 -0.0078125 -0.008984375000000001 -0.008984375 0.001171875000000001 0.0011718749999999993 0.0 12.48046875 0.0 0.0 23.4296875 0.0 12.375 0.0 0.0 26.109375 0.0 12.515625 0.0 0.0 26.68359375 0.0 12.4453125 0.0 0.0 23.62109375 0.0 5.8064422607421875
154511354865 0.0078125 0.0 -0.0078125 -0.008984375000000001 -0.008984375 0.001171875000000001 0.0011718749999999993 0.0 12.48046875 0.0 0.0 23.4296875 0.0 12.33984375 0.0 0.0 26.4921875 0.0 12.48046875 0.0 0.0 26.68359375 0.0 12.48046875 0.0 0.0 24.00390625 0.0 5.796661376953125
154511355052 0.0078125 0.0 -0.0078125 -0.008984375000000001 -0.008984375 0.001171875000000001 0.0011718749999999993 0.0 12.41015625 0.0 0.0 23.4296875 0.0 12.33984375 0.0 0.0 25.91796875 0.0 12.55078125 0.0 0.0 25.91796875 0.0 12.4453125 0.0 0.0 23.62109375 0.0 5.796661376953125
154511355231 0.0078125 0.0 -0.0078125 -0.008984375000000001 -0.008984375 0.001171875000000001 0.0011718749999999993 0.0 12.48046875 0.0 0.0 24.00390625 0.0 12.3046875 0.0 0.0 26.4921875 0.0 12.55078125 0.0 0.0 25.91796875 0.0 12.4453125 0.0 0.0 23.8125 0.0 5.796661376953125
154511355412 0.0078125 0.0 -0.0078125 -0.008984375000000001 -0.008984375 0.001171875000000001 0.0011718749999999993 0.0 12.41015625 0.0 0.0 23.4296875 0.0 12.33984375 0.0 0.0 26.4921875 0.0 12.55078125 0.0 0.0 26.109375 0.0 12.4453125 0.0 0.0 23.8125 0.0 5.8064422607421875
154511355596 0.0078125 0.0 -0.0078125 -0.008984375000000001 -0.008984375 0.001171875000000001 0.0011718749999999993 0.0 12.4453125 0.0 0.0 24.00390625 0.0 12.3046875 0.0 0.0 26.4921875 0.0 12.515625 0.0 0.0 26.109375 0.0 12.41015625 0.0 0.0 24.76953125 0.0 5.8064422607421875
154511355776 0.0078125 0.0 -0.0078125 -0.008984375000000001 -0.008984375 0.001171875000000001 0.0011718749999999993 0.0 12.41015625 0.0 0.0 24.38671875 0.0 12.33984375 0.0 0.0 26.4921875 0.0 12.515625 0.0 0.0 25.7265625 0.0 12.515625 0.0 0.0 22.85546875 0.0 5.8064422607421875
154511355957 0.0078125 0.0 -0.0078125 -0.008984375000000001 -0.008984375 0.001171875000000001 0.0011718749999999993 0.0 12.4453125 0.0 0.0 23.62109375 0.0 12.3046875 0.0 0.0 26.30078125 0.0 12.4453125 0.0 0.0 25.7265625 0.0 12.41015625 0.0 0.0 24.38671875 0.0 5.8064422607421875
154511356139 0.0078125 0.0 -0.0078125 -0.008984375000000001 -0.008984375 0.001171875000000001 0.0011718749999999993 0.0 12.48046875 0.0 0.0 23.8125 0.0 12.3046875 0.0 0.0 26.4921875 0.0 12.515625 0.0 0.0 26.4921875 0.0 12.48046875 0.0 0.0 24.00390625 0.0 5.8064422607421875
154511356323 0.0078125 0.0 -0.0078125 -0.008984375000000001 -0.008984375 0.001171875000000001 0.0011718749999999993 0.0 12.4453125 0.0 0.0 23.8125 0.0 12.375 0.0 0.0 26.68359375 0.0 12.515625 0.0 0.0 26.30078125 0.0 12.48046875 0.0 0.0 24.00390625 0.0 5.8064422607421875
154511356512 0.0078125 0.0 -0.0078125 -0.008984375000000001 -0.008984375 0.001171875000000001 0.0011718749999999993 0.0 12.4453125 0.0 0.0 24.1953125 0.0 12.375 0.0 0.0 26.109375 0.0 12.48046875 0.0 0.0 25.53515625 0.0 12.48046875 0.0 0.0 23.8125 0.0 5.8064422607421875
154511356683 0.0078125 0.0 -0.0078125 -0.008984375000000001 -0.008984375 0.001171875000000001 0.0011718749999999993 0.0 12.41015625 0.0 0.0 23.23828125 0.0 12.375 0.0 0.0 26.68359375 0.0 12.55078125 0.0 0.0 26.30078125 0.0 12.515625 0.0 0.0 23.62109375 0.0 5.81622314453125
154511356863 0.0078125 0.0 -0.0078125 -0.008984375000000001 -0.008984375 0.001171875000000001 0.0011718749999999993 0.0 12.4453125 0.0 0.0 23.8125 0.0 12.33984375 0.0 0.0 25.91796875 0.0 12.48046875 0.0 0.0 26.109375 0.0 12.48046875 0.0 0.0 24.00390625 0.0 5.8064422607421875
154511357056 0.0078125 0.0 -0.0078125 -0.008984375000000001 -0.008984375 0.001171875000000001 0.0011718749999999993 0.0 12.41015625 0.0 0.0 23.8125 0.0 12.33984375 0.0 0.0 27.2578125 0.0 12.515625 0.0 0.0 26.109375 0.0 12.48046875 0.0 0.0 23.4296875 0.0 5.796661376953125
154511357237 0.0078125 0.0 -0.0078125 -0.008984375000000001 -0.008984375 0.001171875000000001 0.0011718749999999993 0.0 12.375 0.0 0.0 23.62109375 0.0 12.3046875 0.0 0.0 26.68359375 0.0 12.515625 0.0 0.0 25.91796875 0.0 12.4453125 0.0 0.0 23.62109375 0.0 5.8064422607421875
154511357416 0.0078125 0.0 -0.0078125 -0.008984375000000001 -0.008984375 0.001171875000000001 0.0011718749999999993 0.0 12.4453125 0.0 0.0 23.8125 0.0 12.3046875 0.0 0.0 26.30078125 0.0 12.515625 0.0 0.0 26.109375 0.0 12.4453125 0.0 0.0 24.578125 0.0 5.8064422607421875
154511357598 0.0078125 0.0 -0.0078125 -0.008984375000000001 -0.008984375 0.001171875000000001 0.0011718749999999993 0.0 12.41015625 0.0 0.0 25.53515625 0.0 12.3046875 0.0 0.0 26.109375 0.0 12.515625 0.0 0.0 25.91796875 0.0 12.41015625 0.0 0.0 24.38671875 0.0 5.8064422607421875
154511357776 0.0078125 0.0 -0.0078125 -0.008984375000000001 -0.008984375 0.001171875000000001 0.0011718749999999993 0.0 12.48046875 0.0 0.0 24.00390625 0.0 12.375 0.0 0.0 26.30078125 0.0 12.48046875 0.0 0.0 25.91796875 0.0 12.48046875 0.0 0.0 24.1953125 0.0 5.8064422607421875
154511357957 0.0078125 0.0 -0.0078125 -0.008984375000000001 -0.008984375 0.001171875000000001 0.0011718749999999993 0.0 12.41015625 0.0 0.0 23.4296875 0.0 12.3046875 0.0 0.0 26.4921875 0.0 12.515625 0.0 0.0 25.91796875 0.0 12.4453125 0.0 0.0 24.1953125 0.0 5.8064422607421875
154511358139 0.0078125 0.0 -0.0078125 -0.008984375000000001 -0.008984375 0.001171875000000001 0.0011718749999999993 0.0 12.48046875 0.0 0.0 23.62109375 0.0 12.33984375 0.0 0.0 26.4921875 0.0 12.515625 0.0 0.0 25.91796875 0.0 12.48046875 0.0 0.0 23.8125 0.0 5.8064422607421875
154511358316 0.0078125 0.0 -0.0078125 -0.008984375000000001 -0.008984375 0.001171875000000001 0.0011718749999999993 0.0 12.41015625 0.0 0.0 23.62109375 0.0 12.3046875 0.0 0.0 25.7265625 0.0 12.515625 0.0 0.0 25.53515625 0.0 12.4453125 0.0 0.0 24.578125 0.0 5.796661376953125
154511358496 0.0078125 0.0 -0.0078125 -0.008984375000000001 -0.008984375 0.001171875000000001 0.0011718749999999993 0.0 12.4453125 0.0 0.0 24.578125 0.0 12.375 0.0 0.0 26.109375 0.0 12.515625 0.0 0.0 26.30078125 0.0 12.4453125 0.0 0.0 24.38671875 0.0 5.8064422607421875
154511358677 0.0078125 0.0 -0.0078125 -0.008984375000000001 -0.008984375 0.001171875000000001 0.0011718749999999993 0.0 12.41015625 0.0 0.0 23.4296875 0.0 12.3046875 0.0 0.0 27.44921875 0.0 12.48046875 0.0 0.0 26.30078125 0.0 12.4453125 0.0 0.0 23.8125 0.0 5.796661376953125
154511358858 0.0078125 0.0 -0.0078125 -0.008984375000000001 -0.008984375 0.001171875000000001 0.0011718749999999993 0.0 12.4453125 0.0 0.0 23.8125 0.0 12.375 0.0 0.0 26.4921875 0.0 12.515625 0.0 0.0 26.109375 0.0 12.48046875 0.0 0.0 23.8125 0.0 5.796661376953125
154511359036 0.0078125 0.0 -0.0078125 -0.008984375000000001 -0.008984375 0.001171875000000001 0.0011718749999999993 0.0 12.41015625 0.0 0.0 23.8125 0.0 12.3046875 0.0 0.0 27.640625 0.0 12.515625 0.0 0.0 25.53515625 0.0 12.375 0.0 0.0 23.4296875 0.0 5.8064422607421875
154511359230 0.0078125 0.0 -0.0078125 -0.008984375000000001 -0.008984375 0.001171875000000001 0.0011718749999999993 0.0 12.4453125 0.0 0.0 24.00390625 0.0 12.33984375 0.0 0.0 26.4921875 0.0 12.48046875 0.0 0.0 25.91796875 0.0 12.48046875 0.0 0.0 23.8125 0.0 5.796661376953125
154511359410 0.0078125 0.0 -0.0078125 -0.008984375000000001 -0.008984375 0.001171875000000001 0.0011718749999999993 0.0 12.41015625 0.0 0.0 23.62109375 0.0 12.55078125 0.0 0.0 26.109375 0.0 12.76171875 0.0 0.0 25.7265625 0.0 12.69140625 0.0 0.0 23.8125 0.0 5.796661376953125
154511359597 0.0078125 0.0 -0.0078125 -0.008984375000000001 -0.008984375 0.001171875000000001 0.0011718749999999993 0.0 12.7265625 0.0 0.0 24.1953125 0.0 12.62109375 0.0 0.0 25.34375 0.0 12.796875 0.0 0.0 25.7265625 0.0 12.76171875 0.0 0.0 24.00390625 0.0 5.8064422607421875
154511359779 0.0078125 0.0 -0.0078125 -0.008984375000000001 -0.008984375 0.001171875000000001 0.0011718749999999993 0.0 12.7265625 0.0 0.0 23.23828125 0.0 12.62109375 0.0 0.0 25.91796875 0.0 12.796875 0.0 0.0 25.53515625 0.0 12.7265625 0.0 0.0 23.62109375 0.0 5.796661376953125
154511359957 0.0078125 0.0 -0.0078125 -0.008984375000000001 -0.008984375 0.001171875000000001 0.0011718749999999993 0.0 12.26953125 0.0 0.0 23.62109375 0.0 12.26953125 0.0 0.0 26.68359375 0.0 12.55078125 0.0 0.0 26.109375 0.0 12.515625 0.0 0.0 24.38671875 0.0 5.8064422607421875
154511360163 0.0078125 0.0 -0.0078125 -0.008984375000000001 -0.008984375 0.001171875000000001 0.0011718749999999993 0.0 12.4453125 0.0 0.0 23.8125 0.0 12.33984375 0.0 0.0 26.30078125 0.0 12.515625 0.0 0.0 26.30078125 0.0 12.515625 0.0 0.0 24.38671875 0.0 5.8064422607421875
154511360345 0.0078125 0.0 -0.0078125 -0.008984375000000001 -0.008984375 0.001171875000000001 0.0011718749999999993 0.0 12.515625 0.0 0.0 24.00390625 0.0 12.33984375 0.0 0.0 26.30078125 0.0 12.515625 0.0 0.0 25.53515625 0.0 12.69140625 0.0 0.0 24.00390625 0.0 5.796661376953125
154511360530 0.0078125 0.0 -0.0078125 -0.008984375000000001 -0.008984375 0.001171875000000001 0.0011718749999999993 0.0 12.69140625 0.0 0.0 23.62109375 0.0 12.5859375 0.0 0.0 25.91796875 0.0 12.796875 0.0 0.0 26.30078125 0.0 12.7265625 0.0 0.0 23.8125 0.0 5.8064422607421875
154511360710 0.0078125 0.0 -0.0078125 -0.008984375000000001 -0.008984375 0.001171875000000001 0.0011718749999999993 0.0 12.7265625 0.0 0.0 24.00390625 0.0 12.62109375 0.0 0.0 26.109375 0.0 12.796875 0.0 0.0 25.53515625 0.0 12.76171875 0.0 0.0 23.8125 0.0 5.796661376953125
154511360886 0.0078125 0.0 -0.0078125 -0.008984375000000001 -0.008984375 0.001171875000000001 0.0011718749999999993 0.0 12.76171875 0.0 0.0 24.1953125 0.0 12.62109375 0.0 0.0 25.91796875 0.0 12.83203125 0.0 0.0 25.91796875 0.0 12.76171875 0.0 0.0 23.62109375 0.0 5.796661376953125
154511361070 0.0078125 0.0 -0.0078125 -0.008984375000000001 -0.008984375 0.001171875000000001 0.0011718749999999993 0.0 12.76171875 0.0 0.0 23.23828125 0.0 12.62109375 0.0 0.0 26.4921875 0.0 12.83203125 0.0 0.0 25.91796875 0.0 12.796875 0.0 0.0 24.00390625 0.0 5.796661376953125
154511361249 0.0078125 0.0 -0.0078125 -0.008984375000000001 -0.008984375 0.001171875000000001 0.0011718749999999993 0.0 12.76171875 0.0 0.0 23.4296875 0.0 12.62109375 0.0 0.0 26.4921875 0.0 12.83203125 0.0 0.0 26.4921875 0.0 12.796875 0.0 0.0 23.23828125 0.0 5.8064422607421875
154511361431 0.0078125 0.0 -0.0078125 -0.008984375000000001 -0.008984375 0.001171875000000001 0.0011718749999999993 0.0 12.796875 0.0 0.0 24.1953125 0.0 12.65625 0.0 0.0 27.2578125 0.0 12.83203125 0.0 0.0 26.109375 0.0 12.76171875 0.0 0.0 24.578125 0.0 5.8064422607421875
154511361610 0.0078125 0.0 -0.0078125 -0.008984375000000001 -0.008984375 0.001171875000000001 0.0011718749999999993 0.0 12.76171875 0.0 0.0 23.23828125 0.0 12.62109375 0.0 0.0 26.875 0.0 12.83203125 0.0 0.0 26.109375 0.0 12.76171875 0.0 0.0 24.578125 0.0 5.8064422607421875
154511361779 0.0078125 0.0 -0.0078125 -0.008984375000000001 -0.008984375 0.001171875000000001 0.0011718749999999993 0.0 12.76171875 0.0 0.0 24.00390625 0.0 12.65625 0.0 0.0 26.109375 0.0 12.83203125 0.0 0.0 26.109375 0.0 12.796875 0.0 0.0 23.8125 0.0 5.8064422607421875
154511361963 0.0078125 0.0 -0.0078125 -0.008984375000000001 -0.008984375 0.001171875000000001 0.0011718749999999993 0.0 12.76171875 0.0 0.0 24.38671875 0.0 12.65625 0.0 0.0 26.4921875 0.0 12.8671875 0.0 0.0 26.30078125 0.0 12.796875 0.0 0.0 24.38671875 0.0 5.796661376953125
154511362146 0.0078125 0.0 -0.0078125 -0.008984375000000001 -0.008984375 0.001171875000000001 0.0011718749999999993 0.0 12.76171875 0.0 0.0 23.4296875 0.0 12.69140625 0.0 0.0 26.30078125 0.0 12.83203125 0.0 0.0 25.7265625 0.0 12.796875 0.0 0.0 24.1953125 0.0 5.796661376953125
154511362326 0.0078125 0.0 -0.0078125 -0.008984375000000001 -0.008984375 0.001171875000000001 0.0011718749999999993 0.0 12.76171875 0.0 0.0 23.8125 0.0 12.65625 0.0 0.0 26.109375 0.0 12.83203125 0.0 0.0 25.91796875 0.0 12.796875 0.0 0.0 23.8125 0.0 5.8064422607421875
154511362525 0.0078125 0.0 -0.0078125 -0.008984375000000001 -0.008984375 0.001171875000000001 0.0011718749999999993 0.0 12.796875 0.0 0.0 23.4296875 0.0 12.69140625 0.0 0.0 26.875 0.0 12.8671875 0.0 0.0 25.91796875 0.0 12.796875 0.0 0.0 23.62109375 0.0 5.796661376953125
154511362703 0.0078125 0.0 -0.0078125 -0.008984375000000001 -0.008984375 0.001171875000000001 0.0011718749999999993 0.0 12.76171875 0.0 0.0 23.62109375 0.0 12.69140625 0.0 0.0 25.91796875 0.0 12.8671875 0.0 0.0 25.91796875 0.0 12.83203125 0.0 0.0 24.1953125 0.0 5.8064422607421875
154511362897 0.0078125 0.0 -0.0078125 -0.008984375000000001 -0.008984375 0.001171875000000001 0.0011718749999999993 0.0 12.796875 0.0 0.0 23.4296875 0.0 12.69140625 0.0 0.0 25.91796875 0.0 12.8671875 0.0 0.0 26.109375 0.0 12.83203125 0.0 0.0 24.1953125 0.0 5.8064422607421875
154511363110 0.0078125 0.0 -0.0078125 -0.008984375000000001 -0.008984375 0.001171875000000001 0.0011718749999999993 0.0 12.796875 0.0 0.0 23.8125 0.0 12.69140625 0.0 0.0 26.4921875 0.0 12.8671875 0.0 0.0 26.109375 0.0 12.83203125 0.0 0.0 23.8125 0.0 5.8064422607421875
154511363285 0.0078125 0.0 -0.0078125 -0.008984375000000001 -0.008984375 0.001171875000000001 0.0011718749999999993 0.0 12.796875 0.0 0.0 23.23828125 0.0 12.69140625 0.0 0.0 27.06640625 0.0 12.8671875 0.0 0.0 25.91796875 0.0 12.83203125 0.0 0.0 23.4296875 0.0 5.796661376953125
154511363479 0.0078125 0.0 -0.0078125 -0.008984375000000001 -0.008984375 0.001171875000000001 0.0011718749999999993 0.0 12.796875 0.0 0.0 23.4296875 0.0 12.69140625 0.0 0.0 25.91796875 0.0 12.8671875 0.0 0.0 25.91796875 0.0 12.83203125 0.0 0.0 23.4296875 0.0 5.8064422607421875
154511363662 0.0078125 0.0 -0.0078125 -0.008984375000000001 -0.008984375 0.001171875000000001 0.0011718749999999993 0.0 12.83203125 0.0 0.0 23.8125 0.0 12.69140625 0.0 0.0 27.640625 0.0 12.8671875 0.0 0.0 26.109375 0.0 12.83203125 0.0 0.0 23.4296875 0.0 5.796661376953125
154511363849 0.0078125 0.0 -0.0078125 -0.008984375000000001 -0.008984375 0.001171875000000001 0.0011718749999999993 0.0 12.796875 0.0 0.0 24.76953125 0.0 12.69140625 0.0 0.0 26.30078125 0.0 12.8671875 0.0 0.0 26.68359375 0.0 12.83203125 0.0 0.0 24.1953125 0.0 5.796661376953125
154511364032 0.0078125 0.0 -0.0078125 -0.008984375000000001 -0.008984375 0.001171875000000001 0.0011718749999999993 0.0 12.796875 0.0 0.0 23.23828125 0.0 12.69140625 0.0 0.0 26.875 0.0 12.90234375 0.0 0.0 26.109375 0.0 12.83203125 0.0 0.0 23.62109375 0.0 5.8064422607421875
154511364209 0.0078125 0.0 -0.0078125 -0.008984375000000001 -0.008984375 0.001171875000000001 0.0011718749999999993 0.0 12.796875 0.0 0.0 23.8125 0.0 12.69140625 0.0 0.0 25.34375 0.0 12.8671875 0.0 0.0 25.7265625 0.0 12.83203125 0.0 0.0 23.62109375 0.0 5.796661376953125
154511364379 0.0078125 0.0 -0.0078125 -0.008984375000000001 -0.008984375 0.001171875000000001 0.0011718749999999993 0.0 12.796875 0.0 0.0 23.8125 0.0 12.69140625 0.0 0.0 26.4921875 0.0 12.8671875 0.0 0.0 25.91796875 0.0 12.83203125 0.0 0.0 24.38671875 0.0 5.8064422607421875
154511364557 0.0078125 0.0 -0.0078125 -0.008984375000000001 -0.008984375 0.001171875000000001 0.0011718749999999993 0.0 12.796875 0.0 0.0 23.23828125 0.0 12.69140625 0.0 0.0 26.109375 0.0 12.90234375 0.0 0.0 26.109375 0.0 12.83203125 0.0 0.0 23.8125 0.0 5.8064422607421875
154511364728 0.0078125 0.0 -0.0078125 -0.008984375000000001 -0.008984375 0.001171875000000001 0.0011718749999999993 0.0 12.796875 0.0 0.0 23.8125 0.0 12.69140625 0.0 0.0 26.4921875 0.0 12.8671875 0.0 0.0 26.109375 0.0 12.83203125 0.0 0.0 23.8125 0.0 5.796661376953125
154511364897 0.0078125 0.0 -0.0078125 -0.008984375000000001 -0.008984375 0.001171875000000001 0.0011718749999999993 0.0 12.83203125 0.0 0.0 23.4296875 0.0 12.69140625 0.0 0.0 26.4921875 0.0 12.8671875 0.0 0.0 25.91796875 0.0 12.83203125 0.0 0.0 24.9609375 0.0 5.8064422607421875
154511365077 0.0078125 0.0 -0.0078125 -0.008984375000000001 -0.008984375 0.001171875000000001 0.0011718749999999993 0.0 12.83203125 0.0 0.0 23.046875 0.0 12.7265625 0.0 0.0 26.875 0.0 12.8671875 0.0 0.0 25.7265625 0.0 12.83203125 0.0 0.0 24.1953125 0.0 5.796661376953125
154511365255 0.0078125 0.0 -0.0078125 -0.008984375000000001 -0.008984375 0.001171875000000001 0.0011718749999999993 0.0 12.83203125 0.0 0.0 24.00390625 0.0 12.7265625 0.0 0.0 26.30078125 0.0 12.90234375 0.0 0.0 26.109375 0.0 12.83203125 0.0 0.0 23.8125 0.0 5.8064422607421875
154511365441 0.0078125 0.0 -0.0078125 -0.008984375000000001 -0.008984375 0.001171875000000001 0.0011718749999999993 0.0 12.83203125 0.0 0.0 24.1953125 0.0 12.7265625 0.0 0.0 26.109375 0.0 12.90234375 0.0 0.0 26.4921875 0.0 12.83203125 0.0 0.0 24.578125 0.0 5.8064422607421875
154511365615 0.0078125 0.0 -0.0078125 -0.008984375000000001 -0.008984375 0.001171875000000001 0.0011718749999999993 0.0 12.83203125 0.0 0.0 23.62109375 0.0 12.7265625 0.0 0.0 26.30078125 0.0 12.90234375 0.0 0.0 26.109375 0.0 12.83203125 0.0 0.0 24.38671875 0.0 5.796661376953125
154511365797 0.0078125 0.0 -0.0078125 -0.008984375000000001 -0.008984375 0.001171875000000001 0.0011718749999999993 0.0 12.83203125 0.0 0.0 24.00390625 0.0 12.7265625 0.0 0.0 26.30078125 0.0 12.90234375 0.0 0.0 25.91796875 0.0 12.83203125 0.0 0.0 24.1953125 0.0 5.796661376953125
154511365974 0.0078125 0.0 -0.0078125 -0.008984375000000001 -0.008984375 0.001171875000000001 0.0011718749999999993 0.0 12.83203125 0.0 0.0 23.4296875 0.0 12.7265625 0.0 0.0 26.109375 0.0 12.90234375 0.0 0.0 25.91796875 0.0 12.8671875 0.0 0.0 24.1953125 0.0 5.796661376953125
154511366161 0.0078125 0.0 -0.0078125 -0.008984375000000001 -0.008984375 0.001171875000000001 0.0011718749999999993 0.0 12.83203125 0.0 0.0 23.8125 0.0 12.7265625 0.0 0.0 26.30078125 0.0 12.90234375 0.0 0.0 25.91796875 0.0 12.83203125 0.0 0.0 23.8125 0.0 5.796661376953125
154511366337 0.0078125 0.0 -0.0078125 -0.008984375000000001 -0.008984375 0.001171875000000001 0.0011718749999999993 0.0 12.83203125 0.0 0.0 24.00390625 0.0 12.7265625 0.0 0.0 26.4921875 0.0 12.90234375 0.0 0.0 26.30078125 0.0 12.8671875 0.0 0.0 23.8125 0.0 5.796661376953125
154511366503 0.0078125 0.0 -0.0078125 -0.008984375000000001 -0.008984375 0.001171875000000001 0.0011718749999999993 0.0 12.83203125 0.0 0.0 24.00390625 0.0 12.7265625 0.0 0.0 26.4921875 0.0 12.90234375 0.0 0.0 25.53515625 0.0 12.83203125 0.0 0.0 24.38671875 0.0 5.8064422607421875
154511366676 0.0078125 0.0 -0.0078125 -0.008984375000000001 -0.008984375 0.001171875000000001 0.0011718749999999993 0.0 12.83203125 0.0 0.0 24.38671875 0.0 12.69140625 0.0 0.0 26.30078125 0.0 12.90234375 0.0 0.0 26.109375 0.0 12.8671875 0.0 0.0 23.8125 0.0 5.796661376953125
154511366862 0.0078125 0.0 -0.0078125 -0.008984375000000001 -0.008984375 0.001171875000000001 0.0011718749999999993 0.0 12.83203125 0.0 0.0 23.4296875 0.0 12.7265625 0.0 0.0 26.4921875 0.0 12.90234375 0.0 0.0 25.53515625 0.0 12.8671875 0.0 0.0 23.62109375 0.0 5.8064422607421875
154511367044 0.0078125 0.0 -0.0078125 -0.008984375000000001 -0.008984375 0.001171875000000001 0.0011718749999999993 0.0 12.83203125 0.0 0.0 24.38671875 0.0 12.7265625 0.0 0.0 25.91796875 0.0 12.90234375 0.0 0.0 26.30078125 0.0 12.83203125 0.0 0.0 24.1953125 0.0 5.796661376953125
154511367230 0.0078125 0.0 -0.0078125 -0.008984375000000001 -0.008984375 0.001171875000000001 0.0011718749999999993 0.0 12.83203125 0.0 0.0 23.8125 0.0 12.7265625 0.0 0.0 26.68359375 0.0 12.90234375 0.0 0.0 26.30078125 0.0 12.8671875 0.0 0.0 24.00390625 0.0 5.796661376953125
154511367409 0.0078125 0.0 -0.0078125 -0.008984375000000001 -0.008984375 0.001171875000000001 0.0011718749999999993 0.0 12.83203125 0.0 0.0 23.62109375 0.0 12.7265625 0.0 0.0 25.91796875 0.0 12.90234375 0.0 0.0 26.30078125 0.0 12.8671875 0.0 0.0 24.00390625 0.0 5.8064422607421875
154511367597 0.0078125 0.0 -0.0078125 -0.008984375000000001 -0.008984375 0.001171875000000001 0.0011718749999999993 0.0 12.83203125 0.0 0.0 23.62109375 0.0 12.7265625 0.0 0.0 26.68359375 0.0 12.90234375 0.0 0.0 26.4921875 0.0 12.8671875 0.0 0.0 23.62109375 0.0 5.796661376953125
154511367778 0.0078125 0.0 -0.0078125 -0.008984375000000001 -0.008984375 0.001171875000000001 0.0011718749999999993 0.0 12.83203125 0.0 0.0 23.8125 0.0 12.7265625 0.0 0.0 25.53515625 0.0 12.90234375 0.0 0.0 25.91796875 0.0 12.8671875 0.0 0.0 24.00390625 0.0 5.796661376953125
154511367943 0.0078125 0.0 -0.0078125 -0.008984375000000001 -0.008984375 0.001171875000000001 0.0011718749999999993 0.0 12.83203125 0.0 0.0 24.00390625 0.0 12.7265625 0.0 0.0 25.91796875 0.0 12.7265625 0.0 0.0 25.7265625 0.0 11.7421875 0.0 0.0 24.578125 0.0 5.6793670654296875
S: 154511367844 Fired
154511368109 0.0078125 0.0 -0.0078125 -0.008984375000000001 -0.008984375 0.001171875000000001 0.0011718749999999993 0.0 11.56640625 0.0 0.0 23.8125 0.0 11.28515625 0.0 0.0 26.4921875 7.225555419921875 11.8125 0.0 0.0 25.91796875 0.0 11.84765625 0.0 0.0 24.38671875 0.0 5.161285400390625
154511368279 0.0078125 0.0 -0.0078125 -0.008984375000000001 -0.008984375 0.001171875000000001 0.0011718749999999993 0.0 11.91796875 0.0 0.0 23.62109375 0.0 11.8125 0.0 0.0 26.30078125 -9.104888916015625 11.98828125 0.0 0.0 25.7265625 0.0 11.07421875 0.0 0.0 24.1953125 0.0 4.3890380859375
154511368450 0.0078125 0.0 -0.0078125 -0.008984375000000001 -0.008984375 0.001171875000000001 0.0011718749999999993 0.0 12.4453125 0.0 0.0 24.76953125 0.0 12.4453125 0.0 0.0 26.68359375 19.55810546875 12.4453125 0.0 0.0 25.91796875 0.0 12.4453125 0.0 0.0 23.62109375 0.0 4.8875732421875
154511368611 0.0078125 0.0 -0.0078125 -0.008984375000000001 -0.008984375 0.001171875000000001 0.0011718749999999993 0.0 12.7265625 0.0 0.0 23.4296875 0.0 12.5859375 0.0 0.0 25.91796875 -3.2726898193359375 12.76171875 0.0 0.0 25.91796875 0.0 12.69140625 0.0 0.0 24.00390625 0.0 5.288360595703125
154511368778 0.0078125 0.0 -0.0078125 -0.008984375000000001 -0.008984375 0.001171875000000001 0.0011718749999999993 0.0 12.69140625 0.0 0.0 23.046875 0.0 12.55078125 0.0 0.0 26.30078125 0.0 12.7265625 0.0 0.0 25.7265625 0.0 12.69140625 0.0 0.0 24.1953125 0.0 5.7477874755859375
154511368965 0.0078125 0.0 -0.0078125 -0.008984375000000001 -0.008984375 0.001171875000000001 0.0011718749999999993 0.0 12.65625 0.0 0.0 22.85546875 0.0 12.48046875 0.0 0.0 26.30078125 0.0 12.796875 0.0 0.0 26.30078125 0.0 12.76171875 0.0 0.0 24.1953125 0.0 5.8357696533203125
154511369262 0.0078125 0.0 -0.0078125 -0.008984375000000001 -0.008984375 0.001171875000000001 0.0011718749999999993 0.0 12.76171875 0.0 0.0 24.38671875 0.0 12.62109375 0.0 0.0 26.30078125 0.0 12.83203125 0.0 0.0 26.30078125 0.0 12.796875 0.0 0.0 24.00390625 0.0 5.81622314453125
154511369448 0.0078125 0.0 -0.0078125 -0.008984375000000001 -0.008984375 0.001171875000000001 0.0011718749999999993 0.0 12.76171875 0.0 0.0 23.62109375 0.0 12.65625 0.0 0.0 26.4921875 0.0 12.83203125 0.0 0.0 25.7265625 0.0 12.796875 0.0 0.0 23.62109375 0.0 5.8064422607421875
154511369634 0.0078125 0.0 -0.0078125 -0.008984375000000001 -0.008984375 0.001171875000000001 0.0011718749999999993 0.0 12.76171875 0.0 0.0 23.8125 0.0 12.65625 0.0 0.0 26.4921875 0.0 12.83203125 0.0 0.0 26.30078125 0.0 12.796875 0.0 0.0 24.00390625 0.0 5.8064422607421875
154511369811 0.0078125 0.0 -0.0078125 -0.008984375000000001 -0.008984375 0.001171875000000001 0.0011718749999999993 0.0 12.76171875 0.0 0.0 23.8125 0.0 12.65625 0.0 0.0 27.83203125 0.0 12.8671875 0.0 0.0 26.109375 0.0 12.796875 0.0 0.0 24.00390625 0.0 5.81622314453125
154511369990 0.0078125 0.0 -0.0078125 -0.008984375000000001 -0.008984375 0.001171875000000001 0.0011718749999999993 0.0 12.796875 0.0 0.0 24.1953125 0.0 12.69140625 0.0 0.0 26.4921875 0.0 12.8671875 0.0 0.0 25.91796875 0.0 12.83203125 0.0 0.0 24.1953125 0.0 5.8064422607421875
154511370174 0.0078125 0.0 -0.0078125 -0.008984375000000001 -0.008984375 0.001171875000000001 0.0011718749999999993 0.0 12.76171875 0.0 0.0 23.4296875 0.0 12.69140625 0.0 0.0 26.4921875 0.0 12.8671875 0.0 0.0 25.91796875 0.0 12.796875 0.0 0.0 24.00390625 0.0 5.81622314453125
154511370349 0.0078125 0.0 -0.0078125 -0.008984375000000001 -0.008984375 0.001171875000000001 0.0011718749999999993 0.0 12.796875 0.0 0.0 23.4296875 0.0 12.69140625 0.0 0.0 27.2578125 0.0 12.8671875 0.0 0.0 25.91796875 0.0 12.83203125 0.0 0.0 23.62109375 0.0 5.81622314453125
154511370529 0.0078125 0.0 -0.0078125 -0.008984375000000001 -0.008984375 0.001171875000000001 0.0011718749999999993 0.0 12.796875 0.0 0.0 24.00390625 0.0 12.69140625 0.0 0.0 26.109375 0.0 12.8671875 0.0 0.0 26.109375 0.0 12.83203125 0.0 0.0 23.4296875 0.0 5.81622314453125
154511370709 0.0078125 0.0 -0.0078125 -0.008984375000000001 -0.008984375 0.001171875000000001 0.0011718749999999993 0.0 12.796875 0.0 0.0 24.00390625 0.0 12.69140625 0.0 0.0 25.91796875 0.0 12.8671875 0.0 0.0 25.15234375 0.0 12.83203125 0.0 0.0 24.38671875 0.0 5.8064422607421875
154511370891 0.0078125 0.0 -0.0078125 -0.008984375000000001 -0.008984375 0.001171875000000001 0.0011718749999999993 0.0 12.796875 0.0 0.0 23.62109375 0.0 12.69140625 0.0 0.0 26.30078125 0.0 12.8671875 0.0 0.0 25.7265625 0.0 12.796875 0.0 0.0 23.8125 0.0 5.8064422607421875
154511371076 0.0078125 0.0 -0.0078125 -0.008984375000000001 -0.008984375 0.001171875000000001 0.0011718749999999993 0.0 12.796875 0.0 0.0 23.046875 0.0 12.69140625 0.0 0.0 26.68359375 0.0 12.8671875 0.0 0.0 26.109375 0.0 12.83203125 0.0 0.0 23.62109375 0.0 5.8064422607421875
154511371256 0.0078125 0.0 -0.0078125 -0.008984375000000001 -0.008984375 0.001171875000000001 0.0011718749999999993 0.0 12.796875 0.0 0.0 23.8125 0.0 12.69140625 0.0 0.0 25.91796875 0.0 12.90234375 0.0 0.0 25.91796875 0.0 12.83203125 0.0 0.0 23.62109375 0.0 5.81622314453125
154511371437 0.0078125 0.0 -0.0078125 -0.008984375000000001 -0.008984375 0.001171875000000001 0.0011718749999999993 0.0 12.83203125 0.0 0.0 24.578125 0.0 12.69140625 0.0 0.0 25.7265625 0.0 12.8671875 0.0 0.0 25.34375 0.0 12.83203125 0.0 0.0 23.8125 0.0 5.8064422607421875
154511371616 0.0078125 0.0 -0.0078125 -0.008984375000000001 -0.008984375 0.001171875000000001 0.0011718749999999993 0.0 12.83203125 0.0 0.0 24.1953125 0.0 12.69140625 0.0 0.0 26.4921875 0.0 12.8671875 0.0 0.0 26.109375 0.0 12.83203125 0.0 0.0 24.38671875 0.0 5.81622314453125
154511371806 0.0078125 0.0 -0.0078125 -0.008984375000000001 -0.008984375 0.001171875000000001 0.0011718749999999993 0.0 12.83203125 0.0 0.0 23.8125 0.0 12.69140625 0.0 0.0 26.875 0.0 12.90234375 0.0 0.0 25.91796875 0.0 12.83203125 0.0 0.0 23.62109375 0.0 5.8064422607421875
154511371983 0.0078125 0.0 -0.0078125 -0.008984375000000001 -0.008984375 0.001171875000000001 0.0011718749999999993 0.0 12.83203125 0.0 0.0 23.62109375 0.0 12.69140625 0.0 0.0 25.91796875 0.0 12.90234375 0.0 0.0 26.109375 0.0 12.83203125 0.0 0.0 24.578125 0.0 5.81622314453125
154511372189 0.0078125 0.0 -0.0078125 -0.008984375000000001 -0.008984375 0.001171875000000001 0.0011718749999999993 0.0 12.796875 0.0 0.0 23.62109375 0.0 12.69140625 0.0 0.0 26.30078125 0.0 12.8671875 0.0 0.0 25.91796875 0.0 12.83203125 0.0 0.0 24.38671875 0.0 5.8064422607421875
154511372369 0.0078125 0.0 -0.0078125 -0.008984375000000001 -0.008984375 0.001171875000000001 0.0011718749999999993 0.0 12.83203125 0.0 0.0 24.578125 0.0 12.69140625 0.0 0.0 26.30078125 0.0 12.8671875 0.0 0.0 25.91796875 0.0 12.83203125 0.0 0.0 24.38671875 0.0 5.81622314453125
154511372536 0.0078125 0.0 -0.0078125 -0.008984375000000001 -0.008984375 0.001171875000000001 0.0011718749999999993 0.0 12.83203125 0.0 0.0 23.8125 0.0 12.7265625 0.0 0.0 26.4921875 0.0 12.90234375 0.0 0.0 26.4921875 0.0 12.83203125 0.0 0.0 23.8125 0.0 5.81622314453125
154511372719 0.0078125 0.0 -0.0078125 -0.008984375000000001 -0.008984375 0.001171875000000001 0.0011718749999999993 0.0 12.83203125 0.0 0.0 23.23828125 0.0 12.7265625 0.0 0.0 26.4921875 0.0 12.8671875 0.0 0.0 26.109375 0.0 12.83203125 0.0 0.0 24.1953125 0.0 5.8064422607421875
154511372903 0.0078125 0.0 -0.0078125 -0.008984375000000001 -0.008984375 0.001171875000000001 0.0011718749999999993 0.0 12.83203125 0.0 0.0 23.62109375 0.0 12.69140625 0.0 0.0 24.76953125 0.0 12.8671875 0.0 0.0 26.4921875 0.0 12.83203125 0.0 0.0 23.62109375 0.0 5.81622314453125
154511373076 0.0078125 0.0 -0.0078125 -0.008984375000000001 -0.008984375 0.001171875000000001 0.0011718749999999993 0.0 12.83203125 0.0 0.0 23.8125 0.0 12.69140625 0.0 0.0 26.4921875 0.0 12.8671875 0.0 0.0 25.91796875 0.0 12.8671875 0.0 0.0 24.76953125 0.0 5.81622314453125
154511373259 0.0078125 0.0 -0.0078125 -0.008984375000000001 -0.008984375 0.001171875000000001 0.0011718749999999993 0.0 12.83203125 0.0 0.0 23.8125 0.0 12.7265625 0.0 0.0 26.30078125 0.0 12.8671875 0.0 0.0 26.109375 0.0 12.8671875 0.0 0.0 23.23828125 0.0 5.8064422607421875
154511373439 0.0078125 0.0 -0.0078125 -0.008984375000000001 -0.008984375 0.001171875000000001 0.0011718749999999993 0.0 12.83203125 0.0 0.0 23.4296875 0.0 12.69140625 0.0 0.0 26.109375 0.0 12.90234375 0.0 0.0 26.68359375 0.0 12.83203125 0.0 0.0 23.8125 0.0 5.8064422607421875
154511373622 0.0078125 0.0 -0.0078125 -0.008984375000000001 -0.008984375 0.001171875000000001 0.0011718749999999993 0.0 12.83203125 0.0 0.0 24.00390625 0.0 12.7265625 0.0 0.0 26.30078125 0.0 12.90234375 0.0 0.0 26.30078125 0.0 12.83203125 0.0 0.0 24.00390625 0.0 5.8064422607421875
154511373799 0.0078125 0.0 -0.0078125 -0.008984375000000001 -0.008984375 0.001171875000000001 0.0011718749999999993 0.0 12.83203125 0.0 0.0 23.23828125 0.0 12.7265625 0.0 0.0 26.109375 0.0 12.90234375 0.0 0.0 25.91796875 0.0 12.8671875 0.0 0.0 24.00390625 0.0 5.8064422607421875
154511373972 0.0078125 0.0 -0.0078125 -0.008984375000000001 -0.008984375 0.001171875000000001 0.0011718749999999993 0.0 12.796875 0.0 0.0 22.47265625 0.0 12.7265625 0.0 0.0 26.4921875 0.0 12.90234375 0.0 0.0 26.109375 0.0 12.8671875 0.0 0.0 23.8125 0.0 5.81622314453125
154511374286 0.0078125 0.0 -0.0078125 -0.008984375000000001 -0.008984375 0.001171875000000001 0.0011718749999999993 0.0 12.83203125 0.0 0.0 23.8125 0.0 11.56640625 0.0 0.0 26.4921875 0.0 12.1640625 0.0 0.0 25.7265625 0.0 11.21484375 0.0 0.0 24.00390625 0.0 5.4643096923828125
S: 154511374141 Fired
154511374455 0.0078125 0.0 -0.0078125 -0.008984375000000001 -0.008984375 0.001171875000000001 0.0011718749999999993 0.0 11.63671875 0.0 0.0 23.4296875 0.0 11.63671875 0.0 0.0 26.4921875 -5.307891845703125 11.91796875 0.0 0.0 26.30078125 0.0 11.8828125 0.0 0.0 24.1953125 0.0 4.7702789306640625
154511374639 0.0078125 0.0 -0.0078125 -0.008984375000000001 -0.008984375 0.001171875000000001 0.0011718749999999993 0.0 11.4609375 0.0 0.0 24.1953125 0.0 10.86328125 0.0 0.0 26.68359375 -11.948654174804688 12.5859375 0.0 0.0 26.4921875 0.0 12.515625 0.0 0.0 23.8125 0.0 4.535675048828125
154511374816 0.0078125 0.0 -0.0078125 -0.008984375000000001 -0.008984375 0.001171875000000001 0.0011718749999999993 0.0 12.41015625 0.0 0.0 23.62109375 0.0 12.515625 0.0 0.0 26.30078125 -6.17108154296875 12.796875 0.0 0.0 26.30078125 0.0 12.7265625 0.0 0.0 24.1953125 0.0 5.1808319091796875
154511374990 0.0078125 0.0 -0.0078125 -0.008984375000000001 -0.008984375 0.001171875000000001 0.0011718749999999993 0.0 12.65625 0.0 0.0 23.62109375 0.0 12.55078125 0.0 0.0 24.76953125 0.0 12.7265625 0.0 0.0 25.7265625 0.0 12.65625 0.0 0.0 24.1953125 0.0 5.6109466552734375
154511375189 0.0078125 0.0 -0.0078125 -0.008984375000000001 -0.008984375 0.001171875000000001 0.0011718749999999993 0.0 12.65625 0.0 0.0 23.23828125 0.0 12.55078125 0.0 0.0 26.4921875 0.0 12.69140625 0.0 0.0 26.109375 0.0 12.7265625 0.0 0.0 23.8125 0.0 5.8748626708984375
154511375369 0.0078125 0.0 -0.0078125 -0.008984375000000001 -0.008984375 0.001171875000000001 0.0011718749999999993 0.0 12.7265625 0.0 0.0 23.046875 0.0 12.65625 0.0 0.0 26.68359375 0.0 12.796875 0.0 0.0 25.7265625 0.0 12.76171875 0.0 0.0 24.1953125 0.0 5.82598876953125
154511375550 0.0078125 0.0 -0.0078125 -0.008984375000000001 -0.008984375 0.001171875000000001 0.0011718749999999993 0.0 12.76171875 0.0 0.0 23.62109375 0.0 12.65625 0.0 0.0 25.91796875 0.0 12.83203125 0.0 0.0 25.7265625 0.0 12.76171875 0.0 0.0 24.1953125 0.0 5.81622314453125
154511375730 0.0078125 0.0 -0.0078125 -0.008984375000000001 -0.008984375 0.001171875000000001 0.0011718749999999993 0.0 12.76171875 0.0 0.0 23.4296875 0.0 12.65625 0.0 0.0 26.30078125 0.0 12.83203125 0.0 0.0 26.109375 0.0 12.796875 0.0 0.0 24.578125 0.0 5.81622314453125
154511375917 0.0078125 0.0 -0.0078125 -0.008984375000000001 -0.008984375 0.001171875000000001 0.0011718749999999993 0.0 12.796875 0.0 0.0 24.00390625 0.0 12.65625 0.0 0.0 26.30078125 0.0 12.83203125 0.0 0.0 25.91796875 0.0 12.76171875 0.0 0.0 24.1953125 0.0 5.82598876953125
154511376098 0.0078125 0.0 -0.0078125 -0.008984375000000001 -0.008984375 0.001171875000000001 0.0011718749999999993 0.0 12.76171875 0.0 0.0 23.8125 0.0 12.65625 0.0 0.0 26.109375 0.0 12.8671875 0.0 0.0 25.91796875 0.0 12.796875 0.0 0.0 24.1953125 0.0 5.81622314453125
154511376283 0.0078125 0.0 -0.0078125 -0.008984375000000001 -0.008984375 0.001171875000000001 0.0011718749999999993 0.0 12.76171875 0.0 0.0 23.4296875 0.0 12.69140625 0.0 0.0 26.4921875 0.0 12.83203125 0.0 0.0 26.30078125 0.0 12.796875 0.0 0.0 24.38671875 0.0 5.81622314453125
154511376470 0.0078125 0.0 -0.0078125 -0.008984375000000001 -0.008984375 0.001171875000000001 0.0011718749999999993 0.0 12.796875 0.0 0.0 24.00390625 0.0 12.65625 0.0 0.0 25.91796875 0.0 12.8671875 0.0 0.0 25.7265625 0.0 12.796875 0.0 0.0 24.578125 0.0 5.81622314453125
154511376646 0.0078125 0.0 -0.0078125 -0.008984375000000001 -0.008984375 0.001171875000000001 0.0011718749999999993 0.0 12.796875 0.0 0.0 23.8125 0.0 12.65625 0.0 0.0 26.30078125 0.0 12.8671875 0.0 0.0 26.30078125 0.0 12.796875 0.0 0.0 23.8125 0.0 5.82598876953125
154511376830 0.0078125 0.0 -0.0078125 -0.008984375000000001 -0.008984375 0.001171875000000001 0.0011718749999999993 0.0 12.796875 0.0 0.0 24.38671875 0.0 12.69140625 0.0 0.0 27.640625 0.0 12.8671875 0.0 0.0 26.109375 0.0 12.796875 0.0 0.0 24.1953125 0.0 5.81622314453125
154511377005 0.0078125 0.0 -0.0078125 -0.008984375000000001 -0.008984375 0.001171875000000001 0.0011718749999999993 0.0 12.796875 0.0 0.0 23.8125 0.0 12.69140625 0.0 0.0 26.875 0.0 12.8671875 0.0 0.0 26.30078125 0.0 12.83203125 0.0 0.0 24.38671875 0.0 5.81622314453125
154511377190 0.0078125 0.0 -0.0078125 -0.008984375000000001 -0.008984375 0.001171875000000001 0.0011718749999999993 0.0 12.796875 0.0 0.0 24.1953125 0.0 12.69140625 0.0 0.0 26.109375 0.0 12.8671875 0.0 0.0 25.91796875 0.0 12.796875 0.0 0.0 24.578125 0.0 5.82598876953125
154511377369 0.0078125 0.0 -0.0078125 -0.008984375000000001 -0.008984375 0.001171875000000001 0.0011718749999999993 0.0 12.796875 0.0 0.0 23.62109375 0.0 12.69140625 0.0 0.0 25.91796875 0.0 12.8671875 0.0 0.0 26.30078125 0.0 12.796875 0.0 0.0 24.578125 0.0 5.82598876953125
154511377550 0.0078125 0.0 -0.0078125 -0.008984375000000001 -0.008984375 0.001171875000000001 0.0011718749999999993 0.0 12.796875 0.0 0.0 23.4296875 0.0 12.69140625 0.0 0.0 26.30078125 0.0 12.8671875 0.0 0.0 26.109375 0.0 12.796875 0.0 0.0 23.62109375 0.0 5.81622314453125
154511377730 0.0078125 0.0 -0.0078125 -0.008984375000000001 -0.008984375 0.001171875000000001 0.0011718749999999993 0.0 12.796875 0.0 0.0 23.8125 0.0 12.69140625 0.0 0.0 25.15234375 0.0 12.8671875 0.0 0.0 26.109375 0.0 12.83203125 0.0 0.0 23.62109375 0.0 5.82598876953125
154511377918 0.0078125 0.0 -0.0078125 -0.008984375000000001 -0.008984375 0.001171875000000001 0.0011718749999999993 0.0 12.796875 0.0 0.0 24.00390625 0.0 12.69140625 0.0 0.0 26.4921875 0.0 12.8671875 0.0 0.0 25.53515625 0.0 12.83203125 0.0 0.0 23.8125 0.0 5.82598876953125
154511378098 0.0078125 0.0 -0.0078125 -0.008984375000000001 -0.008984375 0.001171875000000001 0.0011718749999999993 0.0 12.796875 0.0 0.0 23.62109375 0.0 12.69140625 0.0 0.0 26.30078125 0.0 12.8671875 0.0 0.0 25.91796875 0.0 12.83203125 0.0 0.0 24.00390625 0.0 5.82598876953125
154511378304 0.0078125 0.0 -0.0078125 -0.008984375000000001 -0.008984375 0.001171875000000001 0.0011718749999999993 0.0 12.796875 0.0 0.0 24.38671875 0.0 12.69140625 0.0 0.0 25.53515625 0.0 12.8671875 0.0 0.0 25.7265625 0.0 12.83203125 0.0 0.0 23.4296875 0.0 5.82598876953125
154511378485 0.0078125 0.0 -0.0078125 -0.008984375000000001 -0.008984375 0.001171875000000001 0.0011718749999999993 0.0 12.796875 0.0 0.0 23.8125 0.0 12.69140625 0.0 0.0 25.91796875 0.0 12.8671875 0.0 0.0 25.91796875 0.0 12.83203125 0.0 0.0 23.8125 0.0 5.8064422607421875
154511378664 0.0078125 0.0 -0.0078125 -0.008984375000000001 -0.008984375 0.001171875000000001 0.0011718749999999993 0.0 12.83203125 0.0 0.0 23.8125 0.0 12.7265625 0.0 0.0 25.91796875 0.0 12.90234375 0.0 0.0 26.109375 0.0 12.83203125 0.0 0.0 23.8125 0.0 5.81622314453125
154511378850 0.0078125 0.0 -0.0078125 -0.008984375000000001 -0.008984375 0.001171875000000001 0.0011718749999999993 0.0 12.83203125 0.0 0.0 23.4296875 0.0 12.7265625 0.0 0.0 26.109375 0.0 12.90234375 0.0 0.0 26.68359375 0.0 12.83203125 0.0 0.0 23.4296875 0.0 5.81622314453125
154511379025 0.0078125 0.0 -0.0078125 -0.008984375000000001 -0.008984375 0.001171875000000001 0.0011718749999999993 0.0 12.796875 0.0 0.0 23.4296875 0.0 12.7265625 0.0 0.0 27.2578125 0.0 12.90234375 0.0 0.0 26.109375 0.0 12.83203125 0.0 0.0 24.38671875 0.0 5.81622314453125
154511379209 0.0078125 0.0 -0.0078125 -0.008984375000000001 -0.008984375 0.001171875000000001 0.0011718749999999993 0.0 12.83203125 0.0 0.0 23.4296875 0.0 12.69140625 0.0 0.0 25.7265625 0.0 12.90234375 0.0 0.0 25.91796875 0.0 12.83203125 0.0 0.0 23.62109375 0.0 5.81622314453125
154511379382 0.0078125 0.0 -0.0078125 -0.008984375000000001 -0.008984375 0.001171875000000001 0.0011718749999999993 0.0 12.796875 0.0 0.0 22.08984375 0.0 12.7265625 0.0 0.0 25.91796875 0.0 12.90234375 0.0 0.0 26.109375 0.0 12.83203125 0.0 0.0 23.8125 0.0 5.81622314453125
154511379565 0.0078125 0.0 -0.0078125 -0.008984375000000001 -0.008984375 0.001171875000000001 0.0011718749999999993 0.0 12.83203125 0.0 0.0 24.578125 0.0 12.7265625 0.0 0.0 26.109375 0.0 12.90234375 0.0 0.0 25.91796875 0.0 12.8671875 0.0 0.0 23.62109375 0.0 5.81622314453125
154511379745 0.0078125 0.0 -0.0078125 -0.008984375000000001 -0.008984375 0.001171875000000001 0.0011718749999999993 0.0 12.796875 0.0 0.0 24.1953125 0.0 12.7265625 0.0 0.0 26.30078125 0.0 12.8671875 0.0 0.0 25.7265625 0.0 12.83203125 0.0 0.0 24.00390625 0.0 5.81622314453125
154511379930 0.0078125 0.0 -0.0078125 -0.008984375000000001 -0.008984375 0.001171875000000001 0.0011718749999999993 0.0 12.796875 0.0 0.0 23.8125 0.0 12.7265625 0.0 0.0 25.91796875 0.0 12.90234375 0.0 0.0 26.4921875 0.0 12.83203125 0.0 0.0 24.00390625 0.0 5.82598876953125
154511380109 0.0078125 0.0 -0.0078125 -0.008984375000000001 -0.008984375 0.001171875000000001 0.0011718749999999993 0.0 12.83203125 0.0 0.0 24.1953125 0.0 12.7265625 0.0 0.0 25.91796875 0.0 12.90234375 0.0 0.0 25.7265625 0.0 12.83203125 0.0 0.0 23.62109375 0.0 5.82598876953125
154511380278 0.0078125 0.0 -0.0078125 -0.008984375000000001 -0.008984375 0.001171875000000001 0.0011718749999999993 0.0 12.83203125 0.0 0.0 23.62109375 0.0 12.7265625 0.0 0.0 25.91796875 0.0 12.69140625 0.0 0.0 25.34375 0.0 11.84765625 0.0 0.0 23.62109375 0.0 5.68914794921875
S: 154511380175 Fired
154511380449 0.0078125 0.0 -0.0078125 -0.008984375000000001 -0.008984375 0.001171875000000001 0.0011718749999999993 0.0 11.42578125 0.0 0.0 24.38671875 0.0 11.42578125 0.0 0.0 26.109375 9.084365844726562 11.8125 0.0 0.0 26.109375 0.0 11.77734375 0.0 0.0 24.1953125 0.0 5.043975830078125
154511380628 0.0078125 0.0 -0.0078125 -0.008984375000000001 -0.008984375 0.001171875000000001 0.0011718749999999993 0.0 11.953125 0.0 0.0 23.8125 0.0 11.77734375 0.0 0.0 26.4921875 -10.722808837890625 11.56640625 0.0 0.0 25.7265625 0.0 9.73828125 0.0 0.0 24.38671875 0.0 4.3597259521484375
154511380802 0.0078125 0.0 -0.0078125 -0.008984375000000001 -0.008984375 0.001171875000000001 0.0011718749999999993 0.0 12.515625 0.0 0.0 24.00390625 0.0 12.4453125 0.0 0.0 26.875 22.44366455078125 12.3046875 0.0 0.0 26.4921875 0.0 12.48046875 0.0 0.0 24.1953125 0.0 4.9560089111328125
154511380980 0.0078125 0.0 -0.0078125 -0.008984375000000001 -0.008984375 0.001171875000000001 0.0011718749999999993 0.0 12.69140625 0.0 0.0 24.00390625 0.0 12.55078125 0.0 0.0 26.109375 2.71331787109375 12.7265625 0.0 0.0 25.91796875 0.0 12.69140625 0.0 0.0 24.1953125 0.0 5.474090576171875
154511381196 0.0078125 0.0 -0.0078125 -0.008984375000000001 -0.008984375 0.001171875000000001 0.0011718749999999993 0.0 12.65625 0.0 0.0 24.00390625 0.0 12.515625 0.0 0.0 26.109375 0.0 12.7265625 0.0 0.0 25.7265625 0.0 12.7265625 0.0 0.0 24.00390625 0.0 5.8650970458984375
154511381377 0.0078125 0.0 -0.0078125 -0.008984375000000001 -0.008984375 0.001171875000000001 0.0011718749999999993 0.0 12.7265625 0.0 0.0 24.9609375 0.0 12.62109375 0.0 0.0 25.91796875 0.0 12.83203125 0.0 0.0 26.109375 0.0 12.76171875 0.0 0.0 23.8125 0.0 5.8064422607421875
154511381556 0.0078125 0.0 -0.0078125 -0.008984375000000001 -0.008984375 0.001171875000000001 0.0011718749999999993 0.0 12.7265625 0.0 0.0 23.62109375 0.0 12.62109375 0.0 0.0 26.109375 0.0 12.83203125 0.0 0.0 26.30078125 0.0 12.796875 0.0 0.0 23.23828125 0.0 5.8064422607421875
154511381736 0.0078125 0.0 -0.0078125 -0.008984375000000001 -0.008984375 0.001171875000000001 0.0011718749999999993 0.0 12.76171875 0.0 0.0 23.62109375 0.0 12.65625 0.0 0.0 26.4921875 0.0 12.83203125 0.0 0.0 26.4921875 0.0 12.796875 0.0 0.0 24.578125 0.0 5.8064422607421875
154511381922 0.0078125 0.0 -0.0078125 -0.008984375000000001 -0.008984375 0.001171875000000001 0.0011718749999999993 0.0 12.76171875 0.0 0.0 23.8125 0.0 12.65625 0.0 0.0 26.4921875 0.0 12.83203125 0.0 0.0 25.7265625 0.0 12.76171875 0.0 0.0 24.1953125 0.0 5.81622314453125
154511382102 0.0078125 0.0 -0.0078125 -0.008984375000000001 -0.008984375 0.001171875000000001 0.0011718749999999993 0.0 12.76171875 0.0 0.0 23.4296875 0.0 12.65625 0.0 0.0 26.30078125 0.0 12.8671875 0.0 0.0 25.7265625 0.0 12.76171875 0.0 0.0 24.578125 0.0 5.8064422607421875
154511382279 0.0078125 0.0 -0.0078125 -0.008984375000000001 -0.008984375 0.001171875000000001 0.0011718749999999993 0.0 12.76171875 0.0 0.0 23.4296875 0.0 12.65625 0.0 0.0 26.30078125 0.0 12.83203125 0.0 0.0 26.109375 0.0 12.796875 0.0 0.0 23.62109375 0.0 5.8064422607421875
154511382456 0.0078125 0.0 -0.0078125 -0.008984375000000001 -0.008984375 0.001171875000000001 0.0011718749999999993 0.0 12.76171875 0.0 0.0 24.00390625 0.0 12.65625 0.0 0.0 26.4921875 0.0 12.8671875 0.0 0.0 25.91796875 0.0 12.83203125 0.0 0.0 23.8125 0.0 5.8064422607421875
154511382644 0.0078125 0.0 -0.0078125 -0.008984375000000001 -0.008984375 0.001171875000000001 0.0011718749999999993 0.0 12.76171875 0.0 0.0 23.8125 0.0 12.69140625 0.0 0.0 26.4921875 0.0 12.83203125 0.0 0.0 25.91796875 0.0 12.796875 0.0 0.0 24.1953125 0.0 5.8064422607421875
154511382829 0.0078125 0.0 -0.0078125 -0.008984375000000001 -0.008984375 0.001171875000000001 0.0011718749999999993 0.0 12.796875 0.0 0.0 23.4296875 0.0 12.69140625 0.0 0.0 26.109375 0.0 12.83203125 0.0 0.0 26.4921875 0.0 12.796875 0.0 0.0 24.578125 0.0 5.81622314453125
154511383010 0.0078125 0.0 -0.0078125 -0.008984375000000001 -0.008984375 0.001171875000000001 0.0011718749999999993 0.0 12.76171875 0.0 0.0 23.8125 0.0 12.69140625 0.0 0.0 25.7265625 0.0 12.8671875 0.0 0.0 26.4921875 0.0 12.796875 0.0 0.0 23.62109375 0.0 5.8064422607421875
154511383189 0.0078125 0.0 -0.0078125 -0.008984375000000001 -0.008984375 0.001171875000000001 0.0011718749999999993 0.0 12.796875 0.0 0.0 24.38671875 0.0 12.65625 0.0 0.0 26.68359375 0.0 12.8671875 0.0 0.0 25.53515625 0.0 12.796875 0.0 0.0 23.4296875 0.0 5.81622314453125
154511383364 0.0078125 0.0 -0.0078125 -0.008984375000000001 -0.008984375 0.001171875000000001 0.0011718749999999993 0.0 12.796875 0.0 0.0 24.00390625 0.0 12.69140625 0.0 0.0 26.4921875 0.0 12.8671875 0.0 0.0 25.7265625 0.0 12.83203125 0.0 0.0 23.8125 0.0 5.8064422607421875
154511383550 0.0078125 0.0 -0.0078125 -0.008984375000000001 -0.008984375 0.001171875000000001 0.0011718749999999993 0.0 12.796875 0.0 0.0 24.1953125 0.0 12.69140625 0.0 0.0 26.4921875 0.0 12.8671875 0.0 0.0 26.4921875 0.0 12.796875 0.0 0.0 24.578125 0.0 5.8064422607421875
154511383729 0.0078125 0.0 -0.0078125 -0.008984375000000001 -0.008984375 0.001171875000000001 0.0011718749999999993 0.0 12.796875 0.0 0.0 23.8125 0.0 12.69140625 0.0 0.0 26.109375 0.0 12.8671875 0.0 0.0 26.109375 0.0 12.83203125 0.0 0.0 24.1953125 0.0 5.81622314453125
154511383910 0.0078125 0.0 -0.0078125 -0.008984375000000001 -0.008984375 0.001171875000000001 0.0011718749999999993 0.0 12.796875 0.0 0.0 23.8125 0.0 12.69140625 0.0 0.0 26.4921875 0.0 12.8671875 0.0 0.0 26.109375 0.0 12.83203125 0.0 0.0 24.38671875 0.0 5.8064422607421875
154511384092 0.0078125 0.0 -0.0078125 -0.008984375000000001 -0.008984375 0.001171875000000001 0.0011718749999999993 0.0 12.796875 0.0 0.0 24.00390625 0.0 12.69140625 0.0 0.0 25.7265625 0.0 12.8671875 0.0 0.0 25.7265625 0.0 12.83203125 0.0 0.0 24.1953125 0.0 5.8064422607421875
154511384291 0.0078125 0.0 -0.0078125 -0.008984375000000001 -0.008984375 0.001171875000000001 0.0011718749999999993 0.0 12.796875 0.0 0.0 23.23828125 0.0 12.7265625 0.0 0.0 25.91796875 0.0 12.8671875 0.0 0.0 26.109375 0.0 12.83203125 0.0 0.0 23.23828125 0.0 5.81622314453125
154511384473 0.0078125 0.0 -0.0078125 -0.008984375000000001 -0.008984375 0.001171875000000001 0.0011718749999999993 0.0 12.796875 0.0 0.0 23.4296875 0.0 12.69140625 0.0 0.0 26.4921875 0.0 12.8671875 0.0 0.0 25.7265625 0.0 12.83203125 0.0 0.0 23.62109375 0.0 5.81622314453125
154511384649 0.0078125 0.0 -0.0078125 -0.008984375000000001 -0.008984375 0.001171875000000001 0.0011718749999999993 0.0 12.796875 0.0 0.0 24.1953125 0.0 12.69140625 0.0 0.0 26.4921875 0.0 12.8671875 0.0 0.0 26.109375 0.0 12.83203125 0.0 0.0 23.8125 0.0 5.8064422607421875
154511384838 0.0078125 0.0 -0.0078125 -0.008984375000000001 -0.008984375 0.001171875000000001 0.0011718749999999993 0.0 12.796875 0.0 0.0 23.62109375 0.0 12.7265625 0.0 0.0 26.4921875 0.0 12.8671875 0.0 0.0 26.109375 0.0 12.796875 0.0 0.0 24.38671875 0.0 5.8064422607421875
154511385018 0.0078125 0.0 -0.0078125 -0.008984375000000001 -0.008984375 0.001171875000000001 0.0011718749999999993 0.0 12.796875 0.0 0.0 23.4296875 0.0 12.7265625 0.0 0.0 26.109375 0.0 12.8671875 0.0 0.0 26.4921875 0.0 12.83203125 0.0 0.0 23.8125 0.0 5.8064422607421875
154511385198 0.0078125 0.0 -0.0078125 -0.008984375000000001 -0.008984375 0.001171875000000001 0.0011718749999999993 0.0 12.83203125 0.0 0.0 23.62109375 0.0 12.69140625 0.0 0.0 26.4921875 0.0 12.8671875 0.0 0.0 26.30078125 0.0 12.83203125 0.0 0.0 23.8125 0.0 5.8064422607421875
154511385377 0.0078125 0.0 -0.0078125 -0.008984375000000001 -0.008984375 0.001171875000000001 0.0011718749999999993 0.0 12.796875 0.0 0.0 24.00390625 0.0 12.69140625 0.0 0.0 26.4921875 0.0 12.90234375 0.0 0.0 25.7265625 0.0 12.83203125 0.0 0.0 23.8125 0.0 5.8064422607421875
154511385558 0.0078125 0.0 -0.0078125 -0.008984375000000001 -0.008984375 0.001171875000000001 0.0011718749999999993 0.0 12.83203125 0.0 0.0 24.00390625 0.0 12.69140625 0.0 0.0 26.4921875 0.0 12.90234375 0.0 0.0 26.109375 0.0 12.83203125 0.0 0.0 24.38671875 0.0 5.8064422607421875
154511385736 0.0078125 0.0 -0.0078125 -0.008984375000000001 -0.008984375 0.001171875000000001 0.0011718749999999993 0.0 12.83203125 0.0 0.0 24.38671875 0.0 12.69140625 0.0 0.0 26.875 0.0 12.8671875 0.0 0.0 26.30078125 0.0 12.83203125 0.0 0.0 23.62109375 0.0 5.8064422607421875
154511385917 0.0078125 0.0 -0.0078125 -0.008984375000000001 -0.008984375 0.001171875000000001 0.0011718749999999993 0.0 12.83203125 0.0 0.0 23.8125 0.0 12.7265625 0.0 0.0 26.30078125 0.0 12.90234375 0.0 0.0 26.109375 0.0 12.83203125 0.0 0.0 24.38671875 0.0 5.8064422607421875
154511386097 0.0078125 0.0 -0.0078125 -0.008984375000000001 -0.008984375 0.001171875000000001 0.0011718749999999993 0.0 12.83203125 0.0 0.0 23.8125 0.0 12.7265625 0.0 0.0 25.7265625 0.0 12.90234375 0.0 0.0 25.91796875 0.0 12.83203125 0.0 0.0 24.1953125 0.0 5.8064422607421875
154511386253 0.0078125 0.0 -0.0078125 -0.008984375000000001 -0.008984375 0.001171875000000001 0.0011718749999999993 0.0 12.83203125 0.0 0.0 24.1953125 0.0 12.7265625 0.0 0.0 26.4921875 0.0 12.90234375 0.0 0.0 26.109375 0.0 12.8671875 0.0 0.0 23.8125 0.0 5.81622314453125
