153989798396 Joystick axes: 0.0234375 -0.0078125 -0.0078125 Motor Outputs: 0.0 0.0 0.0 0.0 Front_Left: 0.0 0.0 21.70703125 Back_Left: 0.0 0.0 26.4921875 Back_Right: 0.0 0.0 25.34375 Front_Right: 0.0 0.0 22.47265625 Pickup: 0.0 Shooter: 0.0 5.796661376953125
153989798522 Joystick axes: 0.0234375 -0.0078125 -0.0078125 Motor Outputs: 0.006250000000000002 0.01640625 -0.014062500000000002 -0.02421875 Front_Left: 0.0 0.0 22.6640625 Back_Left: 0.0 0.0 26.4921875 Back_Right: 0.0 0.0 24.9609375 Front_Right: 0.0 0.0 23.8125 Pickup: 0.0 Shooter: 0.0 5.8064422607421875
153989798642 Joystick axes: 0.0234375 -0.0078125 -0.0078125 Motor Outputs: 0.006250000000000002 0.01640625 -0.014062500000000002 -0.02421875 Front_Left: 0.0 0.0 23.046875 Back_Left: 0.0 0.0 25.34375 Back_Right: 0.0 0.0 24.9609375 Front_Right: 0.0 0.0 22.6640625 Pickup: 0.0 Shooter: 0.0 5.796661376953125
153989798769 Joystick axes: 0.0234375 -0.0078125 -0.0078125 Motor Outputs: 0.006250000000000002 0.01640625 -0.014062500000000002 -0.02421875 Front_Left: 0.0 0.0 22.28125 Back_Left: 0.0 0.0 25.53515625 Back_Right: 0.0 0.0 25.15234375 Front_Right: 0.0 0.0 23.046875 Pickup: 0.0 Shooter: 0.0 5.8064422607421875
153989798891 Joystick axes: 0.0234375 -0.0078125 -0.0078125 Motor Outputs: 0.006250000000000002 0.01640625 -0.014062500000000002 -0.02421875 Front_Left: 0.0 0.0 22.08984375 Back_Left: 0.0 0.0 24.9609375 Back_Right: 0.0 0.0 25.15234375 Front_Right: 0.0 0.0 23.4296875 Pickup: 0.0 Shooter: 0.0 5.796661376953125
153989799009 Joystick axes: 0.0234375 -0.0078125 -0.0078125 Motor Outputs: 0.006250000000000002 0.01640625 -0.014062500000000002 -0.02421875 Front_Left: 0.0 0.0 23.046875 Back_Left: 0.0 0.0 25.7265625 Back_Right: 0.0 0.0 24.76953125 Front_Right: 0.0 0.0 22.85546875 Pickup: 0.0 Shooter: 0.0 5.796661376953125
153989799149 Joystick axes: 0.0234375 -0.0078125 -0.0078125 Motor Outputs: 0.006250000000000002 0.01640625 -0.014062500000000002 -0.02421875 Front_Left: 0.0 0.0 22.6640625 Back_Left: 0.0 0.0 25.53515625 Back_Right: 0.0 0.0 25.15234375 Front_Right: 0.0 0.0 22.6640625 Pickup: 0.0 Shooter: 0.0 5.796661376953125
153989799281 Joystick axes: 0.0234375 -0.0078125 -0.0078125 Motor Outputs: 0.006250000000000002 0.01640625 -0.014062500000000002 -0.02421875 Front_Left: 0.0 0.0 23.8125 Back_Left: 0.0 0.0 25.34375 Back_Right: 0.0 0.0 24.76953125 Front_Right: 0.0 0.0 22.6640625 Pickup: 0.0 Shooter: 0.0 5.8064422607421875
153989799401 Joystick axes: 0.0234375 -0.0078125 -0.0078125 Motor Outputs: 0.006250000000000002 0.01640625 -0.014062500000000002 -0.02421875 Front_Left: 0.0 0.0 22.08984375 Back_Left: 0.0 0.0 24.00390625 Back_Right: 0.0 0.0 24.9609375 Front_Right: 0.0 0.0 23.046875 Pickup: 0.0 Shooter: 0.0 5.796661376953125
153989799533 Joystick axes: 0.0234375 -0.0078125 -0.0078125 Motor Outputs: 0.006250000000000002 0.01640625 -0.014062500000000002 -0.02421875 Front_Left: 0.0 0.0 22.85546875 Back_Left: 0.0 0.0 26.4921875 Back_Right: 0.0 0.0 24.578125 Front_Right: 0.0 0.0 23.23828125 Pickup: 0.0 Shooter: 0.0 5.796661376953125
153989799661 Joystick axes: 0.0234375 -0.0078125 -0.0078125 Motor Outputs: 0.006250000000000002 0.01640625 -0.014062500000000002 -0.02421875 Front_Left: 0.0 0.0 21.8984375 Back_Left: 0.0 0.0 25.15234375 Back_Right: 0.0 0.0 25.15234375 Front_Right: 0.0 0.0 23.23828125 Pickup: 0.0 Shooter: 0.0 5.796661376953125
153989799790 Joystick axes: 0.0234375 -0.0078125 -0.0078125 Motor Outputs: 0.006250000000000002 0.01640625 -0.014062500000000002 -0.02421875 Front_Left: 0.0 0.0 22.08984375 Back_Left: 0.0 0.0 25.7265625 Back_Right: 0.0 0.0 24.9609375 Front_Right: 0.0 0.0 22.6640625 Pickup: 0.0 Shooter: 0.0 5.796661376953125
153989799928 Joystick axes: 0.0234375 -0.0078125 -0.0078125 Motor Outputs: 0.006250000000000002 0.01640625 -0.014062500000000002 -0.02421875 Front_Left: 0.0 0.0 23.046875 Back_Left: 0.0 0.0 25.15234375 Back_Right: 0.0 0.0 25.34375 Front_Right: 0.0 0.0 22.85546875 Pickup: 0.0 Shooter: 0.0 5.796661376953125
153989800051 Joystick axes: 0.0234375 -0.0078125 -0.0078125 Motor Outputs: 0.006250000000000002 0.01640625 -0.014062500000000002 -0.02421875 Front_Left: 0.0 0.0 22.47265625 Back_Left: 0.0 0.0 25.15234375 Back_Right: 0.0 0.0 24.76953125 Front_Right: 0.0 0.0 23.046875 Pickup: 0.0 Shooter: 0.0 5.796661376953125
153989800202 Joystick axes: 0.0234375 -0.0078125 -0.0078125 Motor Outputs: 0.006250000000000002 0.01640625 -0.014062500000000002 -0.02421875 Front_Left: 0.0 0.0 21.8984375 Back_Left: 0.0 0.0 25.7265625 Back_Right: 0.0 0.0 24.9609375 Front_Right: 0.0 0.0 22.47265625 Pickup: 0.0 Shooter: 0.0 5.8064422607421875
153989800329 Joystick axes: 0.0234375 -0.0078125 -0.0078125 Motor Outputs: 0.006250000000000002 0.01640625 -0.014062500000000002 -0.02421875 Front_Left: 0.0 0.0 22.28125 Back_Left: 0.0 0.0 25.15234375 Back_Right: 0.0 0.0 24.9609375 Front_Right: 0.0 0.0 22.85546875 Pickup: 0.0 Shooter: 0.0 5.796661376953125
153989800475 Joystick axes: 0.0234375 -0.0078125 -0.0078125 Motor Outputs: 0.006250000000000002 0.01640625 -0.014062500000000002 -0.02421875 Front_Left: 0.0 0.0 22.47265625 Back_Left: 0.0 0.0 25.53515625 Back_Right: 0.0 0.0 25.34375 Front_Right: 0.0 0.0 22.6640625 Pickup: 0.0 Shooter: 0.0 5.601165771484375
S: 153989800347 Fired
153989800601 Joystick axes: 0.0234375 -0.0078125 -0.0078125 Motor Outputs: 0.006250000000000002 0.01640625 -0.014062500000000002 -0.02421875 Front_Left: 0.0 0.0 22.47265625 Back_Left: 0.0 0.0 25.34375 Back_Right: 0.0 0.0 24.9609375 Front_Right: 0.0 0.0 22.6640625 Pickup: 0.0 Shooter: 0.0 5.034210205078125
153989800721 Joystick axes: 0.0234375 -0.0078125 -0.0078125 Motor Outputs: 0.006250000000000002 0.01640625 -0.014062500000000002 -0.02421875 Front_Left: 0.0 0.0 22.85546875 Back_Left: 0.0 0.0 25.15234375 Back_Right: 0.0 0.0 25.15234375 Front_Right: 0.0 0.0 22.47265625 Pickup: 0.0 Shooter: 0.0 4.4281463623046875
153989800841 Joystick axes: 0.0234375 -0.0078125 -0.0078125 Motor Outputs: 0.006250000000000002 0.01640625 -0.014062500000000002 -0.02421875 Front_Left: 0.0 0.0 22.47265625 Back_Left: 0.0 0.0 24.76953125 Back_Right: 0.0 0.0 24.578125 Front_Right: 0.0 0.0 23.23828125 Pickup: 0.0 Shooter: 0.0 4.6725311279296875
153989800962 Joystick axes: 0.0234375 -0.0078125 -0.0078125 Motor Outputs: 0.006250000000000002 0.01640625 -0.014062500000000002 -0.02421875 Front_Left: 0.0 0.0 22.08984375 Back_Left: 0.0 0.0 25.53515625 Back_Right: 0.0 0.0 25.15234375 Front_Right: 0.0 0.0 23.046875 Pickup: 0.0 Shooter: 0.0 5.2394866943359375
153989801101 Joystick axes: 0.0234375 -0.0078125 -0.0078125 Motor Outputs: 0.006250000000000002 0.01640625 -0.014062500000000002 -0.02421875 Front_Left: 0.0 0.0 23.046875 Back_Left: 0.0 0.0 25.91796875 Back_Right: 0.0 0.0 25.15234375 Front_Right: 0.0 0.0 22.6640625 Pickup: 0.0 Shooter: 0.0 5.6207122802734375
153989801221 Joystick axes: 0.0234375 -0.0078125 -0.0078125 Motor Outputs: 0.006250000000000002 0.01640625 -0.014062500000000002 -0.02421875 Front_Left: 0.0 0.0 22.08984375 Back_Left: 0.0 0.0 25.34375 Back_Right: 0.0 0.0 24.9609375 Front_Right: 0.0 0.0 22.47265625 Pickup: 0.0 Shooter: 0.0 5.81622314453125
153989801337 Joystick axes: 0.0234375 -0.0078125 -0.0078125 Motor Outputs: 0.006250000000000002 0.01640625 -0.014062500000000002 -0.02421875 Front_Left: 0.0 0.0 22.47265625 Back_Left: 0.0 0.0 25.34375 Back_Right: 0.0 0.0 25.53515625 Front_Right: 0.0 0.0 23.4296875 Pickup: 0.0 Shooter: 0.0 5.7673492431640625
153989801469 Joystick axes: 0.0234375 -0.0078125 -0.0078125 Motor Outputs: 0.006250000000000002 0.01640625 -0.014062500000000002 -0.02421875 Front_Left: 0.0 0.0 22.47265625 Back_Left: 0.0 0.0 25.15234375 Back_Right: 0.0 0.0 25.15234375 Front_Right: 0.0 0.0 22.6640625 Pickup: 0.0 Shooter: 0.0 5.728240966796875
153989801601 Joystick axes: 0.0234375 -0.0078125 -0.0078125 Motor Outputs: 0.006250000000000002 0.01640625 -0.014062500000000002 -0.02421875 Front_Left: 0.0 0.0 22.08984375 Back_Left: 0.0 0.0 24.9609375 Back_Right: 0.0 0.0 24.9609375 Front_Right: 0.0 0.0 22.47265625 Pickup: 0.0 Shooter: 0.0 5.7184600830078125
153989801721 Joystick axes: 0.0234375 -0.0078125 -0.0078125 Motor Outputs: 0.006250000000000002 0.01640625 -0.014062500000000002 -0.02421875 Front_Left: 0.0 0.0 21.70703125 Back_Left: 0.0 0.0 25.53515625 Back_Right: 0.0 0.0 25.34375 Front_Right: 0.0 0.0 23.046875 Pickup: 0.0 Shooter: 0.0 5.7086944580078125
153989801836 Joystick axes: 0.0234375 -0.0078125 -0.0078125 Motor Outputs: 0.006250000000000002 0.01640625 -0.014062500000000002 -0.02421875 Front_Left: 0.0 0.0 22.85546875 Back_Left: 0.0 0.0 26.109375 Back_Right: 0.0 0.0 24.9609375 Front_Right: 0.0 0.0 23.23828125 Pickup: 0.0 Shooter: 0.0 5.68914794921875
153989801968 Joystick axes: 0.0234375 -0.0078125 -0.0078125 Motor Outputs: 0.006250000000000002 0.01640625 -0.014062500000000002 -0.02421875 Front_Left: 0.0 0.0 22.47265625 Back_Left: 0.0 0.0 24.9609375 Back_Right: 0.0 0.0 25.53515625 Front_Right: 0.0 0.0 22.6640625 Pickup: 0.0 Shooter: 0.0 5.669586181640625
153989802101 Joystick axes: 0.0234375 -0.0078125 -0.0078125 Motor Outputs: 0.006250000000000002 0.01640625 -0.014062500000000002 -0.02421875 Front_Left: 0.0 0.0 22.6640625 Back_Left: 0.0 0.0 25.34375 Back_Right: 0.0 0.0 24.578125 Front_Right: 0.0 0.0 23.046875 Pickup: 0.0 Shooter: 0.0 5.659820556640625
153989802248 Joystick axes: 0.0234375 -0.0078125 -0.0078125 Motor Outputs: 0.006250000000000002 0.01640625 -0.014062500000000002 -0.02421875 Front_Left: 0.0 0.0 22.47265625 Back_Left: 0.0 0.0 25.34375 Back_Right: 0.0 0.0 24.578125 Front_Right: 0.0 0.0 22.08984375 Pickup: 0.0 Shooter: 0.0 5.6402587890625
153989802381 Joystick axes: 0.0234375 -0.0078125 -0.0078125 Motor Outputs: 0.006250000000000002 0.01640625 -0.014062500000000002 -0.02421875 Front_Left: 0.0 0.0 22.6640625 Back_Left: 0.0 0.0 25.15234375 Back_Right: 0.0 0.0 25.53515625 Front_Right: 0.0 0.0 22.85546875 Pickup: 0.0 Shooter: 0.0 5.6402587890625
153989802488 Joystick axes: 0.0234375 -0.0078125 -0.0078125 Motor Outputs: 0.006250000000000002 0.01640625 -0.014062500000000002 -0.02421875 Front_Left: 0.0 0.0 22.47265625 Back_Left: 0.0 0.0 25.7265625 Back_Right: 0.0 0.0 24.9609375 Front_Right: 0.0 0.0 22.85546875 Pickup: 0.0 Shooter: 0.0 5.6304931640625
153989802610 Joystick axes: 0.0234375 -0.0078125 -0.0078125 Motor Outputs: 0.006250000000000002 0.01640625 -0.014062500000000002 -0.02421875 Front_Left: 0.0 0.0 22.6640625 Back_Left: 0.0 0.0 25.15234375 Back_Right: 0.0 0.0 24.9609375 Front_Right: 0.0 0.0 23.23828125 Pickup: 0.0 Shooter: 0.0 5.6402587890625
153989802741 Joystick axes: 0.0234375 -0.0078125 -0.0078125 Motor Outputs: 0.006250000000000002 0.01640625 -0.014062500000000002 -0.02421875 Front_Left: 0.0 0.0 21.8984375 Back_Left: 0.0 0.0 25.7265625 Back_Right: 0.0 0.0 25.15234375 Front_Right: 0.0 0.0 22.47265625 Pickup: 0.0 Shooter: 0.0 5.6500396728515625
153989802860 Joystick axes: 0.0234375 -0.0078125 -0.0078125 Motor Outputs: 0.006250000000000002 0.01640625 -0.014062500000000002 -0.02421875 Front_Left: 0.0 0.0 22.85546875 Back_Left: 0.0 0.0 25.15234375 Back_Right: 0.0 0.0 24.9609375 Front_Right: 0.0 0.0 22.85546875 Pickup: 0.0 Shooter: 0.0 5.6402587890625
153989802981 Joystick axes: 0.0234375 -0.0078125 -0.0078125 Motor Outputs: 0.006250000000000002 0.01640625 -0.014062500000000002 -0.02421875 Front_Left: 0.0 0.0 22.08984375 Back_Left: 0.0 0.0 25.15234375 Back_Right: 0.0 0.0 25.15234375 Front_Right: 0.0 0.0 22.85546875 Pickup: 0.0 Shooter: 0.0 5.6402587890625
153989803101 Joystick axes: 0.0234375 -0.0078125 -0.0078125 Motor Outputs: 0.006250000000000002 0.01640625 -0.014062500000000002 -0.02421875 Front_Left: 0.0 0.0 22.6640625 Back_Left: 0.0 0.0 25.34375 Back_Right: 0.0 0.0 25.15234375 Front_Right: 0.0 0.0 22.85546875 Pickup: 0.0 Shooter: 0.0 5.6500396728515625
153989803229 Joystick axes: 0.0234375 -0.0078125 -0.0078125 Motor Outputs: 0.006250000000000002 0.01640625 -0.014062500000000002 -0.02421875 Front_Left: 0.0 0.0 22.6640625 Back_Left: 0.0 0.0 25.34375 Back_Right: 0.0 0.0 25.34375 Front_Right: 0.0 0.0 22.85546875 Pickup: 0.0 Shooter: 0.0 5.6304931640625
153989803349 Joystick axes: 0.0234375 -0.0078125 -0.0078125 Motor Outputs: 0.006250000000000002 0.01640625 -0.014062500000000002 -0.02421875 Front_Left: 0.0 0.0 22.6640625 Back_Left: 0.0 0.0 25.53515625 Back_Right: 0.0 0.0 25.15234375 Front_Right: 0.0 0.0 22.6640625 Pickup: 0.0 Shooter: 0.0 5.6304931640625
153989803468 Joystick axes: 0.0234375 -0.0078125 -0.0078125 Motor Outputs: 0.006250000000000002 0.01640625 -0.014062500000000002 -0.02421875 Front_Left: 0.0 0.0 22.6640625 Back_Left: 0.0 0.0 25.34375 Back_Right: 0.0 0.0 24.578125 Front_Right: 0.0 0.0 22.6640625 Pickup: 0.0 Shooter: 0.0 5.6304931640625
153989803590 Joystick axes: 0.0234375 -0.0078125 -0.0078125 Motor Outputs: 0.006250000000000002 0.01640625 -0.014062500000000002 -0.02421875 Front_Left: 0.0 0.0 22.85546875 Back_Left: 0.0 0.0 25.15234375 Back_Right: 0.0 0.0 25.53515625 Front_Right: 0.0 0.0 23.4296875 Pickup: 0.0 Shooter: 0.0 5.6304931640625
153989803721 Joystick axes: 0.0234375 -0.0078125 -0.0078125 Motor Outputs: 0.006250000000000002 0.01640625 -0.014062500000000002 -0.02421875 Front_Left: 0.0 0.0 23.046875 Back_Left: 0.0 0.0 25.7265625 Back_Right: 0.0 0.0 25.53515625 Front_Right: 0.0 0.0 23.4296875 Pickup: 0.0 Shooter: 0.0 5.6402587890625
153989803836 Joystick axes: 0.0234375 -0.0078125 -0.0078125 Motor Outputs: 0.006250000000000002 0.01640625 -0.014062500000000002 -0.02421875 Front_Left: 0.0 0.0 22.6640625 Back_Left: 0.0 0.0 25.34375 Back_Right: 0.0 0.0 24.76953125 Front_Right: 0.0 0.0 22.6640625 Pickup: 0.0 Shooter: 0.0 5.6402587890625
153989803971 Joystick axes: 0.0234375 -0.0078125 -0.0078125 Motor Outputs: 0.006250000000000002 0.01640625 -0.014062500000000002 -0.02421875 Front_Left: 0.0 0.0 22.47265625 Back_Left: 0.0 0.0 25.15234375 Back_Right: 0.0 0.0 25.34375 Front_Right: 0.0 0.0 23.046875 Pickup: 0.0 Shooter: 0.0 5.6304931640625
153989804111 Joystick axes: 0.0234375 -0.0078125 -0.0078125 Motor Outputs: 0.006250000000000002 0.01640625 -0.014062500000000002 -0.02421875 Front_Left: 0.0 0.0 22.85546875 Back_Left: 0.0 0.0 24.76953125 Back_Right: 0.0 0.0 25.15234375 Front_Right: 0.0 0.0 22.85546875 Pickup: 0.0 Shooter: 0.0 5.6304931640625
153989804240 Joystick axes: 0.0234375 -0.0078125 -0.0078125 Motor Outputs: 0.006250000000000002 0.01640625 -0.014062500000000002 -0.02421875 Front_Left: 0.0 0.0 23.046875 Back_Left: 0.0 0.0 25.34375 Back_Right: 0.0 0.0 25.53515625 Front_Right: 0.0 0.0 23.4296875 Pickup: 0.0 Shooter: 0.0 5.6402587890625
153989804369 Joystick axes: 0.0234375 -0.0078125 -0.0078125 Motor Outputs: 0.006250000000000002 0.01640625 -0.014062500000000002 -0.02421875 Front_Left: 0.0 0.0 22.47265625 Back_Left: 0.0 0.0 25.15234375 Back_Right: 0.0 0.0 24.9609375 Front_Right: 0.0 0.0 22.85546875 Pickup: 0.0 Shooter: 0.0 5.6402587890625
153989804489 Joystick axes: 0.0234375 -0.0078125 -0.0078125 Motor Outputs: 0.006250000000000002 0.01640625 -0.014062500000000002 -0.02421875 Front_Left: 0.0 0.0 21.8984375 Back_Left: 0.0 0.0 25.91796875 Back_Right: 0.0 0.0 25.53515625 Front_Right: 0.0 0.0 23.4296875 Pickup: 0.0 Shooter: 0.0 5.6304931640625
153989804608 Joystick axes: 0.0234375 -0.0078125 -0.0078125 Motor Outputs: 0.006250000000000002 0.01640625 -0.014062500000000002 -0.02421875 Front_Left: 0.0 0.0 22.47265625 Back_Left: 0.0 0.0 25.15234375 Back_Right: 0.0 0.0 25.15234375 Front_Right: 0.0 0.0 22.47265625 Pickup: 0.0 Shooter: 0.0 5.6402587890625
153989804728 Joystick axes: 0.0234375 -0.0078125 -0.0078125 Motor Outputs: 0.006250000000000002 0.01640625 -0.014062500000000002 -0.02421875 Front_Left: 0.0 0.0 22.6640625 Back_Left: 0.0 0.0 25.15234375 Back_Right: 0.0 0.0 25.34375 Front_Right: 0.0 0.0 22.6640625 Pickup: 0.0 Shooter: 0.0 5.6304931640625
153989804850 Joystick axes: 0.0234375 -0.0078125 -0.0078125 Motor Outputs: 0.006250000000000002 0.01640625 -0.014062500000000002 -0.02421875 Front_Left: 0.0 0.0 22.08984375 Back_Left: 0.0 0.0 25.53515625 Back_Right: 0.0 0.0 25.15234375 Front_Right: 0.0 0.0 22.47265625 Pickup: 0.0 Shooter: 0.0 5.6304931640625
153989804968 Joystick axes: 0.0234375 -0.0078125 -0.0078125 Motor Outputs: 0.006250000000000002 0.01640625 -0.014062500000000002 -0.02421875 Front_Left: 0.0 0.0 22.47265625 Back_Left: 0.0 0.0 25.53515625 Back_Right: 0.0 0.0 25.15234375 Front_Right: 0.0 0.0 22.6640625 Pickup: 0.0 Shooter: 0.0 5.6304931640625
153989805088 Joystick axes: 0.0234375 -0.0078125 -0.0078125 Motor Outputs: 0.006250000000000002 0.01640625 -0.014062500000000002 -0.02421875 Front_Left: 0.0 0.0 22.28125 Back_Left: 0.0 0.0 25.15234375 Back_Right: 0.0 0.0 25.53515625 Front_Right: 0.0 0.0 22.47265625 Pickup: 0.0 Shooter: 0.0 5.6304931640625
153989805237 Joystick axes: 0.0234375 -0.0078125 -0.0078125 Motor Outputs: 0.006250000000000002 0.01640625 -0.014062500000000002 -0.02421875 Front_Left: 0.0 0.0 22.6640625 Back_Left: 0.0 0.0 25.7265625 Back_Right: 0.0 0.0 25.34375 Front_Right: 0.0 0.0 22.6640625 Pickup: 0.0 Shooter: 0.0 5.6304931640625
153989805363 Joystick axes: 0.0234375 -0.0078125 -0.0078125 Motor Outputs: 0.006250000000000002 0.01640625 -0.014062500000000002 -0.02421875 Front_Left: 0.0 0.0 22.08984375 Back_Left: 0.0 0.0 26.30078125 Back_Right: 0.0 0.0 25.34375 Front_Right: 0.0 0.0 22.85546875 Pickup: 0.0 Shooter: 0.0 5.6304931640625
153989805489 Joystick axes: 0.0234375 -0.0078125 -0.0078125 Motor Outputs: 0.006250000000000002 0.01640625 -0.014062500000000002 -0.02421875 Front_Left: 0.0 0.0 22.6640625 Back_Left: 0.0 0.0 24.76953125 Back_Right: 0.0 0.0 25.34375 Front_Right: 0.0 0.0 22.47265625 Pickup: 0.0 Shooter: 0.0 5.6304931640625
153989805608 Joystick axes: 0.0234375 -0.0078125 -0.0078125 Motor Outputs: 0.006250000000000002 0.01640625 -0.014062500000000002 -0.02421875 Front_Left: 0.0 0.0 22.6640625 Back_Left: 0.0 0.0 25.34375 Back_Right: 0.0 0.0 25.15234375 Front_Right: 0.0 0.0 23.23828125 Pickup: 0.0 Shooter: 0.0 5.6207122802734375
153989805729 Joystick axes: 0.0234375 -0.0078125 -0.0078125 Motor Outputs: 0.006250000000000002 0.01640625 -0.014062500000000002 -0.02421875 Front_Left: 0.0 0.0 22.6640625 Back_Left: 0.0 0.0 25.15234375 Back_Right: 0.0 0.0 25.15234375 Front_Right: 0.0 0.0 23.046875 Pickup: 0.0 Shooter: 0.0 5.6402587890625
153989805849 Joystick axes: 0.0234375 -0.0078125 -0.0078125 Motor Outputs: 0.006250000000000002 0.01640625 -0.014062500000000002 -0.02421875 Front_Left: 0.0 0.0 23.23828125 Back_Left: 0.0 0.0 25.34375 Back_Right: 0.0 0.0 25.15234375 Front_Right: 0.0 0.0 22.85546875 Pickup: 0.0 Shooter: 0.0 5.6304931640625
153989805983 Joystick axes: 0.0234375 -0.0078125 -0.0078125 Motor Outputs: 0.006250000000000002 0.01640625 -0.014062500000000002 -0.02421875 Front_Left: 0.0 0.0 21.515625 Back_Left: 0.0 0.0 25.53515625 Back_Right: 0.0 0.0 25.53515625 Front_Right: 0.0 0.0 23.62109375 Pickup: 0.0 Shooter: 0.0 5.6304931640625
153989806108 Joystick axes: 0.0234375 0.031496062992125984 -0.0078125 Motor Outputs: 0.006250000000000002 0.01640625 -0.014062500000000002 -0.02421875 Front_Left: 0.0 0.0 22.85546875 Back_Left: 0.0 0.0 24.9609375 Back_Right: 0.0 0.0 24.9609375 Front_Right: 0.0 0.0 22.85546875 Pickup: 0.0 Shooter: 0.0 5.6304931640625
153989806230 Joystick axes: 0.0078125 -0.0078125 -0.0078125 Motor Outputs: 0.006250000000000002 0.01640625 -0.014062500000000002 -0.02421875 Front_Left: 0.0 0.0 22.85546875 Back_Left: 0.0 0.0 25.34375 Back_Right: 0.0 0.0 25.15234375 Front_Right: 0.0 0.0 22.85546875 Pickup: 0.0 Shooter: 0.0 5.6402587890625
153989806350 Joystick axes: 0.0078125 -0.0078125 -0.0078125 Motor Outputs: -0.00390625 0.00625 -0.00390625 -0.0140625 Front_Left: 0.0 0.0 23.046875 Back_Left: 0.0 0.0 25.34375 Back_Right: 0.0 0.0 25.34375 Front_Right: 0.0 0.0 23.23828125 Pickup: 0.0 Shooter: 0.0 5.6500396728515625
153989806468 Joystick axes: 0.0078125 -0.0078125 -0.0078125 Motor Outputs: -0.00390625 0.00625 -0.00390625 -0.0140625 Front_Left: 0.0 0.0 22.6640625 Back_Left: 0.0 0.0 25.7265625 Back_Right: 0.0 0.0 25.15234375 Front_Right: 0.0 0.0 23.046875 Pickup: 0.0 Shooter: 0.0 5.6304931640625
153989806588 Joystick axes: 0.0078125 -0.0078125 -0.0078125 Motor Outputs: -0.00390625 0.00625 -0.00390625 -0.0140625 Front_Left: 0.0 0.0 22.6640625 Back_Left: 0.0 0.0 25.7265625 Back_Right: 0.0 0.0 24.76953125 Front_Right: 0.0 0.0 23.046875 Pickup: 0.0 Shooter: 0.0 5.6304931640625
153989806710 Joystick axes: 0.0078125 -0.0078125 -0.0078125 Motor Outputs: -0.00390625 0.00625 -0.00390625 -0.0140625 Front_Left: 0.0 0.0 23.046875 Back_Left: 0.0 0.0 25.15234375 Back_Right: 0.0 0.0 24.9609375 Front_Right: 0.0 0.0 23.046875 Pickup: 0.0 Shooter: 0.0 5.6304931640625
153989806841 Joystick axes: 0.0078125 -0.0078125 -0.0078125 Motor Outputs: -0.00390625 0.00625 -0.00390625 -0.0140625 Front_Left: 0.0 0.0 22.08984375 Back_Left: 0.0 0.0 25.15234375 Back_Right: 0.0 0.0 25.53515625 Front_Right: 0.0 0.0 22.08984375 Pickup: 0.0 Shooter: 0.0 5.6304931640625
153989806961 Joystick axes: 0.0078125 -0.0078125 -0.0078125 Motor Outputs: -0.00390625 0.00625 -0.00390625 -0.0140625 Front_Left: 0.0 0.0 23.046875 Back_Left: 0.0 0.0 25.34375 Back_Right: 0.0 0.0 25.15234375 Front_Right: 0.0 0.0 23.4296875 Pickup: 0.0 Shooter: 0.0 5.6304931640625
153989807081 Joystick axes: 0.0078125 -0.0078125 -0.0078125 Motor Outputs: -0.00390625 0.00625 -0.00390625 -0.0140625 Front_Left: 0.0 0.0 23.046875 Back_Left: 0.0 0.0 25.91796875 Back_Right: 0.0 0.0 25.15234375 Front_Right: 0.0 0.0 23.23828125 Pickup: 0.0 Shooter: 0.0 5.6304931640625
153989807197 Joystick axes: 0.0078125 -0.0078125 -0.0078125 Motor Outputs: -0.00390625 0.00625 -0.00390625 -0.0140625 Front_Left: 0.0 0.0 22.85546875 Back_Left: 0.0 0.0 25.15234375 Back_Right: 0.0 0.0 25.34375 Front_Right: 0.0 0.0 22.85546875 Pickup: 0.0 Shooter: 0.0 5.6402587890625
153989807316 Joystick axes: 0.0078125 -0.0078125 -0.0078125 Motor Outputs: -0.00390625 0.00625 -0.00390625 -0.0140625 Front_Left: 0.0 0.0 22.85546875 Back_Left: 0.0 0.0 25.15234375 Back_Right: 0.0 0.0 25.15234375 Front_Right: 0.0 0.0 23.8125 Pickup: 0.0 Shooter: 0.0 5.6402587890625
153989807441 Joystick axes: 0.0078125 -0.0078125 -0.0078125 Motor Outputs: -0.00390625 0.00625 -0.00390625 -0.0140625 Front_Left: 0.0 0.0 23.046875 Back_Left: 0.0 0.0 25.34375 Back_Right: 0.0 0.0 25.53515625 Front_Right: 0.0 0.0 22.47265625 Pickup: 0.0 Shooter: 0.0 5.6402587890625
153989807561 Joystick axes: 0.0078125 -0.0078125 -0.0078125 Motor Outputs: -0.00390625 0.00625 -0.00390625 -0.0140625 Front_Left: 0.0 0.0 23.4296875 Back_Left: 0.0 0.0 25.53515625 Back_Right: 0.0 0.0 24.578125 Front_Right: 0.0 0.0 22.6640625 Pickup: 0.0 Shooter: 0.0 5.6304931640625
153989807681 Joystick axes: 0.0078125 -0.0078125 -0.0078125 Motor Outputs: -0.00390625 0.00625 -0.00390625 -0.0140625 Front_Left: 0.0 0.0 22.85546875 Back_Left: 0.0 0.0 25.15234375 Back_Right: 0.0 0.0 25.53515625 Front_Right: 0.0 0.0 23.046875 Pickup: 0.0 Shooter: 0.0 5.6402587890625
153989807803 Joystick axes: 0.0078125 -0.0078125 -0.0078125 Motor Outputs: -0.00390625 0.00625 -0.00390625 -0.0140625 Front_Left: 0.0 0.0 21.515625 Back_Left: 0.0 0.0 25.34375 Back_Right: 0.0 0.0 24.9609375 Front_Right: 0.0 0.0 23.046875 Pickup: 0.0 Shooter: 0.0 5.6402587890625
153989807941 Joystick axes: 0.0078125 -0.0078125 -0.0078125 Motor Outputs: -0.00390625 0.00625 -0.00390625 -0.0140625 Front_Left: 0.0 0.0 22.85546875 Back_Left: 0.0 0.0 24.9609375 Back_Right: 0.0 0.0 25.15234375 Front_Right: 0.0 0.0 22.6640625 Pickup: 0.0 Shooter: 0.0 5.6402587890625
153989808061 Joystick axes: 0.0078125 -0.0078125 -0.0078125 Motor Outputs: -0.00390625 0.00625 -0.00390625 -0.0140625 Front_Left: 0.0 0.0 22.47265625 Back_Left: 0.0 0.0 25.91796875 Back_Right: 0.0 0.0 25.34375 Front_Right: 0.0 0.0 24.00390625 Pickup: 0.0 Shooter: 0.0 5.6304931640625
153989808186 Joystick axes: 0.0078125 -0.0078125 -0.0078125 Motor Outputs: -0.00390625 0.00625 -0.00390625 -0.0140625 Front_Left: 0.0 0.0 22.6640625 Back_Left: 0.0 0.0 25.7265625 Back_Right: 0.0 0.0 25.15234375 Front_Right: 0.0 0.0 22.85546875 Pickup: 0.0 Shooter: 0.0 5.6207122802734375
153989808321 Joystick axes: 0.0078125 -0.0078125 -0.0078125 Motor Outputs: -0.00390625 0.00625 -0.00390625 -0.0140625 Front_Left: 0.0 0.0 23.046875 Back_Left: 0.0 0.0 25.34375 Back_Right: 0.0 0.0 25.15234375 Front_Right: 0.0 0.0 23.4296875 Pickup: 0.0 Shooter: 0.0 5.6402587890625
153989808442 Joystick axes: 0.0078125 -0.0078125 -0.0078125 Motor Outputs: -0.00390625 0.00625 -0.00390625 -0.0140625 Front_Left: 0.0 0.0 22.85546875 Back_Left: 0.0 0.0 24.9609375 Back_Right: 0.0 0.0 25.34375 Front_Right: 0.0 0.0 23.4296875 Pickup: 0.0 Shooter: 0.0 5.6304931640625
153989808569 Joystick axes: 0.0078125 -0.0078125 -0.0078125 Motor Outputs: -0.00390625 0.00625 -0.00390625 -0.0140625 Front_Left: 0.0 0.0 23.046875 Back_Left: 0.0 0.0 26.68359375 Back_Right: 0.0 0.0 25.7265625 Front_Right: 0.0 0.0 23.046875 Pickup: 0.0 Shooter: 0.0 5.6304931640625
153989808689 Joystick axes: 0.0078125 -0.0078125 -0.0078125 Motor Outputs: -0.00390625 0.00625 -0.00390625 -0.0140625 Front_Left: 0.0 0.0 23.4296875 Back_Left: 0.0 0.0 25.34375 Back_Right: 0.0 0.0 24.9609375 Front_Right: 0.0 0.0 22.28125 Pickup: 0.0 Shooter: 0.0 5.6207122802734375
153989808808 Joystick axes: 0.0078125 -0.0078125 -0.0078125 Motor Outputs: -0.00390625 0.00625 -0.00390625 -0.0140625 Front_Left: 0.0 0.0 21.8984375 Back_Left: 0.0 0.0 25.91796875 Back_Right: 0.0 0.0 24.76953125 Front_Right: 0.0 0.0 23.046875 Pickup: 0.0 Shooter: 0.0 5.6304931640625
153989808937 Joystick axes: 0.0078125 -0.0078125 -0.0078125 Motor Outputs: -0.00390625 0.00625 -0.00390625 -0.0140625 Front_Left: 0.0 0.0 22.47265625 Back_Left: 0.0 0.0 25.34375 Back_Right: 0.0 0.0 24.9609375 Front_Right: 0.0 0.0 22.6640625 Pickup: 0.0 Shooter: 0.0 5.6402587890625
153989809069 Joystick axes: 0.0078125 -0.0078125 -0.0078125 Motor Outputs: -0.00390625 0.00625 -0.00390625 -0.0140625 Front_Left: 0.0 0.0 22.28125 Back_Left: 0.0 0.0 24.38671875 Back_Right: 0.0 0.0 25.34375 Front_Right: 0.0 0.0 23.23828125 Pickup: 0.0 Shooter: 0.0 5.6304931640625
153989809197 Joystick axes: 0.0078125 -0.0078125 -0.0078125 Motor Outputs: -0.00390625 0.00625 -0.00390625 -0.0140625 Front_Left: 0.0 0.0 22.08984375 Back_Left: 0.0 0.0 25.53515625 Back_Right: 0.0 0.0 25.15234375 Front_Right: 0.0 0.0 22.28125 Pickup: 0.0 Shooter: 0.0 5.6304931640625
153989809317 Joystick axes: 0.0078125 -0.0078125 -0.0078125 Motor Outputs: -0.00390625 0.00625 -0.00390625 -0.0140625 Front_Left: 0.0 0.0 22.28125 Back_Left: 0.0 0.0 26.109375 Back_Right: 0.0 0.0 25.15234375 Front_Right: 0.0 0.0 22.85546875 Pickup: 0.0 Shooter: 0.0 5.6304931640625
153989809438 Joystick axes: 0.0078125 -0.0078125 -0.0078125 Motor Outputs: -0.00390625 0.00625 -0.00390625 -0.0140625 Front_Left: 0.0 0.0 22.47265625 Back_Left: 0.0 0.0 27.06640625 Back_Right: 0.0 0.0 25.15234375 Front_Right: 0.0 0.0 23.046875 Pickup: 0.0 Shooter: 0.0 5.6402587890625
153989809557 Joystick axes: 0.0078125 -0.0078125 -0.0078125 Motor Outputs: -0.00390625 0.00625 -0.00390625 -0.0140625 Front_Left: 0.0 0.0 22.28125 Back_Left: 0.0 0.0 26.30078125 Back_Right: 0.0 0.0 25.34375 Front_Right: 0.0 0.0 22.85546875 Pickup: 0.0 Shooter: 0.0 5.6402587890625
153989809677 Joystick axes: 0.0078125 -0.0078125 -0.0078125 Motor Outputs: -0.00390625 0.00625 -0.00390625 -0.0140625 Front_Left: 0.0 0.0 22.85546875 Back_Left: 0.0 0.0 25.7265625 Back_Right: 0.0 0.0 25.53515625 Front_Right: 0.0 0.0 22.6640625 Pickup: 0.0 Shooter: 0.0 5.6402587890625
153989809803 Joystick axes: 0.0078125 -0.0078125 -0.0078125 Motor Outputs: -0.00390625 0.00625 -0.00390625 -0.0140625 Front_Left: 0.0 0.0 22.85546875 Back_Left: 0.0 0.0 25.53515625 Back_Right: 0.0 0.0 24.76953125 Front_Right: 0.0 0.0 23.046875 Pickup: 0.0 Shooter: 0.0 5.6402587890625
153989809943 Joystick axes: 0.0078125 -0.0078125 -0.0078125 Motor Outputs: -0.00390625 0.00625 -0.00390625 -0.0140625 Front_Left: 0.0 0.0 23.046875 Back_Left: 0.0 0.0 26.68359375 Back_Right: 0.0 0.0 24.9609375 Front_Right: 0.0 0.0 22.6640625 Pickup: 0.0 Shooter: 0.0 5.6402587890625
153989810073 Joystick axes: 0.0078125 -0.0078125 -0.0078125 Motor Outputs: -0.00390625 0.00625 -0.00390625 -0.0140625 Front_Left: 0.0 0.0 23.046875 Back_Left: 0.0 0.0 26.109375 Back_Right: 0.0 0.0 24.9609375 Front_Right: 0.0 0.0 23.046875 Pickup: 0.0 Shooter: 0.0 5.6304931640625
153989810197 Joystick axes: 0.0078125 -0.0078125 -0.0078125 Motor Outputs: -0.00390625 0.00625 -0.00390625 -0.0140625 Front_Left: 0.0 0.0 22.85546875 Back_Left: 0.0 0.0 24.578125 Back_Right: 0.0 0.0 25.7265625 Front_Right: 0.0 0.0 22.85546875 Pickup: 0.0 Shooter: 0.0 5.6402587890625
153989810323 Joystick axes: 0.0078125 -0.0078125 -0.0078125 Motor Outputs: -0.00390625 0.00625 -0.00390625 -0.0140625 Front_Left: 0.0 0.0 23.046875 Back_Left: 0.0 0.0 25.53515625 Back_Right: 0.0 0.0 24.9609375 Front_Right: 0.0 0.0 22.85546875 Pickup: 0.0 Shooter: 0.0 5.6402587890625
153989810449 Joystick axes: 0.0078125 -0.0078125 -0.0078125 Motor Outputs: -0.00390625 0.00625 -0.00390625 -0.0140625 Front_Left: 0.0 0.0 22.6640625 Back_Left: 0.0 0.0 24.9609375 Back_Right: 0.0 0.0 25.15234375 Front_Right: 0.0 0.0 23.046875 Pickup: 0.0 Shooter: 0.0 5.6304931640625
153989810568 Joystick axes: 0.0078125 -0.0078125 -0.0078125 Motor Outputs: -0.00390625 0.00625 -0.00390625 -0.0140625 Front_Left: 0.0 0.0 21.8984375 Back_Left: 0.0 0.0 25.15234375 Back_Right: 0.0 0.0 24.9609375 Front_Right: 0.0 0.0 23.4296875 Pickup: 0.0 Shooter: 0.0 5.6304931640625
153989810691 Joystick axes: 0.0078125 -0.0078125 -0.0078125 Motor Outputs: -0.00390625 0.00625 -0.00390625 -0.0140625 Front_Left: 0.0 0.0 22.85546875 Back_Left: 0.0 0.0 25.7265625 Back_Right: 0.0 0.0 24.9609375 Front_Right: 0.0 0.0 22.6640625 Pickup: 0.0 Shooter: 0.0 5.601165771484375
S: 153989810594 Fired
153989810820 Joystick axes: 0.0078125 -0.0078125 -0.0078125 Motor Outputs: -0.00390625 0.00625 -0.00390625 -0.0140625 Front_Left: 0.0 0.0 22.47265625 Back_Left: 0.0 0.0 25.91796875 Back_Right: 0.0 0.0 25.53515625 Front_Right: 0.0 0.0 23.4296875 Pickup: 0.0 Shooter: 0.0 4.8386993408203125
153989810954 Joystick axes: 0.0078125 -0.0078125 -0.0078125 Motor Outputs: -0.00390625 0.00625 -0.00390625 -0.0140625 Front_Left: 0.0 0.0 22.08984375 Back_Left: 0.0 0.0 25.7265625 Back_Right: 0.0 0.0 24.9609375 Front_Right: 0.0 0.0 23.23828125 Pickup: 0.0 Shooter: 0.0 5.0146484375
153989811083 Joystick axes: 0.0078125 -0.0078125 -0.0078125 Motor Outputs: -0.00390625 0.00625 -0.00390625 -0.0140625 Front_Left: 0.0 0.0 22.47265625 Back_Left: 0.0 0.0 25.53515625 Back_Right: 0.0 0.0 24.578125 Front_Right: 0.0 0.0 23.4296875 Pickup: 0.0 Shooter: 0.0 5.31768798828125
153989811211 Joystick axes: 0.0078125 -0.0078125 -0.0078125 Motor Outputs: -0.00390625 0.00625 -0.00390625 -0.0140625 Front_Left: 0.0 0.0 22.47265625 Back_Left: 0.0 0.0 25.7265625 Back_Right: 0.0 0.0 25.15234375 Front_Right: 0.0 0.0 23.23828125 Pickup: 0.0 Shooter: 0.0 5.5816192626953125
153989811424 Joystick axes: 0.0078125 -0.0078125 -0.0078125 Motor Outputs: -0.00390625 0.00625 -0.00390625 -0.0140625 Front_Left: 0.0 0.0 22.47265625 Back_Left: 0.0 0.0 25.34375 Back_Right: 0.0 0.0 24.9609375 Front_Right: 0.0 0.0 23.23828125 Pickup: 0.0 Shooter: 0.0 5.94329833984375
153989811562 Joystick axes: 0.0078125 -0.0078125 -0.0078125 Motor Outputs: -0.00390625 0.00625 -0.00390625 -0.0140625 Front_Left: 0.0 0.0 22.08984375 Back_Left: 0.0 0.0 25.34375 Back_Right: 0.0 0.0 25.34375 Front_Right: 0.0 0.0 22.6640625 Pickup: 0.0 Shooter: 0.0 5.9041900634765625
153989811682 Joystick axes: 0.0078125 -0.0078125 -0.0078125 Motor Outputs: -0.00390625 0.00625 -0.00390625 -0.0140625 Front_Left: 0.0 0.0 21.8984375 Back_Left: 0.0 0.0 25.53515625 Back_Right: 0.0 0.0 25.34375 Front_Right: 0.0 0.0 23.23828125 Pickup: 0.0 Shooter: 0.0 5.8846435546875
153989811822 Joystick axes: 0.0078125 -0.0078125 -0.0078125 Motor Outputs: -0.00390625 0.00625 -0.00390625 -0.0140625 Front_Left: 0.0 0.0 21.70703125 Back_Left: 0.0 0.0 25.15234375 Back_Right: 0.0 0.0 24.9609375 Front_Right: 0.0 0.0 22.85546875 Pickup: 0.0 Shooter: 0.0 5.8846435546875
153989811942 Joystick axes: 0.0078125 -0.0078125 -0.0078125 Motor Outputs: -0.00390625 0.00625 -0.00390625 -0.0140625 Front_Left: 0.0 0.0 22.08984375 Back_Left: 0.0 0.0 26.109375 Back_Right: 0.0 0.0 24.9609375 Front_Right: 0.0 0.0 22.6640625 Pickup: 0.0 Shooter: 0.0 5.8846435546875
153989812062 Joystick axes: 0.0078125 -0.0078125 -0.0078125 Motor Outputs: -0.00390625 0.00625 -0.00390625 -0.0140625 Front_Left: 0.0 0.0 22.08984375 Back_Left: 0.0 0.0 25.53515625 Back_Right: 0.0 0.0 24.9609375 Front_Right: 0.0 0.0 22.6640625 Pickup: 0.0 Shooter: 0.0 5.8846435546875
153989812190 Joystick axes: 0.0078125 -0.0078125 -0.0078125 Motor Outputs: -0.00390625 0.00625 -0.00390625 -0.0140625 Front_Left: 0.0 0.0 22.28125 Back_Left: 0.0 0.0 25.7265625 Back_Right: 0.0 0.0 24.9609375 Front_Right: 0.0 0.0 23.046875 Pickup: 0.0 Shooter: 0.0 5.8748626708984375
153989812310 Joystick axes: 0.0078125 -0.0078125 -0.0078125 Motor Outputs: -0.00390625 0.00625 -0.00390625 -0.0140625 Front_Left: 0.0 0.0 23.23828125 Back_Left: 0.0 0.0 25.53515625 Back_Right: 0.0 0.0 25.34375 Front_Right: 0.0 0.0 23.046875 Pickup: 0.0 Shooter: 0.0 5.8846435546875
153989812441 Joystick axes: 0.0078125 -0.0078125 -0.0078125 Motor Outputs: -0.00390625 0.00625 -0.00390625 -0.0140625 Front_Left: 0.0 0.0 22.85546875 Back_Left: 0.0 0.0 25.53515625 Back_Right: 0.0 0.0 25.15234375 Front_Right: 0.0 0.0 23.046875 Pickup: 0.0 Shooter: 0.0 5.8846435546875
153989812561 Joystick axes: 0.0078125 -0.0078125 -0.0078125 Motor Outputs: -0.00390625 0.00625 -0.00390625 -0.0140625 Front_Left: 0.0 0.0 22.6640625 Back_Left: 0.0 0.0 26.30078125 Back_Right: 0.0 0.0 25.7265625 Front_Right: 0.0 0.0 22.6640625 Pickup: 0.0 Shooter: 0.0 5.8748626708984375
153989812680 Joystick axes: 0.0078125 -0.0078125 -0.0078125 Motor Outputs: -0.00390625 0.00625 -0.00390625 -0.0140625 Front_Left: 0.0 0.0 22.6640625 Back_Left: 0.0 0.0 24.578125 Back_Right: 0.0 0.0 24.9609375 Front_Right: 0.0 0.0 22.85546875 Pickup: 0.0 Shooter: 0.0 5.8846435546875
153989812796 Joystick axes: 0.0078125 -0.0078125 -0.0078125 Motor Outputs: -0.00390625 0.00625 -0.00390625 -0.0140625 Front_Left: 0.0 0.0 22.47265625 Back_Left: 0.0 0.0 25.91796875 Back_Right: 0.0 0.0 25.7265625 Front_Right: 0.0 0.0 23.4296875 Pickup: 0.0 Shooter: 0.0 5.8748626708984375
153989812920 Joystick axes: 0.0078125 -0.0078125 -0.0078125 Motor Outputs: -0.00390625 0.00625 -0.00390625 -0.0140625 Front_Left: 0.0 0.0 22.6640625 Back_Left: 0.0 0.0 25.15234375 Back_Right: 0.0 0.0 25.34375 Front_Right: 0.0 0.0 22.6640625 Pickup: 0.0 Shooter: 0.0 5.8846435546875
153989813040 Joystick axes: 0.0078125 -0.0078125 -0.0078125 Motor Outputs: -0.00390625 0.00625 -0.00390625 -0.0140625 Front_Left: 0.0 0.0 22.47265625 Back_Left: 0.0 0.0 25.34375 Back_Right: 0.0 0.0 24.76953125 Front_Right: 0.0 0.0 22.6640625 Pickup: 0.0 Shooter: 0.0 5.8846435546875
153989813163 Joystick axes: 0.0078125 -0.0078125 -0.0078125 Motor Outputs: -0.00390625 0.00625 -0.00390625 -0.0140625 Front_Left: 0.0 0.0 22.6640625 Back_Left: 0.0 0.0 25.91796875 Back_Right: 0.0 0.0 24.578125 Front_Right: 0.0 0.0 22.6640625 Pickup: 0.0 Shooter: 0.0 5.8846435546875
153989813290 Joystick axes: 0.0078125 -0.0078125 -0.0078125 Motor Outputs: -0.00390625 0.00625 -0.00390625 -0.0140625 Front_Left: 0.0 0.0 22.47265625 Back_Left: 0.0 0.0 25.34375 Back_Right: 0.0 0.0 25.15234375 Front_Right: 0.0 0.0 22.28125 Pickup: 0.0 Shooter: 0.0 5.8748626708984375
153989813421 Joystick axes: 0.0078125 -0.0078125 -0.0078125 Motor Outputs: -0.00390625 0.00625 -0.00390625 -0.0140625 Front_Left: 0.0 0.0 22.85546875 Back_Left: 0.0 0.0 25.34375 Back_Right: 0.0 0.0 24.76953125 Front_Right: 0.0 0.0 23.046875 Pickup: 0.0 Shooter: 0.0 5.8846435546875
153989813541 Joystick axes: 0.0078125 -0.0078125 -0.0078125 Motor Outputs: -0.00390625 0.00625 -0.00390625 -0.0140625 Front_Left: 0.0 0.0 21.32421875 Back_Left: 0.0 0.0 26.109375 Back_Right: 0.0 0.0 25.15234375 Front_Right: 0.0 0.0 22.85546875 Pickup: 0.0 Shooter: 0.0 5.8748626708984375
153989813670 Joystick axes: 0.0078125 -0.0078125 -0.0078125 Motor Outputs: -0.00390625 0.00625 -0.00390625 -0.0140625 Front_Left: 0.0 0.0 22.47265625 Back_Left: 0.0 0.0 24.76953125 Back_Right: 0.0 0.0 24.9609375 Front_Right: 0.0 0.0 23.046875 Pickup: 0.0 Shooter: 0.0 5.8846435546875
153989813803 Joystick axes: 0.0078125 -0.0078125 -0.0078125 Motor Outputs: -0.00390625 0.00625 -0.00390625 -0.0140625 Front_Left: 0.0 0.0 23.23828125 Back_Left: 0.0 0.0 25.53515625 Back_Right: 0.0 0.0 25.15234375 Front_Right: 0.0 0.0 23.046875 Pickup: 0.0 Shooter: 0.0 5.8846435546875
153989813940 Joystick axes: 0.0078125 -0.0078125 -0.0078125 Motor Outputs: -0.00390625 0.00625 -0.00390625 -0.0140625 Front_Left: 0.0 0.0 22.6640625 Back_Left: 0.0 0.0 25.15234375 Back_Right: 0.0 0.0 24.9609375 Front_Right: 0.0 0.0 22.85546875 Pickup: 0.0 Shooter: 0.0 5.8846435546875
153989814062 Joystick axes: 0.0078125 -0.0078125 -0.0078125 Motor Outputs: -0.00390625 0.00625 -0.00390625 -0.0140625 Front_Left: 0.0 0.0 23.4296875 Back_Left: 0.0 0.0 25.7265625 Back_Right: 0.0 0.0 25.53515625 Front_Right: 0.0 0.0 22.85546875 Pickup: 0.0 Shooter: 0.0 5.8846435546875
153989814189 Joystick axes: 0.0078125 -0.0078125 -0.0078125 Motor Outputs: -0.00390625 0.00625 -0.00390625 -0.0140625 Front_Left: 0.0 0.0 22.08984375 Back_Left: 0.0 0.0 25.34375 Back_Right: 0.0 0.0 25.34375 Front_Right: 0.0 0.0 23.046875 Pickup: 0.0 Shooter: 0.0 5.8846435546875
153989814329 Joystick axes: 0.0078125 -0.0078125 -0.0078125 Motor Outputs: -0.00390625 0.00625 -0.00390625 -0.0140625 Front_Left: 0.0 0.0 21.515625 Back_Left: 0.0 0.0 25.53515625 Back_Right: 0.0 0.0 24.9609375 Front_Right: 0.0 0.0 23.046875 Pickup: 0.0 Shooter: 0.0 5.8846435546875
153989814457 Joystick axes: 0.0078125 -0.0078125 -0.0078125 Motor Outputs: -0.00390625 0.00625 -0.00390625 -0.0140625 Front_Left: 0.0 0.0 22.85546875 Back_Left: 0.0 0.0 25.15234375 Back_Right: 0.0 0.0 25.15234375 Front_Right: 0.0 0.0 23.23828125 Pickup: 0.0 Shooter: 0.0 5.8846435546875
153989814577 Joystick axes: 0.0078125 -0.0078125 -0.0078125 Motor Outputs: -0.00390625 0.00625 -0.00390625 -0.0140625 Front_Left: 0.0 0.0 22.08984375 Back_Left: 0.0 0.0 25.15234375 Back_Right: 0.0 0.0 25.7265625 Front_Right: 0.0 0.0 22.85546875 Pickup: 0.0 Shooter: 0.0 5.8846435546875
153989814702 Joystick axes: 0.0078125 -0.0078125 -0.0078125 Motor Outputs: -0.00390625 0.00625 -0.00390625 -0.0140625 Front_Left: 0.0 0.0 22.47265625 Back_Left: 0.0 0.0 25.15234375 Back_Right: 0.0 0.0 25.7265625 Front_Right: 0.0 0.0 22.28125 Pickup: 0.0 Shooter: 0.0 5.8846435546875
153989814830 Joystick axes: 0.0078125 -0.0078125 -0.0078125 Motor Outputs: -0.00390625 0.00625 -0.00390625 -0.0140625 Front_Left: 0.0 0.0 22.85546875 Back_Left: 0.0 0.0 25.53515625 Back_Right: 0.0 0.0 25.34375 Front_Right: 0.0 0.0 23.046875 Pickup: 0.0 Shooter: 0.0 5.8748626708984375
153989814950 Joystick axes: 0.0078125 -0.0078125 -0.0078125 Motor Outputs: -0.00390625 0.00625 -0.00390625 -0.0140625 Front_Left: 0.0 0.0 22.08984375 Back_Left: 0.0 0.0 25.7265625 Back_Right: 0.0 0.0 25.15234375 Front_Right: 0.0 0.0 23.23828125 Pickup: 0.0 Shooter: 0.0 5.8846435546875
153989815077 Joystick axes: 0.0078125 -0.0078125 -0.0078125 Motor Outputs: -0.00390625 0.00625 -0.00390625 -0.0140625 Front_Left: 0.0 0.0 23.046875 Back_Left: 0.0 0.0 25.91796875 Back_Right: 0.0 0.0 24.76953125 Front_Right: 0.0 0.0 24.00390625 Pickup: 0.0 Shooter: 0.0 5.8846435546875
153989815209 Joystick axes: 0.0078125 -0.0078125 -0.0078125 Motor Outputs: -0.00390625 0.00625 -0.00390625 -0.0140625 Front_Left: 0.0 0.0 22.47265625 Back_Left: 0.0 0.0 25.34375 Back_Right: 0.0 0.0 25.15234375 Front_Right: 0.0 0.0 22.85546875 Pickup: 0.0 Shooter: 0.0 5.8748626708984375
153989815330 Joystick axes: 0.0078125 -0.0078125 -0.0078125 Motor Outputs: -0.00390625 0.00625 -0.00390625 -0.0140625 Front_Left: 0.0 0.0 22.28125 Back_Left: 0.0 0.0 25.34375 Back_Right: 0.0 0.0 25.34375 Front_Right: 0.0 0.0 22.6640625 Pickup: 0.0 Shooter: 0.0 5.8846435546875
153989815452 Joystick axes: 0.0078125 -0.0078125 -0.0078125 Motor Outputs: -0.00390625 0.00625 -0.00390625 -0.0140625 Front_Left: 0.0 0.0 22.47265625 Back_Left: 0.0 0.0 25.7265625 Back_Right: 0.0 0.0 25.34375 Front_Right: 0.0 0.0 22.08984375 Pickup: 0.0 Shooter: 0.0 5.8748626708984375
153989815580 Joystick axes: 0.0078125 -0.0078125 -0.0078125 Motor Outputs: -0.00390625 0.00625 -0.00390625 -0.0140625 Front_Left: 0.0 0.0 22.47265625 Back_Left: 0.0 0.0 25.7265625 Back_Right: 0.0 0.0 25.53515625 Front_Right: 0.0 0.0 23.046875 Pickup: 0.0 Shooter: 0.0 5.8846435546875
153989815715 Joystick axes: 0.0078125 -0.0078125 -0.0078125 Motor Outputs: -0.00390625 0.00625 -0.00390625 -0.0140625 Front_Left: 0.0 0.0 22.85546875 Back_Left: 0.0 0.0 26.4921875 Back_Right: 0.0 0.0 25.15234375 Front_Right: 0.0 0.0 23.046875 Pickup: 0.0 Shooter: 0.0 5.8748626708984375
153989815843 Joystick axes: 0.0078125 -0.0078125 -0.0078125 Motor Outputs: -0.00390625 0.00625 -0.00390625 -0.0140625 Front_Left: 0.0 0.0 22.85546875 Back_Left: 0.0 0.0 25.53515625 Back_Right: 0.0 0.0 25.34375 Front_Right: 0.0 0.0 23.046875 Pickup: 0.0 Shooter: 0.0 5.8846435546875
153989815961 Joystick axes: 0.0078125 -0.0078125 -0.0078125 Motor Outputs: -0.00390625 0.00625 -0.00390625 -0.0140625 Front_Left: 0.0 0.0 22.6640625 Back_Left: 0.0 0.0 26.109375 Back_Right: 0.0 0.0 25.34375 Front_Right: 0.0 0.0 23.046875 Pickup: 0.0 Shooter: 0.0 5.8846435546875
153989816084 Joystick axes: 0.0078125 -0.0078125 -0.0078125 Motor Outputs: -0.00390625 0.00625 -0.00390625 -0.0140625 Front_Left: 0.0 0.0 22.6640625 Back_Left: 0.0 0.0 25.53515625 Back_Right: 0.0 0.0 25.34375 Front_Right: 0.0 0.0 23.23828125 Pickup: 0.0 Shooter: 0.0 5.8846435546875
153989816217 Joystick axes: 0.0078125 -0.0078125 -0.0078125 Motor Outputs: -0.00390625 0.00625 -0.00390625 -0.0140625 Front_Left: 0.0 0.0 22.47265625 Back_Left: 0.0 0.0 25.34375 Back_Right: 0.0 0.0 25.53515625 Front_Right: 0.0 0.0 23.23828125 Pickup: 0.0 Shooter: 0.0 5.8846435546875
153989816330 Joystick axes: 0.0078125 -0.0078125 -0.0078125 Motor Outputs: -0.00390625 0.00625 -0.00390625 -0.0140625 Front_Left: 0.0 0.0 23.046875 Back_Left: 0.0 0.0 25.91796875 Back_Right: 0.0 0.0 24.9609375 Front_Right: 0.0 0.0 22.6640625 Pickup: 0.0 Shooter: 0.0 5.8846435546875
153989816444 Joystick axes: 0.0078125 -0.0078125 -0.0078125 Motor Outputs: -0.00390625 0.00625 -0.00390625 -0.0140625 Front_Left: 0.0 0.0 22.6640625 Back_Left: 0.0 0.0 25.34375 Back_Right: 0.0 0.0 25.15234375 Front_Right: 0.0 0.0 23.23828125 Pickup: 0.0 Shooter: 0.0 5.8846435546875
153989816569 Joystick axes: 0.0078125 -0.0078125 -0.0078125 Motor Outputs: -0.00390625 0.00625 -0.00390625 -0.0140625 Front_Left: 0.0 0.0 22.47265625 Back_Left: 0.0 0.0 25.53515625 Back_Right: 0.0 0.0 25.34375 Front_Right: 0.0 0.0 23.046875 Pickup: 0.0 Shooter: 0.0 5.8748626708984375
153989816690 Joystick axes: 0.0078125 -0.0078125 -0.0078125 Motor Outputs: -0.00390625 0.00625 -0.00390625 -0.0140625 Front_Left: 0.0 0.0 23.4296875 Back_Left: 0.0 0.0 26.109375 Back_Right: 0.0 0.0 25.34375 Front_Right: 0.0 0.0 22.85546875 Pickup: 0.0 Shooter: 0.0 5.8748626708984375
153989816809 Joystick axes: 0.0078125 -0.0078125 -0.0078125 Motor Outputs: -0.00390625 0.00625 -0.00390625 -0.0140625 Front_Left: 0.0 0.0 22.47265625 Back_Left: 0.0 0.0 25.53515625 Back_Right: 0.0 0.0 25.53515625 Front_Right: 0.0 0.0 22.6640625 Pickup: 0.0 Shooter: 0.0 5.8846435546875
153989816929 Joystick axes: 0.0078125 -0.0078125 -0.0078125 Motor Outputs: -0.00390625 0.00625 -0.00390625 -0.0140625 Front_Left: 0.0 0.0 22.6640625 Back_Left: 0.0 0.0 25.7265625 Back_Right: 0.0 0.0 24.76953125 Front_Right: 0.0 0.0 23.046875 Pickup: 0.0 Shooter: 0.0 5.8846435546875
153989817050 Joystick axes: 0.0078125 -0.0078125 -0.0078125 Motor Outputs: -0.00390625 0.00625 -0.00390625 -0.0140625 Front_Left: 0.0 0.0 22.08984375 Back_Left: 0.0 0.0 25.34375 Back_Right: 0.0 0.0 25.7265625 Front_Right: 0.0 0.0 23.046875 Pickup: 0.0 Shooter: 0.0 5.8846435546875
153989817169 Joystick axes: 0.0078125 -0.0078125 -0.0078125 Motor Outputs: -0.00390625 0.00625 -0.00390625 -0.0140625 Front_Left: 0.0 0.0 22.85546875 Back_Left: 0.0 0.0 25.34375 Back_Right: 0.0 0.0 25.34375 Front_Right: 0.0 0.0 23.046875 Pickup: 0.0 Shooter: 0.0 5.8846435546875
153989817289 Joystick axes: 0.0078125 -0.0078125 -0.0078125 Motor Outputs: -0.00390625 0.00625 -0.00390625 -0.0140625 Front_Left: 0.0 0.0 23.046875 Back_Left: 0.0 0.0 25.53515625 Back_Right: 0.0 0.0 24.76953125 Front_Right: 0.0 0.0 22.85546875 Pickup: 0.0 Shooter: 0.0 5.8846435546875
153989817440 Joystick axes: 0.0078125 -0.0078125 -0.0078125 Motor Outputs: -0.00390625 0.00625 -0.00390625 -0.0140625 Front_Left: 0.0 0.0 22.47265625 Back_Left: 0.0 0.0 25.91796875 Back_Right: 0.0 0.0 24.9609375 Front_Right: 0.0 0.0 23.4296875 Pickup: 0.0 Shooter: 0.0 5.8846435546875
153989817561 Joystick axes: 0.0078125 -0.0078125 -0.0078125 Motor Outputs: -0.00390625 0.00625 -0.00390625 -0.0140625 Front_Left: 0.0 0.0 22.6640625 Back_Left: 0.0 0.0 25.53515625 Back_Right: 0.0 0.0 25.34375 Front_Right: 0.0 0.0 22.85546875 Pickup: 0.0 Shooter: 0.0 5.8846435546875
153989817681 Joystick axes: 0.0078125 -0.0078125 -0.0078125 Motor Outputs: -0.00390625 0.00625 -0.00390625 -0.0140625 Front_Left: 0.0 0.0 22.6640625 Back_Left: 0.0 0.0 25.34375 Back_Right: 0.0 0.0 25.53515625 Front_Right: 0.0 0.0 23.23828125 Pickup: 0.0 Shooter: 0.0 5.8650970458984375
153989817822 Joystick axes: 0.0078125 -0.0078125 -0.0078125 Motor Outputs: -0.00390625 0.00625 -0.00390625 -0.0140625 Front_Left: 0.0 0.0 22.85546875 Back_Left: 0.0 0.0 25.15234375 Back_Right: 0.0 0.0 25.15234375 Front_Right: 0.0 0.0 22.6640625 Pickup: 0.0 Shooter: 0.0 5.8846435546875
153989817948 Joystick axes: 0.0078125 -0.0078125 -0.0078125 Motor Outputs: -0.00390625 0.00625 -0.00390625 -0.0140625 Front_Left: 0.0 0.0 21.8984375 Back_Left: 0.0 0.0 25.53515625 Back_Right: 0.0 0.0 25.34375 Front_Right: 0.0 0.0 22.28125 Pickup: 0.0 Shooter: 0.0 5.8846435546875
153989818070 Joystick axes: 0.0078125 -0.0078125 -0.0078125 Motor Outputs: -0.00390625 0.00625 -0.00390625 -0.0140625 Front_Left: 0.0 0.0 23.4296875 Back_Left: 0.0 0.0 25.34375 Back_Right: 0.0 0.0 25.15234375 Front_Right: 0.0 0.0 22.85546875 Pickup: 0.0 Shooter: 0.0 5.8944244384765625
153989818200 Joystick axes: 0.0078125 -0.0078125 -0.0078125 Motor Outputs: -0.00390625 0.00625 -0.00390625 -0.0140625 Front_Left: 0.0 0.0 22.28125 Back_Left: 0.0 0.0 25.91796875 Back_Right: 0.0 0.0 24.578125 Front_Right: 0.0 0.0 22.85546875 Pickup: 0.0 Shooter: 0.0 5.8846435546875
153989818321 Joystick axes: 0.0078125 -0.0078125 -0.0078125 Motor Outputs: -0.00390625 0.00625 -0.00390625 -0.0140625 Front_Left: 0.0 0.0 22.85546875 Back_Left: 0.0 0.0 25.7265625 Back_Right: 0.0 0.0 25.53515625 Front_Right: 0.0 0.0 23.046875 Pickup: 0.0 Shooter: 0.0 5.8846435546875
153989818448 Joystick axes: 0.0078125 -0.0078125 -0.0078125 Motor Outputs: -0.00390625 0.00625 -0.00390625 -0.0140625 Front_Left: 0.0 0.0 22.85546875 Back_Left: 0.0 0.0 25.34375 Back_Right: 0.0 0.0 25.15234375 Front_Right: 0.0 0.0 23.4296875 Pickup: 0.0 Shooter: 0.0 5.8846435546875
153989818568 Joystick axes: 0.0078125 -0.0078125 -0.0078125 Motor Outputs: -0.00390625 0.00625 -0.00390625 -0.0140625 Front_Left: 0.0 0.0 22.6640625 Back_Left: 0.0 0.0 25.53515625 Back_Right: 0.0 0.0 24.9609375 Front_Right: 0.0 0.0 23.23828125 Pickup: 0.0 Shooter: 0.0 5.8846435546875
153989818689 Joystick axes: 0.0078125 -0.0078125 -0.0078125 Motor Outputs: -0.00390625 0.00625 -0.00390625 -0.0140625 Front_Left: 0.0 0.0 22.28125 Back_Left: 0.0 0.0 25.53515625 Back_Right: 0.0 0.0 25.53515625 Front_Right: 0.0 0.0 22.85546875 Pickup: 0.0 Shooter: 0.0 5.8846435546875
153989818816 Joystick axes: 0.0078125 -0.0078125 -0.0078125 Motor Outputs: -0.00390625 0.00625 -0.00390625 -0.0140625 Front_Left: 0.0 0.0 23.4296875 Back_Left: 0.0 0.0 25.7265625 Back_Right: 0.0 0.0 24.9609375 Front_Right: 0.0 0.0 22.85546875 Pickup: 0.0 Shooter: 0.0 5.8748626708984375
153989818941 Joystick axes: 0.0078125 -0.0078125 -0.0078125 Motor Outputs: -0.00390625 0.00625 -0.00390625 -0.0140625 Front_Left: 0.0 0.0 22.28125 Back_Left: 0.0 0.0 25.53515625 Back_Right: 0.0 0.0 25.34375 Front_Right: 0.0 0.0 23.046875 Pickup: 0.0 Shooter: 0.0 5.8944244384765625
153989819050 Joystick axes: 0.0078125 -0.0078125 -0.0078125 Motor Outputs: -0.00390625 0.00625 -0.00390625 -0.0140625 Front_Left: 0.0 0.0 22.28125 Back_Left: 0.0 0.0 24.9609375 Back_Right: 0.0 0.0 25.53515625 Front_Right: 0.0 0.0 22.08984375 Pickup: 0.0 Shooter: 0.0 5.8846435546875
153989819169 Joystick axes: 0.0078125 -0.0078125 -0.0078125 Motor Outputs: -0.00390625 0.00625 -0.00390625 -0.0140625 Front_Left: 0.0 0.0 22.6640625 Back_Left: 0.0 0.0 24.578125 Back_Right: 0.0 0.0 25.15234375 Front_Right: 0.0 0.0 23.046875 Pickup: 0.0 Shooter: 0.0 5.8846435546875
153989819296 Joystick axes: 0.0078125 -0.0078125 -0.0078125 Motor Outputs: -0.00390625 0.00625 -0.00390625 -0.0140625 Front_Left: 0.0 0.0 22.28125 Back_Left: 0.0 0.0 25.34375 Back_Right: 0.0 0.0 25.15234375 Front_Right: 0.0 0.0 23.046875 Pickup: 0.0 Shooter: 0.0 5.8944244384765625
153989819422 Joystick axes: 0.0078125 -0.0078125 -0.0078125 Motor Outputs: -0.00390625 0.00625 -0.00390625 -0.0140625 Front_Left: 0.0 0.0 22.08984375 Back_Left: 0.0 0.0 25.34375 Back_Right: 0.0 0.0 24.9609375 Front_Right: 0.0 0.0 23.23828125 Pickup: 0.0 Shooter: 0.0 5.8846435546875
153989819547 Joystick axes: 0.0078125 -0.0078125 -0.0078125 Motor Outputs: -0.00390625 0.00625 -0.00390625 -0.0140625 Front_Left: 0.0 0.0 22.47265625 Back_Left: 0.0 0.0 25.15234375 Back_Right: 0.0 0.0 24.9609375 Front_Right: 0.0 0.0 23.046875 Pickup: 0.0 Shooter: 0.0 5.8846435546875
153989819668 Joystick axes: 0.0078125 -0.0078125 -0.0078125 Motor Outputs: -0.00390625 0.00625 -0.00390625 -0.0140625 Front_Left: 0.0 0.0 22.85546875 Back_Left: 0.0 0.0 26.109375 Back_Right: 0.0 0.0 24.76953125 Front_Right: 0.0 0.0 22.85546875 Pickup: 0.0 Shooter: 0.0 5.8846435546875
153989819790 Joystick axes: 0.0078125 -0.0078125 -0.0078125 Motor Outputs: -0.00390625 0.00625 -0.00390625 -0.0140625 Front_Left: 0.0 0.0 22.6640625 Back_Left: 0.0 0.0 25.7265625 Back_Right: 0.0 0.0 25.34375 Front_Right: 0.0 0.0 23.046875 Pickup: 0.0 Shooter: 0.0 5.8846435546875
153989819917 Joystick axes: 0.0078125 -0.0078125 -0.0078125 Motor Outputs: -0.00390625 0.00625 -0.00390625 -0.0140625 Front_Left: 0.0 0.0 23.23828125 Back_Left: 0.0 0.0 25.7265625 Back_Right: 0.0 0.0 25.15234375 Front_Right: 0.0 0.0 23.8125 Pickup: 0.0 Shooter: 0.0 5.8748626708984375
153989820042 Joystick axes: 0.0078125 -0.0078125 -0.0078125 Motor Outputs: -0.00390625 0.00625 -0.00390625 -0.0140625 Front_Left: 0.0 0.0 23.046875 Back_Left: 0.0 0.0 25.53515625 Back_Right: 0.0 0.0 25.34375 Front_Right: 0.0 0.0 22.85546875 Pickup: 0.0 Shooter: 0.0 5.8748626708984375
153989820161 Joystick axes: 0.0078125 -0.0078125 -0.0078125 Motor Outputs: -0.00390625 0.00625 -0.00390625 -0.0140625 Front_Left: 0.0 0.0 22.85546875 Back_Left: 0.0 0.0 27.06640625 Back_Right: 0.0 0.0 25.15234375 Front_Right: 0.0 0.0 22.85546875 Pickup: 0.0 Shooter: 0.0 5.8846435546875
153989820289 Joystick axes: 0.0078125 -0.0078125 -0.0078125 Motor Outputs: -0.00390625 0.00625 -0.00390625 -0.0140625 Front_Left: 0.0 0.0 22.6640625 Back_Left: 0.0 0.0 25.34375 Back_Right: 0.0 0.0 25.7265625 Front_Right: 0.0 0.0 23.4296875 Pickup: 0.0 Shooter: 0.0 5.8846435546875
153989820491 Joystick axes: 0.0078125 -0.0078125 -0.0078125 Motor Outputs: -0.00390625 0.00625 -0.00390625 -0.0140625 Front_Left: 0.0 0.0 22.08984375 Back_Left: 0.0 0.0 25.15234375 Back_Right: 0.0 0.0 25.7265625 Front_Right: 0.0 0.0 23.23828125 Pickup: 0.0 Shooter: 0.0 5.8748626708984375
153989820661 Joystick axes: 0.0078125 -0.0078125 -0.0078125 Motor Outputs: -0.00390625 0.00625 -0.00390625 -0.0140625 Front_Left: 0.0 0.0 21.515625 Back_Left: 0.0 0.0 25.34375 Back_Right: 0.0 0.0 25.7265625 Front_Right: 0.0 0.0 23.23828125 Pickup: 0.0 Shooter: 0.0 5.8846435546875
153989820777 Joystick axes: 0.0078125 -0.0078125 -0.0078125 Motor Outputs: -0.00390625 0.00625 -0.00390625 -0.0140625 Front_Left: 0.0 0.0 22.08984375 Back_Left: 0.0 0.0 25.53515625 Back_Right: 0.0 0.0 25.15234375 Front_Right: 0.0 0.0 22.85546875 Pickup: 0.0 Shooter: 0.0 5.8846435546875
153989820903 Joystick axes: 0.0078125 -0.0078125 -0.0078125 Motor Outputs: -0.00390625 0.00625 -0.00390625 -0.0140625 Front_Left: 0.0 0.0 23.4296875 Back_Left: 0.0 0.0 26.109375 Back_Right: 0.0 0.0 25.15234375 Front_Right: 0.0 0.0 22.6640625 Pickup: 0.0 Shooter: 0.0 5.8944244384765625
153989821029 Joystick axes: 0.0078125 -0.0078125 -0.0078125 Motor Outputs: -0.00390625 0.00625 -0.00390625 -0.0140625 Front_Left: 0.0 0.0 22.47265625 Back_Left: 0.0 0.0 26.109375 Back_Right: 0.0 0.0 25.15234375 Front_Right: 0.0 0.0 23.4296875 Pickup: 0.0 Shooter: 0.0 5.8846435546875
153989821168 Joystick axes: 0.0078125 -0.0078125 -0.0078125 Motor Outputs: -0.00390625 0.00625 -0.00390625 -0.0140625 Front_Left: 0.0 0.0 23.046875 Back_Left: 0.0 0.0 25.34375 Back_Right: 0.0 0.0 24.9609375 Front_Right: 0.0 0.0 22.85546875 Pickup: 0.0 Shooter: 0.0 5.7380218505859375
S: 153989821054 Fired
153989821297 Joystick axes: 0.0078125 -0.0078125 -0.0078125 Motor Outputs: -0.00390625 0.00625 -0.00390625 -0.0140625 Front_Left: 0.0 0.0 21.515625 Back_Left: 0.0 0.0 25.7265625 Back_Right: 0.0 0.0 24.9609375 Front_Right: 0.0 0.0 23.23828125 Pickup: 0.0 Shooter: 0.0 5.161285400390625
153989821441 Joystick axes: 0.0078125 -0.0078125 -0.0078125 Motor Outputs: -0.00390625 0.00625 -0.00390625 -0.0140625 Front_Left: 0.0 0.0 22.47265625 Back_Left: 0.0 0.0 25.34375 Back_Right: 0.0 0.0 25.15234375 Front_Right: 0.0 0.0 22.47265625 Pickup: 0.0 Shooter: 0.0 4.477020263671875
153989821563 Joystick axes: 0.0078125 -0.0078125 -0.0078125 Motor Outputs: -0.00390625 0.00625 -0.00390625 -0.0140625 Front_Left: 0.0 0.0 23.4296875 Back_Left: 0.0 0.0 24.9609375 Back_Right: 0.0 0.0 25.34375 Front_Right: 0.0 0.0 22.47265625 Pickup: 0.0 Shooter: 0.0 4.789825439453125
153989821713 Joystick axes: 0.0078125 -0.0078125 -0.0078125 Motor Outputs: -0.00390625 0.00625 -0.00390625 -0.0140625 Front_Left: 0.0 0.0 22.6640625 Back_Left: 0.0 0.0 25.15234375 Back_Right: 0.0 0.0 25.53515625 Front_Right: 0.0 0.0 23.046875 Pickup: 0.0 Shooter: 0.0 5.356781005859375
153989821854 Joystick axes: 0.0078125 -0.0078125 -0.0078125 Motor Outputs: -0.00390625 0.00625 -0.00390625 -0.0140625 Front_Left: 0.0 0.0 22.28125 Back_Left: 0.0 0.0 25.34375 Back_Right: 0.0 0.0 24.9609375 Front_Right: 0.0 0.0 23.046875 Pickup: 0.0 Shooter: 0.0 5.659820556640625
153989821991 Joystick axes: 0.0078125 -0.0078125 -0.0078125 Motor Outputs: -0.00390625 0.00625 -0.00390625 -0.0140625 Front_Left: 0.0 0.0 22.08984375 Back_Left: 0.0 0.0 25.7265625 Back_Right: 0.0 0.0 25.34375 Front_Right: 0.0 0.0 22.28125 Pickup: 0.0 Shooter: 0.0 5.8064422607421875
153989822121 Joystick axes: 0.0078125 -0.0078125 -0.0078125 Motor Outputs: -0.00390625 0.00625 -0.00390625 -0.0140625 Front_Left: 0.0 0.0 22.6640625 Back_Left: 0.0 0.0 25.15234375 Back_Right: 0.0 0.0 25.53515625 Front_Right: 0.0 0.0 22.6640625 Pickup: 0.0 Shooter: 0.0 5.728240966796875
153989822230 Joystick axes: 0.0078125 -0.0078125 -0.0078125 Motor Outputs: -0.00390625 0.00625 -0.00390625 -0.0140625 Front_Left: 0.0 0.0 22.08984375 Back_Left: 0.0 0.0 25.34375 Back_Right: 0.0 0.0 25.15234375 Front_Right: 0.0 0.0 23.23828125 Pickup: 0.0 Shooter: 0.0 5.68914794921875
153989822350 Joystick axes: 0.0078125 -0.0078125 -0.0078125 Motor Outputs: -0.00390625 0.00625 -0.00390625 -0.0140625 Front_Left: 0.0 0.0 22.6640625 Back_Left: 0.0 0.0 24.38671875 Back_Right: 0.0 0.0 25.53515625 Front_Right: 0.0 0.0 22.85546875 Pickup: 0.0 Shooter: 0.0 5.6793670654296875
153989822482 Joystick axes: 0.0078125 -0.0078125 -0.0078125 Motor Outputs: -0.00390625 0.00625 -0.00390625 -0.0140625 Front_Left: 0.0 0.0 22.85546875 Back_Left: 0.0 0.0 25.15234375 Back_Right: 0.0 0.0 24.9609375 Front_Right: 0.0 0.0 22.85546875 Pickup: 0.0 Shooter: 0.0 5.669586181640625
153989822610 Joystick axes: 0.0078125 -0.0078125 -0.0078125 Motor Outputs: -0.00390625 0.00625 -0.00390625 -0.0140625 Front_Left: 0.0 0.0 22.47265625 Back_Left: 0.0 0.0 25.53515625 Back_Right: 0.0 0.0 25.34375 Front_Right: 0.0 0.0 22.85546875 Pickup: 0.0 Shooter: 0.0 5.6500396728515625
153989822729 Joystick axes: 0.0078125 -0.0078125 -0.0078125 Motor Outputs: -0.00390625 0.00625 -0.00390625 -0.0140625 Front_Left: 0.0 0.0 22.08984375 Back_Left: 0.0 0.0 25.53515625 Back_Right: 0.0 0.0 25.53515625 Front_Right: 0.0 0.0 23.23828125 Pickup: 0.0 Shooter: 0.0 5.6402587890625
153989822851 Joystick axes: 0.0078125 -0.0078125 -0.0078125 Motor Outputs: -0.00390625 0.00625 -0.00390625 -0.0140625 Front_Left: 0.0 0.0 22.6640625 Back_Left: 0.0 0.0 25.91796875 Back_Right: 0.0 0.0 25.53515625 Front_Right: 0.0 0.0 23.23828125 Pickup: 0.0 Shooter: 0.0 5.6402587890625
153989822981 Joystick axes: 0.0078125 -0.0078125 -0.0078125 Motor Outputs: -0.00390625 0.00625 -0.00390625 -0.0140625 Front_Left: 0.0 0.0 22.47265625 Back_Left: 0.0 0.0 25.15234375 Back_Right: 0.0 0.0 25.34375 Front_Right: 0.0 0.0 23.046875 Pickup: 0.0 Shooter: 0.0 5.6402587890625
153989823110 Joystick axes: 0.0078125 -0.0078125 -0.0078125 Motor Outputs: -0.00390625 0.00625 -0.00390625 -0.0140625 Front_Left: 0.0 0.0 23.62109375 Back_Left: 0.0 0.0 25.15234375 Back_Right: 0.0 0.0 25.34375 Front_Right: 0.0 0.0 23.23828125 Pickup: 0.0 Shooter: 0.0 5.6402587890625
153989823230 Joystick axes: 0.0078125 -0.0078125 -0.0078125 Motor Outputs: -0.00390625 0.00625 -0.00390625 -0.0140625 Front_Left: 0.0 0.0 22.08984375 Back_Left: 0.0 0.0 24.578125 Back_Right: 0.0 0.0 25.15234375 Front_Right: 0.0 0.0 23.62109375 Pickup: 0.0 Shooter: 0.0 5.6402587890625
153989823350 Joystick axes: 0.0078125 -0.0078125 -0.0078125 Motor Outputs: -0.00390625 0.00625 -0.00390625 -0.0140625 Front_Left: 0.0 0.0 22.08984375 Back_Left: 0.0 0.0 26.109375 Back_Right: 0.0 0.0 24.9609375 Front_Right: 0.0 0.0 23.046875 Pickup: 0.0 Shooter: 0.0 5.6402587890625
153989823482 Joystick axes: 0.0078125 -0.0078125 -0.0078125 Motor Outputs: -0.00390625 0.00625 -0.00390625 -0.0140625 Front_Left: 0.0 0.0 21.8984375 Back_Left: 0.0 0.0 25.7265625 Back_Right: 0.0 0.0 25.34375 Front_Right: 0.0 0.0 24.00390625 Pickup: 0.0 Shooter: 0.0 5.6402587890625
153989823625 Joystick axes: 0.0078125 -0.0078125 -0.0078125 Motor Outputs: -0.00390625 0.00625 -0.00390625 -0.0140625 Front_Left: 0.0 0.0 23.046875 Back_Left: 0.0 0.0 25.15234375 Back_Right: 0.0 0.0 25.53515625 Front_Right: 0.0 0.0 22.85546875 Pickup: 0.0 Shooter: 0.0 5.6402587890625
153989823750 Joystick axes: 0.0078125 -0.0078125 -0.0078125 Motor Outputs: -0.00390625 0.00625 -0.00390625 -0.0140625 Front_Left: 0.0 0.0 24.00390625 Back_Left: 0.0 0.0 24.9609375 Back_Right: 0.0 0.0 25.15234375 Front_Right: 0.0 0.0 23.046875 Pickup: 0.0 Shooter: 0.0 5.6402587890625
153989823876 Joystick axes: 0.0078125 -0.0078125 -0.0078125 Motor Outputs: -0.00390625 0.00625 -0.00390625 -0.0140625 Front_Left: 0.0 0.0 22.47265625 Back_Left: 0.0 0.0 25.34375 Back_Right: 0.0 0.0 25.53515625 Front_Right: 0.0 0.0 23.23828125 Pickup: 0.0 Shooter: 0.0 5.6304931640625
153989824001 Joystick axes: 0.0078125 -0.0078125 -0.0078125 Motor Outputs: -0.00390625 0.00625 -0.00390625 -0.0140625 Front_Left: 0.0 0.0 21.70703125 Back_Left: 0.0 0.0 24.9609375 Back_Right: 0.0 0.0 24.76953125 Front_Right: 0.0 0.0 23.23828125 Pickup: 0.0 Shooter: 0.0 5.6109466552734375
153989824108 Joystick axes: 0.0078125 -0.0078125 -0.0078125 Motor Outputs: -0.00390625 0.00625 -0.00390625 -0.0140625 Front_Left: 0.0 0.0 22.47265625 Back_Left: 0.0 0.0 25.7265625 Back_Right: 0.0 0.0 24.9609375 Front_Right: 0.0 0.0 22.85546875 Pickup: 0.0 Shooter: 0.0 5.6207122802734375
153989824230 Joystick axes: 0.0078125 -0.0078125 -0.0078125 Motor Outputs: -0.00390625 0.00625 -0.00390625 -0.0140625 Front_Left: 0.0 0.0 22.28125 Back_Left: 0.0 0.0 25.91796875 Back_Right: 0.0 0.0 24.76953125 Front_Right: 0.0 0.0 22.85546875 Pickup: 0.0 Shooter: 0.0 5.601165771484375
153989824348 Joystick axes: 0.0078125 -0.0078125 -0.0078125 Motor Outputs: -0.00390625 0.00625 -0.00390625 -0.0140625 Front_Left: 0.0 0.0 20.75 Back_Left: 0.0 0.0 25.7265625 Back_Right: 0.0 0.0 25.34375 Front_Right: 0.0 0.0 23.046875 Pickup: 0.0 Shooter: 0.0 5.601165771484375
153989824468 Joystick axes: 0.0078125 -0.0078125 -0.0078125 Motor Outputs: -0.00390625 0.00625 -0.00390625 -0.0140625 Front_Left: 0.0 0.0 22.47265625 Back_Left: 0.0 0.0 25.91796875 Back_Right: 0.0 0.0 25.34375 Front_Right: 0.0 0.0 22.47265625 Pickup: 0.0 Shooter: 0.0 5.5913848876953125
153989824589 Joystick axes: 0.0078125 -0.0078125 -0.0078125 Motor Outputs: -0.00390625 0.00625 -0.00390625 -0.0140625 Front_Left: 0.0 0.0 22.85546875 Back_Left: 0.0 0.0 24.9609375 Back_Right: 0.0 0.0 25.7265625 Front_Right: 0.0 0.0 23.4296875 Pickup: 0.0 Shooter: 0.0 5.5816192626953125
153989824721 Joystick axes: 0.0078125 -0.0078125 -0.0078125 Motor Outputs: -0.00390625 0.00625 -0.00390625 -0.0140625 Front_Left: 0.0 0.0 22.85546875 Back_Left: 0.0 0.0 25.53515625 Back_Right: 0.0 0.0 24.9609375 Front_Right: 0.0 0.0 22.6640625 Pickup: 0.0 Shooter: 0.0 5.5620574951171875
153989824842 Joystick axes: 0.0078125 -0.0078125 -0.0078125 Motor Outputs: -0.00390625 0.00625 -0.00390625 -0.0140625 Front_Left: 0.0 0.0 22.6640625 Back_Left: 0.0 0.0 25.34375 Back_Right: 0.0 0.0 24.578125 Front_Right: 0.0 0.0 22.6640625 Pickup: 0.0 Shooter: 0.0 5.5522918701171875
153989824969 Joystick axes: 0.0078125 -0.0078125 -0.0078125 Motor Outputs: -0.00390625 0.00625 -0.00390625 -0.0140625 Front_Left: 0.0 0.0 22.47265625 Back_Left: 0.0 0.0 25.7265625 Back_Right: 0.0 0.0 25.34375 Front_Right: 0.0 0.0 23.23828125 Pickup: 0.0 Shooter: 0.0 5.542510986328125
153989825101 Joystick axes: 0.0078125 -0.0078125 -0.0078125 Motor Outputs: -0.00390625 0.00625 -0.00390625 -0.0140625 Front_Left: 0.0 0.0 22.28125 Back_Left: 0.0 0.0 25.7265625 Back_Right: 0.0 0.0 24.578125 Front_Right: 0.0 0.0 23.23828125 Pickup: 0.0 Shooter: 0.0 5.542510986328125
153989825228 Joystick axes: 0.0078125 -0.0078125 -0.0078125 Motor Outputs: -0.00390625 0.00625 -0.00390625 -0.0140625 Front_Left: 0.0 0.0 22.85546875 Back_Left: 0.0 0.0 25.15234375 Back_Right: 0.0 0.0 24.76953125 Front_Right: 0.0 0.0 22.6640625 Pickup: 0.0 Shooter: 0.0 5.532745361328125
153989825361 Joystick axes: 0.0078125 -0.0078125 -0.0078125 Motor Outputs: -0.00390625 0.00625 -0.00390625 -0.0140625 Front_Left: 0.0 0.0 23.23828125 Back_Left: 0.0 0.0 25.7265625 Back_Right: 0.0 0.0 25.15234375 Front_Right: 0.0 0.0 23.4296875 Pickup: 0.0 Shooter: 0.0 5.532745361328125
153989825488 Joystick axes: 0.0078125 -0.0078125 -0.0078125 Motor Outputs: -0.00390625 0.00625 -0.00390625 -0.0140625 Front_Left: 0.0 0.0 23.046875 Back_Left: 0.0 0.0 25.34375 Back_Right: 0.0 0.0 24.9609375 Front_Right: 0.0 0.0 22.6640625 Pickup: 0.0 Shooter: 0.0 5.542510986328125
153989825601 Joystick axes: 0.0078125 -0.0078125 -0.0078125 Motor Outputs: -0.00390625 0.00625 -0.00390625 -0.0140625 Front_Left: 0.0 0.0 23.23828125 Back_Left: 0.0 0.0 25.7265625 Back_Right: 0.0 0.0 25.34375 Front_Right: 0.0 0.0 22.47265625 Pickup: 0.0 Shooter: 0.0 5.542510986328125
153989825721 Joystick axes: 0.0078125 -0.0078125 -0.0078125 Motor Outputs: -0.00390625 0.00625 -0.00390625 -0.0140625 Front_Left: 0.0 0.0 22.6640625 Back_Left: 0.0 0.0 25.7265625 Back_Right: 0.0 0.0 25.34375 Front_Right: 0.0 0.0 22.6640625 Pickup: 0.0 Shooter: 0.0 5.542510986328125
153989825850 Joystick axes: 0.0078125 -0.0078125 -0.0078125 Motor Outputs: -0.00390625 0.00625 -0.00390625 -0.0140625 Front_Left: 0.0 0.0 22.28125 Back_Left: 0.0 0.0 25.53515625 Back_Right: 0.0 0.0 25.34375 Front_Right: 0.0 0.0 23.23828125 Pickup: 0.0 Shooter: 0.0 5.483856201171875
S: 153989825746 Fired
153989825988 Joystick axes: 0.0078125 -0.0078125 -0.0078125 Motor Outputs: -0.00390625 0.00625 -0.00390625 -0.0140625 Front_Left: 0.0 0.0 23.046875 Back_Left: 0.0 0.0 25.53515625 Back_Right: 0.0 0.0 25.15234375 Front_Right: 0.0 0.0 23.046875 Pickup: 0.0 Shooter: 0.0 4.8093719482421875
153989826110 Joystick axes: 0.0078125 -0.0078125 -0.0078125 Motor Outputs: -0.00390625 0.00625 -0.00390625 -0.0140625 Front_Left: 0.0 0.0 22.85546875 Back_Left: 0.0 0.0 25.34375 Back_Right: 0.0 0.0 25.34375 Front_Right: 0.0 0.0 23.4296875 Pickup: 0.0 Shooter: 0.0 5.043975830078125
153989826248 Joystick axes: 0.0078125 -0.0078125 -0.0078125 Motor Outputs: -0.00390625 0.00625 -0.00390625 -0.0140625 Front_Left: 0.0 0.0 22.6640625 Back_Left: 0.0 0.0 25.15234375 Back_Right: 0.0 0.0 25.15234375 Front_Right: 0.0 0.0 23.23828125 Pickup: 0.0 Shooter: 0.0 5.288360595703125
153989826360 Joystick axes: 0.0078125 -0.0078125 -0.0078125 Motor Outputs: -0.00390625 0.00625 -0.00390625 -0.0140625 Front_Left: 0.0 0.0 22.28125 Back_Left: 0.0 0.0 25.34375 Back_Right: 0.0 0.0 25.34375 Front_Right: 0.0 0.0 22.6640625 Pickup: 0.0 Shooter: 0.0 5.5522918701171875
153989826470 Joystick axes: 0.0078125 -0.0078125 -0.0078125 Motor Outputs: -0.00390625 0.00625 -0.00390625 -0.0140625 Front_Left: 0.0 0.0 22.6640625 Back_Left: 0.0 0.0 25.7265625 Back_Right: 0.0 0.0 24.76953125 Front_Right: 0.0 0.0 22.85546875 Pickup: 0.0 Shooter: 0.0 5.786895751953125
153989826622 Joystick axes: 0.0078125 -0.0078125 -0.0078125 Motor Outputs: -0.00390625 0.00625 -0.00390625 -0.0140625 Front_Left: 0.0 0.0 22.85546875 Back_Left: 0.0 0.0 25.34375 Back_Right: 0.0 0.0 25.15234375 Front_Right: 0.0 0.0 23.23828125 Pickup: 0.0 Shooter: 0.0 5.728240966796875
153989826741 Joystick axes: 0.0078125 -0.0078125 -0.0078125 Motor Outputs: -0.00390625 0.00625 -0.00390625 -0.0140625 Front_Left: 0.0 0.0 22.85546875 Back_Left: 0.0 0.0 25.15234375 Back_Right: 0.0 0.0 25.34375 Front_Right: 0.0 0.0 22.08984375 Pickup: 0.0 Shooter: 0.0 5.7086944580078125
153989826869 Joystick axes: 0.0078125 -0.0078125 -0.0078125 Motor Outputs: -0.00390625 0.00625 -0.00390625 -0.0140625 Front_Left: 0.0 0.0 22.85546875 Back_Left: 0.0 0.0 25.34375 Back_Right: 0.0 0.0 25.15234375 Front_Right: 0.0 0.0 23.23828125 Pickup: 0.0 Shooter: 0.0 5.68914794921875
153989826988 Joystick axes: 0.0078125 -0.0078125 -0.0078125 Motor Outputs: -0.00390625 0.00625 -0.00390625 -0.0140625 Front_Left: 0.0 0.0 22.85546875 Back_Left: 0.0 0.0 25.53515625 Back_Right: 0.0 0.0 25.15234375 Front_Right: 0.0 0.0 23.046875 Pickup: 0.0 Shooter: 0.0 5.6793670654296875
153989827121 Joystick axes: 0.0078125 -0.0078125 -0.0078125 Motor Outputs: -0.00390625 0.00625 -0.00390625 -0.0140625 Front_Left: 0.0 0.0 22.28125 Back_Left: 0.0 0.0 25.53515625 Back_Right: 0.0 0.0 25.15234375 Front_Right: 0.0 0.0 23.4296875 Pickup: 0.0 Shooter: 0.0 5.659820556640625
153989827242 Joystick axes: 0.0078125 -0.0078125 -0.0078125 Motor Outputs: -0.00390625 0.00625 -0.00390625 -0.0140625 Front_Left: 0.0 0.0 22.85546875 Back_Left: 0.0 0.0 25.53515625 Back_Right: 0.0 0.0 25.15234375 Front_Right: 0.0 0.0 23.046875 Pickup: 0.0 Shooter: 0.0 5.6500396728515625
153989827362 Joystick axes: 0.0078125 -0.0078125 -0.0078125 Motor Outputs: -0.00390625 0.00625 -0.00390625 -0.0140625 Front_Left: 0.0 0.0 21.8984375 Back_Left: 0.0 0.0 25.34375 Back_Right: 0.0 0.0 25.34375 Front_Right: 0.0 0.0 22.85546875 Pickup: 0.0 Shooter: 0.0 5.6402587890625
153989827497 Joystick axes: 0.0078125 -0.0078125 -0.0078125 Motor Outputs: -0.00390625 0.00625 -0.00390625 -0.0140625 Front_Left: 0.0 0.0 21.8984375 Back_Left: 0.0 0.0 25.34375 Back_Right: 0.0 0.0 25.15234375 Front_Right: 0.0 0.0 22.85546875 Pickup: 0.0 Shooter: 0.0 5.6402587890625
153989827621 Joystick axes: 0.0078125 -0.0078125 -0.0078125 Motor Outputs: -0.00390625 0.00625 -0.00390625 -0.0140625 Front_Left: 0.0 0.0 21.8984375 Back_Left: 0.0 0.0 24.76953125 Back_Right: 0.0 0.0 24.9609375 Front_Right: 0.0 0.0 22.6640625 Pickup: 0.0 Shooter: 0.0 5.6304931640625
153989827743 Joystick axes: 0.0078125 -0.0078125 -0.0078125 Motor Outputs: -0.00390625 0.00625 -0.00390625 -0.0140625 Front_Left: 0.0 0.0 22.47265625 Back_Left: 0.0 0.0 26.30078125 Back_Right: 0.0 0.0 24.76953125 Front_Right: 0.0 0.0 22.85546875 Pickup: 0.0 Shooter: 0.0 5.6304931640625
153989827869 Joystick axes: 0.0078125 -0.0078125 -0.0078125 Motor Outputs: -0.00390625 0.00625 -0.00390625 -0.0140625 Front_Left: 0.0 0.0 22.08984375 Back_Left: 0.0 0.0 25.7265625 Back_Right: 0.0 0.0 25.15234375 Front_Right: 0.0 0.0 22.47265625 Pickup: 0.0 Shooter: 0.0 5.6304931640625
153989827990 Joystick axes: 0.0078125 -0.0078125 -0.0078125 Motor Outputs: -0.00390625 0.00625 -0.00390625 -0.0140625 Front_Left: 0.0 0.0 23.046875 Back_Left: 0.0 0.0 25.7265625 Back_Right: 0.0 0.0 24.578125 Front_Right: 0.0 0.0 22.85546875 Pickup: 0.0 Shooter: 0.0 5.6304931640625
153989828128 Joystick axes: 0.0078125 -0.0078125 -0.0078125 Motor Outputs: -0.00390625 0.00625 -0.00390625 -0.0140625 Front_Left: 0.0 0.0 23.23828125 Back_Left: 0.0 0.0 25.34375 Back_Right: 0.0 0.0 25.15234375 Front_Right: 0.0 0.0 22.85546875 Pickup: 0.0 Shooter: 0.0 5.4643096923828125
S: 153989828006 Fired
153989828251 Joystick axes: 0.0078125 -0.0078125 -0.0078125 Motor Outputs: -0.00390625 0.00625 -0.00390625 -0.0140625 Front_Left: 0.0 0.0 22.28125 Back_Left: 0.0 0.0 24.9609375 Back_Right: 0.0 0.0 25.53515625 Front_Right: 0.0 0.0 23.046875 Pickup: 0.0 Shooter: 0.0 4.5258941650390625
153989828369 Joystick axes: 0.0078125 -0.0078125 -0.0078125 Motor Outputs: -0.00390625 0.00625 -0.00390625 -0.0140625 Front_Left: 0.0 0.0 22.47265625 Back_Left: 0.0 0.0 25.53515625 Back_Right: 0.0 0.0 25.53515625 Front_Right: 0.0 0.0 22.85546875 Pickup: 0.0 Shooter: 0.0 4.57476806640625
153989828489 Joystick axes: 0.0078125 -0.0078125 -0.0078125 Motor Outputs: -0.00390625 0.00625 -0.00390625 -0.0140625 Front_Left: 0.0 0.0 22.47265625 Back_Left: 0.0 0.0 25.15234375 Back_Right: 0.0 0.0 25.15234375 Front_Right: 0.0 0.0 22.6640625 Pickup: 0.0 Shooter: 0.0 5.0146484375
153989828608 Joystick axes: 0.0078125 -0.0078125 -0.0078125 Motor Outputs: -0.00390625 0.00625 -0.00390625 -0.0140625 Front_Left: 0.0 0.0 22.6640625 Back_Left: 0.0 0.0 25.15234375 Back_Right: 0.0 0.0 25.34375 Front_Right: 0.0 0.0 23.4296875 Pickup: 0.0 Shooter: 0.0 5.3958892822265625
153989828716 Joystick axes: 0.0078125 -0.0078125 -0.0078125 Motor Outputs: -0.00390625 0.00625 -0.00390625 -0.0140625 Front_Left: 0.0 0.0 22.85546875 Back_Left: 0.0 0.0 24.9609375 Back_Right: 0.0 0.0 24.76953125 Front_Right: 0.0 0.0 22.47265625 Pickup: 0.0 Shooter: 0.0 5.6207122802734375
153989828848 Joystick axes: 0.0078125 -0.0078125 -0.0078125 Motor Outputs: -0.00390625 0.00625 -0.00390625 -0.0140625 Front_Left: 0.0 0.0 23.046875 Back_Left: 0.0 0.0 25.91796875 Back_Right: 0.0 0.0 25.7265625 Front_Right: 0.0 0.0 23.23828125 Pickup: 0.0 Shooter: 0.0 5.82598876953125
153989828969 Joystick axes: 0.0078125 -0.0078125 -0.0078125 Motor Outputs: -0.00390625 0.00625 -0.00390625 -0.0140625 Front_Left: 0.0 0.0 22.47265625 Back_Left: 0.0 0.0 25.15234375 Back_Right: 0.0 0.0 25.7265625 Front_Right: 0.0 0.0 23.046875 Pickup: 0.0 Shooter: 0.0 5.796661376953125
153989829089 Joystick axes: 0.0078125 -0.0078125 -0.0078125 Motor Outputs: -0.00390625 0.00625 -0.00390625 -0.0140625 Front_Left: 0.0 0.0 22.47265625 Back_Left: 0.0 0.0 25.15234375 Back_Right: 0.0 0.0 24.76953125 Front_Right: 0.0 0.0 22.6640625 Pickup: 0.0 Shooter: 0.0 5.7673492431640625
153989829217 Joystick axes: 0.0078125 -0.0078125 -0.0078125 Motor Outputs: -0.00390625 0.00625 -0.00390625 -0.0140625 Front_Left: 0.0 0.0 22.6640625 Back_Left: 0.0 0.0 25.34375 Back_Right: 0.0 0.0 24.9609375 Front_Right: 0.0 0.0 23.23828125 Pickup: 0.0 Shooter: 0.0 5.757568359375
153989829349 Joystick axes: 0.0078125 -0.0078125 -0.0078125 Motor Outputs: -0.00390625 0.00625 -0.00390625 -0.0140625 Front_Left: 0.0 0.0 22.85546875 Back_Left: 0.0 0.0 26.30078125 Back_Right: 0.0 0.0 25.15234375 Front_Right: 0.0 0.0 23.046875 Pickup: 0.0 Shooter: 0.0 5.757568359375
153989829469 Joystick axes: 0.0078125 -0.0078125 -0.0078125 Motor Outputs: -0.00390625 0.00625 -0.00390625 -0.0140625 Front_Left: 0.0 0.0 22.47265625 Back_Left: 0.0 0.0 25.7265625 Back_Right: 0.0 0.0 24.9609375 Front_Right: 0.0 0.0 23.046875 Pickup: 0.0 Shooter: 0.0 5.7673492431640625
153989829602 Joystick axes: 0.0078125 -0.0078125 -0.0078125 Motor Outputs: -0.00390625 0.00625 -0.00390625 -0.0140625 Front_Left: 0.0 0.0 22.28125 Back_Left: 0.0 0.0 24.9609375 Back_Right: 0.0 0.0 24.9609375 Front_Right: 0.0 0.0 23.23828125 Pickup: 0.0 Shooter: 0.0 5.757568359375
153989829723 Joystick axes: 0.0078125 -0.0078125 -0.0078125 Motor Outputs: -0.00390625 0.00625 -0.00390625 -0.0140625 Front_Left: 0.0 0.0 22.6640625 Back_Left: 0.0 0.0 24.9609375 Back_Right: 0.0 0.0 24.9609375 Front_Right: 0.0 0.0 22.85546875 Pickup: 0.0 Shooter: 0.0 5.7673492431640625
153989829856 Joystick axes: 0.0078125 -0.0078125 -0.0078125 Motor Outputs: -0.00390625 0.00625 -0.00390625 -0.0140625 Front_Left: 0.0 0.0 22.85546875 Back_Left: 0.0 0.0 26.68359375 Back_Right: 0.0 0.0 25.7265625 Front_Right: 0.0 0.0 22.85546875 Pickup: 0.0 Shooter: 0.0 5.757568359375
153989829977 Joystick axes: 0.0078125 -0.0078125 -0.0078125 Motor Outputs: -0.00390625 0.00625 -0.00390625 -0.0140625 Front_Left: 0.0 0.0 22.47265625 Back_Left: 0.0 0.0 24.9609375 Back_Right: 0.0 0.0 24.9609375 Front_Right: 0.0 0.0 22.6640625 Pickup: 0.0 Shooter: 0.0 5.7477874755859375
153989830109 Joystick axes: 0.0078125 -0.0078125 -0.0078125 Motor Outputs: -0.00390625 0.00625 -0.00390625 -0.0140625 Front_Left: 0.0 0.0 22.47265625 Back_Left: 0.0 0.0 24.9609375 Back_Right: 0.0 0.0 25.91796875 Front_Right: 0.0 0.0 22.28125 Pickup: 0.0 Shooter: 0.0 5.7673492431640625
153989830237 Joystick axes: 0.0078125 -0.0078125 -0.0078125 Motor Outputs: -0.00390625 0.00625 -0.00390625 -0.0140625 Front_Left: 0.0 0.0 22.47265625 Back_Left: 0.0 0.0 25.34375 Back_Right: 0.0 0.0 24.9609375 Front_Right: 0.0 0.0 23.62109375 Pickup: 0.0 Shooter: 0.0 5.7673492431640625
153989830357 Joystick axes: 0.0078125 -0.0078125 -0.0078125 Motor Outputs: -0.00390625 0.00625 -0.00390625 -0.0140625 Front_Left: 0.0 0.0 22.6640625 Back_Left: 0.0 0.0 25.34375 Back_Right: 0.0 0.0 25.53515625 Front_Right: 0.0 0.0 22.6640625 Pickup: 0.0 Shooter: 0.0 5.757568359375
153989830481 Joystick axes: 0.0078125 -0.0078125 -0.0078125 Motor Outputs: -0.00390625 0.00625 -0.00390625 -0.0140625 Front_Left: 0.0 0.0 20.94140625 Back_Left: 0.0 0.0 25.34375 Back_Right: 0.0 0.0 24.9609375 Front_Right: 0.0 0.0 23.23828125 Pickup: 0.0 Shooter: 0.0 5.757568359375
153989830603 Joystick axes: 0.0078125 -0.0078125 -0.0078125 Motor Outputs: -0.00390625 0.00625 -0.00390625 -0.0140625 Front_Left: 0.0 0.0 22.47265625 Back_Left: 0.0 0.0 24.578125 Back_Right: 0.0 0.0 24.76953125 Front_Right: 0.0 0.0 22.6640625 Pickup: 0.0 Shooter: 0.0 5.757568359375
153989830723 Joystick axes: 0.0078125 -0.0078125 -0.0078125 Motor Outputs: -0.00390625 0.00625 -0.00390625 -0.0140625 Front_Left: 0.0 0.0 22.28125 Back_Left: 0.0 0.0 25.15234375 Back_Right: 0.0 0.0 24.9609375 Front_Right: 0.0 0.0 22.85546875 Pickup: 0.0 Shooter: 0.0 5.757568359375
153989830842 Joystick axes: 0.0078125 -0.0078125 -0.0078125 Motor Outputs: -0.00390625 0.00625 -0.00390625 -0.0140625 Front_Left: 0.0 0.0 22.47265625 Back_Left: 0.0 0.0 24.9609375 Back_Right: 0.0 0.0 24.9609375 Front_Right: 0.0 0.0 23.23828125 Pickup: 0.0 Shooter: 0.0 5.7673492431640625
153989830964 Joystick axes: 0.0078125 -0.0078125 -0.0078125 Motor Outputs: -0.00390625 0.00625 -0.00390625 -0.0140625 Front_Left: 0.0 0.0 22.47265625 Back_Left: 0.0 0.0 26.109375 Back_Right: 0.0 0.0 25.15234375 Front_Right: 0.0 0.0 22.85546875 Pickup: 0.0 Shooter: 0.0 5.757568359375
153989831084 Joystick axes: 0.0078125 -0.0078125 -0.0078125 Motor Outputs: -0.00390625 0.00625 -0.00390625 -0.0140625 Front_Left: 0.0 0.0 22.85546875 Back_Left: 0.0 0.0 26.30078125 Back_Right: 0.0 0.0 25.34375 Front_Right: 0.0 0.0 22.85546875 Pickup: 0.0 Shooter: 0.0 5.757568359375
153989831234 Joystick axes: 0.0078125 -0.0078125 -0.0078125 Motor Outputs: -0.00390625 0.00625 -0.00390625 -0.0140625 Front_Left: 0.0 0.0 22.6640625 Back_Left: 0.0 0.0 25.91796875 Back_Right: 0.0 0.0 25.34375 Front_Right: 0.0 0.0 23.4296875 Pickup: 0.0 Shooter: 0.0 5.7673492431640625
153989831360 Joystick axes: 0.0078125 -0.0078125 -0.0078125 Motor Outputs: -0.00390625 0.00625 -0.00390625 -0.0140625 Front_Left: 0.0 0.0 22.47265625 Back_Left: 0.0 0.0 24.9609375 Back_Right: 0.0 0.0 25.15234375 Front_Right: 0.0 0.0 22.6640625 Pickup: 0.0 Shooter: 0.0 5.757568359375
153989831482 Joystick axes: 0.0078125 -0.0078125 -0.0078125 Motor Outputs: -0.00390625 0.00625 -0.00390625 -0.0140625 Front_Left: 0.0 0.0 22.28125 Back_Left: 0.0 0.0 24.76953125 Back_Right: 0.0 0.0 25.53515625 Front_Right: 0.0 0.0 22.85546875 Pickup: 0.0 Shooter: 0.0 5.757568359375
153989831600 Joystick axes: 0.0078125 -0.0078125 -0.0078125 Motor Outputs: -0.00390625 0.00625 -0.00390625 -0.0140625 Front_Left: 0.0 0.0 22.47265625 Back_Left: 0.0 0.0 25.34375 Back_Right: 0.0 0.0 25.15234375 Front_Right: 0.0 0.0 22.85546875 Pickup: 0.0 Shooter: 0.0 5.757568359375
153989831701 Joystick axes: 0.0078125 -0.0078125 -0.0078125 Motor Outputs: -0.00390625 0.00625 -0.00390625 -0.0140625 Front_Left: 0.0 0.0 23.62109375 Back_Left: 0.0 0.0 25.15234375 Back_Right: 0.0 0.0 25.34375 Front_Right: 0.0 0.0 22.85546875 Pickup: 0.0 Shooter: 0.0 5.7673492431640625
