153990427595 Joystick axes: 0.0078125 -0.0078125 -0.0078125 Motor Outputs: 0.0 0.0 0.0 0.0 Front_Left: 0.0 0.0 22.85546875 Back_Left: 0.0 0.0 24.9609375 Back_Right: 0.0 0.0 25.15234375 Front_Right: 0.0 0.0 22.85546875 Pickup: 0.0 Shooter: 0.0 5.855316162109375
153990427726 Joystick axes: 0.0078125 -0.0078125 -0.0078125 Motor Outputs: -0.00390625 0.00625 -0.00390625 -0.0140625 Front_Left: 0.0 0.0 22.85546875 Back_Left: 0.0 0.0 25.53515625 Back_Right: 0.0 0.0 25.34375 Front_Right: 0.0 0.0 23.046875 Pickup: 0.0 Shooter: 0.0 5.855316162109375
153990427849 Joystick axes: 0.0078125 -0.0078125 -0.0078125 Motor Outputs: -0.00390625 0.00625 -0.00390625 -0.0140625 Front_Left: 0.0 0.0 23.4296875 Back_Left: 0.0 0.0 25.34375 Back_Right: 0.0 0.0 25.34375 Front_Right: 0.0 0.0 22.85546875 Pickup: 0.0 Shooter: 0.0 5.855316162109375
153990427987 Joystick axes: 0.0078125 -0.0078125 -0.0078125 Motor Outputs: -0.00390625 0.00625 -0.00390625 -0.0140625 Front_Left: 0.0 0.0 23.046875 Back_Left: 0.0 0.0 25.34375 Back_Right: 0.0 0.0 24.9609375 Front_Right: 0.0 0.0 22.28125 Pickup: 0.0 Shooter: 0.0 5.855316162109375
153990428114 Joystick axes: 0.0078125 -0.0078125 -0.0078125 Motor Outputs: -0.00390625 0.00625 -0.00390625 -0.0140625 Front_Left: 0.0 0.0 22.47265625 Back_Left: 0.0 0.0 25.15234375 Back_Right: 0.0 0.0 25.34375 Front_Right: 0.0 0.0 22.47265625 Pickup: 0.0 Shooter: 0.0 5.855316162109375
153990428247 Joystick axes: 0.0078125 -0.0078125 -0.0078125 Motor Outputs: -0.00390625 0.00625 -0.00390625 -0.0140625 Front_Left: 0.0 0.0 23.046875 Back_Left: 0.0 0.0 25.53515625 Back_Right: 0.0 0.0 25.15234375 Front_Right: 0.0 0.0 22.85546875 Pickup: 0.0 Shooter: 0.0 5.855316162109375
153990428367 Joystick axes: 0.0078125 -0.0078125 -0.0078125 Motor Outputs: -0.00390625 0.00625 -0.00390625 -0.0140625 Front_Left: 0.0 0.0 22.47265625 Back_Left: 0.0 0.0 25.53515625 Back_Right: 0.0 0.0 24.9609375 Front_Right: 0.0 0.0 22.6640625 Pickup: 0.0 Shooter: 0.0 5.855316162109375
153990428487 Joystick axes: 0.0078125 -0.0078125 -0.0078125 Motor Outputs: -0.00390625 0.00625 -0.00390625 -0.0140625 Front_Left: 0.0 0.0 22.47265625 Back_Left: 0.0 0.0 25.15234375 Back_Right: 0.0 0.0 24.9609375 Front_Right: 0.0 0.0 23.4296875 Pickup: 0.0 Shooter: 0.0 5.855316162109375
153990428614 Joystick axes: 0.0078125 -0.0078125 -0.0078125 Motor Outputs: -0.00390625 0.00625 -0.00390625 -0.0140625 Front_Left: 0.0 0.0 22.85546875 Back_Left: 0.0 0.0 25.15234375 Back_Right: 0.0 0.0 25.15234375 Front_Right: 0.0 0.0 22.85546875 Pickup: 0.0 Shooter: 0.0 5.855316162109375
153990428742 Joystick axes: 0.0078125 -0.0078125 -0.0078125 Motor Outputs: -0.00390625 0.00625 -0.00390625 -0.0140625 Front_Left: 0.0 0.0 22.28125 Back_Left: 0.0 0.0 25.53515625 Back_Right: 0.0 0.0 25.34375 Front_Right: 0.0 0.0 23.62109375 Pickup: 0.0 Shooter: 0.0 5.855316162109375
153990428866 Joystick axes: 0.0078125 -0.0078125 -0.0078125 Motor Outputs: -0.00390625 0.00625 -0.00390625 -0.0140625 Front_Left: 0.0 0.0 22.6640625 Back_Left: 0.0 0.0 25.53515625 Back_Right: 0.0 0.0 25.15234375 Front_Right: 0.0 0.0 22.6640625 Pickup: 0.0 Shooter: 0.0 5.8650970458984375
153990428986 Joystick axes: 0.0078125 -0.0078125 -0.0078125 Motor Outputs: -0.00390625 0.00625 -0.00390625 -0.0140625 Front_Left: 0.0 0.0 22.28125 Back_Left: 0.0 0.0 25.7265625 Back_Right: 0.0 0.0 24.9609375 Front_Right: 0.0 0.0 22.85546875 Pickup: 0.0 Shooter: 0.0 5.855316162109375
153990429108 Joystick axes: 0.0078125 -0.0078125 -0.0078125 Motor Outputs: -0.00390625 0.00625 -0.00390625 -0.0140625 Front_Left: 0.0 0.0 21.8984375 Back_Left: 0.0 0.0 25.7265625 Back_Right: 0.0 0.0 24.76953125 Front_Right: 0.0 0.0 22.85546875 Pickup: 0.0 Shooter: 0.0 5.8650970458984375
153990429234 Joystick axes: -0.047244094488188976 -0.0234375 -0.0078125 Motor Outputs: -0.00390625 0.00625 -0.00390625 -0.0140625 Front_Left: 0.0 0.0 22.47265625 Back_Left: 0.0 0.0 25.34375 Back_Right: 0.0 0.0 24.76953125 Front_Right: 0.0 0.0 23.046875 Pickup: 0.0 Shooter: 0.0 5.845550537109375
153990429393 Joystick axes: -0.0 -0.0234375 -0.0078125 Motor Outputs: -0.049849286417322836 -0.019380536417322833 0.042036786417322836 0.011568036417322833 Front_Left: 0.0 0.0 23.046875 Back_Left: 0.0 0.0 25.34375 Back_Right: 0.0 0.0 25.15234375 Front_Right: 0.0 0.0 23.23828125 Pickup: 0.0 Shooter: 0.0 5.8650970458984375
153990429514 Joystick axes: -0.0 -0.0234375 -0.0078125 Motor Outputs: -0.019140625 0.011328125000000001 0.011328125000000001 -0.019140625 Front_Left: 0.0 0.0 22.6640625 Back_Left: 0.0 0.0 25.91796875 Back_Right: 0.0 0.0 25.34375 Front_Right: 0.0 0.0 23.8125 Pickup: 0.0 Shooter: 0.0 5.855316162109375
153990429646 Joystick axes: -0.0 -0.0234375 -0.0078125 Motor Outputs: -0.019140625 0.011328125000000001 0.011328125000000001 -0.019140625 Front_Left: 0.0 0.0 22.47265625 Back_Left: 0.0 0.0 26.4921875 Back_Right: 0.0 0.0 25.15234375 Front_Right: 0.0 0.0 23.046875 Pickup: 0.0 Shooter: 0.0 5.855316162109375
153990429768 Joystick axes: -0.0 -0.0234375 -0.0078125 Motor Outputs: -0.019140625 0.011328125000000001 0.011328125000000001 -0.019140625 Front_Left: 0.0 0.0 23.23828125 Back_Left: 0.0 0.0 24.9609375 Back_Right: 0.0 0.0 25.34375 Front_Right: 0.0 0.0 22.28125 Pickup: 0.0 Shooter: 0.0 5.855316162109375
153990429909 Joystick axes: -0.0 -0.0234375 -0.0078125 Motor Outputs: -0.019140625 0.011328125000000001 0.011328125000000001 -0.019140625 Front_Left: 0.0 0.0 22.6640625 Back_Left: 0.0 0.0 25.7265625 Back_Right: 0.0 0.0 25.15234375 Front_Right: 0.0 0.0 22.6640625 Pickup: 0.0 Shooter: 0.0 5.8650970458984375
153990430035 Joystick axes: -0.0 -0.0234375 -0.0078125 Motor Outputs: -0.019140625 0.011328125000000001 0.011328125000000001 -0.019140625 Front_Left: 0.0 0.0 22.6640625 Back_Left: 0.0 0.0 25.91796875 Back_Right: 0.0 0.0 25.34375 Front_Right: 0.0 0.0 23.23828125 Pickup: 0.0 Shooter: 0.0 5.855316162109375
153990430167 Joystick axes: -0.0 -0.0234375 -0.0078125 Motor Outputs: -0.019140625 0.011328125000000001 0.011328125000000001 -0.019140625 Front_Left: 0.0 0.0 23.046875 Back_Left: 0.0 0.0 25.91796875 Back_Right: 0.0 0.0 24.9609375 Front_Right: 0.0 0.0 22.85546875 Pickup: 0.0 Shooter: 0.0 5.855316162109375
153990430306 Joystick axes: -0.0 -0.0234375 -0.0078125 Motor Outputs: -0.019140625 0.011328125000000001 0.011328125000000001 -0.019140625 Front_Left: 0.0 0.0 23.046875 Back_Left: 0.0 0.0 24.578125 Back_Right: 0.0 0.0 25.15234375 Front_Right: 0.0 0.0 23.4296875 Pickup: 0.0 Shooter: 0.0 5.855316162109375
153990430427 Joystick axes: -0.0 -0.0234375 -0.0078125 Motor Outputs: -0.019140625 0.011328125000000001 0.011328125000000001 -0.019140625 Front_Left: 0.0 0.0 23.046875 Back_Left: 0.0 0.0 24.9609375 Back_Right: 0.0 0.0 25.15234375 Front_Right: 0.0 0.0 22.85546875 Pickup: 0.0 Shooter: 0.0 5.8650970458984375
153990430566 Joystick axes: -0.0 -0.0234375 -0.0078125 Motor Outputs: -0.019140625 0.011328125000000001 0.011328125000000001 -0.019140625 Front_Left: 0.0 0.0 22.47265625 Back_Left: 0.0 0.0 25.15234375 Back_Right: 0.0 0.0 25.15234375 Front_Right: 0.0 0.0 22.85546875 Pickup: 0.0 Shooter: 0.0 5.855316162109375
153990430694 Joystick axes: -0.0 -0.0234375 -0.0078125 Motor Outputs: -0.019140625 0.011328125000000001 0.011328125000000001 -0.019140625 Front_Left: 0.0 0.0 22.08984375 Back_Left: 0.0 0.0 25.53515625 Back_Right: 0.0 0.0 24.9609375 Front_Right: 0.0 0.0 22.85546875 Pickup: 0.0 Shooter: 0.0 5.855316162109375
153990430828 Joystick axes: -0.0 -0.0234375 -0.0078125 Motor Outputs: -0.019140625 0.011328125000000001 0.011328125000000001 -0.019140625 Front_Left: 0.0 0.0 22.6640625 Back_Left: 0.0 0.0 25.15234375 Back_Right: 0.0 0.0 25.34375 Front_Right: 0.0 0.0 23.046875 Pickup: 0.0 Shooter: 0.0 5.855316162109375
153990430962 Joystick axes: -0.0 -0.0234375 -0.0078125 Motor Outputs: -0.019140625 0.011328125000000001 0.011328125000000001 -0.019140625 Front_Left: 0.0 0.0 21.8984375 Back_Left: 0.0 0.0 26.30078125 Back_Right: 0.0 0.0 25.34375 Front_Right: 0.0 0.0 22.6640625 Pickup: 0.0 Shooter: 0.0 5.855316162109375
153990431094 Joystick axes: -0.0 -0.0234375 -0.0078125 Motor Outputs: -0.019140625 0.011328125000000001 0.011328125000000001 -0.019140625 Front_Left: 0.0 0.0 23.62109375 Back_Left: 0.0 0.0 25.34375 Back_Right: 0.0 0.0 25.34375 Front_Right: 0.0 0.0 23.62109375 Pickup: 0.0 Shooter: 0.0 5.855316162109375
153990431226 Joystick axes: -0.0 -0.0234375 -0.0078125 Motor Outputs: -0.019140625 0.011328125000000001 0.011328125000000001 -0.019140625 Front_Left: 0.0 0.0 22.08984375 Back_Left: 0.0 0.0 25.15234375 Back_Right: 0.0 0.0 25.53515625 Front_Right: 0.0 0.0 23.046875 Pickup: 0.0 Shooter: 0.0 5.8650970458984375
153990431375 Joystick axes: -0.0 -0.0234375 -0.0078125 Motor Outputs: -0.019140625 0.011328125000000001 0.011328125000000001 -0.019140625 Front_Left: 0.0 0.0 22.28125 Back_Left: 0.0 0.0 25.34375 Back_Right: 0.0 0.0 24.76953125 Front_Right: 0.0 0.0 23.23828125 Pickup: 0.0 Shooter: 0.0 5.8650970458984375
153990431495 Joystick axes: -0.0 -0.0234375 -0.0078125 Motor Outputs: -0.019140625 0.011328125000000001 0.011328125000000001 -0.019140625 Front_Left: 0.0 0.0 22.6640625 Back_Left: 0.0 0.0 25.91796875 Back_Right: 0.0 0.0 25.15234375 Front_Right: 0.0 0.0 23.23828125 Pickup: 0.0 Shooter: 0.0 5.855316162109375
153990431613 Joystick axes: -0.0 -0.0234375 -0.0078125 Motor Outputs: -0.019140625 0.011328125000000001 0.011328125000000001 -0.019140625 Front_Left: 0.0 0.0 22.85546875 Back_Left: 0.0 0.0 25.53515625 Back_Right: 0.0 0.0 24.76953125 Front_Right: 0.0 0.0 23.046875 Pickup: 0.0 Shooter: 0.0 5.8650970458984375
153990431736 Joystick axes: -0.0 -0.0234375 -0.0078125 Motor Outputs: -0.019140625 0.011328125000000001 0.011328125000000001 -0.019140625 Front_Left: 0.0 0.0 22.08984375 Back_Left: 0.0 0.0 25.34375 Back_Right: 0.0 0.0 25.53515625 Front_Right: 0.0 0.0 22.85546875 Pickup: 0.0 Shooter: 0.0 5.8650970458984375
153990431856 Joystick axes: -0.0 -0.0234375 -0.0078125 Motor Outputs: -0.019140625 0.011328125000000001 0.011328125000000001 -0.019140625 Front_Left: 0.0 0.0 22.6640625 Back_Left: 0.0 0.0 25.34375 Back_Right: 0.0 0.0 25.15234375 Front_Right: 0.0 0.0 23.046875 Pickup: 0.0 Shooter: 0.0 5.855316162109375
153990431994 Joystick axes: -0.0 -0.0234375 -0.0078125 Motor Outputs: -0.019140625 0.011328125000000001 0.011328125000000001 -0.019140625 Front_Left: 0.0 0.0 22.28125 Back_Left: 0.0 0.0 25.34375 Back_Right: 0.0 0.0 25.15234375 Front_Right: 0.0 0.0 23.4296875 Pickup: 0.0 Shooter: 0.0 5.855316162109375
153990432115 Joystick axes: -0.0 -0.0234375 -0.0078125 Motor Outputs: -0.019140625 0.011328125000000001 0.011328125000000001 -0.019140625 Front_Left: 0.0 0.0 22.08984375 Back_Left: 0.0 0.0 25.15234375 Back_Right: 0.0 0.0 25.34375 Front_Right: 0.0 0.0 22.6640625 Pickup: 0.0 Shooter: 0.0 5.8650970458984375
153990432211 Joystick axes: -0.0 -0.0234375 -0.0078125 Motor Outputs: -0.019140625 0.011328125000000001 0.011328125000000001 -0.019140625 Front_Left: 0.0 0.0 22.85546875 Back_Left: 0.0 0.0 25.53515625 Back_Right: 0.0 0.0 24.9609375 Front_Right: 0.0 0.0 23.23828125 Pickup: 0.0 Shooter: 0.0 5.855316162109375
