Timestamp Driver_Joy_Y Driver_Joy_X Driver_Joy_W FL_Out BL_Out BR_Out FR_Out FL_Jag_Speed FL_Bus_Voltage FL_Out_Voltage FL_Out_Current FL_Temp BL_Jag_Speed BL_Bus_Voltage BL_Out_Voltage BL_Out_Current BL_Temp BR_Jag_Speed BR_Bus_Voltage BR_Out_Voltage BR_Out_Current BR_Temp FR_Jag_Speed FR_Bus_Voltage FR_Out_Voltage FR_Out_Current FR_Temp
154680852039 -0.031496062992125984 -0.0078125 0.0 0.0 0.0 -0.0 -0.0 0.0 12.33984375 0.0 0.0 22.85546875 0.0 12.26953125 0.0 0.0 25.34375 0.0 12.48046875 0.0 0.0 25.7265625 0.0 12.4453125 0.0 0.0 23.4296875 0.0 5.7673492431640625
154680852205 -0.031496062992125984 -0.0078125 0.0 0.025550565944881892 0.015394315944881887 -0.025550565944881892 -0.015394315944881887 0.0 12.375 0.0 0.0 23.62109375 0.0 12.234375 0.0 0.0 25.53515625 0.0 12.4453125 0.0 0.0 25.91796875 0.0 12.41015625 0.0 0.0 23.046875 0.0 5.7673492431640625
154680852381 -0.031496062992125984 -0.0078125 0.0 0.025550565944881892 0.015394315944881887 -0.025550565944881892 -0.015394315944881887 0.0 12.41015625 0.0 0.0 23.62109375 0.0 12.12890625 0.0 0.0 25.7265625 0.0 12.41015625 0.0 0.0 25.34375 0.0 12.4453125 0.0 0.0 22.6640625 0.0 5.7673492431640625
154680852561 -0.031496062992125984 -0.0078125 0.0 0.025550565944881892 0.015394315944881887 -0.025550565944881892 -0.015394315944881887 0.0 12.234375 0.0 0.0 23.23828125 0.0 12.234375 0.0 0.0 25.7265625 0.0 12.48046875 0.0 0.0 25.34375 0.0 12.26953125 0.0 0.0 23.046875 0.0 5.7673492431640625
154680852747 -0.031496062992125984 -0.0078125 0.0 0.025550565944881892 0.015394315944881887 -0.025550565944881892 -0.015394315944881887 0.0 12.33984375 0.0 0.0 23.23828125 0.0 12.12890625 0.0 0.0 25.53515625 0.0 12.41015625 0.0 0.0 25.34375 0.0 12.375 0.0 0.0 23.046875 0.0 5.757568359375
154680852920 -0.031496062992125984 -0.0078125 0.0 0.025550565944881892 0.015394315944881887 -0.025550565944881892 -0.015394315944881887 0.0 12.26953125 0.0 0.0 23.046875 0.0 12.19921875 0.0 0.0 25.7265625 0.0 12.41015625 0.0 0.0 26.30078125 0.0 12.375 0.0 0.0 23.046875 0.0 5.7673492431640625
154680853100 -0.031496062992125984 -0.0078125 0.0 0.025550565944881892 0.015394315944881887 -0.025550565944881892 -0.015394315944881887 0.0 12.3046875 0.0 0.0 23.62109375 0.0 12.26953125 0.0 0.0 25.53515625 0.0 12.26953125 0.0 0.0 25.15234375 0.0 12.234375 0.0 0.0 23.046875 0.0 5.7673492431640625
154680853280 -0.031496062992125984 -0.0078125 0.0 0.025550565944881892 0.015394315944881887 -0.025550565944881892 -0.015394315944881887 0.0 12.3046875 0.0 0.0 22.85546875 0.0 12.12890625 0.0 0.0 26.4921875 0.0 12.3046875 0.0 0.0 26.109375 0.0 12.3046875 0.0 0.0 22.85546875 0.0 5.7673492431640625
154680853466 -0.031496062992125984 -0.0078125 0.0 0.025550565944881892 0.015394315944881887 -0.025550565944881892 -0.015394315944881887 0.0 12.19921875 0.0 0.0 23.4296875 0.0 12.12890625 0.0 0.0 25.53515625 0.0 12.3046875 0.0 0.0 25.7265625 0.0 12.234375 0.0 0.0 23.62109375 0.0 5.7673492431640625
154680853641 -0.031496062992125984 -0.0078125 0.0 0.025550565944881892 0.015394315944881887 -0.025550565944881892 -0.015394315944881887 0.0 12.3046875 0.0 0.0 23.62109375 0.0 12.19921875 0.0 0.0 25.91796875 0.0 12.41015625 0.0 0.0 25.7265625 0.0 12.234375 0.0 0.0 23.046875 0.0 5.7673492431640625
154680853834 -0.031496062992125984 -0.0078125 0.0 0.025550565944881892 0.015394315944881887 -0.025550565944881892 -0.015394315944881887 0.0 12.3046875 0.0 0.0 22.85546875 0.0 12.1640625 0.0 0.0 25.7265625 0.0 12.33984375 0.0 0.0 25.7265625 0.0 12.234375 0.0 0.0 23.23828125 0.0 5.7673492431640625
154680854014 -0.031496062992125984 -0.0078125 0.0 0.025550565944881892 0.015394315944881887 -0.025550565944881892 -0.015394315944881887 0.0 12.3046875 0.0 0.0 22.6640625 0.0 12.09375 0.0 0.0 25.7265625 0.0 12.3046875 0.0 0.0 25.34375 0.0 12.3046875 0.0 0.0 22.6640625 0.0 5.7673492431640625
154680854194 -0.031496062992125984 -0.0078125 0.0 0.025550565944881892 0.015394315944881887 -0.025550565944881892 -0.015394315944881887 0.0 12.234375 0.0 0.0 22.85546875 0.0 12.1640625 0.0 0.0 24.9609375 0.0 12.3046875 0.0 0.0 25.34375 0.0 12.3046875 0.0 0.0 22.47265625 0.0 5.7673492431640625
154680854373 -0.031496062992125984 -0.0078125 0.0 0.025550565944881892 0.015394315944881887 -0.025550565944881892 -0.015394315944881887 0.0 12.19921875 0.0 0.0 23.046875 0.0 12.19921875 0.0 0.0 25.7265625 0.0 12.3046875 0.0 0.0 25.34375 0.0 12.19921875 0.0 0.0 23.046875 0.0 5.757568359375
154680854553 -0.031496062992125984 -0.0078125 0.0 0.025550565944881892 0.015394315944881887 -0.025550565944881892 -0.015394315944881887 0.0 12.26953125 0.0 0.0 22.85546875 0.0 12.19921875 0.0 0.0 25.53515625 0.0 12.234375 0.0 0.0 25.53515625 0.0 12.26953125 0.0 0.0 23.23828125 0.0 5.7771148681640625
154680854729 -0.031496062992125984 -0.0078125 0.0 0.025550565944881892 0.015394315944881887 -0.025550565944881892 -0.015394315944881887 0.0 12.3046875 0.0 0.0 23.23828125 0.0 12.05859375 0.0 0.0 25.15234375 0.0 12.26953125 0.0 0.0 25.91796875 0.0 12.26953125 0.0 0.0 23.8125 0.0 5.7673492431640625
154680854908 -0.031496062992125984 -0.0078125 0.0 0.025550565944881892 0.015394315944881887 -0.025550565944881892 -0.015394315944881887 0.0 12.1640625 0.0 0.0 23.4296875 0.0 12.12890625 0.0 0.0 25.15234375 0.0 12.3046875 0.0 0.0 25.34375 0.0 12.3046875 0.0 0.0 23.23828125 0.0 5.7673492431640625
154680855087 -0.031496062992125984 -0.0078125 0.0 0.025550565944881892 0.015394315944881887 -0.025550565944881892 -0.015394315944881887 0.0 12.1640625 0.0 0.0 22.6640625 0.0 12.09375 0.0 0.0 25.91796875 0.0 12.3046875 0.0 0.0 25.7265625 0.0 12.3046875 0.0 0.0 22.85546875 0.0 5.7771148681640625
154680855277 -0.031496062992125984 -0.0078125 0.0 0.025550565944881892 0.015394315944881887 -0.025550565944881892 -0.015394315944881887 0.0 12.26953125 0.0 0.0 23.8125 0.0 12.09375 0.0 0.0 25.53515625 0.0 12.33984375 0.0 0.0 25.53515625 0.0 12.3046875 0.0 0.0 23.046875 0.0 5.7771148681640625
154680855453 -0.031496062992125984 -0.0078125 0.0 0.025550565944881892 0.015394315944881887 -0.025550565944881892 -0.015394315944881887 0.0 12.1640625 0.0 0.0 22.28125 0.0 12.12890625 0.0 0.0 25.15234375 0.0 12.33984375 0.0 0.0 25.7265625 0.0 12.19921875 0.0 0.0 23.046875 0.0 5.757568359375
154680855638 -0.031496062992125984 -0.0078125 0.0 0.025550565944881892 0.015394315944881887 -0.025550565944881892 -0.015394315944881887 0.0 12.19921875 0.0 0.0 23.4296875 0.0 12.1640625 0.0 0.0 25.91796875 0.0 12.19921875 0.0 0.0 25.7265625 0.0 12.234375 0.0 0.0 23.62109375 0.0 5.7673492431640625
154680855829 -0.031496062992125984 -0.0078125 0.0 0.025550565944881892 0.015394315944881887 -0.025550565944881892 -0.015394315944881887 0.0 12.19921875 0.0 0.0 23.4296875 0.0 12.1640625 0.0 0.0 25.53515625 0.0 12.234375 0.0 0.0 25.34375 0.0 12.26953125 0.0 0.0 23.23828125 0.0 5.7673492431640625
154680856002 -0.031496062992125984 -0.0078125 0.0 0.025550565944881892 0.015394315944881887 -0.025550565944881892 -0.015394315944881887 0.0 12.26953125 0.0 0.0 22.6640625 0.0 12.12890625 0.0 0.0 25.91796875 0.0 12.234375 0.0 0.0 25.34375 0.0 12.19921875 0.0 0.0 23.4296875 0.0 5.7673492431640625
154680856185 -0.031496062992125984 -0.0078125 0.0 0.025550565944881892 0.015394315944881887 -0.025550565944881892 -0.015394315944881887 0.0 12.234375 0.0 0.0 23.23828125 0.0 12.0234375 0.0 0.0 25.34375 0.0 12.26953125 0.0 0.0 25.34375 0.0 12.234375 0.0 0.0 23.62109375 0.0 5.7673492431640625
154680856381 -0.031496062992125984 -0.0078125 0.0 0.025550565944881892 0.015394315944881887 -0.025550565944881892 -0.015394315944881887 0.0 12.1640625 0.0 0.0 23.046875 0.0 12.09375 0.0 0.0 25.34375 0.0 12.19921875 0.0 0.0 26.109375 0.0 12.12890625 0.0 0.0 23.62109375 0.0 5.7673492431640625
154680856560 -0.031496062992125984 -0.0078125 0.0 0.025550565944881892 0.015394315944881887 -0.025550565944881892 -0.015394315944881887 0.0 12.19921875 0.0 0.0 23.23828125 0.0 12.12890625 0.0 0.0 24.9609375 0.0 12.234375 0.0 0.0 25.7265625 0.0 12.19921875 0.0 0.0 23.046875 0.0 5.7673492431640625
154680856754 -0.031496062992125984 -0.0078125 0.0 0.025550565944881892 0.015394315944881887 -0.025550565944881892 -0.015394315944881887 0.0 12.26953125 0.0 0.0 22.85546875 0.0 12.12890625 0.0 0.0 25.7265625 0.0 12.26953125 0.0 0.0 25.91796875 0.0 12.19921875 0.0 0.0 23.23828125 0.0 5.7771148681640625
154680856940 -0.031496062992125984 -0.0078125 0.0 0.025550565944881892 0.015394315944881887 -0.025550565944881892 -0.015394315944881887 0.0 12.234375 0.0 0.0 23.23828125 0.0 12.05859375 0.0 0.0 26.109375 0.0 12.19921875 0.0 0.0 25.7265625 0.0 12.26953125 0.0 0.0 23.62109375 0.0 5.7673492431640625
154680857120 -0.031496062992125984 -0.0078125 0.0 0.025550565944881892 0.015394315944881887 -0.025550565944881892 -0.015394315944881887 0.0 12.19921875 0.0 0.0 22.6640625 0.0 12.12890625 0.0 0.0 25.15234375 0.0 12.3046875 0.0 0.0 25.53515625 0.0 12.12890625 0.0 0.0 23.23828125 0.0 5.7673492431640625
154680857299 -0.031496062992125984 -0.0078125 0.0 0.025550565944881892 0.015394315944881887 -0.025550565944881892 -0.015394315944881887 0.0 12.19921875 0.0 0.0 23.62109375 0.0 12.09375 0.0 0.0 25.91796875 0.0 12.19921875 0.0 0.0 25.53515625 0.0 12.19921875 0.0 0.0 23.8125 0.0 5.7673492431640625
154680857479 -0.031496062992125984 -0.0078125 0.0 0.025550565944881892 0.015394315944881887 -0.025550565944881892 -0.015394315944881887 0.0 12.234375 0.0 0.0 22.85546875 0.0 12.05859375 0.0 0.0 25.91796875 0.0 12.3046875 0.0 0.0 25.34375 0.0 12.26953125 0.0 0.0 23.8125 0.0 5.7673492431640625
154680857680 -0.031496062992125984 -0.0078125 0.0 0.025550565944881892 0.015394315944881887 -0.025550565944881892 -0.015394315944881887 0.0 12.1640625 0.0 0.0 23.23828125 0.0 12.09375 0.0 0.0 25.34375 0.0 12.234375 0.0 0.0 25.7265625 0.0 12.26953125 0.0 0.0 23.046875 0.0 5.7771148681640625
154680857871 -0.031496062992125984 -0.0078125 0.0 0.025550565944881892 0.015394315944881887 -0.025550565944881892 -0.015394315944881887 0.0 12.234375 0.0 0.0 22.85546875 0.0 12.05859375 0.0 0.0 25.34375 0.0 12.3046875 0.0 0.0 25.91796875 0.0 12.1640625 0.0 0.0 23.4296875 0.0 5.7673492431640625
154680858053 -0.031496062992125984 -0.0078125 0.0 0.025550565944881892 0.015394315944881887 -0.025550565944881892 -0.015394315944881887 0.0 12.19921875 0.0 0.0 23.62109375 0.0 12.12890625 0.0 0.0 26.109375 0.0 12.234375 0.0 0.0 25.7265625 0.0 12.19921875 0.0 0.0 23.046875 0.0 5.7673492431640625
154680858243 -0.031496062992125984 -0.0078125 0.0 0.025550565944881892 0.015394315944881887 -0.025550565944881892 -0.015394315944881887 0.0 12.234375 0.0 0.0 22.6640625 0.0 11.98828125 0.0 0.0 26.109375 0.0 12.234375 0.0 0.0 25.34375 0.0 12.234375 0.0 0.0 23.62109375 0.0 5.7673492431640625
154680858420 -0.031496062992125984 -0.0078125 0.0 0.025550565944881892 0.015394315944881887 -0.025550565944881892 -0.015394315944881887 0.0 12.19921875 0.0 0.0 23.046875 0.0 12.12890625 0.0 0.0 26.109375 0.0 12.1640625 0.0 0.0 25.53515625 0.0 12.1640625 0.0 0.0 23.23828125 0.0 5.7673492431640625
154680858601 -0.031496062992125984 -0.0078125 0.0 0.025550565944881892 0.015394315944881887 -0.025550565944881892 -0.015394315944881887 0.0 12.19921875 0.0 0.0 22.85546875 0.0 12.0234375 0.0 0.0 25.91796875 0.0 12.234375 0.0 0.0 25.7265625 0.0 12.234375 0.0 0.0 23.046875 0.0 5.7673492431640625
154680858787 -0.031496062992125984 -0.0078125 0.0 0.025550565944881892 0.015394315944881887 -0.025550565944881892 -0.015394315944881887 0.0 12.09375 0.0 0.0 23.4296875 0.0 12.05859375 0.0 0.0 25.53515625 0.0 12.1640625 0.0 0.0 25.7265625 0.0 12.19921875 0.0 0.0 23.23828125 0.0 5.7673492431640625
154680858966 -0.031496062992125984 -0.0078125 0.0 0.025550565944881892 0.015394315944881887 -0.025550565944881892 -0.015394315944881887 0.0 12.19921875 0.0 0.0 24.00390625 0.0 12.12890625 0.0 0.0 25.7265625 0.0 12.26953125 0.0 0.0 25.53515625 0.0 12.19921875 0.0 0.0 23.4296875 0.0 5.7771148681640625
154680859153 -0.031496062992125984 -0.0078125 0.0 0.025550565944881892 0.015394315944881887 -0.025550565944881892 -0.015394315944881887 0.0 12.09375 0.0 0.0 22.85546875 0.0 12.05859375 0.0 0.0 24.9609375 0.0 12.3046875 0.0 0.0 25.91796875 0.0 12.12890625 0.0 0.0 22.47265625 0.0 5.7673492431640625
154680859333 -0.031496062992125984 -0.0078125 0.0 0.025550565944881892 0.015394315944881887 -0.025550565944881892 -0.015394315944881887 0.0 12.19921875 0.0 0.0 23.046875 0.0 12.09375 0.0 0.0 25.15234375 0.0 12.26953125 0.0 0.0 25.91796875 0.0 12.1640625 0.0 0.0 23.046875 0.0 5.7771148681640625
154680859533 -0.031496062992125984 -0.0078125 0.0 0.025550565944881892 0.015394315944881887 -0.025550565944881892 -0.015394315944881887 0.0 12.19921875 0.0 0.0 22.6640625 0.0 12.09375 0.0 0.0 24.9609375 0.0 12.234375 0.0 0.0 25.7265625 0.0 12.234375 0.0 0.0 23.046875 0.0 5.7673492431640625
154680859720 -0.031496062992125984 -0.0078125 0.0 0.025550565944881892 0.015394315944881887 -0.025550565944881892 -0.015394315944881887 0.0 12.09375 0.0 0.0 23.23828125 0.0 12.12890625 0.0 0.0 26.4921875 0.0 12.234375 0.0 0.0 25.91796875 0.0 12.19921875 0.0 0.0 23.23828125 0.0 5.7673492431640625
154680859900 -0.031496062992125984 -0.0078125 0.0 0.025550565944881892 0.015394315944881887 -0.025550565944881892 -0.015394315944881887 0.0 12.09375 0.0 0.0 23.4296875 0.0 12.0234375 0.0 0.0 25.53515625 0.0 12.26953125 0.0 0.0 25.34375 0.0 12.26953125 0.0 0.0 23.62109375 0.0 5.7673492431640625
154680860080 -0.031496062992125984 -0.0078125 0.0 0.025550565944881892 0.015394315944881887 -0.025550565944881892 -0.015394315944881887 0.0 12.12890625 0.0 0.0 23.23828125 0.0 12.05859375 0.0 0.0 25.53515625 0.0 12.26953125 0.0 0.0 25.53515625 0.0 12.234375 0.0 0.0 23.046875 0.0 5.757568359375
154680860266 -0.031496062992125984 -0.0078125 0.0 0.025550565944881892 0.015394315944881887 -0.025550565944881892 -0.015394315944881887 0.0 12.1640625 0.0 0.0 23.4296875 0.0 12.09375 0.0 0.0 25.15234375 0.0 12.1640625 0.0 0.0 26.109375 0.0 12.09375 0.0 0.0 23.046875 0.0 5.7771148681640625
154680860455 -0.031496062992125984 -0.0078125 0.0 0.025550565944881892 0.015394315944881887 -0.025550565944881892 -0.015394315944881887 0.0 12.05859375 0.0 0.0 23.62109375 0.0 12.05859375 0.0 0.0 25.53515625 0.0 12.1640625 0.0 0.0 25.7265625 0.0 12.19921875 0.0 0.0 23.4296875 0.0 5.7673492431640625
154680860640 -0.031496062992125984 -0.0078125 0.0 0.025550565944881892 0.015394315944881887 -0.025550565944881892 -0.015394315944881887 0.0 12.19921875 0.0 0.0 23.4296875 0.0 12.09375 0.0 0.0 24.9609375 0.0 12.234375 0.0 0.0 25.7265625 0.0 12.234375 0.0 0.0 23.8125 0.0 5.7673492431640625
154680860821 -0.031496062992125984 -0.0078125 0.0 0.025550565944881892 0.015394315944881887 -0.025550565944881892 -0.015394315944881887 0.0 12.12890625 0.0 0.0 23.046875 0.0 12.09375 0.0 0.0 25.7265625 0.0 12.19921875 0.0 0.0 25.91796875 0.0 12.1640625 0.0 0.0 23.62109375 0.0 5.7673492431640625
154680861000 -0.031496062992125984 -0.0078125 0.0 0.025550565944881892 0.015394315944881887 -0.025550565944881892 -0.015394315944881887 0.0 12.1640625 0.0 0.0 22.6640625 0.0 12.12890625 0.0 0.0 25.34375 0.0 12.234375 0.0 0.0 25.34375 0.0 12.19921875 0.0 0.0 23.23828125 0.0 5.7771148681640625
154680861186 -0.031496062992125984 -0.0078125 0.0 0.025550565944881892 0.015394315944881887 -0.025550565944881892 -0.015394315944881887 0.0 12.19921875 0.0 0.0 22.47265625 0.0 11.98828125 0.0 0.0 25.7265625 0.0 12.19921875 0.0 0.0 25.53515625 0.0 12.234375 0.0 0.0 23.4296875 0.0 5.7673492431640625
154680861368 -0.031496062992125984 -0.0078125 0.0 0.025550565944881892 0.015394315944881887 -0.025550565944881892 -0.015394315944881887 0.0 12.1640625 0.0 0.0 22.85546875 0.0 12.09375 0.0 0.0 25.34375 0.0 12.1640625 0.0 0.0 25.7265625 0.0 12.1640625 0.0 0.0 23.62109375 0.0 5.7673492431640625
154680861573 -0.031496062992125984 -0.0078125 0.0 0.025550565944881892 0.015394315944881887 -0.025550565944881892 -0.015394315944881887 0.0 12.19921875 0.0 0.0 23.62109375 0.0 11.98828125 0.0 0.0 25.34375 0.0 12.26953125 0.0 0.0 25.53515625 0.0 12.1640625 0.0 0.0 23.046875 0.0 5.7673492431640625
154680861759 -0.031496062992125984 -0.0078125 0.0 0.025550565944881892 0.015394315944881887 -0.025550565944881892 -0.015394315944881887 0.0 12.09375 0.0 0.0 22.85546875 0.0 12.05859375 0.0 0.0 26.68359375 0.0 12.3046875 0.0 0.0 25.91796875 0.0 12.19921875 0.0 0.0 23.23828125 0.0 5.7673492431640625
154680861934 -0.031496062992125984 -0.0078125 0.0 0.025550565944881892 0.015394315944881887 -0.025550565944881892 -0.015394315944881887 0.0 12.19921875 0.0 0.0 23.046875 0.0 12.12890625 0.0 0.0 25.34375 0.0 12.19921875 0.0 0.0 25.91796875 0.0 12.1640625 0.0 0.0 22.85546875 0.0 5.7673492431640625
154680862120 -0.031496062992125984 -0.0078125 0.0 0.025550565944881892 0.015394315944881887 -0.025550565944881892 -0.015394315944881887 0.0 12.19921875 0.0 0.0 23.4296875 0.0 12.0234375 0.0 0.0 25.53515625 0.0 12.234375 0.0 0.0 25.34375 0.0 12.234375 0.0 0.0 23.62109375 0.0 5.757568359375
154680862306 -0.031496062992125984 -0.0078125 0.0 0.025550565944881892 0.015394315944881887 -0.025550565944881892 -0.015394315944881887 0.0 12.12890625 0.0 0.0 23.62109375 0.0 12.09375 0.0 0.0 26.30078125 0.0 12.19921875 0.0 0.0 25.15234375 0.0 12.19921875 0.0 0.0 23.62109375 0.0 5.7673492431640625
154680862566 -0.031496062992125984 -0.0078125 0.0 0.025550565944881892 0.015394315944881887 -0.025550565944881892 -0.015394315944881887 0.0 12.234375 0.0 0.0 23.23828125 0.0 12.12890625 0.0 0.0 26.109375 0.0 12.19921875 0.0 0.0 26.109375 0.0 12.09375 0.0 0.0 23.23828125 0.0 5.7673492431640625
154680862742 -0.031496062992125984 -0.0078125 0.0 0.025550565944881892 0.015394315944881887 -0.025550565944881892 -0.015394315944881887 0.0 12.19921875 0.0 0.0 23.62109375 0.0 12.05859375 0.0 0.0 25.7265625 0.0 12.3046875 0.0 0.0 25.7265625 0.0 12.1640625 0.0 0.0 23.046875 0.0 5.7673492431640625
154680862920 -0.031496062992125984 -0.0078125 0.0 0.025550565944881892 0.015394315944881887 -0.025550565944881892 -0.015394315944881887 0.0 12.19921875 0.0 0.0 23.046875 0.0 12.12890625 0.0 0.0 25.53515625 0.0 12.1640625 0.0 0.0 25.53515625 0.0 12.1640625 0.0 0.0 23.046875 0.0 5.7771148681640625
154680863113 -0.031496062992125984 -0.0078125 0.0 0.025550565944881892 0.015394315944881887 -0.025550565944881892 -0.015394315944881887 0.0 12.19921875 0.0 0.0 24.38671875 0.0 12.09375 0.0 0.0 25.34375 0.0 12.234375 0.0 0.0 25.7265625 0.0 12.12890625 0.0 0.0 22.6640625 0.0 5.7673492431640625
154680863293 -0.031496062992125984 -0.0078125 0.0 0.025550565944881892 0.015394315944881887 -0.025550565944881892 -0.015394315944881887 0.0 12.19921875 0.0 0.0 23.62109375 0.0 12.09375 0.0 0.0 25.7265625 0.0 12.1640625 0.0 0.0 25.34375 0.0 12.1640625 0.0 0.0 22.85546875 0.0 5.7673492431640625
154680863482 -0.031496062992125984 -0.0078125 0.0 0.025550565944881892 0.015394315944881887 -0.025550565944881892 -0.015394315944881887 0.0 12.19921875 0.0 0.0 22.6640625 0.0 11.98828125 0.0 0.0 25.7265625 0.0 12.26953125 0.0 0.0 25.7265625 0.0 12.1640625 0.0 0.0 23.8125 0.0 5.7673492431640625
154680863668 -0.031496062992125984 -0.0078125 0.0 0.025550565944881892 0.015394315944881887 -0.025550565944881892 -0.015394315944881887 0.0 12.19921875 0.0 0.0 22.6640625 0.0 12.12890625 0.0 0.0 25.53515625 0.0 12.26953125 0.0 0.0 25.53515625 0.0 12.234375 0.0 0.0 23.4296875 0.0 5.7673492431640625
154680863858 -0.031496062992125984 -0.0078125 0.0 0.025550565944881892 0.015394315944881887 -0.025550565944881892 -0.015394315944881887 0.0 12.1640625 0.0 0.0 22.85546875 0.0 12.09375 0.0 0.0 24.578125 0.0 12.1640625 0.0 0.0 25.53515625 0.0 12.12890625 0.0 0.0 23.62109375 0.0 5.7771148681640625
154680864044 -0.031496062992125984 -0.0078125 0.0 0.025550565944881892 0.015394315944881887 -0.025550565944881892 -0.015394315944881887 0.0 12.19921875 0.0 0.0 23.046875 0.0 12.0234375 0.0 0.0 25.7265625 0.0 12.26953125 0.0 0.0 25.7265625 0.0 12.234375 0.0 0.0 23.23828125 0.0 5.7771148681640625
154680864224 -0.031496062992125984 -0.0078125 0.0 0.025550565944881892 0.015394315944881887 -0.025550565944881892 -0.015394315944881887 0.0 12.19921875 0.0 0.0 22.6640625 0.0 12.09375 0.0 0.0 25.7265625 0.0 12.1640625 0.0 0.0 25.53515625 0.0 12.515625 0.0 0.0 23.62109375 0.0 5.7771148681640625
154680864413 -0.031496062992125984 -0.0078125 0.0 0.025550565944881892 0.015394315944881887 -0.025550565944881892 -0.015394315944881887 0.0 12.55078125 0.0 0.0 23.046875 0.0 12.4453125 0.0 0.0 25.91796875 0.0 12.62109375 0.0 0.0 25.7265625 0.0 12.5859375 0.0 0.0 23.4296875 0.0 5.7673492431640625
154680864597 -0.031496062992125984 -0.0078125 0.0 0.025550565944881892 0.015394315944881887 -0.025550565944881892 -0.015394315944881887 0.0 12.5859375 0.0 0.0 22.85546875 0.0 12.48046875 0.0 0.0 25.91796875 0.0 12.65625 0.0 0.0 25.53515625 0.0 12.5859375 0.0 0.0 23.046875 0.0 5.7673492431640625
154680864779 -0.031496062992125984 -0.0078125 0.0 0.025550565944881892 0.015394315944881887 -0.025550565944881892 -0.015394315944881887 0.0 12.5859375 0.0 0.0 22.85546875 0.0 12.48046875 0.0 0.0 25.91796875 0.0 12.65625 0.0 0.0 25.91796875 0.0 12.62109375 0.0 0.0 23.4296875 0.0 5.757568359375
154680864960 -0.031496062992125984 -0.0078125 0.0 0.025550565944881892 0.015394315944881887 -0.025550565944881892 -0.015394315944881887 0.0 12.5859375 0.0 0.0 23.4296875 0.0 12.48046875 0.0 0.0 25.91796875 0.0 12.69140625 0.0 0.0 25.7265625 0.0 12.62109375 0.0 0.0 23.8125 0.0 5.7771148681640625
154680865147 -0.031496062992125984 -0.0078125 0.0 0.025550565944881892 0.015394315944881887 -0.025550565944881892 -0.015394315944881887 0.0 12.5859375 0.0 0.0 22.85546875 0.0 12.48046875 0.0 0.0 25.53515625 0.0 12.65625 0.0 0.0 25.7265625 0.0 12.62109375 0.0 0.0 23.8125 0.0 5.757568359375
154680865332 -0.031496062992125984 -0.0078125 0.0 0.025550565944881892 0.015394315944881887 -0.025550565944881892 -0.015394315944881887 0.0 12.62109375 0.0 0.0 23.62109375 0.0 12.515625 0.0 0.0 25.7265625 0.0 12.69140625 0.0 0.0 26.30078125 0.0 12.62109375 0.0 0.0 23.4296875 0.0 5.7673492431640625
154680865533 -0.031496062992125984 -0.0078125 0.0 0.025550565944881892 0.015394315944881887 -0.025550565944881892 -0.015394315944881887 0.0 12.62109375 0.0 0.0 23.046875 0.0 12.515625 0.0 0.0 25.7265625 0.0 12.4453125 0.0 0.0 25.34375 0.0 11.53125 0.0 0.0 23.4296875 0.0 5.6402587890625
S: 154680865398 Fired
154680865713 -0.031496062992125984 -0.0078125 0.0 0.025550565944881892 0.015394315944881887 -0.025550565944881892 -0.015394315944881887 0.0 10.96875 0.0 0.0 23.046875 0.0 10.93359375 0.0 0.0 25.7265625 -4.4182891845703125 11.0390625 0.0 0.0 25.7265625 0.0 11.109375 0.0 0.0 23.62109375 0.0 4.760498046875
154680865885 -0.031496062992125984 -0.0078125 0.0 0.025550565944881892 0.015394315944881887 -0.025550565944881892 -0.015394315944881887 0.0 9.4921875 0.0 0.0 22.47265625 0.0 8.89453125 0.0 0.0 24.9609375 -13.473251342773438 11.63671875 0.0 0.0 25.53515625 0.0 11.98828125 0.0 0.0 23.62109375 0.0 4.7800445556640625
154680866059 -0.031496062992125984 -0.0078125 0.0 0.025550565944881892 0.015394315944881887 -0.025550565944881892 -0.015394315944881887 0.0 12.375 0.0 0.0 23.62109375 0.0 12.3046875 0.0 0.0 25.7265625 -2.869110107421875 12.48046875 0.0 0.0 25.34375 0.0 12.4453125 0.0 0.0 23.046875 0.0 5.4056549072265625
154680866219 -0.031496062992125984 -0.0078125 0.0 0.025550565944881892 0.015394315944881887 -0.025550565944881892 -0.015394315944881887 0.0 12.4453125 0.0 0.0 23.4296875 0.0 12.19921875 0.0 0.0 25.91796875 3.40789794921875 12.375 0.0 0.0 25.34375 0.0 12.3046875 0.0 0.0 23.4296875 0.0 5.669586181640625
154680866393 -0.031496062992125984 -0.0078125 0.0 0.025550565944881892 0.015394315944881887 -0.025550565944881892 -0.015394315944881887 0.0 12.3046875 0.0 0.0 22.6640625 0.0 12.26953125 0.0 0.0 25.15234375 0.0 12.4453125 0.0 0.0 25.34375 0.0 12.515625 0.0 0.0 23.4296875 0.0 5.8064422607421875
154680866568 -0.031496062992125984 -0.0078125 0.0 0.025550565944881892 0.015394315944881887 -0.025550565944881892 -0.015394315944881887 0.0 12.515625 0.0 0.0 23.4296875 0.0 12.41015625 0.0 0.0 25.53515625 0.0 12.5859375 0.0 0.0 25.34375 0.0 12.5859375 0.0 0.0 23.62109375 0.0 5.7184600830078125
154680866756 -0.031496062992125984 -0.0078125 0.0 0.025550565944881892 0.015394315944881887 -0.025550565944881892 -0.015394315944881887 0.0 12.55078125 0.0 0.0 23.4296875 0.0 12.4453125 0.0 0.0 25.53515625 0.0 12.62109375 0.0 0.0 25.34375 0.0 12.5859375 0.0 0.0 23.4296875 0.0 5.6793670654296875
154680866939 -0.031496062992125984 -0.0078125 0.0 0.025550565944881892 0.015394315944881887 -0.025550565944881892 -0.015394315944881887 0.0 12.55078125 0.0 0.0 22.85546875 0.0 12.4453125 0.0 0.0 26.30078125 0.0 12.65625 0.0 0.0 24.9609375 0.0 12.5859375 0.0 0.0 23.046875 0.0 5.6402587890625
154680867126 -0.031496062992125984 -0.0078125 0.0 0.025550565944881892 0.015394315944881887 -0.025550565944881892 -0.015394315944881887 0.0 12.5859375 0.0 0.0 23.046875 0.0 12.48046875 0.0 0.0 25.7265625 0.0 12.65625 0.0 0.0 25.15234375 0.0 12.62109375 0.0 0.0 23.23828125 0.0 5.6109466552734375
154680867314 -0.031496062992125984 -0.0078125 0.0 0.025550565944881892 0.015394315944881887 -0.025550565944881892 -0.015394315944881887 0.0 12.5859375 0.0 0.0 23.046875 0.0 12.48046875 0.0 0.0 25.7265625 0.0 12.65625 0.0 0.0 25.7265625 0.0 12.62109375 0.0 0.0 23.62109375 0.0 5.57183837890625
154680867499 -0.031496062992125984 -0.0078125 0.0 0.025550565944881892 0.015394315944881887 -0.025550565944881892 -0.015394315944881887 0.0 12.5859375 0.0 0.0 23.4296875 0.0 12.48046875 0.0 0.0 26.109375 0.0 12.69140625 0.0 0.0 25.7265625 0.0 12.62109375 0.0 0.0 23.8125 0.0 5.542510986328125
154680867686 -0.031496062992125984 -0.0078125 0.0 0.025550565944881892 0.015394315944881887 -0.025550565944881892 -0.015394315944881887 0.0 12.5859375 0.0 0.0 23.4296875 0.0 12.515625 0.0 0.0 25.7265625 0.0 12.65625 0.0 0.0 26.109375 0.0 12.62109375 0.0 0.0 23.4296875 0.0 5.51318359375
154680867867 -0.031496062992125984 -0.0078125 0.0 0.025550565944881892 0.015394315944881887 -0.025550565944881892 -0.015394315944881887 0.0 12.62109375 0.0 0.0 22.85546875 0.0 12.515625 0.0 0.0 25.7265625 0.0 12.69140625 0.0 0.0 26.109375 0.0 12.62109375 0.0 0.0 23.62109375 0.0 5.483856201171875
154680868053 -0.031496062992125984 -0.0078125 0.0 0.025550565944881892 0.015394315944881887 -0.025550565944881892 -0.015394315944881887 0.0 12.62109375 0.0 0.0 22.85546875 0.0 12.515625 0.0 0.0 25.7265625 0.0 12.69140625 0.0 0.0 26.109375 0.0 12.65625 0.0 0.0 23.62109375 0.0 5.4545440673828125
154680868234 -0.031496062992125984 -0.0078125 0.0 0.025550565944881892 0.015394315944881887 -0.025550565944881892 -0.015394315944881887 0.0 12.62109375 0.0 0.0 23.4296875 0.0 12.515625 0.0 0.0 25.91796875 0.0 12.69140625 0.0 0.0 25.53515625 0.0 12.65625 0.0 0.0 22.85546875 0.0 5.4349822998046875
154680868401 -0.031496062992125984 -0.0078125 0.0 0.025550565944881892 0.015394315944881887 -0.025550565944881892 -0.015394315944881887 0.0 12.62109375 0.0 0.0 22.85546875 0.0 12.515625 0.0 0.0 25.15234375 0.0 12.69140625 0.0 0.0 25.53515625 0.0 12.65625 0.0 0.0 23.046875 0.0 5.415435791015625
154680868607 -0.031496062992125984 -0.0078125 0.0 0.025550565944881892 0.015394315944881887 -0.025550565944881892 -0.015394315944881887 0.0 12.62109375 0.0 0.0 22.85546875 0.0 12.515625 0.0 0.0 25.34375 0.0 12.7265625 0.0 0.0 25.7265625 0.0 12.65625 0.0 0.0 23.4296875 0.0 5.3861083984375
154680868795 -0.031496062992125984 -0.0078125 0.0 0.025550565944881892 0.015394315944881887 -0.025550565944881892 -0.015394315944881887 0.0 12.62109375 0.0 0.0 23.8125 0.0 12.515625 0.0 0.0 25.15234375 0.0 12.69140625 0.0 0.0 25.7265625 0.0 12.65625 0.0 0.0 23.046875 0.0 5.3861083984375
154680868973 -0.031496062992125984 -0.0078125 0.0 0.025550565944881892 0.015394315944881887 -0.025550565944881892 -0.015394315944881887 0.0 12.65625 0.0 0.0 23.046875 0.0 12.55078125 0.0 0.0 24.76953125 0.0 12.69140625 0.0 0.0 25.7265625 0.0 12.65625 0.0 0.0 23.62109375 0.0 5.3958892822265625
154680869152 -0.031496062992125984 -0.0078125 0.0 0.025550565944881892 0.015394315944881887 -0.025550565944881892 -0.015394315944881887 0.0 12.62109375 0.0 0.0 23.4296875 0.0 12.55078125 0.0 0.0 25.7265625 0.0 12.7265625 0.0 0.0 26.109375 0.0 12.69140625 0.0 0.0 23.62109375 0.0 5.3861083984375
154680869338 -0.031496062992125984 -0.0078125 0.0 0.025550565944881892 0.015394315944881887 -0.025550565944881892 -0.015394315944881887 0.0 12.65625 0.0 0.0 22.85546875 0.0 12.55078125 0.0 0.0 26.4921875 0.0 12.69140625 0.0 0.0 25.7265625 0.0 12.69140625 0.0 0.0 23.62109375 0.0 5.3861083984375
154680869513 -0.031496062992125984 -0.0078125 0.0 0.025550565944881892 0.015394315944881887 -0.025550565944881892 -0.015394315944881887 0.0 12.65625 0.0 0.0 22.6640625 0.0 12.55078125 0.0 0.0 25.53515625 0.0 12.7265625 0.0 0.0 25.53515625 0.0 12.65625 0.0 0.0 23.62109375 0.0 5.3861083984375
154680869693 -0.031496062992125984 -0.0078125 0.0 0.025550565944881892 0.015394315944881887 -0.025550565944881892 -0.015394315944881887 0.0 12.65625 0.0 0.0 23.046875 0.0 12.55078125 0.0 0.0 25.15234375 0.0 12.7265625 0.0 0.0 25.15234375 0.0 12.69140625 0.0 0.0 24.578125 0.0 5.3861083984375
154680869874 -0.031496062992125984 -0.0078125 0.0 0.025550565944881892 0.015394315944881887 -0.025550565944881892 -0.015394315944881887 0.0 12.65625 0.0 0.0 22.47265625 0.0 12.55078125 0.0 0.0 26.30078125 0.0 12.7265625 0.0 0.0 25.53515625 0.0 12.69140625 0.0 0.0 23.4296875 0.0 5.3958892822265625
154680870055 -0.031496062992125984 -0.0078125 0.0 0.025550565944881892 0.015394315944881887 -0.025550565944881892 -0.015394315944881887 0.0 12.65625 0.0 0.0 23.046875 0.0 12.55078125 0.0 0.0 25.91796875 0.0 12.7265625 0.0 0.0 26.30078125 0.0 12.69140625 0.0 0.0 24.00390625 0.0 5.3861083984375
154680870243 -0.031496062992125984 -0.0078125 0.0 0.025550565944881892 0.015394315944881887 -0.025550565944881892 -0.015394315944881887 0.0 12.69140625 0.0 0.0 23.62109375 0.0 12.55078125 0.0 0.0 25.91796875 0.0 12.19921875 0.0 0.0 25.53515625 0.0 11.53125 0.0 0.0 23.4296875 0.0 5.2492523193359375
S: 154680870128 Fired
154680870433 -0.031496062992125984 -0.0078125 0.0 0.025550565944881892 0.015394315944881887 -0.025550565944881892 -0.015394315944881887 0.0 11.4609375 0.0 0.0 22.47265625 0.0 11.84765625 0.0 0.0 24.9609375 -3.621795654296875 11.98828125 0.0 0.0 25.91796875 0.0 11.4609375 0.0 0.0 23.62109375 0.0 4.69207763671875
154680870603 -0.031496062992125984 -0.0078125 0.0 0.025550565944881892 0.015394315944881887 -0.025550565944881892 -0.015394315944881887 0.0 12.19921875 0.0 0.0 22.08984375 0.0 12.515625 0.0 0.0 25.53515625 -16.596710205078125 12.69140625 0.0 0.0 25.91796875 0.0 12.5859375 0.0 0.0 23.4296875 0.0 5.4349822998046875
154680870779 -0.031496062992125984 -0.0078125 0.0 0.025550565944881892 0.015394315944881887 -0.025550565944881892 -0.015394315944881887 0.0 12.515625 0.0 0.0 23.23828125 0.0 12.33984375 0.0 0.0 25.7265625 0.0 12.48046875 0.0 0.0 25.53515625 0.0 12.41015625 0.0 0.0 22.85546875 0.0 5.7673492431640625
154680870960 -0.031496062992125984 -0.0078125 0.0 0.025550565944881892 0.015394315944881887 -0.025550565944881892 -0.015394315944881887 0.0 12.375 0.0 0.0 23.046875 0.0 12.48046875 0.0 0.0 25.7265625 0.0 12.65625 0.0 0.0 25.7265625 0.0 12.62109375 0.0 0.0 23.4296875 0.0 5.7771148681640625
154680871133 -0.031496062992125984 -0.0078125 0.0 0.025550565944881892 0.015394315944881887 -0.025550565944881892 -0.015394315944881887 0.0 12.62109375 0.0 0.0 23.23828125 0.0 12.48046875 0.0 0.0 25.91796875 0.0 12.69140625 0.0 0.0 25.34375 0.0 12.62109375 0.0 0.0 23.4296875 0.0 5.68914794921875
154680871333 -0.031496062992125984 -0.0078125 0.0 0.025550565944881892 0.015394315944881887 -0.025550565944881892 -0.015394315944881887 0.0 12.62109375 0.0 0.0 23.62109375 0.0 12.515625 0.0 0.0 24.9609375 0.0 12.69140625 0.0 0.0 25.91796875 0.0 12.65625 0.0 0.0 22.85546875 0.0 5.6500396728515625
154680871521 -0.031496062992125984 -0.0078125 0.0 0.025550565944881892 0.015394315944881887 -0.025550565944881892 -0.015394315944881887 0.0 12.65625 0.0 0.0 23.4296875 0.0 12.515625 0.0 0.0 25.91796875 0.0 12.7265625 0.0 0.0 25.7265625 0.0 12.65625 0.0 0.0 23.4296875 0.0 5.6109466552734375
154680871714 -0.031496062992125984 -0.0078125 0.0 0.025550565944881892 0.015394315944881887 -0.025550565944881892 -0.015394315944881887 0.0 12.62109375 0.0 0.0 23.23828125 0.0 12.515625 0.0 0.0 25.15234375 0.0 12.7265625 0.0 0.0 25.91796875 0.0 12.65625 0.0 0.0 23.4296875 0.0 5.5816192626953125
154680871893 -0.031496062992125984 -0.0078125 0.0 0.025550565944881892 0.015394315944881887 -0.025550565944881892 -0.015394315944881887 0.0 12.65625 0.0 0.0 23.23828125 0.0 12.55078125 0.0 0.0 25.34375 0.0 12.7265625 0.0 0.0 25.91796875 0.0 12.69140625 0.0 0.0 23.4296875 0.0 5.5522918701171875
154680872073 -0.031496062992125984 -0.0078125 0.0 0.025550565944881892 0.015394315944881887 -0.025550565944881892 -0.015394315944881887 0.0 12.65625 0.0 0.0 23.62109375 0.0 12.55078125 0.0 0.0 25.53515625 0.0 12.7265625 0.0 0.0 25.34375 0.0 12.69140625 0.0 0.0 23.4296875 0.0 5.5229644775390625
154680872256 -0.031496062992125984 -0.0078125 0.0 0.025550565944881892 0.015394315944881887 -0.025550565944881892 -0.015394315944881887 0.0 12.65625 0.0 0.0 23.046875 0.0 12.55078125 0.0 0.0 24.76953125 0.0 12.7265625 0.0 0.0 25.7265625 0.0 12.69140625 0.0 0.0 22.85546875 0.0 5.4936370849609375
154680872434 -0.031496062992125984 -0.0078125 0.0 0.025550565944881892 0.015394315944881887 -0.025550565944881892 -0.015394315944881887 0.0 12.65625 0.0 0.0 22.28125 0.0 12.55078125 0.0 0.0 25.7265625 0.0 12.7265625 0.0 0.0 25.91796875 0.0 12.69140625 0.0 0.0 23.4296875 0.0 5.4643096923828125
154680872613 -0.031496062992125984 -0.0078125 0.0 0.025550565944881892 0.015394315944881887 -0.025550565944881892 -0.015394315944881887 0.0 12.65625 0.0 0.0 22.6640625 0.0 12.55078125 0.0 0.0 25.53515625 0.0 12.7265625 0.0 0.0 25.91796875 0.0 12.69140625 0.0 0.0 23.62109375 0.0 5.44476318359375
154680872801 -0.031496062992125984 -0.0078125 0.0 0.025550565944881892 0.015394315944881887 -0.025550565944881892 -0.015394315944881887 0.0 12.65625 0.0 0.0 23.8125 0.0 12.55078125 0.0 0.0 25.91796875 0.0 12.7265625 0.0 0.0 25.7265625 0.0 12.69140625 0.0 0.0 23.4296875 0.0 5.415435791015625
154680872984 -0.031496062992125984 -0.0078125 0.0 0.025550565944881892 0.015394315944881887 -0.025550565944881892 -0.015394315944881887 0.0 12.69140625 0.0 0.0 22.85546875 0.0 12.55078125 0.0 0.0 26.68359375 0.0 12.7265625 0.0 0.0 25.53515625 0.0 12.69140625 0.0 0.0 23.8125 0.0 5.3958892822265625
154680873175 -0.031496062992125984 -0.0078125 0.0 0.025550565944881892 0.015394315944881887 -0.025550565944881892 -0.015394315944881887 0.0 12.69140625 0.0 0.0 23.23828125 0.0 12.55078125 0.0 0.0 25.53515625 0.0 12.7265625 0.0 0.0 25.34375 0.0 12.69140625 0.0 0.0 23.23828125 0.0 5.3958892822265625
154680873473 -0.031496062992125984 -0.0078125 0.0 0.025550565944881892 0.015394315944881887 -0.025550565944881892 -0.015394315944881887 0.0 12.65625 0.0 0.0 23.62109375 0.0 12.55078125 0.0 0.0 25.34375 0.0 12.7265625 0.0 0.0 25.53515625 0.0 12.69140625 0.0 0.0 23.62109375 0.0 5.3861083984375
154680873654 -0.031496062992125984 -0.0078125 0.0 0.025550565944881892 0.015394315944881887 -0.025550565944881892 -0.015394315944881887 0.0 12.69140625 0.0 0.0 23.046875 0.0 12.55078125 0.0 0.0 26.4921875 0.0 12.76171875 0.0 0.0 25.7265625 0.0 12.69140625 0.0 0.0 23.8125 0.0 5.3861083984375
154680873834 -0.031496062992125984 -0.0078125 0.0 0.025550565944881892 0.015394315944881887 -0.025550565944881892 -0.015394315944881887 0.0 12.65625 0.0 0.0 22.85546875 0.0 12.55078125 0.0 0.0 25.91796875 0.0 12.76171875 0.0 0.0 25.7265625 0.0 12.7265625 0.0 0.0 23.23828125 0.0 5.3861083984375
154680874001 -0.031496062992125984 -0.0078125 0.0 0.025550565944881892 0.015394315944881887 -0.025550565944881892 -0.015394315944881887 0.0 12.69140625 0.0 0.0 23.046875 0.0 12.5859375 0.0 0.0 26.68359375 0.0 12.76171875 0.0 0.0 25.53515625 0.0 12.69140625 0.0 0.0 23.4296875 0.0 5.3958892822265625
154680874181 -0.031496062992125984 -0.0078125 0.0 0.025550565944881892 0.015394315944881887 -0.025550565944881892 -0.015394315944881887 0.0 12.69140625 0.0 0.0 24.38671875 0.0 12.55078125 0.0 0.0 26.109375 0.0 12.76171875 0.0 0.0 25.7265625 0.0 12.69140625 0.0 0.0 23.4296875 0.0 5.3958892822265625
154680874338 -0.031496062992125984 -0.0078125 0.0 0.025550565944881892 0.015394315944881887 -0.025550565944881892 -0.015394315944881887 0.0 12.69140625 0.0 0.0 23.046875 0.0 12.5859375 0.0 0.0 26.109375 0.0 12.76171875 0.0 0.0 25.7265625 0.0 12.69140625 0.0 0.0 22.6640625 0.0 5.3861083984375
