Timestamp Driver_Joy_Y Driver_Joy_X Driver_Joy_W FL_Out BL_Out BR_Out FR_Out FL_Jag_Speed FL_Bus_Voltage FL_Out_Voltage FL_Out_Current FL_Temp BL_Jag_Speed BL_Bus_Voltage BL_Out_Voltage BL_Out_Current BL_Temp BR_Jag_Speed BR_Bus_Voltage BR_Out_Voltage BR_Out_Current BR_Temp FR_Jag_Speed FR_Bus_Voltage FR_Out_Voltage FR_Out_Current FR_Temp
154512064305 -0.0 0.0 0.0 0.0 0.0 -0.0 -0.0 0.0 12.8671875 0.0 0.0 23.4296875 0.0 12.76171875 0.0 0.0 26.30078125 0.0 12.9375 0.0 0.0 25.7265625 0.0 12.90234375 0.0 0.0 23.8125 0.0 5.786895751953125
154512064458 -0.0 0.0 0.0 0.0 0.0 -0.0 -0.0 0.0 12.90234375 0.0 0.0 23.62109375 0.0 12.796875 0.0 0.0 26.30078125 0.0 12.9375 0.0 0.0 26.4921875 0.0 12.90234375 0.0 0.0 24.578125 0.0 5.786895751953125
154512064613 -0.0 0.0 0.0 0.0 0.0 -0.0 -0.0 0.0 12.8671875 0.0 0.0 24.00390625 0.0 12.76171875 0.0 0.0 26.4921875 0.0 12.97265625 0.0 0.0 26.4921875 0.0 12.90234375 0.0 0.0 24.1953125 0.0 5.796661376953125
154512064763 -0.0 0.0 0.0 0.0 0.0 -0.0 -0.0 0.0 12.8671875 0.0 0.0 24.1953125 0.0 12.76171875 0.0 0.0 26.4921875 0.0 12.9375 0.0 0.0 26.109375 0.0 12.90234375 0.0 0.0 23.8125 0.0 5.796661376953125
154512064918 -0.0 0.0 0.0 0.0 0.0 -0.0 -0.0 0.0 12.8671875 0.0 0.0 23.8125 0.0 12.76171875 0.0 0.0 26.875 0.0 12.9375 0.0 0.0 26.109375 0.0 12.90234375 0.0 0.0 24.00390625 0.0 5.796661376953125
154512065078 -0.0 0.0 0.0 0.0 0.0 -0.0 -0.0 0.0 12.8671875 0.0 0.0 23.8125 0.0 12.76171875 0.0 0.0 26.109375 0.0 12.97265625 0.0 0.0 26.109375 0.0 12.90234375 0.0 0.0 23.4296875 0.0 5.786895751953125
154512065239 -0.0 0.0 0.0 0.0 0.0 -0.0 -0.0 0.0 12.8671875 0.0 0.0 23.4296875 0.0 12.76171875 0.0 0.0 26.68359375 0.0 12.9375 0.0 0.0 26.30078125 0.0 12.90234375 0.0 0.0 23.8125 0.0 5.7771148681640625
154512065396 -0.0 0.0 0.0 0.0 0.0 -0.0 -0.0 0.0 12.8671875 0.0 0.0 24.38671875 0.0 12.76171875 0.0 0.0 26.4921875 0.0 12.97265625 0.0 0.0 26.4921875 0.0 12.90234375 0.0 0.0 24.38671875 0.0 5.8064422607421875
154512065552 -0.0 0.0 0.0 0.0 0.0 -0.0 -0.0 0.0 12.90234375 0.0 0.0 24.00390625 0.0 12.76171875 0.0 0.0 26.68359375 0.0 12.9375 0.0 0.0 26.68359375 0.0 12.90234375 0.0 0.0 24.00390625 0.0 5.786895751953125
154512065724 -0.0 0.0 0.0 0.0 0.0 -0.0 -0.0 0.0 12.8671875 0.0 0.0 24.00390625 0.0 12.76171875 0.0 0.0 26.68359375 0.0 12.9375 0.0 0.0 25.91796875 0.0 12.90234375 0.0 0.0 24.1953125 0.0 5.786895751953125
154512065899 -0.0 0.0 0.0 -0.5000000000000001 -0.49999999999999994 0.5000000000000001 0.49999999999999994 0.0 11.70703125 -5.85546875 24.62890625 23.23828125 0.0 10.58203125 -5.50390625 19.375 26.68359375 104.9381103515625 10.8984375 5.62109375 13.9921875 25.7265625 0.0 10.40625 5.26953125 31.1953125 23.23828125 0.0 5.786895751953125
154512066094 -0.0 0.0 0.0 -0.5000000000000001 -0.49999999999999994 0.5000000000000001 0.49999999999999994 4.0816497802734375 11.35546875 -5.6796875 26.9921875 23.62109375 0.0 11.35546875 -5.625 20.55859375 24.76953125 156.25634765625 11.35546875 5.515625 16.6171875 25.91796875 0.0 11.4609375 5.7265625 15.3046875 23.62109375 0.0 5.757568359375
154512066380 -0.0 0.0 0.0 -0.5000000000000001 -0.49999999999999994 0.5000000000000001 0.49999999999999994 0.0 11.8125 -5.8359375 19.11328125 23.62109375 0.0 11.8125 -5.8203125 16.35546875 25.53515625 180.69737243652344 11.671875 5.796875 11.62890625 26.109375 0.0 11.77734375 5.90234375 12.546875 24.38671875 0.0 5.786895751953125
154512066572 -0.0 0.0 0.0 -0.5000000000000001 -0.49999999999999994 0.5000000000000001 0.49999999999999994 -6.4609832763671875 12.1640625 -6.03125 10.4453125 23.8125 0.0 12.55078125 -6.08203125 14.125 25.91796875 226.96377563476562 11.953125 6.0078125 6.640625 26.30078125 0.0 11.8828125 5.921875 10.4453125 23.8125 0.0 5.786895751953125
154512066773 -0.0 0.0 0.0 -0.5000000000000001 -0.49999999999999994 0.5000000000000001 0.49999999999999994 -59.760955810546875 12.3046875 -6.1171875 7.69140625 24.1953125 0.0 12.515625 -6.2421875 11.49609375 25.34375 223.65892028808594 12.1640625 6.04296875 6.24609375 26.109375 0.0 12.0234375 6.078125 6.640625 24.38671875 0.0 5.796661376953125
154512066959 -0.0 0.0 0.0 -0.5000000000000001 -0.49999999999999994 0.5000000000000001 0.49999999999999994 -98.46910095214844 12.33984375 -6.1875 5.71875 24.00390625 0.0 12.55078125 -6.3125 7.55859375 25.91796875 272.0702819824219 12.3046875 6.078125 5.71875 25.91796875 0.0 12.05859375 6.0625 7.296875 23.62109375 0.0 5.786895751953125
154512067155 -0.0 0.0 0.0 -0.5000000000000001 -0.49999999999999994 0.5000000000000001 0.49999999999999994 -14.619659423828125 12.33984375 -6.15234375 6.375 24.578125 0.0 12.65625 -6.29296875 8.08203125 27.640625 190.3062744140625 12.26953125 6.1484375 5.45703125 26.30078125 0.0 12.1640625 6.0625 6.90234375 24.00390625 0.0 5.786895751953125
154512067325 -0.0 0.0 0.0 -0.5000000000000001 -0.49999999999999994 0.5000000000000001 0.49999999999999994 56.94203186035156 12.0234375 -6.03125 5.45703125 24.00390625 0.0 12.62109375 -6.3125 6.375 26.109375 223.398681640625 12.12890625 6.11328125 5.8515625 26.4921875 0.0 12.12890625 6.1328125 5.58984375 24.1953125 0.0 5.786895751953125
154512067504 -0.0 0.0 0.0 -0.5000000000000001 -0.49999999999999994 0.5000000000000001 0.49999999999999994 -19.728729248046875 12.375 -6.1875 5.1953125 23.4296875 0.0 12.65625 -6.3125 5.58984375 25.53515625 229.21267700195312 12.1640625 6.1328125 5.8515625 25.34375 0.0 12.234375 6.078125 6.24609375 23.8125 0.0 5.786895751953125
154512067692 -0.0 0.0 0.0 -0.5000000000000001 -0.49999999999999994 0.5000000000000001 0.49999999999999994 58.46795654296875 12.41015625 -6.171875 5.32421875 23.4296875 0.0 12.62109375 -6.29296875 8.609375 25.34375 231.7860870361328 12.3046875 6.1484375 5.1953125 26.109375 0.0 12.234375 6.11328125 5.58984375 23.8125 0.0 5.786895751953125
154512067885 -0.0 0.0 0.0 -0.5000000000000001 -0.49999999999999994 0.5000000000000001 0.49999999999999994 -12.4656982421875 12.41015625 -6.22265625 4.40625 23.4296875 0.0 12.62109375 -6.3125 6.11328125 26.109375 195.60897827148438 12.234375 6.16796875 4.80078125 25.91796875 0.0 12.26953125 6.09765625 5.8515625 23.8125 0.0 5.7771148681640625
154512068088 -0.0 0.0 0.0 -0.5000000000000001 -0.49999999999999994 0.5000000000000001 0.49999999999999994 64.9427490234375 12.4453125 -6.22265625 5.0625 23.62109375 0.0 12.62109375 -6.328125 6.375 26.30078125 237.5355682373047 12.26953125 6.1328125 4.93359375 26.109375 0.0 12.26953125 6.09765625 5.58984375 23.4296875 0.0 5.786895751953125
154512068267 -0.0 0.0 0.0 -0.5000000000000001 -0.49999999999999994 0.5000000000000001 0.49999999999999994 -3.993072509765625 12.41015625 -6.22265625 4.80078125 23.62109375 0.0 12.62109375 -6.3125 5.8515625 26.4921875 266.14915466308594 12.33984375 6.1328125 5.58984375 25.91796875 0.0 12.26953125 6.11328125 5.45703125 23.23828125 0.0 5.796661376953125
154512068445 -0.0 0.0 0.0 -0.5000000000000001 -0.49999999999999994 0.5000000000000001 0.49999999999999994 30.482711791992188 12.41015625 -6.20703125 4.66796875 23.4296875 0.0 12.65625 -6.29296875 5.58984375 26.4921875 266.8705139160156 12.33984375 6.1484375 5.32421875 26.4921875 0.0 12.26953125 6.1484375 4.80078125 23.046875 0.0 5.796661376953125
154512068614 -0.0 0.0 0.0 -0.5000000000000001 -0.49999999999999994 0.5000000000000001 0.49999999999999994 -193.73391723632812 12.41015625 -6.1875 5.984375 24.00390625 0.0 12.5859375 -6.29296875 5.1953125 27.44921875 222.69906616210938 12.3046875 6.1484375 6.5078125 26.30078125 0.0 12.375 6.203125 5.32421875 24.1953125 0.0 5.786895751953125
154512068773 -0.0 0.0 0.0 0.0 0.0 -0.0 -0.0 3.2548980712890625 12.69140625 0.0 0.0 23.8125 0.0 12.4453125 0.0 0.0 26.4921875 201.51133728027344 11.7421875 0.0 0.0 25.91796875 0.0 11.8125 0.0 0.0 24.1953125 0.0 5.542510986328125
