Timestamp Driver_Joy_Y Driver_Joy_X Driver_Joy_W FL_Out BL_Out BR_Out FR_Out FL_Jag_Speed FL_Bus_Voltage FL_Out_Voltage FL_Out_Current FL_Temp BL_Jag_Speed BL_Bus_Voltage BL_Out_Voltage BL_Out_Current BL_Temp BR_Jag_Speed BR_Bus_Voltage BR_Out_Voltage BR_Out_Current BR_Temp FR_Jag_Speed FR_Bus_Voltage FR_Out_Voltage FR_Out_Current FR_Temp
154510433104 -0.0 -0.0078125 -0.0078125 0.0011718749999999993 -0.008984375000000001 -0.008984375 0.001171875000000001 0.0 12.9375 0.0 0.0 23.23828125 0.0 12.83203125 0.0 0.0 24.76953125 0.0 13.0078125 0.0 0.0 25.53515625 0.0 12.97265625 0.0 0.0 23.4296875 0.0 5.8064422607421875
154510433283 -0.0 -0.0078125 -0.0078125 0.0011718749999999993 -0.008984375000000001 -0.008984375 0.001171875000000001 0.0 12.9375 0.0 0.0 23.4296875 0.0 12.83203125 0.0 0.0 25.34375 0.0 13.0078125 0.0 0.0 25.15234375 0.0 12.97265625 0.0 0.0 23.046875 0.0 5.8064422607421875
154510433463 -0.0 -0.0078125 -0.0078125 0.0011718749999999993 -0.008984375000000001 -0.008984375 0.001171875000000001 0.0 12.9375 0.0 0.0 23.046875 0.0 12.83203125 0.0 0.0 24.76953125 0.0 13.0078125 0.0 0.0 25.7265625 0.0 12.9375 0.0 0.0 23.046875 0.0 5.8064422607421875
154510433649 -0.0 -0.0078125 -0.0078125 0.0011718749999999993 -0.008984375000000001 -0.008984375 0.001171875000000001 0.0 12.9375 0.0 0.0 23.23828125 0.0 12.796875 0.0 0.0 25.7265625 0.0 13.0078125 0.0 0.0 24.9609375 0.0 12.9375 0.0 0.0 23.62109375 0.0 5.796661376953125
154510433824 -0.0 -0.0078125 -0.0078125 0.0011718749999999993 -0.008984375000000001 -0.008984375 0.001171875000000001 0.0 12.9375 0.0 0.0 23.4296875 0.0 12.83203125 0.0 0.0 25.15234375 0.0 13.0078125 0.0 0.0 25.15234375 0.0 12.97265625 0.0 0.0 22.6640625 0.0 5.8064422607421875
154510434004 -0.0 -0.0078125 -0.0078125 0.0011718749999999993 -0.008984375000000001 -0.008984375 0.001171875000000001 0.0 12.9375 0.0 0.0 22.47265625 0.0 12.83203125 0.0 0.0 25.34375 0.0 13.0078125 0.0 0.0 25.34375 0.0 12.97265625 0.0 0.0 23.62109375 0.0 5.796661376953125
154510434183 -0.0 -0.0078125 -0.0078125 0.0011718749999999993 -0.008984375000000001 -0.008984375 0.001171875000000001 0.0 12.9375 0.0 0.0 22.6640625 0.0 12.83203125 0.0 0.0 25.34375 0.0 13.0078125 0.0 0.0 24.9609375 0.0 12.9375 0.0 0.0 23.046875 0.0 5.796661376953125
154510434364 -0.0 -0.0078125 -0.0078125 0.0011718749999999993 -0.008984375000000001 -0.008984375 0.001171875000000001 0.0 12.9375 0.0 0.0 22.85546875 0.0 12.83203125 0.0 0.0 25.15234375 0.0 13.0078125 0.0 0.0 25.7265625 0.0 12.9375 0.0 0.0 22.28125 0.0 5.796661376953125
154510434546 -0.0 -0.0078125 -0.0078125 0.0011718749999999993 -0.008984375000000001 -0.008984375 0.001171875000000001 0.0 12.9375 0.0 0.0 22.08984375 0.0 12.83203125 0.0 0.0 24.9609375 0.0 13.0078125 0.0 0.0 25.53515625 0.0 12.9375 0.0 0.0 22.47265625 0.0 5.796661376953125
154510434723 -0.0 -0.0078125 -0.0078125 0.0011718749999999993 -0.008984375000000001 -0.008984375 0.001171875000000001 0.0 12.9375 0.0 0.0 22.85546875 0.0 12.83203125 0.0 0.0 25.15234375 0.0 13.0078125 0.0 0.0 24.76953125 0.0 12.97265625 0.0 0.0 23.62109375 0.0 5.8064422607421875
154510434924 -0.0 -0.0078125 -0.0078125 0.0011718749999999993 -0.008984375000000001 -0.008984375 0.001171875000000001 0.0 12.9375 0.0 0.0 23.046875 0.0 12.83203125 0.0 0.0 25.53515625 0.0 13.0078125 0.0 0.0 25.34375 0.0 12.9375 0.0 0.0 23.4296875 0.0 5.8064422607421875
154510435108 -0.0 -0.0078125 -0.0078125 0.0011718749999999993 -0.008984375000000001 -0.008984375 0.001171875000000001 0.0 12.9375 0.0 0.0 23.046875 0.0 12.83203125 0.0 0.0 24.9609375 0.0 13.0078125 0.0 0.0 25.53515625 0.0 12.97265625 0.0 0.0 23.23828125 0.0 5.8064422607421875
154510435291 -0.0 -0.0078125 -0.0078125 0.0011718749999999993 -0.008984375000000001 -0.008984375 0.001171875000000001 0.0 12.9375 0.0 0.0 23.046875 0.0 12.796875 0.0 0.0 25.7265625 0.0 13.0078125 0.0 0.0 25.34375 0.0 12.97265625 0.0 0.0 23.4296875 0.0 5.8064422607421875
154510435472 -0.0 -0.0078125 -0.0078125 0.0011718749999999993 -0.008984375000000001 -0.008984375 0.001171875000000001 0.0 12.9375 0.0 0.0 22.08984375 0.0 12.83203125 0.0 0.0 26.109375 0.0 13.0078125 0.0 0.0 24.9609375 0.0 12.9375 0.0 0.0 23.4296875 0.0 5.8064422607421875
154510435678 -0.0 -0.0078125 -0.0078125 0.0011718749999999993 -0.008984375000000001 -0.008984375 0.001171875000000001 0.0 12.9375 0.0 0.0 22.6640625 0.0 12.83203125 0.0 0.0 25.53515625 0.0 13.0078125 0.0 0.0 25.15234375 0.0 12.97265625 0.0 0.0 23.4296875 0.0 5.8064422607421875
154510435862 -0.0 -0.0078125 -0.0078125 0.0011718749999999993 -0.008984375000000001 -0.008984375 0.001171875000000001 0.0 12.9375 0.0 0.0 22.85546875 0.0 12.83203125 0.0 0.0 25.34375 0.0 13.0078125 0.0 0.0 24.76953125 0.0 12.97265625 0.0 0.0 23.23828125 0.0 5.8064422607421875
154510436045 -0.0 -0.0078125 -0.0078125 0.0011718749999999993 -0.008984375000000001 -0.008984375 0.001171875000000001 0.0 12.9375 0.0 0.0 23.4296875 0.0 12.83203125 0.0 0.0 25.34375 0.0 13.0078125 0.0 0.0 25.15234375 0.0 12.97265625 0.0 0.0 23.23828125 0.0 5.796661376953125
154510436227 -0.0 -0.0078125 -0.0078125 0.0011718749999999993 -0.008984375000000001 -0.008984375 0.001171875000000001 0.0 12.9375 0.0 0.0 23.4296875 0.0 12.83203125 0.0 0.0 25.53515625 0.0 12.97265625 0.0 0.0 25.34375 0.0 12.9375 0.0 0.0 23.23828125 0.0 5.8064422607421875
154510436396 -0.0 -0.0078125 -0.0078125 0.0011718749999999993 -0.008984375000000001 -0.008984375 0.001171875000000001 0.0 12.9375 0.0 0.0 22.6640625 0.0 12.83203125 0.0 0.0 25.34375 0.0 13.0078125 0.0 0.0 25.34375 0.0 12.9375 0.0 0.0 23.23828125 0.0 5.8064422607421875
154510436576 -0.0 -0.0078125 -0.0078125 0.0011718749999999993 -0.008984375000000001 -0.008984375 0.001171875000000001 0.0 12.9375 0.0 0.0 23.62109375 0.0 12.83203125 0.0 0.0 25.34375 0.0 13.0078125 0.0 0.0 25.53515625 0.0 12.9375 0.0 0.0 23.4296875 0.0 5.8064422607421875
154510436756 -0.0 -0.0078125 -0.0078125 0.0011718749999999993 -0.008984375000000001 -0.008984375 0.001171875000000001 0.0 12.9375 0.0 0.0 23.4296875 0.0 12.83203125 0.0 0.0 25.7265625 0.0 13.0078125 0.0 0.0 25.15234375 0.0 12.9375 0.0 0.0 23.4296875 0.0 5.796661376953125
154510436943 -0.0 -0.0078125 -0.0078125 0.0011718749999999993 -0.008984375000000001 -0.008984375 0.001171875000000001 0.0 12.9375 0.0 0.0 21.8984375 0.0 12.83203125 0.0 0.0 25.34375 0.0 13.0078125 0.0 0.0 25.15234375 0.0 12.97265625 0.0 0.0 23.23828125 0.0 5.796661376953125
154510437123 -0.0 -0.0078125 -0.0078125 0.0011718749999999993 -0.008984375000000001 -0.008984375 0.001171875000000001 0.0 12.9375 0.0 0.0 23.046875 0.0 12.796875 0.0 0.0 25.34375 0.0 13.0078125 0.0 0.0 24.76953125 0.0 12.9375 0.0 0.0 23.046875 0.0 5.8064422607421875
154510437299 -0.0 -0.0078125 -0.0078125 0.0011718749999999993 -0.008984375000000001 -0.008984375 0.001171875000000001 0.0 12.9375 0.0 0.0 23.046875 0.0 12.83203125 0.0 0.0 25.7265625 0.0 13.0078125 0.0 0.0 25.15234375 0.0 12.9375 0.0 0.0 23.4296875 0.0 5.8064422607421875
154510437476 -0.0 -0.0078125 -0.0078125 0.0011718749999999993 -0.008984375000000001 -0.008984375 0.001171875000000001 0.0 12.9375 0.0 0.0 24.38671875 0.0 12.796875 0.0 0.0 25.91796875 0.0 13.0078125 0.0 0.0 24.9609375 0.0 12.9375 0.0 0.0 23.23828125 0.0 5.8064422607421875
154510437657 -0.0 -0.0078125 -0.0078125 0.0011718749999999993 -0.008984375000000001 -0.008984375 0.001171875000000001 0.0 12.9375 0.0 0.0 23.046875 0.0 12.83203125 0.0 0.0 25.91796875 0.0 12.97265625 0.0 0.0 24.9609375 0.0 12.97265625 0.0 0.0 23.046875 0.0 5.796661376953125
154510437828 -0.0 -0.0078125 -0.0078125 0.0011718749999999993 -0.008984375000000001 -0.008984375 0.001171875000000001 0.0 12.9375 0.0 0.0 23.046875 0.0 12.83203125 0.0 0.0 25.15234375 0.0 13.0078125 0.0 0.0 24.9609375 0.0 12.9375 0.0 0.0 23.4296875 0.0 5.796661376953125
154510438017 -0.0 -0.0078125 -0.0078125 0.0011718749999999993 -0.008984375000000001 -0.008984375 0.001171875000000001 0.0 12.9375 0.0 0.0 22.85546875 0.0 12.796875 0.0 0.0 25.91796875 0.0 13.0078125 0.0 0.0 25.7265625 0.0 12.97265625 0.0 0.0 23.23828125 0.0 5.8064422607421875
154510438191 -0.0 -0.0078125 -0.0078125 0.0011718749999999993 -0.008984375000000001 -0.008984375 0.001171875000000001 0.0 12.9375 0.0 0.0 22.85546875 0.0 12.796875 0.0 0.0 26.4921875 0.0 13.0078125 0.0 0.0 25.34375 0.0 12.9375 0.0 0.0 22.85546875 0.0 5.796661376953125
154510438374 -0.0 -0.0078125 -0.0078125 0.0011718749999999993 -0.008984375000000001 -0.008984375 0.001171875000000001 0.0 12.9375 0.0 0.0 22.85546875 0.0 12.83203125 0.0 0.0 25.15234375 0.0 13.0078125 0.0 0.0 25.53515625 0.0 12.97265625 0.0 0.0 23.23828125 0.0 5.796661376953125
154510438563 -0.0 -0.0078125 -0.0078125 0.0011718749999999993 -0.008984375000000001 -0.008984375 0.001171875000000001 0.0 12.9375 0.0 0.0 23.4296875 0.0 12.83203125 0.0 0.0 26.109375 0.0 13.0078125 0.0 0.0 25.15234375 0.0 12.97265625 0.0 0.0 23.62109375 0.0 5.796661376953125
154510438783 -0.0 -0.0078125 -0.0078125 0.0011718749999999993 -0.008984375000000001 -0.008984375 0.001171875000000001 0.0 12.9375 0.0 0.0 23.23828125 0.0 12.83203125 0.0 0.0 25.7265625 0.0 12.97265625 0.0 0.0 25.53515625 0.0 12.9375 0.0 0.0 23.046875 0.0 5.8064422607421875
154510438965 -0.0 -0.0078125 -0.0078125 0.0011718749999999993 -0.008984375000000001 -0.008984375 0.001171875000000001 0.0 12.9375 0.0 0.0 22.6640625 0.0 12.83203125 0.0 0.0 24.1953125 0.0 12.97265625 0.0 0.0 25.34375 0.0 12.9375 0.0 0.0 23.4296875 0.0 5.8064422607421875
154510439144 -0.0 -0.0078125 -0.0078125 0.0011718749999999993 -0.008984375000000001 -0.008984375 0.001171875000000001 0.0 12.9375 0.0 0.0 22.47265625 0.0 12.796875 0.0 0.0 25.15234375 0.0 13.0078125 0.0 0.0 25.34375 0.0 12.9375 0.0 0.0 23.23828125 0.0 5.8064422607421875
154510439328 -0.0 -0.0078125 -0.0078125 0.0011718749999999993 -0.008984375000000001 -0.008984375 0.001171875000000001 0.0 12.9375 0.0 0.0 23.046875 0.0 12.83203125 0.0 0.0 24.9609375 0.0 13.0078125 0.0 0.0 25.34375 0.0 12.97265625 0.0 0.0 22.6640625 0.0 5.8064422607421875
154510439504 -0.0 -0.0078125 -0.0078125 0.0011718749999999993 -0.008984375000000001 -0.008984375 0.001171875000000001 0.0 12.9375 0.0 0.0 22.47265625 0.0 12.796875 0.0 0.0 25.7265625 0.0 13.0078125 0.0 0.0 25.34375 0.0 12.9375 0.0 0.0 23.4296875 0.0 5.8064422607421875
154510439689 -0.0 -0.0078125 -0.0078125 0.0011718749999999993 -0.008984375000000001 -0.008984375 0.001171875000000001 0.0 12.9375 0.0 0.0 23.23828125 0.0 12.83203125 0.0 0.0 25.34375 0.0 13.0078125 0.0 0.0 25.15234375 0.0 12.9375 0.0 0.0 23.62109375 0.0 5.8064422607421875
154510439863 -0.0 -0.0078125 -0.0078125 0.0011718749999999993 -0.008984375000000001 -0.008984375 0.001171875000000001 0.0 12.9375 0.0 0.0 22.85546875 0.0 12.83203125 0.0 0.0 26.4921875 0.0 13.0078125 0.0 0.0 25.53515625 0.0 12.9375 0.0 0.0 23.046875 0.0 5.796661376953125
154510440044 -0.0 -0.0078125 -0.0078125 0.0011718749999999993 -0.008984375000000001 -0.008984375 0.001171875000000001 0.0 12.9375 0.0 0.0 23.23828125 0.0 12.83203125 0.0 0.0 24.9609375 0.0 13.0078125 0.0 0.0 25.53515625 0.0 12.9375 0.0 0.0 23.046875 0.0 5.796661376953125
154510440224 -0.0 -0.0078125 -0.0078125 0.0011718749999999993 -0.008984375000000001 -0.008984375 0.001171875000000001 0.0 12.9375 0.0 0.0 22.85546875 0.0 12.796875 0.0 0.0 25.7265625 0.0 13.0078125 0.0 0.0 25.53515625 0.0 12.9375 0.0 0.0 23.4296875 0.0 5.8064422607421875
154510440406 -0.0 -0.0078125 -0.0078125 0.0011718749999999993 -0.008984375000000001 -0.008984375 0.001171875000000001 0.0 12.9375 0.0 0.0 21.8984375 0.0 12.83203125 0.0 0.0 25.53515625 0.0 13.0078125 0.0 0.0 25.53515625 0.0 12.9375 0.0 0.0 23.4296875 0.0 5.8064422607421875
154510440596 -0.0 -0.0078125 -0.0078125 0.0011718749999999993 -0.008984375000000001 -0.008984375 0.001171875000000001 0.0 12.9375 0.0 0.0 22.85546875 0.0 12.83203125 0.0 0.0 25.53515625 0.0 13.0078125 0.0 0.0 25.53515625 0.0 12.97265625 0.0 0.0 23.4296875 0.0 5.8064422607421875
154510440769 -0.0 -0.0078125 -0.0078125 0.0011718749999999993 -0.008984375000000001 -0.008984375 0.001171875000000001 0.0 12.9375 0.0 0.0 22.85546875 0.0 12.796875 0.0 0.0 24.00390625 0.0 12.796875 0.0 0.0 24.9609375 0.0 11.91796875 0.0 0.0 22.85546875 0.0 5.68914794921875
S: 154510440667 Fired
154510440936 -0.0 -0.0078125 -0.0078125 0.0011718749999999993 -0.008984375000000001 -0.008984375 0.001171875000000001 0.0 11.671875 0.0 0.0 23.046875 0.0 11.42578125 0.0 0.0 25.15234375 7.899993896484375 11.91796875 0.0 0.0 24.9609375 0.0 11.8828125 0.0 0.0 23.4296875 0.0 5.0537567138671875
154510441102 -0.0 -0.0078125 -0.0078125 0.0011718749999999993 -0.008984375000000001 -0.008984375 0.001171875000000001 0.0 12.09375 0.0 0.0 23.23828125 0.0 11.953125 0.0 0.0 25.7265625 -10.213272094726562 11.70703125 0.0 0.0 25.15234375 0.0 12.33984375 0.0 0.0 23.23828125 0.0 4.4672393798828125
154510441270 -0.0 -0.0078125 -0.0078125 0.0011718749999999993 -0.008984375000000001 -0.008984375 0.001171875000000001 0.0 12.5859375 0.0 0.0 22.85546875 0.0 11.953125 0.0 0.0 25.7265625 14.8878173828125 12.4453125 0.0 0.0 25.53515625 0.0 12.55078125 0.0 0.0 23.4296875 0.0 5.034210205078125
154510441443 -0.0 -0.0078125 -0.0078125 0.0011718749999999993 -0.008984375000000001 -0.008984375 0.001171875000000001 0.0 12.76171875 0.0 0.0 23.62109375 0.0 12.62109375 0.0 0.0 25.53515625 0.0 12.83203125 0.0 0.0 25.7265625 0.0 12.796875 0.0 0.0 24.00390625 0.0 5.5522918701171875
154510441627 -0.0 -0.0078125 -0.0078125 0.0011718749999999993 -0.008984375000000001 -0.008984375 0.001171875000000001 0.0 12.7265625 0.0 0.0 22.6640625 0.0 12.5859375 0.0 0.0 25.53515625 0.0 12.76171875 0.0 0.0 25.7265625 0.0 12.7265625 0.0 0.0 23.4296875 0.0 5.82598876953125
154510441824 -0.0 -0.0078125 -0.0078125 0.0011718749999999993 -0.008984375000000001 -0.008984375 0.001171875000000001 0.0 12.234375 0.0 0.0 22.28125 0.0 12.41015625 0.0 0.0 25.15234375 0.0 12.65625 0.0 0.0 25.34375 0.0 12.5859375 0.0 0.0 23.62109375 0.0 5.8357696533203125
154510442006 -0.0 -0.0078125 -0.0078125 0.0011718749999999993 -0.008984375000000001 -0.008984375 0.001171875000000001 0.0 12.5859375 0.0 0.0 23.046875 0.0 12.41015625 0.0 0.0 25.7265625 0.0 12.62109375 0.0 0.0 25.15234375 0.0 12.62109375 0.0 0.0 23.046875 0.0 5.8064422607421875
154510442183 -0.0 -0.0078125 -0.0078125 0.0011718749999999993 -0.008984375000000001 -0.008984375 0.001171875000000001 0.0 12.55078125 0.0 0.0 22.6640625 0.0 12.4453125 0.0 0.0 26.30078125 0.0 12.62109375 0.0 0.0 25.34375 0.0 12.5859375 0.0 0.0 23.4296875 0.0 5.8064422607421875
154510442356 -0.0 -0.0078125 -0.0078125 0.0011718749999999993 -0.008984375000000001 -0.008984375 0.001171875000000001 0.0 12.55078125 0.0 0.0 23.046875 0.0 12.41015625 0.0 0.0 25.15234375 0.0 12.62109375 0.0 0.0 25.7265625 0.0 12.5859375 0.0 0.0 23.4296875 0.0 5.81622314453125
154510442538 -0.0 -0.0078125 -0.0078125 0.0011718749999999993 -0.008984375000000001 -0.008984375 0.001171875000000001 0.0 12.515625 0.0 0.0 22.85546875 0.0 12.4453125 0.0 0.0 25.53515625 0.0 12.62109375 0.0 0.0 24.9609375 0.0 12.515625 0.0 0.0 23.046875 0.0 5.81622314453125
154510442714 -0.0 -0.0078125 -0.0078125 0.0011718749999999993 -0.008984375000000001 -0.008984375 0.001171875000000001 0.0 12.5859375 0.0 0.0 23.8125 0.0 12.375 0.0 0.0 25.15234375 0.0 12.62109375 0.0 0.0 24.9609375 0.0 12.5859375 0.0 0.0 23.23828125 0.0 5.81622314453125
154510442905 -0.0 -0.0078125 -0.0078125 0.0011718749999999993 -0.008984375000000001 -0.008984375 0.001171875000000001 0.0 12.48046875 0.0 0.0 22.6640625 0.0 12.41015625 0.0 0.0 25.7265625 0.0 12.5859375 0.0 0.0 25.53515625 0.0 12.55078125 0.0 0.0 23.23828125 0.0 5.8064422607421875
154510443080 -0.0 -0.0078125 -0.0078125 0.0011718749999999993 -0.008984375000000001 -0.008984375 0.001171875000000001 0.0 12.48046875 0.0 0.0 22.85546875 0.0 12.41015625 0.0 0.0 25.53515625 0.0 12.62109375 0.0 0.0 25.15234375 0.0 12.55078125 0.0 0.0 23.8125 0.0 5.8064422607421875
154510443251 -0.0 -0.0078125 -0.0078125 0.0011718749999999993 -0.008984375000000001 -0.008984375 0.001171875000000001 0.0 12.48046875 0.0 0.0 22.85546875 0.0 12.41015625 0.0 0.0 25.53515625 0.0 12.62109375 0.0 0.0 25.34375 0.0 12.515625 0.0 0.0 23.4296875 0.0 5.8064422607421875
154510443435 -0.0 -0.0078125 -0.0078125 0.0011718749999999993 -0.008984375000000001 -0.008984375 0.001171875000000001 0.0 12.48046875 0.0 0.0 23.046875 0.0 12.4453125 0.0 0.0 25.53515625 0.0 12.55078125 0.0 0.0 25.34375 0.0 12.515625 0.0 0.0 23.046875 0.0 5.8064422607421875
154510443610 -0.0 -0.0078125 -0.0078125 0.0011718749999999993 -0.008984375000000001 -0.008984375 0.001171875000000001 0.0 12.55078125 0.0 0.0 22.6640625 0.0 12.375 0.0 0.0 25.34375 0.0 12.62109375 0.0 0.0 25.15234375 0.0 12.55078125 0.0 0.0 23.62109375 0.0 5.8064422607421875
154510443790 -0.0 -0.0078125 -0.0078125 0.0011718749999999993 -0.008984375000000001 -0.008984375 0.001171875000000001 0.0 12.48046875 0.0 0.0 22.08984375 0.0 12.4453125 0.0 0.0 25.15234375 0.0 12.55078125 0.0 0.0 24.9609375 0.0 12.4453125 0.0 0.0 23.23828125 0.0 5.8064422607421875
154510443971 -0.0 -0.0078125 -0.0078125 0.0011718749999999993 -0.008984375000000001 -0.008984375 0.001171875000000001 0.0 12.515625 0.0 0.0 21.515625 0.0 12.375 0.0 0.0 25.53515625 0.0 12.5859375 0.0 0.0 25.15234375 0.0 12.515625 0.0 0.0 23.046875 0.0 5.8064422607421875
154510444150 -0.0 -0.0078125 -0.0078125 0.0011718749999999993 -0.008984375000000001 -0.008984375 0.001171875000000001 0.0 12.48046875 0.0 0.0 23.62109375 0.0 12.375 0.0 0.0 24.38671875 0.0 12.5859375 0.0 0.0 25.34375 0.0 12.55078125 0.0 0.0 23.4296875 0.0 5.8064422607421875
154510444329 -0.0 -0.0078125 -0.0078125 0.0011718749999999993 -0.008984375000000001 -0.008984375 0.001171875000000001 0.0 12.55078125 0.0 0.0 23.046875 0.0 12.3046875 0.0 0.0 25.7265625 0.0 12.55078125 0.0 0.0 25.91796875 0.0 12.515625 0.0 0.0 23.23828125 0.0 5.8064422607421875
154510444525 -0.0 -0.0078125 -0.0078125 0.0011718749999999993 -0.008984375000000001 -0.008984375 0.001171875000000001 0.0 12.4453125 0.0 0.0 23.62109375 0.0 12.41015625 0.0 0.0 25.91796875 0.0 12.62109375 0.0 0.0 25.34375 0.0 12.48046875 0.0 0.0 23.4296875 0.0 5.81622314453125
154510444764 -0.0 -0.0078125 -0.0078125 0.0011718749999999993 -0.008984375000000001 -0.008984375 0.001171875000000001 0.0 12.48046875 0.0 0.0 22.47265625 0.0 12.41015625 0.0 0.0 25.15234375 0.0 12.55078125 0.0 0.0 24.9609375 0.0 12.515625 0.0 0.0 23.23828125 0.0 5.8064422607421875
154510444943 -0.0 -0.0078125 -0.0078125 0.0011718749999999993 -0.008984375000000001 -0.008984375 0.001171875000000001 0.0 12.48046875 0.0 0.0 22.85546875 0.0 12.375 0.0 0.0 25.91796875 0.0 12.515625 0.0 0.0 25.53515625 0.0 12.515625 0.0 0.0 22.85546875 0.0 5.8064422607421875
154510445124 -0.0 -0.0078125 -0.0078125 0.0011718749999999993 -0.008984375000000001 -0.008984375 0.001171875000000001 0.0 12.515625 0.0 0.0 22.85546875 0.0 12.375 0.0 0.0 25.15234375 7.3822021484375 12.55078125 0.0 0.0 25.53515625 0.0 12.515625 0.0 0.0 23.62109375 0.0 5.8064422607421875
154510445312 -0.0 -0.0078125 -0.0078125 0.0011718749999999993 -0.008984375000000001 -0.008984375 0.001171875000000001 0.0 12.48046875 0.0 0.0 22.47265625 0.0 12.41015625 0.0 0.0 25.91796875 0.0 12.5859375 0.0 0.0 24.9609375 0.0 12.515625 0.0 0.0 23.23828125 0.0 5.796661376953125
154510445489 -0.0 -0.0078125 -0.0078125 0.0011718749999999993 -0.008984375000000001 -0.008984375 0.001171875000000001 0.0 12.48046875 0.0 0.0 22.85546875 0.0 12.3046875 0.0 0.0 25.15234375 0.0 12.55078125 0.0 0.0 25.34375 0.0 12.55078125 0.0 0.0 23.4296875 0.0 5.8064422607421875
154510445676 -0.0 -0.0078125 -0.0078125 0.0011718749999999993 -0.008984375000000001 -0.008984375 0.001171875000000001 0.0 12.4453125 0.0 0.0 22.6640625 0.0 12.33984375 0.0 0.0 25.91796875 4.630126953125 12.5859375 0.0 0.0 25.34375 0.0 12.515625 0.0 0.0 23.4296875 0.0 5.796661376953125
154510445856 -0.0 -0.0078125 -0.0078125 0.0011718749999999993 -0.008984375000000001 -0.008984375 0.001171875000000001 0.0 12.48046875 0.0 0.0 22.28125 0.0 12.3046875 0.0 0.0 25.91796875 0.0 12.515625 0.0 0.0 24.76953125 0.0 12.515625 0.0 0.0 23.4296875 0.0 5.796661376953125
154510446049 -0.0 -0.0078125 -0.0078125 0.0011718749999999993 -0.008984375000000001 -0.008984375 0.001171875000000001 0.0 12.48046875 0.0 0.0 23.046875 0.0 12.33984375 0.0 0.0 25.15234375 0.0 12.5859375 0.0 0.0 25.34375 0.0 12.48046875 0.0 0.0 23.23828125 0.0 5.786895751953125
154510446230 -0.0 -0.0078125 -0.0078125 0.0011718749999999993 -0.008984375000000001 -0.008984375 0.001171875000000001 0.0 12.515625 0.0 0.0 22.6640625 0.0 12.33984375 0.0 0.0 25.7265625 0.0 12.55078125 0.0 0.0 25.34375 0.0 12.515625 0.0 0.0 23.046875 0.0 5.796661376953125
154510446417 -0.0 -0.0078125 -0.0078125 0.0011718749999999993 -0.008984375000000001 -0.008984375 0.001171875000000001 0.0 12.4453125 0.0 0.0 23.046875 0.0 12.41015625 0.0 0.0 25.7265625 0.0 12.5859375 0.0 0.0 24.76953125 0.0 12.48046875 0.0 0.0 23.23828125 0.0 5.796661376953125
154510446597 -0.0 -0.0078125 -0.0078125 0.0011718749999999993 -0.008984375000000001 -0.008984375 0.001171875000000001 0.0 12.515625 0.0 0.0 22.08984375 0.0 12.3046875 0.0 0.0 25.34375 0.0 12.55078125 0.0 0.0 24.9609375 0.0 12.515625 0.0 0.0 23.23828125 0.0 5.796661376953125
154510446776 -0.0 -0.0078125 -0.0078125 0.0011718749999999993 -0.008984375000000001 -0.008984375 0.001171875000000001 0.0 12.48046875 0.0 0.0 22.6640625 0.0 12.33984375 0.0 0.0 25.91796875 0.0 12.515625 0.0 0.0 25.15234375 0.0 12.4453125 0.0 0.0 23.046875 0.0 5.8064422607421875
154510446958 -0.0 -0.0078125 -0.0078125 0.0011718749999999993 -0.008984375000000001 -0.008984375 0.001171875000000001 0.0 12.48046875 0.0 0.0 24.1953125 0.0 12.33984375 0.0 0.0 25.53515625 0.0 12.515625 0.0 0.0 24.9609375 0.0 12.515625 0.0 0.0 22.85546875 0.0 5.786895751953125
154510447135 -0.0 -0.0078125 -0.0078125 0.0011718749999999993 -0.008984375000000001 -0.008984375 0.001171875000000001 0.0 12.4453125 0.0 0.0 22.28125 0.0 12.3046875 0.0 0.0 25.34375 0.0 12.55078125 0.0 0.0 25.15234375 0.0 12.55078125 0.0 0.0 23.046875 0.0 5.796661376953125
154510447317 -0.0 -0.0078125 -0.0078125 0.0011718749999999993 -0.008984375000000001 -0.008984375 0.001171875000000001 0.0 12.4453125 0.0 0.0 22.47265625 0.0 12.375 0.0 0.0 25.34375 0.0 12.33984375 0.0 0.0 25.34375 0.0 11.63671875 0.0 0.0 23.4296875 0.0 5.6500396728515625
S: 154510447203 Fired
154510447486 -0.0 -0.0078125 -0.0078125 0.0011718749999999993 -0.008984375000000001 -0.008984375 0.001171875000000001 0.0 11.14453125 0.0 0.0 22.6640625 0.0 11.21484375 0.0 0.0 25.7265625 10.017623901367188 11.53125 0.0 0.0 24.9609375 0.0 11.53125 0.0 0.0 22.85546875 0.0 5.043975830078125
154510447655 -0.0 -0.0078125 -0.0078125 0.0011718749999999993 -0.008984375000000001 -0.008984375 0.001171875000000001 0.0 11.8125 0.0 0.0 24.38671875 0.0 11.6015625 0.0 0.0 25.7265625 -19.388641357421875 11.21484375 0.0 0.0 25.15234375 0.0 9.703125 0.0 0.0 23.23828125 0.0 4.408599853515625
154510447828 -0.0 -0.0078125 -0.0078125 0.0011718749999999993 -0.008984375000000001 -0.008984375 0.001171875000000001 0.0 12.26953125 0.0 0.0 23.046875 0.0 12.12890625 0.0 0.0 25.34375 6.84393310546875 12.3046875 0.0 0.0 25.7265625 0.0 12.09375 0.0 0.0 23.4296875 0.0 4.7702789306640625
154510448009 -0.0 -0.0078125 -0.0078125 0.0011718749999999993 -0.008984375000000001 -0.008984375 0.001171875000000001 -2.9583587646484375 12.3046875 0.0 0.0 22.6640625 0.0 12.26953125 0.0 0.0 25.34375 0.0 12.4453125 0.0 0.0 25.34375 0.0 12.41015625 0.0 0.0 23.4296875 0.0 5.3958892822265625
154510448184 -0.0 -0.0078125 -0.0078125 0.0011718749999999993 -0.008984375000000001 -0.008984375 0.001171875000000001 0.0 12.41015625 0.0 0.0 22.47265625 0.0 12.3046875 0.0 0.0 25.15234375 0.0 12.41015625 0.0 0.0 25.91796875 0.0 12.375 0.0 0.0 23.046875 0.0 5.81622314453125
154510448358 -0.0 -0.0078125 -0.0078125 0.0011718749999999993 -0.008984375000000001 -0.008984375 0.001171875000000001 0.0 12.33984375 0.0 0.0 23.23828125 0.0 12.234375 0.0 0.0 25.7265625 0.0 12.48046875 0.0 0.0 25.7265625 0.0 12.4453125 0.0 0.0 23.046875 0.0 5.8357696533203125
154510448547 -0.0 -0.0078125 -0.0078125 0.0011718749999999993 -0.008984375000000001 -0.008984375 0.001171875000000001 0.0 12.4453125 0.0 0.0 22.08984375 0.0 12.26953125 0.0 0.0 25.7265625 0.0 12.515625 0.0 0.0 24.76953125 0.0 12.41015625 0.0 0.0 23.046875 0.0 5.8064422607421875
154510448724 -0.0 -0.0078125 -0.0078125 0.0011718749999999993 -0.008984375000000001 -0.008984375 0.001171875000000001 0.0 12.4453125 0.0 0.0 24.1953125 0.0 12.33984375 0.0 0.0 25.34375 0.0 12.48046875 0.0 0.0 25.15234375 0.0 12.4453125 0.0 0.0 22.28125 0.0 5.8064422607421875
154510448904 -0.0 -0.0078125 -0.0078125 0.0011718749999999993 -0.008984375000000001 -0.008984375 0.001171875000000001 0.0 12.4453125 0.0 0.0 22.85546875 0.0 12.26953125 0.0 0.0 24.9609375 0.0 12.48046875 0.0 0.0 25.34375 0.0 12.4453125 0.0 0.0 23.23828125 0.0 5.8064422607421875
154510449097 -0.0 -0.0078125 -0.0078125 0.0011718749999999993 -0.008984375000000001 -0.008984375 0.001171875000000001 0.0 12.375 0.0 0.0 23.23828125 0.0 12.26953125 0.0 0.0 24.9609375 0.0 12.48046875 0.0 0.0 25.7265625 0.0 12.4453125 0.0 0.0 23.62109375 0.0 5.786895751953125
154510449276 -0.0 -0.0078125 -0.0078125 0.0011718749999999993 -0.008984375000000001 -0.008984375 0.001171875000000001 0.0 12.4453125 0.0 0.0 22.08984375 0.0 12.3046875 0.0 0.0 25.91796875 0.0 12.515625 0.0 0.0 25.15234375 0.0 12.48046875 0.0 0.0 23.62109375 0.0 5.796661376953125
154510449455 -0.0 -0.0078125 -0.0078125 0.0011718749999999993 -0.008984375000000001 -0.008984375 0.001171875000000001 0.0 12.41015625 0.0 0.0 22.08984375 0.0 12.375 0.0 0.0 24.9609375 0.0 12.515625 0.0 0.0 24.9609375 0.0 12.4453125 0.0 0.0 23.23828125 0.0 5.8064422607421875
154510449637 -0.0 -0.0078125 -0.0078125 0.0011718749999999993 -0.008984375000000001 -0.008984375 0.001171875000000001 0.0 12.4453125 0.0 0.0 23.23828125 0.0 12.3046875 0.0 0.0 26.68359375 0.0 12.48046875 0.0 0.0 25.15234375 0.0 12.48046875 0.0 0.0 23.4296875 0.0 5.796661376953125
154510449815 -0.0 -0.0078125 -0.0078125 0.0011718749999999993 -0.008984375000000001 -0.008984375 0.001171875000000001 0.0 12.41015625 0.0 0.0 21.8984375 0.0 12.3046875 0.0 0.0 25.91796875 0.0 12.55078125 0.0 0.0 25.34375 0.0 12.41015625 0.0 0.0 23.23828125 0.0 5.8064422607421875
154510449996 -0.0 -0.0078125 -0.0078125 0.0011718749999999993 -0.008984375000000001 -0.008984375 0.001171875000000001 0.0 12.4453125 0.0 0.0 24.00390625 0.0 12.26953125 0.0 0.0 25.53515625 0.0 12.48046875 0.0 0.0 24.76953125 0.0 12.48046875 0.0 0.0 23.4296875 0.0 5.796661376953125
154510450178 -0.0 -0.0078125 -0.0078125 0.0011718749999999993 -0.008984375000000001 -0.008984375 0.001171875000000001 0.0 12.41015625 0.0 0.0 23.23828125 0.0 12.3046875 0.0 0.0 25.91796875 0.0 12.55078125 0.0 0.0 25.34375 0.0 12.4453125 0.0 0.0 23.046875 0.0 5.796661376953125
154510450359 -0.0 -0.0078125 -0.0078125 0.0011718749999999993 -0.008984375000000001 -0.008984375 0.001171875000000001 0.0 12.4453125 0.0 0.0 23.8125 0.0 12.33984375 0.0 0.0 25.7265625 0.0 12.4453125 0.0 0.0 25.15234375 0.0 12.4453125 0.0 0.0 23.23828125 0.0 5.796661376953125
154510450544 -0.0 -0.0078125 -0.0078125 0.0011718749999999993 -0.008984375000000001 -0.008984375 0.001171875000000001 0.0 12.48046875 0.0 0.0 22.6640625 0.0 12.3046875 0.0 0.0 25.91796875 0.0 12.4453125 0.0 0.0 25.34375 0.0 12.4453125 0.0 0.0 23.4296875 0.0 5.8064422607421875
154510450724 -0.0 -0.0078125 -0.0078125 0.0011718749999999993 -0.008984375000000001 -0.008984375 0.001171875000000001 0.0 12.48046875 0.0 0.0 23.046875 0.0 12.3046875 0.0 0.0 25.7265625 0.0 12.55078125 0.0 0.0 25.53515625 0.0 12.4453125 0.0 0.0 23.046875 0.0 5.8064422607421875
154510450923 -0.0 -0.0078125 -0.0078125 0.0011718749999999993 -0.008984375000000001 -0.008984375 0.001171875000000001 0.0 12.4453125 0.0 0.0 24.00390625 0.0 12.375 0.0 0.0 25.7265625 0.0 12.48046875 0.0 0.0 25.91796875 0.0 12.4453125 0.0 0.0 23.23828125 0.0 5.796661376953125
154510451104 -0.0 -0.0078125 -0.0078125 0.0011718749999999993 -0.008984375000000001 -0.008984375 0.001171875000000001 0.0 12.48046875 0.0 0.0 23.23828125 0.0 12.3046875 0.0 0.0 25.53515625 0.0 12.55078125 0.0 0.0 25.34375 0.0 12.48046875 0.0 0.0 23.23828125 0.0 5.796661376953125
154510451283 -0.0 -0.0078125 -0.0078125 0.0011718749999999993 -0.008984375000000001 -0.008984375 0.001171875000000001 0.0 12.41015625 0.0 0.0 22.85546875 0.0 12.33984375 0.0 0.0 25.34375 0.0 12.4453125 0.0 0.0 25.15234375 0.0 12.41015625 0.0 0.0 23.8125 0.0 5.796661376953125
154510451463 -0.0 -0.0078125 -0.0078125 0.0011718749999999993 -0.008984375000000001 -0.008984375 0.001171875000000001 0.0 12.48046875 0.0 0.0 23.23828125 0.0 12.3046875 0.0 0.0 25.53515625 0.0 12.515625 0.0 0.0 25.15234375 0.0 12.48046875 0.0 0.0 22.85546875 0.0 5.796661376953125
154510451649 -0.0 -0.0078125 -0.0078125 0.0011718749999999993 -0.008984375000000001 -0.008984375 0.001171875000000001 0.0 12.41015625 0.0 0.0 23.4296875 0.0 12.3046875 0.0 0.0 25.91796875 0.0 12.515625 0.0 0.0 25.34375 0.0 12.48046875 0.0 0.0 22.6640625 0.0 5.796661376953125
154510451836 -0.0 -0.0078125 -0.0078125 0.0011718749999999993 -0.008984375000000001 -0.008984375 0.001171875000000001 0.0 12.41015625 0.0 0.0 23.4296875 0.0 12.33984375 0.0 0.0 26.30078125 0.0 12.55078125 0.0 0.0 25.15234375 0.0 12.4453125 0.0 0.0 23.23828125 0.0 5.796661376953125
154510452009 -0.0 -0.0078125 -0.0078125 0.0011718749999999993 -0.008984375000000001 -0.008984375 0.001171875000000001 0.0 12.48046875 0.0 0.0 23.4296875 0.0 12.33984375 0.0 0.0 26.4921875 0.0 12.48046875 0.0 0.0 25.53515625 0.0 12.4453125 0.0 0.0 23.23828125 0.0 5.8064422607421875
154510452192 -0.0 -0.0078125 -0.0078125 0.0011718749999999993 -0.008984375000000001 -0.008984375 0.001171875000000001 0.0 12.4453125 0.0 0.0 23.8125 0.0 12.3046875 0.0 0.0 24.9609375 0.0 12.55078125 0.0 0.0 25.15234375 0.0 12.48046875 0.0 0.0 22.28125 0.0 5.796661376953125
154510452377 -0.0 -0.0078125 -0.0078125 0.0011718749999999993 -0.008984375000000001 -0.008984375 0.001171875000000001 0.0 12.4453125 0.0 0.0 23.4296875 0.0 12.5859375 0.0 0.0 25.53515625 0.0 12.76171875 0.0 0.0 25.53515625 0.0 12.7265625 0.0 0.0 23.62109375 0.0 5.8064422607421875
154510452563 -0.0 -0.0078125 -0.0078125 0.0011718749999999993 -0.008984375000000001 -0.008984375 0.001171875000000001 0.0 12.7265625 0.0 0.0 23.23828125 0.0 12.62109375 0.0 0.0 25.34375 0.0 12.796875 0.0 0.0 25.34375 0.0 12.7265625 0.0 0.0 23.4296875 0.0 5.796661376953125
154510452756 -0.0 -0.0078125 -0.0078125 0.0011718749999999993 -0.008984375000000001 -0.008984375 0.001171875000000001 0.0 12.7265625 0.0 0.0 23.23828125 0.0 12.62109375 0.0 0.0 25.34375 0.0 12.796875 0.0 0.0 25.34375 0.0 12.76171875 0.0 0.0 23.046875 0.0 5.796661376953125
154510452944 -0.0 -0.0078125 -0.0078125 0.0011718749999999993 -0.008984375000000001 -0.008984375 0.001171875000000001 0.0 12.7265625 0.0 0.0 23.23828125 0.0 12.65625 0.0 0.0 25.34375 0.0 12.83203125 0.0 0.0 25.15234375 0.0 12.76171875 0.0 0.0 23.046875 0.0 5.796661376953125
154510453125 -0.0 -0.0078125 -0.0078125 0.0011718749999999993 -0.008984375000000001 -0.008984375 0.001171875000000001 0.0 12.76171875 0.0 0.0 22.85546875 0.0 12.65625 0.0 0.0 25.34375 0.0 12.83203125 0.0 0.0 25.15234375 0.0 12.76171875 0.0 0.0 23.8125 0.0 5.8064422607421875
154510453309 -0.0 -0.0078125 -0.0078125 0.0011718749999999993 -0.008984375000000001 -0.008984375 0.001171875000000001 0.0 12.76171875 0.0 0.0 22.85546875 0.0 12.65625 0.0 0.0 25.53515625 0.0 12.83203125 0.0 0.0 25.15234375 0.0 12.796875 0.0 0.0 23.23828125 0.0 5.8064422607421875
154510453484 -0.0 -0.0078125 -0.0078125 0.0011718749999999993 -0.008984375000000001 -0.008984375 0.001171875000000001 0.0 12.76171875 0.0 0.0 23.23828125 0.0 12.65625 0.0 0.0 25.34375 0.0 12.62109375 0.0 0.0 25.53515625 0.0 11.98828125 0.0 0.0 23.62109375 0.0 5.7771148681640625
S: 154510453382 Fired
154510453650 -0.0 -0.0078125 -0.0078125 0.0011718749999999993 -0.008984375000000001 -0.008984375 0.001171875000000001 0.0 11.56640625 0.0 0.0 22.08984375 0.0 11.3203125 0.0 0.0 25.15234375 12.37982177734375 11.77734375 0.0 0.0 25.34375 0.0 11.8125 0.0 0.0 22.85546875 0.0 5.0146484375
154510453828 -0.0 -0.0078125 -0.0078125 0.0011718749999999993 -0.008984375000000001 -0.008984375 0.001171875000000001 0.0 11.953125 0.0 0.0 21.70703125 0.0 11.91796875 0.0 0.0 25.91796875 -6.8575286865234375 11.8125 0.0 0.0 25.15234375 0.0 12.41015625 0.0 0.0 23.4296875 0.0 4.408599853515625
154510453988 -0.0 -0.0078125 -0.0078125 0.0011718749999999993 -0.008984375000000001 -0.008984375 0.001171875000000001 0.0 12.515625 0.0 0.0 22.6640625 0.0 12.375 0.0 0.0 25.53515625 3.1426239013671875 12.41015625 0.0 0.0 25.15234375 0.0 12.375 0.0 0.0 22.85546875 0.0 4.7409515380859375
154510454152 -0.0 -0.0078125 -0.0078125 0.0011718749999999993 -0.008984375000000001 -0.008984375 0.001171875000000001 0.0 12.65625 0.0 0.0 22.28125 0.0 12.515625 0.0 0.0 25.91796875 -5.54742431640625 12.7265625 0.0 0.0 25.7265625 0.0 12.65625 0.0 0.0 23.62109375 0.0 5.288360595703125
154510454328 -0.0 -0.0078125 -0.0078125 0.0011718749999999993 -0.008984375000000001 -0.008984375 0.001171875000000001 0.0 12.62109375 0.0 0.0 22.6640625 0.0 12.48046875 0.0 0.0 24.76953125 0.0 12.69140625 0.0 0.0 25.15234375 0.0 12.65625 0.0 0.0 23.8125 0.0 5.7184600830078125
154510454510 -0.0 -0.0078125 -0.0078125 0.0011718749999999993 -0.008984375000000001 -0.008984375 0.001171875000000001 0.0 12.5859375 0.0 0.0 23.046875 0.0 12.515625 0.0 0.0 25.7265625 0.0 12.76171875 0.0 0.0 25.34375 0.0 12.7265625 0.0 0.0 23.8125 0.0 5.845550537109375
154510454702 -0.0 -0.0078125 -0.0078125 0.0011718749999999993 -0.008984375000000001 -0.008984375 0.001171875000000001 0.0 12.7265625 0.0 0.0 22.6640625 0.0 12.62109375 0.0 0.0 25.7265625 0.0 12.796875 0.0 0.0 25.91796875 0.0 12.76171875 0.0 0.0 23.23828125 0.0 5.796661376953125
154510454866 -0.0 -0.0078125 -0.0078125 0.0011718749999999993 -0.008984375000000001 -0.008984375 0.001171875000000001 0.0 12.7265625 0.0 0.0 22.85546875 0.0 12.62109375 0.0 0.0 26.875 0.0 12.796875 0.0 0.0 25.53515625 0.0 12.76171875 0.0 0.0 22.85546875 0.0 5.8064422607421875
154510455043 -0.0 -0.0078125 -0.0078125 0.0011718749999999993 -0.008984375000000001 -0.008984375 0.001171875000000001 0.0 12.7265625 0.0 0.0 23.046875 0.0 12.62109375 0.0 0.0 25.91796875 0.0 12.83203125 0.0 0.0 25.34375 0.0 12.76171875 0.0 0.0 22.6640625 0.0 5.8064422607421875
154510455222 -0.0 -0.0078125 -0.0078125 0.0011718749999999993 -0.008984375000000001 -0.008984375 0.001171875000000001 0.0 12.7265625 0.0 0.0 22.85546875 0.0 12.62109375 0.0 0.0 25.7265625 0.0 12.796875 0.0 0.0 24.76953125 0.0 12.76171875 0.0 0.0 23.23828125 0.0 5.8064422607421875
154510455403 -0.0 -0.0078125 -0.0078125 0.0011718749999999993 -0.008984375000000001 -0.008984375 0.001171875000000001 0.0 12.76171875 0.0 0.0 23.4296875 0.0 12.65625 0.0 0.0 25.7265625 0.0 12.83203125 0.0 0.0 25.34375 0.0 12.76171875 0.0 0.0 23.046875 0.0 5.8064422607421875
154510455585 -0.0 -0.0078125 -0.0078125 0.0011718749999999993 -0.008984375000000001 -0.008984375 0.001171875000000001 0.0 12.76171875 0.0 0.0 23.23828125 0.0 12.65625 0.0 0.0 25.53515625 0.0 12.83203125 0.0 0.0 25.34375 0.0 12.76171875 0.0 0.0 23.046875 0.0 5.8064422607421875
154510455763 -0.0 -0.0078125 -0.0078125 0.0011718749999999993 -0.008984375000000001 -0.008984375 0.001171875000000001 0.0 12.76171875 0.0 0.0 22.47265625 0.0 12.65625 0.0 0.0 25.34375 0.0 12.83203125 0.0 0.0 24.9609375 0.0 12.796875 0.0 0.0 23.23828125 0.0 5.796661376953125
154510455948 -0.0 -0.0078125 -0.0078125 0.0011718749999999993 -0.008984375000000001 -0.008984375 0.001171875000000001 0.0 12.76171875 0.0 0.0 22.6640625 0.0 12.65625 0.0 0.0 24.9609375 0.0 12.83203125 0.0 0.0 25.53515625 0.0 12.76171875 0.0 0.0 23.62109375 0.0 5.8064422607421875
154510456140 -0.0 -0.0078125 -0.0078125 0.0011718749999999993 -0.008984375000000001 -0.008984375 0.001171875000000001 0.0 12.76171875 0.0 0.0 23.046875 0.0 12.65625 0.0 0.0 25.91796875 0.0 12.83203125 0.0 0.0 25.53515625 0.0 12.796875 0.0 0.0 22.85546875 0.0 5.796661376953125
154510456319 -0.0 -0.0078125 -0.0078125 0.0011718749999999993 -0.008984375000000001 -0.008984375 0.001171875000000001 0.0 12.796875 0.0 0.0 22.6640625 0.0 12.65625 0.0 0.0 25.91796875 0.0 12.83203125 0.0 0.0 25.53515625 0.0 12.796875 0.0 0.0 23.046875 0.0 5.796661376953125
154510456503 -0.0 -0.0078125 -0.0078125 0.0011718749999999993 -0.008984375000000001 -0.008984375 0.001171875000000001 0.0 12.76171875 0.0 0.0 23.8125 0.0 12.65625 0.0 0.0 25.91796875 0.0 12.83203125 0.0 0.0 25.34375 0.0 12.796875 0.0 0.0 23.62109375 0.0 5.8064422607421875
154510456683 -0.0 -0.0078125 -0.0078125 0.0011718749999999993 -0.008984375000000001 -0.008984375 0.001171875000000001 0.0 12.796875 0.0 0.0 22.85546875 0.0 12.69140625 0.0 0.0 25.91796875 0.0 12.83203125 0.0 0.0 25.15234375 0.0 12.796875 0.0 0.0 23.4296875 0.0 5.8064422607421875
154510456896 -0.0 -0.0078125 -0.0078125 0.0011718749999999993 -0.008984375000000001 -0.008984375 0.001171875000000001 0.0 12.76171875 0.0 0.0 22.85546875 0.0 12.69140625 0.0 0.0 25.15234375 0.0 12.8671875 0.0 0.0 25.15234375 0.0 12.83203125 0.0 0.0 23.23828125 0.0 5.8064422607421875
154510457076 -0.0 -0.0078125 -0.0078125 0.0011718749999999993 -0.008984375000000001 -0.008984375 0.001171875000000001 0.0 12.796875 0.0 0.0 22.28125 0.0 12.69140625 0.0 0.0 25.7265625 0.0 12.8671875 0.0 0.0 25.34375 0.0 12.796875 0.0 0.0 23.62109375 0.0 5.786895751953125
154510457262 -0.0 -0.0078125 -0.0078125 0.0011718749999999993 -0.008984375000000001 -0.008984375 0.001171875000000001 0.0 12.796875 0.0 0.0 23.62109375 0.0 12.69140625 0.0 0.0 26.30078125 0.0 12.8671875 0.0 0.0 25.15234375 0.0 12.83203125 0.0 0.0 23.4296875 0.0 5.796661376953125
154510457438 -0.0 -0.0078125 -0.0078125 0.0011718749999999993 -0.008984375000000001 -0.008984375 0.001171875000000001 0.0 12.796875 0.0 0.0 22.28125 0.0 12.69140625 0.0 0.0 26.4921875 0.0 12.8671875 0.0 0.0 25.7265625 0.0 12.83203125 0.0 0.0 22.85546875 0.0 5.796661376953125
154510457624 -0.0 -0.0078125 -0.0078125 0.0011718749999999993 -0.008984375000000001 -0.008984375 0.001171875000000001 0.0 12.796875 0.0 0.0 23.23828125 0.0 12.69140625 0.0 0.0 25.53515625 0.0 12.8671875 0.0 0.0 25.91796875 0.0 12.83203125 0.0 0.0 23.23828125 0.0 5.8064422607421875
154510457818 -0.0 -0.0078125 -0.0078125 0.0011718749999999993 -0.008984375000000001 -0.008984375 0.001171875000000001 0.0 12.796875 0.0 0.0 23.4296875 0.0 12.69140625 0.0 0.0 26.4921875 0.0 12.8671875 0.0 0.0 25.15234375 0.0 12.83203125 0.0 0.0 23.046875 0.0 5.8064422607421875
154510457991 -0.0 -0.0078125 -0.0078125 0.0011718749999999993 -0.008984375000000001 -0.008984375 0.001171875000000001 0.0 12.796875 0.0 0.0 22.6640625 0.0 12.69140625 0.0 0.0 24.38671875 0.0 12.8671875 0.0 0.0 25.91796875 0.0 12.83203125 0.0 0.0 22.85546875 0.0 5.796661376953125
154510458171 -0.0 -0.0078125 -0.0078125 0.0011718749999999993 -0.008984375000000001 -0.008984375 0.001171875000000001 0.0 12.796875 0.0 0.0 22.6640625 0.0 12.69140625 0.0 0.0 25.53515625 0.0 12.8671875 0.0 0.0 24.578125 0.0 12.83203125 0.0 0.0 23.8125 0.0 5.796661376953125
154510458363 -0.0 -0.0078125 -0.0078125 0.0011718749999999993 -0.008984375000000001 -0.008984375 0.001171875000000001 0.0 12.796875 0.0 0.0 23.23828125 0.0 12.69140625 0.0 0.0 25.34375 0.0 12.8671875 0.0 0.0 25.15234375 0.0 12.83203125 0.0 0.0 23.62109375 0.0 5.796661376953125
154510458548 -0.0 -0.0078125 -0.0078125 0.0011718749999999993 -0.008984375000000001 -0.008984375 0.001171875000000001 0.0 12.796875 0.0 0.0 23.23828125 0.0 12.69140625 0.0 0.0 25.7265625 0.0 12.8671875 0.0 0.0 24.76953125 0.0 12.83203125 0.0 0.0 23.62109375 0.0 5.8064422607421875
154510458724 -0.0 -0.0078125 -0.0078125 0.0011718749999999993 -0.008984375000000001 -0.008984375 0.001171875000000001 0.0 12.83203125 0.0 0.0 22.6640625 0.0 12.69140625 0.0 0.0 25.34375 0.0 12.90234375 0.0 0.0 25.15234375 0.0 12.83203125 0.0 0.0 23.23828125 0.0 5.8064422607421875
154510458909 -0.0 -0.0078125 -0.0078125 0.0011718749999999993 -0.008984375000000001 -0.008984375 0.001171875000000001 0.0 12.796875 0.0 0.0 22.85546875 0.0 12.7265625 0.0 0.0 26.4921875 0.0 12.90234375 0.0 0.0 25.15234375 0.0 12.83203125 0.0 0.0 23.046875 0.0 5.8064422607421875
154510459083 -0.0 -0.0078125 -0.0078125 0.0011718749999999993 -0.008984375000000001 -0.008984375 0.001171875000000001 0.0 12.83203125 0.0 0.0 22.85546875 0.0 12.69140625 0.0 0.0 25.53515625 0.0 12.90234375 0.0 0.0 25.53515625 0.0 12.83203125 0.0 0.0 23.046875 0.0 5.796661376953125
154510459263 -0.0 -0.0078125 -0.0078125 0.0011718749999999993 -0.008984375000000001 -0.008984375 0.001171875000000001 0.0 12.83203125 0.0 0.0 22.47265625 0.0 12.7265625 0.0 0.0 26.109375 0.0 12.90234375 0.0 0.0 25.53515625 0.0 12.83203125 0.0 0.0 23.4296875 0.0 5.796661376953125
154510459444 -0.0 -0.0078125 -0.0078125 0.0011718749999999993 -0.008984375000000001 -0.008984375 0.001171875000000001 0.0 12.83203125 0.0 0.0 23.4296875 0.0 12.7265625 0.0 0.0 25.7265625 0.0 12.90234375 0.0 0.0 25.34375 0.0 12.83203125 0.0 0.0 23.23828125 0.0 5.796661376953125
154510459636 -0.0 -0.0078125 -0.0078125 0.0011718749999999993 -0.008984375000000001 -0.008984375 0.001171875000000001 0.0 12.83203125 0.0 0.0 22.47265625 0.0 12.7265625 0.0 0.0 25.15234375 0.0 12.90234375 0.0 0.0 24.9609375 0.0 12.83203125 0.0 0.0 23.4296875 0.0 5.796661376953125
154510459808 -0.0 -0.0078125 -0.0078125 0.0011718749999999993 -0.008984375000000001 -0.008984375 0.001171875000000001 0.0 12.796875 0.0 0.0 23.23828125 0.0 12.7265625 0.0 0.0 25.34375 0.0 12.55078125 0.0 0.0 25.34375 0.0 12.05859375 0.0 0.0 23.4296875 0.0 5.669586181640625
S: 154510459703 Fired
154510459998 -0.0 -0.0078125 -0.0078125 0.0011718749999999993 -0.008984375000000001 -0.008984375 0.001171875000000001 0.0 11.4609375 0.0 0.0 22.47265625 0.0 11.53125 0.0 0.0 25.53515625 -3.9814453125 11.91796875 0.0 0.0 24.9609375 0.0 11.953125 0.0 0.0 23.4296875 0.0 4.9560089111328125
154510460168 -0.0 -0.0078125 -0.0078125 0.0011718749999999993 -0.008984375000000001 -0.008984375 0.001171875000000001 0.0 12.0234375 0.0 0.0 23.23828125 0.0 11.84765625 0.0 0.0 25.91796875 -9.512359619140625 12.5859375 0.0 0.0 24.9609375 0.0 12.65625 0.0 0.0 23.046875 0.0 4.477020263671875
154510460344 -0.0 -0.0078125 -0.0078125 0.0011718749999999993 -0.008984375000000001 -0.008984375 0.001171875000000001 0.0 12.515625 0.0 0.0 22.6640625 0.0 12.234375 0.0 0.0 25.34375 -5.1038818359375 12.515625 0.0 0.0 25.53515625 0.0 12.76171875 0.0 0.0 23.046875 0.0 5.0244293212890625
154510460524 -0.0 -0.0078125 -0.0078125 0.0011718749999999993 -0.008984375000000001 -0.008984375 0.001171875000000001 0.0 12.69140625 0.0 0.0 23.4296875 0.0 12.55078125 0.0 0.0 25.34375 0.0 12.76171875 0.0 0.0 24.9609375 0.0 12.7265625 0.0 0.0 23.23828125 0.0 5.50341796875
154510460701 -0.0 -0.0078125 -0.0078125 0.0011718749999999993 -0.008984375000000001 -0.008984375 0.001171875000000001 0.0 12.65625 0.0 0.0 23.046875 0.0 12.55078125 0.0 0.0 25.53515625 0.0 12.69140625 0.0 0.0 25.34375 0.0 12.65625 0.0 0.0 23.046875 0.0 5.845550537109375
154510460884 -0.0 -0.0078125 -0.0078125 0.0011718749999999993 -0.008984375000000001 -0.008984375 0.001171875000000001 0.0 12.7265625 0.0 0.0 23.62109375 0.0 12.62109375 0.0 0.0 25.53515625 0.0 12.83203125 0.0 0.0 25.34375 0.0 12.796875 0.0 0.0 23.046875 0.0 5.8064422607421875
154510461063 -0.0 -0.0078125 -0.0078125 0.0011718749999999993 -0.008984375000000001 -0.008984375 0.001171875000000001 0.0 12.76171875 0.0 0.0 23.23828125 0.0 12.65625 0.0 0.0 25.91796875 0.0 12.83203125 0.0 0.0 25.15234375 0.0 12.796875 0.0 0.0 23.23828125 0.0 5.8064422607421875
154510461244 -0.0 -0.0078125 -0.0078125 0.0011718749999999993 -0.008984375000000001 -0.008984375 0.001171875000000001 0.0 12.76171875 0.0 0.0 23.046875 0.0 12.65625 0.0 0.0 25.7265625 0.0 12.83203125 0.0 0.0 25.34375 0.0 12.796875 0.0 0.0 23.046875 0.0 5.8064422607421875
154510461424 -0.0 -0.0078125 -0.0078125 0.0011718749999999993 -0.008984375000000001 -0.008984375 0.001171875000000001 0.0 12.76171875 0.0 0.0 23.62109375 0.0 12.65625 0.0 0.0 25.34375 0.0 12.83203125 0.0 0.0 25.15234375 0.0 12.796875 0.0 0.0 23.4296875 0.0 5.8064422607421875
154510461603 -0.0 -0.0078125 -0.0078125 0.0011718749999999993 -0.008984375000000001 -0.008984375 0.001171875000000001 0.0 12.796875 0.0 0.0 23.4296875 0.0 12.65625 0.0 0.0 25.53515625 0.0 12.8671875 0.0 0.0 24.9609375 0.0 12.796875 0.0 0.0 23.4296875 0.0 5.8064422607421875
154510461789 -0.0 -0.0078125 -0.0078125 0.0011718749999999993 -0.008984375000000001 -0.008984375 0.001171875000000001 0.0 12.76171875 0.0 0.0 22.6640625 0.0 12.69140625 0.0 0.0 25.91796875 0.0 12.8671875 0.0 0.0 24.9609375 0.0 12.796875 0.0 0.0 23.4296875 0.0 5.8064422607421875
154510461990 -0.0 -0.0078125 -0.0078125 0.0011718749999999993 -0.008984375000000001 -0.008984375 0.001171875000000001 0.0 12.796875 0.0 0.0 23.046875 0.0 12.69140625 0.0 0.0 25.53515625 0.0 12.8671875 0.0 0.0 25.53515625 0.0 12.796875 0.0 0.0 23.23828125 0.0 5.796661376953125
154510462183 -0.0 -0.0078125 -0.0078125 0.0011718749999999993 -0.008984375000000001 -0.008984375 0.001171875000000001 0.0 12.796875 0.0 0.0 22.85546875 0.0 12.69140625 0.0 0.0 25.34375 0.0 12.8671875 0.0 0.0 25.53515625 0.0 12.83203125 0.0 0.0 23.4296875 0.0 5.8064422607421875
154510462365 -0.0 -0.0078125 -0.0078125 0.0011718749999999993 -0.008984375000000001 -0.008984375 0.001171875000000001 0.0 12.796875 0.0 0.0 22.6640625 0.0 12.69140625 0.0 0.0 25.53515625 0.0 12.8671875 0.0 0.0 25.34375 0.0 12.83203125 0.0 0.0 23.23828125 0.0 5.796661376953125
154510462544 -0.0 -0.0078125 -0.0078125 0.0011718749999999993 -0.008984375000000001 -0.008984375 0.001171875000000001 0.0 12.796875 0.0 0.0 22.85546875 0.0 12.69140625 0.0 0.0 25.15234375 0.0 12.8671875 0.0 0.0 24.9609375 0.0 12.796875 0.0 0.0 22.85546875 0.0 5.8064422607421875
154510462725 -0.0 -0.0078125 -0.0078125 0.0011718749999999993 -0.008984375000000001 -0.008984375 0.001171875000000001 0.0 12.796875 0.0 0.0 22.85546875 0.0 12.69140625 0.0 0.0 25.7265625 0.0 12.8671875 0.0 0.0 25.15234375 0.0 12.83203125 0.0 0.0 23.046875 0.0 5.8064422607421875
154510462917 -0.0 -0.0078125 -0.0078125 0.0011718749999999993 -0.008984375000000001 -0.008984375 0.001171875000000001 0.0 12.83203125 0.0 0.0 23.23828125 0.0 12.69140625 0.0 0.0 25.53515625 0.0 12.8671875 0.0 0.0 24.76953125 0.0 12.83203125 0.0 0.0 22.85546875 0.0 5.8064422607421875
154510463105 -0.0 -0.0078125 -0.0078125 0.0011718749999999993 -0.008984375000000001 -0.008984375 0.001171875000000001 0.0 12.796875 0.0 0.0 22.6640625 0.0 12.69140625 0.0 0.0 25.91796875 0.0 12.8671875 0.0 0.0 25.7265625 0.0 12.83203125 0.0 0.0 23.8125 0.0 5.8064422607421875
154510463284 -0.0 -0.0078125 -0.0078125 0.0011718749999999993 -0.008984375000000001 -0.008984375 0.001171875000000001 0.0 12.796875 0.0 0.0 22.6640625 0.0 12.69140625 0.0 0.0 25.53515625 0.0 12.90234375 0.0 0.0 25.34375 0.0 12.83203125 0.0 0.0 23.4296875 0.0 5.8064422607421875
154510463464 -0.0 -0.0078125 -0.0078125 0.0011718749999999993 -0.008984375000000001 -0.008984375 0.001171875000000001 0.0 12.796875 0.0 0.0 23.046875 0.0 12.69140625 0.0 0.0 25.34375 0.0 12.8671875 0.0 0.0 25.53515625 0.0 12.83203125 0.0 0.0 23.046875 0.0 5.8064422607421875
154510463649 -0.0 -0.0078125 -0.0078125 0.0011718749999999993 -0.008984375000000001 -0.008984375 0.001171875000000001 0.0 12.83203125 0.0 0.0 22.47265625 0.0 12.7265625 0.0 0.0 25.15234375 0.0 12.8671875 0.0 0.0 25.34375 0.0 12.83203125 0.0 0.0 22.85546875 0.0 5.8064422607421875
154510463829 -0.0 -0.0078125 -0.0078125 0.0011718749999999993 -0.008984375000000001 -0.008984375 0.001171875000000001 0.0 12.796875 0.0 0.0 23.23828125 0.0 12.7265625 0.0 0.0 25.53515625 0.0 12.90234375 0.0 0.0 25.7265625 0.0 12.83203125 0.0 0.0 23.8125 0.0 5.8064422607421875
154510464010 -0.0 -0.0078125 -0.0078125 0.0011718749999999993 -0.008984375000000001 -0.008984375 0.001171875000000001 0.0 12.83203125 0.0 0.0 22.47265625 0.0 12.7265625 0.0 0.0 25.7265625 0.0 12.90234375 0.0 0.0 24.9609375 0.0 12.8671875 0.0 0.0 23.62109375 0.0 5.796661376953125
154510464170 -0.0 -0.0078125 -0.0078125 0.0011718749999999993 -0.008984375000000001 -0.008984375 0.001171875000000001 0.0 12.83203125 0.0 0.0 23.62109375 0.0 12.7265625 0.0 0.0 26.4921875 0.0 12.90234375 0.0 0.0 25.15234375 0.0 12.8671875 0.0 0.0 23.62109375 0.0 5.8064422607421875
