Timestamp Driver_Joy_Y Driver_Joy_X Driver_Joy_W FL_Out BL_Out BR_Out FR_Out FL_Jag_Speed FL_Bus_Voltage FL_Out_Voltage FL_Out_Current FL_Temp BL_Jag_Speed BL_Bus_Voltage BL_Out_Voltage BL_Out_Current BL_Temp BR_Jag_Speed BR_Bus_Voltage BR_Out_Voltage BR_Out_Current BR_Temp FR_Jag_Speed FR_Bus_Voltage FR_Out_Voltage FR_Out_Current FR_Temp
154682111710 -0.0 0.0 -0.0078125 -0.00390625 -0.00390625 -0.00390625 -0.00390625 0.0 12.69140625 0.0 0.0 23.8125 0.0 12.5859375 0.0 0.0 26.30078125 0.0 12.796875 0.0 0.0 26.30078125 0.0 12.7265625 0.0 0.0 24.00390625 0.0 5.7771148681640625
154682111880 -0.0 0.0 -0.0078125 -0.00390625 -0.00390625 -0.00390625 -0.00390625 0.0 12.7265625 0.0 0.0 24.00390625 0.0 12.5859375 0.0 0.0 26.68359375 0.0 12.76171875 0.0 0.0 26.4921875 0.0 12.7265625 0.0 0.0 24.76953125 0.0 5.7771148681640625
154682112048 -0.0 0.0 -0.0078125 -0.00390625 -0.00390625 -0.00390625 -0.00390625 0.0 12.7265625 0.0 0.0 23.62109375 0.0 12.5859375 0.0 0.0 26.4921875 0.0 12.76171875 0.0 0.0 25.91796875 0.0 12.7265625 0.0 0.0 24.00390625 0.0 5.7673492431640625
154682112217 -0.0 0.0 -0.0078125 -0.00390625 -0.00390625 -0.00390625 -0.00390625 0.0 12.69140625 0.0 0.0 23.8125 0.0 12.5859375 0.0 0.0 26.109375 0.0 12.76171875 0.0 0.0 26.109375 0.0 12.7265625 0.0 0.0 24.578125 0.0 5.7673492431640625
154682112389 -0.0 0.0 -0.0078125 -0.00390625 -0.00390625 -0.00390625 -0.00390625 0.0 12.69140625 0.0 0.0 23.046875 0.0 12.5859375 0.0 0.0 26.68359375 0.0 12.76171875 0.0 0.0 26.4921875 0.0 12.7265625 0.0 0.0 24.76953125 0.0 5.7771148681640625
154682112556 -0.0 0.0 -0.0078125 -0.00390625 -0.00390625 -0.00390625 -0.00390625 0.0 12.7265625 0.0 0.0 23.4296875 0.0 12.5859375 0.0 0.0 26.4921875 0.0 12.76171875 0.0 0.0 26.109375 0.0 12.7265625 0.0 0.0 24.1953125 0.0 5.7771148681640625
154682112729 -0.0 0.0 -0.0078125 -0.00390625 -0.00390625 -0.00390625 -0.00390625 0.0 12.7265625 0.0 0.0 23.62109375 0.0 12.5859375 0.0 0.0 26.109375 0.0 12.76171875 0.0 0.0 26.109375 0.0 12.7265625 0.0 0.0 24.00390625 0.0 5.7673492431640625
154682113038 -0.0 0.0 -0.0078125 -0.00390625 -0.00390625 -0.00390625 -0.00390625 0.0 12.69140625 0.0 0.0 24.00390625 0.0 12.5859375 0.0 0.0 26.109375 0.0 12.76171875 0.0 0.0 26.30078125 0.0 12.7265625 0.0 0.0 24.1953125 0.0 5.7771148681640625
154682113200 -0.0 0.0 -0.0078125 -0.00390625 -0.00390625 -0.00390625 -0.00390625 0.0 12.69140625 0.0 0.0 23.8125 0.0 12.5859375 0.0 0.0 26.4921875 0.0 12.375 0.0 0.0 26.4921875 0.0 11.3203125 0.0 0.0 23.8125 0.0 5.757568359375
S: 154682113099 Fired
154682113365 -0.0 0.0 -0.0078125 -0.00390625 -0.00390625 -0.00390625 -0.00390625 0.0 10.86328125 0.0 0.0 24.00390625 0.0 10.51171875 0.0 0.0 25.91796875 8.355621337890625 11.0390625 0.0 0.0 25.7265625 0.0 10.6875 0.0 0.0 24.1953125 0.0 5.0830841064453125
154682113537 -0.0 0.0 -0.0078125 -0.00390625 -0.00390625 -0.00390625 -0.00390625 0.0 10.828125 0.0 0.0 23.046875 0.0 10.7578125 0.0 0.0 27.06640625 -8.1195068359375 8.33203125 0.0 0.0 26.30078125 0.0 8.15625 0.0 0.0 24.00390625 0.0 4.5845489501953125
154682113692 -0.0 0.0 -0.0078125 -0.00390625 -0.00390625 -0.00390625 -0.00390625 0.0 11.4609375 0.0 0.0 23.62109375 0.0 11.390625 0.0 0.0 26.4921875 4.5988006591796875 12.0234375 0.0 0.0 26.30078125 0.0 11.953125 0.0 0.0 24.1953125 0.0 5.102630615234375
154682113859 -0.0 0.0 -0.0078125 -0.00390625 -0.00390625 -0.00390625 -0.00390625 0.0 11.91796875 0.0 0.0 23.8125 0.0 11.8828125 0.0 0.0 25.91796875 6.1939544677734375 12.05859375 0.0 0.0 26.30078125 0.0 11.98828125 0.0 0.0 23.8125 0.0 5.483856201171875
154682114026 -0.0 0.0 -0.0078125 -0.00390625 -0.00390625 -0.00390625 -0.00390625 0.0 11.8828125 0.0 0.0 23.23828125 0.0 11.77734375 0.0 0.0 25.7265625 0.0 11.8828125 0.0 0.0 26.30078125 0.0 11.8828125 0.0 0.0 24.76953125 0.0 5.68914794921875
154682114188 -0.0 0.0 -0.0078125 -0.00390625 -0.00390625 -0.00390625 -0.00390625 0.0 11.8125 0.0 0.0 23.8125 0.0 11.77734375 0.0 0.0 27.44921875 0.0 12.0234375 0.0 0.0 26.30078125 0.0 11.98828125 0.0 0.0 24.00390625 0.0 5.81622314453125
154682114358 -0.0 0.0 -0.0078125 -0.00390625 -0.00390625 -0.00390625 -0.00390625 0.0 12.12890625 0.0 0.0 23.8125 0.0 11.91796875 0.0 0.0 26.4921875 0.0 12.12890625 0.0 0.0 26.30078125 0.0 12.12890625 0.0 0.0 24.1953125 0.0 5.7673492431640625
154682114535 -0.0 0.0 -0.0078125 -0.00390625 -0.00390625 -0.00390625 -0.00390625 0.0 12.0234375 0.0 0.0 23.8125 0.0 11.91796875 0.0 0.0 26.875 0.0 12.12890625 0.0 0.0 26.4921875 0.0 12.09375 0.0 0.0 24.76953125 0.0 5.7673492431640625
154682114703 -0.0 0.0 -0.0078125 -0.00390625 -0.00390625 -0.00390625 -0.00390625 0.0 11.98828125 0.0 0.0 23.8125 0.0 11.8828125 0.0 0.0 26.4921875 0.0 12.1640625 0.0 0.0 26.30078125 0.0 12.12890625 0.0 0.0 23.8125 0.0 5.7771148681640625
154682114868 -0.0 0.0 -0.0078125 -0.00390625 -0.00390625 -0.00390625 -0.00390625 0.0 12.05859375 0.0 0.0 23.4296875 0.0 11.98828125 0.0 0.0 26.68359375 0.0 12.1640625 0.0 0.0 26.4921875 0.0 12.09375 0.0 0.0 24.76953125 0.0 5.7673492431640625
154682115031 -0.0 0.0 -0.0078125 -0.00390625 -0.00390625 -0.00390625 -0.00390625 0.0 12.12890625 0.0 0.0 24.1953125 0.0 11.8828125 0.0 0.0 27.2578125 0.0 12.09375 0.0 0.0 26.4921875 0.0 12.09375 0.0 0.0 24.1953125 0.0 5.7771148681640625
154682115216 -0.0 0.0 -0.0078125 -0.00390625 -0.00390625 -0.00390625 -0.00390625 0.0 12.0234375 0.0 0.0 23.8125 0.0 11.98828125 0.0 0.0 27.2578125 0.0 12.1640625 0.0 0.0 26.30078125 0.0 11.98828125 0.0 0.0 24.00390625 0.0 5.7771148681640625
154682115397 -0.0 0.0 -0.0078125 -0.00390625 -0.00390625 -0.00390625 -0.00390625 0.0 12.0234375 0.0 0.0 23.4296875 0.0 11.953125 0.0 0.0 27.06640625 0.0 12.09375 0.0 0.0 26.4921875 0.0 12.05859375 0.0 0.0 23.8125 0.0 5.7673492431640625
154682115582 -0.0 0.0 -0.0078125 -0.00390625 -0.00390625 -0.00390625 -0.00390625 0.0 12.12890625 0.0 0.0 24.1953125 0.0 11.91796875 0.0 0.0 26.875 0.0 12.12890625 0.0 0.0 26.109375 0.0 12.1640625 0.0 0.0 23.62109375 0.0 5.7673492431640625
154682115762 -0.0 0.0 -0.0078125 -0.00390625 -0.00390625 -0.00390625 -0.00390625 0.0 12.05859375 0.0 0.0 23.046875 0.0 11.91796875 0.0 0.0 26.68359375 0.0 12.12890625 0.0 0.0 26.4921875 0.0 12.12890625 0.0 0.0 24.00390625 0.0 5.7673492431640625
154682115930 -0.0 0.0 -0.0078125 -0.00390625 -0.00390625 -0.00390625 -0.00390625 0.0 12.12890625 0.0 0.0 23.23828125 0.0 12.0234375 0.0 0.0 26.109375 0.0 12.19921875 0.0 0.0 26.30078125 0.0 12.05859375 0.0 0.0 24.1953125 0.0 5.7673492431640625
154682116101 -0.0 0.0 -0.0078125 -0.00390625 -0.00390625 -0.00390625 -0.00390625 0.0 12.05859375 0.0 0.0 23.8125 0.0 11.91796875 0.0 0.0 26.875 0.0 12.1640625 0.0 0.0 25.91796875 0.0 12.12890625 0.0 0.0 23.8125 0.0 5.7771148681640625
154682116283 -0.0 0.0 -0.0078125 -0.00390625 -0.00390625 -0.00390625 -0.00390625 0.0 12.09375 0.0 0.0 23.4296875 0.0 11.8828125 0.0 0.0 27.83203125 0.0 12.12890625 0.0 0.0 26.4921875 0.0 12.12890625 0.0 0.0 24.1953125 0.0 5.7673492431640625
154682116450 -0.0 0.0 -0.0078125 -0.00390625 -0.00390625 -0.00390625 -0.00390625 0.0 12.0234375 0.0 0.0 23.62109375 0.0 11.91796875 0.0 0.0 26.4921875 0.0 12.12890625 0.0 0.0 25.91796875 0.0 12.09375 0.0 0.0 24.38671875 0.0 5.7771148681640625
154682116623 -0.0 0.0 -0.0078125 -0.00390625 -0.00390625 -0.00390625 -0.00390625 0.0 12.05859375 0.0 0.0 23.4296875 0.0 11.91796875 0.0 0.0 26.109375 0.0 12.12890625 0.0 0.0 25.91796875 0.0 12.12890625 0.0 0.0 24.38671875 0.0 5.7771148681640625
154682116802 -0.0 0.0 -0.0078125 -0.00390625 -0.00390625 -0.00390625 -0.00390625 0.0 12.12890625 0.0 0.0 23.62109375 0.0 11.953125 0.0 0.0 26.109375 0.0 12.1640625 0.0 0.0 25.7265625 0.0 12.12890625 0.0 0.0 24.578125 0.0 5.7673492431640625
154682116982 -0.0 0.0 -0.0078125 -0.00390625 -0.00390625 -0.00390625 -0.00390625 0.0 11.98828125 0.0 0.0 24.1953125 0.0 11.953125 0.0 0.0 26.4921875 0.0 12.1640625 0.0 0.0 26.109375 0.0 12.12890625 0.0 0.0 23.8125 0.0 5.7673492431640625
154682117150 -0.0 0.0 -0.0078125 -0.00390625 -0.00390625 -0.00390625 -0.00390625 0.0 12.1640625 0.0 0.0 24.1953125 0.0 11.91796875 0.0 0.0 27.44921875 0.0 12.12890625 0.0 0.0 25.7265625 0.0 12.12890625 0.0 0.0 24.00390625 0.0 5.7673492431640625
154682117335 -0.0 0.0 -0.0078125 -0.00390625 -0.00390625 -0.00390625 -0.00390625 0.0 12.0234375 0.0 0.0 23.8125 0.0 11.98828125 0.0 0.0 26.109375 0.0 12.05859375 0.0 0.0 26.109375 0.0 12.0234375 0.0 0.0 24.1953125 0.0 5.7673492431640625
154682117517 -0.0 0.0 -0.0078125 -0.00390625 -0.00390625 -0.00390625 -0.00390625 0.0 12.12890625 0.0 0.0 23.4296875 0.0 11.953125 0.0 0.0 26.30078125 0.0 12.19921875 0.0 0.0 26.68359375 0.0 12.0234375 0.0 0.0 24.1953125 0.0 5.7673492431640625
154682117688 -0.0 0.0 -0.0078125 -0.00390625 -0.00390625 -0.00390625 -0.00390625 0.0 12.09375 0.0 0.0 24.1953125 0.0 11.8828125 0.0 0.0 27.44921875 0.0 12.12890625 0.0 0.0 26.4921875 0.0 12.09375 0.0 0.0 24.38671875 0.0 5.7673492431640625
154682117862 -0.0 0.0 -0.0078125 -0.00390625 -0.00390625 -0.00390625 -0.00390625 0.0 12.05859375 0.0 0.0 23.62109375 0.0 11.98828125 0.0 0.0 27.2578125 0.0 12.1640625 0.0 0.0 26.30078125 0.0 12.0234375 0.0 0.0 24.578125 0.0 5.7771148681640625
154682118041 -0.0 0.0 -0.0078125 -0.00390625 -0.00390625 -0.00390625 -0.00390625 0.0 11.98828125 0.0 0.0 23.8125 0.0 11.98828125 0.0 0.0 25.7265625 0.0 12.1640625 0.0 0.0 25.7265625 0.0 12.0234375 0.0 0.0 24.1953125 0.0 5.757568359375
154682118212 -0.0 0.0 -0.0078125 -0.00390625 -0.00390625 -0.00390625 -0.00390625 0.0 11.98828125 0.0 0.0 23.4296875 0.0 11.91796875 0.0 0.0 26.4921875 0.0 12.1640625 0.0 0.0 26.4921875 0.0 12.12890625 0.0 0.0 23.62109375 0.0 5.757568359375
154682118395 -0.0 0.0 -0.0078125 -0.00390625 -0.00390625 -0.00390625 -0.00390625 0.0 12.05859375 0.0 0.0 23.62109375 0.0 11.91796875 0.0 0.0 26.4921875 0.0 12.19921875 0.0 0.0 26.30078125 0.0 12.0234375 0.0 0.0 23.62109375 0.0 5.7771148681640625
154682118578 -0.0 0.0 -0.0078125 -0.00390625 -0.00390625 -0.00390625 -0.00390625 0.0 12.0234375 0.0 0.0 24.00390625 0.0 11.91796875 0.0 0.0 26.4921875 0.0 12.19921875 0.0 0.0 26.68359375 0.0 12.12890625 0.0 0.0 23.8125 0.0 5.7771148681640625
154682118751 -0.0 0.0 -0.0078125 -0.00390625 -0.00390625 -0.00390625 -0.00390625 0.0 12.05859375 0.0 0.0 24.38671875 0.0 11.98828125 0.0 0.0 26.30078125 0.0 12.1640625 0.0 0.0 26.4921875 0.0 11.98828125 0.0 0.0 24.578125 0.0 5.7771148681640625
154682118914 -0.0 0.0 -0.0078125 -0.00390625 -0.00390625 -0.00390625 -0.00390625 0.0 12.41015625 0.0 0.0 24.1953125 0.0 12.3046875 0.0 0.0 28.0234375 0.0 12.515625 0.0 0.0 26.109375 0.0 12.515625 0.0 0.0 24.1953125 0.0 5.7673492431640625
