Timestamp Driver_Joy_Y Driver_Joy_X Driver_Joy_W FL_Out BL_Out BR_Out FR_Out FL_Jag_Speed FL_Bus_Voltage FL_Out_Voltage FL_Out_Current FL_Temp BL_Jag_Speed BL_Bus_Voltage BL_Out_Voltage BL_Out_Current BL_Temp BR_Jag_Speed BR_Bus_Voltage BR_Out_Voltage BR_Out_Current BR_Temp FR_Jag_Speed FR_Bus_Voltage FR_Out_Voltage FR_Out_Current FR_Temp
154682133963 -0.0 0.0 -0.0078125 -0.00390625 -0.00390625 -0.00390625 -0.00390625 0.0 12.26953125 0.0 0.0 23.4296875 0.0 12.09375 0.0 0.0 26.4921875 0.0 12.3046875 0.0 0.0 26.30078125 0.0 12.26953125 0.0 0.0 24.578125 0.0 5.7086944580078125
154682134135 -0.0 0.0 -0.0078125 -0.00390625 -0.00390625 -0.00390625 -0.00390625 0.0 12.234375 0.0 0.0 24.76953125 0.0 12.1640625 0.0 0.0 26.68359375 0.0 12.19921875 0.0 0.0 26.4921875 0.0 12.234375 0.0 0.0 24.1953125 0.0 5.7184600830078125
154682134310 -0.0 0.0 -0.0078125 -0.00390625 -0.00390625 -0.00390625 -0.00390625 0.0 12.26953125 0.0 0.0 23.8125 0.0 12.12890625 0.0 0.0 26.68359375 0.0 12.234375 0.0 0.0 26.109375 0.0 12.234375 0.0 0.0 23.8125 0.0 5.7086944580078125
154682134481 -0.0 0.0 -0.0078125 -0.00390625 -0.00390625 -0.00390625 -0.00390625 0.0 12.1640625 0.0 0.0 23.8125 0.0 12.12890625 0.0 0.0 27.06640625 0.0 12.19921875 0.0 0.0 25.7265625 0.0 12.1640625 0.0 0.0 24.1953125 0.0 5.7086944580078125
154682134652 -0.0 0.0 -0.0078125 -0.00390625 -0.00390625 -0.00390625 -0.00390625 0.0 12.09375 0.0 0.0 22.47265625 0.0 12.12890625 0.0 0.0 26.30078125 0.0 12.3046875 0.0 0.0 26.4921875 0.0 12.1640625 0.0 0.0 24.76953125 0.0 5.7086944580078125
154682134829 -0.0 0.0 -0.0078125 -0.00390625 -0.00390625 -0.00390625 -0.00390625 0.0 12.05859375 0.0 0.0 24.1953125 0.0 12.05859375 0.0 0.0 26.30078125 0.0 12.26953125 0.0 0.0 26.109375 0.0 12.234375 0.0 0.0 24.00390625 0.0 5.7184600830078125
154682134998 -0.0 0.0 -0.0078125 -0.00390625 -0.00390625 -0.00390625 -0.00390625 0.0 12.12890625 0.0 0.0 23.8125 0.0 11.98828125 0.0 0.0 27.06640625 0.0 12.19921875 0.0 0.0 26.68359375 0.0 12.19921875 0.0 0.0 24.1953125 0.0 5.7086944580078125
154682135168 -0.0 0.0 -0.0078125 -0.00390625 -0.00390625 -0.00390625 -0.00390625 0.0 12.19921875 0.0 0.0 24.38671875 0.0 12.09375 0.0 0.0 26.4921875 0.0 12.1640625 0.0 0.0 26.30078125 0.0 12.1640625 0.0 0.0 24.38671875 0.0 5.7086944580078125
154682135342 -0.0 0.0 -0.0078125 -0.00390625 -0.00390625 -0.00390625 -0.00390625 0.0 12.05859375 0.0 0.0 24.00390625 0.0 11.98828125 0.0 0.0 27.2578125 0.0 12.234375 0.0 0.0 26.30078125 0.0 12.12890625 0.0 0.0 24.00390625 0.0 5.7086944580078125
154682135530 -0.0 0.0 -0.0078125 -0.00390625 -0.00390625 -0.00390625 -0.00390625 0.0 12.19921875 0.0 0.0 23.4296875 0.0 12.05859375 0.0 0.0 26.4921875 0.0 12.1640625 0.0 0.0 26.30078125 0.0 12.12890625 0.0 0.0 23.8125 0.0 5.7086944580078125
154682135703 -0.0 0.0 -0.0078125 -0.00390625 -0.00390625 -0.00390625 -0.00390625 0.0 12.12890625 0.0 0.0 23.23828125 0.0 12.09375 0.0 0.0 27.06640625 0.0 12.1640625 0.0 0.0 25.91796875 0.0 12.12890625 0.0 0.0 23.8125 0.0 5.7184600830078125
154682135882 -0.0 0.0 -0.0078125 -0.00390625 -0.00390625 -0.00390625 -0.00390625 0.0 12.1640625 0.0 0.0 23.23828125 0.0 12.09375 0.0 0.0 27.2578125 0.0 12.12890625 0.0 0.0 26.68359375 0.0 12.09375 0.0 0.0 24.1953125 0.0 5.7184600830078125
154682136058 -0.0 0.0 -0.0078125 -0.00390625 -0.00390625 -0.00390625 -0.00390625 0.0 12.09375 0.0 0.0 24.1953125 0.0 12.0234375 0.0 0.0 25.91796875 0.0 12.12890625 0.0 0.0 25.91796875 0.0 12.09375 0.0 0.0 24.38671875 0.0 5.7086944580078125
154682136243 -0.0 0.0 -0.0078125 -0.00390625 -0.00390625 -0.00390625 -0.00390625 0.0 12.12890625 0.0 0.0 23.4296875 0.0 12.05859375 0.0 0.0 26.68359375 0.0 12.12890625 0.0 0.0 26.109375 0.0 12.09375 0.0 0.0 24.1953125 0.0 5.69891357421875
154682136415 -0.0 0.0 -0.0078125 -0.00390625 -0.00390625 -0.00390625 -0.00390625 0.0 12.1640625 0.0 0.0 23.23828125 0.0 11.953125 0.0 0.0 27.44921875 0.0 12.1640625 0.0 0.0 26.109375 0.0 12.0234375 0.0 0.0 24.1953125 0.0 5.7184600830078125
154682136590 -0.0 0.0 -0.0078125 -0.00390625 -0.00390625 -0.00390625 -0.00390625 0.0 12.09375 0.0 0.0 23.8125 0.0 11.98828125 0.0 0.0 26.4921875 0.0 12.234375 0.0 0.0 26.4921875 0.0 12.09375 0.0 0.0 24.76953125 0.0 5.7086944580078125
154682136770 -0.0 0.0 -0.0078125 -0.00390625 -0.00390625 -0.00390625 -0.00390625 0.0 12.0234375 0.0 0.0 24.00390625 0.0 12.0234375 0.0 0.0 27.2578125 0.0 12.19921875 0.0 0.0 26.4921875 0.0 12.05859375 0.0 0.0 23.62109375 0.0 5.7184600830078125
154682136930 -0.0 0.0 -0.0078125 -0.00390625 -0.00390625 -0.00390625 -0.00390625 0.0 12.05859375 0.0 0.0 24.00390625 0.0 11.953125 0.0 0.0 26.68359375 0.0 12.1640625 0.0 0.0 26.68359375 0.0 12.09375 0.0 0.0 24.38671875 0.0 5.7086944580078125
154682137122 -0.0 0.0 -0.0078125 -0.00390625 -0.00390625 -0.00390625 -0.00390625 0.0 12.0234375 0.0 0.0 24.00390625 0.0 11.98828125 0.0 0.0 26.4921875 0.0 12.19921875 0.0 0.0 26.4921875 0.0 12.05859375 0.0 0.0 24.1953125 0.0 5.7086944580078125
154682137291 -0.0 0.0 -0.0078125 -0.00390625 -0.00390625 -0.00390625 -0.00390625 0.0 12.12890625 0.0 0.0 23.8125 0.0 11.953125 0.0 0.0 26.30078125 0.0 12.1640625 0.0 0.0 26.68359375 0.0 12.12890625 0.0 0.0 24.1953125 0.0 5.7184600830078125
154682137467 -0.0 0.0 -0.0078125 -0.00390625 -0.00390625 -0.00390625 -0.00390625 0.0 12.1640625 0.0 0.0 23.62109375 0.0 11.953125 0.0 0.0 26.4921875 0.0 12.05859375 0.0 0.0 26.109375 0.0 12.09375 0.0 0.0 24.76953125 0.0 5.7086944580078125
154682137649 -0.0 0.0 -0.0078125 -0.00390625 -0.00390625 -0.00390625 -0.00390625 0.0 12.05859375 0.0 0.0 23.62109375 0.0 12.0234375 0.0 0.0 26.30078125 0.0 12.19921875 0.0 0.0 26.30078125 0.0 11.98828125 0.0 0.0 24.1953125 0.0 5.7086944580078125
154682137835 -0.0 0.0 -0.0078125 -0.00390625 -0.00390625 -0.00390625 -0.00390625 0.0 12.05859375 0.0 0.0 24.578125 0.0 11.953125 0.0 0.0 26.30078125 0.0 12.1640625 0.0 0.0 26.109375 0.0 12.09375 0.0 0.0 23.8125 0.0 5.7086944580078125
154682138010 -0.0 0.0 -0.0078125 -0.00390625 -0.00390625 -0.00390625 -0.00390625 0.0 11.98828125 0.0 0.0 23.8125 0.0 11.953125 0.0 0.0 26.4921875 0.0 12.1640625 0.0 0.0 26.109375 0.0 12.09375 0.0 0.0 23.8125 0.0 5.7184600830078125
154682138176 -0.0 0.0 -0.0078125 -0.00390625 -0.00390625 -0.00390625 -0.00390625 0.0 12.12890625 0.0 0.0 24.1953125 0.0 11.98828125 0.0 0.0 26.4921875 0.0 12.09375 0.0 0.0 25.91796875 0.0 12.09375 0.0 0.0 24.578125 0.0 5.7086944580078125
154682138356 -0.0 0.0 -0.0078125 -0.00390625 -0.00390625 -0.00390625 -0.00390625 0.0 12.0234375 0.0 0.0 22.85546875 0.0 11.91796875 0.0 0.0 27.2578125 0.0 12.19921875 0.0 0.0 26.4921875 0.0 12.1640625 0.0 0.0 24.1953125 0.0 5.7184600830078125
154682138541 -0.0 0.0 -0.0078125 -0.00390625 -0.00390625 -0.00390625 -0.00390625 0.0 12.0234375 0.0 0.0 23.23828125 0.0 11.91796875 0.0 0.0 26.4921875 0.0 12.09375 0.0 0.0 26.4921875 0.0 12.09375 0.0 0.0 23.8125 0.0 5.7086944580078125
154682138716 -0.0 0.0 -0.0078125 -0.00390625 -0.00390625 -0.00390625 -0.00390625 0.0 12.09375 0.0 0.0 23.62109375 0.0 11.953125 0.0 0.0 26.30078125 0.0 12.12890625 0.0 0.0 26.4921875 0.0 12.12890625 0.0 0.0 24.1953125 0.0 5.7086944580078125
154682138883 -0.0 0.0 -0.0078125 -0.00390625 -0.00390625 -0.00390625 -0.00390625 0.0 12.09375 0.0 0.0 23.62109375 0.0 11.98828125 0.0 0.0 26.30078125 0.0 11.77734375 0.0 0.0 25.91796875 0.0 10.6875 0.0 0.0 24.578125 0.0 5.601165771484375
S: 154682138778 Fired
154682139043 -0.0 0.0 -0.0078125 -0.00390625 -0.00390625 -0.00390625 -0.00390625 0.0 10.0546875 0.0 0.0 23.4296875 0.0 10.23046875 0.0 0.0 25.91796875 7.426544189453125 10.546875 0.0 0.0 26.4921875 0.0 10.3359375 0.0 0.0 23.62109375 0.0 4.9951019287109375
154682139202 -0.0 0.0 -0.0078125 -0.00390625 -0.00390625 -0.00390625 -0.00390625 0.0 10.6875 0.0 0.0 24.1953125 0.0 10.40625 0.0 0.0 26.30078125 -24.227279663085938 11.6015625 0.0 0.0 26.4921875 0.0 11.0390625 0.0 0.0 24.1953125 0.0 4.6138763427734375
154682139371 -0.0 0.0 -0.0078125 -0.00390625 -0.00390625 -0.00390625 -0.00390625 0.0 11.3203125 0.0 0.0 23.23828125 0.0 11.84765625 0.0 0.0 26.4921875 8.206466674804688 12.05859375 0.0 0.0 26.4921875 0.0 11.91796875 0.0 0.0 24.00390625 0.0 5.2981414794921875
154682139549 -0.0 0.0 -0.0078125 -0.00390625 -0.00390625 -0.00390625 -0.00390625 0.0 11.8828125 0.0 0.0 23.62109375 0.0 11.70703125 0.0 0.0 26.30078125 5.8964385986328125 11.84765625 0.0 0.0 26.30078125 0.0 11.84765625 0.0 0.0 23.62109375 0.0 5.5620574951171875
154682139730 -0.0 0.0 -0.0078125 -0.00390625 -0.00390625 -0.00390625 -0.00390625 0.0 11.8828125 0.0 0.0 24.1953125 0.0 11.7421875 0.0 0.0 26.30078125 2.6087188720703125 11.953125 0.0 0.0 26.109375 0.0 11.953125 0.0 0.0 24.38671875 0.0 5.8357696533203125
154682139910 -0.0 0.0 -0.0078125 -0.00390625 -0.00390625 -0.00390625 -0.00390625 0.0 11.98828125 0.0 0.0 23.4296875 0.0 11.8125 0.0 0.0 26.30078125 0.0 12.09375 0.0 0.0 26.109375 0.0 12.0234375 0.0 0.0 24.578125 0.0 5.7771148681640625
154682140110 -0.0 0.0 -0.0078125 -0.00390625 -0.00390625 -0.00390625 -0.00390625 0.0 12.0234375 0.0 0.0 23.8125 0.0 11.84765625 0.0 0.0 26.68359375 0.0 12.09375 0.0 0.0 25.7265625 0.0 12.05859375 0.0 0.0 24.38671875 0.0 5.7771148681640625
154682140283 -0.0 0.0 -0.0078125 -0.00390625 -0.00390625 -0.00390625 -0.00390625 0.0 12.05859375 0.0 0.0 24.1953125 0.0 11.953125 0.0 0.0 26.30078125 0.0 12.05859375 0.0 0.0 26.68359375 0.0 12.0234375 0.0 0.0 24.38671875 0.0 5.7771148681640625
154682140462 -0.0 0.0 -0.0078125 -0.00390625 -0.00390625 -0.00390625 -0.00390625 0.0 12.0234375 0.0 0.0 24.1953125 0.0 11.98828125 0.0 0.0 26.4921875 0.0 11.98828125 0.0 0.0 26.4921875 0.0 11.98828125 0.0 0.0 23.4296875 0.0 5.7771148681640625
154682140637 -0.0 0.0 -0.0078125 -0.00390625 -0.00390625 -0.00390625 -0.00390625 0.0 12.0234375 0.0 0.0 24.00390625 0.0 11.98828125 0.0 0.0 28.0234375 0.0 12.1640625 0.0 0.0 26.30078125 0.0 12.09375 0.0 0.0 24.38671875 0.0 5.7771148681640625
154682140811 -0.0 0.0 -0.0078125 -0.00390625 -0.00390625 -0.00390625 -0.00390625 0.0 11.953125 0.0 0.0 24.1953125 0.0 11.91796875 0.0 0.0 26.30078125 0.0 12.12890625 0.0 0.0 26.4921875 0.0 12.09375 0.0 0.0 24.38671875 0.0 5.7771148681640625
154682140991 -0.0 0.0 -0.0078125 -0.00390625 -0.00390625 -0.00390625 -0.00390625 0.0 12.09375 0.0 0.0 24.1953125 0.0 11.8828125 0.0 0.0 27.83203125 0.0 12.09375 0.0 0.0 25.91796875 0.0 12.09375 0.0 0.0 24.1953125 0.0 5.7771148681640625
154682141169 -0.0 0.0 -0.0078125 -0.00390625 -0.00390625 -0.00390625 -0.00390625 0.0 11.98828125 0.0 0.0 25.7265625 0.0 11.91796875 0.0 0.0 26.875 0.0 12.12890625 0.0 0.0 26.4921875 0.0 12.09375 0.0 0.0 24.1953125 0.0 5.7771148681640625
154682141338 -0.0 0.0 -0.0078125 -0.00390625 -0.00390625 -0.00390625 -0.00390625 0.0 12.09375 0.0 0.0 23.62109375 0.0 11.91796875 0.0 0.0 26.30078125 0.0 12.0234375 0.0 0.0 26.109375 0.0 12.05859375 0.0 0.0 23.62109375 0.0 5.7771148681640625
154682141510 -0.0 0.0 -0.0078125 -0.00390625 -0.00390625 -0.00390625 -0.00390625 0.0 12.0234375 0.0 0.0 23.8125 0.0 11.91796875 0.0 0.0 26.875 0.0 12.1640625 0.0 0.0 26.109375 0.0 12.05859375 0.0 0.0 24.00390625 0.0 5.7771148681640625
154682141691 -0.0 0.0 -0.0078125 -0.00390625 -0.00390625 -0.00390625 -0.00390625 0.0 12.09375 0.0 0.0 24.76953125 0.0 11.84765625 0.0 0.0 26.875 0.0 12.12890625 0.0 0.0 26.109375 0.0 12.09375 0.0 0.0 24.38671875 0.0 5.7771148681640625
154682141862 -0.0 0.0 -0.0078125 -0.00390625 -0.00390625 -0.00390625 -0.00390625 0.0 11.953125 0.0 0.0 23.8125 0.0 11.84765625 0.0 0.0 26.875 0.0 12.05859375 0.0 0.0 26.30078125 0.0 12.05859375 0.0 0.0 24.76953125 0.0 5.786895751953125
154682142030 -0.0 0.0 -0.0078125 -0.00390625 -0.00390625 -0.00390625 -0.00390625 0.0 11.98828125 0.0 0.0 23.4296875 0.0 11.91796875 0.0 0.0 26.109375 0.0 12.1640625 0.0 0.0 26.109375 0.0 12.09375 0.0 0.0 24.1953125 0.0 5.7771148681640625
154682142196 -0.0 0.0 -0.0078125 -0.00390625 -0.00390625 -0.00390625 -0.00390625 0.0 12.05859375 0.0 0.0 24.578125 0.0 11.8828125 0.0 0.0 26.4921875 0.0 12.09375 0.0 0.0 25.91796875 0.0 12.09375 0.0 0.0 24.1953125 0.0 5.786895751953125
154682142371 -0.0 0.0 -0.0078125 -0.00390625 -0.00390625 -0.00390625 -0.00390625 0.0 11.98828125 0.0 0.0 23.4296875 0.0 11.91796875 0.0 0.0 26.30078125 0.0 12.12890625 0.0 0.0 26.30078125 0.0 12.12890625 0.0 0.0 23.62109375 0.0 5.7771148681640625
154682142555 -0.0 0.0 -0.0078125 -0.00390625 -0.00390625 -0.00390625 -0.00390625 0.0 11.953125 0.0 0.0 23.4296875 0.0 11.953125 0.0 0.0 26.4921875 0.0 12.12890625 0.0 0.0 26.4921875 0.0 11.98828125 0.0 0.0 24.1953125 0.0 5.786895751953125
154682142731 -0.0 0.0 -0.0078125 -0.00390625 -0.00390625 -0.00390625 -0.00390625 0.0 11.98828125 0.0 0.0 24.9609375 0.0 11.91796875 0.0 0.0 26.68359375 0.0 12.12890625 0.0 0.0 26.30078125 0.0 12.05859375 0.0 0.0 24.76953125 0.0 5.7771148681640625
154682142916 -0.0 0.0 -0.0078125 -0.00390625 -0.00390625 -0.00390625 -0.00390625 0.0 11.953125 0.0 0.0 24.00390625 0.0 11.953125 0.0 0.0 26.30078125 0.0 12.09375 0.0 0.0 26.109375 0.0 12.0234375 0.0 0.0 24.1953125 0.0 5.7673492431640625
154682143102 -0.0 0.0 -0.0078125 -0.00390625 -0.00390625 -0.00390625 -0.00390625 0.0 12.05859375 0.0 0.0 24.1953125 0.0 11.98828125 0.0 0.0 26.4921875 0.0 11.25 0.0 0.0 26.30078125 0.0 10.86328125 0.0 0.0 23.62109375 0.0 5.6304931640625
S: 154682142989 Fired
154682143273 -0.0 0.0 -0.0078125 -0.00390625 -0.00390625 -0.00390625 -0.00390625 0.0 10.1953125 0.0 0.0 23.62109375 0.0 10.65234375 0.0 0.0 26.30078125 -4.2773284912109375 10.6171875 0.0 0.0 26.68359375 0.0 10.58203125 0.0 0.0 24.1953125 0.0 4.9951019287109375
154682143442 -0.0 0.0 -0.0078125 -0.00390625 -0.00390625 -0.00390625 -0.00390625 0.0 10.86328125 0.0 0.0 22.6640625 0.0 8.96484375 0.0 0.0 26.875 -14.094894409179688 8.68359375 0.0 0.0 25.53515625 0.0 11.53125 0.0 0.0 24.578125 0.0 4.6138763427734375
154682143615 -0.0 0.0 -0.0078125 -0.00390625 -0.00390625 -0.00390625 -0.00390625 0.0 11.63671875 0.0 0.0 23.8125 0.0 12.12890625 0.0 0.0 26.68359375 12.297943115234375 12.375 0.0 0.0 25.91796875 0.0 12.33984375 0.0 0.0 24.38671875 0.0 5.259033203125
154682143782 -0.0 0.0 -0.0078125 -0.00390625 -0.00390625 -0.00390625 -0.00390625 0.0 12.3046875 0.0 0.0 23.8125 0.0 12.234375 0.0 0.0 26.68359375 10.648117065429688 12.33984375 0.0 0.0 26.30078125 0.0 12.19921875 0.0 0.0 24.00390625 0.0 5.6304931640625
154682143950 -0.0 0.0 -0.0078125 -0.00390625 -0.00390625 -0.00390625 -0.00390625 0.0 12.1640625 0.0 0.0 24.00390625 0.0 12.12890625 0.0 0.0 26.4921875 0.0 12.3046875 0.0 0.0 26.30078125 0.0 12.41015625 0.0 0.0 24.76953125 0.0 5.82598876953125
154682144131 -0.0 0.0 -0.0078125 -0.00390625 -0.00390625 -0.00390625 -0.00390625 0.0 12.41015625 0.0 0.0 23.8125 0.0 12.3046875 0.0 0.0 26.30078125 0.0 12.48046875 0.0 0.0 26.4921875 0.0 12.4453125 0.0 0.0 24.00390625 0.0 5.7673492431640625
154682144303 -0.0 0.0 -0.0078125 -0.00390625 -0.00390625 -0.00390625 -0.00390625 0.0 12.4453125 0.0 0.0 23.4296875 0.0 12.33984375 0.0 0.0 26.68359375 0.0 12.515625 0.0 0.0 26.30078125 0.0 12.48046875 0.0 0.0 24.76953125 0.0 5.7771148681640625
154682144476 -0.0 0.0 -0.0078125 -0.00390625 -0.00390625 -0.00390625 -0.00390625 0.0 12.48046875 0.0 0.0 23.62109375 0.0 12.375 0.0 0.0 25.34375 0.0 12.55078125 0.0 0.0 25.91796875 0.0 12.48046875 0.0 0.0 24.578125 0.0 5.7771148681640625
154682144661 -0.0 0.0 -0.0078125 -0.00390625 -0.00390625 -0.00390625 -0.00390625 0.0 12.48046875 0.0 0.0 24.1953125 0.0 12.375 0.0 0.0 26.4921875 0.0 12.55078125 0.0 0.0 26.4921875 0.0 12.48046875 0.0 0.0 24.578125 0.0 5.7673492431640625
154682144830 -0.0 0.0 -0.0078125 -0.00390625 -0.00390625 -0.00390625 -0.00390625 0.0 12.48046875 0.0 0.0 24.1953125 0.0 12.375 0.0 0.0 24.9609375 0.0 12.55078125 0.0 0.0 25.7265625 0.0 12.515625 0.0 0.0 23.8125 0.0 5.7771148681640625
154682144996 -0.0 0.0 -0.0078125 -0.00390625 -0.00390625 -0.00390625 -0.00390625 0.0 12.48046875 0.0 0.0 24.38671875 0.0 12.375 0.0 0.0 26.875 0.0 12.55078125 0.0 0.0 26.4921875 0.0 12.515625 0.0 0.0 24.38671875 0.0 5.7673492431640625
154682145176 -0.0 0.0 -0.0078125 -0.00390625 -0.00390625 -0.00390625 -0.00390625 0.0 12.48046875 0.0 0.0 23.62109375 0.0 12.375 0.0 0.0 27.2578125 0.0 12.55078125 0.0 0.0 26.30078125 0.0 12.515625 0.0 0.0 24.1953125 0.0 5.7771148681640625
154682145350 -0.0 0.0 -0.0078125 -0.00390625 -0.00390625 -0.00390625 -0.00390625 0.0 12.48046875 0.0 0.0 23.8125 0.0 12.41015625 0.0 0.0 26.68359375 0.0 12.5859375 0.0 0.0 26.109375 0.0 12.515625 0.0 0.0 23.4296875 0.0 5.757568359375
154682145530 -0.0 0.0 -0.0078125 -0.00390625 -0.00390625 -0.00390625 -0.00390625 0.0 12.515625 0.0 0.0 23.4296875 0.0 12.41015625 0.0 0.0 25.53515625 0.0 12.5859375 0.0 0.0 26.30078125 0.0 12.515625 0.0 0.0 23.8125 0.0 5.7673492431640625
154682145716 -0.0 0.0 -0.0078125 -0.00390625 -0.00390625 -0.00390625 -0.00390625 0.0 12.515625 0.0 0.0 24.00390625 0.0 12.41015625 0.0 0.0 26.4921875 0.0 12.5859375 0.0 0.0 26.68359375 0.0 12.55078125 0.0 0.0 24.578125 0.0 5.7673492431640625
154682145892 -0.0 0.0 -0.0078125 -0.00390625 -0.00390625 -0.00390625 -0.00390625 0.0 12.515625 0.0 0.0 23.62109375 0.0 12.41015625 0.0 0.0 26.875 0.0 12.5859375 0.0 0.0 26.30078125 0.0 12.55078125 0.0 0.0 24.00390625 0.0 5.7673492431640625
154682146083 -0.0 0.0 -0.0078125 -0.00390625 -0.00390625 -0.00390625 -0.00390625 0.0 12.515625 0.0 0.0 23.62109375 0.0 12.4453125 0.0 0.0 26.30078125 0.0 12.62109375 0.0 0.0 26.30078125 0.0 12.55078125 0.0 0.0 24.1953125 0.0 5.7771148681640625
154682146251 -0.0 0.0 -0.0078125 -0.00390625 -0.00390625 -0.00390625 -0.00390625 0.0 12.55078125 0.0 0.0 24.1953125 0.0 12.4453125 0.0 0.0 26.30078125 0.0 12.5859375 0.0 0.0 26.109375 0.0 12.55078125 0.0 0.0 24.1953125 0.0 5.7771148681640625
154682146425 -0.0 0.0 -0.0078125 -0.00390625 -0.00390625 -0.00390625 -0.00390625 0.0 12.55078125 0.0 0.0 23.62109375 0.0 12.4453125 0.0 0.0 26.109375 0.0 12.62109375 0.0 0.0 26.4921875 0.0 12.5859375 0.0 0.0 24.1953125 0.0 5.7771148681640625
154682146595 -0.0 0.0 -0.0078125 -0.00390625 -0.00390625 -0.00390625 -0.00390625 0.0 12.55078125 0.0 0.0 23.4296875 0.0 12.4453125 0.0 0.0 25.7265625 0.0 12.33984375 0.0 0.0 26.109375 0.0 11.35546875 0.0 0.0 24.00390625 0.0 5.757568359375
S: 154682146488 Fired
154682146769 -0.0 0.0 -0.0078125 -0.00390625 -0.00390625 -0.00390625 -0.00390625 0.0 10.72265625 0.0 0.0 23.62109375 0.0 10.3359375 0.0 0.0 26.4921875 0.0 10.51171875 0.0 0.0 26.109375 0.0 10.58203125 0.0 0.0 24.1953125 0.0 5.0244293212890625
154682146934 -0.0 0.0 -0.0078125 -0.00390625 -0.00390625 -0.00390625 -0.00390625 0.0 10.79296875 0.0 0.0 24.1953125 0.0 10.546875 0.0 0.0 27.06640625 -13.062545776367188 8.3671875 0.0 0.0 26.30078125 0.0 9.421875 0.0 0.0 24.1953125 0.0 4.5845489501953125
154682147090 -0.0 0.0 -0.0078125 -0.00390625 -0.00390625 -0.00390625 -0.00390625 0.0 11.70703125 0.0 0.0 24.1953125 0.0 11.7421875 0.0 0.0 27.2578125 16.63043212890625 12.12890625 0.0 0.0 26.4921875 0.0 12.33984375 0.0 0.0 23.8125 0.0 5.2101593017578125
154682147242 -0.0 0.0 -0.0078125 -0.00390625 -0.00390625 -0.00390625 -0.00390625 0.0 12.33984375 0.0 0.0 23.4296875 0.0 12.19921875 0.0 0.0 26.4921875 2.8126373291015625 12.41015625 0.0 0.0 26.109375 0.0 12.375 0.0 0.0 24.1953125 0.0 5.57183837890625
154682147413 -0.0 0.0 -0.0078125 -0.00390625 -0.00390625 -0.00390625 -0.00390625 0.0 12.234375 0.0 0.0 23.8125 0.0 12.09375 0.0 0.0 26.68359375 2.919219970703125 12.26953125 0.0 0.0 26.109375 0.0 12.234375 0.0 0.0 24.1953125 0.0 5.7771148681640625
154682147590 -0.0 0.0 -0.0078125 -0.00390625 -0.00390625 -0.00390625 -0.00390625 0.0 12.19921875 0.0 0.0 24.38671875 0.0 12.3046875 0.0 0.0 26.68359375 0.0 12.515625 0.0 0.0 26.109375 0.0 12.4453125 0.0 0.0 24.1953125 0.0 5.7673492431640625
154682147763 -0.0 0.0 -0.0078125 -0.00390625 -0.00390625 -0.00390625 -0.00390625 0.0 12.4453125 0.0 0.0 24.1953125 0.0 12.33984375 0.0 0.0 26.68359375 0.0 12.515625 0.0 0.0 26.30078125 0.0 12.48046875 0.0 0.0 24.1953125 0.0 5.7771148681640625
154682147937 -0.0 0.0 -0.0078125 -0.00390625 -0.00390625 -0.00390625 -0.00390625 0.0 12.4453125 0.0 0.0 23.8125 0.0 12.375 0.0 0.0 26.68359375 0.0 12.55078125 0.0 0.0 26.875 0.0 12.48046875 0.0 0.0 24.38671875 0.0 5.7771148681640625
154682148110 -0.0 0.0 -0.0078125 -0.00390625 -0.00390625 -0.00390625 -0.00390625 0.0 12.48046875 0.0 0.0 23.4296875 0.0 12.375 0.0 0.0 27.06640625 0.0 12.55078125 0.0 0.0 26.30078125 0.0 12.515625 0.0 0.0 24.38671875 0.0 5.7673492431640625
154682148276 -0.0 0.0 -0.0078125 -0.00390625 -0.00390625 -0.00390625 -0.00390625 0.0 12.48046875 0.0 0.0 23.4296875 0.0 12.375 0.0 0.0 26.875 0.0 12.55078125 0.0 0.0 26.109375 0.0 12.515625 0.0 0.0 24.38671875 0.0 5.7771148681640625
154682148448 -0.0 0.0 -0.0078125 -0.00390625 -0.00390625 -0.00390625 -0.00390625 0.0 12.48046875 0.0 0.0 23.62109375 0.0 12.375 0.0 0.0 26.68359375 0.0 12.5859375 0.0 0.0 26.68359375 0.0 12.515625 0.0 0.0 24.00390625 0.0 5.7771148681640625
154682148624 -0.0 0.0 -0.0078125 -0.00390625 -0.00390625 -0.00390625 -0.00390625 0.0 12.515625 0.0 0.0 23.8125 0.0 12.41015625 0.0 0.0 26.68359375 0.0 12.5859375 0.0 0.0 26.4921875 0.0 12.515625 0.0 0.0 24.38671875 0.0 5.7771148681640625
154682148796 -0.0 0.0 -0.0078125 -0.00390625 -0.00390625 -0.00390625 -0.00390625 0.0 12.515625 0.0 0.0 24.38671875 0.0 12.41015625 0.0 0.0 26.875 0.0 12.5859375 0.0 0.0 26.109375 0.0 12.55078125 0.0 0.0 24.76953125 0.0 5.7771148681640625
154682148970 -0.0 0.0 -0.0078125 -0.00390625 -0.00390625 -0.00390625 -0.00390625 0.0 12.515625 0.0 0.0 24.00390625 0.0 12.41015625 0.0 0.0 26.30078125 0.0 12.5859375 0.0 0.0 26.30078125 0.0 12.55078125 0.0 0.0 24.76953125 0.0 5.7771148681640625
154682149162 -0.0 0.0 -0.0078125 -0.00390625 -0.00390625 -0.00390625 -0.00390625 0.0 12.515625 0.0 0.0 24.38671875 0.0 12.41015625 0.0 0.0 26.30078125 0.0 12.62109375 0.0 0.0 26.875 0.0 12.55078125 0.0 0.0 23.8125 0.0 5.7673492431640625
154682149356 -0.0 0.0 -0.0078125 -0.00390625 -0.00390625 -0.00390625 -0.00390625 0.0 12.55078125 0.0 0.0 24.1953125 0.0 12.41015625 0.0 0.0 26.4921875 0.0 12.62109375 0.0 0.0 26.109375 0.0 12.55078125 0.0 0.0 24.38671875 0.0 5.7673492431640625
154682149539 -0.0 0.0 -0.0078125 -0.00390625 -0.00390625 -0.00390625 -0.00390625 0.0 12.515625 0.0 0.0 24.38671875 0.0 12.4453125 0.0 0.0 26.30078125 0.0 12.5859375 0.0 0.0 26.109375 0.0 12.55078125 0.0 0.0 24.38671875 0.0 5.7673492431640625
154682149711 -0.0 0.0 -0.0078125 -0.00390625 -0.00390625 -0.00390625 -0.00390625 0.0 12.55078125 0.0 0.0 24.1953125 0.0 12.4453125 0.0 0.0 26.109375 0.0 12.62109375 0.0 0.0 26.68359375 0.0 12.55078125 0.0 0.0 24.578125 0.0 5.7673492431640625
154682149878 -0.0 0.0 -0.0078125 -0.00390625 -0.00390625 -0.00390625 -0.00390625 0.0 12.55078125 0.0 0.0 24.1953125 0.0 12.4453125 0.0 0.0 26.875 0.0 12.62109375 0.0 0.0 26.875 0.0 12.55078125 0.0 0.0 24.38671875 0.0 5.7771148681640625
154682150050 -0.0 0.0 -0.0078125 -0.00390625 -0.00390625 -0.00390625 -0.00390625 0.0 12.55078125 0.0 0.0 22.85546875 0.0 12.4453125 0.0 0.0 26.68359375 0.0 12.62109375 0.0 0.0 26.30078125 0.0 12.5859375 0.0 0.0 24.1953125 0.0 5.7771148681640625
154682150218 -0.0 0.0 -0.0078125 -0.00390625 -0.00390625 -0.00390625 -0.00390625 0.0 12.55078125 0.0 0.0 24.1953125 0.0 12.4453125 0.0 0.0 27.640625 0.0 12.65625 0.0 0.0 26.875 0.0 12.5859375 0.0 0.0 24.38671875 0.0 5.7673492431640625
154682150389 -0.0 0.0 -0.0078125 -0.00390625 -0.00390625 -0.00390625 -0.00390625 0.0 12.55078125 0.0 0.0 24.38671875 0.0 12.4453125 0.0 0.0 26.4921875 0.0 12.62109375 0.0 0.0 25.91796875 0.0 12.5859375 0.0 0.0 24.76953125 0.0 5.7771148681640625
154682150564 -0.0 0.0 -0.0078125 -0.00390625 -0.00390625 -0.00390625 -0.00390625 0.0 12.5859375 0.0 0.0 24.38671875 0.0 12.4453125 0.0 0.0 26.4921875 0.0 12.62109375 0.0 0.0 26.875 0.0 12.5859375 0.0 0.0 24.578125 0.0 5.7673492431640625
154682150742 -0.0 0.0 -0.0078125 -0.00390625 -0.00390625 -0.00390625 -0.00390625 0.0 12.55078125 0.0 0.0 23.8125 0.0 12.4453125 0.0 0.0 26.30078125 0.0 12.62109375 0.0 0.0 26.30078125 0.0 12.5859375 0.0 0.0 23.4296875 0.0 5.7673492431640625
154682150915 -0.0 0.0 -0.0078125 -0.00390625 -0.00390625 -0.00390625 -0.00390625 0.0 12.55078125 0.0 0.0 24.9609375 0.0 12.4453125 0.0 0.0 26.30078125 0.0 12.62109375 0.0 0.0 26.4921875 0.0 12.5859375 0.0 0.0 24.38671875 0.0 5.7771148681640625
154682151094 -0.0 0.0 -0.0078125 -0.00390625 -0.00390625 -0.00390625 -0.00390625 0.0 12.55078125 0.0 0.0 23.4296875 0.0 12.48046875 0.0 0.0 26.4921875 0.0 12.62109375 0.0 0.0 26.4921875 0.0 12.5859375 0.0 0.0 24.9609375 0.0 5.7771148681640625
154682151290 -0.0 0.0 -0.0078125 -0.00390625 -0.00390625 -0.00390625 -0.00390625 0.0 12.55078125 0.0 0.0 24.38671875 0.0 12.48046875 0.0 0.0 26.875 0.0 12.65625 0.0 0.0 26.109375 0.0 12.5859375 0.0 0.0 23.8125 0.0 5.7771148681640625
154682151464 -0.0 0.0 -0.0078125 -0.00390625 -0.00390625 -0.00390625 -0.00390625 0.0 12.5859375 0.0 0.0 23.62109375 0.0 12.48046875 0.0 0.0 26.4921875 0.0 12.65625 0.0 0.0 26.4921875 0.0 12.5859375 0.0 0.0 24.1953125 0.0 5.7673492431640625
154682151643 -0.0 0.0 -0.0078125 -0.00390625 -0.00390625 -0.00390625 -0.00390625 0.0 12.5859375 0.0 0.0 24.1953125 0.0 12.48046875 0.0 0.0 26.68359375 0.0 12.65625 0.0 0.0 26.4921875 0.0 12.62109375 0.0 0.0 24.1953125 0.0 5.7771148681640625
154682151829 -0.0 0.0 -0.0078125 -0.00390625 -0.00390625 -0.00390625 -0.00390625 0.0 12.5859375 0.0 0.0 23.8125 0.0 12.48046875 0.0 0.0 26.109375 0.0 12.65625 0.0 0.0 26.109375 0.0 12.5859375 0.0 0.0 24.38671875 0.0 5.7771148681640625
154682151997 -0.0 0.0 -0.0078125 -0.00390625 -0.00390625 -0.00390625 -0.00390625 0.0 12.5859375 0.0 0.0 24.00390625 0.0 12.48046875 0.0 0.0 26.68359375 0.0 12.65625 0.0 0.0 26.109375 0.0 12.5859375 0.0 0.0 24.1953125 0.0 5.7771148681640625
154682152182 -0.0 0.0 -0.0078125 -0.00390625 -0.00390625 -0.00390625 -0.00390625 0.0 12.5859375 0.0 0.0 24.00390625 0.0 12.48046875 0.0 0.0 27.2578125 0.0 12.234375 0.0 0.0 25.91796875 0.0 11.21484375 0.0 0.0 24.38671875 0.0 5.757568359375
S: 154682152076 Fired
154682152343 -0.0 0.0 -0.0078125 -0.00390625 -0.00390625 -0.00390625 -0.00390625 0.0 10.51171875 0.0 0.0 23.62109375 0.0 10.51171875 0.0 0.0 26.30078125 6.5826263427734375 10.93359375 0.0 0.0 26.30078125 0.0 10.65234375 0.0 0.0 24.38671875 0.0 5.102630615234375
154682152511 -0.0 0.0 -0.0078125 -0.00390625 -0.00390625 -0.00390625 -0.00390625 0.0 10.7578125 0.0 0.0 23.8125 0.0 10.58203125 0.0 0.0 26.30078125 -7.9718170166015625 8.296875 0.0 0.0 26.4921875 0.0 9.140625 0.0 0.0 24.76953125 0.0 4.5845489501953125
154682152667 -0.0 0.0 -0.0078125 -0.00390625 -0.00390625 -0.00390625 -0.00390625 0.0 11.56640625 0.0 0.0 23.4296875 0.0 11.63671875 0.0 0.0 26.68359375 11.0848388671875 12.41015625 0.0 0.0 26.30078125 0.0 12.33984375 0.0 0.0 24.00390625 0.0 5.171051025390625
154682152833 -0.0 0.0 -0.0078125 -0.00390625 -0.00390625 -0.00390625 -0.00390625 0.0 12.33984375 0.0 0.0 23.62109375 0.0 12.234375 0.0 0.0 27.06640625 8.859603881835938 12.4453125 0.0 0.0 26.30078125 0.0 12.33984375 0.0 0.0 24.00390625 0.0 5.5522918701171875
154682153002 -0.0 0.0 -0.0078125 -0.00390625 -0.00390625 -0.00390625 -0.00390625 0.0 12.19921875 0.0 0.0 23.8125 0.0 12.12890625 0.0 0.0 26.109375 0.0 12.3046875 0.0 0.0 26.4921875 0.0 12.3046875 0.0 0.0 24.1953125 0.0 5.786895751953125
154682153190 -0.0 0.0 -0.0078125 -0.00390625 -0.00390625 -0.00390625 -0.00390625 0.0 12.234375 0.0 0.0 22.47265625 0.0 12.33984375 0.0 0.0 26.68359375 0.0 12.515625 0.0 0.0 26.109375 0.0 12.48046875 0.0 0.0 24.578125 0.0 5.7771148681640625
154682153362 -0.0 0.0 -0.0078125 -0.00390625 -0.00390625 -0.00390625 -0.00390625 0.0 12.4453125 0.0 0.0 23.8125 0.0 12.375 0.0 0.0 26.875 0.0 12.55078125 0.0 0.0 26.4921875 0.0 12.48046875 0.0 0.0 24.1953125 0.0 5.7771148681640625
154682153536 -0.0 0.0 -0.0078125 -0.00390625 -0.00390625 -0.00390625 -0.00390625 0.0 12.48046875 0.0 0.0 24.1953125 0.0 12.375 0.0 0.0 26.68359375 0.0 12.55078125 0.0 0.0 26.4921875 0.0 12.515625 0.0 0.0 24.00390625 0.0 5.7673492431640625
154682153715 -0.0 0.0 -0.0078125 -0.00390625 -0.00390625 -0.00390625 -0.00390625 0.0 12.515625 0.0 0.0 24.1953125 0.0 12.41015625 0.0 0.0 26.30078125 0.0 12.5859375 0.0 0.0 26.4921875 0.0 12.515625 0.0 0.0 24.38671875 0.0 5.7673492431640625
154682153902 -0.0 0.0 -0.0078125 -0.00390625 -0.00390625 -0.00390625 -0.00390625 0.0 12.515625 0.0 0.0 23.8125 0.0 12.41015625 0.0 0.0 25.91796875 0.0 12.5859375 0.0 0.0 26.30078125 0.0 12.515625 0.0 0.0 24.76953125 0.0 5.7673492431640625
154682154075 -0.0 0.0 -0.0078125 -0.00390625 -0.00390625 -0.00390625 -0.00390625 0.0 12.48046875 0.0 0.0 24.00390625 0.0 12.41015625 0.0 0.0 27.2578125 0.0 12.5859375 0.0 0.0 26.109375 0.0 12.55078125 0.0 0.0 23.62109375 0.0 5.7673492431640625
154682154257 -0.0 0.0 -0.0078125 -0.00390625 -0.00390625 -0.00390625 -0.00390625 0.0 12.515625 0.0 0.0 23.4296875 0.0 12.41015625 0.0 0.0 26.4921875 0.0 12.5859375 0.0 0.0 26.4921875 0.0 12.55078125 0.0 0.0 23.8125 0.0 5.7771148681640625
154682154434 -0.0 0.0 -0.0078125 -0.00390625 -0.00390625 -0.00390625 -0.00390625 0.0 12.55078125 0.0 0.0 23.4296875 0.0 12.41015625 0.0 0.0 26.875 0.0 12.62109375 0.0 0.0 26.30078125 0.0 12.5859375 0.0 0.0 23.8125 0.0 5.7771148681640625
154682154616 -0.0 0.0 -0.0078125 -0.00390625 -0.00390625 -0.00390625 -0.00390625 0.0 12.55078125 0.0 0.0 24.00390625 0.0 12.4453125 0.0 0.0 26.4921875 0.0 12.5859375 0.0 0.0 25.91796875 0.0 12.55078125 0.0 0.0 24.76953125 0.0 5.7771148681640625
154682154791 -0.0 0.0 -0.0078125 -0.00390625 -0.00390625 -0.00390625 -0.00390625 0.0 12.55078125 0.0 0.0 23.62109375 0.0 12.4453125 0.0 0.0 26.4921875 0.0 12.5859375 0.0 0.0 26.4921875 0.0 12.55078125 0.0 0.0 24.00390625 0.0 5.7673492431640625
154682154970 -0.0 0.0 -0.0078125 -0.00390625 -0.00390625 -0.00390625 -0.00390625 0.0 12.55078125 0.0 0.0 23.8125 0.0 12.4453125 0.0 0.0 27.06640625 0.0 12.62109375 0.0 0.0 26.109375 0.0 12.5859375 0.0 0.0 23.8125 0.0 5.7771148681640625
154682155172 -0.0 0.0 -0.0078125 -0.00390625 -0.00390625 -0.00390625 -0.00390625 0.0 12.55078125 0.0 0.0 23.4296875 0.0 12.4453125 0.0 0.0 26.68359375 0.0 12.62109375 0.0 0.0 26.30078125 0.0 12.5859375 0.0 0.0 23.8125 0.0 5.7771148681640625
154682155355 -0.0 0.0 -0.0078125 -0.00390625 -0.00390625 -0.00390625 -0.00390625 0.0 12.55078125 0.0 0.0 24.38671875 0.0 12.4453125 0.0 0.0 26.875 0.0 12.65625 0.0 0.0 26.30078125 0.0 12.5859375 0.0 0.0 24.578125 0.0 5.7673492431640625
154682155529 -0.0 0.0 -0.0078125 -0.00390625 -0.00390625 -0.00390625 -0.00390625 0.0 12.55078125 0.0 0.0 24.1953125 0.0 12.4453125 0.0 0.0 26.875 0.0 12.62109375 0.0 0.0 26.30078125 0.0 12.5859375 0.0 0.0 24.00390625 0.0 5.7673492431640625
154682155691 -0.0 0.0 -0.0078125 -0.00390625 -0.00390625 -0.00390625 -0.00390625 0.0 12.55078125 0.0 0.0 23.23828125 0.0 12.4453125 0.0 0.0 27.06640625 0.0 12.62109375 0.0 0.0 25.7265625 0.0 12.5859375 0.0 0.0 24.38671875 0.0 5.786895751953125
154682155868 -0.0 0.0 -0.0078125 -0.00390625 -0.00390625 -0.00390625 -0.00390625 0.0 12.55078125 0.0 0.0 23.8125 0.0 12.48046875 0.0 0.0 27.06640625 0.0 12.65625 0.0 0.0 26.109375 0.0 12.5859375 0.0 0.0 24.00390625 0.0 5.7771148681640625
154682156042 -0.0 0.0 -0.0078125 -0.00390625 -0.00390625 -0.00390625 -0.00390625 0.0 12.5859375 0.0 0.0 24.76953125 0.0 12.4453125 0.0 0.0 27.06640625 0.0 12.65625 0.0 0.0 26.4921875 0.0 12.5859375 0.0 0.0 24.578125 0.0 5.7771148681640625
154682156222 -0.0 0.0 -0.0078125 -0.00390625 -0.00390625 -0.00390625 -0.00390625 0.0 12.55078125 0.0 0.0 24.1953125 0.0 12.48046875 0.0 0.0 26.875 0.0 12.65625 0.0 0.0 25.7265625 0.0 12.5859375 0.0 0.0 24.00390625 0.0 5.7771148681640625
154682156394 -0.0 0.0 -0.0078125 -0.00390625 -0.00390625 -0.00390625 -0.00390625 0.0 12.5859375 0.0 0.0 24.38671875 0.0 12.48046875 0.0 0.0 26.109375 0.0 12.65625 0.0 0.0 27.06640625 0.0 12.5859375 0.0 0.0 24.578125 0.0 5.7673492431640625
154682156567 -0.0 0.0 -0.0078125 -0.00390625 -0.00390625 -0.00390625 -0.00390625 0.0 12.5859375 0.0 0.0 23.8125 0.0 12.48046875 0.0 0.0 27.06640625 0.0 12.65625 0.0 0.0 26.4921875 0.0 12.5859375 0.0 0.0 24.76953125 0.0 5.7771148681640625
154682156742 -0.0 0.0 -0.0078125 -0.00390625 -0.00390625 -0.00390625 -0.00390625 0.0 12.5859375 0.0 0.0 25.15234375 0.0 12.48046875 0.0 0.0 25.91796875 0.0 12.65625 0.0 0.0 26.109375 0.0 12.62109375 0.0 0.0 24.1953125 0.0 5.7771148681640625
154682156916 -0.0 0.0 -0.0078125 -0.00390625 -0.00390625 -0.00390625 -0.00390625 0.0 12.5859375 0.0 0.0 23.62109375 0.0 12.48046875 0.0 0.0 26.30078125 0.0 12.65625 0.0 0.0 26.4921875 0.0 12.5859375 0.0 0.0 24.76953125 0.0 5.7771148681640625
154682157066 -0.0 0.0 -0.0078125 -0.00390625 -0.00390625 -0.00390625 -0.00390625 0.0 12.5859375 0.0 0.0 24.1953125 0.0 12.48046875 0.0 0.0 26.4921875 0.0 12.65625 0.0 0.0 26.30078125 0.0 12.62109375 0.0 0.0 24.578125 0.0 5.7673492431640625
