Timestamp Driver_Joy_Y Driver_Joy_X Driver_Joy_W FL_Out BL_Out BR_Out FR_Out FL_Jag_Speed FL_Bus_Voltage FL_Out_Voltage FL_Out_Current FL_Temp BL_Jag_Speed BL_Bus_Voltage BL_Out_Voltage BL_Out_Current BL_Temp BR_Jag_Speed BR_Bus_Voltage BR_Out_Voltage BR_Out_Current BR_Temp FR_Jag_Speed FR_Bus_Voltage FR_Out_Voltage FR_Out_Current FR_Temp
154510127518 -0.0 -0.0078125 -0.0078125 0.0011718749999999993 -0.008984375000000001 -0.008984375 0.001171875000000001 0.0 12.9375 0.0 0.0 22.85546875 0.0 12.796875 0.0 0.0 25.34375 0.0 13.0078125 0.0 0.0 24.76953125 0.0 12.9375 0.0 0.0 23.23828125 0.0 5.728240966796875
154510127699 -0.0 -0.0078125 -0.0078125 0.0011718749999999993 -0.008984375000000001 -0.008984375 0.001171875000000001 0.0 12.9375 0.0 0.0 22.47265625 0.0 12.83203125 0.0 0.0 25.34375 0.0 13.0078125 0.0 0.0 24.9609375 0.0 12.97265625 0.0 0.0 22.85546875 0.0 5.728240966796875
154510127878 -0.0 -0.0078125 -0.0078125 0.0011718749999999993 -0.008984375000000001 -0.008984375 0.001171875000000001 0.0 12.9375 0.0 0.0 23.4296875 0.0 12.83203125 0.0 0.0 24.9609375 0.0 13.0078125 0.0 0.0 24.76953125 0.0 12.97265625 0.0 0.0 23.046875 0.0 5.728240966796875
154510128057 -0.0 -0.0078125 -0.0078125 0.0011718749999999993 -0.008984375000000001 -0.008984375 0.001171875000000001 0.0 12.9375 0.0 0.0 22.6640625 0.0 12.83203125 0.0 0.0 24.9609375 0.0 13.0078125 0.0 0.0 24.578125 0.0 12.9375 0.0 0.0 22.47265625 0.0 5.728240966796875
154510128237 -0.0 -0.0078125 -0.0078125 0.0011718749999999993 -0.008984375000000001 -0.008984375 0.001171875000000001 0.0 12.9375 0.0 0.0 22.47265625 0.0 12.796875 0.0 0.0 24.9609375 0.0 13.0078125 0.0 0.0 24.578125 0.0 12.97265625 0.0 0.0 22.6640625 0.0 5.7184600830078125
154510128417 -0.0 -0.0078125 -0.0078125 0.0011718749999999993 -0.008984375000000001 -0.008984375 0.001171875000000001 0.0 12.9375 0.0 0.0 22.6640625 0.0 12.796875 0.0 0.0 25.34375 0.0 13.0078125 0.0 0.0 25.53515625 0.0 12.97265625 0.0 0.0 22.47265625 0.0 5.728240966796875
154510128597 -0.0 -0.0078125 -0.0078125 0.0011718749999999993 -0.008984375000000001 -0.008984375 0.001171875000000001 0.0 12.97265625 0.0 0.0 22.28125 0.0 12.83203125 0.0 0.0 24.578125 0.0 13.0078125 0.0 0.0 24.9609375 0.0 12.97265625 0.0 0.0 23.23828125 0.0 5.728240966796875
154510128777 -0.0 -0.0078125 -0.0078125 0.0011718749999999993 -0.008984375000000001 -0.008984375 0.001171875000000001 0.0 12.9375 0.0 0.0 22.6640625 0.0 12.83203125 0.0 0.0 24.76953125 0.0 13.0078125 0.0 0.0 24.9609375 0.0 12.97265625 0.0 0.0 23.23828125 0.0 5.7184600830078125
154510128958 -0.0 -0.0078125 -0.0078125 0.0011718749999999993 -0.008984375000000001 -0.008984375 0.001171875000000001 0.0 12.9375 0.0 0.0 22.47265625 0.0 12.83203125 0.0 0.0 25.15234375 0.0 13.0078125 0.0 0.0 24.76953125 0.0 12.9375 0.0 0.0 22.28125 0.0 5.728240966796875
154510129153 -0.0 -0.0078125 -0.0078125 0.0011718749999999993 -0.008984375000000001 -0.008984375 0.001171875000000001 0.0 12.90234375 0.0 0.0 22.6640625 0.0 12.796875 0.0 0.0 24.76953125 0.0 13.0078125 0.0 0.0 25.15234375 0.0 12.9375 0.0 0.0 23.046875 0.0 5.7184600830078125
154510129339 -0.0 -0.0078125 -0.0078125 0.0011718749999999993 -0.008984375000000001 -0.008984375 0.001171875000000001 0.0 12.9375 0.0 0.0 22.6640625 0.0 12.83203125 0.0 0.0 24.76953125 0.0 13.0078125 0.0 0.0 24.76953125 0.0 12.97265625 0.0 0.0 22.85546875 0.0 5.728240966796875
154510129524 -0.0 -0.0078125 -0.0078125 0.0011718749999999993 -0.008984375000000001 -0.008984375 0.001171875000000001 0.0 12.9375 0.0 0.0 22.47265625 0.0 12.83203125 0.0 0.0 26.109375 0.0 13.0078125 0.0 0.0 25.15234375 0.0 12.9375 0.0 0.0 22.28125 0.0 5.728240966796875
154510129706 -0.0 -0.0078125 -0.0078125 0.0011718749999999993 -0.008984375000000001 -0.008984375 0.001171875000000001 0.0 12.9375 0.0 0.0 22.28125 0.0 12.796875 0.0 0.0 24.9609375 0.0 13.0078125 0.0 0.0 24.578125 0.0 12.97265625 0.0 0.0 23.23828125 0.0 5.7184600830078125
154510129888 -0.0 -0.0078125 -0.0078125 0.0011718749999999993 -0.008984375000000001 -0.008984375 0.001171875000000001 0.0 12.9375 0.0 0.0 23.23828125 0.0 12.83203125 0.0 0.0 26.109375 0.0 13.0078125 0.0 0.0 24.9609375 0.0 12.97265625 0.0 0.0 23.23828125 0.0 5.728240966796875
154510130071 -0.0 -0.0078125 -0.0078125 0.0011718749999999993 -0.008984375000000001 -0.008984375 0.001171875000000001 0.0 12.9375 0.0 0.0 22.47265625 0.0 12.83203125 0.0 0.0 24.9609375 0.0 13.0078125 0.0 0.0 25.34375 0.0 12.97265625 0.0 0.0 23.4296875 0.0 5.7086944580078125
154510130251 -0.0 -0.0078125 -0.0078125 0.0011718749999999993 -0.008984375000000001 -0.008984375 0.001171875000000001 0.0 12.9375 0.0 0.0 23.23828125 0.0 12.83203125 0.0 0.0 24.9609375 0.0 13.0078125 0.0 0.0 24.9609375 0.0 12.97265625 0.0 0.0 23.046875 0.0 5.728240966796875
154510130431 -0.0 -0.0078125 -0.0078125 0.0011718749999999993 -0.008984375000000001 -0.008984375 0.001171875000000001 0.0 12.9375 0.0 0.0 23.23828125 0.0 12.83203125 0.0 0.0 25.34375 0.0 13.0078125 0.0 0.0 24.76953125 0.0 12.9375 0.0 0.0 22.28125 0.0 5.728240966796875
154510130611 -0.0 -0.0078125 -0.0078125 0.0011718749999999993 -0.008984375000000001 -0.008984375 0.001171875000000001 0.0 12.9375 0.0 0.0 22.85546875 0.0 12.83203125 0.0 0.0 25.34375 0.0 13.0078125 0.0 0.0 25.15234375 0.0 12.97265625 0.0 0.0 23.4296875 0.0 5.728240966796875
154510130792 -0.0 -0.0078125 -0.0078125 0.0011718749999999993 -0.008984375000000001 -0.008984375 0.001171875000000001 0.0 12.97265625 0.0 0.0 22.85546875 0.0 12.796875 0.0 0.0 24.76953125 0.0 13.0078125 0.0 0.0 24.578125 0.0 12.97265625 0.0 0.0 23.046875 0.0 5.7380218505859375
154510130971 -0.0 -0.0078125 -0.0078125 0.0011718749999999993 -0.008984375000000001 -0.008984375 0.001171875000000001 0.0 12.9375 0.0 0.0 22.28125 0.0 12.83203125 0.0 0.0 25.15234375 0.0 13.0078125 0.0 0.0 24.9609375 0.0 12.9375 0.0 0.0 23.046875 0.0 5.728240966796875
154510131160 -0.0 -0.0078125 -0.0078125 0.0011718749999999993 -0.008984375000000001 -0.008984375 0.001171875000000001 0.0 12.9375 0.0 0.0 22.6640625 0.0 12.83203125 0.0 0.0 24.9609375 0.0 13.0078125 0.0 0.0 24.76953125 0.0 12.9375 0.0 0.0 22.47265625 0.0 5.728240966796875
154510131344 -0.0 -0.0078125 -0.0078125 0.0011718749999999993 -0.008984375000000001 -0.008984375 0.001171875000000001 0.0 12.9375 0.0 0.0 22.47265625 0.0 12.83203125 0.0 0.0 25.15234375 0.0 13.0078125 0.0 0.0 24.9609375 0.0 12.97265625 0.0 0.0 23.046875 0.0 5.728240966796875
154510131525 -0.0 -0.0078125 -0.0078125 0.0011718749999999993 -0.008984375000000001 -0.008984375 0.001171875000000001 0.0 12.9375 0.0 0.0 22.47265625 0.0 12.83203125 0.0 0.0 25.91796875 0.0 13.0078125 0.0 0.0 25.34375 0.0 12.9375 0.0 0.0 22.85546875 0.0 5.728240966796875
154510131705 -0.0 -0.0078125 -0.0078125 0.0011718749999999993 -0.008984375000000001 -0.008984375 0.001171875000000001 0.0 12.9375 0.0 0.0 22.28125 0.0 12.83203125 0.0 0.0 24.9609375 0.0 13.0078125 0.0 0.0 24.9609375 0.0 12.9375 0.0 0.0 23.23828125 0.0 5.728240966796875
154510131888 -0.0 -0.0078125 -0.0078125 0.0011718749999999993 -0.008984375000000001 -0.008984375 0.001171875000000001 0.0 12.9375 0.0 0.0 21.8984375 0.0 12.83203125 0.0 0.0 25.53515625 0.0 13.0078125 0.0 0.0 25.34375 0.0 12.97265625 0.0 0.0 22.28125 0.0 5.728240966796875
154510132089 -0.0 -0.0078125 -0.0078125 0.0011718749999999993 -0.008984375000000001 -0.008984375 0.001171875000000001 0.0 12.90234375 0.0 0.0 21.8984375 0.0 12.83203125 0.0 0.0 25.7265625 0.0 12.76171875 0.0 0.0 24.76953125 0.0 11.8828125 0.0 0.0 22.85546875 0.0 5.5816192626953125
S: 154510131958 Fired
154510132277 -0.0 -0.0078125 -0.0078125 0.0011718749999999993 -0.008984375000000001 -0.008984375 0.001171875000000001 0.0 11.8125 0.0 0.0 22.6640625 0.0 11.7421875 0.0 0.0 25.34375 -7.3274993896484375 12.3046875 0.0 0.0 24.9609375 0.0 12.375 0.0 0.0 23.23828125 0.0 4.6334228515625
154510132450 -0.0 -0.0078125 -0.0078125 0.0011718749999999993 -0.008984375000000001 -0.008984375 0.001171875000000001 0.0 11.953125 0.0 0.0 22.28125 0.0 12.515625 0.0 0.0 25.34375 -13.753082275390625 12.76171875 0.0 0.0 24.9609375 0.0 12.62109375 0.0 0.0 22.08984375 0.0 4.545440673828125
154510132603 -0.0 -0.0078125 -0.0078125 0.0011718749999999993 -0.008984375000000001 -0.008984375 0.001171875000000001 0.0 12.33984375 0.0 0.0 22.85546875 0.0 12.4453125 0.0 0.0 24.1953125 6.5112762451171875 12.8671875 0.0 0.0 24.76953125 0.0 12.796875 0.0 0.0 22.6640625 0.0 5.1417388916015625
154510132771 -0.0 -0.0078125 -0.0078125 0.0011718749999999993 -0.008984375000000001 -0.008984375 0.001171875000000001 0.0 12.76171875 0.0 0.0 22.6640625 0.0 12.65625 0.0 0.0 25.34375 4.9410858154296875 12.83203125 0.0 0.0 25.34375 0.0 12.796875 0.0 0.0 23.046875 0.0 5.532745361328125
154510132938 -0.0 -0.0078125 -0.0078125 0.0011718749999999993 -0.008984375000000001 -0.008984375 0.001171875000000001 0.0 12.7265625 0.0 0.0 22.08984375 0.0 12.62109375 0.0 0.0 25.15234375 0.0 12.796875 0.0 0.0 24.76953125 0.0 12.76171875 0.0 0.0 22.6640625 0.0 5.8748626708984375
154510133125 -0.0 -0.0078125 -0.0078125 0.0011718749999999993 -0.008984375000000001 -0.008984375 0.001171875000000001 0.0 12.83203125 0.0 0.0 22.85546875 0.0 12.7265625 0.0 0.0 25.53515625 2.4399871826171875 12.90234375 0.0 0.0 24.38671875 0.0 12.8671875 0.0 0.0 22.85546875 0.0 5.8064422607421875
154510133306 -0.0 -0.0078125 -0.0078125 0.0011718749999999993 -0.008984375000000001 -0.008984375 0.001171875000000001 0.0 12.83203125 0.0 0.0 22.85546875 0.0 12.7265625 0.0 0.0 24.38671875 0.0 12.90234375 0.0 0.0 25.15234375 0.0 12.515625 0.0 0.0 22.6640625 0.0 5.796661376953125
154510133491 -0.0 -0.0078125 -0.0078125 0.0011718749999999993 -0.008984375000000001 -0.008984375 0.001171875000000001 0.0 12.62109375 0.0 0.0 22.08984375 0.0 12.48046875 0.0 0.0 25.15234375 0.0 12.69140625 0.0 0.0 24.9609375 0.0 12.515625 0.0 0.0 22.85546875 0.0 5.8064422607421875
154510133671 -0.0 -0.0078125 -0.0078125 0.0011718749999999993 -0.008984375000000001 -0.008984375 0.001171875000000001 0.0 12.5859375 0.0 0.0 22.6640625 0.0 12.41015625 0.0 0.0 25.34375 0.0 12.65625 0.0 0.0 24.9609375 0.0 12.62109375 0.0 0.0 22.85546875 0.0 5.796661376953125
154510133851 -0.0 -0.0078125 -0.0078125 0.0011718749999999993 -0.008984375000000001 -0.008984375 0.001171875000000001 0.0 12.55078125 0.0 0.0 23.046875 0.0 12.48046875 0.0 0.0 25.15234375 0.0 12.5859375 0.0 0.0 24.9609375 0.0 12.55078125 0.0 0.0 23.046875 0.0 5.8064422607421875
154510134039 -0.0 -0.0078125 -0.0078125 0.0011718749999999993 -0.008984375000000001 -0.008984375 0.001171875000000001 0.0 12.515625 0.0 0.0 21.8984375 0.0 12.4453125 0.0 0.0 25.91796875 0.0 12.5859375 0.0 0.0 25.53515625 0.0 12.5859375 0.0 0.0 22.47265625 0.0 5.8064422607421875
154510134217 -0.0 -0.0078125 -0.0078125 0.0011718749999999993 -0.008984375000000001 -0.008984375 0.001171875000000001 0.0 12.515625 0.0 0.0 22.47265625 0.0 12.4453125 0.0 0.0 25.7265625 0.0 12.5859375 0.0 0.0 25.15234375 0.0 12.55078125 0.0 0.0 22.6640625 0.0 5.8064422607421875
154510134397 -0.0 -0.0078125 -0.0078125 0.0011718749999999993 -0.008984375000000001 -0.008984375 0.001171875000000001 0.0 12.55078125 0.0 0.0 21.8984375 0.0 12.41015625 0.0 0.0 25.15234375 0.0 12.62109375 0.0 0.0 24.38671875 0.0 12.5859375 0.0 0.0 23.046875 0.0 5.8064422607421875
154510134572 -0.0 -0.0078125 -0.0078125 0.0011718749999999993 -0.008984375000000001 -0.008984375 0.001171875000000001 0.0 12.515625 0.0 0.0 22.08984375 0.0 12.4453125 0.0 0.0 24.76953125 0.0 12.5859375 0.0 0.0 25.15234375 0.0 12.515625 0.0 0.0 22.85546875 0.0 5.8064422607421875
154510134751 -0.0 -0.0078125 -0.0078125 0.0011718749999999993 -0.008984375000000001 -0.008984375 0.001171875000000001 0.0 12.515625 0.0 0.0 22.85546875 0.0 12.48046875 0.0 0.0 25.7265625 0.0 12.55078125 0.0 0.0 24.9609375 0.0 12.55078125 0.0 0.0 23.62109375 0.0 5.8064422607421875
154510134917 -0.0 -0.0078125 -0.0078125 0.0011718749999999993 -0.008984375000000001 -0.008984375 0.001171875000000001 0.0 12.515625 0.0 0.0 22.85546875 0.0 12.41015625 0.0 0.0 25.15234375 0.0 12.62109375 0.0 0.0 24.76953125 0.0 12.55078125 0.0 0.0 23.23828125 0.0 5.8064422607421875
154510135128 -0.0 -0.0078125 -0.0078125 0.0011718749999999993 -0.008984375000000001 -0.008984375 0.001171875000000001 0.0 12.55078125 0.0 0.0 22.47265625 0.0 12.33984375 0.0 0.0 24.578125 0.0 12.62109375 0.0 0.0 24.76953125 0.0 12.55078125 0.0 0.0 23.046875 0.0 5.81622314453125
154510135311 -0.0 -0.0078125 -0.0078125 0.0011718749999999993 -0.008984375000000001 -0.008984375 0.001171875000000001 0.0 12.48046875 0.0 0.0 22.47265625 0.0 12.4453125 0.0 0.0 25.34375 0.0 12.62109375 0.0 0.0 24.76953125 0.0 12.515625 0.0 0.0 23.23828125 0.0 5.8064422607421875
154510135492 -0.0 -0.0078125 -0.0078125 0.0011718749999999993 -0.008984375000000001 -0.008984375 0.001171875000000001 0.0 12.55078125 0.0 0.0 22.6640625 0.0 12.41015625 0.0 0.0 24.9609375 0.0 12.5859375 0.0 0.0 24.76953125 0.0 12.55078125 0.0 0.0 23.046875 0.0 5.8064422607421875
154510135672 -0.0 -0.0078125 -0.0078125 0.0011718749999999993 -0.008984375000000001 -0.008984375 0.001171875000000001 0.0 12.48046875 0.0 0.0 22.6640625 0.0 12.41015625 0.0 0.0 25.34375 0.0 12.62109375 0.0 0.0 24.578125 0.0 12.48046875 0.0 0.0 22.6640625 0.0 5.8064422607421875
154510135850 -0.0 -0.0078125 -0.0078125 0.0011718749999999993 -0.008984375000000001 -0.008984375 0.001171875000000001 0.0 12.55078125 0.0 0.0 23.046875 0.0 12.33984375 0.0 0.0 25.7265625 0.0 12.62109375 0.0 0.0 24.9609375 0.0 12.55078125 0.0 0.0 22.47265625 0.0 5.8064422607421875
154510136039 -0.0 -0.0078125 -0.0078125 0.0011718749999999993 -0.008984375000000001 -0.008984375 0.001171875000000001 0.0 12.4453125 0.0 0.0 22.6640625 0.0 12.41015625 0.0 0.0 25.15234375 0.0 12.55078125 0.0 0.0 24.9609375 0.0 12.515625 0.0 0.0 23.046875 0.0 5.8064422607421875
154510136221 -0.0 -0.0078125 -0.0078125 0.0011718749999999993 -0.008984375000000001 -0.008984375 0.001171875000000001 0.0 12.515625 0.0 0.0 22.6640625 0.0 12.375 0.0 0.0 26.109375 0.0 12.55078125 0.0 0.0 24.9609375 0.0 12.515625 0.0 0.0 22.85546875 0.0 5.8064422607421875
154510136399 -0.0 -0.0078125 -0.0078125 0.0011718749999999993 -0.008984375000000001 -0.008984375 0.001171875000000001 0.0 12.515625 0.0 0.0 22.47265625 0.0 12.41015625 0.0 0.0 24.9609375 0.0 12.5859375 0.0 0.0 24.76953125 0.0 12.55078125 0.0 0.0 22.6640625 0.0 5.8064422607421875
154510136579 -0.0 -0.0078125 -0.0078125 0.0011718749999999993 -0.008984375000000001 -0.008984375 0.001171875000000001 0.0 12.48046875 0.0 0.0 22.47265625 0.0 12.375 0.0 0.0 25.34375 0.0 12.5859375 0.0 0.0 24.1953125 0.0 12.55078125 0.0 0.0 23.046875 0.0 5.8064422607421875
154510136751 -0.0 -0.0078125 -0.0078125 0.0011718749999999993 -0.008984375000000001 -0.008984375 0.001171875000000001 0.0 12.515625 0.0 0.0 22.6640625 0.0 12.41015625 0.0 0.0 26.109375 0.0 12.3046875 0.0 0.0 25.34375 0.0 11.70703125 0.0 0.0 22.47265625 0.0 5.786895751953125
S: 154510136647 Fired
154510136919 -0.0 -0.0078125 -0.0078125 0.0011718749999999993 -0.008984375000000001 -0.008984375 0.001171875000000001 0.0 11.14453125 0.0 0.0 22.28125 0.0 11.25 0.0 0.0 24.578125 8.859298706054688 11.56640625 0.0 0.0 25.34375 0.0 11.77734375 0.0 0.0 22.47265625 0.0 5.0928497314453125
154510137111 -0.0 -0.0078125 -0.0078125 0.0011718749999999993 -0.008984375000000001 -0.008984375 0.001171875000000001 0.0 11.8828125 0.0 0.0 22.6640625 0.0 11.70703125 0.0 0.0 25.53515625 -7.89910888671875 9.9140625 0.0 0.0 24.76953125 0.0 12.26953125 0.0 0.0 22.85546875 0.0 4.43792724609375
154510137290 -0.0 -0.0078125 -0.0078125 0.0011718749999999993 -0.008984375000000001 -0.008984375 0.001171875000000001 0.0 12.1640625 0.0 0.0 22.6640625 0.0 12.19921875 0.0 0.0 25.15234375 10.325302124023438 12.19921875 0.0 0.0 25.15234375 0.0 12.375 0.0 0.0 23.4296875 0.0 4.7996063232421875
154510137459 -0.0 -0.0078125 -0.0078125 0.0011718749999999993 -0.008984375000000001 -0.008984375 0.001171875000000001 0.0 12.33984375 0.0 0.0 22.28125 0.0 12.33984375 0.0 0.0 25.15234375 0.0 12.4453125 0.0 0.0 24.578125 0.0 12.48046875 0.0 0.0 23.046875 0.0 5.415435791015625
154510137630 -0.0 -0.0078125 -0.0078125 0.0011718749999999993 -0.008984375000000001 -0.008984375 0.001171875000000001 0.0 12.33984375 0.0 0.0 22.85546875 0.0 12.234375 0.0 0.0 25.15234375 0.0 12.4453125 0.0 0.0 24.76953125 0.0 12.375 0.0 0.0 22.47265625 0.0 5.757568359375
154510137792 -0.0 -0.0078125 -0.0078125 0.0011718749999999993 -0.008984375000000001 -0.008984375 0.001171875000000001 0.0 12.375 0.0 0.0 22.47265625 0.0 12.19921875 0.0 0.0 25.34375 0.0 12.515625 0.0 0.0 24.9609375 0.0 12.4453125 0.0 0.0 22.6640625 0.0 5.845550537109375
154510137978 -0.0 -0.0078125 -0.0078125 0.0011718749999999993 -0.008984375000000001 -0.008984375 0.001171875000000001 0.0 12.41015625 0.0 0.0 22.47265625 0.0 12.3046875 0.0 0.0 24.9609375 0.0 12.515625 0.0 0.0 25.15234375 0.0 12.4453125 0.0 0.0 22.85546875 0.0 5.8064422607421875
154510138174 -0.0 -0.0078125 -0.0078125 0.0011718749999999993 -0.008984375000000001 -0.008984375 0.001171875000000001 0.0 12.4453125 0.0 0.0 22.6640625 0.0 12.33984375 0.0 0.0 25.7265625 0.0 12.48046875 0.0 0.0 24.9609375 0.0 12.41015625 0.0 0.0 22.85546875 0.0 5.8064422607421875
154510138346 -0.0 -0.0078125 -0.0078125 0.0011718749999999993 -0.008984375000000001 -0.008984375 0.001171875000000001 0.0 12.48046875 0.0 0.0 22.08984375 0.0 12.375 0.0 0.0 25.15234375 0.0 12.515625 0.0 0.0 24.578125 0.0 12.48046875 0.0 0.0 23.046875 0.0 5.796661376953125
154510138532 -0.0 -0.0078125 -0.0078125 0.0011718749999999993 -0.008984375000000001 -0.008984375 0.001171875000000001 0.0 12.41015625 0.0 0.0 23.046875 0.0 12.33984375 0.0 0.0 25.34375 0.0 12.55078125 0.0 0.0 25.15234375 0.0 12.41015625 0.0 0.0 23.046875 0.0 5.8064422607421875
154510138710 -0.0 -0.0078125 -0.0078125 0.0011718749999999993 -0.008984375000000001 -0.008984375 0.001171875000000001 0.0 12.4453125 0.0 0.0 22.6640625 0.0 12.375 0.0 0.0 24.38671875 0.0 12.48046875 0.0 0.0 24.578125 0.0 12.48046875 0.0 0.0 22.47265625 0.0 5.8064422607421875
154510138884 -0.0 -0.0078125 -0.0078125 0.0011718749999999993 -0.008984375000000001 -0.008984375 0.001171875000000001 0.0 12.48046875 0.0 0.0 23.23828125 0.0 12.33984375 0.0 0.0 24.9609375 0.0 12.515625 0.0 0.0 25.15234375 0.0 12.4453125 0.0 0.0 22.85546875 0.0 5.796661376953125
154510139079 -0.0 -0.0078125 -0.0078125 0.0011718749999999993 -0.008984375000000001 -0.008984375 0.001171875000000001 0.0 12.48046875 0.0 0.0 22.47265625 0.0 12.33984375 0.0 0.0 25.34375 0.0 12.55078125 0.0 0.0 24.578125 0.0 12.48046875 0.0 0.0 23.046875 0.0 5.8064422607421875
154510139265 -0.0 -0.0078125 -0.0078125 0.0011718749999999993 -0.008984375000000001 -0.008984375 0.001171875000000001 0.0 12.4453125 0.0 0.0 22.85546875 0.0 12.33984375 0.0 0.0 25.91796875 0.0 12.48046875 0.0 0.0 25.15234375 0.0 12.4453125 0.0 0.0 22.85546875 0.0 5.8064422607421875
154510139449 -0.0 -0.0078125 -0.0078125 0.0011718749999999993 -0.008984375000000001 -0.008984375 0.001171875000000001 0.0 12.4453125 0.0 0.0 23.62109375 0.0 12.33984375 0.0 0.0 24.38671875 0.0 12.55078125 0.0 0.0 25.15234375 0.0 12.41015625 0.0 0.0 22.85546875 0.0 5.8064422607421875
154510139624 -0.0 -0.0078125 -0.0078125 0.0011718749999999993 -0.008984375000000001 -0.008984375 0.001171875000000001 0.0 12.48046875 0.0 0.0 22.08984375 0.0 12.375 0.0 0.0 25.53515625 0.0 12.48046875 0.0 0.0 25.15234375 0.0 12.48046875 0.0 0.0 22.85546875 0.0 5.796661376953125
154510139804 -0.0 -0.0078125 -0.0078125 0.0011718749999999993 -0.008984375000000001 -0.008984375 0.001171875000000001 0.0 12.41015625 0.0 0.0 22.85546875 0.0 12.3046875 0.0 0.0 25.15234375 0.0 12.55078125 0.0 0.0 24.578125 0.0 12.515625 0.0 0.0 22.6640625 0.0 5.796661376953125
154510139991 -0.0 -0.0078125 -0.0078125 0.0011718749999999993 -0.008984375000000001 -0.008984375 0.001171875000000001 0.0 12.48046875 0.0 0.0 22.47265625 0.0 12.375 0.0 0.0 25.34375 0.0 12.48046875 0.0 0.0 24.76953125 0.0 12.48046875 0.0 0.0 22.85546875 0.0 5.8064422607421875
154510140169 -0.0 -0.0078125 -0.0078125 0.0011718749999999993 -0.008984375000000001 -0.008984375 0.001171875000000001 0.0 12.41015625 0.0 0.0 22.28125 0.0 12.33984375 0.0 0.0 25.15234375 0.0 12.55078125 0.0 0.0 24.9609375 0.0 12.48046875 0.0 0.0 22.6640625 0.0 5.796661376953125
154510140349 -0.0 -0.0078125 -0.0078125 0.0011718749999999993 -0.008984375000000001 -0.008984375 0.001171875000000001 0.0 12.4453125 0.0 0.0 22.08984375 0.0 12.375 0.0 0.0 24.578125 0.0 12.48046875 0.0 0.0 24.9609375 0.0 12.48046875 0.0 0.0 22.6640625 0.0 5.796661376953125
154510140516 -0.0 -0.0078125 -0.0078125 0.0011718749999999993 -0.008984375000000001 -0.008984375 0.001171875000000001 0.0 12.4453125 0.0 0.0 22.6640625 0.0 12.375 0.0 0.0 25.7265625 0.0 12.48046875 0.0 0.0 24.76953125 0.0 12.41015625 0.0 0.0 23.23828125 0.0 5.786895751953125
154510140686 -0.0 -0.0078125 -0.0078125 0.0011718749999999993 -0.008984375000000001 -0.008984375 0.001171875000000001 0.0 12.4453125 0.0 0.0 23.23828125 0.0 12.375 0.0 0.0 25.15234375 0.0 12.55078125 0.0 0.0 24.76953125 0.0 12.4453125 0.0 0.0 22.6640625 0.0 5.8064422607421875
154510140875 -0.0 -0.0078125 -0.0078125 0.0011718749999999993 -0.008984375000000001 -0.008984375 0.001171875000000001 0.0 12.48046875 0.0 0.0 22.85546875 0.0 12.33984375 0.0 0.0 26.109375 0.0 12.55078125 0.0 0.0 25.15234375 0.0 12.48046875 0.0 0.0 23.046875 0.0 5.8064422607421875
154510141172 -0.0 -0.0078125 -0.0078125 0.0011718749999999993 -0.008984375000000001 -0.008984375 0.001171875000000001 0.0 12.4453125 0.0 0.0 22.08984375 0.0 12.3046875 0.0 0.0 24.76953125 0.0 12.515625 0.0 0.0 25.15234375 0.0 12.48046875 0.0 0.0 22.85546875 0.0 5.796661376953125
154510141351 -0.0 -0.0078125 -0.0078125 0.0011718749999999993 -0.008984375000000001 -0.008984375 0.001171875000000001 0.0 12.48046875 0.0 0.0 22.47265625 0.0 12.26953125 0.0 0.0 24.9609375 0.0 12.515625 0.0 0.0 24.9609375 0.0 12.48046875 0.0 0.0 23.23828125 0.0 5.796661376953125
154510141533 -0.0 -0.0078125 -0.0078125 0.0011718749999999993 -0.008984375000000001 -0.008984375 0.001171875000000001 0.0 12.41015625 0.0 0.0 22.6640625 0.0 12.33984375 0.0 0.0 25.15234375 0.0 12.48046875 0.0 0.0 24.76953125 0.0 12.4453125 0.0 0.0 23.62109375 0.0 5.8064422607421875
154510141704 -0.0 -0.0078125 -0.0078125 0.0011718749999999993 -0.008984375000000001 -0.008984375 0.001171875000000001 0.0 12.48046875 0.0 0.0 23.23828125 0.0 12.26953125 0.0 0.0 25.15234375 0.0 12.48046875 0.0 0.0 24.9609375 0.0 12.48046875 0.0 0.0 22.85546875 0.0 5.8064422607421875
154510141891 -0.0 -0.0078125 -0.0078125 0.0011718749999999993 -0.008984375000000001 -0.008984375 0.001171875000000001 0.0 12.48046875 0.0 0.0 22.47265625 0.0 12.3046875 0.0 0.0 24.9609375 0.0 12.55078125 0.0 0.0 24.76953125 0.0 12.48046875 0.0 0.0 22.85546875 0.0 5.8064422607421875
154510142072 -0.0 -0.0078125 -0.0078125 0.0011718749999999993 -0.008984375000000001 -0.008984375 0.001171875000000001 0.0 12.48046875 0.0 0.0 22.08984375 0.0 12.3046875 0.0 0.0 25.15234375 0.0 12.48046875 0.0 0.0 24.9609375 0.0 12.515625 0.0 0.0 23.046875 0.0 5.8064422607421875
154510142259 -0.0 -0.0078125 -0.0078125 0.0011718749999999993 -0.008984375000000001 -0.008984375 0.001171875000000001 0.0 12.41015625 0.0 0.0 23.8125 0.0 12.3046875 0.0 0.0 25.53515625 0.0 12.515625 0.0 0.0 24.9609375 0.0 12.4453125 0.0 0.0 22.85546875 0.0 5.8064422607421875
154510142444 -0.0 -0.0078125 -0.0078125 0.0011718749999999993 -0.008984375000000001 -0.008984375 0.001171875000000001 0.0 12.48046875 0.0 0.0 22.28125 0.0 12.3046875 0.0 0.0 25.34375 0.0 12.55078125 0.0 0.0 24.578125 0.0 12.4453125 0.0 0.0 21.8984375 0.0 5.8064422607421875
154510142618 -0.0 -0.0078125 -0.0078125 0.0011718749999999993 -0.008984375000000001 -0.008984375 0.001171875000000001 0.0 12.48046875 0.0 0.0 22.47265625 0.0 12.375 0.0 0.0 25.53515625 0.0 12.515625 0.0 0.0 24.76953125 0.0 12.48046875 0.0 0.0 22.85546875 0.0 5.8064422607421875
154510142798 -0.0 -0.0078125 -0.0078125 0.0011718749999999993 -0.008984375000000001 -0.008984375 0.001171875000000001 0.0 12.4453125 0.0 0.0 22.6640625 0.0 12.3046875 0.0 0.0 25.15234375 0.0 12.5859375 0.0 0.0 24.9609375 0.0 12.41015625 0.0 0.0 23.046875 0.0 5.8064422607421875
154510142996 -0.0 -0.0078125 -0.0078125 0.0011718749999999993 -0.008984375000000001 -0.008984375 0.001171875000000001 0.0 12.4453125 0.0 0.0 22.6640625 0.0 12.375 0.0 0.0 25.15234375 0.0 12.55078125 0.0 0.0 24.578125 0.0 12.48046875 0.0 0.0 22.6640625 0.0 5.796661376953125
154510143174 -0.0 -0.0078125 -0.0078125 0.0011718749999999993 -0.008984375000000001 -0.008984375 0.001171875000000001 0.0 12.4453125 0.0 0.0 22.6640625 0.0 12.375 0.0 0.0 24.9609375 0.0 12.48046875 0.0 0.0 24.76953125 0.0 12.48046875 0.0 0.0 22.85546875 0.0 5.8064422607421875
154510143346 -0.0 -0.0078125 -0.0078125 0.0011718749999999993 -0.008984375000000001 -0.008984375 0.001171875000000001 0.0 12.41015625 0.0 0.0 22.47265625 0.0 12.33984375 0.0 0.0 24.76953125 0.0 12.55078125 0.0 0.0 24.76953125 0.0 12.515625 0.0 0.0 23.046875 0.0 5.8064422607421875
154510143530 -0.0 -0.0078125 -0.0078125 0.0011718749999999993 -0.008984375000000001 -0.008984375 0.001171875000000001 0.0 12.4453125 0.0 0.0 22.85546875 0.0 12.375 0.0 0.0 25.15234375 0.0 12.4453125 0.0 0.0 24.578125 0.0 12.48046875 0.0 0.0 23.046875 0.0 5.8064422607421875
154510143706 -0.0 -0.0078125 -0.0078125 0.0011718749999999993 -0.008984375000000001 -0.008984375 0.001171875000000001 0.0 12.48046875 0.0 0.0 22.47265625 0.0 12.3046875 0.0 0.0 24.9609375 0.0 12.515625 0.0 0.0 25.15234375 0.0 12.515625 0.0 0.0 22.28125 0.0 5.8064422607421875
154510143885 -0.0 -0.0078125 -0.0078125 0.0011718749999999993 -0.008984375000000001 -0.008984375 0.001171875000000001 0.0 12.375 0.0 0.0 22.85546875 0.0 12.33984375 0.0 0.0 25.91796875 0.0 12.515625 0.0 0.0 25.15234375 0.0 12.69140625 0.0 0.0 22.85546875 0.0 5.796661376953125
154510144070 -0.0 -0.0078125 -0.0078125 0.0011718749999999993 -0.008984375000000001 -0.008984375 0.001171875000000001 0.0 12.7265625 0.0 0.0 22.08984375 0.0 12.5859375 0.0 0.0 24.9609375 0.0 12.796875 0.0 0.0 24.76953125 0.0 12.76171875 0.0 0.0 23.046875 0.0 5.796661376953125
154510144264 -0.0 -0.0078125 -0.0078125 0.0011718749999999993 -0.008984375000000001 -0.008984375 0.001171875000000001 0.0 12.7265625 0.0 0.0 22.28125 0.0 12.62109375 0.0 0.0 25.15234375 0.0 12.83203125 0.0 0.0 24.76953125 0.0 12.76171875 0.0 0.0 22.47265625 0.0 5.796661376953125
154510144451 -0.0 -0.0078125 -0.0078125 0.0011718749999999993 -0.008984375000000001 -0.008984375 0.001171875000000001 0.0 12.7265625 0.0 0.0 22.47265625 0.0 12.65625 0.0 0.0 25.34375 0.0 12.796875 0.0 0.0 25.34375 0.0 12.76171875 0.0 0.0 23.046875 0.0 5.8064422607421875
154510144638 -0.0 -0.0078125 -0.0078125 0.0011718749999999993 -0.008984375000000001 -0.008984375 0.001171875000000001 0.0 12.76171875 0.0 0.0 24.1953125 0.0 12.65625 0.0 0.0 24.9609375 0.0 12.796875 0.0 0.0 25.15234375 0.0 12.76171875 0.0 0.0 22.6640625 0.0 5.8064422607421875
154510144824 -0.0 -0.0078125 -0.0078125 0.0011718749999999993 -0.008984375000000001 -0.008984375 0.001171875000000001 0.0 12.76171875 0.0 0.0 22.85546875 0.0 12.65625 0.0 0.0 25.7265625 0.0 12.83203125 0.0 0.0 24.9609375 0.0 12.796875 0.0 0.0 22.08984375 0.0 5.8064422607421875
154510145019 -0.0 -0.0078125 -0.0078125 0.0011718749999999993 -0.008984375000000001 -0.008984375 0.001171875000000001 0.0 12.76171875 0.0 0.0 23.23828125 0.0 12.65625 0.0 0.0 25.34375 0.0 12.83203125 0.0 0.0 25.15234375 0.0 12.796875 0.0 0.0 23.23828125 0.0 5.796661376953125
154510145204 -0.0 -0.0078125 -0.0078125 0.0011718749999999993 -0.008984375000000001 -0.008984375 0.001171875000000001 0.0 12.76171875 0.0 0.0 22.28125 0.0 12.65625 0.0 0.0 25.15234375 0.0 12.83203125 0.0 0.0 24.9609375 0.0 12.796875 0.0 0.0 22.85546875 0.0 5.81622314453125
154510145393 -0.0 -0.0078125 -0.0078125 0.0011718749999999993 -0.008984375000000001 -0.008984375 0.001171875000000001 0.0 12.76171875 0.0 0.0 21.1328125 0.0 12.65625 0.0 0.0 24.9609375 0.0 12.83203125 0.0 0.0 25.15234375 0.0 12.796875 0.0 0.0 23.23828125 0.0 5.8064422607421875
154510145585 -0.0 -0.0078125 -0.0078125 0.0011718749999999993 -0.008984375000000001 -0.008984375 0.001171875000000001 0.0 12.76171875 0.0 0.0 23.046875 0.0 12.65625 0.0 0.0 25.15234375 0.0 12.83203125 0.0 0.0 24.9609375 0.0 12.796875 0.0 0.0 23.23828125 0.0 5.8064422607421875
154510145771 -0.0 -0.0078125 -0.0078125 0.0011718749999999993 -0.008984375000000001 -0.008984375 0.001171875000000001 0.0 12.76171875 0.0 0.0 22.6640625 0.0 12.65625 0.0 0.0 24.9609375 0.0 12.8671875 0.0 0.0 24.9609375 0.0 12.796875 0.0 0.0 22.47265625 0.0 5.8064422607421875
154510145952 -0.0 -0.0078125 -0.0078125 0.0011718749999999993 -0.008984375000000001 -0.008984375 0.001171875000000001 0.0 12.76171875 0.0 0.0 23.23828125 0.0 12.69140625 0.0 0.0 25.34375 0.0 12.83203125 0.0 0.0 25.34375 0.0 12.83203125 0.0 0.0 23.23828125 0.0 5.8064422607421875
154510146131 -0.0 -0.0078125 -0.0078125 0.0011718749999999993 -0.008984375000000001 -0.008984375 0.001171875000000001 0.0 12.76171875 0.0 0.0 23.4296875 0.0 12.69140625 0.0 0.0 24.76953125 0.0 12.8671875 0.0 0.0 24.9609375 0.0 12.796875 0.0 0.0 23.23828125 0.0 5.796661376953125
154510146305 -0.0 -0.0078125 -0.0078125 0.0011718749999999993 -0.008984375000000001 -0.008984375 0.001171875000000001 0.0 12.76171875 0.0 0.0 22.6640625 0.0 12.69140625 0.0 0.0 25.34375 0.0 12.65625 0.0 0.0 24.9609375 0.0 11.8828125 0.0 0.0 22.6640625 0.0 5.659820556640625
S: 154510146198 Fired
154510146484 -0.0 -0.0078125 -0.0078125 0.0011718749999999993 -0.008984375000000001 -0.008984375 0.001171875000000001 0.0 11.25 0.0 0.0 22.6640625 0.0 11.53125 0.0 0.0 25.15234375 7.0092315673828125 11.8828125 0.0 0.0 24.9609375 0.0 11.98828125 0.0 0.0 22.6640625 0.0 5.0244293212890625
154510146655 -0.0 -0.0078125 -0.0078125 0.0011718749999999993 -0.008984375000000001 -0.008984375 0.001171875000000001 0.0 12.12890625 0.0 0.0 22.6640625 0.0 11.70703125 0.0 0.0 24.578125 -7.4869232177734375 11.00390625 0.0 0.0 25.34375 0.0 12.4453125 0.0 0.0 22.85546875 0.0 4.408599853515625
154510146838 -0.0 -0.0078125 -0.0078125 0.0011718749999999993 -0.008984375000000001 -0.008984375 0.001171875000000001 0.0 12.48046875 0.0 0.0 21.32421875 0.0 12.41015625 0.0 0.0 24.76953125 10.260406494140625 12.65625 0.0 0.0 25.34375 0.0 12.515625 0.0 0.0 23.23828125 0.0 4.789825439453125
154510147022 -0.0 -0.0078125 -0.0078125 0.0011718749999999993 -0.008984375000000001 -0.008984375 0.001171875000000001 0.0 12.65625 0.0 0.0 22.47265625 0.0 12.515625 0.0 0.0 25.15234375 0.0 12.7265625 0.0 0.0 24.578125 0.0 12.65625 0.0 0.0 23.4296875 0.0 5.31768798828125
154510147206 -0.0 -0.0078125 -0.0078125 0.0011718749999999993 -0.008984375000000001 -0.008984375 0.001171875000000001 0.0 12.62109375 0.0 0.0 22.28125 0.0 12.515625 0.0 0.0 24.9609375 0.0 12.69140625 0.0 0.0 25.34375 0.0 12.69140625 0.0 0.0 22.6640625 0.0 5.69891357421875
154510147377 -0.0 -0.0078125 -0.0078125 0.0011718749999999993 -0.008984375000000001 -0.008984375 0.001171875000000001 0.0 12.62109375 0.0 0.0 22.08984375 0.0 12.48046875 0.0 0.0 25.7265625 0.0 12.76171875 0.0 0.0 24.9609375 0.0 12.7265625 0.0 0.0 23.62109375 0.0 5.855316162109375
154510147556 -0.0 -0.0078125 -0.0078125 0.0011718749999999993 -0.008984375000000001 -0.008984375 0.001171875000000001 0.0 12.7265625 0.0 0.0 22.6640625 0.0 12.62109375 0.0 0.0 25.34375 0.0 12.796875 0.0 0.0 25.34375 0.0 12.76171875 0.0 0.0 22.85546875 0.0 5.8064422607421875
154510147735 -0.0 -0.0078125 -0.0078125 0.0011718749999999993 -0.008984375000000001 -0.008984375 0.001171875000000001 0.0 12.76171875 0.0 0.0 22.28125 0.0 12.65625 0.0 0.0 24.76953125 0.0 12.83203125 0.0 0.0 24.76953125 0.0 12.76171875 0.0 0.0 23.046875 0.0 5.8064422607421875
154510147915 -0.0 -0.0078125 -0.0078125 0.0011718749999999993 -0.008984375000000001 -0.008984375 0.001171875000000001 0.0 12.76171875 0.0 0.0 22.47265625 0.0 12.65625 0.0 0.0 25.7265625 0.0 12.83203125 0.0 0.0 24.9609375 0.0 12.76171875 0.0 0.0 22.85546875 0.0 5.796661376953125
154510148087 -0.0 -0.0078125 -0.0078125 0.0011718749999999993 -0.008984375000000001 -0.008984375 0.001171875000000001 0.0 12.7265625 0.0 0.0 22.6640625 0.0 12.65625 0.0 0.0 25.53515625 0.0 12.83203125 0.0 0.0 24.9609375 0.0 12.76171875 0.0 0.0 23.23828125 0.0 5.8064422607421875
154510148256 -0.0 -0.0078125 -0.0078125 0.0011718749999999993 -0.008984375000000001 -0.008984375 0.001171875000000001 0.0 12.76171875 0.0 0.0 22.85546875 0.0 12.65625 0.0 0.0 25.15234375 0.0 12.83203125 0.0 0.0 25.53515625 0.0 12.76171875 0.0 0.0 23.046875 0.0 5.8064422607421875
154510148435 -0.0 -0.0078125 -0.0078125 0.0011718749999999993 -0.008984375000000001 -0.008984375 0.001171875000000001 0.0 12.76171875 0.0 0.0 22.85546875 0.0 12.65625 0.0 0.0 24.76953125 0.0 12.83203125 0.0 0.0 25.53515625 0.0 12.796875 0.0 0.0 22.6640625 0.0 5.8064422607421875
154510148622 -0.0 -0.0078125 -0.0078125 0.0011718749999999993 -0.008984375000000001 -0.008984375 0.001171875000000001 0.0 12.76171875 0.0 0.0 23.23828125 0.0 12.65625 0.0 0.0 26.109375 0.0 12.8671875 0.0 0.0 24.76953125 0.0 12.796875 0.0 0.0 22.85546875 0.0 5.8064422607421875
154510148892 -0.0 -0.0078125 -0.0078125 0.0011718749999999993 -0.008984375000000001 -0.008984375 0.001171875000000001 0.0 12.76171875 0.0 0.0 22.85546875 0.0 12.65625 0.0 0.0 25.34375 0.0 12.8671875 0.0 0.0 25.34375 0.0 12.796875 0.0 0.0 22.6640625 0.0 5.8064422607421875
154510149064 -0.0 -0.0078125 -0.0078125 0.0011718749999999993 -0.008984375000000001 -0.008984375 0.001171875000000001 0.0 12.796875 0.0 0.0 22.28125 0.0 12.69140625 0.0 0.0 24.9609375 0.0 12.83203125 0.0 0.0 24.76953125 0.0 12.796875 0.0 0.0 23.046875 0.0 5.8064422607421875
154510149248 -0.0 -0.0078125 -0.0078125 0.0011718749999999993 -0.008984375000000001 -0.008984375 0.001171875000000001 0.0 12.796875 0.0 0.0 22.6640625 0.0 12.65625 0.0 0.0 25.15234375 0.0 12.8671875 0.0 0.0 25.15234375 0.0 12.796875 0.0 0.0 22.28125 0.0 5.8064422607421875
154510149426 -0.0 -0.0078125 -0.0078125 0.0011718749999999993 -0.008984375000000001 -0.008984375 0.001171875000000001 0.0 12.796875 0.0 0.0 21.8984375 0.0 12.69140625 0.0 0.0 24.76953125 0.0 12.8671875 0.0 0.0 24.76953125 0.0 12.796875 0.0 0.0 22.85546875 0.0 5.8064422607421875
154510149599 -0.0 -0.0078125 -0.0078125 0.0011718749999999993 -0.008984375000000001 -0.008984375 0.001171875000000001 0.0 12.796875 0.0 0.0 22.6640625 0.0 12.69140625 0.0 0.0 24.76953125 0.0 12.8671875 0.0 0.0 25.15234375 0.0 12.83203125 0.0 0.0 23.4296875 0.0 5.8064422607421875
154510149765 -0.0 -0.0078125 -0.0078125 0.0011718749999999993 -0.008984375000000001 -0.008984375 0.001171875000000001 0.0 12.796875 0.0 0.0 22.6640625 0.0 12.69140625 0.0 0.0 25.53515625 0.0 12.8671875 0.0 0.0 24.9609375 0.0 12.83203125 0.0 0.0 23.23828125 0.0 5.8064422607421875
154510149933 -0.0 -0.0078125 -0.0078125 0.0011718749999999993 -0.008984375000000001 -0.008984375 0.001171875000000001 0.0 12.796875 0.0 0.0 22.47265625 0.0 12.69140625 0.0 0.0 25.34375 0.0 12.8671875 0.0 0.0 24.9609375 0.0 12.83203125 0.0 0.0 23.046875 0.0 5.81622314453125
154510150099 -0.0 -0.0078125 -0.0078125 0.0011718749999999993 -0.008984375000000001 -0.008984375 0.001171875000000001 0.0 12.796875 0.0 0.0 22.28125 0.0 12.69140625 0.0 0.0 24.9609375 0.0 12.8671875 0.0 0.0 24.9609375 0.0 12.83203125 0.0 0.0 22.47265625 0.0 5.8064422607421875
154510150291 -0.0 -0.0078125 -0.0078125 0.0011718749999999993 -0.008984375000000001 -0.008984375 0.001171875000000001 0.0 12.796875 0.0 0.0 22.6640625 0.0 12.69140625 0.0 0.0 26.109375 0.0 12.8671875 0.0 0.0 25.15234375 0.0 12.83203125 0.0 0.0 22.85546875 0.0 5.8064422607421875
154510150473 -0.0 -0.0078125 -0.0078125 0.0011718749999999993 -0.008984375000000001 -0.008984375 0.001171875000000001 0.0 12.796875 0.0 0.0 22.47265625 0.0 12.69140625 0.0 0.0 25.34375 0.0 12.8671875 0.0 0.0 24.578125 0.0 12.83203125 0.0 0.0 23.23828125 0.0 5.8064422607421875
154510150649 -0.0 -0.0078125 -0.0078125 0.0011718749999999993 -0.008984375000000001 -0.008984375 0.001171875000000001 0.0 12.796875 0.0 0.0 22.47265625 0.0 12.7265625 0.0 0.0 25.15234375 0.0 12.8671875 0.0 0.0 25.15234375 0.0 12.83203125 0.0 0.0 22.85546875 0.0 5.8064422607421875
154510150833 -0.0 -0.0078125 -0.0078125 0.0011718749999999993 -0.008984375000000001 -0.008984375 0.001171875000000001 0.0 12.796875 0.0 0.0 22.47265625 0.0 12.69140625 0.0 0.0 24.1953125 0.0 12.8671875 0.0 0.0 24.578125 0.0 12.83203125 0.0 0.0 22.47265625 0.0 5.8064422607421875
154510151007 -0.0 -0.0078125 -0.0078125 0.0011718749999999993 -0.008984375000000001 -0.008984375 0.001171875000000001 0.0 12.83203125 0.0 0.0 22.6640625 0.0 12.69140625 0.0 0.0 24.76953125 0.0 12.8671875 0.0 0.0 25.34375 0.0 12.83203125 0.0 0.0 23.046875 0.0 5.8064422607421875
154510151179 -0.0 -0.0078125 -0.0078125 0.0011718749999999993 -0.008984375000000001 -0.008984375 0.001171875000000001 0.0 12.796875 0.0 0.0 22.85546875 0.0 12.69140625 0.0 0.0 26.109375 0.0 12.8671875 0.0 0.0 25.15234375 0.0 12.83203125 0.0 0.0 22.6640625 0.0 5.8064422607421875
154510151353 -0.0 -0.0078125 -0.0078125 0.0011718749999999993 -0.008984375000000001 -0.008984375 0.001171875000000001 0.0 12.796875 0.0 0.0 23.046875 0.0 12.7265625 0.0 0.0 25.15234375 0.0 12.90234375 0.0 0.0 25.15234375 0.0 12.83203125 0.0 0.0 23.046875 0.0 5.8064422607421875
154510151523 -0.0 -0.0078125 -0.0078125 0.0011718749999999993 -0.008984375000000001 -0.008984375 0.001171875000000001 0.0 12.83203125 0.0 0.0 22.6640625 0.0 12.69140625 0.0 0.0 24.38671875 0.0 12.90234375 0.0 0.0 24.9609375 0.0 12.83203125 0.0 0.0 22.85546875 0.0 5.8064422607421875
154510151695 -0.0 -0.0078125 -0.0078125 0.0011718749999999993 -0.008984375000000001 -0.008984375 0.001171875000000001 0.0 12.83203125 0.0 0.0 22.08984375 0.0 12.7265625 0.0 0.0 25.53515625 0.0 12.90234375 0.0 0.0 24.578125 0.0 12.83203125 0.0 0.0 22.6640625 0.0 5.8064422607421875
154510151865 -0.0 -0.0078125 -0.0078125 0.0011718749999999993 -0.008984375000000001 -0.008984375 0.001171875000000001 0.0 12.83203125 0.0 0.0 22.28125 0.0 12.7265625 0.0 0.0 25.34375 0.0 12.90234375 0.0 0.0 24.9609375 0.0 12.83203125 0.0 0.0 23.23828125 0.0 5.81622314453125
154510152042 -0.0 -0.0078125 -0.0078125 0.0011718749999999993 -0.008984375000000001 -0.008984375 0.001171875000000001 0.0 12.83203125 0.0 0.0 23.046875 0.0 12.7265625 0.0 0.0 25.34375 0.0 12.90234375 0.0 0.0 24.578125 0.0 12.83203125 0.0 0.0 23.23828125 0.0 5.796661376953125
154510152216 -0.0 -0.0078125 -0.0078125 0.0011718749999999993 -0.008984375000000001 -0.008984375 0.001171875000000001 0.0 12.83203125 0.0 0.0 22.08984375 0.0 12.7265625 0.0 0.0 25.34375 0.0 12.90234375 0.0 0.0 25.34375 0.0 12.83203125 0.0 0.0 22.85546875 0.0 5.8064422607421875
154510152384 -0.0 -0.0078125 -0.0078125 0.0011718749999999993 -0.008984375000000001 -0.008984375 0.001171875000000001 0.0 12.83203125 0.0 0.0 22.6640625 0.0 12.7265625 0.0 0.0 25.53515625 0.0 12.90234375 0.0 0.0 25.53515625 0.0 12.8671875 0.0 0.0 22.28125 0.0 5.8064422607421875
154510152559 -0.0 -0.0078125 -0.0078125 0.0011718749999999993 -0.008984375000000001 -0.008984375 0.001171875000000001 0.0 12.83203125 0.0 0.0 22.6640625 0.0 12.7265625 0.0 0.0 25.7265625 0.0 12.90234375 0.0 0.0 24.76953125 0.0 12.83203125 0.0 0.0 23.23828125 0.0 5.8064422607421875
154510152738 -0.0 -0.0078125 -0.0078125 0.0011718749999999993 -0.008984375000000001 -0.008984375 0.001171875000000001 0.0 12.83203125 0.0 0.0 23.046875 0.0 12.7265625 0.0 0.0 25.34375 0.0 12.90234375 0.0 0.0 24.9609375 0.0 12.8671875 0.0 0.0 22.85546875 0.0 5.796661376953125
154510152916 -0.0 -0.0078125 -0.0078125 0.0011718749999999993 -0.008984375000000001 -0.008984375 0.001171875000000001 0.0 12.83203125 0.0 0.0 22.6640625 0.0 12.7265625 0.0 0.0 26.30078125 0.0 12.90234375 0.0 0.0 24.9609375 0.0 12.8671875 0.0 0.0 23.23828125 0.0 5.81622314453125
154510153096 -0.0 -0.0078125 -0.0078125 0.0011718749999999993 -0.008984375000000001 -0.008984375 0.001171875000000001 0.0 12.83203125 0.0 0.0 22.47265625 0.0 12.7265625 0.0 0.0 25.7265625 0.0 12.90234375 0.0 0.0 24.76953125 0.0 12.8671875 0.0 0.0 23.4296875 0.0 5.8064422607421875
154510153280 -0.0 -0.0078125 -0.0078125 0.0011718749999999993 -0.008984375000000001 -0.008984375 0.001171875000000001 0.0 12.83203125 0.0 0.0 22.28125 0.0 12.7265625 0.0 0.0 25.34375 0.0 12.90234375 0.0 0.0 24.9609375 0.0 12.83203125 0.0 0.0 22.6640625 0.0 5.8064422607421875
154510153458 -0.0 -0.0078125 -0.0078125 0.0011718749999999993 -0.008984375000000001 -0.008984375 0.001171875000000001 0.0 12.83203125 0.0 0.0 22.85546875 0.0 12.7265625 0.0 0.0 24.9609375 0.0 12.90234375 0.0 0.0 24.9609375 0.0 12.8671875 0.0 0.0 23.23828125 0.0 5.8064422607421875
154510153626 -0.0 -0.0078125 -0.0078125 0.0011718749999999993 -0.008984375000000001 -0.008984375 0.001171875000000001 0.0 12.83203125 0.0 0.0 23.046875 0.0 12.7265625 0.0 0.0 25.91796875 0.0 12.65625 0.0 0.0 25.34375 0.0 11.84765625 0.0 0.0 23.23828125 0.0 5.6793670654296875
S: 154510153526 Fired
154510153791 -0.0 -0.0078125 -0.0078125 0.0011718749999999993 -0.008984375000000001 -0.008984375 0.001171875000000001 0.0 11.28515625 0.0 0.0 22.85546875 0.0 11.42578125 0.0 0.0 24.9609375 12.275299072265625 11.91796875 0.0 0.0 24.578125 0.0 12.0234375 0.0 0.0 22.85546875 0.0 5.161285400390625
154510153956 -0.0 -0.0078125 -0.0078125 0.0011718749999999993 -0.008984375000000001 -0.008984375 0.001171875000000001 0.0 12.05859375 0.0 0.0 22.6640625 0.0 12.0234375 0.0 0.0 25.34375 -9.119491577148438 12.0234375 0.0 0.0 24.76953125 0.0 11.00390625 0.0 0.0 22.47265625 0.0 4.408599853515625
154510154123 -0.0 -0.0078125 -0.0078125 0.0011718749999999993 -0.008984375000000001 -0.008984375 0.001171875000000001 0.0 12.5859375 0.0 0.0 23.62109375 0.0 12.375 0.0 0.0 25.7265625 14.411224365234375 12.33984375 0.0 0.0 24.9609375 0.0 12.48046875 0.0 0.0 23.046875 0.0 4.81915283203125
154510154286 -0.0 -0.0078125 -0.0078125 0.0011718749999999993 -0.008984375000000001 -0.008984375 0.001171875000000001 0.0 12.7265625 0.0 0.0 22.47265625 0.0 12.5859375 0.0 0.0 25.34375 0.0 12.76171875 0.0 0.0 25.34375 0.0 12.7265625 0.0 0.0 22.6640625 0.0 5.4545440673828125
154510154460 -0.0 -0.0078125 -0.0078125 0.0011718749999999993 -0.008984375000000001 -0.008984375 0.001171875000000001 0.0 12.7265625 0.0 0.0 22.85546875 0.0 12.5859375 0.0 0.0 25.53515625 0.0 12.7265625 0.0 0.0 24.9609375 0.0 12.65625 0.0 0.0 22.6640625 0.0 5.845550537109375
154510154641 -0.0 -0.0078125 -0.0078125 0.0011718749999999993 -0.008984375000000001 -0.008984375 0.001171875000000001 0.0 12.62109375 0.0 0.0 22.85546875 0.0 12.48046875 0.0 0.0 25.34375 0.0 12.83203125 0.0 0.0 25.34375 0.0 12.76171875 0.0 0.0 22.47265625 0.0 5.82598876953125
154510154830 -0.0 -0.0078125 -0.0078125 0.0011718749999999993 -0.008984375000000001 -0.008984375 0.001171875000000001 0.0 12.76171875 0.0 0.0 22.47265625 0.0 12.65625 0.0 0.0 25.53515625 0.0 12.83203125 0.0 0.0 24.9609375 0.0 12.796875 0.0 0.0 23.4296875 0.0 5.8064422607421875
154510155014 -0.0 -0.0078125 -0.0078125 0.0011718749999999993 -0.008984375000000001 -0.008984375 0.001171875000000001 0.0 12.76171875 0.0 0.0 22.47265625 0.0 12.65625 0.0 0.0 24.9609375 0.0 12.8671875 0.0 0.0 25.34375 0.0 12.796875 0.0 0.0 22.6640625 0.0 5.8064422607421875
154510155191 -0.0 -0.0078125 -0.0078125 0.0011718749999999993 -0.008984375000000001 -0.008984375 0.001171875000000001 0.0 12.796875 0.0 0.0 22.08984375 0.0 12.69140625 0.0 0.0 24.76953125 0.0 12.8671875 0.0 0.0 24.9609375 0.0 12.796875 0.0 0.0 22.6640625 0.0 5.8064422607421875
154510155364 -0.0 -0.0078125 -0.0078125 0.0011718749999999993 -0.008984375000000001 -0.008984375 0.001171875000000001 0.0 12.796875 0.0 0.0 22.6640625 0.0 12.69140625 0.0 0.0 24.9609375 0.0 12.8671875 0.0 0.0 24.9609375 0.0 12.83203125 0.0 0.0 22.85546875 0.0 5.8064422607421875
154510155550 -0.0 -0.0078125 -0.0078125 0.0011718749999999993 -0.008984375000000001 -0.008984375 0.001171875000000001 0.0 12.796875 0.0 0.0 22.6640625 0.0 12.69140625 0.0 0.0 24.9609375 0.0 12.8671875 0.0 0.0 24.9609375 0.0 12.83203125 0.0 0.0 22.6640625 0.0 5.8064422607421875
154510155731 -0.0 -0.0078125 -0.0078125 0.0011718749999999993 -0.008984375000000001 -0.008984375 0.001171875000000001 0.0 12.796875 0.0 0.0 22.85546875 0.0 12.69140625 0.0 0.0 24.9609375 0.0 12.8671875 0.0 0.0 24.9609375 0.0 12.83203125 0.0 0.0 23.046875 0.0 5.8064422607421875
154510155912 -0.0 -0.0078125 -0.0078125 0.0011718749999999993 -0.008984375000000001 -0.008984375 0.001171875000000001 0.0 12.796875 0.0 0.0 21.1328125 0.0 12.69140625 0.0 0.0 25.7265625 -6.6398468017578125 12.8671875 0.0 0.0 25.15234375 0.0 12.83203125 0.0 0.0 23.23828125 0.0 5.8064422607421875
154510156090 -0.0 -0.0078125 -0.0078125 0.0011718749999999993 -0.008984375000000001 -0.008984375 0.001171875000000001 0.0 12.796875 0.0 0.0 22.28125 0.0 12.69140625 0.0 0.0 24.76953125 2.4823455810546875 12.8671875 0.0 0.0 24.9609375 0.0 12.83203125 0.0 0.0 23.4296875 0.0 5.8064422607421875
154510156290 -0.0 -0.0078125 -0.0078125 0.0011718749999999993 -0.008984375000000001 -0.008984375 0.001171875000000001 0.0 12.796875 0.0 0.0 22.08984375 0.0 12.69140625 0.0 0.0 25.7265625 0.0 12.8671875 0.0 0.0 25.34375 0.0 12.83203125 0.0 0.0 23.23828125 0.0 5.796661376953125
154510156472 -0.0 -0.0078125 -0.0078125 0.0011718749999999993 -0.008984375000000001 -0.008984375 0.001171875000000001 0.0 12.796875 0.0 0.0 22.47265625 0.0 12.69140625 0.0 0.0 25.34375 0.0 12.8671875 0.0 0.0 24.76953125 0.0 12.796875 0.0 0.0 23.4296875 0.0 5.796661376953125
154510156650 -0.0 -0.0078125 -0.0078125 0.0011718749999999993 -0.008984375000000001 -0.008984375 0.001171875000000001 0.0 12.796875 0.0 0.0 24.76953125 0.0 12.69140625 0.0 0.0 24.9609375 0.0 12.8671875 0.0 0.0 24.9609375 0.0 12.83203125 0.0 0.0 22.6640625 0.0 5.796661376953125
154510156839 -0.0 -0.0078125 -0.0078125 0.0011718749999999993 -0.008984375000000001 -0.008984375 0.001171875000000001 0.0 12.83203125 0.0 0.0 22.6640625 0.0 12.7265625 0.0 0.0 25.15234375 0.0 12.8671875 0.0 0.0 25.15234375 0.0 12.83203125 0.0 0.0 22.85546875 0.0 5.796661376953125
154510157019 -0.0 -0.0078125 -0.0078125 0.0011718749999999993 -0.008984375000000001 -0.008984375 0.001171875000000001 0.0 12.83203125 0.0 0.0 24.38671875 0.0 12.7265625 0.0 0.0 24.9609375 0.0 12.8671875 0.0 0.0 24.9609375 0.0 12.83203125 0.0 0.0 23.4296875 0.0 5.8064422607421875
154510157198 -0.0 -0.0078125 -0.0078125 0.0011718749999999993 -0.008984375000000001 -0.008984375 0.001171875000000001 0.0 12.83203125 0.0 0.0 22.6640625 0.0 12.69140625 0.0 0.0 25.7265625 0.0 12.8671875 0.0 0.0 24.9609375 0.0 12.83203125 0.0 0.0 23.046875 0.0 5.796661376953125
154510157379 -0.0 -0.0078125 -0.0078125 0.0011718749999999993 -0.008984375000000001 -0.008984375 0.001171875000000001 0.0 12.83203125 0.0 0.0 22.85546875 0.0 12.69140625 0.0 0.0 24.9609375 0.0 12.90234375 0.0 0.0 24.38671875 0.0 12.83203125 0.0 0.0 23.046875 0.0 5.796661376953125
154510157558 -0.0 -0.0078125 -0.0078125 0.0011718749999999993 -0.008984375000000001 -0.008984375 0.001171875000000001 0.0 12.83203125 0.0 0.0 22.47265625 0.0 12.69140625 0.0 0.0 25.53515625 0.0 12.90234375 0.0 0.0 25.15234375 0.0 12.83203125 0.0 0.0 22.47265625 0.0 5.796661376953125
154510157738 -0.0 -0.0078125 -0.0078125 0.0011718749999999993 -0.008984375000000001 -0.008984375 0.001171875000000001 0.0 12.83203125 0.0 0.0 22.85546875 0.0 12.7265625 0.0 0.0 25.53515625 0.0 12.90234375 0.0 0.0 24.76953125 0.0 12.8671875 0.0 0.0 23.046875 0.0 5.796661376953125
154510157918 -0.0 -0.0078125 -0.0078125 0.0011718749999999993 -0.008984375000000001 -0.008984375 0.001171875000000001 0.0 12.796875 0.0 0.0 21.32421875 0.0 12.7265625 0.0 0.0 24.38671875 0.0 12.90234375 0.0 0.0 24.9609375 0.0 12.8671875 0.0 0.0 22.85546875 0.0 5.796661376953125
154510158102 -0.0 -0.0078125 -0.0078125 0.0011718749999999993 -0.008984375000000001 -0.008984375 0.001171875000000001 0.0 12.83203125 0.0 0.0 22.47265625 0.0 12.7265625 0.0 0.0 25.34375 0.0 12.90234375 0.0 0.0 24.9609375 0.0 12.8671875 0.0 0.0 22.6640625 0.0 5.8064422607421875
154510158278 -0.0 -0.0078125 -0.0078125 0.0011718749999999993 -0.008984375000000001 -0.008984375 0.001171875000000001 0.0 12.83203125 0.0 0.0 22.08984375 0.0 12.7265625 0.0 0.0 25.91796875 0.0 12.90234375 0.0 0.0 24.76953125 0.0 12.83203125 0.0 0.0 23.4296875 0.0 5.796661376953125
154510158479 -0.0 -0.0078125 -0.0078125 0.0011718749999999993 -0.008984375000000001 -0.008984375 0.001171875000000001 0.0 12.83203125 0.0 0.0 22.6640625 0.0 12.7265625 0.0 0.0 24.578125 0.0 12.90234375 0.0 0.0 25.34375 0.0 12.8671875 0.0 0.0 23.4296875 0.0 5.8064422607421875
154510158666 -0.0 -0.0078125 -0.0078125 0.0011718749999999993 -0.008984375000000001 -0.008984375 0.001171875000000001 0.0 12.83203125 0.0 0.0 22.85546875 0.0 12.7265625 0.0 0.0 25.34375 0.0 12.90234375 0.0 0.0 25.15234375 0.0 12.8671875 0.0 0.0 22.47265625 0.0 5.796661376953125
154510158851 -0.0 -0.0078125 -0.0078125 0.0011718749999999993 -0.008984375000000001 -0.008984375 0.001171875000000001 0.0 12.83203125 0.0 0.0 22.47265625 0.0 12.69140625 0.0 0.0 24.578125 0.0 12.90234375 0.0 0.0 25.15234375 0.0 12.8671875 0.0 0.0 23.4296875 0.0 5.796661376953125
154510159037 -0.0 -0.0078125 -0.0078125 0.0011718749999999993 -0.008984375000000001 -0.008984375 0.001171875000000001 0.0 12.83203125 0.0 0.0 22.08984375 0.0 12.7265625 0.0 0.0 25.34375 0.0 12.90234375 0.0 0.0 25.15234375 0.0 12.8671875 0.0 0.0 22.6640625 0.0 5.796661376953125
154510159217 -0.0 -0.0078125 -0.0078125 0.0011718749999999993 -0.008984375000000001 -0.008984375 0.001171875000000001 0.0 12.83203125 0.0 0.0 21.32421875 0.0 12.7265625 0.0 0.0 25.53515625 0.0 12.9375 0.0 0.0 25.53515625 0.0 12.8671875 0.0 0.0 22.85546875 0.0 5.8064422607421875
154510159418 -0.0 -0.0078125 -0.0078125 0.0011718749999999993 -0.008984375000000001 -0.008984375 0.001171875000000001 0.0 12.83203125 0.0 0.0 22.28125 0.0 12.7265625 0.0 0.0 24.76953125 0.0 12.90234375 0.0 0.0 24.38671875 0.0 12.8671875 0.0 0.0 22.28125 0.0 5.796661376953125
154510159598 -0.0 -0.0078125 -0.0078125 0.0011718749999999993 -0.008984375000000001 -0.008984375 0.001171875000000001 0.0 12.8671875 0.0 0.0 22.47265625 0.0 12.7265625 0.0 0.0 25.53515625 0.0 12.90234375 0.0 0.0 25.15234375 0.0 12.83203125 0.0 0.0 23.046875 0.0 5.796661376953125
154510159779 -0.0 -0.0078125 -0.0078125 0.0011718749999999993 -0.008984375000000001 -0.008984375 0.001171875000000001 0.0 12.83203125 0.0 0.0 23.4296875 0.0 12.7265625 0.0 0.0 25.34375 0.0 12.90234375 0.0 0.0 25.15234375 0.0 12.8671875 0.0 0.0 23.046875 0.0 5.796661376953125
154510159952 -0.0 -0.0078125 -0.0078125 0.0011718749999999993 -0.008984375000000001 -0.008984375 0.001171875000000001 0.0 12.83203125 0.0 0.0 22.47265625 0.0 12.7265625 0.0 0.0 25.53515625 0.0 12.90234375 0.0 0.0 24.9609375 0.0 12.83203125 0.0 0.0 22.6640625 0.0 5.8064422607421875
154510160131 -0.0 -0.0078125 -0.0078125 0.0011718749999999993 -0.008984375000000001 -0.008984375 0.001171875000000001 0.0 12.83203125 0.0 0.0 22.08984375 0.0 12.7265625 0.0 0.0 25.15234375 0.0 12.90234375 0.0 0.0 24.76953125 0.0 12.8671875 0.0 0.0 22.85546875 0.0 5.796661376953125
154510160321 -0.0 -0.0078125 -0.0078125 0.0011718749999999993 -0.008984375000000001 -0.008984375 0.001171875000000001 0.0 12.83203125 0.0 0.0 23.046875 0.0 12.76171875 0.0 0.0 25.34375 0.0 12.9375 0.0 0.0 24.76953125 0.0 12.8671875 0.0 0.0 23.23828125 0.0 5.8064422607421875
154510160511 -0.0 -0.0078125 -0.0078125 0.0011718749999999993 -0.008984375000000001 -0.008984375 0.001171875000000001 0.0 12.8671875 0.0 0.0 24.00390625 0.0 12.76171875 0.0 0.0 25.15234375 0.0 12.9375 0.0 0.0 24.9609375 0.0 12.8671875 0.0 0.0 22.85546875 0.0 5.796661376953125
154510160700 -0.0 -0.0078125 -0.0078125 0.0011718749999999993 -0.008984375000000001 -0.008984375 0.001171875000000001 0.0 12.8671875 0.0 0.0 22.6640625 0.0 12.7265625 0.0 0.0 24.9609375 0.0 12.90234375 0.0 0.0 24.9609375 0.0 12.8671875 0.0 0.0 22.85546875 0.0 5.796661376953125
154510160879 -0.0 -0.0078125 -0.0078125 0.0011718749999999993 -0.008984375000000001 -0.008984375 0.001171875000000001 0.0 12.83203125 0.0 0.0 22.28125 0.0 12.76171875 0.0 0.0 25.91796875 0.0 12.9375 0.0 0.0 25.15234375 0.0 12.8671875 0.0 0.0 23.23828125 0.0 5.786895751953125
154510161066 -0.0 -0.0078125 -0.0078125 0.0011718749999999993 -0.008984375000000001 -0.008984375 0.001171875000000001 0.0 12.8671875 0.0 0.0 22.85546875 0.0 12.7265625 0.0 0.0 25.15234375 0.0 12.9375 0.0 0.0 24.9609375 0.0 12.8671875 0.0 0.0 23.23828125 0.0 5.796661376953125
154510161245 -0.0 -0.0078125 -0.0078125 0.0011718749999999993 -0.008984375000000001 -0.008984375 0.001171875000000001 0.0 12.8671875 0.0 0.0 23.046875 0.0 12.7265625 0.0 0.0 25.15234375 0.0 12.76171875 0.0 0.0 25.34375 0.0 11.8828125 0.0 0.0 22.47265625 0.0 5.6793670654296875
S: 154510161136 Fired
154510161420 -0.0 -0.0078125 -0.0078125 0.0011718749999999993 -0.008984375000000001 -0.008984375 0.001171875000000001 0.0 11.42578125 0.0 0.0 22.85546875 0.0 11.49609375 0.0 0.0 25.15234375 9.564804077148438 11.953125 0.0 0.0 24.9609375 0.0 11.98828125 0.0 0.0 23.4296875 0.0 5.034210205078125
154510161596 -0.0 -0.0078125 -0.0078125 0.0011718749999999993 -0.008984375000000001 -0.008984375 0.001171875000000001 0.0 12.12890625 0.0 0.0 22.6640625 0.0 12.0234375 0.0 0.0 24.76953125 -13.70166015625 11.3203125 0.0 0.0 24.9609375 0.0 12.41015625 0.0 0.0 22.85546875 0.0 4.418365478515625
154510161767 -0.0 -0.0078125 -0.0078125 0.0011718749999999993 -0.008984375000000001 -0.008984375 0.001171875000000001 0.0 12.515625 0.0 0.0 22.85546875 0.0 12.4453125 0.0 0.0 25.34375 13.747024536132812 12.3046875 0.0 0.0 25.34375 0.0 12.48046875 0.0 0.0 23.046875 0.0 4.8093719482421875
154510161940 -0.0 -0.0078125 -0.0078125 0.0011718749999999993 -0.008984375000000001 -0.008984375 0.001171875000000001 0.0 12.69140625 0.0 0.0 23.046875 0.0 12.5859375 0.0 0.0 25.34375 -6.966949462890625 12.76171875 0.0 0.0 24.9609375 0.0 12.7265625 0.0 0.0 22.28125 0.0 5.3861083984375
154510162116 -0.0 -0.0078125 -0.0078125 0.0011718749999999993 -0.008984375000000001 -0.008984375 0.001171875000000001 0.0 12.69140625 0.0 0.0 22.6640625 0.0 12.515625 0.0 0.0 24.9609375 0.0 12.7265625 0.0 0.0 24.9609375 0.0 12.69140625 0.0 0.0 22.6640625 0.0 5.786895751953125
154510162291 -0.0 -0.0078125 -0.0078125 0.0011718749999999993 -0.008984375000000001 -0.008984375 0.001171875000000001 0.0 12.65625 0.0 0.0 23.8125 0.0 12.515625 0.0 0.0 26.109375 0.0 12.796875 0.0 0.0 24.578125 0.0 12.796875 0.0 0.0 22.6640625 0.0 5.8357696533203125
154510162491 -0.0 -0.0078125 -0.0078125 0.0011718749999999993 -0.008984375000000001 -0.008984375 0.001171875000000001 0.0 12.76171875 0.0 0.0 22.6640625 0.0 12.65625 0.0 0.0 26.4921875 0.0 12.83203125 0.0 0.0 24.76953125 0.0 12.796875 0.0 0.0 22.85546875 0.0 5.8064422607421875
154510162666 -0.0 -0.0078125 -0.0078125 0.0011718749999999993 -0.008984375000000001 -0.008984375 0.001171875000000001 0.0 12.76171875 0.0 0.0 23.046875 0.0 12.69140625 0.0 0.0 24.578125 0.0 12.8671875 0.0 0.0 24.76953125 0.0 12.796875 0.0 0.0 23.4296875 0.0 5.8064422607421875
154510162851 -0.0 -0.0078125 -0.0078125 0.0011718749999999993 -0.008984375000000001 -0.008984375 0.001171875000000001 0.0 12.796875 0.0 0.0 22.47265625 0.0 12.65625 0.0 0.0 25.91796875 0.0 12.8671875 0.0 0.0 24.76953125 0.0 12.83203125 0.0 0.0 22.47265625 0.0 5.8064422607421875
154510163025 -0.0 -0.0078125 -0.0078125 0.0011718749999999993 -0.008984375000000001 -0.008984375 0.001171875000000001 0.0 12.796875 0.0 0.0 22.28125 0.0 12.69140625 0.0 0.0 25.15234375 0.0 12.8671875 0.0 0.0 24.9609375 0.0 12.796875 0.0 0.0 22.85546875 0.0 5.8064422607421875
154510163211 -0.0 -0.0078125 -0.0078125 0.0011718749999999993 -0.008984375000000001 -0.008984375 0.001171875000000001 0.0 12.796875 0.0 0.0 22.6640625 0.0 12.69140625 0.0 0.0 25.53515625 0.0 12.8671875 0.0 0.0 24.9609375 0.0 12.83203125 0.0 0.0 22.6640625 0.0 5.796661376953125
154510163379 -0.0 -0.0078125 -0.0078125 0.0011718749999999993 -0.008984375000000001 -0.008984375 0.001171875000000001 0.0 12.796875 0.0 0.0 22.47265625 0.0 12.69140625 0.0 0.0 25.53515625 0.0 12.8671875 0.0 0.0 25.34375 0.0 12.83203125 0.0 0.0 23.23828125 0.0 5.8064422607421875
154510163558 -0.0 -0.0078125 -0.0078125 0.0011718749999999993 -0.008984375000000001 -0.008984375 0.001171875000000001 0.0 12.796875 0.0 0.0 23.046875 0.0 12.69140625 0.0 0.0 25.15234375 0.0 12.8671875 0.0 0.0 25.34375 0.0 12.83203125 0.0 0.0 22.6640625 0.0 5.8064422607421875
154510163737 -0.0 -0.0078125 -0.0078125 0.0011718749999999993 -0.008984375000000001 -0.008984375 0.001171875000000001 0.0 12.796875 0.0 0.0 23.23828125 0.0 12.7265625 0.0 0.0 25.34375 0.0 12.90234375 0.0 0.0 24.9609375 0.0 12.83203125 0.0 0.0 22.28125 0.0 5.8064422607421875
154510163917 -0.0 -0.0078125 -0.0078125 0.0011718749999999993 -0.008984375000000001 -0.008984375 0.001171875000000001 0.0 12.83203125 0.0 0.0 22.6640625 0.0 12.69140625 0.0 0.0 25.34375 0.0 12.90234375 0.0 0.0 24.9609375 0.0 12.83203125 0.0 0.0 23.23828125 0.0 5.796661376953125
154510164106 -0.0 -0.0078125 -0.0078125 0.0011718749999999993 -0.008984375000000001 -0.008984375 0.001171875000000001 0.0 12.83203125 0.0 0.0 22.47265625 0.0 12.69140625 0.0 0.0 25.53515625 0.0 12.8671875 0.0 0.0 24.76953125 0.0 12.83203125 0.0 0.0 22.6640625 0.0 5.8064422607421875
154510164297 -0.0 -0.0078125 -0.0078125 0.0011718749999999993 -0.008984375000000001 -0.008984375 0.001171875000000001 0.0 12.796875 0.0 0.0 22.85546875 0.0 12.7265625 0.0 0.0 25.34375 0.0 12.90234375 0.0 0.0 25.34375 0.0 12.83203125 0.0 0.0 23.046875 0.0 5.8064422607421875
154510164486 -0.0 -0.0078125 -0.0078125 0.0011718749999999993 -0.008984375000000001 -0.008984375 0.001171875000000001 0.0 12.83203125 0.0 0.0 22.47265625 0.0 12.69140625 0.0 0.0 25.34375 0.0 12.90234375 0.0 0.0 24.9609375 0.0 12.83203125 0.0 0.0 23.23828125 0.0 5.8064422607421875
154510164671 -0.0 -0.0078125 -0.0078125 0.0011718749999999993 -0.008984375000000001 -0.008984375 0.001171875000000001 0.0 12.83203125 0.0 0.0 22.47265625 0.0 12.7265625 0.0 0.0 24.9609375 0.0 12.90234375 0.0 0.0 24.578125 0.0 12.8671875 0.0 0.0 23.4296875 0.0 5.8064422607421875
154510164851 -0.0 -0.0078125 -0.0078125 0.0011718749999999993 -0.008984375000000001 -0.008984375 0.001171875000000001 0.0 12.83203125 0.0 0.0 22.47265625 0.0 12.7265625 0.0 0.0 25.15234375 0.0 12.90234375 0.0 0.0 24.76953125 0.0 12.8671875 0.0 0.0 22.85546875 0.0 5.8064422607421875
154510165032 -0.0 -0.0078125 -0.0078125 0.0011718749999999993 -0.008984375000000001 -0.008984375 0.001171875000000001 0.0 12.83203125 0.0 0.0 22.47265625 0.0 12.7265625 0.0 0.0 24.9609375 0.0 12.90234375 0.0 0.0 25.15234375 0.0 12.8671875 0.0 0.0 22.6640625 0.0 5.8064422607421875
154510165210 -0.0 -0.0078125 -0.0078125 0.0011718749999999993 -0.008984375000000001 -0.008984375 0.001171875000000001 0.0 12.796875 0.0 0.0 22.28125 0.0 12.7265625 0.0 0.0 25.34375 0.0 12.90234375 0.0 0.0 25.15234375 0.0 12.8671875 0.0 0.0 23.046875 0.0 5.8064422607421875
154510165412 -0.0 -0.0078125 -0.0078125 0.0011718749999999993 -0.008984375000000001 -0.008984375 0.001171875000000001 0.0 12.83203125 0.0 0.0 22.85546875 0.0 12.7265625 0.0 0.0 25.15234375 0.0 12.90234375 0.0 0.0 24.76953125 0.0 12.8671875 0.0 0.0 23.4296875 0.0 5.82598876953125
154510165598 -0.0 -0.0078125 -0.0078125 0.0011718749999999993 -0.008984375000000001 -0.008984375 0.001171875000000001 0.0 12.83203125 0.0 0.0 22.28125 0.0 12.7265625 0.0 0.0 24.76953125 0.0 12.90234375 0.0 0.0 24.76953125 0.0 12.8671875 0.0 0.0 23.23828125 0.0 5.8064422607421875
154510165778 -0.0 -0.0078125 -0.0078125 0.0011718749999999993 -0.008984375000000001 -0.008984375 0.001171875000000001 0.0 12.83203125 0.0 0.0 23.046875 0.0 12.7265625 0.0 0.0 25.34375 0.0 12.90234375 0.0 0.0 24.9609375 0.0 12.83203125 0.0 0.0 23.046875 0.0 5.8064422607421875
154510165958 -0.0 -0.0078125 -0.0078125 0.0011718749999999993 -0.008984375000000001 -0.008984375 0.001171875000000001 0.0 12.83203125 0.0 0.0 22.85546875 0.0 12.7265625 0.0 0.0 25.15234375 0.0 12.90234375 0.0 0.0 25.34375 0.0 12.83203125 0.0 0.0 22.6640625 0.0 5.8064422607421875
154510166146 -0.0 -0.0078125 -0.0078125 0.0011718749999999993 -0.008984375000000001 -0.008984375 0.001171875000000001 0.0 12.83203125 0.0 0.0 22.6640625 0.0 12.7265625 0.0 0.0 25.15234375 0.0 12.90234375 0.0 0.0 25.15234375 0.0 12.8671875 0.0 0.0 23.23828125 0.0 5.8064422607421875
154510166331 -0.0 -0.0078125 -0.0078125 0.0011718749999999993 -0.008984375000000001 -0.008984375 0.001171875000000001 0.0 12.83203125 0.0 0.0 22.08984375 0.0 12.7265625 0.0 0.0 24.76953125 0.0 12.90234375 0.0 0.0 25.15234375 0.0 12.8671875 0.0 0.0 22.85546875 0.0 5.796661376953125
154510166512 -0.0 -0.0078125 -0.0078125 0.0011718749999999993 -0.008984375000000001 -0.008984375 0.001171875000000001 0.0 12.83203125 0.0 0.0 23.046875 0.0 12.69140625 0.0 0.0 25.15234375 0.0 12.9375 0.0 0.0 25.15234375 0.0 12.8671875 0.0 0.0 23.4296875 0.0 5.796661376953125
154510166678 -0.0 -0.0078125 -0.0078125 0.0011718749999999993 -0.008984375000000001 -0.008984375 0.001171875000000001 0.0 12.83203125 0.0 0.0 22.6640625 0.0 12.7265625 0.0 0.0 26.30078125 0.0 12.90234375 0.0 0.0 25.34375 0.0 12.8671875 0.0 0.0 22.47265625 0.0 5.8064422607421875
154510166859 -0.0 -0.0078125 -0.0078125 0.0011718749999999993 -0.008984375000000001 -0.008984375 0.001171875000000001 0.0 12.83203125 0.0 0.0 22.6640625 0.0 12.7265625 0.0 0.0 25.34375 0.0 12.5859375 0.0 0.0 24.578125 0.0 11.98828125 0.0 0.0 22.47265625 0.0 5.69891357421875
S: 154510166746 Fired
154510167040 -0.0 -0.0078125 -0.0078125 0.0011718749999999993 -0.008984375000000001 -0.008984375 0.001171875000000001 0.0 11.3203125 0.0 0.0 22.85546875 0.0 11.6015625 0.0 0.0 24.9609375 13.536956787109375 12.05859375 0.0 0.0 24.76953125 0.0 12.05859375 0.0 0.0 23.046875 0.0 4.9657745361328125
154510167203 -0.0 -0.0078125 -0.0078125 0.0011718749999999993 -0.008984375000000001 -0.008984375 0.001171875000000001 0.0 12.1640625 0.0 0.0 22.47265625 0.0 11.671875 0.0 0.0 25.53515625 -18.72576904296875 9.87890625 0.0 0.0 24.578125 0.0 12.515625 0.0 0.0 22.85546875 0.0 4.418365478515625
154510167363 -0.0 -0.0078125 -0.0078125 0.0011718749999999993 -0.008984375000000001 -0.008984375 0.001171875000000001 0.0 12.48046875 0.0 0.0 22.6640625 0.0 12.48046875 0.0 0.0 25.34375 4.779388427734375 12.26953125 0.0 0.0 24.9609375 0.0 12.48046875 0.0 0.0 23.4296875 0.0 4.8386993408203125
154510167546 -0.0 -0.0078125 -0.0078125 0.0011718749999999993 -0.008984375000000001 -0.008984375 0.001171875000000001 0.0 12.69140625 0.0 0.0 22.85546875 0.0 12.5859375 0.0 0.0 25.15234375 0.0 12.76171875 0.0 0.0 24.76953125 0.0 12.7265625 0.0 0.0 23.23828125 0.0 5.3861083984375
154510167711 -0.0 -0.0078125 -0.0078125 0.0011718749999999993 -0.008984375000000001 -0.008984375 0.001171875000000001 0.0 12.69140625 0.0 0.0 22.47265625 0.0 12.55078125 0.0 0.0 25.15234375 0.0 12.7265625 0.0 0.0 25.15234375 0.0 12.65625 0.0 0.0 23.046875 0.0 5.728240966796875
154510167886 -0.0 -0.0078125 -0.0078125 0.0011718749999999993 -0.008984375000000001 -0.008984375 0.001171875000000001 0.0 12.65625 0.0 0.0 22.85546875 0.0 12.515625 0.0 0.0 25.15234375 0.0 12.83203125 0.0 0.0 25.53515625 0.0 12.76171875 0.0 0.0 23.4296875 0.0 5.8357696533203125
154510168070 -0.0 -0.0078125 -0.0078125 0.0011718749999999993 -0.008984375000000001 -0.008984375 0.001171875000000001 0.0 12.76171875 0.0 0.0 23.23828125 0.0 12.65625 0.0 0.0 25.34375 0.0 12.83203125 0.0 0.0 24.9609375 0.0 12.76171875 0.0 0.0 22.6640625 0.0 5.8064422607421875
154510168251 -0.0 -0.0078125 -0.0078125 0.0011718749999999993 -0.008984375000000001 -0.008984375 0.001171875000000001 0.0 12.76171875 0.0 0.0 22.6640625 0.0 12.65625 0.0 0.0 25.34375 0.0 12.8671875 0.0 0.0 25.34375 0.0 12.796875 0.0 0.0 22.85546875 0.0 5.8064422607421875
154510168433 -0.0 -0.0078125 -0.0078125 0.0011718749999999993 -0.008984375000000001 -0.008984375 0.001171875000000001 0.0 12.76171875 0.0 0.0 22.85546875 0.0 12.65625 0.0 0.0 25.7265625 0.0 12.8671875 0.0 0.0 25.15234375 0.0 12.83203125 0.0 0.0 23.046875 0.0 5.8064422607421875
154510168611 -0.0 -0.0078125 -0.0078125 0.0011718749999999993 -0.008984375000000001 -0.008984375 0.001171875000000001 0.0 12.76171875 0.0 0.0 23.23828125 0.0 12.65625 0.0 0.0 25.15234375 0.0 12.8671875 0.0 0.0 24.9609375 0.0 12.796875 0.0 0.0 22.6640625 0.0 5.8064422607421875
154510168783 -0.0 -0.0078125 -0.0078125 0.0011718749999999993 -0.008984375000000001 -0.008984375 0.001171875000000001 0.0 12.796875 0.0 0.0 23.8125 0.0 12.69140625 0.0 0.0 25.34375 0.0 12.8671875 0.0 0.0 25.34375 0.0 12.796875 0.0 0.0 23.046875 0.0 5.8064422607421875
154510168964 -0.0 -0.0078125 -0.0078125 0.0011718749999999993 -0.008984375000000001 -0.008984375 0.001171875000000001 0.0 12.796875 0.0 0.0 23.62109375 0.0 12.69140625 0.0 0.0 25.53515625 0.0 12.8671875 0.0 0.0 25.15234375 0.0 12.796875 0.0 0.0 22.6640625 0.0 5.796661376953125
154510169151 -0.0 -0.0078125 -0.0078125 0.0011718749999999993 -0.008984375000000001 -0.008984375 0.001171875000000001 0.0 12.796875 0.0 0.0 22.28125 0.0 12.69140625 0.0 0.0 24.9609375 0.0 12.8671875 0.0 0.0 25.15234375 0.0 12.83203125 0.0 0.0 22.85546875 0.0 5.81622314453125
154510169331 -0.0 -0.0078125 -0.0078125 0.0011718749999999993 -0.008984375000000001 -0.008984375 0.001171875000000001 0.0 12.796875 0.0 0.0 22.28125 0.0 12.69140625 0.0 0.0 25.15234375 0.0 12.8671875 0.0 0.0 25.34375 0.0 12.83203125 0.0 0.0 23.046875 0.0 5.796661376953125
154510169518 -0.0 -0.0078125 -0.0078125 0.0011718749999999993 -0.008984375000000001 -0.008984375 0.001171875000000001 0.0 12.796875 0.0 0.0 22.85546875 0.0 12.69140625 0.0 0.0 25.91796875 0.0 12.8671875 0.0 0.0 24.9609375 0.0 12.83203125 0.0 0.0 23.23828125 0.0 5.8064422607421875
154510169699 -0.0 -0.0078125 -0.0078125 0.0011718749999999993 -0.008984375000000001 -0.008984375 0.001171875000000001 0.0 12.83203125 0.0 0.0 23.23828125 0.0 12.69140625 0.0 0.0 25.53515625 0.0 12.8671875 0.0 0.0 25.34375 0.0 12.83203125 0.0 0.0 23.046875 0.0 5.8064422607421875
154510169878 -0.0 -0.0078125 -0.0078125 0.0011718749999999993 -0.008984375000000001 -0.008984375 0.001171875000000001 0.0 12.796875 0.0 0.0 22.85546875 0.0 12.7265625 0.0 0.0 25.34375 0.0 12.90234375 0.0 0.0 24.9609375 0.0 12.8671875 0.0 0.0 22.6640625 0.0 5.8064422607421875
154510170077 -0.0 -0.0078125 -0.0078125 0.0011718749999999993 -0.008984375000000001 -0.008984375 0.001171875000000001 0.0 12.83203125 0.0 0.0 22.28125 0.0 12.69140625 0.0 0.0 24.9609375 0.0 12.8671875 0.0 0.0 25.15234375 0.0 12.83203125 0.0 0.0 23.23828125 0.0 5.8064422607421875
154510170246 -0.0 -0.0078125 -0.0078125 0.0011718749999999993 -0.008984375000000001 -0.008984375 0.001171875000000001 0.0 12.796875 0.0 0.0 22.28125 0.0 12.7265625 0.0 0.0 24.9609375 0.0 12.90234375 0.0 0.0 25.53515625 0.0 12.83203125 0.0 0.0 22.85546875 0.0 5.8064422607421875
154510170425 -0.0 -0.0078125 -0.0078125 0.0011718749999999993 -0.008984375000000001 -0.008984375 0.001171875000000001 0.0 12.83203125 0.0 0.0 23.62109375 0.0 12.69140625 0.0 0.0 25.53515625 0.0 12.90234375 0.0 0.0 24.9609375 0.0 12.8671875 0.0 0.0 22.85546875 0.0 5.8064422607421875
154510170611 -0.0 -0.0078125 -0.0078125 0.0011718749999999993 -0.008984375000000001 -0.008984375 0.001171875000000001 0.0 12.83203125 0.0 0.0 22.6640625 0.0 12.7265625 0.0 0.0 25.53515625 0.0 12.90234375 0.0 0.0 25.15234375 0.0 12.83203125 0.0 0.0 23.23828125 0.0 5.81622314453125
154510170785 -0.0 -0.0078125 -0.0078125 0.0011718749999999993 -0.008984375000000001 -0.008984375 0.001171875000000001 0.0 12.83203125 0.0 0.0 22.28125 0.0 12.7265625 0.0 0.0 24.578125 0.0 12.90234375 0.0 0.0 25.15234375 0.0 12.83203125 0.0 0.0 22.85546875 0.0 5.796661376953125
154510170971 -0.0 -0.0078125 -0.0078125 0.0011718749999999993 -0.008984375000000001 -0.008984375 0.001171875000000001 0.0 12.83203125 0.0 0.0 22.6640625 0.0 12.7265625 0.0 0.0 25.53515625 0.0 12.90234375 0.0 0.0 24.9609375 0.0 12.83203125 0.0 0.0 23.046875 0.0 5.8064422607421875
154510171158 -0.0 -0.0078125 -0.0078125 0.0011718749999999993 -0.008984375000000001 -0.008984375 0.001171875000000001 0.0 12.83203125 0.0 0.0 23.046875 0.0 12.7265625 0.0 0.0 24.76953125 0.0 12.90234375 0.0 0.0 24.9609375 0.0 12.8671875 0.0 0.0 23.62109375 0.0 5.8064422607421875
154510171339 -0.0 -0.0078125 -0.0078125 0.0011718749999999993 -0.008984375000000001 -0.008984375 0.001171875000000001 0.0 12.83203125 0.0 0.0 22.6640625 0.0 12.7265625 0.0 0.0 25.7265625 0.0 12.90234375 0.0 0.0 24.578125 0.0 12.83203125 0.0 0.0 23.046875 0.0 5.8064422607421875
154510171544 -0.0 -0.0078125 -0.0078125 0.0011718749999999993 -0.008984375000000001 -0.008984375 0.001171875000000001 0.0 12.83203125 0.0 0.0 23.046875 0.0 12.69140625 0.0 0.0 25.53515625 0.0 12.90234375 0.0 0.0 24.578125 0.0 12.8671875 0.0 0.0 22.47265625 0.0 5.8064422607421875
154510171721 -0.0 -0.0078125 -0.0078125 0.0011718749999999993 -0.008984375000000001 -0.008984375 0.001171875000000001 0.0 12.83203125 0.0 0.0 22.47265625 0.0 12.7265625 0.0 0.0 25.91796875 0.0 12.69140625 0.0 0.0 24.76953125 0.0 11.8828125 0.0 0.0 23.23828125 0.0 5.68914794921875
S: 154510171604 Fired
154510171896 -0.0 -0.0078125 -0.0078125 0.0011718749999999993 -0.008984375000000001 -0.008984375 0.001171875000000001 0.0 11.28515625 0.0 0.0 22.28125 0.0 11.56640625 0.0 0.0 25.15234375 14.344833374023438 11.8828125 0.0 0.0 24.9609375 0.0 11.98828125 0.0 0.0 22.85546875 0.0 4.975555419921875
154510172061 -0.0 -0.0078125 -0.0078125 0.0011718749999999993 -0.008984375000000001 -0.008984375 0.001171875000000001 0.0 12.09375 0.0 0.0 22.85546875 0.0 11.98828125 0.0 0.0 25.34375 -8.952163696289062 11.70703125 0.0 0.0 24.76953125 0.0 12.62109375 0.0 0.0 23.23828125 0.0 4.418365478515625
154510172224 -0.0 -0.0078125 -0.0078125 0.0011718749999999993 -0.008984375000000001 -0.008984375 0.001171875000000001 0.0 12.515625 0.0 0.0 22.47265625 0.0 12.48046875 0.0 0.0 25.15234375 7.463226318359375 12.33984375 0.0 0.0 24.76953125 0.0 12.48046875 0.0 0.0 23.62109375 0.0 4.8680267333984375
154510172391 -0.0 -0.0078125 -0.0078125 0.0011718749999999993 -0.008984375000000001 -0.008984375 0.001171875000000001 0.0 12.7265625 0.0 0.0 20.75 0.0 12.55078125 0.0 0.0 25.15234375 -2.6082000732421875 12.76171875 0.0 0.0 24.9609375 0.0 12.7265625 0.0 0.0 23.046875 0.0 5.3372344970703125
154510172570 -0.0 -0.0078125 -0.0078125 0.0011718749999999993 -0.008984375000000001 -0.008984375 0.001171875000000001 0.0 12.69140625 0.0 0.0 22.6640625 0.0 12.55078125 0.0 0.0 25.53515625 0.0 12.7265625 0.0 0.0 24.9609375 0.0 12.69140625 0.0 0.0 22.6640625 0.0 5.7771148681640625
154510172741 -0.0 -0.0078125 -0.0078125 0.0011718749999999993 -0.008984375000000001 -0.008984375 0.001171875000000001 0.0 12.65625 0.0 0.0 22.47265625 0.0 12.65625 0.0 0.0 24.76953125 0.0 12.83203125 0.0 0.0 24.76953125 0.0 12.796875 0.0 0.0 22.85546875 0.0 5.82598876953125
154510172919 -0.0 -0.0078125 -0.0078125 0.0011718749999999993 -0.008984375000000001 -0.008984375 0.001171875000000001 0.0 12.76171875 0.0 0.0 22.85546875 0.0 12.65625 0.0 0.0 25.7265625 0.0 12.83203125 0.0 0.0 24.9609375 0.0 12.796875 0.0 0.0 23.62109375 0.0 5.8064422607421875
154510173085 -0.0 -0.0078125 -0.0078125 0.0011718749999999993 -0.008984375000000001 -0.008984375 0.001171875000000001 0.0 12.76171875 0.0 0.0 22.6640625 0.0 12.65625 0.0 0.0 25.53515625 0.0 12.83203125 0.0 0.0 24.76953125 0.0 12.796875 0.0 0.0 23.046875 0.0 5.8064422607421875
154510173266 -0.0 -0.0078125 -0.0078125 0.0011718749999999993 -0.008984375000000001 -0.008984375 0.001171875000000001 0.0 12.796875 0.0 0.0 22.28125 0.0 12.65625 0.0 0.0 25.15234375 0.0 12.8671875 0.0 0.0 25.7265625 0.0 12.796875 0.0 0.0 23.23828125 0.0 5.8064422607421875
154510173437 -0.0 -0.0078125 -0.0078125 0.0011718749999999993 -0.008984375000000001 -0.008984375 0.001171875000000001 0.0 12.796875 0.0 0.0 23.8125 0.0 12.69140625 0.0 0.0 24.9609375 0.0 12.8671875 0.0 0.0 24.9609375 0.0 12.83203125 0.0 0.0 23.046875 0.0 5.8064422607421875
154510173625 -0.0 -0.0078125 -0.0078125 0.0011718749999999993 -0.008984375000000001 -0.008984375 0.001171875000000001 0.0 12.796875 0.0 0.0 22.47265625 0.0 12.65625 0.0 0.0 25.53515625 0.0 12.8671875 0.0 0.0 25.15234375 0.0 12.796875 0.0 0.0 23.046875 0.0 5.8064422607421875
154510173811 -0.0 -0.0078125 -0.0078125 0.0011718749999999993 -0.008984375000000001 -0.008984375 0.001171875000000001 0.0 12.796875 0.0 0.0 22.28125 0.0 12.69140625 0.0 0.0 25.91796875 0.0 12.8671875 0.0 0.0 24.9609375 0.0 12.83203125 0.0 0.0 22.85546875 0.0 5.8064422607421875
154510173993 -0.0 -0.0078125 -0.0078125 0.0011718749999999993 -0.008984375000000001 -0.008984375 0.001171875000000001 0.0 12.796875 0.0 0.0 22.47265625 0.0 12.69140625 0.0 0.0 25.7265625 0.0 12.8671875 0.0 0.0 24.76953125 0.0 12.83203125 0.0 0.0 23.046875 0.0 5.796661376953125
154510174164 -0.0 -0.0078125 -0.0078125 0.0011718749999999993 -0.008984375000000001 -0.008984375 0.001171875000000001 0.0 12.796875 0.0 0.0 22.85546875 0.0 12.69140625 0.0 0.0 25.34375 0.0 12.8671875 0.0 0.0 24.76953125 0.0 12.83203125 0.0 0.0 23.046875 0.0 5.796661376953125
154510174351 -0.0 -0.0078125 -0.0078125 0.0011718749999999993 -0.008984375000000001 -0.008984375 0.001171875000000001 0.0 12.83203125 0.0 0.0 22.6640625 0.0 12.69140625 0.0 0.0 25.91796875 0.0 12.8671875 0.0 0.0 24.76953125 0.0 12.83203125 0.0 0.0 23.046875 0.0 5.8064422607421875
154510174550 -0.0 -0.0078125 -0.0078125 0.0011718749999999993 -0.008984375000000001 -0.008984375 0.001171875000000001 0.0 12.796875 0.0 0.0 23.23828125 0.0 12.7265625 0.0 0.0 24.9609375 0.0 12.8671875 0.0 0.0 24.76953125 0.0 12.83203125 0.0 0.0 23.4296875 0.0 5.8064422607421875
154510174731 -0.0 -0.0078125 -0.0078125 0.0011718749999999993 -0.008984375000000001 -0.008984375 0.001171875000000001 0.0 12.796875 0.0 0.0 22.6640625 0.0 12.69140625 0.0 0.0 25.15234375 0.0 12.8671875 0.0 0.0 25.15234375 0.0 12.83203125 0.0 0.0 22.47265625 0.0 5.8064422607421875
154510174902 -0.0 -0.0078125 -0.0078125 0.0011718749999999993 -0.008984375000000001 -0.008984375 0.001171875000000001 0.0 12.796875 0.0 0.0 22.08984375 0.0 12.7265625 0.0 0.0 25.34375 0.0 12.90234375 0.0 0.0 24.9609375 0.0 12.83203125 0.0 0.0 23.046875 0.0 5.8064422607421875
154510175077 -0.0 -0.0078125 -0.0078125 0.0011718749999999993 -0.008984375000000001 -0.008984375 0.001171875000000001 0.0 12.796875 0.0 0.0 23.4296875 0.0 12.7265625 0.0 0.0 25.53515625 0.0 12.8671875 0.0 0.0 24.9609375 0.0 12.8671875 0.0 0.0 22.47265625 0.0 5.8064422607421875
154510175257 -0.0 -0.0078125 -0.0078125 0.0011718749999999993 -0.008984375000000001 -0.008984375 0.001171875000000001 0.0 12.796875 0.0 0.0 22.85546875 0.0 12.69140625 0.0 0.0 25.34375 0.0 12.90234375 0.0 0.0 25.15234375 0.0 12.83203125 0.0 0.0 23.046875 0.0 5.8064422607421875
154510175439 -0.0 -0.0078125 -0.0078125 0.0011718749999999993 -0.008984375000000001 -0.008984375 0.001171875000000001 0.0 12.796875 0.0 0.0 23.23828125 0.0 12.7265625 0.0 0.0 24.578125 0.0 12.90234375 0.0 0.0 25.15234375 0.0 12.83203125 0.0 0.0 22.85546875 0.0 5.8064422607421875
154510175617 -0.0 -0.0078125 -0.0078125 0.0011718749999999993 -0.008984375000000001 -0.008984375 0.001171875000000001 0.0 12.83203125 0.0 0.0 22.6640625 0.0 12.7265625 0.0 0.0 24.9609375 0.0 12.90234375 0.0 0.0 24.9609375 0.0 12.8671875 0.0 0.0 22.47265625 0.0 5.8064422607421875
154510175799 -0.0 -0.0078125 -0.0078125 0.0011718749999999993 -0.008984375000000001 -0.008984375 0.001171875000000001 0.0 12.83203125 0.0 0.0 22.6640625 0.0 12.7265625 0.0 0.0 25.7265625 0.0 12.90234375 0.0 0.0 25.34375 0.0 12.8671875 0.0 0.0 23.23828125 0.0 5.81622314453125
154510175978 -0.0 -0.0078125 -0.0078125 0.0011718749999999993 -0.008984375000000001 -0.008984375 0.001171875000000001 0.0 12.83203125 0.0 0.0 23.046875 0.0 12.7265625 0.0 0.0 24.9609375 0.0 12.90234375 0.0 0.0 25.15234375 0.0 12.8671875 0.0 0.0 22.85546875 0.0 5.8064422607421875
154510176166 -0.0 -0.0078125 -0.0078125 0.0011718749999999993 -0.008984375000000001 -0.008984375 0.001171875000000001 0.0 12.83203125 0.0 0.0 23.4296875 0.0 12.7265625 0.0 0.0 25.15234375 0.0 12.90234375 0.0 0.0 24.9609375 0.0 12.8671875 0.0 0.0 22.6640625 0.0 5.8064422607421875
154510176350 -0.0 -0.0078125 -0.0078125 0.0011718749999999993 -0.008984375000000001 -0.008984375 0.001171875000000001 0.0 12.83203125 0.0 0.0 22.85546875 0.0 12.7265625 0.0 0.0 24.9609375 0.0 12.90234375 0.0 0.0 25.15234375 0.0 12.8671875 0.0 0.0 23.23828125 0.0 5.8064422607421875
154510176519 -0.0 -0.0078125 -0.0078125 0.0011718749999999993 -0.008984375000000001 -0.008984375 0.001171875000000001 0.0 12.83203125 0.0 0.0 22.6640625 0.0 12.7265625 0.0 0.0 25.53515625 0.0 12.90234375 0.0 0.0 24.9609375 0.0 12.8671875 0.0 0.0 23.23828125 0.0 5.8064422607421875
154510176699 -0.0 -0.0078125 -0.0078125 0.0011718749999999993 -0.008984375000000001 -0.008984375 0.001171875000000001 0.0 12.83203125 0.0 0.0 23.046875 0.0 12.7265625 0.0 0.0 24.76953125 0.0 12.90234375 0.0 0.0 25.53515625 0.0 12.8671875 0.0 0.0 22.47265625 0.0 5.8064422607421875
154510176871 -0.0 -0.0078125 -0.0078125 0.0011718749999999993 -0.008984375000000001 -0.008984375 0.001171875000000001 0.0 12.83203125 0.0 0.0 22.28125 0.0 12.7265625 0.0 0.0 25.15234375 0.0 12.90234375 0.0 0.0 24.76953125 0.0 12.8671875 0.0 0.0 23.046875 0.0 5.8064422607421875
154510177052 -0.0 -0.0078125 -0.0078125 0.0011718749999999993 -0.008984375000000001 -0.008984375 0.001171875000000001 0.0 12.8671875 0.0 0.0 23.046875 0.0 12.7265625 0.0 0.0 25.15234375 0.0 12.90234375 0.0 0.0 25.15234375 0.0 12.8671875 0.0 0.0 22.85546875 0.0 5.8064422607421875
154510177231 -0.0 -0.0078125 -0.0078125 0.0011718749999999993 -0.008984375000000001 -0.008984375 0.001171875000000001 0.0 12.83203125 0.0 0.0 22.6640625 0.0 12.7265625 0.0 0.0 25.34375 0.0 12.90234375 0.0 0.0 25.15234375 0.0 12.8671875 0.0 0.0 22.47265625 0.0 5.796661376953125
154510177425 -0.0 -0.0078125 -0.0078125 0.0011718749999999993 -0.008984375000000001 -0.008984375 0.001171875000000001 0.0 12.83203125 0.0 0.0 23.23828125 0.0 12.7265625 0.0 0.0 25.34375 0.0 12.90234375 0.0 0.0 25.53515625 0.0 12.83203125 0.0 0.0 23.046875 0.0 5.8064422607421875
154510177609 -0.0 -0.0078125 -0.0078125 0.0011718749999999993 -0.008984375000000001 -0.008984375 0.001171875000000001 0.0 12.83203125 0.0 0.0 21.70703125 0.0 12.7265625 0.0 0.0 25.34375 0.0 12.90234375 0.0 0.0 25.34375 0.0 12.8671875 0.0 0.0 23.23828125 0.0 5.8064422607421875
154510177790 -0.0 -0.0078125 -0.0078125 0.0011718749999999993 -0.008984375000000001 -0.008984375 0.001171875000000001 0.0 12.83203125 0.0 0.0 22.85546875 0.0 12.7265625 0.0 0.0 24.9609375 0.0 12.90234375 0.0 0.0 24.9609375 0.0 12.8671875 0.0 0.0 23.23828125 0.0 5.8064422607421875
154510177970 -0.0 -0.0078125 -0.0078125 0.0011718749999999993 -0.008984375000000001 -0.008984375 0.001171875000000001 0.0 12.83203125 0.0 0.0 23.046875 0.0 12.76171875 0.0 0.0 25.53515625 0.0 12.90234375 0.0 0.0 24.9609375 0.0 12.8671875 0.0 0.0 22.85546875 0.0 5.8064422607421875
154510178121 -0.0 -0.0078125 -0.0078125 0.0011718749999999993 -0.008984375000000001 -0.008984375 0.001171875000000001 0.0 12.8671875 0.0 0.0 23.046875 0.0 12.7265625 0.0 0.0 25.7265625 0.0 12.90234375 0.0 0.0 24.9609375 0.0 12.8671875 0.0 0.0 22.28125 0.0 5.8064422607421875
