Timestamp Driver_Joy_Y Driver_Joy_X Driver_Joy_W FL_Out BL_Out BR_Out FR_Out FL_Jag_Speed FL_Bus_Voltage FL_Out_Voltage FL_Out_Current FL_Temp BL_Jag_Speed BL_Bus_Voltage BL_Out_Voltage BL_Out_Current BL_Temp BR_Jag_Speed BR_Bus_Voltage BR_Out_Voltage BR_Out_Current BR_Temp FR_Jag_Speed FR_Bus_Voltage FR_Out_Voltage FR_Out_Current FR_Temp
154511139305 -0.0 0.0 0.0 0.0 0.0 -0.0 -0.0 0.0 12.90234375 0.0 0.0 23.23828125 0.0 12.796875 0.0 0.0 25.7265625 0.0 12.97265625 0.0 0.0 25.15234375 0.0 12.9375 0.0 0.0 23.62109375 0.0 5.728240966796875
154511139482 -0.0 0.0 0.0 0.0 0.0 -0.0 -0.0 0.0 12.90234375 0.0 0.0 23.23828125 0.0 12.796875 0.0 0.0 25.34375 0.0 12.97265625 0.0 0.0 25.7265625 0.0 12.9375 0.0 0.0 23.4296875 0.0 5.728240966796875
154511139662 -0.0 0.0 0.0 0.0 0.0 -0.0 -0.0 0.0 12.90234375 0.0 0.0 22.6640625 0.0 12.796875 0.0 0.0 25.53515625 0.0 12.97265625 0.0 0.0 25.7265625 0.0 12.9375 0.0 0.0 23.4296875 0.0 5.7380218505859375
154511139831 -0.0 0.0 0.0 0.0 0.0 -0.0 -0.0 0.0 12.90234375 0.0 0.0 22.85546875 0.0 12.796875 0.0 0.0 24.9609375 0.0 12.97265625 0.0 0.0 25.53515625 0.0 12.90234375 0.0 0.0 23.62109375 0.0 5.728240966796875
154511139991 -0.0 0.0 0.0 0.0 0.0 -0.0 -0.0 0.0 12.90234375 0.0 0.0 24.00390625 0.0 12.796875 0.0 0.0 25.91796875 0.0 12.97265625 0.0 0.0 25.53515625 0.0 12.9375 0.0 0.0 23.4296875 0.0 5.728240966796875
154511140165 -0.0 0.0 0.0 0.0 0.0 -0.0 -0.0 0.0 12.8671875 0.0 0.0 23.046875 0.0 12.796875 0.0 0.0 25.34375 0.0 12.97265625 0.0 0.0 25.7265625 0.0 12.90234375 0.0 0.0 24.00390625 0.0 5.7380218505859375
154511140349 -0.0 0.0 0.0 0.0 0.0 -0.0 -0.0 0.0 12.90234375 0.0 0.0 22.6640625 0.0 12.796875 0.0 0.0 25.91796875 0.0 12.97265625 0.0 0.0 25.7265625 0.0 12.90234375 0.0 0.0 23.4296875 0.0 5.728240966796875
154511140510 -0.0 0.0 0.0 0.0 0.0 -0.0 -0.0 0.0 12.90234375 0.0 0.0 23.046875 0.0 12.76171875 0.0 0.0 25.91796875 0.0 12.65625 0.0 0.0 25.53515625 0.0 11.671875 0.0 0.0 23.8125 0.0 5.6793670654296875
S: 154511140405 Fired
154511140689 -0.0 0.0 0.0 0.0 0.0 -0.0 -0.0 0.0 11.390625 0.0 0.0 23.046875 0.0 11.56640625 0.0 0.0 25.53515625 9.328369140625 11.7421875 0.0 0.0 25.53515625 0.0 11.98828125 0.0 0.0 23.4296875 0.0 4.8875732421875
154511140858 -0.0 0.0 0.0 0.0 0.0 -0.0 -0.0 0.0 12.19921875 0.0 0.0 23.4296875 0.0 11.63671875 0.0 0.0 26.109375 -27.555130004882812 10.7578125 0.0 0.0 25.53515625 0.0 12.55078125 0.0 0.0 23.4296875 0.0 4.3890380859375
154511141019 -0.0 0.0 0.0 0.0 0.0 -0.0 -0.0 0.0 12.62109375 0.0 0.0 23.046875 0.0 12.26953125 0.0 0.0 25.7265625 -13.639022827148438 12.4453125 0.0 0.0 25.15234375 0.0 12.7265625 0.0 0.0 23.8125 0.0 4.9951019287109375
154511141198 -0.0 0.0 0.0 0.0 0.0 -0.0 -0.0 0.0 12.69140625 0.0 0.0 22.85546875 0.0 12.5859375 0.0 0.0 25.91796875 -8.00189208984375 12.796875 0.0 0.0 25.34375 0.0 12.76171875 0.0 0.0 23.4296875 0.0 5.4936370849609375
154511141355 -0.0 0.0 0.0 0.0 0.0 -0.0 -0.0 0.0 12.7265625 0.0 0.0 24.578125 0.0 12.5859375 0.0 0.0 25.7265625 0.0 12.76171875 0.0 0.0 25.7265625 0.0 12.65625 0.0 0.0 23.62109375 0.0 5.8357696533203125
154511141531 -0.0 0.0 0.0 0.0 0.0 -0.0 -0.0 0.0 12.5859375 0.0 0.0 23.23828125 0.0 12.65625 0.0 0.0 26.875 3.593017578125 12.83203125 0.0 0.0 25.15234375 0.0 12.796875 0.0 0.0 23.62109375 0.0 5.82598876953125
154511141709 -0.0 0.0 0.0 0.0 0.0 -0.0 -0.0 0.0 12.796875 0.0 0.0 23.4296875 0.0 12.69140625 0.0 0.0 26.109375 0.0 12.8671875 0.0 0.0 25.34375 0.0 12.796875 0.0 0.0 23.4296875 0.0 5.81622314453125
154511141878 -0.0 0.0 0.0 0.0 0.0 -0.0 -0.0 0.0 12.76171875 0.0 0.0 23.23828125 0.0 12.69140625 0.0 0.0 25.53515625 0.0 12.8671875 0.0 0.0 25.7265625 0.0 12.83203125 0.0 0.0 23.23828125 0.0 5.81622314453125
154511142050 -0.0 0.0 0.0 0.0 0.0 -0.0 -0.0 0.0 12.796875 0.0 0.0 23.4296875 0.0 12.69140625 0.0 0.0 25.7265625 0.0 12.8671875 0.0 0.0 25.7265625 0.0 12.83203125 0.0 0.0 22.85546875 0.0 5.81622314453125
154511142224 -0.0 0.0 0.0 0.0 0.0 -0.0 -0.0 0.0 12.796875 0.0 0.0 23.62109375 0.0 12.7265625 0.0 0.0 25.91796875 0.0 12.90234375 0.0 0.0 25.34375 0.0 12.83203125 0.0 0.0 23.4296875 0.0 5.8064422607421875
154511142398 -0.0 0.0 0.0 0.0 0.0 -0.0 -0.0 0.0 12.83203125 0.0 0.0 23.23828125 0.0 12.69140625 0.0 0.0 25.91796875 0.0 12.8671875 0.0 0.0 25.15234375 0.0 12.83203125 0.0 0.0 23.8125 0.0 5.81622314453125
154511142576 -0.0 0.0 0.0 0.0 0.0 -0.0 -0.0 0.0 12.83203125 0.0 0.0 23.046875 0.0 12.69140625 0.0 0.0 25.91796875 0.0 12.90234375 0.0 0.0 25.53515625 0.0 12.83203125 0.0 0.0 23.046875 0.0 5.81622314453125
154511142750 -0.0 0.0 0.0 0.0 0.0 -0.0 -0.0 0.0 12.796875 0.0 0.0 23.62109375 0.0 12.7265625 0.0 0.0 25.7265625 0.0 12.90234375 0.0 0.0 25.34375 0.0 12.8671875 0.0 0.0 23.046875 0.0 5.81622314453125
154511142931 -0.0 0.0 0.0 0.0 0.0 -0.0 -0.0 0.0 12.83203125 0.0 0.0 22.85546875 0.0 12.7265625 0.0 0.0 26.109375 0.0 12.90234375 0.0 0.0 25.53515625 0.0 12.83203125 0.0 0.0 23.23828125 0.0 5.81622314453125
154511143124 -0.0 0.0 0.0 0.0 0.0 -0.0 -0.0 0.0 12.83203125 0.0 0.0 23.23828125 0.0 12.69140625 0.0 0.0 25.34375 0.0 12.90234375 0.0 0.0 25.7265625 0.0 12.83203125 0.0 0.0 23.4296875 0.0 5.81622314453125
154511143298 -0.0 0.0 0.0 0.0 0.0 -0.0 -0.0 0.0 12.83203125 0.0 0.0 22.85546875 0.0 12.7265625 0.0 0.0 26.68359375 0.0 12.90234375 0.0 0.0 25.7265625 0.0 12.8671875 0.0 0.0 23.046875 0.0 5.81622314453125
154511143470 -0.0 0.0 0.0 0.0 0.0 -0.0 -0.0 0.0 12.83203125 0.0 0.0 23.62109375 0.0 12.7265625 0.0 0.0 25.91796875 0.0 12.90234375 0.0 0.0 25.53515625 0.0 12.8671875 0.0 0.0 23.046875 0.0 5.81622314453125
154511143639 -0.0 0.0 0.0 0.0 0.0 -0.0 -0.0 0.0 12.83203125 0.0 0.0 22.85546875 0.0 12.7265625 0.0 0.0 25.15234375 0.0 12.90234375 0.0 0.0 25.53515625 0.0 12.83203125 0.0 0.0 23.4296875 0.0 5.81622314453125
154511143823 -0.0 0.0 0.0 0.0 0.0 -0.0 -0.0 0.0 12.83203125 0.0 0.0 23.4296875 0.0 12.7265625 0.0 0.0 25.53515625 0.0 12.90234375 0.0 0.0 25.7265625 0.0 12.8671875 0.0 0.0 23.4296875 0.0 5.82598876953125
154511143997 -0.0 0.0 0.0 0.0 0.0 -0.0 -0.0 0.0 12.83203125 0.0 0.0 23.046875 0.0 12.7265625 0.0 0.0 25.7265625 0.0 12.90234375 0.0 0.0 25.91796875 0.0 12.8671875 0.0 0.0 23.8125 0.0 5.8064422607421875
154511144163 -0.0 0.0 0.0 0.0 0.0 -0.0 -0.0 0.0 12.83203125 0.0 0.0 24.76953125 0.0 12.7265625 0.0 0.0 26.30078125 0.0 12.90234375 0.0 0.0 25.34375 0.0 12.8671875 0.0 0.0 23.046875 0.0 5.82598876953125
154511144343 -0.0 0.0 0.0 0.0 0.0 -0.0 -0.0 0.0 12.83203125 0.0 0.0 23.62109375 0.0 12.7265625 0.0 0.0 26.68359375 0.0 12.90234375 0.0 0.0 25.91796875 0.0 12.8671875 0.0 0.0 24.1953125 0.0 5.81622314453125
154511144519 -0.0 0.0 0.0 0.0 0.0 -0.0 -0.0 0.0 12.83203125 0.0 0.0 22.85546875 0.0 12.7265625 0.0 0.0 25.91796875 0.0 12.90234375 0.0 0.0 25.15234375 0.0 12.8671875 0.0 0.0 23.4296875 0.0 5.81622314453125
154511144689 -0.0 0.0 0.0 0.0 0.0 -0.0 -0.0 0.0 12.83203125 0.0 0.0 23.8125 0.0 12.7265625 0.0 0.0 26.109375 0.0 12.90234375 0.0 0.0 25.34375 0.0 12.8671875 0.0 0.0 23.4296875 0.0 5.81622314453125
154511144857 -0.0 0.0 0.0 0.0 0.0 -0.0 -0.0 0.0 12.83203125 0.0 0.0 23.4296875 0.0 12.7265625 0.0 0.0 26.109375 0.0 12.9375 0.0 0.0 25.91796875 0.0 12.8671875 0.0 0.0 23.4296875 0.0 5.81622314453125
154511145043 -0.0 0.0 0.0 0.0 0.0 -0.0 -0.0 0.0 12.83203125 0.0 0.0 23.62109375 0.0 12.7265625 0.0 0.0 26.4921875 0.0 12.90234375 0.0 0.0 25.53515625 0.0 12.8671875 0.0 0.0 23.62109375 0.0 5.81622314453125
154511145217 -0.0 0.0 0.0 0.0 0.0 -0.0 -0.0 0.0 12.83203125 0.0 0.0 23.62109375 0.0 12.7265625 0.0 0.0 26.109375 0.0 12.90234375 0.0 0.0 25.53515625 0.0 12.8671875 0.0 0.0 23.23828125 0.0 5.81622314453125
154511145390 -0.0 0.0 0.0 0.0 0.0 -0.0 -0.0 0.0 12.83203125 0.0 0.0 23.8125 0.0 12.7265625 0.0 0.0 26.4921875 0.0 12.90234375 0.0 0.0 25.91796875 0.0 12.8671875 0.0 0.0 23.62109375 0.0 5.81622314453125
154511145562 -0.0 0.0 0.0 0.0 0.0 -0.0 -0.0 0.0 12.83203125 0.0 0.0 23.23828125 0.0 12.7265625 0.0 0.0 25.91796875 0.0 12.90234375 0.0 0.0 26.109375 0.0 12.8671875 0.0 0.0 22.85546875 0.0 5.81622314453125
154511145739 -0.0 0.0 0.0 0.0 0.0 -0.0 -0.0 0.0 12.8671875 0.0 0.0 24.1953125 0.0 12.7265625 0.0 0.0 25.91796875 0.0 12.90234375 0.0 0.0 25.7265625 0.0 12.90234375 0.0 0.0 23.046875 0.0 5.8064422607421875
154511145910 -0.0 0.0 0.0 0.0 0.0 -0.0 -0.0 0.0 12.83203125 0.0 0.0 22.6640625 0.0 12.7265625 0.0 0.0 26.4921875 0.0 12.90234375 0.0 0.0 25.53515625 0.0 12.8671875 0.0 0.0 23.62109375 0.0 5.8064422607421875
154511146078 -0.0 0.0 0.0 0.0 0.0 -0.0 -0.0 0.0 12.83203125 0.0 0.0 22.47265625 0.0 12.7265625 0.0 0.0 25.91796875 0.0 12.90234375 0.0 0.0 25.91796875 0.0 12.8671875 0.0 0.0 23.8125 0.0 5.81622314453125
154511146250 -0.0 0.0 0.0 0.0 0.0 -0.0 -0.0 0.0 12.8671875 0.0 0.0 23.23828125 0.0 12.7265625 0.0 0.0 25.53515625 0.0 12.9375 0.0 0.0 25.91796875 0.0 12.8671875 0.0 0.0 23.62109375 0.0 5.81622314453125
154511146416 -0.0 0.0 0.0 0.0 0.0 -0.0 -0.0 0.0 12.83203125 0.0 0.0 23.046875 0.0 12.76171875 0.0 0.0 25.7265625 0.0 12.9375 0.0 0.0 25.91796875 0.0 12.8671875 0.0 0.0 23.8125 0.0 5.81622314453125
154511146591 -0.0 0.0 0.0 0.0 0.0 -0.0 -0.0 0.0 12.83203125 0.0 0.0 24.38671875 0.0 12.7265625 0.0 0.0 25.7265625 0.0 12.9375 0.0 0.0 25.53515625 0.0 12.8671875 0.0 0.0 22.85546875 0.0 5.81622314453125
154511146771 -0.0 0.0 0.0 0.0 0.0 -0.0 -0.0 0.0 12.8671875 0.0 0.0 23.23828125 0.0 12.7265625 0.0 0.0 25.7265625 0.0 12.9375 0.0 0.0 25.53515625 0.0 12.8671875 0.0 0.0 23.4296875 0.0 5.81622314453125
154511146951 -0.0 0.0 0.0 0.0 0.0 -0.0 -0.0 0.0 12.83203125 0.0 0.0 22.85546875 0.0 12.76171875 0.0 0.0 25.53515625 0.0 12.9375 0.0 0.0 25.53515625 0.0 12.90234375 0.0 0.0 23.8125 0.0 5.8064422607421875
154511147118 -0.0 0.0 0.0 0.0 0.0 -0.0 -0.0 0.0 12.83203125 0.0 0.0 23.23828125 0.0 12.7265625 0.0 0.0 26.4921875 0.0 12.9375 0.0 0.0 25.7265625 0.0 12.8671875 0.0 0.0 23.4296875 0.0 5.81622314453125
154511147291 -0.0 0.0 0.0 0.0 0.0 -0.0 -0.0 0.0 12.83203125 0.0 0.0 24.38671875 0.0 12.7265625 0.0 0.0 26.109375 0.0 12.9375 0.0 0.0 25.7265625 0.0 12.8671875 0.0 0.0 23.8125 0.0 5.81622314453125
154511147604 -0.0 0.0 0.0 0.0 0.0 -0.0 -0.0 0.0 12.8671875 0.0 0.0 23.62109375 0.0 12.76171875 0.0 0.0 26.4921875 0.0 12.90234375 0.0 0.0 25.34375 0.0 12.90234375 0.0 0.0 23.23828125 0.0 5.8064422607421875
154511147771 -0.0 0.0 0.0 0.0 0.0 -0.0 -0.0 0.0 12.8671875 0.0 0.0 23.23828125 0.0 12.7265625 0.0 0.0 25.7265625 0.0 12.9375 0.0 0.0 25.53515625 0.0 12.8671875 0.0 0.0 23.4296875 0.0 5.81622314453125
154511147949 -0.0 0.0 0.0 0.0 0.0 -0.0 -0.0 0.0 12.8671875 0.0 0.0 23.4296875 0.0 12.7265625 0.0 0.0 26.109375 0.0 12.9375 0.0 0.0 26.109375 0.0 12.8671875 0.0 0.0 23.62109375 0.0 5.81622314453125
154511148116 -0.0 0.0 0.0 0.0 0.0 -0.0 -0.0 0.0 12.8671875 0.0 0.0 23.23828125 0.0 12.76171875 0.0 0.0 25.53515625 0.0 12.9375 0.0 0.0 26.109375 0.0 12.90234375 0.0 0.0 23.62109375 0.0 5.8064422607421875
154511148277 -0.0 0.0 0.0 0.0 0.0 -0.0 -0.0 0.0 12.8671875 0.0 0.0 22.85546875 0.0 12.7265625 0.0 0.0 26.109375 0.0 12.90234375 0.0 0.0 26.109375 0.0 12.90234375 0.0 0.0 23.62109375 0.0 5.81622314453125
154511148451 -0.0 0.0 0.0 0.0 0.0 -0.0 -0.0 0.0 12.8671875 0.0 0.0 23.046875 0.0 12.76171875 0.0 0.0 25.7265625 0.0 12.90234375 0.0 0.0 25.53515625 0.0 12.8671875 0.0 0.0 23.62109375 0.0 5.81622314453125
154511148619 -0.0 0.0 0.0 0.0 0.0 -0.0 -0.0 0.0 12.83203125 0.0 0.0 23.62109375 0.0 12.7265625 0.0 0.0 26.30078125 0.0 12.9375 0.0 0.0 25.7265625 0.0 12.8671875 0.0 0.0 23.4296875 0.0 5.81622314453125
154511148797 -0.0 0.0 0.0 0.0 0.0 -0.0 -0.0 0.0 12.8671875 0.0 0.0 22.85546875 0.0 12.76171875 0.0 0.0 25.34375 0.0 12.9375 0.0 0.0 25.7265625 0.0 12.8671875 0.0 0.0 23.4296875 0.0 5.8064422607421875
154511148970 -0.0 0.0 0.0 0.0 0.0 -0.0 -0.0 0.0 12.8671875 0.0 0.0 23.62109375 0.0 12.76171875 0.0 0.0 26.875 0.0 12.9375 0.0 0.0 25.91796875 0.0 12.8671875 0.0 0.0 23.4296875 0.0 5.8064422607421875
154511149138 -0.0 0.0 0.0 0.0 0.0 -0.0 -0.0 0.0 12.8671875 0.0 0.0 22.85546875 0.0 12.76171875 0.0 0.0 25.91796875 0.0 12.9375 0.0 0.0 25.91796875 0.0 12.8671875 0.0 0.0 23.8125 0.0 5.8064422607421875
154511149311 -0.0 0.0 0.0 0.0 0.0 -0.0 -0.0 0.0 12.8671875 0.0 0.0 23.62109375 0.0 12.76171875 0.0 0.0 25.7265625 0.0 12.9375 0.0 0.0 25.91796875 0.0 12.90234375 0.0 0.0 23.23828125 0.0 5.81622314453125
154511149489 -0.0 0.0 0.0 0.0 0.0 -0.0 -0.0 0.0 12.8671875 0.0 0.0 23.046875 0.0 12.76171875 0.0 0.0 26.109375 0.0 12.90234375 0.0 0.0 26.109375 0.0 12.8671875 0.0 0.0 23.62109375 0.0 5.81622314453125
154511149657 -0.0 0.0 0.0 0.0 0.0 -0.0 -0.0 0.0 12.8671875 0.0 0.0 23.62109375 0.0 12.7265625 0.0 0.0 27.2578125 0.0 12.9375 0.0 0.0 25.91796875 0.0 12.8671875 0.0 0.0 23.23828125 0.0 5.8064422607421875
154511149865 -0.0 0.0 0.0 0.0 0.0 -0.0 -0.0 0.0 12.8671875 0.0 0.0 22.85546875 0.0 12.7265625 0.0 0.0 25.91796875 0.0 12.9375 0.0 0.0 25.53515625 0.0 12.90234375 0.0 0.0 23.4296875 0.0 5.81622314453125
154511150038 -0.0 0.0 0.0 0.0 0.0 -0.0 -0.0 0.0 12.8671875 0.0 0.0 23.4296875 0.0 12.76171875 0.0 0.0 25.91796875 0.0 12.9375 0.0 0.0 25.34375 0.0 12.8671875 0.0 0.0 23.046875 0.0 5.81622314453125
154511150210 -0.0 0.0 0.0 0.0 0.0 -0.0 -0.0 0.0 12.8671875 0.0 0.0 23.8125 0.0 12.76171875 0.0 0.0 25.34375 0.0 12.9375 0.0 0.0 25.91796875 0.0 12.90234375 0.0 0.0 23.23828125 0.0 5.8064422607421875
154511150378 -0.0 0.0 0.0 0.0 0.0 -0.0 -0.0 0.0 12.8671875 0.0 0.0 23.8125 0.0 12.7265625 0.0 0.0 25.91796875 0.0 12.9375 0.0 0.0 25.53515625 0.0 12.90234375 0.0 0.0 24.00390625 0.0 5.81622314453125
154511150543 -0.0 0.0 0.0 0.0 0.0 -0.0 -0.0 0.0 12.8671875 0.0 0.0 23.8125 0.0 12.76171875 0.0 0.0 26.30078125 0.0 12.9375 0.0 0.0 25.53515625 0.0 12.90234375 0.0 0.0 23.23828125 0.0 5.81622314453125
154511150729 -0.0 0.0 0.0 0.0 0.0 -0.0 -0.0 0.0 12.8671875 0.0 0.0 23.8125 0.0 12.76171875 0.0 0.0 27.2578125 0.0 12.9375 0.0 0.0 25.15234375 0.0 12.90234375 0.0 0.0 23.62109375 0.0 5.82598876953125
154511150915 -0.0 0.0 0.0 0.0 0.0 -0.0 -0.0 0.0 12.8671875 0.0 0.0 23.23828125 0.0 12.76171875 0.0 0.0 26.30078125 0.0 12.9375 0.0 0.0 25.7265625 0.0 12.90234375 0.0 0.0 23.8125 0.0 5.81622314453125
154511151090 -0.0 0.0 0.0 0.0 0.0 -0.0 -0.0 0.0 12.8671875 0.0 0.0 24.38671875 0.0 12.76171875 0.0 0.0 25.7265625 0.0 12.9375 0.0 0.0 25.34375 0.0 12.90234375 0.0 0.0 23.23828125 0.0 5.8064422607421875
154511151264 -0.0 0.0 0.0 0.0 0.0 -0.0 -0.0 0.0 12.8671875 0.0 0.0 24.1953125 0.0 12.76171875 0.0 0.0 26.4921875 0.0 12.9375 0.0 0.0 25.53515625 0.0 12.8671875 0.0 0.0 24.1953125 0.0 5.81622314453125
154511151437 -0.0 0.0 0.0 0.0 0.0 -0.0 -0.0 0.0 12.8671875 0.0 0.0 23.8125 0.0 12.76171875 0.0 0.0 25.53515625 0.0 12.9375 0.0 0.0 25.34375 0.0 12.8671875 0.0 0.0 23.62109375 0.0 5.81622314453125
154511151618 -0.0 0.0 0.0 0.0 0.0 -0.0 -0.0 0.0 12.8671875 0.0 0.0 23.23828125 0.0 12.76171875 0.0 0.0 26.875 0.0 12.97265625 0.0 0.0 25.7265625 0.0 12.90234375 0.0 0.0 23.8125 0.0 5.8064422607421875
154511151797 -0.0 0.0 0.0 0.0 0.0 -0.0 -0.0 0.0 12.8671875 0.0 0.0 23.23828125 0.0 12.76171875 0.0 0.0 25.53515625 0.0 12.97265625 0.0 0.0 25.53515625 0.0 12.90234375 0.0 0.0 23.4296875 0.0 5.81622314453125
154511151964 -0.0 0.0 0.0 0.0 0.0 -0.0 -0.0 0.0 12.8671875 0.0 0.0 23.23828125 0.0 12.76171875 0.0 0.0 25.7265625 7.195068359375 12.9375 0.0 0.0 26.4921875 0.0 12.90234375 0.0 0.0 24.00390625 0.0 5.81622314453125
154511152138 -0.0 0.0 0.0 0.0 0.0 -0.0 -0.0 0.0 12.8671875 0.0 0.0 22.85546875 0.0 12.76171875 0.0 0.0 25.53515625 5.7295074462890625 12.9375 0.0 0.0 25.7265625 0.0 12.90234375 0.0 0.0 23.23828125 0.0 5.81622314453125
154511152309 -0.0 0.0 0.0 0.0 0.0 -0.0 -0.0 0.0 12.8671875 0.0 0.0 24.1953125 0.0 12.76171875 0.0 0.0 26.109375 0.0 12.9375 0.0 0.0 25.53515625 0.0 12.90234375 0.0 0.0 23.62109375 0.0 5.81622314453125
154511152478 -0.0 0.0 0.0 0.0 0.0 -0.0 -0.0 0.0 12.8671875 0.0 0.0 22.47265625 0.0 12.76171875 0.0 0.0 25.7265625 0.0 12.9375 0.0 0.0 25.7265625 0.0 12.90234375 0.0 0.0 23.4296875 0.0 5.81622314453125
154511152660 -0.0 0.0 0.0 0.0 0.0 -0.0 -0.0 0.0 12.90234375 0.0 0.0 24.00390625 0.0 12.76171875 0.0 0.0 26.109375 0.0 12.9375 0.0 0.0 24.9609375 0.0 12.90234375 0.0 0.0 22.85546875 0.0 5.81622314453125
154511152858 -0.0 0.0 0.0 0.0 0.0 -0.0 -0.0 0.0 12.8671875 0.0 0.0 23.046875 0.0 12.796875 0.0 0.0 26.109375 0.0 12.9375 0.0 0.0 25.53515625 0.0 12.90234375 0.0 0.0 23.62109375 0.0 5.81622314453125
154511153024 -0.0 0.0 0.0 0.0 0.0 -0.0 -0.0 0.0 12.90234375 0.0 0.0 24.9609375 0.0 12.76171875 0.0 0.0 25.91796875 0.0 12.9375 0.0 0.0 26.109375 0.0 12.90234375 0.0 0.0 23.4296875 0.0 5.81622314453125
154511153208 -0.0 0.0 0.0 0.0 0.0 -0.0 -0.0 0.0 12.8671875 0.0 0.0 23.046875 0.0 12.76171875 0.0 0.0 26.109375 0.0 12.9375 0.0 0.0 25.53515625 0.0 12.90234375 0.0 0.0 23.8125 0.0 5.81622314453125
154511153377 -0.0 0.0 0.0 0.0 0.0 -0.0 -0.0 0.0 12.8671875 0.0 0.0 23.23828125 0.0 12.76171875 0.0 0.0 25.7265625 0.0 12.97265625 0.0 0.0 25.91796875 0.0 12.90234375 0.0 0.0 23.4296875 0.0 5.8064422607421875
154511153539 -0.0 0.0 0.0 0.0 0.0 -0.0 -0.0 0.0 12.8671875 0.0 0.0 23.046875 0.0 12.76171875 0.0 0.0 25.53515625 0.0 12.796875 0.0 0.0 25.34375 0.0 11.7421875 0.0 0.0 23.62109375 0.0 5.6793670654296875
S: 154511153437 Fired
154511153709 -0.0 0.0 0.0 0.0 0.0 -0.0 -0.0 0.0 11.6015625 0.0 0.0 22.6640625 0.0 11.35546875 0.0 0.0 26.109375 12.058395385742188 11.8125 0.0 0.0 25.7265625 0.0 11.84765625 0.0 0.0 23.23828125 0.0 5.1319580078125
154511153863 -0.0 0.0 0.0 0.0 0.0 -0.0 -0.0 0.0 12.0234375 0.0 0.0 23.23828125 0.0 11.91796875 0.0 0.0 26.109375 -15.914138793945312 12.05859375 0.0 0.0 25.53515625 0.0 9.9140625 0.0 0.0 23.046875 0.0 4.3890380859375
154511154035 -0.0 0.0 0.0 0.0 0.0 -0.0 -0.0 0.0 12.62109375 0.0 0.0 23.23828125 0.0 12.375 0.0 0.0 26.30078125 -9.162109375 12.65625 0.0 0.0 25.15234375 0.0 12.375 0.0 0.0 23.8125 0.0 4.7116241455078125
154511154201 -0.0 0.0 0.0 0.0 0.0 -0.0 -0.0 0.0 12.7265625 0.0 0.0 22.85546875 0.0 12.5859375 0.0 0.0 25.7265625 -11.159500122070312 12.76171875 0.0 0.0 25.7265625 0.0 12.7265625 0.0 0.0 22.85546875 0.0 5.3665618896484375
154511154371 -0.0 0.0 0.0 0.03543307086614173 0.03543307086614173 0.03543307086614173 0.03543307086614173 0.0 12.7265625 0.0 0.0 23.4296875 0.0 12.5859375 0.0 0.0 25.91796875 0.0 12.7265625 0.0 0.0 25.53515625 0.0 12.69140625 0.0 0.0 23.62109375 0.0 5.728240966796875
154511154538 -0.0 0.0 -0.0078125 0.0 0.0 -0.0 -0.0 0.0 12.65625 0.0 0.0 23.23828125 0.0 12.515625 0.0 0.0 25.91796875 0.0 12.83203125 0.0 0.0 25.7265625 0.0 12.76171875 0.0 0.0 23.4296875 0.0 5.845550537109375
154511154730 -0.031496062992125984 0.05511811023622047 -0.0078125 -0.019260580708661417 0.0523929625984252 0.011448080708661417 -0.0602054625984252 0.0 12.76171875 0.0 0.0 24.00390625 0.0 12.65625 0.0 0.0 25.7265625 0.0 12.8671875 0.0 0.0 25.53515625 0.0 12.796875 0.0 0.0 23.23828125 0.0 5.81622314453125
154511154908 -0.031496062992125984 -0.0078125 -0.0078125 -0.019260580708661417 0.0523929625984252 0.011448080708661417 -0.0602054625984252 0.0 12.796875 0.0 0.0 24.00390625 0.0 12.69140625 0.0 0.0 25.91796875 0.0 12.83203125 0.0 0.0 25.53515625 0.0 12.796875 0.0 0.0 23.62109375 0.0 5.8064422607421875
154511155083 -0.05511811023622047 -0.0078125 -0.0078125 0.03699864665354331 0.026842396653543307 -0.04481114665354331 -0.03465489665354331 0.0 12.796875 0.0 0.0 23.23828125 0.0 12.69140625 0.0 0.0 25.53515625 0.0 12.8671875 0.0 0.0 25.7265625 0.0 12.796875 0.0 0.0 24.1953125 0.0 5.8064422607421875
154511155270 -0.05511811023622047 -0.0078125 -0.0078125 0.03699864665354331 0.026842396653543307 -0.04481114665354331 -0.03465489665354331 0.0 12.796875 0.0 0.0 24.1953125 0.0 12.69140625 0.0 0.0 26.4921875 6.3039703369140625 12.8671875 0.0 0.0 25.34375 0.0 12.796875 0.0 0.0 23.4296875 0.0 5.8064422607421875
154511155450 -0.05511811023622047 -0.0078125 -0.0078125 0.03699864665354331 0.026842396653543307 -0.04481114665354331 -0.03465489665354331 0.0 12.796875 0.0 0.0 24.00390625 0.0 12.69140625 0.0 0.0 25.53515625 0.0 12.8671875 0.0 0.0 25.7265625 0.0 12.83203125 0.0 0.0 23.4296875 0.0 5.8064422607421875
154511155629 -0.05511811023622047 -0.0078125 -0.0078125 0.03699864665354331 0.026842396653543307 -0.04481114665354331 -0.03465489665354331 0.0 12.796875 0.0 0.0 23.23828125 0.0 12.69140625 0.0 0.0 25.91796875 0.0 12.8671875 0.0 0.0 25.53515625 0.0 12.83203125 0.0 0.0 23.62109375 0.0 5.8064422607421875
154511155816 -0.05511811023622047 -0.0078125 -0.0078125 0.03699864665354331 0.026842396653543307 -0.04481114665354331 -0.03465489665354331 0.0 12.796875 0.0 0.0 23.62109375 0.0 12.69140625 0.0 0.0 26.109375 0.0 12.90234375 0.0 0.0 26.109375 0.0 12.83203125 0.0 0.0 23.4296875 0.0 5.8064422607421875
154511155997 -0.05511811023622047 -0.0078125 -0.0078125 0.03699864665354331 0.026842396653543307 -0.04481114665354331 -0.03465489665354331 0.0 12.796875 0.0 0.0 23.23828125 0.0 12.69140625 0.0 0.0 27.2578125 0.0 12.8671875 0.0 0.0 25.34375 0.0 12.83203125 0.0 0.0 23.4296875 0.0 5.796661376953125
154511156184 -0.05511811023622047 -0.0078125 -0.0078125 0.03699864665354331 0.026842396653543307 -0.04481114665354331 -0.03465489665354331 0.0 12.83203125 0.0 0.0 24.1953125 0.0 12.69140625 0.0 0.0 26.68359375 0.0 12.90234375 0.0 0.0 26.109375 0.0 12.83203125 0.0 0.0 23.23828125 0.0 5.8064422607421875
154511156360 -0.05511811023622047 -0.0078125 -0.0078125 0.03699864665354331 0.026842396653543307 -0.04481114665354331 -0.03465489665354331 0.0 12.83203125 0.0 0.0 23.23828125 0.0 12.7265625 0.0 0.0 25.91796875 0.0 12.8671875 0.0 0.0 25.7265625 0.0 12.83203125 0.0 0.0 24.1953125 0.0 5.8064422607421875
154511156552 -0.05511811023622047 -0.0078125 -0.0078125 0.03699864665354331 0.026842396653543307 -0.04481114665354331 -0.03465489665354331 0.0 12.796875 0.0 0.0 24.1953125 0.0 12.7265625 0.0 0.0 26.109375 0.0 12.90234375 0.0 0.0 25.91796875 0.0 12.83203125 0.0 0.0 23.62109375 0.0 5.8064422607421875
154511156725 -0.05511811023622047 -0.0078125 -0.0078125 0.03699864665354331 0.026842396653543307 -0.04481114665354331 -0.03465489665354331 0.0 12.83203125 0.0 0.0 23.23828125 0.0 12.7265625 0.0 0.0 26.109375 0.0 12.90234375 0.0 0.0 26.109375 0.0 12.83203125 0.0 0.0 24.00390625 0.0 5.8064422607421875
154511156904 -0.05511811023622047 -0.0078125 -0.0078125 0.03699864665354331 0.026842396653543307 -0.04481114665354331 -0.03465489665354331 0.0 12.83203125 0.0 0.0 22.6640625 0.0 12.7265625 0.0 0.0 26.4921875 0.0 12.90234375 0.0 0.0 25.7265625 0.0 12.83203125 0.0 0.0 23.4296875 0.0 5.8064422607421875
154511157091 -0.05511811023622047 -0.0078125 -0.0078125 0.03699864665354331 0.026842396653543307 -0.04481114665354331 -0.03465489665354331 0.0 12.83203125 0.0 0.0 23.4296875 0.0 12.7265625 0.0 0.0 25.91796875 0.0 12.90234375 0.0 0.0 26.109375 0.0 12.8671875 0.0 0.0 24.00390625 0.0 5.8064422607421875
154511157271 -0.05511811023622047 -0.0078125 -0.0078125 0.03699864665354331 0.026842396653543307 -0.04481114665354331 -0.03465489665354331 0.0 12.796875 0.0 0.0 23.4296875 0.0 12.7265625 0.0 0.0 26.109375 0.0 12.90234375 0.0 0.0 25.7265625 0.0 12.83203125 0.0 0.0 23.62109375 0.0 5.8064422607421875
154511157458 -0.05511811023622047 -0.0078125 -0.0078125 0.03699864665354331 0.026842396653543307 -0.04481114665354331 -0.03465489665354331 0.0 12.83203125 0.0 0.0 23.4296875 0.0 12.7265625 0.0 0.0 25.7265625 0.0 12.90234375 0.0 0.0 25.53515625 0.0 12.83203125 0.0 0.0 23.23828125 0.0 5.8064422607421875
154511157644 -0.05511811023622047 -0.0078125 -0.0078125 0.03699864665354331 0.026842396653543307 -0.04481114665354331 -0.03465489665354331 0.0 12.83203125 0.0 0.0 24.578125 0.0 12.7265625 0.0 0.0 26.109375 0.0 12.90234375 0.0 0.0 25.34375 0.0 12.8671875 0.0 0.0 23.23828125 0.0 5.8064422607421875
154511157816 -0.05511811023622047 -0.0078125 -0.0078125 0.03699864665354331 0.026842396653543307 -0.04481114665354331 -0.03465489665354331 0.0 12.83203125 0.0 0.0 23.62109375 0.0 12.7265625 0.0 0.0 25.7265625 0.0 12.90234375 0.0 0.0 25.7265625 0.0 12.83203125 0.0 0.0 24.00390625 0.0 5.8064422607421875
154511157998 -0.05511811023622047 -0.0078125 -0.0078125 0.03699864665354331 0.026842396653543307 -0.04481114665354331 -0.03465489665354331 0.0 12.83203125 0.0 0.0 23.4296875 0.0 12.7265625 0.0 0.0 25.53515625 0.0 12.90234375 0.0 0.0 25.7265625 0.0 12.83203125 0.0 0.0 23.62109375 0.0 5.8064422607421875
154511158177 -0.05511811023622047 -0.0078125 -0.0078125 0.03699864665354331 0.026842396653543307 -0.04481114665354331 -0.03465489665354331 0.0 12.83203125 0.0 0.0 24.76953125 0.0 12.7265625 0.0 0.0 25.91796875 0.0 12.90234375 0.0 0.0 25.7265625 0.0 12.8671875 0.0 0.0 23.23828125 0.0 5.8064422607421875
154511158356 -0.05511811023622047 -0.0078125 -0.0078125 0.03699864665354331 0.026842396653543307 -0.04481114665354331 -0.03465489665354331 0.0 12.83203125 0.0 0.0 23.4296875 0.0 12.7265625 0.0 0.0 26.68359375 0.0 12.90234375 0.0 0.0 25.34375 0.0 12.8671875 0.0 0.0 23.8125 0.0 5.8064422607421875
154511158557 0.0078125 0.0 -0.0078125 -0.0397330216535433 0.03192052165354332 0.0319205216535433 -0.03973302165354332 0.0 12.83203125 0.0 0.0 23.8125 0.0 12.69140625 0.0 0.0 25.53515625 0.0 12.90234375 0.0 0.0 25.91796875 0.0 12.83203125 0.0 0.0 24.1953125 0.0 5.8064422607421875
154511158741 0.0078125 0.0 -0.0078125 -0.008984375000000001 -0.008984375 0.001171875000000001 0.0011718749999999993 0.0 12.83203125 0.0 0.0 23.62109375 0.0 12.7265625 0.0 0.0 26.68359375 0.0 12.90234375 0.0 0.0 25.7265625 0.0 12.8671875 0.0 0.0 24.00390625 0.0 5.8064422607421875
154511158938 0.0078125 0.0 -0.0078125 -0.008984375000000001 -0.008984375 0.001171875000000001 0.0011718749999999993 0.0 12.83203125 0.0 0.0 23.62109375 0.0 12.7265625 0.0 0.0 25.7265625 0.0 12.90234375 0.0 0.0 25.91796875 0.0 12.8671875 0.0 0.0 23.4296875 0.0 5.8064422607421875
154511159116 0.0078125 0.0 -0.0078125 -0.008984375000000001 -0.008984375 0.001171875000000001 0.0011718749999999993 0.0 12.83203125 0.0 0.0 23.8125 0.0 12.7265625 0.0 0.0 25.53515625 0.0 12.5859375 0.0 0.0 25.7265625 0.0 11.953125 0.0 0.0 23.4296875 0.0 5.659820556640625
S: 154511159006 Fired
154511159275 0.0078125 0.0 -0.0078125 -0.008984375000000001 -0.008984375 0.001171875000000001 0.0011718749999999993 0.0 11.21484375 0.0 0.0 23.4296875 0.0 11.53125 0.0 0.0 25.91796875 10.272705078125 11.8125 0.0 0.0 25.7265625 0.0 11.84765625 0.0 0.0 23.8125 0.0 4.9951019287109375
154511159450 0.0078125 0.0 -0.0078125 -0.008984375000000001 -0.008984375 0.001171875000000001 0.0011718749999999993 0.0 11.98828125 0.0 0.0 22.85546875 0.0 11.98828125 0.0 0.0 26.30078125 -16.219085693359375 11.77734375 0.0 0.0 26.4921875 0.0 12.5859375 0.0 0.0 23.62109375 0.0 4.4281463623046875
154511159623 0.0078125 0.0 -0.0078125 -0.008984375000000001 -0.008984375 0.001171875000000001 0.0011718749999999993 -7.0911102294921875 12.48046875 0.0 0.0 23.23828125 0.0 12.4453125 0.0 0.0 26.30078125 9.728439331054688 12.375 0.0 0.0 26.109375 0.0 12.65625 0.0 0.0 23.8125 0.0 4.848480224609375
154511159783 0.0078125 0.0 -0.0078125 -0.008984375000000001 -0.008984375 0.001171875000000001 0.0011718749999999993 -2.5276947021484375 12.69140625 0.0 0.0 23.23828125 0.0 12.5859375 0.0 0.0 25.91796875 -10.966690063476562 12.76171875 0.0 0.0 26.30078125 0.0 12.7265625 0.0 0.0 23.4296875 0.0 5.3763427734375
154511159969 0.0078125 0.0 -0.0078125 -0.008984375000000001 -0.008984375 0.001171875000000001 0.0011718749999999993 0.0 12.69140625 0.0 0.0 23.4296875 0.0 12.55078125 0.0 0.0 26.30078125 0.0 12.7265625 0.0 0.0 25.34375 0.0 12.69140625 0.0 0.0 23.62109375 0.0 5.796661376953125
154511160149 0.0078125 0.0 -0.0078125 -0.008984375000000001 -0.008984375 0.001171875000000001 0.0011718749999999993 0.0 12.62109375 0.0 0.0 24.00390625 0.0 12.62109375 0.0 0.0 26.30078125 0.0 12.83203125 0.0 0.0 25.7265625 0.0 12.796875 0.0 0.0 23.8125 0.0 5.82598876953125
154511160330 0.0078125 0.0 -0.0078125 -0.008984375000000001 -0.008984375 0.001171875000000001 0.0011718749999999993 0.0 12.76171875 0.0 0.0 23.4296875 0.0 12.65625 0.0 0.0 25.7265625 0.0 12.83203125 0.0 0.0 25.91796875 0.0 12.796875 0.0 0.0 23.4296875 0.0 5.81622314453125
154511160510 0.0078125 0.0 -0.0078125 -0.008984375000000001 -0.008984375 0.001171875000000001 0.0011718749999999993 0.0 12.76171875 0.0 0.0 22.28125 0.0 12.69140625 0.0 0.0 26.30078125 0.0 12.83203125 0.0 0.0 25.91796875 0.0 12.796875 0.0 0.0 24.38671875 0.0 5.81622314453125
154511160689 0.0078125 0.0 -0.0078125 -0.008984375000000001 -0.008984375 0.001171875000000001 0.0011718749999999993 0.0 12.76171875 0.0 0.0 22.28125 0.0 12.69140625 0.0 0.0 26.109375 0.0 12.83203125 0.0 0.0 25.91796875 0.0 12.796875 0.0 0.0 23.046875 0.0 5.8064422607421875
154511160870 0.0078125 0.0 -0.0078125 -0.008984375000000001 -0.008984375 0.001171875000000001 0.0011718749999999993 0.0 12.76171875 0.0 0.0 23.62109375 0.0 12.65625 0.0 0.0 25.15234375 -30.260513305664062 12.8671875 0.0 0.0 25.91796875 0.0 12.796875 0.0 0.0 23.23828125 0.0 5.81622314453125
154511161052 0.0078125 0.0 -0.0078125 -0.008984375000000001 -0.008984375 0.001171875000000001 0.0011718749999999993 -11.4051513671875 12.76171875 0.0 0.0 23.23828125 0.0 12.69140625 0.0 0.0 25.7265625 -14.653350830078125 12.8671875 0.0 0.0 25.91796875 0.0 12.83203125 0.0 0.0 23.4296875 0.0 5.8064422607421875
154511161224 0.0078125 0.0 -0.0078125 -0.008984375000000001 -0.008984375 0.001171875000000001 0.0011718749999999993 0.0 12.796875 0.0 0.0 23.4296875 0.0 12.69140625 0.0 0.0 25.91796875 4.8787384033203125 12.8671875 0.0 0.0 26.30078125 0.0 12.83203125 0.0 0.0 23.4296875 0.0 5.8064422607421875
154511161397 0.0078125 0.0 -0.0078125 -0.008984375000000001 -0.008984375 0.001171875000000001 0.0011718749999999993 0.0 12.796875 0.0 0.0 21.32421875 0.0 12.69140625 0.0 0.0 25.34375 0.0 12.8671875 0.0 0.0 25.7265625 0.0 12.83203125 0.0 0.0 23.4296875 0.0 5.8064422607421875
154511161570 0.0078125 0.0 -0.0078125 -0.008984375000000001 -0.008984375 0.001171875000000001 0.0011718749999999993 0.0 12.796875 0.0 0.0 23.62109375 0.0 12.69140625 0.0 0.0 26.109375 0.0 12.8671875 0.0 0.0 25.7265625 0.0 12.83203125 0.0 0.0 23.4296875 0.0 5.8064422607421875
154511161749 0.0078125 0.0 -0.0078125 -0.008984375000000001 -0.008984375 0.001171875000000001 0.0011718749999999993 0.0 12.796875 0.0 0.0 23.046875 0.0 12.69140625 0.0 0.0 25.91796875 0.0 12.8671875 0.0 0.0 26.109375 0.0 12.83203125 0.0 0.0 23.4296875 0.0 5.8064422607421875
154511161942 0.0078125 0.0 -0.0078125 -0.008984375000000001 -0.008984375 0.001171875000000001 0.0011718749999999993 0.0 12.796875 0.0 0.0 24.76953125 0.0 12.69140625 0.0 0.0 25.53515625 0.0 12.8671875 0.0 0.0 25.7265625 0.0 12.83203125 0.0 0.0 24.1953125 0.0 5.8064422607421875
154511162131 0.0078125 0.0 -0.0078125 -0.008984375000000001 -0.008984375 0.001171875000000001 0.0011718749999999993 0.0 12.796875 0.0 0.0 23.23828125 0.0 12.69140625 0.0 0.0 26.4921875 0.0 12.8671875 0.0 0.0 25.34375 0.0 12.83203125 0.0 0.0 23.62109375 0.0 5.8064422607421875
154511162317 0.0078125 0.0 -0.0078125 -0.008984375000000001 -0.008984375 0.001171875000000001 0.0011718749999999993 0.0 12.796875 0.0 0.0 23.4296875 0.0 12.69140625 0.0 0.0 25.53515625 0.0 12.8671875 0.0 0.0 25.7265625 0.0 12.83203125 0.0 0.0 23.23828125 0.0 5.8064422607421875
154511162514 0.0078125 0.0 -0.0078125 -0.008984375000000001 -0.008984375 0.001171875000000001 0.0011718749999999993 0.0 12.83203125 0.0 0.0 23.4296875 0.0 12.69140625 0.0 0.0 25.7265625 0.0 12.90234375 0.0 0.0 25.7265625 0.0 12.83203125 0.0 0.0 24.1953125 0.0 5.8064422607421875
154511162697 0.0078125 0.0 -0.0078125 -0.008984375000000001 -0.008984375 0.001171875000000001 0.0011718749999999993 0.0 12.796875 0.0 0.0 23.23828125 0.0 12.7265625 0.0 0.0 26.109375 0.0 12.8671875 0.0 0.0 25.34375 0.0 12.83203125 0.0 0.0 23.8125 0.0 5.8064422607421875
154511162879 0.0078125 0.0 -0.0078125 -0.008984375000000001 -0.008984375 0.001171875000000001 0.0011718749999999993 0.0 12.83203125 0.0 0.0 23.62109375 0.0 12.7265625 0.0 0.0 26.4921875 0.0 12.90234375 0.0 0.0 25.34375 0.0 12.83203125 0.0 0.0 24.1953125 0.0 5.8064422607421875
154511163058 0.0078125 0.0 -0.0078125 -0.008984375000000001 -0.008984375 0.001171875000000001 0.0011718749999999993 0.0 12.83203125 0.0 0.0 23.23828125 0.0 12.69140625 0.0 0.0 26.30078125 0.0 12.90234375 0.0 0.0 25.7265625 0.0 12.83203125 0.0 0.0 23.23828125 0.0 5.8064422607421875
154511163235 0.0078125 0.0 -0.0078125 -0.008984375000000001 -0.008984375 0.001171875000000001 0.0011718749999999993 0.0 12.796875 0.0 0.0 23.62109375 0.0 12.69140625 0.0 0.0 26.4921875 0.0 12.90234375 0.0 0.0 25.53515625 0.0 12.83203125 0.0 0.0 23.62109375 0.0 5.8064422607421875
154511163413 0.0078125 0.0 -0.0078125 -0.008984375000000001 -0.008984375 0.001171875000000001 0.0011718749999999993 0.0 12.796875 0.0 0.0 23.046875 0.0 12.7265625 0.0 0.0 27.06640625 0.0 12.90234375 0.0 0.0 25.53515625 0.0 12.83203125 0.0 0.0 23.8125 0.0 5.8064422607421875
154511163585 0.0078125 0.0 -0.0078125 -0.008984375000000001 -0.008984375 0.001171875000000001 0.0011718749999999993 0.0 12.83203125 0.0 0.0 23.4296875 0.0 12.7265625 0.0 0.0 25.53515625 0.0 12.90234375 0.0 0.0 25.53515625 0.0 12.8671875 0.0 0.0 23.62109375 0.0 5.8064422607421875
154511163758 0.0078125 0.0 -0.0078125 -0.008984375000000001 -0.008984375 0.001171875000000001 0.0011718749999999993 0.0 12.83203125 0.0 0.0 24.38671875 0.0 12.7265625 0.0 0.0 25.91796875 0.0 12.90234375 0.0 0.0 25.91796875 0.0 12.83203125 0.0 0.0 23.23828125 0.0 5.8064422607421875
154511163935 0.0078125 0.0 -0.0078125 -0.008984375000000001 -0.008984375 0.001171875000000001 0.0011718749999999993 0.0 12.83203125 0.0 0.0 23.62109375 0.0 12.7265625 0.0 0.0 25.7265625 0.0 12.90234375 0.0 0.0 25.53515625 0.0 12.8671875 0.0 0.0 24.1953125 0.0 5.8064422607421875
154511164104 0.0078125 0.0 -0.0078125 -0.008984375000000001 -0.008984375 0.001171875000000001 0.0011718749999999993 0.0 12.83203125 0.0 0.0 24.1953125 0.0 12.7265625 0.0 0.0 26.109375 0.0 12.90234375 0.0 0.0 25.53515625 0.0 12.83203125 0.0 0.0 24.1953125 0.0 5.8064422607421875
154511164284 0.0078125 0.0 -0.0078125 -0.008984375000000001 -0.008984375 0.001171875000000001 0.0011718749999999993 0.0 12.83203125 0.0 0.0 23.62109375 0.0 12.7265625 0.0 0.0 25.34375 0.0 12.90234375 0.0 0.0 25.7265625 0.0 12.8671875 0.0 0.0 23.62109375 0.0 5.81622314453125
154511164458 0.0078125 0.0 -0.0078125 -0.008984375000000001 -0.008984375 0.001171875000000001 0.0011718749999999993 0.0 12.83203125 0.0 0.0 23.4296875 0.0 12.7265625 0.0 0.0 26.109375 0.0 12.90234375 0.0 0.0 25.34375 0.0 12.83203125 0.0 0.0 23.62109375 0.0 5.8064422607421875
154511164631 0.0078125 0.0 -0.0078125 -0.008984375000000001 -0.008984375 0.001171875000000001 0.0011718749999999993 0.0 12.83203125 0.0 0.0 23.4296875 0.0 12.7265625 0.0 0.0 25.7265625 0.0 12.90234375 0.0 0.0 25.53515625 0.0 12.8671875 0.0 0.0 23.62109375 0.0 5.8064422607421875
154511164804 0.0078125 0.0 -0.0078125 -0.008984375000000001 -0.008984375 0.001171875000000001 0.0011718749999999993 0.0 12.83203125 0.0 0.0 22.85546875 0.0 12.7265625 0.0 0.0 25.91796875 0.0 12.90234375 0.0 0.0 25.53515625 0.0 12.8671875 0.0 0.0 23.8125 0.0 5.8064422607421875
154511164999 0.0078125 0.0 -0.0078125 -0.008984375000000001 -0.008984375 0.001171875000000001 0.0011718749999999993 0.0 12.83203125 0.0 0.0 24.578125 0.0 12.7265625 0.0 0.0 26.109375 0.0 12.90234375 0.0 0.0 25.91796875 0.0 12.83203125 0.0 0.0 23.4296875 0.0 5.81622314453125
154511165177 0.0078125 0.0 -0.0078125 -0.008984375000000001 -0.008984375 0.001171875000000001 0.0011718749999999993 0.0 12.83203125 0.0 0.0 23.23828125 0.0 12.7265625 0.0 0.0 25.91796875 0.0 12.90234375 0.0 0.0 25.7265625 0.0 12.8671875 0.0 0.0 24.00390625 0.0 5.81622314453125
154511165362 0.0078125 0.0 -0.0078125 -0.008984375000000001 -0.008984375 0.001171875000000001 0.0011718749999999993 0.0 12.83203125 0.0 0.0 23.4296875 0.0 12.76171875 0.0 0.0 26.30078125 0.0 12.90234375 0.0 0.0 25.53515625 0.0 12.83203125 0.0 0.0 23.8125 0.0 5.81622314453125
154511165553 0.0078125 0.0 -0.0078125 -0.008984375000000001 -0.008984375 0.001171875000000001 0.0011718749999999993 0.0 12.83203125 0.0 0.0 23.8125 0.0 12.7265625 0.0 0.0 26.109375 0.0 12.90234375 0.0 0.0 25.53515625 0.0 12.8671875 0.0 0.0 23.62109375 0.0 5.8064422607421875
154511165731 0.0078125 0.0 -0.0078125 -0.008984375000000001 -0.008984375 0.001171875000000001 0.0011718749999999993 0.0 12.83203125 0.0 0.0 23.046875 0.0 12.7265625 0.0 0.0 25.91796875 0.0 12.9375 0.0 0.0 25.34375 0.0 12.8671875 0.0 0.0 23.8125 0.0 5.8064422607421875
154511165911 0.0078125 0.0 -0.0078125 -0.008984375000000001 -0.008984375 0.001171875000000001 0.0011718749999999993 0.0 12.83203125 0.0 0.0 23.23828125 0.0 12.7265625 0.0 0.0 25.7265625 0.0 12.90234375 0.0 0.0 25.91796875 0.0 12.8671875 0.0 0.0 24.1953125 0.0 5.8064422607421875
154511166090 0.0078125 0.0 -0.0078125 -0.008984375000000001 -0.008984375 0.001171875000000001 0.0011718749999999993 0.0 12.83203125 0.0 0.0 23.046875 0.0 12.7265625 0.0 0.0 25.91796875 0.0 12.90234375 0.0 0.0 26.30078125 0.0 12.8671875 0.0 0.0 23.62109375 0.0 5.8064422607421875
154511166271 0.0078125 0.0 -0.0078125 -0.008984375000000001 -0.008984375 0.001171875000000001 0.0011718749999999993 0.0 12.83203125 0.0 0.0 22.85546875 0.0 12.7265625 0.0 0.0 25.7265625 0.0 12.90234375 0.0 0.0 26.109375 0.0 12.8671875 0.0 0.0 23.8125 0.0 5.8064422607421875
154511166450 0.0078125 0.0 -0.0078125 -0.008984375000000001 -0.008984375 0.001171875000000001 0.0011718749999999993 0.0 12.83203125 0.0 0.0 23.4296875 0.0 12.7265625 0.0 0.0 25.53515625 0.0 12.90234375 0.0 0.0 25.53515625 0.0 12.8671875 0.0 0.0 24.00390625 0.0 5.8064422607421875
154511166631 0.0078125 0.0 -0.0078125 -0.008984375000000001 -0.008984375 0.001171875000000001 0.0011718749999999993 0.0 12.83203125 0.0 0.0 23.4296875 0.0 12.7265625 0.0 0.0 26.109375 0.0 12.90234375 0.0 0.0 25.7265625 0.0 12.8671875 0.0 0.0 23.62109375 0.0 5.8064422607421875
154511166777 0.0078125 0.0 -0.0078125 -0.008984375000000001 -0.008984375 0.001171875000000001 0.0011718749999999993 0.0 12.8671875 0.0 0.0 23.8125 0.0 12.7265625 0.0 0.0 25.91796875 0.0 12.9375 0.0 0.0 25.91796875 0.0 12.8671875 0.0 0.0 23.046875 0.0 5.81622314453125
