Timestamp Driver_Joy_Y Driver_Joy_X Driver_Joy_W FL_Out BL_Out BR_Out FR_Out FL_Jag_Speed FL_Bus_Voltage FL_Out_Voltage FL_Out_Current FL_Temp BL_Jag_Speed BL_Bus_Voltage BL_Out_Voltage BL_Out_Current BL_Temp BR_Jag_Speed BR_Bus_Voltage BR_Out_Voltage BR_Out_Current BR_Temp FR_Jag_Speed FR_Bus_Voltage FR_Out_Voltage FR_Out_Current FR_Temp
154509961460 -0.0 -0.0078125 -0.0078125 0.0011718749999999993 -0.008984375000000001 -0.008984375 0.001171875000000001 0.0 12.9375 0.0 0.0 21.515625 0.0 12.83203125 0.0 0.0 24.38671875 0.0 13.0078125 0.0 0.0 24.38671875 0.0 12.97265625 0.0 0.0 22.6640625 0.0 5.7184600830078125
154509961646 -0.0 -0.0078125 -0.0078125 0.0011718749999999993 -0.008984375000000001 -0.008984375 0.001171875000000001 0.0 12.9375 0.0 0.0 21.8984375 0.0 12.83203125 0.0 0.0 24.76953125 0.0 13.0078125 0.0 0.0 24.9609375 0.0 12.9375 0.0 0.0 22.28125 0.0 5.7086944580078125
154509961833 -0.0 -0.0078125 -0.0078125 0.0011718749999999993 -0.008984375000000001 -0.008984375 0.001171875000000001 0.0 12.9375 0.0 0.0 22.6640625 0.0 12.83203125 0.0 0.0 24.76953125 0.0 13.0078125 0.0 0.0 24.38671875 0.0 12.97265625 0.0 0.0 22.28125 0.0 5.7184600830078125
154509962007 -0.0 -0.0078125 -0.0078125 0.0011718749999999993 -0.008984375000000001 -0.008984375 0.001171875000000001 0.0 12.9375 0.0 0.0 21.8984375 0.0 12.83203125 0.0 0.0 24.578125 0.0 13.0078125 0.0 0.0 24.76953125 0.0 12.9375 0.0 0.0 22.08984375 0.0 5.7184600830078125
154509962187 -0.0 -0.0078125 -0.0078125 0.0011718749999999993 -0.008984375000000001 -0.008984375 0.001171875000000001 0.0 12.9375 0.0 0.0 22.6640625 0.0 12.83203125 0.0 0.0 24.38671875 0.0 13.0078125 0.0 0.0 24.76953125 0.0 12.9375 0.0 0.0 22.47265625 0.0 5.7184600830078125
154509962368 -0.0 -0.0078125 -0.0078125 0.0011718749999999993 -0.008984375000000001 -0.008984375 0.001171875000000001 0.0 12.9375 0.0 0.0 21.8984375 0.0 12.83203125 0.0 0.0 25.7265625 0.0 12.796875 0.0 0.0 24.38671875 0.0 11.84765625 0.0 0.0 22.28125 0.0 5.542510986328125
S: 154509962259 Fired
154509962540 -0.0 -0.0078125 -0.0078125 0.0011718749999999993 -0.008984375000000001 -0.008984375 0.001171875000000001 0.0 11.56640625 0.0 0.0 21.8984375 0.0 11.6015625 0.0 0.0 25.34375 -8.841278076171875 11.98828125 0.0 0.0 24.578125 0.0 12.09375 0.0 0.0 22.47265625 0.0 4.8680267333984375
154509962705 -0.0 -0.0078125 -0.0078125 0.0011718749999999993 -0.008984375000000001 -0.008984375 0.001171875000000001 0.0 12.234375 0.0 0.0 22.85546875 0.0 11.6015625 0.0 0.0 25.15234375 -12.066085815429688 12.76171875 0.0 0.0 23.8125 0.0 12.76171875 0.0 0.0 22.6640625 0.0 4.50634765625
154509962865 -0.0 -0.0078125 -0.0078125 0.0011718749999999993 -0.008984375000000001 -0.008984375 0.001171875000000001 0.0 12.26953125 0.0 0.0 22.28125 0.0 12.234375 0.0 0.0 24.76953125 -8.566421508789062 12.5859375 0.0 0.0 24.578125 0.0 12.76171875 0.0 0.0 21.8984375 0.0 5.043975830078125
154509963032 -0.0 -0.0078125 -0.0078125 0.0011718749999999993 -0.008984375000000001 -0.008984375 0.001171875000000001 0.0 12.76171875 0.0 0.0 22.6640625 0.0 12.69140625 0.0 0.0 24.578125 3.0347747802734375 12.83203125 0.0 0.0 24.00390625 0.0 12.796875 0.0 0.0 22.08984375 0.0 5.542510986328125
154509963209 -0.0 -0.0078125 -0.0078125 0.0011718749999999993 -0.008984375000000001 -0.008984375 0.001171875000000001 0.0 12.76171875 0.0 0.0 22.08984375 0.0 12.5859375 0.0 0.0 24.578125 0.0 12.76171875 0.0 0.0 24.578125 0.0 12.7265625 0.0 0.0 22.6640625 0.0 5.8357696533203125
154509963393 -0.0 -0.0078125 -0.0078125 0.0011718749999999993 -0.008984375000000001 -0.008984375 0.001171875000000001 0.0 12.65625 0.0 0.0 21.8984375 0.0 12.69140625 0.0 0.0 24.9609375 0.0 12.8671875 0.0 0.0 24.578125 0.0 12.83203125 0.0 0.0 22.6640625 0.0 5.81622314453125
154509963580 -0.0 -0.0078125 -0.0078125 0.0011718749999999993 -0.008984375000000001 -0.008984375 0.001171875000000001 0.0 12.83203125 0.0 0.0 23.046875 0.0 12.7265625 0.0 0.0 25.15234375 0.0 12.90234375 0.0 0.0 24.9609375 0.0 12.8671875 0.0 0.0 22.47265625 0.0 5.8064422607421875
154509963768 -0.0 -0.0078125 -0.0078125 0.0011718749999999993 -0.008984375000000001 -0.008984375 0.001171875000000001 0.0 12.83203125 0.0 0.0 22.28125 0.0 12.4453125 0.0 0.0 25.15234375 0.0 12.65625 0.0 0.0 24.578125 0.0 12.62109375 0.0 0.0 22.85546875 0.0 5.796661376953125
154509963958 -0.0 -0.0078125 -0.0078125 0.0011718749999999993 -0.008984375000000001 -0.008984375 0.001171875000000001 0.0 12.62109375 0.0 0.0 21.8984375 0.0 12.4453125 0.0 0.0 24.9609375 0.0 12.69140625 0.0 0.0 24.1953125 0.0 12.55078125 0.0 0.0 22.6640625 0.0 5.8064422607421875
154509964143 -0.0 -0.0078125 -0.0078125 0.0011718749999999993 -0.008984375000000001 -0.008984375 0.001171875000000001 0.0 12.5859375 0.0 0.0 22.08984375 0.0 12.4453125 0.0 0.0 24.76953125 0.0 12.5859375 0.0 0.0 24.76953125 0.0 12.5859375 0.0 0.0 22.6640625 0.0 5.796661376953125
154509964323 -0.0 -0.0078125 -0.0078125 0.0011718749999999993 -0.008984375000000001 -0.008984375 0.001171875000000001 0.0 12.515625 0.0 0.0 22.6640625 0.0 12.4453125 0.0 0.0 24.76953125 0.0 12.55078125 0.0 0.0 24.38671875 0.0 12.55078125 0.0 0.0 22.47265625 0.0 5.796661376953125
154509964499 -0.0 -0.0078125 -0.0078125 0.0011718749999999993 -0.008984375000000001 -0.008984375 0.001171875000000001 0.0 12.48046875 0.0 0.0 21.8984375 0.0 12.375 0.0 0.0 25.15234375 0.0 12.65625 0.0 0.0 24.76953125 0.0 12.55078125 0.0 0.0 22.28125 0.0 5.796661376953125
154509964679 -0.0 -0.0078125 -0.0078125 0.0011718749999999993 -0.008984375000000001 -0.008984375 0.001171875000000001 0.0 12.55078125 0.0 0.0 23.4296875 0.0 12.4453125 0.0 0.0 25.15234375 0.0 12.5859375 0.0 0.0 24.76953125 0.0 12.55078125 0.0 0.0 22.08984375 0.0 5.796661376953125
154509964861 -0.0 -0.0078125 -0.0078125 0.0011718749999999993 -0.008984375000000001 -0.008984375 0.001171875000000001 0.0 12.515625 0.0 0.0 22.47265625 0.0 12.41015625 0.0 0.0 24.9609375 0.0 12.5859375 0.0 0.0 24.578125 0.0 12.55078125 0.0 0.0 22.6640625 0.0 5.8064422607421875
154509965059 -0.0 -0.0078125 -0.0078125 0.0011718749999999993 -0.008984375000000001 -0.008984375 0.001171875000000001 0.0 12.5859375 0.0 0.0 22.85546875 0.0 12.41015625 0.0 0.0 24.76953125 0.0 12.5859375 0.0 0.0 24.38671875 0.0 12.55078125 0.0 0.0 22.85546875 0.0 5.8064422607421875
154509965252 -0.0 -0.0078125 -0.0078125 0.0011718749999999993 -0.008984375000000001 -0.008984375 0.001171875000000001 0.0 12.55078125 0.0 0.0 22.47265625 0.0 12.4453125 0.0 0.0 24.9609375 0.0 12.55078125 0.0 0.0 24.9609375 0.0 12.515625 0.0 0.0 23.046875 0.0 5.796661376953125
154509965437 -0.0 -0.0078125 -0.0078125 0.0011718749999999993 -0.008984375000000001 -0.008984375 0.001171875000000001 0.0 12.515625 0.0 0.0 22.28125 0.0 12.41015625 0.0 0.0 24.578125 0.0 12.55078125 0.0 0.0 24.76953125 0.0 12.55078125 0.0 0.0 22.85546875 0.0 5.796661376953125
154509965625 -0.0 -0.0078125 -0.0078125 0.0011718749999999993 -0.008984375000000001 -0.008984375 0.001171875000000001 0.0 12.48046875 0.0 0.0 21.70703125 0.0 12.41015625 0.0 0.0 24.9609375 0.0 12.62109375 0.0 0.0 24.578125 0.0 12.55078125 0.0 0.0 22.28125 0.0 5.796661376953125
154509965799 -0.0 -0.0078125 -0.0078125 0.0011718749999999993 -0.008984375000000001 -0.008984375 0.001171875000000001 0.0 12.4453125 0.0 0.0 23.62109375 0.0 12.375 0.0 0.0 24.9609375 0.0 12.62109375 0.0 0.0 24.38671875 0.0 12.5859375 0.0 0.0 22.08984375 0.0 5.796661376953125
154509965991 -0.0 -0.0078125 -0.0078125 0.0011718749999999993 -0.008984375000000001 -0.008984375 0.001171875000000001 0.0 12.515625 0.0 0.0 21.8984375 0.0 12.4453125 0.0 0.0 24.38671875 0.0 12.55078125 0.0 0.0 24.578125 0.0 12.48046875 0.0 0.0 22.47265625 0.0 5.796661376953125
154509966180 -0.0 -0.0078125 -0.0078125 0.0011718749999999993 -0.008984375000000001 -0.008984375 0.001171875000000001 0.0 12.515625 0.0 0.0 22.85546875 0.0 12.375 0.0 0.0 24.578125 0.0 12.5859375 0.0 0.0 24.578125 0.0 12.5859375 0.0 0.0 23.046875 0.0 5.796661376953125
154509966372 -0.0 -0.0078125 -0.0078125 0.0011718749999999993 -0.008984375000000001 -0.008984375 0.001171875000000001 0.0 12.55078125 0.0 0.0 21.8984375 0.0 12.375 0.0 0.0 24.9609375 0.0 12.62109375 0.0 0.0 24.578125 0.0 12.4453125 0.0 0.0 22.85546875 0.0 5.796661376953125
154509966565 -0.0 -0.0078125 -0.0078125 0.0011718749999999993 -0.008984375000000001 -0.008984375 0.001171875000000001 0.0 12.48046875 0.0 0.0 22.08984375 0.0 12.41015625 0.0 0.0 24.578125 0.0 12.62109375 0.0 0.0 24.1953125 0.0 12.48046875 0.0 0.0 22.28125 0.0 5.796661376953125
154509966759 -0.0 -0.0078125 -0.0078125 0.0011718749999999993 -0.008984375000000001 -0.008984375 0.001171875000000001 0.0 12.515625 0.0 0.0 21.70703125 0.0 12.33984375 0.0 0.0 24.578125 0.0 12.5859375 0.0 0.0 24.9609375 0.0 12.48046875 0.0 0.0 22.28125 0.0 5.796661376953125
154509966940 -0.0 -0.0078125 -0.0078125 0.0011718749999999993 -0.008984375000000001 -0.008984375 0.001171875000000001 0.0 12.48046875 0.0 0.0 22.28125 0.0 12.375 0.0 0.0 24.9609375 0.0 12.55078125 0.0 0.0 24.76953125 0.0 12.55078125 0.0 0.0 22.6640625 0.0 5.796661376953125
154509967140 -0.0 -0.0078125 -0.0078125 0.0011718749999999993 -0.008984375000000001 -0.008984375 0.001171875000000001 0.0 12.515625 0.0 0.0 21.8984375 0.0 12.41015625 0.0 0.0 25.34375 0.0 12.5859375 0.0 0.0 24.38671875 0.0 12.48046875 0.0 0.0 22.47265625 0.0 5.8064422607421875
154509967330 -0.0 -0.0078125 -0.0078125 0.0011718749999999993 -0.008984375000000001 -0.008984375 0.001171875000000001 0.0 12.48046875 0.0 0.0 23.046875 0.0 12.41015625 0.0 0.0 24.9609375 0.0 12.55078125 0.0 0.0 24.578125 0.0 12.515625 0.0 0.0 22.85546875 0.0 5.8064422607421875
154509967513 -0.0 -0.0078125 -0.0078125 0.0011718749999999993 -0.008984375000000001 -0.008984375 0.001171875000000001 0.0 12.515625 0.0 0.0 21.515625 0.0 12.41015625 0.0 0.0 24.9609375 0.0 12.55078125 0.0 0.0 24.38671875 0.0 12.515625 0.0 0.0 23.046875 0.0 5.8064422607421875
154509967699 -0.0 -0.0078125 -0.0078125 0.0011718749999999993 -0.008984375000000001 -0.008984375 0.001171875000000001 0.0 12.4453125 0.0 0.0 22.47265625 0.0 12.375 0.0 0.0 24.9609375 0.0 12.515625 0.0 0.0 24.578125 0.0 12.515625 0.0 0.0 22.6640625 0.0 5.8064422607421875
154509967880 -0.0 -0.0078125 -0.0078125 0.0011718749999999993 -0.008984375000000001 -0.008984375 0.001171875000000001 0.0 12.4453125 0.0 0.0 22.6640625 0.0 12.41015625 0.0 0.0 25.34375 0.0 12.515625 0.0 0.0 24.578125 0.0 12.4453125 0.0 0.0 22.08984375 0.0 5.8064422607421875
154509968065 -0.0 -0.0078125 -0.0078125 0.0011718749999999993 -0.008984375000000001 -0.008984375 0.001171875000000001 0.0 12.515625 0.0 0.0 22.85546875 0.0 12.3046875 0.0 0.0 24.578125 0.0 12.48046875 0.0 0.0 24.38671875 0.0 12.4453125 0.0 0.0 22.6640625 0.0 5.8064422607421875
154509968245 -0.0 -0.0078125 -0.0078125 0.0011718749999999993 -0.008984375000000001 -0.008984375 0.001171875000000001 0.0 12.515625 0.0 0.0 22.28125 0.0 12.41015625 0.0 0.0 24.9609375 0.0 12.55078125 0.0 0.0 24.38671875 0.0 12.515625 0.0 0.0 22.85546875 0.0 5.796661376953125
154509968419 -0.0 -0.0078125 -0.0078125 0.0011718749999999993 -0.008984375000000001 -0.008984375 0.001171875000000001 0.0 12.4453125 0.0 0.0 21.70703125 0.0 12.33984375 0.0 0.0 24.1953125 0.0 12.5859375 0.0 0.0 24.38671875 0.0 12.515625 0.0 0.0 22.28125 0.0 5.8064422607421875
154509968599 -0.0 -0.0078125 -0.0078125 0.0011718749999999993 -0.008984375000000001 -0.008984375 0.001171875000000001 0.0 12.4453125 0.0 0.0 22.28125 0.0 12.375 0.0 0.0 25.15234375 0.0 12.48046875 0.0 0.0 24.9609375 0.0 12.48046875 0.0 0.0 22.08984375 0.0 5.8064422607421875
154509968785 -0.0 -0.0078125 -0.0078125 0.0011718749999999993 -0.008984375000000001 -0.008984375 0.001171875000000001 0.0 12.515625 0.0 0.0 22.08984375 0.0 12.375 0.0 0.0 25.15234375 0.0 12.5859375 0.0 0.0 24.38671875 0.0 12.48046875 0.0 0.0 22.08984375 0.0 5.786895751953125
154509968965 -0.0 -0.0078125 -0.0078125 0.0011718749999999993 -0.008984375000000001 -0.008984375 0.001171875000000001 0.0 12.515625 0.0 0.0 22.28125 0.0 12.33984375 0.0 0.0 25.15234375 0.0 12.55078125 0.0 0.0 24.38671875 0.0 12.515625 0.0 0.0 22.47265625 0.0 5.796661376953125
154509969160 -0.0 -0.0078125 -0.0078125 0.0011718749999999993 -0.008984375000000001 -0.008984375 0.001171875000000001 0.0 12.48046875 0.0 0.0 22.85546875 0.0 12.33984375 0.0 0.0 24.578125 0.0 12.48046875 0.0 0.0 24.578125 0.0 12.48046875 0.0 0.0 22.85546875 0.0 5.796661376953125
154509969340 -0.0 -0.0078125 -0.0078125 0.0011718749999999993 -0.008984375000000001 -0.008984375 0.001171875000000001 0.0 12.41015625 0.0 0.0 22.28125 0.0 12.3046875 0.0 0.0 24.578125 0.0 12.55078125 0.0 0.0 24.38671875 0.0 12.48046875 0.0 0.0 22.47265625 0.0 5.796661376953125
154509969519 -0.0 -0.0078125 -0.0078125 0.0011718749999999993 -0.008984375000000001 -0.008984375 0.001171875000000001 0.0 12.48046875 0.0 0.0 21.32421875 0.0 12.41015625 0.0 0.0 24.9609375 0.0 12.55078125 0.0 0.0 24.578125 0.0 12.48046875 0.0 0.0 22.28125 0.0 5.796661376953125
154509969720 -0.0 -0.0078125 -0.0078125 0.0011718749999999993 -0.008984375000000001 -0.008984375 0.001171875000000001 0.0 12.48046875 0.0 0.0 21.8984375 0.0 12.375 0.0 0.0 25.34375 0.0 12.515625 0.0 0.0 24.578125 0.0 12.4453125 0.0 0.0 22.08984375 0.0 5.8064422607421875
154509969899 -0.0 -0.0078125 -0.0078125 0.0011718749999999993 -0.008984375000000001 -0.008984375 0.001171875000000001 0.0 12.4453125 0.0 0.0 23.4296875 0.0 12.3046875 0.0 0.0 24.38671875 0.0 12.55078125 0.0 0.0 24.76953125 0.0 12.48046875 0.0 0.0 22.08984375 0.0 5.8064422607421875
154509970079 -0.0 -0.0078125 -0.0078125 0.0011718749999999993 -0.008984375000000001 -0.008984375 0.001171875000000001 0.0 12.48046875 0.0 0.0 21.8984375 0.0 12.41015625 0.0 0.0 24.9609375 0.0 12.515625 0.0 0.0 24.578125 0.0 12.515625 0.0 0.0 22.28125 0.0 5.8064422607421875
154509970260 -0.0 -0.0078125 -0.0078125 0.0011718749999999993 -0.008984375000000001 -0.008984375 0.001171875000000001 0.0 12.48046875 0.0 0.0 22.85546875 0.0 12.3046875 0.0 0.0 24.38671875 0.0 12.55078125 0.0 0.0 25.15234375 0.0 12.48046875 0.0 0.0 23.046875 0.0 5.796661376953125
154509970431 -0.0 -0.0078125 -0.0078125 0.0011718749999999993 -0.008984375000000001 -0.008984375 0.001171875000000001 0.0 12.48046875 0.0 0.0 21.8984375 0.0 12.375 0.0 0.0 24.9609375 0.0 12.33984375 0.0 0.0 24.578125 0.0 11.77734375 0.0 0.0 22.28125 0.0 5.7771148681640625
S: 154509970327 Fired
154509970607 -0.0 -0.0078125 -0.0078125 0.0011718749999999993 -0.008984375000000001 -0.008984375 0.001171875000000001 0.0 11.53125 0.0 0.0 21.70703125 0.0 11.14453125 0.0 0.0 25.15234375 8.536346435546875 11.6015625 0.0 0.0 24.578125 0.0 11.70703125 0.0 0.0 22.28125 0.0 5.043975830078125
154509970778 -0.0 -0.0078125 -0.0078125 0.0011718749999999993 -0.008984375000000001 -0.008984375 0.001171875000000001 0.0 11.8828125 0.0 0.0 22.47265625 0.0 11.77734375 0.0 0.0 24.76953125 -5.84466552734375 11.42578125 0.0 0.0 24.38671875 0.0 11.7421875 0.0 0.0 22.6640625 0.0 4.3988189697265625
154509970944 -0.0 -0.0078125 -0.0078125 0.0011718749999999993 -0.008984375000000001 -0.008984375 0.001171875000000001 0.0 12.26953125 0.0 0.0 21.70703125 0.0 11.6015625 0.0 0.0 24.38671875 10.883010864257812 12.12890625 0.0 0.0 24.38671875 0.0 12.12890625 0.0 0.0 22.08984375 0.0 5.0244293212890625
154509971121 -0.0 -0.0078125 -0.0078125 0.0011718749999999993 -0.008984375000000001 -0.008984375 0.001171875000000001 0.0 12.33984375 0.0 0.0 22.08984375 0.0 12.26953125 0.0 0.0 24.76953125 3.6213531494140625 12.48046875 0.0 0.0 24.38671875 0.0 12.4453125 0.0 0.0 22.47265625 0.0 5.51318359375
154509971298 -0.0 -0.0078125 -0.0078125 0.0011718749999999993 -0.008984375000000001 -0.008984375 0.001171875000000001 0.0 12.375 0.0 0.0 22.08984375 0.0 12.234375 0.0 0.0 24.38671875 0.0 12.41015625 0.0 0.0 24.76953125 0.0 12.3046875 0.0 0.0 22.08984375 0.0 5.7771148681640625
154509971473 -0.0 -0.0078125 -0.0078125 0.0011718749999999993 -0.008984375000000001 -0.008984375 0.001171875000000001 0.0 12.33984375 0.0 0.0 22.08984375 0.0 12.33984375 0.0 0.0 24.9609375 0.0 12.515625 0.0 0.0 24.578125 0.0 12.375 0.0 0.0 23.23828125 0.0 5.81622314453125
154509971647 -0.0 -0.0078125 -0.0078125 0.0011718749999999993 -0.008984375000000001 -0.008984375 0.001171875000000001 0.0 12.4453125 0.0 0.0 21.32421875 0.0 12.3046875 0.0 0.0 24.1953125 0.0 12.4453125 0.0 0.0 24.9609375 0.0 12.4453125 0.0 0.0 22.28125 0.0 5.8064422607421875
154509971833 -0.0 -0.0078125 -0.0078125 0.0011718749999999993 -0.008984375000000001 -0.008984375 0.001171875000000001 0.0 12.4453125 0.0 0.0 22.6640625 0.0 12.26953125 0.0 0.0 24.9609375 0.0 12.515625 0.0 0.0 24.38671875 0.0 12.4453125 0.0 0.0 21.8984375 0.0 5.796661376953125
154509972013 -0.0 -0.0078125 -0.0078125 0.0011718749999999993 -0.008984375000000001 -0.008984375 0.001171875000000001 0.0 12.41015625 0.0 0.0 22.85546875 0.0 12.33984375 0.0 0.0 24.578125 0.0 12.48046875 0.0 0.0 24.38671875 0.0 12.4453125 0.0 0.0 21.70703125 0.0 5.796661376953125
154509972192 -0.0 -0.0078125 -0.0078125 0.0011718749999999993 -0.008984375000000001 -0.008984375 0.001171875000000001 0.0 12.48046875 0.0 0.0 23.046875 0.0 12.234375 0.0 0.0 24.578125 0.0 12.48046875 0.0 0.0 24.76953125 0.0 12.48046875 0.0 0.0 22.47265625 0.0 5.8064422607421875
154509972382 -0.0 -0.0078125 -0.0078125 0.0011718749999999993 -0.008984375000000001 -0.008984375 0.001171875000000001 0.0 12.375 0.0 0.0 21.70703125 0.0 12.3046875 0.0 0.0 25.15234375 0.0 12.55078125 0.0 0.0 24.76953125 0.0 12.41015625 0.0 0.0 22.47265625 0.0 5.8064422607421875
154509972582 -0.0 -0.0078125 -0.0078125 0.0011718749999999993 -0.008984375000000001 -0.008984375 0.001171875000000001 0.0 12.33984375 0.0 0.0 22.28125 0.0 12.3046875 0.0 0.0 24.76953125 0.0 12.55078125 0.0 0.0 24.1953125 0.0 12.41015625 0.0 0.0 21.70703125 0.0 5.796661376953125
154509972759 -0.0 -0.0078125 -0.0078125 0.0011718749999999993 -0.008984375000000001 -0.008984375 0.001171875000000001 0.0 12.4453125 0.0 0.0 22.47265625 0.0 12.375 0.0 0.0 25.15234375 0.0 12.48046875 0.0 0.0 24.9609375 0.0 12.48046875 0.0 0.0 22.28125 0.0 5.796661376953125
154509972957 -0.0 -0.0078125 -0.0078125 0.0011718749999999993 -0.008984375000000001 -0.008984375 0.001171875000000001 0.0 12.41015625 0.0 0.0 22.47265625 0.0 12.3046875 0.0 0.0 24.9609375 0.0 12.4453125 0.0 0.0 24.00390625 0.0 12.48046875 0.0 0.0 23.23828125 0.0 5.796661376953125
154509973140 -0.0 -0.0078125 -0.0078125 0.0011718749999999993 -0.008984375000000001 -0.008984375 0.001171875000000001 0.0 12.4453125 0.0 0.0 22.08984375 0.0 12.375 0.0 0.0 24.1953125 0.0 12.48046875 0.0 0.0 24.9609375 0.0 12.48046875 0.0 0.0 22.28125 0.0 5.796661376953125
154509973320 -0.0 -0.0078125 -0.0078125 0.0011718749999999993 -0.008984375000000001 -0.008984375 0.001171875000000001 0.0 12.48046875 0.0 0.0 22.28125 0.0 12.3046875 0.0 0.0 24.578125 0.0 12.55078125 0.0 0.0 24.1953125 0.0 12.41015625 0.0 0.0 22.6640625 0.0 5.8064422607421875
154509973505 -0.0 -0.0078125 -0.0078125 0.0011718749999999993 -0.008984375000000001 -0.008984375 0.001171875000000001 0.0 12.41015625 0.0 0.0 21.70703125 0.0 12.375 0.0 0.0 24.578125 0.0 12.4453125 0.0 0.0 24.76953125 0.0 12.48046875 0.0 0.0 22.6640625 0.0 5.796661376953125
154509973687 -0.0 -0.0078125 -0.0078125 0.0011718749999999993 -0.008984375000000001 -0.008984375 0.001171875000000001 0.0 12.41015625 0.0 0.0 22.47265625 0.0 12.33984375 0.0 0.0 26.30078125 0.0 12.515625 0.0 0.0 24.9609375 0.0 12.41015625 0.0 0.0 22.6640625 0.0 5.796661376953125
154509973866 -0.0 -0.0078125 -0.0078125 0.0011718749999999993 -0.008984375000000001 -0.008984375 0.001171875000000001 0.0 12.48046875 0.0 0.0 22.47265625 0.0 12.33984375 0.0 0.0 24.578125 0.0 12.48046875 0.0 0.0 24.76953125 0.0 12.48046875 0.0 0.0 22.85546875 0.0 5.796661376953125
154509974046 -0.0 -0.0078125 -0.0078125 0.0011718749999999993 -0.008984375000000001 -0.008984375 0.001171875000000001 0.0 12.41015625 0.0 0.0 22.6640625 0.0 12.3046875 0.0 0.0 25.15234375 0.0 12.515625 0.0 0.0 24.578125 0.0 12.48046875 0.0 0.0 22.47265625 0.0 5.8064422607421875
154509974233 -0.0 -0.0078125 -0.0078125 0.0011718749999999993 -0.008984375000000001 -0.008984375 0.001171875000000001 0.0 12.4453125 0.0 0.0 22.85546875 0.0 12.33984375 0.0 0.0 24.9609375 0.0 12.4453125 0.0 0.0 24.76953125 0.0 12.69140625 0.0 0.0 22.08984375 0.0 5.796661376953125
154509974420 -0.0 -0.0078125 -0.0078125 0.0011718749999999993 -0.008984375000000001 -0.008984375 0.001171875000000001 0.0 12.69140625 0.0 0.0 22.47265625 0.0 12.5859375 0.0 0.0 25.15234375 0.0 12.76171875 0.0 0.0 24.578125 0.0 12.76171875 0.0 0.0 22.28125 0.0 5.796661376953125
154509974600 -0.0 -0.0078125 -0.0078125 0.0011718749999999993 -0.008984375000000001 -0.008984375 0.001171875000000001 0.0 12.7265625 0.0 0.0 23.4296875 0.0 12.62109375 0.0 0.0 24.00390625 0.0 12.796875 0.0 0.0 24.76953125 0.0 12.7265625 0.0 0.0 22.6640625 0.0 5.796661376953125
154509974779 -0.0 -0.0078125 -0.0078125 0.0011718749999999993 -0.008984375000000001 -0.008984375 0.001171875000000001 0.0 12.7265625 0.0 0.0 21.8984375 0.0 12.62109375 0.0 0.0 24.9609375 0.0 12.796875 0.0 0.0 24.1953125 0.0 12.76171875 0.0 0.0 22.28125 0.0 5.796661376953125
154509974973 -0.0 -0.0078125 -0.0078125 0.0011718749999999993 -0.008984375000000001 -0.008984375 0.001171875000000001 0.0 12.7265625 0.0 0.0 22.28125 0.0 12.62109375 0.0 0.0 24.1953125 0.0 12.796875 0.0 0.0 24.578125 0.0 12.76171875 0.0 0.0 22.85546875 0.0 5.796661376953125
154509975152 -0.0 -0.0078125 -0.0078125 0.0011718749999999993 -0.008984375000000001 -0.008984375 0.001171875000000001 0.0 12.7265625 0.0 0.0 23.23828125 0.0 12.62109375 0.0 0.0 24.76953125 0.0 12.83203125 0.0 0.0 24.578125 0.0 12.76171875 0.0 0.0 22.47265625 0.0 5.8064422607421875
154509975328 -0.0 -0.0078125 -0.0078125 0.0011718749999999993 -0.008984375000000001 -0.008984375 0.001171875000000001 0.0 12.76171875 0.0 0.0 22.08984375 0.0 12.65625 0.0 0.0 24.9609375 0.0 12.83203125 0.0 0.0 25.34375 0.0 12.76171875 0.0 0.0 22.08984375 0.0 5.796661376953125
154509975507 -0.0 -0.0078125 -0.0078125 0.0011718749999999993 -0.008984375000000001 -0.008984375 0.001171875000000001 0.0 12.7265625 0.0 0.0 22.28125 0.0 12.62109375 0.0 0.0 24.76953125 0.0 12.83203125 0.0 0.0 24.38671875 0.0 12.76171875 0.0 0.0 22.47265625 0.0 5.796661376953125
154509975702 -0.0 -0.0078125 -0.0078125 0.0011718749999999993 -0.008984375000000001 -0.008984375 0.001171875000000001 0.0 12.76171875 0.0 0.0 22.47265625 0.0 12.65625 0.0 0.0 25.15234375 0.0 12.83203125 0.0 0.0 24.76953125 0.0 12.76171875 0.0 0.0 22.6640625 0.0 5.796661376953125
154509975881 -0.0 -0.0078125 -0.0078125 0.0011718749999999993 -0.008984375000000001 -0.008984375 0.001171875000000001 0.0 12.76171875 0.0 0.0 22.47265625 0.0 12.65625 0.0 0.0 25.15234375 0.0 12.83203125 0.0 0.0 24.1953125 0.0 12.796875 0.0 0.0 22.6640625 0.0 5.796661376953125
154509976060 -0.0 -0.0078125 -0.0078125 0.0011718749999999993 -0.008984375000000001 -0.008984375 0.001171875000000001 0.0 12.76171875 0.0 0.0 22.47265625 0.0 12.65625 0.0 0.0 24.76953125 0.0 12.8671875 0.0 0.0 24.38671875 0.0 12.796875 0.0 0.0 22.08984375 0.0 5.796661376953125
154509976240 -0.0 -0.0078125 -0.0078125 0.0011718749999999993 -0.008984375000000001 -0.008984375 0.001171875000000001 0.0 12.76171875 0.0 0.0 22.08984375 0.0 12.65625 0.0 0.0 24.9609375 0.0 12.8671875 0.0 0.0 24.9609375 0.0 12.796875 0.0 0.0 21.70703125 0.0 5.796661376953125
154509976419 -0.0 -0.0078125 -0.0078125 0.0011718749999999993 -0.008984375000000001 -0.008984375 0.001171875000000001 0.0 12.796875 0.0 0.0 22.85546875 0.0 12.65625 0.0 0.0 24.9609375 0.0 12.83203125 0.0 0.0 24.578125 0.0 12.796875 0.0 0.0 22.28125 0.0 5.796661376953125
154509976592 -0.0 -0.0078125 -0.0078125 0.0011718749999999993 -0.008984375000000001 -0.008984375 0.001171875000000001 0.0 12.76171875 0.0 0.0 22.85546875 0.0 12.65625 0.0 0.0 24.9609375 0.0 12.83203125 0.0 0.0 24.9609375 0.0 12.796875 0.0 0.0 23.046875 0.0 5.8064422607421875
154509976776 -0.0 -0.0078125 -0.0078125 0.0011718749999999993 -0.008984375000000001 -0.008984375 0.001171875000000001 0.0 12.796875 0.0 0.0 22.6640625 0.0 12.69140625 0.0 0.0 24.9609375 0.0 12.8671875 0.0 0.0 24.9609375 0.0 12.83203125 0.0 0.0 22.6640625 0.0 5.796661376953125
154509976960 -0.0 -0.0078125 -0.0078125 0.0011718749999999993 -0.008984375000000001 -0.008984375 0.001171875000000001 0.0 12.76171875 0.0 0.0 21.8984375 0.0 12.69140625 0.0 0.0 25.34375 0.0 12.83203125 0.0 0.0 24.9609375 0.0 12.796875 0.0 0.0 23.046875 0.0 5.796661376953125
154509977129 -0.0 -0.0078125 -0.0078125 0.0011718749999999993 -0.008984375000000001 -0.008984375 0.001171875000000001 0.0 12.796875 0.0 0.0 23.8125 0.0 12.69140625 0.0 0.0 24.38671875 0.0 12.8671875 0.0 0.0 24.578125 0.0 12.83203125 0.0 0.0 22.6640625 0.0 5.796661376953125
154509977297 -0.0 -0.0078125 -0.0078125 0.0011718749999999993 -0.008984375000000001 -0.008984375 0.001171875000000001 0.0 12.796875 0.0 0.0 22.08984375 0.0 12.69140625 0.0 0.0 25.34375 0.0 12.65625 0.0 0.0 24.578125 0.0 11.91796875 0.0 0.0 22.28125 0.0 5.6793670654296875
S: 154509977191 Fired
154509977465 -0.0 -0.0078125 -0.0078125 0.0011718749999999993 -0.008984375000000001 -0.008984375 0.001171875000000001 0.0 11.42578125 0.0 0.0 22.08984375 0.0 11.35546875 0.0 0.0 24.9609375 9.259857177734375 11.84765625 0.0 0.0 24.38671875 0.0 11.8828125 0.0 0.0 22.85546875 0.0 5.06353759765625
154509977633 -0.0 -0.0078125 -0.0078125 0.0011718749999999993 -0.008984375000000001 -0.008984375 0.001171875000000001 0.0 12.0234375 0.0 0.0 22.08984375 0.0 11.953125 0.0 0.0 24.76953125 -7.7806396484375 11.56640625 0.0 0.0 24.9609375 0.0 9.9140625 0.0 0.0 22.28125 0.0 4.3988189697265625
154509977811 -0.0 -0.0078125 -0.0078125 0.0011718749999999993 -0.008984375000000001 -0.008984375 0.001171875000000001 0.0 12.5859375 0.0 0.0 22.28125 0.0 12.375 0.0 0.0 24.578125 4.7942047119140625 12.1640625 0.0 0.0 24.76953125 0.0 12.375 0.0 0.0 22.85546875 0.0 4.789825439453125
154509977965 -0.0 -0.0078125 -0.0078125 0.0011718749999999993 -0.008984375000000001 -0.008984375 0.001171875000000001 0.0 12.65625 0.0 0.0 22.6640625 0.0 12.55078125 0.0 0.0 24.9609375 3.3641204833984375 12.7265625 0.0 0.0 25.53515625 0.0 12.69140625 0.0 0.0 22.6640625 0.0 5.44476318359375
154509978141 -0.0 -0.0078125 -0.0078125 0.0011718749999999993 -0.008984375000000001 -0.008984375 0.001171875000000001 0.0 12.65625 0.0 0.0 22.08984375 0.0 12.55078125 0.0 0.0 25.7265625 0.0 12.69140625 0.0 0.0 24.578125 0.0 12.62109375 0.0 0.0 22.6640625 0.0 5.7771148681640625
154509978332 -0.0 -0.0078125 -0.0078125 0.0011718749999999993 -0.008984375000000001 -0.008984375 0.001171875000000001 0.0 12.62109375 0.0 0.0 21.1328125 0.0 12.5859375 0.0 0.0 26.4921875 0.0 12.796875 0.0 0.0 24.1953125 0.0 12.76171875 0.0 0.0 22.47265625 0.0 5.82598876953125
154509978502 -0.0 -0.0078125 -0.0078125 0.0011718749999999993 -0.008984375000000001 -0.008984375 0.001171875000000001 0.0 12.7265625 0.0 0.0 22.28125 0.0 12.62109375 0.0 0.0 24.578125 0.0 12.796875 0.0 0.0 24.38671875 0.0 12.76171875 0.0 0.0 22.6640625 0.0 5.8064422607421875
154509978737 -0.0 -0.0078125 -0.0078125 0.0011718749999999993 -0.008984375000000001 -0.008984375 0.001171875000000001 0.0 12.7265625 0.0 0.0 22.47265625 0.0 12.62109375 0.0 0.0 24.1953125 0.0 12.83203125 0.0 0.0 24.9609375 0.0 12.76171875 0.0 0.0 22.6640625 0.0 5.796661376953125
154509978913 -0.0 -0.0078125 -0.0078125 0.0011718749999999993 -0.008984375000000001 -0.008984375 0.001171875000000001 0.0 12.76171875 0.0 0.0 22.28125 0.0 12.62109375 0.0 0.0 25.15234375 0.0 12.796875 0.0 0.0 24.76953125 0.0 12.76171875 0.0 0.0 22.47265625 0.0 5.796661376953125
154509979093 -0.0 -0.0078125 -0.0078125 0.0011718749999999993 -0.008984375000000001 -0.008984375 0.001171875000000001 0.0 12.76171875 0.0 0.0 22.47265625 0.0 12.65625 0.0 0.0 24.1953125 0.0 12.83203125 0.0 0.0 24.76953125 0.0 12.796875 0.0 0.0 21.8984375 0.0 5.796661376953125
154509979273 -0.0 -0.0078125 -0.0078125 0.0011718749999999993 -0.008984375000000001 -0.008984375 0.001171875000000001 0.0 12.76171875 0.0 0.0 22.6640625 0.0 12.65625 0.0 0.0 24.00390625 0.0 12.83203125 0.0 0.0 24.38671875 0.0 12.76171875 0.0 0.0 22.08984375 0.0 5.796661376953125
154509979453 -0.0 -0.0078125 -0.0078125 0.0011718749999999993 -0.008984375000000001 -0.008984375 0.001171875000000001 0.0 12.76171875 0.0 0.0 22.28125 0.0 12.65625 0.0 0.0 24.578125 0.0 12.8671875 0.0 0.0 24.76953125 0.0 12.796875 0.0 0.0 22.6640625 0.0 5.796661376953125
154509979632 -0.0 -0.0078125 -0.0078125 0.0011718749999999993 -0.008984375000000001 -0.008984375 0.001171875000000001 0.0 12.76171875 0.0 0.0 23.046875 0.0 12.65625 0.0 0.0 24.76953125 0.0 12.83203125 0.0 0.0 24.9609375 0.0 12.83203125 0.0 0.0 22.85546875 0.0 5.796661376953125
154509979808 -0.0 -0.0078125 -0.0078125 0.0011718749999999993 -0.008984375000000001 -0.008984375 0.001171875000000001 0.0 12.796875 0.0 0.0 21.8984375 0.0 12.69140625 0.0 0.0 25.15234375 0.0 12.83203125 0.0 0.0 24.38671875 0.0 12.796875 0.0 0.0 22.85546875 0.0 5.796661376953125
154509979993 -0.0 -0.0078125 -0.0078125 0.0011718749999999993 -0.008984375000000001 -0.008984375 0.001171875000000001 0.0 12.76171875 0.0 0.0 21.515625 0.0 12.69140625 0.0 0.0 25.7265625 0.0 12.83203125 0.0 0.0 24.38671875 0.0 12.83203125 0.0 0.0 22.08984375 0.0 5.796661376953125
154509980173 -0.0 -0.0078125 -0.0078125 0.0011718749999999993 -0.008984375000000001 -0.008984375 0.001171875000000001 0.0 12.76171875 0.0 0.0 22.85546875 0.0 12.69140625 0.0 0.0 25.15234375 0.0 12.8671875 0.0 0.0 24.9609375 0.0 12.796875 0.0 0.0 22.6640625 0.0 5.796661376953125
154509980352 -0.0 -0.0078125 -0.0078125 0.0011718749999999993 -0.008984375000000001 -0.008984375 0.001171875000000001 0.0 12.796875 0.0 0.0 22.47265625 0.0 12.69140625 0.0 0.0 24.76953125 0.0 12.8671875 0.0 0.0 24.1953125 0.0 12.796875 0.0 0.0 22.08984375 0.0 5.796661376953125
154509980540 -0.0 -0.0078125 -0.0078125 0.0011718749999999993 -0.008984375000000001 -0.008984375 0.001171875000000001 0.0 12.796875 0.0 0.0 22.6640625 0.0 12.69140625 0.0 0.0 25.53515625 0.0 12.8671875 0.0 0.0 24.76953125 0.0 12.796875 0.0 0.0 22.28125 0.0 5.796661376953125
154509980720 -0.0 -0.0078125 -0.0078125 0.0011718749999999993 -0.008984375000000001 -0.008984375 0.001171875000000001 0.0 12.796875 0.0 0.0 22.85546875 0.0 12.69140625 0.0 0.0 24.9609375 0.0 12.8671875 0.0 0.0 23.8125 0.0 12.83203125 0.0 0.0 21.8984375 0.0 5.796661376953125
154509980900 -0.0 -0.0078125 -0.0078125 0.0011718749999999993 -0.008984375000000001 -0.008984375 0.001171875000000001 0.0 12.796875 0.0 0.0 21.70703125 0.0 12.69140625 0.0 0.0 25.7265625 0.0 12.8671875 0.0 0.0 24.76953125 0.0 12.83203125 0.0 0.0 22.47265625 0.0 5.796661376953125
154509981093 -0.0 -0.0078125 -0.0078125 0.0011718749999999993 -0.008984375000000001 -0.008984375 0.001171875000000001 0.0 12.796875 0.0 0.0 22.6640625 0.0 12.69140625 0.0 0.0 25.15234375 0.0 12.8671875 0.0 0.0 24.76953125 0.0 12.83203125 0.0 0.0 22.6640625 0.0 5.796661376953125
154509981271 -0.0 -0.0078125 -0.0078125 0.0011718749999999993 -0.008984375000000001 -0.008984375 0.001171875000000001 0.0 12.796875 0.0 0.0 23.23828125 0.0 12.69140625 0.0 0.0 24.9609375 0.0 12.8671875 0.0 0.0 24.578125 0.0 12.83203125 0.0 0.0 22.6640625 0.0 5.796661376953125
154509981446 -0.0 -0.0078125 -0.0078125 0.0011718749999999993 -0.008984375000000001 -0.008984375 0.001171875000000001 0.0 12.796875 0.0 0.0 22.85546875 0.0 12.69140625 0.0 0.0 24.9609375 0.0 12.8671875 0.0 0.0 24.38671875 0.0 12.83203125 0.0 0.0 21.8984375 0.0 5.796661376953125
154509981620 -0.0 -0.0078125 -0.0078125 0.0011718749999999993 -0.008984375000000001 -0.008984375 0.001171875000000001 0.0 12.796875 0.0 0.0 21.8984375 0.0 12.69140625 0.0 0.0 24.578125 0.0 12.8671875 0.0 0.0 24.38671875 0.0 12.83203125 0.0 0.0 22.85546875 0.0 5.796661376953125
154509981826 -0.0 -0.0078125 -0.0078125 0.0011718749999999993 -0.008984375000000001 -0.008984375 0.001171875000000001 0.0 12.796875 0.0 0.0 21.8984375 0.0 12.69140625 0.0 0.0 24.578125 0.0 12.8671875 0.0 0.0 24.38671875 0.0 12.83203125 0.0 0.0 23.23828125 0.0 5.8064422607421875
154509982005 -0.0 -0.0078125 -0.0078125 0.0011718749999999993 -0.008984375000000001 -0.008984375 0.001171875000000001 0.0 12.83203125 0.0 0.0 22.47265625 0.0 12.69140625 0.0 0.0 24.76953125 0.0 12.90234375 0.0 0.0 25.15234375 0.0 12.83203125 0.0 0.0 22.47265625 0.0 5.8064422607421875
154509982192 -0.0 -0.0078125 -0.0078125 0.0011718749999999993 -0.008984375000000001 -0.008984375 0.001171875000000001 0.0 12.796875 0.0 0.0 21.70703125 0.0 12.69140625 0.0 0.0 25.91796875 0.0 12.90234375 0.0 0.0 24.38671875 0.0 12.83203125 0.0 0.0 22.47265625 0.0 5.796661376953125
154509982372 -0.0 -0.0078125 -0.0078125 0.0011718749999999993 -0.008984375000000001 -0.008984375 0.001171875000000001 0.0 12.796875 0.0 0.0 22.47265625 0.0 12.7265625 0.0 0.0 25.15234375 0.0 12.90234375 0.0 0.0 24.76953125 0.0 12.83203125 0.0 0.0 23.23828125 0.0 5.786895751953125
154509982552 -0.0 -0.0078125 -0.0078125 0.0011718749999999993 -0.008984375000000001 -0.008984375 0.001171875000000001 0.0 12.796875 0.0 0.0 22.6640625 0.0 12.69140625 0.0 0.0 25.15234375 0.0 12.90234375 0.0 0.0 24.9609375 0.0 12.83203125 0.0 0.0 22.6640625 0.0 5.8064422607421875
154509982743 -0.0 -0.0078125 -0.0078125 0.0011718749999999993 -0.008984375000000001 -0.008984375 0.001171875000000001 0.0 12.796875 0.0 0.0 22.85546875 0.0 12.69140625 0.0 0.0 24.9609375 0.0 12.8671875 0.0 0.0 24.76953125 0.0 12.8671875 0.0 0.0 22.6640625 0.0 5.796661376953125
154509982934 -0.0 -0.0078125 -0.0078125 0.0011718749999999993 -0.008984375000000001 -0.008984375 0.001171875000000001 0.0 12.83203125 0.0 0.0 22.47265625 0.0 12.69140625 0.0 0.0 24.578125 0.0 12.90234375 0.0 0.0 24.9609375 0.0 12.83203125 0.0 0.0 22.85546875 0.0 5.796661376953125
154509983113 -0.0 -0.0078125 -0.0078125 0.0011718749999999993 -0.008984375000000001 -0.008984375 0.001171875000000001 0.0 12.83203125 0.0 0.0 22.08984375 0.0 12.7265625 0.0 0.0 25.7265625 0.0 12.90234375 0.0 0.0 24.578125 0.0 12.83203125 0.0 0.0 22.85546875 0.0 5.796661376953125
154509983293 -0.0 -0.0078125 -0.0078125 0.0011718749999999993 -0.008984375000000001 -0.008984375 0.001171875000000001 0.0 12.83203125 0.0 0.0 23.4296875 0.0 12.7265625 0.0 0.0 25.53515625 0.0 12.8671875 0.0 0.0 24.9609375 0.0 12.83203125 0.0 0.0 22.6640625 0.0 5.796661376953125
154509983473 -0.0 -0.0078125 -0.0078125 0.0011718749999999993 -0.008984375000000001 -0.008984375 0.001171875000000001 0.0 12.83203125 0.0 0.0 22.47265625 0.0 12.7265625 0.0 0.0 24.76953125 0.0 12.8671875 0.0 0.0 24.76953125 0.0 12.83203125 0.0 0.0 21.8984375 0.0 5.796661376953125
154509983659 -0.0 -0.0078125 -0.0078125 0.0011718749999999993 -0.008984375000000001 -0.008984375 0.001171875000000001 0.0 12.83203125 0.0 0.0 22.6640625 0.0 12.7265625 0.0 0.0 25.34375 0.0 12.90234375 0.0 0.0 24.76953125 0.0 12.8671875 0.0 0.0 22.47265625 0.0 5.8064422607421875
154509983839 -0.0 -0.0078125 -0.0078125 0.0011718749999999993 -0.008984375000000001 -0.008984375 0.001171875000000001 0.0 12.83203125 0.0 0.0 22.08984375 0.0 12.7265625 0.0 0.0 26.30078125 0.0 12.90234375 0.0 0.0 25.15234375 0.0 12.83203125 0.0 0.0 22.28125 0.0 5.796661376953125
154509984019 -0.0 -0.0078125 -0.0078125 0.0011718749999999993 -0.008984375000000001 -0.008984375 0.001171875000000001 0.0 12.83203125 0.0 0.0 22.28125 0.0 12.7265625 0.0 0.0 25.53515625 0.0 12.90234375 0.0 0.0 24.38671875 0.0 12.83203125 0.0 0.0 22.6640625 0.0 5.8064422607421875
154509984199 -0.0 -0.0078125 -0.0078125 0.0011718749999999993 -0.008984375000000001 -0.008984375 0.001171875000000001 0.0 12.83203125 0.0 0.0 22.28125 0.0 12.7265625 0.0 0.0 24.578125 0.0 12.90234375 0.0 0.0 24.578125 0.0 12.83203125 0.0 0.0 22.85546875 0.0 5.796661376953125
154509984379 -0.0 -0.0078125 -0.0078125 0.0011718749999999993 -0.008984375000000001 -0.008984375 0.001171875000000001 0.0 12.83203125 0.0 0.0 22.47265625 0.0 12.7265625 0.0 0.0 25.15234375 0.0 12.90234375 0.0 0.0 24.38671875 0.0 12.8671875 0.0 0.0 22.6640625 0.0 5.796661376953125
154509984559 -0.0 -0.0078125 -0.0078125 0.0011718749999999993 -0.008984375000000001 -0.008984375 0.001171875000000001 0.0 12.83203125 0.0 0.0 23.046875 0.0 12.7265625 0.0 0.0 25.34375 0.0 12.90234375 0.0 0.0 24.578125 0.0 12.8671875 0.0 0.0 23.046875 0.0 5.796661376953125
154509984726 -0.0 -0.0078125 -0.0078125 0.0011718749999999993 -0.008984375000000001 -0.008984375 0.001171875000000001 0.0 12.83203125 0.0 0.0 22.08984375 0.0 12.7265625 0.0 0.0 24.76953125 0.0 12.90234375 0.0 0.0 24.578125 0.0 12.8671875 0.0 0.0 22.85546875 0.0 5.796661376953125
