Timestamp Driver_Joy_Y Driver_Joy_X Driver_Joy_W FL_Out BL_Out BR_Out FR_Out FL_Jag_Speed FL_Bus_Voltage FL_Out_Voltage FL_Out_Current FL_Temp BL_Jag_Speed BL_Bus_Voltage BL_Out_Voltage BL_Out_Current BL_Temp BR_Jag_Speed BR_Bus_Voltage BR_Out_Voltage BR_Out_Current BR_Temp FR_Jag_Speed FR_Bus_Voltage FR_Out_Voltage FR_Out_Current FR_Temp
154512697196 0.0078125 0.0 -0.0078125 0.0 0.0 -0.0 -0.0 0.0 12.375 0.0 0.0 26.30078125 0.0 11.56640625 0.0 0.0 28.0234375 0.0 11.7421875 0.0 0.0 29.36328125 0.0 11.42578125 0.0 0.0 26.109375 0.0 5.5522918701171875
154512697373 0.0078125 0.0 -0.0078125 -0.008984375000000001 -0.008984375 0.001171875000000001 0.0011718749999999993 0.0 11.14453125 0.0 0.0 25.53515625 0.0 11.14453125 0.0 0.0 29.171875 -4.40289306640625 11.84765625 0.0 0.0 29.5546875 0.0 12.09375 0.0 0.0 26.30078125 0.0 5.3665618896484375
154512697559 0.0078125 0.0 -0.0078125 -0.008984375000000001 -0.008984375 0.001171875000000001 0.0011718749999999993 0.0 12.0234375 0.0 0.0 27.640625 0.0 11.98828125 0.0 0.0 28.59765625 0.0 12.234375 0.0 0.0 29.36328125 0.0 12.234375 0.0 0.0 26.30078125 0.0 5.669586181640625
154512697737 0.0078125 0.0 -0.0078125 -0.008984375000000001 -0.008984375 0.001171875000000001 0.0011718749999999993 0.0 12.1640625 0.0 0.0 26.4921875 0.0 12.09375 0.0 0.0 28.7890625 0.0 12.1640625 0.0 0.0 29.36328125 0.0 11.98828125 0.0 0.0 25.91796875 0.0 5.8944244384765625
154512697925 0.0078125 0.0 -0.0078125 -0.008984375000000001 -0.008984375 0.001171875000000001 0.0011718749999999993 0.0 12.0234375 0.0 0.0 26.68359375 0.0 11.84765625 0.0 0.0 29.36328125 0.0 11.953125 0.0 0.0 29.36328125 0.0 11.91796875 0.0 0.0 26.875 0.0 5.8944244384765625
154512698107 0.0078125 0.0 -0.0078125 -0.008984375000000001 -0.008984375 0.001171875000000001 0.0011718749999999993 0.0 11.98828125 0.0 0.0 25.15234375 0.0 11.8125 0.0 0.0 29.74609375 0.0 12.0234375 0.0 0.0 29.171875 0.0 11.98828125 0.0 0.0 26.4921875 0.0 5.8944244384765625
154512698286 0.0078125 0.0 -0.0078125 -0.008984375000000001 -0.008984375 0.001171875000000001 0.0011718749999999993 0.0 11.91796875 0.0 0.0 27.06640625 0.0 11.8828125 0.0 0.0 28.21484375 -2.50653076171875 11.98828125 0.0 0.0 29.171875 0.0 11.8828125 0.0 0.0 26.4921875 0.0 5.9041900634765625
154512698473 0.0078125 0.0 -0.0078125 -0.008984375000000001 -0.008984375 0.001171875000000001 0.0011718749999999993 0.0 11.91796875 0.0 0.0 25.91796875 0.0 11.8828125 0.0 0.0 28.59765625 9.638259887695312 12.0234375 0.0 0.0 29.171875 0.0 11.98828125 0.0 0.0 26.109375 0.0 5.8944244384765625
154512698658 0.0078125 0.0 -0.0078125 -0.008984375000000001 -0.008984375 0.001171875000000001 0.0011718749999999993 0.0 12.09375 0.0 0.0 27.2578125 0.0 11.98828125 0.0 0.0 29.5546875 0.0 12.05859375 0.0 0.0 28.98046875 0.0 11.98828125 0.0 0.0 26.109375 0.0 5.8944244384765625
154512698839 0.0078125 0.0 -0.0078125 -0.008984375000000001 -0.008984375 0.001171875000000001 0.0011718749999999993 0.0 12.05859375 0.0 0.0 26.30078125 0.0 11.98828125 0.0 0.0 28.98046875 2.4037017822265625 12.1640625 0.0 0.0 29.36328125 0.0 12.0234375 0.0 0.0 25.91796875 0.0 5.8944244384765625
154512699041 0.0078125 0.0 -0.0078125 -0.008984375000000001 -0.008984375 0.001171875000000001 0.0011718749999999993 0.0 12.05859375 0.0 0.0 26.30078125 0.0 11.98828125 0.0 0.0 28.59765625 6.0804901123046875 12.1640625 0.0 0.0 29.171875 0.0 12.0234375 0.0 0.0 26.109375 0.0 5.8944244384765625
154512699219 0.0078125 0.0 -0.0078125 -0.008984375000000001 -0.008984375 0.001171875000000001 0.0011718749999999993 0.0 12.0234375 0.0 0.0 26.30078125 0.0 11.953125 0.0 0.0 29.171875 -3.218902587890625 12.1640625 0.0 0.0 29.36328125 0.0 12.09375 0.0 0.0 25.7265625 0.0 5.8846435546875
154512699390 0.0078125 0.0 -0.0078125 -0.008984375000000001 -0.008984375 0.001171875000000001 0.0011718749999999993 0.0 11.98828125 0.0 0.0 26.4921875 0.0 11.953125 0.0 0.0 28.98046875 0.0 12.1640625 0.0 0.0 29.5546875 0.0 12.05859375 0.0 0.0 26.68359375 0.0 5.8944244384765625
154512699573 0.0078125 0.0 -0.0078125 -0.008984375000000001 -0.008984375 0.001171875000000001 0.0011718749999999993 0.0 12.09375 0.0 0.0 27.640625 0.0 11.8828125 0.0 0.0 28.59765625 0.0 12.12890625 0.0 0.0 29.171875 0.0 12.05859375 0.0 0.0 26.109375 0.0 5.8846435546875
154512699758 0.0078125 0.0 -0.0078125 -0.008984375000000001 -0.008984375 0.001171875000000001 0.0011718749999999993 0.0 12.12890625 0.0 0.0 26.875 0.0 11.91796875 0.0 0.0 29.36328125 0.0 12.09375 0.0 0.0 29.5546875 0.0 12.09375 0.0 0.0 26.109375 0.0 5.8944244384765625
154512699938 0.0078125 0.0 -0.0078125 -0.008984375000000001 -0.008984375 0.001171875000000001 0.0011718749999999993 0.0 12.09375 0.0 0.0 25.91796875 0.0 11.98828125 0.0 0.0 28.59765625 0.0 12.09375 0.0 0.0 28.7890625 0.0 12.0234375 0.0 0.0 25.91796875 0.0 5.8944244384765625
154512700112 0.0078125 0.0 -0.0078125 -0.008984375000000001 -0.008984375 0.001171875000000001 0.0011718749999999993 0.0 12.05859375 0.0 0.0 26.109375 0.0 11.953125 0.0 0.0 28.98046875 0.0 12.1640625 0.0 0.0 29.36328125 0.0 12.0234375 0.0 0.0 26.109375 0.0 5.8748626708984375
154512700299 0.0078125 0.0 -0.0078125 -0.008984375000000001 -0.008984375 0.001171875000000001 0.0011718749999999993 0.0 12.05859375 0.0 0.0 26.30078125 0.0 11.953125 0.0 0.0 29.171875 0.0 12.1640625 0.0 0.0 29.171875 0.0 12.09375 0.0 0.0 25.53515625 0.0 5.8846435546875
154512700480 0.0078125 0.0 -0.0078125 -0.008984375000000001 -0.008984375 0.001171875000000001 0.0011718749999999993 0.0 11.98828125 0.0 0.0 25.91796875 0.0 12.05859375 0.0 0.0 28.59765625 0.0 12.3046875 0.0 0.0 29.171875 0.0 12.26953125 0.0 0.0 26.30078125 0.0 5.8357696533203125
154512700653 0.0078125 0.0 -0.0078125 -0.008984375000000001 -0.008984375 0.001171875000000001 0.0011718749999999993 0.0 12.1640625 0.0 0.0 26.4921875 0.0 12.09375 0.0 0.0 29.74609375 0.0 12.33984375 0.0 0.0 28.7890625 0.0 12.3046875 0.0 0.0 25.91796875 0.0 5.82598876953125
154512700847 0.0078125 0.0 -0.0078125 -0.008984375000000001 -0.008984375 0.001171875000000001 0.0011718749999999993 0.0 12.19921875 0.0 0.0 26.109375 0.0 12.12890625 0.0 0.0 28.59765625 0.0 12.3046875 0.0 0.0 29.171875 0.0 12.26953125 0.0 0.0 26.109375 0.0 5.8064422607421875
154512701051 0.0078125 0.0 -0.0078125 -0.008984375000000001 -0.008984375 0.001171875000000001 0.0011718749999999993 0.0 12.234375 0.0 0.0 25.91796875 0.0 12.12890625 0.0 0.0 28.7890625 0.0 12.33984375 0.0 0.0 29.5546875 0.0 12.3046875 0.0 0.0 26.30078125 0.0 5.8064422607421875
154512701232 0.0078125 0.0 -0.0078125 -0.008984375000000001 -0.008984375 0.001171875000000001 0.0011718749999999993 0.0 12.19921875 0.0 0.0 26.68359375 0.0 12.09375 0.0 0.0 28.59765625 0.0 12.3046875 0.0 0.0 29.5546875 0.0 12.234375 0.0 0.0 26.4921875 0.0 5.8064422607421875
154512701412 0.0078125 0.0 -0.0078125 -0.008984375000000001 -0.008984375 0.001171875000000001 0.0011718749999999993 0.0 12.26953125 0.0 0.0 26.4921875 0.0 12.1640625 0.0 0.0 28.59765625 0.0 12.3046875 0.0 0.0 29.36328125 0.0 12.26953125 0.0 0.0 26.109375 0.0 5.81622314453125
154512701600 0.0078125 0.0 -0.0078125 -0.008984375000000001 -0.008984375 0.001171875000000001 0.0011718749999999993 0.0 12.234375 0.0 0.0 26.875 0.0 12.09375 0.0 0.0 28.40625 0.0 12.26953125 0.0 0.0 29.5546875 0.0 12.3046875 0.0 0.0 26.68359375 0.0 5.81622314453125
154512701773 0.0078125 0.0 -0.0078125 -0.008984375000000001 -0.008984375 0.001171875000000001 0.0011718749999999993 0.0 12.19921875 0.0 0.0 26.4921875 0.0 12.09375 0.0 0.0 28.98046875 0.0 12.33984375 0.0 0.0 29.171875 0.0 12.26953125 0.0 0.0 26.30078125 0.0 5.81622314453125
154512701954 0.0078125 0.0 -0.0078125 -0.008984375000000001 -0.008984375 0.001171875000000001 0.0011718749999999993 0.0 12.1640625 0.0 0.0 27.2578125 0.0 12.09375 0.0 0.0 28.40625 0.0 12.33984375 0.0 0.0 29.36328125 0.0 12.3046875 0.0 0.0 25.7265625 0.0 5.81622314453125
154512702145 0.0078125 0.0 -0.0078125 -0.008984375000000001 -0.008984375 0.001171875000000001 0.0011718749999999993 0.0 12.19921875 0.0 0.0 26.4921875 0.0 12.12890625 0.0 0.0 28.98046875 0.0 12.234375 0.0 0.0 29.74609375 0.0 12.26953125 0.0 0.0 26.30078125 0.0 5.8064422607421875
154512702326 0.0078125 0.0 -0.0078125 -0.008984375000000001 -0.008984375 0.001171875000000001 0.0011718749999999993 0.0 12.26953125 0.0 0.0 26.68359375 0.0 12.12890625 0.0 0.0 29.171875 0.0 12.3046875 0.0 0.0 28.98046875 0.0 12.3046875 0.0 0.0 25.91796875 0.0 5.8064422607421875
154512702506 0.0078125 0.0 -0.0078125 -0.008984375000000001 -0.008984375 0.001171875000000001 0.0011718749999999993 0.0 12.26953125 0.0 0.0 26.875 0.0 12.09375 0.0 0.0 29.5546875 0.0 12.33984375 0.0 0.0 29.171875 0.0 12.3046875 0.0 0.0 26.4921875 0.0 5.82598876953125
154512702686 0.0078125 0.0 -0.0078125 -0.008984375000000001 -0.008984375 0.001171875000000001 0.0011718749999999993 0.0 12.234375 0.0 0.0 25.91796875 0.0 12.09375 0.0 0.0 29.74609375 0.0 12.33984375 0.0 0.0 29.171875 0.0 12.26953125 0.0 0.0 26.68359375 0.0 5.81622314453125
154512702879 0.0078125 0.0 -0.0078125 -0.008984375000000001 -0.008984375 0.001171875000000001 0.0011718749999999993 0.0 12.1640625 0.0 0.0 26.4921875 0.0 12.12890625 0.0 0.0 28.0234375 0.0 12.3046875 0.0 0.0 29.5546875 0.0 12.26953125 0.0 0.0 26.30078125 0.0 5.81622314453125
154512703058 0.0078125 0.0 -0.0078125 -0.008984375000000001 -0.008984375 0.001171875000000001 0.0011718749999999993 0.0 12.26953125 0.0 0.0 26.4921875 0.0 12.09375 0.0 0.0 28.59765625 0.0 12.3046875 0.0 0.0 29.171875 0.0 12.26953125 0.0 0.0 26.30078125 0.0 5.81622314453125
154512703241 0.0078125 0.0 -0.0078125 -0.008984375000000001 -0.008984375 0.001171875000000001 0.0011718749999999993 0.0 12.234375 0.0 0.0 26.30078125 0.0 12.12890625 0.0 0.0 28.98046875 0.0 12.33984375 0.0 0.0 29.5546875 0.0 12.234375 0.0 0.0 26.109375 0.0 5.8064422607421875
154512703419 0.0078125 0.0 -0.0078125 -0.008984375000000001 -0.008984375 0.001171875000000001 0.0011718749999999993 0.0 12.19921875 0.0 0.0 26.4921875 0.0 12.12890625 0.0 0.0 28.98046875 0.0 12.33984375 0.0 0.0 29.171875 0.0 12.26953125 0.0 0.0 25.7265625 0.0 5.8064422607421875
154512703591 0.0078125 0.0 -0.0078125 -0.008984375000000001 -0.008984375 0.001171875000000001 0.0011718749999999993 0.0 12.234375 0.0 0.0 26.109375 0.0 12.1640625 0.0 0.0 29.36328125 0.0 12.33984375 0.0 0.0 29.5546875 0.0 12.3046875 0.0 0.0 26.4921875 0.0 5.81622314453125
154512703775 0.0078125 0.0 -0.0078125 -0.008984375000000001 -0.008984375 0.001171875000000001 0.0011718749999999993 0.0 12.234375 0.0 0.0 27.06640625 0.0 12.1640625 0.0 0.0 29.171875 0.0 12.33984375 0.0 0.0 29.5546875 0.0 12.19921875 0.0 0.0 26.30078125 0.0 5.8064422607421875
154512703970 0.0078125 0.0 -0.0078125 -0.008984375000000001 -0.008984375 0.001171875000000001 0.0011718749999999993 0.0 12.234375 0.0 0.0 26.875 0.0 12.1640625 0.0 0.0 29.74609375 0.0 12.26953125 0.0 0.0 28.98046875 0.0 12.19921875 0.0 0.0 26.30078125 0.0 5.8064422607421875
154512704160 0.0078125 0.0 -0.0078125 -0.008984375000000001 -0.008984375 0.001171875000000001 0.0011718749999999993 0.0 12.26953125 0.0 0.0 26.109375 0.0 12.09375 0.0 0.0 29.74609375 0.0 12.3046875 0.0 0.0 29.5546875 0.0 12.26953125 0.0 0.0 26.30078125 0.0 5.81622314453125
154512704332 0.0078125 0.0 -0.0078125 -0.008984375000000001 -0.008984375 0.001171875000000001 0.0011718749999999993 0.0 12.3046875 0.0 0.0 26.68359375 0.0 12.09375 0.0 0.0 29.171875 0.0 12.3046875 0.0 0.0 28.98046875 0.0 12.234375 0.0 0.0 26.30078125 0.0 5.81622314453125
154512704519 0.0078125 0.0 -0.0078125 -0.008984375000000001 -0.008984375 0.001171875000000001 0.0011718749999999993 0.0 12.26953125 0.0 0.0 27.06640625 0.0 12.12890625 0.0 0.0 28.98046875 0.0 12.3046875 0.0 0.0 29.74609375 0.0 12.26953125 0.0 0.0 25.91796875 0.0 5.81622314453125
154512704702 0.0078125 0.0 -0.0078125 -0.008984375000000001 -0.008984375 0.001171875000000001 0.0011718749999999993 0.0 12.19921875 0.0 0.0 26.68359375 0.0 12.12890625 0.0 0.0 29.171875 0.0 12.33984375 0.0 0.0 29.36328125 0.0 12.26953125 0.0 0.0 26.68359375 0.0 5.81622314453125
154512704886 0.0078125 0.0 -0.0078125 -0.008984375000000001 -0.008984375 0.001171875000000001 0.0011718749999999993 0.0 12.234375 0.0 0.0 26.68359375 0.0 12.1640625 0.0 0.0 29.171875 0.0 12.26953125 0.0 0.0 29.5546875 0.0 12.26953125 0.0 0.0 26.30078125 0.0 5.81622314453125
154512705065 0.0078125 0.0 -0.0078125 -0.008984375000000001 -0.008984375 0.001171875000000001 0.0011718749999999993 0.0 12.26953125 0.0 0.0 28.21484375 0.0 12.09375 0.0 0.0 28.59765625 0.0 12.3046875 0.0 0.0 29.5546875 0.0 12.26953125 0.0 0.0 26.30078125 0.0 5.81622314453125
154512705244 0.0078125 0.0 -0.0078125 -0.008984375000000001 -0.008984375 0.001171875000000001 0.0011718749999999993 0.0 12.19921875 0.0 0.0 27.2578125 0.0 12.12890625 0.0 0.0 29.36328125 0.0 12.33984375 0.0 0.0 29.36328125 0.0 12.26953125 0.0 0.0 26.4921875 0.0 5.81622314453125
154512705424 0.0078125 0.0 -0.0078125 -0.008984375000000001 -0.008984375 0.001171875000000001 0.0011718749999999993 0.0 12.19921875 0.0 0.0 26.4921875 0.0 12.12890625 0.0 0.0 28.98046875 0.0 12.33984375 0.0 0.0 29.171875 0.0 12.26953125 0.0 0.0 26.4921875 0.0 5.81622314453125
154512705607 0.0078125 0.0 -0.0078125 -0.008984375000000001 -0.008984375 0.001171875000000001 0.0011718749999999993 0.0 12.234375 0.0 0.0 26.30078125 0.0 12.12890625 0.0 0.0 29.171875 0.0 12.33984375 0.0 0.0 29.5546875 0.0 12.234375 0.0 0.0 26.109375 0.0 5.81622314453125
154512705779 0.0078125 0.0 -0.0078125 -0.008984375000000001 -0.008984375 0.001171875000000001 0.0011718749999999993 0.0 12.19921875 0.0 0.0 26.30078125 0.0 12.1640625 0.0 0.0 29.171875 0.0 12.3046875 0.0 0.0 29.171875 0.0 12.234375 0.0 0.0 26.875 0.0 5.8064422607421875
154512705958 0.0078125 0.0 -0.0078125 -0.008984375000000001 -0.008984375 0.001171875000000001 0.0011718749999999993 0.0 12.234375 0.0 0.0 25.91796875 0.0 12.09375 0.0 0.0 29.5546875 0.0 12.3046875 0.0 0.0 29.5546875 0.0 12.26953125 0.0 0.0 26.68359375 0.0 5.8064422607421875
154512706138 0.0078125 0.0 -0.0078125 0.0011718750000000002 0.0011718750000000002 -0.008984375 -0.008984375 0.0 12.234375 0.0 0.0 26.875 0.0 12.05859375 0.0 0.0 28.98046875 0.0 12.3046875 0.0 0.0 29.5546875 0.0 12.3046875 0.0 0.0 26.109375 0.0 5.8064422607421875
154512706313 0.0078125 0.0 -0.0078125 0.0011718750000000002 0.0011718750000000002 -0.008984375 -0.008984375 0.0 12.1640625 0.0 0.0 26.109375 0.0 12.12890625 0.0 0.0 29.171875 0.0 12.26953125 0.0 0.0 29.171875 0.0 12.234375 0.0 0.0 26.30078125 0.0 5.81622314453125
154512706498 0.21875 0.05511811023622047 -0.0078125 0.12332677165354333 0.0516732283464567 -0.13113927165354333 -0.0594857283464567 0.0 12.12890625 1.484375 11.234375 26.68359375 0.0 12.05859375 0.0 0.0 29.36328125 -4.475860595703125 12.05859375 -1.5703125 12.15234375 29.36328125 0.0 12.19921875 0.0 0.0 26.875 0.0 5.8064422607421875
154512706686 0.234375 0.07086614173228346 -0.0078125 0.18434424212598424 0.09221825787401575 -0.19215674212598424 -0.10003075787401575 0.0 11.91796875 2.203125 12.8125 25.7265625 0.0 11.7421875 1.078125 5.58984375 29.5546875 -13.0767822265625 11.91796875 -2.27734375 13.07421875 29.36328125 0.0 12.09375 -1.20703125 5.1953125 26.875 0.0 5.8064422607421875
154512706870 0.234375 0.07086614173228346 -0.0078125 0.19450049212598425 0.10237450787401575 -0.20231299212598425 -0.11018700787401575 0.0 11.98828125 2.31640625 12.28515625 26.30078125 0.0 11.8125 1.20703125 1.38671875 28.7890625 -33.15087890625 11.953125 -2.42578125 11.62890625 29.36328125 0.0 12.1640625 -1.3359375 1.51953125 25.7265625 0.0 5.8064422607421875
154512707065 0.296875 0.07086614173228346 -0.0234375 0.19450049212598425 0.10237450787401575 -0.20231299212598425 -0.11018700787401575 0.0 12.05859375 2.328125 8.08203125 26.68359375 0.0 12.09375 1.2109375 0.0 28.98046875 -64.8265380859375 12.0234375 -2.44921875 8.34765625 29.5546875 0.0 12.05859375 -1.33984375 0.0 26.68359375 0.0 5.796661376953125
154512707251 0.3125 0.07086614173228346 -0.0234375 0.23746924212598425 0.14534325787401575 -0.26090674212598425 -0.16878075787401575 0.0 11.84765625 2.8203125 12.41796875 26.4921875 0.0 11.7421875 1.69921875 3.35546875 29.171875 -64.83529663085938 11.91796875 -3.109375 11.10546875 28.7890625 0.0 11.91796875 -2.01953125 9.52734375 26.30078125 0.0 5.8064422607421875
S: 154512707133 Toggled Solenoid
154512707436 0.34375 0.07086614173228346 -0.0234375 0.23746924212598425 0.14534325787401575 -0.26090674212598425 -0.16878075787401575 -61.07452392578125 11.98828125 2.828125 10.18359375 26.109375 0.0 11.77734375 1.69921875 2.69921875 29.171875 -78.70143127441406 11.98828125 -3.1484375 8.21484375 29.5546875 0.0 12.0234375 -2.04296875 3.8828125 26.109375 0.0 5.8064422607421875
154512707619 0.359375 0.07086614173228346 -0.0234375 0.25778174212598426 0.16565575787401576 -0.28121924212598426 -0.18909325787401576 -28.811737060546875 11.8828125 3.04296875 11.76171875 25.34375 0.0 11.671875 1.94140625 3.2265625 30.12890625 -108.41944885253906 11.91796875 -3.32421875 14.51953125 29.171875 0.0 12.0234375 -2.27734375 4.40625 26.30078125 0.0 5.8064422607421875
154512707793 0.4375 0.07086614173228346 -0.0234375 0.27809424212598427 0.18596825787401577 -0.30153174212598427 -0.20940575787401577 -21.043624877929688 11.84765625 3.3203125 7.8203125 26.109375 0.0 11.7421875 2.140625 4.01171875 28.7890625 -94.03927612304688 11.8828125 -3.57421875 9.3984375 29.36328125 0.0 11.98828125 -2.4765625 4.93359375 25.7265625 0.0 5.81622314453125
154512707979 0.4375 0.07086614173228346 -0.0234375 0.31871924212598424 0.22659325787401574 -0.34215674212598424 -0.25003075787401574 -4.99639892578125 11.70703125 3.6953125 15.17578125 25.91796875 0.0 11.6015625 2.640625 4.01171875 28.7890625 -95.67947387695312 11.7421875 -4.0546875 10.31640625 29.5546875 0.0 11.953125 -2.98046875 5.1953125 26.109375 0.0 5.8064422607421875
154512708162 0.46875 0.09448818897637795 -0.0234375 0.32887549212598427 0.23674950787401577 -0.35231299212598427 -0.2601870078740158 8.070541381835938 11.91796875 3.859375 13.46875 25.34375 0.0 11.49609375 2.74609375 3.75 29.171875 -125.78204345703125 11.671875 -4.125 13.07421875 29.5546875 0.0 11.953125 -3.12109375 4.40625 26.4921875 0.0 5.8064422607421875
154512708339 0.484375 0.13385826771653545 -0.0234375 0.37477854330708665 0.2314714566929134 -0.39821604330708665 -0.2549089566929134 0.0 11.671875 4.38671875 10.83984375 26.68359375 0.0 11.6015625 2.67578125 1.38671875 29.171875 -164.60198974609375 11.91796875 -4.69140625 12.546875 29.36328125 0.0 11.98828125 -3.0390625 2.83203125 26.30078125 0.0 5.81622314453125
154512708525 0.484375 0.13385826771653545 -0.0390625 0.3823203740157481 0.20830462598425198 -0.4213828740157481 -0.24736712598425198 -26.707275390625 11.7421875 4.48828125 10.4453125 27.44921875 0.0 11.77734375 2.47265625 0.0 28.98046875 -167.15274047851562 11.77734375 -4.96484375 10.18359375 28.98046875 0.0 12.09375 -2.9765625 3.35546875 26.30078125 0.0 5.8064422607421875
154512708715 0.484375 0.13385826771653545 -0.0390625 0.3823203740157481 0.20830462598425198 -0.4213828740157481 -0.24736712598425198 -104.51254272460938 11.671875 4.48828125 9.52734375 26.4921875 0.0 11.671875 2.48046875 0.0 28.21484375 -148.14242553710938 11.7421875 -4.96484375 11.234375 29.171875 0.0 11.91796875 -2.94921875 1.78125 26.109375 0.0 5.8064422607421875
154512708898 0.484375 0.13385826771653545 -0.0390625 0.3823203740157481 0.20830462598425198 -0.4213828740157481 -0.24736712598425198 6.3219757080078125 11.77734375 4.52734375 8.21484375 25.7265625 0.0 11.91796875 2.48046875 0.0 29.171875 -170.10719299316406 11.77734375 -4.96484375 11.62890625 29.171875 0.0 12.0234375 -2.95703125 1.25390625 26.30078125 0.0 5.8064422607421875
154512709088 0.484375 0.13385826771653545 -0.0390625 0.3823203740157481 0.20830462598425198 -0.4213828740157481 -0.24736712598425198 -31.541854858398438 11.8125 4.5 9.265625 25.91796875 0.0 11.7421875 2.46484375 0.0 28.98046875 -164.17271423339844 11.7421875 -4.96484375 12.15234375 29.36328125 0.0 11.98828125 -2.984375 1.91015625 26.30078125 0.0 5.8064422607421875
154512709271 0.484375 0.13385826771653545 -0.0390625 0.3823203740157481 0.20830462598425198 -0.4213828740157481 -0.24736712598425198 0.0 11.7421875 4.5 10.4453125 26.68359375 0.0 11.8125 2.4453125 0.0 28.98046875 -165.9464111328125 11.84765625 -5.0078125 10.578125 28.98046875 0.0 11.98828125 -2.95703125 1.125 25.91796875 0.0 5.81622314453125
154512709464 0.484375 0.13385826771653545 -0.0390625 0.3823203740157481 0.20830462598425198 -0.4213828740157481 -0.24736712598425198 -7.2569427490234375 11.8828125 4.5546875 7.03125 25.91796875 0.0 11.8828125 2.48828125 0.0 29.5546875 -147.43711853027344 11.7421875 -5.0078125 9.66015625 29.171875 0.0 12.0234375 -2.9765625 0.0 26.875 0.0 5.8064422607421875
154512709652 0.484375 0.13385826771653545 -0.0390625 0.3823203740157481 0.20830462598425198 -0.4213828740157481 -0.24736712598425198 -16.230880737304688 11.91796875 4.48828125 7.42578125 25.91796875 0.0 11.84765625 2.48046875 0.0 30.51171875 -149.02203369140625 11.8125 -4.98046875 9.00390625 28.7890625 0.0 11.98828125 -2.984375 0.0 25.91796875 0.0 5.8064422607421875
154512709836 0.484375 0.07086614173228346 -0.0390625 0.3823203740157481 0.20830462598425198 -0.4213828740157481 -0.24736712598425198 -2.4078216552734375 11.8125 4.5390625 10.0546875 26.4921875 0.0 12.0234375 2.47265625 0.0 28.21484375 -202.09461975097656 11.953125 -5.0390625 9.265625 28.7890625 0.0 12.05859375 -2.984375 0.0 25.91796875 0.0 5.8064422607421875
154512710045 0.484375 0.07086614173228346 -0.0390625 0.3413754921259843 0.24924950787401579 -0.3804379921259843 -0.2883120078740158 -7.091278076171875 11.8828125 4.08984375 7.55859375 26.30078125 0.0 11.70703125 2.94140625 0.0 28.7890625 -178.9375457763672 11.953125 -4.53515625 9.52734375 28.98046875 0.0 11.98828125 -3.46875 2.69921875 25.91796875 0.0 5.8064422607421875
154512710232 0.484375 0.07086614173228346 -0.0390625 0.3413754921259843 0.24924950787401579 -0.3804379921259843 -0.2883120078740158 -10.037185668945312 11.91796875 4.04296875 6.375 26.109375 0.0 11.8828125 2.92578125 1.51953125 28.98046875 -139.1505889892578 11.8828125 -4.53515625 10.18359375 28.98046875 0.0 11.953125 -3.4765625 2.69921875 26.30078125 0.0 5.81622314453125
154512710418 0.484375 0.07086614173228346 -0.0390625 0.3413754921259843 0.24924950787401579 -0.3804379921259843 -0.2883120078740158 0.0 11.8828125 4.08984375 8.08203125 25.34375 0.0 11.77734375 2.9140625 1.6484375 28.7890625 -182.11997985839844 11.953125 -4.5234375 11.10546875 29.171875 0.0 12.0234375 -3.46875 3.09375 25.7265625 0.0 5.8064422607421875
154512710606 0.484375 0.07086614173228346 -0.0390625 0.3413754921259843 0.24924950787401579 -0.3804379921259843 -0.2883120078740158 11.191177368164062 11.91796875 4.06640625 5.8515625 25.7265625 0.0 11.77734375 2.94140625 1.51953125 28.40625 -145.8966522216797 11.8828125 -4.57421875 7.69140625 28.98046875 0.0 11.953125 -3.46875 3.09375 26.109375 0.0 5.8064422607421875
154512710798 0.484375 0.07086614173228346 -0.0390625 0.3413754921259843 0.24924950787401579 -0.3804379921259843 -0.2883120078740158 -15.201171875 11.953125 4.04296875 8.21484375 26.109375 0.0 11.77734375 2.94140625 1.38671875 29.171875 -184.83753967285156 11.98828125 -4.55078125 6.5078125 28.98046875 0.0 12.0234375 -3.4765625 3.35546875 26.30078125 0.0 5.8064422607421875
154512710986 0.484375 -0.0390625 -0.0390625 0.33113927165354334 0.2594857283464567 -0.37020177165354334 -0.2985482283464567 -43.8726806640625 11.84765625 3.96875 5.984375 26.4921875 0.0 11.70703125 3.0546875 1.38671875 28.98046875 -148.52633666992188 11.98828125 -4.4140625 7.42578125 29.171875 0.0 12.0234375 -3.61328125 3.75 26.30078125 0.0 5.8064422607421875
154512711158 0.421875 -0.21875 -0.0390625 0.23945312500000004 0.351171875 -0.27851562500000004 -0.390234375 -11.18084716796875 12.0234375 2.88671875 2.04296875 25.91796875 0.0 11.21484375 3.99609375 6.640625 28.7890625 -176.42193603515625 11.98828125 -3.359375 3.35546875 28.98046875 0.0 11.91796875 -4.66796875 7.55859375 26.109375 0.0 5.8064422607421875
154512711334 0.40625 -0.21875 -0.0390625 0.10234375000000004 0.38671875 -0.14140625000000004 -0.42578125 0.0 12.09375 1.2421875 0.0 26.30078125 0.0 11.25 4.30859375 10.7109375 28.40625 -145.85232543945312 12.19921875 -1.7265625 0.0 28.59765625 0.0 11.7421875 -5.0 12.28515625 26.30078125 0.0 5.8064422607421875
154512711518 0.40625 -0.21875 -0.0390625 0.10234375000000004 0.38671875 -0.14140625000000004 -0.42578125 -5.377716064453125 12.09375 1.23828125 0.0 25.34375 0.0 11.42578125 4.484375 13.3359375 28.0234375 -132.59210205078125 12.1640625 -1.72265625 0.0 28.98046875 0.0 11.953125 -5.08984375 9.66015625 26.109375 0.0 5.8064422607421875
154512711706 0.109375 0.1968503937007874 -0.0390625 0.178515625 0.208984375 -0.217578125 -0.248046875 0.0 12.12890625 2.16796875 2.04296875 26.68359375 0.0 12.0234375 2.48046875 0.0 28.7890625 -160.0933837890625 12.234375 -2.6484375 1.91015625 28.98046875 0.0 12.1640625 -3.01171875 3.09375 26.30078125 0.0 5.8064422607421875
154512711885 0.09375 0.6850393700787402 -0.0390625 0.19494955708661418 -0.11213705708661417 -0.23401205708661418 0.07307455708661417 -24.396438598632812 12.05859375 2.36328125 4.01171875 26.4921875 0.0 11.3203125 -1.26953125 25.28515625 28.21484375 -97.46934509277344 11.91796875 -2.69921875 4.40625 29.171875 0.0 11.3203125 0.81640625 0.0 27.44921875 0.0 5.81622314453125
154512712074 0.09375 0.7795275590551181 -0.0390625 0.5480991633858268 -0.4652866633858268 -0.5871616633858268 0.4262241633858268 16.80877685546875 10.72265625 5.953125 19.640625 23.4296875 0.0 10.4765625 -4.828125 29.48828125 28.40625 -198.93280029296875 10.86328125 -6.359375 20.1640625 29.171875 0.0 10.4765625 4.4921875 19.24609375 25.15234375 0.0 5.8064422607421875
154512712258 0.09375 0.5196850393700787 -0.0390625 0.5122723917322836 -0.4294598917322835 -0.5513348917322836 0.3903973917322835 46.25724792480469 10.93359375 5.59765625 19.640625 24.76953125 0.0 10.72265625 -4.47265625 24.49609375 28.98046875 -193.16867065429688 11.35546875 -6.26171875 13.59765625 28.7890625 0.0 10.828125 4.25390625 23.18359375 25.15234375 0.0 5.8064422607421875
154512712440 0.09375 0.1732283464566929 -0.0390625 0.34849286417322833 -0.2656803641732284 -0.38755536417322833 0.22661786417322835 -35.02818298339844 11.70703125 4.08984375 9.1328125 25.7265625 0.0 11.70703125 -3.11328125 12.8125 28.21484375 -157.08090209960938 11.70703125 -4.56640625 12.6796875 29.36328125 0.0 11.6015625 2.625 15.69921875 24.76953125 0.0 5.81622314453125
154512712625 0.0078125 0.0 0.007874015748031496 0.044721948818897635 0.003777066929133859 -0.03684793307086614 0.004096948818897637 -49.37762451171875 12.19921875 0.0 0.0 26.4921875 0.0 12.0234375 0.0 0.0 28.98046875 -78.05194091796875 12.19921875 0.0 0.0 29.5546875 0.0 12.1640625 0.0 0.0 25.91796875 0.0 5.8064422607421875
154512712805 0.0078125 0.0 0.007874015748031496 0.009015132874015747 0.009015132874015747 -0.0011411171259842522 -0.0011411171259842522 -2.6661834716796875 12.1640625 0.0 0.0 26.30078125 0.0 12.0234375 0.0 0.0 28.59765625 -24.018600463867188 12.26953125 0.0 0.0 29.171875 0.0 12.19921875 0.0 0.0 25.53515625 0.0 5.8064422607421875
154512712986 0.0078125 0.0 0.06299212598425197 0.009015132874015747 0.009015132874015747 -0.0011411171259842522 -0.0011411171259842522 -3.105682373046875 12.234375 0.0 0.0 26.68359375 0.0 12.05859375 0.0 0.0 28.7890625 -6.2329254150390625 12.234375 0.0 0.0 28.98046875 0.0 12.19921875 0.0 0.0 25.53515625 0.0 5.8064422607421875
154512713304 0.0078125 0.0 0.7007874015748031 0.10350332185039371 0.10350332185039371 0.0933470718503937 0.0933470718503937 0.0 12.05859375 1.25390625 7.55859375 26.30078125 0.0 11.35546875 1.171875 10.83984375 27.44921875 6.07391357421875 11.70703125 1.0625 9.265625 29.171875 0.0 11.70703125 1.06640625 0.0 26.30078125 0.0 5.8064422607421875
154512713486 0.0078125 0.0 0.4015748031496063 0.394841904527559 0.394841904527559 0.38468565452755904 0.38468565452755904 11.993667602539062 11.07421875 4.41015625 15.83203125 26.109375 0.0 11.953125 4.46875 14.78125 28.0234375 62.60597229003906 10.79296875 4.13671875 17.2734375 28.7890625 0.0 11.35546875 4.296875 16.8828125 25.34375 0.0 5.8064422607421875
154512713666 0.0078125 0.0 1.0 0.36334584153543303 0.36334584153543303 0.35318959153543306 0.35318959153543306 0.0 11.63671875 4.19921875 12.546875 27.06640625 0.0 10.96875 4.03515625 11.890625 28.40625 114.01425170898438 11.25 4.0078125 12.28515625 28.7890625 0.0 11.6015625 4.01953125 13.859375 26.109375 0.0 5.8064422607421875
154512713848 0.0078125 0.0 -0.0078125 0.2688576525590551 0.2688576525590551 0.2587014025590551 0.2587014025590551 -30.130874633789062 11.98828125 3.2109375 4.40625 25.34375 0.0 11.28515625 3.078125 5.71875 29.74609375 103.25077819824219 11.8125 3.08203125 6.11328125 29.171875 0.0 11.7421875 3.0546875 8.34765625 26.109375 0.0 5.8064422607421875
154512714043 0.0078125 0.0 -0.0078125 0.0011718750000000002 0.0011718750000000002 -0.008984375 -0.008984375 0.0 12.1640625 0.0 0.0 25.91796875 0.0 12.0234375 0.0 0.0 28.7890625 20.13116455078125 12.26953125 0.0 0.0 28.98046875 0.0 12.19921875 0.0 0.0 25.91796875 0.0 5.8064422607421875
154512714218 0.0078125 0.0 -0.203125 0.0011718750000000002 0.0011718750000000002 -0.008984375 -0.008984375 0.0 12.19921875 0.0 0.0 25.7265625 0.0 12.0234375 0.0 0.0 28.40625 6.1236572265625 12.234375 0.0 0.0 28.98046875 0.0 12.12890625 0.0 0.0 25.53515625 0.0 5.8064422607421875
154512714400 0.0078125 0.0 -0.7265625 -0.190234375 -0.190234375 -0.200390625 -0.200390625 0.0 11.98828125 -2.2890625 15.04296875 25.91796875 0.0 12.1640625 -2.30859375 11.76171875 29.5546875 -35.17900085449219 12.12890625 -2.4453125 11.234375 29.5546875 0.0 12.12890625 -2.4375 10.97265625 25.91796875 0.0 5.81622314453125
154512714586 0.0078125 0.0 -0.0078125 -0.170703125 -0.170703125 -0.180859375 -0.180859375 0.0 12.1640625 -2.078125 12.6796875 26.109375 0.0 12.234375 -2.08984375 10.4453125 29.36328125 -44.57548522949219 12.33984375 -2.23828125 7.69140625 28.98046875 0.0 12.26953125 -2.2265625 9.3984375 26.109375 0.0 5.8064422607421875
154512714771 0.0078125 0.0 0.0 0.0011718750000000002 0.0011718750000000002 -0.008984375 -0.008984375 0.0 12.48046875 0.0 0.0 26.4921875 0.0 12.375 0.0 0.0 28.98046875 -43.098602294921875 12.55078125 0.0 0.0 29.171875 0.0 12.55078125 0.0 0.0 25.91796875 0.0 5.8064422607421875
154512714943 0.0078125 0.0 -0.3515625 0.005078125 0.005078125 -0.005078125 -0.005078125 0.0 12.515625 0.0 0.0 25.7265625 0.0 12.41015625 0.0 0.0 28.59765625 -17.613296508789062 12.48046875 0.0 0.0 29.36328125 0.0 12.375 0.0 0.0 26.109375 0.0 5.8064422607421875
154512715126 0.0078125 0.0 -0.0078125 -0.225390625 -0.225390625 -0.235546875 -0.235546875 0.0 11.953125 -2.703125 14.91015625 26.30078125 0.0 12.09375 -2.734375 10.7109375 28.40625 -41.86518859863281 12.1640625 -2.8828125 11.62890625 28.7890625 0.0 12.33984375 -2.91796875 7.953125 26.30078125 0.0 5.8064422607421875
154512715307 0.0078125 0.0 0.0 0.005078125 0.005078125 -0.005078125 -0.005078125 0.0 12.48046875 0.0 0.0 26.4921875 0.0 12.375 0.0 0.0 28.7890625 -10.205215454101562 12.5859375 0.0 0.0 29.36328125 0.0 12.515625 0.0 0.0 26.30078125 0.0 5.8064422607421875
154512715486 0.0078125 0.0 0.0 0.005078125 0.005078125 -0.005078125 -0.005078125 0.0 12.515625 0.0 0.0 26.109375 0.0 12.41015625 0.0 0.0 28.98046875 0.0 12.5859375 0.0 0.0 28.59765625 0.0 12.55078125 0.0 0.0 25.91796875 0.0 5.8064422607421875
154512715653 0.0078125 0.0 0.0 0.005078125 0.005078125 -0.005078125 -0.005078125 0.0 12.55078125 0.0 0.0 26.68359375 0.0 12.41015625 0.0 0.0 28.59765625 2.8257904052734375 12.5859375 0.0 0.0 28.40625 0.0 12.55078125 0.0 0.0 25.91796875 0.0 5.8064422607421875
154512715832 0.0078125 0.0 0.0 0.005078125 0.005078125 -0.005078125 -0.005078125 0.0 12.55078125 0.0 0.0 26.30078125 0.0 12.4453125 0.0 0.0 28.40625 0.0 12.62109375 0.0 0.0 28.7890625 0.0 12.55078125 0.0 0.0 26.30078125 0.0 5.8064422607421875
154512716011 0.0078125 0.0 0.0 0.005078125 0.005078125 -0.005078125 -0.005078125 0.0 12.55078125 0.0 0.0 26.109375 0.0 12.4453125 0.0 0.0 28.98046875 0.0 12.5859375 0.0 0.0 28.98046875 0.0 12.55078125 0.0 0.0 26.30078125 0.0 5.8064422607421875
154512716186 0.0078125 0.0 0.0 0.005078125 0.005078125 -0.005078125 -0.005078125 0.0 12.55078125 0.0 0.0 26.109375 0.0 12.4453125 0.0 0.0 28.59765625 0.0 12.5859375 0.0 0.0 29.36328125 0.0 12.5859375 0.0 0.0 25.7265625 0.0 5.8064422607421875
154512716373 0.0078125 0.0 0.0 0.005078125 0.005078125 -0.005078125 -0.005078125 0.0 12.55078125 0.0 0.0 25.91796875 0.0 12.4453125 0.0 0.0 28.98046875 0.0 12.62109375 0.0 0.0 29.36328125 0.0 12.5859375 0.0 0.0 26.30078125 0.0 5.8064422607421875
154512716565 0.0078125 0.0 0.0 0.005078125 0.005078125 -0.005078125 -0.005078125 0.0 12.55078125 0.0 0.0 26.875 0.0 12.4453125 0.0 0.0 29.171875 0.0 12.62109375 0.0 0.0 29.171875 0.0 12.55078125 0.0 0.0 25.7265625 0.0 5.8064422607421875
154512716738 0.0078125 0.0 0.0 0.005078125 0.005078125 -0.005078125 -0.005078125 0.0 12.55078125 0.0 0.0 26.4921875 0.0 12.48046875 0.0 0.0 28.7890625 0.0 12.62109375 0.0 0.0 28.7890625 0.0 12.5859375 0.0 0.0 25.91796875 0.0 5.8064422607421875
154512716905 0.0078125 0.0 0.0 0.005078125 0.005078125 -0.005078125 -0.005078125 0.0 12.55078125 0.0 0.0 25.53515625 0.0 12.48046875 0.0 0.0 28.7890625 0.0 12.65625 0.0 0.0 29.36328125 0.0 12.5859375 0.0 0.0 26.30078125 0.0 5.8064422607421875
154512717078 0.0078125 0.0 0.0 0.005078125 0.005078125 -0.005078125 -0.005078125 0.0 12.55078125 0.0 0.0 26.4921875 0.0 12.48046875 0.0 0.0 29.171875 0.0 12.62109375 0.0 0.0 29.36328125 0.0 12.5859375 0.0 0.0 25.53515625 0.0 5.8064422607421875
154512717259 0.0078125 0.0 0.0 0.005078125 0.005078125 -0.005078125 -0.005078125 0.0 12.5859375 0.0 0.0 25.7265625 0.0 12.4453125 0.0 0.0 28.98046875 0.0 12.62109375 0.0 0.0 29.171875 0.0 12.5859375 0.0 0.0 26.30078125 0.0 5.8064422607421875
154512717440 0.0078125 0.0 0.0 0.005078125 0.005078125 -0.005078125 -0.005078125 0.0 12.5859375 0.0 0.0 26.4921875 0.0 12.48046875 0.0 0.0 28.98046875 0.0 12.65625 0.0 0.0 28.98046875 0.0 12.5859375 0.0 0.0 26.4921875 0.0 5.8064422607421875
154512717613 0.0078125 0.0 0.0 0.005078125 0.005078125 -0.005078125 -0.005078125 0.0 12.5859375 0.0 0.0 26.4921875 0.0 12.4453125 0.0 0.0 28.59765625 0.0 12.62109375 0.0 0.0 28.7890625 0.0 12.5859375 0.0 0.0 25.91796875 0.0 5.796661376953125
154512717785 0.0078125 0.0 0.0 0.005078125 0.005078125 -0.005078125 -0.005078125 0.0 12.5859375 0.0 0.0 26.4921875 0.0 12.48046875 0.0 0.0 28.40625 0.0 12.65625 0.0 0.0 29.36328125 0.0 12.5859375 0.0 0.0 25.7265625 0.0 5.8064422607421875
154512717964 0.0078125 0.0 0.0 0.005078125 0.005078125 -0.005078125 -0.005078125 0.0 12.5859375 0.0 0.0 26.109375 0.0 12.48046875 0.0 0.0 28.40625 0.0 12.62109375 0.0 0.0 28.98046875 0.0 12.62109375 0.0 0.0 26.109375 0.0 5.8064422607421875
154512718131 0.0078125 0.0 0.0 0.005078125 0.005078125 -0.005078125 -0.005078125 0.0 12.5859375 0.0 0.0 26.4921875 0.0 12.48046875 0.0 0.0 29.171875 0.0 12.65625 0.0 0.0 29.171875 0.0 12.62109375 0.0 0.0 26.109375 0.0 5.8064422607421875
154512718305 0.0078125 0.0 0.0 0.005078125 0.005078125 -0.005078125 -0.005078125 0.0 12.5859375 0.0 0.0 26.109375 0.0 12.48046875 0.0 0.0 29.171875 0.0 12.65625 0.0 0.0 29.171875 0.0 12.62109375 0.0 0.0 26.30078125 0.0 5.8064422607421875
154512718486 0.0078125 0.0 0.0 0.005078125 0.005078125 -0.005078125 -0.005078125 0.0 12.5859375 0.0 0.0 24.76953125 0.0 12.48046875 0.0 0.0 28.98046875 0.0 12.65625 0.0 0.0 29.36328125 0.0 12.5859375 0.0 0.0 26.68359375 0.0 5.8064422607421875
154512718659 0.0078125 0.0 0.0 0.005078125 0.005078125 -0.005078125 -0.005078125 0.0 12.5859375 0.0 0.0 27.06640625 0.0 12.48046875 0.0 0.0 28.98046875 0.0 12.69140625 0.0 0.0 28.98046875 0.0 12.62109375 0.0 0.0 25.7265625 0.0 5.8064422607421875
154512718838 0.0078125 0.0 0.0 0.005078125 0.005078125 -0.005078125 -0.005078125 0.0 12.5859375 0.0 0.0 26.109375 0.0 12.48046875 0.0 0.0 28.98046875 0.0 12.65625 0.0 0.0 29.171875 0.0 12.62109375 0.0 0.0 26.109375 0.0 5.81622314453125
154512718998 0.0078125 0.0 0.0 0.005078125 0.005078125 -0.005078125 -0.005078125 0.0 12.5859375 0.0 0.0 26.30078125 0.0 12.48046875 0.0 0.0 28.21484375 0.0 12.65625 0.0 0.0 29.36328125 0.0 12.62109375 0.0 0.0 25.91796875 0.0 5.8064422607421875
154512719178 0.0078125 0.0 0.0 0.005078125 0.005078125 -0.005078125 -0.005078125 0.0 12.62109375 0.0 0.0 26.30078125 0.0 12.48046875 0.0 0.0 28.98046875 0.0 12.65625 0.0 0.0 28.98046875 0.0 12.62109375 0.0 0.0 26.30078125 0.0 5.8064422607421875
154512719366 0.0078125 0.0 0.0 0.005078125 0.005078125 -0.005078125 -0.005078125 0.0 12.5859375 0.0 0.0 26.4921875 0.0 12.48046875 0.0 0.0 28.7890625 0.0 12.69140625 0.0 0.0 29.171875 0.0 12.62109375 0.0 0.0 25.91796875 0.0 5.8064422607421875
154512719539 0.0078125 0.0 0.0 0.005078125 0.005078125 -0.005078125 -0.005078125 0.0 12.62109375 0.0 0.0 25.7265625 0.0 12.48046875 0.0 0.0 28.7890625 0.0 12.65625 0.0 0.0 28.98046875 0.0 12.62109375 0.0 0.0 26.30078125 0.0 5.8064422607421875
154512719718 0.0078125 0.0 0.0 0.005078125 0.005078125 -0.005078125 -0.005078125 0.0 12.62109375 0.0 0.0 26.4921875 0.0 12.48046875 0.0 0.0 28.98046875 0.0 12.65625 0.0 0.0 29.171875 0.0 12.62109375 0.0 0.0 26.68359375 0.0 5.796661376953125
154512719898 0.0078125 0.0 0.0 0.005078125 0.005078125 -0.005078125 -0.005078125 0.0 12.62109375 0.0 0.0 26.109375 0.0 12.48046875 0.0 0.0 28.98046875 0.0 12.65625 0.0 0.0 29.36328125 0.0 12.62109375 0.0 0.0 25.53515625 0.0 5.8064422607421875
154512720066 0.0078125 0.0 0.0 0.005078125 0.005078125 -0.005078125 -0.005078125 0.0 12.62109375 0.0 0.0 26.30078125 0.0 12.515625 0.0 0.0 28.7890625 0.0 12.65625 0.0 0.0 29.171875 0.0 12.62109375 0.0 0.0 25.53515625 0.0 5.81622314453125
154512720238 0.0078125 0.0 0.0 0.005078125 0.005078125 -0.005078125 -0.005078125 0.0 12.62109375 0.0 0.0 26.68359375 0.0 12.48046875 0.0 0.0 28.21484375 0.0 12.69140625 0.0 0.0 28.59765625 0.0 12.62109375 0.0 0.0 26.68359375 0.0 5.8064422607421875
154512720425 0.0078125 0.0 0.0 0.005078125 0.005078125 -0.005078125 -0.005078125 0.0 12.62109375 0.0 0.0 26.4921875 0.0 12.515625 0.0 0.0 29.5546875 0.0 12.69140625 0.0 0.0 28.7890625 0.0 12.62109375 0.0 0.0 26.109375 0.0 5.8064422607421875
154512720605 0.0078125 0.0 0.0 0.005078125 0.005078125 -0.005078125 -0.005078125 0.0 12.62109375 0.0 0.0 26.4921875 0.0 12.515625 0.0 0.0 28.21484375 0.0 12.69140625 0.0 0.0 29.171875 0.0 12.62109375 0.0 0.0 26.109375 0.0 5.8064422607421875
154512720778 0.0078125 0.0 0.0 0.005078125 0.005078125 -0.005078125 -0.005078125 0.0 12.62109375 0.0 0.0 25.91796875 0.0 12.48046875 0.0 0.0 28.7890625 0.0 12.65625 0.0 0.0 28.98046875 0.0 12.62109375 0.0 0.0 26.30078125 0.0 5.8064422607421875
154512720952 0.0078125 0.0 0.0 0.005078125 0.005078125 -0.005078125 -0.005078125 0.0 12.5859375 0.0 0.0 26.875 0.0 12.48046875 0.0 0.0 28.7890625 0.0 12.65625 0.0 0.0 29.36328125 0.0 12.62109375 0.0 0.0 25.91796875 0.0 5.81622314453125
154512721132 0.0078125 0.0 0.0 0.005078125 0.005078125 -0.005078125 -0.005078125 0.0 12.62109375 0.0 0.0 26.4921875 0.0 12.515625 0.0 0.0 28.7890625 0.0 12.69140625 0.0 0.0 29.36328125 0.0 12.62109375 0.0 0.0 25.7265625 0.0 5.81622314453125
154512721304 0.0078125 0.0 0.0 0.005078125 0.005078125 -0.005078125 -0.005078125 0.0 12.62109375 0.0 0.0 26.4921875 0.0 12.515625 0.0 0.0 28.59765625 0.0 12.69140625 0.0 0.0 29.5546875 0.0 12.62109375 0.0 0.0 25.91796875 0.0 5.81622314453125
154512721478 0.0078125 0.0 0.0 0.005078125 0.005078125 -0.005078125 -0.005078125 0.0 12.62109375 0.0 0.0 25.7265625 0.0 12.48046875 0.0 0.0 28.7890625 0.0 12.69140625 0.0 0.0 28.98046875 0.0 12.5859375 0.0 0.0 26.109375 0.0 5.8064422607421875
154512721651 0.0078125 0.0 0.0 0.005078125 0.005078125 -0.005078125 -0.005078125 0.0 12.62109375 0.0 0.0 26.4921875 0.0 12.515625 0.0 0.0 28.98046875 0.0 12.69140625 0.0 0.0 28.98046875 0.0 12.62109375 0.0 0.0 26.109375 0.0 5.81622314453125
154512721826 0.0078125 0.0 0.0 0.005078125 0.005078125 -0.005078125 -0.005078125 0.0 12.62109375 0.0 0.0 26.30078125 0.0 12.48046875 0.0 0.0 28.40625 0.0 12.69140625 0.0 0.0 29.171875 0.0 12.65625 0.0 0.0 26.109375 0.0 5.8064422607421875
154512721998 0.0078125 0.0 0.0 0.005078125 0.005078125 -0.005078125 -0.005078125 0.0 12.62109375 0.0 0.0 26.30078125 0.0 12.515625 0.0 0.0 29.9375 0.0 12.69140625 0.0 0.0 29.36328125 0.0 12.65625 0.0 0.0 25.34375 0.0 5.81622314453125
154512722164 0.0078125 0.0 0.0 0.005078125 0.005078125 -0.005078125 -0.005078125 0.0 12.62109375 0.0 0.0 26.4921875 0.0 12.515625 0.0 0.0 28.7890625 0.0 12.69140625 0.0 0.0 29.36328125 0.0 12.65625 0.0 0.0 26.68359375 0.0 5.8064422607421875
154512722405 0.0078125 0.0 0.0 0.005078125 0.005078125 -0.005078125 -0.005078125 0.0 12.62109375 0.0 0.0 26.30078125 0.0 12.48046875 0.0 0.0 28.98046875 0.0 12.69140625 0.0 0.0 28.98046875 0.0 12.62109375 0.0 0.0 25.91796875 0.0 5.8064422607421875
154512722587 0.0078125 0.0 0.0 0.005078125 0.005078125 -0.005078125 -0.005078125 0.0 12.62109375 0.0 0.0 26.4921875 0.0 12.515625 0.0 0.0 28.7890625 0.0 12.69140625 0.0 0.0 29.36328125 0.0 12.62109375 0.0 0.0 26.109375 0.0 5.8064422607421875
154512722764 0.0078125 0.0 0.0 0.005078125 0.005078125 -0.005078125 -0.005078125 0.0 12.62109375 0.0 0.0 26.109375 0.0 12.515625 0.0 0.0 28.98046875 0.0 12.69140625 0.0 0.0 28.98046875 0.0 12.62109375 0.0 0.0 25.7265625 0.0 5.796661376953125
154512722931 0.0078125 0.0 0.0 0.005078125 0.005078125 -0.005078125 -0.005078125 0.0 12.62109375 0.0 0.0 26.30078125 0.0 12.515625 0.0 0.0 28.40625 0.0 12.69140625 0.0 0.0 29.171875 0.0 12.62109375 0.0 0.0 26.30078125 0.0 5.8064422607421875
154512723106 0.0078125 0.0 0.0 0.005078125 0.005078125 -0.005078125 -0.005078125 0.0 12.62109375 0.0 0.0 26.30078125 0.0 12.515625 0.0 0.0 28.7890625 0.0 12.69140625 0.0 0.0 29.74609375 0.0 12.62109375 0.0 0.0 26.30078125 0.0 5.8064422607421875
154512723298 0.0078125 0.0 0.0 0.005078125 0.005078125 -0.005078125 -0.005078125 0.0 12.62109375 0.0 0.0 24.9609375 0.0 12.515625 0.0 0.0 28.98046875 0.0 12.69140625 0.0 0.0 29.171875 0.0 12.65625 0.0 0.0 25.34375 0.0 5.8064422607421875
154512723478 0.0078125 0.0 0.0 0.005078125 0.005078125 -0.005078125 -0.005078125 0.0 12.62109375 0.0 0.0 26.875 0.0 12.515625 0.0 0.0 27.2578125 0.0 12.69140625 0.0 0.0 28.98046875 0.0 12.65625 0.0 0.0 26.109375 0.0 5.8064422607421875
154512723653 0.0078125 0.0 0.0 0.005078125 0.005078125 -0.005078125 -0.005078125 0.0 12.62109375 0.0 0.0 26.30078125 0.0 12.515625 0.0 0.0 29.171875 0.0 12.7265625 0.0 0.0 28.98046875 0.0 12.65625 0.0 0.0 25.91796875 0.0 5.8064422607421875
154512723837 0.0078125 0.0 0.0 0.005078125 0.005078125 -0.005078125 -0.005078125 0.0 12.62109375 0.0 0.0 26.68359375 0.0 12.515625 0.0 0.0 28.40625 0.0 12.69140625 0.0 0.0 28.7890625 0.0 12.65625 0.0 0.0 25.53515625 0.0 5.8064422607421875
154512724018 0.0078125 0.0 0.0 0.005078125 0.005078125 -0.005078125 -0.005078125 0.0 12.62109375 0.0 0.0 26.4921875 0.0 12.515625 0.0 0.0 28.0234375 0.0 12.69140625 0.0 0.0 28.98046875 0.0 12.65625 0.0 0.0 25.15234375 0.0 5.81622314453125
154512724198 0.0078125 0.0 0.0 0.005078125 0.005078125 -0.005078125 -0.005078125 0.0 12.62109375 0.0 0.0 26.30078125 0.0 12.515625 0.0 0.0 28.7890625 0.0 12.69140625 0.0 0.0 28.98046875 0.0 12.62109375 0.0 0.0 25.91796875 0.0 5.8064422607421875
154512724366 0.0078125 0.0 0.0 0.005078125 0.005078125 -0.005078125 -0.005078125 0.0 12.62109375 0.0 0.0 25.91796875 0.0 12.515625 0.0 0.0 28.40625 0.0 12.69140625 0.0 0.0 28.7890625 0.0 12.62109375 0.0 0.0 26.109375 0.0 5.81622314453125
154512724538 0.0078125 0.0 0.0 0.005078125 0.005078125 -0.005078125 -0.005078125 0.0 12.65625 0.0 0.0 26.4921875 0.0 12.515625 0.0 0.0 28.0234375 0.0 12.69140625 0.0 0.0 28.98046875 0.0 12.65625 0.0 0.0 25.53515625 0.0 5.8064422607421875
154512724717 0.0078125 0.0 0.0 0.005078125 0.005078125 -0.005078125 -0.005078125 0.0 12.62109375 0.0 0.0 27.44921875 0.0 12.515625 0.0 0.0 29.171875 0.0 12.69140625 0.0 0.0 29.171875 0.0 12.65625 0.0 0.0 25.34375 0.0 5.81622314453125
154512724898 0.0078125 0.0 0.0 0.005078125 0.005078125 -0.005078125 -0.005078125 0.0 12.62109375 0.0 0.0 25.91796875 0.0 12.515625 0.0 0.0 28.98046875 0.0 12.69140625 0.0 0.0 28.59765625 0.0 12.62109375 0.0 0.0 25.91796875 0.0 5.8064422607421875
154512725066 0.0078125 0.0 0.0 0.005078125 0.005078125 -0.005078125 -0.005078125 0.0 12.62109375 0.0 0.0 26.109375 0.0 12.515625 0.0 0.0 28.98046875 0.0 12.69140625 0.0 0.0 28.98046875 0.0 12.65625 0.0 0.0 25.91796875 0.0 5.8064422607421875
154512725238 0.0078125 0.0 0.0 0.005078125 0.005078125 -0.005078125 -0.005078125 0.0 12.62109375 0.0 0.0 25.53515625 0.0 12.515625 0.0 0.0 28.7890625 0.0 12.69140625 0.0 0.0 28.7890625 0.0 12.65625 0.0 0.0 26.30078125 0.0 5.8064422607421875
154512725435 0.0078125 0.0 0.0 0.005078125 0.005078125 -0.005078125 -0.005078125 0.0 12.65625 0.0 0.0 26.109375 0.0 12.515625 0.0 0.0 28.59765625 0.0 12.69140625 0.0 0.0 28.40625 0.0 12.65625 0.0 0.0 26.4921875 0.0 5.8064422607421875
154512725613 0.0078125 0.0 0.0 0.005078125 0.005078125 -0.005078125 -0.005078125 0.0 12.65625 0.0 0.0 27.06640625 0.0 12.515625 0.0 0.0 29.36328125 0.0 12.69140625 0.0 0.0 28.7890625 0.0 12.65625 0.0 0.0 25.53515625 0.0 5.8064422607421875
154512725785 0.0078125 0.0 0.0 0.005078125 0.005078125 -0.005078125 -0.005078125 0.0 12.65625 0.0 0.0 26.30078125 0.0 12.515625 0.0 0.0 29.171875 0.0 12.69140625 0.0 0.0 29.171875 0.0 12.65625 0.0 0.0 25.91796875 0.0 5.81622314453125
154512725966 0.0078125 0.0 0.0 0.005078125 0.005078125 -0.005078125 -0.005078125 0.0 12.65625 0.0 0.0 26.4921875 0.0 12.55078125 0.0 0.0 28.40625 0.0 12.69140625 0.0 0.0 28.98046875 0.0 12.65625 0.0 0.0 26.30078125 0.0 5.8064422607421875
154512726142 0.0078125 0.0 0.0 0.005078125 0.005078125 -0.005078125 -0.005078125 0.0 12.65625 0.0 0.0 26.30078125 0.0 12.515625 0.0 0.0 28.59765625 0.0 12.69140625 0.0 0.0 29.5546875 0.0 12.65625 0.0 0.0 25.7265625 0.0 5.81622314453125
154512726324 0.0078125 0.0 0.0 0.005078125 0.005078125 -0.005078125 -0.005078125 0.0 12.65625 0.0 0.0 26.109375 0.0 12.515625 0.0 0.0 28.7890625 0.0 12.7265625 0.0 0.0 29.171875 0.0 12.65625 0.0 0.0 26.109375 0.0 5.81622314453125
154512726498 0.0078125 0.0 0.0 0.005078125 0.005078125 -0.005078125 -0.005078125 0.0 12.65625 0.0 0.0 27.2578125 0.0 12.515625 0.0 0.0 29.171875 0.0 12.69140625 0.0 0.0 29.36328125 0.0 12.65625 0.0 0.0 25.7265625 0.0 5.8064422607421875
154512726677 0.0078125 0.0 0.0 0.005078125 0.005078125 -0.005078125 -0.005078125 0.0 12.69140625 0.0 0.0 26.30078125 0.0 12.55078125 0.0 0.0 28.98046875 0.0 12.7265625 0.0 0.0 28.98046875 0.0 12.65625 0.0 0.0 26.109375 0.0 5.8064422607421875
154512726865 0.0078125 0.0 0.0 0.005078125 0.005078125 -0.005078125 -0.005078125 0.0 12.62109375 0.0 0.0 27.44921875 0.0 12.515625 0.0 0.0 28.21484375 0.0 12.7265625 0.0 0.0 28.98046875 0.0 12.65625 0.0 0.0 25.53515625 0.0 5.81622314453125
154512727045 0.0078125 0.0 0.0 0.005078125 0.005078125 -0.005078125 -0.005078125 0.0 12.65625 0.0 0.0 25.7265625 0.0 12.515625 0.0 0.0 29.171875 0.0 12.69140625 0.0 0.0 29.36328125 0.0 12.69140625 0.0 0.0 26.30078125 0.0 5.8064422607421875
154512727219 0.0078125 0.0 0.0 0.005078125 0.005078125 -0.005078125 -0.005078125 0.0 12.65625 0.0 0.0 26.30078125 0.0 12.515625 0.0 0.0 28.59765625 0.0 12.69140625 0.0 0.0 29.171875 0.0 12.65625 0.0 0.0 26.109375 0.0 5.8064422607421875
154512727398 0.0078125 0.0 0.0 0.005078125 0.005078125 -0.005078125 -0.005078125 0.0 12.65625 0.0 0.0 25.7265625 0.0 12.55078125 0.0 0.0 28.40625 0.0 12.69140625 0.0 0.0 29.36328125 0.0 12.65625 0.0 0.0 26.68359375 0.0 5.8064422607421875
154512727576 0.0078125 0.0 0.0 0.005078125 0.005078125 -0.005078125 -0.005078125 0.0 12.65625 0.0 0.0 26.109375 0.0 12.55078125 0.0 0.0 28.7890625 0.0 12.69140625 0.0 0.0 28.7890625 0.0 12.65625 0.0 0.0 25.7265625 0.0 5.8064422607421875
154512727744 0.0078125 0.0 0.0 0.005078125 0.005078125 -0.005078125 -0.005078125 0.0 12.62109375 0.0 0.0 25.91796875 0.0 12.55078125 0.0 0.0 29.171875 0.0 12.7265625 0.0 0.0 28.98046875 0.0 12.65625 0.0 0.0 26.30078125 0.0 5.8064422607421875
154512727916 0.0078125 0.0 0.0 0.005078125 0.005078125 -0.005078125 -0.005078125 0.0 12.65625 0.0 0.0 27.44921875 0.0 12.55078125 0.0 0.0 28.59765625 0.0 12.7265625 0.0 0.0 29.171875 0.0 12.65625 0.0 0.0 26.30078125 0.0 5.8064422607421875
154512728096 0.0078125 0.0 0.0 0.005078125 0.005078125 -0.005078125 -0.005078125 0.0 12.65625 0.0 0.0 26.4921875 0.0 12.55078125 0.0 0.0 28.98046875 0.0 12.7265625 0.0 0.0 29.5546875 0.0 12.65625 0.0 0.0 26.30078125 0.0 5.8064422607421875
154512728278 0.0078125 0.0 0.0 0.005078125 0.005078125 -0.005078125 -0.005078125 0.0 12.65625 0.0 0.0 26.109375 0.0 12.55078125 0.0 0.0 28.98046875 0.0 12.7265625 0.0 0.0 29.36328125 0.0 12.69140625 0.0 0.0 26.30078125 0.0 5.8064422607421875
154512728472 0.0078125 0.0 0.0 0.005078125 0.005078125 -0.005078125 -0.005078125 0.0 12.65625 0.0 0.0 26.4921875 0.0 12.515625 0.0 0.0 28.98046875 0.0 12.7265625 0.0 0.0 28.98046875 0.0 12.65625 0.0 0.0 26.4921875 0.0 5.8064422607421875
154512728646 0.0078125 0.0 0.0 0.005078125 0.005078125 -0.005078125 -0.005078125 0.0 12.65625 0.0 0.0 26.30078125 0.0 12.55078125 0.0 0.0 28.7890625 0.0 12.7265625 0.0 0.0 28.98046875 0.0 12.65625 0.0 0.0 25.53515625 0.0 5.8064422607421875
154512728826 0.0078125 0.0 0.0 0.005078125 0.005078125 -0.005078125 -0.005078125 0.0 12.65625 0.0 0.0 25.91796875 0.0 12.55078125 0.0 0.0 28.7890625 0.0 12.7265625 0.0 0.0 28.7890625 0.0 12.65625 0.0 0.0 26.30078125 0.0 5.8064422607421875
154512729005 0.0078125 0.0 0.0 0.005078125 0.005078125 -0.005078125 -0.005078125 0.0 12.65625 0.0 0.0 25.34375 0.0 12.55078125 0.0 0.0 29.5546875 0.0 12.7265625 0.0 0.0 29.5546875 0.0 12.65625 0.0 0.0 25.91796875 0.0 5.8064422607421875
154512729185 0.0078125 0.0 0.0 0.005078125 0.005078125 -0.005078125 -0.005078125 0.0 12.65625 0.0 0.0 26.30078125 0.0 12.55078125 0.0 0.0 28.7890625 0.0 12.7265625 0.0 0.0 29.171875 0.0 12.65625 0.0 0.0 25.7265625 0.0 5.81622314453125
154512729369 0.0078125 0.0 0.0 0.005078125 0.005078125 -0.005078125 -0.005078125 0.0 12.65625 0.0 0.0 26.30078125 0.0 12.55078125 0.0 0.0 28.98046875 0.0 12.7265625 0.0 0.0 29.36328125 0.0 12.65625 0.0 0.0 26.30078125 0.0 5.8064422607421875
154512729547 0.0078125 0.0 0.0 0.005078125 0.005078125 -0.005078125 -0.005078125 0.0 12.65625 0.0 0.0 26.30078125 0.0 12.55078125 0.0 0.0 28.7890625 0.0 12.7265625 0.0 0.0 29.36328125 0.0 12.65625 0.0 0.0 26.109375 0.0 5.8064422607421875
154512729725 0.0078125 0.0 0.0 0.005078125 0.005078125 -0.005078125 -0.005078125 0.0 12.65625 0.0 0.0 25.91796875 0.0 12.55078125 0.0 0.0 29.36328125 0.0 12.7265625 0.0 0.0 29.5546875 0.0 12.65625 0.0 0.0 25.91796875 0.0 5.81622314453125
154512729906 0.0078125 0.0 0.0 0.005078125 0.005078125 -0.005078125 -0.005078125 0.0 12.65625 0.0 0.0 26.875 0.0 12.55078125 0.0 0.0 28.7890625 0.0 12.7265625 0.0 0.0 29.171875 0.0 12.65625 0.0 0.0 26.4921875 0.0 5.81622314453125
154512730090 0.0078125 0.0 0.0 0.005078125 0.005078125 -0.005078125 -0.005078125 0.0 12.65625 0.0 0.0 26.875 0.0 12.55078125 0.0 0.0 28.7890625 0.0 12.7265625 0.0 0.0 28.7890625 0.0 12.65625 0.0 0.0 25.91796875 0.0 5.81622314453125
154512730264 0.0078125 0.0 0.0 0.005078125 0.005078125 -0.005078125 -0.005078125 0.0 12.65625 0.0 0.0 26.875 0.0 12.55078125 0.0 0.0 29.36328125 0.0 12.7265625 0.0 0.0 29.171875 0.0 12.69140625 0.0 0.0 25.91796875 0.0 5.796661376953125
154512730433 0.0078125 0.0 0.0 0.005078125 0.005078125 -0.005078125 -0.005078125 0.0 12.65625 0.0 0.0 26.4921875 0.0 12.55078125 0.0 0.0 28.59765625 0.0 12.7265625 0.0 0.0 29.171875 0.0 12.69140625 0.0 0.0 26.109375 0.0 5.8064422607421875
154512730606 0.0078125 0.0 0.0 0.005078125 0.005078125 -0.005078125 -0.005078125 0.0 12.65625 0.0 0.0 26.4921875 0.0 12.55078125 0.0 0.0 28.7890625 0.0 12.7265625 0.0 0.0 28.98046875 0.0 12.69140625 0.0 0.0 26.30078125 0.0 5.8064422607421875
154512730778 0.0078125 0.0 0.0 0.005078125 0.005078125 -0.005078125 -0.005078125 0.0 12.65625 0.0 0.0 26.30078125 0.0 12.55078125 0.0 0.0 28.7890625 0.0 12.7265625 0.0 0.0 29.171875 0.0 12.65625 0.0 0.0 25.91796875 0.0 5.81622314453125
154512730956 0.0078125 0.0 0.0 0.005078125 0.005078125 -0.005078125 -0.005078125 0.0 12.65625 0.0 0.0 26.875 0.0 12.55078125 0.0 0.0 29.74609375 0.0 12.7265625 0.0 0.0 28.98046875 0.0 12.69140625 0.0 0.0 25.7265625 0.0 5.8064422607421875
154512731131 0.0078125 0.0 0.0 0.005078125 0.005078125 -0.005078125 -0.005078125 0.0 12.65625 0.0 0.0 26.68359375 0.0 12.55078125 0.0 0.0 28.7890625 0.0 12.7265625 0.0 0.0 29.74609375 0.0 12.65625 0.0 0.0 25.53515625 0.0 5.81622314453125
154512731311 0.0078125 0.0 0.0 0.005078125 0.005078125 -0.005078125 -0.005078125 0.0 12.65625 0.0 0.0 25.91796875 0.0 12.55078125 0.0 0.0 28.40625 0.0 12.7265625 0.0 0.0 29.36328125 0.0 12.65625 0.0 0.0 26.4921875 0.0 5.8064422607421875
154512731508 0.0078125 0.0 0.0 0.005078125 0.005078125 -0.005078125 -0.005078125 0.0 12.65625 0.0 0.0 26.68359375 0.0 12.55078125 0.0 0.0 28.7890625 0.0 12.7265625 0.0 0.0 29.5546875 0.0 12.69140625 0.0 0.0 26.109375 0.0 5.8064422607421875
154512731691 0.0078125 0.0 0.0 0.005078125 0.005078125 -0.005078125 -0.005078125 0.0 12.65625 0.0 0.0 26.30078125 0.0 12.55078125 0.0 0.0 29.9375 0.0 12.7265625 0.0 0.0 29.171875 0.0 12.69140625 0.0 0.0 26.875 0.0 5.8064422607421875
154512731871 0.0078125 0.0 0.0 0.005078125 0.005078125 -0.005078125 -0.005078125 0.0 12.65625 0.0 0.0 25.53515625 0.0 12.55078125 0.0 0.0 28.7890625 0.0 12.7265625 0.0 0.0 29.171875 0.0 12.69140625 0.0 0.0 26.109375 0.0 5.8064422607421875
154512732060 0.0078125 0.0 0.0 0.005078125 0.005078125 -0.005078125 -0.005078125 0.0 12.65625 0.0 0.0 26.4921875 0.0 12.55078125 0.0 0.0 29.5546875 0.0 12.7265625 0.0 0.0 29.5546875 0.0 12.65625 0.0 0.0 25.7265625 0.0 5.8064422607421875
154512732226 0.0078125 0.0 0.0 0.005078125 0.005078125 -0.005078125 -0.005078125 0.0 12.65625 0.0 0.0 26.4921875 0.0 12.55078125 0.0 0.0 28.59765625 0.0 12.7265625 0.0 0.0 29.5546875 0.0 12.69140625 0.0 0.0 26.4921875 0.0 5.81622314453125
154512732410 0.0078125 0.0 0.0 0.005078125 0.005078125 -0.005078125 -0.005078125 0.0 12.69140625 0.0 0.0 26.4921875 0.0 12.55078125 0.0 0.0 28.98046875 0.0 12.7265625 0.0 0.0 28.98046875 0.0 12.69140625 0.0 0.0 25.91796875 0.0 5.81622314453125
154512732592 0.0078125 0.0 0.0 0.005078125 0.005078125 -0.005078125 -0.005078125 0.0 12.65625 0.0 0.0 25.7265625 0.0 12.55078125 0.0 0.0 28.7890625 0.0 12.7265625 0.0 0.0 29.36328125 0.0 12.69140625 0.0 0.0 26.4921875 0.0 5.8064422607421875
154512732766 0.0078125 0.0 0.0 0.005078125 0.005078125 -0.005078125 -0.005078125 0.0 12.65625 0.0 0.0 28.21484375 0.0 12.55078125 0.0 0.0 28.7890625 0.0 12.7265625 0.0 0.0 29.36328125 0.0 12.69140625 0.0 0.0 25.91796875 0.0 5.8064422607421875
154512732950 0.0078125 0.0 0.0 0.005078125 0.005078125 -0.005078125 -0.005078125 0.0 12.65625 0.0 0.0 26.30078125 0.0 12.55078125 0.0 0.0 29.171875 0.0 12.7265625 0.0 0.0 29.74609375 0.0 12.69140625 0.0 0.0 26.30078125 0.0 5.8064422607421875
154512733131 0.0078125 0.0 0.0 0.005078125 0.005078125 -0.005078125 -0.005078125 0.0 12.65625 0.0 0.0 26.68359375 0.0 12.55078125 0.0 0.0 28.40625 0.0 12.7265625 0.0 0.0 29.171875 0.0 12.65625 0.0 0.0 25.7265625 0.0 5.8064422607421875
154512733310 0.0078125 0.0 0.0 0.005078125 0.005078125 -0.005078125 -0.005078125 0.0 12.65625 0.0 0.0 26.30078125 0.0 12.55078125 0.0 0.0 29.5546875 0.0 12.7265625 0.0 0.0 29.171875 0.0 12.69140625 0.0 0.0 26.30078125 0.0 5.8064422607421875
154512733505 0.0078125 0.0 0.0 0.005078125 0.005078125 -0.005078125 -0.005078125 0.0 12.69140625 0.0 0.0 26.68359375 0.0 12.55078125 0.0 0.0 28.98046875 0.0 12.7265625 0.0 0.0 29.5546875 0.0 12.69140625 0.0 0.0 26.4921875 0.0 5.8064422607421875
154512733678 0.0078125 0.0 0.0 0.005078125 0.005078125 -0.005078125 -0.005078125 0.0 12.65625 0.0 0.0 27.06640625 0.0 12.55078125 0.0 0.0 28.98046875 0.0 12.69140625 0.0 0.0 28.98046875 0.0 12.69140625 0.0 0.0 26.109375 0.0 5.8064422607421875
154512733851 0.0078125 0.0 0.0 0.005078125 0.005078125 -0.005078125 -0.005078125 0.0 12.69140625 0.0 0.0 26.30078125 0.0 12.55078125 0.0 0.0 28.59765625 0.0 12.7265625 0.0 0.0 29.171875 0.0 12.69140625 0.0 0.0 26.4921875 0.0 5.8064422607421875
154512734038 0.0078125 0.0 0.0 0.005078125 0.005078125 -0.005078125 -0.005078125 0.0 12.65625 0.0 0.0 27.2578125 0.0 12.55078125 0.0 0.0 29.171875 0.0 12.7265625 0.0 0.0 29.171875 0.0 12.69140625 0.0 0.0 26.109375 0.0 5.8064422607421875
154512734210 0.0078125 0.0 0.0 0.005078125 0.005078125 -0.005078125 -0.005078125 0.0 12.65625 0.0 0.0 26.30078125 0.0 12.55078125 0.0 0.0 28.59765625 0.0 12.7265625 0.0 0.0 29.74609375 0.0 12.65625 0.0 0.0 25.91796875 0.0 5.8064422607421875
154512734391 0.0078125 0.0 0.0 0.005078125 0.005078125 -0.005078125 -0.005078125 0.0 12.65625 0.0 0.0 26.875 0.0 12.55078125 0.0 0.0 28.7890625 0.0 12.7265625 0.0 0.0 29.171875 0.0 12.69140625 0.0 0.0 26.4921875 0.0 5.8064422607421875
154512734585 0.0078125 0.0 0.0 0.005078125 0.005078125 -0.005078125 -0.005078125 0.0 12.69140625 0.0 0.0 26.4921875 0.0 12.55078125 0.0 0.0 29.36328125 0.0 12.7265625 0.0 0.0 29.9375 0.0 12.69140625 0.0 0.0 26.109375 0.0 5.8064422607421875
154512734751 0.0078125 0.0 0.0 0.005078125 0.005078125 -0.005078125 -0.005078125 0.0 12.69140625 0.0 0.0 26.30078125 0.0 12.55078125 0.0 0.0 28.98046875 0.0 12.7265625 0.0 0.0 28.7890625 0.0 12.69140625 0.0 0.0 26.109375 0.0 5.8064422607421875
154512734924 0.0078125 0.0 0.0 0.005078125 0.005078125 -0.005078125 -0.005078125 0.0 12.65625 0.0 0.0 26.68359375 0.0 12.515625 0.0 0.0 29.171875 0.0 12.7265625 0.0 0.0 29.171875 0.0 12.69140625 0.0 0.0 26.109375 0.0 5.8064422607421875
154512735098 0.0078125 0.0 0.0 0.005078125 0.005078125 -0.005078125 -0.005078125 0.0 12.65625 0.0 0.0 26.30078125 0.0 12.55078125 0.0 0.0 28.59765625 0.0 12.7265625 0.0 0.0 29.36328125 0.0 12.69140625 0.0 0.0 26.4921875 0.0 5.8064422607421875
154512735273 0.0078125 0.0 0.0 0.005078125 0.005078125 -0.005078125 -0.005078125 0.0 12.65625 0.0 0.0 26.68359375 0.0 12.55078125 0.0 0.0 28.7890625 0.0 12.7265625 0.0 0.0 29.36328125 0.0 12.69140625 0.0 0.0 26.109375 0.0 5.81622314453125
154512735445 0.0078125 0.0 0.0 0.005078125 0.005078125 -0.005078125 -0.005078125 0.0 12.65625 0.0 0.0 26.68359375 0.0 12.55078125 0.0 0.0 28.98046875 0.0 12.7265625 0.0 0.0 29.171875 0.0 12.69140625 0.0 0.0 25.7265625 0.0 5.81622314453125
154512735624 0.0078125 0.0 0.0 0.005078125 0.005078125 -0.005078125 -0.005078125 0.0 12.65625 0.0 0.0 26.30078125 0.0 12.55078125 0.0 0.0 28.98046875 0.0 12.7265625 0.0 0.0 29.36328125 0.0 12.69140625 0.0 0.0 25.91796875 0.0 5.8064422607421875
154512735785 0.0078125 0.0 0.0 0.005078125 0.005078125 -0.005078125 -0.005078125 0.0 12.65625 0.0 0.0 26.30078125 0.0 12.55078125 0.0 0.0 28.7890625 0.0 12.7265625 0.0 0.0 29.5546875 0.0 12.65625 0.0 0.0 25.91796875 0.0 5.796661376953125
154512735967 0.0078125 0.0 0.0 0.005078125 0.005078125 -0.005078125 -0.005078125 0.0 12.65625 0.0 0.0 26.30078125 0.0 12.55078125 0.0 0.0 28.98046875 0.0 12.7265625 0.0 0.0 29.171875 0.0 12.69140625 0.0 0.0 25.91796875 0.0 5.8064422607421875
154512736146 0.0078125 0.0 0.0 0.005078125 0.005078125 -0.005078125 -0.005078125 0.0 12.65625 0.0 0.0 24.9609375 0.0 12.5859375 0.0 0.0 28.98046875 0.0 12.7265625 0.0 0.0 29.5546875 0.0 12.65625 0.0 0.0 25.91796875 0.0 5.796661376953125
154512736327 0.0078125 0.0 0.0 0.005078125 0.005078125 -0.005078125 -0.005078125 0.0 12.65625 0.0 0.0 27.2578125 0.0 12.55078125 0.0 0.0 28.7890625 0.0 12.7265625 0.0 0.0 28.59765625 0.0 12.69140625 0.0 0.0 26.875 0.0 5.8064422607421875
154512736599 0.0078125 0.0 0.0 0.005078125 0.005078125 -0.005078125 -0.005078125 0.0 12.69140625 0.0 0.0 26.4921875 0.0 12.55078125 0.0 0.0 27.83203125 -19.076950073242188 12.7265625 0.0 0.0 29.171875 0.0 12.69140625 0.0 0.0 25.91796875 0.0 5.8064422607421875
154512736771 0.0078125 0.0 0.0 0.005078125 0.005078125 -0.005078125 -0.005078125 0.0 12.69140625 0.0 0.0 26.875 0.0 12.55078125 0.0 0.0 28.59765625 -34.52522277832031 12.7265625 0.0 0.0 29.74609375 0.0 12.69140625 0.0 0.0 26.875 0.0 5.8064422607421875
154512736952 0.0078125 0.0 0.0 0.005078125 0.005078125 -0.005078125 -0.005078125 0.0 12.69140625 0.0 0.0 26.68359375 0.0 12.55078125 0.0 0.0 28.59765625 -38.21922302246094 12.7265625 0.0 0.0 29.36328125 0.0 12.69140625 0.0 0.0 26.30078125 0.0 5.8064422607421875
154512737125 0.0078125 0.0 0.0 0.005078125 0.005078125 -0.005078125 -0.005078125 0.0 12.65625 0.0 0.0 26.68359375 0.0 12.55078125 0.0 0.0 28.98046875 -54.5733642578125 12.7265625 0.0 0.0 29.5546875 0.0 12.65625 0.0 0.0 26.4921875 0.0 5.8064422607421875
154512737291 0.0078125 0.0 0.0 0.005078125 0.005078125 -0.005078125 -0.005078125 0.0 12.69140625 0.0 0.0 27.640625 0.0 12.55078125 0.0 0.0 27.640625 -21.307876586914062 12.76171875 0.0 0.0 29.5546875 0.0 12.69140625 0.0 0.0 26.30078125 0.0 5.81622314453125
154512737498 0.0078125 0.0 0.0 0.005078125 0.005078125 -0.005078125 -0.005078125 0.0 12.65625 0.0 0.0 26.30078125 0.0 12.55078125 0.0 0.0 29.36328125 17.900344848632812 12.7265625 0.0 0.0 29.5546875 0.0 12.69140625 0.0 0.0 26.30078125 0.0 5.8064422607421875
154512737671 0.0078125 0.0 0.0 0.005078125 0.005078125 -0.005078125 -0.005078125 0.0 12.65625 0.0 0.0 26.68359375 0.0 12.55078125 0.0 0.0 28.98046875 20.764053344726562 12.7265625 0.0 0.0 29.171875 0.0 12.69140625 0.0 0.0 25.7265625 0.0 5.8064422607421875
154512737838 0.0078125 0.0 0.0 0.005078125 0.005078125 -0.005078125 -0.005078125 0.0 12.65625 0.0 0.0 26.4921875 0.0 12.55078125 0.0 0.0 28.40625 20.345657348632812 12.7265625 0.0 0.0 29.171875 0.0 12.69140625 0.0 0.0 25.91796875 0.0 5.8064422607421875
154512738010 0.0078125 0.0 0.0 0.005078125 0.005078125 -0.005078125 -0.005078125 -4.35205078125 12.65625 0.0 0.0 26.30078125 0.0 12.55078125 0.0 0.0 30.3203125 11.296661376953125 12.7265625 0.0 0.0 29.36328125 0.0 12.69140625 0.0 0.0 26.4921875 0.0 5.8064422607421875
154512738187 0.0078125 0.0 0.0 0.005078125 0.005078125 -0.005078125 -0.005078125 -2.5840606689453125 12.65625 0.0 0.0 27.2578125 0.0 12.55078125 0.0 0.0 28.7890625 -5.12255859375 12.7265625 0.0 0.0 28.98046875 0.0 12.69140625 0.0 0.0 26.4921875 0.0 5.8064422607421875
154512738378 0.0078125 0.0 0.0 0.005078125 0.005078125 -0.005078125 -0.005078125 0.0 12.69140625 0.0 0.0 26.68359375 0.0 12.55078125 0.0 0.0 29.36328125 -6.5125274658203125 12.7265625 0.0 0.0 28.7890625 0.0 12.69140625 0.0 0.0 25.53515625 0.0 5.8064422607421875
154512738538 0.0078125 0.0 0.0 0.005078125 0.005078125 -0.005078125 -0.005078125 0.0 12.65625 0.0 0.0 25.91796875 0.0 12.55078125 0.0 0.0 28.98046875 0.0 12.7265625 0.0 0.0 28.98046875 0.0 12.69140625 0.0 0.0 26.30078125 0.0 5.8064422607421875
154512738699 0.0078125 0.0 0.0 0.005078125 0.005078125 -0.005078125 -0.005078125 0.0 12.65625 0.0 0.0 26.109375 0.0 12.55078125 0.0 0.0 28.98046875 0.0 12.7265625 0.0 0.0 28.98046875 0.0 12.69140625 0.0 0.0 26.109375 0.0 5.8064422607421875
154512738870 0.0078125 0.0 0.0 0.005078125 0.005078125 -0.005078125 -0.005078125 0.0 12.65625 0.0 0.0 26.4921875 0.0 12.55078125 0.0 0.0 29.5546875 0.0 12.7265625 0.0 0.0 29.5546875 0.0 12.69140625 0.0 0.0 25.91796875 0.0 5.8064422607421875
154512739044 0.0078125 0.0 0.0 0.005078125 0.005078125 -0.005078125 -0.005078125 0.0 12.65625 0.0 0.0 26.68359375 0.0 12.55078125 0.0 0.0 28.98046875 0.0 12.7265625 0.0 0.0 29.5546875 0.0 12.69140625 0.0 0.0 26.109375 0.0 5.8064422607421875
154512739210 0.0078125 0.0 0.0 0.005078125 0.005078125 -0.005078125 -0.005078125 0.0 12.65625 0.0 0.0 27.44921875 0.0 12.55078125 0.0 0.0 28.40625 0.0 12.7265625 0.0 0.0 29.5546875 0.0 12.69140625 0.0 0.0 26.4921875 0.0 5.8064422607421875
154512739378 0.0078125 0.0 0.0 0.005078125 0.005078125 -0.005078125 -0.005078125 0.0 12.69140625 0.0 0.0 26.30078125 0.0 12.55078125 0.0 0.0 29.36328125 0.0 12.7265625 0.0 0.0 28.7890625 0.0 12.69140625 0.0 0.0 26.109375 0.0 5.8064422607421875
154512739551 0.0078125 0.0 0.0 0.005078125 0.005078125 -0.005078125 -0.005078125 0.0 12.65625 0.0 0.0 26.30078125 0.0 12.55078125 0.0 0.0 28.98046875 0.0 12.7265625 0.0 0.0 29.74609375 0.0 12.69140625 0.0 0.0 26.109375 0.0 5.81622314453125
154512739723 0.0078125 0.0 0.0 0.005078125 0.005078125 -0.005078125 -0.005078125 0.0 12.65625 0.0 0.0 26.68359375 0.0 12.55078125 0.0 0.0 29.171875 0.0 12.7265625 0.0 0.0 29.5546875 0.0 12.69140625 0.0 0.0 26.30078125 0.0 5.8064422607421875
154512739889 0.0078125 0.0 0.0 0.005078125 0.005078125 -0.005078125 -0.005078125 0.0 12.69140625 0.0 0.0 26.109375 0.0 12.55078125 0.0 0.0 29.171875 0.0 12.7265625 0.0 0.0 29.5546875 0.0 12.69140625 0.0 0.0 26.109375 0.0 5.8064422607421875
154512740079 0.0078125 0.0 0.0 0.005078125 0.005078125 -0.005078125 -0.005078125 0.0 12.65625 0.0 0.0 26.30078125 0.0 12.55078125 0.0 0.0 29.171875 0.0 12.7265625 0.0 0.0 29.5546875 0.0 12.69140625 0.0 0.0 26.109375 0.0 5.81622314453125
154512740258 0.0078125 0.0 0.0 0.005078125 0.005078125 -0.005078125 -0.005078125 0.0 12.65625 0.0 0.0 26.875 0.0 12.55078125 0.0 0.0 28.98046875 0.0 12.7265625 0.0 0.0 29.36328125 0.0 12.69140625 0.0 0.0 26.30078125 0.0 5.8064422607421875
154512740452 0.0078125 0.0 0.0 0.005078125 0.005078125 -0.005078125 -0.005078125 0.0 12.69140625 0.0 0.0 26.875 0.0 12.55078125 0.0 0.0 29.74609375 0.0 12.7265625 0.0 0.0 29.36328125 0.0 12.69140625 0.0 0.0 25.7265625 0.0 5.8064422607421875
154512740626 0.0078125 0.0 0.0 0.005078125 0.005078125 -0.005078125 -0.005078125 0.0 12.69140625 0.0 0.0 26.4921875 0.0 12.55078125 0.0 0.0 28.59765625 0.0 12.7265625 0.0 0.0 28.7890625 0.0 12.69140625 0.0 0.0 26.4921875 0.0 5.8064422607421875
154512740799 0.0078125 0.0 0.0 0.005078125 0.005078125 -0.005078125 -0.005078125 0.0 12.65625 0.0 0.0 26.4921875 0.0 12.55078125 0.0 0.0 29.171875 0.0 12.7265625 0.0 0.0 29.171875 0.0 12.69140625 0.0 0.0 26.30078125 0.0 5.81622314453125
154512740979 0.0078125 0.0 0.0 0.005078125 0.005078125 -0.005078125 -0.005078125 0.0 12.65625 0.0 0.0 25.91796875 0.0 12.55078125 0.0 0.0 29.171875 0.0 12.7265625 0.0 0.0 29.171875 0.0 12.69140625 0.0 0.0 26.109375 0.0 5.8064422607421875
154512741165 0.0078125 0.0 0.0 0.005078125 0.005078125 -0.005078125 -0.005078125 0.0 12.65625 0.0 0.0 26.4921875 0.0 12.55078125 0.0 0.0 28.59765625 0.0 12.7265625 0.0 0.0 29.36328125 0.0 12.69140625 0.0 0.0 26.109375 0.0 5.8064422607421875
154512741347 0.0078125 0.0 0.0 0.005078125 0.005078125 -0.005078125 -0.005078125 0.0 12.69140625 0.0 0.0 26.4921875 0.0 12.55078125 0.0 0.0 29.5546875 0.0 12.7265625 0.0 0.0 29.36328125 0.0 12.69140625 0.0 0.0 26.68359375 0.0 5.81622314453125
154512741524 0.0078125 0.0 0.0 0.005078125 0.005078125 -0.005078125 -0.005078125 0.0 12.65625 0.0 0.0 26.4921875 0.0 12.55078125 0.0 0.0 28.7890625 0.0 12.7265625 0.0 0.0 29.171875 0.0 12.69140625 0.0 0.0 25.7265625 0.0 5.8064422607421875
154512741697 0.0078125 0.0 0.0 0.005078125 0.005078125 -0.005078125 -0.005078125 0.0 12.65625 0.0 0.0 26.68359375 0.0 12.55078125 0.0 0.0 28.98046875 0.0 12.7265625 0.0 0.0 29.36328125 0.0 12.69140625 0.0 0.0 26.30078125 0.0 5.8064422607421875
154512741879 0.0078125 0.0 0.0 0.005078125 0.005078125 -0.005078125 -0.005078125 0.0 12.65625 0.0 0.0 26.30078125 0.0 12.55078125 0.0 0.0 28.98046875 0.0 12.7265625 0.0 0.0 29.36328125 0.0 12.69140625 0.0 0.0 26.109375 0.0 5.8064422607421875
154512742058 0.0078125 0.0 0.0 0.005078125 0.005078125 -0.005078125 -0.005078125 0.0 12.69140625 0.0 0.0 26.4921875 0.0 12.55078125 0.0 0.0 28.21484375 0.0 12.7265625 0.0 0.0 29.74609375 0.0 12.69140625 0.0 0.0 26.109375 0.0 5.8064422607421875
154512742238 0.0078125 0.0 0.0 0.005078125 0.005078125 -0.005078125 -0.005078125 0.0 12.69140625 0.0 0.0 26.4921875 0.0 12.5859375 0.0 0.0 29.36328125 0.0 12.76171875 0.0 0.0 29.36328125 0.0 12.69140625 0.0 0.0 26.109375 0.0 5.8064422607421875
154512742418 0.0078125 0.0 0.0 0.005078125 0.005078125 -0.005078125 -0.005078125 0.0 12.65625 0.0 0.0 26.4921875 0.0 12.55078125 0.0 0.0 28.7890625 0.0 12.7265625 0.0 0.0 28.98046875 0.0 12.69140625 0.0 0.0 26.4921875 0.0 5.8064422607421875
154512742591 0.0078125 0.0 0.0 0.005078125 0.005078125 -0.005078125 -0.005078125 0.0 12.69140625 0.0 0.0 25.34375 0.0 12.55078125 0.0 0.0 28.7890625 0.0 12.7265625 0.0 0.0 29.171875 0.0 12.69140625 0.0 0.0 25.53515625 0.0 5.8064422607421875
154512742765 0.0078125 0.0 0.0 0.005078125 0.005078125 -0.005078125 -0.005078125 0.0 12.65625 0.0 0.0 26.4921875 0.0 12.55078125 0.0 0.0 29.5546875 0.0 12.7265625 0.0 0.0 29.74609375 0.0 12.69140625 0.0 0.0 25.91796875 0.0 5.8064422607421875
154512742943 0.0078125 0.0 0.0 0.005078125 0.005078125 -0.005078125 -0.005078125 0.0 12.69140625 0.0 0.0 26.68359375 0.0 12.55078125 0.0 0.0 30.703125 0.0 12.7265625 0.0 0.0 29.36328125 0.0 12.69140625 0.0 0.0 26.30078125 0.0 5.796661376953125
154512743125 0.0078125 0.0 0.0 0.005078125 0.005078125 -0.005078125 -0.005078125 0.0 12.69140625 0.0 0.0 26.109375 0.0 12.55078125 0.0 0.0 28.7890625 0.0 12.7265625 0.0 0.0 29.9375 0.0 12.69140625 0.0 0.0 26.109375 0.0 5.8064422607421875
154512743293 0.0078125 0.0 0.0 0.005078125 0.005078125 -0.005078125 -0.005078125 0.0 12.69140625 0.0 0.0 26.68359375 0.0 12.55078125 0.0 0.0 28.40625 0.0 12.7265625 0.0 0.0 29.171875 0.0 12.69140625 0.0 0.0 26.4921875 0.0 5.8064422607421875
154512743504 0.0078125 0.0 0.0 0.005078125 0.005078125 -0.005078125 -0.005078125 0.0 12.69140625 0.0 0.0 26.4921875 0.0 12.55078125 0.0 0.0 28.7890625 0.0 12.7265625 0.0 0.0 29.36328125 0.0 12.69140625 0.0 0.0 25.7265625 0.0 5.8064422607421875
154512743745 0.0078125 0.0 0.0 0.005078125 0.005078125 -0.005078125 -0.005078125 0.0 12.69140625 0.0 0.0 27.2578125 0.0 12.55078125 0.0 0.0 29.171875 0.0 12.7265625 0.0 0.0 29.5546875 0.0 12.69140625 0.0 0.0 26.4921875 0.0 5.81622314453125
154512743926 0.0078125 0.0 0.0 0.005078125 0.005078125 -0.005078125 -0.005078125 0.0 12.69140625 0.0 0.0 26.30078125 0.0 12.55078125 0.0 0.0 28.7890625 0.0 12.7265625 0.0 0.0 29.5546875 0.0 12.69140625 0.0 0.0 26.68359375 0.0 5.796661376953125
154512744105 0.0078125 0.0 0.0 0.005078125 0.005078125 -0.005078125 -0.005078125 0.0 12.69140625 0.0 0.0 26.4921875 0.0 12.55078125 0.0 0.0 29.171875 0.0 12.76171875 0.0 0.0 29.5546875 0.0 12.69140625 0.0 0.0 25.7265625 0.0 5.81622314453125
154512744284 0.0078125 0.0 0.0 0.005078125 0.005078125 -0.005078125 -0.005078125 0.0 12.65625 0.0 0.0 27.83203125 0.0 12.55078125 0.0 0.0 28.98046875 0.0 12.76171875 0.0 0.0 29.171875 0.0 12.69140625 0.0 0.0 26.30078125 0.0 5.8064422607421875
154512744456 0.0078125 0.0 0.0 0.005078125 0.005078125 -0.005078125 -0.005078125 0.0 12.65625 0.0 0.0 26.875 0.0 12.55078125 0.0 0.0 28.98046875 0.0 12.7265625 0.0 0.0 29.36328125 0.0 12.69140625 0.0 0.0 26.875 0.0 5.8064422607421875
154512744625 0.0078125 0.0 0.0 0.005078125 0.005078125 -0.005078125 -0.005078125 0.0 12.65625 0.0 0.0 25.91796875 0.0 12.55078125 0.0 0.0 28.98046875 0.0 12.7265625 0.0 0.0 29.171875 0.0 12.69140625 0.0 0.0 26.109375 0.0 5.8064422607421875
154512744805 0.0078125 0.0 0.0 0.005078125 0.005078125 -0.005078125 -0.005078125 0.0 12.69140625 0.0 0.0 26.109375 0.0 12.55078125 0.0 0.0 29.171875 0.0 12.7265625 0.0 0.0 28.98046875 0.0 12.69140625 0.0 0.0 26.30078125 0.0 5.8064422607421875
154512744979 0.0078125 0.0 0.0 0.005078125 0.005078125 -0.005078125 -0.005078125 0.0 12.69140625 0.0 0.0 27.44921875 0.0 12.55078125 0.0 0.0 28.7890625 0.0 12.7265625 0.0 0.0 29.36328125 0.0 12.69140625 0.0 0.0 26.4921875 0.0 5.8064422607421875
154512745157 0.0078125 0.0 0.0 0.005078125 0.005078125 -0.005078125 -0.005078125 0.0 12.69140625 0.0 0.0 27.44921875 0.0 12.5859375 0.0 0.0 28.98046875 0.0 12.7265625 0.0 0.0 29.74609375 0.0 12.69140625 0.0 0.0 26.30078125 0.0 5.8064422607421875
154512745336 0.0078125 0.0 0.0 0.005078125 0.005078125 -0.005078125 -0.005078125 0.0 12.69140625 0.0 0.0 26.875 0.0 12.55078125 0.0 0.0 28.7890625 0.0 12.7265625 0.0 0.0 29.5546875 0.0 12.69140625 0.0 0.0 25.91796875 0.0 5.8064422607421875
154512745516 0.0078125 0.0 0.0 0.005078125 0.005078125 -0.005078125 -0.005078125 0.0 12.65625 0.0 0.0 26.109375 0.0 12.5859375 0.0 0.0 28.40625 0.0 12.7265625 0.0 0.0 29.74609375 0.0 12.69140625 0.0 0.0 26.30078125 0.0 5.8064422607421875
154512745690 0.0078125 0.0 0.0 0.005078125 0.005078125 -0.005078125 -0.005078125 0.0 12.69140625 0.0 0.0 26.109375 0.0 12.5859375 0.0 0.0 28.98046875 0.0 12.76171875 0.0 0.0 29.5546875 0.0 12.69140625 0.0 0.0 26.68359375 0.0 5.8064422607421875
154512745879 0.0078125 0.0 0.0 0.005078125 0.005078125 -0.005078125 -0.005078125 0.0 12.69140625 0.0 0.0 26.875 0.0 12.55078125 0.0 0.0 28.98046875 0.0 12.7265625 0.0 0.0 29.36328125 0.0 12.69140625 0.0 0.0 26.4921875 0.0 5.81622314453125
154512746056 0.0078125 0.0 0.0 0.005078125 0.005078125 -0.005078125 -0.005078125 0.0 12.69140625 0.0 0.0 26.4921875 0.0 12.55078125 0.0 0.0 28.7890625 0.0 12.7265625 0.0 0.0 29.5546875 0.0 12.69140625 0.0 0.0 26.4921875 0.0 5.8064422607421875
154512746229 0.0078125 0.0 0.0 0.005078125 0.005078125 -0.005078125 -0.005078125 0.0 12.69140625 0.0 0.0 26.4921875 0.0 12.55078125 0.0 0.0 29.9375 0.0 12.7265625 0.0 0.0 28.98046875 0.0 12.69140625 0.0 0.0 26.109375 0.0 5.8064422607421875
154512746405 0.0078125 0.0 0.0 0.005078125 0.005078125 -0.005078125 -0.005078125 0.0 12.69140625 0.0 0.0 26.109375 0.0 12.55078125 0.0 0.0 29.36328125 0.0 12.76171875 0.0 0.0 29.74609375 0.0 12.65625 0.0 0.0 26.30078125 0.0 5.8064422607421875
154512746591 0.0078125 0.0 0.0 0.005078125 0.005078125 -0.005078125 -0.005078125 0.0 12.65625 0.0 0.0 27.06640625 0.0 12.5859375 0.0 0.0 28.40625 0.0 12.7265625 0.0 0.0 29.171875 0.0 12.69140625 0.0 0.0 26.68359375 0.0 5.8064422607421875
154512746763 0.0078125 0.0 0.0 0.005078125 0.005078125 -0.005078125 -0.005078125 0.0 12.69140625 0.0 0.0 26.68359375 0.0 12.55078125 0.0 0.0 29.171875 0.0 12.7265625 0.0 0.0 29.74609375 0.0 12.69140625 0.0 0.0 26.30078125 0.0 5.8064422607421875
154512746937 0.0078125 0.0 0.0 0.005078125 0.005078125 -0.005078125 -0.005078125 0.0 12.65625 0.0 0.0 26.109375 0.0 12.55078125 0.0 0.0 28.7890625 0.0 12.7265625 0.0 0.0 29.171875 0.0 12.69140625 0.0 0.0 26.875 0.0 5.8064422607421875
154512747106 0.0078125 0.0 0.0 0.005078125 0.005078125 -0.005078125 -0.005078125 0.0 12.69140625 0.0 0.0 26.30078125 0.0 12.55078125 0.0 0.0 29.36328125 0.0 12.7265625 0.0 0.0 29.74609375 0.0 12.69140625 0.0 0.0 26.68359375 0.0 5.81622314453125
154512747285 0.0078125 0.0 0.0 0.005078125 0.005078125 -0.005078125 -0.005078125 0.0 12.69140625 0.0 0.0 26.30078125 0.0 12.5859375 0.0 0.0 29.5546875 0.0 12.7265625 0.0 0.0 30.12890625 0.0 12.69140625 0.0 0.0 26.30078125 0.0 5.8064422607421875
154512747464 0.0078125 0.0 0.0 0.005078125 0.005078125 -0.005078125 -0.005078125 0.0 12.69140625 0.0 0.0 26.30078125 0.0 12.5859375 0.0 0.0 28.40625 0.0 12.7265625 0.0 0.0 28.7890625 0.0 12.69140625 0.0 0.0 26.30078125 0.0 5.81622314453125
154512747637 0.0078125 0.0 0.0 0.005078125 0.005078125 -0.005078125 -0.005078125 0.0 12.69140625 0.0 0.0 26.875 0.0 12.55078125 0.0 0.0 28.7890625 0.0 12.7265625 0.0 0.0 29.171875 0.0 12.69140625 0.0 0.0 26.4921875 0.0 5.796661376953125
154512747824 0.0078125 0.0 0.0 0.005078125 0.005078125 -0.005078125 -0.005078125 0.0 12.69140625 0.0 0.0 26.875 0.0 12.5859375 0.0 0.0 29.36328125 0.0 12.76171875 0.0 0.0 28.98046875 0.0 12.69140625 0.0 0.0 26.4921875 0.0 5.8064422607421875
154512747997 0.0078125 0.0 0.0 0.005078125 0.005078125 -0.005078125 -0.005078125 0.0 12.69140625 0.0 0.0 25.53515625 0.0 12.5859375 0.0 0.0 29.36328125 0.0 12.7265625 0.0 0.0 29.36328125 0.0 12.69140625 0.0 0.0 26.109375 0.0 5.8064422607421875
154512748183 0.0078125 0.0 0.0 0.005078125 0.005078125 -0.005078125 -0.005078125 0.0 12.69140625 0.0 0.0 26.4921875 0.0 12.55078125 0.0 0.0 29.171875 0.0 12.7265625 0.0 0.0 29.5546875 0.0 12.69140625 0.0 0.0 25.7265625 0.0 5.8064422607421875
154512748344 0.0078125 0.0 0.0 0.005078125 0.005078125 -0.005078125 -0.005078125 0.0 12.65625 0.0 0.0 26.4921875 0.0 12.55078125 0.0 0.0 29.171875 0.0 12.76171875 0.0 0.0 29.5546875 0.0 12.69140625 0.0 0.0 26.68359375 0.0 5.8064422607421875
154512748516 0.0078125 0.0 0.0 0.005078125 0.005078125 -0.005078125 -0.005078125 0.0 12.69140625 0.0 0.0 26.875 0.0 12.55078125 0.0 0.0 29.171875 0.0 12.7265625 0.0 0.0 29.5546875 0.0 12.69140625 0.0 0.0 26.30078125 0.0 5.8064422607421875
154512748692 0.0078125 0.0 0.0 0.005078125 0.005078125 -0.005078125 -0.005078125 0.0 12.69140625 0.0 0.0 26.109375 0.0 12.5859375 0.0 0.0 28.7890625 0.0 12.7265625 0.0 0.0 28.98046875 0.0 12.69140625 0.0 0.0 26.109375 0.0 5.8064422607421875
154512748870 0.0078125 0.0 0.0 0.005078125 0.005078125 -0.005078125 -0.005078125 0.0 12.69140625 0.0 0.0 25.34375 0.0 12.55078125 0.0 0.0 29.171875 0.0 12.7265625 0.0 0.0 29.36328125 0.0 12.69140625 0.0 0.0 26.4921875 0.0 5.8064422607421875
154512749046 0.0078125 0.0 0.0 0.005078125 0.005078125 -0.005078125 -0.005078125 0.0 12.69140625 0.0 0.0 26.68359375 0.0 12.5859375 0.0 0.0 28.7890625 0.0 12.76171875 0.0 0.0 29.171875 0.0 12.69140625 0.0 0.0 26.30078125 0.0 5.8064422607421875
154512749212 0.0078125 0.0 0.0 0.005078125 0.005078125 -0.005078125 -0.005078125 0.0 12.69140625 0.0 0.0 26.68359375 0.0 12.5859375 0.0 0.0 29.171875 0.0 12.76171875 0.0 0.0 29.36328125 0.0 12.69140625 0.0 0.0 26.109375 0.0 5.8064422607421875
154512749378 0.0078125 0.0 0.0 0.005078125 0.005078125 -0.005078125 -0.005078125 0.0 12.69140625 0.0 0.0 27.06640625 0.0 12.5859375 0.0 0.0 28.59765625 0.0 12.7265625 0.0 0.0 29.171875 0.0 12.69140625 0.0 0.0 26.875 0.0 5.8064422607421875
154512749558 0.0078125 0.0 0.0 0.005078125 0.005078125 -0.005078125 -0.005078125 0.0 12.69140625 0.0 0.0 26.30078125 0.0 12.55078125 0.0 0.0 29.171875 0.0 12.7265625 0.0 0.0 29.5546875 0.0 12.7265625 0.0 0.0 26.30078125 0.0 5.8064422607421875
154512749758 0.0078125 0.0 0.0 0.005078125 0.005078125 -0.005078125 -0.005078125 0.0 12.69140625 0.0 0.0 26.875 0.0 12.55078125 0.0 0.0 29.36328125 0.0 12.7265625 0.0 0.0 29.36328125 0.0 12.69140625 0.0 0.0 26.4921875 0.0 5.8064422607421875
154512749924 0.0078125 0.0 0.0 0.005078125 0.005078125 -0.005078125 -0.005078125 0.0 12.69140625 0.0 0.0 27.06640625 0.0 12.5859375 0.0 0.0 29.36328125 0.0 12.7265625 0.0 0.0 29.36328125 0.0 12.69140625 0.0 0.0 25.91796875 0.0 5.8064422607421875
154512750100 0.0078125 0.0 0.0 0.005078125 0.005078125 -0.005078125 -0.005078125 0.0 12.65625 0.0 0.0 25.53515625 0.0 12.55078125 0.0 0.0 29.171875 0.0 12.7265625 0.0 0.0 29.5546875 0.0 12.69140625 0.0 0.0 26.4921875 0.0 5.8064422607421875
154512750278 0.0078125 0.0 0.0 0.005078125 0.005078125 -0.005078125 -0.005078125 0.0 12.69140625 0.0 0.0 27.2578125 0.0 12.55078125 0.0 0.0 29.171875 0.0 12.7265625 0.0 0.0 29.74609375 0.0 12.69140625 0.0 0.0 26.4921875 0.0 5.8064422607421875
154512750457 0.0078125 0.0 0.0 0.005078125 0.005078125 -0.005078125 -0.005078125 0.0 12.69140625 0.0 0.0 26.4921875 0.0 12.55078125 0.0 0.0 29.5546875 0.0 12.7265625 0.0 0.0 29.171875 0.0 12.69140625 0.0 0.0 25.91796875 0.0 5.8064422607421875
154512750633 0.0078125 0.0 0.0 0.005078125 0.005078125 -0.005078125 -0.005078125 0.0 12.69140625 0.0 0.0 26.68359375 0.0 12.5859375 0.0 0.0 28.7890625 0.0 12.7265625 0.0 0.0 29.36328125 0.0 12.69140625 0.0 0.0 26.4921875 0.0 5.81622314453125
154512750807 0.0078125 0.0 0.0 0.005078125 0.005078125 -0.005078125 -0.005078125 0.0 12.69140625 0.0 0.0 26.68359375 0.0 12.55078125 0.0 0.0 29.36328125 0.0 12.7265625 0.0 0.0 29.74609375 0.0 12.69140625 0.0 0.0 25.7265625 0.0 5.8064422607421875
154512750973 0.0078125 0.0 0.0 0.005078125 0.005078125 -0.005078125 -0.005078125 0.0 12.69140625 0.0 0.0 26.4921875 0.0 12.55078125 0.0 0.0 28.98046875 0.0 12.76171875 0.0 0.0 29.171875 0.0 12.69140625 0.0 0.0 25.7265625 0.0 5.8064422607421875
154512751158 0.0078125 0.0 0.0 0.005078125 0.005078125 -0.005078125 -0.005078125 0.0 12.65625 0.0 0.0 26.875 0.0 12.5859375 0.0 0.0 29.171875 0.0 12.76171875 0.0 0.0 29.171875 0.0 12.69140625 0.0 0.0 26.30078125 0.0 5.81622314453125
154512751326 0.0078125 0.0 0.0 0.005078125 0.005078125 -0.005078125 -0.005078125 0.0 12.69140625 0.0 0.0 26.4921875 0.0 12.5859375 0.0 0.0 28.98046875 0.0 12.76171875 0.0 0.0 28.98046875 0.0 12.69140625 0.0 0.0 26.30078125 0.0 5.8064422607421875
154512751498 0.0078125 0.0 0.0 0.005078125 0.005078125 -0.005078125 -0.005078125 0.0 12.69140625 0.0 0.0 26.109375 0.0 12.5859375 0.0 0.0 28.98046875 0.0 12.7265625 0.0 0.0 29.171875 0.0 12.69140625 0.0 0.0 26.4921875 0.0 5.81622314453125
154512751684 0.0078125 0.0 0.0 0.005078125 0.005078125 -0.005078125 -0.005078125 0.0 12.69140625 0.0 0.0 27.44921875 0.0 12.55078125 0.0 0.0 29.36328125 0.0 12.7265625 0.0 0.0 29.5546875 0.0 12.69140625 0.0 0.0 26.875 0.0 5.8064422607421875
154512751857 0.0078125 0.0 0.0 0.005078125 0.005078125 -0.005078125 -0.005078125 0.0 12.69140625 0.0 0.0 27.06640625 0.0 12.5859375 0.0 0.0 27.83203125 0.0 12.7265625 0.0 0.0 29.36328125 0.0 12.69140625 0.0 0.0 26.4921875 0.0 5.81622314453125
154512752038 0.0078125 0.0 0.0 0.005078125 0.005078125 -0.005078125 -0.005078125 0.0 12.69140625 0.0 0.0 26.109375 0.0 12.55078125 0.0 0.0 29.171875 0.0 12.76171875 0.0 0.0 29.5546875 0.0 12.69140625 0.0 0.0 26.30078125 0.0 5.8064422607421875
154512752219 0.0078125 0.0 0.0 0.005078125 0.005078125 -0.005078125 -0.005078125 0.0 12.69140625 0.0 0.0 26.875 0.0 12.55078125 0.0 0.0 29.171875 0.0 12.7265625 0.0 0.0 29.36328125 0.0 12.69140625 0.0 0.0 26.875 0.0 5.796661376953125
154512752397 0.0078125 0.0 0.0 0.005078125 0.005078125 -0.005078125 -0.005078125 0.0 12.69140625 0.0 0.0 26.68359375 0.0 12.55078125 0.0 0.0 28.7890625 0.0 12.76171875 0.0 0.0 29.74609375 0.0 12.69140625 0.0 0.0 26.4921875 0.0 5.8064422607421875
154512752566 0.0078125 0.0 0.0 0.005078125 0.005078125 -0.005078125 -0.005078125 0.0 12.69140625 0.0 0.0 26.109375 0.0 12.5859375 0.0 0.0 28.98046875 0.0 12.7265625 0.0 0.0 29.5546875 0.0 12.69140625 0.0 0.0 26.4921875 0.0 5.8064422607421875
154512752765 0.0078125 0.0 0.0 0.005078125 0.005078125 -0.005078125 -0.005078125 0.0 12.69140625 0.0 0.0 27.06640625 0.0 12.5859375 0.0 0.0 29.5546875 0.0 12.76171875 0.0 0.0 29.5546875 0.0 12.69140625 0.0 0.0 26.109375 0.0 5.8064422607421875
154512752948 0.0078125 0.0 0.0 0.005078125 0.005078125 -0.005078125 -0.005078125 0.0 12.69140625 0.0 0.0 26.4921875 0.0 12.55078125 0.0 0.0 29.74609375 0.0 12.76171875 0.0 0.0 29.9375 0.0 12.69140625 0.0 0.0 26.68359375 0.0 5.8064422607421875
154512753130 0.0078125 0.0 0.0 0.005078125 0.005078125 -0.005078125 -0.005078125 0.0 12.69140625 0.0 0.0 26.875 0.0 12.5859375 0.0 0.0 28.59765625 0.0 12.76171875 0.0 0.0 29.5546875 0.0 12.69140625 0.0 0.0 26.68359375 0.0 5.8064422607421875
154512753318 0.0078125 0.0 0.0 0.005078125 0.005078125 -0.005078125 -0.005078125 0.0 12.69140625 0.0 0.0 26.109375 0.0 12.55078125 0.0 0.0 28.7890625 0.0 12.76171875 0.0 0.0 29.36328125 0.0 12.69140625 0.0 0.0 26.109375 0.0 5.8064422607421875
154512753489 0.0078125 0.0 0.0 0.005078125 0.005078125 -0.005078125 -0.005078125 0.0 12.69140625 0.0 0.0 26.109375 0.0 12.55078125 0.0 0.0 29.5546875 0.0 12.76171875 0.0 0.0 29.5546875 0.0 12.69140625 0.0 0.0 26.109375 0.0 5.8064422607421875
154512753665 0.0078125 0.0 0.0 0.005078125 0.005078125 -0.005078125 -0.005078125 0.0 12.69140625 0.0 0.0 26.68359375 0.0 12.55078125 0.0 0.0 29.36328125 0.0 12.76171875 0.0 0.0 29.36328125 0.0 12.69140625 0.0 0.0 26.4921875 0.0 5.8064422607421875
154512753832 0.0078125 0.0 0.0 0.005078125 0.005078125 -0.005078125 -0.005078125 0.0 12.69140625 0.0 0.0 26.30078125 0.0 12.55078125 0.0 0.0 29.171875 0.0 12.7265625 0.0 0.0 29.5546875 0.0 12.69140625 0.0 0.0 26.30078125 0.0 5.8064422607421875
154512754012 0.0078125 0.0 0.0 0.005078125 0.005078125 -0.005078125 -0.005078125 0.0 12.69140625 0.0 0.0 26.68359375 0.0 12.5859375 0.0 0.0 28.7890625 0.0 12.76171875 0.0 0.0 29.5546875 0.0 12.69140625 0.0 0.0 25.7265625 0.0 5.81622314453125
154512754198 0.0078125 0.0 0.0 0.005078125 0.005078125 -0.005078125 -0.005078125 0.0 12.69140625 0.0 0.0 27.2578125 0.0 12.5859375 0.0 0.0 29.171875 0.0 12.7265625 0.0 0.0 29.5546875 0.0 12.69140625 0.0 0.0 26.109375 0.0 5.8064422607421875
154512754367 0.0078125 0.0 0.0 0.005078125 0.005078125 -0.005078125 -0.005078125 0.0 12.65625 0.0 0.0 26.30078125 0.0 12.55078125 0.0 0.0 28.7890625 0.0 12.7265625 0.0 0.0 29.74609375 0.0 12.69140625 0.0 0.0 26.68359375 0.0 5.8064422607421875
154512754549 0.0078125 0.0 0.0 0.005078125 0.005078125 -0.005078125 -0.005078125 0.0 12.69140625 0.0 0.0 26.4921875 0.0 12.5859375 0.0 0.0 28.98046875 0.0 12.76171875 0.0 0.0 29.36328125 0.0 12.69140625 0.0 0.0 26.68359375 0.0 5.8064422607421875
154512754732 0.0078125 0.0 0.0 0.005078125 0.005078125 -0.005078125 -0.005078125 0.0 12.69140625 0.0 0.0 26.875 0.0 12.55078125 0.0 0.0 29.171875 0.0 12.7265625 0.0 0.0 29.5546875 0.0 12.69140625 0.0 0.0 26.109375 0.0 5.8064422607421875
154512754906 0.0078125 0.0 0.0 0.005078125 0.005078125 -0.005078125 -0.005078125 0.0 12.69140625 0.0 0.0 27.06640625 0.0 12.5859375 0.0 0.0 30.12890625 0.0 12.76171875 0.0 0.0 29.36328125 0.0 12.69140625 0.0 0.0 26.875 0.0 5.81622314453125
154512755077 0.0078125 0.0 0.0 0.005078125 0.005078125 -0.005078125 -0.005078125 0.0 12.69140625 0.0 0.0 26.4921875 0.0 12.5859375 0.0 0.0 30.3203125 0.0 12.7265625 0.0 0.0 29.9375 0.0 12.65625 0.0 0.0 26.4921875 0.0 5.796661376953125
154512755252 0.0078125 0.0 0.0 0.005078125 0.005078125 -0.005078125 -0.005078125 0.0 12.69140625 0.0 0.0 26.4921875 0.0 12.55078125 0.0 0.0 28.7890625 0.0 12.76171875 0.0 0.0 29.171875 0.0 12.69140625 0.0 0.0 26.109375 0.0 5.8064422607421875
154512755431 0.0078125 0.0 0.0 0.005078125 0.005078125 -0.005078125 -0.005078125 0.0 12.69140625 0.0 0.0 26.109375 0.0 12.55078125 0.0 0.0 29.171875 0.0 12.76171875 0.0 0.0 29.36328125 0.0 12.69140625 0.0 0.0 25.91796875 0.0 5.8064422607421875
154512755617 0.0078125 0.0 0.0 0.005078125 0.005078125 -0.005078125 -0.005078125 0.0 12.69140625 0.0 0.0 26.875 0.0 12.5859375 0.0 0.0 28.98046875 0.0 12.7265625 0.0 0.0 29.171875 0.0 12.69140625 0.0 0.0 26.875 0.0 5.81622314453125
154512755805 0.0078125 0.0 0.0 0.005078125 0.005078125 -0.005078125 -0.005078125 0.0 12.69140625 0.0 0.0 25.15234375 0.0 12.55078125 0.0 0.0 29.36328125 0.0 12.7265625 0.0 0.0 29.171875 0.0 12.69140625 0.0 0.0 26.68359375 0.0 5.8064422607421875
154512755989 0.0078125 0.0 0.0 0.005078125 0.005078125 -0.005078125 -0.005078125 0.0 12.69140625 0.0 0.0 26.68359375 0.0 12.5859375 0.0 0.0 29.36328125 0.0 12.76171875 0.0 0.0 29.36328125 0.0 12.69140625 0.0 0.0 26.109375 0.0 5.8064422607421875
154512756178 0.0078125 0.0 0.0 0.005078125 0.005078125 -0.005078125 -0.005078125 0.0 12.69140625 0.0 0.0 26.109375 0.0 12.55078125 0.0 0.0 29.36328125 0.0 12.76171875 0.0 0.0 28.98046875 0.0 12.69140625 0.0 0.0 26.109375 0.0 5.8064422607421875
154512756357 0.0078125 0.0 0.0 0.005078125 0.005078125 -0.005078125 -0.005078125 0.0 12.65625 0.0 0.0 26.875 0.0 12.5859375 0.0 0.0 28.98046875 0.0 12.76171875 0.0 0.0 29.36328125 0.0 12.69140625 0.0 0.0 26.4921875 0.0 5.796661376953125
154512756507 0.0078125 0.0 0.0 0.005078125 0.005078125 -0.005078125 -0.005078125 0.0 12.69140625 0.0 0.0 27.2578125 0.0 12.5859375 0.0 0.0 28.98046875 0.0 12.7265625 0.0 0.0 28.98046875 0.0 12.69140625 0.0 0.0 26.4921875 0.0 5.8064422607421875
