Timestamp Driver_Joy_Y Driver_Joy_X Driver_Joy_W FL_Out BL_Out BR_Out FR_Out FL_Jag_Speed FL_Bus_Voltage FL_Out_Voltage FL_Out_Current FL_Temp BL_Jag_Speed BL_Bus_Voltage BL_Out_Voltage BL_Out_Current BL_Temp BR_Jag_Speed BR_Bus_Voltage BR_Out_Voltage BR_Out_Current BR_Temp FR_Jag_Speed FR_Bus_Voltage FR_Out_Voltage FR_Out_Current FR_Temp
154510733973 0.0078125 0.0 0.0 0.022480930118110233 0.022480930118110237 0.03263718011811024 0.03263718011811023 0.0 12.9375 0.0 0.0 22.85546875 0.0 12.83203125 0.0 0.0 26.109375 0.0 13.0078125 0.0 0.0 24.9609375 0.0 12.97265625 0.0 0.0 22.85546875 0.0 5.7380218505859375
154510734148 0.0078125 0.0 0.0 -0.005078125000000001 -0.005078124999999999 0.005078125000000001 0.005078124999999999 0.0 12.90234375 0.0 0.0 22.85546875 0.0 12.83203125 0.0 0.0 25.34375 0.0 13.0078125 0.0 0.0 25.7265625 0.0 12.9375 0.0 0.0 23.8125 0.0 5.728240966796875
154510734328 0.0078125 0.0 0.0 -0.005078125000000001 -0.005078124999999999 0.005078125000000001 0.005078124999999999 0.0 12.9375 0.0 0.0 23.046875 0.0 12.796875 0.0 0.0 26.109375 0.0 13.0078125 0.0 0.0 25.7265625 0.0 12.97265625 0.0 0.0 22.85546875 0.0 5.728240966796875
154510734500 0.0078125 0.0 0.0 -0.005078125000000001 -0.005078124999999999 0.005078125000000001 0.005078124999999999 0.0 12.90234375 0.0 0.0 23.4296875 0.0 12.83203125 0.0 0.0 25.7265625 0.0 12.97265625 0.0 0.0 25.7265625 0.0 12.9375 0.0 0.0 23.4296875 0.0 5.728240966796875
154510734667 0.0078125 0.0 0.0 -0.005078125000000001 -0.005078124999999999 0.005078125000000001 0.005078124999999999 0.0 12.9375 0.0 0.0 23.4296875 0.0 12.83203125 0.0 0.0 25.7265625 0.0 13.0078125 0.0 0.0 26.109375 0.0 12.9375 0.0 0.0 22.85546875 0.0 5.728240966796875
154510734843 0.0078125 0.0 0.0 -0.005078125000000001 -0.005078124999999999 0.005078125000000001 0.005078124999999999 0.0 12.9375 0.0 0.0 23.23828125 0.0 12.83203125 0.0 0.0 25.34375 12.710433959960938 13.0078125 0.0 0.0 25.53515625 0.0 12.97265625 0.0 0.0 24.00390625 0.0 5.728240966796875
154510735023 0.0078125 0.0 0.0 -0.005078125000000001 -0.005078124999999999 0.005078125000000001 0.005078124999999999 0.0 12.9375 0.0 0.0 23.046875 0.0 12.796875 0.0 0.0 24.9609375 24.151992797851562 13.0078125 0.0 0.0 24.9609375 0.0 12.97265625 0.0 0.0 23.8125 0.0 5.728240966796875
154510735201 0.0078125 0.0 0.0 -0.005078125000000001 -0.005078124999999999 0.005078125000000001 0.005078124999999999 0.0 12.9375 0.0 0.0 23.4296875 0.0 12.83203125 0.0 0.0 25.7265625 7.95550537109375 13.0078125 0.0 0.0 25.7265625 0.0 12.9375 0.0 0.0 23.62109375 0.0 5.7380218505859375
154510735386 0.0078125 0.0 0.0 -0.005078125000000001 -0.005078124999999999 0.005078125000000001 0.005078124999999999 0.0 12.9375 0.0 0.0 23.4296875 0.0 12.83203125 0.0 0.0 25.53515625 0.0 13.0078125 0.0 0.0 25.53515625 0.0 12.9375 0.0 0.0 22.85546875 0.0 5.728240966796875
154510735559 0.0078125 0.0 0.0 -0.005078125000000001 -0.005078124999999999 0.005078125000000001 0.005078124999999999 0.0 12.9375 0.0 0.0 23.046875 0.0 12.83203125 0.0 0.0 25.34375 0.0 13.0078125 0.0 0.0 25.7265625 0.0 12.9375 0.0 0.0 23.4296875 0.0 5.7380218505859375
154510735741 0.0078125 0.0 0.0 -0.005078125000000001 -0.005078124999999999 0.005078125000000001 0.005078124999999999 0.0 12.9375 0.0 0.0 22.6640625 0.0 12.796875 0.0 0.0 25.15234375 0.0 13.0078125 0.0 0.0 25.91796875 0.0 12.97265625 0.0 0.0 23.23828125 0.0 5.7380218505859375
154510735933 0.0078125 0.0 0.0 -0.005078125000000001 -0.005078124999999999 0.005078125000000001 0.005078124999999999 0.0 12.9375 0.0 0.0 22.85546875 0.0 12.83203125 0.0 0.0 25.15234375 0.0 13.0078125 0.0 0.0 25.15234375 0.0 12.9375 0.0 0.0 23.046875 0.0 5.728240966796875
154510736112 0.0078125 0.0 0.0 -0.005078125000000001 -0.005078124999999999 0.005078125000000001 0.005078124999999999 0.0 12.9375 0.0 0.0 24.1953125 0.0 12.83203125 0.0 0.0 25.34375 0.0 13.0078125 0.0 0.0 25.15234375 0.0 12.97265625 0.0 0.0 23.8125 0.0 5.7380218505859375
154510736279 0.0078125 0.0 0.0 -0.005078125000000001 -0.005078124999999999 0.005078125000000001 0.005078124999999999 0.0 12.9375 0.0 0.0 23.046875 0.0 12.83203125 0.0 0.0 25.34375 0.0 12.8671875 0.0 0.0 25.7265625 0.0 11.98828125 0.0 0.0 23.23828125 0.0 5.6793670654296875
S: 154510736178 Fired
154510736456 0.0078125 0.0 0.0 -0.005078125000000001 -0.005078124999999999 0.005078125000000001 0.005078124999999999 0.0 11.49609375 0.0 0.0 22.6640625 0.0 11.6015625 0.0 0.0 25.7265625 14.041702270507812 11.84765625 0.0 0.0 25.7265625 0.0 12.0234375 0.0 0.0 23.8125 0.0 4.9657745361328125
154510736639 0.0078125 0.0 0.0 -0.005078125000000001 -0.005078124999999999 0.005078125000000001 0.005078124999999999 0.0 12.1640625 0.0 0.0 23.23828125 0.0 12.1640625 0.0 0.0 25.15234375 -15.904708862304688 10.65234375 0.0 0.0 24.9609375 0.0 12.5859375 0.0 0.0 23.8125 0.0 4.3988189697265625
154510736805 0.0078125 0.0 0.0 -0.005078125000000001 -0.005078124999999999 0.005078125000000001 0.005078124999999999 -2.52203369140625 12.69140625 0.0 0.0 23.23828125 0.0 12.5859375 0.0 0.0 25.34375 -12.016860961914062 12.4453125 0.0 0.0 25.7265625 0.0 12.62109375 0.0 0.0 23.62109375 0.0 4.916900634765625
154510736968 0.0078125 0.0 0.0 -0.005078125000000001 -0.005078124999999999 0.005078125000000001 0.005078124999999999 0.0 12.76171875 0.0 0.0 22.85546875 0.0 12.62109375 0.0 0.0 25.7265625 -4.0830230712890625 12.83203125 0.0 0.0 25.15234375 0.0 12.796875 0.0 0.0 23.23828125 0.0 5.44476318359375
154510737141 0.0078125 0.0 0.0 -0.005078125000000001 -0.005078124999999999 0.005078125000000001 0.005078124999999999 0.0 12.76171875 0.0 0.0 22.85546875 0.0 12.62109375 0.0 0.0 25.7265625 0.0 12.76171875 0.0 0.0 25.34375 0.0 12.7265625 0.0 0.0 23.62109375 0.0 5.81622314453125
154510737314 0.0078125 0.0 0.0 -0.005078125000000001 -0.005078124999999999 0.005078125000000001 0.005078124999999999 0.0 12.7265625 0.0 0.0 23.62109375 0.0 12.69140625 0.0 0.0 25.53515625 0.0 12.8671875 0.0 0.0 25.91796875 0.0 12.83203125 0.0 0.0 23.4296875 0.0 5.82598876953125
154510737493 0.0078125 0.0 0.0 -0.005078125000000001 -0.005078124999999999 0.005078125000000001 0.005078124999999999 0.0 12.83203125 0.0 0.0 21.70703125 0.0 12.69140625 0.0 0.0 25.7265625 0.0 12.90234375 0.0 0.0 25.53515625 0.0 12.8671875 0.0 0.0 23.4296875 0.0 5.81622314453125
154510737666 0.0078125 0.0 0.0 -0.005078125000000001 -0.005078124999999999 0.005078125000000001 0.005078124999999999 0.0 12.83203125 0.0 0.0 24.38671875 0.0 12.7265625 0.0 0.0 25.53515625 0.0 12.90234375 0.0 0.0 25.34375 0.0 12.83203125 0.0 0.0 23.23828125 0.0 5.8064422607421875
154510737851 0.0078125 0.0 0.0 -0.005078125000000001 -0.005078124999999999 0.005078125000000001 0.005078124999999999 0.0 12.83203125 0.0 0.0 23.4296875 0.0 12.7265625 0.0 0.0 25.7265625 0.0 12.90234375 0.0 0.0 25.7265625 0.0 12.8671875 0.0 0.0 24.00390625 0.0 5.81622314453125
154510738033 0.0078125 0.0 0.0 -0.005078125000000001 -0.005078124999999999 0.005078125000000001 0.005078124999999999 0.0 12.83203125 0.0 0.0 23.046875 0.0 12.7265625 0.0 0.0 25.34375 0.0 12.90234375 0.0 0.0 25.15234375 0.0 12.8671875 0.0 0.0 22.85546875 0.0 5.81622314453125
154510738207 0.0078125 0.0 0.0 -0.005078125000000001 -0.005078124999999999 0.005078125000000001 0.005078124999999999 0.0 12.83203125 0.0 0.0 22.6640625 0.0 12.7265625 0.0 0.0 26.109375 0.0 12.9375 0.0 0.0 25.15234375 0.0 12.8671875 0.0 0.0 23.4296875 0.0 5.8064422607421875
154510738380 0.0078125 0.0 0.0 -0.005078125000000001 -0.005078124999999999 0.005078125000000001 0.005078124999999999 0.0 12.8671875 0.0 0.0 23.046875 0.0 12.7265625 0.0 0.0 25.91796875 0.0 12.90234375 0.0 0.0 25.53515625 0.0 12.8671875 0.0 0.0 23.62109375 0.0 5.8064422607421875
154510738549 0.0078125 0.0 0.0 -0.005078125000000001 -0.005078124999999999 0.005078125000000001 0.005078124999999999 0.0 12.83203125 0.0 0.0 23.23828125 0.0 12.76171875 0.0 0.0 25.34375 0.0 12.90234375 0.0 0.0 25.7265625 0.0 12.8671875 0.0 0.0 23.8125 0.0 5.8064422607421875
154510738721 0.0078125 0.0 0.0 -0.005078125000000001 -0.005078124999999999 0.005078125000000001 0.005078124999999999 0.0 12.8671875 0.0 0.0 23.046875 0.0 12.76171875 0.0 0.0 27.06640625 0.0 12.9375 0.0 0.0 25.15234375 0.0 12.8671875 0.0 0.0 22.85546875 0.0 5.8064422607421875
154510738900 0.0078125 0.0 0.0 -0.005078125000000001 -0.005078124999999999 0.005078125000000001 0.005078124999999999 0.0 12.8671875 0.0 0.0 23.4296875 0.0 12.7265625 0.0 0.0 25.34375 0.0 12.9375 0.0 0.0 25.53515625 0.0 12.8671875 0.0 0.0 23.62109375 0.0 5.8064422607421875
154510739072 0.0078125 0.0 0.0 -0.005078125000000001 -0.005078124999999999 0.005078125000000001 0.005078124999999999 0.0 12.83203125 0.0 0.0 23.8125 0.0 12.76171875 0.0 0.0 25.34375 0.0 12.9375 0.0 0.0 25.53515625 0.0 12.90234375 0.0 0.0 23.046875 0.0 5.8064422607421875
154510739246 0.0078125 0.0 0.0 -0.005078125000000001 -0.005078124999999999 0.005078125000000001 0.005078124999999999 0.0 12.8671875 0.0 0.0 23.62109375 0.0 12.7265625 0.0 0.0 26.109375 0.0 12.9375 0.0 0.0 24.76953125 0.0 12.90234375 0.0 0.0 23.62109375 0.0 5.796661376953125
154510739429 0.0078125 0.0 0.0 -0.005078125000000001 -0.005078124999999999 0.005078125000000001 0.005078124999999999 0.0 12.83203125 0.0 0.0 23.046875 0.0 12.76171875 0.0 0.0 25.91796875 0.0 12.9375 0.0 0.0 25.53515625 0.0 12.8671875 0.0 0.0 23.23828125 0.0 5.8064422607421875
154510739623 0.0078125 0.0 0.0 -0.005078125000000001 -0.005078124999999999 0.005078125000000001 0.005078124999999999 0.0 12.8671875 0.0 0.0 23.62109375 0.0 12.7265625 0.0 0.0 26.109375 0.0 12.9375 0.0 0.0 25.34375 0.0 12.90234375 0.0 0.0 23.62109375 0.0 5.8064422607421875
154510739800 0.0078125 0.0 0.0 -0.005078125000000001 -0.005078124999999999 0.005078125000000001 0.005078124999999999 0.0 12.8671875 0.0 0.0 21.515625 0.0 12.76171875 0.0 0.0 25.15234375 0.0 12.9375 0.0 0.0 24.9609375 0.0 12.8671875 0.0 0.0 23.8125 0.0 5.81622314453125
154510739980 0.0078125 0.0 0.0 -0.005078125000000001 -0.005078124999999999 0.005078125000000001 0.005078124999999999 0.0 12.8671875 0.0 0.0 22.47265625 0.0 12.76171875 0.0 0.0 25.7265625 0.0 12.9375 0.0 0.0 25.34375 0.0 12.8671875 0.0 0.0 23.8125 0.0 5.8064422607421875
154510740142 0.0078125 0.0 0.0 -0.005078125000000001 -0.005078124999999999 0.005078125000000001 0.005078124999999999 0.0 12.8671875 0.0 0.0 23.046875 0.0 12.76171875 0.0 0.0 26.30078125 0.0 12.9375 0.0 0.0 25.15234375 0.0 12.8671875 0.0 0.0 24.38671875 0.0 5.81622314453125
154510740321 0.0078125 0.0 0.0 -0.005078125000000001 -0.005078124999999999 0.005078125000000001 0.005078124999999999 0.0 12.8671875 0.0 0.0 25.15234375 0.0 12.76171875 0.0 0.0 26.109375 0.0 12.9375 0.0 0.0 25.53515625 0.0 12.8671875 0.0 0.0 23.4296875 0.0 5.81622314453125
154510740494 0.0078125 0.0 0.0 -0.005078125000000001 -0.005078124999999999 0.005078125000000001 0.005078124999999999 0.0 12.8671875 0.0 0.0 24.38671875 0.0 12.76171875 0.0 0.0 25.34375 0.0 12.9375 0.0 0.0 25.34375 0.0 12.90234375 0.0 0.0 23.4296875 0.0 5.796661376953125
154510740669 0.0078125 0.0 0.0 -0.005078125000000001 -0.005078124999999999 0.005078125000000001 0.005078124999999999 0.0 12.8671875 0.0 0.0 23.23828125 0.0 12.76171875 0.0 0.0 26.109375 0.0 12.9375 0.0 0.0 25.91796875 0.0 12.90234375 0.0 0.0 23.8125 0.0 5.81622314453125
154510740842 0.0078125 0.0 0.0 -0.005078125000000001 -0.005078124999999999 0.005078125000000001 0.005078124999999999 0.0 12.8671875 0.0 0.0 23.8125 0.0 12.76171875 0.0 0.0 26.109375 0.0 12.9375 0.0 0.0 25.91796875 0.0 12.90234375 0.0 0.0 23.62109375 0.0 5.8064422607421875
154510741023 0.0078125 0.0 0.0 -0.005078125000000001 -0.005078124999999999 0.005078125000000001 0.005078124999999999 0.0 12.8671875 0.0 0.0 23.62109375 0.0 12.76171875 0.0 0.0 25.34375 0.0 12.9375 0.0 0.0 25.15234375 0.0 12.90234375 0.0 0.0 23.23828125 0.0 5.8064422607421875
154510741207 0.0078125 0.0 0.0 -0.005078125000000001 -0.005078124999999999 0.005078125000000001 0.005078124999999999 0.0 12.8671875 0.0 0.0 22.85546875 0.0 12.76171875 0.0 0.0 25.7265625 0.0 12.9375 0.0 0.0 25.53515625 0.0 12.90234375 0.0 0.0 23.8125 0.0 5.8064422607421875
154510741379 0.0078125 0.0 0.0 -0.005078125000000001 -0.005078124999999999 0.005078125000000001 0.005078124999999999 0.0 12.8671875 0.0 0.0 23.4296875 0.0 12.76171875 0.0 0.0 24.76953125 0.0 12.97265625 0.0 0.0 25.7265625 0.0 12.8671875 0.0 0.0 23.62109375 0.0 5.8064422607421875
154510741562 0.0078125 0.0 0.0 -0.005078125000000001 -0.005078124999999999 0.005078125000000001 0.005078124999999999 0.0 12.8671875 0.0 0.0 23.046875 0.0 12.76171875 0.0 0.0 25.91796875 0.0 12.9375 0.0 0.0 25.53515625 0.0 12.90234375 0.0 0.0 23.046875 0.0 5.81622314453125
154510741741 0.0078125 0.0 0.0 -0.005078125000000001 -0.005078124999999999 0.005078125000000001 0.005078124999999999 0.0 12.8671875 0.0 0.0 23.23828125 0.0 12.76171875 0.0 0.0 26.109375 0.0 12.9375 0.0 0.0 26.109375 0.0 12.90234375 0.0 0.0 23.046875 0.0 5.8064422607421875
154510741907 0.0078125 0.0 0.0 -0.005078125000000001 -0.005078124999999999 0.005078125000000001 0.005078124999999999 0.0 12.8671875 0.0 0.0 23.62109375 0.0 12.76171875 0.0 0.0 25.53515625 0.0 12.9375 0.0 0.0 25.53515625 0.0 12.90234375 0.0 0.0 23.4296875 0.0 5.81622314453125
154510742069 0.0078125 0.0 0.0 -0.005078125000000001 -0.005078124999999999 0.005078125000000001 0.005078124999999999 0.0 12.8671875 0.0 0.0 23.046875 0.0 12.76171875 0.0 0.0 25.34375 0.0 12.76171875 0.0 0.0 24.9609375 0.0 11.84765625 0.0 0.0 23.62109375 0.0 5.6793670654296875
S: 154510741969 Fired
154510742253 0.0078125 0.0 0.0 -0.005078125000000001 -0.005078124999999999 0.005078125000000001 0.005078124999999999 0.0 11.35546875 0.0 0.0 23.23828125 0.0 11.56640625 0.0 0.0 26.4921875 11.12548828125 11.84765625 0.0 0.0 25.15234375 0.0 11.98828125 0.0 0.0 23.046875 0.0 5.0537567138671875
154510742420 0.0078125 0.0 0.0 -0.005078125000000001 -0.005078124999999999 0.005078125000000001 0.005078124999999999 0.0 12.12890625 0.0 0.0 23.23828125 0.0 11.84765625 0.0 0.0 25.53515625 -20.39959716796875 10.01953125 0.0 0.0 25.53515625 0.0 12.4453125 0.0 0.0 23.62109375 0.0 4.418365478515625
154510742606 0.0078125 0.0 0.0 -0.005078125000000001 -0.005078124999999999 0.005078125000000001 0.005078124999999999 6.6352691650390625 12.55078125 0.0 0.0 22.85546875 0.0 12.48046875 0.0 0.0 24.578125 -8.566513061523438 12.33984375 0.0 0.0 25.34375 0.0 12.4453125 0.0 0.0 23.8125 0.0 4.81915283203125
154510742765 0.0078125 0.0 0.0 -0.005078125000000001 -0.005078124999999999 0.005078125000000001 0.005078124999999999 0.0 12.69140625 0.0 0.0 23.4296875 0.0 12.5859375 0.0 0.0 26.109375 -5.611846923828125 12.796875 0.0 0.0 24.9609375 0.0 12.7265625 0.0 0.0 23.62109375 0.0 5.3958892822265625
154510742939 0.0078125 0.0 0.0 -0.005078125000000001 -0.005078124999999999 0.005078125000000001 0.005078124999999999 0.0 12.7265625 0.0 0.0 23.046875 0.0 12.55078125 0.0 0.0 26.109375 0.0 12.7265625 0.0 0.0 25.7265625 0.0 12.7265625 0.0 0.0 23.62109375 0.0 5.7771148681640625
154510743113 0.0078125 0.0 0.0 -0.005078125000000001 -0.005078124999999999 0.005078125000000001 0.005078124999999999 0.0 12.65625 0.0 0.0 23.23828125 0.0 12.65625 0.0 0.0 24.9609375 0.0 12.83203125 0.0 0.0 25.91796875 0.0 12.796875 0.0 0.0 23.4296875 0.0 5.82598876953125
154510743280 0.0078125 0.0 0.0 -0.005078125000000001 -0.005078124999999999 0.005078125000000001 0.005078124999999999 0.0 12.76171875 0.0 0.0 23.23828125 0.0 12.65625 0.0 0.0 25.91796875 0.0 12.8671875 0.0 0.0 25.34375 0.0 12.796875 0.0 0.0 23.046875 0.0 5.81622314453125
154510743452 0.0078125 0.0 0.0 -0.005078125000000001 -0.005078124999999999 0.005078125000000001 0.005078124999999999 0.0 12.796875 0.0 0.0 21.70703125 0.0 12.69140625 0.0 0.0 26.68359375 0.0 12.8671875 0.0 0.0 25.7265625 0.0 12.83203125 0.0 0.0 23.4296875 0.0 5.8064422607421875
154510743634 0.0078125 0.0 0.0 -0.005078125000000001 -0.005078124999999999 0.005078125000000001 0.005078124999999999 0.0 12.796875 0.0 0.0 22.85546875 0.0 12.7265625 0.0 0.0 25.91796875 0.0 12.8671875 0.0 0.0 25.34375 0.0 12.83203125 0.0 0.0 23.4296875 0.0 5.8064422607421875
154510743806 0.0078125 0.0 0.0 -0.005078125000000001 -0.005078124999999999 0.005078125000000001 0.005078124999999999 0.0 12.796875 0.0 0.0 22.85546875 0.0 12.7265625 0.0 0.0 25.15234375 0.0 12.8671875 0.0 0.0 25.53515625 0.0 12.83203125 0.0 0.0 23.046875 0.0 5.8064422607421875
154510743981 0.0078125 0.0 0.0 -0.005078125000000001 -0.005078124999999999 0.005078125000000001 0.005078124999999999 0.0 12.83203125 0.0 0.0 23.62109375 0.0 12.69140625 0.0 0.0 25.7265625 0.0 12.8671875 0.0 0.0 25.34375 0.0 12.83203125 0.0 0.0 23.4296875 0.0 5.8064422607421875
154510744168 0.0078125 0.0 0.0 -0.005078125000000001 -0.005078124999999999 0.005078125000000001 0.005078124999999999 0.0 12.83203125 0.0 0.0 22.85546875 0.0 12.7265625 0.0 0.0 25.7265625 0.0 12.90234375 0.0 0.0 25.34375 0.0 12.83203125 0.0 0.0 23.4296875 0.0 5.81622314453125
154510744354 0.0078125 0.0 0.0 -0.005078125000000001 -0.005078124999999999 0.005078125000000001 0.005078124999999999 0.0 12.796875 0.0 0.0 23.62109375 0.0 12.7265625 0.0 0.0 26.30078125 0.0 12.90234375 0.0 0.0 25.7265625 0.0 12.83203125 0.0 0.0 23.046875 0.0 5.8064422607421875
154510744534 0.0078125 0.0 0.0 -0.005078125000000001 -0.005078124999999999 0.005078125000000001 0.005078124999999999 0.0 12.83203125 0.0 0.0 24.578125 0.0 12.69140625 0.0 0.0 25.91796875 0.0 12.90234375 0.0 0.0 25.15234375 0.0 12.83203125 0.0 0.0 23.8125 0.0 5.8064422607421875
154510744714 0.0078125 0.0 0.0 -0.005078125000000001 -0.005078124999999999 0.005078125000000001 0.005078124999999999 0.0 12.83203125 0.0 0.0 22.28125 0.0 12.69140625 0.0 0.0 25.53515625 0.0 12.90234375 0.0 0.0 24.9609375 0.0 12.83203125 0.0 0.0 22.85546875 0.0 5.8064422607421875
154510744889 0.0078125 0.0 0.0 -0.005078125000000001 -0.005078124999999999 0.005078125000000001 0.005078124999999999 0.0 12.83203125 0.0 0.0 22.85546875 0.0 12.7265625 0.0 0.0 25.7265625 0.0 12.90234375 0.0 0.0 25.91796875 0.0 12.83203125 0.0 0.0 23.4296875 0.0 5.81622314453125
154510745066 0.0078125 0.0 0.0 -0.005078125000000001 -0.005078124999999999 0.005078125000000001 0.005078124999999999 0.0 12.83203125 0.0 0.0 23.4296875 0.0 12.7265625 0.0 0.0 27.2578125 0.0 12.90234375 0.0 0.0 25.53515625 0.0 12.83203125 0.0 0.0 23.4296875 0.0 5.8064422607421875
154510745254 0.0078125 0.0 0.0 -0.005078125000000001 -0.005078124999999999 0.005078125000000001 0.005078124999999999 0.0 12.83203125 0.0 0.0 23.4296875 0.0 12.7265625 0.0 0.0 26.30078125 0.0 12.90234375 0.0 0.0 25.7265625 0.0 12.8671875 0.0 0.0 23.62109375 0.0 5.81622314453125
154510745434 0.0078125 0.0 0.0 -0.005078125000000001 -0.005078124999999999 0.005078125000000001 0.005078124999999999 0.0 12.83203125 0.0 0.0 22.85546875 0.0 12.7265625 0.0 0.0 25.53515625 0.0 12.90234375 0.0 0.0 26.30078125 0.0 12.83203125 0.0 0.0 24.38671875 0.0 5.81622314453125
154510745634 0.0078125 0.0 0.0 -0.005078125000000001 -0.005078124999999999 0.005078125000000001 0.005078124999999999 0.0 12.83203125 0.0 0.0 22.47265625 0.0 12.7265625 0.0 0.0 25.53515625 0.0 12.90234375 0.0 0.0 25.15234375 0.0 12.83203125 0.0 0.0 23.4296875 0.0 5.81622314453125
154510745802 0.0078125 0.0 0.0 -0.005078125000000001 -0.005078124999999999 0.005078125000000001 0.005078124999999999 0.0 12.83203125 0.0 0.0 23.23828125 0.0 12.7265625 0.0 0.0 26.109375 0.0 12.90234375 0.0 0.0 25.34375 0.0 12.8671875 0.0 0.0 23.23828125 0.0 5.81622314453125
154510745981 0.0078125 0.0 0.0 -0.005078125000000001 -0.005078124999999999 0.005078125000000001 0.005078124999999999 0.0 12.83203125 0.0 0.0 23.4296875 0.0 12.7265625 0.0 0.0 26.109375 0.0 12.90234375 0.0 0.0 25.7265625 0.0 12.8671875 0.0 0.0 23.8125 0.0 5.81622314453125
154510746153 0.0078125 0.0 0.0 -0.005078125000000001 -0.005078124999999999 0.005078125000000001 0.005078124999999999 0.0 12.83203125 0.0 0.0 23.4296875 0.0 12.7265625 0.0 0.0 26.109375 0.0 12.90234375 0.0 0.0 26.109375 0.0 12.8671875 0.0 0.0 23.62109375 0.0 5.81622314453125
154510746328 0.0078125 0.0 0.0 -0.005078125000000001 -0.005078124999999999 0.005078125000000001 0.005078124999999999 0.0 12.8671875 0.0 0.0 23.4296875 0.0 12.7265625 0.0 0.0 25.7265625 0.0 12.90234375 0.0 0.0 25.7265625 0.0 12.8671875 0.0 0.0 23.046875 0.0 5.8064422607421875
154510746501 0.0078125 0.0 0.0 -0.005078125000000001 -0.005078124999999999 0.005078125000000001 0.005078124999999999 0.0 12.83203125 0.0 0.0 23.4296875 0.0 12.7265625 0.0 0.0 25.91796875 0.0 12.90234375 0.0 0.0 25.53515625 0.0 12.8671875 0.0 0.0 23.23828125 0.0 5.8064422607421875
154510746668 0.0078125 0.0 0.0 -0.005078125000000001 -0.005078124999999999 0.005078125000000001 0.005078124999999999 0.0 12.8671875 0.0 0.0 23.4296875 0.0 12.7265625 0.0 0.0 25.7265625 0.0 12.90234375 0.0 0.0 26.109375 0.0 12.8671875 0.0 0.0 23.62109375 0.0 5.81622314453125
154510746847 0.0078125 0.0 0.0 -0.005078125000000001 -0.005078124999999999 0.005078125000000001 0.005078124999999999 0.0 12.8671875 0.0 0.0 23.23828125 0.0 12.7265625 0.0 0.0 26.109375 0.0 12.9375 0.0 0.0 25.7265625 0.0 12.8671875 0.0 0.0 23.4296875 0.0 5.81622314453125
154510747014 0.0078125 0.0 0.0 -0.005078125000000001 -0.005078124999999999 0.005078125000000001 0.005078124999999999 0.0 12.83203125 0.0 0.0 23.046875 0.0 12.7265625 0.0 0.0 25.91796875 0.0 12.9375 0.0 0.0 25.15234375 0.0 12.8671875 0.0 0.0 24.00390625 0.0 5.81622314453125
154510747189 0.0078125 0.0 0.0 -0.005078125000000001 -0.005078124999999999 0.005078125000000001 0.005078124999999999 0.0 12.8671875 0.0 0.0 23.23828125 0.0 12.76171875 0.0 0.0 26.109375 0.0 12.90234375 0.0 0.0 25.15234375 0.0 12.8671875 0.0 0.0 22.85546875 0.0 5.8064422607421875
154510747362 0.0078125 0.0 0.0 -0.005078125000000001 -0.005078124999999999 0.005078125000000001 0.005078124999999999 0.0 12.8671875 0.0 0.0 23.62109375 0.0 12.76171875 0.0 0.0 26.4921875 0.0 12.90234375 0.0 0.0 25.7265625 0.0 12.8671875 0.0 0.0 23.4296875 0.0 5.81622314453125
154510747550 0.0078125 0.0 0.0 -0.005078125000000001 -0.005078124999999999 0.005078125000000001 0.005078124999999999 0.0 12.83203125 0.0 0.0 23.4296875 0.0 12.76171875 0.0 0.0 25.7265625 0.0 12.9375 0.0 0.0 25.7265625 0.0 12.8671875 0.0 0.0 24.00390625 0.0 5.81622314453125
154510747712 0.0078125 0.0 0.0 -0.005078125000000001 -0.005078124999999999 0.005078125000000001 0.005078124999999999 0.0 12.83203125 0.0 0.0 23.046875 0.0 12.7265625 0.0 0.0 26.4921875 0.0 12.65625 0.0 0.0 25.7265625 0.0 12.12890625 0.0 0.0 23.8125 0.0 5.7184600830078125
S: 154510747619 Fired
154510747887 0.0078125 0.0 0.0 -0.005078125000000001 -0.005078124999999999 0.005078125000000001 0.005078124999999999 0.0 11.63671875 0.0 0.0 23.4296875 0.0 12.62109375 0.0 0.0 25.53515625 11.9442138671875 11.8828125 0.0 0.0 25.53515625 0.0 11.953125 0.0 0.0 23.62109375 0.0 5.229705810546875
154510748057 0.0078125 0.0 0.0 -0.005078125000000001 -0.005078124999999999 0.005078125000000001 0.005078124999999999 0.0 12.05859375 0.0 0.0 23.046875 0.0 11.8828125 0.0 0.0 25.7265625 -12.159194946289062 11.56640625 0.0 0.0 25.15234375 0.0 11.25 0.0 0.0 23.4296875 0.0 4.3694915771484375
154510748229 0.0078125 0.0 0.0 -0.005078125000000001 -0.005078124999999999 0.005078125000000001 0.005078124999999999 11.816299438476562 12.62109375 0.0 0.0 23.62109375 0.0 12.4453125 0.0 0.0 25.34375 -16.343963623046875 12.65625 0.0 0.0 25.15234375 0.0 12.33984375 0.0 0.0 24.578125 0.0 4.789825439453125
154510748394 0.0078125 0.0 0.0 -0.005078125000000001 -0.005078124999999999 0.005078125000000001 0.005078124999999999 0.0 12.62109375 0.0 0.0 23.62109375 0.0 12.62109375 0.0 0.0 25.91796875 -16.449615478515625 12.76171875 0.0 0.0 25.34375 0.0 12.7265625 0.0 0.0 23.8125 0.0 5.31768798828125
154510748573 0.0078125 0.0 0.0 -0.005078125000000001 -0.005078124999999999 0.005078125000000001 0.005078124999999999 0.0 12.7265625 0.0 0.0 23.4296875 0.0 12.5859375 0.0 0.0 25.91796875 -2.5224609375 12.7265625 0.0 0.0 25.91796875 0.0 12.69140625 0.0 0.0 23.4296875 0.0 5.728240966796875
154510748755 0.0078125 0.0 0.0 -0.005078125000000001 -0.005078124999999999 0.005078125000000001 0.005078124999999999 0.0 12.65625 0.0 0.0 23.4296875 0.0 12.515625 0.0 0.0 26.109375 0.0 12.83203125 0.0 0.0 25.15234375 0.0 12.796875 0.0 0.0 23.046875 0.0 5.8357696533203125
154510748939 0.0078125 0.0 0.0 -0.005078125000000001 -0.005078124999999999 0.005078125000000001 0.005078124999999999 0.0 12.19921875 0.0 0.0 23.23828125 0.0 12.33984375 0.0 0.0 26.109375 0.0 12.62109375 0.0 0.0 24.9609375 0.0 12.55078125 0.0 0.0 22.85546875 0.0 5.8064422607421875
154510749114 0.0078125 0.0 0.0 -0.005078125000000001 -0.005078124999999999 0.005078125000000001 0.005078124999999999 0.0 12.515625 0.0 0.0 23.046875 0.0 12.4453125 0.0 0.0 24.578125 0.0 12.515625 0.0 0.0 25.7265625 0.0 12.515625 0.0 0.0 23.4296875 0.0 5.8064422607421875
154510749294 0.0078125 0.0 0.0 -0.005078125000000001 -0.005078124999999999 0.005078125000000001 0.005078124999999999 0.0 12.55078125 0.0 0.0 23.23828125 0.0 12.33984375 0.0 0.0 25.34375 0.0 12.5859375 0.0 0.0 25.7265625 0.0 12.515625 0.0 0.0 23.8125 0.0 5.8064422607421875
154510749483 0.0078125 0.0 0.0 -0.005078125000000001 -0.005078124999999999 0.005078125000000001 0.005078124999999999 0.0 12.48046875 0.0 0.0 23.046875 0.0 12.375 0.0 0.0 25.7265625 0.0 12.5859375 0.0 0.0 25.53515625 0.0 12.48046875 0.0 0.0 23.4296875 0.0 5.81622314453125
154510749643 0.0078125 0.0 0.0 -0.005078125000000001 -0.005078124999999999 0.005078125000000001 0.005078124999999999 0.0 12.48046875 0.0 0.0 23.62109375 0.0 12.375 0.0 0.0 26.30078125 0.0 12.55078125 0.0 0.0 25.53515625 0.0 12.515625 0.0 0.0 23.8125 0.0 5.8064422607421875
154510749823 0.0078125 0.0 0.0 -0.005078125000000001 -0.005078124999999999 0.005078125000000001 0.005078124999999999 0.0 12.48046875 0.0 0.0 24.1953125 0.0 12.375 0.0 0.0 26.109375 0.0 12.55078125 0.0 0.0 26.109375 0.0 12.515625 0.0 0.0 23.4296875 0.0 5.8064422607421875
154510750003 0.0078125 0.0 0.0 -0.005078125000000001 -0.005078124999999999 0.005078125000000001 0.005078124999999999 0.0 12.48046875 0.0 0.0 23.23828125 0.0 12.41015625 0.0 0.0 25.7265625 0.0 12.5859375 0.0 0.0 25.34375 0.0 12.4453125 0.0 0.0 23.23828125 0.0 5.8064422607421875
154510750181 0.0078125 0.0 0.0 -0.005078125000000001 -0.005078124999999999 0.005078125000000001 0.005078124999999999 0.0 12.515625 0.0 0.0 23.23828125 0.0 12.375 0.0 0.0 25.7265625 0.0 12.55078125 0.0 0.0 25.7265625 0.0 12.55078125 0.0 0.0 22.85546875 0.0 5.8064422607421875
154510750342 0.0078125 0.0 0.0 -0.005078125000000001 -0.005078124999999999 0.005078125000000001 0.005078124999999999 0.0 12.515625 0.0 0.0 23.23828125 0.0 12.375 0.0 0.0 26.4921875 -6.7249755859375 12.55078125 0.0 0.0 25.7265625 0.0 12.4453125 0.0 0.0 24.00390625 0.0 5.8064422607421875
154510750515 0.0078125 0.0 0.0 -0.005078125000000001 -0.005078124999999999 0.005078125000000001 0.005078124999999999 0.0 12.4453125 0.0 0.0 22.6640625 0.0 12.41015625 0.0 0.0 26.109375 0.0 12.515625 0.0 0.0 25.53515625 0.0 12.48046875 0.0 0.0 23.4296875 0.0 5.81622314453125
154510750687 0.0078125 0.0 0.0 -0.005078125000000001 -0.005078124999999999 0.005078125000000001 0.005078124999999999 0.0 12.48046875 0.0 0.0 23.8125 0.0 12.33984375 0.0 0.0 26.30078125 0.0 12.5859375 0.0 0.0 26.109375 0.0 12.55078125 0.0 0.0 24.38671875 0.0 5.8064422607421875
154510750866 0.0078125 0.0 0.0 -0.005078125000000001 -0.005078124999999999 0.005078125000000001 0.005078124999999999 0.0 12.4453125 0.0 0.0 22.47265625 0.0 12.41015625 0.0 0.0 25.91796875 0.0 12.515625 0.0 0.0 25.7265625 0.0 12.48046875 0.0 0.0 23.4296875 0.0 5.8064422607421875
154510751047 0.0078125 0.0 0.0 -0.005078125000000001 -0.005078124999999999 0.005078125000000001 0.005078124999999999 0.0 12.48046875 0.0 0.0 23.8125 0.0 12.375 0.0 0.0 26.4921875 0.0 12.55078125 0.0 0.0 25.53515625 0.0 12.515625 0.0 0.0 23.23828125 0.0 5.8064422607421875
154510751222 0.0078125 0.0 0.0 -0.005078125000000001 -0.005078124999999999 0.005078125000000001 0.005078124999999999 0.0 12.48046875 0.0 0.0 22.85546875 0.0 12.3046875 0.0 0.0 26.30078125 0.0 12.5859375 0.0 0.0 25.15234375 0.0 12.55078125 0.0 0.0 22.6640625 0.0 5.8064422607421875
154510751414 0.0078125 0.0 0.0 -0.005078125000000001 -0.005078124999999999 0.005078125000000001 0.005078124999999999 0.0 12.515625 0.0 0.0 23.4296875 0.0 12.375 0.0 0.0 25.7265625 0.0 12.55078125 0.0 0.0 25.7265625 0.0 12.55078125 0.0 0.0 23.23828125 0.0 5.8064422607421875
154510751587 0.0078125 0.0 0.0 -0.005078125000000001 -0.005078124999999999 0.005078125000000001 0.005078124999999999 0.0 12.4453125 0.0 0.0 23.23828125 0.0 12.3046875 0.0 0.0 26.109375 0.0 12.5859375 0.0 0.0 26.109375 0.0 12.4453125 0.0 0.0 23.046875 0.0 5.81622314453125
154510751788 0.0078125 0.0 0.0 -0.005078125000000001 -0.005078124999999999 0.005078125000000001 0.005078124999999999 0.0 12.4453125 0.0 0.0 23.046875 0.0 12.41015625 0.0 0.0 26.109375 0.0 12.48046875 0.0 0.0 25.34375 0.0 12.515625 0.0 0.0 23.8125 0.0 5.8064422607421875
154510751972 0.0078125 0.0 0.0 -0.005078125000000001 -0.005078124999999999 0.005078125000000001 0.005078124999999999 0.0 12.515625 0.0 0.0 23.046875 0.0 12.375 0.0 0.0 25.91796875 0.0 12.5859375 0.0 0.0 25.15234375 0.0 12.48046875 0.0 0.0 23.8125 0.0 5.8064422607421875
154510752139 0.0078125 0.0 0.0 -0.005078125000000001 -0.005078124999999999 0.005078125000000001 0.005078124999999999 0.0 12.48046875 0.0 0.0 23.046875 0.0 12.33984375 0.0 0.0 25.7265625 0.0 12.55078125 0.0 0.0 25.91796875 0.0 12.515625 0.0 0.0 23.23828125 0.0 5.796661376953125
154510752307 0.0078125 0.0 0.0 -0.005078125000000001 -0.005078124999999999 0.005078125000000001 0.005078124999999999 0.0 12.4453125 0.0 0.0 22.85546875 0.0 12.375 0.0 0.0 25.53515625 0.0 12.55078125 0.0 0.0 25.7265625 0.0 12.515625 0.0 0.0 23.8125 0.0 5.8064422607421875
154510752479 0.0078125 0.0 0.0 -0.005078125000000001 -0.005078124999999999 0.005078125000000001 0.005078124999999999 0.0 12.48046875 0.0 0.0 23.23828125 0.0 12.3046875 0.0 0.0 25.53515625 0.0 12.55078125 0.0 0.0 25.53515625 0.0 12.48046875 0.0 0.0 23.046875 0.0 5.81622314453125
154510752653 0.0078125 0.0 0.0 -0.005078125000000001 -0.005078124999999999 0.005078125000000001 0.005078124999999999 0.0 12.48046875 0.0 0.0 23.046875 0.0 12.375 0.0 0.0 26.4921875 0.0 12.48046875 0.0 0.0 25.7265625 0.0 12.48046875 0.0 0.0 22.47265625 0.0 5.8064422607421875
154510752833 0.0078125 0.0 0.0 -0.005078125000000001 -0.005078124999999999 0.005078125000000001 0.005078124999999999 0.0 12.48046875 0.0 0.0 23.4296875 0.0 12.26953125 0.0 0.0 25.53515625 0.0 12.55078125 0.0 0.0 25.7265625 0.0 12.515625 0.0 0.0 23.62109375 0.0 5.8064422607421875
154510753019 0.0078125 0.0 0.0 -0.005078125000000001 -0.005078124999999999 0.005078125000000001 0.005078124999999999 0.0 12.48046875 0.0 0.0 23.4296875 0.0 12.375 0.0 0.0 26.30078125 0.0 12.55078125 0.0 0.0 25.15234375 0.0 12.48046875 0.0 0.0 23.8125 0.0 5.8064422607421875
154510753192 0.0078125 0.0 0.0 -0.005078125000000001 -0.005078124999999999 0.005078125000000001 0.005078124999999999 0.0 12.4453125 0.0 0.0 23.4296875 0.0 12.375 0.0 0.0 25.91796875 0.0 12.4453125 0.0 0.0 25.53515625 0.0 12.4453125 0.0 0.0 23.62109375 0.0 5.8064422607421875
154510753380 0.0078125 0.0 0.0 -0.005078125000000001 -0.005078124999999999 0.005078125000000001 0.005078124999999999 0.0 12.4453125 0.0 0.0 23.62109375 0.0 12.26953125 0.0 0.0 25.7265625 0.0 12.55078125 0.0 0.0 25.7265625 0.0 12.4453125 0.0 0.0 23.62109375 0.0 5.8064422607421875
154510753548 0.0078125 0.0 0.0 -0.005078125000000001 -0.005078124999999999 0.005078125000000001 0.005078124999999999 0.0 12.41015625 0.0 0.0 21.8984375 0.0 12.375 0.0 0.0 25.7265625 0.0 12.48046875 0.0 0.0 25.15234375 0.0 12.515625 0.0 0.0 24.00390625 0.0 5.81622314453125
154510753719 0.0078125 0.0 0.0 -0.005078125000000001 -0.005078124999999999 0.005078125000000001 0.005078124999999999 0.0 12.48046875 0.0 0.0 23.23828125 0.0 12.33984375 0.0 0.0 25.7265625 0.0 12.515625 0.0 0.0 25.53515625 0.0 12.48046875 0.0 0.0 24.00390625 0.0 5.8064422607421875
154510753892 0.0078125 0.0 0.0 -0.005078125000000001 -0.005078124999999999 0.005078125000000001 0.005078124999999999 0.0 12.4453125 0.0 0.0 23.046875 0.0 12.375 0.0 0.0 25.53515625 0.0 12.48046875 0.0 0.0 25.34375 0.0 12.4453125 0.0 0.0 23.23828125 0.0 5.8064422607421875
154510754067 0.0078125 0.0 0.0 -0.005078125000000001 -0.005078124999999999 0.005078125000000001 0.005078124999999999 0.0 12.4453125 0.0 0.0 22.85546875 0.0 12.375 0.0 0.0 26.68359375 0.0 12.515625 0.0 0.0 25.34375 0.0 12.4453125 0.0 0.0 23.62109375 0.0 5.8064422607421875
154510754252 0.0078125 0.0 0.0 -0.005078125000000001 -0.005078124999999999 0.005078125000000001 0.005078124999999999 0.0 12.41015625 0.0 0.0 23.4296875 0.0 12.375 0.0 0.0 26.109375 0.0 12.515625 0.0 0.0 25.34375 0.0 12.41015625 0.0 0.0 23.8125 0.0 5.8064422607421875
154510754426 0.0078125 0.0 0.0 -0.005078125000000001 -0.005078124999999999 0.005078125000000001 0.005078124999999999 0.0 12.41015625 0.0 0.0 24.1953125 0.0 12.375 0.0 0.0 25.34375 0.0 12.55078125 0.0 0.0 25.34375 0.0 12.4453125 0.0 0.0 24.00390625 0.0 5.8064422607421875
154510754603 0.0078125 0.0 0.0 -0.005078125000000001 -0.005078124999999999 0.005078125000000001 0.005078124999999999 0.0 12.48046875 0.0 0.0 23.23828125 0.0 12.375 0.0 0.0 25.15234375 0.0 12.55078125 0.0 0.0 25.53515625 0.0 12.4453125 0.0 0.0 23.8125 0.0 5.8064422607421875
154510754787 0.0078125 0.0 0.0 -0.005078125000000001 -0.005078124999999999 0.005078125000000001 0.005078124999999999 0.0 12.48046875 0.0 0.0 23.23828125 0.0 12.33984375 0.0 0.0 25.15234375 0.0 12.55078125 0.0 0.0 25.7265625 0.0 12.4453125 0.0 0.0 23.4296875 0.0 5.8064422607421875
154510754973 0.0078125 0.0 0.0 -0.005078125000000001 -0.005078124999999999 0.005078125000000001 0.005078124999999999 0.0 12.4453125 0.0 0.0 24.1953125 0.0 12.375 0.0 0.0 25.53515625 0.0 12.48046875 0.0 0.0 25.34375 0.0 12.48046875 0.0 0.0 23.046875 0.0 5.8064422607421875
154510755154 0.0078125 0.0 0.0 -0.005078125000000001 -0.005078124999999999 0.005078125000000001 0.005078124999999999 0.0 12.41015625 0.0 0.0 23.8125 0.0 12.33984375 0.0 0.0 25.7265625 0.0 12.55078125 0.0 0.0 25.53515625 0.0 12.4453125 0.0 0.0 23.23828125 0.0 5.8064422607421875
154510755338 0.0078125 0.0 0.0 -0.005078125000000001 -0.005078124999999999 0.005078125000000001 0.005078124999999999 0.0 12.48046875 0.0 0.0 23.62109375 0.0 12.375 0.0 0.0 25.53515625 0.0 12.55078125 0.0 0.0 25.34375 0.0 12.515625 0.0 0.0 23.8125 0.0 5.8064422607421875
154510755514 0.0078125 0.0 0.0 -0.005078125000000001 -0.005078124999999999 0.005078125000000001 0.005078124999999999 0.0 12.41015625 0.0 0.0 23.23828125 0.0 12.33984375 0.0 0.0 25.7265625 0.0 12.55078125 0.0 0.0 25.53515625 0.0 12.4453125 0.0 0.0 24.00390625 0.0 5.8064422607421875
154510755688 0.0078125 0.0 0.0 -0.005078125000000001 -0.005078124999999999 0.005078125000000001 0.005078124999999999 0.0 12.4453125 0.0 0.0 23.8125 0.0 12.375 0.0 0.0 25.7265625 0.0 12.48046875 0.0 0.0 25.91796875 0.0 12.4453125 0.0 0.0 24.00390625 0.0 5.81622314453125
154510755862 0.0078125 0.0 0.0 -0.005078125000000001 -0.005078124999999999 0.005078125000000001 0.005078124999999999 0.0 12.4453125 0.0 0.0 22.6640625 0.0 12.33984375 0.0 0.0 24.38671875 0.0 12.48046875 0.0 0.0 25.7265625 0.0 12.48046875 0.0 0.0 23.62109375 0.0 5.8064422607421875
154510756040 0.0078125 0.0 0.0 -0.005078125000000001 -0.005078124999999999 0.005078125000000001 0.005078124999999999 0.0 12.48046875 0.0 0.0 23.4296875 0.0 12.3046875 0.0 0.0 25.91796875 0.0 12.55078125 0.0 0.0 25.91796875 0.0 12.515625 0.0 0.0 23.4296875 0.0 5.81622314453125
154510756222 0.0078125 0.0 0.0 -0.005078125000000001 -0.005078124999999999 0.005078125000000001 0.005078124999999999 0.0 12.41015625 0.0 0.0 23.046875 0.0 12.33984375 0.0 0.0 25.7265625 0.0 12.41015625 0.0 0.0 25.53515625 0.0 11.671875 0.0 0.0 23.4296875 0.0 5.69891357421875
S: 154510756108 Fired
154510756378 0.0078125 0.0 0.0 -0.005078125000000001 -0.005078124999999999 0.005078125000000001 0.005078124999999999 0.0 11.109375 0.0 0.0 22.08984375 0.0 11.28515625 0.0 0.0 25.7265625 11.1260986328125 11.7421875 0.0 0.0 25.53515625 0.0 11.8125 0.0 0.0 23.62109375 0.0 5.0244293212890625
154510756552 0.0078125 0.0 0.0 -0.005078125000000001 -0.005078124999999999 0.005078125000000001 0.005078124999999999 0.0 11.98828125 0.0 0.0 23.62109375 0.0 11.91796875 0.0 0.0 25.7265625 -15.256912231445312 11.63671875 0.0 0.0 25.53515625 0.0 12.62109375 0.0 0.0 23.23828125 0.0 4.418365478515625
154510756705 0.0078125 0.0 0.0 -0.005078125000000001 -0.005078124999999999 0.005078125000000001 0.005078124999999999 0.0 12.41015625 0.0 0.0 23.23828125 0.0 12.375 0.0 0.0 26.30078125 -19.91143798828125 12.26953125 0.0 0.0 25.91796875 0.0 12.41015625 0.0 0.0 23.62109375 0.0 4.8680267333984375
154510756865 0.0078125 0.0 0.0 -0.005078125000000001 -0.005078124999999999 0.005078125000000001 0.005078124999999999 0.0 12.62109375 0.0 0.0 23.4296875 0.0 12.48046875 0.0 0.0 25.91796875 -5.9603271484375 12.69140625 0.0 0.0 25.34375 0.0 12.65625 0.0 0.0 23.62109375 0.0 5.3861083984375
154510757033 0.0078125 0.0 0.0 -0.005078125000000001 -0.005078124999999999 0.005078125000000001 0.005078124999999999 0.0 12.65625 0.0 0.0 23.62109375 0.0 12.48046875 0.0 0.0 26.30078125 0.0 12.65625 0.0 0.0 25.91796875 0.0 12.62109375 0.0 0.0 23.62109375 0.0 5.68914794921875
154510757215 0.0078125 0.0 0.0 -0.005078125000000001 -0.005078124999999999 0.005078125000000001 0.005078124999999999 0.0 12.5859375 0.0 0.0 22.85546875 0.0 12.515625 0.0 0.0 25.7265625 0.0 12.76171875 0.0 0.0 25.91796875 0.0 12.7265625 0.0 0.0 24.00390625 0.0 5.845550537109375
154510757383 0.0078125 0.0 0.0 -0.005078125000000001 -0.005078124999999999 0.005078125000000001 0.005078124999999999 0.0 12.69140625 0.0 0.0 22.47265625 0.0 12.5859375 0.0 0.0 25.91796875 0.0 12.796875 0.0 0.0 25.91796875 0.0 12.7265625 0.0 0.0 23.23828125 0.0 5.8064422607421875
154510757562 0.0078125 0.0 0.0 -0.005078125000000001 -0.005078124999999999 0.005078125000000001 0.005078124999999999 0.0 12.7265625 0.0 0.0 23.23828125 0.0 12.5859375 0.0 0.0 26.109375 0.0 12.796875 0.0 0.0 25.53515625 0.0 12.76171875 0.0 0.0 23.4296875 0.0 5.81622314453125
154510757755 0.0078125 0.0 0.0 -0.005078125000000001 -0.005078124999999999 0.005078125000000001 0.005078124999999999 0.0 12.7265625 0.0 0.0 23.23828125 0.0 12.62109375 0.0 0.0 24.578125 0.0 12.83203125 0.0 0.0 25.34375 0.0 12.76171875 0.0 0.0 23.8125 0.0 5.81622314453125
154510757928 0.0078125 0.0 0.0 -0.005078125000000001 -0.005078124999999999 0.005078125000000001 0.005078124999999999 0.0 12.7265625 0.0 0.0 23.62109375 0.0 12.62109375 0.0 0.0 25.91796875 0.0 12.796875 0.0 0.0 25.91796875 0.0 12.76171875 0.0 0.0 24.00390625 0.0 5.81622314453125
154510758113 0.0078125 0.0 0.0 -0.005078125000000001 -0.005078124999999999 0.005078125000000001 0.005078124999999999 0.0 12.7265625 0.0 0.0 23.4296875 0.0 12.65625 0.0 0.0 25.91796875 0.0 12.83203125 0.0 0.0 25.91796875 0.0 12.76171875 0.0 0.0 23.4296875 0.0 5.81622314453125
154510758301 0.0078125 0.0 0.0 -0.005078125000000001 -0.005078124999999999 0.005078125000000001 0.005078124999999999 0.0 12.76171875 0.0 0.0 23.4296875 0.0 12.62109375 0.0 0.0 26.68359375 0.0 12.83203125 0.0 0.0 25.7265625 0.0 12.76171875 0.0 0.0 23.4296875 0.0 5.8064422607421875
154510758481 0.0078125 0.0 0.0 -0.005078125000000001 -0.005078124999999999 0.005078125000000001 0.005078124999999999 0.0 12.76171875 0.0 0.0 23.62109375 0.0 12.65625 0.0 0.0 25.91796875 0.0 12.83203125 0.0 0.0 25.34375 0.0 12.796875 0.0 0.0 23.4296875 0.0 5.81622314453125
154510758660 0.0078125 0.0 0.0 -0.005078125000000001 -0.005078124999999999 0.005078125000000001 0.005078124999999999 0.0 12.76171875 0.0 0.0 23.23828125 0.0 12.65625 0.0 0.0 25.91796875 16.067276000976562 12.83203125 0.0 0.0 26.109375 0.0 12.796875 0.0 0.0 24.1953125 0.0 5.8064422607421875
154510758841 0.0078125 0.0 0.0 -0.005078125000000001 -0.005078124999999999 0.005078125000000001 0.005078124999999999 0.0 12.76171875 0.0 0.0 23.23828125 0.0 12.65625 0.0 0.0 25.34375 0.0 12.83203125 0.0 0.0 25.7265625 0.0 12.796875 0.0 0.0 23.4296875 0.0 5.8064422607421875
154510759021 0.0078125 0.0 0.0 -0.005078125000000001 -0.005078124999999999 0.005078125000000001 0.005078124999999999 0.0 12.76171875 0.0 0.0 23.62109375 0.0 12.65625 0.0 0.0 26.109375 0.0 12.83203125 0.0 0.0 25.53515625 0.0 12.796875 0.0 0.0 23.8125 0.0 5.8064422607421875
154510759219 0.0078125 0.0 0.0 -0.005078125000000001 -0.005078124999999999 0.005078125000000001 0.005078124999999999 0.0 12.76171875 0.0 0.0 23.23828125 0.0 12.65625 0.0 0.0 25.7265625 0.0 12.8671875 0.0 0.0 25.34375 0.0 12.796875 0.0 0.0 24.1953125 0.0 5.8064422607421875
154510759394 0.0078125 0.0 0.0 -0.005078125000000001 -0.005078124999999999 0.005078125000000001 0.005078124999999999 0.0 12.76171875 0.0 0.0 22.85546875 0.0 12.65625 0.0 0.0 25.15234375 0.0 12.8671875 0.0 0.0 25.7265625 0.0 12.796875 0.0 0.0 22.85546875 0.0 5.796661376953125
154510759572 0.0078125 0.0 0.0 -0.005078125000000001 -0.005078124999999999 0.005078125000000001 0.005078124999999999 0.0 12.796875 0.0 0.0 22.85546875 0.0 12.65625 0.0 0.0 25.91796875 0.0 12.8671875 0.0 0.0 25.7265625 0.0 12.796875 0.0 0.0 23.8125 0.0 5.796661376953125
154510759742 0.0078125 0.0 0.0 -0.005078125000000001 -0.005078124999999999 0.005078125000000001 0.005078124999999999 0.0 12.796875 0.0 0.0 22.85546875 0.0 12.69140625 0.0 0.0 24.578125 0.0 12.8671875 0.0 0.0 25.53515625 0.0 12.796875 0.0 0.0 23.4296875 0.0 5.8064422607421875
154510759908 0.0078125 0.0 0.0 -0.005078125000000001 -0.005078124999999999 0.005078125000000001 0.005078124999999999 0.0 12.796875 0.0 0.0 23.4296875 0.0 12.69140625 0.0 0.0 25.7265625 0.0 12.8671875 0.0 0.0 25.34375 0.0 12.796875 0.0 0.0 23.8125 0.0 5.8064422607421875
154510760081 0.0078125 0.0 0.0 -0.005078125000000001 -0.005078124999999999 0.005078125000000001 0.005078124999999999 0.0 12.796875 0.0 0.0 23.62109375 0.0 12.69140625 0.0 0.0 25.53515625 0.0 12.8671875 0.0 0.0 25.7265625 0.0 12.83203125 0.0 0.0 22.6640625 0.0 5.8064422607421875
154510760249 0.0078125 0.0 0.0 -0.005078125000000001 -0.005078124999999999 0.005078125000000001 0.005078124999999999 0.0 12.796875 0.0 0.0 23.23828125 0.0 12.69140625 0.0 0.0 26.109375 0.0 12.8671875 0.0 0.0 25.53515625 0.0 12.83203125 0.0 0.0 23.4296875 0.0 5.8064422607421875
154510760417 0.0078125 0.0 0.0 -0.005078125000000001 -0.005078124999999999 0.005078125000000001 0.005078124999999999 0.0 12.796875 0.0 0.0 23.23828125 0.0 12.69140625 0.0 0.0 25.53515625 0.0 12.8671875 0.0 0.0 25.34375 0.0 12.83203125 0.0 0.0 22.6640625 0.0 5.8064422607421875
154510760586 0.0078125 0.0 0.0 -0.005078125000000001 -0.005078124999999999 0.005078125000000001 0.005078124999999999 0.0 12.796875 0.0 0.0 23.046875 0.0 12.69140625 0.0 0.0 26.109375 0.0 12.8671875 0.0 0.0 25.34375 0.0 12.83203125 0.0 0.0 23.4296875 0.0 5.796661376953125
154510760779 0.0078125 0.0 0.0 -0.005078125000000001 -0.005078124999999999 0.005078125000000001 0.005078124999999999 0.0 12.83203125 0.0 0.0 23.046875 0.0 12.69140625 0.0 0.0 25.53515625 0.0 12.8671875 0.0 0.0 25.7265625 0.0 12.83203125 0.0 0.0 23.62109375 0.0 5.8064422607421875
154510760939 0.0078125 0.0 0.0 -0.005078125000000001 -0.005078124999999999 0.005078125000000001 0.005078124999999999 0.0 12.796875 0.0 0.0 23.23828125 0.0 12.69140625 0.0 0.0 26.109375 0.0 12.8671875 0.0 0.0 25.7265625 0.0 12.83203125 0.0 0.0 23.4296875 0.0 5.796661376953125
154510761114 0.0078125 0.0 0.0 -0.005078125000000001 -0.005078124999999999 0.005078125000000001 0.005078124999999999 0.0 12.796875 0.0 0.0 23.62109375 0.0 12.7265625 0.0 0.0 26.109375 0.0 12.8671875 0.0 0.0 25.34375 0.0 12.83203125 0.0 0.0 24.00390625 0.0 5.8064422607421875
154510761289 0.0078125 0.0 0.0 -0.005078125000000001 -0.005078124999999999 0.005078125000000001 0.005078124999999999 0.0 12.83203125 0.0 0.0 22.85546875 0.0 12.69140625 0.0 0.0 26.109375 0.0 12.8671875 0.0 0.0 25.15234375 0.0 12.83203125 0.0 0.0 23.8125 0.0 5.8064422607421875
154510761465 0.0078125 0.0 0.0 -0.005078125000000001 -0.005078124999999999 0.005078125000000001 0.005078124999999999 0.0 12.83203125 0.0 0.0 22.85546875 0.0 12.69140625 0.0 0.0 26.109375 0.0 12.8671875 0.0 0.0 25.53515625 0.0 12.83203125 0.0 0.0 23.4296875 0.0 5.796661376953125
154510761651 0.0078125 0.0 0.0 -0.005078125000000001 -0.005078124999999999 0.005078125000000001 0.005078124999999999 0.0 12.83203125 0.0 0.0 23.23828125 0.0 12.7265625 0.0 0.0 25.53515625 0.0 12.8671875 0.0 0.0 25.7265625 0.0 12.83203125 0.0 0.0 23.8125 0.0 5.8064422607421875
154510761824 0.0078125 0.0 0.0 -0.005078125000000001 -0.005078124999999999 0.005078125000000001 0.005078124999999999 0.0 12.83203125 0.0 0.0 23.046875 0.0 12.69140625 0.0 0.0 25.7265625 0.0 12.8671875 0.0 0.0 25.15234375 0.0 12.83203125 0.0 0.0 23.23828125 0.0 5.8064422607421875
154510762002 0.0078125 0.0 0.0 -0.005078125000000001 -0.005078124999999999 0.005078125000000001 0.005078124999999999 0.0 12.83203125 0.0 0.0 23.4296875 0.0 12.69140625 0.0 0.0 24.9609375 0.0 12.90234375 0.0 0.0 25.7265625 0.0 12.83203125 0.0 0.0 23.4296875 0.0 5.8064422607421875
154510762171 0.0078125 0.0 0.0 -0.005078125000000001 -0.005078124999999999 0.005078125000000001 0.005078124999999999 0.0 12.796875 0.0 0.0 23.4296875 0.0 12.7265625 0.0 0.0 26.30078125 0.0 12.90234375 0.0 0.0 25.53515625 0.0 12.83203125 0.0 0.0 23.8125 0.0 5.8064422607421875
154510762346 0.0078125 0.0 0.0 -0.005078125000000001 -0.005078124999999999 0.005078125000000001 0.005078124999999999 0.0 12.83203125 0.0 0.0 23.62109375 0.0 12.7265625 0.0 0.0 25.91796875 0.0 12.90234375 0.0 0.0 25.53515625 0.0 12.83203125 0.0 0.0 23.8125 0.0 5.8064422607421875
154510762513 0.0078125 0.0 0.0 -0.005078125000000001 -0.005078124999999999 0.005078125000000001 0.005078124999999999 0.0 12.796875 0.0 0.0 23.23828125 0.0 12.69140625 0.0 0.0 25.7265625 0.0 12.8671875 0.0 0.0 25.34375 0.0 12.83203125 0.0 0.0 23.8125 0.0 5.8064422607421875
154510762689 0.0078125 0.0 0.0 -0.005078125000000001 -0.005078124999999999 0.005078125000000001 0.005078124999999999 0.0 12.796875 0.0 0.0 23.046875 0.0 12.69140625 0.0 0.0 26.30078125 0.0 12.90234375 0.0 0.0 25.91796875 0.0 12.83203125 0.0 0.0 23.62109375 0.0 5.8064422607421875
154510762864 0.0078125 0.0 0.0 -0.005078125000000001 -0.005078124999999999 0.005078125000000001 0.005078124999999999 0.0 12.83203125 0.0 0.0 23.046875 0.0 12.7265625 0.0 0.0 25.91796875 0.0 12.90234375 0.0 0.0 26.109375 0.0 12.83203125 0.0 0.0 22.6640625 0.0 5.8064422607421875
154510763047 0.0078125 0.0 0.0 -0.005078125000000001 -0.005078124999999999 0.005078125000000001 0.005078124999999999 0.0 12.83203125 0.0 0.0 23.046875 0.0 12.7265625 0.0 0.0 25.7265625 0.0 12.90234375 0.0 0.0 25.7265625 0.0 12.8671875 0.0 0.0 23.8125 0.0 5.796661376953125
154510763214 0.0078125 0.0 0.0 -0.005078125000000001 -0.005078124999999999 0.005078125000000001 0.005078124999999999 0.0 12.83203125 0.0 0.0 24.38671875 0.0 12.7265625 0.0 0.0 25.91796875 0.0 12.90234375 0.0 0.0 25.91796875 0.0 12.8671875 0.0 0.0 23.4296875 0.0 5.8064422607421875
154510763389 0.0078125 0.0 0.0 -0.005078125000000001 -0.005078124999999999 0.005078125000000001 0.005078124999999999 0.0 12.83203125 0.0 0.0 23.046875 0.0 12.76171875 0.0 0.0 26.109375 0.0 12.90234375 0.0 0.0 25.7265625 0.0 12.8671875 0.0 0.0 23.62109375 0.0 5.796661376953125
154510763557 0.0078125 0.0 0.0 -0.005078125000000001 -0.005078124999999999 0.005078125000000001 0.005078124999999999 0.0 12.83203125 0.0 0.0 22.6640625 0.0 12.7265625 0.0 0.0 25.34375 0.0 12.90234375 0.0 0.0 25.53515625 0.0 12.8671875 0.0 0.0 23.8125 0.0 5.796661376953125
154510763723 0.0078125 0.0 0.0 -0.005078125000000001 -0.005078124999999999 0.005078125000000001 0.005078124999999999 0.0 12.83203125 0.0 0.0 23.046875 0.0 12.7265625 0.0 0.0 25.53515625 0.0 12.90234375 0.0 0.0 25.53515625 0.0 12.8671875 0.0 0.0 23.62109375 0.0 5.8064422607421875
154510763908 0.0078125 0.0 0.0 -0.005078125000000001 -0.005078124999999999 0.005078125000000001 0.005078124999999999 0.0 12.83203125 0.0 0.0 24.1953125 0.0 12.7265625 0.0 0.0 25.7265625 0.0 12.90234375 0.0 0.0 25.53515625 0.0 12.8671875 0.0 0.0 22.85546875 0.0 5.8064422607421875
154510764069 0.0078125 0.0 0.0 -0.005078125000000001 -0.005078124999999999 0.005078125000000001 0.005078124999999999 0.0 12.83203125 0.0 0.0 23.046875 0.0 12.7265625 0.0 0.0 25.91796875 0.0 12.796875 0.0 0.0 25.15234375 0.0 11.77734375 0.0 0.0 23.23828125 0.0 5.6793670654296875
S: 154510763965 Fired
154510764243 0.0078125 0.0 0.0 -0.005078125000000001 -0.005078124999999999 0.005078125000000001 0.005078124999999999 0.0 11.390625 0.0 0.0 23.046875 0.0 11.49609375 0.0 0.0 26.30078125 13.908248901367188 11.7421875 0.0 0.0 25.34375 0.0 11.8125 0.0 0.0 23.23828125 0.0 5.034210205078125
154510764406 0.0078125 0.0 0.0 -0.005078125000000001 -0.005078124999999999 0.005078125000000001 0.005078124999999999 0.0 12.0234375 0.0 0.0 23.23828125 0.0 11.8125 0.0 0.0 26.68359375 -12.59173583984375 11.3203125 0.0 0.0 25.34375 0.0 12.5859375 0.0 0.0 23.046875 0.0 4.44769287109375
154510764565 0.0078125 0.0 0.0 -0.005078125000000001 -0.005078124999999999 0.005078125000000001 0.005078124999999999 0.0 12.48046875 0.0 0.0 23.4296875 0.0 12.4453125 0.0 0.0 25.91796875 9.361343383789062 12.4453125 0.0 0.0 25.7265625 0.0 12.41015625 0.0 0.0 23.4296875 0.0 4.750732421875
154510764719 0.0078125 0.0 0.0 -0.005078125000000001 -0.005078124999999999 0.005078125000000001 0.005078124999999999 0.0 12.7265625 0.0 0.0 22.28125 0.0 12.55078125 0.0 0.0 25.7265625 -13.012664794921875 12.7265625 0.0 0.0 25.91796875 0.0 12.7265625 0.0 0.0 24.00390625 0.0 5.32745361328125
154510764885 0.0078125 0.0 0.0 -0.005078125000000001 -0.005078124999999999 0.005078125000000001 0.005078124999999999 0.0 12.69140625 0.0 0.0 22.6640625 0.0 12.55078125 0.0 0.0 26.109375 0.0 12.7265625 0.0 0.0 25.7265625 0.0 12.65625 0.0 0.0 23.23828125 0.0 5.6793670654296875
154510765042 0.0078125 0.0 0.0 -0.005078125000000001 -0.005078124999999999 0.005078125000000001 0.005078124999999999 0.0 12.65625 0.0 0.0 22.6640625 0.0 12.55078125 0.0 0.0 25.53515625 0.0 12.65625 0.0 0.0 25.53515625 0.0 12.48046875 0.0 0.0 23.23828125 0.0 5.913970947265625
154510765213 0.0078125 0.0 0.0 -0.005078125000000001 -0.005078124999999999 0.005078125000000001 0.005078124999999999 0.0 12.4453125 0.0 0.0 22.85546875 0.0 12.3046875 0.0 0.0 25.7265625 0.0 12.515625 0.0 0.0 25.7265625 0.0 12.4453125 0.0 0.0 23.62109375 0.0 5.9041900634765625
154510765381 0.0078125 0.0 0.0 -0.005078125000000001 -0.005078124999999999 0.005078125000000001 0.005078124999999999 0.0 12.4453125 0.0 0.0 23.23828125 0.0 12.26953125 0.0 0.0 26.30078125 0.0 12.48046875 0.0 0.0 25.91796875 0.0 12.41015625 0.0 0.0 23.4296875 0.0 5.9041900634765625
154510765555 0.0078125 0.0 0.0 -0.005078125000000001 -0.005078124999999999 0.005078125000000001 0.005078124999999999 0.0 12.69140625 0.0 0.0 22.47265625 0.0 12.62109375 0.0 0.0 25.53515625 0.0 12.83203125 0.0 0.0 25.7265625 0.0 12.76171875 0.0 0.0 23.4296875 0.0 5.82598876953125
154510765722 0.0078125 0.0 0.0 -0.005078125000000001 -0.005078124999999999 0.005078125000000001 0.005078124999999999 0.0 12.76171875 0.0 0.0 23.4296875 0.0 12.65625 0.0 0.0 26.30078125 0.0 12.83203125 0.0 0.0 26.30078125 0.0 12.796875 0.0 0.0 23.23828125 0.0 5.81622314453125
154510765901 0.0078125 0.0 0.0 -0.005078125000000001 -0.005078124999999999 0.005078125000000001 0.005078124999999999 0.0 12.76171875 0.0 0.0 23.23828125 0.0 12.65625 0.0 0.0 25.34375 0.0 12.83203125 0.0 0.0 25.7265625 0.0 12.796875 0.0 0.0 23.23828125 0.0 5.81622314453125
154510766073 0.0078125 0.0 0.0 -0.005078125000000001 -0.005078124999999999 0.005078125000000001 0.005078124999999999 0.0 12.76171875 0.0 0.0 23.23828125 0.0 12.65625 0.0 0.0 26.109375 0.0 12.83203125 0.0 0.0 25.53515625 0.0 12.796875 0.0 0.0 23.046875 0.0 5.81622314453125
154510766261 0.0078125 0.0 0.0 -0.005078125000000001 -0.005078124999999999 0.005078125000000001 0.005078124999999999 0.0 12.796875 0.0 0.0 23.4296875 0.0 12.65625 0.0 0.0 25.91796875 0.0 12.83203125 0.0 0.0 25.91796875 0.0 12.796875 0.0 0.0 23.4296875 0.0 5.81622314453125
154510766433 0.0078125 0.0 0.0 -0.005078125000000001 -0.005078124999999999 0.005078125000000001 0.005078124999999999 0.0 12.76171875 0.0 0.0 23.046875 0.0 12.65625 0.0 0.0 25.7265625 0.0 12.83203125 0.0 0.0 25.91796875 0.0 12.796875 0.0 0.0 23.62109375 0.0 5.81622314453125
154510766621 0.0078125 0.0 0.0 -0.005078125000000001 -0.005078124999999999 0.005078125000000001 0.005078124999999999 0.0 12.76171875 0.0 0.0 23.046875 0.0 12.69140625 0.0 0.0 25.53515625 0.0 12.8671875 0.0 0.0 25.53515625 0.0 12.83203125 0.0 0.0 23.8125 0.0 5.81622314453125
154510766815 0.0078125 0.0 0.0 -0.005078125000000001 -0.005078124999999999 0.005078125000000001 0.005078124999999999 0.0 12.76171875 0.0 0.0 22.85546875 0.0 12.69140625 0.0 0.0 26.109375 0.0 12.8671875 0.0 0.0 25.7265625 0.0 12.796875 0.0 0.0 22.6640625 0.0 5.81622314453125
154510766989 0.0078125 0.0 0.0 -0.005078125000000001 -0.005078124999999999 0.005078125000000001 0.005078124999999999 0.0 12.796875 0.0 0.0 23.4296875 0.0 12.69140625 0.0 0.0 25.7265625 0.0 12.8671875 0.0 0.0 25.34375 0.0 12.83203125 0.0 0.0 23.4296875 0.0 5.81622314453125
154510767164 0.0078125 0.0 0.0 -0.005078125000000001 -0.005078124999999999 0.005078125000000001 0.005078124999999999 0.0 12.796875 0.0 0.0 23.23828125 0.0 12.69140625 0.0 0.0 25.91796875 0.0 12.8671875 0.0 0.0 25.53515625 0.0 12.83203125 0.0 0.0 23.4296875 0.0 5.81622314453125
154510767343 0.0078125 0.0 0.0 -0.005078125000000001 -0.005078124999999999 0.005078125000000001 0.005078124999999999 0.0 12.796875 0.0 0.0 23.046875 0.0 12.69140625 0.0 0.0 25.91796875 0.0 12.8671875 0.0 0.0 24.9609375 0.0 12.83203125 0.0 0.0 23.8125 0.0 5.81622314453125
154510767524 0.0078125 0.0 0.0 -0.005078125000000001 -0.005078124999999999 0.005078125000000001 0.005078124999999999 0.0 12.796875 0.0 0.0 22.85546875 0.0 12.69140625 0.0 0.0 25.7265625 0.0 12.8671875 0.0 0.0 25.53515625 0.0 12.83203125 0.0 0.0 23.62109375 0.0 5.8064422607421875
154510767699 0.0078125 0.0 0.0 -0.005078125000000001 -0.005078124999999999 0.005078125000000001 0.005078124999999999 0.0 12.796875 0.0 0.0 23.4296875 0.0 12.69140625 0.0 0.0 25.91796875 0.0 12.8671875 0.0 0.0 25.53515625 0.0 12.83203125 0.0 0.0 23.8125 0.0 5.81622314453125
154510767862 0.0078125 0.0 0.0 -0.005078125000000001 -0.005078124999999999 0.005078125000000001 0.005078124999999999 0.0 12.796875 0.0 0.0 23.4296875 0.0 12.69140625 0.0 0.0 26.109375 0.0 12.8671875 0.0 0.0 25.53515625 0.0 12.83203125 0.0 0.0 23.046875 0.0 5.81622314453125
154510768043 0.0078125 0.0 0.0 -0.005078125000000001 -0.005078124999999999 0.005078125000000001 0.005078124999999999 0.0 12.796875 0.0 0.0 23.4296875 0.0 12.69140625 0.0 0.0 26.109375 0.0 12.90234375 0.0 0.0 25.53515625 0.0 12.83203125 0.0 0.0 22.85546875 0.0 5.81622314453125
154510768221 0.0078125 0.0 0.0 -0.005078125000000001 -0.005078124999999999 0.005078125000000001 0.005078124999999999 0.0 12.796875 0.0 0.0 22.85546875 0.0 12.69140625 0.0 0.0 26.68359375 0.0 12.8671875 0.0 0.0 25.34375 0.0 12.83203125 0.0 0.0 24.00390625 0.0 5.81622314453125
154510768396 0.0078125 0.0 0.0 -0.005078125000000001 -0.005078124999999999 0.005078125000000001 0.005078124999999999 0.0 12.83203125 0.0 0.0 22.6640625 0.0 12.69140625 0.0 0.0 25.7265625 0.0 12.90234375 0.0 0.0 25.34375 0.0 12.8671875 0.0 0.0 23.23828125 0.0 5.81622314453125
154510768574 0.0078125 0.0 0.0 -0.005078125000000001 -0.005078124999999999 0.005078125000000001 0.005078124999999999 0.0 12.83203125 0.0 0.0 23.046875 0.0 12.69140625 0.0 0.0 26.109375 0.0 12.8671875 0.0 0.0 25.34375 0.0 12.83203125 0.0 0.0 24.38671875 0.0 5.82598876953125
154510768752 0.0078125 0.0 0.0 -0.005078125000000001 -0.005078124999999999 0.005078125000000001 0.005078124999999999 0.0 12.83203125 0.0 0.0 23.046875 0.0 12.69140625 0.0 0.0 25.91796875 0.0 12.90234375 0.0 0.0 25.7265625 0.0 12.83203125 0.0 0.0 24.00390625 0.0 5.81622314453125
154510768933 0.0078125 0.0 0.0 -0.005078125000000001 -0.005078124999999999 0.005078125000000001 0.005078124999999999 0.0 12.83203125 0.0 0.0 23.046875 0.0 12.7265625 0.0 0.0 25.91796875 0.0 12.90234375 0.0 0.0 25.34375 0.0 12.8671875 0.0 0.0 23.4296875 0.0 5.81622314453125
154510769113 0.0078125 0.0 0.0 -0.005078125000000001 -0.005078124999999999 0.005078125000000001 0.005078124999999999 0.0 12.83203125 0.0 0.0 22.47265625 0.0 12.7265625 0.0 0.0 25.34375 0.0 12.8671875 0.0 0.0 25.34375 0.0 12.8671875 0.0 0.0 23.4296875 0.0 5.81622314453125
154510769293 0.0078125 0.0 0.0 -0.005078125000000001 -0.005078124999999999 0.005078125000000001 0.005078124999999999 0.0 12.83203125 0.0 0.0 24.1953125 0.0 12.7265625 0.0 0.0 26.4921875 0.0 12.90234375 0.0 0.0 25.7265625 0.0 12.83203125 0.0 0.0 23.62109375 0.0 5.8064422607421875
154510769481 0.0078125 0.0 0.0 -0.005078125000000001 -0.005078124999999999 0.005078125000000001 0.005078124999999999 0.0 12.83203125 0.0 0.0 23.23828125 0.0 12.7265625 0.0 0.0 25.91796875 0.0 12.90234375 0.0 0.0 26.30078125 0.0 12.83203125 0.0 0.0 23.62109375 0.0 5.81622314453125
154510769662 0.0078125 0.0 0.0 -0.005078125000000001 -0.005078124999999999 0.005078125000000001 0.005078124999999999 0.0 12.83203125 0.0 0.0 22.85546875 0.0 12.7265625 0.0 0.0 25.7265625 0.0 12.90234375 0.0 0.0 25.91796875 0.0 12.83203125 0.0 0.0 23.4296875 0.0 5.8064422607421875
154510769882 0.0078125 0.0 0.0 -0.005078125000000001 -0.005078124999999999 0.005078125000000001 0.005078124999999999 0.0 12.83203125 0.0 0.0 23.8125 0.0 12.7265625 0.0 0.0 25.53515625 0.0 12.90234375 0.0 0.0 25.15234375 0.0 12.8671875 0.0 0.0 23.23828125 0.0 5.81622314453125
154510770053 0.0078125 0.0 0.0 -0.005078125000000001 -0.005078124999999999 0.005078125000000001 0.005078124999999999 0.0 12.83203125 0.0 0.0 23.8125 0.0 12.7265625 0.0 0.0 24.76953125 0.0 12.69140625 0.0 0.0 25.53515625 0.0 11.77734375 0.0 0.0 23.8125 0.0 5.68914794921875
S: 154510769948 Fired
154510770220 0.0078125 0.0 0.0 -0.005078125000000001 -0.005078124999999999 0.005078125000000001 0.005078124999999999 0.0 11.56640625 0.0 0.0 22.85546875 0.0 11.42578125 0.0 0.0 26.109375 11.28875732421875 11.77734375 0.0 0.0 25.7265625 0.0 11.8125 0.0 0.0 23.4296875 0.0 4.9657745361328125
154510770385 0.0078125 0.0 0.0 -0.005078125000000001 -0.005078124999999999 0.005078125000000001 0.005078124999999999 0.0 12.05859375 0.0 0.0 23.4296875 0.0 11.953125 0.0 0.0 26.30078125 -13.504959106445312 11.953125 0.0 0.0 25.7265625 0.0 12.69140625 0.0 0.0 23.62109375 0.0 4.4574737548828125
154510770538 0.0078125 0.0 0.0 -0.005078125000000001 -0.005078124999999999 0.005078125000000001 0.005078124999999999 0.0 12.515625 0.0 0.0 23.4296875 0.0 12.4453125 0.0 0.0 25.91796875 4.03607177734375 12.3046875 0.0 0.0 25.53515625 0.0 12.48046875 0.0 0.0 23.8125 0.0 4.8680267333984375
154510770712 0.0078125 0.0 0.0 -0.005078125000000001 -0.005078124999999999 0.005078125000000001 0.005078124999999999 0.0 12.69140625 0.0 0.0 23.046875 0.0 12.5859375 0.0 0.0 26.109375 0.0 12.796875 0.0 0.0 25.34375 0.0 12.7265625 0.0 0.0 24.1953125 0.0 5.415435791015625
154510770885 0.0078125 0.0 0.0 -0.005078125000000001 -0.005078124999999999 0.005078125000000001 0.005078124999999999 0.0 12.7265625 0.0 0.0 23.23828125 0.0 12.55078125 0.0 0.0 25.91796875 3.4754180908203125 12.7265625 0.0 0.0 25.53515625 0.0 12.69140625 0.0 0.0 23.62109375 0.0 5.7771148681640625
154510771042 0.0078125 0.0 0.0 -0.005078125000000001 -0.005078124999999999 0.005078125000000001 0.005078124999999999 0.0 12.62109375 0.0 0.0 22.6640625 0.0 12.62109375 0.0 0.0 25.7265625 0.0 12.83203125 0.0 0.0 25.34375 0.0 12.796875 0.0 0.0 23.62109375 0.0 5.8357696533203125
154510771226 0.0078125 0.0 0.0 -0.005078125000000001 -0.005078124999999999 0.005078125000000001 0.005078124999999999 0.0 12.76171875 0.0 0.0 23.23828125 0.0 12.65625 0.0 0.0 25.7265625 0.0 12.8671875 0.0 0.0 25.53515625 0.0 12.796875 0.0 0.0 23.23828125 0.0 5.81622314453125
154510771400 0.0078125 0.0 0.0 -0.005078125000000001 -0.005078124999999999 0.005078125000000001 0.005078124999999999 0.0 12.76171875 0.0 0.0 23.046875 0.0 12.69140625 0.0 0.0 25.7265625 0.0 12.8671875 0.0 0.0 25.34375 0.0 12.83203125 0.0 0.0 23.4296875 0.0 5.81622314453125
154510771579 0.0078125 0.0 0.0 -0.005078125000000001 -0.005078124999999999 0.005078125000000001 0.005078124999999999 0.0 12.76171875 0.0 0.0 23.046875 0.0 12.69140625 0.0 0.0 26.109375 0.0 12.8671875 0.0 0.0 25.7265625 0.0 12.796875 0.0 0.0 23.62109375 0.0 5.81622314453125
154510771745 0.0078125 0.0 0.0 -0.005078125000000001 -0.005078124999999999 0.005078125000000001 0.005078124999999999 0.0 12.76171875 0.0 0.0 22.85546875 0.0 12.69140625 0.0 0.0 25.34375 0.0 12.8671875 0.0 0.0 25.53515625 0.0 12.83203125 0.0 0.0 23.62109375 0.0 5.82598876953125
154510771920 0.0078125 0.0 0.0 -0.005078125000000001 -0.005078124999999999 0.005078125000000001 0.005078124999999999 0.0 12.796875 0.0 0.0 22.85546875 0.0 12.69140625 0.0 0.0 25.7265625 0.0 12.8671875 0.0 0.0 25.7265625 0.0 12.83203125 0.0 0.0 23.4296875 0.0 5.81622314453125
154510772094 0.0078125 0.0 0.0 -0.005078125000000001 -0.005078124999999999 0.005078125000000001 0.005078124999999999 0.0 12.796875 0.0 0.0 24.1953125 0.0 12.69140625 0.0 0.0 25.34375 0.0 12.8671875 0.0 0.0 25.53515625 0.0 12.83203125 0.0 0.0 23.62109375 0.0 5.8064422607421875
154510772274 0.0078125 0.0 0.0 -0.005078125000000001 -0.005078124999999999 0.005078125000000001 0.005078124999999999 0.0 12.796875 0.0 0.0 23.8125 0.0 12.7265625 0.0 0.0 25.91796875 0.0 12.8671875 0.0 0.0 25.34375 0.0 12.83203125 0.0 0.0 23.23828125 0.0 5.8064422607421875
154510772453 0.0078125 0.0 0.0 -0.005078125000000001 -0.005078124999999999 0.005078125000000001 0.005078124999999999 0.0 12.796875 0.0 0.0 22.85546875 0.0 12.69140625 0.0 0.0 25.91796875 0.0 12.8671875 0.0 0.0 25.34375 0.0 12.83203125 0.0 0.0 23.4296875 0.0 5.81622314453125
154510772628 0.0078125 0.0 0.0 -0.005078125000000001 -0.005078124999999999 0.005078125000000001 0.005078124999999999 0.0 12.796875 0.0 0.0 23.046875 0.0 12.69140625 0.0 0.0 25.91796875 0.0 12.8671875 0.0 0.0 25.34375 0.0 12.83203125 0.0 0.0 24.00390625 0.0 5.81622314453125
154510772813 0.0078125 0.0 0.0 -0.005078125000000001 -0.005078124999999999 0.005078125000000001 0.005078124999999999 0.0 12.796875 0.0 0.0 23.046875 0.0 12.69140625 0.0 0.0 26.109375 0.0 12.90234375 0.0 0.0 25.91796875 0.0 12.83203125 0.0 0.0 23.62109375 0.0 5.81622314453125
154510773009 0.0078125 0.0 0.0 -0.005078125000000001 -0.005078124999999999 0.005078125000000001 0.005078124999999999 0.0 12.796875 0.0 0.0 23.62109375 0.0 12.69140625 0.0 0.0 26.68359375 0.0 12.90234375 0.0 0.0 25.7265625 0.0 12.83203125 0.0 0.0 23.4296875 0.0 5.81622314453125
154510773193 0.0078125 0.0 0.0 -0.005078125000000001 -0.005078124999999999 0.005078125000000001 0.005078124999999999 0.0 12.83203125 0.0 0.0 23.23828125 0.0 12.69140625 0.0 0.0 26.875 0.0 12.90234375 0.0 0.0 25.7265625 0.0 12.83203125 0.0 0.0 24.00390625 0.0 5.81622314453125
154510773374 0.0078125 0.0 0.0 -0.005078125000000001 -0.005078124999999999 0.005078125000000001 0.005078124999999999 0.0 12.83203125 0.0 0.0 23.23828125 0.0 12.7265625 0.0 0.0 26.109375 0.0 12.90234375 0.0 0.0 25.34375 0.0 12.83203125 0.0 0.0 23.23828125 0.0 5.81622314453125
154510773552 0.0078125 0.0 0.0 -0.005078125000000001 -0.005078124999999999 0.005078125000000001 0.005078124999999999 0.0 12.796875 0.0 0.0 23.8125 0.0 12.69140625 0.0 0.0 25.91796875 0.0 12.8671875 0.0 0.0 25.53515625 0.0 12.83203125 0.0 0.0 23.62109375 0.0 5.81622314453125
154510773727 0.0078125 0.0 0.0 -0.005078125000000001 -0.005078124999999999 0.005078125000000001 0.005078124999999999 0.0 12.83203125 0.0 0.0 23.046875 0.0 12.7265625 0.0 0.0 25.53515625 0.0 12.90234375 0.0 0.0 25.34375 0.0 12.83203125 0.0 0.0 23.4296875 0.0 5.81622314453125
154510773900 0.0078125 0.0 0.0 -0.005078125000000001 -0.005078124999999999 0.005078125000000001 0.005078124999999999 0.0 12.796875 0.0 0.0 23.4296875 0.0 12.7265625 0.0 0.0 25.91796875 0.0 12.90234375 0.0 0.0 25.34375 0.0 12.83203125 0.0 0.0 23.8125 0.0 5.81622314453125
154510774073 0.0078125 0.0 0.0 -0.005078125000000001 -0.005078124999999999 0.005078125000000001 0.005078124999999999 0.0 12.83203125 0.0 0.0 23.4296875 0.0 12.7265625 0.0 0.0 25.7265625 0.0 12.90234375 0.0 0.0 25.34375 0.0 12.83203125 0.0 0.0 23.4296875 0.0 5.81622314453125
154510774254 0.0078125 0.0 0.0 -0.005078125000000001 -0.005078124999999999 0.005078125000000001 0.005078124999999999 0.0 12.83203125 0.0 0.0 23.8125 0.0 12.7265625 0.0 0.0 25.53515625 0.0 12.90234375 0.0 0.0 25.7265625 0.0 12.8671875 0.0 0.0 23.4296875 0.0 5.81622314453125
154510774441 0.0078125 0.0 0.0 -0.005078125000000001 -0.005078124999999999 0.005078125000000001 0.005078124999999999 0.0 12.83203125 0.0 0.0 24.1953125 0.0 12.7265625 0.0 0.0 25.91796875 0.0 12.90234375 0.0 0.0 25.7265625 0.0 12.8671875 0.0 0.0 23.4296875 0.0 5.81622314453125
154510774624 0.0078125 0.0 0.0 -0.005078125000000001 -0.005078124999999999 0.005078125000000001 0.005078124999999999 0.0 12.83203125 0.0 0.0 23.046875 0.0 12.7265625 0.0 0.0 25.91796875 0.0 12.90234375 0.0 0.0 25.91796875 0.0 12.83203125 0.0 0.0 23.046875 0.0 5.81622314453125
154510774806 0.0078125 0.0 0.0 -0.005078125000000001 -0.005078124999999999 0.005078125000000001 0.005078124999999999 0.0 12.83203125 0.0 0.0 23.62109375 0.0 12.7265625 0.0 0.0 25.91796875 0.0 12.90234375 0.0 0.0 25.34375 0.0 12.8671875 0.0 0.0 23.4296875 0.0 5.81622314453125
154510774975 0.0078125 0.0 0.0 -0.005078125000000001 -0.005078124999999999 0.005078125000000001 0.005078124999999999 0.0 12.83203125 0.0 0.0 23.046875 0.0 12.7265625 0.0 0.0 25.7265625 0.0 12.65625 0.0 0.0 25.53515625 0.0 11.84765625 0.0 0.0 23.4296875 0.0 5.68914794921875
S: 154510774871 Fired
154510775163 0.0078125 0.0 0.0 -0.005078125000000001 -0.005078124999999999 0.005078125000000001 0.005078124999999999 0.0 11.53125 0.0 0.0 23.4296875 0.0 11.49609375 0.0 0.0 26.109375 11.171676635742188 11.84765625 0.0 0.0 25.7265625 0.0 11.8828125 0.0 0.0 23.23828125 0.0 4.9560089111328125
154510775334 0.0078125 0.0 0.0 -0.005078125000000001 -0.005078124999999999 0.005078125000000001 0.005078124999999999 0.0 12.05859375 0.0 0.0 22.85546875 0.0 11.953125 0.0 0.0 25.34375 -14.580459594726562 11.0390625 0.0 0.0 25.53515625 0.0 12.62109375 0.0 0.0 23.62109375 0.0 4.43792724609375
154510775501 0.0078125 0.0 0.0 -0.005078125000000001 -0.005078124999999999 0.005078125000000001 0.005078124999999999 0.0 12.55078125 0.0 0.0 22.28125 0.0 12.12890625 0.0 0.0 25.34375 5.63916015625 12.4453125 0.0 0.0 25.34375 0.0 12.7265625 0.0 0.0 23.62109375 0.0 4.9853363037109375
154510775665 0.0078125 0.0 0.0 -0.005078125000000001 -0.005078124999999999 0.005078125000000001 0.005078124999999999 0.0 12.69140625 0.0 0.0 23.4296875 0.0 12.5859375 0.0 0.0 25.34375 0.0 12.76171875 0.0 0.0 25.53515625 0.0 12.7265625 0.0 0.0 23.8125 0.0 5.44476318359375
154510775835 0.0078125 0.0 0.0 -0.005078125000000001 -0.005078124999999999 0.005078125000000001 0.005078124999999999 0.0 12.65625 0.0 0.0 22.85546875 0.0 12.55078125 0.0 0.0 25.15234375 -3.1049346923828125 12.7265625 0.0 0.0 25.7265625 0.0 12.65625 0.0 0.0 23.23828125 0.0 5.8064422607421875
154510776029 0.0078125 0.0 0.0 -0.005078125000000001 -0.005078124999999999 0.005078125000000001 0.005078124999999999 0.0 12.65625 0.0 0.0 22.85546875 0.0 12.65625 0.0 0.0 25.7265625 0.0 12.83203125 0.0 0.0 25.7265625 0.0 12.796875 0.0 0.0 23.23828125 0.0 5.82598876953125
154510776207 0.0078125 0.0 0.0 -0.005078125000000001 -0.005078124999999999 0.005078125000000001 0.005078124999999999 0.0 12.76171875 0.0 0.0 23.4296875 0.0 12.69140625 0.0 0.0 25.7265625 0.0 12.83203125 0.0 0.0 26.109375 0.0 12.796875 0.0 0.0 24.00390625 0.0 5.82598876953125
154510776379 0.0078125 0.0 0.0 -0.005078125000000001 -0.005078124999999999 0.005078125000000001 0.005078124999999999 0.0 12.796875 0.0 0.0 22.47265625 0.0 12.65625 0.0 0.0 26.30078125 0.0 12.8671875 0.0 0.0 25.53515625 0.0 12.796875 0.0 0.0 23.62109375 0.0 5.81622314453125
154510776554 0.0078125 0.0 0.0 -0.005078125000000001 -0.005078124999999999 0.005078125000000001 0.005078124999999999 0.0 12.796875 0.0 0.0 23.62109375 0.0 12.69140625 0.0 0.0 25.7265625 0.0 12.83203125 0.0 0.0 25.7265625 0.0 12.796875 0.0 0.0 23.62109375 0.0 5.8064422607421875
154510776733 0.0078125 0.0 0.0 -0.005078125000000001 -0.005078124999999999 0.005078125000000001 0.005078124999999999 0.0 12.796875 0.0 0.0 23.23828125 0.0 12.69140625 0.0 0.0 26.30078125 0.0 12.8671875 0.0 0.0 25.7265625 0.0 12.83203125 0.0 0.0 23.8125 0.0 5.81622314453125
154510776914 0.0078125 0.0 0.0 -0.005078125000000001 -0.005078124999999999 0.005078125000000001 0.005078124999999999 0.0 12.796875 0.0 0.0 23.046875 0.0 12.69140625 0.0 0.0 25.91796875 0.0 12.8671875 0.0 0.0 25.53515625 0.0 12.83203125 0.0 0.0 23.62109375 0.0 5.81622314453125
154510777088 0.0078125 0.0 0.0 -0.005078125000000001 -0.005078124999999999 0.005078125000000001 0.005078124999999999 0.0 12.796875 0.0 0.0 23.4296875 0.0 12.69140625 0.0 0.0 25.91796875 0.0 12.83203125 0.0 0.0 25.53515625 0.0 12.83203125 0.0 0.0 24.1953125 0.0 5.81622314453125
154510777259 0.0078125 0.0 0.0 -0.005078125000000001 -0.005078124999999999 0.005078125000000001 0.005078124999999999 0.0 12.796875 0.0 0.0 23.4296875 0.0 12.69140625 0.0 0.0 26.30078125 0.0 12.8671875 0.0 0.0 25.7265625 0.0 12.83203125 0.0 0.0 23.23828125 0.0 5.81622314453125
154510777432 0.0078125 0.0 0.0 -0.005078125000000001 -0.005078124999999999 0.005078125000000001 0.005078124999999999 0.0 12.796875 0.0 0.0 23.23828125 0.0 12.69140625 0.0 0.0 25.34375 0.0 12.8671875 0.0 0.0 25.53515625 0.0 12.83203125 0.0 0.0 24.00390625 0.0 5.81622314453125
154510777599 0.0078125 0.0 0.0 -0.005078125000000001 -0.005078124999999999 0.005078125000000001 0.005078124999999999 0.0 12.796875 0.0 0.0 23.62109375 0.0 12.69140625 0.0 0.0 26.109375 0.0 12.8671875 0.0 0.0 25.53515625 0.0 12.83203125 0.0 0.0 24.00390625 0.0 5.81622314453125
154510777778 0.0078125 0.0 0.0 -0.005078125000000001 -0.005078124999999999 0.005078125000000001 0.005078124999999999 0.0 12.796875 0.0 0.0 23.4296875 0.0 12.69140625 0.0 0.0 25.91796875 0.0 12.90234375 0.0 0.0 25.53515625 0.0 12.83203125 0.0 0.0 23.4296875 0.0 5.8064422607421875
154510777950 0.0078125 0.0 0.0 -0.005078125000000001 -0.005078124999999999 0.005078125000000001 0.005078124999999999 0.0 12.796875 0.0 0.0 23.23828125 0.0 12.69140625 0.0 0.0 25.7265625 0.0 12.90234375 0.0 0.0 25.7265625 0.0 12.83203125 0.0 0.0 23.4296875 0.0 5.81622314453125
154510778119 0.0078125 0.0 0.0 -0.005078125000000001 -0.005078124999999999 0.005078125000000001 0.005078124999999999 0.0 12.796875 0.0 0.0 22.85546875 0.0 12.69140625 0.0 0.0 25.7265625 0.0 12.8671875 0.0 0.0 25.34375 0.0 12.83203125 0.0 0.0 23.23828125 0.0 5.81622314453125
154510778294 0.0078125 0.0 0.0 -0.005078125000000001 -0.005078124999999999 0.005078125000000001 0.005078124999999999 0.0 12.83203125 0.0 0.0 23.046875 0.0 12.7265625 0.0 0.0 25.53515625 0.0 12.90234375 0.0 0.0 25.53515625 0.0 12.83203125 0.0 0.0 23.4296875 0.0 5.8064422607421875
154510778482 0.0078125 0.0 0.0 -0.005078125000000001 -0.005078124999999999 0.005078125000000001 0.005078124999999999 0.0 12.83203125 0.0 0.0 22.6640625 0.0 12.7265625 0.0 0.0 26.109375 0.0 12.8671875 0.0 0.0 25.15234375 0.0 12.8671875 0.0 0.0 23.4296875 0.0 5.8064422607421875
154510778667 0.0078125 0.0 0.0 -0.005078125000000001 -0.005078124999999999 0.005078125000000001 0.005078124999999999 0.0 12.83203125 0.0 0.0 23.62109375 0.0 12.69140625 0.0 0.0 25.91796875 0.0 12.90234375 0.0 0.0 26.109375 0.0 12.83203125 0.0 0.0 23.62109375 0.0 5.81622314453125
154510778846 0.0078125 0.0 0.0 -0.005078125000000001 -0.005078124999999999 0.005078125000000001 0.005078124999999999 0.0 12.83203125 0.0 0.0 22.85546875 0.0 12.7265625 0.0 0.0 26.109375 0.0 12.90234375 0.0 0.0 25.53515625 0.0 12.83203125 0.0 0.0 23.23828125 0.0 5.8064422607421875
154510779041 0.0078125 0.0 0.0 -0.005078125000000001 -0.005078124999999999 0.005078125000000001 0.005078124999999999 0.0 12.83203125 0.0 0.0 23.046875 0.0 12.7265625 0.0 0.0 25.7265625 0.0 12.90234375 0.0 0.0 25.91796875 0.0 12.83203125 0.0 0.0 22.85546875 0.0 5.8064422607421875
154510779220 0.0078125 0.0 0.0 -0.005078125000000001 -0.005078124999999999 0.005078125000000001 0.005078124999999999 0.0 12.83203125 0.0 0.0 23.23828125 0.0 12.7265625 0.0 0.0 26.68359375 0.0 12.90234375 0.0 0.0 25.7265625 0.0 12.83203125 0.0 0.0 23.4296875 0.0 5.82598876953125
154510779400 0.0078125 0.0 0.0 -0.005078125000000001 -0.005078124999999999 0.005078125000000001 0.005078124999999999 0.0 12.83203125 0.0 0.0 23.046875 0.0 12.7265625 0.0 0.0 25.91796875 0.0 12.90234375 0.0 0.0 25.91796875 0.0 12.8671875 0.0 0.0 23.62109375 0.0 5.8064422607421875
154510779570 0.0078125 0.0 0.0 -0.005078125000000001 -0.005078124999999999 0.005078125000000001 0.005078124999999999 0.0 12.83203125 0.0 0.0 23.23828125 0.0 12.7265625 0.0 0.0 25.91796875 0.0 12.90234375 0.0 0.0 25.53515625 0.0 12.8671875 0.0 0.0 23.8125 0.0 5.8064422607421875
154510779748 0.0078125 0.0 0.0 -0.005078125000000001 -0.005078124999999999 0.005078125000000001 0.005078124999999999 0.0 12.83203125 0.0 0.0 23.62109375 0.0 12.7265625 0.0 0.0 25.7265625 0.0 12.90234375 0.0 0.0 25.7265625 0.0 12.8671875 0.0 0.0 24.00390625 0.0 5.81622314453125
154510779921 0.0078125 0.0 0.0 -0.005078125000000001 -0.005078124999999999 0.005078125000000001 0.005078124999999999 0.0 12.83203125 0.0 0.0 23.4296875 0.0 12.7265625 0.0 0.0 25.34375 0.0 12.90234375 0.0 0.0 25.53515625 0.0 12.8671875 0.0 0.0 23.4296875 0.0 5.81622314453125
154510780114 0.0078125 0.0 0.0 -0.005078125000000001 -0.005078124999999999 0.005078125000000001 0.005078124999999999 0.0 12.83203125 0.0 0.0 23.8125 0.0 12.7265625 0.0 0.0 25.91796875 0.0 12.90234375 0.0 0.0 25.53515625 0.0 12.83203125 0.0 0.0 23.62109375 0.0 5.81622314453125
154510780281 0.0078125 0.0 0.0 -0.005078125000000001 -0.005078124999999999 0.005078125000000001 0.005078124999999999 0.0 12.83203125 0.0 0.0 23.4296875 0.0 12.69140625 0.0 0.0 25.34375 0.0 12.90234375 0.0 0.0 24.9609375 0.0 12.8671875 0.0 0.0 24.1953125 0.0 5.81622314453125
154510780466 0.0078125 0.0 0.0 -0.005078125000000001 -0.005078124999999999 0.005078125000000001 0.005078124999999999 0.0 12.83203125 0.0 0.0 23.23828125 0.0 12.7265625 0.0 0.0 25.7265625 0.0 12.90234375 0.0 0.0 25.34375 0.0 12.8671875 0.0 0.0 23.4296875 0.0 5.8064422607421875
154510780641 0.0078125 0.0 0.0 -0.005078125000000001 -0.005078124999999999 0.005078125000000001 0.005078124999999999 0.0 12.83203125 0.0 0.0 23.8125 0.0 12.7265625 0.0 0.0 25.7265625 0.0 12.90234375 0.0 0.0 26.30078125 0.0 12.8671875 0.0 0.0 22.85546875 0.0 5.8064422607421875
154510780826 0.0078125 0.0 0.0 -0.005078125000000001 -0.005078124999999999 0.005078125000000001 0.005078124999999999 0.0 12.8671875 0.0 0.0 23.4296875 0.0 12.7265625 0.0 0.0 26.30078125 0.0 12.90234375 0.0 0.0 25.91796875 0.0 12.8671875 0.0 0.0 23.4296875 0.0 5.81622314453125
154510781001 0.0078125 0.0 0.0 -0.005078125000000001 -0.005078124999999999 0.005078125000000001 0.005078124999999999 0.0 12.83203125 0.0 0.0 23.62109375 0.0 12.7265625 0.0 0.0 26.109375 0.0 12.90234375 0.0 0.0 25.91796875 0.0 12.8671875 0.0 0.0 23.4296875 0.0 5.8064422607421875
154510781187 0.0078125 0.0 0.0 -0.005078125000000001 -0.005078124999999999 0.005078125000000001 0.005078124999999999 0.0 12.83203125 0.0 0.0 24.38671875 0.0 12.7265625 0.0 0.0 25.15234375 0.0 12.90234375 0.0 0.0 25.7265625 0.0 12.8671875 0.0 0.0 23.8125 0.0 5.81622314453125
154510781373 0.0078125 0.0 0.0 -0.005078125000000001 -0.005078124999999999 0.005078125000000001 0.005078124999999999 0.0 12.83203125 0.0 0.0 23.62109375 0.0 12.7265625 0.0 0.0 25.53515625 0.0 12.5859375 0.0 0.0 26.109375 0.0 12.05859375 0.0 0.0 23.23828125 0.0 5.7086944580078125
S: 154510781259 Fired
154510781542 0.0078125 0.0 0.0 -0.005078125000000001 -0.005078124999999999 0.005078125000000001 0.005078124999999999 0.0 11.3203125 0.0 0.0 22.85546875 0.0 11.49609375 0.0 0.0 25.91796875 9.0318603515625 11.70703125 0.0 0.0 25.15234375 0.0 11.8828125 0.0 0.0 23.4296875 0.0 4.975555419921875
154510781713 0.0078125 0.0 0.0 -0.005078125000000001 -0.005078124999999999 0.005078125000000001 0.005078124999999999 0.0 12.05859375 0.0 0.0 22.6640625 0.0 11.8125 0.0 0.0 26.30078125 -16.28436279296875 9.73828125 0.0 0.0 25.91796875 0.0 12.4453125 0.0 0.0 23.046875 0.0 4.3988189697265625
154510781885 0.0078125 0.0 0.0 -0.005078125000000001 -0.005078124999999999 0.005078125000000001 0.005078124999999999 0.0 12.515625 0.0 0.0 22.85546875 0.0 12.4453125 0.0 0.0 25.91796875 -5.91754150390625 12.4453125 0.0 0.0 26.109375 0.0 12.48046875 0.0 0.0 23.046875 0.0 4.7996063232421875
154510782066 0.0078125 0.0 0.0 -0.005078125000000001 -0.005078124999999999 0.005078125000000001 0.005078124999999999 0.0 12.65625 0.0 0.0 23.23828125 0.0 12.55078125 0.0 0.0 25.7265625 0.0 12.76171875 0.0 0.0 25.34375 0.0 12.7265625 0.0 0.0 24.1953125 0.0 5.4252166748046875
154510782225 0.0078125 0.0 0.0 -0.005078125000000001 -0.005078124999999999 0.005078125000000001 0.005078124999999999 0.0 12.62109375 0.0 0.0 23.62109375 0.0 12.55078125 0.0 0.0 25.7265625 3.367431640625 12.7265625 0.0 0.0 25.34375 0.0 12.69140625 0.0 0.0 24.00390625 0.0 5.757568359375
154510782403 0.0078125 0.0 0.0 -0.005078125000000001 -0.005078124999999999 0.005078125000000001 0.005078124999999999 0.0 12.62109375 0.0 0.0 23.4296875 0.0 12.41015625 0.0 0.0 25.34375 2.4937744140625 12.796875 0.0 0.0 25.7265625 0.0 12.76171875 0.0 0.0 22.85546875 0.0 5.855316162109375
154510782583 0.0078125 0.0 0.0 -0.005078125000000001 -0.005078124999999999 0.005078125000000001 0.005078124999999999 0.0 12.76171875 0.0 0.0 23.23828125 0.0 12.62109375 0.0 0.0 25.53515625 0.0 12.83203125 0.0 0.0 25.91796875 0.0 12.76171875 0.0 0.0 23.23828125 0.0 5.81622314453125
154510782762 0.0078125 0.0 0.0 -0.005078125000000001 -0.005078124999999999 0.005078125000000001 0.005078124999999999 0.0 12.76171875 0.0 0.0 23.046875 0.0 12.65625 0.0 0.0 25.7265625 0.0 12.83203125 0.0 0.0 25.7265625 0.0 12.796875 0.0 0.0 23.4296875 0.0 5.81622314453125
154510782939 0.0078125 0.0 0.0 -0.005078125000000001 -0.005078124999999999 0.005078125000000001 0.005078124999999999 0.0 12.76171875 0.0 0.0 23.4296875 0.0 12.65625 0.0 0.0 26.109375 0.0 12.8671875 0.0 0.0 25.53515625 0.0 12.796875 0.0 0.0 23.8125 0.0 5.81622314453125
154510783109 0.0078125 0.0 0.0 -0.005078125000000001 -0.005078124999999999 0.005078125000000001 0.005078124999999999 0.0 12.796875 0.0 0.0 22.47265625 0.0 12.65625 0.0 0.0 26.109375 0.0 12.83203125 0.0 0.0 25.91796875 0.0 12.796875 0.0 0.0 23.8125 0.0 5.81622314453125
154510783281 0.0078125 0.0 0.0 -0.005078125000000001 -0.005078124999999999 0.005078125000000001 0.005078124999999999 0.0 12.796875 0.0 0.0 22.85546875 0.0 12.69140625 0.0 0.0 25.7265625 0.0 12.8671875 0.0 0.0 25.91796875 0.0 12.796875 0.0 0.0 23.62109375 0.0 5.82598876953125
154510783453 0.0078125 0.0 0.0 -0.005078125000000001 -0.005078124999999999 0.005078125000000001 0.005078124999999999 0.0 12.76171875 0.0 0.0 23.23828125 0.0 12.69140625 0.0 0.0 25.34375 0.0 12.8671875 0.0 0.0 25.34375 0.0 12.83203125 0.0 0.0 24.1953125 0.0 5.81622314453125
154510783623 0.0078125 0.0 0.0 -0.005078125000000001 -0.005078124999999999 0.005078125000000001 0.005078124999999999 0.0 12.796875 0.0 0.0 22.6640625 0.0 12.69140625 0.0 0.0 25.7265625 0.0 12.8671875 0.0 0.0 25.91796875 0.0 12.83203125 0.0 0.0 23.23828125 0.0 5.81622314453125
154510783799 0.0078125 0.0 0.0 -0.005078125000000001 -0.005078124999999999 0.005078125000000001 0.005078124999999999 0.0 12.83203125 0.0 0.0 22.85546875 0.0 12.69140625 0.0 0.0 25.91796875 0.0 12.8671875 0.0 0.0 25.91796875 0.0 12.83203125 0.0 0.0 23.8125 0.0 5.81622314453125
154510783972 0.0078125 0.0 0.0 -0.005078125000000001 -0.005078124999999999 0.005078125000000001 0.005078124999999999 0.0 12.796875 0.0 0.0 23.23828125 0.0 12.69140625 0.0 0.0 25.91796875 0.0 12.8671875 0.0 0.0 25.53515625 0.0 12.83203125 0.0 0.0 23.4296875 0.0 5.81622314453125
154510784141 0.0078125 0.0 0.0 -0.005078125000000001 -0.005078124999999999 0.005078125000000001 0.005078124999999999 0.0 12.796875 0.0 0.0 24.1953125 0.0 12.69140625 0.0 0.0 26.68359375 0.0 12.8671875 0.0 0.0 25.53515625 0.0 12.83203125 0.0 0.0 23.62109375 0.0 5.81622314453125
154510784318 0.0078125 0.0 0.0 -0.005078125000000001 -0.005078124999999999 0.005078125000000001 0.005078124999999999 0.0 12.83203125 0.0 0.0 24.00390625 0.0 12.69140625 0.0 0.0 25.91796875 0.0 12.8671875 0.0 0.0 25.7265625 0.0 12.83203125 0.0 0.0 22.85546875 0.0 5.81622314453125
154510784502 0.0078125 0.0 0.0 -0.005078125000000001 -0.005078124999999999 0.005078125000000001 0.005078124999999999 0.0 12.796875 0.0 0.0 23.4296875 0.0 12.69140625 0.0 0.0 25.91796875 0.0 12.8671875 0.0 0.0 25.91796875 0.0 12.83203125 0.0 0.0 23.62109375 0.0 5.81622314453125
154510784694 0.0078125 0.0 0.0 -0.005078125000000001 -0.005078124999999999 0.005078125000000001 0.005078124999999999 0.0 12.83203125 0.0 0.0 23.23828125 0.0 12.69140625 0.0 0.0 26.30078125 0.0 12.8671875 0.0 0.0 25.91796875 0.0 12.83203125 0.0 0.0 24.38671875 0.0 5.8064422607421875
154510784873 0.0078125 0.0 0.0 -0.005078125000000001 -0.005078124999999999 0.005078125000000001 0.005078124999999999 0.0 12.83203125 0.0 0.0 23.4296875 0.0 12.69140625 0.0 0.0 25.7265625 0.0 12.8671875 0.0 0.0 25.7265625 0.0 12.83203125 0.0 0.0 23.046875 0.0 5.81622314453125
154510785052 0.0078125 0.0 0.0 -0.005078125000000001 -0.005078124999999999 0.005078125000000001 0.005078124999999999 0.0 12.83203125 0.0 0.0 22.85546875 0.0 12.7265625 0.0 0.0 26.68359375 0.0 12.90234375 0.0 0.0 25.34375 0.0 12.8671875 0.0 0.0 23.62109375 0.0 5.81622314453125
154510785198 0.0078125 0.0 0.0 -0.005078125000000001 -0.005078124999999999 0.005078125000000001 0.005078124999999999 0.0 12.83203125 0.0 0.0 23.4296875 0.0 12.7265625 0.0 0.0 26.109375 0.0 12.90234375 0.0 0.0 25.7265625 0.0 12.83203125 0.0 0.0 23.4296875 0.0 5.8064422607421875
