Timestamp Driver_Joy_Y Driver_Joy_X Driver_Joy_W FL_Out BL_Out BR_Out FR_Out FL_Jag_Speed FL_Bus_Voltage FL_Out_Voltage FL_Out_Current FL_Temp BL_Jag_Speed BL_Bus_Voltage BL_Out_Voltage BL_Out_Current BL_Temp BR_Jag_Speed BR_Bus_Voltage BR_Out_Voltage BR_Out_Current BR_Temp FR_Jag_Speed FR_Bus_Voltage FR_Out_Voltage FR_Out_Current FR_Temp
3.286 -0.0 -0.0078125 0.015748031496062992 0.0 0.0 0.0 0.0 0.0 12.76171875 0.0 0.0 23.4296875 0.0 12.62109375 0.0 0.0 25.7265625 0.0 12.83203125 0.0 0.0 25.91796875 0.0 12.796875 0.0 0.0 24.1953125 0.0 5.171051025390625
3.478 -0.0 -0.0078125 0.015748031496062992 0.0 0.0 -0.0 -0.0 0.0 12.76171875 0.0 0.0 22.85546875 0.0 12.65625 0.0 0.0 25.91796875 0.0 12.83203125 0.0 0.0 26.109375 0.0 12.76171875 0.0 0.0 24.00390625 0.0 5.161285400390625
3.651 -0.0 -0.0078125 0.015748031496062992 0.0 0.0 -0.0 -0.0 0.0 12.76171875 0.0 0.0 24.578125 0.0 12.62109375 0.0 0.0 26.68359375 0.0 12.83203125 0.0 0.0 26.109375 0.0 12.76171875 0.0 0.0 23.8125 0.0 5.102630615234375
3.839 -0.0 -0.0078125 0.015748031496062992 0.0 0.0 -0.0 -0.0 0.0 12.76171875 0.0 0.0 23.62109375 0.0 12.65625 0.0 0.0 25.7265625 0.0 12.796875 0.0 0.0 25.34375 0.0 12.76171875 0.0 0.0 24.38671875 0.0 5.0928497314453125
4.009 -0.0 -0.0078125 0.015748031496062992 0.0 0.0 -0.0 -0.0 0.0 12.76171875 0.0 0.0 23.23828125 0.0 12.62109375 0.0 0.0 26.68359375 0.0 12.83203125 0.0 0.0 26.109375 0.0 12.796875 0.0 0.0 23.23828125 0.0 5.102630615234375
4.188 -0.0 -0.0078125 0.015748031496062992 0.0 0.0 -0.0 -0.0 0.0 12.76171875 0.0 0.0 24.00390625 0.0 12.62109375 0.0 0.0 25.91796875 0.0 12.83203125 0.0 0.0 26.875 0.0 12.76171875 0.0 0.0 23.8125 0.0 5.0928497314453125
4.361 -0.0 -0.0078125 0.015748031496062992 0.0 0.0 -0.0 -0.0 0.0 12.76171875 0.0 0.0 22.85546875 0.0 12.65625 0.0 0.0 26.30078125 0.0 12.83203125 0.0 0.0 26.109375 0.0 12.76171875 0.0 0.0 24.38671875 0.0 5.0928497314453125
4.541 -0.0 -0.0078125 0.015748031496062992 0.0 0.0 -0.0 -0.0 0.0 12.76171875 0.0 0.0 23.62109375 0.0 12.65625 0.0 0.0 25.91796875 0.0 12.83203125 0.0 0.0 26.30078125 0.0 12.76171875 0.0 0.0 24.1953125 0.0 5.0928497314453125
4.719 -0.0 -0.0078125 0.015748031496062992 0.0 0.0 -0.0 -0.0 0.0 12.76171875 0.0 0.0 23.4296875 0.0 12.62109375 0.0 0.0 27.44921875 0.0 12.796875 0.0 0.0 26.109375 0.0 12.796875 0.0 0.0 23.8125 0.0 5.0928497314453125
4.891 -0.0 -0.0078125 0.015748031496062992 0.0 0.0 -0.0 -0.0 0.0 12.7265625 0.0 0.0 23.23828125 0.0 12.62109375 0.0 0.0 26.109375 0.0 12.83203125 0.0 0.0 25.91796875 0.0 12.76171875 0.0 0.0 23.8125 0.0 5.0830841064453125
5.059 -0.0 -0.0078125 0.015748031496062992 0.0 0.0 -0.0 -0.0 0.0 12.7265625 0.0 0.0 24.1953125 0.0 12.62109375 0.0 0.0 25.53515625 0.0 12.83203125 0.0 0.0 25.7265625 0.0 12.76171875 0.0 0.0 23.62109375 0.0 5.0928497314453125
5.233 -0.0 -0.0078125 0.015748031496062992 0.0 0.0 -0.0 -0.0 0.0 12.76171875 0.0 0.0 23.8125 0.0 12.62109375 0.0 0.0 26.4921875 0.0 12.83203125 0.0 0.0 25.7265625 0.0 12.76171875 0.0 0.0 23.62109375 0.0 5.0830841064453125
5.413 -0.0 -0.0078125 0.015748031496062992 0.0 0.0 -0.0 -0.0 0.0 12.7265625 0.0 0.0 23.8125 0.0 12.62109375 0.0 0.0 25.7265625 0.0 12.796875 0.0 0.0 25.34375 0.0 12.796875 0.0 0.0 24.00390625 0.0 5.0928497314453125
5.594 -0.0 -0.0078125 0.015748031496062992 0.0 0.0 -0.0 -0.0 0.0 12.76171875 0.0 0.0 23.4296875 0.0 12.62109375 0.0 0.0 26.109375 0.0 12.83203125 0.0 0.0 26.30078125 0.0 12.76171875 0.0 0.0 23.8125 0.0 5.0928497314453125
5.771 -0.0 -0.0078125 0.015748031496062992 0.0 0.0 -0.0 -0.0 0.0 12.7265625 0.0 0.0 22.85546875 0.0 12.62109375 0.0 0.0 26.30078125 0.0 12.796875 0.0 0.0 26.109375 0.0 12.76171875 0.0 0.0 24.38671875 0.0 5.0928497314453125
5.949 -0.0 -0.0078125 0.015748031496062992 0.0 0.0 -0.0 -0.0 0.0 12.7265625 0.0 0.0 23.8125 0.0 12.62109375 0.0 0.0 26.68359375 0.0 12.83203125 0.0 0.0 26.109375 0.0 12.76171875 0.0 0.0 23.8125 0.0 5.0928497314453125
6.131 -0.0 -0.0078125 0.015748031496062992 0.0 0.0 -0.0 -0.0 0.0 12.76171875 0.0 0.0 24.1953125 0.0 12.62109375 0.0 0.0 26.109375 0.0 12.83203125 0.0 0.0 25.34375 0.0 12.76171875 0.0 0.0 24.00390625 0.0 5.0928497314453125
6.301 -0.0 -0.0078125 0.015748031496062992 0.0 0.0 -0.0 -0.0 0.0 12.76171875 0.0 0.0 23.8125 0.0 12.65625 0.0 0.0 27.2578125 0.0 12.796875 0.0 0.0 25.7265625 0.0 12.76171875 0.0 0.0 23.4296875 0.0 5.0928497314453125
6.492 -0.0 -0.0078125 0.015748031496062992 0.0 0.0 -0.0 -0.0 0.0 12.76171875 0.0 0.0 22.85546875 0.0 12.62109375 0.0 0.0 26.109375 0.0 12.83203125 0.0 0.0 25.91796875 0.0 12.76171875 0.0 0.0 23.4296875 0.0 5.0830841064453125
6.673 -0.0 -0.0078125 0.015748031496062992 0.0 0.0 -0.0 -0.0 0.0 12.7265625 0.0 0.0 24.578125 0.0 12.62109375 0.0 0.0 26.109375 0.0 12.83203125 0.0 0.0 26.109375 0.0 12.76171875 0.0 0.0 23.8125 0.0 5.0928497314453125
6.85 -0.0 -0.0078125 0.015748031496062992 0.0 0.0 -0.0 -0.0 0.0 12.7265625 0.0 0.0 24.38671875 0.0 12.62109375 0.0 0.0 26.30078125 0.0 12.83203125 0.0 0.0 25.91796875 0.0 12.76171875 0.0 0.0 24.1953125 0.0 5.0830841064453125
7.019 -0.0 -0.0078125 0.015748031496062992 0.0 0.0 -0.0 -0.0 0.0 12.76171875 0.0 0.0 22.6640625 0.0 12.62109375 0.0 0.0 25.91796875 0.0 12.83203125 0.0 0.0 25.7265625 0.0 12.76171875 0.0 0.0 23.62109375 0.0 5.102630615234375
7.192 -0.0 -0.0078125 0.015748031496062992 0.0 0.0 -0.0 -0.0 0.0 12.76171875 0.0 0.0 23.62109375 0.0 12.62109375 0.0 0.0 27.2578125 0.0 12.83203125 0.0 0.0 26.109375 0.0 12.76171875 0.0 0.0 23.4296875 0.0 5.0928497314453125
7.373 -0.0 -0.0078125 0.015748031496062992 0.0 0.0 -0.0 -0.0 0.0 12.76171875 0.0 0.0 24.38671875 0.0 12.65625 0.0 0.0 26.30078125 0.0 12.83203125 0.0 0.0 26.109375 0.0 12.76171875 0.0 0.0 24.00390625 0.0 5.0928497314453125
7.539 -0.0 -0.0078125 0.015748031496062992 0.0 0.0 -0.0 -0.0 0.0 12.76171875 0.0 0.0 24.38671875 0.0 12.65625 0.0 0.0 27.2578125 0.0 12.83203125 0.0 0.0 26.109375 0.0 12.76171875 0.0 0.0 24.76953125 0.0 5.0928497314453125
7.708 -0.0 -0.0078125 -0.0859375 0.0 0.0 -0.0 -0.0 0.0 12.76171875 0.0 0.0 23.4296875 0.0 12.62109375 0.0 0.0 26.30078125 0.0 12.83203125 0.0 0.0 26.30078125 0.0 12.76171875 0.0 0.0 23.8125 0.0 5.0928497314453125
7.89 -0.0 -0.0078125 -0.0859375 0.0 0.0 -0.0 -0.0 0.0 12.76171875 0.0 0.0 23.8125 0.0 12.62109375 0.0 0.0 26.109375 0.0 12.83203125 0.0 0.0 26.109375 0.0 12.76171875 0.0 0.0 23.8125 0.0 5.0830841064453125
8.069 -0.0 -0.0078125 -0.0078125 0.0 0.0 -0.0 -0.0 0.0 12.76171875 0.0 0.0 23.4296875 0.0 12.62109375 0.0 0.0 25.91796875 0.0 12.796875 0.0 0.0 25.91796875 0.0 12.76171875 0.0 0.0 24.1953125 0.0 5.0928497314453125
8.251 -0.0 -0.0078125 0.0 0.0 0.0 -0.0 -0.0 0.0 12.76171875 0.0 0.0 23.4296875 0.0 12.62109375 0.0 0.0 26.30078125 0.0 12.83203125 0.0 0.0 25.7265625 0.0 12.76171875 0.0 0.0 24.00390625 0.0 5.0830841064453125
8.431 -0.0 -0.0078125 0.0 0.0 0.0 -0.0 -0.0 0.0 12.76171875 0.0 0.0 23.23828125 0.0 12.62109375 0.0 0.0 26.30078125 0.0 12.796875 0.0 0.0 26.109375 0.0 12.76171875 0.0 0.0 24.00390625 0.0 5.0928497314453125
8.612 -0.0 -0.0078125 0.0 0.0 0.0 -0.0 -0.0 0.0 12.76171875 0.0 0.0 23.8125 0.0 12.65625 0.0 0.0 26.4921875 0.0 12.83203125 0.0 0.0 26.30078125 0.0 12.76171875 0.0 0.0 23.23828125 0.0 5.0928497314453125
8.778 -0.0 -0.0078125 0.0 0.0 0.0 -0.0 -0.0 0.0 12.76171875 0.0 0.0 24.38671875 0.0 12.62109375 0.0 0.0 26.30078125 0.0 12.83203125 0.0 0.0 26.109375 0.0 12.76171875 0.0 0.0 24.38671875 0.0 5.0928497314453125
8.958 -0.0 -0.0078125 0.0 0.0 0.0 -0.0 -0.0 0.0 12.76171875 0.0 0.0 23.4296875 0.0 12.62109375 0.0 0.0 26.30078125 0.0 12.796875 0.0 0.0 25.91796875 0.0 12.76171875 0.0 0.0 23.62109375 0.0 5.0830841064453125
9.149 -0.0 -0.0078125 0.0 0.0 0.0 -0.0 -0.0 0.0 12.76171875 0.0 0.0 23.4296875 0.0 12.62109375 0.0 0.0 26.68359375 0.0 12.83203125 0.0 0.0 26.109375 0.0 12.76171875 0.0 0.0 23.8125 0.0 5.0928497314453125
9.318 -0.0 -0.0078125 0.0 0.0 0.0 -0.0 -0.0 0.0 12.76171875 0.0 0.0 23.62109375 0.0 12.62109375 0.0 0.0 26.30078125 0.0 12.83203125 0.0 0.0 26.30078125 0.0 12.796875 0.0 0.0 23.62109375 0.0 5.102630615234375
9.51 -0.0 -0.0078125 0.0 0.0 0.0 -0.0 -0.0 0.0 12.76171875 0.0 0.0 23.4296875 0.0 12.62109375 0.0 0.0 26.30078125 0.0 12.83203125 0.0 0.0 26.30078125 0.0 12.76171875 0.0 0.0 23.23828125 0.0 5.0928497314453125
9.679 -0.0 -0.0078125 0.0 0.0 0.0 -0.0 -0.0 0.0 12.76171875 0.0 0.0 24.1953125 0.0 12.65625 0.0 0.0 26.109375 0.0 12.796875 0.0 0.0 25.91796875 0.0 12.796875 0.0 0.0 23.8125 0.0 5.0830841064453125
9.857 -0.0 -0.0078125 -0.0859375 0.0 0.0 -0.0 -0.0 0.0 12.76171875 0.0 0.0 23.62109375 0.0 12.62109375 0.0 0.0 25.7265625 0.0 12.796875 0.0 0.0 25.91796875 0.0 12.76171875 0.0 0.0 24.00390625 0.0 5.0928497314453125
10.031 -0.0 -0.0078125 -0.203125 0.0 0.0 -0.0 -0.0 0.0 12.76171875 0.0 0.0 23.046875 0.0 12.65625 0.0 0.0 26.109375 0.0 12.796875 0.0 0.0 25.91796875 0.0 12.69140625 0.0 0.0 24.38671875 0.0 5.102630615234375
10.21 -0.0 -0.0078125 -0.3046875 -0.140625 -0.140625 -0.140625 -0.140625 -49.13124084472656 12.62109375 -1.76953125 4.14453125 23.4296875 0.0 12.65625 -1.77734375 2.5703125 26.30078125 -43.934417724609375 12.7265625 -1.78515625 4.40625 25.91796875 0.0 12.62109375 -1.78125 1.91015625 24.38671875 0.0 5.0830841064453125
10.385 -0.0 -0.0078125 -0.3046875 -0.15234375 -0.15234375 -0.15234375 -0.15234375 -64.49552917480469 12.62109375 -1.92578125 4.01171875 23.8125 0.0 12.7265625 -1.94140625 3.35546875 25.91796875 -55.60301208496094 12.7265625 -1.94140625 3.48828125 26.109375 0.0 12.65625 -1.93359375 2.17578125 23.62109375 0.0 5.1124114990234375
10.569 -0.0 -0.0078125 -0.3046875 -0.15234375 -0.15234375 -0.15234375 -0.15234375 -3.702178955078125 12.65625 -1.92578125 3.2265625 24.00390625 0.0 12.7265625 -1.94140625 3.09375 26.4921875 -58.18269348144531 12.69140625 -1.94140625 3.75 26.109375 0.0 12.65625 -1.9296875 2.3046875 23.8125 0.0 5.102630615234375
10.751 -0.0 -0.0078125 -0.3203125 -0.15234375 -0.15234375 -0.15234375 -0.15234375 -22.090927124023438 12.65625 -1.9296875 3.35546875 21.70703125 0.0 12.65625 -1.93359375 2.69921875 25.91796875 -58.09466552734375 12.69140625 -1.93359375 3.75 26.109375 0.0 12.65625 -1.9296875 3.09375 23.8125 0.0 5.0928497314453125
10.932 -0.0 -0.0078125 -0.3203125 -0.16015625 -0.16015625 -0.16015625 -0.16015625 -9.982986450195312 12.5859375 -2.0234375 3.75 23.046875 0.0 12.65625 -2.03515625 3.35546875 26.68359375 -64.08329772949219 12.69140625 -2.03515625 3.48828125 25.91796875 0.0 12.65625 -2.0234375 3.09375 24.38671875 0.0 5.0830841064453125
11.125 -0.0 -0.0078125 -0.3203125 -0.16015625 -0.16015625 -0.16015625 -0.16015625 17.997833251953125 12.65625 -2.015625 4.01171875 23.62109375 0.0 12.62109375 -2.03515625 3.8828125 26.68359375 -64.508544921875 12.69140625 -2.03515625 3.48828125 25.53515625 0.0 12.65625 -2.02734375 3.2265625 23.4296875 0.0 5.102630615234375
11.311 -0.0 -0.0078125 -0.3203125 -0.16015625 -0.16015625 -0.16015625 -0.16015625 7.243560791015625 12.62109375 -2.0234375 4.01171875 23.62109375 0.0 12.7265625 -2.0234375 3.35546875 25.91796875 -63.4658203125 12.7265625 -2.03515625 3.48828125 26.109375 0.0 12.65625 -2.02734375 2.5703125 23.8125 0.0 5.0830841064453125
11.49 -0.0 -0.0078125 -0.3203125 -0.16015625 -0.16015625 -0.16015625 -0.16015625 -17.666793823242188 12.62109375 -2.0234375 3.35546875 23.62109375 0.0 12.62109375 -2.015625 2.4375 26.68359375 -63.09355163574219 12.7265625 -2.03515625 3.75 26.109375 0.0 12.62109375 -2.0234375 2.69921875 24.00390625 0.0 5.0830841064453125
11.685 -0.0 -0.0078125 -0.3203125 -0.16015625 -0.16015625 -0.16015625 -0.16015625 -9.77276611328125 12.62109375 -2.0234375 4.14453125 24.76953125 0.0 12.69140625 -2.03515625 2.83203125 25.7265625 -62.76048278808594 12.69140625 -2.0390625 3.35546875 25.91796875 0.0 12.62109375 -2.0234375 2.3046875 24.00390625 0.0 5.102630615234375
11.861 -0.0 -0.0078125 -0.3203125 -0.16015625 -0.16015625 -0.16015625 -0.16015625 -3.0228729248046875 12.62109375 -2.0234375 3.48828125 23.4296875 0.0 12.69140625 -2.03515625 3.35546875 25.15234375 -62.75946044921875 12.65625 -2.03515625 3.48828125 25.7265625 0.0 12.62109375 -2.0234375 3.2265625 23.4296875 0.0 5.1319580078125
12.053 -0.0 -0.0078125 -0.0078125 -0.16015625 -0.16015625 -0.16015625 -0.16015625 -17.595230102539062 12.62109375 -2.02734375 3.48828125 24.00390625 0.0 12.5859375 -2.02734375 3.48828125 25.91796875 -64.16468811035156 12.69140625 -2.0390625 3.75 25.7265625 0.0 12.69140625 -2.02734375 2.9609375 23.62109375 0.0 5.0830841064453125
12.246 -0.0 -0.0078125 0.0 0.0 0.0 -0.0 -0.0 -7.5537261962890625 12.69140625 0.0 0.0 23.62109375 0.0 12.5859375 0.0 0.0 26.109375 -16.287887573242188 12.796875 0.0 0.0 26.109375 0.0 12.7265625 0.0 0.0 24.00390625 0.0 5.0928497314453125
12.437 -0.0 -0.0078125 0.05511811023622047 0.0 0.0 -0.0 -0.0 0.0 12.7265625 0.0 0.0 23.23828125 0.0 12.5859375 0.0 0.0 26.109375 0.0 12.796875 0.0 0.0 25.91796875 0.0 12.76171875 0.0 0.0 24.00390625 0.0 5.0830841064453125
12.609 -0.0 -0.0078125 0.2125984251968504 0.0 0.0 -0.0 -0.0 0.0 12.7265625 0.0 0.0 23.8125 0.0 12.5859375 0.0 0.0 26.4921875 0.0 12.76171875 0.0 0.0 26.109375 0.0 12.69140625 0.0 0.0 24.38671875 0.0 5.1124114990234375
12.778 -0.0 -0.0078125 0.25196850393700787 0.11811023622047244 0.11811023622047244 0.11811023622047244 0.11811023622047244 -5.3358917236328125 12.65625 1.4921875 3.8828125 23.62109375 0.0 12.41015625 1.46484375 3.6171875 26.30078125 31.1475830078125 12.62109375 1.484375 4.27734375 26.109375 0.0 12.515625 1.48046875 0.0 22.85546875 0.0 5.1221771240234375
12.958 -0.0 -0.0078125 0.31496062992125984 0.15748031496062992 0.15748031496062992 0.15748031496062992 0.15748031496062992 -15.721588134765625 12.5859375 1.98046875 3.8828125 23.62109375 0.0 12.375 1.9453125 3.75 26.30078125 55.209686279296875 12.5859375 1.97265625 3.6171875 25.7265625 0.0 12.55078125 1.96875 3.35546875 23.4296875 0.0 5.102630615234375
13.145 -0.0 -0.0078125 0.31496062992125984 0.15748031496062992 0.15748031496062992 0.15748031496062992 0.15748031496062992 0.0 12.62109375 1.984375 4.14453125 23.23828125 0.0 12.375 1.9453125 3.6171875 26.109375 58.74613952636719 12.5859375 1.97265625 3.75 26.4921875 0.0 12.5859375 1.98046875 2.3046875 23.8125 0.0 5.102630615234375
13.331 -0.0 -0.0078125 0.31496062992125984 0.15748031496062992 0.15748031496062992 0.15748031496062992 0.15748031496062992 -3.6924285888671875 12.62109375 1.984375 3.75 23.62109375 0.0 12.375 1.95703125 3.48828125 26.109375 56.08457946777344 12.55078125 1.98046875 3.8828125 25.91796875 0.0 12.55078125 1.97265625 3.2265625 24.1953125 0.0 5.1124114990234375
13.52 -0.0 -0.0078125 0.31496062992125984 0.15748031496062992 0.15748031496062992 0.15748031496062992 0.15748031496062992 59.35176086425781 12.62109375 1.984375 3.48828125 23.4296875 0.0 12.41015625 1.9453125 3.6171875 26.30078125 58.377288818359375 12.5859375 1.98046875 3.75 25.7265625 0.0 12.55078125 1.97265625 2.4375 23.62109375 0.0 5.0537567138671875
13.705 -0.0 -0.0078125 0.33070866141732286 0.15748031496062992 0.15748031496062992 0.15748031496062992 0.15748031496062992 8.151870727539062 12.62109375 1.984375 4.01171875 24.76953125 0.0 12.4453125 1.9453125 3.35546875 25.91796875 58.36309814453125 12.5859375 1.97265625 3.2265625 26.109375 0.0 12.515625 1.97265625 3.2265625 23.4296875 0.0 5.06353759765625
13.89 -0.0 -0.0078125 0.33070866141732286 0.16535433070866143 0.16535433070866143 0.16535433070866143 0.16535433070866143 -6.9000396728515625 12.5859375 2.0859375 3.75 24.76953125 0.0 12.33984375 2.05078125 3.35546875 25.53515625 65.08363342285156 12.55078125 2.07421875 4.01171875 26.109375 0.0 12.55078125 2.06640625 3.48828125 24.38671875 0.0 5.0830841064453125
14.061 -0.0 -0.0078125 0.33070866141732286 0.16535433070866143 0.16535433070866143 0.16535433070866143 0.16535433070866143 -60.63572692871094 12.62109375 2.0859375 4.14453125 24.00390625 0.0 12.375 2.04296875 3.2265625 26.30078125 66.54997253417969 12.62109375 2.07421875 3.6171875 25.7265625 0.0 12.55078125 2.07421875 3.2265625 23.8125 0.0 5.07330322265625
14.25 -0.0 -0.0078125 0.0 0.1062992125984252 0.1062992125984252 0.1062992125984252 0.1062992125984252 -39.94757080078125 12.65625 1.34765625 2.5703125 23.4296875 0.0 12.4453125 1.31640625 0.0 25.91796875 34.57060241699219 12.65625 1.33984375 3.8828125 25.7265625 0.0 12.65625 1.33984375 0.0 23.62109375 0.0 5.0830841064453125
14.433 -0.0 -0.0078125 0.0 0.0 0.0 -0.0 -0.0 0.0 12.7265625 0.0 0.0 23.046875 0.0 12.5859375 0.0 0.0 26.30078125 -4.147186279296875 12.7265625 0.0 0.0 25.53515625 0.0 12.7265625 0.0 0.0 23.8125 0.0 5.0830841064453125
14.612 -0.0 -0.0078125 0.0 0.0 0.0 -0.0 -0.0 0.0 12.69140625 0.0 0.0 23.046875 0.0 12.5859375 0.0 0.0 26.30078125 0.0 12.76171875 0.0 0.0 25.7265625 0.0 12.7265625 0.0 0.0 24.38671875 0.0 5.0928497314453125
14.778 -0.0 -0.0078125 -0.0078125 0.0 0.0 -0.0 -0.0 0.0 12.7265625 0.0 0.0 23.8125 0.0 12.5859375 0.0 0.0 25.91796875 0.0 12.76171875 0.0 0.0 25.34375 0.0 12.7265625 0.0 0.0 23.62109375 0.0 5.0928497314453125
14.959 -0.0 -0.0078125 -0.0078125 0.0 0.0 -0.0 -0.0 0.0 12.69140625 0.0 0.0 23.23828125 0.0 12.5859375 0.0 0.0 26.4921875 0.0 12.76171875 0.0 0.0 26.109375 0.0 12.7265625 0.0 0.0 23.23828125 0.0 5.0928497314453125
15.14 -0.0 -0.0078125 -0.0078125 0.0 0.0 -0.0 -0.0 0.0 12.7265625 0.0 0.0 23.8125 0.0 12.5859375 0.0 0.0 25.91796875 0.0 12.76171875 0.0 0.0 25.53515625 0.0 12.7265625 0.0 0.0 23.8125 0.0 5.0928497314453125
15.319 -0.0 -0.0078125 -0.0078125 0.0 0.0 -0.0 -0.0 0.0 12.69140625 0.0 0.0 22.85546875 0.0 12.5859375 0.0 0.0 25.53515625 0.0 12.76171875 0.0 0.0 26.30078125 0.0 12.7265625 0.0 0.0 23.4296875 0.0 5.0928497314453125
15.641 -0.0 -0.0078125 -0.0078125 0.0 0.0 -0.0 -0.0 0.0 12.7265625 0.0 0.0 23.62109375 0.0 12.5859375 0.0 0.0 26.109375 0.0 12.796875 0.0 0.0 25.34375 0.0 12.69140625 0.0 0.0 23.62109375 0.0 5.0928497314453125
15.828 -0.0 -0.0078125 -0.0078125 0.0 0.0 -0.0 -0.0 0.0 12.69140625 0.0 0.0 23.23828125 0.0 12.5859375 0.0 0.0 26.30078125 0.0 12.76171875 0.0 0.0 25.7265625 0.0 12.7265625 0.0 0.0 23.8125 0.0 5.0928497314453125
16.009 -0.0 -0.0078125 -0.0078125 0.0 0.0 -0.0 -0.0 0.0 12.7265625 0.0 0.0 23.4296875 0.0 12.5859375 0.0 0.0 25.91796875 0.0 12.796875 0.0 0.0 25.7265625 0.0 12.7265625 0.0 0.0 23.8125 0.0 5.0830841064453125
16.188 -0.0 -0.0078125 -0.0078125 0.0 0.0 -0.0 -0.0 0.0 12.69140625 0.0 0.0 23.62109375 0.0 12.5859375 0.0 0.0 26.30078125 0.0 12.76171875 0.0 0.0 25.53515625 0.0 12.7265625 0.0 0.0 23.23828125 0.0 5.0830841064453125
16.358 -0.0 -0.0078125 -0.0078125 0.0 0.0 -0.0 -0.0 0.0 12.7265625 0.0 0.0 23.23828125 0.0 12.5859375 0.0 0.0 25.91796875 0.0 12.796875 0.0 0.0 25.7265625 0.0 12.7265625 0.0 0.0 24.00390625 0.0 5.0928497314453125
16.531 -0.0 -0.0078125 -0.0078125 0.0 0.0 -0.0 -0.0 0.0 12.69140625 0.0 0.0 23.23828125 0.0 12.62109375 0.0 0.0 25.7265625 0.0 12.76171875 0.0 0.0 25.53515625 0.0 12.7265625 0.0 0.0 23.4296875 0.0 5.0830841064453125
16.711 -0.0 -0.0078125 -0.0078125 0.0 0.0 -0.0 -0.0 0.0 12.7265625 0.0 0.0 23.23828125 0.0 12.5859375 0.0 0.0 25.34375 0.0 12.76171875 0.0 0.0 25.7265625 0.0 12.7265625 0.0 0.0 24.00390625 0.0 5.0928497314453125
16.9 -0.0 -0.0078125 -0.0078125 0.0 0.0 -0.0 -0.0 0.0 12.69140625 0.0 0.0 23.62109375 0.0 12.5859375 0.0 0.0 25.91796875 0.0 12.76171875 0.0 0.0 26.109375 0.0 12.7265625 0.0 0.0 23.62109375 0.0 5.0928497314453125
17.078 -0.0 -0.0078125 -0.0078125 0.0 0.0 -0.0 -0.0 0.0 12.7265625 0.0 0.0 23.23828125 0.0 12.62109375 0.0 0.0 25.91796875 0.0 12.76171875 0.0 0.0 25.34375 0.0 12.7265625 0.0 0.0 23.4296875 0.0 5.0928497314453125
17.259 -0.0 -0.0078125 -0.0078125 0.0 0.0 -0.0 -0.0 0.0 12.69140625 0.0 0.0 24.00390625 0.0 12.5859375 0.0 0.0 25.91796875 0.0 12.796875 0.0 0.0 25.7265625 0.0 12.7265625 0.0 0.0 23.4296875 0.0 5.0928497314453125
17.432 -0.0 -0.0078125 -0.0078125 0.0 0.0 -0.0 -0.0 0.0 12.7265625 0.0 0.0 23.62109375 0.0 12.5859375 0.0 0.0 26.30078125 0.0 12.76171875 0.0 0.0 26.109375 0.0 12.7265625 0.0 0.0 24.00390625 0.0 5.0928497314453125
17.598 -0.0 -0.0078125 -0.0078125 0.0 0.0 -0.0 -0.0 0.0 12.7265625 0.0 0.0 22.08984375 0.0 12.5859375 0.0 0.0 25.91796875 0.0 12.796875 0.0 0.0 25.53515625 0.0 12.76171875 0.0 0.0 23.62109375 0.0 5.0830841064453125
17.77 -0.0 -0.0078125 -0.0078125 0.0 0.0 -0.0 -0.0 0.0 12.7265625 0.0 0.0 23.046875 0.0 12.5859375 0.0 0.0 26.109375 0.0 12.796875 0.0 0.0 25.91796875 0.0 12.7265625 0.0 0.0 23.62109375 0.0 5.0928497314453125
17.937 -0.0 -0.0078125 -0.0078125 0.0 0.0 -0.0 -0.0 0.0 12.7265625 0.0 0.0 24.00390625 0.0 12.5859375 0.0 0.0 25.53515625 0.0 12.796875 0.0 0.0 25.7265625 0.0 12.7265625 0.0 0.0 23.23828125 0.0 5.0928497314453125
18.111 -0.0 -0.0078125 -0.0078125 0.0 0.0 -0.0 -0.0 0.0 12.7265625 0.0 0.0 22.85546875 0.0 12.5859375 0.0 0.0 26.4921875 0.0 12.76171875 0.0 0.0 25.91796875 0.0 12.7265625 0.0 0.0 23.23828125 0.0 5.0928497314453125
18.289 -0.0 -0.0078125 -0.0078125 0.0 0.0 -0.0 -0.0 0.0 12.7265625 0.0 0.0 23.4296875 0.0 12.5859375 0.0 0.0 25.7265625 0.0 12.76171875 0.0 0.0 25.91796875 0.0 12.7265625 0.0 0.0 23.8125 0.0 5.0928497314453125
18.46 -0.0 -0.0078125 -0.0078125 0.0 0.0 -0.0 -0.0 0.0 12.7265625 0.0 0.0 23.62109375 0.0 12.5859375 0.0 0.0 25.91796875 0.0 12.796875 0.0 0.0 25.7265625 0.0 12.7265625 0.0 0.0 23.23828125 0.0 5.0830841064453125
18.656 -0.0 -0.0078125 -0.0078125 0.0 0.0 -0.0 -0.0 0.0 12.69140625 0.0 0.0 23.23828125 0.0 12.5859375 0.0 0.0 25.7265625 0.0 12.796875 0.0 0.0 25.91796875 0.0 12.76171875 0.0 0.0 23.4296875 0.0 5.0928497314453125
18.845 -0.0 -0.0078125 -0.0078125 0.0 0.0 -0.0 -0.0 0.0 12.7265625 0.0 0.0 23.23828125 0.0 12.5859375 0.0 0.0 26.109375 0.0 12.796875 0.0 0.0 25.34375 0.0 12.7265625 0.0 0.0 23.4296875 0.0 5.0830841064453125
19.02 -0.0 -0.0078125 -0.0078125 0.0 0.0 -0.0 -0.0 0.0 12.7265625 0.0 0.0 23.23828125 0.0 12.5859375 0.0 0.0 25.91796875 0.0 12.76171875 0.0 0.0 26.30078125 0.0 12.7265625 0.0 0.0 23.4296875 0.0 5.0830841064453125
19.21 -0.0 -0.0078125 -0.0078125 0.0 0.0 -0.0 -0.0 0.0 12.7265625 0.0 0.0 23.046875 0.0 12.5859375 0.0 0.0 26.109375 0.0 12.796875 0.0 0.0 25.53515625 0.0 12.7265625 0.0 0.0 23.4296875 0.0 5.0928497314453125
19.38 -0.0 -0.0078125 -0.0078125 0.0 0.0 -0.0 -0.0 0.0 12.7265625 0.0 0.0 23.8125 0.0 12.5859375 0.0 0.0 25.91796875 0.0 12.796875 0.0 0.0 25.53515625 0.0 12.7265625 0.0 0.0 24.38671875 0.0 5.0928497314453125
19.558 -0.0 -0.0078125 -0.0078125 0.0 0.0 -0.0 -0.0 0.0 12.7265625 0.0 0.0 24.76953125 0.0 12.5859375 0.0 0.0 25.7265625 0.0 12.796875 0.0 0.0 25.91796875 0.0 12.7265625 0.0 0.0 23.4296875 0.0 5.0928497314453125
19.731 -0.0 -0.0078125 -0.0078125 0.0 0.0 -0.0 -0.0 0.0 12.7265625 0.0 0.0 23.23828125 0.0 12.62109375 0.0 0.0 25.91796875 0.0 12.796875 0.0 0.0 25.53515625 0.0 12.7265625 0.0 0.0 24.00390625 0.0 5.0928497314453125
19.912 -0.0 -0.0078125 -0.0078125 0.0 0.0 -0.0 -0.0 0.0 12.7265625 0.0 0.0 23.8125 0.0 12.5859375 0.0 0.0 25.91796875 0.0 12.76171875 0.0 0.0 26.109375 0.0 12.7265625 0.0 0.0 23.23828125 0.0 5.0830841064453125
20.078 -0.0 -0.0078125 -0.046875 0.0 0.0 -0.0 -0.0 0.0 12.7265625 0.0 0.0 23.62109375 0.0 12.5859375 0.0 0.0 26.109375 0.0 12.76171875 0.0 0.0 25.7265625 0.0 12.7265625 0.0 0.0 23.62109375 0.0 5.0830841064453125
20.258 -0.0 -0.0078125 -0.125 0.0 0.0 -0.0 -0.0 0.0 12.7265625 0.0 0.0 24.578125 0.0 12.5859375 0.0 0.0 25.91796875 0.0 12.76171875 0.0 0.0 26.30078125 0.0 12.69140625 0.0 0.0 23.8125 0.0 5.0928497314453125
20.428 -0.0 -0.0078125 -0.28125 0.0 0.0 -0.0 -0.0 0.0 12.69140625 0.0 0.0 23.046875 0.0 12.5859375 0.0 0.0 26.109375 0.0 12.7265625 0.0 0.0 26.109375 0.0 12.65625 0.0 0.0 23.8125 0.0 5.0830841064453125
20.599 -0.0 -0.0078125 -0.3984375 -0.15234375 -0.15234375 -0.15234375 -0.15234375 19.26898193359375 12.5859375 -1.9140625 3.75 23.4296875 0.0 12.5859375 -1.9296875 3.75 26.109375 -47.09056091308594 12.55078125 -1.91796875 4.40625 25.7265625 0.0 12.55078125 -1.9140625 2.4375 23.8125 0.0 5.102630615234375
20.791 -0.0 -0.0078125 -0.5 -0.25 -0.25 -0.25 -0.25 14.207855224609375 12.515625 -3.12890625 4.14453125 22.6640625 0.0 12.65625 -3.15625 3.48828125 25.34375 -113.11749267578125 12.5859375 -3.15625 4.27734375 25.7265625 0.0 12.5859375 -3.1484375 3.2265625 23.62109375 0.0 5.06353759765625
20.978 -0.0 -0.0078125 -0.5 -0.25 -0.25 -0.25 -0.25 41.528778076171875 12.55078125 -3.140625 3.75 23.23828125 0.0 12.62109375 -3.1484375 3.35546875 26.4921875 -116.47303771972656 12.65625 -3.15625 3.8828125 25.7265625 0.0 12.5859375 -3.1484375 3.2265625 23.046875 0.0 5.0830841064453125
21.17 -0.0 -0.0078125 -0.4453125 -0.25 -0.25 -0.25 -0.25 -11.992156982421875 12.5859375 -3.140625 3.75 23.23828125 0.0 12.69140625 -3.17578125 3.75 27.2578125 -114.5413818359375 12.65625 -3.1640625 3.75 25.91796875 0.0 12.62109375 -3.1484375 3.2265625 23.046875 0.0 5.07330322265625
21.353 -0.0 -0.0078125 -0.4453125 -0.22265625 -0.22265625 -0.22265625 -0.22265625 -14.220428466796875 12.5859375 -2.8125 3.35546875 23.046875 0.0 12.5859375 -2.828125 2.83203125 25.7265625 -103.6241455078125 12.62109375 -2.8203125 3.75 25.91796875 0.0 12.5859375 -2.8125 3.2265625 24.00390625 0.0 5.07330322265625
21.533 -0.0 -0.0078125 -0.3984375 -0.22265625 -0.22265625 -0.22265625 -0.22265625 21.966964721679688 12.5859375 -2.8046875 3.48828125 23.046875 0.0 12.62109375 -2.8125 3.8828125 25.91796875 -101.18309020996094 12.62109375 -2.8203125 3.48828125 26.109375 0.0 12.5859375 -2.8046875 3.35546875 23.23828125 0.0 5.0830841064453125
21.731 -0.0 -0.0078125 -0.28125 -0.171875 -0.171875 -0.171875 -0.171875 -10.308685302734375 12.62109375 -2.171875 3.2265625 23.23828125 0.0 12.62109375 -2.17578125 2.9609375 25.7265625 -74.95899963378906 12.69140625 -2.1875 3.2265625 26.109375 0.0 12.65625 -2.17578125 2.5703125 23.8125 0.0 5.06353759765625
21.905 -0.0 -0.0078125 -0.0234375 -0.12109375 -0.12109375 -0.12109375 -0.12109375 50.14231872558594 12.65625 -1.53515625 2.3046875 23.4296875 0.0 12.55078125 -1.52734375 1.25390625 25.91796875 -44.8660888671875 12.7265625 -1.5390625 2.9609375 25.91796875 0.0 12.65625 -1.5390625 0.0 23.4296875 0.0 5.0928497314453125
22.08 -0.0 -0.0078125 0.0 0.0 0.0 -0.0 -0.0 -22.8856201171875 12.69140625 0.0 0.0 23.4296875 0.0 12.5859375 0.0 0.0 25.7265625 -14.448959350585938 12.76171875 0.0 0.0 26.109375 0.0 12.7265625 0.0 0.0 23.8125 0.0 5.0928497314453125
22.253 -0.0 -0.0078125 0.0 0.0 0.0 -0.0 -0.0 0.0 12.69140625 0.0 0.0 22.6640625 0.0 12.5859375 0.0 0.0 25.91796875 0.0 12.76171875 0.0 0.0 25.7265625 0.0 12.7265625 0.0 0.0 23.8125 0.0 5.0928497314453125
22.429 -0.0 -0.0078125 0.0 0.0 0.0 -0.0 -0.0 0.0 12.7265625 0.0 0.0 22.85546875 0.0 12.5859375 0.0 0.0 25.7265625 0.0 12.76171875 0.0 0.0 25.91796875 0.0 12.69140625 0.0 0.0 23.62109375 0.0 5.0928497314453125
22.599 -0.0 -0.0078125 0.0 0.0 0.0 -0.0 -0.0 0.0 12.69140625 0.0 0.0 23.62109375 0.0 12.5859375 0.0 0.0 25.7265625 0.0 12.76171875 0.0 0.0 25.53515625 0.0 12.7265625 0.0 0.0 23.8125 0.0 5.0830841064453125
22.774 -0.0 -0.0078125 0.0 0.0 0.0 -0.0 -0.0 0.0 12.7265625 0.0 0.0 23.4296875 0.0 12.5859375 0.0 0.0 25.34375 0.0 12.76171875 0.0 0.0 25.91796875 0.0 12.7265625 0.0 0.0 22.6640625 0.0 5.0830841064453125
22.957 -0.0 -0.0078125 0.0 0.0 0.0 -0.0 -0.0 0.0 12.7265625 0.0 0.0 23.046875 0.0 12.5859375 0.0 0.0 25.15234375 0.0 12.796875 0.0 0.0 26.109375 0.0 12.7265625 0.0 0.0 23.4296875 0.0 5.0928497314453125
23.138 -0.0 -0.0078125 0.0 0.0 0.0 -0.0 -0.0 0.0 12.7265625 0.0 0.0 23.23828125 0.0 12.5859375 0.0 0.0 25.91796875 0.0 12.76171875 0.0 0.0 25.53515625 0.0 12.7265625 0.0 0.0 24.1953125 0.0 5.0928497314453125
23.308 -0.0 -0.0078125 0.0 0.0 0.0 -0.0 -0.0 0.0 12.69140625 0.0 0.0 23.23828125 0.0 12.5859375 0.0 0.0 26.109375 0.0 12.76171875 0.0 0.0 25.53515625 0.0 12.7265625 0.0 0.0 23.4296875 0.0 5.0830841064453125
23.488 -0.0 -0.0078125 0.0 0.0 0.0 -0.0 -0.0 0.0 12.7265625 0.0 0.0 22.85546875 0.0 12.5859375 0.0 0.0 25.53515625 0.0 12.796875 0.0 0.0 26.109375 0.0 12.7265625 0.0 0.0 23.8125 0.0 5.0928497314453125
23.66 -0.0 -0.0078125 0.0 0.0 0.0 -0.0 -0.0 0.0 12.69140625 0.0 0.0 23.4296875 0.0 12.5859375 0.0 0.0 25.34375 0.0 12.76171875 0.0 0.0 25.91796875 0.0 12.7265625 0.0 0.0 23.23828125 0.0 5.0830841064453125
23.829 -0.0 -0.0078125 -0.0859375 0.0 0.0 -0.0 -0.0 0.0 12.7265625 0.0 0.0 23.046875 0.0 12.5859375 0.0 0.0 25.91796875 0.0 12.76171875 0.0 0.0 25.7265625 0.0 12.7265625 0.0 0.0 23.046875 0.0 5.0928497314453125
23.992 -0.0 -0.0078125 -0.0859375 0.0 0.0 -0.0 -0.0 0.0 12.7265625 0.0 0.0 21.8984375 0.0 12.5859375 0.0 0.0 26.109375 0.0 12.76171875 0.0 0.0 25.53515625 0.0 12.7265625 0.0 0.0 23.4296875 0.0 5.0928497314453125
24.17 -0.0 -0.0078125 -0.0078125 0.0 0.0 -0.0 -0.0 0.0 12.69140625 0.0 0.0 23.23828125 0.0 12.5859375 0.0 0.0 26.4921875 0.0 12.76171875 0.0 0.0 25.7265625 0.0 12.69140625 0.0 0.0 23.4296875 0.0 5.0830841064453125
24.332 -0.0 -0.0078125 -0.0078125 0.0 0.0 -0.0 -0.0 0.0 12.69140625 0.0 0.0 23.23828125 0.0 12.5859375 0.0 0.0 25.91796875 0.0 12.76171875 0.0 0.0 25.7265625 0.0 12.7265625 0.0 0.0 23.4296875 0.0 5.0928497314453125
24.509 -0.0 -0.0078125 -0.0078125 0.0 0.0 -0.0 -0.0 0.0 12.7265625 0.0 0.0 23.8125 0.0 12.5859375 0.0 0.0 25.91796875 0.0 12.76171875 0.0 0.0 25.7265625 0.0 12.69140625 0.0 0.0 23.23828125 0.0 5.0928497314453125
24.711 -0.0 -0.0078125 -0.0078125 0.0 0.0 -0.0 -0.0 0.0 12.7265625 0.0 0.0 24.1953125 0.0 12.5859375 0.0 0.0 26.30078125 0.0 12.796875 0.0 0.0 25.53515625 0.0 12.7265625 0.0 0.0 23.62109375 0.0 5.0928497314453125
24.892 -0.0 -0.0078125 -0.0078125 0.0 0.0 -0.0 -0.0 0.0 12.7265625 0.0 0.0 22.6640625 0.0 12.5859375 0.0 0.0 25.53515625 0.0 12.796875 0.0 0.0 25.7265625 0.0 12.7265625 0.0 0.0 23.4296875 0.0 5.0928497314453125
25.069 -0.0 -0.0078125 -0.0078125 0.0 0.0 -0.0 -0.0 0.0 12.69140625 0.0 0.0 23.4296875 0.0 12.5859375 0.0 0.0 25.34375 0.0 12.76171875 0.0 0.0 25.53515625 0.0 12.7265625 0.0 0.0 23.4296875 0.0 5.0928497314453125
25.251 -0.0 -0.0078125 -0.0078125 0.0 0.0 -0.0 -0.0 0.0 12.7265625 0.0 0.0 23.4296875 0.0 12.5859375 0.0 0.0 25.53515625 0.0 12.796875 0.0 0.0 26.109375 0.0 12.7265625 0.0 0.0 23.046875 0.0 5.0928497314453125
25.429 -0.0 -0.0078125 0.0 0.0 0.0 -0.0 -0.0 0.0 12.69140625 0.0 0.0 22.6640625 0.0 12.5859375 0.0 0.0 25.34375 0.0 12.76171875 0.0 0.0 26.30078125 0.0 12.7265625 0.0 0.0 23.62109375 0.0 5.0928497314453125
25.598 -0.0 -0.0078125 0.0 0.0 0.0 -0.0 -0.0 0.0 12.69140625 0.0 0.0 22.85546875 0.0 12.5859375 0.0 0.0 26.4921875 0.0 12.796875 0.0 0.0 24.9609375 0.0 12.7265625 0.0 0.0 23.23828125 0.0 5.0928497314453125
25.768 -0.0 -0.0078125 0.0 0.0 0.0 -0.0 -0.0 0.0 12.7265625 0.0 0.0 22.47265625 0.0 12.5859375 0.0 0.0 25.91796875 0.0 12.76171875 0.0 0.0 25.7265625 0.0 12.7265625 0.0 0.0 23.23828125 0.0 5.0830841064453125
25.938 -0.0 -0.0078125 0.0 0.0 0.0 -0.0 -0.0 0.0 12.7265625 0.0 0.0 23.046875 0.0 12.5859375 0.0 0.0 24.1953125 0.0 12.76171875 0.0 0.0 25.91796875 0.0 12.7265625 0.0 0.0 24.00390625 0.0 5.0928497314453125
26.11 -0.0 -0.0078125 0.0 0.0 0.0 -0.0 -0.0 0.0 12.7265625 0.0 0.0 22.85546875 0.0 12.5859375 0.0 0.0 25.53515625 0.0 12.796875 0.0 0.0 25.34375 0.0 12.7265625 0.0 0.0 24.00390625 0.0 5.0928497314453125
26.278 -0.0 -0.0078125 0.0 0.0 0.0 -0.0 -0.0 0.0 12.7265625 0.0 0.0 22.85546875 0.0 12.5859375 0.0 0.0 25.53515625 0.0 12.76171875 0.0 0.0 25.34375 0.0 12.7265625 0.0 0.0 23.23828125 0.0 5.0830841064453125
26.447 -0.0 -0.0078125 0.0 0.0 0.0 -0.0 -0.0 0.0 12.69140625 0.0 0.0 23.046875 0.0 12.5859375 0.0 0.0 25.7265625 0.0 12.76171875 0.0 0.0 25.91796875 0.0 12.7265625 0.0 0.0 23.23828125 0.0 5.0830841064453125
26.619 -0.0 -0.0078125 0.0 0.0 0.0 -0.0 -0.0 0.0 12.7265625 0.0 0.0 23.046875 0.0 12.5859375 0.0 0.0 25.91796875 0.0 12.796875 0.0 0.0 25.53515625 0.0 12.69140625 0.0 0.0 23.62109375 0.0 5.0928497314453125
26.79 -0.0 0.047244094488188976 0.0 0.0 0.0 -0.0 -0.0 0.0 12.69140625 0.0 0.0 23.62109375 0.0 12.5859375 0.0 0.0 25.7265625 0.0 12.796875 0.0 0.0 26.109375 0.0 12.7265625 0.0 0.0 23.23828125 0.0 5.0928497314453125
26.969 -0.0 0.0 0.0 0.0 0.0 -0.0 -0.0 0.0 12.7265625 0.0 0.0 22.85546875 0.0 12.5859375 0.0 0.0 25.91796875 0.0 12.76171875 0.0 0.0 25.91796875 0.0 12.7265625 0.0 0.0 23.8125 0.0 5.0928497314453125
27.147 0.0078125 0.047244094488188976 0.0 0.0 0.0 -0.0 -0.0 0.0 12.69140625 0.0 0.0 23.23828125 0.0 12.5859375 0.0 0.0 25.34375 0.0 12.796875 0.0 0.0 25.34375 0.0 12.7265625 0.0 0.0 23.4296875 0.0 5.0928497314453125
27.318 0.03125 0.047244094488188976 0.0 0.0 0.0 -0.0 -0.0 0.0 12.69140625 0.0 0.0 23.62109375 0.0 12.5859375 0.0 0.0 25.34375 0.0 12.76171875 0.0 0.0 25.7265625 0.0 12.7265625 0.0 0.0 24.00390625 0.0 5.0928497314453125
27.492 0.046875 0.047244094488188976 0.0 0.0 0.0 -0.0 -0.0 0.0 12.7265625 0.0 0.0 23.4296875 0.0 12.5859375 0.0 0.0 25.91796875 0.0 12.796875 0.0 0.0 25.53515625 0.0 12.7265625 0.0 0.0 23.046875 0.0 5.0928497314453125
27.658 0.046875 0.0 0.0 0.0 0.0 -0.0 -0.0 0.0 12.7265625 0.0 0.0 23.23828125 0.0 12.5859375 0.0 0.0 25.91796875 0.0 12.76171875 0.0 0.0 25.7265625 0.0 12.7265625 0.0 0.0 23.62109375 0.0 5.0830841064453125
27.848 0.046875 0.0 0.0 0.0 0.0 -0.0 -0.0 0.0 12.7265625 0.0 0.0 23.62109375 0.0 12.5859375 0.0 0.0 26.109375 0.0 12.796875 0.0 0.0 25.53515625 0.0 12.7265625 0.0 0.0 23.046875 0.0 5.0830841064453125
28.017 0.046875 0.0 0.0 0.0 0.0 -0.0 -0.0 0.0 12.7265625 0.0 0.0 23.4296875 0.0 12.5859375 0.0 0.0 25.7265625 0.0 12.76171875 0.0 0.0 25.15234375 0.0 12.7265625 0.0 0.0 23.046875 0.0 5.0928497314453125
28.191 0.046875 0.0 0.0 0.0 0.0 -0.0 -0.0 0.0 12.7265625 0.0 0.0 23.4296875 0.0 12.5859375 0.0 0.0 25.53515625 0.0 12.796875 0.0 0.0 25.91796875 0.0 12.7265625 0.0 0.0 23.4296875 0.0 5.0830841064453125
28.369 0.2109375 0.06299212598425197 0.0 0.0 0.0 -0.0 -0.0 0.0 12.7265625 0.0 0.0 23.046875 0.0 12.5859375 0.0 0.0 26.109375 0.0 12.76171875 0.0 0.0 25.53515625 0.0 12.7265625 0.0 0.0 23.046875 0.0 5.0830841064453125
28.555 0.09375 0.0 0.0 0.0025775164961814694 0.0025775164961815075 -0.0025775164961814694 -0.0025775164961815075 0.0 12.69140625 0.0 0.0 23.23828125 0.0 12.5859375 0.0 0.0 25.53515625 0.0 12.76171875 0.0 0.0 25.7265625 0.0 12.7265625 0.0 0.0 24.00390625 0.0 5.0928497314453125
28.73 -0.0 0.0 0.0 0.0015932857394218287 0.0015932857394218608 -0.0015932857394218287 -0.0015932857394218608 0.0 12.7265625 0.0 0.0 23.23828125 0.0 12.5859375 0.0 0.0 25.91796875 0.0 12.796875 0.0 0.0 25.34375 0.0 12.76171875 0.0 0.0 23.62109375 0.0 5.0830841064453125
28.91 -0.16535433070866143 0.07874015748031496 0.0 0.0 0.0 -0.0 -0.0 0.0 12.69140625 0.0 0.0 23.23828125 0.0 12.5859375 0.0 0.0 25.91796875 0.0 12.76171875 0.0 0.0 25.7265625 0.0 12.7265625 0.0 0.0 22.47265625 0.0 5.0928497314453125
29.077 -0.3464566929133858 0.16535433070866143 0.0 -0.0026388833899715245 -0.0026388833899714864 0.0026388833899715245 0.0026388833899714864 0.0 12.7265625 0.0 0.0 23.046875 0.0 12.5859375 0.0 0.0 25.15234375 0.0 12.76171875 0.0 0.0 25.34375 0.0 12.7265625 0.0 0.0 23.4296875 0.0 5.0830841064453125
29.259 -0.4566929133858268 0.1968503937007874 0.0 -0.041115260532302716 -0.008787495883960699 0.041115260532302716 0.008787495883960699 0.0 12.7265625 0.0 0.0 23.046875 0.0 12.5859375 0.0 0.0 25.91796875 0.0 12.76171875 0.0 0.0 25.34375 0.0 12.7265625 0.0 0.0 23.4296875 0.0 5.0928497314453125
29.439 -0.5984251968503937 0.2125984251968504 0.0 -0.08671565569373016 -0.015806134585314914 0.08671565569373016 0.015806134585314914 0.0 12.69140625 -1.09765625 3.09375 22.47265625 0.0 12.55078125 0.0 0.0 25.7265625 9.015457153320312 12.62109375 1.08984375 2.04296875 25.34375 0.0 12.69140625 0.0 0.0 23.4296875 0.0 5.102630615234375
29.605 -0.6850393700787402 0.2125984251968504 0.0 -0.1760667161707552 -0.020160860903454106 0.1760667161707552 0.020160860903454106 -59.861572265625 12.5859375 -2.22265625 4.40625 23.046875 0.0 12.55078125 0.0 0.0 25.34375 59.382965087890625 12.55078125 2.20703125 3.8828125 25.7265625 0.0 12.69140625 0.0 0.0 23.62109375 0.0 5.0830841064453125
29.78 -0.7165354330708661 0.2283464566929134 0.0 -0.2297643435245953 -0.03609862897962135 0.2297643435245953 0.03609862897962135 -4.3842010498046875 12.5859375 -2.90234375 3.6171875 23.8125 0.0 12.55078125 0.0 0.0 25.91796875 94.72360229492188 12.515625 2.8828125 3.8828125 25.34375 0.0 12.69140625 0.0 0.0 23.4296875 0.0 5.0830841064453125
29.961 -0.7165354330708661 0.2283464566929134 0.0 -0.2297643435245953 -0.03609862897962135 0.2297643435245953 0.03609862897962135 -16.04571533203125 12.62109375 -2.90234375 3.75 22.6640625 0.0 12.515625 0.0 0.0 26.68359375 105.18818664550781 12.55078125 2.890625 4.01171875 25.7265625 0.0 12.65625 0.0 0.0 23.046875 0.0 5.1221771240234375
30.15 -0.7165354330708661 0.2283464566929134 0.0 -0.2297643435245953 -0.03609862897962135 0.2297643435245953 0.03609862897962135 22.66729736328125 12.62109375 -2.90234375 3.6171875 23.4296875 0.0 12.55078125 0.0 0.0 25.7265625 97.95918273925781 12.55078125 2.890625 3.8828125 25.53515625 0.0 12.69140625 0.0 0.0 23.23828125 0.0 5.07330322265625
30.331 -0.7165354330708661 0.2283464566929134 0.0 -0.2297643435245953 -0.03609862897962135 0.2297643435245953 0.03609862897962135 -55.657012939453125 12.62109375 -2.90234375 3.48828125 23.046875 0.0 12.55078125 0.0 0.0 24.578125 97.67512512207031 12.5859375 2.8828125 4.01171875 24.76953125 0.0 12.69140625 0.0 0.0 23.23828125 0.0 5.0928497314453125
30.513 -0.7716535433070866 0.25196850393700787 0.0 -0.2297643435245953 -0.03609862897962135 0.2297643435245953 0.03609862897962135 -6.051025390625 12.62109375 -2.90234375 3.6171875 23.23828125 0.0 12.55078125 0.0 0.0 25.91796875 100.10165405273438 12.5859375 2.890625 3.75 25.53515625 0.0 12.69140625 0.0 0.0 23.23828125 0.0 5.1221771240234375
30.692 -0.7716535433070866 0.2283464566929134 0.0 -0.21701466568876807 -0.0875200455904259 0.21701466568876807 0.0875200455904259 -26.170684814453125 12.62109375 -2.7421875 3.35546875 23.046875 0.0 12.69140625 -1.109375 0.0 25.7265625 95.73434448242188 12.5859375 2.72265625 3.75 25.53515625 0.0 12.5859375 1.09765625 0.0 23.4296875 0.0 5.06353759765625
30.892 -0.7559055118110236 0.1968503937007874 0.0 -0.10103063532308172 -0.10103063532308158 0.10103063532308172 0.10103063532308158 53.8607177734375 12.65625 -1.28125 0.0 23.4296875 0.0 12.62109375 -1.28515625 0.0 25.53515625 38.44573974609375 12.5859375 1.26953125 2.69921875 25.34375 0.0 12.48046875 1.25390625 0.0 23.4296875 0.0 5.07330322265625
31.073 -0.7559055118110236 0.28346456692913385 0.0 -0.2877088600237774 -0.020261565494867934 0.2877088600237774 0.020261565494867934 63.525665283203125 12.515625 -3.61328125 4.40625 22.47265625 0.0 12.515625 0.0 0.0 26.109375 133.78392028808594 12.48046875 3.609375 4.40625 25.91796875 0.0 12.69140625 0.0 0.0 22.85546875 0.0 5.0928497314453125
31.253 -0.7007874015748031 0.3858267716535433 0.0 -0.06263400583428963 -0.11232188182531 0.06263400583428963 0.11232188182531 -4.4329986572265625 12.65625 -0.79296875 0.0 23.046875 0.0 12.69140625 -1.421875 2.04296875 27.06640625 33.72978210449219 12.7265625 0.796875 0.0 26.109375 0.0 12.55078125 1.40625 0.0 23.23828125 0.0 5.07330322265625
31.43 -0.6850393700787402 0.1968503937007874 0.0 -0.1136758349438115 -0.09122233957129572 0.1136758349438115 0.09122233957129572 -31.148086547851562 12.62109375 -1.4375 4.93359375 23.4296875 0.0 12.5859375 -1.16015625 0.0 25.7265625 32.10997009277344 12.55078125 1.42578125 3.6171875 25.53515625 0.0 12.48046875 1.140625 0.0 23.4296875 0.0 5.0830841064453125
31.611 -0.5826771653543307 0.14960629921259844 0.0 -0.2460913718158803 0.007669461105760292 0.2460913718158803 -0.007669461105760292 -4.3529052734375 12.55078125 -3.08984375 4.5390625 22.28125 0.0 12.515625 0.0 0.0 25.91796875 109.49217224121094 12.55078125 3.0859375 3.8828125 25.15234375 0.0 12.65625 0.0 0.0 23.8125 0.0 5.0830841064453125
31.794 -0.07874015748031496 0.047244094488188976 0.0 -0.04598572386121156 -0.04598572386121146 0.04598572386121156 0.04598572386121146 -28.726165771484375 12.69140625 0.0 0.0 22.47265625 0.0 12.5859375 0.0 0.0 25.7265625 60.91661071777344 12.76171875 0.0 0.0 25.7265625 0.0 12.7265625 0.0 0.0 23.4296875 0.0 5.0830841064453125
31.97 -0.0 0.0 0.0 0.0 0.0 -0.0 -0.0 0.0 12.69140625 0.0 0.0 22.47265625 0.0 12.5859375 0.0 0.0 25.7265625 11.562255859375 12.76171875 0.0 0.0 25.91796875 0.0 12.69140625 0.0 0.0 23.046875 0.0 5.0928497314453125
32.148 -0.07874015748031496 0.06299212598425197 0.0 0.0 0.0 -0.0 -0.0 0.0 12.69140625 0.0 0.0 22.85546875 0.0 12.5859375 0.0 0.0 25.7265625 0.0 12.76171875 0.0 0.0 25.15234375 0.0 12.7265625 0.0 0.0 23.4296875 0.0 5.0830841064453125
32.319 -0.2677165354330709 0.2125984251968504 0.0 0.0 0.0 -0.0 -0.0 0.0 12.69140625 0.0 0.0 22.6640625 0.0 12.5859375 0.0 0.0 26.4921875 0.0 12.76171875 0.0 0.0 25.7265625 0.0 12.69140625 0.0 0.0 23.4296875 0.0 5.0830841064453125
32.492 -0.4566929133858268 0.2283464566929134 0.0 0.06305186774486828 -0.03464489853333513 -0.06305186774486828 0.03464489853333513 0.0 12.65625 0.796875 3.35546875 23.046875 0.0 12.5859375 0.0 0.0 25.15234375 0.0 12.7265625 -0.8046875 3.8828125 25.15234375 0.0 12.7265625 0.0 0.0 22.47265625 0.0 5.102630615234375
32.669 -0.5826771653543307 0.2992125984251969 0.0 0.018747376364237154 -0.05112432756987609 -0.018747376364237154 0.05112432756987609 0.0 12.7265625 0.0 0.0 23.046875 0.0 12.5859375 0.0 0.0 26.109375 0.0 12.76171875 0.0 0.0 26.109375 0.0 12.7265625 0.0 0.0 23.046875 0.0 5.0830841064453125
32.848 -0.6850393700787402 0.2992125984251969 0.0 0.006236387872097404 -0.07878719025982053 -0.006236387872097404 0.07878719025982053 0.0 12.69140625 0.0 0.0 22.6640625 0.0 12.69140625 -1.0 0.0 24.9609375 0.0 12.7265625 0.0 0.0 25.15234375 0.0 12.55078125 0.98828125 0.0 24.00390625 0.0 5.07330322265625
33.031 -0.84251968503937 0.2992125984251969 0.0 -0.13995527396184948 -0.09392893382444396 0.13995527396184948 0.09392893382444396 0.0 12.62109375 -1.76171875 4.27734375 23.23828125 0.0 12.65625 -1.19140625 0.0 25.53515625 42.32383728027344 12.48046875 1.74609375 3.75 26.109375 0.0 12.41015625 1.1640625 0.0 23.62109375 0.0 5.0830841064453125
33.21 -0.9291338582677166 0.31496062992125984 0.0 -0.3140510923481944 -0.12307826737118062 0.3140510923481944 0.12307826737118062 -142.59719848632812 12.515625 -3.921875 4.93359375 23.23828125 0.0 12.55078125 -1.5546875 1.51953125 25.7265625 150.0234375 12.41015625 3.91796875 4.27734375 25.7265625 0.0 12.4453125 1.53515625 0.0 23.4296875 0.0 5.1124114990234375
33.39 -0.9291338582677166 0.33070866141732286 0.0 -0.362170490732923 -0.15457721033738842 0.362170490732923 0.15457721033738842 -46.521759033203125 12.55078125 -4.53515625 3.8828125 22.6640625 0.0 12.5859375 -1.953125 3.35546875 25.91796875 170.24295043945312 12.515625 4.4921875 4.40625 25.34375 0.0 12.48046875 1.921875 3.48828125 23.4296875 0.0 5.102630615234375
33.586 -0.9291338582677166 0.33070866141732286 0.0 -0.3413294607787749 -0.1679961833515782 0.3413294607787749 0.1679961833515782 -30.219085693359375 12.55078125 -4.28515625 3.6171875 23.23828125 0.0 12.5859375 -2.109375 3.48828125 25.53515625 166.4860076904297 12.515625 4.2578125 3.8828125 25.34375 0.0 12.4453125 2.09375 3.35546875 23.23828125 0.0 5.102630615234375
33.785 -0.9448818897637795 0.33070866141732286 0.0 -0.3620876444816558 -0.1740289699681728 0.3620876444816558 0.1740289699681728 21.897079467773438 12.515625 -4.546875 3.8828125 23.62109375 0.0 12.62109375 -2.19921875 3.6171875 25.15234375 181.57745361328125 12.515625 4.50390625 4.27734375 25.53515625 0.0 12.48046875 2.16796875 3.35546875 23.62109375 0.0 5.1124114990234375
33.968 -0.9448818897637795 0.33070866141732286 0.0 -0.3620876444816558 -0.1740289699681728 0.3620876444816558 0.1740289699681728 -10.362152099609375 12.515625 -4.53515625 3.75 23.4296875 0.0 12.65625 -2.19921875 3.75 25.15234375 176.20335388183594 12.55078125 4.50390625 4.01171875 25.53515625 0.0 12.48046875 2.16796875 3.09375 23.4296875 0.0 5.102630615234375
34.147 -0.9448818897637795 0.2677165354330709 0.0 -0.3620876444816558 -0.1740289699681728 0.3620876444816558 0.1740289699681728 65.92955017089844 12.515625 -4.546875 3.75 23.4296875 0.0 12.65625 -2.19921875 3.48828125 24.578125 183.19735717773438 12.41015625 4.515625 3.8828125 25.7265625 0.0 12.4453125 2.1640625 3.35546875 23.62109375 0.0 5.0928497314453125
34.33 -0.9448818897637795 0.2677165354330709 0.0 -0.4286903420421625 -0.12397479169144521 0.4286903420421625 0.12397479169144521 -75.33694458007812 12.48046875 -5.3671875 4.14453125 23.23828125 0.0 12.4453125 -1.55078125 0.0 25.34375 212.4951629638672 12.41015625 5.33203125 4.40625 25.7265625 0.0 12.4453125 1.546875 0.0 23.4296875 0.0 5.0830841064453125
34.513 -0.8740157480314961 0.2677165354330709 0.0 -0.4286903420421625 -0.12397479169144521 0.4286903420421625 0.12397479169144521 -74.15274047851562 12.515625 -5.3671875 3.8828125 23.4296875 0.0 12.515625 -1.5625 1.38671875 25.53515625 218.91567993164062 12.515625 5.37890625 4.27734375 25.53515625 0.0 12.48046875 1.5546875 1.51953125 23.4296875 0.0 5.102630615234375
34.697 -0.7244094488188977 0.2125984251968504 0.0 -0.34664392164832913 -0.08113117182800567 0.34664392164832913 0.08113117182800567 -49.10234069824219 12.5859375 -4.375 3.2265625 23.046875 0.0 12.515625 -1.015625 0.0 25.7265625 177.44915771484375 12.515625 4.359375 3.6171875 25.34375 0.0 12.5859375 1.0234375 0.0 23.23828125 0.0 5.1124114990234375
34.873 -0.25196850393700787 0.18110236220472442 0.0 -0.06864341287737699 -0.06864341287737688 0.06864341287737699 0.06864341287737688 0.0 12.69140625 -0.87109375 0.0 23.23828125 0.0 12.5859375 -0.8671875 0.0 25.34375 40.300567626953125 12.7265625 0.87109375 0.0 25.53515625 0.0 12.62109375 0.86328125 0.0 23.62109375 0.0 5.0928497314453125
35.053 -0.0 0.0 0.0 0.0 0.0 -0.0 -0.0 0.0 12.69140625 0.0 0.0 23.62109375 0.0 12.55078125 0.0 0.0 25.53515625 0.0 12.76171875 0.0 0.0 25.34375 0.0 12.69140625 0.0 0.0 23.046875 0.0 5.0928497314453125
35.218 -0.0 0.0 0.0 0.0 0.0 -0.0 -0.0 0.0 12.69140625 0.0 0.0 22.28125 0.0 12.55078125 0.0 0.0 25.91796875 0.0 12.76171875 0.0 0.0 24.9609375 0.0 12.69140625 0.0 0.0 23.8125 0.0 5.0928497314453125
35.393 -0.0 0.0 0.0 0.0 0.0 -0.0 -0.0 0.0 12.69140625 0.0 0.0 24.1953125 0.0 12.55078125 0.0 0.0 25.53515625 0.0 12.76171875 0.0 0.0 25.7265625 0.0 12.69140625 0.0 0.0 24.00390625 0.0 5.0928497314453125
35.569 -0.0 0.0 0.0 0.0 0.0 -0.0 -0.0 0.0 12.69140625 0.0 0.0 22.85546875 0.0 12.55078125 0.0 0.0 26.30078125 0.0 12.76171875 0.0 0.0 25.53515625 0.0 12.69140625 0.0 0.0 23.23828125 0.0 5.0830841064453125
35.738 -0.0 0.0 0.0 0.0 0.0 -0.0 -0.0 0.0 12.69140625 0.0 0.0 22.85546875 0.0 12.55078125 0.0 0.0 25.34375 0.0 12.76171875 0.0 0.0 25.34375 0.0 12.69140625 0.0 0.0 23.23828125 0.0 5.0830841064453125
35.911 -0.0 0.0 0.0 0.0 0.0 -0.0 -0.0 0.0 12.7265625 0.0 0.0 23.23828125 0.0 12.55078125 0.0 0.0 26.30078125 0.0 12.76171875 0.0 0.0 25.15234375 0.0 12.69140625 0.0 0.0 23.23828125 0.0 5.0928497314453125
36.088 -0.0 0.0 -0.0859375 0.0 0.0 -0.0 -0.0 0.0 12.69140625 0.0 0.0 23.8125 0.0 12.55078125 0.0 0.0 25.7265625 0.0 12.76171875 0.0 0.0 25.7265625 0.0 12.69140625 0.0 0.0 23.046875 0.0 5.0928497314453125
36.268 -0.0 0.0 -0.3984375 0.0 0.0 -0.0 -0.0 0.0 12.69140625 0.0 0.0 23.4296875 0.0 12.5859375 0.0 0.0 25.34375 0.0 12.5859375 0.0 0.0 25.7265625 0.0 12.5859375 0.0 0.0 22.85546875 0.0 5.034210205078125
36.449 -0.0 0.0 -0.5625 -0.25 -0.25 -0.25 -0.25 -18.912445068359375 12.41015625 -3.10546875 4.66796875 23.8125 0.0 12.62109375 -3.1484375 3.75 25.15234375 -103.59059143066406 12.5859375 -3.140625 4.5390625 25.7265625 0.0 12.515625 -3.12890625 3.6171875 23.046875 0.0 5.0537567138671875
36.62 -0.0 0.0 -0.5 -0.2890625 -0.2890625 -0.2890625 -0.2890625 -35.496063232421875 12.4453125 -3.609375 3.8828125 23.23828125 0.0 12.55078125 -3.66015625 3.8828125 25.7265625 -137.91122436523438 12.62109375 -3.640625 4.01171875 25.7265625 0.0 12.55078125 -3.640625 3.48828125 23.23828125 0.0 5.1417388916015625
36.813 -0.0 0.0 -0.4609375 -0.2421875 -0.2421875 -0.2421875 -0.2421875 31.318557739257812 12.5859375 -3.04296875 3.48828125 22.6640625 0.0 12.5859375 -3.05078125 3.09375 26.30078125 -115.84757995605469 12.62109375 -3.05859375 3.6171875 25.15234375 0.0 12.5859375 -3.05859375 2.9609375 23.23828125 0.0 5.06353759765625
36.98 -0.0 0.0 -0.3984375 -0.2109375 -0.2109375 -0.2109375 -0.2109375 -5.851348876953125 12.5859375 -2.65625 3.6171875 23.4296875 0.0 12.55078125 -2.65625 2.9609375 24.9609375 -91.80233764648438 12.65625 -2.6640625 3.6171875 25.53515625 0.0 12.55078125 -2.6640625 3.2265625 23.23828125 0.0 5.0830841064453125
37.166 -0.0 0.0 -0.3984375 -0.19921875 -0.19921875 -0.19921875 -0.19921875 -88.33474731445312 12.5859375 -2.5 3.6171875 23.62109375 0.0 12.62109375 -2.515625 3.6171875 25.34375 -86.96438598632812 12.62109375 -2.5078125 3.6171875 25.91796875 0.0 12.5859375 -2.5078125 3.2265625 23.23828125 0.0 5.0928497314453125
37.349 -0.0 0.0 -0.3984375 -0.19921875 -0.19921875 -0.19921875 -0.19921875 23.137680053710938 12.55078125 -2.5 4.01171875 22.6640625 0.0 12.55078125 -2.515625 3.35546875 25.53515625 -82.66775512695312 12.62109375 -2.515625 3.6171875 25.53515625 0.0 12.5859375 -2.5078125 3.09375 22.85546875 0.0 5.06353759765625
37.519 -0.0 0.0 -0.3984375 -0.19921875 -0.19921875 -0.19921875 -0.19921875 -22.382186889648438 12.55078125 -2.5 3.6171875 23.046875 0.0 12.5859375 -2.5 3.35546875 25.53515625 -85.39784240722656 12.62109375 -2.515625 3.6171875 25.7265625 0.0 12.62109375 -2.5078125 3.2265625 23.62109375 0.0 5.0830841064453125
37.693 -0.0 0.0 -0.3984375 -0.19921875 -0.19921875 -0.19921875 -0.19921875 -23.822967529296875 12.55078125 -2.5078125 3.48828125 22.85546875 0.0 12.65625 -2.5234375 3.35546875 24.578125 -88.24339294433594 12.65625 -2.515625 3.6171875 25.53515625 0.0 12.5859375 -2.5078125 3.2265625 23.8125 0.0 5.0928497314453125
37.871 -0.0 0.0 -0.3984375 -0.19921875 -0.19921875 -0.19921875 -0.19921875 -12.8436279296875 12.55078125 -2.5078125 3.75 23.23828125 0.0 12.55078125 -2.5078125 3.09375 25.91796875 -83.35322570800781 12.62109375 -2.515625 3.48828125 25.7265625 0.0 12.5859375 -2.5078125 3.09375 23.23828125 0.0 5.06353759765625
38.053 -0.0 0.0 -0.3984375 -0.19921875 -0.19921875 -0.19921875 -0.19921875 -2.863555908203125 12.55078125 -2.5 3.6171875 24.578125 0.0 12.5859375 -2.5078125 3.6171875 25.7265625 -81.66911315917969 12.62109375 -2.515625 3.75 25.34375 0.0 12.5859375 -2.5 3.2265625 23.8125 0.0 5.0928497314453125
38.233 -0.0 0.0 -0.3828125 -0.19921875 -0.19921875 -0.19921875 -0.19921875 -23.111495971679688 12.55078125 -2.5 3.8828125 23.23828125 0.0 12.62109375 -2.5234375 3.35546875 25.7265625 -84.78506469726562 12.65625 -2.515625 3.6171875 24.76953125 0.0 12.5859375 -2.5078125 3.09375 23.4296875 0.0 5.06353759765625
38.42 -0.0 0.0 -0.3828125 -0.19140625 -0.19140625 -0.19140625 -0.19140625 -18.089645385742188 12.5859375 -2.41015625 3.48828125 23.046875 0.0 12.65625 -2.40234375 3.35546875 25.53515625 -81.44219970703125 12.62109375 -2.42578125 3.6171875 25.15234375 0.0 12.5859375 -2.41015625 2.83203125 23.046875 0.0 5.06353759765625
38.602 -0.0 0.0 -0.3828125 -0.19140625 -0.19140625 -0.19140625 -0.19140625 44.469146728515625 12.55078125 -2.40234375 3.75 23.046875 0.0 12.5859375 -2.41796875 3.35546875 25.53515625 -82.11093139648438 12.65625 -2.42578125 3.48828125 25.7265625 0.0 12.55078125 -2.41796875 3.2265625 23.23828125 0.0 5.102630615234375
38.781 -0.0 0.0 -0.3828125 -0.19140625 -0.19140625 -0.19140625 -0.19140625 -8.62139892578125 12.5859375 -2.40234375 3.75 23.046875 0.0 12.5859375 -2.40234375 3.2265625 25.34375 -81.76475524902344 12.5859375 -2.42578125 3.48828125 24.9609375 0.0 12.55078125 -2.40234375 3.09375 23.046875 0.0 5.0830841064453125
38.969 -0.0 0.0 -0.2265625 -0.19140625 -0.19140625 -0.19140625 -0.19140625 -3.7393951416015625 12.55078125 -2.40234375 3.48828125 22.6640625 0.0 12.62109375 -2.41796875 3.2265625 26.4921875 -78.17747497558594 12.62109375 -2.42578125 3.75 25.7265625 0.0 12.62109375 -2.42578125 3.2265625 23.23828125 0.0 5.0928497314453125
39.152 -0.0 0.0 -0.0078125 0.0 0.0 -0.0 -0.0 -5.0271759033203125 12.69140625 0.0 0.0 22.6640625 0.0 12.55078125 0.0 0.0 25.53515625 -29.19329833984375 12.76171875 0.0 0.0 25.91796875 0.0 12.69140625 0.0 0.0 23.046875 0.0 5.0928497314453125
39.338 -0.0 0.0 0.0 0.0 0.0 -0.0 -0.0 0.0 12.65625 0.0 0.0 22.6640625 0.0 12.55078125 0.0 0.0 25.15234375 0.0 12.7265625 0.0 0.0 25.34375 0.0 12.69140625 0.0 0.0 23.4296875 0.0 5.0830841064453125
39.511 -0.0 0.0 0.05511811023622047 0.0 0.0 -0.0 -0.0 0.0 12.69140625 0.0 0.0 24.00390625 0.0 12.55078125 0.0 0.0 24.9609375 0.0 12.7265625 0.0 0.0 25.91796875 0.0 12.69140625 0.0 0.0 23.62109375 0.0 5.0928497314453125
39.692 -0.0 0.0 0.23622047244094488 0.0 0.0 -0.0 -0.0 0.0 12.69140625 0.0 0.0 22.47265625 0.0 12.55078125 0.0 0.0 26.4921875 0.0 12.65625 0.0 0.0 25.7265625 0.0 12.62109375 0.0 0.0 23.8125 0.0 5.0830841064453125
39.879 -0.0 0.0 0.3543307086614173 0.17716535433070865 0.17716535433070865 0.17716535433070865 0.17716535433070865 -20.497055053710938 12.515625 2.22265625 4.93359375 22.6640625 0.0 12.33984375 2.18359375 3.6171875 26.109375 60.38304138183594 12.48046875 2.2109375 4.14453125 24.9609375 0.0 12.48046875 2.203125 3.75 23.046875 0.0 5.0830841064453125
40.071 -0.0 0.0 0.3543307086614173 0.17716535433070865 0.17716535433070865 0.17716535433070865 0.17716535433070865 0.0 12.55078125 2.2265625 3.8828125 22.85546875 0.0 12.3046875 2.1953125 3.35546875 25.34375 68.91476440429688 12.515625 2.21484375 3.75 25.34375 0.0 12.515625 2.203125 3.48828125 22.6640625 0.0 5.0928497314453125
40.266 -0.0 0.0 0.3543307086614173 0.17716535433070865 0.17716535433070865 0.17716535433070865 0.17716535433070865 -3.5315399169921875 12.5859375 2.2265625 3.8828125 23.4296875 0.0 12.33984375 2.19140625 3.2265625 25.53515625 68.7728271484375 12.55078125 2.2265625 3.48828125 25.7265625 0.0 12.48046875 2.2109375 3.48828125 23.23828125 0.0 5.0830841064453125
40.451 -0.0 0.0 0.3543307086614173 0.17716535433070865 0.17716535433070865 0.17716535433070865 0.17716535433070865 19.743133544921875 12.62109375 2.2265625 3.8828125 22.85546875 0.0 12.33984375 2.18359375 3.09375 25.53515625 70.39155578613281 12.55078125 2.21484375 3.6171875 25.15234375 0.0 12.48046875 2.21484375 3.2265625 23.046875 0.0 5.0830841064453125
40.62 -0.0 0.0 0.3543307086614173 0.17716535433070865 0.17716535433070865 0.17716535433070865 0.17716535433070865 -19.122360229492188 12.55078125 2.2265625 4.01171875 23.4296875 0.0 12.33984375 2.18359375 3.35546875 25.91796875 69.04734802246094 12.515625 2.2109375 3.6171875 25.15234375 0.0 12.48046875 2.2109375 3.48828125 23.046875 0.0 5.043975830078125
40.806 -0.0 0.0 0.29133858267716534 0.17716535433070865 0.17716535433070865 0.17716535433070865 0.17716535433070865 -18.879165649414062 12.5859375 2.2265625 3.75 22.85546875 0.0 12.375 2.18359375 3.2265625 25.53515625 68.47116088867188 12.55078125 2.21484375 3.8828125 25.34375 0.0 12.515625 2.21484375 3.35546875 23.23828125 0.0 5.0830841064453125
40.991 -0.0 0.0 0.25196850393700787 0.14566929133858267 0.14566929133858267 0.14566929133858267 0.14566929133858267 -54.98359680175781 12.62109375 1.8359375 3.8828125 23.62109375 0.0 12.375 1.80078125 1.78125 25.91796875 52.63517761230469 12.55078125 1.83203125 3.48828125 25.34375 0.0 12.55078125 1.828125 1.91015625 22.28125 0.0 5.0928497314453125
41.19 -0.0 0.0 0.25196850393700787 0.12598425196850394 0.12598425196850394 0.12598425196850394 0.12598425196850394 0.0 12.62109375 1.58984375 3.35546875 22.85546875 0.0 12.375 1.55859375 2.04296875 25.7265625 39.420196533203125 12.55078125 1.58984375 3.09375 25.53515625 0.0 12.515625 1.578125 1.38671875 23.23828125 0.0 5.07330322265625
41.366 -0.0 0.0 0.11023622047244094 0.12598425196850394 0.12598425196850394 0.12598425196850394 0.12598425196850394 0.0 12.62109375 1.58984375 3.75 22.6640625 0.0 12.375 1.55859375 1.25390625 25.34375 37.31269836425781 12.5859375 1.578125 3.48828125 24.9609375 0.0 12.55078125 1.57421875 2.5703125 23.046875 0.0 5.0830841064453125
41.541 -0.0 0.0 0.23622047244094488 0.0 0.0 -0.0 -0.0 0.0 12.69140625 0.0 0.0 23.4296875 0.0 12.55078125 0.0 0.0 25.34375 -7.9644927978515625 12.7265625 0.0 0.0 25.34375 0.0 12.65625 0.0 0.0 23.4296875 0.0 5.1124114990234375
41.717 -0.0 0.0 0.2755905511811024 0.1377952755905512 0.1377952755905512 0.1377952755905512 0.1377952755905512 0.0 12.55078125 1.73046875 4.5390625 23.046875 0.0 12.375 1.69921875 2.69921875 25.15234375 45.76277160644531 12.515625 1.72265625 3.48828125 25.53515625 0.0 12.48046875 1.72265625 3.48828125 23.23828125 0.0 5.0830841064453125
41.895 -0.0 0.0 0.2755905511811024 0.1377952755905512 0.1377952755905512 0.1377952755905512 0.1377952755905512 -3.7895660400390625 12.62109375 1.73046875 3.35546875 23.23828125 0.0 12.33984375 1.69921875 3.6171875 25.53515625 45.65177917480469 12.5859375 1.7265625 3.48828125 25.15234375 0.0 12.55078125 1.72265625 2.4375 23.8125 0.0 5.1221771240234375
42.087 -0.0 0.0 0.2755905511811024 0.1377952755905512 0.1377952755905512 0.1377952755905512 0.1377952755905512 13.865066528320312 12.5859375 1.7265625 3.6171875 23.62109375 0.0 12.33984375 1.69921875 2.3046875 25.53515625 47.04267883300781 12.5859375 1.7265625 3.6171875 25.53515625 0.0 12.55078125 1.72265625 2.5703125 22.85546875 0.0 5.102630615234375
42.273 -0.0 0.0 0.2755905511811024 0.1377952755905512 0.1377952755905512 0.1377952755905512 0.1377952755905512 27.168716430664062 12.5859375 1.73828125 3.2265625 22.85546875 0.0 12.33984375 1.703125 1.91015625 25.7265625 44.482025146484375 12.55078125 1.7265625 3.6171875 25.34375 0.0 12.515625 1.7265625 2.5703125 23.62109375 0.0 5.1221771240234375
42.453 -0.0 0.0 0.2755905511811024 0.1377952755905512 0.1377952755905512 0.1377952755905512 0.1377952755905512 55.141510009765625 12.5859375 1.73828125 3.8828125 22.85546875 0.0 12.375 1.69921875 2.9609375 25.53515625 45.16743469238281 12.55078125 1.73046875 3.75 25.53515625 0.0 12.515625 1.7265625 2.9609375 22.85546875 0.0 5.102630615234375
42.637 -0.0 0.0 0.2755905511811024 0.1377952755905512 0.1377952755905512 0.1377952755905512 0.1377952755905512 -47.29762268066406 12.5859375 1.73046875 3.6171875 23.046875 0.0 12.375 1.69921875 2.17578125 25.34375 48.60389709472656 12.5859375 1.7265625 3.2265625 25.34375 0.0 12.55078125 1.71875 3.48828125 22.85546875 0.0 5.102630615234375
42.829 -0.0 0.0 0.15748031496062992 0.1377952755905512 0.1377952755905512 0.1377952755905512 0.1377952755905512 -9.229080200195312 12.5859375 1.73046875 3.6171875 23.4296875 0.0 12.33984375 1.69921875 2.83203125 25.53515625 47.188934326171875 12.5859375 1.73046875 3.2265625 25.34375 0.0 12.55078125 1.7265625 1.6484375 23.23828125 0.0 5.102630615234375
43.009 -0.0 0.0 0.0 0.0 0.0 -0.0 -0.0 -4.642852783203125 12.65625 0.0 0.0 22.85546875 0.0 12.55078125 0.0 0.0 25.34375 9.003082275390625 12.7265625 0.0 0.0 25.15234375 0.0 12.65625 0.0 0.0 22.6640625 0.0 5.0928497314453125
43.189 -0.0 0.0 0.0 0.0 0.0 -0.0 -0.0 0.0 12.69140625 0.0 0.0 22.6640625 0.0 12.55078125 0.0 0.0 25.7265625 0.0 12.7265625 0.0 0.0 25.7265625 0.0 12.69140625 0.0 0.0 22.85546875 0.0 5.0928497314453125
43.358 -0.0 0.0 0.0 0.0 0.0 -0.0 -0.0 0.0 12.65625 0.0 0.0 23.23828125 0.0 12.55078125 0.0 0.0 25.34375 0.0 12.7265625 0.0 0.0 25.34375 0.0 12.69140625 0.0 0.0 23.046875 0.0 5.0928497314453125
43.517 -0.0 0.0 0.0 0.0 0.0 -0.0 -0.0 0.0 12.69140625 0.0 0.0 23.046875 0.0 12.55078125 0.0 0.0 25.34375 0.0 12.76171875 0.0 0.0 25.7265625 0.0 12.69140625 0.0 0.0 23.62109375 0.0 5.0830841064453125
43.691 -0.0 0.0 0.0 0.0 0.0 -0.0 -0.0 0.0 12.69140625 0.0 0.0 23.23828125 0.0 12.55078125 0.0 0.0 25.7265625 0.0 12.76171875 0.0 0.0 24.9609375 0.0 12.69140625 0.0 0.0 22.6640625 0.0 5.0928497314453125
43.868 -0.0 0.0 0.0 0.0 0.0 -0.0 -0.0 0.0 12.69140625 0.0 0.0 23.62109375 0.0 12.55078125 0.0 0.0 25.7265625 0.0 12.7265625 0.0 0.0 25.53515625 0.0 12.69140625 0.0 0.0 23.046875 0.0 5.0830841064453125
44.028 -0.0 0.0 0.0 0.0 0.0 -0.0 -0.0 0.0 12.69140625 0.0 0.0 22.47265625 0.0 12.5859375 0.0 0.0 25.53515625 0.0 12.7265625 0.0 0.0 25.53515625 0.0 12.69140625 0.0 0.0 22.47265625 0.0 5.0928497314453125
44.218 -0.0 0.0 0.0 0.0 0.0 -0.0 -0.0 0.0 12.69140625 0.0 0.0 23.23828125 0.0 12.55078125 0.0 0.0 26.875 0.0 12.76171875 0.0 0.0 25.7265625 0.0 12.69140625 0.0 0.0 22.85546875 0.0 5.0928497314453125
44.39 -0.0 0.0 -0.1015625 0.0 0.0 -0.0 -0.0 0.0 12.69140625 0.0 0.0 23.046875 0.0 12.5859375 0.0 0.0 23.62109375 0.0 12.7265625 0.0 0.0 25.34375 0.0 12.7265625 0.0 0.0 23.62109375 0.0 5.0830841064453125
44.575 -0.0 0.0 -0.0625 0.0 0.0 -0.0 -0.0 0.0 12.69140625 0.0 0.0 23.046875 0.0 12.5859375 0.0 0.0 25.34375 0.0 12.76171875 0.0 0.0 26.109375 0.0 12.69140625 0.0 0.0 23.23828125 0.0 5.0928497314453125
44.749 -0.0 0.0 -1.0 0.0 0.0 -0.0 -0.0 0.0 12.69140625 0.0 0.0 23.8125 0.0 12.55078125 0.0 0.0 25.34375 0.0 12.4453125 0.0 0.0 25.34375 0.0 12.3046875 0.0 0.0 23.4296875 0.0 5.0928497314453125
44.916 -0.0 0.0 -1.0 -0.5 -0.5 -0.5 -0.5 33.850494384765625 11.84765625 -5.94140625 5.1953125 23.23828125 0.0 12.4453125 -6.20703125 4.93359375 26.68359375 -245.90162658691406 12.3046875 -6.15234375 5.1953125 25.34375 0.0 12.375 -6.1875 4.01171875 24.00390625 0.0 5.1319580078125
45.092 -0.0 0.0 -1.0 -0.5 -0.5 -0.5 -0.5 -254.65879821777344 12.375 -6.20703125 3.8828125 22.85546875 0.0 12.515625 -6.22265625 3.75 26.109375 -264.5174560546875 12.4453125 -6.22265625 4.40625 25.34375 0.0 12.41015625 -6.1875 3.35546875 23.046875 0.0 5.0830841064453125
45.28 -0.0 0.0 -0.359375 -0.5 -0.5 -0.5 -0.5 16.889434814453125 12.41015625 -6.22265625 3.75 22.08984375 0.0 12.48046875 -6.29296875 3.8828125 24.9609375 -271.5124053955078 12.48046875 -6.2421875 4.14453125 25.91796875 0.0 12.4453125 -6.27734375 3.6171875 23.23828125 0.0 5.0928497314453125
45.46 -0.0 0.0 -0.0078125 0.0 0.0 -0.0 -0.0 -16.715057373046875 12.62109375 0.0 0.0 23.046875 0.0 12.515625 0.0 0.0 25.91796875 -208.017333984375 12.69140625 0.0 0.0 25.34375 0.0 12.65625 0.0 0.0 23.4296875 0.0 5.0928497314453125
45.638 -0.0 0.0 0.031496062992125984 0.0 0.0 -0.0 -0.0 0.0 12.65625 0.0 0.0 22.6640625 0.0 12.515625 0.0 0.0 25.91796875 -138.91903686523438 12.7265625 0.0 0.0 25.34375 0.0 12.69140625 0.0 0.0 23.23828125 0.0 5.0830841064453125
45.809 -0.0 0.0 0.11023622047244094 0.0 0.0 -0.0 -0.0 0.0 12.65625 0.0 0.0 22.85546875 0.0 12.55078125 0.0 0.0 25.91796875 -37.27105712890625 12.65625 0.0 0.0 25.15234375 0.0 12.5859375 0.0 0.0 23.23828125 0.0 5.1124114990234375
46.151 -0.0 0.0 0.4330708661417323 0.17716535433070865 0.17716535433070865 0.17716535433070865 0.17716535433070865 -20.416519165039062 12.55078125 2.21484375 3.48828125 23.046875 0.0 12.33984375 2.1796875 3.35546875 25.34375 63.76194763183594 12.4453125 2.203125 3.8828125 25.34375 0.0 12.4453125 2.203125 3.6171875 23.62109375 0.0 5.102630615234375
46.33 -0.0 0.0 0.4330708661417323 0.21653543307086615 0.21653543307086615 0.21653543307086615 0.21653543307086615 25.246368408203125 12.515625 2.70703125 4.14453125 23.046875 0.0 12.3046875 2.66796875 3.48828125 25.53515625 91.10319519042969 12.515625 2.69921875 3.8828125 24.76953125 0.0 12.41015625 2.69921875 3.35546875 23.046875 0.0 5.0928497314453125
46.505 -0.0 0.0 0.4330708661417323 0.21653543307086615 0.21653543307086615 0.21653543307086615 0.21653543307086615 -14.865463256835938 12.55078125 2.71484375 3.6171875 22.6640625 0.0 12.33984375 2.6640625 3.35546875 24.76953125 89.50006103515625 12.515625 2.69140625 3.8828125 25.34375 0.0 12.48046875 2.69140625 3.35546875 23.046875 0.0 5.0830841064453125
46.681 -0.0 0.0 0.4330708661417323 0.21653543307086615 0.21653543307086615 0.21653543307086615 0.21653543307086615 -12.925277709960938 12.55078125 2.71484375 3.75 22.6640625 0.0 12.3046875 2.66796875 3.2265625 25.91796875 93.12928771972656 12.515625 2.70703125 3.6171875 24.76953125 0.0 12.4453125 2.70703125 3.2265625 23.4296875 0.0 5.102630615234375
46.87 -0.0 0.0 0.4330708661417323 0.21653543307086615 0.21653543307086615 0.21653543307086615 0.21653543307086615 -16.9368896484375 12.55078125 2.71484375 4.27734375 24.578125 0.0 12.26953125 2.6640625 3.35546875 25.91796875 91.33505249023438 12.48046875 2.69921875 3.75 25.7265625 0.0 12.48046875 2.69921875 3.6171875 23.046875 0.0 5.1124114990234375
47.05 -0.0 0.0 0.4566929133858268 0.21653543307086615 0.21653543307086615 0.21653543307086615 0.21653543307086615 24.792755126953125 12.55078125 2.72265625 3.75 23.046875 0.0 12.3046875 2.6640625 3.48828125 26.4921875 94.32107543945312 12.48046875 2.69921875 3.6171875 25.15234375 0.0 12.41015625 2.68359375 3.2265625 23.23828125 0.0 5.0928497314453125
47.23 -0.0 0.0 0.4566929133858268 0.2283464566929134 0.2283464566929134 0.2283464566929134 0.2283464566929134 -25.729843139648438 12.55078125 2.85546875 3.75 23.8125 0.0 12.3046875 2.80859375 3.48828125 24.38671875 94.27244567871094 12.48046875 2.83984375 4.01171875 25.34375 0.0 12.4453125 2.84765625 3.35546875 23.046875 0.0 5.06353759765625
47.411 -0.0 0.0 0.4566929133858268 0.2283464566929134 0.2283464566929134 0.2283464566929134 0.2283464566929134 -35.660552978515625 12.55078125 2.86328125 3.75 22.28125 0.0 12.33984375 2.80859375 3.35546875 25.7265625 96.820556640625 12.48046875 2.85546875 3.8828125 25.15234375 0.0 12.48046875 2.83984375 3.35546875 22.85546875 0.0 5.0537567138671875
47.591 -0.0 0.0 0.4566929133858268 0.2283464566929134 0.2283464566929134 0.2283464566929134 0.2283464566929134 -6.09906005859375 12.5859375 2.86328125 4.01171875 23.046875 0.0 12.26953125 2.80859375 3.2265625 25.7265625 100.5235595703125 12.4453125 2.83984375 3.75 25.15234375 0.0 12.4453125 2.83984375 3.6171875 22.85546875 0.0 5.0537567138671875
47.773 -0.0 0.0 0.4566929133858268 0.2283464566929134 0.2283464566929134 0.2283464566929134 0.2283464566929134 -127.54931640625 12.55078125 2.87109375 3.8828125 22.85546875 0.0 12.3046875 2.80859375 3.2265625 25.34375 98.44386291503906 12.48046875 2.84765625 3.6171875 25.91796875 0.0 12.4453125 2.83203125 3.2265625 23.23828125 0.0 5.0830841064453125
47.96 -0.0 0.0 0.4566929133858268 0.2283464566929134 0.2283464566929134 0.2283464566929134 0.2283464566929134 10.786376953125 12.55078125 2.86328125 4.01171875 22.85546875 0.0 12.3046875 2.80078125 3.48828125 25.53515625 98.6309814453125 12.4453125 2.84765625 3.75 25.53515625 0.0 12.4453125 2.84765625 3.6171875 23.23828125 0.0 5.0537567138671875
48.155 -0.0 0.0 0.4566929133858268 0.2283464566929134 0.2283464566929134 0.2283464566929134 0.2283464566929134 -27.30084228515625 12.5859375 2.86328125 4.01171875 22.08984375 0.0 12.3046875 2.80078125 3.48828125 25.53515625 100.90922546386719 12.48046875 2.84765625 3.6171875 24.9609375 0.0 12.41015625 2.83984375 3.35546875 23.23828125 0.0 5.07330322265625
48.345 -0.0 0.0 0.4566929133858268 0.2283464566929134 0.2283464566929134 0.2283464566929134 0.2283464566929134 -4.67437744140625 12.55078125 2.85546875 3.8828125 23.23828125 0.0 12.3046875 2.80859375 3.48828125 25.53515625 98.84931945800781 12.4453125 2.83984375 3.75 24.9609375 0.0 12.4453125 2.84765625 3.75 23.23828125 0.0 5.102630615234375
48.531 -0.0 0.0 0.4566929133858268 0.2283464566929134 0.2283464566929134 0.2283464566929134 0.2283464566929134 95.67469787597656 12.55078125 2.85546875 3.8828125 23.046875 0.0 12.3046875 2.80859375 3.2265625 25.53515625 98.343017578125 12.515625 2.84765625 3.8828125 24.76953125 0.0 12.48046875 2.83984375 3.35546875 23.046875 0.0 5.0830841064453125
48.725 -0.0 0.0 0.3779527559055118 0.1968503937007874 0.1968503937007874 0.1968503937007874 0.1968503937007874 -19.225173950195312 12.55078125 2.4765625 3.48828125 22.47265625 0.0 12.3046875 2.42578125 2.9609375 24.1953125 82.578857421875 12.515625 2.4609375 3.6171875 25.34375 0.0 12.48046875 2.44921875 3.2265625 23.046875 0.0 5.0830841064453125
48.909 -0.0 0.0 0.3779527559055118 0.1889763779527559 0.1889763779527559 0.1889763779527559 0.1889763779527559 -18.147186279296875 12.55078125 2.37109375 3.75 23.4296875 0.0 12.3046875 2.32421875 3.2265625 25.34375 77.31024169921875 12.55078125 2.37109375 3.48828125 25.91796875 0.0 12.4453125 2.35546875 3.35546875 23.4296875 0.0 5.06353759765625
49.117 -0.0 0.0 0.3779527559055118 0.1889763779527559 0.1889763779527559 0.1889763779527559 0.1889763779527559 -10.574539184570312 12.55078125 2.37109375 3.8828125 24.578125 0.0 12.33984375 2.3359375 3.35546875 26.109375 74.92683410644531 12.48046875 2.36328125 3.75 25.7265625 0.0 12.48046875 2.35546875 3.2265625 23.4296875 0.0 5.07330322265625
49.29 -0.0 0.0 0.3779527559055118 0.1889763779527559 0.1889763779527559 0.1889763779527559 0.1889763779527559 -3.7177276611328125 12.55078125 2.37109375 3.75 24.1953125 0.0 12.3046875 2.32421875 3.2265625 25.53515625 75.81741333007812 12.515625 2.37109375 3.8828125 25.34375 0.0 12.4453125 2.3515625 3.35546875 23.4296875 0.0 5.0830841064453125
49.473 -0.0 0.0 0.4330708661417323 0.1889763779527559 0.1889763779527559 0.1889763779527559 0.1889763779527559 -46.02716064453125 12.5859375 2.37109375 3.75 23.62109375 0.0 12.26953125 2.31640625 3.2265625 24.1953125 77.19523620605469 12.515625 2.36328125 3.75 24.9609375 0.0 12.4453125 2.34375 3.2265625 23.4296875 0.0 5.0928497314453125
49.65 -0.0 0.0 0.4330708661417323 0.21653543307086615 0.21653543307086615 0.21653543307086615 0.21653543307086615 24.432144165039062 12.515625 2.70703125 3.8828125 22.6640625 0.0 12.3046875 2.65625 3.2265625 25.7265625 91.22222900390625 12.4453125 2.69140625 3.75 25.34375 0.0 12.41015625 2.68359375 3.35546875 23.23828125 0.0 5.0830841064453125
49.833 -0.0 0.0 0.5196850393700787 0.2283464566929134 0.2283464566929134 0.2283464566929134 0.2283464566929134 27.831329345703125 12.55078125 2.85546875 4.01171875 22.08984375 0.0 12.375 2.80078125 3.35546875 26.30078125 99.19660949707031 12.33984375 2.81640625 3.8828125 25.7265625 0.0 12.375 2.80859375 3.6171875 23.4296875 0.0 5.0830841064453125
50.035 -0.0 0.0 0.7007874015748031 0.33070866141732286 0.33070866141732286 0.33070866141732286 0.33070866141732286 -19.859542846679688 12.41015625 4.08984375 4.40625 22.6640625 0.0 12.234375 4.04296875 3.6171875 24.9609375 148.23963928222656 12.33984375 4.078125 4.27734375 25.53515625 0.0 12.375 4.08984375 3.8828125 23.23828125 0.0 5.0830841064453125
50.22 -0.0 0.0 0.7007874015748031 0.35039370078740156 0.35039370078740156 0.35039370078740156 0.35039370078740156 -45.34449768066406 12.4453125 4.34765625 4.40625 23.046875 0.0 12.26953125 4.28515625 3.48828125 25.91796875 168.11135864257812 12.4453125 4.33203125 4.01171875 25.15234375 0.0 12.41015625 4.33203125 3.6171875 23.4296875 0.0 5.07330322265625
50.408 -0.0 0.0 0.7007874015748031 0.35039370078740156 0.35039370078740156 0.35039370078740156 0.35039370078740156 -25.823104858398438 12.48046875 4.37109375 3.8828125 22.28125 0.0 12.26953125 4.28515625 3.48828125 24.9609375 167.10182189941406 12.4453125 4.359375 4.14453125 25.7265625 0.0 12.41015625 4.34765625 3.6171875 23.62109375 0.0 5.0537567138671875
50.59 -0.0 0.0 0.6220472440944882 0.35039370078740156 0.35039370078740156 0.35039370078740156 0.35039370078740156 -25.506301879882812 12.48046875 4.37109375 4.01171875 22.85546875 0.0 12.26953125 4.28515625 3.48828125 24.76953125 169.5588836669922 12.4453125 4.359375 4.14453125 25.7265625 0.0 12.41015625 4.37109375 3.75 22.6640625 0.0 5.102630615234375
50.771 -0.0 0.0 0.0 0.23622047244094488 0.23622047244094488 0.23622047244094488 0.23622047244094488 -65.38841247558594 12.5859375 2.9609375 3.09375 22.6640625 0.0 12.33984375 2.921875 2.3046875 25.91796875 115.53041076660156 12.5859375 2.9609375 3.2265625 25.15234375 0.0 12.515625 2.953125 2.4375 23.23828125 0.0 5.0928497314453125
50.965 -0.0 0.0 -0.0078125 0.0 0.0 -0.0 -0.0 -13.841629028320312 12.65625 0.0 0.0 22.85546875 0.0 12.55078125 0.0 0.0 25.34375 53.632781982421875 12.7265625 0.0 0.0 25.34375 0.0 12.65625 0.0 0.0 22.85546875 0.0 5.0928497314453125
51.138 -0.0 0.0 -0.421875 0.0 0.0 -0.0 -0.0 0.0 12.65625 0.0 0.0 23.23828125 0.0 12.515625 0.0 0.0 25.34375 -6.8723602294921875 12.5859375 0.0 0.0 25.34375 0.0 12.4453125 0.0 0.0 22.85546875 0.0 5.0928497314453125
51.308 -0.0 0.0 -0.7421875 -0.30859375 -0.30859375 -0.30859375 -0.30859375 -29.446945190429688 12.26953125 -3.796875 4.93359375 23.046875 0.0 12.48046875 -3.86328125 4.40625 24.38671875 -130.865966796875 12.48046875 -3.84375 4.80078125 25.34375 0.0 12.41015625 -3.83203125 3.75 23.62109375 0.0 5.07330322265625
51.479 -0.0 0.0 -0.6640625 -0.37109375 -0.37109375 -0.37109375 -0.37109375 -22.860137939453125 12.375 -4.60546875 4.27734375 23.23828125 0.0 12.515625 -4.60546875 3.75 25.53515625 -180.6378631591797 12.48046875 -4.66015625 4.66796875 25.7265625 0.0 12.48046875 -4.64453125 4.01171875 23.23828125 0.0 5.0830841064453125
51.652 -0.0 0.0 -0.6171875 -0.30859375 -0.30859375 -0.30859375 -0.30859375 -40.70684814453125 12.55078125 -3.875 3.2265625 22.47265625 0.0 12.5859375 -3.86328125 3.09375 25.7265625 -154.38426208496094 12.55078125 -3.875 3.48828125 24.9609375 0.0 12.515625 -3.86328125 2.9609375 22.6640625 0.0 5.102630615234375
51.834 -0.0 0.0 -0.6171875 -0.30859375 -0.30859375 -0.30859375 -0.30859375 31.052383422851562 12.48046875 -3.8515625 3.75 23.046875 0.0 12.515625 -3.86328125 3.8828125 25.7265625 -150.6414031982422 12.55078125 -3.875 3.75 25.34375 0.0 12.48046875 -3.8515625 3.35546875 23.046875 0.0 5.043975830078125
52.019 -0.0 0.0 -0.6171875 -0.30859375 -0.30859375 -0.30859375 -0.30859375 -144.46951293945312 12.48046875 -3.8515625 3.8828125 23.046875 0.0 12.5859375 -3.875 3.75 25.34375 -149.23052978515625 12.515625 -3.86328125 3.8828125 25.34375 0.0 12.48046875 -3.86328125 3.6171875 23.23828125 0.0 5.0830841064453125
52.211 -0.0 0.0 -0.6171875 -0.30859375 -0.30859375 -0.30859375 -0.30859375 -25.104751586914062 12.4453125 -3.8515625 3.75 23.23828125 0.0 12.55078125 -3.875 3.6171875 25.34375 -148.35992431640625 12.55078125 -3.86328125 3.8828125 25.7265625 0.0 12.48046875 -3.8515625 3.6171875 23.23828125 0.0 5.1221771240234375
52.39 -0.0 0.0 -0.6171875 -0.30859375 -0.30859375 -0.30859375 -0.30859375 -30.039886474609375 12.48046875 -3.8515625 3.8828125 22.47265625 0.0 12.5859375 -3.88671875 3.6171875 25.34375 -150.18185424804688 12.515625 -3.875 3.8828125 25.7265625 0.0 12.48046875 -3.86328125 3.6171875 23.4296875 0.0 5.06353759765625
52.559 -0.0 0.0 -0.6171875 -0.30859375 -0.30859375 -0.30859375 -0.30859375 -10.906524658203125 12.48046875 -3.84375 3.75 23.046875 0.0 12.515625 -3.875 3.6171875 25.91796875 -150.38771057128906 12.515625 -3.86328125 3.75 25.53515625 0.0 12.515625 -3.86328125 3.6171875 22.85546875 0.0 5.0928497314453125
52.74 -0.0 0.0 -0.6171875 -0.30859375 -0.30859375 -0.30859375 -0.30859375 -18.621795654296875 12.48046875 -3.8515625 3.75 23.046875 0.0 12.48046875 -3.88671875 3.48828125 25.91796875 -151.25254821777344 12.515625 -3.8515625 3.8828125 24.9609375 0.0 12.48046875 -3.84375 3.48828125 23.23828125 0.0 5.102630615234375
52.931 -0.0 0.0 -0.703125 -0.33984375 -0.33984375 -0.33984375 -0.33984375 -34.08787536621094 12.41015625 -4.21875 3.8828125 22.85546875 0.0 12.48046875 -4.2421875 3.6171875 25.7265625 -163.8365020751953 12.48046875 -4.23046875 4.14453125 24.76953125 0.0 12.4453125 -4.23046875 3.35546875 23.046875 0.0 5.0928497314453125
53.11 -0.0 0.0 -0.703125 -0.3515625 -0.3515625 -0.3515625 -0.3515625 -29.826629638671875 12.41015625 -4.36328125 4.01171875 23.046875 0.0 12.48046875 -4.4140625 3.75 25.34375 -175.71153259277344 12.515625 -4.390625 3.8828125 25.34375 0.0 12.48046875 -4.390625 3.48828125 22.6640625 0.0 5.102630615234375
53.291 -0.0 0.0 -0.6171875 -0.3203125 -0.3203125 -0.3203125 -0.3203125 -27.221099853515625 12.48046875 -4.0 3.48828125 23.046875 0.0 12.5859375 -4.03125 3.6171875 26.4921875 -160.18019104003906 12.515625 -4.03125 3.6171875 25.53515625 0.0 12.515625 -4.0234375 3.2265625 23.4296875 0.0 5.102630615234375
53.473 -0.0 0.0 -0.28125 -0.30078125 -0.30078125 -0.30078125 -0.30078125 30.423553466796875 12.48046875 -3.765625 3.75 23.4296875 0.0 12.55078125 -3.765625 3.6171875 25.34375 -145.9354705810547 12.55078125 -3.796875 3.75 25.53515625 0.0 12.55078125 -3.77734375 3.35546875 22.85546875 0.0 5.1124114990234375
53.653 -0.0 0.0 -0.0234375 0.0 0.0 -0.0 -0.0 -8.175643920898438 12.62109375 0.0 0.0 22.6640625 0.0 12.515625 0.0 0.0 25.34375 -88.46295166015625 12.69140625 0.0 0.0 25.53515625 0.0 12.62109375 0.0 0.0 22.6640625 0.0 5.0830841064453125
53.849 -0.0 0.0 0.0 0.0 0.0 -0.0 -0.0 0.0 12.65625 0.0 0.0 22.6640625 0.0 12.515625 0.0 0.0 25.91796875 -25.275283813476562 12.69140625 0.0 0.0 24.578125 0.0 12.65625 0.0 0.0 23.046875 0.0 5.0928497314453125
54.018 -0.0 0.0 0.0 0.0 0.0 -0.0 -0.0 0.0 12.65625 0.0 0.0 23.046875 0.0 12.55078125 0.0 0.0 25.15234375 0.0 12.69140625 0.0 0.0 25.53515625 0.0 12.65625 0.0 0.0 23.4296875 0.0 5.0830841064453125
54.192 -0.0 0.0 0.015748031496062992 0.0 0.0 -0.0 -0.0 0.0 12.62109375 0.0 0.0 23.046875 0.0 12.515625 0.0 0.0 25.34375 0.0 12.7265625 0.0 0.0 25.34375 0.0 12.65625 0.0 0.0 23.046875 0.0 5.0928497314453125
54.356 -0.0 0.0 0.09448818897637795 0.0 0.0 -0.0 -0.0 0.0 12.65625 0.0 0.0 23.8125 0.0 12.55078125 0.0 0.0 25.15234375 0.0 12.69140625 0.0 0.0 25.53515625 0.0 12.65625 0.0 0.0 23.23828125 0.0 5.0928497314453125
54.531 -0.0 0.0 0.31496062992125984 0.0 0.0 -0.0 -0.0 0.0 12.65625 0.0 0.0 22.85546875 0.0 12.515625 0.0 0.0 25.53515625 0.0 12.65625 0.0 0.0 25.7265625 0.0 12.62109375 0.0 0.0 23.23828125 0.0 5.06353759765625
54.708 -0.0 0.0 0.3937007874015748 0.16535433070866143 0.16535433070866143 0.16535433070866143 0.16535433070866143 29.40838623046875 12.515625 2.06640625 4.40625 23.23828125 0.0 12.3046875 2.0390625 3.48828125 25.7265625 56.96821594238281 12.48046875 2.0546875 3.8828125 24.9609375 0.0 12.4453125 2.05078125 3.75 23.23828125 0.0 5.102630615234375
54.905 -0.0 0.0 0.4330708661417323 0.21653543307086615 0.21653543307086615 0.21653543307086615 0.21653543307086615 -19.7249755859375 12.515625 2.70703125 3.8828125 22.28125 0.0 12.3046875 2.66796875 3.48828125 24.9609375 86.25529479980469 12.4453125 2.69140625 4.01171875 24.9609375 0.0 12.41015625 2.67578125 3.6171875 23.046875 0.0 5.0928497314453125
55.089 -0.0 0.0 0.4330708661417323 0.21653543307086615 0.21653543307086615 0.21653543307086615 0.21653543307086615 -87.10247802734375 12.55078125 2.71484375 3.6171875 23.046875 0.0 12.33984375 2.6640625 3.75 25.7265625 90.84672546386719 12.4453125 2.69140625 3.6171875 25.53515625 0.0 12.4453125 2.69921875 3.48828125 23.046875 0.0 5.0830841064453125
55.28 -0.0 0.0 0.4330708661417323 0.21653543307086615 0.21653543307086615 0.21653543307086615 0.21653543307086615 -32.80902099609375 12.55078125 2.71484375 4.01171875 23.23828125 0.0 12.3046875 2.6640625 3.35546875 25.7265625 93.66081237792969 12.48046875 2.69140625 3.8828125 25.34375 0.0 12.4453125 2.68359375 3.6171875 23.8125 0.0 5.0928497314453125
55.47 -0.0 0.0 0.4330708661417323 0.21653543307086615 0.21653543307086615 0.21653543307086615 0.21653543307086615 -93.59918212890625 12.55078125 2.70703125 4.01171875 23.62109375 0.0 12.26953125 2.65625 3.09375 25.7265625 89.49797058105469 12.515625 2.70703125 3.6171875 25.15234375 0.0 12.4453125 2.69921875 3.48828125 23.23828125 0.0 5.102630615234375
55.65 -0.0 0.0 0.4330708661417323 0.21653543307086615 0.21653543307086615 0.21653543307086615 0.21653543307086615 25.179000854492188 12.55078125 2.70703125 4.01171875 22.6640625 0.0 12.3046875 2.65625 3.2265625 25.91796875 93.59233093261719 12.48046875 2.70703125 3.6171875 25.34375 0.0 12.48046875 2.69140625 3.48828125 23.23828125 0.0 5.0928497314453125
55.846 -0.0 0.0 0.4330708661417323 0.21653543307086615 0.21653543307086615 0.21653543307086615 0.21653543307086615 101.38880920410156 12.515625 2.71484375 3.75 23.046875 0.0 12.3046875 2.6640625 3.48828125 25.34375 92.53680419921875 12.48046875 2.69921875 3.6171875 25.15234375 0.0 12.41015625 2.69921875 3.2265625 23.4296875 0.0 5.0928497314453125
56.021 -0.0 0.0 0.4330708661417323 0.21653543307086615 0.21653543307086615 0.21653543307086615 0.21653543307086615 -14.45477294921875 12.55078125 2.71484375 3.8828125 22.85546875 0.0 12.3046875 2.6640625 3.6171875 25.53515625 94.84526062011719 12.48046875 2.69921875 3.6171875 25.53515625 0.0 12.4453125 2.68359375 3.48828125 22.85546875 0.0 5.0537567138671875
56.2 -0.0 0.0 0.5590551181102362 0.21653543307086615 0.21653543307086615 0.21653543307086615 0.21653543307086615 -12.353652954101562 12.515625 2.71484375 3.75 23.046875 0.0 12.3046875 2.65625 3.35546875 25.15234375 88.94241333007812 12.4453125 2.68359375 3.6171875 25.53515625 0.0 12.41015625 2.67578125 2.9609375 23.62109375 0.0 5.07330322265625
56.391 -0.0 0.0 0.6062992125984252 0.3031496062992126 0.3031496062992126 0.3031496062992126 0.3031496062992126 -36.703216552734375 12.41015625 3.76953125 4.27734375 23.23828125 0.0 12.26953125 3.70703125 3.48828125 25.7265625 136.2620086669922 12.41015625 3.76171875 4.14453125 25.34375 0.0 12.375 3.75 3.8828125 22.85546875 0.0 5.102630615234375
56.57 -0.0 0.0 0.6062992125984252 0.3031496062992126 0.3031496062992126 0.3031496062992126 0.3031496062992126 51.28614807128906 12.48046875 3.78125 4.01171875 22.85546875 0.0 12.26953125 3.70703125 3.48828125 25.15234375 145.24546813964844 12.41015625 3.78125 4.01171875 25.53515625 0.0 12.48046875 3.76171875 3.75 23.046875 0.0 5.0928497314453125
56.753 -0.0 0.0 0.031496062992125984 0.25196850393700787 0.25196850393700787 0.25196850393700787 0.25196850393700787 -41.1685791015625 12.55078125 3.16015625 3.48828125 22.6640625 0.0 12.26953125 3.09765625 3.48828125 25.7265625 116.86651611328125 12.515625 3.16015625 3.6171875 25.34375 0.0 12.41015625 3.140625 3.2265625 22.85546875 0.0 5.06353759765625
56.946 -0.0 0.0 0.0 0.0 0.0 -0.0 -0.0 0.0 12.62109375 0.0 0.0 22.85546875 0.0 12.515625 0.0 0.0 25.7265625 62.70924377441406 12.69140625 0.0 0.0 24.9609375 0.0 12.65625 0.0 0.0 22.85546875 0.0 5.0928497314453125
57.119 -0.0 0.0 -0.0078125 0.0 0.0 -0.0 -0.0 0.0 12.62109375 0.0 0.0 22.85546875 0.0 12.55078125 0.0 0.0 25.91796875 -17.17474365234375 12.7265625 0.0 0.0 25.53515625 0.0 12.65625 0.0 0.0 23.046875 0.0 5.0830841064453125
57.299 -0.0 0.0 -0.0078125 0.0 0.0 -0.0 -0.0 0.0 12.65625 0.0 0.0 23.046875 0.0 12.515625 0.0 0.0 25.53515625 0.0 12.7265625 0.0 0.0 25.53515625 0.0 12.65625 0.0 0.0 23.62109375 0.0 5.0830841064453125
57.468 -0.0 0.0 -0.0078125 0.0 0.0 -0.0 -0.0 0.0 12.65625 0.0 0.0 22.85546875 0.0 12.55078125 0.0 0.0 25.53515625 0.0 12.7265625 0.0 0.0 25.53515625 0.0 12.65625 0.0 0.0 23.62109375 0.0 5.0830841064453125
57.648 -0.0 0.0 -0.0078125 0.0 0.0 -0.0 -0.0 0.0 12.65625 0.0 0.0 24.9609375 0.0 12.55078125 0.0 0.0 25.34375 0.0 12.7265625 0.0 0.0 25.53515625 0.0 12.65625 0.0 0.0 22.6640625 0.0 5.0830841064453125
57.83 -0.0 0.0 -0.0078125 0.0 0.0 -0.0 -0.0 0.0 12.65625 0.0 0.0 22.85546875 0.0 12.55078125 0.0 0.0 25.7265625 0.0 12.7265625 0.0 0.0 25.34375 0.0 12.65625 0.0 0.0 23.4296875 0.0 5.0928497314453125
57.997 -0.0 0.0 -0.0078125 0.0 0.0 -0.0 -0.0 0.0 12.65625 0.0 0.0 24.1953125 0.0 12.55078125 0.0 0.0 25.7265625 0.0 12.7265625 0.0 0.0 25.34375 0.0 12.69140625 0.0 0.0 23.23828125 0.0 5.102630615234375
58.191 -0.0 0.0 -0.0078125 0.0 0.0 -0.0 -0.0 0.0 12.65625 0.0 0.0 22.47265625 0.0 12.55078125 0.0 0.0 25.34375 0.0 12.7265625 0.0 0.0 25.53515625 0.0 12.65625 0.0 0.0 23.23828125 0.0 5.0928497314453125
58.37 -0.0 0.0 -0.0078125 0.0 0.0 -0.0 -0.0 0.0 12.65625 0.0 0.0 23.046875 0.0 12.515625 0.0 0.0 25.53515625 0.0 12.7265625 0.0 0.0 25.15234375 0.0 12.65625 0.0 0.0 23.4296875 0.0 5.0830841064453125
58.551 -0.0 0.0 -0.0078125 0.0 0.0 -0.0 -0.0 0.0 12.65625 0.0 0.0 23.046875 0.0 12.55078125 0.0 0.0 25.53515625 0.0 12.7265625 0.0 0.0 25.53515625 0.0 12.69140625 0.0 0.0 22.85546875 0.0 5.0928497314453125
58.716 -0.0 0.0 -0.0078125 0.0 0.0 -0.0 -0.0 0.0 12.65625 0.0 0.0 22.85546875 0.0 12.55078125 0.0 0.0 25.91796875 0.0 12.7265625 0.0 0.0 25.15234375 0.0 12.65625 0.0 0.0 22.85546875 0.0 5.0928497314453125
58.888 -0.0 0.0 -0.0078125 0.0 0.0 -0.0 -0.0 0.0 12.65625 0.0 0.0 23.23828125 0.0 12.5859375 0.0 0.0 25.53515625 0.0 12.7265625 0.0 0.0 25.7265625 0.0 12.69140625 0.0 0.0 23.046875 0.0 5.0928497314453125
59.059 -0.0 0.0 -0.0078125 0.0 0.0 -0.0 -0.0 0.0 12.69140625 0.0 0.0 23.23828125 0.0 12.55078125 0.0 0.0 25.34375 0.0 12.7265625 0.0 0.0 25.34375 0.0 12.69140625 0.0 0.0 23.23828125 0.0 5.0928497314453125
59.232 -0.0 0.0 -0.0078125 0.0 0.0 -0.0 -0.0 0.0 12.65625 0.0 0.0 22.08984375 0.0 12.55078125 0.0 0.0 26.109375 0.0 12.7265625 0.0 0.0 25.53515625 0.0 12.69140625 0.0 0.0 23.046875 0.0 5.0928497314453125
59.399 -0.0 0.0 -0.0078125 0.0 0.0 -0.0 -0.0 0.0 12.65625 0.0 0.0 23.046875 0.0 12.55078125 0.0 0.0 25.91796875 0.0 12.76171875 0.0 0.0 25.15234375 0.0 12.69140625 0.0 0.0 23.046875 0.0 5.0928497314453125
59.571 -0.0 0.0 -0.0078125 0.0 0.0 -0.0 -0.0 0.0 12.69140625 0.0 0.0 23.046875 0.0 12.55078125 0.0 0.0 24.9609375 0.0 12.76171875 0.0 0.0 25.15234375 0.0 12.69140625 0.0 0.0 23.046875 0.0 5.0830841064453125
59.75 -0.0 0.0 -0.0078125 0.0 0.0 -0.0 -0.0 0.0 12.69140625 0.0 0.0 23.8125 0.0 12.55078125 0.0 0.0 25.7265625 0.0 12.7265625 0.0 0.0 25.15234375 0.0 12.69140625 0.0 0.0 23.046875 0.0 5.0928497314453125
59.937 -0.0 0.0 -0.0078125 0.0 0.0 -0.0 -0.0 0.0 12.69140625 0.0 0.0 23.046875 0.0 12.55078125 0.0 0.0 25.15234375 0.0 12.7265625 0.0 0.0 25.53515625 0.0 12.69140625 0.0 0.0 22.85546875 0.0 5.0830841064453125
60.11 -0.0 0.0 -0.0078125 0.0 0.0 -0.0 -0.0 0.0 12.69140625 0.0 0.0 22.6640625 0.0 12.55078125 0.0 0.0 26.109375 0.0 12.7265625 0.0 0.0 25.7265625 0.0 12.69140625 0.0 0.0 23.046875 0.0 5.0928497314453125
60.278 -0.0 0.0 -0.0078125 0.0 0.0 -0.0 -0.0 0.0 12.65625 0.0 0.0 22.6640625 0.0 12.55078125 0.0 0.0 26.109375 0.0 12.7265625 0.0 0.0 25.7265625 0.0 12.69140625 0.0 0.0 23.4296875 0.0 5.0928497314453125
60.448 -0.0 0.0 -0.0078125 0.0 0.0 -0.0 -0.0 0.0 12.69140625 0.0 0.0 23.046875 0.0 12.5859375 0.0 0.0 25.7265625 0.0 12.7265625 0.0 0.0 25.7265625 0.0 12.69140625 0.0 0.0 23.046875 0.0 5.0928497314453125
60.617 -0.0 0.0 -0.0078125 0.0 0.0 -0.0 -0.0 0.0 12.69140625 0.0 0.0 23.23828125 0.0 12.55078125 0.0 0.0 25.15234375 0.0 12.7265625 0.0 0.0 25.15234375 0.0 12.69140625 0.0 0.0 23.23828125 0.0 5.0830841064453125
60.79 -0.0 0.0 -0.0078125 0.0 0.0 -0.0 -0.0 0.0 12.69140625 0.0 0.0 22.6640625 0.0 12.55078125 0.0 0.0 25.7265625 0.0 12.7265625 0.0 0.0 25.91796875 0.0 12.69140625 0.0 0.0 23.23828125 0.0 5.0928497314453125
60.958 -0.0 0.0 -0.0078125 0.0 0.0 -0.0 -0.0 0.0 12.69140625 0.0 0.0 23.046875 0.0 12.55078125 0.0 0.0 25.7265625 0.0 12.7265625 0.0 0.0 25.7265625 0.0 12.69140625 0.0 0.0 23.046875 0.0 5.0830841064453125
61.131 -0.0 0.0 -0.0234375 0.0 0.0 -0.0 -0.0 0.0 12.69140625 0.0 0.0 23.23828125 0.0 12.55078125 0.0 0.0 26.109375 0.0 12.7265625 0.0 0.0 25.91796875 0.0 12.69140625 0.0 0.0 23.23828125 0.0 5.0928497314453125
61.318 -0.0 0.0 -0.0234375 0.0 0.0 -0.0 -0.0 0.0 12.69140625 0.0 0.0 23.4296875 0.0 12.5859375 0.0 0.0 25.34375 0.0 12.7265625 0.0 0.0 25.34375 0.0 12.69140625 0.0 0.0 23.62109375 0.0 5.0928497314453125
61.49 -0.0 0.0 -0.0234375 0.0 0.0 -0.0 -0.0 0.0 12.65625 0.0 0.0 21.515625 0.0 12.5859375 0.0 0.0 24.9609375 0.0 12.76171875 0.0 0.0 25.34375 0.0 12.69140625 0.0 0.0 23.23828125 0.0 5.0928497314453125
61.67 -0.0 0.0 -0.0234375 0.0 0.0 -0.0 -0.0 0.0 12.69140625 0.0 0.0 23.8125 0.0 12.55078125 0.0 0.0 25.34375 0.0 12.76171875 0.0 0.0 25.15234375 0.0 12.69140625 0.0 0.0 23.4296875 0.0 5.0928497314453125
61.847 -0.0 0.0 -0.0234375 0.0 0.0 -0.0 -0.0 0.0 12.69140625 0.0 0.0 23.23828125 0.0 12.55078125 0.0 0.0 25.7265625 0.0 12.7265625 0.0 0.0 25.53515625 0.0 12.69140625 0.0 0.0 23.046875 0.0 5.0830841064453125
62.017 -0.0 0.0 -0.0234375 0.0 0.0 -0.0 -0.0 0.0 12.69140625 0.0 0.0 23.046875 0.0 12.55078125 0.0 0.0 25.53515625 0.0 12.76171875 0.0 0.0 25.34375 0.0 12.69140625 0.0 0.0 23.62109375 0.0 5.0928497314453125
62.191 -0.0 0.0 -0.046875 0.0 0.0 -0.0 -0.0 0.0 12.69140625 0.0 0.0 22.6640625 0.0 12.55078125 0.0 0.0 25.15234375 0.0 12.76171875 0.0 0.0 24.9609375 0.0 12.69140625 0.0 0.0 23.4296875 0.0 5.0928497314453125
62.369 -0.0 0.0 -0.046875 0.0 0.0 -0.0 -0.0 0.0 12.65625 0.0 0.0 23.046875 0.0 12.55078125 0.0 0.0 25.34375 0.0 12.76171875 0.0 0.0 25.7265625 0.0 12.7265625 0.0 0.0 22.85546875 0.0 5.0928497314453125
62.538 -0.0 0.0 -0.046875 0.0 0.0 -0.0 -0.0 0.0 12.69140625 0.0 0.0 22.85546875 0.0 12.5859375 0.0 0.0 25.7265625 0.0 12.76171875 0.0 0.0 25.7265625 0.0 12.69140625 0.0 0.0 23.4296875 0.0 5.0928497314453125
62.698 -0.0 0.0 -0.046875 0.0 0.0 -0.0 -0.0 0.0 12.69140625 0.0 0.0 22.85546875 0.0 12.55078125 0.0 0.0 25.34375 0.0 12.76171875 0.0 0.0 25.15234375 0.0 12.69140625 0.0 0.0 23.8125 0.0 5.0928497314453125
62.867 -0.0 0.0 -0.046875 0.0 0.0 -0.0 -0.0 0.0 12.69140625 0.0 0.0 23.4296875 0.0 12.5859375 0.0 0.0 25.53515625 0.0 12.7265625 0.0 0.0 25.34375 0.0 12.69140625 0.0 0.0 23.62109375 0.0 5.0928497314453125
63.03 -0.0 0.0 -0.046875 0.0 0.0 -0.0 -0.0 0.0 12.69140625 0.0 0.0 22.47265625 0.0 12.55078125 0.0 0.0 25.7265625 0.0 12.76171875 0.0 0.0 25.15234375 0.0 12.7265625 0.0 0.0 23.4296875 0.0 5.0830841064453125
63.208 -0.0 0.0 -0.046875 0.0 0.0 -0.0 -0.0 0.0 12.69140625 0.0 0.0 22.6640625 0.0 12.55078125 0.0 0.0 25.34375 0.0 12.7265625 0.0 0.0 25.7265625 0.0 12.69140625 0.0 0.0 23.23828125 0.0 5.0928497314453125
