153993988071 Joystick axes: 0.0078125 -0.0078125 0.0 Motor Outputs: -1.734723475976807E-18 -0.01015625 1.734723475976807E-18 0.01015625 Front_Left: 0.0 0.0 24.38671875 Back_Left: 0.0 0.0 26.30078125 Back_Right: 0.0 0.0 26.30078125 Front_Right: 0.0 0.0 24.38671875 Pickup: 0.0 Shooter: 0.0 5.845550537109375
153993988199 Joystick axes: 0.0078125 -0.0078125 0.0 Motor Outputs: -1.734723475976807E-18 -0.01015625 1.734723475976807E-18 0.01015625 Front_Left: 0.0 0.0 24.38671875 Back_Left: 0.0 0.0 26.875 Back_Right: 0.0 0.0 26.68359375 Front_Right: 0.0 0.0 24.38671875 Pickup: 0.0 Shooter: 0.0 5.855316162109375
153993988334 Joystick axes: 0.0078125 -0.0078125 0.0 Motor Outputs: -1.734723475976807E-18 -0.01015625 1.734723475976807E-18 0.01015625 Front_Left: 0.0 0.0 24.76953125 Back_Left: 0.0 0.0 26.875 Back_Right: 0.0 0.0 26.875 Front_Right: 0.0 0.0 24.76953125 Pickup: 0.0 Shooter: 0.0 5.855316162109375
153993988458 Joystick axes: 0.0078125 -0.0078125 0.0 Motor Outputs: -1.734723475976807E-18 -0.01015625 1.734723475976807E-18 0.01015625 Front_Left: 0.0 0.0 24.76953125 Back_Left: 0.0 0.0 27.06640625 Back_Right: 0.0 0.0 26.4921875 Front_Right: 0.0 0.0 24.578125 Pickup: 0.0 Shooter: 0.0 5.855316162109375
153993988593 Joystick axes: 0.0078125 -0.0078125 0.0 Motor Outputs: -1.734723475976807E-18 -0.01015625 1.734723475976807E-18 0.01015625 Front_Left: 0.0 0.0 24.1953125 Back_Left: 0.0 0.0 26.875 Back_Right: 0.0 0.0 26.68359375 Front_Right: 0.0 0.0 23.62109375 Pickup: 0.0 Shooter: 0.0 5.855316162109375
153993988718 Joystick axes: 0.0078125 -0.0078125 0.0 Motor Outputs: -1.734723475976807E-18 -0.01015625 1.734723475976807E-18 0.01015625 Front_Left: 0.0 0.0 24.578125 Back_Left: 0.0 0.0 25.53515625 Back_Right: 0.0 0.0 26.4921875 Front_Right: 0.0 0.0 23.8125 Pickup: 0.0 Shooter: 0.0 5.8650970458984375
153993988850 Joystick axes: 0.0078125 -0.0078125 0.0 Motor Outputs: -1.734723475976807E-18 -0.01015625 1.734723475976807E-18 0.01015625 Front_Left: 0.0 0.0 24.1953125 Back_Left: 0.0 0.0 25.7265625 Back_Right: 0.0 0.0 26.68359375 Front_Right: 0.0 0.0 24.578125 Pickup: 0.0 Shooter: 0.0 5.855316162109375
153993988978 Joystick axes: 0.0078125 -0.0078125 0.0 Motor Outputs: -1.734723475976807E-18 -0.01015625 1.734723475976807E-18 0.01015625 Front_Left: 0.0 0.0 23.62109375 Back_Left: 0.0 0.0 26.875 Back_Right: 0.0 0.0 27.06640625 Front_Right: 0.0 0.0 24.578125 Pickup: 0.0 Shooter: 0.0 5.855316162109375
153993989110 Joystick axes: 0.0078125 -0.0078125 0.0 Motor Outputs: -1.734723475976807E-18 -0.01015625 1.734723475976807E-18 0.01015625 Front_Left: 0.0 0.0 24.38671875 Back_Left: 0.0 0.0 26.68359375 Back_Right: 0.0 0.0 26.68359375 Front_Right: 0.0 0.0 23.4296875 Pickup: 0.0 Shooter: 0.0 5.8357696533203125
153993989238 Joystick axes: 0.0078125 -0.0078125 0.0 Motor Outputs: -1.734723475976807E-18 -0.01015625 1.734723475976807E-18 0.01015625 Front_Left: 0.0 0.0 23.8125 Back_Left: 0.0 0.0 26.875 Back_Right: 0.0 0.0 27.06640625 Front_Right: 0.0 0.0 24.1953125 Pickup: 0.0 Shooter: 0.0 5.855316162109375
153993989372 Joystick axes: 0.0078125 -0.0078125 0.0 Motor Outputs: -1.734723475976807E-18 -0.01015625 1.734723475976807E-18 0.01015625 Front_Left: 0.0 0.0 24.00390625 Back_Left: 0.0 0.0 26.4921875 Back_Right: 0.0 0.0 26.30078125 Front_Right: 0.0 0.0 24.1953125 Pickup: 0.0 Shooter: 0.0 5.855316162109375
153993989498 Joystick axes: 0.0078125 -0.0078125 0.0 Motor Outputs: -1.734723475976807E-18 -0.01015625 1.734723475976807E-18 0.01015625 Front_Left: 0.0 0.0 24.578125 Back_Left: 0.0 0.0 26.109375 Back_Right: 0.0 0.0 27.06640625 Front_Right: 0.0 0.0 24.578125 Pickup: 0.0 Shooter: 0.0 5.855316162109375
153993989619 Joystick axes: 0.0078125 -0.0078125 0.0 Motor Outputs: -1.734723475976807E-18 -0.01015625 1.734723475976807E-18 0.01015625 Front_Left: 0.0 0.0 24.578125 Back_Left: 0.0 0.0 26.4921875 Back_Right: 0.0 0.0 26.30078125 Front_Right: 0.0 0.0 24.578125 Pickup: 0.0 Shooter: 0.0 5.855316162109375
153993989750 Joystick axes: 0.0078125 -0.0078125 0.0 Motor Outputs: -1.734723475976807E-18 -0.01015625 1.734723475976807E-18 0.01015625 Front_Left: 0.0 0.0 24.76953125 Back_Left: 0.0 0.0 26.4921875 Back_Right: 0.0 0.0 27.06640625 Front_Right: 0.0 0.0 25.15234375 Pickup: 0.0 Shooter: 0.0 5.855316162109375
153993989886 Joystick axes: 0.0078125 -0.0078125 0.0 Motor Outputs: -1.734723475976807E-18 -0.01015625 1.734723475976807E-18 0.01015625 Front_Left: 0.0 0.0 24.00390625 Back_Left: 0.0 0.0 26.109375 Back_Right: 0.0 0.0 26.875 Front_Right: 0.0 0.0 24.1953125 Pickup: 0.0 Shooter: 0.0 5.855316162109375
153993990019 Joystick axes: 0.0078125 -0.0078125 0.0 Motor Outputs: -1.734723475976807E-18 -0.01015625 1.734723475976807E-18 0.01015625 Front_Left: 0.0 0.0 25.34375 Back_Left: 0.0 0.0 26.30078125 Back_Right: 0.0 0.0 27.06640625 Front_Right: 0.0 0.0 24.00390625 Pickup: 0.0 Shooter: 0.0 5.855316162109375
153993990150 Joystick axes: 0.0078125 -0.0078125 0.0 Motor Outputs: -1.734723475976807E-18 -0.01015625 1.734723475976807E-18 0.01015625 Front_Left: 0.0 0.0 24.1953125 Back_Left: 0.0 0.0 27.44921875 Back_Right: 0.0 0.0 26.4921875 Front_Right: 0.0 0.0 24.1953125 Pickup: 0.0 Shooter: 0.0 5.855316162109375
153993990277 Joystick axes: 0.0078125 -0.0078125 0.0 Motor Outputs: -1.734723475976807E-18 -0.01015625 1.734723475976807E-18 0.01015625 Front_Left: 0.0 0.0 24.38671875 Back_Left: 0.0 0.0 25.15234375 Back_Right: 0.0 0.0 26.68359375 Front_Right: 0.0 0.0 24.1953125 Pickup: 0.0 Shooter: 0.0 5.855316162109375
153993990399 Joystick axes: 0.0078125 -0.0078125 0.0 Motor Outputs: -1.734723475976807E-18 -0.01015625 1.734723475976807E-18 0.01015625 Front_Left: 0.0 0.0 24.1953125 Back_Left: 0.0 0.0 26.68359375 Back_Right: 0.0 0.0 26.109375 Front_Right: 0.0 0.0 24.578125 Pickup: 0.0 Shooter: 0.0 5.855316162109375
153993990538 Joystick axes: 0.0078125 -0.0078125 0.0 Motor Outputs: -1.734723475976807E-18 -0.01015625 1.734723475976807E-18 0.01015625 Front_Left: 0.0 0.0 24.38671875 Back_Left: 0.0 0.0 26.68359375 Back_Right: 0.0 0.0 26.875 Front_Right: 0.0 0.0 24.578125 Pickup: 0.0 Shooter: 0.0 5.855316162109375
153993990659 Joystick axes: 0.0078125 -0.0078125 0.0 Motor Outputs: -1.734723475976807E-18 -0.01015625 1.734723475976807E-18 0.01015625 Front_Left: 0.0 0.0 24.578125 Back_Left: 0.0 0.0 26.4921875 Back_Right: 0.0 0.0 26.4921875 Front_Right: 0.0 0.0 25.15234375 Pickup: 0.0 Shooter: 0.0 5.855316162109375
153993990790 Joystick axes: 0.0078125 -0.0078125 0.0 Motor Outputs: -1.734723475976807E-18 -0.01015625 1.734723475976807E-18 0.01015625 Front_Left: 0.0 0.0 23.8125 Back_Left: 0.0 0.0 26.875 Back_Right: 0.0 0.0 26.4921875 Front_Right: 0.0 0.0 24.76953125 Pickup: 0.0 Shooter: 0.0 5.8650970458984375
153993990911 Joystick axes: 0.0078125 -0.0078125 0.0 Motor Outputs: -1.734723475976807E-18 -0.01015625 1.734723475976807E-18 0.01015625 Front_Left: 0.0 0.0 24.38671875 Back_Left: 0.0 0.0 26.4921875 Back_Right: 0.0 0.0 27.2578125 Front_Right: 0.0 0.0 24.00390625 Pickup: 0.0 Shooter: 0.0 5.855316162109375
153993991023 Joystick axes: 0.0078125 -0.0078125 0.0 Motor Outputs: -1.734723475976807E-18 -0.01015625 1.734723475976807E-18 0.01015625 Front_Left: 0.0 0.0 24.578125 Back_Left: 0.0 0.0 26.68359375 Back_Right: 0.0 0.0 27.06640625 Front_Right: 0.0 0.0 24.578125 Pickup: 0.0 Shooter: 0.0 5.8064422607421875
S: 153993990943 Fired
153993991138 Joystick axes: 0.0078125 -0.0078125 0.0 Motor Outputs: -1.734723475976807E-18 -0.01015625 1.734723475976807E-18 0.01015625 Front_Left: 0.0 0.0 24.38671875 Back_Left: 0.0 0.0 27.44921875 Back_Right: 0.0 0.0 26.68359375 Front_Right: 0.0 0.0 24.578125 Pickup: 0.0 Shooter: 0.0 5.4252166748046875
153993991271 Joystick axes: 0.0078125 -0.0078125 0.0 Motor Outputs: -1.734723475976807E-18 -0.01015625 1.734723475976807E-18 0.01015625 Front_Left: 0.0 0.0 24.38671875 Back_Left: 0.0 0.0 26.109375 Back_Right: 0.0 0.0 26.4921875 Front_Right: 0.0 0.0 24.38671875 Pickup: 0.0 Shooter: 0.0 4.8289337158203125
153993991378 Joystick axes: 0.0078125 -0.0078125 0.0 Motor Outputs: -1.734723475976807E-18 -0.01015625 1.734723475976807E-18 0.01015625 Front_Left: 0.0 0.0 24.00390625 Back_Left: 0.0 0.0 26.109375 Back_Right: 0.0 0.0 26.30078125 Front_Right: 0.0 0.0 24.578125 Pickup: 0.0 Shooter: 0.0 4.3401641845703125
153993991502 Joystick axes: 0.0078125 -0.0078125 0.0 Motor Outputs: -1.734723475976807E-18 -0.01015625 1.734723475976807E-18 0.01015625 Front_Left: 0.0 0.0 24.38671875 Back_Left: 0.0 0.0 26.4921875 Back_Right: 0.0 0.0 26.875 Front_Right: 0.0 0.0 23.8125 Pickup: 0.0 Shooter: 0.0 4.477020263671875
153993991621 Joystick axes: 0.0078125 -0.0078125 0.0 Motor Outputs: -1.734723475976807E-18 -0.01015625 1.734723475976807E-18 0.01015625 Front_Left: 0.0 0.0 24.1953125 Back_Left: 0.0 0.0 26.109375 Back_Right: 0.0 0.0 26.30078125 Front_Right: 0.0 0.0 24.00390625 Pickup: 0.0 Shooter: 0.0 4.789825439453125
153993991771 Joystick axes: 0.0078125 -0.0078125 0.0 Motor Outputs: -1.734723475976807E-18 -0.01015625 1.734723475976807E-18 0.01015625 Front_Left: 0.0 0.0 24.38671875 Back_Left: 0.0 0.0 26.875 Back_Right: 0.0 0.0 27.06640625 Front_Right: 0.0 0.0 23.8125 Pickup: 0.0 Shooter: 0.0 5.2688140869140625
153993991910 Joystick axes: 0.0078125 -0.0078125 0.0 Motor Outputs: -1.734723475976807E-18 -0.01015625 1.734723475976807E-18 0.01015625 Front_Left: 0.0 0.0 24.9609375 Back_Left: 0.0 0.0 26.30078125 Back_Right: 0.0 0.0 26.30078125 Front_Right: 0.0 0.0 24.38671875 Pickup: 0.0 Shooter: 0.0 5.5522918701171875
153993992026 Joystick axes: 0.0078125 -0.0078125 0.0 Motor Outputs: -1.734723475976807E-18 -0.01015625 1.734723475976807E-18 0.01015625 Front_Left: 0.0 0.0 24.9609375 Back_Left: 0.0 0.0 26.68359375 Back_Right: 0.0 0.0 26.875 Front_Right: 0.0 0.0 23.8125 Pickup: 0.0 Shooter: 0.0 5.757568359375
153993992139 Joystick axes: 0.0078125 -0.0078125 0.0 Motor Outputs: -1.734723475976807E-18 -0.01015625 1.734723475976807E-18 0.01015625 Front_Left: 0.0 0.0 24.38671875 Back_Left: 0.0 0.0 26.4921875 Back_Right: 0.0 0.0 26.109375 Front_Right: 0.0 0.0 24.00390625 Pickup: 0.0 Shooter: 0.0 5.8650970458984375
153993992270 Joystick axes: 0.0078125 -0.0078125 0.0 Motor Outputs: -1.734723475976807E-18 -0.01015625 1.734723475976807E-18 0.01015625 Front_Left: 0.0 0.0 24.38671875 Back_Left: 0.0 0.0 27.06640625 Back_Right: 0.0 0.0 26.68359375 Front_Right: 0.0 0.0 24.38671875 Pickup: 0.0 Shooter: 0.0 5.82598876953125
153993992392 Joystick axes: 0.0078125 -0.0078125 0.0 Motor Outputs: -1.734723475976807E-18 -0.01015625 1.734723475976807E-18 0.01015625 Front_Left: 0.0 0.0 24.76953125 Back_Left: 0.0 0.0 27.06640625 Back_Right: 0.0 0.0 26.875 Front_Right: 0.0 0.0 24.1953125 Pickup: 0.0 Shooter: 0.0 5.796661376953125
153993992517 Joystick axes: 0.0078125 -0.0078125 0.0 Motor Outputs: -1.734723475976807E-18 -0.01015625 1.734723475976807E-18 0.01015625 Front_Left: 0.0 0.0 24.1953125 Back_Left: 0.0 0.0 26.875 Back_Right: 0.0 0.0 26.109375 Front_Right: 0.0 0.0 23.62109375 Pickup: 0.0 Shooter: 0.0 5.786895751953125
153993992637 Joystick axes: 0.0078125 -0.0078125 0.0 Motor Outputs: -1.734723475976807E-18 -0.01015625 1.734723475976807E-18 0.01015625 Front_Left: 0.0 0.0 24.38671875 Back_Left: 0.0 0.0 26.68359375 Back_Right: 0.0 0.0 26.4921875 Front_Right: 0.0 0.0 24.1953125 Pickup: 0.0 Shooter: 0.0 5.757568359375
153993992757 Joystick axes: 0.0078125 -0.0078125 0.0 Motor Outputs: -1.734723475976807E-18 -0.01015625 1.734723475976807E-18 0.01015625 Front_Left: 0.0 0.0 24.1953125 Back_Left: 0.0 0.0 26.4921875 Back_Right: 0.0 0.0 26.68359375 Front_Right: 0.0 0.0 24.1953125 Pickup: 0.0 Shooter: 0.0 5.7477874755859375
153993992879 Joystick axes: 0.0078125 -0.0078125 0.0 Motor Outputs: -1.734723475976807E-18 -0.01015625 1.734723475976807E-18 0.01015625 Front_Left: 0.0 0.0 24.578125 Back_Left: 0.0 0.0 27.640625 Back_Right: 0.0 0.0 27.06640625 Front_Right: 0.0 0.0 24.38671875 Pickup: 0.0 Shooter: 0.0 5.7380218505859375
153993993006 Joystick axes: 0.0078125 -0.0078125 0.0 Motor Outputs: -1.734723475976807E-18 -0.01015625 1.734723475976807E-18 0.01015625 Front_Left: 0.0 0.0 24.578125 Back_Left: 0.0 0.0 26.68359375 Back_Right: 0.0 0.0 27.2578125 Front_Right: 0.0 0.0 24.38671875 Pickup: 0.0 Shooter: 0.0 5.728240966796875
153993993132 Joystick axes: 0.0078125 -0.0078125 0.0 Motor Outputs: -1.734723475976807E-18 -0.01015625 1.734723475976807E-18 0.01015625 Front_Left: 0.0 0.0 24.1953125 Back_Left: 0.0 0.0 26.30078125 Back_Right: 0.0 0.0 27.06640625 Front_Right: 0.0 0.0 24.00390625 Pickup: 0.0 Shooter: 0.0 5.7086944580078125
153993993258 Joystick axes: 0.0078125 -0.0078125 0.0 Motor Outputs: -1.734723475976807E-18 -0.01015625 1.734723475976807E-18 0.01015625 Front_Left: 0.0 0.0 25.15234375 Back_Left: 0.0 0.0 26.68359375 Back_Right: 0.0 0.0 26.4921875 Front_Right: 0.0 0.0 24.00390625 Pickup: 0.0 Shooter: 0.0 5.68914794921875
153993993378 Joystick axes: 0.0078125 -0.0078125 0.0 Motor Outputs: -1.734723475976807E-18 -0.01015625 1.734723475976807E-18 0.01015625 Front_Left: 0.0 0.0 24.1953125 Back_Left: 0.0 0.0 27.44921875 Back_Right: 0.0 0.0 27.44921875 Front_Right: 0.0 0.0 24.38671875 Pickup: 0.0 Shooter: 0.0 5.6793670654296875
153993993523 Joystick axes: 0.0078125 -0.0078125 0.0 Motor Outputs: -1.734723475976807E-18 -0.01015625 1.734723475976807E-18 0.01015625 Front_Left: 0.0 0.0 23.4296875 Back_Left: 0.0 0.0 26.875 Back_Right: 0.0 0.0 26.875 Front_Right: 0.0 0.0 24.38671875 Pickup: 0.0 Shooter: 0.0 5.659820556640625
153993993659 Joystick axes: 0.0078125 -0.0078125 0.0 Motor Outputs: -1.734723475976807E-18 -0.01015625 1.734723475976807E-18 0.01015625 Front_Left: 0.0 0.0 24.578125 Back_Left: 0.0 0.0 25.91796875 Back_Right: 0.0 0.0 26.68359375 Front_Right: 0.0 0.0 23.62109375 Pickup: 0.0 Shooter: 0.0 5.6500396728515625
153993993801 Joystick axes: 0.0078125 -0.0078125 0.0 Motor Outputs: -1.734723475976807E-18 -0.01015625 1.734723475976807E-18 0.01015625 Front_Left: 0.0 0.0 24.00390625 Back_Left: 0.0 0.0 26.109375 Back_Right: 0.0 0.0 26.875 Front_Right: 0.0 0.0 24.38671875 Pickup: 0.0 Shooter: 0.0 5.6304931640625
153993993926 Joystick axes: 0.0078125 -0.0078125 0.0 Motor Outputs: -1.734723475976807E-18 -0.01015625 1.734723475976807E-18 0.01015625 Front_Left: 0.0 0.0 24.1953125 Back_Left: 0.0 0.0 26.68359375 Back_Right: 0.0 0.0 26.68359375 Front_Right: 0.0 0.0 24.578125 Pickup: 0.0 Shooter: 0.0 5.6304931640625
153993994058 Joystick axes: 0.0078125 -0.0078125 0.0 Motor Outputs: -1.734723475976807E-18 -0.01015625 1.734723475976807E-18 0.01015625 Front_Left: 0.0 0.0 24.38671875 Back_Left: 0.0 0.0 26.30078125 Back_Right: 0.0 0.0 26.875 Front_Right: 0.0 0.0 24.1953125 Pickup: 0.0 Shooter: 0.0 5.6402587890625
153993994180 Joystick axes: 0.0078125 -0.0078125 0.0 Motor Outputs: -1.734723475976807E-18 -0.01015625 1.734723475976807E-18 0.01015625 Front_Left: 0.0 0.0 23.8125 Back_Left: 0.0 0.0 27.44921875 Back_Right: 0.0 0.0 27.06640625 Front_Right: 0.0 0.0 24.76953125 Pickup: 0.0 Shooter: 0.0 5.6304931640625
153993994299 Joystick axes: 0.0078125 -0.0078125 0.0 Motor Outputs: -1.734723475976807E-18 -0.01015625 1.734723475976807E-18 0.01015625 Front_Left: 0.0 0.0 24.76953125 Back_Left: 0.0 0.0 26.68359375 Back_Right: 0.0 0.0 26.4921875 Front_Right: 0.0 0.0 24.38671875 Pickup: 0.0 Shooter: 0.0 5.6304931640625
153993994430 Joystick axes: 0.0078125 -0.0078125 0.0 Motor Outputs: -1.734723475976807E-18 -0.01015625 1.734723475976807E-18 0.01015625 Front_Left: 0.0 0.0 24.38671875 Back_Left: 0.0 0.0 27.640625 Back_Right: 0.0 0.0 26.68359375 Front_Right: 0.0 0.0 24.1953125 Pickup: 0.0 Shooter: 0.0 5.6304931640625
153993994559 Joystick axes: 0.0078125 -0.0078125 0.0 Motor Outputs: -1.734723475976807E-18 -0.01015625 1.734723475976807E-18 0.01015625 Front_Left: 0.0 0.0 24.76953125 Back_Left: 0.0 0.0 26.30078125 Back_Right: 0.0 0.0 26.875 Front_Right: 0.0 0.0 24.38671875 Pickup: 0.0 Shooter: 0.0 5.6304931640625
153993994686 Joystick axes: 0.0078125 -0.0078125 0.0 Motor Outputs: -1.734723475976807E-18 -0.01015625 1.734723475976807E-18 0.01015625 Front_Left: 0.0 0.0 24.1953125 Back_Left: 0.0 0.0 27.06640625 Back_Right: 0.0 0.0 26.875 Front_Right: 0.0 0.0 24.00390625 Pickup: 0.0 Shooter: 0.0 5.6304931640625
153993994819 Joystick axes: 0.0078125 -0.0078125 0.0 Motor Outputs: -1.734723475976807E-18 -0.01015625 1.734723475976807E-18 0.01015625 Front_Left: 0.0 0.0 24.76953125 Back_Left: 0.0 0.0 27.06640625 Back_Right: 0.0 0.0 26.68359375 Front_Right: 0.0 0.0 24.578125 Pickup: 0.0 Shooter: 0.0 5.6207122802734375
153993994949 Joystick axes: 0.0078125 -0.0078125 0.0 Motor Outputs: -1.734723475976807E-18 -0.01015625 1.734723475976807E-18 0.01015625 Front_Left: 0.0 0.0 24.76953125 Back_Left: 0.0 0.0 26.30078125 Back_Right: 0.0 0.0 26.875 Front_Right: 0.0 0.0 24.38671875 Pickup: 0.0 Shooter: 0.0 5.6304931640625
153993995071 Joystick axes: 0.0078125 -0.0078125 0.0 Motor Outputs: -1.734723475976807E-18 -0.01015625 1.734723475976807E-18 0.01015625 Front_Left: 0.0 0.0 24.38671875 Back_Left: 0.0 0.0 27.44921875 Back_Right: 0.0 0.0 26.875 Front_Right: 0.0 0.0 24.00390625 Pickup: 0.0 Shooter: 0.0 5.6304931640625
153993995197 Joystick axes: 0.0078125 -0.0078125 0.0 Motor Outputs: -1.734723475976807E-18 -0.01015625 1.734723475976807E-18 0.01015625 Front_Left: 0.0 0.0 22.85546875 Back_Left: 0.0 0.0 26.109375 Back_Right: 0.0 0.0 26.30078125 Front_Right: 0.0 0.0 24.38671875 Pickup: 0.0 Shooter: 0.0 5.6207122802734375
153993995330 Joystick axes: 0.0078125 -0.0078125 0.0 Motor Outputs: -1.734723475976807E-18 -0.01015625 1.734723475976807E-18 0.01015625 Front_Left: 0.0 0.0 24.1953125 Back_Left: 0.0 0.0 26.30078125 Back_Right: 0.0 0.0 26.30078125 Front_Right: 0.0 0.0 24.1953125 Pickup: 0.0 Shooter: 0.0 5.6304931640625
153993995465 Joystick axes: 0.0078125 -0.0078125 0.0 Motor Outputs: -1.734723475976807E-18 -0.01015625 1.734723475976807E-18 0.01015625 Front_Left: 0.0 0.0 24.38671875 Back_Left: 0.0 0.0 25.7265625 Back_Right: 0.0 0.0 26.68359375 Front_Right: 0.0 0.0 24.76953125 Pickup: 0.0 Shooter: 0.0 5.6304931640625
153993995598 Joystick axes: 0.0078125 -0.0078125 0.0 Motor Outputs: -1.734723475976807E-18 -0.01015625 1.734723475976807E-18 0.01015625 Front_Left: 0.0 0.0 24.1953125 Back_Left: 0.0 0.0 26.68359375 Back_Right: 0.0 0.0 27.06640625 Front_Right: 0.0 0.0 24.578125 Pickup: 0.0 Shooter: 0.0 5.6304931640625
153993995730 Joystick axes: 0.0078125 -0.0078125 0.0 Motor Outputs: -1.734723475976807E-18 -0.01015625 1.734723475976807E-18 0.01015625 Front_Left: 0.0 0.0 24.1953125 Back_Left: 0.0 0.0 26.4921875 Back_Right: 0.0 0.0 26.30078125 Front_Right: 0.0 0.0 24.76953125 Pickup: 0.0 Shooter: 0.0 5.6207122802734375
153993995870 Joystick axes: 0.0078125 -0.0078125 0.0 Motor Outputs: -1.734723475976807E-18 -0.01015625 1.734723475976807E-18 0.01015625 Front_Left: 0.0 0.0 24.38671875 Back_Left: 0.0 0.0 26.4921875 Back_Right: 0.0 0.0 26.68359375 Front_Right: 0.0 0.0 24.38671875 Pickup: 0.0 Shooter: 0.0 5.6207122802734375
153993995997 Joystick axes: 0.0078125 -0.0078125 0.0 Motor Outputs: -1.734723475976807E-18 -0.01015625 1.734723475976807E-18 0.01015625 Front_Left: 0.0 0.0 24.38671875 Back_Left: 0.0 0.0 26.68359375 Back_Right: 0.0 0.0 26.875 Front_Right: 0.0 0.0 24.9609375 Pickup: 0.0 Shooter: 0.0 5.6304931640625
153993996126 Joystick axes: 0.0078125 -0.0078125 0.0 Motor Outputs: -1.734723475976807E-18 -0.01015625 1.734723475976807E-18 0.01015625 Front_Left: 0.0 0.0 24.00390625 Back_Left: 0.0 0.0 26.4921875 Back_Right: 0.0 0.0 26.30078125 Front_Right: 0.0 0.0 24.76953125 Pickup: 0.0 Shooter: 0.0 5.6304931640625
153993996256 Joystick axes: 0.0078125 -0.0078125 0.0 Motor Outputs: -1.734723475976807E-18 -0.01015625 1.734723475976807E-18 0.01015625 Front_Left: 0.0 0.0 25.34375 Back_Left: 0.0 0.0 26.4921875 Back_Right: 0.0 0.0 26.68359375 Front_Right: 0.0 0.0 24.9609375 Pickup: 0.0 Shooter: 0.0 5.6304931640625
153993996377 Joystick axes: 0.0078125 -0.0078125 0.0 Motor Outputs: -1.734723475976807E-18 -0.01015625 1.734723475976807E-18 0.01015625 Front_Left: 0.0 0.0 24.1953125 Back_Left: 0.0 0.0 26.4921875 Back_Right: 0.0 0.0 26.4921875 Front_Right: 0.0 0.0 25.15234375 Pickup: 0.0 Shooter: 0.0 5.6304931640625
153993996509 Joystick axes: 0.0078125 -0.0078125 0.0 Motor Outputs: -1.734723475976807E-18 -0.01015625 1.734723475976807E-18 0.01015625 Front_Left: 0.0 0.0 25.34375 Back_Left: 0.0 0.0 26.4921875 Back_Right: 0.0 0.0 26.30078125 Front_Right: 0.0 0.0 24.578125 Pickup: 0.0 Shooter: 0.0 5.6304931640625
153993996711 Joystick axes: 0.0078125 -0.0078125 0.0 Motor Outputs: -1.734723475976807E-18 -0.01015625 1.734723475976807E-18 0.01015625 Front_Left: 0.0 0.0 24.38671875 Back_Left: 0.0 0.0 26.875 Back_Right: 0.0 0.0 26.4921875 Front_Right: 0.0 0.0 24.1953125 Pickup: 0.0 Shooter: 0.0 5.6304931640625
153993996832 Joystick axes: 0.0078125 -0.0078125 0.0 Motor Outputs: -1.734723475976807E-18 -0.01015625 1.734723475976807E-18 0.01015625 Front_Left: 0.0 0.0 24.76953125 Back_Left: 0.0 0.0 26.4921875 Back_Right: 0.0 0.0 26.875 Front_Right: 0.0 0.0 24.00390625 Pickup: 0.0 Shooter: 0.0 5.6304931640625
153993996957 Joystick axes: 0.0078125 -0.0078125 0.0 Motor Outputs: -1.734723475976807E-18 -0.01015625 1.734723475976807E-18 0.01015625 Front_Left: 0.0 0.0 24.38671875 Back_Left: 0.0 0.0 26.68359375 Back_Right: 0.0 0.0 26.4921875 Front_Right: 0.0 0.0 24.1953125 Pickup: 0.0 Shooter: 0.0 5.6304931640625
153993997089 Joystick axes: 0.0078125 -0.0078125 0.0 Motor Outputs: -1.734723475976807E-18 -0.01015625 1.734723475976807E-18 0.01015625 Front_Left: 0.0 0.0 24.1953125 Back_Left: 0.0 0.0 27.2578125 Back_Right: 0.0 0.0 26.68359375 Front_Right: 0.0 0.0 24.9609375 Pickup: 0.0 Shooter: 0.0 5.6207122802734375
153993997219 Joystick axes: 0.0078125 -0.0078125 0.0 Motor Outputs: -1.734723475976807E-18 -0.01015625 1.734723475976807E-18 0.01015625 Front_Left: 0.0 0.0 24.1953125 Back_Left: 0.0 0.0 26.875 Back_Right: 0.0 0.0 27.06640625 Front_Right: 0.0 0.0 24.38671875 Pickup: 0.0 Shooter: 0.0 5.6304931640625
153993997338 Joystick axes: 0.0078125 -0.0078125 0.0 Motor Outputs: -1.734723475976807E-18 -0.01015625 1.734723475976807E-18 0.01015625 Front_Left: 0.0 0.0 24.578125 Back_Left: 0.0 0.0 26.68359375 Back_Right: 0.0 0.0 26.4921875 Front_Right: 0.0 0.0 24.578125 Pickup: 0.0 Shooter: 0.0 5.6304931640625
153993997470 Joystick axes: 0.0078125 -0.0078125 0.0 Motor Outputs: -1.734723475976807E-18 -0.01015625 1.734723475976807E-18 0.01015625 Front_Left: 0.0 0.0 24.578125 Back_Left: 0.0 0.0 26.68359375 Back_Right: 0.0 0.0 26.109375 Front_Right: 0.0 0.0 24.00390625 Pickup: 0.0 Shooter: 0.0 5.6304931640625
153993997611 Joystick axes: 0.0078125 -0.0078125 0.0 Motor Outputs: -1.734723475976807E-18 -0.01015625 1.734723475976807E-18 0.01015625 Front_Left: 0.0 0.0 24.1953125 Back_Left: 0.0 0.0 26.875 Back_Right: 0.0 0.0 26.875 Front_Right: 0.0 0.0 23.8125 Pickup: 0.0 Shooter: 0.0 5.6207122802734375
153993997745 Joystick axes: 0.0078125 -0.0078125 0.0 Motor Outputs: -1.734723475976807E-18 -0.01015625 1.734723475976807E-18 0.01015625 Front_Left: 0.0 0.0 24.76953125 Back_Left: 0.0 0.0 27.83203125 Back_Right: 0.0 0.0 26.68359375 Front_Right: 0.0 0.0 24.1953125 Pickup: 0.0 Shooter: 0.0 5.6304931640625
153993997872 Joystick axes: 0.0078125 -0.0078125 0.0 Motor Outputs: -1.734723475976807E-18 -0.01015625 1.734723475976807E-18 0.01015625 Front_Left: 0.0 0.0 24.578125 Back_Left: 0.0 0.0 26.68359375 Back_Right: 0.0 0.0 26.68359375 Front_Right: 0.0 0.0 24.1953125 Pickup: 0.0 Shooter: 0.0 5.6304931640625
153993997998 Joystick axes: 0.0078125 -0.0078125 0.0 Motor Outputs: -1.734723475976807E-18 -0.01015625 1.734723475976807E-18 0.01015625 Front_Left: 0.0 0.0 23.8125 Back_Left: 0.0 0.0 27.06640625 Back_Right: 0.0 0.0 26.875 Front_Right: 0.0 0.0 24.1953125 Pickup: 0.0 Shooter: 0.0 5.6402587890625
153993998124 Joystick axes: 0.0078125 -0.0078125 0.0 Motor Outputs: -1.734723475976807E-18 -0.01015625 1.734723475976807E-18 0.01015625 Front_Left: 0.0 0.0 24.1953125 Back_Left: 0.0 0.0 26.4921875 Back_Right: 0.0 0.0 26.30078125 Front_Right: 0.0 0.0 24.578125 Pickup: 0.0 Shooter: 0.0 5.6304931640625
153993998259 Joystick axes: 0.0078125 -0.0078125 0.0 Motor Outputs: -1.734723475976807E-18 -0.01015625 1.734723475976807E-18 0.01015625 Front_Left: 0.0 0.0 24.38671875 Back_Left: 0.0 0.0 26.875 Back_Right: 0.0 0.0 27.06640625 Front_Right: 0.0 0.0 24.1953125 Pickup: 0.0 Shooter: 0.0 5.6304931640625
153993998379 Joystick axes: 0.0078125 -0.0078125 0.0 Motor Outputs: -1.734723475976807E-18 -0.01015625 1.734723475976807E-18 0.01015625 Front_Left: 0.0 0.0 23.8125 Back_Left: 0.0 0.0 26.4921875 Back_Right: 0.0 0.0 27.2578125 Front_Right: 0.0 0.0 24.00390625 Pickup: 0.0 Shooter: 0.0 5.6304931640625
153993998498 Joystick axes: 0.0078125 -0.0078125 0.0 Motor Outputs: -1.734723475976807E-18 -0.01015625 1.734723475976807E-18 0.01015625 Front_Left: 0.0 0.0 24.38671875 Back_Left: 0.0 0.0 26.68359375 Back_Right: 0.0 0.0 26.68359375 Front_Right: 0.0 0.0 24.38671875 Pickup: 0.0 Shooter: 0.0 5.6402587890625
153993998618 Joystick axes: 0.0078125 -0.0078125 0.0 Motor Outputs: -1.734723475976807E-18 -0.01015625 1.734723475976807E-18 0.01015625 Front_Left: 0.0 0.0 24.1953125 Back_Left: 0.0 0.0 26.4921875 Back_Right: 0.0 0.0 26.30078125 Front_Right: 0.0 0.0 24.1953125 Pickup: 0.0 Shooter: 0.0 5.6402587890625
153993998749 Joystick axes: 0.0078125 -0.0078125 0.0 Motor Outputs: -1.734723475976807E-18 -0.01015625 1.734723475976807E-18 0.01015625 Front_Left: 0.0 0.0 24.38671875 Back_Left: 0.0 0.0 27.83203125 Back_Right: 0.0 0.0 26.68359375 Front_Right: 0.0 0.0 24.1953125 Pickup: 0.0 Shooter: 0.0 5.6304931640625
153993998871 Joystick axes: 0.0078125 -0.0078125 0.0 Motor Outputs: -1.734723475976807E-18 -0.01015625 1.734723475976807E-18 0.01015625 Front_Left: 0.0 0.0 24.38671875 Back_Left: 0.0 0.0 26.4921875 Back_Right: 0.0 0.0 26.875 Front_Right: 0.0 0.0 24.00390625 Pickup: 0.0 Shooter: 0.0 5.6402587890625
153993998991 Joystick axes: 0.0078125 -0.0078125 0.0 Motor Outputs: -1.734723475976807E-18 -0.01015625 1.734723475976807E-18 0.01015625 Front_Left: 0.0 0.0 23.8125 Back_Left: 0.0 0.0 27.2578125 Back_Right: 0.0 0.0 26.68359375 Front_Right: 0.0 0.0 24.1953125 Pickup: 0.0 Shooter: 0.0 5.6402587890625
153993999095 Joystick axes: 0.0078125 -0.0078125 0.0 Motor Outputs: -1.734723475976807E-18 -0.01015625 1.734723475976807E-18 0.01015625 Front_Left: 0.0 0.0 24.00390625 Back_Left: 0.0 0.0 26.68359375 Back_Right: 0.0 0.0 26.68359375 Front_Right: 0.0 0.0 23.8125 Pickup: 0.0 Shooter: 0.0 5.6207122802734375
