Timestamp Driver_Joy_Y Driver_Joy_X Driver_Joy_W FL_Out BL_Out BR_Out FR_Out FL_Jag_Speed FL_Bus_Voltage FL_Out_Voltage FL_Out_Current FL_Temp BL_Jag_Speed BL_Bus_Voltage BL_Out_Voltage BL_Out_Current BL_Temp BR_Jag_Speed BR_Bus_Voltage BR_Out_Voltage BR_Out_Current BR_Temp FR_Jag_Speed FR_Bus_Voltage FR_Out_Voltage FR_Out_Current FR_Temp
7.267 0.0078125 0.0 -0.0078125 0.0 0.0 0.0 0.0 0.0 12.76171875 0.0 0.0 24.1953125 0.0 12.62109375 0.0 0.0 26.68359375 0.0 12.83203125 0.0 0.0 25.7265625 0.0 12.76171875 0.0 0.0 24.1953125 0.0 4.750732421875
7.455 0.0078125 0.0 -0.0078125 0.0 0.0 -0.0 -0.0 0.0 12.7265625 0.0 0.0 23.8125 0.0 12.65625 0.0 0.0 26.109375 0.0 12.83203125 0.0 0.0 25.7265625 0.0 12.76171875 0.0 0.0 23.4296875 0.0 4.760498046875
7.624 0.0078125 0.0 -0.0078125 0.0 0.0 -0.0 -0.0 0.0 12.7265625 0.0 0.0 23.8125 0.0 12.62109375 0.0 0.0 26.875 0.0 12.796875 0.0 0.0 25.7265625 0.0 12.76171875 0.0 0.0 24.1953125 0.0 4.750732421875
7.786 0.0078125 0.0 -0.0078125 0.0 0.0 -0.0 -0.0 0.0 12.76171875 0.0 0.0 23.8125 0.0 12.65625 0.0 0.0 26.30078125 0.0 12.796875 0.0 0.0 26.30078125 0.0 12.76171875 0.0 0.0 24.00390625 0.0 4.750732421875
7.959 0.0078125 0.0 -0.0078125 0.0 0.0 -0.0 -0.0 0.0 12.7265625 0.0 0.0 23.4296875 0.0 12.62109375 0.0 0.0 26.4921875 0.0 12.796875 0.0 0.0 26.30078125 0.0 12.76171875 0.0 0.0 23.62109375 0.0 4.750732421875
8.138 0.0078125 0.0 -0.0078125 0.0 0.0 -0.0 -0.0 0.0 12.7265625 0.0 0.0 23.62109375 0.0 12.62109375 0.0 0.0 25.7265625 0.0 12.83203125 0.0 0.0 25.91796875 0.0 12.76171875 0.0 0.0 24.1953125 0.0 4.750732421875
8.319 0.0078125 0.0 -0.0078125 0.0 0.0 -0.0 -0.0 0.0 12.76171875 0.0 0.0 23.62109375 0.0 12.62109375 0.0 0.0 26.68359375 0.0 12.796875 0.0 0.0 26.4921875 0.0 12.76171875 0.0 0.0 24.38671875 0.0 4.750732421875
8.485 0.0078125 0.0 -0.0078125 0.0 0.0 -0.0 -0.0 0.0 12.7265625 0.0 0.0 24.1953125 0.0 12.62109375 0.0 0.0 27.2578125 0.0 12.796875 0.0 0.0 26.68359375 0.0 12.76171875 0.0 0.0 24.38671875 0.0 4.750732421875
8.657 0.0078125 0.0 -0.0078125 0.0 0.0 -0.0 -0.0 0.0 12.7265625 0.0 0.0 24.00390625 0.0 12.62109375 0.0 0.0 26.30078125 0.0 12.796875 0.0 0.0 25.91796875 0.0 12.76171875 0.0 0.0 24.578125 0.0 4.750732421875
8.823 0.0078125 0.0 -0.0078125 0.0 0.0 -0.0 -0.0 0.0 12.7265625 0.0 0.0 23.8125 0.0 12.62109375 0.0 0.0 26.68359375 0.0 12.796875 0.0 0.0 26.109375 0.0 12.76171875 0.0 0.0 24.00390625 0.0 4.760498046875
8.998 0.0078125 0.0 -0.0078125 0.0 0.0 -0.0 -0.0 0.0 12.76171875 0.0 0.0 23.8125 0.0 12.62109375 0.0 0.0 26.4921875 0.0 12.83203125 0.0 0.0 26.30078125 0.0 12.76171875 0.0 0.0 24.1953125 0.0 4.750732421875
9.181 0.0078125 0.0 -0.0078125 0.0 0.0 -0.0 -0.0 0.0 12.76171875 0.0 0.0 24.1953125 0.0 12.62109375 0.0 0.0 26.30078125 0.0 12.796875 0.0 0.0 26.4921875 0.0 12.76171875 0.0 0.0 23.62109375 0.0 4.750732421875
9.425 0.0078125 0.0 -0.0078125 0.0 0.0 -0.0 -0.0 0.0 12.7265625 0.0 0.0 23.4296875 0.0 12.62109375 0.0 0.0 26.875 0.0 12.796875 0.0 0.0 26.109375 0.0 12.76171875 0.0 0.0 24.1953125 0.0 4.750732421875
9.598 0.0078125 0.0 -0.0078125 0.0 0.0 -0.0 -0.0 0.0 12.7265625 0.0 0.0 23.8125 0.0 12.62109375 0.0 0.0 26.30078125 0.0 12.83203125 0.0 0.0 26.4921875 0.0 12.76171875 0.0 0.0 24.1953125 0.0 4.750732421875
9.765 0.0078125 0.0 -0.0078125 0.0 0.0 -0.0 -0.0 0.0 12.76171875 0.0 0.0 23.4296875 0.0 12.62109375 0.0 0.0 26.68359375 0.0 12.83203125 0.0 0.0 26.30078125 0.0 12.76171875 0.0 0.0 24.38671875 0.0 4.750732421875
9.935 0.0078125 0.0 -0.0078125 0.0 0.0 -0.0 -0.0 0.0 12.7265625 0.0 0.0 23.62109375 0.0 12.62109375 0.0 0.0 26.4921875 0.0 12.83203125 0.0 0.0 26.30078125 0.0 12.76171875 0.0 0.0 23.8125 0.0 4.750732421875
10.102 0.0078125 0.0 -0.0078125 0.0 0.0 -0.0 -0.0 0.0 12.7265625 0.0 0.0 24.1953125 0.0 12.62109375 0.0 0.0 26.68359375 0.0 12.796875 0.0 0.0 25.91796875 0.0 12.76171875 0.0 0.0 24.1953125 0.0 4.750732421875
10.278 0.0078125 0.0 -0.0078125 0.0 0.0 -0.0 -0.0 0.0 12.7265625 0.0 0.0 23.8125 0.0 12.62109375 0.0 0.0 27.44921875 0.0 12.796875 0.0 0.0 26.109375 0.0 12.76171875 0.0 0.0 24.1953125 0.0 4.7409515380859375
10.445 0.0078125 0.0 -0.0078125 0.0 0.0 -0.0 -0.0 0.0 12.76171875 0.0 0.0 24.00390625 0.0 12.62109375 0.0 0.0 26.4921875 0.0 12.796875 0.0 0.0 25.91796875 0.0 12.76171875 0.0 0.0 23.8125 0.0 4.750732421875
10.616 0.0078125 0.0 -0.0078125 0.0 0.0 -0.0 -0.0 0.0 12.7265625 0.0 0.0 24.1953125 0.0 12.62109375 0.0 0.0 26.30078125 0.0 12.796875 0.0 0.0 26.4921875 0.0 12.76171875 0.0 0.0 23.046875 0.0 4.750732421875
10.785 0.0078125 0.0 -0.0078125 0.0 0.0 -0.0 -0.0 0.0 12.7265625 0.0 0.0 23.4296875 0.0 12.62109375 0.0 0.0 26.109375 0.0 12.796875 0.0 0.0 26.30078125 0.0 12.76171875 0.0 0.0 23.62109375 0.0 4.750732421875
10.957 0.0078125 0.0 -0.0078125 0.0 0.0 -0.0 -0.0 0.0 12.7265625 0.0 0.0 24.00390625 0.0 12.62109375 0.0 0.0 26.4921875 0.0 12.796875 0.0 0.0 26.68359375 0.0 12.76171875 0.0 0.0 23.8125 0.0 4.750732421875
11.146 0.0078125 0.0 -0.0078125 0.0 0.0 -0.0 -0.0 0.0 12.76171875 0.0 0.0 24.00390625 0.0 12.62109375 0.0 0.0 26.68359375 0.0 12.796875 0.0 0.0 26.30078125 0.0 12.7265625 0.0 0.0 24.1953125 0.0 4.750732421875
11.325 0.0078125 0.0 -0.0078125 0.0 0.0 -0.0 -0.0 0.0 12.76171875 0.0 0.0 23.8125 0.0 12.62109375 0.0 0.0 26.109375 0.0 12.83203125 0.0 0.0 26.109375 0.0 12.76171875 0.0 0.0 23.8125 0.0 4.750732421875
11.497 0.0078125 0.0 -0.0078125 0.0 0.0 -0.0 -0.0 0.0 12.7265625 0.0 0.0 23.62109375 0.0 12.62109375 0.0 0.0 26.30078125 0.0 12.796875 0.0 0.0 26.109375 0.0 12.76171875 0.0 0.0 24.00390625 0.0 4.750732421875
11.679 0.0078125 0.0 -0.0078125 0.0 0.0 -0.0 -0.0 0.0 12.7265625 0.0 0.0 24.1953125 0.0 12.62109375 0.0 0.0 26.109375 0.0 12.796875 0.0 0.0 26.30078125 0.0 12.76171875 0.0 0.0 24.38671875 0.0 4.750732421875
11.844 0.0078125 0.0 -0.0078125 0.0 0.0 -0.0 -0.0 0.0 12.7265625 0.0 0.0 23.8125 0.0 12.62109375 0.0 0.0 26.30078125 0.0 12.796875 0.0 0.0 26.4921875 0.0 12.76171875 0.0 0.0 24.38671875 0.0 4.7409515380859375
12.016 0.0078125 0.0 -0.0078125 0.0 0.0 -0.0 -0.0 0.0 12.76171875 0.0 0.0 23.62109375 0.0 12.62109375 0.0 0.0 26.109375 0.0 12.796875 0.0 0.0 26.109375 0.0 12.76171875 0.0 0.0 24.00390625 0.0 4.750732421875
12.184 0.0078125 0.0 -0.0078125 0.0 0.0 -0.0 -0.0 0.0 12.76171875 0.0 0.0 23.62109375 0.0 12.62109375 0.0 0.0 26.30078125 0.0 12.796875 0.0 0.0 26.4921875 0.0 12.76171875 0.0 0.0 23.4296875 0.0 4.750732421875
12.376 0.0078125 0.0 -0.0078125 0.0 0.0 -0.0 -0.0 0.0 12.7265625 0.0 0.0 23.4296875 0.0 12.62109375 0.0 0.0 26.68359375 0.0 12.796875 0.0 0.0 26.68359375 0.0 12.76171875 0.0 0.0 24.1953125 0.0 4.750732421875
12.545 0.0078125 0.0 -0.0078125 0.0 0.0 -0.0 -0.0 0.0 12.76171875 0.0 0.0 22.28125 0.0 12.62109375 0.0 0.0 25.91796875 0.0 12.796875 0.0 0.0 26.4921875 0.0 12.76171875 0.0 0.0 23.62109375 0.0 4.750732421875
12.726 0.0078125 0.0 -0.0078125 0.0 0.0 -0.0 -0.0 0.0 12.76171875 0.0 0.0 24.1953125 0.0 12.62109375 0.0 0.0 26.109375 0.0 12.83203125 0.0 0.0 26.4921875 0.0 12.76171875 0.0 0.0 24.1953125 0.0 4.750732421875
12.895 0.0078125 0.0 -0.0078125 0.0 0.0 -0.0 -0.0 0.0 12.7265625 0.0 0.0 24.76953125 0.0 12.62109375 0.0 0.0 26.4921875 0.0 12.796875 0.0 0.0 26.109375 0.0 12.76171875 0.0 0.0 24.38671875 0.0 4.750732421875
13.067 0.0078125 0.0 -0.0078125 0.0 0.0 -0.0 -0.0 0.0 12.76171875 0.0 0.0 24.00390625 0.0 12.62109375 0.0 0.0 26.109375 0.0 12.796875 0.0 0.0 25.91796875 0.0 12.76171875 0.0 0.0 23.8125 0.0 4.750732421875
13.244 0.0078125 0.0 -0.0078125 0.0 0.0 -0.0 -0.0 0.0 12.76171875 0.0 0.0 21.8984375 0.0 12.62109375 0.0 0.0 25.7265625 0.0 12.796875 0.0 0.0 26.109375 0.0 12.76171875 0.0 0.0 24.00390625 0.0 4.750732421875
13.416 0.0078125 0.047244094488188976 -0.0078125 0.0 0.0 -0.0 -0.0 0.0 12.7265625 0.0 0.0 24.1953125 0.0 12.62109375 0.0 0.0 26.68359375 0.0 12.796875 0.0 0.0 26.4921875 0.0 12.76171875 0.0 0.0 24.00390625 0.0 4.760498046875
13.586 0.0078125 0.06299212598425197 -0.0078125 0.0 0.0 -0.0 -0.0 0.0 12.7265625 0.0 0.0 23.8125 0.0 12.62109375 0.0 0.0 26.30078125 0.0 12.796875 0.0 0.0 26.30078125 0.0 12.76171875 0.0 0.0 24.1953125 0.0 4.7409515380859375
13.758 -0.06299212598425197 0.07874015748031496 -0.046875 0.0 0.0 -0.0 -0.0 0.0 12.76171875 0.0 0.0 23.62109375 0.0 12.62109375 0.0 0.0 26.30078125 0.0 12.83203125 0.0 0.0 26.68359375 0.0 12.76171875 0.0 0.0 23.62109375 0.0 4.750732421875
13.939 -0.25196850393700787 0.11023622047244094 -0.0625 0.0 0.0 -0.0 -0.0 0.0 12.7265625 0.0 0.0 24.38671875 0.0 12.62109375 0.0 0.0 26.68359375 0.0 12.83203125 0.0 0.0 26.30078125 0.0 12.76171875 0.0 0.0 24.38671875 0.0 4.750732421875
14.115 -0.5275590551181102 0.007874015748031496 -0.0625 0.01391946299837485 0.013919462998374781 -0.01391946299837485 -0.013919462998374781 0.0 12.76171875 0.0 0.0 24.578125 0.0 12.62109375 0.0 0.0 26.875 0.0 12.83203125 0.0 0.0 26.30078125 0.0 12.76171875 0.0 0.0 23.4296875 0.0 4.750732421875
14.295 -0.6692913385826772 0.06299212598425197 -0.0625 0.05004104798760785 0.05004104798760774 -0.05004104798760785 -0.05004104798760774 0.0 12.7265625 0.0 0.0 23.4296875 0.0 12.62109375 0.0 0.0 26.30078125 0.0 12.796875 0.0 0.0 26.30078125 0.0 12.7265625 0.0 0.0 24.578125 0.0 4.760498046875
14.478 -0.8031496062992126 0.14960629921259844 -0.0078125 0.10439805055988077 0.1043980505598806 -0.10439805055988077 -0.1043980505598806 0.0 12.62109375 1.3203125 3.6171875 23.4296875 0.0 12.4453125 1.296875 0.0 26.68359375 -16.615615844726562 12.7265625 -1.33203125 4.01171875 26.4921875 0.0 12.65625 -1.32421875 1.51953125 24.00390625 0.0 4.7702789306640625
14.66 -0.6299212598425197 0.14960629921259844 -0.0078125 0.15080957809159717 0.150809578091597 -0.15080957809159717 -0.150809578091597 11.094024658203125 12.62109375 1.90234375 4.14453125 24.578125 0.0 12.375 1.87109375 3.09375 26.875 -42.65245056152344 12.69140625 -1.9140625 4.27734375 26.109375 0.0 12.69140625 -1.9140625 3.35546875 24.38671875 0.0 4.7409515380859375
14.848 -0.0 0.0 -0.0078125 0.019959815193252472 0.019959815193252396 -0.019959815193252472 -0.019959815193252396 9.236251831054688 12.7265625 0.0 0.0 24.578125 0.0 12.5859375 0.0 0.0 26.109375 -12.863296508789062 12.796875 0.0 0.0 26.68359375 0.0 12.7265625 0.0 0.0 24.00390625 0.0 4.750732421875
15.028 -0.0 0.0 -0.0078125 0.0 0.0 -0.0 -0.0 0.0 12.7265625 0.0 0.0 23.4296875 0.0 12.62109375 0.0 0.0 25.91796875 0.0 12.76171875 0.0 0.0 26.109375 0.0 12.76171875 0.0 0.0 23.8125 0.0 4.750732421875
15.204 -0.0 0.0 0.0 0.0 0.0 -0.0 -0.0 0.0 12.7265625 0.0 0.0 24.1953125 0.0 12.62109375 0.0 0.0 25.7265625 0.0 12.796875 0.0 0.0 26.4921875 0.0 12.7265625 0.0 0.0 23.4296875 0.0 4.750732421875
15.396 -0.0 0.0 0.0 0.0 0.0 -0.0 -0.0 0.0 12.7265625 0.0 0.0 23.4296875 0.0 12.5859375 0.0 0.0 25.91796875 0.0 12.796875 0.0 0.0 26.30078125 0.0 12.7265625 0.0 0.0 24.1953125 0.0 4.7409515380859375
15.566 -0.0 0.0 0.0 0.0 0.0 -0.0 -0.0 0.0 12.7265625 0.0 0.0 23.046875 0.0 12.5859375 0.0 0.0 26.875 0.0 12.76171875 0.0 0.0 26.109375 0.0 12.76171875 0.0 0.0 24.00390625 0.0 4.750732421875
15.739 -0.0 0.0 0.0 0.0 0.0 -0.0 -0.0 0.0 12.7265625 0.0 0.0 24.1953125 0.0 12.62109375 0.0 0.0 25.15234375 0.0 12.796875 0.0 0.0 25.7265625 0.0 12.76171875 0.0 0.0 23.8125 0.0 4.750732421875
15.906 -0.0 0.0 0.0 0.0 0.0 -0.0 -0.0 0.0 12.7265625 0.0 0.0 24.00390625 0.0 12.5859375 0.0 0.0 26.4921875 0.0 12.796875 0.0 0.0 26.109375 0.0 12.7265625 0.0 0.0 24.1953125 0.0 4.750732421875
16.065 -0.0 0.0 0.0 0.0 0.0 -0.0 -0.0 0.0 12.7265625 0.0 0.0 23.046875 0.0 12.62109375 0.0 0.0 26.4921875 0.0 12.796875 0.0 0.0 25.91796875 0.0 12.7265625 0.0 0.0 23.8125 0.0 4.750732421875
16.236 -0.0 0.0 0.0 0.0 0.0 -0.0 -0.0 0.0 12.7265625 0.0 0.0 23.8125 0.0 12.5859375 0.0 0.0 26.109375 0.0 12.796875 0.0 0.0 25.91796875 0.0 12.7265625 0.0 0.0 24.38671875 0.0 4.7409515380859375
16.407 -0.0 0.0 0.0 0.0 0.0 -0.0 -0.0 0.0 12.7265625 0.0 0.0 23.8125 0.0 12.5859375 0.0 0.0 26.109375 0.0 12.796875 0.0 0.0 25.7265625 0.0 12.76171875 0.0 0.0 23.8125 0.0 4.750732421875
16.597 -0.0 0.0 0.0 0.0 0.0 -0.0 -0.0 0.0 12.7265625 0.0 0.0 23.62109375 0.0 12.62109375 0.0 0.0 25.7265625 0.0 12.796875 0.0 0.0 26.4921875 0.0 12.7265625 0.0 0.0 24.1953125 0.0 4.750732421875
16.764 -0.0 0.0 0.0 0.0 0.0 -0.0 -0.0 0.0 12.7265625 0.0 0.0 23.23828125 0.0 12.5859375 0.0 0.0 26.109375 0.0 12.76171875 0.0 0.0 26.109375 0.0 12.7265625 0.0 0.0 23.62109375 0.0 4.750732421875
16.941 -0.0 0.0 0.0 0.0 0.0 -0.0 -0.0 0.0 12.7265625 0.0 0.0 23.4296875 0.0 12.5859375 0.0 0.0 26.4921875 0.0 12.796875 0.0 0.0 26.4921875 0.0 12.7265625 0.0 0.0 24.00390625 0.0 4.750732421875
17.105 -0.0 0.0 -0.125 0.0 0.0 -0.0 -0.0 0.0 12.7265625 0.0 0.0 23.8125 0.0 12.5859375 0.0 0.0 25.91796875 0.0 12.76171875 0.0 0.0 26.4921875 0.0 12.69140625 0.0 0.0 24.00390625 0.0 4.731170654296875
17.275 -0.0 0.0 -0.5 -0.140625 -0.140625 -0.140625 -0.140625 9.153793334960938 12.62109375 -1.77734375 4.01171875 24.76953125 0.0 12.62109375 -1.76953125 2.9609375 25.53515625 -36.79182434082031 12.65625 -1.76953125 4.27734375 26.30078125 0.0 12.5859375 -1.765625 2.83203125 24.00390625 0.0 4.731170654296875
17.446 -0.0 0.0 -0.5 -0.25 -0.25 -0.25 -0.25 51.06178283691406 12.515625 -3.12109375 4.01171875 23.62109375 0.0 12.55078125 -3.15625 3.6171875 26.30078125 -103.1925048828125 12.5859375 -3.1640625 4.01171875 26.30078125 0.0 12.62109375 -3.1484375 4.01171875 24.1953125 0.0 4.69207763671875
17.627 -0.0 0.0 -0.5390625 -0.25 -0.25 -0.25 -0.25 -14.534881591796875 12.55078125 -3.140625 4.01171875 24.00390625 0.0 12.62109375 -3.17578125 3.48828125 26.109375 -110.61819458007812 12.65625 -3.1484375 3.6171875 25.91796875 0.0 12.5859375 -3.140625 3.2265625 24.00390625 0.0 4.731170654296875
17.815 -0.0 0.0 0.0 -0.26953125 -0.26953125 -0.26953125 -0.26953125 -5.1978759765625 12.55078125 -3.375 3.8828125 23.8125 0.0 12.65625 -3.421875 3.75 26.109375 -120.01124572753906 12.69140625 -3.4140625 3.75 26.109375 0.0 12.62109375 -3.39453125 3.6171875 24.00390625 0.0 4.750732421875
17.987 -0.0 0.0 0.3543307086614173 0.0 0.0 -0.0 -0.0 0.0 12.69140625 0.0 0.0 24.38671875 0.0 12.5859375 0.0 0.0 25.91796875 -70.49880981445312 12.515625 0.0 0.0 26.4921875 0.0 12.48046875 0.0 0.0 23.62109375 0.0 4.7116241455078125
18.166 -0.0 0.0 0.7795275590551181 0.36220472440944884 0.36220472440944884 0.36220472440944884 0.36220472440944884 -51.369171142578125 12.19921875 4.41796875 5.1953125 23.62109375 0.0 12.26953125 4.4296875 4.01171875 26.30078125 170.88693237304688 12.26953125 4.453125 4.27734375 26.109375 0.0 12.375 4.48046875 4.27734375 23.62109375 0.0 4.750732421875
18.352 -0.0 0.0 0.7007874015748031 0.38976377952755903 0.38976377952755903 0.38976377952755903 0.38976377952755903 103.44270324707031 12.41015625 4.8359375 4.5390625 23.4296875 0.0 12.26953125 4.79296875 3.48828125 25.91796875 193.84149169921875 12.41015625 4.84765625 4.14453125 26.109375 0.0 12.4453125 4.8359375 3.8828125 24.1953125 0.0 4.8093719482421875
18.543 -0.0 0.0 0.47244094488188976 0.33070866141732286 0.33070866141732286 0.33070866141732286 0.33070866141732286 -12.820724487304688 12.55078125 4.1484375 3.75 25.53515625 0.0 12.375 4.06640625 3.48828125 25.91796875 168.56150817871094 12.515625 4.13671875 3.6171875 25.91796875 0.0 12.55078125 4.16015625 3.2265625 24.00390625 0.0 4.760498046875
18.727 -0.0 0.0 0.0 0.0 0.0 -0.0 -0.0 0.0 12.65625 0.0 0.0 23.62109375 0.0 12.5859375 0.0 0.0 26.4921875 106.68740844726562 12.76171875 0.0 0.0 26.30078125 0.0 12.7265625 0.0 0.0 23.62109375 0.0 4.750732421875
18.905 -0.0 0.0 0.0 0.0 0.0 -0.0 -0.0 0.0 12.69140625 0.0 0.0 23.8125 0.0 12.5859375 0.0 0.0 26.68359375 36.114990234375 12.76171875 0.0 0.0 25.7265625 0.0 12.69140625 0.0 0.0 23.62109375 0.0 4.750732421875
19.085 -0.0 0.0 0.0 0.0 0.0 -0.0 -0.0 0.0 12.69140625 0.0 0.0 24.38671875 0.0 12.55078125 0.0 0.0 26.109375 -3.297637939453125 12.76171875 0.0 0.0 26.109375 0.0 12.7265625 0.0 0.0 23.8125 0.0 4.750732421875
19.257 -0.0 0.0 -0.0078125 0.0 0.0 -0.0 -0.0 0.0 12.69140625 0.0 0.0 24.00390625 0.0 12.5859375 0.0 0.0 26.109375 0.0 12.76171875 0.0 0.0 25.7265625 0.0 12.69140625 0.0 0.0 23.62109375 0.0 4.750732421875
19.436 -0.0 0.0 -0.0078125 0.0 0.0 -0.0 -0.0 0.0 12.69140625 0.0 0.0 23.4296875 0.0 12.5859375 0.0 0.0 26.875 0.0 12.76171875 0.0 0.0 25.91796875 0.0 12.7265625 0.0 0.0 24.1953125 0.0 4.750732421875
19.603 -0.0 0.0 -0.0078125 0.0 0.0 -0.0 -0.0 0.0 12.69140625 0.0 0.0 23.4296875 0.0 12.5859375 0.0 0.0 26.4921875 0.0 12.76171875 0.0 0.0 25.91796875 0.0 12.69140625 0.0 0.0 24.76953125 0.0 4.750732421875
19.774 -0.0 0.0 -0.0859375 0.0 0.0 -0.0 -0.0 0.0 12.69140625 0.0 0.0 23.23828125 0.0 12.5859375 0.0 0.0 27.83203125 0.0 12.76171875 0.0 0.0 26.30078125 0.0 12.69140625 0.0 0.0 23.8125 0.0 4.750732421875
19.944 -0.0 0.0 -0.28125 0.0 0.0 -0.0 -0.0 0.0 12.69140625 0.0 0.0 23.62109375 0.0 12.5859375 0.0 0.0 26.109375 0.0 12.62109375 0.0 0.0 25.91796875 0.0 12.62109375 0.0 0.0 23.8125 0.0 4.750732421875
20.118 -0.0 0.0 -0.5234375 -0.31640625 -0.10546875000000001 -0.10546875000000001 -0.31640625 -135.9676971435547 12.375 -3.9375 4.14453125 23.23828125 0.0 12.62109375 -1.32421875 0.0 25.7265625 -17.755661010742188 12.5859375 -1.328125 4.14453125 26.109375 0.0 12.515625 -3.9609375 3.48828125 24.1953125 0.0 4.760498046875
20.3 -0.0 0.0 -0.5390625 -0.404296875 -0.134765625 -0.134765625 -0.404296875 -25.569137573242188 12.4453125 -5.03125 4.14453125 25.34375 0.0 12.5859375 -1.68359375 3.48828125 25.91796875 -37.92967224121094 12.62109375 -1.703125 4.14453125 26.109375 0.0 12.55078125 -5.0625 3.35546875 23.8125 0.0 4.760498046875
20.476 -0.0 0.0 -0.5390625 -0.404296875 -0.134765625 -0.134765625 -0.404296875 -11.558502197265625 12.515625 -5.07421875 3.75 24.1953125 0.0 12.62109375 -1.703125 3.75 26.109375 -40.77818298339844 12.62109375 -1.69921875 3.48828125 25.7265625 0.0 12.515625 -5.07421875 3.6171875 23.62109375 0.0 4.750732421875
20.645 -0.0 0.0 -0.578125 -0.404296875 -0.134765625 -0.134765625 -0.404296875 52.7095947265625 12.55078125 -5.07421875 3.75 23.8125 0.0 12.5859375 -1.6875 3.6171875 26.30078125 -41.74005126953125 12.5859375 -1.69140625 3.2265625 26.109375 0.0 12.48046875 -5.046875 3.2265625 23.8125 0.0 4.7702789306640625
20.838 -0.0 0.0 -0.796875 -0.509765625 -0.169921875 -0.169921875 -0.509765625 -37.94242858886719 12.375 -6.34765625 4.40625 24.76953125 0.0 12.55078125 -2.12890625 3.2265625 26.4921875 -59.731201171875 12.55078125 -2.12109375 3.48828125 25.7265625 0.0 12.4453125 -6.34765625 3.75 23.8125 0.0 4.7409515380859375
21.019 -0.0 0.0 -0.796875 -0.59765625 -0.19921875000000003 -0.19921875000000003 -0.59765625 63.80645751953125 12.41015625 -7.41796875 4.40625 23.4296875 0.0 12.55078125 -2.5 3.8828125 26.109375 -80.41716003417969 12.515625 -2.5 3.6171875 26.30078125 0.0 12.4453125 -7.44140625 3.75 24.00390625 0.0 4.7409515380859375
21.196 -0.0 0.0 -0.421875 -0.59765625 -0.19921875000000003 -0.19921875000000003 -0.59765625 -305.0281982421875 12.41015625 -7.4609375 3.8828125 23.4296875 0.0 12.5859375 -2.5078125 3.75 25.34375 -79.70277404785156 12.5859375 -2.515625 3.48828125 25.7265625 0.0 12.55078125 -7.50390625 3.75 23.4296875 0.0 4.750732421875
21.378 -0.0 0.0 0.031496062992125984 0.0 0.0 -0.0 -0.0 -9.702606201171875 12.65625 0.0 0.0 24.00390625 0.0 12.55078125 0.0 0.0 26.68359375 -23.795791625976562 12.7265625 0.0 0.0 25.7265625 0.0 12.65625 0.0 0.0 24.00390625 0.0 4.760498046875
21.578 -0.0 0.0 0.7007874015748031 0.0 0.0 -0.0 -0.0 0.0 12.65625 0.0 0.0 23.62109375 0.0 12.55078125 0.0 0.0 26.109375 0.0 12.33984375 0.0 0.0 25.91796875 0.0 12.48046875 0.0 0.0 23.4296875 0.0 4.750732421875
21.755 -0.0 0.0 0.7401574803149606 0.5433070866141733 0.18110236220472442 0.18110236220472442 0.5433070866141733 -263.28419494628906 11.77734375 6.453125 4.5390625 22.28125 0.0 12.05859375 2.1953125 3.75 27.640625 56.405059814453125 12.3046875 2.234375 4.01171875 26.109375 0.0 12.234375 6.625 4.93359375 23.8125 0.0 4.7800445556640625
21.926 -0.0 0.0 0.7401574803149606 0.5551181102362205 0.18503937007874016 0.18503937007874016 0.5551181102362205 -317.1980743408203 12.4453125 6.88671875 4.40625 23.046875 0.0 12.234375 2.26953125 3.48828125 26.4921875 72.49659729003906 12.4453125 2.29296875 3.6171875 25.53515625 0.0 12.41015625 6.8671875 3.6171875 23.4296875 0.0 4.7409515380859375
22.107 -0.0 0.0 0.7401574803149606 0.5551181102362205 0.18503937007874016 0.18503937007874016 0.5551181102362205 -38.88923645019531 12.4453125 6.88671875 4.14453125 23.4296875 0.0 12.26953125 2.2734375 3.2265625 25.15234375 71.130859375 12.4453125 2.30078125 3.6171875 25.91796875 0.0 12.33984375 6.90625 3.75 23.8125 0.0 4.750732421875
22.297 -0.0 0.0 0.7401574803149606 0.5551181102362205 0.18503937007874016 0.18503937007874016 0.5551181102362205 -276.13978576660156 12.48046875 6.92578125 4.27734375 24.9609375 0.0 12.234375 2.26171875 3.09375 26.109375 70.41477966308594 12.4453125 2.30078125 3.6171875 25.7265625 0.0 12.375 6.8671875 3.75 23.8125 0.0 4.7702789306640625
22.466 -0.0 0.0 0.7401574803149606 0.5551181102362205 0.18503937007874016 0.18503937007874016 0.5551181102362205 -164.94137573242188 12.48046875 6.90625 4.01171875 21.8984375 0.0 12.234375 2.26171875 3.6171875 26.68359375 71.74620056152344 12.48046875 2.30859375 3.48828125 25.91796875 0.0 12.375 6.8671875 3.75 24.76953125 0.0 4.750732421875
22.647 -0.0 0.0 0.6850393700787402 0.5137795275590551 0.17125984251968507 0.17125984251968507 0.5137795275590551 -36.62583923339844 12.515625 6.4296875 3.6171875 23.046875 0.0 12.3046875 2.09765625 3.48828125 25.91796875 64.02774047851562 12.48046875 2.12890625 3.48828125 25.91796875 0.0 12.41015625 6.35546875 3.35546875 23.62109375 0.0 4.721405029296875
22.837 -0.0 0.0 0.6456692913385826 0.5137795275590551 0.17125984251968507 0.17125984251968507 0.5137795275590551 36.10243225097656 12.48046875 6.41015625 4.14453125 22.6640625 0.0 12.26953125 2.09375 3.6171875 26.30078125 62.329559326171875 12.55078125 2.1484375 3.6171875 26.109375 0.0 12.41015625 6.41015625 3.75 24.1953125 0.0 4.7409515380859375
23.018 -0.0 0.0 0.0 0.28346456692913385 0.09448818897637797 0.09448818897637797 0.28346456692913385 -68.36875915527344 12.69140625 3.5859375 1.91015625 22.6640625 0.0 12.33984375 1.1640625 0.0 25.91796875 27.013900756835938 12.5859375 1.1875 1.6484375 26.109375 0.0 12.62109375 3.56640625 1.6484375 23.62109375 0.0 4.7409515380859375
23.199 -0.0 0.0 0.0 0.0 0.0 -0.0 -0.0 -3.692596435546875 12.62109375 0.0 0.0 24.00390625 0.0 12.55078125 0.0 0.0 25.91796875 0.0 12.7265625 0.0 0.0 25.91796875 0.0 12.69140625 0.0 0.0 23.8125 0.0 4.750732421875
23.365 -0.0 0.0 0.0 0.0 0.0 -0.0 -0.0 0.0 12.65625 0.0 0.0 24.00390625 0.0 12.515625 0.0 0.0 26.109375 0.0 12.7265625 0.0 0.0 26.4921875 0.0 12.69140625 0.0 0.0 23.23828125 0.0 4.7409515380859375
23.534 -0.0 0.0 0.0 0.0 0.0 -0.0 -0.0 0.0 12.65625 0.0 0.0 23.4296875 0.0 12.55078125 0.0 0.0 26.4921875 0.0 12.7265625 0.0 0.0 26.109375 0.0 12.69140625 0.0 0.0 24.38671875 0.0 4.750732421875
23.703 -0.0 0.0 0.0 0.0 0.0 -0.0 -0.0 0.0 12.65625 0.0 0.0 23.8125 0.0 12.55078125 0.0 0.0 26.109375 0.0 12.7265625 0.0 0.0 25.91796875 0.0 12.69140625 0.0 0.0 23.62109375 0.0 4.750732421875
23.874 -0.0 0.0 -0.0078125 0.0 0.0 -0.0 -0.0 0.0 12.65625 0.0 0.0 24.38671875 0.0 12.55078125 0.0 0.0 25.7265625 0.0 12.7265625 0.0 0.0 25.91796875 0.0 12.65625 0.0 0.0 23.4296875 0.0 4.750732421875
24.046 -0.0 0.0 -0.0078125 0.0 0.0 -0.0 -0.0 0.0 12.69140625 0.0 0.0 23.23828125 0.0 12.55078125 0.0 0.0 25.7265625 0.0 12.7265625 0.0 0.0 25.91796875 0.0 12.69140625 0.0 0.0 23.62109375 0.0 4.750732421875
24.216 -0.0 0.0 -0.0078125 0.0 0.0 -0.0 -0.0 0.0 12.65625 0.0 0.0 23.8125 0.0 12.55078125 0.0 0.0 26.4921875 0.0 12.7265625 0.0 0.0 25.7265625 0.0 12.69140625 0.0 0.0 23.23828125 0.0 4.750732421875
24.384 -0.0 0.0 -0.0078125 0.0 0.0 -0.0 -0.0 0.0 12.65625 0.0 0.0 23.62109375 0.0 12.55078125 0.0 0.0 25.7265625 0.0 12.7265625 0.0 0.0 26.30078125 0.0 12.65625 0.0 0.0 23.62109375 0.0 4.750732421875
24.574 -0.0 0.0 -0.0078125 0.0 0.0 -0.0 -0.0 0.0 12.69140625 0.0 0.0 23.4296875 0.0 12.55078125 0.0 0.0 27.06640625 0.0 12.7265625 0.0 0.0 25.91796875 0.0 12.69140625 0.0 0.0 23.62109375 0.0 4.7409515380859375
24.759 -0.0 0.0 -0.0078125 0.0 0.0 -0.0 -0.0 0.0 12.65625 0.0 0.0 24.38671875 0.0 12.55078125 0.0 0.0 25.53515625 0.0 12.7265625 0.0 0.0 26.30078125 0.0 12.69140625 0.0 0.0 24.1953125 0.0 4.750732421875
24.937 -0.0 0.0 -0.0078125 0.0 0.0 -0.0 -0.0 0.0 12.65625 0.0 0.0 23.23828125 0.0 12.55078125 0.0 0.0 26.30078125 0.0 12.7265625 0.0 0.0 26.4921875 0.0 12.69140625 0.0 0.0 24.38671875 0.0 4.750732421875
25.118 -0.0 0.0 -0.0078125 0.0 0.0 -0.0 -0.0 0.0 12.65625 0.0 0.0 23.4296875 0.0 12.55078125 0.0 0.0 25.53515625 0.0 12.76171875 0.0 0.0 25.53515625 0.0 12.69140625 0.0 0.0 23.62109375 0.0 4.760498046875
25.284 -0.0 0.0 -0.0078125 0.0 0.0 -0.0 -0.0 0.0 12.69140625 0.0 0.0 24.38671875 0.0 12.55078125 0.0 0.0 26.30078125 0.0 12.76171875 0.0 0.0 25.53515625 0.0 12.69140625 0.0 0.0 23.8125 0.0 4.750732421875
25.455 -0.0 0.0 -0.0078125 0.0 0.0 -0.0 -0.0 0.0 12.65625 0.0 0.0 24.1953125 0.0 12.55078125 0.0 0.0 26.68359375 0.0 12.7265625 0.0 0.0 25.91796875 0.0 12.7265625 0.0 0.0 24.1953125 0.0 4.750732421875
25.625 -0.0 0.0 -0.0078125 0.0 0.0 -0.0 -0.0 0.0 12.69140625 0.0 0.0 23.62109375 0.0 12.55078125 0.0 0.0 26.109375 0.0 12.7265625 0.0 0.0 25.7265625 0.0 12.69140625 0.0 0.0 23.8125 0.0 4.750732421875
25.794 -0.0 0.0 -0.0078125 0.0 0.0 -0.0 -0.0 0.0 12.65625 0.0 0.0 22.85546875 0.0 12.55078125 0.0 0.0 26.875 0.0 12.7265625 0.0 0.0 26.109375 0.0 12.69140625 0.0 0.0 24.1953125 0.0 4.750732421875
25.965 -0.0 0.0 -0.0078125 0.0 0.0 -0.0 -0.0 0.0 12.69140625 0.0 0.0 23.23828125 0.0 12.55078125 0.0 0.0 25.7265625 0.0 12.76171875 0.0 0.0 25.91796875 0.0 12.69140625 0.0 0.0 23.8125 0.0 4.750732421875
26.136 -0.0 0.0 -0.0078125 0.0 0.0 -0.0 -0.0 0.0 12.65625 0.0 0.0 23.046875 0.0 12.55078125 0.0 0.0 26.30078125 0.0 12.76171875 0.0 0.0 26.109375 0.0 12.69140625 0.0 0.0 23.23828125 0.0 4.750732421875
26.317 -0.0 0.0 -0.0078125 0.0 0.0 -0.0 -0.0 0.0 12.69140625 0.0 0.0 24.76953125 0.0 12.5859375 0.0 0.0 26.4921875 0.0 12.7265625 0.0 0.0 25.7265625 0.0 12.69140625 0.0 0.0 23.62109375 0.0 4.760498046875
26.495 -0.0 0.0 -0.0078125 0.0 0.0 -0.0 -0.0 0.0 12.69140625 0.0 0.0 23.62109375 0.0 12.55078125 0.0 0.0 26.30078125 0.0 12.7265625 0.0 0.0 26.109375 0.0 12.69140625 0.0 0.0 23.62109375 0.0 4.750732421875
26.678 -0.0 0.0 -0.0078125 0.0 0.0 -0.0 -0.0 0.0 12.69140625 0.0 0.0 24.76953125 0.0 12.55078125 0.0 0.0 26.30078125 0.0 12.76171875 0.0 0.0 26.109375 0.0 12.69140625 0.0 0.0 23.4296875 0.0 4.750732421875
26.845 -0.0 0.0 -0.0234375 0.0 0.0 -0.0 -0.0 0.0 12.69140625 0.0 0.0 24.1953125 0.0 12.55078125 0.0 0.0 25.91796875 0.0 12.76171875 0.0 0.0 26.4921875 0.0 12.69140625 0.0 0.0 23.8125 0.0 4.750732421875
27.015 -0.0 0.0 -0.046875 0.0 0.0 -0.0 -0.0 0.0 12.69140625 0.0 0.0 23.4296875 0.0 12.5859375 0.0 0.0 25.53515625 0.0 12.76171875 0.0 0.0 25.91796875 0.0 12.7265625 0.0 0.0 23.8125 0.0 4.750732421875
27.175 -0.0 0.0 -0.046875 0.0 0.0 -0.0 -0.0 0.0 12.69140625 0.0 0.0 23.23828125 0.0 12.55078125 0.0 0.0 25.91796875 0.0 12.7265625 0.0 0.0 26.109375 0.0 12.69140625 0.0 0.0 23.8125 0.0 4.750732421875
27.346 -0.0 0.0 -0.046875 0.0 0.0 -0.0 -0.0 0.0 12.69140625 0.0 0.0 23.4296875 0.0 12.55078125 0.0 0.0 25.91796875 0.0 12.7265625 0.0 0.0 25.7265625 0.0 12.69140625 0.0 0.0 23.62109375 0.0 4.750732421875
27.535 -0.0 0.0 -0.046875 0.0 0.0 -0.0 -0.0 0.0 12.69140625 0.0 0.0 22.85546875 0.0 12.55078125 0.0 0.0 25.7265625 0.0 12.76171875 0.0 0.0 25.53515625 0.0 12.69140625 0.0 0.0 23.62109375 0.0 4.750732421875
