Timestamp Driver_Joy_Y Driver_Joy_X Driver_Joy_W FL_Out BL_Out BR_Out FR_Out FL_Jag_Speed FL_Bus_Voltage FL_Out_Voltage FL_Out_Current FL_Temp BL_Jag_Speed BL_Bus_Voltage BL_Out_Voltage BL_Out_Current BL_Temp BR_Jag_Speed BR_Bus_Voltage BR_Out_Voltage BR_Out_Current BR_Temp FR_Jag_Speed FR_Bus_Voltage FR_Out_Voltage FR_Out_Current FR_Temp
154511959772 -0.0 -0.0078125 0.0 0.005078124999999999 -0.005078125000000001 -0.005078124999999999 0.005078125000000001 0.0 12.8671875 0.0 0.0 24.38671875 0.0 12.48046875 0.0 0.0 26.4921875 0.0 12.5859375 0.0 0.0 26.4921875 0.0 12.65625 0.0 0.0 24.38671875 0.0 4.8386993408203125
154511959939 -0.0 -0.0078125 0.0 0.005078124999999999 -0.005078125000000001 -0.005078124999999999 0.005078125000000001 0.0 12.55078125 0.0 0.0 23.8125 0.0 12.48046875 0.0 0.0 26.875 0.0 12.65625 0.0 0.0 26.875 0.0 12.65625 0.0 0.0 24.38671875 0.0 4.8386993408203125
154511960110 -0.0 -0.0078125 0.0 0.005078124999999999 -0.005078125000000001 -0.005078124999999999 0.005078125000000001 0.0 12.5859375 0.0 0.0 24.1953125 0.0 12.4453125 0.0 0.0 26.109375 0.0 12.69140625 0.0 0.0 25.7265625 0.0 12.62109375 0.0 0.0 23.8125 0.0 4.8386993408203125
154511960290 -0.0 -0.0078125 0.0 0.005078124999999999 -0.005078125000000001 -0.005078124999999999 0.005078125000000001 0.0 12.5859375 0.0 0.0 23.62109375 0.0 12.48046875 0.0 0.0 25.34375 0.0 12.62109375 0.0 0.0 26.4921875 0.0 12.62109375 0.0 0.0 24.76953125 0.0 4.8289337158203125
154511960470 -0.0 -0.0078125 0.0 0.005078124999999999 -0.005078125000000001 -0.005078124999999999 0.005078125000000001 0.0 12.5859375 0.0 0.0 24.00390625 0.0 12.41015625 0.0 0.0 26.4921875 0.0 12.65625 0.0 0.0 25.91796875 0.0 12.62109375 0.0 0.0 24.1953125 0.0 4.848480224609375
154511960647 -0.0 -0.0078125 0.0 0.005078124999999999 -0.005078125000000001 -0.005078124999999999 0.005078125000000001 0.0 12.55078125 0.0 0.0 24.1953125 0.0 12.41015625 0.0 0.0 26.4921875 0.0 12.65625 0.0 0.0 26.30078125 0.0 12.515625 0.0 0.0 24.38671875 0.0 4.8386993408203125
154511960824 -0.0 -0.0078125 0.0 0.005078124999999999 -0.005078125000000001 -0.005078124999999999 0.005078125000000001 0.0 12.515625 0.0 0.0 23.8125 0.0 12.4453125 0.0 0.0 27.640625 0.0 12.55078125 0.0 0.0 26.4921875 0.0 12.55078125 0.0 0.0 24.1953125 0.0 4.8386993408203125
154511961004 -0.0 -0.0078125 0.0 0.005078124999999999 -0.005078125000000001 -0.005078124999999999 0.005078125000000001 0.0 12.55078125 0.0 0.0 23.8125 0.0 12.375 0.0 0.0 26.875 0.0 12.62109375 0.0 0.0 26.4921875 0.0 12.55078125 0.0 0.0 24.1953125 0.0 4.8386993408203125
154511961180 -0.0 -0.0078125 0.0 0.005078124999999999 -0.005078125000000001 -0.005078124999999999 0.005078125000000001 0.0 12.515625 0.0 0.0 23.8125 0.0 12.33984375 0.0 0.0 27.2578125 0.0 12.62109375 0.0 0.0 26.4921875 0.0 12.4453125 0.0 0.0 24.1953125 0.0 4.8386993408203125
154511961357 -0.0 -0.0078125 0.0 0.005078124999999999 -0.005078125000000001 -0.005078124999999999 0.005078125000000001 0.0 12.515625 0.0 0.0 24.1953125 0.0 12.41015625 0.0 0.0 26.30078125 0.0 12.5859375 0.0 0.0 26.109375 0.0 12.55078125 0.0 0.0 24.38671875 0.0 4.8386993408203125
154511961547 -0.0 -0.0078125 0.0 0.005078124999999999 -0.005078125000000001 -0.005078124999999999 0.005078125000000001 0.0 12.55078125 0.0 0.0 23.8125 0.0 12.41015625 0.0 0.0 27.2578125 0.0 12.5859375 0.0 0.0 26.30078125 0.0 12.515625 0.0 0.0 24.1953125 0.0 4.8386993408203125
154511961718 -0.0 -0.0078125 0.0 0.005078124999999999 -0.005078125000000001 -0.005078124999999999 0.005078125000000001 0.0 12.48046875 0.0 0.0 23.4296875 0.0 12.375 0.0 0.0 26.4921875 0.0 12.55078125 0.0 0.0 26.4921875 0.0 12.515625 0.0 0.0 24.578125 0.0 4.8386993408203125
154511961892 -0.0 -0.0078125 0.0 0.005078124999999999 -0.005078125000000001 -0.005078124999999999 0.005078125000000001 0.0 12.515625 0.0 0.0 23.4296875 0.0 12.41015625 0.0 0.0 25.91796875 0.0 12.5859375 0.0 0.0 26.4921875 0.0 12.515625 0.0 0.0 24.1953125 0.0 4.8386993408203125
154511962079 -0.0 -0.0078125 0.0 0.005078124999999999 -0.005078125000000001 -0.005078124999999999 0.005078125000000001 0.0 12.4453125 0.0 0.0 23.4296875 0.0 12.375 0.0 0.0 27.06640625 0.0 12.55078125 0.0 0.0 26.68359375 0.0 12.55078125 0.0 0.0 24.00390625 0.0 4.8386993408203125
154511962264 -0.0 -0.0078125 0.0 0.005078124999999999 -0.005078125000000001 -0.005078124999999999 0.005078125000000001 0.0 12.4453125 0.0 0.0 24.38671875 0.0 12.375 0.0 0.0 26.4921875 0.0 12.55078125 0.0 0.0 26.68359375 0.0 12.48046875 0.0 0.0 24.00390625 0.0 4.8289337158203125
154511962443 -0.0 -0.0078125 0.0 0.005078124999999999 -0.005078125000000001 -0.005078124999999999 0.005078125000000001 0.0 12.515625 0.0 0.0 24.1953125 0.0 12.33984375 0.0 0.0 27.2578125 0.0 12.55078125 0.0 0.0 26.109375 0.0 12.515625 0.0 0.0 24.578125 0.0 4.8386993408203125
154511962612 -0.0 -0.0078125 0.0 0.005078124999999999 -0.005078125000000001 -0.005078124999999999 0.005078125000000001 0.0 12.515625 0.0 0.0 23.62109375 0.0 12.33984375 0.0 0.0 27.2578125 0.0 12.55078125 0.0 0.0 26.68359375 0.0 12.55078125 0.0 0.0 24.38671875 0.0 4.8386993408203125
154511962790 -0.0 -0.0078125 0.0 0.005078124999999999 -0.005078125000000001 -0.005078124999999999 0.005078125000000001 0.0 12.48046875 0.0 0.0 24.578125 0.0 12.375 0.0 0.0 26.30078125 0.0 12.5859375 0.0 0.0 26.68359375 0.0 12.48046875 0.0 0.0 23.8125 0.0 4.8386993408203125
154511962963 -0.0 -0.0078125 0.0 0.005078124999999999 -0.005078125000000001 -0.005078124999999999 0.005078125000000001 0.0 12.41015625 0.0 0.0 24.38671875 0.0 12.33984375 0.0 0.0 26.875 0.0 12.55078125 0.0 0.0 26.109375 0.0 12.48046875 0.0 0.0 24.578125 0.0 4.8386993408203125
154511963130 -0.0 -0.0078125 0.0 0.005078124999999999 -0.005078125000000001 -0.005078124999999999 0.005078125000000001 0.0 12.41015625 0.0 0.0 24.1953125 0.0 12.41015625 0.0 0.0 27.06640625 0.0 12.5859375 0.0 0.0 26.875 0.0 12.515625 0.0 0.0 24.1953125 0.0 4.848480224609375
154511963305 -0.0 -0.0078125 0.0 0.005078124999999999 -0.005078125000000001 -0.005078124999999999 0.005078125000000001 0.0 12.48046875 0.0 0.0 23.8125 0.0 12.3046875 0.0 0.0 26.4921875 0.0 12.55078125 0.0 0.0 26.68359375 0.0 12.515625 0.0 0.0 23.8125 0.0 4.8289337158203125
154511963477 -0.0 -0.0078125 0.0 0.005078124999999999 -0.005078125000000001 -0.005078124999999999 0.005078125000000001 0.0 12.48046875 0.0 0.0 23.8125 0.0 12.375 0.0 0.0 26.4921875 0.0 12.76171875 0.0 0.0 26.109375 0.0 12.7265625 0.0 0.0 24.9609375 0.0 4.8386993408203125
154511963628 -0.0 -0.0078125 0.0 0.005078124999999999 -0.005078125000000001 -0.005078124999999999 0.005078125000000001 0.0 12.7265625 0.0 0.0 24.00390625 0.0 12.62109375 0.0 0.0 26.68359375 0.0 12.796875 0.0 0.0 26.4921875 0.0 12.76171875 0.0 0.0 24.38671875 0.0 4.8386993408203125
