Timestamp Driver_Joy_Y Driver_Joy_X Driver_Joy_W FL_Out BL_Out BR_Out FR_Out FL_Jag_Speed FL_Bus_Voltage FL_Out_Voltage FL_Out_Current FL_Temp BL_Jag_Speed BL_Bus_Voltage BL_Out_Voltage BL_Out_Current BL_Temp BR_Jag_Speed BR_Bus_Voltage BR_Out_Voltage BR_Out_Current BR_Temp FR_Jag_Speed FR_Bus_Voltage FR_Out_Voltage FR_Out_Current FR_Temp
154682174589 -0.0 0.0 -0.0078125 -0.00390625 -0.00390625 -0.00390625 -0.00390625 0.0 12.65625 0.0 0.0 23.23828125 0.0 12.55078125 0.0 0.0 27.44921875 0.0 12.7265625 0.0 0.0 26.30078125 0.0 12.69140625 0.0 0.0 24.1953125 0.0 5.786895751953125
154682174762 -0.0 0.0 -0.0078125 -0.00390625 -0.00390625 -0.00390625 -0.00390625 0.0 12.69140625 0.0 0.0 23.23828125 0.0 12.55078125 0.0 0.0 26.68359375 0.0 12.7265625 0.0 0.0 26.4921875 0.0 12.69140625 0.0 0.0 24.00390625 0.0 5.7771148681640625
154682174929 -0.0 0.0 -0.0078125 -0.00390625 -0.00390625 -0.00390625 -0.00390625 0.0 12.65625 0.0 0.0 23.8125 0.0 12.55078125 0.0 0.0 26.4921875 0.0 12.76171875 0.0 0.0 26.68359375 0.0 12.69140625 0.0 0.0 24.38671875 0.0 5.786895751953125
154682175096 -0.0 0.0 -0.0078125 -0.00390625 -0.00390625 -0.00390625 -0.00390625 0.0 12.65625 0.0 0.0 23.4296875 0.0 12.55078125 0.0 0.0 27.06640625 0.0 12.76171875 0.0 0.0 26.4921875 0.0 12.69140625 0.0 0.0 24.76953125 0.0 5.786895751953125
154682175269 -0.0 0.0 -0.0078125 -0.00390625 -0.00390625 -0.00390625 -0.00390625 0.0 12.65625 0.0 0.0 24.38671875 0.0 12.55078125 0.0 0.0 26.109375 0.0 12.7265625 0.0 0.0 26.4921875 0.0 12.69140625 0.0 0.0 23.4296875 0.0 5.786895751953125
154682175435 -0.0 0.0 -0.0078125 -0.00390625 -0.00390625 -0.00390625 -0.00390625 0.0 12.65625 0.0 0.0 23.62109375 0.0 12.55078125 0.0 0.0 26.4921875 0.0 12.7265625 0.0 0.0 26.109375 0.0 12.69140625 0.0 0.0 24.00390625 0.0 5.786895751953125
154682175597 -0.0 0.0 -0.0078125 -0.00390625 -0.00390625 -0.00390625 -0.00390625 0.0 12.69140625 0.0 0.0 23.8125 0.0 12.55078125 0.0 0.0 25.7265625 0.0 12.41015625 0.0 0.0 26.30078125 0.0 11.00390625 0.0 0.0 24.1953125 0.0 5.669586181640625
S: 154682175495 Fired
154682175755 -0.0 0.0 -0.0078125 -0.00390625 -0.00390625 -0.00390625 -0.00390625 0.0 10.79296875 0.0 0.0 23.23828125 0.0 10.4765625 0.0 0.0 26.4921875 2.98699951171875 10.6875 0.0 0.0 26.109375 0.0 10.6171875 0.0 0.0 24.38671875 0.0 5.1221771240234375
154682175921 -0.0 0.0 -0.0078125 -0.00390625 -0.00390625 -0.00390625 -0.00390625 0.0 10.79296875 0.0 0.0 23.62109375 0.0 10.7578125 0.0 0.0 26.30078125 -10.368194580078125 8.47265625 0.0 0.0 25.91796875 0.0 9.66796875 0.0 0.0 24.00390625 0.0 4.594329833984375
154682176075 -0.0 0.0 -0.0078125 -0.00390625 -0.00390625 -0.00390625 -0.00390625 0.0 11.7421875 0.0 0.0 23.62109375 0.0 11.49609375 0.0 0.0 26.4921875 4.3684539794921875 12.41015625 0.0 0.0 26.30078125 0.0 12.375 0.0 0.0 24.1953125 0.0 5.1417388916015625
154682176248 -0.0 0.0 -0.0078125 -0.00390625 -0.00390625 -0.00390625 -0.00390625 0.0 12.41015625 0.0 0.0 24.1953125 0.0 12.3046875 0.0 0.0 26.875 10.299728393554688 12.48046875 0.0 0.0 25.7265625 0.0 12.375 0.0 0.0 24.38671875 0.0 5.542510986328125
154682176441 -0.0 0.0 -0.0078125 -0.00390625 -0.00390625 -0.00390625 -0.00390625 0.0 12.234375 0.0 0.0 24.00390625 0.0 12.1640625 0.0 0.0 26.4921875 4.8125152587890625 12.41015625 0.0 0.0 26.68359375 0.0 12.33984375 0.0 0.0 23.8125 0.0 5.7771148681640625
154682176622 -0.0 0.0 -0.0078125 -0.00390625 -0.00390625 -0.00390625 -0.00390625 0.0 12.4453125 0.0 0.0 24.76953125 0.0 12.375 0.0 0.0 26.30078125 0.0 12.55078125 0.0 0.0 26.109375 0.0 12.515625 0.0 0.0 24.76953125 0.0 5.7771148681640625
154682176804 -0.0 0.0 -0.0078125 -0.00390625 -0.00390625 -0.00390625 -0.00390625 0.0 12.515625 0.0 0.0 23.8125 0.0 12.41015625 0.0 0.0 26.4921875 0.0 12.5859375 0.0 0.0 26.4921875 0.0 12.515625 0.0 0.0 24.76953125 0.0 5.7673492431640625
154682176982 -0.0 0.0 -0.0078125 -0.00390625 -0.00390625 -0.00390625 -0.00390625 0.0 12.515625 0.0 0.0 24.00390625 0.0 12.41015625 0.0 0.0 27.06640625 0.0 12.5859375 0.0 0.0 25.91796875 0.0 12.55078125 0.0 0.0 24.1953125 0.0 5.7771148681640625
154682177148 -0.0 0.0 -0.0078125 -0.00390625 -0.00390625 -0.00390625 -0.00390625 0.0 12.515625 0.0 0.0 24.38671875 0.0 12.4453125 0.0 0.0 27.44921875 0.0 12.62109375 0.0 0.0 26.875 0.0 12.5859375 0.0 0.0 24.38671875 0.0 5.7771148681640625
154682177311 -0.0 0.0 -0.0078125 -0.00390625 -0.00390625 -0.00390625 -0.00390625 0.0 12.55078125 0.0 0.0 23.4296875 0.0 12.4453125 0.0 0.0 26.4921875 0.0 12.62109375 0.0 0.0 26.4921875 0.0 12.55078125 0.0 0.0 24.578125 0.0 5.7673492431640625
154682177489 -0.0 0.0 -0.0078125 -0.00390625 -0.00390625 -0.00390625 -0.00390625 0.0 12.55078125 0.0 0.0 24.578125 0.0 12.4453125 0.0 0.0 26.875 0.0 12.62109375 0.0 0.0 25.7265625 0.0 12.5859375 0.0 0.0 24.578125 0.0 5.7673492431640625
154682177655 -0.0 0.0 -0.0078125 -0.00390625 -0.00390625 -0.00390625 -0.00390625 0.0 12.55078125 0.0 0.0 24.00390625 0.0 12.4453125 0.0 0.0 26.109375 0.0 12.62109375 0.0 0.0 26.30078125 0.0 12.5859375 0.0 0.0 24.38671875 0.0 5.7673492431640625
154682177835 -0.0 0.0 -0.0078125 -0.00390625 -0.00390625 -0.00390625 -0.00390625 0.0 12.55078125 0.0 0.0 24.1953125 0.0 12.48046875 0.0 0.0 26.30078125 0.0 12.65625 0.0 0.0 26.68359375 0.0 12.5859375 0.0 0.0 24.1953125 0.0 5.7673492431640625
154682178008 -0.0 0.0 -0.0078125 -0.00390625 -0.00390625 -0.00390625 -0.00390625 0.0 12.55078125 0.0 0.0 24.38671875 0.0 12.48046875 0.0 0.0 26.30078125 0.0 12.65625 0.0 0.0 26.30078125 0.0 12.5859375 0.0 0.0 24.578125 0.0 5.7771148681640625
154682178181 -0.0 0.0 -0.0078125 -0.00390625 -0.00390625 -0.00390625 -0.00390625 0.0 12.55078125 0.0 0.0 24.38671875 0.0 12.48046875 0.0 0.0 26.875 0.0 12.65625 0.0 0.0 26.4921875 0.0 12.5859375 0.0 0.0 24.1953125 0.0 5.7673492431640625
154682178354 -0.0 0.0 -0.0078125 -0.00390625 -0.00390625 -0.00390625 -0.00390625 0.0 12.5859375 0.0 0.0 24.38671875 0.0 12.48046875 0.0 0.0 26.68359375 0.0 12.62109375 0.0 0.0 25.91796875 0.0 12.5859375 0.0 0.0 24.76953125 0.0 5.7771148681640625
154682178530 -0.0 0.0 -0.0078125 -0.00390625 -0.00390625 -0.00390625 -0.00390625 0.0 12.5859375 0.0 0.0 23.8125 0.0 12.48046875 0.0 0.0 26.4921875 0.0 12.65625 0.0 0.0 26.68359375 0.0 12.62109375 0.0 0.0 24.1953125 0.0 5.7771148681640625
154682178715 -0.0 0.0 -0.0078125 -0.00390625 -0.00390625 -0.00390625 -0.00390625 0.0 12.55078125 0.0 0.0 24.38671875 0.0 12.48046875 0.0 0.0 26.875 0.0 12.65625 0.0 0.0 26.30078125 0.0 12.5859375 0.0 0.0 24.00390625 0.0 5.7673492431640625
154682178889 -0.0 0.0 -0.0078125 -0.00390625 -0.00390625 -0.00390625 -0.00390625 0.0 12.55078125 0.0 0.0 24.38671875 0.0 12.48046875 0.0 0.0 26.68359375 0.0 12.65625 0.0 0.0 26.4921875 0.0 12.62109375 0.0 0.0 24.00390625 0.0 5.7673492431640625
154682179058 -0.0 0.0 -0.0078125 -0.00390625 -0.00390625 -0.00390625 -0.00390625 0.0 12.5859375 0.0 0.0 23.62109375 0.0 12.48046875 0.0 0.0 25.91796875 0.0 12.65625 0.0 0.0 25.91796875 0.0 12.62109375 0.0 0.0 24.1953125 0.0 5.7673492431640625
154682179231 -0.0 0.0 -0.0078125 -0.00390625 -0.00390625 -0.00390625 -0.00390625 0.0 12.5859375 0.0 0.0 24.00390625 0.0 12.48046875 0.0 0.0 26.4921875 0.0 12.65625 0.0 0.0 25.91796875 0.0 12.62109375 0.0 0.0 24.00390625 0.0 5.7771148681640625
154682179412 -0.0 0.0 -0.0078125 -0.00390625 -0.00390625 -0.00390625 -0.00390625 0.0 12.5859375 0.0 0.0 23.8125 0.0 12.48046875 0.0 0.0 27.44921875 0.0 12.65625 0.0 0.0 26.4921875 0.0 12.62109375 0.0 0.0 24.9609375 0.0 5.7673492431640625
154682179589 -0.0 0.0 -0.0078125 -0.00390625 -0.00390625 -0.00390625 -0.00390625 0.0 12.5859375 0.0 0.0 23.8125 0.0 12.48046875 0.0 0.0 26.109375 0.0 12.65625 0.0 0.0 26.30078125 0.0 12.62109375 0.0 0.0 24.1953125 0.0 5.7771148681640625
154682179756 -0.0 0.0 -0.0078125 -0.00390625 -0.00390625 -0.00390625 -0.00390625 0.0 12.5859375 0.0 0.0 23.62109375 0.0 12.48046875 0.0 0.0 26.30078125 0.0 12.65625 0.0 0.0 26.4921875 0.0 12.62109375 0.0 0.0 24.9609375 0.0 5.7673492431640625
154682179935 -0.0 0.0 -0.0078125 -0.00390625 -0.00390625 -0.00390625 -0.00390625 0.0 12.5859375 0.0 0.0 24.1953125 0.0 12.48046875 0.0 0.0 27.06640625 0.0 12.69140625 0.0 0.0 26.68359375 0.0 12.62109375 0.0 0.0 24.00390625 0.0 5.7673492431640625
154682180102 -0.0 0.0 -0.0078125 -0.00390625 -0.00390625 -0.00390625 -0.00390625 0.0 12.62109375 0.0 0.0 23.8125 0.0 12.48046875 0.0 0.0 26.30078125 0.0 12.69140625 0.0 0.0 26.109375 0.0 12.62109375 0.0 0.0 24.76953125 0.0 5.7771148681640625
154682180283 -0.0 0.0 -0.0078125 -0.00390625 -0.00390625 -0.00390625 -0.00390625 0.0 12.5859375 0.0 0.0 24.38671875 0.0 12.515625 0.0 0.0 26.68359375 0.0 12.69140625 0.0 0.0 26.30078125 0.0 12.62109375 0.0 0.0 24.1953125 0.0 5.7771148681640625
154682180425 -0.0 0.0 -0.0078125 -0.00390625 -0.00390625 -0.00390625 -0.00390625 0.0 12.5859375 0.0 0.0 24.1953125 0.0 12.515625 0.0 0.0 27.44921875 0.0 12.69140625 0.0 0.0 26.4921875 0.0 12.62109375 0.0 0.0 24.38671875 0.0 5.7771148681640625
