153990307822 Joystick axes: 0.0078125 -0.0078125 -0.0078125 Motor Outputs: 0.0 0.0 0.0 0.0 Front_Left: 0.0 0.0 22.28125 Back_Left: 0.0 0.0 25.53515625 Back_Right: 0.0 0.0 25.15234375 Front_Right: 0.0 0.0 22.85546875 Pickup: 0.0 Shooter: 0.0 5.855316162109375
153990307954 Joystick axes: 0.0078125 -0.0078125 -0.0078125 Motor Outputs: -0.00390625 0.00625 -0.00390625 -0.0140625 Front_Left: 0.0 0.0 21.8984375 Back_Left: 0.0 0.0 25.15234375 Back_Right: 0.0 0.0 24.9609375 Front_Right: 0.0 0.0 23.23828125 Pickup: 0.0 Shooter: 0.0 5.855316162109375
153990308080 Joystick axes: 0.0078125 -0.0078125 -0.0078125 Motor Outputs: -0.00390625 0.00625 -0.00390625 -0.0140625 Front_Left: 0.0 0.0 22.47265625 Back_Left: 0.0 0.0 24.9609375 Back_Right: 0.0 0.0 24.9609375 Front_Right: 0.0 0.0 22.85546875 Pickup: 0.0 Shooter: 0.0 5.845550537109375
153990308214 Joystick axes: 0.0078125 -0.0078125 -0.0078125 Motor Outputs: -0.00390625 0.00625 -0.00390625 -0.0140625 Front_Left: 0.0 0.0 22.47265625 Back_Left: 0.0 0.0 25.15234375 Back_Right: 0.0 0.0 24.9609375 Front_Right: 0.0 0.0 22.85546875 Pickup: 0.0 Shooter: 0.0 5.855316162109375
153990308340 Joystick axes: 0.0078125 -0.0078125 -0.0078125 Motor Outputs: -0.00390625 0.00625 -0.00390625 -0.0140625 Front_Left: 0.0 0.0 23.23828125 Back_Left: 0.0 0.0 25.53515625 Back_Right: 0.0 0.0 25.34375 Front_Right: 0.0 0.0 23.046875 Pickup: 0.0 Shooter: 0.0 5.855316162109375
153990308467 Joystick axes: 0.0078125 -0.0078125 -0.0078125 Motor Outputs: -0.00390625 0.00625 -0.00390625 -0.0140625 Front_Left: 0.0 0.0 22.47265625 Back_Left: 0.0 0.0 25.7265625 Back_Right: 0.0 0.0 25.15234375 Front_Right: 0.0 0.0 22.28125 Pickup: 0.0 Shooter: 0.0 5.855316162109375
153990308601 Joystick axes: 0.0078125 -0.0078125 -0.0078125 Motor Outputs: -0.00390625 0.00625 -0.00390625 -0.0140625 Front_Left: 0.0 0.0 23.046875 Back_Left: 0.0 0.0 25.34375 Back_Right: 0.0 0.0 25.53515625 Front_Right: 0.0 0.0 23.046875 Pickup: 0.0 Shooter: 0.0 5.855316162109375
153990308735 Joystick axes: 0.0078125 -0.0078125 -0.0078125 Motor Outputs: -0.00390625 0.00625 -0.00390625 -0.0140625 Front_Left: 0.0 0.0 21.8984375 Back_Left: 0.0 0.0 25.15234375 Back_Right: 0.0 0.0 24.9609375 Front_Right: 0.0 0.0 22.85546875 Pickup: 0.0 Shooter: 0.0 5.855316162109375
153990308860 Joystick axes: 0.0078125 -0.0078125 -0.0078125 Motor Outputs: -0.00390625 0.00625 -0.00390625 -0.0140625 Front_Left: 0.0 0.0 22.28125 Back_Left: 0.0 0.0 25.15234375 Back_Right: 0.0 0.0 25.53515625 Front_Right: 0.0 0.0 22.85546875 Pickup: 0.0 Shooter: 0.0 5.855316162109375
153990308994 Joystick axes: 0.0078125 -0.0078125 -0.0078125 Motor Outputs: -0.00390625 0.00625 -0.00390625 -0.0140625 Front_Left: 0.0 0.0 22.6640625 Back_Left: 0.0 0.0 25.53515625 Back_Right: 0.0 0.0 25.34375 Front_Right: 0.0 0.0 23.046875 Pickup: 0.0 Shooter: 0.0 5.855316162109375
153990309120 Joystick axes: 0.0078125 -0.0078125 -0.0078125 Motor Outputs: -0.00390625 0.00625 -0.00390625 -0.0140625 Front_Left: 0.0 0.0 22.85546875 Back_Left: 0.0 0.0 25.15234375 Back_Right: 0.0 0.0 25.34375 Front_Right: 0.0 0.0 22.85546875 Pickup: 0.0 Shooter: 0.0 5.8650970458984375
153990309269 Joystick axes: 0.0078125 -0.0078125 -0.0078125 Motor Outputs: -0.00390625 0.00625 -0.00390625 -0.0140625 Front_Left: 0.0 0.0 22.85546875 Back_Left: 0.0 0.0 25.7265625 Back_Right: 0.0 0.0 24.9609375 Front_Right: 0.0 0.0 22.85546875 Pickup: 0.0 Shooter: 0.0 5.855316162109375
153990309399 Joystick axes: 0.0078125 -0.0078125 -0.0078125 Motor Outputs: -0.00390625 0.00625 -0.00390625 -0.0140625 Front_Left: 0.0 0.0 22.6640625 Back_Left: 0.0 0.0 25.53515625 Back_Right: 0.0 0.0 25.15234375 Front_Right: 0.0 0.0 23.046875 Pickup: 0.0 Shooter: 0.0 5.855316162109375
153990309540 Joystick axes: 0.0078125 -0.0078125 -0.0078125 Motor Outputs: -0.00390625 0.00625 -0.00390625 -0.0140625 Front_Left: 0.0 0.0 21.70703125 Back_Left: 0.0 0.0 24.76953125 Back_Right: 0.0 0.0 25.15234375 Front_Right: 0.0 0.0 23.23828125 Pickup: 0.0 Shooter: 0.0 5.845550537109375
153990309686 Joystick axes: 0.0078125 -0.0078125 -0.0078125 Motor Outputs: -0.00390625 0.00625 -0.00390625 -0.0140625 Front_Left: 0.0 0.0 22.08984375 Back_Left: 0.0 0.0 25.15234375 Back_Right: 0.0 0.0 25.34375 Front_Right: 0.0 0.0 23.8125 Pickup: 0.0 Shooter: 0.0 5.8650970458984375
153990309827 Joystick axes: 0.0078125 -0.0078125 -0.0078125 Motor Outputs: -0.00390625 0.00625 -0.00390625 -0.0140625 Front_Left: 0.0 0.0 22.6640625 Back_Left: 0.0 0.0 25.7265625 Back_Right: 0.0 0.0 25.34375 Front_Right: 0.0 0.0 23.23828125 Pickup: 0.0 Shooter: 0.0 5.855316162109375
153990309958 Joystick axes: 0.0078125 -0.0078125 -0.0078125 Motor Outputs: -0.00390625 0.00625 -0.00390625 -0.0140625 Front_Left: 0.0 0.0 22.6640625 Back_Left: 0.0 0.0 25.34375 Back_Right: 0.0 0.0 25.15234375 Front_Right: 0.0 0.0 22.85546875 Pickup: 0.0 Shooter: 0.0 5.8650970458984375
153990310076 Joystick axes: 0.0078125 -0.0078125 -0.0078125 Motor Outputs: -0.00390625 0.00625 -0.00390625 -0.0140625 Front_Left: 0.0 0.0 22.47265625 Back_Left: 0.0 0.0 25.53515625 Back_Right: 0.0 0.0 25.15234375 Front_Right: 0.0 0.0 23.046875 Pickup: 0.0 Shooter: 0.0 5.855316162109375
153990310207 Joystick axes: 0.0078125 -0.0078125 -0.0078125 Motor Outputs: -0.00390625 0.00625 -0.00390625 -0.0140625 Front_Left: 0.0 0.0 22.6640625 Back_Left: 0.0 0.0 25.34375 Back_Right: 0.0 0.0 25.15234375 Front_Right: 0.0 0.0 22.08984375 Pickup: 0.0 Shooter: 0.0 5.845550537109375
153990310335 Joystick axes: 0.0078125 -0.0078125 -0.0078125 Motor Outputs: -0.00390625 0.00625 -0.00390625 -0.0140625 Front_Left: 0.0 0.0 22.6640625 Back_Left: 0.0 0.0 24.9609375 Back_Right: 0.0 0.0 25.15234375 Front_Right: 0.0 0.0 22.28125 Pickup: 0.0 Shooter: 0.0 5.855316162109375
153990310458 Joystick axes: 0.0078125 -0.0078125 -0.0078125 Motor Outputs: -0.00390625 0.00625 -0.00390625 -0.0140625 Front_Left: 0.0 0.0 23.8125 Back_Left: 0.0 0.0 25.15234375 Back_Right: 0.0 0.0 25.34375 Front_Right: 0.0 0.0 23.046875 Pickup: 0.0 Shooter: 0.0 5.8650970458984375
153990310589 Joystick axes: 0.0078125 -0.0078125 -0.0078125 Motor Outputs: -0.00390625 0.00625 -0.00390625 -0.0140625 Front_Left: 0.0 0.0 22.6640625 Back_Left: 0.0 0.0 25.15234375 Back_Right: 0.0 0.0 25.15234375 Front_Right: 0.0 0.0 23.62109375 Pickup: 0.0 Shooter: 0.0 5.855316162109375
153990310718 Joystick axes: 0.0078125 -0.0078125 -0.0078125 Motor Outputs: -0.00390625 0.00625 -0.00390625 -0.0140625 Front_Left: 0.0 0.0 22.47265625 Back_Left: 0.0 0.0 25.53515625 Back_Right: 0.0 0.0 25.34375 Front_Right: 0.0 0.0 22.6640625 Pickup: 0.0 Shooter: 0.0 5.855316162109375
153990310840 Joystick axes: 0.0078125 -0.0078125 -0.0078125 Motor Outputs: -0.00390625 0.00625 -0.00390625 -0.0140625 Front_Left: 0.0 0.0 22.47265625 Back_Left: 0.0 0.0 25.34375 Back_Right: 0.0 0.0 25.34375 Front_Right: 0.0 0.0 23.046875 Pickup: 0.0 Shooter: 0.0 5.845550537109375
153990310966 Joystick axes: 0.0078125 -0.0078125 -0.0078125 Motor Outputs: -0.00390625 0.00625 -0.00390625 -0.0140625 Front_Left: 0.0 0.0 22.6640625 Back_Left: 0.0 0.0 25.53515625 Back_Right: 0.0 0.0 25.53515625 Front_Right: 0.0 0.0 23.4296875 Pickup: 0.0 Shooter: 0.0 5.845550537109375
153990311098 Joystick axes: 0.0078125 -0.0078125 -0.0078125 Motor Outputs: -0.00390625 0.00625 -0.00390625 -0.0140625 Front_Left: 0.0 0.0 22.47265625 Back_Left: 0.0 0.0 24.9609375 Back_Right: 0.0 0.0 25.15234375 Front_Right: 0.0 0.0 22.6640625 Pickup: 0.0 Shooter: 0.0 5.855316162109375
153990311219 Joystick axes: 0.0078125 -0.0078125 -0.0078125 Motor Outputs: -0.00390625 0.00625 -0.00390625 -0.0140625 Front_Left: 0.0 0.0 22.08984375 Back_Left: 0.0 0.0 25.91796875 Back_Right: 0.0 0.0 24.9609375 Front_Right: 0.0 0.0 23.046875 Pickup: 0.0 Shooter: 0.0 5.8650970458984375
153990311337 Joystick axes: 0.0078125 -0.0078125 -0.0078125 Motor Outputs: -0.00390625 0.00625 -0.00390625 -0.0140625 Front_Left: 0.0 0.0 22.28125 Back_Left: 0.0 0.0 25.53515625 Back_Right: 0.0 0.0 25.34375 Front_Right: 0.0 0.0 22.47265625 Pickup: 0.0 Shooter: 0.0 5.8650970458984375
153990311460 Joystick axes: 0.0078125 -0.0078125 -0.0078125 Motor Outputs: -0.00390625 0.00625 -0.00390625 -0.0140625 Front_Left: 0.0 0.0 22.6640625 Back_Left: 0.0 0.0 26.30078125 Back_Right: 0.0 0.0 25.15234375 Front_Right: 0.0 0.0 22.6640625 Pickup: 0.0 Shooter: 0.0 5.855316162109375
153990311599 Joystick axes: 0.0078125 -0.0078125 -0.0078125 Motor Outputs: -0.00390625 0.00625 -0.00390625 -0.0140625 Front_Left: 0.0 0.0 22.47265625 Back_Left: 0.0 0.0 26.109375 Back_Right: 0.0 0.0 25.15234375 Front_Right: 0.0 0.0 23.4296875 Pickup: 0.0 Shooter: 0.0 5.855316162109375
153990311726 Joystick axes: 0.0078125 -0.0078125 -0.0078125 Motor Outputs: -0.00390625 0.00625 -0.00390625 -0.0140625 Front_Left: 0.0 0.0 22.08984375 Back_Left: 0.0 0.0 25.7265625 Back_Right: 0.0 0.0 25.34375 Front_Right: 0.0 0.0 23.4296875 Pickup: 0.0 Shooter: 0.0 5.855316162109375
153990311846 Joystick axes: 0.0078125 -0.0078125 -0.0078125 Motor Outputs: -0.00390625 0.00625 -0.00390625 -0.0140625 Front_Left: 0.0 0.0 22.28125 Back_Left: 0.0 0.0 25.34375 Back_Right: 0.0 0.0 25.15234375 Front_Right: 0.0 0.0 22.6640625 Pickup: 0.0 Shooter: 0.0 5.845550537109375
153990311978 Joystick axes: 0.0078125 -0.0078125 -0.0078125 Motor Outputs: -0.00390625 0.00625 -0.00390625 -0.0140625 Front_Left: 0.0 0.0 22.85546875 Back_Left: 0.0 0.0 25.34375 Back_Right: 0.0 0.0 25.15234375 Front_Right: 0.0 0.0 22.85546875 Pickup: 0.0 Shooter: 0.0 5.8650970458984375
153990312108 Joystick axes: 0.0078125 -0.0078125 -0.0078125 Motor Outputs: -0.00390625 0.00625 -0.00390625 -0.0140625 Front_Left: 0.0 0.0 22.6640625 Back_Left: 0.0 0.0 25.34375 Back_Right: 0.0 0.0 25.15234375 Front_Right: 0.0 0.0 22.6640625 Pickup: 0.0 Shooter: 0.0 5.855316162109375
153990312254 Joystick axes: 0.0078125 -0.0078125 -0.0078125 Motor Outputs: -0.00390625 0.00625 -0.00390625 -0.0140625 Front_Left: 0.0 0.0 22.85546875 Back_Left: 0.0 0.0 26.109375 Back_Right: 0.0 0.0 24.9609375 Front_Right: 0.0 0.0 22.85546875 Pickup: 0.0 Shooter: 0.0 5.855316162109375
153990312380 Joystick axes: 0.0078125 -0.0078125 -0.0078125 Motor Outputs: -0.00390625 0.00625 -0.00390625 -0.0140625 Front_Left: 0.0 0.0 23.4296875 Back_Left: 0.0 0.0 27.06640625 Back_Right: 0.0 0.0 25.15234375 Front_Right: 0.0 0.0 22.47265625 Pickup: 0.0 Shooter: 0.0 5.855316162109375
153990312506 Joystick axes: 0.0078125 -0.0078125 -0.0078125 Motor Outputs: -0.00390625 0.00625 -0.00390625 -0.0140625 Front_Left: 0.0 0.0 22.85546875 Back_Left: 0.0 0.0 26.109375 Back_Right: 0.0 0.0 25.91796875 Front_Right: 0.0 0.0 22.85546875 Pickup: 0.0 Shooter: 0.0 5.845550537109375
153990312626 Joystick axes: 0.0078125 -0.0078125 -0.0078125 Motor Outputs: -0.00390625 0.00625 -0.00390625 -0.0140625 Front_Left: 0.0 0.0 22.6640625 Back_Left: 0.0 0.0 25.53515625 Back_Right: 0.0 0.0 25.15234375 Front_Right: 0.0 0.0 23.046875 Pickup: 0.0 Shooter: 0.0 5.845550537109375
153990312745 Joystick axes: 0.0078125 -0.0078125 -0.0078125 Motor Outputs: -0.00390625 0.00625 -0.00390625 -0.0140625 Front_Left: 0.0 0.0 22.28125 Back_Left: 0.0 0.0 25.34375 Back_Right: 0.0 0.0 25.34375 Front_Right: 0.0 0.0 22.85546875 Pickup: 0.0 Shooter: 0.0 5.8650970458984375
153990312867 Joystick axes: 0.0078125 -0.0078125 -0.0078125 Motor Outputs: -0.00390625 0.00625 -0.00390625 -0.0140625 Front_Left: 0.0 0.0 22.47265625 Back_Left: 0.0 0.0 25.53515625 Back_Right: 0.0 0.0 24.76953125 Front_Right: 0.0 0.0 22.6640625 Pickup: 0.0 Shooter: 0.0 5.8650970458984375
153990313007 Joystick axes: 0.0078125 -0.0078125 -0.0078125 Motor Outputs: -0.00390625 0.00625 -0.00390625 -0.0140625 Front_Left: 0.0 0.0 22.28125 Back_Left: 0.0 0.0 25.53515625 Back_Right: 0.0 0.0 24.9609375 Front_Right: 0.0 0.0 23.046875 Pickup: 0.0 Shooter: 0.0 5.845550537109375
153990313127 Joystick axes: 0.0078125 -0.0078125 -0.0078125 Motor Outputs: -0.00390625 0.00625 -0.00390625 -0.0140625 Front_Left: 0.0 0.0 22.6640625 Back_Left: 0.0 0.0 25.91796875 Back_Right: 0.0 0.0 25.15234375 Front_Right: 0.0 0.0 23.62109375 Pickup: 0.0 Shooter: 0.0 5.855316162109375
153990313267 Joystick axes: 0.0078125 -0.0078125 -0.0078125 Motor Outputs: -0.00390625 0.00625 -0.00390625 -0.0140625 Front_Left: 0.0 0.0 22.47265625 Back_Left: 0.0 0.0 24.9609375 Back_Right: 0.0 0.0 25.34375 Front_Right: 0.0 0.0 23.046875 Pickup: 0.0 Shooter: 0.0 5.855316162109375
153990313395 Joystick axes: 0.0078125 -0.0078125 -0.0078125 Motor Outputs: -0.00390625 0.00625 -0.00390625 -0.0140625 Front_Left: 0.0 0.0 22.28125 Back_Left: 0.0 0.0 25.15234375 Back_Right: 0.0 0.0 24.76953125 Front_Right: 0.0 0.0 23.046875 Pickup: 0.0 Shooter: 0.0 5.855316162109375
153990313527 Joystick axes: 0.0078125 -0.0078125 -0.0078125 Motor Outputs: -0.00390625 0.00625 -0.00390625 -0.0140625 Front_Left: 0.0 0.0 23.046875 Back_Left: 0.0 0.0 25.15234375 Back_Right: 0.0 0.0 24.9609375 Front_Right: 0.0 0.0 23.23828125 Pickup: 0.0 Shooter: 0.0 5.8650970458984375
153990313654 Joystick axes: 0.0078125 -0.0078125 -0.0078125 Motor Outputs: -0.00390625 0.00625 -0.00390625 -0.0140625 Front_Left: 0.0 0.0 23.4296875 Back_Left: 0.0 0.0 24.38671875 Back_Right: 0.0 0.0 25.34375 Front_Right: 0.0 0.0 23.046875 Pickup: 0.0 Shooter: 0.0 5.855316162109375
153990313786 Joystick axes: 0.0078125 -0.0078125 -0.0078125 Motor Outputs: -0.00390625 0.00625 -0.00390625 -0.0140625 Front_Left: 0.0 0.0 23.046875 Back_Left: 0.0 0.0 25.91796875 Back_Right: 0.0 0.0 25.15234375 Front_Right: 0.0 0.0 22.85546875 Pickup: 0.0 Shooter: 0.0 5.855316162109375
153990313906 Joystick axes: 0.0078125 -0.0078125 -0.0078125 Motor Outputs: -0.00390625 0.00625 -0.00390625 -0.0140625 Front_Left: 0.0 0.0 22.47265625 Back_Left: 0.0 0.0 25.34375 Back_Right: 0.0 0.0 25.34375 Front_Right: 0.0 0.0 22.6640625 Pickup: 0.0 Shooter: 0.0 5.855316162109375
153990314026 Joystick axes: 0.0078125 -0.0078125 -0.0078125 Motor Outputs: -0.00390625 0.00625 -0.00390625 -0.0140625 Front_Left: 0.0 0.0 23.23828125 Back_Left: 0.0 0.0 25.7265625 Back_Right: 0.0 0.0 25.15234375 Front_Right: 0.0 0.0 22.85546875 Pickup: 0.0 Shooter: 0.0 5.855316162109375
153990314146 Joystick axes: 0.0078125 -0.0078125 -0.0078125 Motor Outputs: -0.00390625 0.00625 -0.00390625 -0.0140625 Front_Left: 0.0 0.0 22.85546875 Back_Left: 0.0 0.0 24.9609375 Back_Right: 0.0 0.0 24.9609375 Front_Right: 0.0 0.0 22.6640625 Pickup: 0.0 Shooter: 0.0 5.855316162109375
153990314273 Joystick axes: 0.0078125 -0.0078125 -0.0078125 Motor Outputs: -0.00390625 0.00625 -0.00390625 -0.0140625 Front_Left: 0.0 0.0 22.6640625 Back_Left: 0.0 0.0 25.7265625 Back_Right: 0.0 0.0 25.15234375 Front_Right: 0.0 0.0 22.85546875 Pickup: 0.0 Shooter: 0.0 5.855316162109375
153990314390 Joystick axes: 0.0078125 -0.0078125 -0.0078125 Motor Outputs: -0.00390625 0.00625 -0.00390625 -0.0140625 Front_Left: 0.0 0.0 22.6640625 Back_Left: 0.0 0.0 25.34375 Back_Right: 0.0 0.0 25.53515625 Front_Right: 0.0 0.0 23.23828125 Pickup: 0.0 Shooter: 0.0 5.855316162109375
153990314528 Joystick axes: 0.0078125 -0.0078125 -0.0078125 Motor Outputs: -0.00390625 0.00625 -0.00390625 -0.0140625 Front_Left: 0.0 0.0 22.28125 Back_Left: 0.0 0.0 25.7265625 Back_Right: 0.0 0.0 25.34375 Front_Right: 0.0 0.0 22.85546875 Pickup: 0.0 Shooter: 0.0 5.8650970458984375
153990314649 Joystick axes: 0.0078125 -0.0078125 -0.0078125 Motor Outputs: -0.00390625 0.00625 -0.00390625 -0.0140625 Front_Left: 0.0 0.0 22.85546875 Back_Left: 0.0 0.0 25.53515625 Back_Right: 0.0 0.0 24.9609375 Front_Right: 0.0 0.0 22.6640625 Pickup: 0.0 Shooter: 0.0 5.8650970458984375
153990314773 Joystick axes: 0.0078125 -0.0078125 -0.0078125 Motor Outputs: -0.00390625 0.00625 -0.00390625 -0.0140625 Front_Left: 0.0 0.0 23.23828125 Back_Left: 0.0 0.0 25.34375 Back_Right: 0.0 0.0 25.53515625 Front_Right: 0.0 0.0 23.23828125 Pickup: 0.0 Shooter: 0.0 5.855316162109375
153990314907 Joystick axes: 0.0078125 -0.0078125 -0.0078125 Motor Outputs: -0.00390625 0.00625 -0.00390625 -0.0140625 Front_Left: 0.0 0.0 22.47265625 Back_Left: 0.0 0.0 26.30078125 Back_Right: 0.0 0.0 25.15234375 Front_Right: 0.0 0.0 23.23828125 Pickup: 0.0 Shooter: 0.0 5.855316162109375
153990315039 Joystick axes: 0.0078125 -0.0078125 -0.0078125 Motor Outputs: -0.00390625 0.00625 -0.00390625 -0.0140625 Front_Left: 0.0 0.0 22.47265625 Back_Left: 0.0 0.0 25.53515625 Back_Right: 0.0 0.0 25.34375 Front_Right: 0.0 0.0 22.6640625 Pickup: 0.0 Shooter: 0.0 5.855316162109375
153990315168 Joystick axes: 0.0078125 -0.0078125 -0.0078125 Motor Outputs: -0.00390625 0.00625 -0.00390625 -0.0140625 Front_Left: 0.0 0.0 22.47265625 Back_Left: 0.0 0.0 25.53515625 Back_Right: 0.0 0.0 24.578125 Front_Right: 0.0 0.0 22.85546875 Pickup: 0.0 Shooter: 0.0 5.8650970458984375
153990315308 Joystick axes: 0.0078125 -0.0078125 -0.0078125 Motor Outputs: -0.00390625 0.00625 -0.00390625 -0.0140625 Front_Left: 0.0 0.0 23.046875 Back_Left: 0.0 0.0 25.34375 Back_Right: 0.0 0.0 25.7265625 Front_Right: 0.0 0.0 23.62109375 Pickup: 0.0 Shooter: 0.0 5.8650970458984375
153990315446 Joystick axes: 0.0078125 -0.0078125 -0.0078125 Motor Outputs: -0.00390625 0.00625 -0.00390625 -0.0140625 Front_Left: 0.0 0.0 22.6640625 Back_Left: 0.0 0.0 25.7265625 Back_Right: 0.0 0.0 25.15234375 Front_Right: 0.0 0.0 22.6640625 Pickup: 0.0 Shooter: 0.0 5.8650970458984375
153990315579 Joystick axes: 0.0078125 -0.0078125 -0.0078125 Motor Outputs: -0.00390625 0.00625 -0.00390625 -0.0140625 Front_Left: 0.0 0.0 22.6640625 Back_Left: 0.0 0.0 24.1953125 Back_Right: 0.0 0.0 24.9609375 Front_Right: 0.0 0.0 23.4296875 Pickup: 0.0 Shooter: 0.0 5.845550537109375
153990315700 Joystick axes: 0.0078125 -0.0078125 -0.0078125 Motor Outputs: -0.00390625 0.00625 -0.00390625 -0.0140625 Front_Left: 0.0 0.0 22.6640625 Back_Left: 0.0 0.0 25.53515625 Back_Right: 0.0 0.0 25.53515625 Front_Right: 0.0 0.0 23.62109375 Pickup: 0.0 Shooter: 0.0 5.855316162109375
153990315804 Joystick axes: 0.0078125 -0.0078125 -0.0078125 Motor Outputs: -0.00390625 0.00625 -0.00390625 -0.0140625 Front_Left: 0.0 0.0 22.47265625 Back_Left: 0.0 0.0 26.30078125 Back_Right: 0.0 0.0 25.34375 Front_Right: 0.0 0.0 23.4296875 Pickup: 0.0 Shooter: 0.0 5.855316162109375
