Timestamp Driver_Joy_Y Driver_Joy_X Driver_Joy_W FL_Out BL_Out BR_Out FR_Out FL_Jag_Speed FL_Bus_Voltage FL_Out_Voltage FL_Out_Current FL_Temp BL_Jag_Speed BL_Bus_Voltage BL_Out_Voltage BL_Out_Current BL_Temp BR_Jag_Speed BR_Bus_Voltage BR_Out_Voltage BR_Out_Current BR_Temp FR_Jag_Speed FR_Bus_Voltage FR_Out_Voltage FR_Out_Current FR_Temp
542.401 -0.0 0.0 -0.0078125 -0.03938533729314801 -0.039385337293148096 0.03938533729314801 0.039385337293148096 0.0 12.76171875 0.0 0.0 22.47265625 0.0 12.65625 0.0 0.0 24.578125 0.0 12.83203125 0.0 0.0 24.9609375 0.0 12.76171875 0.0 0.0 23.23828125 0.0 4.731170654296875
542.58 -0.0 0.0 -0.0078125 0.0 0.0 -0.0 -0.0 0.0 12.76171875 0.0 0.0 23.23828125 0.0 12.65625 0.0 0.0 25.53515625 0.0 12.83203125 0.0 0.0 25.34375 0.0 12.796875 0.0 0.0 22.47265625 0.0 4.731170654296875
542.766 -0.0 0.0 -0.0078125 0.0 0.0 -0.0 -0.0 0.0 12.76171875 0.0 0.0 22.6640625 0.0 12.65625 0.0 0.0 25.15234375 0.0 12.83203125 0.0 0.0 24.76953125 0.0 12.796875 0.0 0.0 22.85546875 0.0 4.731170654296875
542.953 -0.0 0.0 -0.0078125 0.0 0.0 -0.0 -0.0 0.0 12.796875 0.0 0.0 22.85546875 0.0 12.65625 0.0 0.0 25.15234375 0.0 12.83203125 0.0 0.0 24.578125 0.0 12.796875 0.0 0.0 22.6640625 0.0 4.721405029296875
543.136 -0.0 0.0 -0.0078125 0.0 0.0 -0.0 -0.0 0.0 12.76171875 0.0 0.0 21.8984375 0.0 11.70703125 0.0 0.0 24.76953125 0.0 11.953125 0.0 0.0 24.9609375 0.0 11.953125 0.0 0.0 22.6640625 0.0 4.721405029296875
543.304 -0.0 0.0 -0.0078125 0.0 0.0 -0.0 -0.0 0.0 11.98828125 0.0 0.0 23.046875 0.0 11.91796875 0.0 0.0 24.38671875 0.0 12.09375 0.0 0.0 24.9609375 0.0 12.09375 0.0 0.0 22.28125 0.0 4.721405029296875
543.484 -0.0 0.0 -0.0078125 0.0 0.0 -0.0 -0.0 0.0 12.05859375 0.0 0.0 23.046875 0.0 12.0234375 0.0 0.0 25.34375 0.0 12.19921875 0.0 0.0 25.34375 0.0 12.1640625 0.0 0.0 22.47265625 0.0 4.721405029296875
543.674 -0.0 0.0 -0.0078125 0.0 0.0 -0.0 -0.0 0.0 12.19921875 0.0 0.0 22.47265625 0.0 12.05859375 0.0 0.0 25.91796875 0.0 12.234375 0.0 0.0 25.34375 0.0 12.234375 0.0 0.0 22.85546875 0.0 4.721405029296875
543.843 -0.0 0.0 -0.0078125 0.0 0.0 -0.0 -0.0 0.0 12.55078125 0.0 0.0 22.28125 0.0 12.515625 0.0 0.0 25.53515625 0.0 12.7265625 0.0 0.0 25.34375 0.0 12.69140625 0.0 0.0 22.6640625 0.0 4.721405029296875
544.033 -0.0 0.0 -0.0078125 0.0 0.0 -0.0 -0.0 0.0 12.65625 0.0 0.0 22.08984375 0.0 12.55078125 0.0 0.0 25.91796875 0.0 12.7265625 0.0 0.0 24.38671875 0.0 12.69140625 0.0 0.0 22.85546875 0.0 4.721405029296875
544.215 -0.0 0.0 -0.0078125 0.0 0.0 -0.0 -0.0 0.0 12.69140625 0.0 0.0 22.47265625 0.0 12.55078125 0.0 0.0 25.15234375 0.0 12.76171875 0.0 0.0 24.76953125 0.0 12.69140625 0.0 0.0 23.046875 0.0 4.731170654296875
544.394 -0.0 0.0 -0.0078125 0.0 0.0 -0.0 -0.0 0.0 12.69140625 0.0 0.0 22.6640625 0.0 12.5859375 0.0 0.0 24.9609375 0.0 12.76171875 0.0 0.0 25.34375 0.0 12.69140625 0.0 0.0 22.6640625 0.0 4.721405029296875
544.565 -0.0 0.0 -0.0078125 0.0 0.0 -0.0 -0.0 0.0 12.69140625 0.0 0.0 23.046875 0.0 12.5859375 0.0 0.0 26.4921875 0.0 12.76171875 0.0 0.0 25.34375 0.0 12.7265625 0.0 0.0 23.4296875 0.0 4.721405029296875
544.749 -0.0 0.0 -0.0078125 0.0 0.0 -0.0 -0.0 0.0 12.69140625 0.0 0.0 22.28125 0.0 10.72265625 0.0 0.0 24.578125 0.0 11.00390625 0.0 0.0 24.76953125 0.0 11.07421875 0.0 0.0 22.6640625 0.0 4.721405029296875
544.929 -0.0 0.0 -0.0078125 0.0 0.0 -0.0 -0.0 0.0 11.07421875 0.0 0.0 22.28125 0.0 11.07421875 0.0 0.0 24.9609375 0.0 11.42578125 0.0 0.0 25.15234375 0.0 11.3203125 0.0 0.0 22.28125 0.0 4.731170654296875
545.105 -0.0 0.0 -0.0078125 0.0 0.0 -0.0 -0.0 0.0 11.49609375 0.0 0.0 22.47265625 0.0 11.3203125 0.0 0.0 25.34375 0.0 11.6015625 0.0 0.0 24.76953125 0.0 11.56640625 0.0 0.0 22.47265625 0.0 4.721405029296875
545.305 -0.0 0.0 -0.0078125 0.0 0.0 -0.0 -0.0 0.0 12.41015625 0.0 0.0 22.47265625 0.0 12.41015625 0.0 0.0 25.15234375 0.0 12.5859375 0.0 0.0 24.9609375 0.0 12.55078125 0.0 0.0 22.6640625 0.0 4.721405029296875
545.485 -0.0 0.0 -0.0078125 0.0 0.0 -0.0 -0.0 0.0 12.55078125 0.0 0.0 22.47265625 0.0 12.4453125 0.0 0.0 24.9609375 0.0 12.62109375 0.0 0.0 24.9609375 0.0 12.5859375 0.0 0.0 23.046875 0.0 4.721405029296875
545.67 -0.0 0.0 -0.0078125 0.0 0.0 -0.0 -0.0 0.0 12.5859375 0.0 0.0 23.046875 0.0 12.4453125 0.0 0.0 25.53515625 0.0 12.65625 0.0 0.0 25.15234375 0.0 12.5859375 0.0 0.0 21.8984375 0.0 4.731170654296875
545.849 -0.0 0.0 -0.0078125 0.0 0.0 -0.0 -0.0 0.0 12.5859375 0.0 0.0 23.046875 0.0 12.48046875 0.0 0.0 25.15234375 0.0 12.65625 0.0 0.0 25.15234375 0.0 12.62109375 0.0 0.0 22.85546875 0.0 4.721405029296875
546.024 -0.0 0.0 -0.0078125 0.0 0.0 -0.0 -0.0 0.0 12.5859375 0.0 0.0 22.28125 0.0 12.48046875 0.0 0.0 25.34375 0.0 12.69140625 0.0 0.0 24.9609375 0.0 12.62109375 0.0 0.0 23.046875 0.0 4.721405029296875
546.231 -0.0 0.0 -0.0078125 0.0 0.0 -0.0 -0.0 0.0 12.62109375 0.0 0.0 22.28125 0.0 12.515625 0.0 0.0 25.7265625 0.0 12.69140625 0.0 0.0 25.53515625 0.0 12.62109375 0.0 0.0 22.85546875 0.0 4.731170654296875
546.415 -0.0 0.0 -0.0078125 0.0 0.0 -0.0 -0.0 0.0 12.62109375 0.0 0.0 22.6640625 0.0 12.515625 0.0 0.0 24.9609375 0.0 12.69140625 0.0 0.0 25.15234375 0.0 12.65625 0.0 0.0 23.046875 0.0 4.721405029296875
546.585 -0.0 0.0 -0.0078125 0.0 0.0 -0.0 -0.0 0.0 12.65625 0.0 0.0 23.046875 0.0 12.515625 0.0 0.0 25.34375 0.0 12.69140625 0.0 0.0 25.15234375 0.0 12.65625 0.0 0.0 23.046875 0.0 4.731170654296875
546.764 -0.0 0.0 -0.0078125 0.0 0.0 -0.0 -0.0 0.0 12.65625 0.0 0.0 22.85546875 0.0 12.515625 0.0 0.0 24.76953125 0.0 12.69140625 0.0 0.0 24.578125 0.0 12.65625 0.0 0.0 22.85546875 0.0 4.731170654296875
546.944 -0.0 0.0 -0.0078125 0.0 0.0 -0.0 -0.0 0.0 12.65625 0.0 0.0 22.6640625 0.0 12.55078125 0.0 0.0 25.34375 0.0 12.7265625 0.0 0.0 25.15234375 0.0 12.65625 0.0 0.0 23.23828125 0.0 4.721405029296875
547.13 -0.0 0.0 -0.0078125 0.0 0.0 -0.0 -0.0 0.0 12.65625 0.0 0.0 22.28125 0.0 12.55078125 0.0 0.0 24.9609375 0.0 12.7265625 0.0 0.0 25.53515625 0.0 12.65625 0.0 0.0 22.47265625 0.0 4.731170654296875
547.317 -0.0 0.0 -0.0078125 0.0 0.0 -0.0 -0.0 0.0 12.65625 0.0 0.0 22.47265625 0.0 12.515625 0.0 0.0 25.15234375 0.0 12.7265625 0.0 0.0 24.9609375 0.0 12.69140625 0.0 0.0 22.85546875 0.0 4.731170654296875
547.484 -0.0 0.0 -0.0078125 0.0 0.0 -0.0 -0.0 0.0 12.65625 0.0 0.0 22.47265625 0.0 12.515625 0.0 0.0 25.15234375 0.0 12.7265625 0.0 0.0 24.38671875 0.0 12.69140625 0.0 0.0 23.23828125 0.0 4.731170654296875
547.673 -0.0 0.0 -0.0078125 0.0 0.0 -0.0 -0.0 0.0 12.65625 0.0 0.0 22.6640625 0.0 12.55078125 0.0 0.0 24.9609375 0.0 12.7265625 0.0 0.0 24.578125 0.0 12.69140625 0.0 0.0 22.6640625 0.0 4.731170654296875
547.845 -0.0 0.0 -0.0078125 0.0 0.0 -0.0 -0.0 0.0 12.65625 0.0 0.0 21.8984375 0.0 12.55078125 0.0 0.0 25.91796875 0.0 12.7265625 0.0 0.0 25.34375 0.0 12.69140625 0.0 0.0 23.23828125 0.0 4.731170654296875
548.034 -0.0 0.0 -0.0078125 0.0 0.0 -0.0 -0.0 0.0 12.69140625 0.0 0.0 23.046875 0.0 12.55078125 0.0 0.0 24.9609375 0.0 12.7265625 0.0 0.0 24.9609375 0.0 12.69140625 0.0 0.0 23.046875 0.0 4.721405029296875
548.229 -0.0 0.0 -0.0078125 0.0 0.0 -0.0 -0.0 0.0 12.65625 0.0 0.0 22.85546875 0.0 12.55078125 0.0 0.0 25.34375 0.0 12.7265625 0.0 0.0 24.9609375 0.0 12.69140625 0.0 0.0 22.6640625 0.0 4.721405029296875
548.414 -0.0 0.0 -0.0078125 0.0 0.0 -0.0 -0.0 0.0 12.69140625 0.0 0.0 23.046875 0.0 12.5859375 0.0 0.0 25.34375 0.0 12.7265625 0.0 0.0 24.76953125 0.0 12.69140625 0.0 0.0 22.85546875 0.0 4.721405029296875
