Timestamp Driver_Joy_Y Driver_Joy_X Driver_Joy_W FL_Out BL_Out BR_Out FR_Out FL_Jag_Speed FL_Bus_Voltage FL_Out_Voltage FL_Out_Current FL_Temp BL_Jag_Speed BL_Bus_Voltage BL_Out_Voltage BL_Out_Current BL_Temp BR_Jag_Speed BR_Bus_Voltage BR_Out_Voltage BR_Out_Current BR_Temp FR_Jag_Speed FR_Bus_Voltage FR_Out_Voltage FR_Out_Current FR_Temp
154511991445 -0.0 -0.0078125 0.0 0.005078124999999999 -0.005078125000000001 -0.005078124999999999 0.005078125000000001 0.0 12.62109375 0.0 0.0 24.00390625 0.0 12.515625 0.0 0.0 26.68359375 0.0 12.65625 0.0 0.0 26.30078125 0.0 12.65625 0.0 0.0 23.8125 0.0 5.8064422607421875
154511991692 -0.0 -0.0078125 0.0 0.005078124999999999 -0.005078125000000001 -0.005078124999999999 0.005078125000000001 0.0 12.55078125 0.0 0.0 23.8125 0.0 12.4453125 0.0 0.0 26.875 0.0 12.55078125 0.0 0.0 26.30078125 0.0 12.55078125 0.0 0.0 24.00390625 0.0 5.796661376953125
154511991872 -0.0 -0.0078125 0.0 0.005078124999999999 -0.005078125000000001 -0.005078124999999999 0.005078125000000001 0.0 12.5859375 0.0 0.0 24.38671875 0.0 12.4453125 0.0 0.0 26.875 0.0 12.65625 0.0 0.0 26.4921875 0.0 12.48046875 0.0 0.0 24.1953125 0.0 5.796661376953125
154511992050 -0.0 -0.0078125 0.0 0.005078124999999999 -0.005078125000000001 -0.005078124999999999 0.005078125000000001 0.0 12.55078125 0.0 0.0 24.38671875 0.0 12.41015625 0.0 0.0 26.68359375 0.0 12.62109375 0.0 0.0 26.4921875 0.0 12.62109375 0.0 0.0 24.578125 0.0 5.796661376953125
154511992224 -0.0 -0.0078125 0.0 0.005078124999999999 -0.005078125000000001 -0.005078124999999999 0.005078125000000001 0.0 12.5859375 0.0 0.0 25.34375 0.0 12.41015625 0.0 0.0 26.4921875 0.0 12.62109375 0.0 0.0 26.68359375 0.0 12.5859375 0.0 0.0 24.00390625 0.0 5.796661376953125
154511992410 -0.0 -0.0078125 0.0 0.005078124999999999 -0.005078125000000001 -0.005078124999999999 0.005078125000000001 0.0 12.515625 0.0 0.0 24.9609375 0.0 12.41015625 0.0 0.0 26.109375 0.0 12.5859375 0.0 0.0 26.30078125 0.0 12.5859375 0.0 0.0 24.38671875 0.0 5.796661376953125
154511992584 -0.1732283464566929 0.05511811023622047 0.0 0.06649544783464567 0.05633919783464566 -0.06649544783464567 -0.05633919783464566 0.0 12.48046875 0.828125 6.11328125 23.046875 0.0 12.375 0.0 0.0 26.875 0.0 12.55078125 -0.828125 5.45703125 26.4921875 0.0 12.48046875 0.0 0.0 24.38671875 0.0 5.786895751953125
154511992766 -0.47244094488188976 0.0 0.0 0.1177165354330709 0.2405511811023622 -0.1177165354330709 -0.2405511811023622 0.0 12.26953125 1.4453125 5.984375 24.1953125 0.0 11.953125 2.85546875 18.98046875 27.83203125 -9.3233642578125 12.234375 -1.44140625 4.93359375 26.30078125 0.0 11.953125 -2.87890625 15.17578125 24.1953125 0.0 5.796661376953125
154511992952 -0.47244094488188976 0.0 0.0 0.3070866141732284 0.3070866141732283 -0.3070866141732284 -0.3070866141732283 -7.1364898681640625 11.8828125 3.63671875 14.25390625 23.62109375 0.0 11.390625 3.421875 12.546875 25.7265625 -53.958343505859375 11.8828125 -3.68359375 8.87109375 26.4921875 0.0 12.05859375 -3.6953125 9.66015625 24.00390625 0.0 5.8064422607421875
154511993150 -0.3779527559055118 0.0 0.0 0.3070866141732284 0.3070866141732283 -0.3070866141732284 -0.3070866141732283 7.9874725341796875 12.0234375 3.72265625 9.3984375 23.8125 0.0 11.21484375 3.484375 8.21484375 26.4921875 -92.106201171875 12.3046875 -3.7265625 10.7109375 26.68359375 0.0 12.1640625 -3.76953125 6.76953125 24.38671875 0.0 5.796661376953125
154511993331 -0.33070866141732286 0.0 0.0 0.2149606299212599 0.21496062992125983 -0.2149606299212599 -0.21496062992125983 0.0 12.375 2.6640625 4.40625 24.00390625 0.0 12.12890625 2.60546875 3.2265625 26.4921875 -95.75343322753906 12.41015625 -2.68359375 3.48828125 26.4921875 0.0 12.375 -2.66015625 3.8828125 24.38671875 0.0 5.796661376953125
154511993510 -0.33070866141732286 -0.0234375 0.0 0.2149606299212599 0.21496062992125983 -0.2149606299212599 -0.21496062992125983 5.982513427734375 12.26953125 2.63671875 6.76953125 24.00390625 0.0 12.05859375 2.56640625 5.8515625 26.4921875 -89.41252136230469 12.41015625 -2.66015625 4.01171875 27.2578125 0.0 12.41015625 -2.65234375 3.48828125 24.76953125 0.0 5.796661376953125
154511993698 -0.29133858267716534 -0.046875 0.0 0.1687776820866142 0.13830893208661416 -0.1687776820866142 -0.13830893208661416 -23.209564208984375 12.375 2.09765625 3.2265625 23.62109375 0.0 12.3046875 1.69921875 0.0 26.4921875 -76.55807495117188 12.48046875 -2.1015625 2.83203125 26.30078125 0.0 12.41015625 -1.71875 0.0 24.578125 0.0 5.786895751953125
154511993877 -0.29133858267716534 -0.046875 0.0 0.2198388287401575 0.15890132874015747 -0.2198388287401575 -0.15890132874015747 -4.0823822021484375 12.3046875 2.6796875 8.4765625 23.4296875 0.0 12.12890625 1.92578125 2.04296875 26.30078125 -58.656402587890625 12.3046875 -2.70703125 6.5078125 26.4921875 0.0 12.41015625 -1.95703125 2.69921875 24.1953125 0.0 5.786895751953125
154511994064 -0.3543307086614173 -0.125 0.0 0.24534940944881892 0.16409940944881887 -0.24534940944881892 -0.16409940944881887 -27.3138427734375 12.1640625 3.0078125 9.7890625 23.4296875 0.0 12.09375 1.97265625 2.9609375 26.4921875 -63.476318359375 12.1640625 -2.99609375 6.640625 26.30078125 0.0 12.3046875 -2.01953125 2.4375 24.76953125 0.0 5.786895751953125
154511994244 -0.3543307086614173 -0.125 0.0 0.3115649606299213 0.14906496062992125 -0.3115649606299213 -0.14906496062992125 12.247116088867188 12.19921875 3.7890625 8.4765625 23.62109375 0.0 12.05859375 1.8046875 0.0 26.30078125 -106.58671569824219 12.26953125 -3.82421875 7.69140625 26.30078125 0.0 12.26953125 -1.8359375 0.0 23.8125 0.0 5.796661376953125
154511994424 -0.3543307086614173 -0.125 0.0 0.3115649606299213 0.14906496062992125 -0.3115649606299213 -0.14906496062992125 97.14140319824219 12.05859375 3.75390625 9.52734375 23.62109375 0.0 11.98828125 1.796875 0.0 25.34375 -91.89460754394531 12.09375 -3.76953125 11.234375 26.109375 0.0 12.33984375 -1.83203125 0.0 24.00390625 0.0 5.786895751953125
154511994608 -0.3543307086614173 -0.125 0.0 0.3115649606299213 0.14906496062992125 -0.3115649606299213 -0.14906496062992125 -61.26844787597656 12.09375 3.7421875 12.546875 23.046875 0.0 12.1640625 1.80078125 0.0 26.875 -99.10699462890625 12.12890625 -3.7578125 12.28515625 26.875 0.0 12.375 -1.8359375 0.0 24.38671875 0.0 5.796661376953125
154511994784 -0.3543307086614173 -0.125 0.0 0.3115649606299213 0.14906496062992125 -0.3115649606299213 -0.14906496062992125 0.0 12.05859375 3.7421875 13.59765625 25.34375 0.0 12.234375 1.81640625 0.0 26.875 -112.4681396484375 12.26953125 -3.79296875 9.265625 26.68359375 0.0 12.26953125 -1.8359375 0.0 24.38671875 0.0 5.786895751953125
154511994964 -0.25196850393700787 -0.125 0.0 0.3115649606299213 0.14906496062992125 -0.3115649606299213 -0.14906496062992125 23.881484985351562 12.1640625 3.7890625 10.83984375 23.62109375 0.0 12.1640625 1.8125 0.0 27.44921875 -75.77401733398438 12.1640625 -3.82421875 7.8203125 26.68359375 0.0 12.3046875 -1.85546875 0.0 24.1953125 0.0 5.786895751953125
154511995153 -0.15748031496062992 -0.0234375 0.0 0.13283095472440948 0.07189345472440943 -0.13283095472440948 -0.07189345472440943 4.20257568359375 12.4453125 1.640625 0.0 23.4296875 0.0 12.3046875 0.8828125 0.0 26.68359375 -81.97421264648438 12.48046875 -1.6640625 1.6484375 26.30078125 0.0 12.4453125 -0.890625 0.0 24.38671875 0.0 5.786895751953125
154511995339 -0.23622047244094488 -0.2265625 0.0 0.16837782972440946 0.03634657972440941 -0.16837782972440946 -0.03634657972440941 0.0 12.375 2.0703125 4.80078125 23.62109375 0.0 12.3046875 0.0 0.0 25.53515625 -44.20295715332031 12.3046875 -2.078125 4.5390625 26.30078125 0.0 12.3046875 0.0 0.0 24.1953125 0.0 5.786895751953125
154511995523 -0.31496062992125984 -0.28125 0.0 0.35179010826771656 0.006477608267716484 -0.35179010826771656 -0.006477608267716484 21.1954345703125 11.77734375 4.15234375 18.1953125 24.76953125 0.0 12.09375 0.0 0.0 26.30078125 -91.74530029296875 11.8125 -4.109375 18.0625 26.109375 0.0 12.1640625 0.0 0.0 23.8125 0.0 5.786895751953125
154511995705 -0.31496062992125984 -0.28125 0.0 0.3875369094488189 0.021911909448818823 -0.3875369094488189 -0.021911909448818823 -27.937225341796875 11.98828125 4.6171875 13.73046875 22.85546875 0.0 12.0234375 0.0 0.0 26.68359375 -133.59774780273438 11.98828125 -4.66015625 14.78125 26.109375 0.0 12.234375 0.0 0.0 23.8125 0.0 5.786895751953125
154511995884 -0.1732283464566929 -0.140625 0.0 0.28057640255905514 0.046982652559055066 -0.28057640255905514 -0.046982652559055066 0.0 12.0234375 3.3828125 11.49609375 23.23828125 0.0 12.234375 0.0 0.0 26.4921875 -102.84979248046875 12.26953125 -3.46484375 6.375 25.91796875 0.0 12.375 0.0 0.0 23.8125 0.0 5.796661376953125
154511996064 -0.0 0.0 0.0 0.18361220472440945 0.021112204724409417 -0.18361220472440945 -0.021112204724409417 15.71484375 12.26953125 2.24609375 9.1328125 23.4296875 0.0 12.19921875 0.0 0.0 26.875 -79.07254028320312 12.4453125 -2.28515625 3.6171875 26.30078125 0.0 12.4453125 0.0 0.0 24.1953125 0.0 5.786895751953125
154511996242 -0.0 0.0 0.0 0.0 0.0 -0.0 -0.0 -3.297119140625 12.33984375 0.0 0.0 23.8125 0.0 12.26953125 0.0 0.0 27.640625 -52.80818176269531 12.515625 0.0 0.0 26.4921875 0.0 12.375 0.0 0.0 23.8125 0.0 5.796661376953125
154511996417 -0.0 0.0 0.0 0.0 0.0 -0.0 -0.0 0.0 12.33984375 0.0 0.0 24.38671875 0.0 12.234375 0.0 0.0 27.44921875 -18.27569580078125 12.515625 0.0 0.0 25.91796875 0.0 12.375 0.0 0.0 24.00390625 0.0 5.786895751953125
154511996593 -0.0 0.0 0.0 0.0 0.0 -0.0 -0.0 0.0 12.41015625 0.0 0.0 24.1953125 0.0 12.3046875 0.0 0.0 26.30078125 7.6780242919921875 12.41015625 0.0 0.0 25.91796875 0.0 12.375 0.0 0.0 24.76953125 0.0 5.796661376953125
154511996763 -0.0 0.0 0.0 0.0 0.0 -0.0 -0.0 0.0 12.4453125 0.0 0.0 23.8125 0.0 12.33984375 0.0 0.0 25.91796875 6.2095794677734375 12.515625 0.0 0.0 26.30078125 0.0 12.375 0.0 0.0 24.38671875 0.0 5.786895751953125
154511996930 -0.0 0.0 0.0 0.0 0.0 -0.0 -0.0 0.0 12.375 0.0 0.0 23.8125 0.0 12.26953125 0.0 0.0 26.4921875 3.06317138671875 12.515625 0.0 0.0 26.109375 0.0 12.48046875 0.0 0.0 24.76953125 0.0 5.796661376953125
154511997112 -0.0 0.0 0.0 0.0 0.0 -0.0 -0.0 0.0 12.41015625 0.0 0.0 23.8125 0.0 12.3046875 0.0 0.0 26.109375 0.0 12.515625 0.0 0.0 26.30078125 0.0 12.375 0.0 0.0 23.8125 0.0 5.7771148681640625
154511997291 -0.0 0.0 0.0 0.0 0.0 -0.0 -0.0 0.0 12.41015625 0.0 0.0 23.4296875 0.0 12.234375 0.0 0.0 26.68359375 0.0 12.48046875 0.0 0.0 26.30078125 0.0 12.4453125 0.0 0.0 24.38671875 0.0 5.796661376953125
154511997464 -0.0 0.0 0.0 0.0 0.0 -0.0 -0.0 0.0 12.4453125 0.0 0.0 24.00390625 0.0 12.26953125 0.0 0.0 25.34375 0.0 12.48046875 0.0 0.0 26.30078125 0.0 12.48046875 0.0 0.0 24.1953125 0.0 5.786895751953125
154511997652 -0.0 0.0 0.0 0.0 0.0 -0.0 -0.0 0.0 12.4453125 0.0 0.0 23.4296875 0.0 12.26953125 0.0 0.0 26.30078125 0.0 12.48046875 0.0 0.0 26.68359375 0.0 12.4453125 0.0 0.0 23.62109375 0.0 5.786895751953125
154511997819 -0.0 0.0 0.0 0.0 0.0 -0.0 -0.0 0.0 12.48046875 0.0 0.0 24.1953125 0.0 12.234375 0.0 0.0 26.4921875 0.0 12.48046875 0.0 0.0 26.30078125 0.0 12.48046875 0.0 0.0 24.38671875 0.0 5.796661376953125
154511997991 -0.0 0.0 0.0 0.0 0.0 -0.0 -0.0 0.0 12.4453125 0.0 0.0 24.00390625 0.0 12.3046875 0.0 0.0 26.875 0.0 12.4453125 0.0 0.0 26.30078125 0.0 12.4453125 0.0 0.0 24.38671875 0.0 5.786895751953125
154511998163 -0.0 0.0 0.0 0.0 0.0 -0.0 -0.0 0.0 12.4453125 0.0 0.0 24.76953125 0.0 12.375 0.0 0.0 25.7265625 0.0 12.4453125 0.0 0.0 26.30078125 0.0 12.4453125 0.0 0.0 24.38671875 0.0 5.796661376953125
154511998329 -0.0 0.0 0.0 0.0 0.0 -0.0 -0.0 0.0 12.4453125 0.0 0.0 24.00390625 0.0 12.33984375 0.0 0.0 26.68359375 0.0 12.4453125 0.0 0.0 26.30078125 0.0 12.375 0.0 0.0 23.8125 0.0 5.786895751953125
154511998512 -0.0 0.0 0.0 0.0 0.0 -0.0 -0.0 0.0 12.375 0.0 0.0 24.1953125 0.0 12.3046875 0.0 0.0 26.875 0.0 12.48046875 0.0 0.0 25.7265625 0.0 12.4453125 0.0 0.0 24.9609375 0.0 5.786895751953125
154511998691 -0.0 0.0 0.0 0.0 0.0 -0.0 -0.0 0.0 12.375 0.0 0.0 23.62109375 0.0 12.26953125 0.0 0.0 26.4921875 0.0 12.48046875 0.0 0.0 26.109375 0.0 12.4453125 0.0 0.0 23.8125 0.0 5.796661376953125
154511998864 -0.0 0.0 0.0 0.0 0.0 -0.0 -0.0 0.0 12.41015625 0.0 0.0 24.1953125 0.0 12.3046875 0.0 0.0 26.4921875 0.0 12.4453125 0.0 0.0 25.91796875 0.0 12.41015625 0.0 0.0 24.1953125 0.0 5.786895751953125
154511999053 -0.0 0.0 0.0 0.0 0.0 -0.0 -0.0 0.0 12.4453125 0.0 0.0 23.4296875 0.0 12.26953125 0.0 0.0 26.109375 0.0 12.515625 0.0 0.0 26.30078125 0.0 12.4453125 0.0 0.0 24.1953125 0.0 5.786895751953125
154511999225 -0.0 0.0 0.0 0.0 0.0 -0.0 -0.0 0.0 12.4453125 0.0 0.0 24.00390625 0.0 12.33984375 0.0 0.0 26.4921875 0.0 12.41015625 0.0 0.0 26.4921875 0.0 12.4453125 0.0 0.0 23.8125 0.0 5.786895751953125
154511999404 -0.0 0.0 0.0 0.0 0.0 -0.0 -0.0 0.0 12.4453125 0.0 0.0 23.23828125 0.0 12.515625 0.0 0.0 27.06640625 0.0 12.7265625 0.0 0.0 26.30078125 0.0 12.69140625 0.0 0.0 23.4296875 0.0 5.796661376953125
154511999586 -0.0 0.0 0.0 0.0 0.0 -0.0 -0.0 0.0 12.69140625 0.0 0.0 23.62109375 0.0 12.5859375 0.0 0.0 25.34375 0.0 12.76171875 0.0 0.0 26.109375 0.0 12.7265625 0.0 0.0 23.62109375 0.0 5.786895751953125
154511999757 -0.0 0.0 0.0 0.0 0.0 -0.0 -0.0 0.0 12.69140625 0.0 0.0 22.85546875 0.0 12.5859375 0.0 0.0 25.91796875 0.0 12.76171875 0.0 0.0 26.30078125 0.0 12.7265625 0.0 0.0 23.8125 0.0 5.796661376953125
154511999926 -0.0 0.0 0.0 0.0 0.0 -0.0 -0.0 0.0 12.69140625 0.0 0.0 23.8125 0.0 12.5859375 0.0 0.0 27.640625 0.0 12.796875 0.0 0.0 26.30078125 0.0 12.7265625 0.0 0.0 23.8125 0.0 5.786895751953125
154512000091 -0.0 0.0 0.0 0.0 0.0 -0.0 -0.0 0.0 12.69140625 0.0 0.0 23.046875 0.0 12.62109375 0.0 0.0 26.30078125 0.0 12.796875 0.0 0.0 26.30078125 0.0 12.7265625 0.0 0.0 24.1953125 0.0 5.786895751953125
154512000264 -0.0 0.0 0.0 0.0 0.0 -0.0 -0.0 0.0 12.7265625 0.0 0.0 23.8125 0.0 12.5859375 0.0 0.0 26.4921875 0.0 12.796875 0.0 0.0 26.30078125 0.0 12.76171875 0.0 0.0 23.62109375 0.0 5.786895751953125
S: 154512000149 Toggled Solenoid
154512000431 -0.0 0.0 0.0 0.0 0.0 -0.0 -0.0 0.0 12.7265625 0.0 0.0 23.8125 0.0 12.62109375 0.0 0.0 25.91796875 0.0 12.796875 0.0 0.0 26.30078125 0.0 12.76171875 0.0 0.0 24.1953125 0.0 5.796661376953125
154512000603 -0.0 0.0 0.0 0.0 0.0 -0.0 -0.0 0.0 12.7265625 0.0 0.0 23.62109375 0.0 12.62109375 0.0 0.0 26.109375 0.0 12.796875 0.0 0.0 26.30078125 0.0 12.76171875 0.0 0.0 23.8125 0.0 5.796661376953125
154512000785 -0.0 0.0 0.0 0.0 0.0 -0.0 -0.0 0.0 12.7265625 0.0 0.0 23.8125 0.0 12.62109375 0.0 0.0 26.4921875 0.0 12.796875 0.0 0.0 25.91796875 0.0 12.76171875 0.0 0.0 24.1953125 0.0 5.7771148681640625
154512000966 -0.0 0.0 0.0 0.0 0.0 -0.0 -0.0 0.0 12.7265625 0.0 0.0 23.23828125 0.0 12.62109375 0.0 0.0 26.68359375 0.0 12.83203125 0.0 0.0 26.109375 0.0 12.76171875 0.0 0.0 24.1953125 0.0 5.796661376953125
154512001146 -0.0 0.0 0.0 0.0 0.0 -0.0 -0.0 0.0 12.76171875 0.0 0.0 23.62109375 0.0 12.62109375 0.0 0.0 26.875 0.0 12.83203125 0.0 0.0 26.109375 0.0 12.76171875 0.0 0.0 24.1953125 0.0 5.786895751953125
154512001312 -0.0 0.0 0.0 0.0 0.0 -0.0 -0.0 0.0 12.76171875 0.0 0.0 24.38671875 0.0 12.65625 0.0 0.0 26.30078125 0.0 12.796875 0.0 0.0 26.68359375 0.0 12.76171875 0.0 0.0 24.38671875 0.0 5.796661376953125
154512001485 -0.0 0.0 0.0 0.0 0.0 -0.0 -0.0 0.0 12.76171875 0.0 0.0 24.1953125 0.0 12.65625 0.0 0.0 26.4921875 0.0 12.796875 0.0 0.0 26.68359375 0.0 12.76171875 0.0 0.0 24.00390625 0.0 5.786895751953125
154512001655 -0.0 0.0 0.0 0.0 0.0 -0.0 -0.0 0.0 12.76171875 0.0 0.0 22.6640625 0.0 12.62109375 0.0 0.0 26.4921875 0.0 12.796875 0.0 0.0 26.30078125 0.0 12.76171875 0.0 0.0 24.38671875 0.0 5.786895751953125
154512001836 -0.0 0.0 0.0 0.0 0.0 -0.0 -0.0 0.0 12.76171875 0.0 0.0 23.046875 0.0 12.65625 0.0 0.0 26.4921875 26.616943359375 12.83203125 0.0 0.0 26.68359375 0.0 12.796875 0.0 0.0 24.00390625 0.0 5.786895751953125
154512002029 -0.0 0.0 0.0 0.0 0.0 -0.0 -0.0 0.0 12.76171875 0.0 0.0 24.1953125 0.0 12.65625 0.0 0.0 26.30078125 -10.707382202148438 12.83203125 0.0 0.0 26.30078125 0.0 12.796875 0.0 0.0 23.4296875 0.0 5.796661376953125
154512002202 -0.0 0.0 0.0 0.0 0.0 -0.0 -0.0 0.0 12.76171875 0.0 0.0 23.62109375 0.0 12.65625 0.0 0.0 26.4921875 -6.3423919677734375 12.83203125 0.0 0.0 26.109375 0.0 12.796875 0.0 0.0 23.62109375 0.0 5.786895751953125
154512002377 -0.0 0.0 0.0 0.0 0.0 -0.0 -0.0 0.0 12.76171875 0.0 0.0 23.62109375 0.0 12.69140625 0.0 0.0 26.109375 0.0 12.83203125 0.0 0.0 26.109375 0.0 12.796875 0.0 0.0 24.578125 0.0 5.786895751953125
154512002553 -0.0 0.0 0.0 0.0 0.0 -0.0 -0.0 0.0 12.796875 0.0 0.0 24.1953125 0.0 12.65625 0.0 0.0 26.30078125 0.0 12.83203125 0.0 0.0 26.4921875 0.0 12.796875 0.0 0.0 24.1953125 0.0 5.796661376953125
154512002728 -0.0 0.0 0.0 0.0 0.0 -0.0 -0.0 0.0 12.76171875 0.0 0.0 24.1953125 0.0 12.65625 0.0 0.0 26.68359375 0.0 12.83203125 0.0 0.0 26.30078125 0.0 12.76171875 0.0 0.0 23.62109375 0.0 5.796661376953125
154512002912 -0.0 0.0 0.0 0.0 0.0 -0.0 -0.0 0.0 12.76171875 0.0 0.0 24.38671875 0.0 12.65625 0.0 0.0 26.4921875 0.0 12.83203125 0.0 0.0 26.109375 0.0 12.796875 0.0 0.0 24.00390625 0.0 5.786895751953125
154512003085 -0.0 0.0 0.0 0.0 0.0 -0.0 -0.0 0.0 12.76171875 0.0 0.0 24.00390625 0.0 12.69140625 0.0 0.0 26.30078125 0.0 12.83203125 0.0 0.0 26.68359375 0.0 12.796875 0.0 0.0 23.8125 0.0 5.786895751953125
154512003256 -0.0 0.0 0.0 0.0 0.0 -0.0 -0.0 0.0 12.76171875 0.0 0.0 23.4296875 0.0 12.65625 0.0 0.0 25.91796875 0.0 12.8671875 0.0 0.0 25.91796875 0.0 12.796875 0.0 0.0 23.8125 0.0 5.796661376953125
154512003431 -0.0 0.0 0.0 0.0 0.0 -0.0 -0.0 0.0 12.796875 0.0 0.0 23.4296875 0.0 12.69140625 0.0 0.0 27.06640625 0.0 12.83203125 0.0 0.0 26.109375 0.0 12.796875 0.0 0.0 24.00390625 0.0 5.796661376953125
154512003603 -0.0 0.0 0.0 0.0 0.0 -0.0 -0.0 0.0 12.76171875 0.0 0.0 24.1953125 0.0 12.69140625 0.0 0.0 26.30078125 0.0 12.8671875 0.0 0.0 26.30078125 0.0 12.796875 0.0 0.0 23.8125 0.0 5.786895751953125
154512003790 -0.0 0.0 0.2755905511811024 0.027559055118110236 0.027559055118110236 0.027559055118110236 0.027559055118110236 0.0 12.76171875 0.0 0.0 23.8125 0.0 12.65625 0.0 0.0 26.4921875 0.0 12.796875 0.0 0.0 26.109375 0.0 12.65625 0.0 0.0 23.62109375 0.0 5.796661376953125
154512003966 -0.0 0.0 0.4330708661417323 0.1968503937007874 0.1968503937007874 0.1968503937007874 0.1968503937007874 0.0 12.375 2.43359375 12.15234375 23.046875 0.0 11.63671875 2.2890625 13.3359375 25.7265625 6.7004547119140625 12.05859375 2.390625 10.7109375 26.875 0.0 12.1640625 2.390625 10.83984375 24.38671875 0.0 5.796661376953125
154512004152 -0.0 0.0 0.2755905511811024 0.2283464566929134 0.2283464566929134 0.2283464566929134 0.2283464566929134 0.0 12.41015625 2.83203125 8.21484375 23.046875 0.0 11.671875 2.6484375 13.59765625 25.91796875 33.8890380859375 12.19921875 2.78515625 9.66015625 26.109375 0.0 12.234375 2.77734375 14.51953125 24.1953125 0.0 5.796661376953125
154512004337 -0.0 0.0 0.0 0.0 0.0 -0.0 -0.0 0.0 12.76171875 0.0 0.0 23.4296875 0.0 12.62109375 0.0 0.0 26.875 10.147842407226562 12.83203125 0.0 0.0 26.109375 0.0 12.76171875 0.0 0.0 24.1953125 0.0 5.796661376953125
154512004517 -0.0 0.0 0.0 0.0 0.0 -0.0 -0.0 0.0 12.76171875 0.0 0.0 24.1953125 0.0 12.62109375 0.0 0.0 26.68359375 4.15032958984375 12.83203125 0.0 0.0 26.68359375 0.0 12.796875 0.0 0.0 24.38671875 0.0 5.796661376953125
154512004697 -0.0 0.0 -0.0234375 0.0 0.0 -0.0 -0.0 0.0 12.76171875 0.0 0.0 23.23828125 0.0 12.69140625 0.0 0.0 25.91796875 0.0 12.83203125 0.0 0.0 26.4921875 0.0 12.796875 0.0 0.0 23.4296875 0.0 5.786895751953125
154512004879 -0.0 0.0 -0.2421875 -0.05078125 -0.05078125 -0.05078125 -0.05078125 0.0 12.76171875 0.0 0.0 23.62109375 0.0 12.65625 0.0 0.0 26.4921875 0.0 12.83203125 0.0 0.0 26.30078125 0.0 12.76171875 0.0 0.0 23.8125 0.0 5.796661376953125
154512005059 -0.0 0.0 -0.484375 -0.1328125 -0.1328125 -0.1328125 -0.1328125 0.0 12.62109375 -1.6796875 9.3984375 23.8125 0.0 12.796875 -1.69921875 11.234375 26.30078125 0.0 12.5859375 -1.66796875 8.73828125 26.109375 0.0 12.515625 -1.6640625 8.609375 23.8125 0.0 5.796661376953125
154512005252 -0.0 0.0 0.0 -0.19140625 -0.19140625 -0.19140625 -0.19140625 0.0 12.41015625 -2.37890625 11.49609375 23.8125 0.0 12.55078125 -2.3984375 12.94140625 26.109375 -22.85089111328125 12.515625 -2.41015625 9.00390625 26.109375 0.0 12.55078125 -2.3984375 12.546875 23.62109375 0.0 5.786895751953125
154512005432 -0.0 0.0 0.0 0.0 0.0 -0.0 -0.0 0.0 12.76171875 0.0 0.0 22.85546875 0.0 12.62109375 0.0 0.0 26.30078125 -6.814239501953125 12.83203125 0.0 0.0 25.7265625 0.0 12.796875 0.0 0.0 23.8125 0.0 5.8064422607421875
154512005600 -0.0 0.0 0.0 0.0 0.0 -0.0 -0.0 0.0 12.76171875 0.0 0.0 24.00390625 0.0 12.65625 0.0 0.0 27.640625 -3.2030181884765625 12.83203125 0.0 0.0 25.7265625 0.0 12.796875 0.0 0.0 23.4296875 0.0 5.786895751953125
154512005778 -0.0 0.0 0.0 0.0 0.0 -0.0 -0.0 0.0 12.76171875 0.0 0.0 23.8125 0.0 12.65625 0.0 0.0 26.68359375 0.0 12.83203125 0.0 0.0 25.7265625 0.0 12.796875 0.0 0.0 24.00390625 0.0 5.796661376953125
154512005944 -0.0 0.0 0.0 0.0 0.0 -0.0 -0.0 0.0 12.76171875 0.0 0.0 23.4296875 0.0 12.65625 0.0 0.0 26.4921875 0.0 12.8671875 0.0 0.0 26.4921875 0.0 12.796875 0.0 0.0 23.8125 0.0 5.796661376953125
154512006119 -0.0 0.0 0.0 0.0 0.0 -0.0 -0.0 0.0 12.76171875 0.0 0.0 23.8125 0.0 12.65625 0.0 0.0 26.4921875 0.0 12.8671875 0.0 0.0 26.109375 0.0 12.796875 0.0 0.0 24.1953125 0.0 5.796661376953125
154512006291 -0.0 0.0 0.0 0.0 0.0 -0.0 -0.0 0.0 12.76171875 0.0 0.0 23.8125 0.0 12.69140625 0.0 0.0 25.7265625 0.0 12.83203125 0.0 0.0 26.109375 0.0 12.796875 0.0 0.0 23.4296875 0.0 5.796661376953125
154512006472 -0.0 0.0 0.0 0.0 0.0 -0.0 -0.0 0.0 12.796875 0.0 0.0 23.4296875 0.0 12.65625 0.0 0.0 26.875 0.0 12.83203125 0.0 0.0 26.4921875 0.0 12.796875 0.0 0.0 23.62109375 0.0 5.796661376953125
154512006639 -0.0 0.0 0.0 0.0 0.0 -0.0 -0.0 0.0 12.796875 0.0 0.0 23.4296875 0.0 12.69140625 0.0 0.0 26.30078125 0.0 12.8671875 0.0 0.0 26.109375 0.0 12.796875 0.0 0.0 24.1953125 0.0 5.796661376953125
154512006852 -0.0 0.0 0.0 0.0 0.0 -0.0 -0.0 0.0 12.796875 0.0 0.0 23.4296875 0.0 12.69140625 0.0 0.0 26.30078125 0.0 12.8671875 0.0 0.0 25.91796875 0.0 12.796875 0.0 0.0 24.00390625 0.0 5.786895751953125
154512007045 -0.0 0.0 0.0 0.0 0.0 -0.0 -0.0 0.0 12.796875 0.0 0.0 23.8125 0.0 12.69140625 0.0 0.0 26.875 0.0 12.90234375 0.0 0.0 26.4921875 0.0 12.83203125 0.0 0.0 23.8125 0.0 5.796661376953125
154512007194 -0.0 0.0 0.0 0.0 0.0 -0.0 -0.0 0.0 12.796875 0.0 0.0 23.62109375 0.0 12.69140625 0.0 0.0 26.68359375 0.0 12.8671875 0.0 0.0 26.109375 0.0 12.83203125 0.0 0.0 23.8125 0.0 5.786895751953125
