Timestamp Driver_Joy_Y Driver_Joy_X Driver_Joy_W FL_Out BL_Out BR_Out FR_Out FL_Jag_Speed FL_Bus_Voltage FL_Out_Voltage FL_Out_Current FL_Temp BL_Jag_Speed BL_Bus_Voltage BL_Out_Voltage BL_Out_Current BL_Temp BR_Jag_Speed BR_Bus_Voltage BR_Out_Voltage BR_Out_Current BR_Temp FR_Jag_Speed FR_Bus_Voltage FR_Out_Voltage FR_Out_Current FR_Temp
154686290851 -0.0 0.0 0.0 0.0 0.0 -0.0 -0.0 0.0 12.12890625 0.0 0.0 23.4296875 0.0 11.98828125 0.0 0.0 26.109375 0.0 12.1640625 0.0 0.0 25.7265625 0.0 12.12890625 0.0 0.0 23.4296875 0.0 5.7771148681640625
154686291025 -0.0 0.0 0.0 0.0 0.0 -0.0 -0.0 0.0 12.0234375 0.0 0.0 23.23828125 0.0 11.98828125 0.0 0.0 27.2578125 0.0 12.1640625 0.0 0.0 25.91796875 0.0 12.1640625 0.0 0.0 23.4296875 0.0 5.7673492431640625
154686291194 -0.0 0.0 0.0 0.0 0.0 -0.0 -0.0 0.0 12.12890625 0.0 0.0 23.8125 0.0 12.0234375 0.0 0.0 26.4921875 0.0 12.12890625 0.0 0.0 25.91796875 0.0 12.0234375 0.0 0.0 23.62109375 0.0 5.7771148681640625
154686291361 -0.0 0.0 0.0 0.0 0.0 -0.0 -0.0 0.0 12.12890625 0.0 0.0 23.23828125 0.0 11.953125 0.0 0.0 26.30078125 0.0 12.05859375 0.0 0.0 25.91796875 0.0 12.0234375 0.0 0.0 23.62109375 0.0 5.7771148681640625
154686291533 -0.0 0.0 0.0 0.0 0.0 -0.0 -0.0 0.0 12.05859375 0.0 0.0 22.85546875 0.0 11.91796875 0.0 0.0 25.91796875 0.0 12.05859375 0.0 0.0 25.91796875 0.0 12.09375 0.0 0.0 24.38671875 0.0 5.7771148681640625
154686291712 -0.0 0.0 0.0 0.0 0.0 -0.0 -0.0 0.0 12.0234375 0.0 0.0 23.4296875 0.0 11.953125 0.0 0.0 25.91796875 0.0 12.12890625 0.0 0.0 26.109375 0.0 11.98828125 0.0 0.0 24.38671875 0.0 5.7771148681640625
154686291885 -0.0 0.0 0.0 0.0 0.0 -0.0 -0.0 0.0 12.0234375 0.0 0.0 24.38671875 0.0 11.8828125 0.0 0.0 26.109375 0.0 12.1640625 0.0 0.0 26.109375 0.0 12.09375 0.0 0.0 23.23828125 0.0 5.7771148681640625
154686292059 -0.0 0.0 0.0 0.0 0.0 -0.0 -0.0 0.0 11.98828125 0.0 0.0 23.23828125 0.0 11.53125 0.0 0.0 26.4921875 0.0 11.8828125 0.0 0.0 26.109375 0.0 11.8828125 0.0 0.0 24.1953125 0.0 5.786895751953125
154686292233 -0.0 0.0 0.0 0.0 0.0 -0.0 -0.0 0.0 11.8828125 0.0 0.0 22.85546875 0.0 11.77734375 0.0 0.0 26.30078125 0.0 11.953125 0.0 0.0 25.34375 0.0 11.91796875 0.0 0.0 23.4296875 0.0 5.796661376953125
154686292405 -0.0 0.0 0.0 0.0 0.0 -0.0 -0.0 0.0 11.91796875 0.0 0.0 23.4296875 0.0 11.77734375 0.0 0.0 26.68359375 0.0 11.84765625 0.0 0.0 26.109375 0.0 11.7421875 0.0 0.0 23.62109375 0.0 5.786895751953125
154686292590 -0.0 0.0 0.0 0.0 0.0 -0.0 -0.0 0.0 11.8828125 0.0 0.0 23.046875 0.0 11.7421875 0.0 0.0 26.875 0.0 11.8828125 0.0 0.0 26.109375 0.0 11.8828125 0.0 0.0 23.62109375 0.0 5.786895751953125
154686292773 -0.0 0.0 0.0 0.0 0.0 -0.0 -0.0 0.0 11.77734375 0.0 0.0 24.38671875 0.0 11.70703125 0.0 0.0 26.4921875 0.0 11.91796875 0.0 0.0 25.91796875 0.0 11.84765625 0.0 0.0 23.4296875 0.0 5.7771148681640625
154686292955 -0.0 0.0 0.0 0.0 0.0 -0.0 -0.0 0.0 11.8125 0.0 0.0 23.8125 0.0 11.70703125 0.0 0.0 26.4921875 0.0 11.8828125 0.0 0.0 26.109375 0.0 11.8125 0.0 0.0 23.62109375 0.0 5.7771148681640625
154686293133 -0.0 0.0 0.0 0.0 0.0 -0.0 -0.0 0.0 12.05859375 0.0 0.0 23.8125 0.0 12.05859375 0.0 0.0 26.4921875 0.0 12.19921875 0.0 0.0 25.91796875 0.0 12.12890625 0.0 0.0 22.6640625 0.0 5.796661376953125
154686293298 -0.0 0.0 0.0 0.0 0.0 -0.0 -0.0 0.0 12.19921875 0.0 0.0 23.23828125 0.0 12.19921875 0.0 0.0 26.68359375 0.0 12.41015625 0.0 0.0 26.109375 0.0 12.375 0.0 0.0 22.85546875 0.0 5.7771148681640625
154686293472 -0.0 0.0 0.0 0.0 0.0 -0.0 -0.0 0.0 12.33984375 0.0 0.0 23.046875 0.0 12.234375 0.0 0.0 26.4921875 0.0 12.41015625 0.0 0.0 25.7265625 0.0 12.375 0.0 0.0 23.4296875 0.0 5.7771148681640625
154686293645 -0.0 0.0 0.0 0.0 0.0 -0.0 -0.0 0.0 12.41015625 0.0 0.0 23.4296875 0.0 12.26953125 0.0 0.0 26.30078125 0.0 12.4453125 0.0 0.0 26.109375 0.0 12.41015625 0.0 0.0 23.8125 0.0 5.7771148681640625
154686293813 -0.0 0.0 0.0 0.0 0.0 -0.0 -0.0 0.0 12.375 0.0 0.0 23.8125 0.0 12.26953125 0.0 0.0 26.30078125 0.0 12.48046875 0.0 0.0 26.4921875 0.0 12.41015625 0.0 0.0 24.00390625 0.0 5.7673492431640625
154686293983 -0.0 0.0 0.0 0.0 0.0 -0.0 -0.0 0.0 12.41015625 0.0 0.0 23.4296875 0.0 12.26953125 0.0 0.0 26.875 0.0 12.48046875 0.0 0.0 26.109375 0.0 12.41015625 0.0 0.0 23.8125 0.0 5.786895751953125
154686294152 -0.0 0.0 0.0 0.0 0.0 -0.0 -0.0 0.0 12.41015625 0.0 0.0 24.38671875 0.0 12.3046875 0.0 0.0 27.83203125 0.0 12.48046875 0.0 0.0 26.109375 0.0 12.4453125 0.0 0.0 24.00390625 0.0 5.7771148681640625
154686294326 -0.0 0.0 0.0 0.0 0.0 -0.0 -0.0 0.0 12.4453125 0.0 0.0 24.38671875 0.0 12.3046875 0.0 0.0 26.4921875 0.0 12.48046875 0.0 0.0 26.109375 0.0 12.4453125 0.0 0.0 24.1953125 0.0 5.7771148681640625
154686294510 -0.0 0.0 0.0 0.0 0.0 -0.0 -0.0 0.0 12.41015625 0.0 0.0 23.62109375 0.0 12.3046875 0.0 0.0 26.4921875 0.0 12.48046875 0.0 0.0 26.109375 0.0 12.4453125 0.0 0.0 23.8125 0.0 5.7771148681640625
154686294686 -0.0 0.0 0.0 0.0 0.0 -0.0 -0.0 0.0 12.41015625 0.0 0.0 24.1953125 0.0 12.3046875 0.0 0.0 26.4921875 0.0 12.48046875 0.0 0.0 26.30078125 0.0 12.4453125 0.0 0.0 23.8125 0.0 5.7771148681640625
154686294835 -0.0 0.0 0.0 0.0 0.0 -0.0 -0.0 0.0 12.4453125 0.0 0.0 23.62109375 0.0 12.3046875 0.0 0.0 26.30078125 0.0 12.48046875 0.0 0.0 26.4921875 0.0 12.4453125 0.0 0.0 24.00390625 0.0 5.7771148681640625
