Timestamp Driver_Joy_Y Driver_Joy_X Driver_Joy_W FL_Out BL_Out BR_Out FR_Out FL_Jag_Speed FL_Bus_Voltage FL_Out_Voltage FL_Out_Current FL_Temp BL_Jag_Speed BL_Bus_Voltage BL_Out_Voltage BL_Out_Current BL_Temp BR_Jag_Speed BR_Bus_Voltage BR_Out_Voltage BR_Out_Current BR_Temp FR_Jag_Speed FR_Bus_Voltage FR_Out_Voltage FR_Out_Current FR_Temp
3.858 0.03125 -0.0078125 0.031496062992125984 0.0 0.0 0.0 0.0 0.0 12.76171875 0.0 0.0 22.85546875 0.0 12.65625 0.0 0.0 25.53515625 0.0 12.83203125 0.0 0.0 25.34375 0.0 12.76171875 0.0 0.0 23.23828125 0.0 5.0048828125
4.037 0.03125 -0.0078125 0.031496062992125984 0.0 0.0 -0.0 -0.0 0.0 12.76171875 0.0 0.0 22.85546875 0.0 12.65625 0.0 0.0 25.34375 0.0 12.796875 0.0 0.0 25.7265625 0.0 12.76171875 0.0 0.0 23.23828125 0.0 5.0048828125
4.213 0.03125 -0.0078125 0.031496062992125984 0.0 0.0 -0.0 -0.0 0.0 12.76171875 0.0 0.0 24.1953125 0.0 12.65625 0.0 0.0 25.91796875 0.0 12.83203125 0.0 0.0 25.34375 0.0 12.76171875 0.0 0.0 23.8125 0.0 4.9951019287109375
4.38 0.03125 -0.0078125 0.031496062992125984 0.0 0.0 -0.0 -0.0 0.0 12.76171875 0.0 0.0 22.85546875 0.0 12.65625 0.0 0.0 25.7265625 0.0 12.83203125 0.0 0.0 25.7265625 0.0 12.796875 0.0 0.0 24.38671875 0.0 4.9951019287109375
4.55 0.03125 -0.0078125 0.031496062992125984 0.0 0.0 -0.0 -0.0 0.0 12.76171875 0.0 0.0 21.70703125 0.0 12.65625 0.0 0.0 25.53515625 0.0 12.83203125 0.0 0.0 25.34375 0.0 12.76171875 0.0 0.0 23.046875 0.0 4.9951019287109375
4.72 0.03125 -0.0078125 0.031496062992125984 0.0 0.0 -0.0 -0.0 0.0 12.76171875 0.0 0.0 22.6640625 0.0 12.62109375 0.0 0.0 24.76953125 0.0 12.83203125 0.0 0.0 25.15234375 0.0 12.76171875 0.0 0.0 23.23828125 0.0 4.9951019287109375
4.894 0.03125 -0.0078125 0.031496062992125984 0.0 0.0 -0.0 -0.0 0.0 12.76171875 0.0 0.0 23.046875 0.0 12.65625 0.0 0.0 25.91796875 0.0 12.83203125 0.0 0.0 25.34375 0.0 12.796875 0.0 0.0 22.85546875 0.0 4.9951019287109375
5.06 0.03125 -0.0078125 0.031496062992125984 0.0 0.0 -0.0 -0.0 0.0 12.76171875 0.0 0.0 23.046875 0.0 12.65625 0.0 0.0 25.53515625 0.0 12.83203125 0.0 0.0 25.34375 0.0 12.76171875 0.0 0.0 23.4296875 0.0 4.9951019287109375
5.231 0.03125 -0.0078125 0.031496062992125984 0.0 0.0 -0.0 -0.0 0.0 12.76171875 0.0 0.0 23.4296875 0.0 12.65625 0.0 0.0 25.91796875 0.0 12.83203125 0.0 0.0 25.34375 0.0 12.76171875 0.0 0.0 22.85546875 0.0 4.9951019287109375
5.4 0.03125 -0.0078125 0.031496062992125984 0.0 0.0 -0.0 -0.0 0.0 12.76171875 0.0 0.0 24.76953125 0.0 12.65625 0.0 0.0 25.34375 0.0 12.83203125 0.0 0.0 25.34375 0.0 12.796875 0.0 0.0 23.23828125 0.0 4.9853363037109375
5.593 0.03125 -0.0078125 0.031496062992125984 0.0 0.0 -0.0 -0.0 0.0 12.76171875 0.0 0.0 23.046875 0.0 12.62109375 0.0 0.0 25.91796875 0.0 12.83203125 0.0 0.0 25.91796875 0.0 12.76171875 0.0 0.0 23.23828125 0.0 4.9951019287109375
5.774 0.03125 -0.0078125 0.031496062992125984 0.0 0.0 -0.0 -0.0 0.0 12.76171875 0.0 0.0 23.4296875 0.0 12.62109375 0.0 0.0 25.34375 0.0 12.83203125 0.0 0.0 25.34375 0.0 12.796875 0.0 0.0 23.62109375 0.0 4.9951019287109375
5.953 0.03125 -0.0078125 0.031496062992125984 0.0 0.0 -0.0 -0.0 0.0 12.76171875 0.0 0.0 23.23828125 0.0 12.65625 0.0 0.0 26.109375 0.0 12.83203125 0.0 0.0 25.34375 0.0 12.76171875 0.0 0.0 23.8125 0.0 4.9853363037109375
6.133 0.03125 -0.0078125 0.031496062992125984 0.0 0.0 -0.0 -0.0 0.0 12.76171875 0.0 0.0 24.38671875 0.0 12.65625 0.0 0.0 25.34375 0.0 12.83203125 0.0 0.0 25.53515625 0.0 12.76171875 0.0 0.0 23.4296875 0.0 4.9853363037109375
6.311 0.03125 -0.0078125 0.031496062992125984 0.0 0.0 -0.0 -0.0 0.0 12.76171875 0.0 0.0 22.6640625 0.0 12.65625 0.0 0.0 25.7265625 0.0 12.83203125 0.0 0.0 25.91796875 0.0 12.796875 0.0 0.0 23.8125 0.0 4.9951019287109375
6.5 0.03125 -0.0078125 0.031496062992125984 0.0 0.0 -0.0 -0.0 0.0 12.76171875 0.0 0.0 23.4296875 0.0 12.65625 0.0 0.0 26.109375 0.0 12.83203125 0.0 0.0 25.53515625 0.0 12.796875 0.0 0.0 23.8125 0.0 4.975555419921875
6.671 0.03125 -0.0078125 0.031496062992125984 0.0 0.0 -0.0 -0.0 0.0 12.76171875 0.0 0.0 24.38671875 0.0 12.65625 0.0 0.0 25.34375 0.0 12.83203125 0.0 0.0 25.53515625 0.0 12.76171875 0.0 0.0 24.00390625 0.0 4.9853363037109375
6.84 0.03125 -0.0078125 0.031496062992125984 0.0 0.0 -0.0 -0.0 0.0 12.76171875 0.0 0.0 22.6640625 0.0 12.62109375 0.0 0.0 25.91796875 0.0 12.83203125 0.0 0.0 25.53515625 0.0 12.76171875 0.0 0.0 23.046875 0.0 4.9853363037109375
7.014 0.03125 -0.0078125 0.031496062992125984 0.0 0.0 -0.0 -0.0 0.0 12.76171875 0.0 0.0 23.4296875 0.0 12.62109375 0.0 0.0 25.91796875 0.0 12.83203125 0.0 0.0 25.53515625 0.0 12.76171875 0.0 0.0 23.4296875 0.0 4.9853363037109375
7.194 0.03125 -0.0078125 0.031496062992125984 0.0 0.0 -0.0 -0.0 0.0 12.76171875 0.0 0.0 23.4296875 0.0 12.62109375 0.0 0.0 26.30078125 0.0 12.83203125 0.0 0.0 25.53515625 0.0 12.796875 0.0 0.0 23.4296875 0.0 4.9853363037109375
7.36 0.03125 -0.0078125 0.031496062992125984 0.0 0.0 -0.0 -0.0 0.0 12.76171875 0.0 0.0 22.28125 0.0 12.65625 0.0 0.0 25.53515625 0.0 12.83203125 0.0 0.0 25.7265625 0.0 12.76171875 0.0 0.0 23.4296875 0.0 4.9853363037109375
7.538 0.03125 -0.0078125 0.031496062992125984 0.0 0.0 -0.0 -0.0 0.0 12.76171875 0.0 0.0 22.47265625 0.0 12.65625 0.0 0.0 25.15234375 0.0 12.83203125 0.0 0.0 25.53515625 0.0 12.76171875 0.0 0.0 23.62109375 0.0 4.975555419921875
7.714 0.03125 -0.0078125 -0.0234375 0.0 0.0 -0.0 -0.0 0.0 12.76171875 0.0 0.0 22.47265625 0.0 12.65625 0.0 0.0 25.7265625 0.0 12.83203125 0.0 0.0 25.34375 0.0 12.76171875 0.0 0.0 23.23828125 0.0 4.9853363037109375
7.891 0.03125 -0.0078125 -0.0234375 0.0 0.0 -0.0 -0.0 0.0 12.76171875 0.0 0.0 22.6640625 0.0 12.65625 0.0 0.0 25.53515625 0.0 12.83203125 0.0 0.0 25.34375 0.0 12.796875 0.0 0.0 23.4296875 0.0 4.975555419921875
8.059 0.03125 -0.0078125 -0.0234375 0.0 0.0 -0.0 -0.0 0.0 12.76171875 0.0 0.0 23.4296875 0.0 12.65625 0.0 0.0 25.7265625 0.0 12.83203125 0.0 0.0 25.15234375 0.0 12.76171875 0.0 0.0 23.4296875 0.0 4.975555419921875
8.231 0.03125 -0.0078125 -0.0234375 0.0 0.0 -0.0 -0.0 0.0 12.76171875 0.0 0.0 23.23828125 0.0 12.65625 0.0 0.0 25.34375 0.0 12.796875 0.0 0.0 25.15234375 0.0 12.76171875 0.0 0.0 23.4296875 0.0 4.975555419921875
8.403 0.03125 -0.0078125 -0.0234375 0.0 0.0 -0.0 -0.0 0.0 12.76171875 0.0 0.0 23.23828125 0.0 12.65625 0.0 0.0 25.53515625 0.0 12.83203125 0.0 0.0 25.7265625 0.0 12.76171875 0.0 0.0 23.046875 0.0 4.975555419921875
8.58 0.03125 -0.0078125 -0.0234375 0.0 0.0 -0.0 -0.0 0.0 12.76171875 0.0 0.0 23.23828125 0.0 12.65625 0.0 0.0 25.34375 0.0 12.83203125 0.0 0.0 25.15234375 0.0 12.796875 0.0 0.0 22.85546875 0.0 4.975555419921875
8.754 0.03125 -0.0078125 -0.0234375 0.0 0.0 -0.0 -0.0 0.0 12.76171875 0.0 0.0 22.85546875 0.0 12.65625 0.0 0.0 25.7265625 0.0 12.83203125 0.0 0.0 25.15234375 0.0 12.76171875 0.0 0.0 23.4296875 0.0 4.9853363037109375
8.92 0.03125 -0.0078125 -0.0234375 0.0 0.0 -0.0 -0.0 0.0 12.76171875 0.0 0.0 22.85546875 0.0 12.65625 0.0 0.0 25.53515625 0.0 12.83203125 0.0 0.0 25.53515625 0.0 12.796875 0.0 0.0 23.62109375 0.0 4.9853363037109375
9.094 0.03125 -0.0078125 -0.0234375 0.0 0.0 -0.0 -0.0 0.0 12.76171875 0.0 0.0 23.4296875 0.0 12.65625 0.0 0.0 25.53515625 0.0 12.83203125 0.0 0.0 25.34375 0.0 12.76171875 0.0 0.0 22.85546875 0.0 4.9853363037109375
9.271 0.03125 -0.0078125 -0.0234375 0.0 0.0 -0.0 -0.0 0.0 12.76171875 0.0 0.0 23.4296875 0.0 12.62109375 0.0 0.0 25.91796875 0.0 12.83203125 0.0 0.0 25.53515625 0.0 12.796875 0.0 0.0 22.85546875 0.0 4.9853363037109375
9.461 0.03125 -0.0078125 -0.0234375 0.0 0.0 -0.0 -0.0 0.0 12.76171875 0.0 0.0 23.8125 0.0 12.65625 0.0 0.0 25.34375 0.0 12.83203125 0.0 0.0 25.7265625 0.0 12.76171875 0.0 0.0 23.23828125 0.0 4.975555419921875
9.632 0.03125 -0.0078125 -0.0234375 0.0 0.0 -0.0 -0.0 0.0 12.76171875 0.0 0.0 23.046875 0.0 12.65625 0.0 0.0 25.7265625 0.0 12.83203125 0.0 0.0 25.53515625 0.0 12.76171875 0.0 0.0 22.6640625 0.0 4.9951019287109375
9.802 0.03125 -0.0078125 -0.0234375 0.0 0.0 -0.0 -0.0 0.0 12.76171875 0.0 0.0 23.62109375 0.0 12.65625 0.0 0.0 26.109375 0.0 12.83203125 0.0 0.0 24.76953125 0.0 12.796875 0.0 0.0 23.8125 0.0 4.975555419921875
9.98 0.03125 -0.0078125 -0.0234375 0.0 0.0 -0.0 -0.0 0.0 12.76171875 0.0 0.0 22.85546875 0.0 12.65625 0.0 0.0 26.68359375 0.0 12.83203125 0.0 0.0 25.7265625 0.0 12.76171875 0.0 0.0 23.8125 0.0 4.975555419921875
10.151 0.03125 -0.0078125 -0.0234375 0.0 0.0 -0.0 -0.0 0.0 12.76171875 0.0 0.0 23.23828125 0.0 12.62109375 0.0 0.0 27.2578125 0.0 12.83203125 0.0 0.0 25.15234375 0.0 12.76171875 0.0 0.0 23.4296875 0.0 4.975555419921875
10.321 0.03125 -0.0078125 -0.0234375 0.0 0.0 -0.0 -0.0 0.0 12.76171875 0.0 0.0 23.62109375 0.0 12.65625 0.0 0.0 25.7265625 0.0 12.83203125 0.0 0.0 25.34375 0.0 12.76171875 0.0 0.0 23.4296875 0.0 4.9853363037109375
10.494 0.03125 -0.0078125 -0.0234375 0.0 0.0 -0.0 -0.0 0.0 12.76171875 0.0 0.0 23.046875 0.0 12.65625 0.0 0.0 25.7265625 0.0 12.83203125 0.0 0.0 25.34375 0.0 12.796875 0.0 0.0 22.6640625 0.0 4.975555419921875
10.661 0.03125 -0.0078125 -0.0234375 0.0 0.0 -0.0 -0.0 0.0 12.76171875 0.0 0.0 22.6640625 0.0 12.65625 0.0 0.0 26.4921875 0.0 12.83203125 0.0 0.0 25.34375 0.0 12.76171875 0.0 0.0 23.046875 0.0 4.975555419921875
10.83 0.03125 -0.0078125 -0.0234375 0.0 0.0 -0.0 -0.0 0.0 12.76171875 0.0 0.0 23.8125 0.0 12.65625 0.0 0.0 25.7265625 0.0 12.83203125 0.0 0.0 25.7265625 0.0 12.76171875 0.0 0.0 22.85546875 0.0 4.9853363037109375
11.002 0.03125 -0.0078125 -0.0234375 0.0 0.0 -0.0 -0.0 0.0 12.76171875 0.0 0.0 22.6640625 0.0 12.65625 0.0 0.0 25.53515625 0.0 12.83203125 0.0 0.0 25.7265625 0.0 12.796875 0.0 0.0 22.85546875 0.0 4.9853363037109375
11.181 0.03125 -0.0078125 -0.0234375 0.0 0.0 -0.0 -0.0 0.0 12.76171875 0.0 0.0 24.38671875 0.0 12.65625 0.0 0.0 25.7265625 0.0 12.83203125 0.0 0.0 25.34375 0.0 12.796875 0.0 0.0 23.8125 0.0 4.9853363037109375
11.36 0.03125 -0.0078125 -0.0234375 0.0 0.0 -0.0 -0.0 0.0 12.76171875 0.0 0.0 23.046875 0.0 12.65625 0.0 0.0 25.91796875 0.0 12.83203125 0.0 0.0 25.34375 0.0 12.76171875 0.0 0.0 23.23828125 0.0 4.9853363037109375
11.535 0.03125 -0.0078125 -0.0234375 0.0 0.0 -0.0 -0.0 0.0 12.76171875 0.0 0.0 23.62109375 0.0 12.65625 0.0 0.0 24.76953125 0.0 12.83203125 0.0 0.0 25.7265625 0.0 12.76171875 0.0 0.0 23.4296875 0.0 4.9853363037109375
11.712 0.03125 -0.0078125 -0.0234375 0.0 0.0 -0.0 -0.0 0.0 12.76171875 0.0 0.0 22.6640625 0.0 12.65625 0.0 0.0 25.7265625 0.0 12.83203125 0.0 0.0 25.15234375 0.0 12.76171875 0.0 0.0 23.4296875 0.0 4.9853363037109375
11.89 0.03125 -0.0078125 -0.0234375 0.0 0.0 -0.0 -0.0 0.0 12.76171875 0.0 0.0 22.6640625 0.0 12.65625 0.0 0.0 25.91796875 0.0 12.83203125 0.0 0.0 25.34375 0.0 12.76171875 0.0 0.0 23.4296875 0.0 4.9853363037109375
12.06 0.03125 -0.0078125 -0.0234375 0.0 0.0 -0.0 -0.0 0.0 12.7265625 0.0 0.0 23.046875 0.0 12.62109375 0.0 0.0 25.7265625 0.0 12.83203125 0.0 0.0 25.7265625 0.0 12.796875 0.0 0.0 22.6640625 0.0 4.9853363037109375
12.233 0.03125 -0.0078125 -0.0234375 0.0 0.0 -0.0 -0.0 0.0 12.76171875 0.0 0.0 23.4296875 0.0 12.65625 0.0 0.0 25.53515625 0.0 12.83203125 0.0 0.0 25.15234375 0.0 12.76171875 0.0 0.0 23.4296875 0.0 4.9853363037109375
12.413 0.03125 -0.0078125 -0.0234375 0.0 0.0 -0.0 -0.0 0.0 12.76171875 0.0 0.0 23.23828125 0.0 12.65625 0.0 0.0 25.7265625 0.0 12.83203125 0.0 0.0 25.53515625 0.0 12.76171875 0.0 0.0 23.23828125 0.0 4.9853363037109375
12.611 0.03125 -0.0078125 -0.0234375 0.0 0.0 -0.0 -0.0 0.0 12.76171875 0.0 0.0 22.85546875 0.0 12.65625 0.0 0.0 25.7265625 0.0 12.83203125 0.0 0.0 25.53515625 0.0 12.76171875 0.0 0.0 23.62109375 0.0 4.9853363037109375
12.781 0.03125 -0.0078125 -0.0234375 0.0 0.0 -0.0 -0.0 0.0 12.76171875 0.0 0.0 23.23828125 0.0 12.65625 0.0 0.0 25.7265625 0.0 12.83203125 0.0 0.0 25.7265625 0.0 12.76171875 0.0 0.0 23.23828125 0.0 4.975555419921875
12.951 0.03125 -0.0078125 -0.0234375 0.0 0.0 -0.0 -0.0 0.0 12.76171875 0.0 0.0 23.62109375 0.0 12.65625 0.0 0.0 25.34375 0.0 12.83203125 0.0 0.0 24.9609375 0.0 12.796875 0.0 0.0 23.4296875 0.0 4.9853363037109375
13.111 0.03125 -0.0078125 -0.0234375 0.0 0.0 -0.0 -0.0 0.0 12.76171875 0.0 0.0 23.046875 0.0 12.65625 0.0 0.0 25.91796875 0.0 12.83203125 0.0 0.0 25.53515625 0.0 12.76171875 0.0 0.0 23.23828125 0.0 4.9853363037109375
13.28 0.03125 -0.0078125 -0.0234375 0.0 0.0 -0.0 -0.0 0.0 12.76171875 0.0 0.0 22.85546875 0.0 12.62109375 0.0 0.0 26.109375 0.0 12.83203125 0.0 0.0 25.34375 0.0 12.76171875 0.0 0.0 23.23828125 0.0 4.9951019287109375
13.454 0.03125 -0.0078125 -0.0234375 0.0 0.0 -0.0 -0.0 0.0 12.76171875 0.0 0.0 22.85546875 0.0 12.65625 0.0 0.0 25.7265625 0.0 12.83203125 0.0 0.0 25.91796875 0.0 12.76171875 0.0 0.0 23.62109375 0.0 4.9853363037109375
13.634 0.03125 -0.0078125 -0.0234375 0.0 0.0 -0.0 -0.0 0.0 12.76171875 0.0 0.0 23.046875 0.0 12.62109375 0.0 0.0 25.34375 0.0 12.83203125 0.0 0.0 25.7265625 0.0 12.76171875 0.0 0.0 23.23828125 0.0 4.9853363037109375
13.811 0.03125 -0.0078125 -0.0234375 0.0 0.0 -0.0 -0.0 0.0 12.76171875 0.0 0.0 22.6640625 0.0 12.65625 0.0 0.0 25.34375 0.0 12.83203125 0.0 0.0 25.15234375 0.0 12.76171875 0.0 0.0 23.4296875 0.0 4.975555419921875
13.981 0.03125 -0.0078125 -0.0234375 0.0 0.0 -0.0 -0.0 0.0 12.76171875 0.0 0.0 23.4296875 0.0 12.65625 0.0 0.0 25.91796875 0.0 12.83203125 0.0 0.0 25.34375 0.0 12.76171875 0.0 0.0 23.23828125 0.0 4.9853363037109375
14.15 0.03125 -0.0078125 -0.0234375 0.0 0.0 -0.0 -0.0 0.0 12.76171875 0.0 0.0 23.046875 0.0 12.65625 0.0 0.0 26.109375 0.0 12.83203125 0.0 0.0 25.34375 0.0 12.76171875 0.0 0.0 23.23828125 0.0 4.9853363037109375
14.318 0.03125 -0.0078125 -0.0234375 0.0 0.0 -0.0 -0.0 0.0 12.76171875 0.0 0.0 22.85546875 0.0 12.65625 0.0 0.0 25.7265625 0.0 12.83203125 0.0 0.0 25.91796875 0.0 12.76171875 0.0 0.0 23.23828125 0.0 4.9853363037109375
14.492 0.03125 -0.0078125 -0.0234375 0.0 0.0 -0.0 -0.0 0.0 12.76171875 0.0 0.0 23.046875 0.0 12.62109375 0.0 0.0 25.91796875 0.0 12.83203125 0.0 0.0 25.7265625 0.0 12.796875 0.0 0.0 23.62109375 0.0 4.9853363037109375
14.66 0.03125 -0.0078125 -0.0234375 0.0 0.0 -0.0 -0.0 0.0 12.76171875 0.0 0.0 22.85546875 0.0 12.65625 0.0 0.0 25.34375 0.0 12.83203125 0.0 0.0 24.9609375 0.0 12.76171875 0.0 0.0 23.046875 0.0 4.9853363037109375
14.829 0.03125 -0.0078125 -0.0234375 0.0 0.0 -0.0 -0.0 0.0 12.76171875 0.0 0.0 22.85546875 0.0 12.65625 0.0 0.0 26.109375 0.0 12.83203125 0.0 0.0 25.53515625 0.0 12.76171875 0.0 0.0 23.8125 0.0 4.9853363037109375
15.0 0.03125 -0.0078125 -0.0234375 0.0 0.0 -0.0 -0.0 0.0 12.76171875 0.0 0.0 23.62109375 0.0 12.62109375 0.0 0.0 25.53515625 0.0 12.83203125 0.0 0.0 25.7265625 0.0 12.76171875 0.0 0.0 23.4296875 0.0 4.9951019287109375
15.169 0.03125 -0.0078125 -0.0234375 0.0 0.0 -0.0 -0.0 0.0 12.76171875 0.0 0.0 24.1953125 0.0 12.62109375 0.0 0.0 26.109375 0.0 12.83203125 0.0 0.0 25.53515625 0.0 12.76171875 0.0 0.0 23.8125 0.0 4.9951019287109375
15.358 0.03125 -0.0078125 -0.0234375 0.0 0.0 -0.0 -0.0 0.0 12.76171875 0.0 0.0 23.046875 0.0 12.62109375 0.0 0.0 25.91796875 0.0 12.83203125 0.0 0.0 24.9609375 0.0 12.76171875 0.0 0.0 23.62109375 0.0 4.9951019287109375
15.54 0.03125 -0.0078125 -0.0234375 0.0 0.0 -0.0 -0.0 0.0 12.76171875 0.0 0.0 23.62109375 0.0 12.65625 0.0 0.0 25.34375 0.0 12.83203125 0.0 0.0 24.9609375 0.0 12.796875 0.0 0.0 23.23828125 0.0 4.9853363037109375
15.71 0.03125 -0.0078125 -0.0234375 0.0 0.0 -0.0 -0.0 0.0 12.76171875 0.0 0.0 22.28125 0.0 12.62109375 0.0 0.0 25.91796875 0.0 12.83203125 0.0 0.0 25.15234375 0.0 12.76171875 0.0 0.0 23.8125 0.0 4.9853363037109375
15.889 0.03125 -0.0078125 -0.0234375 0.0 0.0 -0.0 -0.0 0.0 12.76171875 0.0 0.0 23.23828125 0.0 12.65625 0.0 0.0 25.91796875 0.0 12.796875 0.0 0.0 25.53515625 0.0 12.76171875 0.0 0.0 23.23828125 0.0 4.9853363037109375
16.06 0.03125 -0.0078125 -0.0234375 0.0 0.0 -0.0 -0.0 0.0 12.76171875 0.0 0.0 23.23828125 0.0 12.65625 0.0 0.0 25.7265625 0.0 12.83203125 0.0 0.0 25.91796875 0.0 12.76171875 0.0 0.0 23.62109375 0.0 4.9853363037109375
16.23 0.03125 -0.0078125 -0.0234375 0.0 0.0 -0.0 -0.0 0.0 12.76171875 0.0 0.0 23.046875 0.0 12.65625 0.0 0.0 25.7265625 0.0 12.83203125 0.0 0.0 25.7265625 0.0 12.76171875 0.0 0.0 23.23828125 0.0 4.975555419921875
16.399 0.03125 -0.0078125 -0.0234375 0.0 0.0 -0.0 -0.0 0.0 12.76171875 0.0 0.0 23.046875 0.0 12.65625 0.0 0.0 25.7265625 0.0 12.83203125 0.0 0.0 25.53515625 0.0 12.76171875 0.0 0.0 23.8125 0.0 4.975555419921875
16.569 0.03125 -0.0078125 -0.0234375 0.0 0.0 -0.0 -0.0 0.0 12.76171875 0.0 0.0 23.62109375 0.0 12.65625 0.0 0.0 25.91796875 0.0 12.796875 0.0 0.0 25.34375 0.0 12.796875 0.0 0.0 23.23828125 0.0 4.9853363037109375
16.739 0.03125 -0.0078125 -0.0234375 0.0 0.0 -0.0 -0.0 0.0 12.76171875 0.0 0.0 23.4296875 0.0 12.65625 0.0 0.0 25.91796875 0.0 12.83203125 0.0 0.0 25.34375 0.0 12.796875 0.0 0.0 23.4296875 0.0 4.9853363037109375
16.913 0.03125 -0.0078125 -0.0234375 0.0 0.0 -0.0 -0.0 0.0 12.76171875 0.0 0.0 23.046875 0.0 12.65625 0.0 0.0 25.15234375 0.0 12.83203125 0.0 0.0 25.91796875 0.0 12.76171875 0.0 0.0 22.85546875 0.0 4.9853363037109375
17.08 0.03125 -0.0078125 -0.0234375 0.0 0.0 -0.0 -0.0 0.0 12.76171875 0.0 0.0 23.046875 0.0 12.65625 0.0 0.0 25.91796875 0.0 12.83203125 0.0 0.0 25.7265625 0.0 12.76171875 0.0 0.0 23.8125 0.0 4.9853363037109375
17.253 0.03125 -0.0078125 -0.0234375 0.0 0.0 -0.0 -0.0 0.0 12.76171875 0.0 0.0 22.85546875 0.0 12.65625 0.0 0.0 26.109375 0.0 12.83203125 0.0 0.0 25.7265625 0.0 12.76171875 0.0 0.0 24.1953125 0.0 4.9853363037109375
17.432 0.03125 -0.0078125 -0.0234375 0.0 0.0 -0.0 -0.0 0.0 12.76171875 0.0 0.0 22.85546875 0.0 12.65625 0.0 0.0 25.53515625 0.0 12.83203125 0.0 0.0 25.53515625 0.0 12.76171875 0.0 0.0 23.62109375 0.0 4.9853363037109375
17.61 0.03125 -0.0078125 -0.0234375 0.0 0.0 -0.0 -0.0 0.0 12.76171875 0.0 0.0 24.578125 0.0 12.65625 0.0 0.0 25.91796875 0.0 12.83203125 0.0 0.0 25.7265625 0.0 12.76171875 0.0 0.0 23.62109375 0.0 4.9853363037109375
17.78 0.03125 -0.0078125 -0.0859375 0.0 0.0 -0.0 -0.0 0.0 12.76171875 0.0 0.0 23.62109375 0.0 12.65625 0.0 0.0 24.578125 0.0 12.83203125 0.0 0.0 25.7265625 0.0 12.76171875 0.0 0.0 23.23828125 0.0 4.975555419921875
17.939 0.03125 -0.0078125 -0.1015625 0.0 0.0 -0.0 -0.0 0.0 12.76171875 0.0 0.0 23.62109375 0.0 12.65625 0.0 0.0 25.53515625 0.0 12.796875 0.0 0.0 25.7265625 0.0 12.7265625 0.0 0.0 23.23828125 0.0 4.975555419921875
18.1 0.03125 -0.0078125 -0.34375 -0.11328125 -0.11328125 -0.11328125 -0.11328125 20.056610107421875 12.65625 -1.43359375 4.40625 23.4296875 0.0 12.65625 -1.44140625 2.4375 25.53515625 -37.60466003417969 12.7265625 -1.4375 4.27734375 24.9609375 0.0 12.65625 -1.43359375 0.0 23.8125 0.0 4.9560089111328125
18.274 0.03125 -0.0078125 -0.34375 -0.171875 -0.171875 -0.171875 -0.171875 -40.267181396484375 12.5859375 -2.171875 3.8828125 23.62109375 0.0 12.7265625 -2.18359375 3.48828125 25.15234375 -73.484375 12.69140625 -2.1875 3.75 25.7265625 0.0 12.65625 -2.17578125 3.2265625 23.046875 0.0 4.9853363037109375
18.451 0.03125 -0.0078125 -0.34375 -0.171875 -0.171875 -0.171875 -0.171875 -13.8441162109375 12.65625 -2.17578125 3.75 23.046875 0.0 12.69140625 -2.171875 3.75 25.7265625 -80.68751525878906 12.69140625 -2.1875 3.6171875 25.34375 0.0 12.65625 -2.17578125 3.09375 22.85546875 0.0 4.9657745361328125
18.643 0.03125 -0.0078125 -0.34375 -0.171875 -0.171875 -0.171875 -0.171875 -4.4432373046875 12.65625 -2.17578125 3.48828125 22.85546875 0.0 12.62109375 -2.1875 3.6171875 25.15234375 -76.30250549316406 12.69140625 -2.1875 3.6171875 25.34375 0.0 12.65625 -2.17578125 3.09375 23.4296875 0.0 4.9657745361328125
18.821 0.03125 -0.0078125 -0.34375 -0.171875 -0.171875 -0.171875 -0.171875 -13.792755126953125 12.65625 -2.17578125 3.6171875 23.046875 0.0 12.69140625 -2.171875 3.6171875 24.76953125 -76.38749694824219 12.69140625 -2.18359375 3.48828125 25.7265625 0.0 12.65625 -2.171875 2.9609375 23.23828125 0.0 4.975555419921875
19.001 0.03125 -0.0078125 -0.34375 -0.171875 -0.171875 -0.171875 -0.171875 11.6258544921875 12.62109375 -2.17578125 3.6171875 23.23828125 0.0 12.65625 -2.17578125 3.35546875 24.9609375 -74.48211669921875 12.7265625 -2.18359375 3.75 25.34375 0.0 12.65625 -2.18359375 2.9609375 23.4296875 0.0 4.975555419921875
19.191 0.03125 -0.0078125 -0.34375 -0.171875 -0.171875 -0.171875 -0.171875 16.49151611328125 12.62109375 -2.171875 3.48828125 23.046875 0.0 12.62109375 -2.1875 3.6171875 26.109375 -72.20487976074219 12.65625 -2.18359375 4.01171875 25.34375 0.0 12.65625 -2.171875 2.83203125 23.23828125 0.0 4.9853363037109375
19.37 0.03125 -0.0078125 -0.34375 -0.171875 -0.171875 -0.171875 -0.171875 40.66246032714844 12.62109375 -2.17578125 3.75 23.8125 0.0 12.69140625 -2.17578125 3.75 25.34375 -75.0087890625 12.69140625 -2.18359375 3.75 25.34375 0.0 12.65625 -2.17578125 3.09375 23.8125 0.0 4.975555419921875
19.542 0.03125 -0.0078125 -0.34375 -0.171875 -0.171875 -0.171875 -0.171875 -76.12702941894531 12.65625 -2.171875 3.75 23.23828125 0.0 12.69140625 -2.18359375 3.75 24.9609375 -77.26979064941406 12.69140625 -2.18359375 3.6171875 25.34375 0.0 12.65625 -2.171875 3.09375 23.62109375 0.0 4.9853363037109375
19.722 0.03125 -0.0078125 -0.34375 -0.2578125 -0.0859375 -0.0859375 -0.2578125 -4.7569732666015625 12.5859375 -3.24609375 4.14453125 23.62109375 0.0 12.5859375 -1.078125 0.0 25.7265625 -32.11802673339844 12.69140625 -1.09375 2.69921875 24.76953125 0.0 12.65625 -3.25390625 3.48828125 23.62109375 0.0 5.0048828125
19.91 0.03125 -0.0078125 -0.34375 -0.2578125 -0.0859375 -0.0859375 -0.2578125 -27.460540771484375 12.62109375 -3.265625 3.75 23.046875 0.0 12.62109375 -1.0859375 0.0 25.7265625 -22.321685791015625 12.69140625 -1.09375 4.5390625 25.34375 0.0 12.62109375 -3.25390625 3.35546875 23.046875 0.0 4.9657745361328125
20.081 0.03125 -0.0078125 -0.34375 -0.2578125 -0.0859375 -0.0859375 -0.2578125 66.848876953125 12.62109375 -3.25390625 3.75 22.6640625 0.0 12.69140625 -1.0859375 0.0 25.7265625 -21.586013793945312 12.65625 -1.09375 4.27734375 25.53515625 0.0 12.5859375 -3.25390625 3.2265625 23.8125 0.0 4.9853363037109375
20.251 0.03125 -0.0078125 -0.34375 -0.34375 0.0 -0.0 -0.34375 -24.375534057617188 12.55078125 -4.31640625 4.5390625 21.70703125 0.0 12.515625 0.0 0.0 25.91796875 22.025665283203125 12.7265625 0.0 0.0 25.34375 0.0 12.5859375 -4.33984375 3.6171875 23.4296875 0.0 4.9853363037109375
20.43 0.03125 -0.0078125 -0.34375 -0.34375 0.0 -0.0 -0.34375 -25.983154296875 12.5859375 -4.33984375 3.8828125 22.85546875 0.0 12.55078125 0.0 0.0 25.53515625 0.0 12.69140625 0.0 0.0 25.7265625 0.0 12.5859375 -4.328125 3.48828125 23.62109375 0.0 4.975555419921875
20.601 0.03125 -0.0078125 -0.34375 -0.34375 0.0 -0.0 -0.34375 20.926895141601562 12.62109375 -4.33984375 3.8828125 22.85546875 0.0 12.55078125 0.0 0.0 26.109375 0.0 12.7265625 0.0 0.0 25.15234375 0.0 12.62109375 -4.3515625 3.48828125 23.046875 0.0 4.9853363037109375
20.77 0.03125 -0.0078125 -0.34375 -0.34375 0.0 -0.0 -0.34375 -10.134597778320312 12.5859375 -4.328125 3.75 23.046875 0.0 12.55078125 0.0 0.0 25.7265625 0.0 12.7265625 0.0 0.0 25.53515625 0.0 12.5859375 -4.33984375 3.35546875 22.47265625 0.0 4.9951019287109375
20.941 0.03125 -0.0078125 -0.34375 -0.34375 0.0 -0.0 -0.34375 45.726806640625 12.62109375 -4.328125 3.75 23.4296875 0.0 12.55078125 0.0 0.0 25.15234375 0.0 12.69140625 0.0 0.0 24.9609375 0.0 12.5859375 -4.33984375 3.48828125 23.23828125 0.0 4.9560089111328125
21.122 0.03125 -0.0078125 -0.34375 -0.34375 0.0 -0.0 -0.34375 -45.80262756347656 12.5859375 -4.33984375 3.75 22.6640625 0.0 12.55078125 0.0 0.0 26.30078125 0.0 12.7265625 0.0 0.0 25.34375 0.0 12.62109375 -4.328125 3.48828125 22.47265625 0.0 4.975555419921875
21.302 0.03125 -0.0078125 -0.34375 -0.34375 0.0 -0.0 -0.34375 -48.75138854980469 12.5859375 -4.33984375 3.8828125 23.4296875 0.0 12.515625 0.0 0.0 25.7265625 0.0 12.7265625 0.0 0.0 25.15234375 0.0 12.62109375 -4.328125 3.48828125 23.23828125 0.0 4.9951019287109375
21.494 0.03125 -0.0078125 -0.34375 -0.34375 0.0 -0.0 -0.34375 88.87448120117188 12.62109375 -4.328125 3.6171875 22.47265625 0.0 12.55078125 0.0 0.0 26.4921875 0.0 12.69140625 0.0 0.0 25.34375 0.0 12.5859375 -4.33984375 3.48828125 23.23828125 0.0 4.975555419921875
21.781 0.03125 -0.0078125 -0.34375 -0.34375 0.0 -0.0 -0.34375 44.744293212890625 12.5859375 -4.328125 3.75 23.046875 0.0 12.515625 0.0 0.0 25.7265625 0.0 12.7265625 0.0 0.0 25.7265625 0.0 12.5859375 -4.33984375 3.6171875 23.046875 0.0 4.975555419921875
21.961 0.03125 -0.0078125 -0.34375 -0.34375 0.0 -0.0 -0.34375 -22.888763427734375 12.62109375 -4.33984375 3.8828125 23.23828125 0.0 12.55078125 0.0 0.0 25.34375 0.0 12.69140625 0.0 0.0 25.15234375 0.0 12.65625 -4.328125 3.35546875 23.046875 0.0 4.9853363037109375
22.134 0.03125 -0.0078125 -0.34375 -0.34375 0.0 -0.0 -0.34375 -26.172836303710938 12.5859375 -4.33984375 3.75 23.62109375 0.0 12.55078125 0.0 0.0 25.53515625 0.0 12.69140625 0.0 0.0 25.7265625 0.0 12.5859375 -4.328125 3.48828125 24.00390625 0.0 4.9853363037109375
22.312 0.03125 -0.0078125 -0.34375 -0.34375 0.0 -0.0 -0.34375 -26.266464233398438 12.5859375 -4.328125 3.75 23.23828125 0.0 12.515625 0.0 0.0 25.15234375 0.0 12.69140625 0.0 0.0 25.7265625 0.0 12.62109375 -4.33984375 3.48828125 22.85546875 0.0 4.975555419921875
22.49 0.03125 -0.0078125 -0.34375 -0.34375 0.0 -0.0 -0.34375 20.512710571289062 12.62109375 -4.33984375 3.8828125 23.046875 0.0 12.515625 0.0 0.0 25.53515625 0.0 12.69140625 0.0 0.0 25.53515625 0.0 12.5859375 -4.328125 3.48828125 23.046875 0.0 4.9853363037109375
22.661 0.03125 -0.0078125 -0.34375 -0.34375 0.0 -0.0 -0.34375 -10.121124267578125 12.5859375 -4.31640625 3.8828125 22.85546875 0.0 12.515625 0.0 0.0 25.7265625 0.0 12.69140625 0.0 0.0 24.9609375 0.0 12.55078125 -4.328125 3.35546875 23.62109375 0.0 4.975555419921875
22.83 0.03125 -0.0078125 -0.34375 -0.34375 0.0 -0.0 -0.34375 46.004547119140625 12.5859375 -4.328125 3.75 23.4296875 0.0 12.55078125 0.0 0.0 26.30078125 0.0 12.7265625 0.0 0.0 25.34375 0.0 12.62109375 -4.328125 3.48828125 23.23828125 0.0 4.9853363037109375
23.01 0.03125 -0.0078125 -0.34375 -0.34375 0.0 -0.0 -0.34375 -90.91339111328125 12.5859375 -4.33984375 3.8828125 24.1953125 0.0 12.55078125 0.0 0.0 25.34375 0.0 12.65625 0.0 0.0 25.15234375 0.0 12.55078125 -4.31640625 3.48828125 23.23828125 0.0 4.9853363037109375
23.193 0.03125 -0.0078125 -0.34375 -0.4296875 0.0859375 0.0859375 -0.4296875 -213.27407836914062 12.515625 -5.36328125 4.27734375 23.4296875 0.0 12.33984375 1.05859375 0.0 25.53515625 21.118148803710938 12.515625 1.078125 2.17578125 24.9609375 0.0 12.515625 -5.37890625 3.75 23.4296875 0.0 4.9560089111328125
23.373 0.03125 -0.0078125 -0.34375 -0.4296875 0.0859375 0.0859375 -0.4296875 206.31849670410156 12.55078125 -5.39453125 3.8828125 22.85546875 0.0 12.375 1.0625 0.0 25.34375 20.14605712890625 12.55078125 1.07421875 2.3046875 25.34375 0.0 12.5859375 -5.41015625 3.75 22.85546875 0.0 4.975555419921875
23.542 0.03125 -0.0078125 -0.34375 -0.4296875 0.0859375 0.0859375 -0.4296875 -80.51832580566406 12.55078125 -5.39453125 3.8828125 23.23828125 0.0 12.41015625 1.05859375 0.0 25.15234375 22.791610717773438 12.515625 1.0703125 2.69921875 25.53515625 0.0 12.48046875 -5.36328125 3.48828125 23.23828125 0.0 4.9853363037109375
23.722 0.03125 -0.0078125 -0.34375 -0.515625 0.1718749999999999 0.171875 -0.5156249999999999 285.73553466796875 12.4453125 -6.40234375 4.27734375 24.00390625 0.0 12.3046875 2.11328125 3.75 25.15234375 69.44694519042969 12.48046875 2.1484375 3.8828125 25.53515625 0.0 12.55078125 -6.4375 3.8828125 23.4296875 0.0 4.975555419921875
23.902 0.03125 -0.0078125 -0.34375 -0.515625 0.1718749999999999 0.171875 -0.5156249999999999 -277.33641052246094 12.515625 -6.4375 3.8828125 22.85546875 0.0 12.375 2.125 3.2265625 25.15234375 72.28915405273438 12.4453125 2.13671875 3.6171875 25.34375 0.0 12.515625 -6.453125 3.6171875 23.62109375 0.0 5.0244293212890625
24.095 0.03125 -0.0078125 -0.34375 -0.515625 0.1718749999999999 0.171875 -0.5156249999999999 -279.4556427001953 12.48046875 -6.453125 3.8828125 23.23828125 0.0 12.33984375 2.125 3.09375 26.109375 73.24050903320312 12.515625 2.13671875 3.48828125 25.53515625 0.0 12.515625 -6.453125 3.48828125 22.85546875 0.0 5.034210205078125
24.271 0.03125 -0.0078125 -0.34375 -0.515625 0.1718749999999999 0.171875 -0.5156249999999999 17.923904418945312 12.48046875 -6.47265625 3.75 23.046875 0.0 12.3046875 2.1171875 3.35546875 25.34375 71.86570739746094 12.48046875 2.1484375 3.75 25.53515625 0.0 12.48046875 -6.453125 3.48828125 23.23828125 0.0 5.0048828125
24.454 0.03125 -0.0078125 -0.34375 -0.515625 0.1718749999999999 0.171875 -0.5156249999999999 -12.479034423828125 12.55078125 -6.4375 3.8828125 23.23828125 0.0 12.3046875 2.11328125 3.2265625 25.34375 72.96635437011719 12.48046875 2.1484375 3.48828125 25.34375 0.0 12.55078125 -6.4375 3.48828125 23.4296875 0.0 4.9951019287109375
24.633 0.03125 -0.0078125 -0.34375 -0.4296875 0.2578125000000001 0.0859375 -0.6015625000000001 122.16070556640625 12.4453125 -5.36328125 3.09375 23.23828125 0.0 12.33984375 3.1796875 3.35546875 25.15234375 26.14093017578125 12.515625 1.078125 1.125 25.34375 0.0 12.48046875 -7.53125 3.6171875 23.23828125 0.0 5.0048828125
24.822 0.03125 -0.0078125 -0.34375 -0.4296875 0.2578125000000001 0.0859375 -0.6015625000000001 -213.21487426757812 12.515625 -5.37890625 3.8828125 23.4296875 0.0 12.3046875 3.16015625 3.6171875 25.91796875 20.90582275390625 12.48046875 1.0703125 2.83203125 24.76953125 0.0 12.515625 -7.53125 3.6171875 23.62109375 0.0 4.975555419921875
25.011 0.03125 -0.0078125 -0.34375 -0.4296875 0.2578125000000001 0.0859375 -0.6015625000000001 -210.2266387939453 12.515625 -5.37890625 4.01171875 23.046875 0.0 12.33984375 3.16015625 3.48828125 26.68359375 21.545791625976562 12.55078125 1.07421875 2.69921875 25.34375 0.0 12.48046875 -7.55078125 3.48828125 23.23828125 0.0 5.0244293212890625
25.183 0.03125 -0.0078125 -0.34375 -0.4296875 0.2578125000000001 0.0859375 -0.6015625000000001 -77.40998840332031 12.515625 -5.37890625 3.6171875 22.85546875 0.0 12.375 3.171875 3.48828125 24.9609375 22.047164916992188 12.48046875 1.0703125 0.0 25.34375 0.0 12.48046875 -7.53125 3.6171875 23.23828125 0.0 4.9951019287109375
25.372 0.03125 -0.0078125 -0.34375 -0.34375 0.3437499999999999 2.7755575615628914E-17 -0.6874999999999999 -28.566329956054688 12.4453125 -4.29296875 3.09375 21.32421875 0.0 12.26953125 4.203125 3.48828125 25.7265625 0.0 12.5859375 0.0 0.0 25.15234375 0.0 12.48046875 -8.60546875 3.48828125 23.046875 0.0 4.9560089111328125
25.542 0.03125 -0.0078125 -0.34375 -0.34375 0.3437499999999999 2.7755575615628914E-17 -0.6874999999999999 -9.86346435546875 12.515625 -4.29296875 4.01171875 22.85546875 0.0 12.26953125 4.2265625 3.48828125 25.53515625 0.0 12.62109375 0.0 0.0 25.15234375 0.0 12.515625 -8.58203125 3.2265625 23.046875 0.0 4.9951019287109375
25.727 0.03125 -0.0078125 -0.34375 -0.34375 0.3437499999999999 2.7755575615628914E-17 -0.6874999999999999 57.58934020996094 12.515625 -4.29296875 4.01171875 22.6640625 0.0 12.3046875 4.21484375 3.75 25.7265625 0.0 12.62109375 0.0 0.0 25.7265625 0.0 12.48046875 -8.58203125 3.2265625 22.47265625 0.0 4.975555419921875
25.902 0.03125 -0.0078125 -0.34375 -0.2578124999999999 0.4296874999999998 -0.08593750000000003 -0.7734374999999998 35.38746643066406 12.41015625 -3.2109375 2.83203125 21.8984375 0.0 12.3046875 5.26953125 3.75 25.91796875 -16.6807861328125 12.55078125 -1.08203125 3.8828125 25.34375 0.0 12.4453125 -9.62890625 3.48828125 22.6640625 0.0 4.9657745361328125
26.087 0.03125 -0.0078125 -0.34375 -0.2578124999999999 0.4296874999999998 -0.08593750000000003 -0.7734374999999998 -6.910186767578125 12.515625 -3.21875 4.01171875 23.046875 0.0 12.26953125 5.26953125 3.6171875 25.34375 -18.668777465820312 12.55078125 -1.08203125 3.6171875 25.34375 0.0 12.515625 -9.62890625 3.35546875 22.85546875 0.0 4.9853363037109375
26.263 0.03125 -0.0078125 -0.34375 -0.2578124999999999 0.4296874999999998 -0.08593750000000003 -0.7734374999999998 -31.399734497070312 12.48046875 -3.21875 3.8828125 22.6640625 0.0 12.3046875 5.28515625 3.48828125 25.7265625 -18.445037841796875 12.5859375 -1.07421875 4.01171875 25.53515625 0.0 12.4453125 -9.62890625 3.2265625 23.62109375 0.0 4.9951019287109375
26.452 0.03125 -0.0078125 -0.34375 -0.17187499999999986 0.5156249999999997 -0.17187499999999997 -0.8593749999999994 31.845809936523438 12.41015625 -2.140625 2.3046875 22.47265625 0.0 12.19921875 6.34375 3.6171875 25.15234375 -68.15397644042969 12.515625 -2.15234375 3.75 25.34375 0.0 12.48046875 -10.7265625 3.48828125 22.85546875 0.0 4.9951019287109375
26.623 0.03125 -0.0078125 -0.34375 -0.17187499999999986 0.5156249999999997 -0.17187499999999997 -0.8593749999999994 37.33155822753906 12.4453125 -2.1484375 3.75 23.23828125 0.0 12.3046875 6.3046875 3.6171875 25.53515625 -71.56034851074219 12.55078125 -2.1328125 3.35546875 25.15234375 0.0 12.41015625 -10.63671875 3.09375 22.85546875 0.0 4.9951019287109375
26.803 0.03125 -0.0078125 -0.34375 -0.08593750000000003 0.6015625000000001 -0.2578125 -0.9453125000000001 21.487319946289062 12.375 -1.06640625 0.0 22.85546875 0.0 12.234375 7.35546875 3.48828125 25.34375 -120.57270812988281 12.4453125 -3.21875 4.27734375 25.34375 0.0 12.4453125 -11.80078125 3.09375 23.046875 0.0 4.9853363037109375
26.994 0.03125 -0.0078125 -0.34375 -0.08593750000000003 0.6015625000000001 -0.2578125 -0.9453125000000001 -4.2599334716796875 12.4453125 -1.0703125 1.6484375 22.47265625 0.0 12.26953125 7.37890625 3.35546875 24.76953125 -124.08711242675781 12.515625 -3.2109375 3.75 24.9609375 0.0 12.4453125 -11.765625 2.83203125 23.23828125 0.0 4.975555419921875
27.183 0.03125 -0.0078125 -0.34375 2.6914497566670456E-17 0.6666666666666667 -0.33333333333333337 -1.0 -7.0704498291015625 12.33984375 0.0 0.0 22.85546875 0.0 12.234375 8.17578125 3.48828125 25.15234375 -168.09664916992188 12.4453125 -4.13671875 4.14453125 25.15234375 0.0 12.375 -12.4453125 2.83203125 22.85546875 0.0 4.9657745361328125
27.363 0.03125 -0.0078125 -0.34375 2.6914497566670456E-17 0.6666666666666667 -0.33333333333333337 -1.0 0.0 12.4453125 0.0 0.0 23.23828125 0.0 12.33984375 8.19921875 3.35546875 24.9609375 -169.46908569335938 12.515625 -4.1484375 4.01171875 24.9609375 0.0 12.41015625 -12.4453125 2.5703125 22.6640625 0.0 5.0048828125
27.554 0.03125 -0.0078125 -0.34375 2.6914497566670456E-17 0.6666666666666667 -0.33333333333333337 -1.0 0.0 12.4453125 0.0 0.0 23.4296875 0.0 12.1640625 8.17578125 3.35546875 25.34375 -175.97726440429688 12.48046875 -4.16015625 3.8828125 25.15234375 0.0 12.41015625 -12.4453125 2.4375 23.23828125 0.0 4.9853363037109375
27.753 0.03125 -0.0078125 -0.34375 2.6914497566670456E-17 0.6666666666666667 -0.33333333333333337 -1.0 0.0 12.4453125 0.0 0.0 23.23828125 0.0 12.3046875 8.15234375 3.35546875 25.15234375 -174.4661407470703 12.48046875 -4.16015625 3.8828125 24.9609375 0.0 12.48046875 -12.4453125 2.5703125 23.046875 0.0 4.975555419921875
27.935 0.03125 -0.0078125 -0.34375 2.6914497566670456E-17 0.6666666666666667 -0.33333333333333337 -1.0 0.0 12.48046875 0.0 0.0 22.6640625 0.0 12.26953125 8.15234375 3.35546875 25.15234375 -169.67124938964844 12.4453125 -4.16015625 4.01171875 25.15234375 0.0 12.4453125 -12.41015625 2.5703125 23.4296875 0.0 4.9951019287109375
28.122 0.03125 -0.0078125 -0.34375 2.6914497566670456E-17 0.6666666666666667 -0.33333333333333337 -1.0 0.0 12.48046875 0.0 0.0 22.6640625 0.0 12.234375 8.17578125 3.2265625 25.15234375 -170.00177001953125 12.48046875 -4.1484375 3.8828125 25.53515625 0.0 12.41015625 -12.41015625 2.69921875 22.6640625 0.0 4.975555419921875
28.302 0.03125 -0.0078125 -0.34375 2.6914497566670456E-17 0.6666666666666667 -0.33333333333333337 -1.0 0.0 12.4453125 0.0 0.0 22.47265625 0.0 12.19921875 8.19921875 3.48828125 24.76953125 -169.91151428222656 12.4453125 -4.16015625 3.8828125 25.34375 0.0 12.41015625 -12.4453125 2.69921875 22.85546875 0.0 4.9853363037109375
28.495 0.03125 -0.0078125 -0.34375 2.6914497566670456E-17 0.6666666666666667 -0.33333333333333337 -1.0 0.0 12.4453125 0.0 0.0 23.4296875 0.0 12.26953125 8.17578125 3.2265625 25.91796875 -172.3673553466797 12.48046875 -4.16015625 4.01171875 25.7265625 0.0 12.41015625 -12.4453125 2.5703125 22.6640625 0.0 4.9560089111328125
28.675 0.03125 -0.0078125 -0.34375 2.6914497566670456E-17 0.6666666666666667 -0.33333333333333337 -1.0 0.0 12.48046875 0.0 0.0 22.6640625 0.0 12.26953125 8.19921875 3.2265625 26.109375 -172.18185424804688 12.48046875 -4.16015625 3.8828125 25.34375 0.0 12.4453125 -12.48046875 2.69921875 23.046875 0.0 4.94622802734375
28.863 0.03125 -0.0078125 -0.28125 2.6914497566670456E-17 0.6666666666666667 -0.33333333333333337 -1.0 0.0 12.41015625 0.0 0.0 23.23828125 0.0 12.33984375 8.15234375 3.2265625 25.7265625 -171.94285583496094 12.515625 -4.18359375 4.01171875 24.76953125 0.0 12.48046875 -12.515625 2.69921875 22.6640625 0.0 4.975555419921875
29.043 0.03125 -0.0078125 -0.0234375 -2.7755575615628914E-17 0.5312500000000001 -0.265625 -0.7968750000000001 0.0 12.69140625 0.0 0.0 21.8984375 0.0 12.375 6.58984375 2.69921875 25.91796875 -139.865234375 12.62109375 -3.35546875 3.35546875 25.34375 0.0 12.55078125 -10.05859375 1.6484375 23.23828125 0.0 4.975555419921875
29.222 0.03125 -0.0078125 0.0 0.0 0.0 -0.0 -0.0 0.0 12.65625 0.0 0.0 23.4296875 0.0 12.515625 0.0 0.0 25.53515625 -82.70158386230469 12.69140625 0.0 0.0 25.34375 0.0 12.65625 0.0 0.0 23.046875 0.0 4.975555419921875
29.401 0.03125 -0.0078125 0.0 0.0 0.0 -0.0 -0.0 0.0 12.62109375 0.0 0.0 23.4296875 0.0 12.515625 0.0 0.0 25.53515625 -24.552581787109375 12.69140625 0.0 0.0 25.34375 0.0 12.65625 0.0 0.0 23.4296875 0.0 4.975555419921875
29.575 0.03125 -0.0078125 0.0 0.0 0.0 -0.0 -0.0 0.0 12.62109375 0.0 0.0 23.4296875 0.0 12.515625 0.0 0.0 25.34375 0.0 12.7265625 0.0 0.0 25.34375 0.0 12.65625 0.0 0.0 23.046875 0.0 4.975555419921875
29.74 0.03125 -0.0078125 0.0 0.0 0.0 -0.0 -0.0 0.0 12.65625 0.0 0.0 22.6640625 0.0 12.515625 0.0 0.0 25.34375 0.0 12.7265625 0.0 0.0 24.9609375 0.0 12.65625 0.0 0.0 23.23828125 0.0 4.975555419921875
29.913 0.03125 -0.0078125 0.0 0.0 0.0 -0.0 -0.0 0.0 12.65625 0.0 0.0 23.23828125 0.0 12.55078125 0.0 0.0 25.53515625 0.0 12.7265625 0.0 0.0 25.34375 0.0 12.65625 0.0 0.0 22.85546875 0.0 4.9853363037109375
30.094 0.03125 -0.0078125 0.0 0.0 0.0 -0.0 -0.0 0.0 12.65625 0.0 0.0 23.23828125 0.0 12.55078125 0.0 0.0 25.53515625 0.0 12.69140625 0.0 0.0 25.34375 0.0 12.65625 0.0 0.0 23.23828125 0.0 4.9853363037109375
30.261 0.03125 -0.0078125 0.0 0.0 0.0 -0.0 -0.0 0.0 12.62109375 0.0 0.0 22.28125 0.0 12.55078125 0.0 0.0 25.91796875 0.0 12.7265625 0.0 0.0 24.9609375 0.0 12.65625 0.0 0.0 22.85546875 0.0 4.975555419921875
30.431 0.03125 -0.0078125 0.0 0.0 0.0 -0.0 -0.0 0.0 12.65625 0.0 0.0 23.4296875 0.0 12.55078125 0.0 0.0 25.34375 0.0 12.7265625 0.0 0.0 25.15234375 0.0 12.69140625 0.0 0.0 22.85546875 0.0 4.975555419921875
30.599 0.03125 -0.0078125 0.0 0.0 0.0 -0.0 -0.0 0.0 12.65625 0.0 0.0 22.6640625 0.0 12.55078125 0.0 0.0 24.9609375 0.0 12.7265625 0.0 0.0 25.15234375 0.0 12.65625 0.0 0.0 22.85546875 0.0 4.9853363037109375
30.836 0.03125 -0.0078125 -0.140625 0.0 0.0 -0.0 -0.0 0.0 12.69140625 0.0 0.0 22.85546875 0.0 12.55078125 0.0 0.0 25.15234375 0.0 12.69140625 0.0 0.0 24.9609375 0.0 12.65625 0.0 0.0 23.046875 0.0 4.9951019287109375
31.001 0.03125 -0.0078125 -0.5 -0.1015625 -0.1015625 -0.1015625 -0.1015625 -19.382675170898438 12.5859375 -1.28125 4.80078125 22.6640625 0.0 12.5859375 -1.28515625 2.04296875 25.15234375 -25.80316162109375 12.48046875 -1.27734375 3.35546875 25.53515625 0.0 12.55078125 -1.265625 0.0 22.47265625 0.0 4.9657745361328125
31.182 0.03125 -0.0078125 -0.5234375 -0.26171875 -0.26171875 -0.26171875 -0.26171875 -5.07574462890625 12.41015625 -3.2578125 4.01171875 23.046875 0.0 12.5859375 -3.3046875 3.75 25.15234375 -119.15104675292969 12.515625 -3.28515625 4.14453125 24.9609375 0.0 12.515625 -3.26953125 3.6171875 23.046875 0.0 4.975555419921875
31.373 0.03125 -0.0078125 -0.5234375 -0.26171875 -0.26171875 -0.26171875 -0.26171875 -66.67475891113281 12.55078125 -3.27734375 3.75 22.6640625 0.0 12.5859375 -3.296875 3.35546875 25.7265625 -126.70758056640625 12.55078125 -3.296875 3.6171875 25.15234375 0.0 12.515625 -3.27734375 3.35546875 23.046875 0.0 4.9951019287109375
31.554 0.03125 -0.0078125 -0.5234375 -0.26171875 -0.26171875 -0.26171875 -0.26171875 33.464630126953125 12.515625 -3.27734375 3.35546875 23.23828125 0.0 12.62109375 -3.296875 3.35546875 24.9609375 -131.39434814453125 12.55078125 -3.296875 3.8828125 25.34375 0.0 12.515625 -3.27734375 3.2265625 22.6640625 0.0 4.975555419921875
31.734 0.03125 -0.0078125 -0.5234375 -0.26171875 -0.26171875 -0.26171875 -0.26171875 -43.189727783203125 12.515625 -3.27734375 3.48828125 23.4296875 0.0 12.55078125 -3.296875 3.48828125 25.7265625 -127.77000427246094 12.5859375 -3.28515625 3.75 25.53515625 0.0 12.55078125 -3.26953125 3.35546875 22.85546875 0.0 4.975555419921875
31.921 0.03125 -0.0078125 -0.5234375 -0.26171875 -0.26171875 -0.26171875 -0.26171875 -16.569290161132812 12.515625 -3.26953125 4.01171875 22.85546875 0.0 12.55078125 -3.296875 3.75 25.53515625 -126.35319519042969 12.5859375 -3.296875 3.8828125 24.9609375 0.0 12.515625 -3.27734375 3.35546875 22.6640625 0.0 4.9853363037109375
32.101 0.03125 -0.0078125 -0.5234375 -0.26171875 -0.26171875 -0.26171875 -0.26171875 43.4281005859375 12.55078125 -3.27734375 3.6171875 23.046875 0.0 12.55078125 -3.28515625 3.35546875 25.15234375 -128.42808532714844 12.55078125 -3.28515625 3.75 25.15234375 0.0 12.515625 -3.28515625 3.2265625 23.4296875 0.0 4.975555419921875
32.282 0.03125 -0.0078125 -0.5234375 -0.26171875 -0.26171875 -0.26171875 -0.26171875 -67.51766967773438 12.515625 -3.27734375 3.75 23.046875 0.0 12.62109375 -3.3046875 3.48828125 24.578125 -127.73176574707031 12.5859375 -3.3046875 3.6171875 24.76953125 0.0 12.515625 -3.27734375 3.35546875 22.6640625 0.0 4.975555419921875
32.462 0.03125 -0.0078125 -0.4609375 -0.26171875 -0.26171875 -0.26171875 -0.26171875 -18.787246704101562 12.48046875 -3.27734375 3.75 23.8125 0.0 12.62109375 -3.296875 3.35546875 25.53515625 -128.4925537109375 12.5859375 -3.3046875 3.8828125 25.15234375 0.0 12.55078125 -3.26953125 3.35546875 22.85546875 0.0 4.9951019287109375
32.641 0.03125 -0.0078125 -0.4609375 -0.115234375 -0.115234375 -0.345703125 -0.345703125 -66.19889831542969 12.515625 -1.4453125 0.0 22.85546875 0.0 12.41015625 -1.44140625 0.0 25.7265625 -171.06199645996094 12.55078125 -4.3515625 4.27734375 25.7265625 0.0 12.515625 -4.33984375 3.6171875 23.23828125 0.0 4.975555419921875
32.822 0.03125 -0.0078125 -0.4609375 -0.115234375 -0.115234375 -0.345703125 -0.345703125 -6.6033935546875 12.55078125 -1.4453125 3.48828125 22.47265625 0.0 12.5859375 -1.453125 4.5390625 25.15234375 -177.90956115722656 12.5859375 -4.328125 3.8828125 25.15234375 0.0 12.48046875 -4.31640625 3.48828125 23.046875 0.0 5.0244293212890625
33.01 0.03125 -0.0078125 -0.4609375 -0.115234375 -0.115234375 -0.345703125 -0.345703125 10.5274658203125 12.515625 -1.44921875 4.27734375 22.85546875 0.0 12.5859375 -1.4453125 3.2265625 25.15234375 -177.4409637451172 12.62109375 -4.36328125 4.01171875 25.15234375 0.0 12.48046875 -4.33984375 3.48828125 23.046875 0.0 5.0146484375
33.19 0.03125 -0.0078125 -0.4609375 -0.115234375 -0.115234375 -0.345703125 -0.345703125 -14.724380493164062 12.55078125 -1.4453125 4.14453125 23.4296875 0.0 12.515625 -1.44921875 1.38671875 24.9609375 -180.73989868164062 12.55078125 -4.33984375 4.01171875 25.15234375 0.0 12.55078125 -4.31640625 3.48828125 22.47265625 0.0 4.975555419921875
33.375 0.03125 -0.0078125 -0.4609375 -0.115234375 -0.115234375 -0.345703125 -0.345703125 22.100845336914062 12.515625 -1.44921875 3.6171875 22.85546875 0.0 12.515625 -1.45703125 1.78125 26.4921875 -179.14625549316406 12.62109375 -4.3515625 3.75 25.15234375 0.0 12.515625 -4.28125 3.09375 23.23828125 0.0 4.9657745361328125
33.552 0.03125 -0.0078125 -0.5234375 0.0 0.0 -0.5234375 -0.5234375 -4.2293853759765625 12.375 0.0 0.0 22.6640625 0.0 12.33984375 0.0 0.0 25.53515625 -269.64398193359375 12.4453125 -6.515625 4.80078125 25.53515625 0.0 12.4453125 -6.53515625 4.01171875 22.85546875 0.0 4.975555419921875
33.722 0.03125 -0.0078125 -0.5234375 0.0 0.0 -0.5234375 -0.5234375 0.0 12.515625 0.0 0.0 22.47265625 0.0 12.41015625 0.0 0.0 25.91796875 -291.0413818359375 12.515625 -6.5703125 4.14453125 24.578125 0.0 12.48046875 -6.55078125 3.6171875 22.85546875 0.0 4.975555419921875
33.921 0.03125 -0.0078125 -0.5234375 0.0 0.0 -0.5234375 -0.5234375 0.0 12.55078125 0.0 0.0 23.23828125 0.0 12.4453125 0.0 0.0 24.9609375 -289.7019958496094 12.515625 -6.5703125 4.01171875 24.9609375 0.0 12.515625 -6.5703125 3.6171875 23.046875 0.0 4.975555419921875
34.09 0.03125 -0.0078125 -0.5234375 0.0 0.0 -0.5234375 -0.5234375 0.0 12.55078125 0.0 0.0 22.85546875 0.0 12.4453125 0.0 0.0 25.34375 -287.98561096191406 12.55078125 -6.55078125 3.8828125 24.9609375 0.0 12.48046875 -6.53515625 3.6171875 23.23828125 0.0 4.975555419921875
34.262 0.03125 -0.0078125 -0.5234375 0.0 0.0 -0.5234375 -0.5234375 0.0 12.55078125 0.0 0.0 23.62109375 0.0 12.4453125 0.0 0.0 25.34375 -287.4466552734375 12.55078125 -6.55078125 3.8828125 24.9609375 0.0 12.48046875 -6.53515625 3.6171875 23.23828125 0.0 4.975555419921875
34.434 0.03125 -0.0078125 -0.5234375 0.0 0.0 -0.5234375 -0.5234375 0.0 12.55078125 0.0 0.0 22.47265625 0.0 12.41015625 0.0 0.0 25.15234375 -290.0301971435547 12.48046875 -6.48046875 3.75 25.34375 0.0 12.375 -6.515625 3.6171875 22.47265625 0.0 4.975555419921875
34.602 0.03125 -0.0078125 -0.5234375 -0.26171875 -0.26171875 -0.26171875 -0.26171875 -112.91461181640625 12.5859375 -3.3046875 4.93359375 22.6640625 0.0 12.5859375 -3.28515625 3.35546875 25.15234375 -158.84178161621094 12.65625 -3.3125 2.17578125 25.7265625 0.0 12.55078125 -3.28515625 1.38671875 22.85546875 0.0 4.9853363037109375
34.782 0.03125 -0.0078125 -0.5234375 -0.26171875 -0.26171875 -0.26171875 -0.26171875 -7.031585693359375 12.515625 -3.27734375 3.75 22.28125 0.0 12.62109375 -3.296875 3.48828125 25.15234375 -125.74497985839844 12.55078125 -3.28515625 3.8828125 24.9609375 0.0 12.515625 -3.27734375 3.48828125 23.4296875 0.0 4.9657745361328125
34.972 0.03125 -0.0078125 -0.5234375 -0.26171875 -0.26171875 -0.26171875 -0.26171875 -6.461456298828125 12.55078125 -3.27734375 3.75 23.046875 0.0 12.55078125 -3.3046875 3.35546875 25.53515625 -126.5572509765625 12.5859375 -3.28515625 3.8828125 25.34375 0.0 12.48046875 -3.28515625 3.2265625 22.85546875 0.0 4.975555419921875
35.142 0.03125 -0.0078125 -0.5234375 -0.26171875 -0.26171875 -0.26171875 -0.26171875 26.395736694335938 12.48046875 -3.27734375 3.48828125 22.6640625 0.0 12.5859375 -3.296875 3.35546875 24.00390625 -125.74908447265625 12.5859375 -3.28515625 4.01171875 25.15234375 0.0 12.48046875 -3.27734375 3.48828125 22.85546875 0.0 4.975555419921875
35.332 0.03125 0.047244094488188976 -0.5234375 -0.26171875 -0.26171875 -0.26171875 -0.26171875 -9.400604248046875 12.515625 -3.27734375 3.75 23.23828125 0.0 12.62109375 -3.27734375 3.09375 25.34375 -131.03564453125 12.55078125 -3.28515625 4.01171875 25.15234375 0.0 12.48046875 -3.28515625 3.2265625 23.4296875 0.0 4.9657745361328125
35.515 0.03125 0.047244094488188976 -0.5234375 -0.392578125 -0.130859375 -0.130859375 -0.392578125 -51.07945251464844 12.41015625 -4.88671875 4.27734375 22.6640625 0.0 12.41015625 -1.62890625 1.6484375 24.9609375 -64.26132202148438 12.5859375 -1.6484375 2.4375 24.9609375 0.0 12.515625 -4.9140625 4.01171875 22.85546875 0.0 4.975555419921875
35.702 0.03125 0.06299212598425197 -0.5234375 -0.392578125 -0.130859375 -0.130859375 -0.392578125 30.492156982421875 12.48046875 -4.90234375 3.75 22.6640625 0.0 12.515625 -1.64453125 2.9609375 25.15234375 -47.50006103515625 12.5859375 -1.6484375 3.8828125 24.9609375 0.0 12.48046875 -4.9140625 3.6171875 22.47265625 0.0 5.0146484375
35.895 0.03125 0.06299212598425197 -0.5234375 -0.392578125 -0.130859375 -0.130859375 -0.392578125 -11.64154052734375 12.515625 -4.9140625 3.75 22.6640625 0.0 12.55078125 -1.64453125 4.14453125 25.34375 -47.33668518066406 12.5859375 -1.6484375 3.48828125 25.15234375 0.0 12.48046875 -4.9140625 3.48828125 22.85546875 0.0 4.975555419921875
36.074 0.03125 0.06299212598425197 -0.5234375 -0.392578125 -0.130859375 -0.130859375 -0.392578125 42.32197570800781 12.515625 -4.9140625 3.8828125 23.046875 0.0 12.55078125 -1.64453125 4.01171875 25.15234375 -46.90533447265625 12.55078125 -1.640625 3.48828125 24.76953125 0.0 12.48046875 -4.9140625 3.48828125 23.046875 0.0 4.975555419921875
36.253 0.03125 0.06299212598425197 -0.5234375 -0.5234375 0.0 -0.0 -0.5234375 -15.16790771484375 12.375 -6.48046875 4.14453125 22.28125 0.0 12.375 0.0 0.0 25.53515625 -13.232879638671875 12.5859375 0.0 0.0 25.34375 0.0 12.48046875 -6.53515625 3.75 23.23828125 0.0 5.0244293212890625
36.43 0.03125 0.06299212598425197 -0.5234375 -0.5234375 0.0 -0.0 -0.5234375 41.75274658203125 12.515625 -6.53515625 4.01171875 22.6640625 0.0 12.41015625 0.0 0.0 25.53515625 0.0 12.62109375 0.0 0.0 24.9609375 0.0 12.515625 -6.55078125 3.6171875 22.6640625 0.0 5.0048828125
36.614 0.03125 0.06299212598425197 -0.5234375 -0.5234375 0.0 -0.0 -0.5234375 -72.6309814453125 12.515625 -6.55078125 3.75 22.28125 0.0 12.4453125 0.0 0.0 25.7265625 0.0 12.5859375 0.0 0.0 25.15234375 0.0 12.515625 -6.53515625 3.2265625 23.046875 0.0 4.9951019287109375
36.811 0.03125 0.06299212598425197 -0.5234375 -0.5234375 0.0 -0.0 -0.5234375 -29.8802490234375 12.48046875 -6.515625 3.8828125 22.08984375 0.0 12.41015625 0.0 0.0 24.76953125 0.0 12.69140625 0.0 0.0 25.15234375 0.0 12.48046875 -6.48046875 3.35546875 22.85546875 0.0 5.0048828125
36.993 0.03125 0.007874015748031496 -0.5234375 -0.26171875 -0.26171875 -0.26171875 -0.26171875 154.1487579345703 12.55078125 -3.28515625 1.25390625 22.08984375 0.0 12.65625 -3.296875 3.75 24.9609375 -117.11244201660156 12.55078125 -3.28515625 4.27734375 25.15234375 0.0 12.5859375 -3.28515625 1.38671875 22.6640625 0.0 4.975555419921875
37.175 0.03125 0.007874015748031496 -0.5234375 -0.26171875 -0.26171875 -0.26171875 -0.26171875 -34.952301025390625 12.515625 -3.27734375 3.6171875 21.8984375 0.0 12.62109375 -3.3046875 3.09375 25.7265625 -126.56141662597656 12.55078125 -3.296875 3.6171875 25.34375 0.0 12.48046875 -3.27734375 3.2265625 23.4296875 0.0 5.034210205078125
37.361 0.03125 0.007874015748031496 -0.5234375 -0.26171875 -0.26171875 -0.26171875 -0.26171875 -6.949371337890625 12.48046875 -3.27734375 4.14453125 22.08984375 0.0 12.62109375 -3.296875 3.8828125 24.76953125 -123.61178588867188 12.55078125 -3.28515625 3.8828125 24.9609375 0.0 12.515625 -3.28515625 3.09375 22.28125 0.0 4.9853363037109375
37.546 0.03125 0.007874015748031496 -0.5234375 -0.26171875 -0.26171875 -0.26171875 -0.26171875 122.499755859375 12.48046875 -3.27734375 4.01171875 23.4296875 0.0 12.5859375 -3.3046875 3.48828125 24.578125 -122.15293884277344 12.48046875 -3.25 4.14453125 25.15234375 0.0 12.41015625 -3.2578125 3.35546875 23.046875 0.0 5.0048828125
37.722 0.03125 0.007874015748031496 -0.5234375 -0.3925781249999999 -0.3925781249999999 -0.13085937499999997 -0.13085937499999997 22.7626953125 12.48046875 -4.90234375 4.5390625 22.85546875 0.0 12.5859375 -4.9296875 3.8828125 24.76953125 -64.36579895019531 12.5859375 -1.6484375 2.69921875 25.34375 0.0 12.55078125 -1.64453125 0.0 23.046875 0.0 5.0048828125
37.906 0.03125 0.007874015748031496 -0.5234375 -0.3925781249999999 -0.3925781249999999 -0.13085937499999997 -0.13085937499999997 -9.31195068359375 12.515625 -4.9140625 3.75 23.046875 0.0 12.5859375 -4.95703125 3.75 26.30078125 -46.38240051269531 12.55078125 -1.6484375 3.6171875 25.15234375 0.0 12.515625 -1.640625 2.04296875 22.85546875 0.0 4.9853363037109375
38.083 0.03125 0.007874015748031496 -0.5234375 -0.3925781249999999 -0.3925781249999999 -0.13085937499999997 -0.13085937499999997 42.40000915527344 12.515625 -4.9140625 3.8828125 22.47265625 0.0 12.62109375 -4.95703125 3.8828125 25.15234375 -46.78419494628906 12.5859375 -1.6484375 3.2265625 24.9609375 0.0 12.515625 -1.640625 3.35546875 22.85546875 0.0 5.0048828125
38.261 0.03125 0.06299212598425197 -0.5234375 -0.3925781249999999 -0.3925781249999999 -0.13085937499999997 -0.13085937499999997 -30.117645263671875 12.515625 -4.9140625 3.8828125 22.47265625 0.0 12.62109375 -4.95703125 3.48828125 25.34375 -46.77735900878906 12.33984375 -1.62109375 3.2265625 25.34375 0.0 12.41015625 -1.625 1.6484375 22.47265625 0.0 4.975555419921875
38.454 0.03125 0.06299212598425197 -0.5234375 -0.5234375 -0.5234375 5.551115123125783E-17 5.551115123125783E-17 96.87429809570312 12.41015625 -6.49609375 4.27734375 21.515625 0.0 12.55078125 -6.5703125 3.8828125 24.76953125 -15.159759521484375 12.5859375 0.0 0.0 25.34375 0.0 12.55078125 0.0 0.0 22.6640625 0.0 4.9951019287109375
38.633 0.03125 0.06299212598425197 -0.5234375 -0.5234375 -0.5234375 5.551115123125783E-17 5.551115123125783E-17 -16.19500732421875 12.48046875 -6.515625 3.8828125 22.28125 0.0 12.5859375 -6.5703125 3.75 25.15234375 0.0 12.5859375 0.0 0.0 25.53515625 0.0 12.55078125 0.0 0.0 23.046875 0.0 4.9853363037109375
38.822 0.03125 0.06299212598425197 -0.5234375 -0.5234375 -0.5234375 5.551115123125783E-17 5.551115123125783E-17 142.53897094726562 12.48046875 -6.53515625 4.01171875 22.6640625 0.0 12.55078125 -6.58984375 3.48828125 25.34375 0.0 12.65625 0.0 0.0 25.15234375 0.0 12.69140625 0.0 0.0 22.6640625 0.0 4.975555419921875
39.001 0.03125 0.06299212598425197 -0.5234375 -0.26171875 -0.26171875 -0.26171875 -0.26171875 -41.47853088378906 12.4453125 -3.26953125 1.38671875 22.28125 0.0 12.4453125 -3.25 1.51953125 25.34375 -114.83596801757812 12.55078125 -3.28515625 4.40625 25.53515625 0.0 12.4453125 -3.26953125 3.48828125 22.47265625 0.0 5.0048828125
39.181 0.03125 0.06299212598425197 -0.5234375 -0.26171875 -0.26171875 -0.26171875 -0.26171875 27.009719848632812 12.515625 -3.26953125 3.6171875 22.47265625 0.0 12.55078125 -3.28515625 3.75 25.34375 -128.09393310546875 12.515625 -3.28515625 3.6171875 25.53515625 0.0 12.515625 -3.26953125 3.35546875 22.85546875 0.0 4.9657745361328125
39.372 0.03125 0.06299212598425197 -0.5234375 -0.26171875 -0.26171875 -0.26171875 -0.26171875 -33.65202331542969 12.515625 -3.27734375 3.8828125 23.4296875 0.0 12.515625 -3.28515625 3.6171875 24.578125 -128.1409454345703 12.5859375 -3.28515625 3.6171875 25.34375 0.0 12.48046875 -3.27734375 3.48828125 23.046875 0.0 4.9560089111328125
39.542 0.03125 0.06299212598425197 -0.5234375 -0.26171875 -0.26171875 -0.26171875 -0.26171875 -5.5724029541015625 12.48046875 -3.26953125 4.14453125 22.6640625 0.0 12.55078125 -3.296875 4.14453125 26.109375 -128.5872039794922 12.5859375 -3.26953125 3.48828125 25.53515625 0.0 12.41015625 -3.25 3.09375 22.85546875 0.0 4.9853363037109375
39.727 0.03125 0.06299212598425197 -0.5234375 -0.130859375 -0.392578125 -0.392578125 -0.130859375 -10.673751831054688 12.48046875 -1.6328125 0.0 23.23828125 0.0 12.515625 -4.96875 3.8828125 25.15234375 -198.71661376953125 12.5859375 -4.9140625 4.14453125 25.34375 0.0 12.515625 -1.640625 0.0 23.23828125 0.0 4.9657745361328125
39.915 0.03125 0.06299212598425197 -0.5234375 -0.130859375 -0.392578125 -0.392578125 -0.130859375 17.732131958007812 12.515625 -1.640625 3.75 22.47265625 0.0 12.5859375 -4.9140625 3.8828125 24.9609375 -212.0609588623047 12.55078125 -4.9140625 3.8828125 25.34375 0.0 12.515625 -1.640625 1.6484375 23.23828125 0.0 4.975555419921875
40.094 0.03125 0.06299212598425197 -0.5234375 -0.130859375 -0.392578125 -0.392578125 -0.130859375 10.3277587890625 12.55078125 -1.640625 4.14453125 23.046875 0.0 12.5859375 -4.94140625 3.6171875 25.34375 -211.97903442382812 12.55078125 -4.9296875 4.14453125 25.34375 0.0 12.515625 -1.640625 2.17578125 23.046875 0.0 4.9364471435546875
40.271 0.03125 0.07874015748031496 -0.5234375 -0.130859375 -0.392578125 -0.392578125 -0.130859375 -10.92010498046875 12.515625 -1.640625 3.75 22.6640625 0.0 12.55078125 -4.9296875 3.8828125 24.9609375 -204.37489318847656 12.515625 -4.875 3.8828125 25.34375 0.0 12.4453125 -1.6171875 0.0 23.046875 0.0 4.916900634765625
40.446 0.03125 0.07874015748031496 -0.5234375 0.0 -0.5234375 -0.5234375 -0.0 -10.235595703125 12.4453125 0.0 0.0 22.85546875 0.0 12.5859375 -6.58984375 4.01171875 23.8125 -276.8764953613281 12.48046875 -6.53515625 4.5390625 24.9609375 0.0 12.55078125 0.0 0.0 22.85546875 0.0 4.975555419921875
40.634 0.03125 0.07874015748031496 -0.5234375 0.0 -0.5234375 -0.5234375 -0.0 0.0 12.515625 0.0 0.0 22.85546875 0.0 12.55078125 -6.58984375 4.01171875 23.4296875 -293.1073913574219 12.48046875 -6.55078125 4.27734375 24.9609375 0.0 12.55078125 0.0 0.0 23.046875 0.0 4.975555419921875
40.811 0.03125 0.07874015748031496 -0.5234375 0.0 -0.5234375 -0.5234375 -0.0 0.0 12.515625 0.0 0.0 22.85546875 0.0 12.62109375 -6.609375 3.75 25.34375 -289.37452697753906 12.5859375 -6.53515625 4.01171875 25.34375 0.0 12.515625 0.0 0.0 23.23828125 0.0 4.9266815185546875
40.99 0.03125 0.07874015748031496 -0.5234375 0.0 -0.5234375 -0.5234375 -0.0 0.0 12.515625 0.0 0.0 21.1328125 0.0 12.55078125 -6.5703125 4.01171875 25.53515625 -292.3486785888672 12.48046875 -6.55078125 4.14453125 24.578125 0.0 12.55078125 0.0 0.0 23.23828125 0.0 4.9560089111328125
41.167 0.03125 0.07874015748031496 -0.5234375 0.0 -0.5234375 -0.5234375 -0.0 0.0 12.515625 0.0 0.0 24.00390625 0.0 12.62109375 -6.55078125 3.35546875 25.34375 -287.8129119873047 12.515625 -6.5703125 4.01171875 25.7265625 0.0 12.515625 0.0 0.0 22.85546875 0.0 4.9560089111328125
41.335 0.03125 0.07874015748031496 -0.5234375 0.0 -0.5234375 -0.5234375 -0.0 0.0 12.515625 0.0 0.0 22.85546875 0.0 12.5859375 -6.609375 3.75 25.7265625 -289.5709228515625 12.5859375 -6.58984375 4.01171875 25.34375 0.0 12.515625 0.0 0.0 23.046875 0.0 4.9560089111328125
41.513 0.03125 0.07874015748031496 -0.5234375 0.0 -0.5234375 -0.5234375 -0.0 0.0 12.515625 0.0 0.0 22.08984375 0.0 12.5859375 -6.609375 3.75 24.76953125 -287.89923095703125 12.5859375 -6.53515625 3.8828125 25.34375 0.0 12.55078125 0.0 0.0 22.6640625 0.0 4.975555419921875
41.691 0.03125 0.07874015748031496 -0.5234375 0.0 -0.5234375 -0.5234375 -0.0 0.0 12.515625 0.0 0.0 22.47265625 0.0 12.5859375 -6.5703125 3.6171875 25.34375 -291.77113342285156 12.48046875 -6.5703125 4.01171875 25.7265625 0.0 12.55078125 0.0 0.0 22.6640625 0.0 4.9657745361328125
41.864 0.03125 0.07874015748031496 -0.5234375 0.0 -0.5234375 -0.5234375 -0.0 0.0 12.48046875 0.0 0.0 22.47265625 0.0 12.62109375 -6.609375 3.75 25.34375 -290.3152618408203 12.515625 -6.53515625 4.01171875 25.34375 0.0 12.55078125 0.0 0.0 22.6640625 0.0 4.9657745361328125
42.043 0.03125 0.07874015748031496 -0.5234375 0.0 -0.5234375 -0.5234375 -0.0 0.0 12.515625 0.0 0.0 22.6640625 0.0 12.5859375 -6.609375 3.48828125 25.53515625 -294.9988555908203 12.55078125 -6.55078125 4.01171875 25.15234375 0.0 12.515625 0.0 0.0 23.23828125 0.0 4.975555419921875
42.23 0.03125 0.07874015748031496 -0.5234375 0.0 -0.5234375 -0.5234375 -0.0 0.0 12.48046875 0.0 0.0 22.6640625 0.0 12.515625 -6.609375 3.6171875 25.53515625 -288.83038330078125 12.55078125 -6.53515625 4.14453125 24.76953125 0.0 12.515625 0.0 0.0 22.6640625 0.0 4.9364471435546875
42.401 0.03125 0.07874015748031496 -0.5234375 0.0 -0.5234375 -0.5234375 -0.0 0.0 12.48046875 0.0 0.0 22.6640625 0.0 12.55078125 -6.55078125 3.75 24.38671875 -291.9707946777344 12.55078125 -6.55078125 4.14453125 25.34375 0.0 12.55078125 0.0 0.0 22.6640625 0.0 4.975555419921875
42.576 0.03125 0.07874015748031496 -0.5234375 0.0 -0.5234375 -0.5234375 -0.0 0.0 12.515625 0.0 0.0 22.85546875 0.0 12.515625 -6.5703125 3.6171875 24.9609375 -290.05210876464844 12.48046875 -6.5703125 4.01171875 24.9609375 0.0 12.55078125 0.0 0.0 23.23828125 0.0 4.975555419921875
42.751 0.03125 0.07874015748031496 -0.5234375 0.0 -0.5234375 -0.5234375 -0.0 0.0 12.55078125 0.0 0.0 22.47265625 0.0 12.55078125 -6.5703125 3.8828125 26.4921875 -292.23744201660156 12.48046875 -6.5703125 4.01171875 24.9609375 0.0 12.515625 0.0 0.0 23.046875 0.0 4.9560089111328125
42.934 0.03125 0.07874015748031496 -0.5234375 0.0 -0.5234375 -0.5234375 -0.0 0.0 12.55078125 0.0 0.0 22.28125 0.0 12.55078125 -6.609375 3.75 24.76953125 -287.5327606201172 12.55078125 -6.55078125 4.14453125 25.34375 0.0 12.515625 0.0 0.0 22.85546875 0.0 4.9657745361328125
43.111 0.03125 0.07874015748031496 -0.5234375 0.0 -0.5234375 -0.5234375 -0.0 0.0 12.515625 0.0 0.0 22.47265625 0.0 12.515625 -6.53515625 3.75 25.34375 -287.98561096191406 12.48046875 -6.58984375 4.01171875 25.53515625 0.0 12.55078125 0.0 0.0 23.23828125 0.0 4.975555419921875
43.28 0.03125 0.07874015748031496 -0.5234375 0.0 -0.5234375 -0.5234375 -0.0 0.0 12.55078125 0.0 0.0 22.85546875 0.0 12.62109375 -6.53515625 3.75 24.9609375 -289.5709228515625 12.55078125 -6.5703125 4.14453125 25.34375 0.0 12.55078125 0.0 0.0 23.046875 0.0 4.975555419921875
43.454 0.03125 0.07874015748031496 -0.5234375 0.0 -0.5234375 -0.5234375 -0.0 0.0 12.515625 0.0 0.0 22.6640625 0.0 12.5859375 -6.5703125 3.75 25.53515625 -290.6888732910156 12.55078125 -6.53515625 4.01171875 25.34375 0.0 12.55078125 0.0 0.0 23.4296875 0.0 5.0048828125
43.621 0.03125 0.07874015748031496 -0.5234375 0.0 -0.5234375 -0.5234375 -0.0 0.0 12.515625 0.0 0.0 22.47265625 0.0 12.515625 -6.5703125 3.6171875 25.34375 -291.72682189941406 12.515625 -6.55078125 4.01171875 25.7265625 0.0 12.515625 0.0 0.0 22.6640625 0.0 4.975555419921875
43.794 0.03125 0.07874015748031496 -0.5234375 0.0 -0.5234375 -0.5234375 -0.0 0.0 12.515625 0.0 0.0 22.6640625 0.0 12.62109375 -6.55078125 3.75 25.7265625 -286.3107604980469 12.515625 -6.55078125 4.14453125 25.34375 0.0 12.515625 0.0 0.0 22.47265625 0.0 4.975555419921875
43.971 0.03125 0.07874015748031496 -0.5234375 0.0 -0.5234375 -0.5234375 -0.0 0.0 12.515625 0.0 0.0 22.85546875 0.0 12.5859375 -6.5703125 3.75 25.7265625 -285.2261657714844 12.55078125 -6.5703125 4.01171875 25.15234375 0.0 12.55078125 0.0 0.0 23.62109375 0.0 4.9951019287109375
44.141 0.03125 0.07874015748031496 -0.5234375 0.0 -0.5234375 -0.5234375 -0.0 0.0 12.515625 0.0 0.0 23.046875 0.0 12.55078125 -6.5703125 3.6171875 24.76953125 -288.4832000732422 12.55078125 -6.55078125 3.8828125 25.15234375 0.0 12.515625 0.0 0.0 22.6640625 0.0 4.9853363037109375
44.314 0.03125 0.07874015748031496 -0.5234375 0.0 -0.5234375 -0.5234375 -0.0 0.0 12.515625 0.0 0.0 22.28125 0.0 12.515625 -6.58984375 3.6171875 24.9609375 -287.66200256347656 12.48046875 -6.53515625 4.01171875 25.15234375 0.0 12.55078125 0.0 0.0 22.28125 0.0 4.9853363037109375
44.493 0.03125 0.07874015748031496 -0.5234375 0.0 -0.5234375 -0.5234375 -0.0 0.0 12.515625 0.0 0.0 23.23828125 0.0 12.55078125 -6.55078125 3.75 24.38671875 -290.3152618408203 12.515625 -6.58984375 4.14453125 24.9609375 0.0 12.55078125 0.0 0.0 23.23828125 0.0 4.9951019287109375
44.674 0.03125 0.07874015748031496 -0.5234375 0.0 -0.5234375 -0.5234375 -0.0 0.0 12.48046875 0.0 0.0 22.85546875 0.0 12.515625 -6.58984375 3.75 24.76953125 -287.9424133300781 12.48046875 -6.55078125 4.14453125 24.9609375 0.0 12.515625 0.0 0.0 22.85546875 0.0 4.9657745361328125
44.854 0.03125 0.07874015748031496 -0.5234375 0.0 -0.5234375 -0.5234375 -0.0 0.0 12.515625 0.0 0.0 22.85546875 0.0 12.55078125 -6.55078125 3.6171875 25.34375 -290.512939453125 12.55078125 -6.53515625 3.8828125 25.15234375 0.0 12.55078125 0.0 0.0 23.23828125 0.0 4.9853363037109375
45.037 0.03125 0.07874015748031496 -0.5234375 0.0 -0.5234375 -0.5234375 -0.0 0.0 12.515625 0.0 0.0 22.85546875 0.0 12.55078125 -6.58984375 3.75 24.76953125 -289.8988342285156 12.48046875 -6.55078125 3.8828125 24.9609375 0.0 12.515625 0.0 0.0 23.046875 0.0 4.9853363037109375
45.22 0.03125 0.07874015748031496 -0.5234375 0.0 -0.5234375 -0.5234375 -0.0 0.0 12.55078125 0.0 0.0 23.4296875 0.0 12.5859375 -6.609375 3.6171875 23.62109375 -289.8113250732422 12.55078125 -6.5703125 4.01171875 25.53515625 0.0 12.515625 0.0 0.0 22.6640625 0.0 4.9853363037109375
45.41 0.03125 0.07874015748031496 -0.5234375 0.0 -0.5234375 -0.5234375 -0.0 0.0 12.48046875 0.0 0.0 23.046875 0.0 12.48046875 -6.609375 4.01171875 25.91796875 -289.3091125488281 12.48046875 -6.58984375 4.01171875 24.76953125 0.0 12.55078125 0.0 0.0 23.23828125 0.0 5.0048828125
45.58 0.03125 0.07874015748031496 -0.5234375 0.0 -0.5234375 -0.5234375 -0.0 0.0 12.515625 0.0 0.0 22.6640625 0.0 12.62109375 -6.5703125 3.6171875 24.9609375 -287.36061096191406 12.48046875 -6.5703125 3.8828125 25.15234375 0.0 12.55078125 0.0 0.0 23.4296875 0.0 4.9853363037109375
45.761 0.03125 0.07874015748031496 -0.5234375 0.0 -0.5234375 -0.5234375 -0.0 0.0 12.515625 0.0 0.0 23.046875 0.0 12.62109375 -6.55078125 3.6171875 24.76953125 -302.6958923339844 12.515625 -6.5703125 4.01171875 24.76953125 0.0 12.55078125 0.0 0.0 23.046875 0.0 4.975555419921875
45.954 0.03125 0.07874015748031496 -0.5234375 0.0 -0.5234375 -0.5234375 -0.0 0.0 12.515625 0.0 0.0 22.6640625 0.0 12.55078125 -6.58984375 3.6171875 24.9609375 -283.33209228515625 12.48046875 -6.58984375 4.14453125 25.15234375 0.0 12.55078125 0.0 0.0 22.85546875 0.0 5.0048828125
46.134 0.03125 0.07874015748031496 -0.5234375 0.0 -0.5234375 -0.5234375 -0.0 0.0 12.515625 0.0 0.0 22.85546875 0.0 12.515625 -6.58984375 3.2265625 25.53515625 -288.05039978027344 12.48046875 -6.609375 4.01171875 25.15234375 0.0 12.55078125 0.0 0.0 22.47265625 0.0 4.9853363037109375
46.312 0.03125 0.0 -0.5234375 -0.26171875 -0.26171875 -0.26171875 -0.26171875 -58.08148193359375 12.48046875 -3.2578125 4.5390625 21.8984375 0.0 12.41015625 -3.26953125 2.04296875 25.53515625 -161.8068389892578 12.62109375 -3.3046875 2.17578125 24.9609375 0.0 12.4453125 -3.27734375 3.6171875 23.046875 0.0 5.0146484375
46.496 0.03125 0.06299212598425197 -0.5234375 -0.26171875 -0.26171875 -0.26171875 -0.26171875 -5.5855865478515625 12.515625 -3.26953125 3.75 22.6640625 0.0 12.515625 -3.296875 3.75 24.38671875 -125.49839782714844 12.5859375 -3.296875 3.6171875 25.53515625 0.0 12.48046875 -3.27734375 3.2265625 22.85546875 0.0 4.975555419921875
46.676 0.03125 0.0 -0.3984375 -0.26171875 -0.26171875 -0.26171875 -0.26171875 -43.78363037109375 12.48046875 -3.27734375 3.8828125 22.6640625 0.0 12.62109375 -3.27734375 4.01171875 25.15234375 -128.25222778320312 12.55078125 -3.296875 4.14453125 25.15234375 0.0 12.515625 -3.28515625 3.09375 23.046875 0.0 4.975555419921875
46.855 0.03125 0.0 -0.203125 -0.19921875 -0.19921875 -0.19921875 -0.19921875 26.21087646484375 12.55078125 -2.5 3.09375 22.85546875 0.0 12.62109375 -2.5078125 3.6171875 23.62109375 -92.31655883789062 12.65625 -2.5234375 3.35546875 25.53515625 0.0 12.5859375 -2.5078125 2.69921875 23.4296875 0.0 4.9853363037109375
47.036 0.03125 0.0 -0.0859375 0.0 0.0 -0.0 -0.0 -11.9052734375 12.62109375 0.0 0.0 24.1953125 0.0 12.515625 0.0 0.0 24.9609375 -44.251861572265625 12.69140625 0.0 0.0 24.9609375 0.0 12.65625 0.0 0.0 23.046875 0.0 4.9853363037109375
47.2 0.03125 0.0 -0.0078125 0.0 0.0 -0.0 -0.0 0.0 12.65625 0.0 0.0 23.23828125 0.0 12.515625 0.0 0.0 25.91796875 8.464950561523438 12.7265625 0.0 0.0 24.76953125 0.0 12.65625 0.0 0.0 22.85546875 0.0 4.9853363037109375
47.37 0.03125 0.0 -0.0078125 0.0 0.0 -0.0 -0.0 0.0 12.65625 0.0 0.0 22.6640625 0.0 12.515625 0.0 0.0 24.9609375 0.0 12.69140625 0.0 0.0 25.15234375 0.0 12.65625 0.0 0.0 23.046875 0.0 4.9853363037109375
47.541 0.03125 0.0 0.0 0.0 0.0 -0.0 -0.0 0.0 12.65625 0.0 0.0 22.85546875 0.0 12.515625 0.0 0.0 25.34375 0.0 12.7265625 0.0 0.0 25.34375 0.0 12.65625 0.0 0.0 22.85546875 0.0 4.975555419921875
47.712 0.03125 0.0 0.0 0.0 0.0 -0.0 -0.0 0.0 12.65625 0.0 0.0 22.85546875 0.0 12.55078125 0.0 0.0 24.578125 0.0 12.69140625 0.0 0.0 24.9609375 0.0 12.65625 0.0 0.0 23.23828125 0.0 4.9853363037109375
47.88 0.03125 0.0 0.0 0.0 0.0 -0.0 -0.0 0.0 12.62109375 0.0 0.0 22.08984375 0.0 12.55078125 0.0 0.0 25.53515625 0.0 12.7265625 0.0 0.0 25.34375 0.0 12.65625 0.0 0.0 22.85546875 0.0 4.9853363037109375
48.052 0.03125 0.0 0.0 0.0 0.0 -0.0 -0.0 0.0 12.62109375 0.0 0.0 22.6640625 0.0 12.55078125 0.0 0.0 25.34375 0.0 12.7265625 0.0 0.0 25.15234375 0.0 12.65625 0.0 0.0 23.23828125 0.0 4.975555419921875
48.231 0.03125 0.0 0.0 0.0 0.0 -0.0 -0.0 0.0 12.65625 0.0 0.0 22.28125 0.0 12.55078125 0.0 0.0 25.34375 0.0 12.7265625 0.0 0.0 24.9609375 0.0 12.69140625 0.0 0.0 22.6640625 0.0 4.9853363037109375
48.413 0.03125 0.0 0.015748031496062992 0.0 0.0 -0.0 -0.0 0.0 12.65625 0.0 0.0 23.046875 0.0 12.55078125 0.0 0.0 25.15234375 0.0 12.7265625 0.0 0.0 25.15234375 0.0 12.65625 0.0 0.0 22.85546875 0.0 4.975555419921875
48.581 -0.03937007874015748 0.06299212598425197 0.015748031496062992 0.0 0.0 -0.0 -0.0 0.0 12.65625 0.0 0.0 22.28125 0.0 12.55078125 0.0 0.0 25.91796875 0.0 12.7265625 0.0 0.0 24.76953125 0.0 12.69140625 0.0 0.0 22.6640625 0.0 4.9853363037109375
48.752 -0.03937007874015748 0.09448818897637795 0.015748031496062992 0.0 0.0 -0.0 -0.0 0.0 12.65625 0.0 0.0 22.85546875 0.0 12.55078125 0.0 0.0 25.91796875 0.0 12.7265625 0.0 0.0 24.9609375 0.0 12.69140625 0.0 0.0 23.4296875 0.0 4.9853363037109375
48.918 -0.03937007874015748 0.09448818897637795 0.015748031496062992 0.0 0.0 -0.0 -0.0 0.0 12.65625 0.0 0.0 23.046875 0.0 12.55078125 0.0 0.0 25.34375 0.0 12.7265625 0.0 0.0 24.578125 0.0 12.69140625 0.0 0.0 23.23828125 0.0 4.9853363037109375
49.172 -0.12598425196850394 0.18110236220472442 0.015748031496062992 0.0 0.0 -0.0 -0.0 0.0 12.65625 0.0 0.0 22.85546875 0.0 12.55078125 0.0 0.0 25.34375 0.0 12.7265625 0.0 0.0 25.34375 0.0 12.69140625 0.0 0.0 23.046875 0.0 4.9853363037109375
