Timestamp Driver_Joy_Y Driver_Joy_X Driver_Joy_W FL_Out BL_Out BR_Out FR_Out FL_Jag_Speed FL_Bus_Voltage FL_Out_Voltage FL_Out_Current FL_Temp BL_Jag_Speed BL_Bus_Voltage BL_Out_Voltage BL_Out_Current BL_Temp BR_Jag_Speed BR_Bus_Voltage BR_Out_Voltage BR_Out_Current BR_Temp FR_Jag_Speed FR_Bus_Voltage FR_Out_Voltage FR_Out_Current FR_Temp
570.844 -0.0 0.0 0.0 0.0 0.0 -0.0 -0.0 0.0 12.7265625 0.0 0.0 24.9609375 0.0 12.65625 0.0 0.0 27.640625 0.0 12.83203125 0.0 0.0 27.2578125 0.0 12.76171875 0.0 0.0 25.34375 0.0 5.786895751953125
571.014 -0.0 0.0 0.0 0.0 0.0 -0.0 -0.0 0.0 12.76171875 0.0 0.0 24.578125 0.0 12.65625 0.0 0.0 27.83203125 0.0 12.796875 0.0 0.0 26.68359375 0.0 12.76171875 0.0 0.0 24.578125 0.0 5.786895751953125
571.187 -0.0 0.0 0.0 0.0 0.0 -0.0 -0.0 0.0 12.76171875 0.0 0.0 24.1953125 0.0 12.65625 0.0 0.0 28.0234375 0.0 12.83203125 0.0 0.0 27.2578125 0.0 12.796875 0.0 0.0 24.76953125 0.0 5.786895751953125
571.355 -0.0 0.0 0.0 0.0 0.0 -0.0 -0.0 0.0 12.76171875 0.0 0.0 24.9609375 0.0 12.62109375 0.0 0.0 27.44921875 0.0 12.796875 0.0 0.0 27.44921875 0.0 12.76171875 0.0 0.0 24.578125 0.0 5.786895751953125
571.528 -0.0 0.0 0.0 0.0 0.0 -0.0 -0.0 0.0 12.76171875 0.0 0.0 24.578125 0.0 12.62109375 0.0 0.0 27.83203125 0.0 12.83203125 0.0 0.0 27.44921875 0.0 12.76171875 0.0 0.0 25.7265625 0.0 5.786895751953125
571.708 -0.0 0.0 0.0 0.0 0.0 -0.0 -0.0 0.0 12.76171875 0.0 0.0 24.9609375 0.0 12.65625 0.0 0.0 27.44921875 0.0 12.83203125 0.0 0.0 27.44921875 0.0 12.76171875 0.0 0.0 24.9609375 0.0 5.786895751953125
571.874 -0.0 0.0 0.0 0.0 0.0 -0.0 -0.0 0.0 12.7265625 0.0 0.0 24.76953125 0.0 12.62109375 0.0 0.0 27.44921875 0.0 12.83203125 0.0 0.0 27.44921875 0.0 12.76171875 0.0 0.0 25.15234375 0.0 5.796661376953125
572.046 -0.0 0.0 0.0 0.0 0.0 -0.0 -0.0 0.0 12.76171875 0.0 0.0 24.578125 0.0 12.65625 0.0 0.0 27.83203125 0.0 12.55078125 0.0 0.0 27.44921875 0.0 11.63671875 0.0 0.0 24.9609375 0.0 5.659820556640625
S: 154773203943 Fired
572.206 -0.0 0.0 0.0 0.0 0.0 -0.0 -0.0 0.0 11.56640625 0.0 0.0 24.76953125 0.0 11.3203125 0.0 0.0 28.21484375 7.8321533203125 11.671875 0.0 0.0 26.875 0.0 11.7421875 0.0 0.0 25.53515625 0.0 5.0537567138671875
572.376 -0.0 0.0 0.0 0.0 0.0 -0.0 -0.0 0.0 11.77734375 0.0 0.0 24.76953125 0.0 11.70703125 0.0 0.0 27.44921875 -7.45391845703125 10.30078125 0.0 0.0 27.06640625 0.0 10.16015625 0.0 0.0 24.578125 0.0 4.56500244140625
572.536 -0.0 0.0 0.0 0.0 0.0 -0.0 -0.0 0.0 12.0234375 0.0 0.0 24.76953125 0.0 12.09375 0.0 0.0 27.44921875 11.825531005859375 12.55078125 0.0 0.0 27.44921875 0.0 12.515625 0.0 0.0 24.76953125 0.0 5.0928497314453125
572.693 -0.0 0.0 0.0 0.0 0.0 -0.0 -0.0 0.0 12.55078125 0.0 0.0 25.15234375 0.0 12.4453125 0.0 0.0 27.83203125 0.0 12.5859375 0.0 0.0 27.44921875 0.0 12.4453125 0.0 0.0 24.9609375 0.0 5.474090576171875
572.869 -0.0 0.0 0.0 0.0 0.0 -0.0 -0.0 0.0 12.41015625 0.0 0.0 25.34375 0.0 12.33984375 0.0 0.0 28.0234375 0.0 12.55078125 0.0 0.0 27.06640625 0.0 12.515625 0.0 0.0 25.34375 0.0 5.7380218505859375
573.027 -0.0 0.0 0.0 0.0 0.0 -0.0 -0.0 0.0 12.4453125 0.0 0.0 22.85546875 0.0 12.3046875 0.0 0.0 27.44921875 0.0 12.62109375 0.0 0.0 27.640625 0.0 12.62109375 0.0 0.0 25.34375 0.0 5.82598876953125
573.192 -0.0 0.0 0.0 0.0 0.0 -0.0 -0.0 0.0 12.5859375 0.0 0.0 24.578125 0.0 12.515625 0.0 0.0 27.83203125 0.0 12.69140625 0.0 0.0 27.06640625 0.0 12.65625 0.0 0.0 25.15234375 0.0 5.7771148681640625
573.369 -0.0 0.0 0.0 0.0 0.0 -0.0 -0.0 0.0 12.62109375 0.0 0.0 24.76953125 0.0 12.515625 0.0 0.0 28.0234375 0.0 12.69140625 0.0 0.0 27.2578125 0.0 12.234375 0.0 0.0 24.578125 0.0 5.7771148681640625
573.535 -0.0 0.0 0.0 0.0 0.0 -0.0 -0.0 0.0 12.26953125 0.0 0.0 24.9609375 0.0 12.234375 0.0 0.0 27.640625 0.0 12.41015625 0.0 0.0 27.83203125 0.0 12.375 0.0 0.0 25.53515625 0.0 5.7771148681640625
573.714 -0.0 0.0 0.0 0.0 0.0 -0.0 -0.0 0.0 12.3046875 0.0 0.0 24.76953125 0.0 12.1640625 0.0 0.0 27.06640625 0.0 12.375 0.0 0.0 27.44921875 0.0 12.33984375 0.0 0.0 25.15234375 0.0 5.786895751953125
573.887 -0.0 0.0 0.0 0.0 0.0 -0.0 -0.0 0.0 12.26953125 0.0 0.0 24.00390625 0.0 12.234375 0.0 0.0 27.83203125 0.0 12.33984375 0.0 0.0 27.2578125 0.0 12.33984375 0.0 0.0 25.34375 0.0 5.7673492431640625
574.069 -0.0 0.0 0.0 0.0 0.0 -0.0 -0.0 0.0 12.33984375 0.0 0.0 24.9609375 0.0 12.12890625 0.0 0.0 27.44921875 0.0 12.3046875 0.0 0.0 27.2578125 0.0 12.3046875 0.0 0.0 25.34375 0.0 5.786895751953125
574.235 -0.0 0.0 0.0 0.0 0.0 -0.0 -0.0 0.0 12.234375 0.0 0.0 24.578125 0.0 12.1640625 0.0 0.0 27.2578125 0.0 12.41015625 0.0 0.0 27.44921875 0.0 12.234375 0.0 0.0 24.9609375 0.0 5.7771148681640625
574.405 -0.0 0.0 0.0 0.0 0.0 -0.0 -0.0 0.0 12.3046875 0.0 0.0 24.76953125 0.0 12.12890625 0.0 0.0 27.44921875 0.0 12.3046875 0.0 0.0 27.83203125 0.0 12.3046875 0.0 0.0 24.578125 0.0 5.7771148681640625
574.568 -0.0 0.0 0.0 0.0 0.0 -0.0 -0.0 0.0 12.26953125 0.0 0.0 24.9609375 0.0 12.19921875 0.0 0.0 28.7890625 0.0 12.3046875 0.0 0.0 27.2578125 0.0 12.3046875 0.0 0.0 25.34375 0.0 5.7771148681640625
574.745 -0.0 0.0 0.0 0.0 0.0 -0.0 -0.0 0.0 12.19921875 0.0 0.0 25.91796875 0.0 12.12890625 0.0 0.0 27.640625 0.0 12.33984375 0.0 0.0 27.83203125 0.0 12.33984375 0.0 0.0 25.7265625 0.0 5.786895751953125
574.923 -0.0 0.0 0.0 0.0 0.0 -0.0 -0.0 0.0 12.234375 0.0 0.0 24.38671875 0.0 12.12890625 0.0 0.0 27.44921875 0.0 12.375 0.0 0.0 27.640625 0.0 12.26953125 0.0 0.0 24.76953125 0.0 5.786895751953125
575.094 -0.0 0.0 0.0 0.0 0.0 -0.0 -0.0 0.0 12.19921875 0.0 0.0 24.9609375 0.0 12.12890625 0.0 0.0 27.83203125 0.0 12.3046875 0.0 0.0 27.2578125 0.0 12.3046875 0.0 0.0 25.34375 0.0 5.7771148681640625
575.276 -0.0 0.0 0.0 0.0 0.0 -0.0 -0.0 0.0 12.3046875 0.0 0.0 24.578125 0.0 12.09375 0.0 0.0 26.4921875 0.0 12.3046875 0.0 0.0 27.83203125 0.0 12.3046875 0.0 0.0 25.34375 0.0 5.7771148681640625
575.453 -0.0 0.0 0.0 0.0 0.0 -0.0 -0.0 0.0 12.26953125 0.0 0.0 24.9609375 0.0 12.09375 0.0 0.0 28.0234375 0.0 12.3046875 0.0 0.0 27.06640625 0.0 12.3046875 0.0 0.0 25.34375 0.0 5.7673492431640625
575.624 -0.0 0.0 0.0 0.0 0.0 -0.0 -0.0 0.0 12.26953125 0.0 0.0 25.15234375 0.0 12.09375 0.0 0.0 27.83203125 0.0 12.26953125 0.0 0.0 27.44921875 0.0 12.3046875 0.0 0.0 24.9609375 0.0 5.7771148681640625
575.795 -0.0 0.0 0.0 0.0 0.0 -0.0 -0.0 0.0 12.3046875 0.0 0.0 24.9609375 0.0 12.05859375 0.0 0.0 27.640625 0.0 12.33984375 0.0 0.0 27.2578125 0.0 12.26953125 0.0 0.0 25.34375 0.0 5.7771148681640625
575.965 -0.0 0.0 0.0 0.0 0.0 -0.0 -0.0 0.0 12.26953125 0.0 0.0 25.15234375 0.0 12.1640625 0.0 0.0 28.21484375 0.0 12.26953125 0.0 0.0 27.44921875 0.0 12.234375 0.0 0.0 24.578125 0.0 5.7771148681640625
576.134 -0.0 0.0 0.0 0.0 0.0 -0.0 -0.0 0.0 12.234375 0.0 0.0 24.1953125 0.0 12.19921875 0.0 0.0 28.0234375 0.0 12.26953125 0.0 0.0 27.2578125 0.0 12.234375 0.0 0.0 25.15234375 0.0 5.7771148681640625
576.307 -0.0 0.0 0.0 0.0 0.0 -0.0 -0.0 0.0 12.19921875 0.0 0.0 24.9609375 0.0 12.09375 0.0 0.0 28.59765625 0.0 12.33984375 0.0 0.0 27.640625 0.0 12.19921875 0.0 0.0 25.34375 0.0 5.7771148681640625
576.493 -0.0 0.0 0.0 0.0 0.0 -0.0 -0.0 0.0 12.234375 0.0 0.0 24.76953125 0.0 12.12890625 0.0 0.0 27.640625 0.0 12.3046875 0.0 0.0 27.44921875 0.0 12.19921875 0.0 0.0 24.9609375 0.0 5.7771148681640625
576.672 -0.0 0.0 0.0 0.0 0.0 -0.0 -0.0 0.0 12.26953125 0.0 0.0 25.34375 0.0 12.05859375 0.0 0.0 28.0234375 0.0 12.33984375 0.0 0.0 27.2578125 0.0 12.19921875 0.0 0.0 25.53515625 0.0 5.7673492431640625
576.857 -0.0 0.0 0.0 0.0 0.0 -0.0 -0.0 0.0 12.26953125 0.0 0.0 24.38671875 0.0 12.1640625 0.0 0.0 27.44921875 0.0 12.26953125 0.0 0.0 27.2578125 0.0 12.26953125 0.0 0.0 25.15234375 0.0 5.7771148681640625
577.035 -0.0 0.0 0.0 0.0 0.0 -0.0 -0.0 0.0 12.26953125 0.0 0.0 24.76953125 0.0 12.1640625 0.0 0.0 28.21484375 0.0 12.26953125 0.0 0.0 27.44921875 0.0 12.234375 0.0 0.0 24.9609375 0.0 5.786895751953125
577.208 -0.0 0.0 0.0 0.0 0.0 -0.0 -0.0 0.0 12.19921875 0.0 0.0 24.38671875 0.0 12.1640625 0.0 0.0 28.21484375 0.0 12.33984375 0.0 0.0 27.06640625 0.0 12.19921875 0.0 0.0 25.34375 0.0 5.7771148681640625
577.373 -0.0 0.0 0.0 0.0 0.0 -0.0 -0.0 0.0 12.1640625 0.0 0.0 23.8125 0.0 12.12890625 0.0 0.0 28.0234375 0.0 12.33984375 0.0 0.0 27.640625 0.0 12.234375 0.0 0.0 25.34375 0.0 5.7771148681640625
577.549 -0.0 0.0 0.0 0.0 0.0 -0.0 -0.0 0.0 12.19921875 0.0 0.0 26.30078125 0.0 12.1640625 0.0 0.0 28.0234375 0.0 12.234375 0.0 0.0 27.640625 0.0 12.19921875 0.0 0.0 25.34375 0.0 5.7771148681640625
577.724 -0.0 0.0 0.0 0.0 0.0 -0.0 -0.0 0.0 12.19921875 0.0 0.0 24.76953125 0.0 12.12890625 0.0 0.0 27.2578125 0.0 12.33984375 0.0 0.0 27.44921875 0.0 12.19921875 0.0 0.0 25.15234375 0.0 5.7771148681640625
577.904 -0.0 0.0 0.0 0.0 0.0 -0.0 -0.0 0.0 12.234375 0.0 0.0 23.23828125 0.0 12.09375 0.0 0.0 28.40625 0.0 12.3046875 0.0 0.0 27.2578125 0.0 12.26953125 0.0 0.0 24.76953125 0.0 5.7771148681640625
578.073 -0.0 0.0 0.0 0.0 0.0 -0.0 -0.0 0.0 12.234375 0.0 0.0 24.578125 0.0 12.12890625 0.0 0.0 27.83203125 0.0 12.33984375 0.0 0.0 27.44921875 0.0 12.234375 0.0 0.0 24.9609375 0.0 5.786895751953125
578.235 -0.0 0.0 0.0 0.0 0.0 -0.0 -0.0 0.0 12.26953125 0.0 0.0 25.15234375 0.0 12.12890625 0.0 0.0 27.2578125 0.0 12.19921875 0.0 0.0 27.640625 0.0 12.1640625 0.0 0.0 25.7265625 0.0 5.7771148681640625
578.416 -0.0 0.0 0.0 0.0 0.0 -0.0 -0.0 0.0 12.1640625 0.0 0.0 24.9609375 0.0 12.12890625 0.0 0.0 27.640625 0.0 12.234375 0.0 0.0 27.06640625 0.0 12.26953125 0.0 0.0 25.15234375 0.0 5.7771148681640625
578.608 -0.0 0.0 0.0 0.0 0.0 -0.0 -0.0 0.0 12.1640625 0.0 0.0 24.1953125 0.0 12.09375 0.0 0.0 27.640625 0.0 12.33984375 0.0 0.0 26.875 0.0 12.26953125 0.0 0.0 24.76953125 0.0 5.7771148681640625
578.776 -0.0 0.0 0.0 0.0 0.0 -0.0 -0.0 0.0 12.26953125 0.0 0.0 25.15234375 0.0 12.05859375 0.0 0.0 27.640625 0.0 12.33984375 0.0 0.0 27.44921875 0.0 12.26953125 0.0 0.0 24.578125 0.0 5.7771148681640625
578.94 -0.0 0.0 0.0 0.0 0.0 -0.0 -0.0 0.0 12.19921875 0.0 0.0 25.53515625 0.0 12.1640625 0.0 0.0 27.640625 0.0 12.26953125 0.0 0.0 26.875 0.0 12.19921875 0.0 0.0 25.7265625 0.0 5.7771148681640625
579.108 -0.0 0.0 0.0 0.0 0.0 -0.0 -0.0 0.0 12.19921875 0.0 0.0 24.76953125 0.0 12.09375 0.0 0.0 28.40625 0.0 12.3046875 0.0 0.0 27.44921875 0.0 12.26953125 0.0 0.0 25.53515625 0.0 5.7771148681640625
579.273 -0.0 0.0 0.0 0.0 0.0 -0.0 -0.0 0.0 12.19921875 0.0 0.0 24.38671875 0.0 12.12890625 0.0 0.0 28.0234375 0.0 12.3046875 0.0 0.0 27.44921875 0.0 12.26953125 0.0 0.0 24.9609375 0.0 5.786895751953125
579.446 -0.0 0.0 0.0 0.0 0.0 -0.0 -0.0 0.0 12.234375 0.0 0.0 24.76953125 0.0 12.1640625 0.0 0.0 27.83203125 0.0 12.19921875 0.0 0.0 27.44921875 0.0 12.234375 0.0 0.0 25.15234375 0.0 5.7771148681640625
579.615 -0.0 0.0 0.0 0.0 0.0 -0.0 -0.0 0.0 12.1640625 0.0 0.0 24.1953125 0.0 12.12890625 0.0 0.0 27.640625 0.0 12.33984375 0.0 0.0 27.640625 0.0 12.19921875 0.0 0.0 24.9609375 0.0 5.7771148681640625
579.785 -0.0 0.0 0.0 0.0 0.0 -0.0 -0.0 0.0 12.1640625 0.0 0.0 24.76953125 0.0 12.05859375 0.0 0.0 28.0234375 0.0 12.3046875 0.0 0.0 27.2578125 0.0 12.26953125 0.0 0.0 24.9609375 0.0 5.786895751953125
579.954 -0.0 0.0 0.0 0.0 0.0 -0.0 -0.0 0.0 12.26953125 0.0 0.0 24.76953125 0.0 12.0234375 0.0 0.0 28.7890625 0.0 12.26953125 0.0 0.0 27.640625 0.0 12.26953125 0.0 0.0 25.34375 0.0 5.7673492431640625
580.127 -0.0 0.0 0.0 0.0 0.0 -0.0 -0.0 0.0 12.19921875 0.0 0.0 24.578125 0.0 12.09375 0.0 0.0 27.83203125 0.0 12.3046875 0.0 0.0 27.640625 0.0 12.234375 0.0 0.0 24.9609375 0.0 5.7771148681640625
580.305 -0.0 0.0 0.0 0.0 0.0 -0.0 -0.0 0.0 12.234375 0.0 0.0 24.9609375 0.0 12.0234375 0.0 0.0 27.83203125 0.0 12.3046875 0.0 0.0 27.83203125 0.0 12.19921875 0.0 0.0 24.76953125 0.0 5.7771148681640625
580.486 -0.0 0.0 0.0 0.0 0.0 -0.0 -0.0 0.0 12.234375 0.0 0.0 24.9609375 0.0 12.12890625 0.0 0.0 27.640625 0.0 12.3046875 0.0 0.0 27.44921875 0.0 12.26953125 0.0 0.0 25.53515625 0.0 5.7673492431640625
580.655 -0.0 0.0 0.0 0.0 0.0 -0.0 -0.0 0.0 12.1640625 0.0 0.0 24.578125 0.0 12.05859375 0.0 0.0 27.640625 0.0 12.3046875 0.0 0.0 27.2578125 0.0 12.55078125 0.0 0.0 24.9609375 0.0 5.7771148681640625
580.824 -0.0 0.0 0.0 0.0 0.0 -0.0 -0.0 0.0 12.515625 0.0 0.0 24.9609375 0.0 12.4453125 0.0 0.0 28.0234375 0.0 12.62109375 0.0 0.0 27.2578125 0.0 12.5859375 0.0 0.0 24.76953125 0.0 5.786895751953125
