Timestamp Driver_Joy_Y Driver_Joy_X Driver_Joy_W FL_Out BL_Out BR_Out FR_Out FL_Jag_Speed FL_Bus_Voltage FL_Out_Voltage FL_Out_Current FL_Temp BL_Jag_Speed BL_Bus_Voltage BL_Out_Voltage BL_Out_Current BL_Temp BR_Jag_Speed BR_Bus_Voltage BR_Out_Voltage BR_Out_Current BR_Temp FR_Jag_Speed FR_Bus_Voltage FR_Out_Voltage FR_Out_Current FR_Temp
1.15 -0.0 0.0 0.0 0.0 0.0 0.0 0.0 0.0 12.76171875 0.0 0.0 24.76953125 0.0 12.65625 0.0 0.0 28.0234375 0.0 12.83203125 0.0 0.0 27.640625 0.0 12.796875 0.0 0.0 24.76953125 0.0 4.750732421875
1.329 -0.0 0.0 0.0 0.0 0.0 -0.0 -0.0 0.0 12.76171875 0.0 0.0 24.76953125 0.0 12.65625 0.0 0.0 27.640625 0.0 12.83203125 0.0 0.0 27.44921875 0.0 12.796875 0.0 0.0 24.76953125 0.0 4.7409515380859375
1.51 -0.0 0.0 0.0 0.0 0.0 -0.0 -0.0 0.0 12.796875 0.0 0.0 24.38671875 0.0 12.65625 0.0 0.0 27.640625 0.0 12.83203125 0.0 0.0 27.44921875 0.0 12.796875 0.0 0.0 24.76953125 0.0 4.7409515380859375
1.678 -0.0 0.0 0.0 0.0 0.0 -0.0 -0.0 0.0 12.796875 0.0 0.0 23.62109375 0.0 12.65625 0.0 0.0 28.0234375 0.0 12.83203125 0.0 0.0 27.44921875 0.0 12.796875 0.0 0.0 25.15234375 0.0 4.750732421875
1.853 -0.0 0.0 0.0 0.0 0.0 -0.0 -0.0 0.0 12.76171875 0.0 0.0 24.76953125 0.0 12.65625 0.0 0.0 27.640625 0.0 12.8671875 0.0 0.0 27.640625 0.0 12.796875 0.0 0.0 25.15234375 0.0 4.750732421875
2.031 -0.0 0.0 0.0 0.0 0.0 -0.0 -0.0 0.0 12.796875 0.0 0.0 24.76953125 0.0 12.69140625 0.0 0.0 27.83203125 0.0 12.83203125 0.0 0.0 27.640625 0.0 12.796875 0.0 0.0 24.9609375 0.0 4.7409515380859375
2.198 -0.0 0.0 0.0 0.0 0.0 -0.0 -0.0 0.0 12.796875 0.0 0.0 24.578125 0.0 12.69140625 0.0 0.0 27.83203125 0.0 12.83203125 0.0 0.0 27.2578125 0.0 12.796875 0.0 0.0 24.76953125 0.0 4.7409515380859375
2.372 -0.0 0.0 0.0 0.0 0.0 -0.0 -0.0 0.0 12.796875 0.0 0.0 25.34375 0.0 12.69140625 0.0 0.0 28.0234375 0.0 12.83203125 0.0 0.0 26.68359375 0.0 12.796875 0.0 0.0 24.76953125 0.0 4.848480224609375
2.548 -0.0 0.0 0.0 0.0 0.0 -0.0 -0.0 0.0 12.76171875 0.0 0.0 24.38671875 0.0 12.65625 0.0 0.0 27.83203125 0.0 12.83203125 0.0 0.0 27.2578125 0.0 12.796875 0.0 0.0 25.34375 0.0 5.0048828125
2.717 -0.0 0.0 0.0 0.0 0.0 -0.0 -0.0 0.0 12.76171875 0.0 0.0 24.76953125 0.0 12.69140625 0.0 0.0 27.83203125 0.0 12.8671875 0.0 0.0 26.875 0.0 12.796875 0.0 0.0 25.15234375 0.0 5.171051025390625
2.889 -0.0 0.0 0.0 0.0 0.0 -0.0 -0.0 0.0 12.76171875 0.0 0.0 24.38671875 0.0 12.65625 0.0 0.0 27.83203125 0.0 12.83203125 0.0 0.0 27.44921875 0.0 12.796875 0.0 0.0 24.76953125 0.0 5.356781005859375
3.059 -0.0 0.0 0.0 0.0 0.0 -0.0 -0.0 0.0 12.76171875 0.0 0.0 24.578125 0.0 12.65625 0.0 0.0 27.83203125 0.0 12.83203125 0.0 0.0 27.44921875 0.0 12.83203125 0.0 0.0 25.7265625 0.0 5.4643096923828125
3.23 -0.0 0.0 0.0 0.0 0.0 -0.0 -0.0 0.0 12.76171875 0.0 0.0 24.578125 0.0 12.65625 0.0 0.0 28.21484375 0.0 12.83203125 0.0 0.0 27.640625 0.0 12.796875 0.0 0.0 24.9609375 0.0 5.4252166748046875
3.537 -0.0 0.0 0.0 0.0 0.0 -0.0 -0.0 0.0 12.76171875 0.0 0.0 24.578125 0.0 12.65625 0.0 0.0 27.06640625 0.0 12.8671875 0.0 0.0 27.06640625 0.0 12.796875 0.0 0.0 25.34375 0.0 5.3372344970703125
3.719 -0.0 0.0 0.0 0.0 0.0 -0.0 -0.0 0.0 12.796875 0.0 0.0 24.9609375 0.0 12.65625 0.0 0.0 27.2578125 0.0 12.83203125 0.0 0.0 27.06640625 0.0 12.796875 0.0 0.0 24.38671875 0.0 5.31768798828125
3.89 -0.0 0.0 0.0 0.0 0.0 -0.0 -0.0 0.0 12.76171875 0.0 0.0 24.76953125 0.0 12.65625 0.0 0.0 27.44921875 0.0 12.83203125 0.0 0.0 27.640625 0.0 12.796875 0.0 0.0 24.76953125 0.0 5.3079071044921875
4.071 -0.0 0.0 0.0 0.0 0.0 -0.0 -0.0 0.0 12.76171875 0.0 0.0 25.7265625 0.0 12.65625 0.0 0.0 28.7890625 0.0 12.83203125 0.0 0.0 27.2578125 0.0 12.796875 0.0 0.0 25.53515625 0.0 5.31768798828125
4.238 -0.0 0.0 0.0 0.0 0.0 -0.0 -0.0 0.0 12.76171875 0.0 0.0 24.76953125 0.0 12.65625 0.0 0.0 28.0234375 0.0 12.83203125 0.0 0.0 27.06640625 0.0 12.796875 0.0 0.0 25.53515625 0.0 5.259033203125
4.408 -0.0 0.0 0.0 0.0 0.0 -0.0 -0.0 0.0 12.76171875 0.0 0.0 24.38671875 0.0 12.65625 0.0 0.0 27.83203125 0.0 12.83203125 0.0 0.0 26.875 0.0 12.796875 0.0 0.0 25.34375 0.0 5.1124114990234375
4.578 -0.0 0.0 0.0 0.0 0.0 -0.0 -0.0 0.0 12.76171875 0.0 0.0 24.9609375 0.0 12.69140625 0.0 0.0 28.40625 0.0 12.83203125 0.0 0.0 27.44921875 0.0 12.796875 0.0 0.0 25.34375 0.0 4.9657745361328125
4.751 -0.0 0.0 0.0 0.0 0.0 -0.0 -0.0 0.0 12.76171875 0.0 0.0 24.578125 0.0 12.65625 0.0 0.0 27.640625 0.0 12.8671875 0.0 0.0 27.44921875 0.0 12.796875 0.0 0.0 24.9609375 0.0 4.81915283203125
4.929 -0.0 0.0 0.0 0.0 0.0 -0.0 -0.0 0.0 12.76171875 0.0 0.0 24.9609375 0.0 12.69140625 0.0 0.0 26.4921875 0.0 12.83203125 0.0 0.0 27.2578125 0.0 12.796875 0.0 0.0 24.578125 0.0 4.721405029296875
5.099 -0.0 0.0 0.0 0.0 0.0 -0.0 -0.0 0.0 12.796875 0.0 0.0 24.76953125 0.0 12.69140625 0.0 0.0 28.21484375 0.0 12.83203125 0.0 0.0 27.06640625 0.0 12.796875 0.0 0.0 25.34375 0.0 4.7116241455078125
5.28 -0.0 0.0 0.0 0.0 0.0 -0.0 -0.0 0.0 12.76171875 0.0 0.0 24.76953125 0.0 12.65625 0.0 0.0 27.44921875 0.0 12.83203125 0.0 0.0 27.83203125 0.0 12.796875 0.0 0.0 25.15234375 0.0 4.7800445556640625
5.452 -0.0 0.0 0.0 0.0 0.0 -0.0 -0.0 0.0 12.796875 0.0 0.0 24.1953125 0.0 12.65625 0.0 0.0 28.21484375 0.0 12.8671875 0.0 0.0 27.2578125 0.0 12.796875 0.0 0.0 24.578125 0.0 4.7116241455078125
5.636 -0.0 0.0 0.0 0.0 0.0 -0.0 -0.0 0.0 12.76171875 0.0 0.0 24.76953125 0.0 12.65625 0.0 0.0 27.640625 0.0 12.83203125 0.0 0.0 27.06640625 0.0 12.796875 0.0 0.0 25.15234375 0.0 4.731170654296875
5.814 -0.0 0.0 0.0 0.0 0.0 -0.0 -0.0 0.0 12.76171875 0.0 0.0 25.15234375 0.0 12.65625 0.0 0.0 27.640625 0.0 12.83203125 0.0 0.0 27.640625 0.0 12.796875 0.0 0.0 25.53515625 0.0 4.721405029296875
5.991 -0.0 0.0 0.0 0.0 0.0 -0.0 -0.0 0.0 12.76171875 0.0 0.0 24.9609375 0.0 12.65625 0.0 0.0 28.21484375 0.0 12.83203125 0.0 0.0 27.2578125 0.0 12.796875 0.0 0.0 25.34375 0.0 4.731170654296875
6.172 -0.0 0.0 0.0 0.0 0.0 -0.0 -0.0 0.0 12.76171875 0.0 0.0 23.62109375 0.0 12.65625 0.0 0.0 28.0234375 0.0 12.8671875 0.0 0.0 27.2578125 0.0 12.796875 0.0 0.0 24.9609375 0.0 4.731170654296875
6.35 -0.0 0.0 0.0 0.0 0.0 -0.0 -0.0 0.0 12.76171875 0.0 0.0 25.34375 0.0 12.65625 0.0 0.0 28.0234375 0.0 12.83203125 0.0 0.0 27.2578125 0.0 12.796875 0.0 0.0 25.34375 0.0 4.731170654296875
6.528 -0.0 0.0 0.0 0.0 0.0 -0.0 -0.0 0.0 12.76171875 0.0 0.0 24.76953125 0.0 12.69140625 0.0 0.0 27.83203125 0.0 12.83203125 0.0 0.0 27.2578125 0.0 12.796875 0.0 0.0 25.15234375 0.0 4.731170654296875
6.709 -0.0 0.0 0.0 0.0 0.0 -0.0 -0.0 0.0 12.796875 0.0 0.0 24.76953125 0.0 12.65625 0.0 0.0 28.0234375 0.0 12.83203125 0.0 0.0 27.83203125 0.0 12.796875 0.0 0.0 24.76953125 0.0 4.731170654296875
6.879 -0.0 0.0 0.0 0.0 0.0 -0.0 -0.0 0.0 12.76171875 0.0 0.0 24.38671875 0.0 12.65625 0.0 0.0 27.2578125 0.0 12.83203125 0.0 0.0 27.44921875 0.0 12.796875 0.0 0.0 24.9609375 0.0 4.731170654296875
7.048 -0.0 0.0 0.0 0.0 0.0 -0.0 -0.0 0.0 12.76171875 0.0 0.0 24.9609375 0.0 12.69140625 0.0 0.0 27.83203125 0.0 12.83203125 0.0 0.0 27.44921875 0.0 12.796875 0.0 0.0 24.76953125 0.0 4.731170654296875
7.228 -0.0 0.0 0.0 0.0 0.0 -0.0 -0.0 0.0 12.76171875 0.0 0.0 24.76953125 0.0 12.65625 0.0 0.0 27.640625 0.0 12.83203125 0.0 0.0 27.2578125 0.0 12.76171875 0.0 0.0 25.15234375 0.0 4.731170654296875
7.408 -0.0 0.0 0.0 0.0 0.0 -0.0 -0.0 0.0 12.76171875 0.0 0.0 24.578125 0.0 12.69140625 0.0 0.0 27.83203125 0.0 12.83203125 0.0 0.0 27.2578125 0.0 12.796875 0.0 0.0 24.76953125 0.0 4.721405029296875
7.588 -0.0 0.0 0.0 0.0 0.0 -0.0 -0.0 0.0 12.76171875 0.0 0.0 24.578125 0.0 12.65625 0.0 0.0 27.83203125 0.0 12.83203125 0.0 0.0 28.0234375 0.0 12.796875 0.0 0.0 24.578125 0.0 4.731170654296875
7.77 -0.0 0.0 0.0 0.0 0.0 -0.0 -0.0 0.0 12.76171875 0.0 0.0 24.9609375 0.0 12.69140625 0.0 0.0 28.0234375 0.0 12.83203125 0.0 0.0 27.83203125 0.0 12.796875 0.0 0.0 25.34375 0.0 4.731170654296875
7.949 -0.0 0.0 0.0 0.0 0.0 -0.0 -0.0 0.0 12.796875 0.0 0.0 24.38671875 0.0 12.65625 0.0 0.0 27.83203125 0.0 12.83203125 0.0 0.0 27.640625 0.0 12.796875 0.0 0.0 25.34375 0.0 4.7409515380859375
8.129 -0.0 0.0 0.0 0.0 0.0 -0.0 -0.0 0.0 12.76171875 0.0 0.0 24.578125 0.0 12.65625 0.0 0.0 28.21484375 0.0 12.83203125 0.0 0.0 27.640625 0.0 12.796875 0.0 0.0 24.578125 0.0 4.731170654296875
8.309 -0.0 0.0 0.0 0.0 0.0 -0.0 -0.0 0.0 12.76171875 0.0 0.0 25.15234375 0.0 12.65625 0.0 0.0 28.0234375 0.0 12.83203125 0.0 0.0 27.640625 0.0 12.796875 0.0 0.0 24.578125 0.0 4.731170654296875
8.479 -0.0 0.0 0.0 0.0 0.0 -0.0 -0.0 0.0 12.76171875 0.0 0.0 24.9609375 0.0 12.69140625 0.0 0.0 28.40625 0.0 12.83203125 0.0 0.0 27.2578125 0.0 12.796875 0.0 0.0 24.9609375 0.0 4.731170654296875
8.65 -0.0 0.0 0.0 0.0 0.0 -0.0 -0.0 0.0 12.76171875 0.0 0.0 24.9609375 0.0 12.65625 0.0 0.0 27.83203125 0.0 12.83203125 0.0 0.0 27.2578125 0.0 12.796875 0.0 0.0 25.53515625 0.0 4.731170654296875
8.819 -0.0 0.0 0.0 0.0 0.0 -0.0 -0.0 0.0 12.76171875 0.0 0.0 24.76953125 0.0 12.65625 0.0 0.0 27.44921875 0.0 12.83203125 0.0 0.0 27.2578125 0.0 12.796875 0.0 0.0 25.53515625 0.0 4.721405029296875
8.988 -0.0 0.0 0.0 0.0 0.0 -0.0 -0.0 0.0 12.76171875 0.0 0.0 24.76953125 0.0 12.65625 0.0 0.0 28.0234375 0.0 12.83203125 0.0 0.0 27.44921875 0.0 12.796875 0.0 0.0 24.9609375 0.0 4.731170654296875
9.169 -0.0 0.0 0.0 0.0 0.0 -0.0 -0.0 0.0 12.796875 0.0 0.0 24.76953125 0.0 12.69140625 0.0 0.0 27.44921875 0.0 12.83203125 0.0 0.0 27.06640625 0.0 12.796875 0.0 0.0 24.9609375 0.0 4.731170654296875
9.34 -0.0 0.0 0.0 0.0 0.0 -0.0 -0.0 0.0 12.76171875 0.0 0.0 24.76953125 0.0 12.65625 0.0 0.0 27.640625 0.0 12.83203125 0.0 0.0 27.44921875 0.0 12.796875 0.0 0.0 24.9609375 0.0 4.731170654296875
9.52 -0.0 0.0 0.0 0.0 0.0 -0.0 -0.0 0.0 12.76171875 0.0 0.0 24.578125 0.0 12.65625 0.0 0.0 27.06640625 0.0 12.83203125 0.0 0.0 28.0234375 0.0 12.796875 0.0 0.0 25.34375 0.0 4.7409515380859375
9.712 -0.0 0.0 0.0 0.0 0.0 -0.0 -0.0 0.0 12.796875 0.0 0.0 24.9609375 0.0 12.65625 0.0 0.0 28.40625 0.0 12.83203125 0.0 0.0 27.640625 0.0 12.796875 0.0 0.0 25.7265625 0.0 4.731170654296875
9.892 -0.0 0.0 0.0 0.0 0.0 -0.0 -0.0 0.0 12.76171875 0.0 0.0 25.91796875 0.0 12.65625 0.0 0.0 27.44921875 0.0 12.83203125 0.0 0.0 27.44921875 0.0 12.796875 0.0 0.0 24.578125 0.0 4.721405029296875
10.072 -0.0 0.0 0.0 0.0 0.0 -0.0 -0.0 0.0 12.76171875 0.0 0.0 24.76953125 0.0 12.69140625 0.0 0.0 27.640625 0.0 12.83203125 0.0 0.0 27.640625 0.0 12.796875 0.0 0.0 25.7265625 0.0 4.721405029296875
10.253 -0.0 0.0 0.0 0.0 0.0 -0.0 -0.0 0.0 12.76171875 0.0 0.0 24.9609375 0.0 12.65625 0.0 0.0 27.83203125 0.0 12.83203125 0.0 0.0 27.2578125 0.0 12.796875 0.0 0.0 25.34375 0.0 4.731170654296875
10.432 -0.0 0.0 0.0 0.0 0.0 -0.0 -0.0 0.0 12.76171875 0.0 0.0 24.38671875 0.0 12.65625 0.0 0.0 28.59765625 0.0 12.8671875 0.0 0.0 27.2578125 0.0 12.796875 0.0 0.0 24.578125 0.0 4.721405029296875
10.609 -0.0 0.0 0.0 0.0 0.0 -0.0 -0.0 0.0 12.796875 0.0 0.0 24.76953125 0.0 12.65625 0.0 0.0 27.44921875 0.0 12.8671875 0.0 0.0 27.44921875 0.0 12.796875 0.0 0.0 25.53515625 0.0 4.721405029296875
10.779 -0.0 0.0 0.0 0.0 0.0 -0.0 -0.0 0.0 12.796875 0.0 0.0 24.76953125 0.0 12.65625 0.0 0.0 27.2578125 0.0 12.83203125 0.0 0.0 27.44921875 0.0 12.796875 0.0 0.0 25.53515625 0.0 4.731170654296875
10.949 -0.0 0.0 0.0 0.0 0.0 -0.0 -0.0 0.0 12.796875 0.0 0.0 24.578125 0.0 12.65625 0.0 0.0 28.21484375 0.0 12.83203125 0.0 0.0 27.44921875 0.0 12.796875 0.0 0.0 25.34375 0.0 4.721405029296875
11.118 -0.0 0.0 0.0 0.0 0.0 -0.0 -0.0 0.0 12.76171875 0.0 0.0 24.76953125 0.0 12.69140625 0.0 0.0 28.7890625 0.0 12.83203125 0.0 0.0 27.640625 0.0 12.796875 0.0 0.0 25.34375 0.0 4.721405029296875
11.288 -0.0 0.0 0.0 0.0 0.0 -0.0 -0.0 0.0 12.796875 0.0 0.0 23.8125 0.0 12.65625 0.0 0.0 27.83203125 0.0 12.83203125 0.0 0.0 27.2578125 0.0 12.796875 0.0 0.0 25.15234375 0.0 4.731170654296875
11.469 -0.0 0.0 0.0 0.0 0.0 -0.0 -0.0 0.0 12.76171875 0.0 0.0 24.38671875 0.0 12.65625 0.0 0.0 27.44921875 0.0 12.83203125 0.0 0.0 28.0234375 0.0 12.796875 0.0 0.0 25.15234375 0.0 4.731170654296875
11.639 -0.0 0.0 0.0 0.0 0.0 -0.0 -0.0 0.0 12.796875 0.0 0.0 24.76953125 0.0 12.65625 0.0 0.0 28.0234375 0.0 12.8671875 0.0 0.0 27.83203125 0.0 12.796875 0.0 0.0 25.7265625 0.0 4.721405029296875
11.81 -0.0 0.0 0.0 0.0 0.0 -0.0 -0.0 0.0 12.796875 0.0 0.0 24.38671875 0.0 12.65625 0.0 0.0 27.06640625 0.0 12.83203125 0.0 0.0 26.875 0.0 12.796875 0.0 0.0 24.9609375 0.0 4.731170654296875
11.978 -0.0 0.0 0.0 0.0 0.0 -0.0 -0.0 0.0 12.76171875 0.0 0.0 26.30078125 0.0 12.65625 0.0 0.0 28.0234375 0.0 12.83203125 0.0 0.0 27.44921875 0.0 12.796875 0.0 0.0 25.53515625 0.0 4.721405029296875
12.151 -0.0 0.0 0.0 0.0 0.0 -0.0 -0.0 0.0 12.76171875 0.0 0.0 24.578125 0.0 12.65625 0.0 0.0 27.83203125 0.0 12.83203125 0.0 0.0 27.640625 0.0 12.76171875 0.0 0.0 24.9609375 0.0 4.721405029296875
12.332 -0.0 0.0 0.0 0.0 0.0 -0.0 -0.0 0.0 12.76171875 0.0 0.0 23.8125 0.0 12.65625 0.0 0.0 27.83203125 0.0 12.83203125 0.0 0.0 27.44921875 0.0 12.796875 0.0 0.0 25.53515625 0.0 4.731170654296875
12.512 -0.0 0.0 0.0 0.0 0.0 -0.0 -0.0 0.0 12.76171875 0.0 0.0 25.15234375 0.0 12.65625 0.0 0.0 28.59765625 0.0 12.8671875 0.0 0.0 27.640625 0.0 12.796875 0.0 0.0 24.9609375 0.0 4.721405029296875
12.698 -0.0 0.0 0.0 0.0 0.0 -0.0 -0.0 0.0 12.76171875 0.0 0.0 24.76953125 0.0 12.65625 0.0 0.0 27.640625 0.0 12.83203125 0.0 0.0 27.83203125 0.0 12.796875 0.0 0.0 25.15234375 0.0 4.721405029296875
12.868 -0.0 0.0 0.0 0.0 0.0 -0.0 -0.0 0.0 12.76171875 0.0 0.0 24.578125 0.0 12.65625 0.0 0.0 27.640625 0.0 12.83203125 0.0 0.0 27.2578125 0.0 12.796875 0.0 0.0 25.34375 0.0 4.731170654296875
13.048 -0.0 0.0 0.0 0.0 0.0 -0.0 -0.0 0.0 12.76171875 0.0 0.0 24.76953125 0.0 12.65625 0.0 0.0 28.21484375 0.0 12.83203125 0.0 0.0 26.68359375 0.0 12.796875 0.0 0.0 25.15234375 0.0 4.721405029296875
13.228 -0.0 0.0 0.0 0.0 0.0 -0.0 -0.0 0.0 12.76171875 0.0 0.0 24.1953125 0.0 12.65625 0.0 0.0 28.59765625 0.0 12.83203125 0.0 0.0 27.44921875 0.0 12.796875 0.0 0.0 25.53515625 0.0 4.721405029296875
13.412 -0.0 0.0 0.0 0.0 0.0 -0.0 -0.0 0.0 12.796875 0.0 0.0 24.76953125 0.0 12.65625 0.0 0.0 27.640625 0.0 12.83203125 0.0 0.0 27.640625 0.0 12.796875 0.0 0.0 25.7265625 0.0 4.721405029296875
13.59 -0.0 0.0 0.0 0.0 0.0 -0.0 -0.0 0.0 12.76171875 0.0 0.0 24.578125 0.0 12.65625 0.0 0.0 26.68359375 0.0 12.83203125 0.0 0.0 27.44921875 0.0 12.796875 0.0 0.0 25.53515625 0.0 4.731170654296875
13.759 -0.0 0.0 0.0 0.0 0.0 -0.0 -0.0 0.0 12.76171875 0.0 0.0 25.15234375 0.0 12.65625 0.0 0.0 27.44921875 0.0 12.83203125 0.0 0.0 27.640625 0.0 12.796875 0.0 0.0 25.34375 0.0 4.731170654296875
13.938 -0.0 0.0 0.0 0.0 0.0 -0.0 -0.0 0.0 12.76171875 0.0 0.0 24.578125 0.0 12.65625 0.0 0.0 27.44921875 0.0 12.83203125 0.0 0.0 27.44921875 0.0 12.796875 0.0 0.0 24.578125 0.0 4.731170654296875
14.112 -0.0 0.0 0.0 0.0 0.0 -0.0 -0.0 0.0 12.76171875 0.0 0.0 24.00390625 0.0 12.69140625 0.0 0.0 28.7890625 0.0 12.83203125 0.0 0.0 27.2578125 0.0 12.796875 0.0 0.0 24.76953125 0.0 4.731170654296875
14.293 -0.0 0.0 0.0 0.0 0.0 -0.0 -0.0 0.0 12.76171875 0.0 0.0 24.578125 0.0 12.65625 0.0 0.0 28.0234375 0.0 12.83203125 0.0 0.0 27.06640625 0.0 12.796875 0.0 0.0 25.15234375 0.0 4.721405029296875
14.473 -0.0 0.0 0.0 0.0 0.0 -0.0 -0.0 0.0 12.76171875 0.0 0.0 25.15234375 0.0 12.65625 0.0 0.0 28.0234375 0.0 12.83203125 0.0 0.0 27.2578125 0.0 12.796875 0.0 0.0 24.76953125 0.0 4.731170654296875
14.66 -0.0 0.0 0.0 0.0 0.0 -0.0 -0.0 0.0 12.76171875 0.0 0.0 24.76953125 0.0 12.65625 0.0 0.0 27.640625 0.0 12.83203125 0.0 0.0 27.83203125 0.0 12.796875 0.0 0.0 25.15234375 0.0 4.731170654296875
14.833 -0.0 0.0 0.0 0.0 0.0 -0.0 -0.0 0.0 12.796875 0.0 0.0 24.76953125 0.0 12.65625 0.0 0.0 27.83203125 0.0 12.83203125 0.0 0.0 27.640625 0.0 12.796875 0.0 0.0 25.34375 0.0 4.721405029296875
15.012 -0.0 0.0 0.0 0.0 0.0 -0.0 -0.0 0.0 12.796875 0.0 0.0 24.76953125 0.0 12.69140625 0.0 0.0 27.640625 0.0 12.83203125 0.0 0.0 27.44921875 0.0 12.796875 0.0 0.0 24.9609375 0.0 4.731170654296875
15.193 -0.0 0.0 0.0 0.0 0.0 -0.0 -0.0 0.0 12.76171875 0.0 0.0 24.578125 0.0 12.69140625 0.0 0.0 27.2578125 0.0 12.83203125 0.0 0.0 27.44921875 0.0 12.76171875 0.0 0.0 24.9609375 0.0 4.721405029296875
15.372 -0.0 0.0 0.0 0.0 0.0 -0.0 -0.0 0.0 12.76171875 0.0 0.0 24.38671875 0.0 12.65625 0.0 0.0 28.21484375 0.0 12.83203125 0.0 0.0 27.83203125 0.0 12.796875 0.0 0.0 25.91796875 0.0 4.731170654296875
15.549 -0.0 0.0 0.0 0.0 0.0 -0.0 -0.0 0.0 12.76171875 0.0 0.0 24.76953125 0.0 12.65625 0.0 0.0 27.44921875 0.0 12.83203125 0.0 0.0 27.2578125 0.0 12.796875 0.0 0.0 25.34375 0.0 4.731170654296875
15.748 -0.0 0.0 0.0 0.0 0.0 -0.0 -0.0 0.0 12.76171875 0.0 0.0 24.76953125 0.0 12.69140625 0.0 0.0 27.83203125 0.0 12.83203125 0.0 0.0 27.2578125 0.0 12.796875 0.0 0.0 25.7265625 0.0 4.731170654296875
15.919 -0.0 0.0 0.0 0.0 0.0 -0.0 -0.0 0.0 12.76171875 0.0 0.0 24.9609375 0.0 12.65625 0.0 0.0 28.0234375 0.0 12.83203125 0.0 0.0 27.2578125 0.0 12.796875 0.0 0.0 25.34375 0.0 4.721405029296875
16.091 -0.0 0.0 0.0 0.0 0.0 -0.0 -0.0 0.0 12.76171875 0.0 0.0 24.9609375 0.0 12.65625 0.0 0.0 27.640625 0.0 12.8671875 0.0 0.0 27.2578125 0.0 12.796875 0.0 0.0 25.53515625 0.0 4.731170654296875
16.27 -0.0 0.0 0.0 0.0 0.0 -0.0 -0.0 0.0 12.76171875 0.0 0.0 24.9609375 0.0 12.65625 0.0 0.0 28.0234375 0.0 12.83203125 0.0 0.0 27.640625 0.0 12.796875 0.0 0.0 25.15234375 0.0 4.721405029296875
16.437 -0.0 0.0 0.0 0.0 0.0 -0.0 -0.0 0.0 12.76171875 0.0 0.0 24.578125 0.0 12.65625 0.0 0.0 28.21484375 0.0 12.83203125 0.0 0.0 27.83203125 0.0 12.796875 0.0 0.0 24.9609375 0.0 4.721405029296875
16.608 -0.0 0.0 0.0 0.0 0.0 -0.0 -0.0 0.0 12.796875 0.0 0.0 24.38671875 0.0 12.65625 0.0 0.0 27.2578125 0.0 12.83203125 0.0 0.0 27.44921875 0.0 12.796875 0.0 0.0 24.578125 0.0 4.731170654296875
16.78 -0.0 0.0 0.0 0.0 0.0 -0.0 -0.0 0.0 12.76171875 0.0 0.0 23.8125 0.0 12.65625 0.0 0.0 27.640625 0.0 12.83203125 0.0 0.0 27.2578125 0.0 12.796875 0.0 0.0 25.15234375 0.0 4.721405029296875
16.95 -0.0 0.0 0.0 0.0 0.0 -0.0 -0.0 0.0 12.76171875 0.0 0.0 24.9609375 0.0 12.65625 0.0 0.0 27.44921875 0.0 12.83203125 0.0 0.0 27.44921875 0.0 12.796875 0.0 0.0 24.9609375 0.0 4.731170654296875
17.12 -0.0 0.0 0.0 0.0 0.0 -0.0 -0.0 0.0 12.76171875 0.0 0.0 24.76953125 0.0 12.65625 0.0 0.0 28.21484375 0.0 12.83203125 0.0 0.0 27.44921875 0.0 12.796875 0.0 0.0 25.15234375 0.0 4.721405029296875
17.298 -0.0 0.0 0.0 0.0 0.0 -0.0 -0.0 0.0 12.76171875 0.0 0.0 24.578125 0.0 12.65625 0.0 0.0 27.44921875 0.0 12.83203125 0.0 0.0 27.44921875 0.0 12.796875 0.0 0.0 25.7265625 0.0 4.731170654296875
17.479 -0.0 0.0 0.0 0.0 0.0 -0.0 -0.0 0.0 12.796875 0.0 0.0 24.76953125 0.0 12.65625 0.0 0.0 28.0234375 0.0 12.83203125 0.0 0.0 27.640625 0.0 12.796875 0.0 0.0 25.15234375 0.0 4.721405029296875
17.649 -0.0 0.0 0.0 0.0 0.0 -0.0 -0.0 0.0 12.76171875 0.0 0.0 24.76953125 0.0 12.65625 0.0 0.0 27.44921875 0.0 12.83203125 0.0 0.0 27.06640625 0.0 12.796875 0.0 0.0 24.578125 0.0 4.731170654296875
17.829 -0.0 0.0 0.0 0.0 0.0 -0.0 -0.0 0.0 12.796875 0.0 0.0 24.76953125 0.0 12.65625 0.0 0.0 27.83203125 0.0 12.83203125 0.0 0.0 27.2578125 0.0 12.796875 0.0 0.0 24.9609375 0.0 4.731170654296875
17.997 -0.0 0.0 0.0 0.0 0.0 -0.0 -0.0 0.0 12.76171875 0.0 0.0 24.578125 0.0 12.65625 0.0 0.0 28.21484375 0.0 12.83203125 0.0 0.0 27.83203125 0.0 12.796875 0.0 0.0 25.53515625 0.0 4.721405029296875
18.157 -0.0 0.0 0.0 0.0 0.0 -0.0 -0.0 0.0 12.76171875 0.0 0.0 24.76953125 0.0 12.65625 0.0 0.0 28.21484375 0.0 12.83203125 0.0 0.0 27.640625 0.0 12.796875 0.0 0.0 24.9609375 0.0 4.721405029296875
18.331 -0.0 0.0 0.0 0.0 0.0 -0.0 -0.0 0.0 12.76171875 0.0 0.0 24.76953125 0.0 12.65625 0.0 0.0 27.06640625 0.0 12.83203125 0.0 0.0 27.06640625 0.0 12.796875 0.0 0.0 25.15234375 0.0 4.731170654296875
18.5 -0.0 0.0 0.0 0.0 0.0 -0.0 -0.0 0.0 12.76171875 0.0 0.0 25.34375 0.0 12.65625 0.0 0.0 27.83203125 0.0 12.83203125 0.0 0.0 27.44921875 0.0 12.796875 0.0 0.0 24.9609375 0.0 4.731170654296875
18.688 -0.0 0.0 0.0 0.0 0.0 -0.0 -0.0 0.0 12.796875 0.0 0.0 24.76953125 0.0 12.65625 0.0 0.0 27.640625 0.0 12.83203125 0.0 0.0 27.2578125 0.0 12.796875 0.0 0.0 25.15234375 0.0 4.721405029296875
