Timestamp,Driver_Joy_Y,Driver_Joy_X,Driver_Joy_W,Mecanum_FL,Mecanum_BL,Mecanum_BR,Mecanum_FR,FL_Jag_Speed,FL_Out_Voltage,FL_Out_Current,FL_Temp,BL_Jag_Speed,BL_Out_Voltage,BL_Out_Current,BL_Temp,BR_Jag_Speed,BR_Out_Voltage,BR_Out_Current,BR_Temp,FR_Jag_Speed,FR_Out_Voltage,FR_Out_Current,FR_Temp,Pickup_Out_Voltage,Pickup_Out_Current,Pickup_Temp,SH1_Out_Voltage,SH1_Out_Current,SH1_Temp,SH2_Out_Voltage,SH2_Out_Current,SH2_Temp,SHmain_Speed,SHmain_Angle
0.0060,-0.0,0.0,-0.046875,0.0,0.0,0.0,0.0,0.0,0.0,0.0,25.7265625,0.0,0.0,0.0,28.98046875,0.0,0.0,0.0,28.21484375,0.0,0.0,0.0,26.30078125,0.0,0.0,25.7265625,0.0,5.7477874755859375
0.185,-0.0,0.0,-0.046875,0.0,0.0,-0.0,-0.0,0.0,0.0,0.0,25.7265625,0.0,0.0,0.0,29.36328125,0.0,0.0,0.0,28.98046875,0.0,0.0,0.0,26.109375,0.0,0.0,25.7265625,0.0,5.7477874755859375
0.347,-0.0,0.0,-0.046875,0.0,0.0,-0.0,-0.0,0.0,0.0,0.0,25.7265625,0.0,0.0,0.0,28.7890625,0.0,0.0,0.0,28.59765625,0.0,0.0,0.0,26.30078125,0.0,0.0,25.34375,0.0,5.7477874755859375
0.508,-0.0,0.0,-0.046875,0.0,0.0,-0.0,-0.0,0.0,0.0,0.0,25.53515625,0.0,0.0,0.0,29.171875,0.0,0.0,0.0,28.7890625,0.0,0.0,0.0,26.109375,0.0,0.0,26.30078125,0.0,5.7380218505859375
0.675,-0.0,0.0,-0.046875,0.0,0.0,-0.0,-0.0,0.0,0.0,0.0,25.15234375,0.0,0.0,0.0,28.98046875,0.0,0.0,0.0,28.40625,0.0,0.0,0.0,25.91796875,0.0,0.0,25.53515625,0.0,5.7477874755859375
0.834,-0.0,0.0,-0.046875,0.0,0.0,-0.0,-0.0,0.0,0.0,0.0,25.91796875,0.0,0.0,0.0,28.59765625,0.0,0.0,0.0,28.7890625,0.0,0.0,0.0,26.109375,0.0,0.0,25.15234375,0.0,5.7380218505859375
0.995,-0.0,0.0,-0.046875,0.0,0.0,-0.0,-0.0,0.0,0.0,0.0,26.109375,0.0,0.0,0.0,28.7890625,0.0,0.0,0.0,29.171875,0.0,0.0,0.0,25.34375,0.0,0.0,26.875,0.0,5.7380218505859375
1.155,-0.0,0.0,-0.046875,0.0,0.0,-0.0,-0.0,0.0,0.0,0.0,25.91796875,0.0,0.0,0.0,29.171875,0.0,0.0,0.0,29.171875,0.0,0.0,0.0,25.91796875,0.0,0.0,25.53515625,0.0,5.7477874755859375
1.327,-0.0,0.0,-0.046875,0.0,0.0,-0.0,-0.0,0.0,0.0,0.0,25.7265625,0.0,0.0,0.0,28.98046875,0.0,0.0,0.0,28.7890625,0.0,0.0,0.0,26.30078125,0.0,0.0,25.15234375,0.0,5.7477874755859375
1.506,-0.0,0.0,-0.046875,0.0,0.0,-0.0,-0.0,0.0,0.0,0.0,24.1953125,0.0,0.0,0.0,28.7890625,0.0,0.0,0.0,28.40625,0.0,0.0,0.0,26.4921875,0.0,0.0,25.15234375,0.0,5.7380218505859375
1.666,-0.0,0.0,-0.046875,0.0,0.0,-0.0,-0.0,0.0,0.0,0.0,25.15234375,0.0,0.0,0.0,28.7890625,0.0,0.0,0.0,28.7890625,0.0,0.0,0.0,26.30078125,0.0,0.0,25.34375,0.0,5.7477874755859375
1.827,-0.0,0.0,-0.0625,0.0,0.0,-0.0,-0.0,0.0,0.0,0.0,25.53515625,0.0,0.0,0.0,28.7890625,0.0,0.0,0.0,28.7890625,0.0,0.0,0.0,26.68359375,0.0,0.0,24.00390625,0.0,5.7477874755859375
2.008,-0.0,0.0,-0.046875,0.0,0.0,-0.0,-0.0,0.0,0.0,0.0,26.4921875,0.0,0.0,0.0,28.98046875,0.0,0.0,0.0,28.98046875,0.0,0.0,0.0,26.30078125,0.0,0.0,25.15234375,0.0,5.7380218505859375
2.175,-0.0,0.0,-0.046875,0.0,0.0,-0.0,-0.0,0.0,0.0,0.0,26.109375,0.0,0.0,0.0,29.36328125,0.0,0.0,0.0,28.7890625,0.0,0.0,0.0,26.109375,0.0,0.0,25.15234375,0.0,5.7380218505859375
2.336,-0.0,0.0,-0.046875,0.0,0.0,-0.0,-0.0,0.0,0.0,0.0,26.30078125,0.0,0.0,0.0,28.98046875,0.0,0.0,0.0,29.36328125,0.0,0.0,0.0,26.109375,0.0,0.0,25.91796875,0.0,5.7477874755859375
2.505,-0.0,0.0,-0.046875,0.0,0.0,-0.0,-0.0,0.0,0.0,0.0,25.7265625,0.0,0.0,0.0,28.98046875,0.0,0.0,0.0,28.7890625,0.0,0.0,0.0,26.30078125,0.0,0.0,25.7265625,0.0,5.7380218505859375
2.666,-0.0,0.0,-0.046875,0.0,0.0,-0.0,-0.0,0.0,0.0,0.0,25.91796875,0.0,0.0,0.0,28.98046875,0.0,0.0,0.0,29.171875,0.0,0.0,0.0,25.53515625,0.0,0.0,25.7265625,0.0,5.7477874755859375
2.827,-0.0,0.0,-0.046875,0.0,0.0,-0.0,-0.0,0.0,0.0,0.0,26.30078125,0.0,0.0,0.0,28.98046875,0.0,0.0,0.0,28.7890625,0.0,0.0,0.0,26.30078125,0.0,0.0,25.15234375,0.0,5.7477874755859375
2.987,-0.0,0.0,-0.046875,0.0,0.0,-0.0,-0.0,0.0,0.0,0.0,26.109375,0.0,0.0,0.0,29.171875,0.0,0.0,0.0,29.171875,0.0,0.0,0.0,26.30078125,0.0,0.0,24.9609375,0.0,5.7477874755859375
3.144,-0.0,0.0,-0.046875,0.0,0.0,-0.0,-0.0,0.0,0.0,0.0,25.91796875,0.0,0.0,0.0,28.98046875,0.0,0.0,0.0,29.171875,0.0,0.0,0.0,26.4921875,0.0,0.0,25.7265625,0.0,5.7477874755859375
3.304,-0.0,0.0,-0.046875,0.0,0.0,-0.0,-0.0,0.0,0.0,0.0,26.4921875,0.0,0.0,0.0,30.3203125,0.0,0.0,0.0,28.7890625,0.0,0.0,0.0,26.30078125,0.0,0.0,26.68359375,0.0,5.7477874755859375
3.465,-0.0,0.0,-0.046875,0.0,0.0,-0.0,-0.0,0.0,0.0,0.0,26.4921875,0.0,0.0,0.0,28.7890625,0.0,0.0,0.0,28.7890625,0.0,0.0,0.0,26.4921875,0.0,0.0,24.9609375,0.0,5.7477874755859375
3.626,-0.0,0.0,-0.0390625,0.0,0.0,-0.0,-0.0,0.0,0.0,0.0,25.53515625,0.0,0.0,0.0,29.171875,0.0,0.0,0.0,28.59765625,0.0,0.0,0.0,26.68359375,0.0,0.0,25.34375,0.0,5.7477874755859375
3.792,-0.0,0.0,-0.03125,0.0,0.0,-0.0,-0.0,0.0,0.0,0.0,25.15234375,0.0,0.0,0.0,28.7890625,0.0,0.0,0.0,29.171875,0.0,0.0,0.0,26.109375,0.0,0.0,24.9609375,0.0,5.7380218505859375
3.966,-0.0,0.0,-0.03125,0.0,0.0,-0.0,-0.0,0.0,0.0,0.0,25.53515625,0.0,0.0,0.0,28.40625,0.0,0.0,0.0,28.59765625,0.0,0.0,0.0,25.91796875,0.0,0.0,25.15234375,0.0,5.7380218505859375
4.126,-0.0,0.0,-0.03125,0.0,0.0,-0.0,-0.0,0.0,0.0,0.0,25.7265625,0.0,0.0,0.0,28.98046875,0.0,0.0,0.0,28.59765625,0.0,0.0,0.0,26.30078125,0.0,0.0,25.34375,0.0,5.7477874755859375
4.293,-0.0,0.0,-0.03125,0.0,0.0,-0.0,-0.0,0.0,0.0,0.0,25.53515625,0.0,0.0,0.0,28.7890625,0.0,0.0,0.0,28.7890625,0.0,0.0,0.0,26.30078125,0.0,0.0,26.4921875,0.0,5.7380218505859375
4.448,-0.0,0.0,-0.03125,0.0,0.0,-0.0,-0.0,0.0,0.0,0.0,25.7265625,0.0,0.0,0.0,28.7890625,0.0,0.0,0.0,28.98046875,0.0,0.0,0.0,26.109375,0.0,0.0,26.109375,0.0,5.7380218505859375
4.615,-0.0,0.0,-0.03125,0.0,0.0,-0.0,-0.0,0.0,0.0,0.0,26.109375,0.0,0.0,0.0,28.7890625,0.0,0.0,0.0,29.171875,0.0,0.0,0.0,26.30078125,0.0,0.0,25.53515625,0.0,5.7477874755859375
4.775,-0.0,0.0,-0.03125,0.0,0.0,-0.0,-0.0,0.0,0.0,0.0,24.578125,0.0,0.0,0.0,28.7890625,0.0,0.0,0.0,28.98046875,0.0,0.0,0.0,26.4921875,0.0,0.0,25.34375,0.0,5.7380218505859375
4.935,-0.0,0.0,-0.03125,0.0,0.0,-0.0,-0.0,0.0,0.0,0.0,25.15234375,0.0,0.0,0.0,28.7890625,0.0,0.0,0.0,28.7890625,0.0,0.0,0.0,26.30078125,0.0,0.0,25.91796875,0.0,5.7477874755859375
5.095,-0.0,0.0,-0.03125,0.0,0.0,-0.0,-0.0,0.0,0.0,0.0,26.109375,0.0,0.0,0.0,28.59765625,0.0,0.0,0.0,28.7890625,0.0,0.0,0.0,26.4921875,0.0,0.0,25.15234375,0.0,5.7477874755859375
5.252,-0.0,0.0,-0.03125,0.0,0.0,-0.0,-0.0,0.0,0.0,0.0,25.7265625,0.0,0.0,0.0,29.171875,0.0,0.0,0.0,28.59765625,0.0,0.0,0.0,26.30078125,0.0,0.0,25.15234375,0.0,5.7477874755859375
5.424,-0.0,0.0,-0.03125,0.0,0.0,-0.0,-0.0,0.0,0.0,0.0,25.91796875,0.0,0.0,0.0,29.171875,0.0,0.0,0.0,28.98046875,0.0,0.0,0.0,26.68359375,0.0,0.0,25.53515625,0.0,5.7477874755859375
5.587,-0.0,0.0,-0.03125,0.0,0.0,-0.0,-0.0,0.0,0.0,0.0,26.109375,0.0,0.0,0.0,29.5546875,0.0,0.0,0.0,28.98046875,0.0,0.0,0.0,26.4921875,0.0,0.0,24.9609375,0.0,5.7477874755859375
5.736,-0.0,0.0,-0.03125,0.0,0.0,-0.0,-0.0,0.0,0.0,0.0,25.91796875,0.0,0.0,0.0,28.7890625,0.0,0.0,0.0,29.171875,0.0,0.0,0.0,25.7265625,0.0,0.0,26.109375,0.0,5.7477874755859375
5.924,-0.0,0.0,-0.03125,0.0,0.0,-0.0,-0.0,0.0,0.0,0.0,26.109375,0.0,0.0,0.0,28.98046875,0.0,0.0,0.0,28.59765625,0.0,0.0,0.0,25.91796875,0.0,0.0,25.7265625,0.0,5.7477874755859375
6.088,-0.0,0.0,-0.03125,0.0,0.0,-0.0,-0.0,0.0,0.0,0.0,25.53515625,0.0,0.0,0.0,29.171875,0.0,0.0,0.0,28.98046875,0.0,0.0,0.0,26.68359375,0.0,0.0,25.53515625,0.0,5.7477874755859375
6.247,-0.0,0.0,-0.03125,0.0,0.0,-0.0,-0.0,0.0,0.0,0.0,26.875,0.0,0.0,0.0,28.59765625,0.0,0.0,0.0,28.7890625,0.0,0.0,0.0,25.7265625,0.0,0.0,24.9609375,0.0,5.7380218505859375
6.407,-0.0,0.0,-0.03125,0.0,0.0,-0.0,-0.0,0.0,0.0,0.0,25.7265625,0.0,0.0,0.0,29.36328125,0.0,0.0,0.0,28.98046875,0.0,0.0,0.0,26.4921875,0.0,0.0,25.34375,0.0,5.7477874755859375
6.566,-0.0,0.0,-0.03125,0.0,0.0,-0.0,-0.0,0.0,0.0,0.0,25.53515625,0.0,0.0,0.0,28.40625,0.0,0.0,0.0,28.7890625,0.0,0.0,0.0,26.4921875,0.0,0.0,24.38671875,0.0,5.7477874755859375
6.72,-0.0,0.0,-0.03125,0.0,0.0,-0.0,-0.0,0.0,0.0,0.0,27.44921875,0.0,0.0,0.0,28.98046875,0.0,0.0,0.0,28.21484375,0.0,0.0,0.0,26.109375,0.0,0.0,26.68359375,0.0,5.7380218505859375
6.884,-0.0,0.0,-0.03125,0.0,0.0,-0.0,-0.0,0.0,0.0,0.0,25.34375,0.0,0.0,0.0,28.59765625,0.0,0.0,0.0,29.171875,0.0,0.0,0.0,25.91796875,0.0,0.0,25.7265625,0.0,5.7477874755859375
7.048,-0.0,0.0,-0.03125,0.0,0.0,-0.0,-0.0,0.0,0.0,0.0,25.34375,0.0,0.0,0.0,28.98046875,0.0,0.0,0.0,28.59765625,0.0,0.0,0.0,26.109375,0.0,0.0,25.53515625,0.0,5.7380218505859375
7.215,-0.0,0.0,-0.03125,0.0,0.0,-0.0,-0.0,0.0,0.0,0.0,25.34375,0.0,0.0,0.0,28.59765625,0.0,0.0,0.0,28.7890625,0.0,0.0,0.0,26.4921875,0.0,0.0,25.15234375,0.0,5.7380218505859375
7.375,-0.0,0.0,-0.03125,0.0,0.0,-0.0,-0.0,0.0,0.0,0.0,25.7265625,0.0,0.0,0.0,28.98046875,0.0,0.0,0.0,28.98046875,0.0,0.0,0.0,26.4921875,0.0,0.0,25.34375,0.0,5.7477874755859375
7.547,-0.0,0.0,-0.03125,0.0,0.0,-0.0,-0.0,0.0,0.0,0.0,25.91796875,0.0,0.0,0.0,28.59765625,0.0,0.0,0.0,28.59765625,0.0,0.0,0.0,26.875,0.0,0.0,25.91796875,0.0,5.7477874755859375
7.708,-0.0,0.0,-0.03125,0.0,0.0,-0.0,-0.0,0.0,0.0,0.0,25.91796875,0.0,0.0,0.0,28.98046875,0.0,0.0,0.0,29.36328125,0.0,0.0,0.0,26.30078125,0.0,0.0,25.7265625,0.0,5.7380218505859375
7.885,-0.0,0.0,-0.03125,0.0,0.0,-0.0,-0.0,0.0,0.0,0.0,26.109375,0.0,0.0,0.0,28.98046875,0.0,0.0,0.0,29.171875,0.0,0.0,0.0,26.30078125,0.0,0.0,25.34375,0.0,5.7477874755859375
8.043,-0.0,0.0,-0.03125,0.0,0.0,-0.0,-0.0,0.0,0.0,0.0,25.91796875,0.0,0.0,0.0,27.83203125,0.0,0.0,0.0,28.98046875,0.0,0.0,0.0,26.30078125,0.0,0.0,25.34375,0.0,5.7380218505859375
8.207,-0.0,0.0,-0.03125,0.0,0.0,-0.0,-0.0,0.0,0.0,0.0,25.7265625,0.0,0.0,0.0,28.59765625,0.0,0.0,0.0,28.98046875,0.0,0.0,0.0,26.4921875,0.0,0.0,24.9609375,0.0,5.7477874755859375
8.368,-0.0,0.0,-0.03125,0.0,0.0,-0.0,-0.0,0.0,0.0,0.0,26.109375,0.0,0.0,0.0,28.21484375,0.0,0.0,0.0,29.171875,0.0,0.0,0.0,26.4921875,0.0,0.0,25.15234375,0.0,5.7477874755859375
8.54,-0.0,0.0,-0.03125,0.0,0.0,-0.0,-0.0,0.0,0.0,0.0,25.91796875,0.0,0.0,0.0,29.171875,0.0,0.0,0.0,28.59765625,0.0,0.0,0.0,26.109375,0.0,0.0,25.91796875,0.0,5.7477874755859375
8.708,-0.0,0.0,-0.03125,0.0,0.0,-0.0,-0.0,0.0,0.0,0.0,25.91796875,0.0,0.0,0.0,28.7890625,0.0,0.0,0.0,29.171875,0.0,0.0,0.0,26.30078125,0.0,0.0,25.7265625,0.0,5.7477874755859375
8.864,-0.0,0.0,-0.03125,0.0,0.0,-0.0,-0.0,0.0,0.0,0.0,25.34375,0.0,0.0,0.0,28.59765625,0.0,0.0,0.0,28.98046875,0.0,0.0,0.0,25.7265625,0.0,0.0,26.30078125,0.0,5.7477874755859375
9.025,-0.0,0.0,-0.03125,0.0,0.0,-0.0,-0.0,0.0,0.0,0.0,25.7265625,0.0,0.0,0.0,28.7890625,0.0,0.0,0.0,28.7890625,0.0,0.0,0.0,26.4921875,0.0,0.0,26.68359375,0.0,5.7380218505859375
9.185,-0.0,0.0,-0.03125,0.0,0.0,-0.0,-0.0,0.0,0.0,0.0,25.7265625,0.0,0.0,0.0,28.98046875,0.0,0.0,0.0,28.7890625,0.0,0.0,0.0,26.4921875,0.0,0.0,25.34375,0.0,5.7477874755859375
9.348,-0.0,0.0,-0.03125,0.0,0.0,-0.0,-0.0,0.0,0.0,0.0,25.53515625,0.0,0.0,0.0,28.40625,0.0,0.0,0.0,29.171875,0.0,0.0,0.0,26.4921875,0.0,0.0,24.00390625,0.0,5.7477874755859375
9.501,-0.0,0.0,-0.03125,0.0,0.0,-0.0,-0.0,0.0,0.0,0.0,26.109375,0.0,0.0,0.0,28.40625,0.0,0.0,0.0,28.7890625,0.0,0.0,0.0,26.109375,0.0,0.0,26.30078125,0.0,5.7477874755859375
9.666,-0.0,0.0,-0.03125,0.0,0.0,-0.0,-0.0,0.0,0.0,0.0,25.53515625,0.0,0.0,0.0,28.98046875,0.0,0.0,0.0,28.59765625,0.0,0.0,0.0,26.68359375,0.0,0.0,24.9609375,0.0,5.7380218505859375
9.845,-0.0,0.0,-0.03125,0.0,0.0,-0.0,-0.0,0.0,0.0,0.0,26.109375,0.0,0.0,0.0,28.40625,0.0,0.0,0.0,28.7890625,0.0,0.0,0.0,25.91796875,0.0,0.0,25.15234375,0.0,5.7380218505859375
9.999,-0.0,0.0,-0.03125,0.0,0.0,-0.0,-0.0,0.0,0.0,0.0,25.7265625,0.0,0.0,0.0,28.7890625,0.0,0.0,0.0,28.98046875,0.0,0.0,0.0,26.875,0.0,0.0,25.34375,0.0,5.7477874755859375
10.16,-0.0,0.0,-0.03125,0.0,0.0,-0.0,-0.0,0.0,0.0,0.0,25.7265625,0.0,0.0,0.0,28.98046875,0.0,0.0,0.0,29.171875,0.0,0.0,0.0,26.68359375,0.0,0.0,26.4921875,0.0,5.7477874755859375
10.328,-0.0,0.0,-0.03125,0.0,0.0,-0.0,-0.0,0.0,0.0,0.0,26.109375,0.0,0.0,0.0,28.7890625,0.0,0.0,0.0,28.59765625,0.0,0.0,0.0,26.875,0.0,0.0,26.109375,0.0,5.7380218505859375
10.495,-0.0,0.0,-0.03125,0.0,0.0,-0.0,-0.0,0.0,0.0,0.0,25.34375,0.0,0.0,0.0,29.171875,0.0,0.0,0.0,28.7890625,0.0,0.0,0.0,26.68359375,0.0,0.0,25.34375,0.0,5.7380218505859375
10.676,-0.0,0.0,-0.03125,0.0,0.0,-0.0,-0.0,0.0,0.0,0.0,26.109375,0.0,0.0,0.0,28.40625,0.0,0.0,0.0,28.98046875,0.0,0.0,0.0,26.30078125,0.0,0.0,24.38671875,0.0,5.7380218505859375
10.846,-0.0,0.0,-0.03125,0.0,0.0,-0.0,-0.0,0.0,0.0,0.0,25.7265625,0.0,0.0,0.0,28.7890625,0.0,0.0,0.0,28.98046875,0.0,0.0,0.0,26.30078125,0.0,0.0,24.38671875,0.0,5.7477874755859375
11.007,-0.0,0.0,-0.03125,0.0,0.0,-0.0,-0.0,0.0,0.0,0.0,25.53515625,0.0,0.0,0.0,28.59765625,0.0,0.0,0.0,28.59765625,0.0,0.0,0.0,27.06640625,0.0,0.0,24.76953125,0.0,5.7380218505859375
11.166,-0.0,0.0,-0.03125,0.0,0.0,-0.0,-0.0,0.0,0.0,0.0,24.578125,0.0,0.0,0.0,29.171875,0.0,0.0,0.0,28.98046875,0.0,0.0,0.0,26.30078125,0.0,0.0,25.34375,0.0,5.7380218505859375
11.328,-0.0,0.0,-0.03125,0.0,0.0,-0.0,-0.0,0.0,0.0,0.0,25.15234375,0.0,0.0,0.0,29.171875,0.0,0.0,0.0,28.7890625,0.0,0.0,0.0,26.68359375,0.0,0.0,25.7265625,0.0,5.7477874755859375
11.488,-0.0,0.0,-0.03125,0.0,0.0,-0.0,-0.0,0.0,0.0,0.0,25.91796875,0.0,0.0,0.0,28.59765625,0.0,0.0,0.0,28.98046875,0.0,0.0,0.0,25.53515625,0.0,0.0,25.91796875,0.0,5.7380218505859375
11.651,-0.0,0.0,-0.03125,0.0,0.0,-0.0,-0.0,0.0,0.0,0.0,25.53515625,0.0,0.0,0.0,28.98046875,0.0,0.0,0.0,28.98046875,0.0,0.0,0.0,26.109375,0.0,0.0,24.578125,0.0,5.7477874755859375
11.826,-0.0,0.0,-0.03125,0.0,0.0,-0.0,-0.0,0.0,0.0,0.0,26.109375,0.0,0.0,0.0,28.98046875,0.0,0.0,0.0,28.40625,0.0,0.0,0.0,25.53515625,0.0,0.0,24.578125,0.0,5.7477874755859375
11.989,-0.0,0.0,-0.03125,0.0,0.0,-0.0,-0.0,0.0,0.0,0.0,25.91796875,0.0,0.0,0.0,28.98046875,0.0,0.0,0.0,28.21484375,0.0,0.0,0.0,25.91796875,0.0,0.0,25.91796875,0.0,5.7380218505859375
12.147,-0.0,0.0,-0.03125,0.0,0.0,-0.0,-0.0,0.0,0.0,0.0,25.91796875,0.0,0.0,0.0,29.171875,0.0,0.0,0.0,28.59765625,0.0,0.0,0.0,25.91796875,0.0,0.0,26.30078125,0.0,5.7477874755859375
12.308,-0.0,0.0,-0.03125,0.0,0.0,-0.0,-0.0,0.0,0.0,0.0,26.109375,0.0,0.0,0.0,29.171875,0.0,0.0,0.0,29.171875,0.0,0.0,0.0,26.4921875,0.0,0.0,25.7265625,0.0,5.7477874755859375
12.467,-0.0,0.0,-0.03125,0.0,0.0,-0.0,-0.0,0.0,0.0,0.0,26.68359375,0.0,0.0,0.0,28.40625,0.0,0.0,0.0,28.98046875,0.0,0.0,0.0,26.109375,0.0,0.0,25.53515625,0.0,5.7380218505859375
12.635,-0.0,0.0,-0.03125,0.0,0.0,-0.0,-0.0,0.0,0.0,0.0,25.7265625,0.0,0.0,0.0,29.171875,0.0,0.0,0.0,28.7890625,0.0,0.0,0.0,26.30078125,0.0,0.0,24.9609375,0.0,5.7477874755859375
12.788,-0.0,0.0,-0.03125,0.0,0.0,-0.0,-0.0,0.0,0.0,0.0,26.30078125,0.0,0.0,0.0,28.98046875,0.0,0.0,0.0,28.7890625,0.0,0.0,0.0,26.4921875,0.0,0.0,25.53515625,0.0,5.7380218505859375
12.947,-0.0,0.0,-0.03125,0.0,0.0,-0.0,-0.0,0.0,0.0,0.0,25.91796875,0.0,0.0,0.0,28.40625,0.0,0.0,0.0,28.59765625,0.0,0.0,0.0,26.875,0.0,0.0,25.15234375,0.0,5.7477874755859375
13.112,-0.0,0.0,-0.03125,0.0,0.0,-0.0,-0.0,0.0,0.0,0.0,25.91796875,0.0,0.0,0.0,28.98046875,0.0,0.0,0.0,28.7890625,0.0,0.0,0.0,26.875,0.0,0.0,25.53515625,0.0,5.7380218505859375
13.276,-0.0,0.0,-0.03125,0.0,0.0,-0.0,-0.0,0.0,0.0,0.0,26.30078125,0.0,0.0,0.0,28.21484375,0.0,0.0,0.0,28.98046875,0.0,0.0,0.0,26.4921875,0.0,0.0,24.9609375,0.0,5.7380218505859375
13.434,-0.0,0.0,-0.03125,0.0,0.0,-0.0,-0.0,0.0,0.0,0.0,25.91796875,0.0,0.0,0.0,29.171875,0.0,0.0,0.0,28.40625,0.0,0.0,0.0,26.4921875,0.0,0.0,25.91796875,0.0,5.7380218505859375
13.626,-0.0,0.0,-0.03125,0.0,0.0,-0.0,-0.0,0.0,0.0,0.0,25.7265625,0.0,0.0,0.0,28.7890625,0.0,0.0,0.0,28.59765625,0.0,0.0,0.0,26.30078125,0.0,0.0,25.53515625,0.0,5.7477874755859375
13.809,-0.0,0.0,-0.03125,0.0,0.0,-0.0,-0.0,0.0,0.0,0.0,26.30078125,0.0,0.0,0.0,29.5546875,0.0,0.0,0.0,29.171875,0.0,0.0,0.0,26.68359375,0.0,0.0,24.1953125,0.0,5.7477874755859375
13.975,-0.0,0.0,-0.03125,0.0,0.0,-0.0,-0.0,0.0,0.0,0.0,26.109375,0.0,0.0,0.0,30.12890625,0.0,0.0,0.0,28.98046875,0.0,0.0,0.0,26.30078125,0.0,0.0,25.34375,0.0,5.7477874755859375
14.144,-0.0,0.0,-0.03125,0.0,0.0,-0.0,-0.0,0.0,0.0,0.0,25.91796875,0.0,0.0,0.0,29.36328125,0.0,0.0,0.0,29.36328125,0.0,0.0,0.0,26.30078125,0.0,0.0,24.9609375,0.0,5.7477874755859375
14.315,-0.0,0.0,-0.03125,0.0,0.0,-0.0,-0.0,0.0,0.0,0.0,26.4921875,0.0,0.0,0.0,28.7890625,0.0,0.0,0.0,28.98046875,0.0,0.0,0.0,26.4921875,0.0,0.0,24.76953125,0.0,5.7477874755859375
14.474,-0.0,0.0,-0.03125,0.0,0.0,-0.0,-0.0,0.0,0.0,0.0,25.7265625,0.0,0.0,0.0,30.12890625,0.0,0.0,0.0,28.59765625,0.0,0.0,0.0,26.4921875,0.0,0.0,25.34375,0.0,5.7477874755859375
14.634,-0.0,0.0,-0.03125,0.0,0.0,-0.0,-0.0,0.0,0.0,0.0,26.68359375,0.0,0.0,0.0,28.98046875,0.0,0.0,0.0,28.7890625,0.0,0.0,0.0,26.30078125,0.0,0.0,25.53515625,0.0,5.7380218505859375
14.804,-0.0,0.0,-0.03125,0.0,0.0,-0.0,-0.0,0.0,0.0,0.0,25.91796875,0.0,0.0,0.0,28.59765625,0.0,0.0,0.0,28.98046875,0.0,0.0,0.0,26.109375,0.0,0.0,25.34375,0.0,5.7477874755859375
14.966,-0.0,0.0,-0.03125,0.0,0.0,-0.0,-0.0,0.0,0.0,0.0,26.68359375,0.0,0.0,0.0,28.59765625,0.0,0.0,0.0,28.7890625,0.0,0.0,0.0,26.30078125,0.0,0.0,25.15234375,0.0,5.7477874755859375
15.134,-0.0,0.0,-0.03125,0.0,0.0,-0.0,-0.0,0.0,0.0,0.0,26.109375,0.0,0.0,0.0,28.40625,0.0,0.0,0.0,28.7890625,0.0,0.0,0.0,26.4921875,0.0,0.0,25.34375,0.0,5.7477874755859375
15.305,-0.0,0.0,-0.03125,0.0,0.0,-0.0,-0.0,0.0,0.0,0.0,25.7265625,0.0,0.0,0.0,28.40625,0.0,0.0,0.0,28.59765625,0.0,0.0,0.0,26.4921875,0.0,0.0,25.53515625,0.0,5.7477874755859375
15.466,-0.0,0.0,-0.03125,0.0,0.0,-0.0,-0.0,0.0,0.0,0.0,25.53515625,0.0,0.0,0.0,28.98046875,0.0,0.0,0.0,28.98046875,0.0,0.0,0.0,26.4921875,0.0,0.0,24.9609375,0.0,5.7380218505859375
15.633,-0.0,0.0,-0.03125,0.0,0.0,-0.0,-0.0,0.0,0.0,0.0,26.109375,0.0,0.0,0.0,29.171875,0.0,0.0,0.0,28.7890625,0.0,0.0,0.0,26.875,0.0,0.0,25.34375,0.0,5.7477874755859375
15.794,-0.0,0.0,-0.03125,0.0,0.0,-0.0,-0.0,0.0,0.0,0.0,26.109375,0.0,0.0,0.0,28.7890625,0.0,0.0,0.0,28.40625,0.0,0.0,0.0,26.68359375,0.0,0.0,26.30078125,0.0,5.7477874755859375
15.953,-0.0,0.0,-0.03125,0.0,0.0,-0.0,-0.0,0.0,0.0,0.0,25.7265625,0.0,0.0,0.0,28.59765625,0.0,0.0,0.0,28.59765625,0.0,0.0,0.0,26.109375,0.0,0.0,25.91796875,0.0,5.7477874755859375
16.113,-0.0,0.0,-0.03125,0.0,0.0,-0.0,-0.0,0.0,0.0,0.0,25.91796875,0.0,0.0,0.0,29.171875,0.0,0.0,0.0,28.59765625,0.0,0.0,0.0,26.109375,0.0,0.0,25.34375,0.0,5.7477874755859375
16.272,-0.0,0.0,-0.03125,0.0,0.0,-0.0,-0.0,0.0,0.0,0.0,25.91796875,0.0,0.0,0.0,28.0234375,0.0,0.0,0.0,29.36328125,0.0,0.0,0.0,26.4921875,0.0,0.0,24.9609375,0.0,5.7477874755859375
16.433,-0.0,0.0,-0.03125,0.0,0.0,-0.0,-0.0,0.0,0.0,0.0,25.91796875,0.0,0.0,0.0,28.59765625,0.0,0.0,0.0,28.7890625,0.0,0.0,0.0,26.4921875,0.0,0.0,25.53515625,0.0,5.7380218505859375
16.609,-0.0,0.0,-0.03125,0.0,0.0,-0.0,-0.0,0.0,0.0,0.0,25.91796875,0.0,0.0,0.0,29.9375,0.0,0.0,0.0,28.98046875,0.0,0.0,0.0,27.06640625,0.0,0.0,25.53515625,0.0,5.7380218505859375
16.773,-0.0,0.0,-0.03125,0.0,0.0,-0.0,-0.0,0.0,0.0,0.0,25.7265625,0.0,0.0,0.0,29.171875,0.0,0.0,0.0,28.7890625,0.0,0.0,0.0,26.4921875,0.0,0.0,24.9609375,0.0,5.7477874755859375
16.928,-0.0,0.0,-0.03125,0.0,0.0,-0.0,-0.0,0.0,0.0,0.0,26.109375,0.0,0.0,0.0,28.98046875,0.0,0.0,0.0,28.98046875,0.0,0.0,0.0,26.30078125,0.0,0.0,25.7265625,0.0,5.7380218505859375
17.086,-0.0,0.0,-0.03125,0.0,0.0,-0.0,-0.0,0.0,0.0,0.0,26.4921875,0.0,0.0,0.0,28.40625,0.0,0.0,0.0,29.171875,0.0,0.0,0.0,26.30078125,0.0,0.0,25.53515625,0.0,5.7380218505859375
17.246,-0.0,0.0,-0.03125,0.0,0.0,-0.0,-0.0,0.0,0.0,0.0,25.91796875,0.0,0.0,0.0,28.98046875,0.0,0.0,0.0,28.98046875,0.0,0.0,0.0,26.30078125,0.0,0.0,25.53515625,0.0,5.7477874755859375
17.415,-0.0,0.0,-0.03125,0.0,0.0,-0.0,-0.0,0.0,0.0,0.0,26.109375,0.0,0.0,0.0,29.171875,0.0,0.0,0.0,29.171875,0.0,0.0,0.0,26.4921875,0.0,0.0,25.53515625,0.0,5.7380218505859375
17.595,-0.0,0.0,-0.03125,0.0,0.0,-0.0,-0.0,0.0,0.0,0.0,26.875,0.0,0.0,0.0,29.36328125,0.0,0.0,0.0,28.7890625,0.0,0.0,0.0,26.30078125,0.0,0.0,26.4921875,0.0,5.7380218505859375
17.753,-0.0,0.0,-0.03125,0.0,0.0,-0.0,-0.0,0.0,0.0,0.0,25.91796875,0.0,0.0,0.0,28.40625,0.0,0.0,0.0,28.98046875,0.0,0.0,0.0,26.4921875,0.0,0.0,25.7265625,0.0,5.7477874755859375
17.913,-0.0,0.0,-0.03125,0.0,0.0,-0.0,-0.0,0.0,0.0,0.0,25.7265625,0.0,0.0,0.0,29.9375,0.0,0.0,0.0,28.98046875,0.0,0.0,0.0,26.109375,0.0,0.0,25.15234375,0.0,5.7380218505859375
18.072,-0.0,0.0,-0.03125,0.0,0.0,-0.0,-0.0,0.0,0.0,0.0,26.109375,0.0,0.0,0.0,29.171875,0.0,0.0,0.0,28.7890625,0.0,0.0,0.0,26.68359375,0.0,0.0,25.34375,0.0,5.7477874755859375
18.245,-0.0,0.0,-0.03125,0.0,0.0,-0.0,-0.0,0.0,0.0,0.0,25.91796875,0.0,0.0,0.0,28.7890625,0.0,0.0,0.0,29.171875,0.0,0.0,0.0,25.91796875,0.0,0.0,25.53515625,0.0,5.7380218505859375
18.408,-0.0,0.0,-0.03125,0.0,0.0,-0.0,-0.0,0.0,0.0,0.0,26.30078125,0.0,0.0,0.0,28.7890625,0.0,0.0,0.0,28.98046875,0.0,0.0,0.0,26.30078125,0.0,0.0,24.9609375,0.0,5.7477874755859375
18.564,-0.0,0.0,-0.03125,0.0,0.0,-0.0,-0.0,0.0,0.0,0.0,26.30078125,0.0,0.0,0.0,29.171875,0.0,0.0,0.0,29.171875,0.0,0.0,0.0,26.4921875,0.0,0.0,26.109375,0.0,5.7477874755859375
18.737,-0.0,0.0,-0.03125,0.0,0.0,-0.0,-0.0,0.0,0.0,0.0,27.06640625,0.0,0.0,0.0,28.40625,0.0,0.0,0.0,28.98046875,0.0,0.0,0.0,26.109375,0.0,0.0,26.4921875,0.0,5.7380218505859375
18.906,-0.0,0.0,-0.03125,0.0,0.0,-0.0,-0.0,0.0,0.0,0.0,26.4921875,0.0,0.0,0.0,28.7890625,0.0,0.0,0.0,28.98046875,0.0,0.0,0.0,26.30078125,0.0,0.0,26.109375,0.0,5.7477874755859375
19.067,-0.0,0.0,-0.03125,0.0,0.0,-0.0,-0.0,0.0,0.0,0.0,25.53515625,0.0,0.0,0.0,28.7890625,0.0,0.0,0.0,28.7890625,0.0,0.0,0.0,26.4921875,0.0,0.0,25.53515625,0.0,5.7380218505859375
19.226,-0.0,0.0,-0.03125,0.0,0.0,-0.0,-0.0,0.0,0.0,0.0,26.4921875,0.0,0.0,0.0,28.59765625,0.0,0.0,0.0,28.98046875,0.0,0.0,0.0,26.30078125,0.0,0.0,25.7265625,0.0,5.7380218505859375
19.387,-0.0,0.0,-0.03125,0.0,0.0,-0.0,-0.0,0.0,0.0,0.0,26.109375,0.0,0.0,0.0,28.0234375,0.0,0.0,0.0,29.171875,0.0,0.0,0.0,25.53515625,0.0,0.0,25.53515625,0.0,5.7380218505859375
19.554,-0.0,0.0,-0.03125,0.0,0.0,-0.0,-0.0,0.0,0.0,0.0,25.91796875,0.0,0.0,0.0,28.7890625,0.0,0.0,0.0,28.7890625,0.0,0.0,0.0,26.4921875,0.0,0.0,25.15234375,0.0,5.7477874755859375
19.729,-0.0,0.0,-0.03125,0.0,0.0,-0.0,-0.0,0.0,0.0,0.0,26.109375,0.0,0.0,0.0,28.98046875,0.0,0.0,0.0,28.7890625,0.0,0.0,0.0,26.109375,0.0,0.0,25.53515625,0.0,5.7477874755859375
19.905,-0.0,0.0,-0.03125,0.0,0.0,-0.0,-0.0,0.0,0.0,0.0,26.109375,0.0,0.0,0.0,28.0234375,0.0,0.0,0.0,28.98046875,0.0,0.0,0.0,26.68359375,0.0,0.0,25.91796875,0.0,5.7380218505859375
20.066,-0.0,0.0,-0.03125,0.0,0.0,-0.0,-0.0,0.0,0.0,0.0,25.91796875,0.0,0.0,0.0,28.59765625,0.0,0.0,0.0,28.98046875,0.0,0.0,0.0,26.4921875,0.0,0.0,25.91796875,0.0,5.7477874755859375
20.225,-0.0,0.0,-0.03125,0.0,0.0,-0.0,-0.0,0.0,0.0,0.0,26.4921875,0.0,0.0,0.0,29.171875,0.0,0.0,0.0,29.171875,0.0,0.0,0.0,25.91796875,0.0,0.0,25.34375,0.0,5.7380218505859375
20.396,-0.0,0.0,-0.03125,0.0,0.0,-0.0,-0.0,0.0,0.0,0.0,26.109375,0.0,0.0,0.0,28.7890625,0.0,0.0,0.0,29.36328125,0.0,0.0,0.0,26.30078125,0.0,0.0,24.9609375,0.0,5.7380218505859375
20.555,-0.0,0.0,-0.03125,0.0,0.0,-0.0,-0.0,0.0,0.0,0.0,25.91796875,0.0,0.0,0.0,28.7890625,0.0,0.0,0.0,29.36328125,0.0,0.0,0.0,25.91796875,0.0,0.0,25.7265625,0.0,5.7477874755859375
20.715,-0.0,0.0,-0.03125,0.0,0.0,-0.0,-0.0,0.0,0.0,0.0,26.109375,0.0,0.0,0.0,28.59765625,0.0,0.0,0.0,29.36328125,0.0,0.0,0.0,27.06640625,0.0,0.0,25.91796875,0.0,5.7380218505859375
20.875,-0.0,0.0,-0.03125,0.0,0.0,-0.0,-0.0,0.0,0.0,0.0,26.4921875,0.0,0.0,0.0,28.98046875,0.0,0.0,0.0,28.59765625,0.0,0.0,0.0,26.875,0.0,0.0,26.4921875,0.0,5.7380218505859375
21.035,-0.0,0.0,-0.03125,0.0,0.0,-0.0,-0.0,0.0,0.0,0.0,26.109375,0.0,0.0,0.0,28.59765625,0.0,0.0,0.0,28.98046875,0.0,0.0,0.0,26.109375,0.0,0.0,25.91796875,0.0,5.7477874755859375
21.195,-0.0,0.0,-0.03125,0.0,0.0,-0.0,-0.0,0.0,0.0,0.0,25.53515625,0.0,0.0,0.0,28.98046875,0.0,0.0,0.0,28.7890625,0.0,0.0,0.0,26.68359375,0.0,0.0,26.109375,0.0,5.7477874755859375
21.364,-0.0,0.0,-0.03125,0.0,0.0,-0.0,-0.0,0.0,0.0,0.0,26.30078125,0.0,0.0,0.0,29.171875,0.0,0.0,0.0,29.171875,0.0,0.0,0.0,26.109375,0.0,0.0,25.7265625,0.0,5.7477874755859375
21.535,-0.0,0.0,-0.0234375,0.0,0.0,-0.0,-0.0,0.0,0.0,0.0,26.4921875,0.0,0.0,0.0,28.98046875,0.0,0.0,0.0,28.7890625,0.0,0.0,0.0,25.7265625,0.0,0.0,24.76953125,0.0,5.7477874755859375
21.695,-0.0,0.0,-0.03125,0.0,0.0,-0.0,-0.0,0.0,0.0,0.0,26.109375,0.0,0.0,0.0,28.7890625,0.0,0.0,0.0,28.40625,0.0,0.0,0.0,26.30078125,0.0,0.0,25.53515625,0.0,5.7380218505859375
21.864,-0.0,0.0,-0.0703125,0.0,0.0,-0.0,-0.0,0.0,0.0,0.0,26.30078125,0.0,0.0,0.0,29.36328125,0.0,0.0,0.0,28.7890625,0.0,0.0,0.0,26.30078125,0.0,0.0,27.2578125,0.0,5.7380218505859375
22.027,-0.0,0.0,-0.03125,0.0,0.0,-0.0,-0.0,0.0,0.0,0.0,25.7265625,0.0,0.0,0.0,29.171875,0.0,0.0,0.0,29.171875,0.0,0.0,0.0,26.4921875,0.0,0.0,25.53515625,0.0,5.7477874755859375
22.187,-0.0,0.0,-0.03125,0.0,0.0,-0.0,-0.0,0.0,0.0,0.0,26.109375,0.0,0.0,0.0,28.7890625,0.0,0.0,0.0,28.59765625,0.0,0.0,0.0,26.4921875,0.0,0.0,25.7265625,0.0,5.7380218505859375
22.353,-0.0,0.0,-0.0703125,0.0,0.0,-0.0,-0.0,0.0,0.0,0.0,25.91796875,0.0,0.0,0.0,28.7890625,0.0,0.0,0.0,29.36328125,0.0,0.0,0.0,26.4921875,0.0,0.0,26.109375,0.0,5.7477874755859375
22.515,-0.0,0.0,-0.0703125,0.0,0.0,-0.0,-0.0,0.0,0.0,0.0,26.4921875,0.0,0.0,0.0,28.7890625,0.0,0.0,0.0,28.98046875,0.0,0.0,0.0,26.68359375,0.0,0.0,24.76953125,0.0,5.7477874755859375
22.695,-0.0,0.0,-0.046875,0.0,0.0,-0.0,-0.0,0.0,0.0,0.0,26.109375,0.0,0.0,0.0,28.7890625,0.0,0.0,0.0,28.7890625,0.0,0.0,0.0,27.06640625,0.0,0.0,25.53515625,0.0,5.7380218505859375
22.854,-0.0,0.0,-0.0078125,0.0,0.0,-0.0,-0.0,0.0,0.0,0.0,26.4921875,0.0,0.0,0.0,28.7890625,0.0,0.0,0.0,28.7890625,0.0,0.0,0.0,26.68359375,0.0,0.0,26.4921875,0.0,5.7477874755859375
23.013,-0.0,0.0,-0.0078125,0.0,0.0,-0.0,-0.0,0.0,0.0,0.0,25.34375,0.0,0.0,0.0,28.98046875,0.0,0.0,0.0,28.98046875,0.0,0.0,0.0,26.875,0.0,0.0,25.15234375,0.0,5.7477874755859375
23.185,-0.0,0.0,-0.0078125,0.0,0.0,-0.0,-0.0,0.0,0.0,0.0,26.109375,0.0,0.0,0.0,28.40625,0.0,0.0,0.0,28.98046875,0.0,0.0,0.0,26.4921875,0.0,0.0,25.34375,0.0,5.7477874755859375
23.346,-0.0,0.0,-0.0078125,0.0,0.0,-0.0,-0.0,0.0,0.0,0.0,26.30078125,0.0,0.0,0.0,29.36328125,0.0,0.0,0.0,28.98046875,0.0,0.0,0.0,26.875,0.0,0.0,26.30078125,0.0,5.7477874755859375
23.515,-0.0,0.0,-0.0078125,0.0,0.0,-0.0,-0.0,0.0,0.0,0.0,26.109375,0.0,0.0,0.0,28.59765625,0.0,0.0,0.0,28.7890625,0.0,0.0,0.0,26.30078125,0.0,0.0,25.53515625,0.0,5.7477874755859375
23.674,-0.0,0.0,-0.0078125,0.0,0.0,-0.0,-0.0,0.0,0.0,0.0,25.91796875,0.0,0.0,0.0,29.171875,0.0,0.0,0.0,28.98046875,0.0,0.0,0.0,27.44921875,0.0,0.0,25.91796875,0.0,5.7380218505859375
23.844,-0.0,0.0,-0.0078125,0.0,0.0,-0.0,-0.0,0.0,0.0,0.0,25.91796875,0.0,0.0,0.0,28.98046875,0.0,0.0,0.0,28.98046875,0.0,0.0,0.0,26.30078125,0.0,0.0,24.00390625,0.0,5.7477874755859375
24.007,-0.0,0.0,-0.0078125,0.0,0.0,-0.0,-0.0,0.0,0.0,0.0,25.91796875,0.0,0.0,0.0,28.98046875,0.0,0.0,0.0,28.98046875,0.0,0.0,0.0,26.109375,0.0,0.0,25.34375,0.0,5.7380218505859375
24.167,-0.0,0.0,-0.0078125,0.0,0.0,-0.0,-0.0,0.0,0.0,0.0,25.7265625,0.0,0.0,0.0,29.36328125,0.0,0.0,0.0,29.171875,0.0,0.0,0.0,26.109375,0.0,0.0,24.76953125,0.0,5.7477874755859375
24.328,-0.0,0.0,-0.0078125,0.0,0.0,-0.0,-0.0,0.0,0.0,0.0,25.91796875,0.0,0.0,0.0,29.171875,0.0,0.0,0.0,29.171875,0.0,0.0,0.0,26.68359375,0.0,0.0,25.53515625,0.0,5.7477874755859375
24.485,-0.0,0.0,-0.0078125,0.0,0.0,-0.0,-0.0,0.0,0.0,0.0,25.15234375,0.0,0.0,0.0,28.7890625,0.0,0.0,0.0,28.40625,0.0,0.0,0.0,26.68359375,0.0,0.0,25.7265625,0.0,5.7477874755859375
24.652,-0.0,0.0,-0.0078125,0.0,0.0,-0.0,-0.0,0.0,0.0,0.0,26.4921875,0.0,0.0,0.0,28.7890625,0.0,0.0,0.0,28.7890625,0.0,0.0,0.0,26.4921875,0.0,0.0,25.7265625,0.0,5.7477874755859375
24.814,-0.0,0.0,-0.0078125,0.0,0.0,-0.0,-0.0,0.0,0.0,0.0,26.109375,0.0,0.0,0.0,28.59765625,0.0,0.0,0.0,28.7890625,0.0,0.0,0.0,26.109375,0.0,0.0,25.91796875,0.0,5.7380218505859375
24.973,-0.0,0.0,-0.03125,0.0,0.0,-0.0,-0.0,0.0,0.0,0.0,26.4921875,0.0,0.0,0.0,28.7890625,0.0,0.0,0.0,28.98046875,0.0,0.0,0.0,27.06640625,0.0,0.0,25.91796875,0.0,5.7477874755859375
25.146,-0.0,0.0,-0.0078125,0.0,0.0,-0.0,-0.0,0.0,0.0,0.0,25.34375,0.0,0.0,0.0,29.5546875,0.0,0.0,0.0,29.171875,0.0,0.0,0.0,27.06640625,0.0,0.0,25.34375,0.0,5.7477874755859375
25.314,-0.0,0.0,-0.0078125,0.0,0.0,-0.0,-0.0,0.0,0.0,0.0,26.30078125,0.0,0.0,0.0,28.7890625,0.0,0.0,0.0,28.7890625,0.0,0.0,0.0,26.30078125,0.0,0.0,25.7265625,0.0,5.7380218505859375
25.486,-0.0,0.0,-0.0078125,0.0,0.0,-0.0,-0.0,0.0,0.0,0.0,26.30078125,0.0,0.0,0.0,28.40625,0.0,0.0,0.0,28.7890625,0.0,0.0,0.0,26.30078125,0.0,0.0,25.15234375,0.0,5.7477874755859375
25.657,-0.0,0.0,-0.0078125,0.0,0.0,-0.0,-0.0,0.0,0.0,0.0,25.7265625,0.0,0.0,0.0,28.21484375,0.0,0.0,0.0,29.171875,0.0,0.0,0.0,26.4921875,0.0,0.0,27.06640625,0.0,5.7477874755859375
25.827,-0.0,0.0,-0.0078125,0.0,0.0,-0.0,-0.0,0.0,0.0,0.0,25.91796875,0.0,0.0,0.0,28.59765625,0.0,0.0,0.0,28.7890625,0.0,0.0,0.0,26.4921875,0.0,0.0,25.7265625,0.0,5.7477874755859375
25.988,-0.0,0.0,-0.0078125,0.0,0.0,-0.0,-0.0,0.0,0.0,0.0,25.34375,0.0,0.0,0.0,28.98046875,0.0,0.0,0.0,29.36328125,0.0,0.0,0.0,26.4921875,0.0,0.0,26.109375,0.0,5.7477874755859375
26.165,-0.0,0.0,-0.0078125,0.0,0.0,-0.0,-0.0,0.0,0.0,0.0,26.109375,0.0,0.0,0.0,28.7890625,0.0,0.0,0.0,28.7890625,0.0,0.0,0.0,26.109375,0.0,0.0,25.34375,0.0,5.7477874755859375
26.328,-0.0,0.0,-0.0078125,0.0,0.0,-0.0,-0.0,0.0,0.0,0.0,25.53515625,0.0,0.0,0.0,29.171875,0.0,0.0,0.0,28.7890625,0.0,0.0,0.0,26.30078125,0.0,0.0,25.53515625,0.0,5.7380218505859375
26.486,-0.0,0.0,-0.0078125,0.0,0.0,-0.0,-0.0,0.0,0.0,0.0,26.109375,0.0,0.0,0.0,29.171875,0.0,0.0,0.0,28.98046875,0.0,0.0,0.0,26.68359375,0.0,0.0,25.91796875,0.0,5.7380218505859375
26.647,-0.0,0.0,-0.0078125,0.0,0.0,-0.0,-0.0,0.0,0.0,0.0,25.53515625,0.0,0.0,0.0,28.59765625,0.0,0.0,0.0,28.40625,0.0,0.0,0.0,26.4921875,0.0,0.0,25.7265625,0.0,5.7477874755859375
