Timestamp,Driver_Joy_Y,Driver_Joy_X,Driver_Joy_W,Mecanum_FL,Mecanum_BL,Mecanum_BR,Mecanum_FR,FL_Jag_Speed,FL_Out_Voltage,FL_Out_Current,FL_Temp,BL_Jag_Speed,BL_Out_Voltage,BL_Out_Current,BL_Temp,BR_Jag_Speed,BR_Out_Voltage,BR_Out_Current,BR_Temp,FR_Jag_Speed,FR_Out_Voltage,FR_Out_Current,FR_Temp,Pickup_Out_Voltage,Pickup_Out_Current,Pickup_Temp,SH1_Out_Voltage,SH1_Out_Current,SH1_Temp,SH2_Out_Voltage,SH2_Out_Current,SH2_Temp,SHmain_Speed,SHmain_Angle
0.0060,-0.0,-0.0078125,0.015748031496062992,0.0,0.0,0.0,0.0,0.0,0.0,0.0,23.8125,0.0,0.0,0.0,26.875,0.0,0.0,0.0,26.30078125,0.0,0.0,0.0,24.00390625,0.0,0.0,25.7265625,0.0,5.7380218505859375
0.153,-0.0,-0.0078125,0.015748031496062992,0.0,0.0,0.0,0.0,0.0,0.0,0.0,24.00390625,0.0,0.0,0.0,27.06640625,0.0,0.0,0.0,25.91796875,0.0,0.0,0.0,24.38671875,0.0,0.0,25.91796875,0.0,5.728240966796875
0.305,-0.0,-0.0078125,0.015748031496062992,0.0,0.0,0.0,0.0,0.0,0.0,0.0,23.8125,0.0,0.0,0.0,26.4921875,0.0,0.0,0.0,26.4921875,0.0,0.0,0.0,24.00390625,0.0,0.0,25.53515625,0.0,5.7380218505859375
0.474,-0.0,-0.0078125,0.015748031496062992,-0.3,-0.3,0.3,0.3,0.0,-3.546875,24.49609375,23.4296875,0.0,-3.66015625,12.546875,26.875,35.36920166015625,3.42578125,19.24609375,26.109375,0.0,3.4375,21.4765625,23.8125,0.0,0.0,26.109375,0.0,5.7086944580078125
0.648,-0.0,-0.0078125,0.015748031496062992,-0.3,-0.3,0.3,0.3,0.0,-3.59765625,17.66796875,23.23828125,0.0,-3.74609375,8.73828125,26.30078125,80.04000854492188,3.51171875,13.9921875,25.91796875,0.0,3.51171875,14.51953125,24.00390625,0.0,0.0,24.9609375,0.0,5.728240966796875
0.818,-0.0,-0.0078125,0.015748031496062992,-0.3,-0.3,0.3,0.3,0.0,-3.62109375,13.59765625,22.6640625,0.0,-3.7578125,7.55859375,26.68359375,92.06866455078125,3.5625,10.0546875,26.4921875,0.0,3.54296875,14.25390625,24.00390625,0.0,0.0,24.9609375,0.0,5.7380218505859375
1.008,-0.0,-0.0078125,0.015748031496062992,-0.3,-0.3,0.3,0.3,-18.560226440429688,-3.640625,12.546875,23.8125,0.0,-3.765625,7.296875,26.875,121.81195068359375,3.6171875,8.34765625,26.30078125,0.0,3.5625,12.15234375,23.62109375,0.0,0.0,25.91796875,0.0,5.7086944580078125
1.187,-0.0,-0.0078125,0.015748031496062992,-0.3,-0.3,0.3,0.3,-18.859130859375,-3.671875,9.3984375,23.62109375,0.0,-3.74609375,6.24609375,26.875,129.58963012695312,3.6171875,10.31640625,26.30078125,0.0,3.625,8.73828125,23.4296875,0.0,0.0,25.34375,0.0,5.728240966796875
1.366,-0.0,-0.0078125,0.015748031496062992,-0.3,-0.3,0.3,0.3,8.243133544921875,-3.66015625,10.578125,23.62109375,0.0,-3.77734375,5.45703125,26.109375,142.0748748779297,3.63671875,5.984375,26.30078125,0.0,3.6171875,9.66015625,23.8125,0.0,0.0,25.34375,0.0,5.757568359375
1.547,-0.0,-0.0078125,0.015748031496062992,-0.3,-0.3,0.3,0.3,16.850234985351562,-3.68359375,7.42578125,23.4296875,0.0,-3.765625,5.32421875,26.4921875,126.69503784179688,3.63671875,6.76953125,26.875,0.0,3.63671875,8.4765625,24.1953125,0.0,0.0,25.7265625,0.0,5.728240966796875
1.716,-0.0,-0.0078125,0.015748031496062992,-0.3,-0.3,0.3,0.3,-46.74603271484375,-3.68359375,8.87109375,24.1953125,0.0,-3.765625,5.1953125,26.109375,130.89720153808594,3.625,9.00390625,26.109375,0.0,3.6484375,7.55859375,24.76953125,0.0,0.0,25.53515625,0.0,5.7380218505859375
1.888,-0.0,-0.0078125,0.015748031496062992,-0.3,-0.3,0.3,0.3,-21.791061401367188,-3.671875,9.3984375,23.23828125,0.0,-3.7578125,4.80078125,26.4921875,135.1256103515625,3.6171875,8.4765625,26.4921875,0.0,3.625,7.296875,24.578125,0.0,0.0,25.34375,0.0,5.7380218505859375
2.075,-0.0,-0.0078125,0.015748031496062992,-0.3,-0.3,0.3,0.3,8.719940185546875,-3.68359375,9.00390625,23.4296875,0.0,-3.734375,5.0625,26.109375,142.26437377929688,3.66796875,6.24609375,26.875,0.0,3.63671875,8.87109375,24.00390625,0.0,0.0,25.34375,0.0,5.728240966796875
2.237,-0.0,-0.0078125,0.015748031496062992,-0.3,-0.3,0.3,0.3,3.2215728759765625,-3.69140625,6.90234375,24.1953125,0.0,-3.7265625,4.66796875,26.30078125,138.5181427001953,3.65625,5.32421875,26.109375,0.0,3.63671875,7.55859375,23.8125,0.0,0.0,25.91796875,0.0,5.757568359375
2.41,-0.0,-0.0078125,0.015748031496062992,-0.3,-0.3,0.3,0.3,-45.94401550292969,-3.68359375,8.73828125,24.1953125,0.0,-3.765625,4.66796875,26.68359375,134.27511596679688,3.63671875,6.5078125,26.109375,0.0,3.6171875,9.00390625,24.38671875,0.0,0.0,25.7265625,0.0,5.7380218505859375
2.588,-0.0,-0.0078125,0.015748031496062992,-0.3,-0.3,0.3,0.3,-71.64848327636719,-3.671875,8.21484375,25.34375,0.0,-3.7578125,4.66796875,26.30078125,134.2422637939453,3.6484375,6.640625,26.30078125,0.0,3.65625,5.984375,24.38671875,0.0,0.0,25.91796875,0.0,5.728240966796875
2.755,-0.0,-0.0078125,0.015748031496062992,-0.3,-0.3,0.3,0.3,0.0,-3.69140625,7.03125,24.1953125,0.0,-3.74609375,4.66796875,26.4921875,137.5308837890625,3.65625,6.90234375,26.4921875,0.0,3.65625,6.5078125,23.8125,0.0,0.0,26.4921875,0.0,5.728240966796875
2.933,-0.0,-0.0078125,0.015748031496062992,-0.3,-0.3,0.3,0.3,-2.4415130615234375,-3.69140625,7.1640625,23.62109375,0.0,-3.734375,4.5390625,26.4921875,133.5048370361328,3.6484375,5.8515625,26.30078125,0.0,3.63671875,6.90234375,24.1953125,0.0,0.0,25.34375,0.0,5.7380218505859375
3.116,-0.0,-0.0078125,0.015748031496062992,-0.3,-0.3,0.3,0.3,-130.01963806152344,-3.671875,7.55859375,24.00390625,0.0,-3.3671875,4.01171875,26.109375,132.6287384033203,3.3203125,6.11328125,26.109375,0.0,3.30078125,5.45703125,24.1953125,-9.9140625,60.87109375,25.7265625,0.0,5.7184600830078125
3.289,-0.0,-0.0078125,0.015748031496062992,-0.3,-0.3,0.3,0.3,9.579544067382812,-3.34375,1.91015625,24.1953125,0.0,-3.34375,0.0,26.4921875,127.55780029296875,3.33984375,5.58984375,25.91796875,0.0,3.33984375,4.66796875,24.9609375,-10.265625,48.7890625,25.34375,0.0,5.728240966796875
3.455,-0.0,-0.0078125,0.015748031496062992,-0.3,-0.3,0.3,0.3,15.9058837890625,-3.4296875,0.0,24.38671875,0.0,-3.44140625,0.0,26.68359375,163.91343688964844,3.48828125,3.2265625,26.30078125,0.0,3.46875,3.75,24.00390625,-10.86328125,35.52734375,25.34375,0.0,5.7184600830078125
3.63,-0.0,-0.0078125,0.015748031496062992,-0.3,-0.3,0.3,0.3,-25.7711181640625,-3.48046875,2.69921875,23.4296875,0.0,-3.515625,2.83203125,25.91796875,130.80355834960938,3.5,4.01171875,26.109375,0.0,3.40625,7.296875,24.38671875,-11.14453125,29.6171875,26.68359375,0.0,5.757568359375
3.797,-0.0,-0.0078125,0.015748031496062992,-0.3,-0.3,0.3,0.3,28.84051513671875,-3.48046875,4.93359375,24.38671875,0.0,-3.578125,2.9609375,26.875,138.37338256835938,3.4453125,4.01171875,25.91796875,0.0,3.46875,5.984375,23.4296875,-11.25,28.04296875,25.7265625,0.0,5.6793670654296875
4.004,-0.0,-0.0078125,0.015748031496062992,-0.3,-0.3,0.3,0.3,3.4001312255859375,-3.4921875,7.42578125,24.38671875,0.0,-3.5546875,4.40625,26.109375,147.32965087890625,3.48828125,4.14453125,26.30078125,0.0,3.4765625,5.58984375,23.8125,-11.3203125,26.3359375,25.7265625,0.0,5.728240966796875
4.174,-0.0,-0.0078125,0.015748031496062992,-0.3,-0.3,0.3,0.3,-14.694503784179688,-3.4921875,6.5078125,24.00390625,0.0,-3.5859375,4.5390625,25.53515625,128.64321899414062,3.4765625,6.24609375,26.109375,0.0,3.4375,7.1640625,24.38671875,-11.4609375,25.546875,25.53515625,0.0,5.7380218505859375
4.347,-0.0,-0.0078125,0.015748031496062992,-0.3,-0.3,0.3,0.3,7.8627777099609375,-3.50390625,6.640625,23.62109375,0.0,-3.5546875,4.5390625,26.4921875,129.3190460205078,3.4765625,7.42578125,26.4921875,0.0,3.46875,8.609375,23.4296875,-11.28515625,24.3671875,25.7265625,0.0,5.728240966796875
4.508,-0.0,-0.0078125,0.015748031496062992,0.0,0.0,-0.0,-0.0,0.0,0.0,0.0,23.4296875,0.0,0.0,0.0,25.91796875,99.49732971191406,0.0,0.0,26.109375,0.0,0.0,0.0,24.00390625,-11.21484375,23.97265625,24.578125,0.0,5.728240966796875
4.664,-0.0,-0.0078125,0.015748031496062992,0.0,0.0,-0.0,-0.0,2.7267608642578125,0.0,0.0,24.1953125,0.0,0.0,0.0,25.91796875,100.92779541015625,0.0,0.0,25.91796875,0.0,0.0,0.0,23.62109375,-10.7578125,18.58984375,25.53515625,0.0,5.6793670654296875
