Timestamp,Driver_Joy_Y,Driver_Joy_X,Driver_Joy_W,Mecanum_FL,Mecanum_BL,Mecanum_BR,Mecanum_FR,FL_Jag_Speed,FL_Out_Voltage,FL_Out_Current,FL_Temp,BL_Jag_Speed,BL_Out_Voltage,BL_Out_Current,BL_Temp,BR_Jag_Speed,BR_Out_Voltage,BR_Out_Current,BR_Temp,FR_Jag_Speed,FR_Out_Voltage,FR_Out_Current,FR_Temp,Pickup_Out_Voltage,Pickup_Out_Current,Pickup_Temp,SH1_Out_Voltage,SH1_Out_Current,SH1_Temp,SH2_Out_Voltage,SH2_Out_Current,SH2_Temp,SHmain_Speed,SHmain_Angle
0.0060,0.0234375,0.015748031496062992,-0.0078125,0.0,0.0,0.0,0.0,0.0,0.0,0.0,25.91796875,0.0,0.0,0.0,29.171875,0.0,0.0,0.0,28.98046875,0.0,0.0,0.0,26.109375,0.0,0.0,25.53515625,0.0,5.7477874755859375
0.185,0.0234375,0.015748031496062992,-0.0078125,0.0,0.0,-0.0,-0.0,0.0,0.0,0.0,25.53515625,0.0,0.0,0.0,28.59765625,0.0,0.0,0.0,29.171875,0.0,0.0,0.0,25.34375,0.0,0.0,25.53515625,0.0,5.7477874755859375
0.356,0.0234375,0.015748031496062992,-0.0078125,0.0,0.0,-0.0,-0.0,0.0,0.0,0.0,25.7265625,0.0,0.0,0.0,28.7890625,0.0,0.0,0.0,28.98046875,0.0,0.0,0.0,26.30078125,0.0,0.0,25.15234375,0.0,5.7477874755859375
0.527,0.0234375,0.015748031496062992,-0.0078125,0.0,0.0,-0.0,-0.0,0.0,0.0,0.0,25.34375,0.0,0.0,0.0,28.98046875,0.0,0.0,0.0,28.7890625,0.0,0.0,0.0,26.4921875,0.0,0.0,25.53515625,0.0,5.7477874755859375
0.707,0.0234375,0.015748031496062992,-0.0078125,0.0,0.0,-0.0,-0.0,0.0,0.0,0.0,25.91796875,0.0,0.0,0.0,29.36328125,0.0,0.0,0.0,28.7890625,0.0,0.0,0.0,26.30078125,0.0,0.0,25.15234375,0.0,5.7477874755859375
0.869,0.0234375,0.015748031496062992,-0.0078125,0.0,0.0,-0.0,-0.0,0.0,0.0,0.0,25.91796875,0.0,0.0,0.0,28.98046875,0.0,0.0,0.0,28.59765625,0.0,0.0,0.0,25.91796875,0.0,0.0,25.91796875,0.0,5.7477874755859375
1.036,0.0234375,0.015748031496062992,-0.0078125,0.0,0.0,-0.0,-0.0,0.0,0.0,0.0,26.109375,0.0,0.0,0.0,28.7890625,0.0,0.0,0.0,29.171875,0.0,0.0,0.0,26.4921875,0.0,0.0,25.53515625,0.0,5.7477874755859375
1.206,0.0234375,0.015748031496062992,-0.0078125,0.0,0.0,-0.0,-0.0,0.0,0.0,0.0,25.7265625,0.0,0.0,0.0,28.98046875,0.0,0.0,0.0,28.59765625,0.0,0.0,0.0,26.30078125,0.0,0.0,25.53515625,0.0,5.7477874755859375
1.368,0.0234375,0.015748031496062992,-0.0078125,0.0,0.0,-0.0,-0.0,0.0,0.0,0.0,26.109375,0.0,0.0,0.0,28.40625,0.0,0.0,0.0,28.98046875,0.0,0.0,0.0,26.109375,0.0,0.0,25.34375,0.0,5.7477874755859375
1.533,0.0234375,0.015748031496062992,-0.0078125,0.0,0.0,-0.0,-0.0,0.0,0.0,0.0,25.7265625,0.0,0.0,0.0,29.36328125,0.0,0.0,0.0,28.7890625,0.0,0.0,0.0,25.91796875,0.0,0.0,25.53515625,0.0,5.7380218505859375
1.694,0.0234375,0.015748031496062992,-0.0078125,0.0,0.0,-0.0,-0.0,0.0,0.0,0.0,25.91796875,0.0,0.0,0.0,28.7890625,0.0,0.0,0.0,28.7890625,0.0,0.0,0.0,26.30078125,0.0,0.0,25.7265625,0.0,5.7477874755859375
1.853,0.0234375,0.015748031496062992,-0.0078125,0.0,0.0,-0.0,-0.0,0.0,0.0,0.0,25.53515625,0.0,0.0,0.0,28.59765625,0.0,0.0,0.0,29.171875,0.0,0.0,0.0,26.109375,0.0,0.0,26.4921875,0.0,5.7477874755859375
2.033,0.0234375,0.015748031496062992,-0.0078125,0.0,0.0,-0.0,-0.0,0.0,0.0,0.0,27.06640625,0.0,0.0,0.0,29.5546875,0.0,0.0,0.0,28.98046875,0.0,0.0,0.0,25.91796875,0.0,0.0,25.7265625,0.0,5.7380218505859375
2.193,0.0234375,0.015748031496062992,-0.0078125,0.0,0.0,-0.0,-0.0,0.0,0.0,0.0,26.30078125,0.0,0.0,0.0,28.59765625,0.0,0.0,0.0,29.171875,0.0,0.0,0.0,26.30078125,0.0,0.0,25.91796875,0.0,5.7380218505859375
2.365,0.0234375,0.015748031496062992,-0.0078125,0.0,0.0,-0.0,-0.0,0.0,0.0,0.0,25.91796875,0.0,0.0,0.0,28.40625,0.0,0.0,0.0,28.98046875,0.0,0.0,0.0,26.875,0.0,0.0,25.53515625,0.0,5.7477874755859375
2.535,0.0234375,0.015748031496062992,-0.0078125,0.0,0.0,-0.0,-0.0,0.0,0.0,0.0,25.7265625,0.0,0.0,0.0,29.5546875,0.0,0.0,0.0,28.7890625,0.0,0.0,0.0,25.7265625,0.0,0.0,25.15234375,0.0,5.7380218505859375
2.696,0.0234375,0.015748031496062992,-0.0078125,0.0,0.0,-0.0,-0.0,0.0,0.0,0.0,26.109375,0.0,0.0,0.0,28.7890625,0.0,0.0,0.0,28.98046875,0.0,0.0,0.0,26.30078125,0.0,0.0,25.34375,0.0,5.7380218505859375
2.865,0.0234375,0.015748031496062992,-0.0078125,0.0,0.0,-0.0,-0.0,0.0,0.0,0.0,25.15234375,0.0,0.0,0.0,29.171875,0.0,0.0,0.0,28.98046875,0.0,0.0,0.0,26.875,0.0,0.0,25.91796875,0.0,5.7477874755859375
3.029,0.0234375,0.015748031496062992,-0.0078125,0.0,0.0,-0.0,-0.0,0.0,0.0,0.0,25.34375,0.0,0.0,0.0,29.9375,0.0,0.0,0.0,28.40625,0.0,0.0,0.0,26.109375,0.0,0.0,26.30078125,0.0,5.7477874755859375
3.189,0.0234375,0.015748031496062992,-0.0078125,0.0,0.0,-0.0,-0.0,0.0,0.0,0.0,25.53515625,0.0,0.0,0.0,28.7890625,0.0,0.0,0.0,28.7890625,0.0,0.0,0.0,26.4921875,0.0,0.0,25.91796875,0.0,5.7477874755859375
3.354,0.0234375,0.015748031496062992,-0.0078125,0.0,0.0,-0.0,-0.0,0.0,0.0,0.0,26.4921875,0.0,0.0,0.0,28.59765625,0.0,0.0,0.0,28.7890625,0.0,0.0,0.0,26.30078125,0.0,0.0,26.875,0.0,5.7477874755859375
3.526,0.0234375,0.015748031496062992,-0.0078125,0.0,0.0,-0.0,-0.0,0.0,0.0,0.0,26.109375,0.0,0.0,0.0,28.59765625,0.0,0.0,0.0,29.36328125,0.0,0.0,0.0,26.4921875,0.0,0.0,25.34375,0.0,5.7477874755859375
3.706,0.0234375,0.015748031496062992,-0.0078125,0.0,0.0,-0.0,-0.0,0.0,0.0,0.0,26.109375,0.0,0.0,0.0,29.171875,0.0,0.0,0.0,28.59765625,0.0,0.0,0.0,25.91796875,0.0,0.0,26.30078125,0.0,5.7380218505859375
3.879,0.0234375,0.015748031496062992,-0.0078125,0.0,0.0,-0.0,-0.0,0.0,0.0,0.0,25.91796875,0.0,0.0,0.0,28.7890625,0.0,0.0,0.0,28.59765625,0.0,0.0,0.0,26.4921875,0.0,0.0,26.68359375,0.0,5.7477874755859375
4.049,0.0234375,0.015748031496062992,-0.0078125,0.0,0.0,-0.0,-0.0,0.0,0.0,0.0,25.91796875,0.0,0.0,0.0,29.5546875,0.0,0.0,0.0,28.0234375,0.0,0.0,0.0,26.4921875,0.0,0.0,25.91796875,0.0,5.7477874755859375
4.213,0.0234375,0.015748031496062992,-0.0078125,0.0,0.0,-0.0,-0.0,0.0,0.0,0.0,25.7265625,0.0,0.0,0.0,28.7890625,0.0,0.0,0.0,28.98046875,0.0,0.0,0.0,26.68359375,0.0,0.0,25.53515625,0.0,5.7477874755859375
4.375,0.0234375,0.015748031496062992,-0.0078125,0.0,0.0,-0.0,-0.0,0.0,0.0,0.0,25.91796875,0.0,0.0,0.0,28.7890625,0.0,0.0,0.0,28.7890625,0.0,0.0,0.0,26.30078125,0.0,0.0,25.34375,0.0,5.7477874755859375
4.536,0.0234375,0.015748031496062992,-0.0078125,0.0,0.0,-0.0,-0.0,0.0,0.0,0.0,25.7265625,0.0,0.0,0.0,29.171875,0.0,0.0,0.0,28.40625,0.0,0.0,0.0,26.109375,0.0,0.0,25.53515625,0.0,5.7380218505859375
4.695,0.0234375,0.015748031496062992,-0.0078125,0.0,0.0,-0.0,-0.0,0.0,0.0,0.0,25.7265625,0.0,0.0,0.0,29.74609375,0.0,0.0,0.0,28.59765625,0.0,0.0,0.0,26.30078125,0.0,0.0,25.15234375,0.0,5.7477874755859375
4.854,0.0234375,0.015748031496062992,-0.0078125,0.0,0.0,-0.0,-0.0,0.0,0.0,0.0,25.53515625,0.0,0.0,0.0,29.171875,0.0,0.0,0.0,28.7890625,0.0,0.0,0.0,26.30078125,0.0,0.0,25.91796875,0.0,5.7477874755859375
5.009,0.0234375,0.015748031496062992,-0.0078125,0.0,0.0,-0.0,-0.0,0.0,0.0,0.0,25.91796875,0.0,0.0,0.0,28.59765625,0.0,0.0,0.0,28.98046875,0.0,0.0,0.0,26.68359375,0.0,0.0,25.34375,0.0,5.7380218505859375
5.176,0.0234375,0.015748031496062992,-0.0078125,0.0,0.0,-0.0,-0.0,0.0,0.0,0.0,26.4921875,0.0,0.0,0.0,28.59765625,0.0,0.0,0.0,28.59765625,0.0,0.0,0.0,26.30078125,0.0,0.0,26.30078125,0.0,5.7380218505859375
5.347,0.0234375,0.015748031496062992,-0.0078125,0.0,0.0,-0.0,-0.0,0.0,0.0,0.0,25.7265625,0.0,0.0,0.0,28.98046875,0.0,0.0,0.0,29.36328125,0.0,0.0,0.0,26.4921875,0.0,0.0,25.15234375,0.0,5.7477874755859375
5.514,0.0234375,0.015748031496062992,-0.0078125,0.0,0.0,-0.0,-0.0,0.0,0.0,0.0,25.7265625,0.0,0.0,0.0,28.7890625,0.0,0.0,0.0,28.59765625,0.0,0.0,0.0,25.91796875,0.0,0.0,25.15234375,0.0,5.7477874755859375
5.675,0.0234375,0.015748031496062992,-0.0078125,0.0,0.0,-0.0,-0.0,0.0,0.0,0.0,26.30078125,0.0,0.0,0.0,28.7890625,0.0,0.0,0.0,29.5546875,0.0,0.0,0.0,26.4921875,0.0,0.0,25.91796875,0.0,5.7477874755859375
5.834,0.0234375,0.015748031496062992,-0.0078125,0.0,0.0,-0.0,-0.0,0.0,0.0,0.0,26.30078125,0.0,0.0,0.0,28.7890625,0.0,0.0,0.0,28.7890625,0.0,0.0,0.0,26.109375,0.0,0.0,25.91796875,0.0,5.7380218505859375
