Timestamp,Driver_Joy_Y,Driver_Joy_X,Driver_Joy_W,Mecanum_FL,Mecanum_BL,Mecanum_BR,Mecanum_FR,FL_Jag_Speed,FL_Out_Voltage,FL_Out_Current,FL_Temp,BL_Jag_Speed,BL_Out_Voltage,BL_Out_Current,BL_Temp,BR_Jag_Speed,BR_Out_Voltage,BR_Out_Current,BR_Temp,FR_Jag_Speed,FR_Out_Voltage,FR_Out_Current,FR_Temp,Pickup_Out_Voltage,Pickup_Out_Current,Pickup_Temp,SH1_Out_Voltage,SH1_Out_Current,SH1_Temp,SH2_Out_Voltage,SH2_Out_Current,SH2_Temp,SHmain_Speed,SHmain_Angle
0.0060,-0.0,0.0,0.0,0.0,0.0,0.0,0.0,0.0,0.0,0.0,25.34375,0.0,0.0,0.0,29.171875,0.0,0.0,0.0,28.7890625,0.0,0.0,0.0,25.53515625,0.0,0.0,24.76953125,0.0,5.7380218505859375
0.184,-0.0,0.0,-0.046875,0.0,0.0,-0.0,-0.0,0.0,0.0,0.0,25.53515625,0.0,0.0,0.0,29.171875,0.0,0.0,0.0,28.59765625,0.0,0.0,0.0,25.7265625,0.0,0.0,25.15234375,0.0,5.7477874755859375
0.344,-0.0,0.0,-0.046875,0.0,0.0,-0.0,-0.0,0.0,0.0,0.0,25.7265625,0.0,0.0,0.0,29.5546875,0.0,0.0,0.0,28.59765625,0.0,0.0,0.0,25.7265625,0.0,0.0,24.578125,0.0,5.7477874755859375
0.506,-0.0,0.0,-0.046875,0.0,0.0,-0.0,-0.0,0.0,0.0,0.0,25.53515625,0.0,0.0,0.0,28.40625,0.0,0.0,0.0,29.36328125,0.0,0.0,0.0,25.91796875,0.0,0.0,24.578125,0.0,5.7477874755859375
0.667,-0.0,0.0,-0.046875,0.0,0.0,-0.0,-0.0,0.0,0.0,0.0,25.53515625,0.0,0.0,0.0,28.0234375,0.0,0.0,0.0,28.7890625,0.0,0.0,0.0,26.109375,0.0,0.0,24.76953125,0.0,5.7477874755859375
0.826,-0.0,0.0,-0.046875,0.0,0.0,-0.0,-0.0,0.0,0.0,0.0,25.34375,0.0,0.0,0.0,28.21484375,0.0,0.0,0.0,28.21484375,0.0,0.0,0.0,25.91796875,0.0,0.0,25.15234375,0.0,5.7477874755859375
0.985,-0.0,0.0,-0.046875,0.0,0.0,-0.0,-0.0,0.0,0.0,0.0,24.9609375,0.0,0.0,0.0,28.40625,0.0,0.0,0.0,28.21484375,0.0,0.0,0.0,25.91796875,0.0,0.0,25.7265625,0.0,5.7477874755859375
1.146,-0.0,0.0,-0.046875,0.0,0.0,-0.0,-0.0,0.0,0.0,0.0,24.1953125,0.0,0.0,0.0,28.98046875,0.0,0.0,0.0,28.98046875,0.0,0.0,0.0,26.109375,0.0,0.0,24.38671875,0.0,5.7477874755859375
1.305,-0.0,0.0,-0.046875,0.0,0.0,-0.0,-0.0,0.0,0.0,0.0,25.53515625,0.0,0.0,0.0,28.0234375,0.0,0.0,0.0,27.640625,0.0,0.0,0.0,25.7265625,0.0,0.0,24.9609375,0.0,5.7477874755859375
1.466,-0.0,0.0,-0.046875,0.0,0.0,-0.0,-0.0,0.0,0.0,0.0,25.91796875,0.0,0.0,0.0,28.98046875,0.0,0.0,0.0,28.98046875,0.0,0.0,0.0,26.30078125,0.0,0.0,26.4921875,0.0,5.7477874755859375
1.628,-0.0,0.0,-0.046875,0.0,0.0,-0.0,-0.0,0.0,0.0,0.0,25.53515625,0.0,0.0,0.0,28.7890625,0.0,0.0,0.0,28.40625,0.0,0.0,0.0,25.91796875,0.0,0.0,25.53515625,0.0,5.7477874755859375
1.784,-0.0,0.0,-0.046875,0.0,0.0,-0.0,-0.0,0.0,0.0,0.0,25.7265625,0.0,0.0,0.0,28.7890625,0.0,0.0,0.0,28.21484375,0.0,0.0,0.0,25.91796875,0.0,0.0,25.15234375,0.0,5.7477874755859375
1.965,-0.0,0.0,-0.046875,0.0,0.0,-0.0,-0.0,0.0,0.0,0.0,25.91796875,0.0,0.0,0.0,28.40625,0.0,0.0,0.0,28.40625,0.0,0.0,0.0,26.68359375,0.0,0.0,26.109375,0.0,5.7380218505859375
2.126,-0.0,0.0,-0.046875,0.0,0.0,-0.0,-0.0,0.0,0.0,0.0,25.15234375,0.0,0.0,0.0,28.40625,0.0,0.0,0.0,28.59765625,0.0,0.0,0.0,26.109375,0.0,0.0,23.62109375,0.0,5.7477874755859375
2.286,-0.0,0.0,-0.046875,0.0,0.0,-0.0,-0.0,0.0,0.0,0.0,26.875,0.0,0.0,0.0,28.7890625,0.0,0.0,0.0,28.0234375,0.0,0.0,0.0,26.30078125,0.0,0.0,25.15234375,0.0,5.7380218505859375
2.465,-0.0,0.0,-0.046875,0.0,0.0,-0.0,-0.0,0.0,0.0,0.0,25.15234375,0.0,0.0,0.0,28.21484375,0.0,0.0,0.0,28.40625,0.0,0.0,0.0,26.4921875,0.0,0.0,23.23828125,0.0,5.7477874755859375
2.627,-0.0,0.0,-0.046875,0.0,0.0,-0.0,-0.0,0.0,0.0,0.0,24.9609375,0.0,0.0,0.0,28.59765625,0.0,0.0,0.0,28.59765625,0.0,0.0,0.0,25.91796875,0.0,0.0,25.91796875,0.0,5.7380218505859375
2.787,-0.0,0.0,-0.046875,0.0,0.0,-0.0,-0.0,0.0,0.0,0.0,25.53515625,0.0,0.0,0.0,28.7890625,0.0,0.0,0.0,28.0234375,0.0,0.0,0.0,26.30078125,0.0,0.0,25.15234375,0.0,5.7380218505859375
2.947,-0.0,0.0,-0.046875,0.0,0.0,-0.0,-0.0,0.0,0.0,0.0,24.76953125,0.0,0.0,0.0,28.98046875,0.0,0.0,0.0,28.40625,0.0,0.0,0.0,26.109375,0.0,0.0,26.4921875,0.0,5.7477874755859375
3.113,-0.0,0.0,-0.046875,0.0,0.0,-0.0,-0.0,0.0,0.0,0.0,26.109375,0.0,0.0,0.0,28.7890625,0.0,0.0,0.0,28.21484375,0.0,0.0,0.0,25.7265625,0.0,0.0,25.91796875,0.0,5.7380218505859375
3.273,-0.0,0.0,-0.046875,0.0,0.0,-0.0,-0.0,0.0,0.0,0.0,25.53515625,0.0,0.0,0.0,28.0234375,0.0,0.0,0.0,28.59765625,0.0,0.0,0.0,25.91796875,0.0,0.0,25.15234375,0.0,5.7380218505859375
3.433,-0.0,0.0,-0.046875,0.0,0.0,-0.0,-0.0,0.0,0.0,0.0,25.7265625,0.0,0.0,0.0,28.59765625,0.0,0.0,0.0,28.59765625,0.0,0.0,0.0,26.30078125,0.0,0.0,24.9609375,0.0,5.7477874755859375
3.592,-0.0,0.0,-0.046875,0.0,0.0,-0.0,-0.0,0.0,0.0,0.0,25.34375,0.0,0.0,0.0,28.21484375,0.0,0.0,0.0,28.7890625,0.0,0.0,0.0,25.7265625,0.0,0.0,24.578125,0.0,5.7477874755859375
3.754,-0.0,0.0,-0.046875,0.0,0.0,-0.0,-0.0,0.0,0.0,0.0,25.7265625,0.0,0.0,0.0,28.59765625,0.0,0.0,0.0,29.171875,0.0,0.0,0.0,26.109375,0.0,0.0,25.34375,0.0,5.7477874755859375
3.934,-0.0,0.0,-0.046875,0.0,0.0,-0.0,-0.0,0.0,0.0,0.0,26.4921875,0.0,0.0,0.0,28.0234375,0.0,0.0,0.0,28.98046875,0.0,0.0,0.0,25.53515625,0.0,0.0,24.578125,0.0,5.7477874755859375
4.086,-0.0,0.0,-0.046875,0.0,0.0,-0.0,-0.0,0.0,0.0,0.0,25.34375,0.0,0.0,0.0,28.59765625,0.0,0.0,0.0,28.7890625,0.0,0.0,0.0,27.06640625,0.0,0.0,24.9609375,0.0,5.7380218505859375
4.247,-0.0,0.0,-0.046875,0.0,0.0,-0.0,-0.0,0.0,0.0,0.0,25.15234375,0.0,0.0,0.0,28.40625,0.0,0.0,0.0,28.7890625,0.0,0.0,0.0,25.91796875,0.0,0.0,24.9609375,0.0,5.7477874755859375
4.406,-0.0,0.0,-0.046875,0.0,0.0,-0.0,-0.0,0.0,0.0,0.0,26.109375,0.0,0.0,0.0,28.40625,0.0,0.0,0.0,28.59765625,0.0,0.0,0.0,26.109375,0.0,0.0,25.91796875,0.0,5.7477874755859375
4.572,-0.0,0.0,-0.046875,0.0,0.0,-0.0,-0.0,0.0,0.0,0.0,25.34375,0.0,0.0,0.0,28.98046875,0.0,0.0,0.0,28.7890625,0.0,0.0,0.0,26.30078125,0.0,0.0,23.62109375,0.0,5.7477874755859375
4.746,-0.0,0.0,-0.046875,0.0,0.0,-0.0,-0.0,0.0,0.0,0.0,25.34375,0.0,0.0,0.0,28.40625,0.0,0.0,0.0,28.7890625,0.0,0.0,0.0,25.91796875,0.0,0.0,24.9609375,0.0,5.7477874755859375
4.908,-0.0,0.0,-0.046875,0.0,0.0,-0.0,-0.0,0.0,0.0,0.0,25.34375,0.0,0.0,0.0,28.59765625,0.0,0.0,0.0,28.59765625,0.0,0.0,0.0,25.53515625,0.0,0.0,24.76953125,0.0,5.7477874755859375
5.066,-0.0,0.0,-0.046875,0.0,0.0,-0.0,-0.0,0.0,0.0,0.0,25.7265625,0.0,0.0,0.0,28.98046875,0.0,0.0,0.0,28.7890625,0.0,0.0,0.0,26.109375,0.0,0.0,25.91796875,0.0,5.7477874755859375
5.226,-0.0,0.0,-0.046875,0.0,0.0,-0.0,-0.0,0.0,0.0,0.0,25.53515625,0.0,0.0,0.0,28.59765625,0.0,0.0,0.0,28.7890625,0.0,0.0,0.0,25.91796875,0.0,0.0,24.76953125,0.0,5.7477874755859375
5.386,-0.0,0.0,-0.046875,0.0,0.0,-0.0,-0.0,0.0,0.0,0.0,25.34375,0.0,0.0,0.0,28.40625,0.0,0.0,0.0,28.7890625,0.0,0.0,0.0,26.30078125,0.0,0.0,24.76953125,0.0,5.728240966796875
5.564,-0.0,0.0,-0.046875,0.0,0.0,-0.0,-0.0,0.0,0.0,0.0,25.53515625,0.0,0.0,0.0,28.40625,0.0,0.0,0.0,28.98046875,0.0,0.0,0.0,25.91796875,0.0,0.0,25.53515625,0.0,5.7380218505859375
5.735,-0.0,0.0,-0.046875,0.0,0.0,-0.0,-0.0,0.0,0.0,0.0,25.34375,0.0,0.0,0.0,28.7890625,0.0,0.0,0.0,28.59765625,0.0,0.0,0.0,26.4921875,0.0,0.0,25.15234375,0.0,5.7477874755859375
5.914,-0.0,0.0,-0.046875,0.0,0.0,-0.0,-0.0,0.0,0.0,0.0,25.53515625,0.0,0.0,0.0,28.98046875,0.0,0.0,0.0,28.7890625,0.0,0.0,0.0,26.68359375,0.0,0.0,24.9609375,0.0,5.7477874755859375
6.074,-0.0,0.0,-0.046875,0.0,0.0,-0.0,-0.0,0.0,0.0,0.0,24.9609375,0.0,0.0,0.0,28.0234375,0.0,0.0,0.0,28.40625,0.0,0.0,0.0,26.4921875,0.0,0.0,24.9609375,0.0,5.757568359375
6.226,-0.0,0.0,-0.046875,0.0,0.0,-0.0,-0.0,0.0,0.0,0.0,24.9609375,0.0,0.0,0.0,28.59765625,0.0,0.0,0.0,28.40625,0.0,0.0,0.0,26.30078125,0.0,0.0,24.76953125,0.0,5.7477874755859375
6.386,-0.0,0.0,-0.046875,0.0,0.0,-0.0,-0.0,0.0,0.0,0.0,25.7265625,0.0,0.0,0.0,28.59765625,0.0,0.0,0.0,28.7890625,0.0,0.0,0.0,26.109375,0.0,0.0,24.00390625,0.0,5.7477874755859375
6.546,-0.0,0.0,-0.046875,0.0,0.0,-0.0,-0.0,0.0,0.0,0.0,25.7265625,0.0,0.0,0.0,28.98046875,0.0,0.0,0.0,28.0234375,0.0,0.0,0.0,26.30078125,0.0,0.0,24.9609375,0.0,5.7380218505859375
6.706,-0.0,0.0,-0.046875,0.0,0.0,-0.0,-0.0,0.0,0.0,0.0,25.7265625,0.0,0.0,0.0,28.7890625,0.0,0.0,0.0,28.40625,0.0,0.0,0.0,25.7265625,0.0,0.0,24.38671875,0.0,5.7477874755859375
6.868,-0.0,0.0,-0.046875,0.0,0.0,-0.0,-0.0,0.0,0.0,0.0,25.91796875,0.0,0.0,0.0,28.7890625,0.0,0.0,0.0,29.5546875,0.0,0.0,0.0,26.30078125,0.0,0.0,24.76953125,0.0,5.7477874755859375
7.026,-0.0,0.0,-0.046875,0.0,0.0,-0.0,-0.0,0.0,0.0,0.0,24.9609375,0.0,0.0,0.0,28.59765625,0.0,0.0,0.0,28.59765625,0.0,0.0,0.0,26.68359375,0.0,0.0,25.15234375,0.0,5.7477874755859375
7.186,-0.0,0.0,-0.046875,0.0,0.0,-0.0,-0.0,0.0,0.0,0.0,25.15234375,0.0,0.0,0.0,28.59765625,0.0,0.0,0.0,28.7890625,0.0,0.0,0.0,25.91796875,0.0,0.0,24.9609375,0.0,5.7477874755859375
7.348,-0.0,0.0,-0.046875,0.0,0.0,-0.0,-0.0,0.0,0.0,0.0,26.109375,0.0,0.0,0.0,28.7890625,0.0,0.0,0.0,28.59765625,0.0,0.0,0.0,26.4921875,0.0,0.0,27.44921875,0.0,5.7477874755859375
7.513,-0.0,0.0,-0.046875,0.0,0.0,-0.0,-0.0,0.0,0.0,0.0,26.109375,0.0,0.0,0.0,28.40625,0.0,0.0,0.0,29.5546875,0.0,0.0,0.0,26.30078125,0.0,0.0,26.4921875,0.0,5.7477874755859375
7.684,-0.0,0.0,-0.046875,0.0,0.0,-0.0,-0.0,0.0,0.0,0.0,26.875,0.0,0.0,0.0,28.98046875,0.0,0.0,0.0,29.171875,0.0,0.0,0.0,26.30078125,0.0,0.0,25.34375,0.0,5.7380218505859375
7.865,-0.0,0.0,-0.046875,0.0,0.0,-0.0,-0.0,0.0,0.0,0.0,25.34375,0.0,0.0,0.0,28.59765625,0.0,0.0,0.0,28.59765625,0.0,0.0,0.0,25.91796875,0.0,0.0,25.15234375,0.0,5.7380218505859375
8.028,-0.0,0.0,-0.046875,0.0,0.0,-0.0,-0.0,0.0,0.0,0.0,26.30078125,0.0,0.0,0.0,28.7890625,0.0,0.0,0.0,28.40625,0.0,0.0,0.0,25.91796875,0.0,0.0,25.34375,0.0,5.7477874755859375
8.186,-0.0,0.0,-0.046875,0.0,0.0,-0.0,-0.0,0.0,0.0,0.0,25.34375,0.0,0.0,0.0,28.40625,0.0,0.0,0.0,28.7890625,0.0,0.0,0.0,26.68359375,0.0,0.0,24.9609375,0.0,5.7477874755859375
8.347,-0.0,0.0,-0.046875,0.0,0.0,-0.0,-0.0,0.0,0.0,0.0,25.7265625,0.0,0.0,0.0,28.98046875,0.0,0.0,0.0,28.7890625,0.0,0.0,0.0,25.91796875,0.0,0.0,24.1953125,0.0,5.7380218505859375
8.515,-0.0,0.0,-0.046875,0.0,0.0,-0.0,-0.0,0.0,0.0,0.0,25.91796875,0.0,0.0,0.0,28.7890625,0.0,0.0,0.0,28.0234375,0.0,0.0,0.0,27.06640625,0.0,0.0,24.76953125,0.0,5.7380218505859375
8.684,-0.0,0.0,-0.046875,0.0,0.0,-0.0,-0.0,0.0,0.0,0.0,25.34375,0.0,0.0,0.0,28.21484375,0.0,0.0,0.0,28.0234375,0.0,0.0,0.0,26.68359375,0.0,0.0,24.9609375,0.0,5.7380218505859375
8.847,-0.0,0.0,-0.046875,0.0,0.0,-0.0,-0.0,0.0,0.0,0.0,25.15234375,0.0,0.0,0.0,28.7890625,0.0,0.0,0.0,28.98046875,0.0,0.0,0.0,26.68359375,0.0,0.0,24.9609375,0.0,5.7380218505859375
9.015,-0.0,0.0,-0.03125,0.0,0.0,-0.0,-0.0,0.0,0.0,0.0,25.34375,0.0,0.0,0.0,28.7890625,0.0,0.0,0.0,28.59765625,0.0,0.0,0.0,25.91796875,0.0,0.0,25.7265625,0.0,5.7477874755859375
9.185,-0.0,0.0,-0.046875,0.0,0.0,-0.0,-0.0,0.0,0.0,0.0,25.7265625,0.0,0.0,0.0,28.59765625,0.0,0.0,0.0,28.40625,0.0,0.0,0.0,26.109375,0.0,0.0,25.34375,0.0,5.7477874755859375
9.353,-0.0,0.0,-0.046875,0.0,0.0,-0.0,-0.0,0.0,0.0,0.0,25.53515625,0.0,0.0,0.0,28.21484375,0.0,0.0,0.0,28.21484375,0.0,0.0,0.0,26.30078125,0.0,0.0,24.9609375,0.0,5.7477874755859375
9.515,-0.0,0.0,-0.046875,0.0,0.0,-0.0,-0.0,0.0,0.0,0.0,25.53515625,0.0,0.0,0.0,28.40625,0.0,0.0,0.0,28.59765625,0.0,0.0,0.0,26.875,0.0,0.0,24.38671875,0.0,5.7380218505859375
9.675,-0.0,0.0,-0.046875,0.0,0.0,-0.0,-0.0,0.0,0.0,0.0,25.91796875,0.0,0.0,0.0,28.21484375,0.0,0.0,0.0,28.59765625,0.0,0.0,0.0,26.68359375,0.0,0.0,24.76953125,0.0,5.7477874755859375
9.855,-0.0,0.0,-0.046875,0.0,0.0,-0.0,-0.0,0.0,0.0,0.0,25.7265625,0.0,0.0,0.0,28.59765625,0.0,0.0,0.0,28.59765625,0.0,0.0,0.0,26.109375,0.0,0.0,25.34375,0.0,5.7477874755859375
10.027,-0.0,0.0,-0.046875,0.0,0.0,-0.0,-0.0,0.0,0.0,0.0,25.15234375,0.0,0.0,0.0,28.98046875,0.0,0.0,0.0,28.7890625,0.0,0.0,0.0,26.30078125,0.0,0.0,25.34375,0.0,5.7380218505859375
10.186,-0.0,0.0,-0.046875,0.0,0.0,-0.0,-0.0,0.0,0.0,0.0,25.34375,0.0,0.0,0.0,29.36328125,0.0,0.0,0.0,28.59765625,0.0,0.0,0.0,26.875,0.0,0.0,24.76953125,0.0,5.7380218505859375
10.346,-0.0,0.0,-0.046875,0.0,0.0,-0.0,-0.0,0.0,0.0,0.0,25.7265625,0.0,0.0,0.0,28.98046875,0.0,0.0,0.0,28.59765625,0.0,0.0,0.0,25.53515625,0.0,0.0,25.34375,0.0,5.7380218505859375
10.504,-0.0,0.0,-0.046875,0.0,0.0,-0.0,-0.0,0.0,0.0,0.0,25.7265625,0.0,0.0,0.0,28.59765625,0.0,0.0,0.0,28.98046875,0.0,0.0,0.0,26.4921875,0.0,0.0,24.9609375,0.0,5.7380218505859375
10.666,-0.0,0.0,-0.046875,0.0,0.0,-0.0,-0.0,0.0,0.0,0.0,25.34375,0.0,0.0,0.0,28.98046875,0.0,0.0,0.0,28.7890625,0.0,0.0,0.0,26.109375,0.0,0.0,25.53515625,0.0,5.7477874755859375
10.826,-0.0,0.0,-0.046875,0.0,0.0,-0.0,-0.0,0.0,0.0,0.0,26.68359375,0.0,0.0,0.0,28.0234375,0.0,0.0,0.0,28.40625,0.0,0.0,0.0,26.875,0.0,0.0,25.15234375,0.0,5.7380218505859375
10.986,-0.0,0.0,-0.0078125,0.0,0.0,-0.0,-0.0,0.0,0.0,0.0,26.109375,0.0,0.0,0.0,28.21484375,0.0,0.0,0.0,28.0234375,0.0,0.0,0.0,26.109375,0.0,0.0,24.9609375,0.0,5.7477874755859375
11.144,-0.0,0.0,-0.0078125,0.0,0.0,-0.0,-0.0,0.0,0.0,0.0,25.91796875,0.0,0.0,0.0,28.40625,0.0,0.0,0.0,28.40625,0.0,0.0,0.0,26.109375,0.0,0.0,25.15234375,0.0,5.7477874755859375
11.305,-0.0,0.0,-0.0078125,0.0,0.0,-0.0,-0.0,0.0,0.0,0.0,25.34375,0.0,0.0,0.0,28.7890625,0.0,0.0,0.0,28.7890625,0.0,0.0,0.0,25.7265625,0.0,0.0,25.15234375,0.0,5.7477874755859375
11.466,-0.0,0.0,-0.03125,0.0,0.0,-0.0,-0.0,0.0,0.0,0.0,26.30078125,0.0,0.0,0.0,28.7890625,0.0,0.0,0.0,28.59765625,0.0,0.0,0.0,25.53515625,0.0,0.0,25.15234375,0.0,5.7477874755859375
11.647,-0.0,0.0,-0.03125,0.0,0.0,-0.0,-0.0,0.0,0.0,0.0,25.53515625,0.0,0.0,0.0,28.98046875,0.0,0.0,0.0,29.36328125,0.0,0.0,0.0,26.4921875,0.0,0.0,25.34375,0.0,5.7380218505859375
11.827,-0.0,0.0,-0.0078125,0.0,0.0,-0.0,-0.0,0.0,0.0,0.0,25.91796875,0.0,0.0,0.0,28.7890625,0.0,0.0,0.0,29.171875,0.0,0.0,0.0,26.109375,0.0,0.0,25.34375,0.0,5.7380218505859375
11.985,-0.0,0.0,-0.0078125,0.0,0.0,-0.0,-0.0,0.0,0.0,0.0,25.91796875,0.0,0.0,0.0,28.21484375,0.0,0.0,0.0,28.59765625,0.0,0.0,0.0,26.109375,0.0,0.0,25.7265625,0.0,5.7477874755859375
12.144,-0.0,0.0,-0.0078125,0.0,0.0,-0.0,-0.0,0.0,0.0,0.0,25.91796875,0.0,0.0,0.0,27.640625,0.0,0.0,0.0,28.98046875,0.0,0.0,0.0,26.4921875,0.0,0.0,25.7265625,0.0,5.757568359375
12.303,-0.0,0.0,-0.0078125,0.0,0.0,-0.0,-0.0,0.0,0.0,0.0,25.7265625,0.0,0.0,0.0,28.21484375,0.0,0.0,0.0,28.98046875,0.0,0.0,0.0,26.30078125,0.0,0.0,26.4921875,0.0,5.7477874755859375
12.467,-0.0,0.0,-0.0078125,0.0,0.0,-0.0,-0.0,0.0,0.0,0.0,25.34375,0.0,0.0,0.0,29.74609375,0.0,0.0,0.0,28.7890625,0.0,0.0,0.0,26.30078125,0.0,0.0,24.38671875,0.0,5.7380218505859375
12.612,-0.0,0.0,-0.03125,0.0,0.0,-0.0,-0.0,0.0,0.0,0.0,25.34375,0.0,0.0,0.0,28.40625,0.0,0.0,0.0,28.21484375,0.0,0.0,0.0,26.30078125,0.0,0.0,26.4921875,0.0,5.7477874755859375
12.775,-0.0,0.0,-0.03125,0.0,0.0,-0.0,-0.0,0.0,0.0,0.0,24.38671875,0.0,0.0,0.0,28.7890625,0.0,0.0,0.0,28.40625,0.0,0.0,0.0,26.4921875,0.0,0.0,25.53515625,0.0,5.7477874755859375
12.943,-0.0,0.0,-0.03125,0.0,0.0,-0.0,-0.0,0.0,0.0,0.0,25.15234375,0.0,0.0,0.0,28.98046875,0.0,0.0,0.0,28.59765625,0.0,0.0,0.0,25.91796875,0.0,0.0,25.34375,0.0,5.7477874755859375
13.106,-0.0,0.0,-0.03125,0.0,0.0,-0.0,-0.0,0.0,0.0,0.0,25.7265625,0.0,0.0,0.0,28.21484375,0.0,0.0,0.0,28.7890625,0.0,0.0,0.0,26.109375,0.0,0.0,24.9609375,0.0,5.7477874755859375
13.264,-0.0,0.0,-0.03125,0.0,0.0,-0.0,-0.0,0.0,0.0,0.0,25.53515625,0.0,0.0,0.0,28.7890625,0.0,0.0,0.0,28.40625,0.0,0.0,0.0,25.53515625,0.0,0.0,24.76953125,0.0,5.7380218505859375
13.425,-0.0,0.0,-0.03125,0.0,0.0,-0.0,-0.0,0.0,0.0,0.0,25.53515625,0.0,0.0,0.0,28.59765625,0.0,0.0,0.0,28.59765625,0.0,0.0,0.0,25.7265625,0.0,0.0,24.9609375,0.0,5.7477874755859375
13.593,-0.0,0.0,-0.03125,0.0,0.0,-0.0,-0.0,0.0,0.0,0.0,26.109375,0.0,0.0,0.0,29.36328125,0.0,0.0,0.0,28.98046875,0.0,0.0,0.0,26.109375,0.0,0.0,25.53515625,0.0,5.7477874755859375
13.766,-0.0,0.0,-0.03125,0.0,0.0,-0.0,-0.0,0.0,0.0,0.0,26.4921875,0.0,0.0,0.0,28.98046875,0.0,0.0,0.0,28.59765625,0.0,0.0,0.0,26.30078125,0.0,0.0,24.9609375,0.0,5.7477874755859375
13.925,-0.0,0.0,-0.046875,0.0,0.0,-0.0,-0.0,0.0,0.0,0.0,25.7265625,0.0,0.0,0.0,28.7890625,0.0,0.0,0.0,28.40625,0.0,0.0,0.0,25.91796875,0.0,0.0,25.34375,0.0,5.7477874755859375
14.084,-0.0,0.0,-0.046875,0.0,0.0,-0.0,-0.0,0.0,0.0,0.0,24.9609375,0.0,0.0,0.0,28.40625,0.0,0.0,0.0,28.21484375,0.0,0.0,0.0,25.7265625,0.0,0.0,25.53515625,0.0,5.7380218505859375
14.244,-0.0,0.0,-0.0234375,0.0,0.0,-0.0,-0.0,0.0,0.0,0.0,25.7265625,0.0,0.0,0.0,28.7890625,0.0,0.0,0.0,28.98046875,0.0,0.0,0.0,26.30078125,0.0,0.0,24.9609375,0.0,5.7477874755859375
14.407,-0.0,0.0,-0.0234375,0.0,0.0,-0.0,-0.0,0.0,0.0,0.0,25.15234375,0.0,0.0,0.0,29.171875,0.0,0.0,0.0,28.40625,0.0,0.0,0.0,25.91796875,0.0,0.0,25.15234375,0.0,5.7380218505859375
14.663,-0.0,0.0,-0.03125,0.0,0.0,-0.0,-0.0,0.0,0.0,0.0,25.53515625,0.0,0.0,0.0,28.7890625,0.0,0.0,0.0,28.7890625,0.0,0.0,0.0,26.109375,0.0,0.0,25.15234375,0.0,5.7380218505859375
14.834,-0.0,0.0,-0.046875,0.0,0.0,-0.0,-0.0,0.0,0.0,0.0,25.91796875,0.0,0.0,0.0,28.59765625,0.0,0.0,0.0,28.7890625,0.0,0.0,0.0,25.7265625,0.0,0.0,25.91796875,0.0,5.7477874755859375
14.994,-0.0,0.0,-0.0078125,0.0,0.0,-0.0,-0.0,0.0,0.0,0.0,24.578125,0.0,0.0,0.0,28.98046875,0.0,0.0,0.0,28.98046875,0.0,0.0,0.0,26.109375,0.0,0.0,25.34375,0.0,5.7380218505859375
15.154,-0.0,0.0,-0.0078125,0.0,0.0,-0.0,-0.0,0.0,0.0,0.0,25.7265625,0.0,0.0,0.0,28.7890625,0.0,0.0,0.0,28.7890625,0.0,0.0,0.0,25.91796875,0.0,0.0,23.4296875,0.0,5.7380218505859375
15.326,-0.0,0.0,-0.0078125,0.0,0.0,-0.0,-0.0,0.0,0.0,0.0,24.76953125,0.0,0.0,0.0,28.21484375,0.0,0.0,0.0,28.7890625,0.0,0.0,0.0,25.91796875,0.0,0.0,25.15234375,0.0,5.7380218505859375
15.486,-0.0,0.0,-0.0078125,0.0,0.0,-0.0,-0.0,0.0,0.0,0.0,25.53515625,0.0,0.0,0.0,29.5546875,0.0,0.0,0.0,28.0234375,0.0,0.0,0.0,26.109375,0.0,0.0,25.34375,0.0,5.7477874755859375
15.655,-0.0,0.0,-0.0078125,0.0,0.0,-0.0,-0.0,0.0,0.0,0.0,25.53515625,0.0,0.0,0.0,28.7890625,0.0,0.0,0.0,28.7890625,0.0,0.0,0.0,26.4921875,0.0,0.0,25.15234375,0.0,5.7380218505859375
15.824,-0.0,0.0,-0.0078125,0.0,0.0,-0.0,-0.0,0.0,0.0,0.0,26.875,0.0,0.0,0.0,28.59765625,0.0,0.0,0.0,28.40625,0.0,0.0,0.0,26.30078125,0.0,0.0,25.15234375,0.0,5.7477874755859375
15.992,-0.0,0.0,-0.0078125,0.0,0.0,-0.0,-0.0,0.0,0.0,0.0,26.109375,0.0,0.0,0.0,28.59765625,0.0,0.0,0.0,28.40625,0.0,0.0,0.0,25.91796875,0.0,0.0,25.53515625,0.0,5.7380218505859375
16.154,-0.0,0.0,-0.0078125,0.0,0.0,-0.0,-0.0,0.0,0.0,0.0,26.109375,0.0,0.0,0.0,28.7890625,0.0,0.0,0.0,28.59765625,0.0,0.0,0.0,26.68359375,0.0,0.0,26.4921875,0.0,5.7380218505859375
16.325,-0.0,0.0,-0.0078125,0.0,0.0,-0.0,-0.0,0.0,0.0,0.0,25.15234375,0.0,0.0,0.0,28.40625,0.0,0.0,0.0,28.59765625,0.0,0.0,0.0,26.4921875,0.0,0.0,25.15234375,0.0,5.7477874755859375
16.484,-0.0,0.0,-0.0078125,0.0,0.0,-0.0,-0.0,0.0,0.0,0.0,25.91796875,0.0,0.0,0.0,29.171875,0.0,0.0,0.0,28.59765625,0.0,0.0,0.0,26.109375,0.0,0.0,25.53515625,0.0,5.7477874755859375
16.646,-0.0,0.0,-0.0078125,0.0,0.0,-0.0,-0.0,0.0,0.0,0.0,25.7265625,0.0,0.0,0.0,28.40625,0.0,0.0,0.0,28.98046875,0.0,0.0,0.0,26.109375,0.0,0.0,26.4921875,0.0,5.7477874755859375
16.814,-0.0,0.0,-0.0078125,0.0,0.0,-0.0,-0.0,0.0,0.0,0.0,25.53515625,0.0,0.0,0.0,28.59765625,0.0,0.0,0.0,28.7890625,0.0,0.0,0.0,26.68359375,0.0,0.0,25.15234375,0.0,5.757568359375
16.984,-0.0,0.0,-0.0078125,0.0,0.0,-0.0,-0.0,0.0,0.0,0.0,25.7265625,0.0,0.0,0.0,28.59765625,0.0,0.0,0.0,28.59765625,0.0,0.0,0.0,26.68359375,0.0,0.0,24.38671875,0.0,5.7477874755859375
17.144,-0.0,0.0,-0.0078125,0.0,0.0,-0.0,-0.0,0.0,0.0,0.0,25.15234375,0.0,0.0,0.0,28.21484375,0.0,0.0,0.0,29.171875,0.0,0.0,0.0,26.30078125,0.0,0.0,24.76953125,0.0,5.7380218505859375
17.305,-0.0,0.0,-0.0078125,0.0,0.0,-0.0,-0.0,0.0,0.0,0.0,26.30078125,0.0,0.0,0.0,28.7890625,0.0,0.0,0.0,28.7890625,0.0,0.0,0.0,26.30078125,0.0,0.0,25.53515625,0.0,5.7477874755859375
17.464,-0.0,0.0,-0.0078125,0.0,0.0,-0.0,-0.0,0.0,0.0,0.0,26.109375,0.0,0.0,0.0,28.7890625,0.0,0.0,0.0,28.59765625,0.0,0.0,0.0,26.30078125,0.0,0.0,24.76953125,0.0,5.7477874755859375
17.634,-0.0,0.0,-0.0078125,0.0,0.0,-0.0,-0.0,0.0,0.0,0.0,24.9609375,0.0,0.0,0.0,28.40625,0.0,5.7380218505859375
17.843,-0.0,0.0,-0.0078125,0.0,0.0,-0.0,-0.0,0.0,0.0,0.0,25.15234375,0.0,0.0,0.0,28.7890625,0.0,0.0,0.0,28.40625,0.0,0.0,0.0,26.30078125,0.0,0.0,25.34375,0.0,5.7477874755859375
17.995,-0.0,0.0,-0.0078125,0.0,0.0,-0.0,-0.0,0.0,0.0,0.0,25.34375,0.0,0.0,0.0,28.40625,0.0,0.0,0.0,28.59765625,0.0,0.0,0.0,26.30078125,0.0,0.0,25.34375,0.0,5.7477874755859375
18.154,-0.0,0.0,-0.0078125,0.0,0.0,-0.0,-0.0,0.0,0.0,0.0,25.7265625,0.0,0.0,0.0,28.59765625,0.0,0.0,0.0,28.59765625,0.0,0.0,0.0,26.30078125,0.0,0.0,24.578125,0.0,5.7477874755859375
18.312,-0.0,0.0,-0.0078125,0.0,0.0,-0.0,-0.0,0.0,0.0,0.0,25.34375,0.0,0.0,0.0,28.98046875,0.0,0.0,0.0,28.21484375,0.0,0.0,0.0,25.91796875,0.0,0.0,24.9609375,0.0,5.7477874755859375
18.466,-0.0,0.0,-0.0078125,0.0,0.0,-0.0,-0.0,0.0,0.0,0.0,25.7265625,0.0,0.0,0.0,28.59765625,0.0,0.0,0.0,28.40625,0.0,0.0,0.0,26.109375,0.0,0.0,26.4921875,0.0,5.7380218505859375
18.623,-0.0,0.0,-0.0078125,0.0,0.0,-0.0,-0.0,0.0,0.0,0.0,25.34375,0.0,0.0,0.0,28.98046875,0.0,0.0,0.0,28.59765625,0.0,0.0,0.0,26.68359375,0.0,0.0,25.91796875,0.0,5.7380218505859375
18.785,-0.0,0.0,-0.0078125,0.0,0.0,-0.0,-0.0,0.0,0.0,0.0,25.53515625,0.0,0.0,0.0,29.36328125,0.0,0.0,0.0,28.59765625,0.0,0.0,0.0,25.7265625,0.0,0.0,25.34375,0.0,5.7477874755859375
18.944,-0.0,0.0,-0.0078125,0.0,0.0,-0.0,-0.0,0.0,0.0,0.0,25.91796875,0.0,0.0,0.0,28.98046875,0.0,0.0,0.0,28.7890625,0.0,0.0,0.0,26.30078125,0.0,0.0,25.34375,0.0,5.7477874755859375
19.107,-0.0,0.0,-0.0078125,0.0,0.0,-0.0,-0.0,0.0,0.0,0.0,27.2578125,0.0,0.0,0.0,28.59765625,0.0,0.0,0.0,28.98046875,0.0,0.0,0.0,26.109375,0.0,0.0,24.76953125,0.0,5.7477874755859375
19.271,-0.0,0.0,-0.0078125,0.0,0.0,-0.0,-0.0,0.0,0.0,0.0,25.53515625,0.0,0.0,0.0,28.21484375,0.0,0.0,0.0,28.59765625,0.0,0.0,0.0,25.7265625,0.0,0.0,25.34375,0.0,5.7380218505859375
19.434,-0.0,0.0,-0.0078125,0.0,0.0,-0.0,-0.0,0.0,0.0,0.0,25.53515625,0.0,0.0,0.0,28.59765625,0.0,0.0,0.0,28.98046875,0.0,0.0,0.0,26.4921875,0.0,0.0,24.9609375,0.0,5.7380218505859375
19.593,-0.0,0.0,-0.0078125,0.0,0.0,-0.0,-0.0,0.0,0.0,0.0,25.91796875,0.0,0.0,0.0,28.7890625,0.0,0.0,0.0,28.7890625,0.0,0.0,0.0,26.109375,0.0,0.0,25.7265625,0.0,5.7477874755859375
19.765,-0.0,0.0,-0.0078125,0.0,0.0,-0.0,-0.0,0.0,0.0,0.0,25.7265625,0.0,0.0,0.0,28.59765625,0.0,0.0,0.0,28.59765625,0.0,0.0,0.0,26.4921875,0.0,0.0,24.38671875,0.0,5.7380218505859375
19.927,-0.0,0.0,-0.0078125,0.0,0.0,-0.0,-0.0,0.0,0.0,0.0,26.109375,0.0,0.0,0.0,29.171875,0.0,0.0,0.0,28.59765625,0.0,0.0,0.0,26.30078125,0.0,0.0,24.9609375,0.0,5.7477874755859375
20.094,-0.0,0.0,-0.0078125,0.0,0.0,-0.0,-0.0,0.0,0.0,0.0,24.76953125,0.0,0.0,0.0,28.0234375,0.0,0.0,0.0,28.7890625,0.0,0.0,0.0,26.109375,0.0,0.0,23.62109375,0.0,5.7380218505859375
20.264,-0.0,0.0,-0.0078125,0.0,0.0,-0.0,-0.0,0.0,0.0,0.0,24.578125,0.0,0.0,0.0,27.83203125,0.0,0.0,0.0,29.171875,0.0,0.0,0.0,26.30078125,0.0,0.0,26.30078125,0.0,5.7380218505859375
