Timestamp,Bat_Voltage,Driver_Joy_Y,Driver_Joy_X,Driver_Joy_W,Mecanum_FL,Mecanum_BL,Mecanum_BR,Mecanum_FR,FL_Jag_Speed,FL_Out_Voltage,FL_Out_Current,FL_Temp,BL_Jag_Speed,BL_Out_Voltage,BL_Out_Current,BL_Temp,BR_Jag_Speed,BR_Out_Voltage,BR_Out_Current,BR_Temp,FR_Jag_Speed,FR_Out_Voltage,FR_Out_Current,FR_Temp,Pickup_Out_Voltage,Pickup_Out_Current,Pickup_Temp,SH1_Out_Voltage,SH1_Out_Current,SH1_Temp,SH2_Out_Voltage,SH2_Out_Current,SH2_Temp,SHmain_Speed,SHmain_Angle
0.0050,11.172537348,0.0078125,0.007874015748031496,0.0,0.0,0.0,-0.0,-0.0,0.0,0.0,0.0,33.95703125,0.0,0.0,0.0,38.7421875,0.0,0.0,0.0,39.5078125,0.0,0.0,0.0,35.48828125,0.0,0.0,28.7890625,0.0,5.1417388916015625
0.175,10.9220183772,0.0078125,0.007874015748031496,0.0,0.0,0.0,-0.0,-0.0,0.0,0.0,0.0,34.9140625,0.0,0.0,0.0,37.59375,0.0,0.0,0.0,39.5078125,0.0,0.0,0.0,35.296875,0.0,0.0,28.98046875,0.0,4.750732421875
0.338,11.90681709,0.0078125,0.007874015748031496,0.0,0.0,0.0,-0.0,-0.0,0.0,0.0,0.0,33.95703125,0.0,0.0,0.0,37.9765625,0.0,0.0,0.0,40.08203125,0.0,0.0,0.0,35.6796875,0.0,0.0,29.5546875,0.0,4.9266815185546875
0.504,12.088227379200001,0.0078125,0.007874015748031496,0.0,0.0,0.0,-0.0,-0.0,0.0,0.0,0.0,34.53125,0.0,0.0,0.0,37.78515625,0.0,0.0,0.0,40.08203125,0.0,0.0,0.0,35.48828125,0.0,0.0,28.40625,0.0,5.32745361328125
0.664,12.131420305199999,0.0078125,0.007874015748031496,0.0,0.0,0.0,-0.0,-0.0,0.0,0.0,0.0,34.33984375,0.0,0.0,0.0,37.9765625,0.0,0.0,0.0,39.890625,0.0,0.0,0.0,34.72265625,0.0,0.0,28.98046875,0.0,5.68914794921875
0.836,12.0104801124,0.0078125,0.007874015748031496,0.0,0.0,0.0,-0.0,-0.0,0.0,0.0,0.0,34.72265625,0.0,0.0,0.0,37.78515625,0.0,0.0,0.0,39.69921875,0.0,0.0,0.0,35.296875,0.0,0.0,28.0234375,0.0,5.68914794921875
1.001,11.9154556752,0.0078125,0.007874015748031496,0.0,0.0,0.0,-0.0,-0.0,0.0,0.0,0.0,34.72265625,0.0,0.0,0.0,37.9765625,0.0,0.0,0.0,39.69921875,0.0,0.0,0.0,35.48828125,0.0,0.0,29.36328125,0.0,5.6793670654296875
1.173,11.863624164,0.0078125,0.007874015748031496,0.0,0.0,0.0,-0.0,-0.0,0.0,0.0,0.0,34.53125,0.0,0.0,0.0,37.78515625,0.0,0.0,0.0,39.69921875,0.0,0.0,0.0,35.10546875,0.0,0.0,28.59765625,0.0,5.7086944580078125
1.334,11.863624164,0.0078125,0.007874015748031496,0.0,0.0,0.0,-0.0,-0.0,0.0,0.0,0.0,34.72265625,0.0,0.0,0.0,37.78515625,0.0,0.0,0.0,39.890625,0.0,0.0,0.0,35.296875,0.0,0.0,28.59765625,0.0,5.68914794921875
1.507,11.8722627492,0.0078125,0.007874015748031496,0.0,0.0,0.0,-0.0,-0.0,0.0,0.0,0.0,34.72265625,0.0,0.0,0.0,37.9765625,0.0,0.0,0.0,39.69921875,0.0,0.0,0.0,35.296875,0.0,0.0,28.59765625,0.0,5.68914794921875
1.677,11.863624164,0.0078125,0.007874015748031496,0.0,0.0,0.0,-0.0,-0.0,0.0,0.0,0.0,34.33984375,0.0,0.0,0.0,37.59375,0.0,0.0,0.0,39.69921875,0.0,0.0,0.0,35.296875,0.0,0.0,27.83203125,0.0,5.69891357421875
1.844,12.036395868,0.0078125,0.007874015748031496,0.0,0.0,0.0,-0.0,-0.0,0.0,0.0,0.0,34.33984375,0.0,0.0,0.0,37.2109375,0.0,0.0,0.0,39.125,0.0,0.0,0.0,35.10546875,0.0,0.0,29.74609375,0.0,5.659820556640625
2.021,12.1746132312,0.0078125,0.007874015748031496,0.0,0.0,0.0,-0.0,-0.0,0.0,0.0,0.0,33.3828125,0.0,0.0,0.0,37.78515625,0.0,0.0,0.0,39.69921875,0.0,0.0,0.0,35.48828125,0.0,0.0,27.83203125,0.0,5.6402587890625
2.196,12.1486974756,0.0078125,0.007874015748031496,0.0,0.0,0.0,-0.0,-0.0,0.0,0.0,0.0,34.53125,0.0,0.0,0.0,37.59375,0.0,0.0,0.0,39.890625,0.0,0.0,0.0,35.87109375,0.0,0.0,28.59765625,0.0,5.6304931640625
2.358,12.1486974756,0.0078125,0.007874015748031496,0.0,0.0,0.0,-0.0,-0.0,0.0,0.0,0.0,34.33984375,0.0,0.0,0.0,38.16796875,0.0,0.0,0.0,39.890625,0.0,0.0,0.0,35.296875,0.0,0.0,27.83203125,0.0,5.6304931640625
2.536,12.209167572,0.0078125,0.007874015748031496,0.0,0.0,0.0,-0.0,-0.0,0.0,0.0,0.0,34.1484375,0.0,0.0,0.0,37.78515625,0.0,0.0,0.0,39.5078125,0.0,0.0,0.0,35.10546875,0.0,0.0,27.83203125,0.0,5.6207122802734375
2.714,12.2178061572,0.0078125,0.007874015748031496,0.0,0.0,0.0,-0.0,-0.0,0.0,0.0,0.0,34.1484375,0.0,0.0,0.0,37.59375,0.0,0.0,0.0,39.69921875,0.0,0.0,0.0,35.6796875,0.0,0.0,28.7890625,0.0,5.6304931640625
2.875,12.2350833276,0.0078125,0.007874015748031496,0.0,0.0,0.0,-0.0,-0.0,0.0,0.0,0.0,33.95703125,0.0,0.0,0.0,37.40234375,0.0,0.0,0.0,39.69921875,0.0,0.0,0.0,35.296875,0.0,0.0,28.59765625,0.0,5.6304931640625
3.046,12.209167572,0.0078125,0.007874015748031496,0.0,0.0,0.0,-0.0,-0.0,0.0,0.0,0.0,33.19140625,0.0,0.0,0.0,38.359375,0.0,0.0,0.0,39.69921875,0.0,0.0,0.0,34.9140625,0.0,0.0,28.59765625,0.0,5.6207122802734375
3.222,12.1573360608,0.0078125,0.007874015748031496,0.0,0.0,0.0,-0.0,-0.0,0.0,0.0,0.0,34.1484375,0.0,0.0,0.0,37.78515625,0.0,0.0,0.0,39.5078125,0.0,0.0,0.0,35.10546875,0.0,0.0,28.98046875,0.0,5.6304931640625
3.397,12.2437219128,0.0078125,0.007874015748031496,0.0,0.0,0.0,-0.0,-0.0,0.0,0.0,0.0,34.53125,0.0,0.0,0.0,38.359375,0.0,0.0,0.0,39.5078125,0.0,0.0,0.0,35.10546875,0.0,0.0,28.59765625,0.0,5.6304931640625
3.563,12.1746132312,0.0078125,0.007874015748031496,0.0,0.0,0.0,-0.0,-0.0,0.0,0.0,0.0,34.72265625,0.0,0.0,0.0,37.78515625,0.0,0.0,0.0,39.5078125,0.0,0.0,0.0,35.48828125,0.0,0.0,28.0234375,0.0,5.6304931640625
3.724,12.1746132312,0.0078125,0.007874015748031496,0.0,0.0,0.0,-0.0,-0.0,0.0,0.0,0.0,33.95703125,0.0,0.0,0.0,37.78515625,0.0,0.0,0.0,39.69921875,0.0,0.0,0.0,34.9140625,0.0,0.0,28.40625,0.0,5.6304931640625
3.902,12.1918904016,0.0078125,0.007874015748031496,0.0,0.0,0.0,-0.0,-0.0,0.0,0.0,0.0,34.72265625,0.0,0.0,0.0,36.828125,0.0,0.0,0.0,39.5078125,0.0,0.0,0.0,35.10546875,0.0,0.0,28.7890625,0.0,5.6304931640625
4.075,12.2178061572,0.0078125,0.007874015748031496,0.0,0.0,0.0,-0.0,-0.0,0.0,0.0,0.0,34.72265625,0.0,0.0,0.0,37.01953125,0.0,0.0,0.0,39.69921875,0.0,0.0,0.0,35.296875,0.0,0.0,28.7890625,0.0,5.6304931640625
4.236,12.2178061572,0.0078125,0.007874015748031496,0.0,0.0,0.0,-0.0,-0.0,0.0,0.0,0.0,34.9140625,0.0,0.0,0.0,37.9765625,0.0,0.0,0.0,39.5078125,0.0,0.0,0.0,34.9140625,0.0,0.0,28.21484375,0.0,5.6207122802734375
4.414,12.209167572,0.0078125,0.007874015748031496,0.0,0.0,0.0,-0.0,-0.0,0.0,0.0,0.0,34.1484375,0.0,0.0,0.0,36.828125,0.0,0.0,0.0,39.69921875,0.0,0.0,0.0,35.48828125,0.0,0.0,28.59765625,0.0,5.6304931640625
4.576,12.209167572,0.0078125,0.007874015748031496,0.0,0.0,0.0,-0.0,-0.0,0.0,0.0,0.0,34.72265625,0.0,0.0,0.0,38.55078125,0.0,0.0,0.0,39.890625,0.0,0.0,0.0,35.48828125,0.0,0.0,28.7890625,0.0,5.6304931640625
4.736,12.209167572,0.0078125,0.007874015748031496,0.0,0.0,0.0,-0.0,-0.0,0.0,0.0,0.0,34.72265625,0.0,0.0,0.0,37.59375,0.0,0.0,0.0,39.890625,0.0,0.0,0.0,34.9140625,0.0,0.0,28.59765625,0.0,5.6207122802734375
4.896,12.1918904016,0.0078125,0.007874015748031496,0.0,0.0,0.0,-0.0,-0.0,0.0,0.0,0.0,34.33984375,0.0,0.0,0.0,39.125,0.0,0.0,0.0,39.890625,0.0,0.0,0.0,35.48828125,0.0,0.0,28.7890625,0.0,5.6304931640625
5.064,12.2350833276,0.0078125,0.007874015748031496,0.0,0.0,0.0,-0.0,-0.0,0.0,0.0,0.0,33.95703125,0.0,0.0,0.0,39.5078125,0.0,0.0,0.0,39.69921875,0.0,0.0,0.0,35.48828125,0.0,0.0,28.40625,0.0,5.6304931640625
5.224,12.2178061572,0.0078125,0.007874015748031496,0.0,0.0,0.0,-0.0,-0.0,0.0,0.0,0.0,34.33984375,0.0,0.0,0.0,38.16796875,0.0,0.0,0.0,39.69921875,0.0,0.0,0.0,35.48828125,0.0,0.0,28.7890625,0.0,5.6304931640625
5.395,12.1918904016,0.0078125,0.007874015748031496,0.0,0.0,0.0,-0.0,-0.0,0.0,0.0,0.0,34.33984375,0.0,0.0,0.0,38.55078125,0.0,0.0,0.0,40.08203125,0.0,0.0,0.0,35.87109375,0.0,0.0,28.40625,0.0,5.6304931640625
5.544,12.1832518164,0.0078125,0.007874015748031496,0.0,0.0,0.0,-0.0,-0.0,0.0,0.0,0.0,34.53125,0.0,0.0,0.0,37.9765625,0.0,0.0,0.0,39.890625,0.0,0.0,0.0,34.9140625,0.0,0.0,28.21484375,0.0,5.6304931640625
5.703,12.165974646,0.0078125,0.007874015748031496,0.0,0.0,0.0,-0.0,-0.0,0.0,0.0,0.0,34.53125,0.0,0.0,0.0,37.78515625,0.0,0.0,0.0,39.69921875,0.0,0.0,0.0,35.296875,0.0,0.0,28.7890625,0.0,5.6207122802734375
5.878,12.2350833276,0.0078125,0.007874015748031496,0.0,0.0,0.0,-0.0,-0.0,0.0,0.0,0.0,34.53125,0.0,0.0,0.0,37.78515625,0.0,0.0,0.0,39.31640625,0.0,0.0,0.0,36.0625,0.0,0.0,28.98046875,0.0,5.6304931640625
6.053,12.2178061572,0.0078125,0.007874015748031496,0.0,0.0,0.0,-0.0,-0.0,0.0,0.0,0.0,34.72265625,0.0,0.0,0.0,38.16796875,0.0,0.0,0.0,40.08203125,0.0,0.0,0.0,35.6796875,0.0,0.0,28.98046875,0.0,5.6304931640625
6.215,12.2178061572,0.0078125,0.007874015748031496,0.0,0.0,0.0,-0.0,-0.0,0.0,0.0,0.0,34.33984375,0.0,0.0,0.0,37.9765625,0.0,0.0,0.0,39.5078125,0.0,0.0,0.0,35.296875,0.0,0.0,28.59765625,0.0,5.6304931640625
6.375,12.209167572,0.0078125,0.007874015748031496,0.0,0.0,0.0,-0.0,-0.0,0.0,0.0,0.0,34.53125,0.0,0.0,0.0,36.828125,0.0,0.0,0.0,39.5078125,0.0,0.0,0.0,35.296875,0.0,0.0,29.5546875,0.0,5.6207122802734375
6.535,12.209167572,0.0078125,0.007874015748031496,0.0,0.0,0.0,-0.0,-0.0,0.0,0.0,0.0,34.72265625,0.0,0.0,0.0,38.359375,0.0,0.0,0.0,39.31640625,0.0,0.0,0.0,34.9140625,0.0,0.0,28.59765625,0.0,5.6304931640625
6.703,12.2350833276,0.0078125,0.007874015748031496,0.0,0.0,0.0,-0.0,-0.0,0.0,0.0,0.0,34.72265625,0.0,0.0,0.0,39.31640625,0.0,0.0,0.0,39.5078125,0.0,0.0,0.0,35.296875,0.0,0.0,28.21484375,0.0,5.6304931640625
6.875,12.165974646,0.0078125,0.007874015748031496,0.0,0.0,0.0,-0.0,-0.0,0.0,0.0,0.0,33.765625,0.0,0.0,0.0,37.78515625,0.0,0.0,0.0,40.08203125,0.0,0.0,0.0,35.48828125,0.0,0.0,28.40625,0.0,5.6207122802734375
7.035,12.1573360608,0.0078125,0.007874015748031496,0.0,0.0,0.0,-0.0,-0.0,0.0,0.0,0.0,33.57421875,0.0,0.0,0.0,37.78515625,0.0,0.0,0.0,39.5078125,0.0,0.0,0.0,35.10546875,0.0,0.0,28.7890625,0.0,5.6304931640625
7.195,12.2178061572,0.0078125,0.007874015748031496,0.0,0.0,0.0,-0.0,-0.0,0.0,0.0,0.0,34.72265625,0.0,0.0,0.0,37.78515625,0.0,0.0,0.0,39.890625,0.0,0.0,0.0,35.296875,0.0,0.0,30.3203125,0.0,5.6304931640625
7.355,12.2350833276,0.0078125,0.007874015748031496,0.0,0.0,0.0,-0.0,-0.0,0.0,0.0,0.0,34.72265625,0.0,0.0,0.0,36.828125,0.0,0.0,0.0,39.5078125,0.0,0.0,0.0,34.72265625,0.0,0.0,28.7890625,0.0,5.6207122802734375
7.535,12.2437219128,0.0078125,0.007874015748031496,0.0,0.0,0.0,-0.0,-0.0,0.0,0.0,0.0,34.33984375,0.0,0.0,0.0,37.59375,0.0,0.0,0.0,39.69921875,0.0,0.0,0.0,35.296875,0.0,0.0,28.59765625,0.0,5.6304931640625
7.695,12.2350833276,0.0078125,0.007874015748031496,0.0,0.0,0.0,-0.0,-0.0,0.0,0.0,0.0,34.53125,0.0,0.0,0.0,38.16796875,0.0,0.0,0.0,39.5078125,0.0,0.0,0.0,35.10546875,0.0,0.0,28.7890625,0.0,5.6304931640625
7.863,12.209167572,0.0078125,0.007874015748031496,0.0,0.0,0.0,-0.0,-0.0,0.0,0.0,0.0,35.48828125,0.0,0.0,0.0,37.78515625,0.0,0.0,0.0,40.08203125,0.0,0.0,0.0,35.296875,0.0,0.0,29.171875,0.0,5.6304931640625
8.033,12.2178061572,0.0078125,0.007874015748031496,0.0,0.0,0.0,-0.0,-0.0,0.0,0.0,0.0,34.53125,0.0,0.0,0.0,38.359375,0.0,0.0,0.0,39.69921875,0.0,0.0,0.0,35.296875,0.0,0.0,28.7890625,0.0,5.6304931640625
8.194,12.209167572,0.0078125,0.007874015748031496,0.0,0.0,0.0,-0.0,-0.0,0.0,0.0,0.0,35.10546875,0.0,0.0,0.0,37.9765625,0.0,0.0,0.0,39.69921875,0.0,0.0,0.0,34.9140625,0.0,0.0,29.171875,0.0,5.6304931640625
8.364,12.2437219128,0.0078125,0.007874015748031496,0.0,0.0,0.0,-0.0,-0.0,0.0,0.0,0.0,35.10546875,0.0,0.0,0.0,37.78515625,0.0,0.0,0.0,39.69921875,0.0,0.0,0.0,35.296875,0.0,0.0,28.59765625,0.0,5.6304931640625
8.535,12.1832518164,0.0078125,0.007874015748031496,0.0,0.0,0.0,-0.0,-0.0,0.0,0.0,0.0,34.72265625,0.0,0.0,0.0,37.78515625,0.0,0.0,0.0,39.69921875,0.0,0.0,0.0,35.296875,0.0,0.0,28.7890625,0.0,5.6304931640625
8.714,12.1746132312,0.0078125,0.007874015748031496,0.0,0.0,0.0,-0.0,-0.0,0.0,0.0,0.0,34.33984375,0.0,0.0,0.0,37.40234375,0.0,0.0,0.0,39.69921875,0.0,0.0,0.0,34.72265625,0.0,0.0,28.7890625,0.0,5.6304931640625
8.874,12.209167572,0.0078125,0.007874015748031496,0.0,0.0,0.0,-0.0,-0.0,0.0,0.0,0.0,34.72265625,0.0,0.0,0.0,37.78515625,0.0,0.0,0.0,39.69921875,0.0,0.0,0.0,35.296875,0.0,0.0,28.40625,0.0,5.6304931640625
9.04,12.1746132312,0.0078125,0.007874015748031496,0.0,0.0,0.0,-0.0,-0.0,0.0,0.0,0.0,34.72265625,0.0,0.0,0.0,38.359375,0.0,0.0,0.0,39.69921875,0.0,0.0,0.0,35.10546875,0.0,0.0,28.7890625,0.0,5.6207122802734375
9.213,12.2437219128,0.0078125,0.007874015748031496,0.0,0.0,0.0,-0.0,-0.0,0.0,0.0,0.0,34.9140625,0.0,0.0,0.0,37.9765625,0.0,0.0,0.0,39.890625,0.0,0.0,0.0,35.48828125,0.0,0.0,28.7890625,0.0,5.6207122802734375
9.381,12.1832518164,0.0078125,0.007874015748031496,0.0,0.0,0.0,-0.0,-0.0,0.0,0.0,0.0,34.1484375,0.0,0.0,0.0,38.359375,0.0,0.0,0.0,39.69921875,0.0,0.0,0.0,35.296875,0.0,0.0,30.12890625,0.0,5.6304931640625
9.555,12.2437219128,0.0078125,0.007874015748031496,0.0,0.0,0.0,-0.0,-0.0,0.0,0.0,0.0,34.1484375,0.0,0.0,0.0,38.93359375,0.0,0.0,0.0,39.69921875,0.0,0.0,0.0,35.296875,0.0,0.0,28.21484375,0.0,5.6304931640625
9.716,12.2437219128,0.0078125,0.007874015748031496,0.0,0.0,0.0,-0.0,-0.0,0.0,0.0,0.0,32.80859375,0.0,0.0,0.0,37.78515625,0.0,0.0,0.0,40.2734375,0.0,0.0,0.0,35.48828125,0.0,0.0,28.21484375,0.0,5.6304931640625
9.901,12.2178061572,0.0078125,0.007874015748031496,0.0,0.0,0.0,-0.0,-0.0,0.0,0.0,0.0,34.72265625,0.0,0.0,0.0,37.9765625,0.0,0.0,0.0,40.08203125,0.0,0.0,0.0,35.6796875,0.0,0.0,29.171875,0.0,5.6304931640625
10.072,12.226444742400002,0.0078125,0.007874015748031496,0.0,0.0,0.0,-0.0,-0.0,0.0,0.0,0.0,35.296875,0.0,0.0,0.0,37.9765625,0.0,0.0,0.0,40.08203125,0.0,0.0,0.0,35.6796875,0.0,0.0,29.171875,0.0,5.6304931640625
10.237,12.2350833276,0.0078125,0.007874015748031496,0.0,0.0,0.0,-0.0,-0.0,0.0,0.0,0.0,34.72265625,0.0,0.0,0.0,38.359375,0.0,0.0,0.0,39.890625,0.0,0.0,0.0,34.9140625,0.0,0.0,28.59765625,0.0,5.6207122802734375
10.403,12.2437219128,0.0078125,0.007874015748031496,0.0,0.0,0.0,-0.0,-0.0,0.0,0.0,0.0,34.9140625,0.0,0.0,0.0,38.7421875,0.0,0.0,0.0,39.31640625,0.0,0.0,0.0,35.296875,0.0,0.0,28.98046875,0.0,5.6207122802734375
10.576,12.2350833276,0.0078125,0.007874015748031496,0.0,0.0,0.0,-0.0,-0.0,0.0,0.0,0.0,34.9140625,0.0,0.0,0.0,37.78515625,0.0,0.0,0.0,39.69921875,0.0,0.0,0.0,35.48828125,0.0,0.0,28.7890625,0.0,5.6304931640625
10.743,12.2437219128,0.0078125,0.007874015748031496,0.0,0.0,0.0,-0.0,-0.0,0.0,0.0,0.0,34.33984375,0.0,0.0,0.0,38.55078125,0.0,0.0,0.0,39.890625,0.0,0.0,0.0,35.10546875,0.0,0.0,28.98046875,0.0,5.6304931640625
10.901,12.2437219128,0.0078125,0.007874015748031496,0.0,0.0,0.0,-0.0,-0.0,0.0,0.0,0.0,35.10546875,0.0,0.0,0.0,38.16796875,0.0,0.0,0.0,39.890625,0.0,0.0,0.0,35.87109375,0.0,0.0,28.59765625,0.0,5.6207122802734375
11.056,12.2178061572,0.0078125,0.007874015748031496,0.0,0.0,0.0,-0.0,-0.0,0.0,0.0,0.0,34.72265625,0.0,0.0,0.0,38.93359375,0.0,0.0,0.0,39.5078125,0.0,0.0,0.0,35.296875,0.0,0.0,28.21484375,0.0,5.669586181640625
S: 11.114 175674305945 Fired
11.235,10.697415162,0.0078125,0.007874015748031496,0.0,0.0,0.0,-0.0,-0.0,0.0,0.0,0.0,34.72265625,0.0,0.0,0.0,38.16796875,0.0,0.0,0.0,39.69921875,0.0,0.0,0.0,36.0625,0.0,0.0,27.83203125,0.0,5.07330322265625
11.415,11.768599726800002,0.0078125,0.007874015748031496,0.0,0.0,0.0,-0.0,-0.0,0.0,0.0,0.0,34.72265625,0.0,0.0,0.0,38.359375,0.0,0.0,0.0,40.08203125,0.0,0.0,0.0,35.6796875,0.0,0.0,29.5546875,0.0,5.20037841796875
11.575,12.0536730384,0.0078125,0.007874015748031496,0.0,0.0,0.0,-0.0,-0.0,0.0,0.0,0.0,35.10546875,0.0,0.0,0.0,38.359375,0.0,0.0,0.0,40.08203125,0.0,0.0,0.0,35.6796875,0.0,0.0,28.0234375,0.0,5.5522918701171875
11.745,12.1573360608,0.0078125,0.007874015748031496,0.0,0.0,0.0,-0.0,-0.0,0.0,0.0,0.0,34.53125,0.0,0.0,0.0,37.9765625,0.0,0.0,0.0,39.890625,0.0,0.0,0.0,35.10546875,0.0,0.0,28.7890625,0.0,5.7771148681640625
11.912,12.1918904016,0.0078125,0.007874015748031496,0.0,0.0,0.0,-0.0,-0.0,0.0,0.0,0.0,35.10546875,0.0,0.0,0.0,38.55078125,0.0,0.0,0.0,39.69921875,0.0,0.0,0.0,35.296875,0.0,0.0,29.36328125,0.0,5.728240966796875
12.073,12.209167572,0.0078125,0.007874015748031496,0.0,0.0,0.0,-0.0,-0.0,0.0,0.0,0.0,34.9140625,0.0,0.0,0.0,37.9765625,0.0,0.0,0.0,39.890625,0.0,0.0,0.0,35.296875,0.0,0.0,28.7890625,0.0,5.7086944580078125
12.232,12.209167572,0.0078125,0.007874015748031496,0.0,0.0,0.0,-0.0,-0.0,0.0,0.0,0.0,35.296875,0.0,0.0,0.0,38.55078125,0.0,0.0,0.0,39.69921875,0.0,0.0,0.0,35.296875,0.0,0.0,28.7890625,0.0,5.7086944580078125
12.401,12.1832518164,0.0078125,0.007874015748031496,0.0,0.0,0.0,-0.0,-0.0,0.0,0.0,0.0,34.9140625,0.0,0.0,0.0,37.78515625,0.0,0.0,0.0,39.890625,0.0,0.0,0.0,35.296875,0.0,0.0,30.12890625,0.0,5.7184600830078125
12.554,12.209167572,0.0078125,0.007874015748031496,0.0,0.0,0.0,-0.0,-0.0,0.0,0.0,0.0,34.9140625,0.0,0.0,0.0,37.9765625,0.0,0.0,0.0,39.69921875,0.0,0.0,0.0,34.9140625,0.0,0.0,29.5546875,0.0,5.7086944580078125
12.714,12.1918904016,0.0078125,0.007874015748031496,0.0,0.0,0.0,-0.0,-0.0,0.0,0.0,0.0,34.33984375,0.0,0.0,0.0,37.9765625,0.0,0.0,0.0,39.890625,0.0,0.0,0.0,35.296875,0.0,0.0,28.7890625,0.0,5.7086944580078125
12.873,12.1486974756,0.0078125,0.007874015748031496,0.0,0.0,0.0,-0.0,-0.0,0.0,0.0,0.0,34.53125,0.0,0.0,0.0,37.78515625,0.0,0.0,0.0,39.5078125,0.0,0.0,0.0,35.10546875,0.0,0.0,28.0234375,0.0,5.7086944580078125
13.034,12.1573360608,0.0078125,0.007874015748031496,0.0,0.0,0.0,-0.0,-0.0,0.0,0.0,0.0,35.10546875,0.0,0.0,0.0,38.16796875,0.0,0.0,0.0,39.69921875,0.0,0.0,0.0,35.10546875,0.0,0.0,28.0234375,0.0,5.7086944580078125
13.204,12.226444742400002,0.0078125,0.007874015748031496,0.0,0.0,0.0,-0.0,-0.0,0.0,0.0,0.0,34.33984375,0.0,0.0,0.0,36.828125,0.0,0.0,0.0,39.890625,0.0,0.0,0.0,35.10546875,0.0,0.0,29.171875,0.0,5.7086944580078125
13.375,12.1918904016,0.0078125,0.007874015748031496,0.0,0.0,0.0,-0.0,-0.0,0.0,0.0,0.0,35.10546875,0.0,0.0,0.0,38.16796875,0.0,0.0,0.0,39.69921875,0.0,0.0,0.0,35.10546875,0.0,0.0,28.21484375,0.0,5.7086944580078125
13.533,12.2437219128,0.0078125,0.007874015748031496,0.0,0.0,0.0,-0.0,-0.0,0.0,0.0,0.0,34.72265625,0.0,0.0,0.0,38.16796875,0.0,0.0,0.0,39.69921875,0.0,0.0,0.0,35.48828125,0.0,0.0,28.7890625,0.0,5.7086944580078125
13.717,12.165974646,0.0078125,0.007874015748031496,0.0,0.0,0.0,-0.0,-0.0,0.0,0.0,0.0,34.9140625,0.0,0.0,0.0,38.55078125,0.0,0.0,0.0,39.5078125,0.0,0.0,0.0,35.296875,0.0,0.0,29.171875,0.0,5.7086944580078125
13.88,12.1486974756,0.0078125,0.007874015748031496,0.0,0.0,0.0,-0.0,-0.0,0.0,0.0,0.0,35.10546875,0.0,0.0,0.0,38.359375,0.0,0.0,0.0,39.5078125,0.0,0.0,0.0,35.10546875,0.0,0.0,28.98046875,0.0,5.7086944580078125
14.036,12.2437219128,0.0078125,0.007874015748031496,0.0,0.0,0.0,-0.0,-0.0,0.0,0.0,0.0,34.72265625,0.0,0.0,0.0,37.9765625,0.0,0.0,0.0,39.125,0.0,0.0,0.0,35.296875,0.0,0.0,28.98046875,0.0,5.7086944580078125
14.203,12.165974646,0.0078125,0.007874015748031496,0.0,0.0,0.0,-0.0,-0.0,0.0,0.0,0.0,34.72265625,0.0,0.0,0.0,38.7421875,0.0,0.0,0.0,39.890625,0.0,0.0,0.0,35.6796875,0.0,0.0,28.7890625,0.0,5.7086944580078125
14.375,12.226444742400002,0.0078125,0.007874015748031496,0.0,0.0,0.0,-0.0,-0.0,0.0,0.0,0.0,34.72265625,0.0,0.0,0.0,38.359375,0.0,0.0,0.0,39.890625,0.0,0.0,0.0,34.9140625,0.0,0.0,28.7890625,0.0,5.7086944580078125
14.535,12.2178061572,0.0078125,0.007874015748031496,0.0,0.0,0.0,-0.0,-0.0,0.0,0.0,0.0,35.10546875,0.0,0.0,0.0,38.7421875,0.0,0.0,0.0,39.69921875,0.0,0.0,0.0,35.6796875,0.0,0.0,27.83203125,0.0,5.7086944580078125
14.694,12.200528986800002,0.0078125,0.007874015748031496,0.0,0.0,0.0,-0.0,-0.0,0.0,0.0,0.0,35.48828125,0.0,0.0,0.0,38.16796875,0.0,0.0,0.0,39.890625,0.0,0.0,0.0,35.48828125,0.0,0.0,28.98046875,0.0,5.7086944580078125
14.854,12.1486974756,0.0078125,0.007874015748031496,0.0,0.0,0.0,-0.0,-0.0,0.0,0.0,0.0,35.10546875,0.0,0.0,0.0,39.125,0.0,0.0,0.0,39.890625,0.0,0.0,0.0,35.48828125,0.0,0.0,28.98046875,0.0,5.69891357421875
15.02,12.200528986800002,0.0078125,0.007874015748031496,0.0,0.0,0.0,-0.0,-0.0,0.0,0.0,0.0,35.10546875,0.0,0.0,0.0,38.16796875,0.0,0.0,0.0,40.08203125,0.0,0.0,0.0,35.6796875,0.0,0.0,29.171875,0.0,5.7086944580078125
15.184,12.209167572,0.0078125,0.007874015748031496,0.0,0.0,0.0,-0.0,-0.0,0.0,0.0,0.0,34.72265625,0.0,0.0,0.0,38.55078125,0.0,0.0,0.0,40.08203125,0.0,0.0,0.0,35.10546875,0.0,0.0,28.7890625,0.0,5.7086944580078125
15.355,12.209167572,0.0078125,0.007874015748031496,0.0,0.0,0.0,-0.0,-0.0,0.0,0.0,0.0,34.33984375,0.0,0.0,0.0,38.16796875,0.0,0.0,0.0,39.69921875,0.0,0.0,0.0,35.296875,0.0,0.0,28.40625,0.0,5.7086944580078125
15.523,12.1573360608,0.0078125,0.007874015748031496,0.0,0.0,0.0,-0.0,-0.0,0.0,0.0,0.0,34.1484375,0.0,0.0,0.0,38.93359375,0.0,0.0,0.0,39.69921875,0.0,0.0,0.0,35.6796875,0.0,0.0,28.7890625,0.0,5.7184600830078125
15.698,12.200528986800002,0.0078125,0.007874015748031496,0.0,0.0,0.0,-0.0,-0.0,0.0,0.0,0.0,35.48828125,0.0,0.0,0.0,38.359375,0.0,0.0,0.0,40.08203125,0.0,0.0,0.0,35.10546875,0.0,0.0,28.40625,0.0,5.7184600830078125
15.874,12.226444742400002,0.0078125,0.007874015748031496,0.0,0.0,0.0,-0.0,-0.0,0.0,0.0,0.0,34.9140625,0.0,0.0,0.0,38.55078125,0.0,0.0,0.0,39.890625,0.0,0.0,0.0,35.87109375,0.0,0.0,28.0234375,0.0,5.7184600830078125
16.037,12.2437219128,-0.05511811023622047,0.007874015748031496,0.0,0.0,0.0,-0.0,-0.0,0.0,0.0,0.0,34.9140625,0.0,0.0,0.0,37.9765625,0.0,0.0,0.0,39.31640625,0.0,0.0,0.0,35.296875,0.0,0.0,28.59765625,0.0,5.7184600830078125
16.201,12.4942408836,-0.09448818897637795,-0.0546875,0.0,0.0,0.0,-0.0,-0.0,0.0,0.0,0.0,34.72265625,0.0,0.0,0.0,38.359375,0.0,0.0,0.0,39.890625,0.0,0.0,0.0,35.87109375,0.0,0.0,28.21484375,0.0,5.7086944580078125
16.365,12.528795224400001,-0.023622047244094488,0.0,0.0,0.0,0.0,-0.0,-0.0,0.0,0.0,0.0,34.9140625,0.0,0.0,0.0,38.359375,0.0,0.0,0.0,39.31640625,0.0,0.0,0.0,36.0625,0.0,0.0,28.21484375,0.0,5.7086944580078125
16.534,12.546072394800001,-0.0,0.0,0.0,0.0,0.0,-0.0,-0.0,0.0,0.0,0.0,34.72265625,0.0,0.0,0.0,38.359375,0.0,0.0,0.0,39.890625,0.0,0.0,0.0,35.87109375,0.0,0.0,29.171875,0.0,5.7086944580078125
16.753,12.554710980000001,-0.0,0.0,0.0,0.0,0.0,-0.0,-0.0,0.0,0.0,0.0,34.72265625,0.0,0.0,0.0,38.7421875,0.0,0.0,0.0,39.5078125,0.0,0.0,0.0,35.48828125,0.0,0.0,28.7890625,0.0,5.7086944580078125
16.914,12.5633495652,-0.0,0.0,0.0,0.0,0.0,-0.0,-0.0,0.0,0.0,0.0,35.10546875,0.0,0.0,0.0,38.16796875,0.0,0.0,0.0,39.890625,0.0,0.0,0.0,35.296875,0.0,0.0,28.98046875,0.0,5.7184600830078125
S: 16.96 175674311791 Pickup up
17.078,12.571988150400001,0.0234375,0.0,0.0,0.0,0.0,-0.0,-0.0,0.0,0.0,0.0,35.48828125,0.0,0.0,0.0,38.55078125,0.0,0.0,0.0,40.08203125,0.0,0.0,0.0,35.296875,0.0,0.0,28.59765625,0.0,5.7086944580078125
17.236,12.580626735600001,0.234375,0.0,0.0,0.0,0.0,-0.0,-0.0,0.0,0.0,0.0,34.9140625,0.0,0.0,0.0,38.55078125,0.0,0.0,0.0,39.69921875,0.0,0.0,0.0,35.296875,0.0,0.0,29.171875,0.0,5.7477874755859375
17.403,12.105504549599999,0.46875,0.0,0.0,0.27343749999999994,0.27343750000000006,-0.27343749999999994,-0.27343750000000006,0.0,3.1875,21.4765625,33.57421875,0.0,3.40234375,13.07421875,38.359375,0.0,-3.15625,14.78125,40.2734375,0.0,-3.05859375,15.4375,35.87109375,0.0,0.0,28.98046875,0.0,5.69891357421875
17.584,11.103428666400001,0.6640625,0.0,0.0,0.5390624999999999,0.5390625000000001,-0.5390624999999999,-0.5390625000000001,0.0,5.68359375,25.6796875,33.3828125,0.0,5.94921875,19.24609375,38.359375,0.0,-5.44140625,22.52734375,39.5078125,0.0,-5.78125,18.1953125,35.6796875,0.0,0.0,28.59765625,0.0,5.69891357421875
17.773,10.7924395992,0.6640625,0.0,0.0,0.6640625,0.6640625000000002,-0.6640625,-0.6640625000000002,-9.296463012695312,6.81640625,23.7109375,32.234375,0.0,7.421875,18.45703125,38.7421875,0.0,-6.98046875,17.01171875,40.08203125,0.0,-7.05078125,18.32421875,35.10546875,0.0,0.0,28.98046875,0.0,5.69891357421875
17.942,11.345309052,0.6640625,0.0,0.0,0.6640625,0.6640625000000002,-0.6640625,-0.6640625000000002,-5.261383056640625,7.421875,8.4765625,34.33984375,0.0,7.796875,20.42578125,37.78515625,0.0,-6.84375,15.17578125,39.69921875,0.0,-7.30859375,12.28515625,35.48828125,0.0,0.0,28.59765625,0.0,5.6793670654296875
18.115,11.215730274,0.46875,0.0,0.0,0.6640625,0.6640625000000002,-0.6640625,-0.6640625000000002,-12.8248291015625,7.234375,15.3046875,34.53125,0.0,7.6796875,12.546875,38.16796875,0.0,-7.42578125,13.59765625,39.5078125,0.0,-7.61328125,16.48828125,35.296875,0.0,0.0,30.3203125,0.0,5.6793670654296875
18.274,12.2178061572,0.3046875,0.0,0.0,0.3984375,0.3984375000000001,-0.3984375,-0.3984375000000001,-3.323577880859375,4.84375,4.93359375,34.33984375,0.0,4.7890625,3.75,38.16796875,0.0,-4.9453125,2.9609375,39.125,0.0,-4.93359375,2.5703125,35.296875,0.0,0.0,28.21484375,0.0,5.69891357421875
18.433,12.511518054,-0.0,0.0,0.0,0.27343749999999994,0.27343750000000006,-0.27343749999999994,-0.27343750000000006,-23.232025146484375,3.44921875,0.0,36.25390625,0.0,3.40234375,0.0,38.16796875,0.0,-3.453125,0.0,39.69921875,0.0,-3.421875,0.0,35.48828125,0.0,0.0,29.171875,0.0,5.68914794921875
18.596,12.476963713200002,-0.0,0.0,0.0,0.0,0.0,-0.0,-0.0,-21.343399047851562,0.0,0.0,34.33984375,0.0,0.0,0.0,38.359375,0.0,0.0,0.0,39.890625,0.0,0.0,0.0,35.87109375,0.0,0.0,28.7890625,0.0,5.68914794921875
18.756,12.502879468800002,-0.0,0.0,0.047244094488188976,0.0,0.0,-0.0,-0.0,-9.106979370117188,0.0,0.0,34.72265625,0.0,0.0,0.0,38.359375,0.0,0.0,0.0,39.890625,0.0,0.0,0.0,35.87109375,0.0,0.0,29.171875,0.0,5.68914794921875
18.923,12.5201566392,-0.0,0.0,0.1889763779527559,0.0,0.0,-0.0,-0.0,-2.5592041015625,0.0,0.0,33.19140625,0.0,0.0,0.0,38.93359375,0.0,0.0,0.0,39.31640625,0.0,0.0,0.0,35.87109375,0.0,0.0,28.21484375,0.0,5.669586181640625
19.076,12.278276253600001,-0.0,0.0,0.6771653543307087,0.06531496062992126,0.2653937007874016,0.2653937007874016,0.06531496062992126,-7.1179351806640625,0.80859375,0.0,34.1484375,0.0,3.20703125,4.01171875,39.125,0.0,3.00390625,22.39453125,39.31640625,0.0,0.77734375,0.0,36.4453125,0.0,0.0,28.98046875,0.0,5.659820556640625
S: 19.124 175674313955 Pickup down
19.239,11.9240942604,-0.0,0.0,0.0,0.10885826771653545,0.4423228346456693,0.4423228346456693,0.10885826771653545,-13.0921630859375,1.1953125,0.0,34.72265625,0.0,4.95703125,15.3046875,37.78515625,0.0,4.3046875,25.41796875,39.5078125,0.0,1.17578125,11.10546875,34.9140625,-10.546875,29.6171875,28.59765625,0.0,5.669586181640625
S: 19.286 175674314117 Pickup down
19.408,11.595828022800001,-0.0,0.0,0.0,0.0,0.0,-0.0,-0.0,-3.836669921875,0.0,0.0,36.25390625,0.0,0.0,0.0,38.55078125,0.0,0.0,0.0,39.69921875,0.0,0.0,0.0,35.10546875,-11.390625,17.66796875,28.0234375,0.0,5.6793670654296875
19.582,11.9327328456,-0.0,0.0,0.0,0.0,0.0,-0.0,-0.0,0.0,0.0,0.0,34.72265625,0.0,0.0,0.0,37.78515625,0.0,0.0,0.0,40.08203125,0.0,0.0,0.0,35.48828125,-11.70703125,11.76171875,28.59765625,0.0,5.669586181640625
19.763,12.096865964400001,-0.0,-0.1015625,-0.0078125,0.0,0.0,-0.0,-0.0,0.0,0.0,0.0,35.10546875,0.0,0.0,0.0,38.16796875,0.0,0.0,0.0,40.08203125,0.0,0.0,0.0,35.6796875,-11.91796875,9.00390625,28.98046875,0.0,5.6793670654296875
19.933,12.338746350000001,-0.0,-0.1171875,-0.0078125,-0.10156250000000003,0.10156249999999997,0.10156250000000003,-0.10156249999999997,0.0,-1.2421875,12.94140625,34.1484375,0.0,1.234375,9.52734375,38.55078125,0.0,1.23046875,9.3984375,39.31640625,0.0,-1.24609375,11.76171875,36.25390625,0.0,0.0,28.7890625,0.0,5.669586181640625
20.104,12.3733006908,-0.0,-0.1171875,-0.0078125,-0.11718750000000003,0.11718749999999997,0.11718750000000003,-0.11718749999999997,0.0,-1.43359375,14.78125,34.33984375,0.0,1.42578125,7.953125,38.359375,0.0,1.421875,9.66015625,38.7421875,0.0,-1.4375,13.59765625,35.48828125,0.0,0.0,29.171875,0.0,5.669586181640625
20.284,12.381939276,0.125,-0.1171875,-0.0078125,-0.11718750000000003,0.11718749999999997,0.11718750000000003,-0.11718749999999997,0.0,-1.43359375,16.8828125,34.33984375,0.0,1.4453125,10.0546875,37.9765625,0.0,1.41796875,10.97265625,39.31640625,0.0,-1.4375,12.94140625,35.10546875,0.0,0.0,28.40625,0.0,5.6793670654296875
20.459,12.3128305944,0.203125,-0.1171875,-0.0078125,-0.005687370711336431,0.2426229797003657,0.005687370711336431,-0.2426229797003657,0.0,0.0,0.0,35.10546875,0.0,3.078125,14.25390625,38.7421875,0.0,0.0,0.0,39.5078125,0.0,-2.875,20.1640625,34.9140625,0.0,0.0,29.9375,0.0,5.659820556640625
20.621,12.105504549599999,0.1484375,-0.1484375,-0.0078125,0.03404092153463237,0.33423597227119617,-0.03404092153463237,-0.33423597227119617,0.0,0.0,0.0,34.72265625,0.0,3.98046875,20.296875,38.359375,0.0,0.0,0.0,39.5078125,0.0,-3.8671875,25.28515625,35.48828125,0.0,0.0,29.36328125,0.0,5.659820556640625
20.794,12.0623116236,0.203125,-0.1484375,-0.0078125,-0.01556313140818033,0.3624903759968281,0.01556313140818033,-0.3624903759968281,0.0,0.0,0.0,34.9140625,0.0,4.41796875,16.75,37.59375,0.0,0.0,0.0,40.08203125,0.0,-4.24609375,20.03125,34.9140625,0.0,0.0,28.59765625,0.0,5.659820556640625
20.965,12.070950208800001,0.0234375,-0.0546875,-0.0078125,-0.01556313140818033,0.3624903759968281,0.01556313140818033,-0.3624903759968281,-4.68365478515625,0.0,0.0,34.1484375,0.0,4.41796875,17.40625,38.359375,0.0,0.0,0.0,39.5078125,0.0,-4.28515625,19.5078125,35.6796875,0.0,0.0,28.59765625,0.0,5.669586181640625
21.15,12.4510479576,-0.0,-0.0078125,-0.0078125,0.0,0.0,-0.0,-0.0,0.0,0.0,0.0,34.1484375,0.0,0.0,0.0,37.9765625,0.0,0.0,0.0,39.890625,0.0,0.0,0.0,35.10546875,0.0,0.0,28.7890625,0.0,5.669586181640625
21.315,12.502879468800002,-0.09448818897637795,-0.0078125,-0.0078125,0.0,0.0,-0.0,-0.0,0.0,0.0,0.0,34.72265625,0.0,0.0,0.0,38.16796875,0.0,0.0,0.0,39.5078125,0.0,0.0,0.0,35.87109375,0.0,0.0,28.7890625,0.0,5.659820556640625
21.496,12.295553424000001,-0.1968503937007874,-0.1015625,-0.0078125,-0.16535433070866148,-0.16535433070866143,0.16535433070866148,0.16535433070866143,0.0,-1.984375,19.640625,33.57421875,0.0,-1.95703125,9.1328125,36.828125,0.0,1.94140625,11.3671875,39.890625,0.0,1.9453125,11.49609375,35.296875,0.0,0.0,28.98046875,0.0,5.68914794921875
21.677,12.045034453200001,-0.2677165354330709,-0.1484375,-0.0078125,-0.35580589979383237,-0.07922895979315611,0.35580589979383237,0.07922895979315611,0.0,-4.10546875,23.83984375,34.72265625,0.0,-0.953125,0.0,37.9765625,0.0,3.88671875,21.4765625,39.5078125,0.0,0.94140625,0.0,35.48828125,0.0,0.0,29.171875,0.0,5.6793670654296875
21.856,11.8895399196,-0.07874015748031496,-0.0234375,-0.0078125,-0.43297005014744144,-0.060609443095413884,0.43297005014744144,0.060609443095413884,0.0,-4.93359375,24.3671875,34.33984375,0.0,0.0,0.0,38.16796875,0.0,4.76171875,25.41796875,38.93359375,0.0,0.0,0.0,35.48828125,0.0,0.0,28.98046875,0.0,5.669586181640625
22.034,12.4596865428,-0.0,0.0,-0.0078125,0.0,0.0,-0.0,-0.0,0.0,0.0,0.0,34.72265625,0.0,0.0,0.0,37.9765625,0.0,0.0,0.0,39.125,0.0,0.0,0.0,34.72265625,0.0,0.0,28.7890625,0.0,5.6793670654296875
22.195,12.502879468800002,-0.0,0.0,-0.0078125,0.0,0.0,-0.0,-0.0,0.0,0.0,0.0,34.72265625,0.0,0.0,0.0,37.9765625,0.0,0.0,0.0,39.5078125,0.0,0.0,0.0,35.48828125,0.0,0.0,28.7890625,0.0,5.669586181640625
22.355,12.528795224400001,-0.0,0.0,-0.0078125,0.0,0.0,-0.0,-0.0,0.0,0.0,0.0,34.9140625,0.0,0.0,0.0,38.55078125,0.0,0.0,0.0,39.69921875,0.0,0.0,0.0,35.48828125,0.0,0.0,28.7890625,0.0,5.669586181640625
22.534,12.5374338096,-0.0,0.0,-0.0078125,0.0,0.0,-0.0,-0.0,0.0,0.0,0.0,34.1484375,0.0,0.0,0.0,37.9765625,0.0,0.0,0.0,39.31640625,0.0,0.0,0.0,35.87109375,0.0,0.0,29.9375,0.0,5.669586181640625
22.716,12.554710980000001,-0.0,0.0,-0.0078125,0.0,0.0,-0.0,-0.0,0.0,0.0,0.0,34.33984375,0.0,0.0,0.0,38.16796875,0.0,0.0,0.0,39.890625,0.0,0.0,0.0,34.9140625,0.0,0.0,28.7890625,0.0,5.659820556640625
22.875,12.5633495652,-0.0,0.0,-0.0078125,0.0,0.0,-0.0,-0.0,0.0,0.0,0.0,35.296875,0.0,0.0,0.0,38.16796875,0.0,0.0,0.0,39.69921875,0.0,0.0,0.0,35.296875,0.0,0.0,29.171875,0.0,5.669586181640625
23.033,12.554710980000001,-0.0,0.0,-0.0078125,0.0,0.0,-0.0,-0.0,0.0,0.0,0.0,35.6796875,0.0,0.0,0.0,37.78515625,0.0,0.0,0.0,39.5078125,0.0,0.0,0.0,34.9140625,0.0,0.0,29.36328125,0.0,5.669586181640625
23.192,12.5633495652,-0.0,0.0,-0.0078125,0.0,0.0,-0.0,-0.0,0.0,0.0,0.0,34.33984375,0.0,0.0,0.0,38.16796875,0.0,0.0,0.0,39.69921875,0.0,0.0,0.0,35.6796875,0.0,0.0,28.59765625,0.0,5.669586181640625
23.355,12.5633495652,-0.0,0.0,-0.0078125,0.0,0.0,-0.0,-0.0,0.0,0.0,0.0,34.72265625,0.0,0.0,0.0,37.78515625,0.0,0.0,0.0,39.5078125,0.0,0.0,0.0,34.9140625,0.0,0.0,28.59765625,0.0,5.669586181640625
23.534,12.5633495652,-0.0,0.0,-0.0078125,0.0,0.0,-0.0,-0.0,0.0,0.0,0.0,33.0,0.0,0.0,0.0,38.359375,0.0,0.0,0.0,39.5078125,0.0,0.0,0.0,35.87109375,0.0,0.0,28.98046875,0.0,5.6793670654296875
23.692,12.571988150400001,0.0078125,0.0,-0.0078125,0.0,0.0,-0.0,-0.0,0.0,0.0,0.0,34.72265625,0.0,0.0,0.0,37.78515625,0.0,0.0,0.0,39.5078125,0.0,0.0,0.0,35.87109375,0.0,0.0,30.12890625,0.0,5.669586181640625
23.861,12.580626735600001,0.078125,0.0,-0.0078125,0.0,0.0,-0.0,-0.0,0.0,0.0,0.0,35.10546875,0.0,0.0,0.0,38.16796875,0.0,0.0,0.0,39.31640625,0.0,0.0,0.0,35.296875,0.0,0.0,28.7890625,0.0,5.669586181640625
24.023,12.580626735600001,0.078125,0.0,-0.0078125,0.0,0.0,-0.0,-0.0,0.0,0.0,0.0,34.53125,0.0,0.0,0.0,38.55078125,0.0,0.0,0.0,38.93359375,0.0,0.0,0.0,35.296875,0.0,0.0,28.98046875,0.0,5.659820556640625
24.184,12.511518054,0.2890625,-0.1796875,-0.0078125,0.10937499999999999,0.10937500000000001,-0.10937499999999999,-0.10937500000000001,0.0,1.35546875,13.859375,34.1484375,0.0,1.3515625,8.21484375,38.93359375,0.0,-1.3203125,8.609375,39.69921875,0.0,-1.30078125,9.3984375,35.48828125,0.0,0.0,28.40625,0.0,5.757568359375
S: 24.235 175674319066 Fired
24.355,10.3605103392,0.21875,-0.1953125,-0.0078125,0.009529185522031025,0.5218412719170558,-0.009529185522031025,-0.5218412719170558,0.0,0.0,0.0,34.53125,0.0,5.35546875,21.4765625,37.59375,0.0,0.0,0.0,39.31640625,0.0,-5.01171875,30.80078125,35.6796875,0.0,0.0,29.171875,0.0,5.288360595703125
24.524,10.4987277024,0.109375,-0.0546875,-0.0078125,-0.005795649769915812,0.3987043264660768,0.005795649769915812,-0.3987043264660768,0.0,0.0,0.0,34.9140625,0.0,4.38671875,16.75,37.59375,0.0,0.0,0.0,39.5078125,0.0,-4.1796875,20.03125,35.10546875,0.0,0.0,28.40625,0.0,4.3597259521484375
24.695,10.308678828,-0.007874015748031496,0.0,-0.0078125,0.10937499999999999,0.10937500000000001,-0.10937499999999999,-0.10937500000000001,0.0,1.30078125,0.0,34.9140625,0.0,1.3359375,0.0,37.40234375,0.0,-1.3359375,0.0,39.31640625,0.0,-1.33984375,0.0,35.48828125,0.0,0.0,27.83203125,0.0,4.477020263671875
24.875,11.9672871864,-0.007874015748031496,0.0,-0.0078125,0.0,0.0,-0.0,-0.0,0.0,0.0,0.0,34.33984375,0.0,0.0,0.0,38.16796875,0.0,0.0,0.0,39.69921875,0.0,0.0,0.0,35.87109375,0.0,0.0,28.7890625,0.0,5.0244293212890625
25.035,12.3905778612,-0.007874015748031496,0.0,-0.0078125,0.0,0.0,-0.0,-0.0,0.0,0.0,0.0,34.33984375,0.0,0.0,0.0,38.55078125,0.0,0.0,0.0,39.31640625,0.0,0.0,0.0,35.10546875,0.0,0.0,28.40625,0.0,5.601165771484375
25.2,12.4510479576,-0.007874015748031496,0.0,-0.0078125,0.0,0.0,-0.0,-0.0,0.0,0.0,0.0,34.53125,0.0,0.0,0.0,38.16796875,0.0,0.0,0.0,39.5078125,0.0,0.0,0.0,35.10546875,0.0,0.0,28.59765625,0.0,5.757568359375
25.375,12.4596865428,-0.007874015748031496,0.0,-0.0078125,0.0,0.0,-0.0,-0.0,0.0,0.0,0.0,34.72265625,0.0,0.0,0.0,37.78515625,0.0,0.0,0.0,39.125,0.0,0.0,0.0,35.10546875,0.0,0.0,28.40625,0.0,5.7184600830078125
25.536,12.4942408836,-0.007874015748031496,0.0,-0.0078125,0.0,0.0,-0.0,-0.0,0.0,0.0,0.0,34.72265625,0.0,0.0,0.0,38.16796875,0.0,0.0,0.0,39.5078125,0.0,0.0,0.0,35.48828125,0.0,0.0,28.21484375,0.0,5.68914794921875
25.704,12.511518054,-0.007874015748031496,0.0,-0.0078125,0.0,0.0,-0.0,-0.0,0.0,0.0,0.0,34.33984375,0.0,0.0,0.0,37.78515625,0.0,0.0,0.0,39.5078125,0.0,0.0,0.0,35.6796875,0.0,0.0,28.59765625,0.0,5.6793670654296875
25.894,12.5374338096,-0.007874015748031496,0.0,-0.0078125,0.0,0.0,-0.0,-0.0,0.0,0.0,0.0,33.95703125,0.0,0.0,0.0,37.78515625,0.0,0.0,0.0,39.125,0.0,0.0,0.0,35.48828125,0.0,0.0,28.59765625,0.0,5.6793670654296875
26.054,12.546072394800001,-0.007874015748031496,0.0,-0.0078125,0.0,0.0,-0.0,-0.0,0.0,0.0,0.0,34.1484375,0.0,0.0,0.0,37.59375,0.0,0.0,0.0,39.890625,0.0,0.0,0.0,34.9140625,0.0,0.0,28.7890625,0.0,5.6793670654296875
26.214,12.1918904016,-0.007874015748031496,0.0,-0.0078125,0.0,0.0,-0.0,-0.0,0.0,0.0,0.0,34.9140625,0.0,0.0,0.0,37.78515625,0.0,0.0,0.0,39.31640625,0.0,0.0,0.0,35.48828125,0.0,0.0,29.36328125,0.0,5.669586181640625
26.364,12.209167572,-0.007874015748031496,0.0,-0.0078125,0.0,0.0,-0.0,-0.0,0.0,0.0,0.0,34.1484375,0.0,0.0,0.0,38.359375,0.0,0.0,0.0,40.08203125,0.0,0.0,0.0,35.10546875,0.0,0.0,28.7890625,0.0,5.68914794921875
26.533,12.252360498000002,-0.007874015748031496,0.0,-0.0078125,0.0,0.0,-0.0,-0.0,0.0,0.0,0.0,35.10546875,0.0,0.0,0.0,37.9765625,0.0,0.0,0.0,39.5078125,0.0,0.0,0.0,35.10546875,0.0,0.0,29.171875,0.0,5.6793670654296875
26.696,12.2609990832,-0.007874015748031496,0.0,-0.0078125,0.0,0.0,-0.0,-0.0,0.0,0.0,0.0,34.53125,0.0,0.0,0.0,38.16796875,0.0,0.0,0.0,39.5078125,0.0,0.0,0.0,35.296875,0.0,0.0,28.59765625,0.0,5.6793670654296875
26.862,12.226444742400002,-0.007874015748031496,0.0,-0.0078125,0.0,0.0,-0.0,-0.0,0.0,0.0,0.0,34.53125,0.0,0.0,0.0,38.359375,0.0,0.0,0.0,39.5078125,0.0,0.0,0.0,35.48828125,0.0,0.0,28.59765625,0.0,5.6793670654296875
27.022,12.2609990832,-0.007874015748031496,0.0,-0.0078125,0.0,0.0,-0.0,-0.0,0.0,0.0,0.0,35.10546875,0.0,0.0,0.0,37.9765625,0.0,0.0,0.0,39.69921875,0.0,0.0,0.0,35.48828125,0.0,0.0,28.7890625,0.0,5.669586181640625
27.183,12.252360498000002,-0.007874015748031496,0.0,-0.0078125,0.0,0.0,-0.0,-0.0,0.0,0.0,0.0,35.10546875,0.0,0.0,0.0,37.78515625,0.0,0.0,0.0,39.5078125,0.0,0.0,0.0,35.296875,0.0,0.0,28.0234375,0.0,5.6793670654296875
27.355,12.200528986800002,-0.007874015748031496,0.0,-0.0078125,0.0,0.0,-0.0,-0.0,0.0,0.0,0.0,33.95703125,0.0,0.0,0.0,37.59375,0.0,0.0,0.0,39.5078125,0.0,0.0,0.0,35.10546875,0.0,0.0,28.0234375,0.0,5.6793670654296875
27.524,12.2350833276,-0.007874015748031496,0.0,-0.0078125,0.0,0.0,-0.0,-0.0,0.0,0.0,0.0,34.9140625,0.0,0.0,0.0,37.40234375,0.0,0.0,0.0,39.69921875,0.0,0.0,0.0,35.87109375,0.0,0.0,30.12890625,0.0,5.6793670654296875
27.685,12.2350833276,-0.007874015748031496,0.0,-0.0078125,0.0,0.0,-0.0,-0.0,0.0,0.0,0.0,33.57421875,0.0,0.0,0.0,37.9765625,0.0,0.0,0.0,39.890625,0.0,0.0,0.0,35.48828125,0.0,0.0,28.7890625,0.0,5.6793670654296875
27.855,12.200528986800002,-0.007874015748031496,0.0,-0.0078125,0.0,0.0,-0.0,-0.0,0.0,0.0,0.0,34.53125,0.0,0.0,0.0,37.40234375,0.0,0.0,0.0,39.890625,0.0,0.0,0.0,35.296875,0.0,0.0,28.98046875,0.0,5.6793670654296875
28.016,12.2178061572,-0.007874015748031496,0.0,-0.0078125,0.0,0.0,-0.0,-0.0,0.0,0.0,0.0,35.10546875,0.0,0.0,0.0,37.78515625,0.0,0.0,0.0,39.890625,0.0,0.0,0.0,35.48828125,0.0,0.0,28.40625,0.0,5.6793670654296875
28.171,12.2178061572,-0.007874015748031496,0.0,-0.0078125,0.0,0.0,-0.0,-0.0,0.0,0.0,0.0,34.33984375,0.0,0.0,0.0,38.55078125,0.0,0.0,0.0,39.69921875,0.0,0.0,0.0,35.296875,0.0,0.0,28.40625,0.0,5.6793670654296875
28.337,12.2437219128,-0.007874015748031496,0.0,-0.0078125,0.0,0.0,-0.0,-0.0,0.0,0.0,0.0,34.53125,0.0,0.0,0.0,37.59375,0.0,0.0,0.0,39.125,0.0,0.0,0.0,35.87109375,0.0,0.0,28.59765625,0.0,5.669586181640625
28.502,12.2350833276,-0.007874015748031496,0.0,-0.0078125,0.0,0.0,-0.0,-0.0,0.0,0.0,0.0,34.33984375,0.0,0.0,0.0,38.359375,0.0,0.0,0.0,39.890625,0.0,0.0,0.0,34.72265625,0.0,0.0,29.36328125,0.0,5.659820556640625
28.658,12.1918904016,-0.007874015748031496,0.0,-0.0078125,0.0,0.0,-0.0,-0.0,0.0,0.0,0.0,34.72265625,0.0,0.0,0.0,37.40234375,0.0,0.0,0.0,39.5078125,0.0,0.0,0.0,35.10546875,0.0,0.0,28.59765625,0.0,5.669586181640625
28.837,12.4942408836,-0.007874015748031496,0.0,-0.0078125,0.0,0.0,-0.0,-0.0,0.0,0.0,0.0,34.1484375,0.0,0.0,0.0,37.59375,0.0,0.0,0.0,39.5078125,0.0,0.0,0.0,35.10546875,0.0,0.0,28.0234375,0.0,5.669586181640625
28.996,12.511518054,-0.007874015748031496,0.0,-0.0078125,0.0,0.0,-0.0,-0.0,0.0,0.0,0.0,34.72265625,0.0,0.0,0.0,37.78515625,0.0,0.0,0.0,39.69921875,0.0,0.0,0.0,35.10546875,0.0,0.0,28.59765625,0.0,5.669586181640625
29.155,12.528795224400001,-0.007874015748031496,0.0,-0.0078125,0.0,0.0,-0.0,-0.0,0.0,0.0,0.0,35.296875,0.0,0.0,0.0,38.16796875,0.0,0.0,0.0,39.69921875,0.0,0.0,0.0,35.10546875,0.0,0.0,28.21484375,0.0,5.669586181640625
29.318,12.5374338096,-0.007874015748031496,0.0,-0.0078125,0.0,0.0,-0.0,-0.0,0.0,0.0,0.0,34.72265625,0.0,0.0,0.0,38.16796875,0.0,0.0,0.0,39.125,0.0,0.0,0.0,35.48828125,0.0,0.0,28.40625,0.0,5.757568359375
S: 29.364 175674324195 Fired
29.485,11.2243688592,-0.007874015748031496,0.0,-0.0078125,0.0,0.0,-0.0,-0.0,0.0,0.0,0.0,34.33984375,0.0,0.0,0.0,37.59375,0.0,0.0,0.0,39.69921875,0.0,0.0,0.0,35.10546875,0.0,0.0,28.40625,0.0,5.259033203125
29.651,10.8961026216,-0.007874015748031496,0.0,-0.0078125,0.0,0.0,-0.0,-0.0,0.0,0.0,0.0,34.1484375,0.0,0.0,0.0,37.59375,0.0,0.0,0.0,39.69921875,0.0,0.0,0.0,35.10546875,0.0,0.0,27.640625,0.0,4.545440673828125
29.813,11.008404229200002,-0.007874015748031496,0.0,-0.0078125,0.0,0.0,-0.0,-0.0,0.0,0.0,0.0,34.33984375,0.0,0.0,0.0,37.9765625,0.0,0.0,0.0,39.69921875,0.0,0.0,0.0,34.9140625,0.0,0.0,28.59765625,0.0,4.3988189697265625
29.974,12.269637668400001,-0.007874015748031496,0.0,-0.0078125,0.0,0.0,-0.0,-0.0,0.0,0.0,0.0,34.33984375,0.0,0.0,0.0,37.59375,0.0,0.0,0.0,39.5078125,0.0,0.0,0.0,35.48828125,0.0,0.0,29.5546875,0.0,4.789825439453125
30.131,12.3905778612,-0.007874015748031496,-0.0078125,-0.0078125,0.0,0.0,-0.0,-0.0,0.0,0.0,0.0,34.33984375,0.0,0.0,0.0,37.59375,0.0,0.0,0.0,39.890625,0.0,0.0,0.0,35.10546875,0.0,0.0,28.98046875,0.0,5.50341796875
30.306,12.468325128,0.234375,-0.1015625,-0.0078125,0.0,0.0,-0.0,-0.0,0.0,0.0,0.0,33.765625,0.0,0.0,0.0,37.78515625,0.0,0.0,0.0,39.5078125,0.0,0.0,0.0,35.6796875,0.0,0.0,28.40625,0.0,5.728240966796875
30.465,11.8809013344,0.1796875,-0.1171875,-0.0078125,-0.1429047208298291,-0.33194755223006756,0.1429047208298291,0.33194755223006756,0.0,-1.66796875,13.73046875,34.1484375,0.0,-3.74609375,20.03125,36.0625,0.0,1.6875,7.953125,39.125,0.0,3.6953125,23.18359375,34.53125,0.0,0.0,26.875,0.0,5.68914794921875
30.627,12.165974646,0.3984375,-0.2421875,-0.0078125,-0.002268041905246987,-0.30955541223047434,0.002268041905246987,0.30955541223047434,0.0,0.0,0.0,35.10546875,0.0,-3.61328125,13.203125,37.78515625,0.0,0.0,0.0,39.31640625,0.0,3.37109375,17.66796875,34.72265625,0.0,0.0,27.44921875,0.0,5.68914794921875
30.794,11.284838955600001,0.3046875,-0.1484375,-0.0078125,0.026693518043344855,-0.5872842972394081,-0.026693518043344855,0.5872842972394081,0.0,0.0,0.0,34.1484375,0.0,-6.33984375,23.83984375,38.359375,0.0,0.0,0.0,39.31640625,0.0,5.83984375,34.73828125,34.53125,0.0,0.0,27.2578125,0.0,5.6793670654296875
30.948,11.569912267200001,0.3046875,-0.1484375,-0.0078125,-0.13091689986505933,-0.46186055177066915,0.13091689986505933,0.46186055177066915,0.0,-1.50390625,1.78125,34.53125,0.0,-5.1484375,14.25390625,37.59375,0.0,1.52734375,0.0,39.31640625,0.0,4.94921875,23.97265625,34.33984375,0.0,0.0,28.7890625,0.0,5.6304931640625
31.111,11.6735752896,0.3046875,-0.1484375,-0.0078125,-0.13091689986505933,-0.46186055177066915,0.13091689986505933,0.46186055177066915,-82.14430236816406,-1.53125,0.0,34.53125,0.0,-5.1484375,13.9921875,37.78515625,0.0,1.5390625,0.0,38.93359375,0.0,4.96484375,23.31640625,34.33984375,0.0,0.0,29.36328125,0.0,5.5913848876953125
31.291,11.647659534,-0.0,0.0,-0.0078125,-0.13091689986505933,-0.46186055177066915,0.13091689986505933,0.46186055177066915,-4.44512939453125,-1.53125,0.0,33.95703125,0.0,-5.1640625,12.546875,37.40234375,0.0,1.53125,0.0,39.125,0.0,5.11328125,18.71875,34.72265625,0.0,0.0,28.40625,0.0,5.659820556640625
31.454,12.105504549599999,-0.007874015748031496,0.0,-0.0078125,0.0,0.0,-0.0,-0.0,-36.766815185546875,0.0,0.0,34.1484375,0.0,0.0,0.0,38.16796875,0.0,0.0,0.0,39.69921875,0.0,0.0,0.0,35.87109375,0.0,0.0,28.98046875,0.0,5.669586181640625
31.615,12.1746132312,-0.05511811023622047,0.0,-0.0078125,0.0,0.0,-0.0,-0.0,-4.9157562255859375,0.0,0.0,33.95703125,0.0,0.0,0.0,37.59375,0.0,0.0,0.0,39.31640625,0.0,0.0,0.0,35.48828125,0.0,0.0,28.40625,0.0,5.6500396728515625
31.776,12.165974646,-0.09448818897637795,0.0,-0.0078125,0.0,0.0,-0.0,-0.0,0.0,0.0,0.0,34.72265625,0.0,0.0,0.0,38.16796875,0.0,0.0,0.0,39.31640625,0.0,0.0,0.0,35.48828125,0.0,0.0,28.21484375,0.0,5.669586181640625
31.937,11.9586486012,-0.15748031496062992,-0.0703125,-0.0078125,0.15748031496062995,0.1574803149606299,-0.15748031496062995,-0.1574803149606299,0.0,1.83984375,18.32421875,33.3828125,0.0,1.90234375,11.62890625,37.9765625,0.0,-1.875,12.0234375,39.69921875,0.0,-1.86328125,15.4375,35.6796875,0.0,0.0,29.36328125,0.0,5.6793670654296875
32.11,12.0277572828,-0.18110236220472442,-0.0703125,-0.0078125,0.15748031496062995,0.1574803149606299,-0.15748031496062995,-0.1574803149606299,0.0,1.86328125,13.3359375,34.72265625,0.0,1.86328125,8.4765625,37.78515625,0.0,-1.8828125,8.08203125,39.69921875,0.0,-1.87890625,9.52734375,35.6796875,0.0,0.0,30.12890625,0.0,5.669586181640625
32.274,12.019118697600002,-0.007874015748031496,0.0,-0.0078125,0.18110236220472448,0.18110236220472437,-0.18110236220472448,-0.18110236220472437,0.0,2.14453125,12.15234375,34.1484375,0.0,2.12890625,7.42578125,37.78515625,0.0,-2.1796875,7.8203125,39.69921875,0.0,-2.16796875,9.1328125,35.6796875,0.0,0.0,28.40625,0.0,5.659820556640625
32.438,12.1746132312,-0.0,0.0,-0.0078125,0.0,0.0,-0.0,-0.0,0.0,0.0,0.0,34.9140625,0.0,0.0,0.0,36.828125,0.0,0.0,0.0,39.69921875,0.0,0.0,0.0,36.0625,0.0,0.0,28.7890625,0.0,5.659820556640625
32.595,12.1573360608,-0.0,0.0,-0.0078125,0.0,0.0,-0.0,-0.0,0.0,0.0,0.0,34.72265625,0.0,0.0,0.0,38.16796875,0.0,0.0,0.0,39.69921875,0.0,0.0,0.0,35.6796875,0.0,0.0,28.7890625,0.0,5.6500396728515625
32.756,12.165974646,0.0078125,0.0,-0.0078125,0.0,0.0,-0.0,-0.0,0.0,0.0,0.0,34.72265625,0.0,0.0,0.0,37.9765625,0.0,0.0,0.0,39.69921875,0.0,0.0,0.0,35.48828125,0.0,0.0,29.36328125,0.0,5.659820556640625
32.915,12.1400588904,0.0078125,0.0,-0.0078125,0.0,0.0,-0.0,-0.0,0.0,0.0,0.0,34.53125,0.0,0.0,0.0,38.16796875,0.0,0.0,0.0,39.5078125,0.0,0.0,0.0,35.48828125,0.0,0.0,28.59765625,0.0,5.669586181640625
33.075,12.1400588904,0.0078125,0.0,-0.0078125,0.0,0.0,-0.0,-0.0,0.0,0.0,0.0,34.72265625,0.0,0.0,0.0,38.359375,0.0,0.0,0.0,39.125,0.0,0.0,0.0,35.10546875,0.0,0.0,28.0234375,0.0,5.659820556640625
33.24,12.1746132312,0.0078125,0.0,-0.0078125,0.0,0.0,-0.0,-0.0,0.0,0.0,0.0,33.95703125,0.0,0.0,0.0,38.7421875,0.0,0.0,0.0,39.69921875,0.0,0.0,0.0,35.87109375,0.0,0.0,28.59765625,0.0,5.659820556640625
33.414,12.1400588904,0.0078125,0.0,-0.0078125,0.0,0.0,-0.0,-0.0,0.0,0.0,0.0,35.48828125,0.0,0.0,0.0,37.9765625,0.0,0.0,0.0,39.69921875,0.0,0.0,0.0,35.10546875,0.0,0.0,28.98046875,0.0,5.659820556640625
33.575,12.1400588904,0.0078125,0.0,-0.0078125,0.0,0.0,-0.0,-0.0,0.0,0.0,0.0,34.72265625,0.0,0.0,0.0,38.359375,0.0,0.0,0.0,39.5078125,0.0,0.0,0.0,35.296875,0.0,0.0,28.98046875,0.0,5.6500396728515625
33.734,12.1918904016,0.0078125,0.0,-0.0078125,0.0,0.0,-0.0,-0.0,0.0,0.0,0.0,33.95703125,0.0,0.0,0.0,38.359375,0.0,0.0,0.0,39.5078125,0.0,0.0,0.0,34.9140625,0.0,0.0,28.0234375,0.0,5.659820556640625
33.892,12.226444742400002,0.0078125,0.0,-0.0078125,0.0,0.0,-0.0,-0.0,0.0,0.0,0.0,34.53125,0.0,0.0,0.0,37.9765625,0.0,0.0,0.0,39.69921875,0.0,0.0,0.0,35.10546875,0.0,0.0,28.98046875,0.0,5.659820556640625
34.058,12.1400588904,0.0078125,0.0,-0.0078125,0.0,0.0,-0.0,-0.0,0.0,0.0,0.0,34.1484375,0.0,0.0,0.0,37.78515625,0.0,0.0,0.0,39.69921875,0.0,0.0,0.0,35.48828125,0.0,0.0,28.98046875,0.0,5.6500396728515625
34.216,12.2178061572,0.0078125,0.0,-0.0078125,0.0,0.0,-0.0,-0.0,0.0,0.0,0.0,34.1484375,0.0,0.0,0.0,37.78515625,0.0,0.0,0.0,39.69921875,0.0,0.0,0.0,35.48828125,0.0,0.0,29.5546875,0.0,5.659820556640625
34.388,12.200528986800002,0.0078125,0.0,-0.0078125,0.0,0.0,-0.0,-0.0,0.0,0.0,0.0,34.9140625,0.0,0.0,0.0,37.40234375,0.0,0.0,0.0,39.890625,0.0,0.0,0.0,34.53125,0.0,0.0,28.98046875,0.0,5.659820556640625
34.556,12.2178061572,0.0078125,0.0,-0.0078125,0.0,0.0,-0.0,-0.0,0.0,0.0,0.0,34.1484375,0.0,0.0,0.0,37.59375,0.0,0.0,0.0,39.125,0.0,0.0,0.0,35.10546875,0.0,0.0,28.0234375,0.0,5.659820556640625
34.722,12.1400588904,0.0078125,0.0,-0.0078125,0.0,0.0,-0.0,-0.0,0.0,0.0,0.0,35.10546875,0.0,0.0,0.0,38.7421875,0.0,0.0,0.0,39.31640625,0.0,0.0,0.0,35.48828125,0.0,0.0,28.59765625,0.0,5.659820556640625
34.901,12.1400588904,0.0078125,0.0,-0.0078125,0.0,0.0,-0.0,-0.0,0.0,0.0,0.0,34.33984375,0.0,0.0,0.0,37.40234375,0.0,0.0,0.0,39.5078125,0.0,0.0,0.0,35.10546875,0.0,0.0,28.59765625,0.0,5.659820556640625
35.064,12.165974646,0.0078125,0.0,-0.0078125,0.0,0.0,-0.0,-0.0,0.0,0.0,0.0,34.53125,0.0,0.0,0.0,37.59375,0.0,0.0,0.0,39.125,0.0,0.0,0.0,34.72265625,0.0,0.0,28.7890625,0.0,5.659820556640625
35.242,12.12278172,0.0078125,0.0,-0.0078125,0.0,0.0,-0.0,-0.0,0.0,0.0,0.0,33.95703125,0.0,0.0,0.0,37.78515625,0.0,0.0,0.0,39.31640625,0.0,0.0,0.0,35.10546875,0.0,0.0,28.98046875,0.0,5.659820556640625
35.412,12.4856022984,0.0078125,0.0,-0.0078125,0.0,0.0,-0.0,-0.0,0.0,0.0,0.0,33.95703125,0.0,0.0,0.0,38.16796875,0.0,0.0,0.0,39.31640625,0.0,0.0,0.0,35.48828125,0.0,0.0,28.7890625,0.0,5.659820556640625
35.576,12.502879468800002,0.0078125,0.0,-0.0078125,0.0,0.0,-0.0,-0.0,0.0,0.0,0.0,34.33984375,0.0,0.0,0.0,37.01953125,0.0,0.0,0.0,39.31640625,0.0,0.0,0.0,35.10546875,0.0,0.0,28.0234375,0.0,5.669586181640625
35.742,12.5201566392,0.0078125,0.0,-0.0078125,0.0,0.0,-0.0,-0.0,0.0,0.0,0.0,34.33984375,0.0,0.0,0.0,37.78515625,0.0,0.0,0.0,39.890625,0.0,0.0,0.0,35.10546875,0.0,0.0,28.40625,0.0,5.659820556640625
35.902,12.528795224400001,0.0078125,0.0,-0.0078125,0.0,0.0,-0.0,-0.0,0.0,0.0,0.0,34.9140625,0.0,0.0,0.0,37.78515625,0.0,0.0,0.0,38.93359375,0.0,0.0,0.0,35.87109375,0.0,0.0,28.40625,0.0,5.659820556640625
36.075,12.5374338096,0.0078125,0.0,-0.0078125,0.0,0.0,-0.0,-0.0,0.0,0.0,0.0,34.1484375,0.0,0.0,0.0,37.9765625,0.0,0.0,0.0,39.5078125,0.0,0.0,0.0,35.10546875,0.0,0.0,28.7890625,0.0,5.659820556640625
36.235,12.546072394800001,0.0078125,0.0,-0.0078125,0.0,0.0,-0.0,-0.0,0.0,0.0,0.0,33.765625,0.0,0.0,0.0,38.16796875,0.0,0.0,0.0,39.31640625,0.0,0.0,0.0,35.10546875,0.0,0.0,28.40625,0.0,5.659820556640625
36.404,12.546072394800001,0.0234375,0.0,-0.0078125,0.0,0.0,-0.0,-0.0,0.0,0.0,0.0,34.1484375,0.0,0.0,0.0,38.359375,0.0,0.0,0.0,38.93359375,0.0,0.0,0.0,35.296875,0.0,0.0,28.40625,0.0,5.659820556640625
36.575,12.554710980000001,0.1796875,-0.1015625,-0.0078125,0.0,0.0,-0.0,-0.0,0.0,0.0,0.0,33.19140625,0.0,0.0,0.0,37.78515625,0.0,0.0,0.0,39.5078125,0.0,0.0,0.0,34.53125,0.0,0.0,28.59765625,0.0,5.659820556640625
36.738,12.347384935200001,0.1796875,-0.1015625,-0.0078125,-0.03550042402406084,-0.29309015999331645,0.03550042402406084,0.29309015999331645,0.0,0.0,0.0,34.33984375,0.0,-3.44140625,17.5390625,38.7421875,0.0,0.0,0.0,39.5078125,0.0,3.34765625,22.52734375,34.33984375,0.0,0.0,29.171875,0.0,5.659820556640625
36.906,12.1918904016,0.203125,-0.1015625,-0.0078125,-0.07889375000000007,-0.31224375000000004,0.07889375000000007,0.31224375000000004,0.0,-0.9609375,8.21484375,35.296875,0.0,-3.66796875,15.9609375,37.40234375,0.0,0.9609375,2.5703125,39.69921875,0.0,3.56640625,21.87109375,34.33984375,0.0,0.0,28.0234375,0.0,5.659820556640625
37.093,12.2350833276,0.203125,-0.1015625,-0.0078125,-0.07889375000000007,-0.31224375000000004,0.07889375000000007,0.31224375000000004,0.0,-0.96875,2.17578125,34.1484375,0.0,-3.64453125,14.25390625,36.4453125,0.0,0.96484375,1.91015625,39.5078125,0.0,3.6328125,17.14453125,34.9140625,0.0,0.0,29.171875,0.0,5.659820556640625
37.265,12.226444742400002,0.203125,-0.1015625,-0.0078125,-0.07889375000000007,-0.31224375000000004,0.07889375000000007,0.31224375000000004,0.0,-0.96875,0.0,34.33984375,0.0,-3.6796875,14.6484375,37.9765625,0.0,0.96484375,0.0,39.31640625,0.0,3.609375,19.24609375,34.9140625,0.0,0.0,28.40625,0.0,5.659820556640625
37.438,12.2350833276,0.109375,-0.1015625,-0.0078125,-0.07889375000000007,-0.31224375000000004,0.07889375000000007,0.31224375000000004,0.0,-0.97265625,0.0,34.53125,0.0,-3.66796875,11.76171875,36.4453125,0.0,0.96875,1.125,39.5078125,0.0,3.640625,18.32421875,35.10546875,0.0,0.0,28.21484375,0.0,5.659820556640625
37.614,12.4856022984,-0.0,-0.0078125,-0.203125,0.0,0.0,-0.0,-0.0,-57.73393249511719,0.0,0.0,33.765625,0.0,0.0,0.0,37.59375,0.0,0.0,0.0,39.31640625,0.0,0.0,0.0,35.10546875,0.0,0.0,29.9375,0.0,5.6500396728515625
37.775,12.5201566392,-0.0,-0.0078125,-0.0078125,0.0,0.0,-0.0,-0.0,0.0,0.0,0.0,34.33984375,0.0,0.0,0.0,37.9765625,0.0,0.0,0.0,39.31640625,0.0,0.0,0.0,35.296875,0.0,0.0,28.40625,0.0,5.669586181640625
37.964,12.5374338096,-0.0,-0.0078125,-0.0078125,0.0,0.0,-0.0,-0.0,0.0,0.0,0.0,34.33984375,0.0,0.0,0.0,37.01953125,0.0,0.0,0.0,39.31640625,0.0,0.0,0.0,34.72265625,0.0,0.0,28.40625,0.0,5.6500396728515625
38.133,12.546072394800001,-0.0,-0.0078125,-0.0625,0.0,0.0,-0.0,-0.0,0.0,0.0,0.0,34.33984375,0.0,0.0,0.0,37.01953125,0.0,0.0,0.0,39.69921875,0.0,0.0,0.0,35.48828125,0.0,0.0,28.21484375,0.0,5.6500396728515625
38.295,12.554710980000001,-0.0,-0.0078125,-0.125,0.0,0.0,-0.0,-0.0,0.0,0.0,0.0,34.72265625,0.0,0.0,0.0,38.359375,0.0,0.0,0.0,39.125,0.0,0.0,0.0,35.296875,0.0,0.0,29.171875,0.0,5.669586181640625
38.456,12.5633495652,-0.007874015748031496,0.0,0.0,0.0,0.0,-0.0,-0.0,0.0,0.0,0.0,34.72265625,0.0,0.0,0.0,37.78515625,0.0,0.0,0.0,39.5078125,0.0,0.0,0.0,35.10546875,0.0,0.0,28.0234375,0.0,5.659820556640625
38.624,12.5633495652,-0.007874015748031496,0.0,0.0,0.0,0.0,-0.0,-0.0,0.0,0.0,0.0,33.95703125,0.0,0.0,0.0,37.9765625,0.0,0.0,0.0,39.125,0.0,0.0,0.0,35.48828125,0.0,0.0,28.7890625,0.0,5.728240966796875
S: 38.674 175674333504 Fired
38.795,11.0256813996,-0.007874015748031496,0.0,0.0,0.0,0.0,-0.0,-0.0,0.0,0.0,0.0,34.72265625,0.0,0.0,0.0,37.78515625,0.0,0.0,0.0,38.93359375,0.0,0.0,0.0,34.53125,0.0,0.0,28.7890625,0.0,5.1319580078125
38.975,10.826993940000001,-0.007874015748031496,0.0,0.0,0.0,0.0,-0.0,-0.0,0.0,0.0,0.0,34.53125,0.0,0.0,0.0,39.125,0.0,0.0,0.0,39.125,0.0,0.0,0.0,35.48828125,0.0,0.0,29.171875,0.0,4.3303985595703125
39.155,12.0104801124,-0.007874015748031496,0.0,0.0,0.0,0.0,-0.0,-0.0,0.0,0.0,0.0,34.53125,0.0,0.0,0.0,37.78515625,0.0,0.0,0.0,39.5078125,0.0,0.0,0.0,35.10546875,0.0,0.0,28.40625,0.0,4.5552215576171875
39.355,11.9845643568,-0.007874015748031496,0.0,0.0,0.0,0.0,-0.0,-0.0,0.0,0.0,0.0,35.10546875,0.0,0.0,0.0,38.16796875,0.0,0.0,0.0,39.5078125,0.0,0.0,0.0,35.6796875,0.0,0.0,29.171875,0.0,5.2101593017578125
39.515,12.425132202,-0.007874015748031496,0.0,0.0,0.0,0.0,-0.0,-0.0,0.0,0.0,0.0,34.1484375,0.0,0.0,0.0,36.828125,0.0,0.0,0.0,39.890625,0.0,0.0,0.0,35.48828125,0.0,0.0,29.36328125,0.0,5.68914794921875
39.676,12.3560235204,-0.007874015748031496,0.0,0.0,0.0,0.0,-0.0,-0.0,0.0,0.0,0.0,33.95703125,0.0,0.0,0.0,37.59375,0.0,0.0,0.0,39.31640625,0.0,0.0,0.0,34.9140625,0.0,0.0,28.59765625,0.0,5.7673492431640625
39.834,12.0623116236,-0.007874015748031496,0.0,0.0,0.0,0.0,-0.0,-0.0,0.0,0.0,0.0,34.53125,0.0,0.0,0.0,37.78515625,0.0,0.0,0.0,39.31640625,0.0,0.0,0.0,35.48828125,0.0,0.0,28.21484375,0.0,5.7086944580078125
39.997,12.1486974756,-0.007874015748031496,0.0,0.0,0.0,0.0,-0.0,-0.0,0.0,0.0,0.0,34.1484375,0.0,0.0,0.0,37.78515625,0.0,0.0,0.0,39.5078125,0.0,0.0,0.0,35.48828125,0.0,0.0,28.7890625,0.0,5.669586181640625
40.166,12.200528986800002,-0.007874015748031496,0.0,0.0,0.0,0.0,-0.0,-0.0,0.0,0.0,0.0,34.33984375,0.0,0.0,0.0,37.78515625,0.0,0.0,0.0,38.7421875,0.0,0.0,0.0,35.10546875,0.0,0.0,29.5546875,0.0,5.669586181640625
40.334,12.226444742400002,-0.007874015748031496,0.0,0.0,0.0,0.0,-0.0,-0.0,0.0,0.0,0.0,34.9140625,0.0,0.0,0.0,37.9765625,0.0,0.0,0.0,39.69921875,0.0,0.0,0.0,35.6796875,0.0,0.0,28.40625,0.0,5.659820556640625
40.501,12.1400588904,-0.007874015748031496,0.0,0.0,0.0,0.0,-0.0,-0.0,0.0,0.0,0.0,34.53125,0.0,0.0,0.0,37.78515625,0.0,0.0,0.0,39.890625,0.0,0.0,0.0,35.296875,0.0,0.0,28.59765625,0.0,5.659820556640625
40.675,12.226444742400002,-0.007874015748031496,0.0,0.0,0.0,0.0,-0.0,-0.0,0.0,0.0,0.0,34.33984375,0.0,0.0,0.0,38.7421875,0.0,0.0,0.0,39.31640625,0.0,0.0,0.0,34.9140625,0.0,0.0,28.98046875,0.0,5.659820556640625
40.852,12.209167572,-0.007874015748031496,0.0,0.0,0.0,0.0,-0.0,-0.0,0.0,0.0,0.0,34.33984375,0.0,0.0,0.0,37.9765625,0.0,0.0,0.0,39.5078125,0.0,0.0,0.0,35.6796875,0.0,0.0,28.98046875,0.0,5.6500396728515625
41.015,12.2178061572,-0.007874015748031496,0.0,0.0,0.0,0.0,-0.0,-0.0,0.0,0.0,0.0,33.95703125,0.0,0.0,0.0,37.78515625,0.0,0.0,0.0,39.125,0.0,0.0,0.0,35.48828125,0.0,0.0,28.98046875,0.0,5.659820556640625
41.182,12.209167572,-0.007874015748031496,0.0,0.0,0.0,0.0,-0.0,-0.0,0.0,0.0,0.0,34.33984375,0.0,0.0,0.0,37.40234375,0.0,0.0,0.0,39.69921875,0.0,0.0,0.0,35.10546875,0.0,0.0,28.7890625,0.0,5.6500396728515625
41.352,12.1918904016,-0.007874015748031496,0.0,0.0,0.0,0.0,-0.0,-0.0,0.0,0.0,0.0,34.53125,0.0,0.0,0.0,37.59375,0.0,0.0,0.0,39.31640625,0.0,0.0,0.0,35.10546875,0.0,0.0,29.171875,0.0,5.659820556640625
41.515,12.1918904016,-0.007874015748031496,0.0,0.0,0.0,0.0,-0.0,-0.0,0.0,0.0,0.0,35.296875,0.0,0.0,0.0,38.359375,0.0,0.0,0.0,39.890625,0.0,0.0,0.0,35.10546875,0.0,0.0,29.74609375,0.0,5.6500396728515625
41.683,12.226444742400002,-0.007874015748031496,0.0,0.0,0.0,0.0,-0.0,-0.0,0.0,0.0,0.0,33.95703125,0.0,0.0,0.0,37.2109375,0.0,0.0,0.0,39.5078125,0.0,0.0,0.0,35.6796875,0.0,0.0,28.59765625,0.0,5.659820556640625
41.845,12.226444742400002,-0.007874015748031496,0.0,0.0,0.0,0.0,-0.0,-0.0,0.0,0.0,0.0,34.72265625,0.0,0.0,0.0,37.59375,0.0,0.0,0.0,39.31640625,0.0,0.0,0.0,35.10546875,0.0,0.0,28.59765625,0.0,5.659820556640625
42.02,12.209167572,-0.007874015748031496,0.0,0.0,0.0,0.0,-0.0,-0.0,0.0,0.0,0.0,35.10546875,0.0,0.0,0.0,38.16796875,0.0,0.0,0.0,40.08203125,0.0,0.0,0.0,35.48828125,0.0,0.0,29.36328125,0.0,5.659820556640625
42.187,12.2178061572,-0.007874015748031496,0.0,0.0,0.0,0.0,-0.0,-0.0,0.0,0.0,0.0,34.33984375,0.0,0.0,0.0,37.9765625,0.0,0.0,0.0,39.5078125,0.0,0.0,0.0,35.6796875,0.0,0.0,27.83203125,0.0,5.659820556640625
42.356,12.1400588904,-0.007874015748031496,0.0,0.0,0.0,0.0,-0.0,-0.0,0.0,0.0,0.0,33.95703125,0.0,0.0,0.0,37.2109375,0.0,0.0,0.0,39.125,0.0,0.0,0.0,35.48828125,0.0,0.0,28.0234375,0.0,5.659820556640625
42.52,12.165974646,-0.007874015748031496,0.0,0.0,0.0,0.0,-0.0,-0.0,0.0,0.0,0.0,34.33984375,0.0,0.0,0.0,37.59375,0.0,0.0,0.0,39.69921875,0.0,0.0,0.0,34.9140625,0.0,0.0,28.98046875,0.0,5.659820556640625
42.677,12.226444742400002,-0.007874015748031496,0.0,0.0,0.0,0.0,-0.0,-0.0,0.0,0.0,0.0,33.765625,0.0,0.0,0.0,37.2109375,0.0,0.0,0.0,39.125,0.0,0.0,0.0,36.0625,0.0,0.0,28.40625,0.0,5.6500396728515625
42.836,12.226444742400002,-0.007874015748031496,0.0,0.0,0.0,0.0,-0.0,-0.0,0.0,0.0,0.0,34.72265625,0.0,0.0,0.0,38.359375,0.0,0.0,0.0,39.31640625,0.0,0.0,0.0,35.296875,0.0,0.0,29.9375,0.0,5.659820556640625
43.017,12.226444742400002,-0.007874015748031496,0.0,0.0,0.0,0.0,-0.0,-0.0,0.0,0.0,0.0,33.95703125,0.0,0.0,0.0,38.16796875,0.0,0.0,0.0,39.5078125,0.0,0.0,0.0,34.9140625,0.0,0.0,28.7890625,0.0,5.659820556640625
43.183,12.1486974756,-0.007874015748031496,0.0,0.0,0.0,0.0,-0.0,-0.0,0.0,0.0,0.0,34.72265625,0.0,0.0,0.0,37.78515625,0.0,0.0,0.0,39.125,0.0,0.0,0.0,35.10546875,0.0,0.0,29.5546875,0.0,5.659820556640625
43.353,12.200528986800002,-0.007874015748031496,0.0,0.0,0.0,0.0,-0.0,-0.0,0.0,0.0,0.0,34.33984375,0.0,0.0,0.0,37.9765625,0.0,0.0,0.0,39.5078125,0.0,0.0,0.0,34.72265625,0.0,0.0,29.5546875,0.0,5.659820556640625
43.514,12.1918904016,-0.007874015748031496,0.0,0.0,0.0,0.0,-0.0,-0.0,0.0,0.0,0.0,34.53125,0.0,0.0,0.0,37.9765625,0.0,0.0,0.0,39.5078125,0.0,0.0,0.0,35.48828125,0.0,0.0,29.171875,0.0,5.659820556640625
43.683,12.226444742400002,-0.007874015748031496,0.0,0.0,0.0,0.0,-0.0,-0.0,0.0,0.0,0.0,34.1484375,0.0,0.0,0.0,37.78515625,0.0,0.0,0.0,39.31640625,0.0,0.0,0.0,35.10546875,0.0,0.0,29.171875,0.0,5.6500396728515625
43.866,12.1573360608,-0.007874015748031496,0.0,0.0,0.0,0.0,-0.0,-0.0,0.0,0.0,0.0,34.53125,0.0,0.0,0.0,37.78515625,0.0,0.0,0.0,39.31640625,0.0,0.0,0.0,35.10546875,0.0,0.0,29.9375,0.0,5.659820556640625
44.036,12.1918904016,-0.007874015748031496,0.0,0.0,0.0,0.0,-0.0,-0.0,0.0,0.0,0.0,34.53125,0.0,0.0,0.0,37.40234375,0.0,0.0,0.0,39.69921875,0.0,0.0,0.0,35.48828125,0.0,0.0,28.98046875,0.0,5.659820556640625
44.203,12.226444742400002,-0.007874015748031496,0.0,0.0,0.0,0.0,-0.0,-0.0,0.0,0.0,0.0,33.95703125,0.0,0.0,0.0,37.59375,0.0,0.0,0.0,38.7421875,0.0,0.0,0.0,35.48828125,0.0,0.0,28.98046875,0.0,5.6500396728515625
44.372,12.4856022984,-0.007874015748031496,0.0,0.0,0.0,0.0,-0.0,-0.0,0.0,0.0,0.0,34.33984375,0.0,0.0,0.0,38.16796875,0.0,0.0,0.0,39.125,0.0,0.0,0.0,35.10546875,0.0,0.0,28.7890625,0.0,5.6500396728515625
44.534,12.511518054,-0.007874015748031496,0.0,0.0,0.0,0.0,-0.0,-0.0,0.0,0.0,0.0,34.1484375,0.0,0.0,0.0,38.16796875,0.0,0.0,0.0,39.69921875,0.0,0.0,0.0,35.10546875,0.0,0.0,30.3203125,0.0,5.659820556640625
44.696,12.528795224400001,-0.007874015748031496,0.0,0.0,0.0,0.0,-0.0,-0.0,0.0,0.0,0.0,34.53125,0.0,0.0,0.0,37.78515625,0.0,0.0,0.0,39.125,0.0,0.0,0.0,35.296875,0.0,0.0,28.98046875,0.0,5.659820556640625
44.866,12.546072394800001,-0.007874015748031496,0.0,0.0,0.0,0.0,-0.0,-0.0,0.0,0.0,0.0,34.33984375,0.0,0.0,0.0,37.59375,0.0,0.0,0.0,39.125,0.0,0.0,0.0,35.48828125,0.0,0.0,28.7890625,0.0,5.659820556640625
45.054,12.554710980000001,-0.007874015748031496,0.0,0.0,0.0,0.0,-0.0,-0.0,0.0,0.0,0.0,34.33984375,0.0,0.0,0.0,37.78515625,0.0,0.0,0.0,39.31640625,0.0,0.0,0.0,35.296875,0.0,0.0,28.59765625,0.0,5.6500396728515625
45.213,12.5633495652,-0.007874015748031496,0.0,0.0,0.0,0.0,-0.0,-0.0,0.0,0.0,0.0,34.72265625,0.0,0.0,0.0,37.9765625,0.0,0.0,0.0,39.125,0.0,0.0,0.0,34.9140625,0.0,0.0,28.7890625,0.0,5.659820556640625
45.383,12.5633495652,-0.007874015748031496,0.0,0.0,0.0,0.0,-0.0,-0.0,0.0,0.0,0.0,33.95703125,0.0,0.0,0.0,37.78515625,0.0,0.0,0.0,39.5078125,0.0,0.0,0.0,35.48828125,0.0,0.0,29.9375,0.0,5.6500396728515625
45.552,12.571988150400001,-0.007874015748031496,0.0,0.0,0.0,0.0,-0.0,-0.0,0.0,0.0,0.0,34.33984375,0.0,0.0,0.0,37.78515625,0.0,0.0,0.0,39.890625,0.0,0.0,0.0,35.10546875,0.0,0.0,28.98046875,0.0,5.6500396728515625
45.713,12.571988150400001,-0.007874015748031496,0.0,0.0,0.0,0.0,-0.0,-0.0,0.0,0.0,0.0,34.72265625,0.0,0.0,0.0,38.16796875,0.0,0.0,0.0,38.93359375,0.0,0.0,0.0,35.48828125,0.0,0.0,27.44921875,0.0,5.659820556640625
45.876,12.580626735600001,-0.007874015748031496,0.0,0.0,0.0,0.0,-0.0,-0.0,0.0,0.0,0.0,34.33984375,0.0,0.0,0.0,37.9765625,0.0,0.0,0.0,39.31640625,0.0,0.0,0.0,35.48828125,0.0,0.0,28.98046875,0.0,5.6500396728515625
46.035,12.580626735600001,-0.007874015748031496,0.0,0.0,0.0,0.0,-0.0,-0.0,0.0,0.0,0.0,34.33984375,0.0,0.0,0.0,37.59375,0.0,0.0,0.0,39.69921875,0.0,0.0,0.0,35.296875,0.0,0.0,28.98046875,0.0,5.659820556640625
46.195,12.580626735600001,-0.007874015748031496,0.0,0.0,0.0,0.0,-0.0,-0.0,0.0,0.0,0.0,34.53125,0.0,0.0,0.0,37.78515625,0.0,0.0,0.0,38.93359375,0.0,0.0,0.0,35.48828125,0.0,0.0,28.7890625,0.0,5.6500396728515625
46.354,12.580626735600001,-0.007874015748031496,0.0,0.0,0.0,0.0,-0.0,-0.0,0.0,0.0,0.0,34.33984375,0.0,0.0,0.0,37.59375,0.0,0.0,0.0,39.5078125,0.0,0.0,0.0,35.10546875,0.0,0.0,29.36328125,0.0,5.6500396728515625
46.512,12.580626735600001,-0.007874015748031496,0.0,0.0,0.0,0.0,-0.0,-0.0,0.0,0.0,0.0,34.53125,0.0,0.0,0.0,37.9765625,0.0,0.0,0.0,39.5078125,0.0,0.0,0.0,34.9140625,0.0,0.0,28.7890625,0.0,5.6500396728515625
46.674,12.580626735600001,-0.007874015748031496,0.0,0.0,0.0,0.0,-0.0,-0.0,0.0,0.0,0.0,33.95703125,0.0,0.0,0.0,37.9765625,0.0,0.0,0.0,39.31640625,0.0,0.0,0.0,35.48828125,0.0,0.0,29.36328125,0.0,5.6500396728515625
46.846,12.5892653208,-0.007874015748031496,0.0,0.0,0.0,0.0,-0.0,-0.0,0.0,0.0,0.0,34.33984375,0.0,0.0,0.0,38.359375,0.0,0.0,0.0,39.31640625,0.0,0.0,0.0,35.296875,0.0,0.0,28.7890625,0.0,5.7086944580078125
S: 46.915 175674341746 Fired
47.026,11.3193932964,-0.007874015748031496,0.0,0.0,0.0,0.0,-0.0,-0.0,0.0,0.0,0.0,34.33984375,0.0,0.0,0.0,37.40234375,0.0,0.0,0.0,39.5078125,0.0,0.0,0.0,35.6796875,0.0,0.0,28.40625,0.0,5.2101593017578125
47.214,10.8183553548,-0.007874015748031496,0.0,0.0,0.0,0.0,-0.0,-0.0,0.0,0.0,0.0,35.10546875,0.0,0.0,0.0,37.40234375,0.0,0.0,0.0,39.5078125,0.0,0.0,0.0,35.296875,0.0,0.0,27.06640625,0.0,4.32061767578125
47.395,12.1400588904,-0.007874015748031496,0.0,0.0,0.0,0.0,-0.0,-0.0,0.0,0.0,0.0,33.95703125,0.0,0.0,0.0,37.78515625,0.0,0.0,0.0,39.31640625,0.0,0.0,0.0,34.9140625,0.0,0.0,28.98046875,0.0,4.4672393798828125
47.554,12.0018415272,-0.007874015748031496,0.0,0.0,0.0,0.0,-0.0,-0.0,0.0,0.0,0.0,34.1484375,0.0,0.0,0.0,37.9765625,0.0,0.0,0.0,39.31640625,0.0,0.0,0.0,35.10546875,0.0,0.0,29.36328125,0.0,5.043975830078125
47.733,12.4164936168,-0.007874015748031496,0.0,0.0,0.0,0.0,-0.0,-0.0,0.0,0.0,0.0,33.95703125,0.0,0.0,0.0,37.9765625,0.0,0.0,0.0,39.69921875,0.0,0.0,0.0,35.6796875,0.0,0.0,28.7890625,0.0,5.669586181640625
47.902,12.4337707872,-0.007874015748031496,0.0,0.0,0.0,0.0,-0.0,-0.0,0.0,0.0,0.0,34.1484375,0.0,0.0,0.0,37.78515625,0.0,0.0,0.0,39.890625,0.0,0.0,0.0,35.296875,0.0,0.0,28.98046875,0.0,5.757568359375
48.061,12.468325128,-0.007874015748031496,0.0,0.0,0.0,0.0,-0.0,-0.0,0.0,0.0,0.0,34.72265625,0.0,0.0,0.0,37.59375,0.0,0.0,0.0,39.5078125,0.0,0.0,0.0,34.9140625,0.0,0.0,28.7890625,0.0,5.68914794921875
48.221,12.511518054,-0.007874015748031496,0.0,0.0,0.0,0.0,-0.0,-0.0,0.0,0.0,0.0,34.33984375,0.0,0.0,0.0,37.78515625,0.0,0.0,0.0,39.31640625,0.0,0.0,0.0,34.9140625,0.0,0.0,29.171875,0.0,5.669586181640625
48.393,12.5374338096,-0.007874015748031496,0.0,0.0,0.0,0.0,-0.0,-0.0,0.0,0.0,0.0,33.57421875,0.0,0.0,0.0,37.78515625,0.0,0.0,0.0,39.69921875,0.0,0.0,0.0,35.10546875,0.0,0.0,28.59765625,0.0,5.669586181640625
48.554,12.554710980000001,-0.007874015748031496,0.0,0.0,0.0,0.0,-0.0,-0.0,0.0,0.0,0.0,34.53125,0.0,0.0,0.0,38.16796875,0.0,0.0,0.0,38.93359375,0.0,0.0,0.0,35.48828125,0.0,0.0,28.98046875,0.0,5.669586181640625
48.716,12.5633495652,-0.007874015748031496,0.0,0.0,0.0,0.0,-0.0,-0.0,0.0,0.0,0.0,34.72265625,0.0,0.0,0.0,37.78515625,0.0,0.0,0.0,39.5078125,0.0,0.0,0.0,35.296875,0.0,0.0,28.59765625,0.0,5.669586181640625
48.894,12.571988150400001,-0.007874015748031496,0.0,0.0,0.0,0.0,-0.0,-0.0,0.0,0.0,0.0,34.33984375,0.0,0.0,0.0,37.40234375,0.0,0.0,0.0,39.125,0.0,0.0,0.0,35.6796875,0.0,0.0,27.44921875,0.0,5.669586181640625
49.056,12.571988150400001,-0.007874015748031496,0.0,0.0,0.0,0.0,-0.0,-0.0,0.0,0.0,0.0,34.33984375,0.0,0.0,0.0,37.9765625,0.0,0.0,0.0,39.69921875,0.0,0.0,0.0,35.48828125,0.0,0.0,29.36328125,0.0,5.669586181640625
49.22,12.580626735600001,-0.007874015748031496,0.0,0.0,0.0,0.0,-0.0,-0.0,0.0,0.0,0.0,34.1484375,0.0,0.0,0.0,37.9765625,0.0,0.0,0.0,39.890625,0.0,0.0,0.0,35.48828125,0.0,0.0,28.21484375,0.0,5.6500396728515625
49.382,12.5892653208,-0.007874015748031496,0.0,0.0,0.0,0.0,-0.0,-0.0,0.0,0.0,0.0,34.1484375,0.0,0.0,0.0,37.78515625,0.0,0.0,0.0,39.125,0.0,0.0,0.0,34.9140625,0.0,0.0,28.98046875,0.0,5.6500396728515625
49.543,12.5892653208,-0.007874015748031496,0.0,0.0,0.0,0.0,-0.0,-0.0,0.0,0.0,0.0,34.72265625,0.0,0.0,0.0,37.78515625,0.0,0.0,0.0,39.31640625,0.0,0.0,0.0,35.296875,0.0,0.0,28.59765625,0.0,5.659820556640625
49.714,12.597903906,-0.007874015748031496,0.0,0.0,0.0,0.0,-0.0,-0.0,0.0,0.0,0.0,35.10546875,0.0,0.0,0.0,37.59375,0.0,0.0,0.0,38.7421875,0.0,0.0,0.0,35.10546875,0.0,0.0,29.5546875,0.0,5.659820556640625
49.904,12.597903906,-0.007874015748031496,0.0,0.0,0.0,0.0,-0.0,-0.0,0.0,0.0,0.0,34.53125,0.0,0.0,0.0,37.9765625,0.0,0.0,0.0,39.890625,0.0,0.0,0.0,34.9140625,0.0,0.0,29.171875,0.0,5.6500396728515625
50.074,12.5892653208,-0.007874015748031496,0.0,0.0,0.0,0.0,-0.0,-0.0,0.0,0.0,0.0,34.1484375,0.0,0.0,0.0,37.9765625,0.0,0.0,0.0,38.93359375,0.0,0.0,0.0,35.48828125,0.0,0.0,29.171875,0.0,5.6500396728515625
50.238,12.597903906,-0.007874015748031496,0.0,0.0,0.0,0.0,-0.0,-0.0,0.0,0.0,0.0,35.296875,0.0,0.0,0.0,37.40234375,0.0,0.0,0.0,38.93359375,0.0,0.0,0.0,35.296875,0.0,0.0,28.7890625,0.0,5.6500396728515625
50.413,12.597903906,-0.007874015748031496,0.0,0.0,0.0,0.0,-0.0,-0.0,0.0,0.0,0.0,34.33984375,0.0,0.0,0.0,38.16796875,0.0,0.0,0.0,38.93359375,0.0,0.0,0.0,34.72265625,0.0,0.0,30.703125,0.0,5.6500396728515625
50.573,12.597903906,-0.007874015748031496,0.0,0.0,0.0,0.0,-0.0,-0.0,0.0,0.0,0.0,35.10546875,0.0,0.0,0.0,37.78515625,0.0,0.0,0.0,39.125,0.0,0.0,0.0,35.296875,0.0,0.0,29.74609375,0.0,5.728240966796875
S: 50.617 175674345448 Fired
50.739,11.336670466800001,-0.007874015748031496,0.0,0.0,0.0,0.0,-0.0,-0.0,0.0,0.0,0.0,34.33984375,0.0,0.0,0.0,37.40234375,0.0,0.0,0.0,39.125,0.0,0.0,0.0,35.6796875,0.0,0.0,29.36328125,0.0,5.161285400390625
50.919,10.8183553548,-0.007874015748031496,0.0,0.0,0.0,0.0,-0.0,-0.0,0.0,0.0,0.0,34.53125,0.0,0.0,0.0,37.59375,0.0,0.0,0.0,39.5078125,0.0,0.0,0.0,35.6796875,0.0,0.0,29.171875,0.0,4.3108367919921875
51.095,10.351871754000001,-0.007874015748031496,0.0,0.0,0.0,0.0,-0.0,-0.0,0.0,0.0,0.0,34.72265625,0.0,0.0,0.0,38.16796875,0.0,0.0,0.0,38.93359375,0.0,0.0,0.0,35.10546875,0.0,0.0,29.36328125,0.0,4.3890380859375
51.263,12.2869148388,-0.007874015748031496,0.0,0.0,0.0,0.0,-0.0,-0.0,0.0,0.0,0.0,33.765625,0.0,0.0,0.0,37.59375,0.0,0.0,0.0,39.31640625,0.0,0.0,0.0,35.296875,0.0,0.0,28.7890625,0.0,4.8778076171875
51.432,12.425132202,-0.007874015748031496,0.0,0.0,0.0,0.0,-0.0,-0.0,0.0,0.0,0.0,34.72265625,0.0,0.0,0.0,38.55078125,0.0,0.0,0.0,39.5078125,0.0,0.0,0.0,35.296875,0.0,0.0,28.59765625,0.0,5.6402587890625
51.613,12.468325128,-0.007874015748031496,0.0,0.0,0.0,0.0,-0.0,-0.0,0.0,0.0,0.0,34.53125,0.0,0.0,0.0,37.78515625,0.0,0.0,0.0,39.69921875,0.0,0.0,0.0,35.48828125,0.0,0.0,28.40625,0.0,5.728240966796875
51.775,12.1832518164,-0.007874015748031496,0.0,0.0,0.0,0.0,-0.0,-0.0,0.0,0.0,0.0,34.33984375,0.0,0.0,0.0,37.9765625,0.0,0.0,0.0,39.5078125,0.0,0.0,0.0,35.6796875,0.0,0.0,29.74609375,0.0,5.7380218505859375
51.935,12.1746132312,-0.007874015748031496,0.0,0.0,0.0,0.0,-0.0,-0.0,0.0,0.0,0.0,34.53125,0.0,0.0,0.0,38.16796875,0.0,0.0,0.0,39.31640625,0.0,0.0,0.0,35.87109375,0.0,0.0,28.98046875,0.0,5.7380218505859375
52.096,12.1573360608,-0.007874015748031496,0.0,0.0,0.0,0.0,-0.0,-0.0,0.0,0.0,0.0,34.9140625,0.0,0.0,0.0,37.78515625,0.0,0.0,0.0,38.93359375,0.0,0.0,0.0,35.6796875,0.0,0.0,29.171875,0.0,5.69891357421875
52.265,12.511518054,-0.007874015748031496,0.0,0.0,0.0,0.0,-0.0,-0.0,0.0,0.0,0.0,34.72265625,0.0,0.0,0.0,38.16796875,0.0,0.0,0.0,39.125,0.0,0.0,0.0,35.296875,0.0,0.0,29.9375,0.0,5.669586181640625
52.416,12.528795224400001,-0.007874015748031496,0.0,0.0,0.0,0.0,-0.0,-0.0,0.0,0.0,0.0,33.765625,0.0,0.0,0.0,37.9765625,0.0,0.0,0.0,39.125,0.0,0.0,0.0,35.48828125,0.0,0.0,28.59765625,0.0,5.6500396728515625
52.583,12.546072394800001,-0.007874015748031496,0.0,0.0,0.0,0.0,-0.0,-0.0,0.0,0.0,0.0,34.1484375,0.0,0.0,0.0,37.59375,0.0,0.0,0.0,38.93359375,0.0,0.0,0.0,35.6796875,0.0,0.0,28.21484375,0.0,5.6500396728515625
52.761,12.554710980000001,-0.007874015748031496,0.0,0.0,0.0,0.0,-0.0,-0.0,0.0,0.0,0.0,34.53125,0.0,0.0,0.0,37.9765625,0.0,0.0,0.0,39.125,0.0,0.0,0.0,35.48828125,0.0,0.0,28.98046875,0.0,5.6500396728515625
52.979,12.5633495652,-0.007874015748031496,0.0,0.0,0.0,0.0,-0.0,-0.0,0.0,0.0,0.0,34.1484375,0.0,0.0,0.0,37.59375,0.0,0.0,0.0,39.5078125,0.0,0.0,0.0,35.48828125,0.0,0.0,28.0234375,0.0,5.6500396728515625
53.141,12.571988150400001,-0.007874015748031496,0.0,0.0,0.0,0.0,-0.0,-0.0,0.0,0.0,0.0,34.33984375,0.0,0.0,0.0,37.78515625,0.0,0.0,0.0,39.31640625,0.0,0.0,0.0,35.10546875,0.0,0.0,29.171875,0.0,5.6500396728515625
53.301,12.580626735600001,-0.007874015748031496,0.0,0.0,0.0,0.0,-0.0,-0.0,0.0,0.0,0.0,34.33984375,0.0,0.0,0.0,37.78515625,0.0,0.0,0.0,39.31640625,0.0,0.0,0.0,35.10546875,0.0,0.0,28.40625,0.0,5.6500396728515625
53.462,12.5892653208,-0.007874015748031496,0.0,0.0,0.0,0.0,-0.0,-0.0,0.0,0.0,0.0,34.53125,0.0,0.0,0.0,38.16796875,0.0,0.0,0.0,39.125,0.0,0.0,0.0,35.10546875,0.0,0.0,28.7890625,0.0,5.6500396728515625
53.623,12.5892653208,-0.007874015748031496,0.0,0.0,0.0,0.0,-0.0,-0.0,0.0,0.0,0.0,34.72265625,0.0,0.0,0.0,38.16796875,0.0,0.0,0.0,39.890625,0.0,0.0,0.0,35.87109375,0.0,0.0,29.171875,0.0,5.6500396728515625
53.794,12.5892653208,-0.007874015748031496,0.0,0.0,0.0,0.0,-0.0,-0.0,0.0,0.0,0.0,34.1484375,0.0,0.0,0.0,37.9765625,0.0,0.0,0.0,38.93359375,0.0,0.0,0.0,35.10546875,0.0,0.0,29.171875,0.0,5.6500396728515625
53.961,12.597903906,-0.007874015748031496,0.0,0.0,0.0,0.0,-0.0,-0.0,0.0,0.0,0.0,34.33984375,0.0,0.0,0.0,38.359375,0.0,0.0,0.0,39.125,0.0,0.0,0.0,35.10546875,0.0,0.0,28.59765625,0.0,5.6500396728515625
54.116,12.6065424912,-0.007874015748031496,0.0,0.0,0.0,0.0,-0.0,-0.0,0.0,0.0,0.0,34.53125,0.0,0.0,0.0,37.9765625,0.0,0.0,0.0,39.125,0.0,0.0,0.0,35.48828125,0.0,0.0,29.36328125,0.0,5.6402587890625
54.276,12.6065424912,-0.007874015748031496,0.0,0.0,0.0,0.0,-0.0,-0.0,0.0,0.0,0.0,34.33984375,0.0,0.0,0.0,37.9765625,0.0,0.0,0.0,38.93359375,0.0,0.0,0.0,34.72265625,0.0,0.0,29.74609375,0.0,5.6402587890625
54.441,12.6065424912,-0.007874015748031496,0.0,0.0,0.0,0.0,-0.0,-0.0,0.0,0.0,0.0,34.72265625,0.0,0.0,0.0,37.59375,0.0,0.0,0.0,38.7421875,0.0,0.0,0.0,35.10546875,0.0,0.0,29.5546875,0.0,5.6500396728515625
54.617,12.6151810764,-0.007874015748031496,0.0,0.0,0.0,0.0,-0.0,-0.0,0.0,0.0,0.0,34.72265625,0.0,0.0,0.0,38.93359375,0.0,0.0,0.0,39.31640625,0.0,0.0,0.0,35.48828125,0.0,0.0,28.59765625,0.0,5.6500396728515625
54.796,12.6151810764,-0.007874015748031496,0.0,0.0,0.0,0.0,-0.0,-0.0,0.0,0.0,0.0,33.765625,0.0,0.0,0.0,37.9765625,0.0,0.0,0.0,39.5078125,0.0,0.0,0.0,35.6796875,0.0,0.0,28.7890625,0.0,5.6500396728515625
54.962,12.6151810764,-0.007874015748031496,0.0,0.0,0.0,0.0,-0.0,-0.0,0.0,0.0,0.0,34.9140625,0.0,0.0,0.0,38.7421875,0.0,0.0,0.0,39.69921875,0.0,0.0,0.0,35.48828125,0.0,0.0,27.06640625,0.0,5.6500396728515625
55.121,12.6238196616,-0.007874015748031496,0.0,0.0,0.0,0.0,-0.0,-0.0,0.0,0.0,0.0,34.1484375,0.0,0.0,0.0,37.9765625,0.0,0.0,0.0,39.5078125,0.0,0.0,0.0,35.48828125,0.0,0.0,28.7890625,0.0,5.6500396728515625
55.282,12.6238196616,-0.007874015748031496,0.0,0.0,0.0,0.0,-0.0,-0.0,0.0,0.0,0.0,34.9140625,0.0,0.0,0.0,37.9765625,0.0,0.0,0.0,39.5078125,0.0,0.0,0.0,35.48828125,0.0,0.0,29.36328125,0.0,5.6500396728515625
55.452,12.6238196616,-0.007874015748031496,0.0,0.0,0.0,0.0,-0.0,-0.0,0.0,0.0,0.0,34.53125,0.0,0.0,0.0,38.16796875,0.0,0.0,0.0,39.5078125,0.0,0.0,0.0,35.6796875,0.0,0.0,28.21484375,0.0,5.6402587890625
55.621,12.6238196616,-0.007874015748031496,0.0,0.0,0.0,0.0,-0.0,-0.0,0.0,0.0,0.0,34.9140625,0.0,0.0,0.0,38.359375,0.0,0.0,0.0,39.5078125,0.0,0.0,0.0,35.6796875,0.0,0.0,28.98046875,0.0,5.6402587890625
55.782,12.6324582468,-0.007874015748031496,0.0,0.0,0.0,0.0,-0.0,-0.0,0.0,0.0,0.0,34.72265625,0.0,0.0,0.0,38.55078125,0.0,0.0,0.0,38.93359375,0.0,0.0,0.0,35.48828125,0.0,0.0,29.171875,0.0,5.6402587890625
55.943,12.6324582468,-0.007874015748031496,0.0,0.0,0.0,0.0,-0.0,-0.0,0.0,0.0,0.0,33.57421875,0.0,0.0,0.0,38.16796875,0.0,0.0,0.0,39.125,0.0,0.0,0.0,35.87109375,0.0,0.0,29.171875,0.0,5.6402587890625
56.123,12.6324582468,-0.007874015748031496,0.0,0.0,0.0,0.0,-0.0,-0.0,0.0,0.0,0.0,34.72265625,0.0,0.0,0.0,39.5078125,0.0,0.0,0.0,39.31640625,0.0,0.0,0.0,35.87109375,0.0,0.0,28.21484375,0.0,5.6500396728515625
56.296,12.6324582468,-0.007874015748031496,0.0,0.0,0.0,0.0,-0.0,-0.0,0.0,0.0,0.0,34.53125,0.0,0.0,0.0,38.16796875,0.0,0.0,0.0,39.5078125,0.0,0.0,0.0,35.296875,0.0,0.0,29.171875,0.0,5.6402587890625
56.463,12.6324582468,-0.007874015748031496,0.0,0.0,0.0,0.0,-0.0,-0.0,0.0,0.0,0.0,34.33984375,0.0,0.0,0.0,38.359375,0.0,0.0,0.0,38.7421875,0.0,0.0,0.0,35.48828125,0.0,0.0,29.171875,0.0,5.6402587890625
56.644,12.641096832,-0.007874015748031496,0.0,0.0,0.0,0.0,-0.0,-0.0,0.0,0.0,0.0,34.1484375,0.0,0.0,0.0,38.359375,0.0,0.0,0.0,39.5078125,0.0,0.0,0.0,35.48828125,0.0,0.0,28.98046875,0.0,5.6207122802734375
56.813,12.641096832,-0.007874015748031496,0.0,0.0,0.0,0.0,-0.0,-0.0,0.0,0.0,0.0,34.72265625,0.0,0.0,0.0,38.16796875,0.0,0.0,0.0,39.5078125,0.0,0.0,0.0,35.48828125,0.0,0.0,29.171875,0.0,5.6402587890625
56.976,12.641096832,-0.007874015748031496,0.0,0.0,0.0,0.0,-0.0,-0.0,0.0,0.0,0.0,34.72265625,0.0,0.0,0.0,38.359375,0.0,0.0,0.0,39.5078125,0.0,0.0,0.0,36.25390625,0.0,0.0,29.36328125,0.0,5.6304931640625
57.135,12.641096832,-0.007874015748031496,0.0,0.0,0.0,0.0,-0.0,-0.0,0.0,0.0,0.0,34.33984375,0.0,0.0,0.0,38.359375,0.0,0.0,0.0,39.5078125,0.0,0.0,0.0,35.6796875,0.0,0.0,28.98046875,0.0,5.6402587890625
57.303,12.641096832,-0.007874015748031496,0.0,0.0,0.0,0.0,-0.0,-0.0,0.0,0.0,0.0,35.48828125,0.0,0.0,0.0,38.359375,0.0,0.0,0.0,39.31640625,0.0,0.0,0.0,35.6796875,0.0,0.0,30.12890625,0.0,5.6402587890625
57.473,12.6497354172,-0.007874015748031496,0.0,0.0,0.0,0.0,-0.0,-0.0,0.0,0.0,0.0,34.72265625,0.0,0.0,0.0,37.9765625,0.0,0.0,0.0,38.93359375,0.0,0.0,0.0,35.48828125,0.0,0.0,28.98046875,0.0,5.6402587890625
57.635,12.6497354172,-0.007874015748031496,0.0,0.0,0.0,0.0,-0.0,-0.0,0.0,0.0,0.0,35.10546875,0.0,0.0,0.0,38.7421875,0.0,0.0,0.0,38.93359375,0.0,0.0,0.0,35.6796875,0.0,0.0,28.7890625,0.0,5.6402587890625
57.802,12.6497354172,-0.007874015748031496,0.0,0.0,0.0,0.0,-0.0,-0.0,0.0,0.0,0.0,35.10546875,0.0,0.0,0.0,39.69921875,0.0,0.0,0.0,39.125,0.0,0.0,0.0,35.48828125,0.0,0.0,29.171875,0.0,5.6304931640625
57.971,12.6497354172,-0.007874015748031496,0.0,0.0,0.0,0.0,-0.0,-0.0,0.0,0.0,0.0,33.57421875,0.0,0.0,0.0,38.55078125,0.0,0.0,0.0,39.69921875,0.0,0.0,0.0,35.87109375,0.0,0.0,28.98046875,0.0,5.6402587890625
58.135,12.6497354172,-0.007874015748031496,0.0,0.0,0.0,0.0,-0.0,-0.0,0.0,0.0,0.0,35.87109375,0.0,0.0,0.0,38.16796875,0.0,0.0,0.0,39.125,0.0,0.0,0.0,35.6796875,0.0,0.0,28.98046875,0.0,5.6402587890625
58.295,12.6497354172,-0.007874015748031496,0.0,0.0,0.0,0.0,-0.0,-0.0,0.0,0.0,0.0,34.9140625,0.0,0.0,0.0,38.16796875,0.0,0.0,0.0,39.31640625,0.0,0.0,0.0,35.296875,0.0,0.0,30.3203125,0.0,5.6402587890625
58.466,12.6497354172,-0.007874015748031496,0.0,0.0,0.0,0.0,-0.0,-0.0,0.0,0.0,0.0,34.33984375,0.0,0.0,0.0,38.55078125,0.0,0.0,0.0,39.5078125,0.0,0.0,0.0,35.48828125,0.0,0.0,29.171875,0.0,5.6402587890625
58.643,12.6497354172,-0.007874015748031496,0.0,0.0,0.0,0.0,-0.0,-0.0,0.0,0.0,0.0,34.53125,0.0,0.0,0.0,38.55078125,0.0,0.0,0.0,38.93359375,0.0,0.0,0.0,36.25390625,0.0,0.0,29.171875,0.0,5.6402587890625
58.806,12.6497354172,-0.007874015748031496,0.0,0.0,0.0,0.0,-0.0,-0.0,0.0,0.0,0.0,34.72265625,0.0,0.0,0.0,38.359375,0.0,0.0,0.0,39.125,0.0,0.0,0.0,36.0625,0.0,0.0,29.5546875,0.0,5.6402587890625
58.973,12.6497354172,-0.007874015748031496,0.0,0.0,0.0,0.0,-0.0,-0.0,0.0,0.0,0.0,35.10546875,0.0,0.0,0.0,38.359375,0.0,0.0,0.0,39.31640625,0.0,0.0,0.0,35.296875,0.0,0.0,28.7890625,0.0,5.6402587890625
59.163,12.6583740024,-0.007874015748031496,0.0,0.0,0.0,0.0,-0.0,-0.0,0.0,0.0,0.0,34.53125,0.0,0.0,0.0,38.359375,0.0,0.0,0.0,38.93359375,0.0,0.0,0.0,35.6796875,0.0,0.0,29.36328125,0.0,5.6402587890625
59.322,12.6583740024,-0.007874015748031496,0.0,0.0,0.0,0.0,-0.0,-0.0,0.0,0.0,0.0,34.9140625,0.0,0.0,0.0,39.5078125,0.0,0.0,0.0,39.125,0.0,0.0,0.0,35.48828125,0.0,0.0,28.40625,0.0,5.6304931640625
59.482,12.6583740024,-0.007874015748031496,0.0,0.0,0.0,0.0,-0.0,-0.0,0.0,0.0,0.0,34.53125,0.0,0.0,0.0,38.16796875,0.0,0.0,0.0,38.55078125,0.0,0.0,0.0,36.0625,0.0,0.0,30.3203125,0.0,5.6304931640625
59.653,12.6583740024,-0.007874015748031496,0.0,0.0,0.0,0.0,-0.0,-0.0,0.0,0.0,0.0,34.9140625,0.0,0.0,0.0,37.59375,0.0,0.0,0.0,39.125,0.0,0.0,0.0,35.87109375,0.0,0.0,28.7890625,0.0,5.6304931640625
59.814,12.6583740024,-0.007874015748031496,0.0,0.0,0.0,0.0,-0.0,-0.0,0.0,0.0,0.0,34.72265625,0.0,0.0,0.0,38.16796875,0.0,0.0,0.0,38.93359375,0.0,0.0,0.0,35.87109375,0.0,0.0,29.171875,0.0,5.6304931640625
59.977,12.6583740024,-0.007874015748031496,0.0,0.0,0.0,0.0,-0.0,-0.0,0.0,0.0,0.0,33.95703125,0.0,0.0,0.0,38.16796875,0.0,0.0,0.0,39.5078125,0.0,0.0,0.0,35.87109375,0.0,0.0,28.98046875,0.0,5.6402587890625
60.142,12.6583740024,-0.007874015748031496,0.0,0.0,0.0,0.0,-0.0,-0.0,0.0,0.0,0.0,34.72265625,0.0,0.0,0.0,38.55078125,0.0,0.0,0.0,38.93359375,0.0,0.0,0.0,35.296875,0.0,0.0,28.7890625,0.0,5.6402587890625
60.313,12.6583740024,-0.007874015748031496,0.0,0.0,0.0,0.0,-0.0,-0.0,0.0,0.0,0.0,34.53125,0.0,0.0,0.0,37.9765625,0.0,0.0,0.0,39.31640625,0.0,0.0,0.0,35.48828125,0.0,0.0,28.98046875,0.0,5.6304931640625
60.483,12.6583740024,-0.007874015748031496,0.0,0.0,0.0,0.0,-0.0,-0.0,0.0,0.0,0.0,34.33984375,0.0,0.0,0.0,38.55078125,0.0,0.0,0.0,38.7421875,0.0,0.0,0.0,35.6796875,0.0,0.0,28.98046875,0.0,5.6304931640625
60.662,12.6583740024,-0.007874015748031496,0.0,0.0,0.0,0.0,-0.0,-0.0,0.0,0.0,0.0,34.33984375,0.0,0.0,0.0,37.9765625,0.0,0.0,0.0,39.125,0.0,0.0,0.0,35.87109375,0.0,0.0,29.171875,0.0,5.6304931640625
60.832,12.6670125876,-0.007874015748031496,0.0,0.0,0.0,0.0,-0.0,-0.0,0.0,0.0,0.0,35.48828125,0.0,0.0,0.0,37.9765625,0.0,0.0,0.0,39.5078125,0.0,0.0,0.0,35.6796875,0.0,0.0,29.9375,0.0,5.6402587890625
60.994,12.6670125876,-0.007874015748031496,0.0,0.0,0.0,0.0,-0.0,-0.0,0.0,0.0,0.0,34.72265625,0.0,0.0,0.0,36.63671875,0.0,0.0,0.0,38.93359375,0.0,0.0,0.0,35.48828125,0.0,0.0,28.98046875,0.0,5.6402587890625
61.155,12.6670125876,-0.007874015748031496,0.0,0.0,0.0,0.0,-0.0,-0.0,0.0,0.0,0.0,34.53125,0.0,0.0,0.0,38.16796875,0.0,0.0,0.0,39.31640625,0.0,0.0,0.0,35.48828125,0.0,0.0,28.98046875,0.0,5.6304931640625
61.332,12.6670125876,-0.007874015748031496,0.0,0.0,0.0,0.0,-0.0,-0.0,0.0,0.0,0.0,35.296875,0.0,0.0,0.0,39.31640625,0.0,0.0,0.0,38.93359375,0.0,0.0,0.0,35.6796875,0.0,0.0,28.59765625,0.0,5.6304931640625
61.493,12.6670125876,-0.007874015748031496,0.0,0.0,0.0,0.0,-0.0,-0.0,0.0,0.0,0.0,34.1484375,0.0,0.0,0.0,38.16796875,0.0,0.0,0.0,38.93359375,0.0,0.0,0.0,35.87109375,0.0,0.0,28.40625,0.0,5.6402587890625
61.66,12.6670125876,-0.007874015748031496,0.0,0.0,0.0,0.0,-0.0,-0.0,0.0,0.0,0.0,34.72265625,0.0,0.0,0.0,38.7421875,0.0,0.0,0.0,38.7421875,0.0,0.0,0.0,36.0625,0.0,0.0,28.7890625,0.0,5.6402587890625
61.82,12.6670125876,-0.007874015748031496,0.0,0.0,0.0,0.0,-0.0,-0.0,0.0,0.0,0.0,35.48828125,0.0,0.0,0.0,38.16796875,0.0,0.0,0.0,38.7421875,0.0,0.0,0.0,35.87109375,0.0,0.0,28.59765625,0.0,5.6402587890625
61.983,12.6670125876,-0.007874015748031496,0.0,0.0,0.0,0.0,-0.0,-0.0,0.0,0.0,0.0,34.9140625,0.0,0.0,0.0,38.16796875,0.0,0.0,0.0,39.125,0.0,0.0,0.0,35.48828125,0.0,0.0,29.5546875,0.0,5.6402587890625
62.172,12.6670125876,-0.007874015748031496,0.0,0.0,0.0,0.0,-0.0,-0.0,0.0,0.0,0.0,34.72265625,0.0,0.0,0.0,38.359375,0.0,0.0,0.0,38.7421875,0.0,0.0,0.0,35.6796875,0.0,0.0,29.5546875,0.0,5.6402587890625
62.352,12.6756511728,-0.007874015748031496,0.0,0.0,0.0,0.0,-0.0,-0.0,0.0,0.0,0.0,34.1484375,0.0,0.0,0.0,39.69921875,0.0,0.0,0.0,39.5078125,0.0,0.0,0.0,35.6796875,0.0,0.0,29.74609375,0.0,5.6207122802734375
62.52,12.6756511728,-0.007874015748031496,0.0,0.0,0.0,0.0,-0.0,-0.0,0.0,0.0,0.0,34.72265625,0.0,0.0,0.0,38.16796875,0.0,0.0,0.0,39.125,0.0,0.0,0.0,35.48828125,0.0,0.0,28.7890625,0.0,5.6304931640625
62.682,12.6756511728,-0.03937007874015748,0.0,0.0,0.0,0.0,-0.0,-0.0,0.0,0.0,0.0,34.1484375,0.0,0.0,0.0,38.16796875,0.0,0.0,0.0,39.31640625,0.0,0.0,0.0,35.296875,0.0,0.0,29.171875,0.0,5.6402587890625
62.852,12.6756511728,-0.03937007874015748,0.0,0.0,0.0,0.0,-0.0,-0.0,0.0,0.0,0.0,34.53125,0.0,0.0,0.0,37.78515625,0.0,0.0,0.0,39.125,0.0,0.0,0.0,35.296875,0.0,0.0,28.98046875,0.0,5.6402587890625
63.021,12.6756511728,-0.03937007874015748,0.0,0.0,0.0,0.0,-0.0,-0.0,0.0,0.0,0.0,34.53125,0.0,0.0,0.0,38.7421875,0.0,0.0,0.0,38.93359375,0.0,0.0,0.0,35.296875,0.0,0.0,28.98046875,0.0,5.6402587890625
63.204,12.6756511728,-0.03937007874015748,0.0,0.0,0.0,0.0,-0.0,-0.0,0.0,0.0,0.0,34.53125,0.0,0.0,0.0,38.16796875,0.0,0.0,0.0,39.31640625,0.0,0.0,0.0,35.48828125,0.0,0.0,29.171875,0.0,5.6402587890625
63.384,12.6756511728,0.0078125,0.0,0.0,0.0,0.0,-0.0,-0.0,0.0,0.0,0.0,34.72265625,0.0,0.0,0.0,37.9765625,0.0,0.0,0.0,38.93359375,0.0,0.0,0.0,35.296875,0.0,0.0,28.7890625,0.0,5.6402587890625
63.563,12.6756511728,0.0078125,0.0,0.0,0.0,0.0,-0.0,-0.0,0.0,0.0,0.0,34.72265625,0.0,0.0,0.0,38.16796875,0.0,0.0,0.0,39.31640625,0.0,0.0,0.0,36.0625,0.0,0.0,28.7890625,0.0,5.6402587890625
63.743,12.6756511728,0.0078125,0.0,0.0,0.0,0.0,-0.0,-0.0,0.0,0.0,0.0,35.296875,0.0,0.0,0.0,38.359375,0.0,0.0,0.0,39.5078125,0.0,0.0,0.0,35.10546875,0.0,0.0,29.5546875,0.0,5.6402587890625
63.923,12.6756511728,0.0078125,0.0,0.0,0.0,0.0,-0.0,-0.0,0.0,0.0,0.0,34.9140625,0.0,0.0,0.0,37.9765625,0.0,0.0,0.0,39.125,0.0,0.0,0.0,35.6796875,0.0,0.0,29.74609375,0.0,5.6304931640625
64.094,12.6756511728,0.0078125,0.0,0.0,0.0,0.0,-0.0,-0.0,0.0,0.0,0.0,34.33984375,0.0,0.0,0.0,38.359375,0.0,0.0,0.0,38.93359375,0.0,0.0,0.0,35.296875,0.0,0.0,29.5546875,0.0,5.6402587890625
64.266,12.6756511728,0.0078125,0.0,0.0,0.0,0.0,-0.0,-0.0,0.0,0.0,0.0,34.1484375,0.0,0.0,0.0,38.16796875,0.0,0.0,0.0,39.5078125,0.0,0.0,0.0,35.6796875,0.0,0.0,28.98046875,0.0,5.6304931640625
64.442,12.6756511728,0.0078125,0.0,0.0,0.0,0.0,-0.0,-0.0,0.0,0.0,0.0,34.53125,0.0,0.0,0.0,37.9765625,0.0,0.0,0.0,39.125,0.0,0.0,0.0,35.296875,0.0,0.0,28.98046875,0.0,5.6304931640625
64.602,12.684289758000002,0.0078125,0.0,0.0,0.0,0.0,-0.0,-0.0,0.0,0.0,0.0,35.48828125,0.0,0.0,0.0,38.16796875,0.0,0.0,0.0,38.93359375,0.0,0.0,0.0,34.9140625,0.0,0.0,29.5546875,0.0,5.6402587890625
64.764,12.684289758000002,0.0078125,0.0,0.0,0.0,0.0,-0.0,-0.0,0.0,0.0,0.0,34.33984375,0.0,0.0,0.0,38.16796875,0.0,0.0,0.0,39.125,0.0,0.0,0.0,35.87109375,0.0,0.0,28.7890625,0.0,5.6304931640625
64.932,12.684289758000002,0.0078125,0.0,0.0,0.0,0.0,-0.0,-0.0,0.0,0.0,0.0,34.1484375,0.0,0.0,0.0,38.55078125,0.0,0.0,0.0,39.31640625,0.0,0.0,0.0,35.87109375,0.0,0.0,29.171875,0.0,5.6304931640625
65.115,12.684289758000002,0.0078125,0.0,0.0,0.0,0.0,-0.0,-0.0,0.0,0.0,0.0,34.53125,0.0,0.0,0.0,37.78515625,0.0,0.0,0.0,39.31640625,0.0,0.0,0.0,36.0625,0.0,0.0,29.36328125,0.0,5.6304931640625
65.274,12.684289758000002,0.0078125,0.0,0.0,0.0,0.0,-0.0,-0.0,0.0,0.0,0.0,34.33984375,0.0,0.0,0.0,38.93359375,0.0,0.0,0.0,39.125,0.0,0.0,0.0,35.48828125,0.0,0.0,28.98046875,0.0,5.6304931640625
65.435,12.684289758000002,0.0078125,0.0,0.0,0.0,0.0,-0.0,-0.0,0.0,0.0,0.0,34.53125,0.0,0.0,0.0,38.7421875,0.0,0.0,0.0,39.125,0.0,0.0,0.0,35.87109375,0.0,0.0,29.171875,0.0,5.6402587890625
65.597,12.684289758000002,0.0078125,0.0,0.0,0.0,0.0,-0.0,-0.0,0.0,0.0,0.0,34.53125,0.0,0.0,0.0,38.16796875,0.0,0.0,0.0,38.7421875,0.0,0.0,0.0,35.6796875,0.0,0.0,28.7890625,0.0,5.6402587890625
65.753,12.684289758000002,0.0078125,0.0,0.0,0.0,0.0,-0.0,-0.0,0.0,0.0,0.0,34.9140625,0.0,0.0,0.0,38.55078125,0.0,0.0,0.0,39.125,0.0,0.0,0.0,35.6796875,0.0,0.0,28.40625,0.0,5.6402587890625
65.915,12.684289758000002,0.0078125,0.0,0.0,0.0,0.0,-0.0,-0.0,0.0,0.0,0.0,34.9140625,0.0,0.0,0.0,38.7421875,0.0,0.0,0.0,38.93359375,0.0,0.0,0.0,35.6796875,0.0,0.0,29.74609375,0.0,5.6304931640625
66.179,12.684289758000002,0.0078125,0.0,0.0,0.0,0.0,-0.0,-0.0,0.0,0.0,0.0,34.1484375,0.0,0.0,0.0,38.55078125,0.0,0.0,0.0,38.93359375,0.0,0.0,0.0,36.25390625,0.0,0.0,29.36328125,0.0,5.6402587890625
66.354,12.684289758000002,0.0078125,0.0,0.0,0.0,0.0,-0.0,-0.0,0.0,0.0,0.0,34.72265625,0.0,0.0,0.0,38.16796875,0.0,0.0,0.0,38.93359375,0.0,0.0,0.0,35.296875,0.0,0.0,28.59765625,0.0,5.6402587890625
66.516,12.684289758000002,0.0078125,0.0,0.0,0.0,0.0,-0.0,-0.0,0.0,0.0,0.0,34.72265625,0.0,0.0,0.0,38.16796875,0.0,0.0,0.0,39.125,0.0,0.0,0.0,35.48828125,0.0,0.0,28.59765625,0.0,5.6402587890625
66.674,12.684289758000002,0.0078125,0.0,0.0,0.0,0.0,-0.0,-0.0,0.0,0.0,0.0,35.296875,0.0,0.0,0.0,37.9765625,0.0,0.0,0.0,39.125,0.0,0.0,0.0,35.87109375,0.0,0.0,29.74609375,0.0,5.6304931640625
66.835,12.684289758000002,0.0078125,0.0,0.0,0.0,0.0,-0.0,-0.0,0.0,0.0,0.0,33.57421875,0.0,0.0,0.0,37.59375,0.0,0.0,0.0,39.5078125,0.0,0.0,0.0,35.296875,0.0,0.0,28.98046875,0.0,5.6402587890625
66.993,12.684289758000002,0.0078125,0.0,0.0,0.0,0.0,-0.0,-0.0,0.0,0.0,0.0,34.1484375,0.0,0.0,0.0,39.125,0.0,0.0,0.0,38.359375,0.0,0.0,0.0,35.10546875,0.0,0.0,27.83203125,0.0,5.6402587890625
67.155,12.684289758000002,0.0078125,0.0,0.0,0.0,0.0,-0.0,-0.0,0.0,0.0,0.0,33.95703125,0.0,0.0,0.0,37.78515625,0.0,0.0,0.0,39.125,0.0,0.0,0.0,35.296875,0.0,0.0,29.9375,0.0,5.6402587890625
67.319,12.684289758000002,0.0078125,0.0,0.0,0.0,0.0,-0.0,-0.0,0.0,0.0,0.0,35.10546875,0.0,0.0,0.0,38.16796875,0.0,0.0,0.0,38.93359375,0.0,0.0,0.0,35.10546875,0.0,0.0,28.7890625,0.0,5.6304931640625
67.492,12.684289758000002,0.0078125,0.0,0.0,0.0,0.0,-0.0,-0.0,0.0,0.0,0.0,34.72265625,0.0,0.0,0.0,37.2109375,0.0,0.0,0.0,38.55078125,0.0,0.0,0.0,36.25390625,0.0,0.0,30.3203125,0.0,5.6402587890625
67.655,12.684289758000002,0.0078125,0.0,0.0,0.0,0.0,-0.0,-0.0,0.0,0.0,0.0,34.9140625,0.0,0.0,0.0,38.16796875,0.0,0.0,0.0,39.31640625,0.0,0.0,0.0,36.0625,0.0,0.0,28.98046875,0.0,5.6304931640625
67.814,12.684289758000002,0.0078125,0.0,0.0,0.0,0.0,-0.0,-0.0,0.0,0.0,0.0,34.9140625,0.0,0.0,0.0,38.359375,0.0,0.0,0.0,39.125,0.0,0.0,0.0,35.6796875,0.0,0.0,29.9375,0.0,5.6304931640625
67.975,12.684289758000002,0.0078125,0.0,0.0,0.0,0.0,-0.0,-0.0,0.0,0.0,0.0,33.57421875,0.0,0.0,0.0,38.93359375,0.0,0.0,0.0,38.7421875,0.0,0.0,0.0,35.296875,0.0,0.0,29.36328125,0.0,5.6500396728515625
68.194,12.6929283432,0.0078125,0.0,0.0,0.0,0.0,-0.0,-0.0,0.0,0.0,0.0,35.10546875,0.0,0.0,0.0,39.5078125,0.0,0.0,0.0,39.31640625,0.0,0.0,0.0,35.296875,0.0,0.0,28.98046875,0.0,5.6402587890625
68.354,12.684289758000002,0.0078125,0.0,0.0,0.0,0.0,-0.0,-0.0,0.0,0.0,0.0,34.33984375,0.0,0.0,0.0,38.55078125,0.0,0.0,0.0,38.93359375,0.0,0.0,0.0,35.6796875,0.0,0.0,29.171875,0.0,5.6304931640625
68.533,12.6929283432,0.0078125,0.0,0.0,0.0,0.0,-0.0,-0.0,0.0,0.0,0.0,34.53125,0.0,0.0,0.0,38.55078125,0.0,0.0,0.0,38.93359375,0.0,0.0,0.0,35.87109375,0.0,0.0,28.21484375,0.0,5.6402587890625
68.694,12.6929283432,0.0078125,0.0,0.0,0.0,0.0,-0.0,-0.0,0.0,0.0,0.0,35.10546875,0.0,0.0,0.0,38.359375,0.0,0.0,0.0,39.31640625,0.0,0.0,0.0,35.6796875,0.0,0.0,28.98046875,0.0,5.6402587890625
68.854,12.6929283432,0.0078125,0.0,0.0,0.0,0.0,-0.0,-0.0,0.0,0.0,0.0,34.72265625,0.0,0.0,0.0,38.359375,0.0,0.0,0.0,38.93359375,0.0,0.0,0.0,35.6796875,0.0,0.0,29.171875,0.0,5.6402587890625
69.023,12.6929283432,0.0078125,0.0,0.0,0.0,0.0,-0.0,-0.0,0.0,0.0,0.0,34.72265625,0.0,0.0,0.0,39.31640625,0.0,0.0,0.0,39.125,0.0,0.0,0.0,35.87109375,0.0,0.0,30.89453125,0.0,5.6402587890625
69.194,12.6929283432,0.0078125,0.0,0.0,0.0,0.0,-0.0,-0.0,0.0,0.0,0.0,34.72265625,0.0,0.0,0.0,37.59375,0.0,0.0,0.0,39.125,0.0,0.0,0.0,35.48828125,0.0,0.0,29.171875,0.0,5.6402587890625
69.354,12.6929283432,0.0078125,0.0,0.0,0.0,0.0,-0.0,-0.0,0.0,0.0,0.0,34.9140625,0.0,0.0,0.0,38.7421875,0.0,0.0,0.0,39.125,0.0,0.0,0.0,35.296875,0.0,0.0,28.7890625,0.0,5.6304931640625
69.509,12.6929283432,0.0078125,0.0,0.0,0.0,0.0,-0.0,-0.0,0.0,0.0,0.0,34.72265625,0.0,0.0,0.0,38.16796875,0.0,0.0,0.0,38.7421875,0.0,0.0,0.0,35.6796875,0.0,0.0,28.98046875,0.0,5.6402587890625
69.674,12.6929283432,0.0078125,0.0,0.0,0.0,0.0,-0.0,-0.0,0.0,0.0,0.0,34.33984375,0.0,0.0,0.0,38.55078125,0.0,0.0,0.0,38.7421875,0.0,0.0,0.0,35.10546875,0.0,0.0,29.171875,0.0,5.6402587890625
69.843,12.6929283432,0.0078125,0.0,0.0,0.0,0.0,-0.0,-0.0,0.0,0.0,0.0,34.33984375,0.0,0.0,0.0,38.16796875,0.0,0.0,0.0,39.125,0.0,0.0,0.0,35.6796875,0.0,0.0,29.5546875,0.0,5.6304931640625
70.008,12.6929283432,0.0078125,0.0,0.0,0.0,0.0,-0.0,-0.0,0.0,0.0,0.0,34.72265625,0.0,0.0,0.0,38.16796875,0.0,0.0,0.0,38.7421875,0.0,0.0,0.0,35.296875,0.0,0.0,28.98046875,0.0,5.6402587890625
70.182,12.6929283432,0.0078125,0.0,0.0,0.0,0.0,-0.0,-0.0,0.0,0.0,0.0,35.10546875,0.0,0.0,0.0,38.359375,0.0,0.0,0.0,38.93359375,0.0,0.0,0.0,34.9140625,0.0,0.0,29.171875,0.0,5.6207122802734375
70.36,12.6929283432,0.0078125,0.0,0.0,0.0,0.0,-0.0,-0.0,0.0,0.0,0.0,34.53125,0.0,0.0,0.0,38.16796875,0.0,0.0,0.0,39.31640625,0.0,0.0,0.0,35.296875,0.0,0.0,28.59765625,0.0,5.6402587890625
70.543,12.6929283432,0.0078125,0.0,0.0,0.0,0.0,-0.0,-0.0,0.0,0.0,0.0,34.53125,0.0,0.0,0.0,37.78515625,0.0,0.0,0.0,38.359375,0.0,0.0,0.0,35.48828125,0.0,0.0,28.7890625,0.0,5.6304931640625
70.716,12.6929283432,0.0078125,0.0,0.0,0.0,0.0,-0.0,-0.0,0.0,0.0,0.0,35.10546875,0.0,0.0,0.0,37.9765625,0.0,0.0,0.0,38.93359375,0.0,0.0,0.0,35.6796875,0.0,0.0,29.5546875,0.0,5.6304931640625
70.874,12.6929283432,0.0078125,0.0,0.0,0.0,0.0,-0.0,-0.0,0.0,0.0,0.0,34.53125,0.0,0.0,0.0,38.16796875,0.0,0.0,0.0,38.55078125,0.0,0.0,0.0,35.10546875,0.0,0.0,29.171875,0.0,5.6304931640625
71.043,12.6929283432,0.0078125,0.0,0.0,0.0,0.0,-0.0,-0.0,0.0,0.0,0.0,35.10546875,0.0,0.0,0.0,38.55078125,0.0,0.0,0.0,38.93359375,0.0,0.0,0.0,35.48828125,0.0,0.0,28.40625,0.0,5.6402587890625
71.221,12.6929283432,0.0078125,0.0,0.0,0.0,0.0,-0.0,-0.0,0.0,0.0,0.0,34.72265625,0.0,0.0,0.0,38.16796875,0.0,0.0,0.0,39.125,0.0,0.0,0.0,34.9140625,0.0,0.0,29.36328125,0.0,5.6304931640625
71.376,12.6929283432,0.0078125,0.0,0.0,0.0,0.0,-0.0,-0.0,0.0,0.0,0.0,34.72265625,0.0,0.0,0.0,38.55078125,0.0,0.0,0.0,39.125,0.0,0.0,0.0,35.6796875,0.0,0.0,29.36328125,0.0,5.6402587890625
71.544,12.7015669284,0.0078125,0.0,0.0,0.0,0.0,-0.0,-0.0,0.0,0.0,0.0,34.53125,0.0,0.0,0.0,37.9765625,0.0,0.0,0.0,39.125,0.0,0.0,0.0,35.6796875,0.0,0.0,29.171875,0.0,5.6304931640625
71.712,12.7015669284,0.0078125,0.0,0.0,0.0,0.0,-0.0,-0.0,0.0,0.0,0.0,34.53125,0.0,0.0,0.0,38.16796875,0.0,0.0,0.0,38.55078125,0.0,0.0,0.0,35.296875,0.0,0.0,28.7890625,0.0,5.6402587890625
71.875,12.7015669284,0.0078125,0.0,0.0,0.0,0.0,-0.0,-0.0,0.0,0.0,0.0,34.33984375,0.0,0.0,0.0,37.2109375,0.0,0.0,0.0,39.69921875,0.0,0.0,0.0,35.87109375,0.0,0.0,28.98046875,0.0,5.6402587890625
72.046,12.6929283432,0.0078125,0.0,0.0,0.0,0.0,-0.0,-0.0,0.0,0.0,0.0,34.9140625,0.0,0.0,0.0,38.359375,0.0,0.0,0.0,38.7421875,0.0,0.0,0.0,35.6796875,0.0,0.0,28.7890625,0.0,5.6402587890625
72.215,12.6929283432,0.0078125,0.0,0.0,0.0,0.0,-0.0,-0.0,0.0,0.0,0.0,35.48828125,0.0,0.0,0.0,38.55078125,0.0,0.0,0.0,39.125,0.0,0.0,0.0,35.296875,0.0,0.0,28.59765625,0.0,5.6402587890625
72.376,12.7015669284,0.0078125,0.0,0.0,0.0,0.0,-0.0,-0.0,0.0,0.0,0.0,34.9140625,0.0,0.0,0.0,38.55078125,0.0,0.0,0.0,38.7421875,0.0,0.0,0.0,35.48828125,0.0,0.0,28.7890625,0.0,5.6304931640625
72.542,12.7015669284,0.0078125,0.0,0.0,0.0,0.0,-0.0,-0.0,0.0,0.0,0.0,34.53125,0.0,0.0,0.0,38.16796875,0.0,0.0,0.0,39.125,0.0,0.0,0.0,36.25390625,0.0,0.0,28.98046875,0.0,5.6304931640625
72.701,12.7015669284,0.0078125,0.0,0.0,0.0,0.0,-0.0,-0.0,0.0,0.0,0.0,32.80859375,0.0,0.0,0.0,38.16796875,0.0,0.0,0.0,39.125,0.0,0.0,0.0,35.87109375,0.0,0.0,28.98046875,0.0,5.6304931640625
72.863,12.7015669284,0.0078125,0.0,0.0,0.0,0.0,-0.0,-0.0,0.0,0.0,0.0,34.72265625,0.0,0.0,0.0,38.359375,0.0,0.0,0.0,38.93359375,0.0,0.0,0.0,35.87109375,0.0,0.0,29.36328125,0.0,5.6402587890625
73.018,12.7015669284,0.0078125,0.0,0.0,0.0,0.0,-0.0,-0.0,0.0,0.0,0.0,34.72265625,0.0,0.0,0.0,38.359375,0.0,0.0,0.0,39.125,0.0,0.0,0.0,35.48828125,0.0,0.0,28.59765625,0.0,5.6402587890625
