Timestamp,Bat_Voltage,Driver_Joy_Y,Driver_Joy_X,Driver_Joy_W,Mecanum_FL,Mecanum_BL,Mecanum_BR,Mecanum_FR,FL_Jag_Speed,FL_Out_Voltage,FL_Out_Current,FL_Temp,BL_Jag_Speed,BL_Out_Voltage,BL_Out_Current,BL_Temp,BR_Jag_Speed,BR_Out_Voltage,BR_Out_Current,BR_Temp,FR_Jag_Speed,FR_Out_Voltage,FR_Out_Current,FR_Temp,Pickup_Out_Voltage,Pickup_Out_Current,Pickup_Temp,SH1_Out_Voltage,SH1_Out_Current,SH1_Temp,SH2_Out_Voltage,SH2_Out_Current,SH2_Temp,SHmain_Speed,SHmain_Angle
0.0060,13.038471751200001,0.0078125,0.0,0.0,0.0,0.0,-0.0,-0.0,0.0,0.0,0.0,26.875,0.0,0.0,0.0,31.46875,0.0,0.0,0.0,32.6171875,0.0,0.0,0.0,27.2578125,0.0,0.0,26.30078125,0.0,4.9853363037109375
0.165,13.038471751200001,0.0078125,0.0,-0.0078125,0.0,0.0,-0.0,-0.0,0.0,0.0,0.0,27.640625,0.0,0.0,0.0,31.66015625,0.0,0.0,0.0,32.6171875,0.0,0.0,0.0,26.30078125,0.0,0.0,26.4921875,0.0,4.975555419921875
0.338,13.038471751200001,0.0078125,0.0,-0.0078125,0.0,0.0,-0.0,-0.0,0.0,0.0,0.0,27.2578125,0.0,0.0,0.0,30.89453125,0.0,0.0,0.0,32.42578125,0.0,0.0,0.0,26.68359375,0.0,0.0,26.875,0.0,4.975555419921875
0.494,13.038471751200001,0.0078125,0.0,-0.0078125,0.0,0.0,-0.0,-0.0,0.0,0.0,0.0,27.44921875,0.0,0.0,0.0,31.27734375,0.0,0.0,0.0,32.04296875,0.0,0.0,0.0,26.875,0.0,0.0,26.68359375,0.0,4.975555419921875
0.659,13.038471751200001,0.0078125,0.0,-0.0078125,0.0,0.0,-0.0,-0.0,0.0,0.0,0.0,26.68359375,0.0,0.0,0.0,31.27734375,0.0,0.0,0.0,32.6171875,0.0,0.0,0.0,27.06640625,0.0,0.0,26.4921875,0.0,4.975555419921875
0.82,13.038471751200001,0.0078125,0.0,-0.0078125,0.0,0.0,-0.0,-0.0,0.0,0.0,0.0,27.640625,0.0,0.0,0.0,31.46875,0.0,0.0,0.0,32.234375,0.0,0.0,0.0,27.06640625,0.0,0.0,27.2578125,0.0,4.9853363037109375
0.979,13.038471751200001,0.0078125,-0.0078125,-0.0078125,0.0,0.0,-0.0,-0.0,0.0,0.0,0.0,27.44921875,0.0,0.0,0.0,31.0859375,0.0,0.0,0.0,32.234375,0.0,0.0,0.0,26.4921875,0.0,0.0,26.30078125,0.0,4.9853363037109375
1.137,13.038471751200001,0.0078125,-0.0078125,-0.0078125,0.0,0.0,-0.0,-0.0,0.0,0.0,0.0,26.68359375,0.0,0.0,0.0,32.04296875,0.0,0.0,0.0,32.234375,0.0,0.0,0.0,26.30078125,0.0,0.0,26.4921875,0.0,4.975555419921875
1.299,13.038471751200001,0.0078125,-0.0078125,-0.0078125,0.0,0.0,-0.0,-0.0,0.0,0.0,0.0,26.875,0.0,0.0,0.0,31.46875,0.0,0.0,0.0,32.234375,0.0,0.0,0.0,26.875,0.0,0.0,26.30078125,0.0,4.975555419921875
1.478,13.038471751200001,0.0078125,-0.0078125,-0.0625,0.0,0.0,-0.0,-0.0,0.0,0.0,0.0,27.06640625,0.0,0.0,0.0,31.46875,0.0,0.0,0.0,32.80859375,0.0,0.0,0.0,26.4921875,0.0,0.0,26.68359375,0.0,4.975555419921875
1.636,12.9175315584,0.0078125,-0.0078125,0.0,-0.04474609374999999,-0.18181640625,-0.18181640625,-0.04474609374999999,0.0,0.0,0.0,26.68359375,0.0,-2.26953125,12.15234375,30.89453125,0.0,-2.2890625,17.40625,32.04296875,0.0,0.0,0.0,26.4921875,0.0,0.0,25.7265625,0.0,4.975555419921875
1.807,13.0211945808,0.0078125,-0.0078125,-0.125,0.0,0.0,-0.0,-0.0,0.0,0.0,0.0,27.2578125,0.0,0.0,0.0,31.27734375,0.0,0.0,0.0,32.80859375,0.0,0.0,0.0,26.875,0.0,0.0,24.76953125,0.0,4.975555419921875
1.987,12.813868536000001,0.0078125,-0.0078125,-0.5078125,-0.060175781250000004,-0.24451171875,-0.24451171875,-0.060175781250000004,0.0,0.0,0.0,27.2578125,0.0,-2.984375,14.78125,31.27734375,-5.48370361328125,-2.9765625,20.55859375,32.234375,0.0,0.0,0.0,27.2578125,0.0,0.0,26.4921875,0.0,4.9853363037109375
2.16,12.4164936168,0.0078125,-0.0078125,0.0,-0.10029296874999999,-0.40751953125,-0.40751953125,-0.10029296874999999,0.0,-1.23046875,13.203125,27.2578125,0.0,-4.78515625,24.49609375,29.74609375,-21.693069458007812,-4.671875,28.56640625,32.234375,0.0,-1.2421875,6.76953125,27.06640625,0.0,0.0,27.06640625,0.0,5.0146484375
2.325,12.4164936168,0.0078125,-0.0078125,-0.8984375,-0.10029296874999999,-0.40751953125,-0.40751953125,-0.10029296874999999,0.0,-1.23828125,12.0234375,26.875,0.0,-4.7734375,20.296875,30.12890625,-81.72994995117188,-4.80078125,22.1328125,32.234375,0.0,-1.23046875,3.75,26.875,0.0,0.0,27.06640625,0.0,4.9560089111328125
2.502,12.2178061572,0.0078125,-0.0078125,0.0,-0.13578125000000002,-0.55171875,-0.55171875,-0.13578124999999996,0.0,-1.6328125,12.6796875,27.06640625,0.0,-6.34375,21.08203125,30.51171875,-123.34178161621094,-6.1328125,26.3359375,32.234375,0.0,-1.69140625,5.45703125,26.875,0.0,0.0,26.875,0.0,4.975555419921875
2.668,12.8916158028,0.0078125,-0.0078125,0.0,0.0,0.0,-0.0,-0.0,0.0,0.0,0.0,26.68359375,0.0,0.0,0.0,31.27734375,-27.759506225585938,0.0,0.0,31.8515625,0.0,0.0,0.0,27.06640625,0.0,0.0,27.640625,0.0,4.975555419921875
2.839,12.9348087288,0.0078125,-0.0078125,0.0,0.0,0.0,-0.0,-0.0,0.0,0.0,0.0,27.83203125,0.0,0.0,0.0,31.46875,-6.1637115478515625,0.0,0.0,31.8515625,0.0,0.0,0.0,26.4921875,0.0,0.0,26.68359375,0.0,4.9853363037109375
3.007,12.9520858992,0.0078125,-0.0078125,0.0,0.0,0.0,-0.0,-0.0,0.0,0.0,0.0,28.21484375,0.0,0.0,0.0,31.46875,0.0,0.0,0.0,32.234375,0.0,0.0,0.0,26.30078125,0.0,0.0,26.68359375,0.0,4.94622802734375
3.177,12.4596865428,0.0078125,-0.0078125,-0.96875,-0.09566406250000001,-0.38871093749999996,-0.38871093749999996,-0.09566406250000001,0.0,-1.18359375,11.76171875,27.44921875,0.0,-4.55078125,21.21484375,30.3203125,-39.23692321777344,-4.45703125,23.97265625,31.8515625,0.0,-1.14453125,6.11328125,26.30078125,0.0,0.0,27.06640625,0.0,4.94622802734375
3.35,11.647659534,0.0078125,-0.0078125,0.0,-0.19132812500000002,-0.7774218749999999,-0.7774218749999999,-0.19132812500000002,0.0,-2.1875,11.890625,28.0234375,0.0,-8.5,31.71875,30.51171875,-192.3751220703125,-8.3359375,32.90234375,31.8515625,0.0,-2.296875,9.1328125,26.68359375,0.0,0.0,27.44921875,0.0,4.9853363037109375
3.518,12.831145706400001,0.0078125,-0.0078125,0.007874015748031496,0.0,0.0,-0.0,-0.0,0.0,0.0,0.0,27.2578125,0.0,0.0,0.0,30.89453125,-42.65812683105469,0.0,0.0,32.234375,0.0,0.0,0.0,26.68359375,0.0,0.0,26.4921875,0.0,4.9853363037109375
3.697,12.8916158028,0.0078125,-0.0078125,-0.109375,0.0,0.0,-0.0,-0.0,0.0,0.0,0.0,27.06640625,0.0,0.0,0.0,31.27734375,18.289794921875,0.0,0.0,31.8515625,0.0,0.0,0.0,26.4921875,0.0,0.0,27.44921875,0.0,4.9853363037109375
3.86,12.9088929732,0.0078125,-0.0078125,-0.03125,0.0,0.0,-0.0,-0.0,0.0,0.0,0.0,27.640625,0.0,0.0,0.0,31.0859375,-2.662628173828125,0.0,0.0,32.42578125,0.0,0.0,0.0,26.68359375,0.0,0.0,27.83203125,0.0,4.9853363037109375
4.039,12.9175315584,0.0078125,-0.0078125,-0.2265625,0.0,0.0,-0.0,-0.0,0.0,0.0,0.0,27.2578125,0.0,0.0,0.0,31.27734375,0.0,0.0,0.0,32.04296875,0.0,0.0,0.0,26.4921875,0.0,0.0,26.68359375,0.0,4.9951019287109375
4.207,11.6735752896,0.0078125,-0.0078125,-0.4921875,-0.17744140625000004,-0.72099609375,-0.72099609375,-0.17744140625000004,0.0,-2.03515625,14.38671875,26.68359375,0.0,-7.984375,34.73828125,30.89453125,-136.11228942871094,-7.859375,34.609375,32.6171875,0.0,-2.13671875,9.3984375,26.68359375,0.0,0.0,26.4921875,0.0,4.9853363037109375
4.39,12.822507121200001,0.0078125,-0.0078125,0.0,0.0,0.0,-0.0,-0.0,0.0,0.0,0.0,27.44921875,0.0,0.0,0.0,31.27734375,-38.808258056640625,0.0,0.0,32.04296875,0.0,0.0,0.0,26.30078125,0.0,0.0,26.68359375,0.0,4.9853363037109375
4.564,12.8743386324,0.0078125,-0.0078125,0.0,0.0,0.0,-0.0,-0.0,0.0,0.0,0.0,26.68359375,0.0,0.0,0.0,30.703125,9.259246826171875,0.0,0.0,31.8515625,0.0,0.0,0.0,26.4921875,0.0,0.0,26.4921875,0.0,4.9853363037109375
4.727,12.8916158028,0.0078125,-0.0078125,0.023622047244094488,0.0,0.0,-0.0,-0.0,0.0,0.0,0.0,27.2578125,0.0,0.0,0.0,31.66015625,0.0,0.0,0.0,31.8515625,0.0,0.0,0.0,26.4921875,0.0,0.0,26.4921875,0.0,4.975555419921875
4.897,12.9088929732,0.0078125,-0.0078125,0.3543307086614173,0.0,0.0,-0.0,-0.0,0.0,0.0,0.0,26.68359375,0.0,0.0,0.0,31.27734375,0.0,0.0,0.0,31.66015625,0.0,0.0,0.0,27.06640625,0.0,0.0,26.875,0.0,4.975555419921875
5.068,12.6065424912,0.0078125,-0.0078125,-0.0078125,0.07153543307086616,0.2906692913385827,0.29066929133858266,0.07153543307086613,0.0,0.89453125,11.49609375,25.91796875,0.0,3.76953125,19.76953125,30.89453125,20.517745971679688,3.41015625,19.640625,31.27734375,0.0,0.8984375,0.0,27.44921875,0.0,0.0,26.4921875,0.0,4.975555419921875
5.246,12.8743386324,0.078125,-0.0078125,-0.0078125,0.0,0.0,-0.0,-0.0,0.0,0.0,0.0,26.875,0.0,0.0,0.0,30.89453125,-5.2048797607421875,0.0,0.0,32.234375,0.0,0.0,0.0,26.4921875,0.0,0.0,26.109375,0.0,4.9560089111328125
5.407,12.4596865428,0.578125,0.09448818897637795,-0.0078125,0.27343749999999994,0.27343750000000006,-0.27343749999999994,-0.27343750000000006,0.0,3.28515625,21.4765625,26.109375,0.0,3.32421875,12.0234375,30.3203125,-37.227325439453125,-3.19140625,15.04296875,32.234375,0.0,-3.1171875,11.62890625,27.06640625,0.0,0.0,26.68359375,0.0,4.9853363037109375
5.595,11.284838955600001,0.453125,0.031496062992125984,-0.0078125,0.6710775780336604,0.6362638363187401,-0.6710775780336604,-0.6362638363187401,-243.59298706054688,7.2890625,15.56640625,26.4921875,0.0,7.3125,23.05078125,31.0859375,-139.7481689453125,-6.8671875,33.03125,31.8515625,0.0,-7.046875,28.56640625,26.4921875,0.0,0.0,26.875,0.0,4.975555419921875
5.776,12.1832518164,0.453125,0.031496062992125984,-0.0078125,0.453125,0.4531250000000001,-0.453125,-0.4531250000000001,-4.069854736328125,5.3828125,17.01171875,26.109375,0.0,5.3515625,10.83984375,31.0859375,-177.68728637695312,-5.43359375,11.890625,31.66015625,0.0,-5.546875,11.234375,26.875,0.0,0.0,28.0234375,0.0,4.9657745361328125
5.966,12.6324582468,-0.14960629921259844,-0.0859375,-0.0078125,0.34375,0.3437500000000001,-0.34375,-0.3437500000000001,0.0,4.3125,7.1640625,26.68359375,0.0,4.15625,5.45703125,30.51171875,-197.0746612548828,-3.91796875,3.75,32.234375,0.0,-3.953125,4.01171875,26.4921875,0.0,0.0,26.30078125,0.0,4.9853363037109375
6.138,10.6628608212,-0.6535433070866141,-0.4453125,-0.0078125,-0.8121070436655031,0.04231369804194052,0.8121070436655031,-0.04231369804194052,-3.1726837158203125,-7.73828125,67.9609375,27.2578125,0.0,0.0,0.0,30.703125,294.8176727294922,7.93359375,13.3359375,32.234375,0.0,0.0,0.0,26.4921875,0.0,0.0,26.109375,0.0,4.9657745361328125
6.309,9.9285810792,-0.5590551181102362,-0.3984375,-0.0078125,-1.0,-0.046791395677115814,1.0,0.046791395677115814,0.0,-9.140625,68.6171875,28.0234375,0.0,0.0,0.0,31.27734375,133.1483917236328,8.890625,48.0,32.04296875,0.0,0.0,0.0,27.06640625,0.0,0.0,25.53515625,0.0,4.9657745361328125
6.482,10.4468961912,-0.4330708661417323,-0.265625,-0.0078125,-0.9591019653657308,0.029827265476550124,0.9591019653657308,-0.029827265476550124,-5.6793365478515625,-9.2421875,55.75,27.06640625,0.0,0.0,0.0,30.703125,184.42031860351562,8.796875,44.32421875,31.27734375,0.0,0.0,0.0,26.68359375,0.0,0.0,26.4921875,0.0,4.9560089111328125
6.659,12.4856022984,-0.05511811023622047,-0.0078125,-0.0078125,-0.3372024106559428,-0.1630353421631308,0.3372024106559428,0.1630353421631308,-3.6964874267578125,-4.08984375,20.42578125,26.109375,0.0,-2.00390625,1.6484375,30.703125,129.9976348876953,4.0859375,12.94140625,31.8515625,0.0,2.06640625,0.0,26.4921875,0.0,0.0,26.109375,0.0,4.975555419921875
6.839,12.736121269200002,-0.13385826771653545,-0.0078125,-0.0078125,0.0,0.0,-0.0,-0.0,-7.3309326171875,0.0,0.0,26.875,0.0,0.0,0.0,30.89453125,89.48336791992188,0.0,0.0,32.04296875,0.0,0.0,0.0,26.4921875,0.0,0.0,26.4921875,0.0,5.0146484375
7.004,12.7188440988,-0.44881889763779526,-0.1640625,-0.2265625,-0.18110236220472448,-0.18110236220472442,0.18110236220472448,0.18110236220472442,-6.0566253662109375,-2.30078125,6.11328125,26.109375,0.0,-2.25390625,2.9609375,31.27734375,83.57455444335938,2.1484375,4.27734375,32.04296875,0.0,2.09765625,4.01171875,26.30078125,0.0,0.0,26.875,0.0,5.0048828125
7.179,11.604466608000001,-0.5118110236220472,-0.203125,-0.390625,-0.7543972983639234,-0.6503895414478573,0.41064729836392344,0.30663954144785727,-2.5561981201171875,-8.1953125,43.14453125,26.68359375,0.0,-7.41015625,11.49609375,30.703125,102.98771667480469,4.4296875,15.17578125,32.04296875,0.0,3.46875,7.8203125,26.4921875,0.0,0.0,26.68359375,0.0,4.9853363037109375
7.36,11.7599611416,-0.4015748031496063,-0.203125,0.0,-0.7513113608639234,-0.6378504789478572,0.42318636086392336,0.30972547894785724,-180.5529327392578,-8.53125,28.9609375,26.30078125,0.0,-7.24609375,14.6484375,29.36328125,175.14251708984375,4.84765625,12.8125,32.04296875,0.0,3.75390625,5.1953125,26.4921875,0.0,0.0,26.109375,0.0,4.9853363037109375
7.56,12.278276253600001,-0.3228346456692913,-0.203125,0.28346456692913385,-0.5660044436689058,-0.03829267905896283,0.5660044436689058,0.03829267905896283,-13.58282470703125,-6.765625,15.04296875,26.875,0.0,0.0,0.0,30.89453125,205.61148071289062,6.4453125,17.5390625,31.46875,0.0,0.0,0.0,26.68359375,0.0,0.0,27.44921875,0.0,4.9853363037109375
7.736,11.5267193412,-0.3228346456692913,-0.203125,0.6220472440944882,-0.4466928840800046,0.4000212253614241,0.9663779234500833,0.11966381400865461,0.0,-5.10546875,10.83984375,27.2578125,0.0,4.6953125,24.3671875,31.0859375,293.9150390625,10.08984375,35.39453125,32.42578125,0.0,1.390625,0.0,25.53515625,0.0,0.0,25.91796875,0.0,4.9560089111328125
7.926,11.535357926400001,-0.3228346456692913,-0.203125,0.47244094488188976,-0.4354933388137275,0.43606332858096,1.0,0.12844333260531257,-8.768585205078125,-4.88671875,14.78125,26.875,0.0,4.65625,28.3046875,30.89453125,328.37351989746094,10.578125,32.24609375,32.42578125,0.0,1.52734375,0.0,25.7265625,0.0,0.0,26.4921875,0.0,4.9853363037109375
8.099,11.7513225564,-0.3228346456692913,-0.203125,0.2992125984251969,-0.456023592741422,0.3621078395346524,0.9284645376233118,0.11033310534723731,-7.92779541015625,-5.2109375,16.35546875,26.68359375,0.0,4.3515625,25.80859375,30.51171875,342.2154846191406,9.3671875,26.9921875,31.27734375,0.0,1.328125,0.0,25.34375,0.0,0.0,26.4921875,0.0,4.975555419921875
8.279,12.2437219128,-0.3228346456692913,-0.203125,-0.0078125,-0.5493306793555952,-0.017026018733064086,0.5493306793555952,0.017026018733064086,-137.92608642578125,-6.47265625,26.07421875,26.68359375,0.0,0.0,0.0,30.3203125,242.8996124267578,6.50390625,12.0234375,32.234375,0.0,0.0,0.0,26.109375,0.0,0.0,26.4921875,0.0,4.9657745361328125
8.459,12.321469179600001,-0.25984251968503935,-0.046875,-0.5234375,-0.5315046112399437,5.378637388058216E-4,0.5315046112399437,-5.378637388058216E-4,-10.890213012695312,-6.35546875,19.76953125,26.68359375,0.0,0.0,0.0,30.3203125,239.9100341796875,6.33203125,10.7109375,31.46875,0.0,0.0,0.0,26.4921875,0.0,0.0,26.109375,0.0,5.034210205078125
8.636,12.2609990832,-0.2440944881889764,-0.0234375,-0.40625,-0.35364526943897645,-0.6892312069389763,-0.20104223056102352,0.13454370693897633,-3.2380523681640625,-4.3046875,4.93359375,27.2578125,0.0,-7.94921875,16.8828125,30.89453125,108.00471496582031,-2.37109375,35.52734375,32.04296875,0.0,1.69921875,0.0,26.875,0.0,0.0,26.109375,0.0,4.9364471435546875
8.81,12.736121269200002,-0.2440944881889764,-0.0234375,0.0,-0.24409448818897644,-0.2440944881889764,0.24409448818897644,0.2440944881889764,-8.9569091796875,-3.125,0.0,26.30078125,0.0,-3.08203125,0.0,30.3203125,109.79585266113281,3.078125,5.58984375,31.66015625,0.0,3.0703125,4.80078125,26.30078125,0.0,0.0,26.68359375,0.0,4.975555419921875
8.99,12.7188440988,-0.2440944881889764,-0.0234375,-0.1953125,-0.24409448818897644,-0.2440944881889764,0.24409448818897644,0.2440944881889764,-8.284957885742188,-3.109375,3.48828125,27.2578125,0.0,-3.0390625,2.3046875,31.66015625,131.55189514160156,3.0703125,4.5390625,32.80859375,0.0,3.0703125,4.14453125,26.68359375,0.0,0.0,26.68359375,0.0,4.9853363037109375
S: 9.047 173248582126 Pickup up
9.174,12.7188440988,-0.2440944881889764,-0.0234375,-0.40625,-0.24409448818897644,-0.2440944881889764,0.24409448818897644,0.2440944881889764,0.0,-3.08984375,6.24609375,27.2578125,0.0,-3.0390625,2.9609375,31.0859375,129.3190460205078,2.9921875,4.5390625,32.04296875,0.0,3.02734375,3.8828125,26.30078125,0.0,0.0,26.4921875,0.0,4.9657745361328125
S: 9.189 173248582268 Pickup up
9.359,12.4164936168,-0.2283464566929134,-0.0234375,0.007874015748031496,-0.32432886318897647,-0.5701101131889764,-0.08192113681102356,0.16386011318897642,0.0,-3.98046875,9.52734375,26.4921875,0.0,-6.65625,17.2734375,29.5546875,67.07070922851562,-0.9609375,21.34765625,32.04296875,0.0,1.984375,1.6484375,27.2578125,0.0,0.0,26.109375,0.0,4.9560089111328125
9.542,11.587189437600001,-0.5905511811023622,-0.265625,0.007874015748031496,-0.7416203747028993,-0.18012180297372687,0.7416203747028993,0.18012180297372687,-11.099899291992188,-8.1875,30.66796875,26.30078125,0.0,-2.0859375,0.0,31.66015625,149.22471618652344,7.1171875,30.2734375,31.27734375,0.0,2.0546875,0.0,26.68359375,0.0,0.0,26.68359375,0.0,4.9853363037109375
9.719,11.310754711200001,-0.5433070866141733,-0.265625,0.007874015748031496,-0.8644200419269668,-0.35988044501035205,0.8644200419269668,0.35988044501035205,-3.0838165283203125,-9.1171875,37.890625,26.109375,0.0,-4.0390625,2.69921875,31.0859375,286.8240203857422,8.59765625,26.9921875,31.46875,0.0,4.09765625,4.01171875,26.109375,0.0,0.0,26.4921875,0.0,4.9560089111328125
9.904,11.7081296304,-0.4645669291338583,-0.265625,0.007874015748031496,-0.8251623129431749,-0.23040085572663,0.8251623129431749,0.23040085572663,-15.844131469726562,-9.19921875,28.9609375,28.0234375,0.0,-2.71484375,0.0,31.27734375,292.83917236328125,8.5546875,24.3671875,31.0859375,0.0,2.76171875,0.0,26.4921875,0.0,0.0,26.4921875,0.0,4.94622802734375
10.082,11.9240942604,-0.2755905511811024,-0.125,0.31496062992125984,-0.7462741132192054,-0.059058194561066146,0.7462741132192054,0.059058194561066146,-2.8618927001953125,-8.5546875,23.83984375,27.640625,0.0,0.0,0.0,30.89453125,299.74241638183594,8.33984375,19.76953125,31.66015625,0.0,0.0,0.0,27.2578125,0.0,0.0,26.875,0.0,4.9657745361328125
10.259,12.468325128,-0.16535433070866143,-0.0234375,0.31496062992125984,-0.3389154610550759,0.10357425075785168,0.6538760909763357,0.21138637916340816,-11.818252563476562,-4.21875,2.69921875,27.06640625,0.0,1.234375,30.9296875,30.51171875,280.51719665527344,7.67578125,16.48828125,31.8515625,0.0,2.6875,0.0,26.109375,0.0,0.0,26.4921875,0.0,4.9853363037109375
10.459,12.753398439600002,0.0078125,0.0,0.0,0.0,0.0,-0.0,-0.0,-150.15835571289062,0.0,0.0,26.875,0.0,0.0,0.0,30.89453125,245.82293701171875,0.0,0.0,32.04296875,0.0,0.0,0.0,26.68359375,0.0,0.0,25.15234375,0.0,4.975555419921875
10.639,12.779314195200001,0.0234375,0.0,0.0,0.0,0.0,-0.0,-0.0,-13.008697509765625,0.0,0.0,26.68359375,0.0,0.0,0.0,30.3203125,214.633056640625,0.0,0.0,32.234375,0.0,0.0,0.0,26.68359375,0.0,0.0,26.68359375,0.0,4.9853363037109375
10.808,12.4424093724,0.0234375,0.0,0.0,0.0,0.0,-0.0,-0.0,-3.2382049560546875,0.0,0.0,27.44921875,0.0,0.0,0.0,30.3203125,140.4227294921875,0.0,0.0,31.8515625,0.0,0.0,0.0,27.06640625,0.0,0.0,26.109375,0.0,4.975555419921875
10.979,12.5374338096,0.0234375,0.0,0.06299212598425197,0.0,0.0,-0.0,-0.0,0.0,0.0,0.0,26.875,0.0,0.0,0.0,31.0859375,148.99893188476562,0.0,0.0,31.46875,0.0,0.0,0.0,26.4921875,0.0,0.0,26.68359375,0.0,4.9853363037109375
11.159,12.5201566392,0.0234375,0.0,0.06299212598425197,0.0,0.0,-0.0,-0.0,-24.044021606445312,0.0,0.0,26.875,0.0,0.0,0.0,31.0859375,157.3190155029297,0.0,0.0,32.42578125,0.0,0.0,0.0,26.4921875,0.0,0.0,27.06640625,0.0,4.975555419921875
11.325,12.4856022984,-0.4330708661417323,0.0,0.07086614173228346,0.0,0.0,-0.0,-0.0,-8.033645629882812,0.0,0.0,27.2578125,0.0,0.0,0.0,30.89453125,89.69027709960938,0.0,0.0,32.04296875,0.0,0.0,0.0,26.68359375,0.0,0.0,24.9609375,0.0,4.9560089111328125
S: 11.37 173248584448 Pickup down
11.498,11.1898145184,-0.0,-0.0078125,0.007874015748031496,-0.43307086614173235,-0.43307086614173224,0.43307086614173235,0.43307086614173224,0.0,-4.70703125,14.6484375,27.2578125,0.0,-4.70703125,9.00390625,30.12890625,139.90090942382812,4.56640625,12.8125,31.0859375,0.0,4.77734375,13.46875,26.68359375,-10.828125,27.91015625,26.875,0.0,4.975555419921875
11.681,11.794515482400001,0.1640625,0.11023622047244094,0.007874015748031496,0.0,0.0,-0.0,-0.0,0.0,0.0,0.0,27.44921875,0.0,0.0,0.0,30.89453125,148.3828582763672,0.0,0.0,31.8515625,0.0,0.0,0.0,26.4921875,-11.4609375,15.69921875,26.68359375,0.0,4.975555419921875
11.849,11.7081296304,0.6796875,0.11023622047244094,0.007874015748031496,0.285398286866015,-0.0027371108140943623,-0.285398286866015,0.0027371108140943623,0.0,3.23046875,25.546875,26.875,0.0,0.0,0.0,32.234375,71.69931030273438,-2.7421875,27.25390625,32.42578125,0.0,0.0,0.0,26.68359375,-9.80859375,5.45703125,27.06640625,0.0,4.9951019287109375
12.03,9.5225675748,0.6953125,0.2125984251968504,0.0,0.8180047506300295,0.8717450666186305,-0.8180047506300295,-0.8717450666186305,-7.637237548828125,7.50390625,15.56640625,25.34375,0.0,8.73046875,48.265625,31.46875,-47.121185302734375,-7.3359375,53.25390625,32.6171875,0.0,-9.5625,10.83984375,27.44921875,0.0,0.0,26.30078125,0.0,4.9853363037109375
12.203,11.8809013344,0.0078125,0.0,0.0,0.4351314743217479,0.17959426563292094,-0.4351314743217479,-0.17959426563292094,-16.658721923828125,4.984375,21.4765625,25.7265625,0.0,2.07421875,2.9609375,30.3203125,-132.95018005371094,-5.03515625,14.6484375,32.04296875,0.0,-2.23828125,1.6484375,26.4921875,0.0,0.0,26.4921875,0.0,4.975555419921875
12.379,12.4078550316,0.0078125,0.0,0.0,0.0,0.0,-0.0,-0.0,9.059219360351562,0.0,0.0,27.06640625,0.0,0.0,0.0,30.89453125,-115.38114929199219,0.0,0.0,32.04296875,0.0,0.0,0.0,26.875,0.0,0.0,26.68359375,0.0,4.9853363037109375
12.557,12.4942408836,0.0078125,0.0,0.0,0.0,0.0,-0.0,-0.0,-4.007781982421875,0.0,0.0,26.68359375,0.0,0.0,0.0,30.703125,-69.78645324707031,0.0,0.0,32.80859375,0.0,0.0,0.0,26.68359375,0.0,0.0,26.68359375,0.0,4.975555419921875
12.728,12.502879468800002,-0.0,0.0,0.0,0.0,0.0,-0.0,-0.0,-49.287628173828125,0.0,0.0,26.68359375,0.0,0.0,0.0,30.703125,-35.19287109375,0.0,0.0,32.04296875,0.0,0.0,0.0,26.109375,0.0,0.0,26.875,0.0,4.975555419921875
12.899,12.528795224400001,-0.0,0.0,0.0,0.0,0.0,-0.0,-0.0,0.0,0.0,0.0,27.83203125,0.0,0.0,0.0,30.89453125,-20.03485107421875,0.0,0.0,32.234375,0.0,0.0,0.0,26.109375,0.0,0.0,26.68359375,0.0,4.975555419921875
13.06,12.4596865428,-0.0,0.0,0.0,0.0,0.0,-0.0,-0.0,0.0,0.0,0.0,27.06640625,0.0,0.0,0.0,31.46875,-7.964385986328125,0.0,0.0,31.46875,0.0,0.0,0.0,26.68359375,0.0,0.0,26.68359375,0.0,4.975555419921875
13.225,12.5374338096,-0.0,0.0,-0.0625,0.0,0.0,-0.0,-0.0,0.0,0.0,0.0,26.875,0.0,0.0,0.0,30.89453125,4.345367431640625,0.0,0.0,31.8515625,0.0,0.0,0.0,25.91796875,0.0,0.0,28.21484375,0.0,4.975555419921875
13.38,12.546072394800001,-0.0,0.0,0.0,0.0,0.0,-0.0,-0.0,0.0,0.0,0.0,26.875,0.0,0.0,0.0,31.8515625,0.0,0.0,0.0,31.8515625,0.0,0.0,0.0,26.875,0.0,0.0,26.30078125,0.0,4.9560089111328125
13.56,12.252360498000002,-0.0,0.0,-0.40625,-0.06789062500000001,-0.275859375,-0.275859375,-0.06789062499999998,0.0,-0.828125,12.6796875,26.30078125,0.0,-3.171875,16.8828125,30.51171875,-33.829620361328125,-3.203125,16.2265625,31.8515625,0.0,-0.84375,0.0,26.875,0.0,0.0,25.7265625,0.0,4.975555419921875
13.749,12.476963713200002,-0.0,0.0,-0.0078125,0.0,0.0,-0.0,-0.0,0.0,0.0,0.0,26.4921875,0.0,0.0,0.0,31.27734375,3.0093841552734375,0.0,0.0,31.66015625,0.0,0.0,0.0,26.30078125,0.0,0.0,26.109375,0.0,4.9853363037109375
13.92,12.4942408836,-0.0,0.0,-0.125,0.0,0.0,-0.0,-0.0,0.0,0.0,0.0,28.0234375,0.0,0.0,0.0,31.66015625,0.0,0.0,0.0,32.04296875,0.0,0.0,0.0,26.875,0.0,0.0,26.30078125,0.0,4.975555419921875
14.08,12.5201566392,-0.0,0.0,0.023622047244094488,0.0,0.0,-0.0,-0.0,0.0,0.0,0.0,27.640625,0.0,0.0,0.0,30.703125,0.0,0.0,0.0,32.04296875,0.0,0.0,0.0,26.4921875,0.0,0.0,26.30078125,0.0,4.975555419921875
14.257,12.554710980000001,-0.0,0.0,-0.1796875,0.0,0.0,-0.0,-0.0,0.0,0.0,0.0,26.875,0.0,0.0,0.0,30.3203125,0.0,0.0,0.0,32.04296875,0.0,0.0,0.0,26.68359375,0.0,0.0,26.109375,0.0,4.975555419921875
14.418,12.4856022984,-0.0,0.0,0.0,0.0,0.0,-0.0,-0.0,0.0,0.0,0.0,26.875,0.0,0.0,0.0,32.04296875,0.0,0.0,0.0,32.04296875,0.0,0.0,0.0,26.68359375,0.0,0.0,26.4921875,0.0,4.975555419921875
14.578,12.528795224400001,-0.0,0.0,-0.5078125,0.0,0.0,-0.0,-0.0,0.0,0.0,0.0,26.875,0.0,0.0,0.0,30.51171875,0.0,0.0,0.0,32.80859375,0.0,0.0,0.0,25.91796875,0.0,0.0,26.30078125,0.0,4.8973541259765625
14.74,12.045034453200001,-0.0,0.0,0.0,-0.10029296874999999,-0.40751953125,-0.40751953125,-0.10029296874999999,0.0,-1.203125,12.0234375,27.06640625,0.0,-4.5859375,19.76953125,31.27734375,-57.05030822753906,-4.61328125,23.05078125,32.234375,0.0,-1.23046875,6.24609375,26.68359375,0.0,0.0,25.7265625,0.0,4.975555419921875
14.918,12.528795224400001,-0.0,0.0,-0.0078125,0.0,0.0,-0.0,-0.0,0.0,0.0,0.0,27.2578125,0.0,0.0,0.0,30.51171875,8.998382568359375,0.0,0.0,32.04296875,0.0,0.0,0.0,26.68359375,0.0,0.0,26.4921875,0.0,4.975555419921875
15.079,12.468325128,-0.0,0.0,-0.5390625,0.0,0.0,-0.0,-0.0,0.0,0.0,0.0,26.875,0.0,0.0,0.0,31.0859375,0.0,0.0,0.0,32.234375,0.0,0.0,0.0,26.875,0.0,0.0,26.875,0.0,4.94622802734375
15.247,11.9845643568,-0.0,0.0,0.0,-0.10646484375000001,-0.43259765625,-0.43259765625,-0.10646484375000001,0.0,-1.26953125,10.0546875,26.875,0.0,-4.8828125,24.1015625,31.0859375,-81.76127624511719,-4.77734375,26.859375,31.66015625,0.0,-1.29296875,5.71875,26.109375,0.0,0.0,26.109375,0.0,4.975555419921875
15.421,12.502879468800002,-0.0,0.0,-0.0078125,0.0,0.0,-0.0,-0.0,0.0,0.0,0.0,26.875,0.0,0.0,0.0,30.51171875,-14.802261352539062,0.0,0.0,32.04296875,0.0,0.0,0.0,27.06640625,0.0,0.0,26.68359375,0.0,4.975555419921875
15.597,12.5374338096,-0.0,0.0,-0.0078125,0.0,0.0,-0.0,-0.0,0.0,0.0,0.0,25.91796875,0.0,0.0,0.0,30.703125,3.4990997314453125,0.0,0.0,32.04296875,0.0,0.0,0.0,26.68359375,0.0,0.0,26.30078125,0.0,4.975555419921875
15.78,12.5201566392,-0.0,0.0,-0.5078125,0.0,0.0,-0.0,-0.0,0.0,0.0,0.0,25.91796875,0.0,0.0,0.0,31.0859375,0.0,0.0,0.0,32.234375,0.0,0.0,0.0,26.4921875,0.0,0.0,26.68359375,0.0,4.9657745361328125
15.935,12.131420305199999,-0.0,0.0,0.11023622047244094,-0.0833203125,-0.3385546875,-0.3385546875,-0.0833203125,0.0,-1.0078125,10.31640625,26.68359375,0.0,-3.859375,18.98046875,30.51171875,-10.795120239257812,-3.8359375,24.49609375,32.04296875,0.0,-1.0390625,5.0625,26.30078125,0.0,0.0,25.7265625,0.0,4.975555419921875
16.119,12.5374338096,-0.023622047244094488,0.0,-0.0078125,0.0,0.0,-0.0,-0.0,0.0,0.0,0.0,27.83203125,0.0,0.0,0.0,31.27734375,3.8823394775390625,0.0,0.0,32.234375,0.0,0.0,0.0,26.4921875,0.0,0.0,26.109375,0.0,4.9853363037109375
16.499,12.528795224400001,0.0234375,0.05511811023622047,-0.0078125,0.0,0.0,-0.0,-0.0,0.0,0.0,0.0,26.30078125,0.0,0.0,0.0,30.51171875,0.0,0.0,0.0,32.234375,0.0,0.0,0.0,26.30078125,0.0,0.0,26.4921875,0.0,4.975555419921875
16.678,12.528795224400001,0.203125,-0.3984375,-0.0078125,0.0,0.0,-0.0,-0.0,0.0,0.0,0.0,27.06640625,0.0,0.0,0.0,30.89453125,0.0,0.0,0.0,32.234375,0.0,0.0,0.0,26.4921875,0.0,0.0,25.34375,0.0,4.975555419921875
16.847,11.518080756000002,0.328125,-1.0,-0.0078125,-0.14244729519564078,0.6187265275338829,0.14244729519564078,-0.6187265275338829,0.0,-1.578125,17.01171875,27.06640625,0.0,6.26171875,38.546875,29.74609375,-5.9207000732421875,1.390625,11.49609375,31.46875,0.0,-6.0703125,31.32421875,26.4921875,0.0,0.0,26.30078125,0.0,4.975555419921875
17.029,9.4102659672,-0.16535433070866143,-0.8359375,-0.0078125,-1.0,0.7971099924263899,1.0,-0.7971099924263899,-14.149520874023438,-8.96484375,41.69921875,26.68359375,0.0,7.7890625,25.6796875,31.46875,163.85049438476562,8.46875,49.4453125,31.66015625,0.0,-7.70703125,38.80859375,26.875,0.0,0.0,26.109375,0.0,4.9951019287109375
17.215,11.561273682000001,-0.2440944881889764,0.07086614173228346,-0.0078125,-0.5974490641526833,0.0475005936584163,0.5974490641526833,-0.0475005936584163,-7.4320068359375,-6.6171875,27.38671875,24.76953125,0.0,0.0,0.0,31.27734375,179.32192993164062,6.59375,24.1015625,31.27734375,0.0,0.0,0.0,26.875,0.0,0.0,26.109375,0.0,4.9657745361328125
17.386,12.12278172,-0.6535433070866141,-0.2421875,-0.0078125,-0.24409448818897644,-0.2440944881889764,0.24409448818897644,0.2440944881889764,0.0,-2.89453125,18.8515625,26.68359375,0.0,-2.859375,10.18359375,30.703125,47.188934326171875,2.60546875,13.3359375,31.46875,0.0,2.60546875,9.921875,26.875,0.0,0.0,27.44921875,0.0,4.9560089111328125
17.561,10.4037032652,-1.0,-0.3046875,-0.0078125,-0.8396780234548504,-0.5334112254299839,0.8396780234548504,0.5334112254299839,0.0,-8.265625,42.48828125,26.68359375,0.0,-5.34765625,12.28515625,31.0859375,239.95501708984375,7.40625,22.7890625,31.8515625,0.0,5.078125,16.48828125,26.109375,0.0,0.0,25.53515625,0.0,4.9657745361328125
17.741,10.1618228796,-0.84251968503937,-0.3046875,-0.0078125,-1.0,-0.7576420867749708,1.0,0.7576420867749708,-15.567092895507812,-9.52734375,38.0234375,26.875,0.0,-7.4609375,14.78125,29.9375,347.88909912109375,10.3671875,24.3671875,32.04296875,0.0,7.85546875,21.4765625,25.53515625,0.0,0.0,26.109375,0.0,4.9560089111328125
17.918,12.476963713200002,0.0078125,0.015748031496062992,-0.0078125,-0.22834645669291345,-0.2283464566929134,0.22834645669291345,0.2283464566929134,-2.7499237060546875,-2.8828125,0.0,26.109375,0.0,-2.8359375,0.0,31.0859375,200.21897888183594,2.89453125,0.0,30.51171875,0.0,2.86328125,0.0,26.30078125,0.0,0.0,26.109375,0.0,4.9853363037109375
18.099,12.3905778612,-0.023622047244094488,0.015748031496062992,-0.0078125,0.0,0.0,-0.0,-0.0,-2.55987548828125,0.0,0.0,27.2578125,0.0,0.0,0.0,30.12890625,178.84588623046875,0.0,0.0,32.04296875,0.0,0.0,0.0,27.640625,0.0,0.0,26.68359375,0.0,4.9853363037109375
18.261,12.476963713200002,0.203125,0.07086614173228346,-0.0078125,0.0,0.0,-0.0,-0.0,-11.6922607421875,0.0,0.0,27.2578125,0.0,0.0,0.0,30.3203125,151.18704223632812,0.0,0.0,31.46875,0.0,0.0,0.0,26.875,0.0,0.0,26.109375,0.0,5.0048828125
18.44,12.096865964400001,0.3046875,0.09448818897637795,-0.0078125,0.20312499999999997,0.20312500000000003,-0.20312499999999997,-0.20312500000000003,-5.5937347412109375,2.3828125,23.31640625,26.30078125,0.0,2.5546875,19.5078125,31.46875,69.14433288574219,-2.3515625,23.05078125,32.234375,0.0,-2.39453125,22.921875,27.06640625,0.0,0.0,27.83203125,0.0,4.9853363037109375
18.619,12.425132202,-0.023622047244094488,0.0,-0.0078125,0.0,0.0,-0.0,-0.0,0.0,0.0,0.0,26.875,0.0,0.0,0.0,31.8515625,22.380615234375,0.0,0.0,32.234375,0.0,0.0,0.0,27.44921875,0.0,0.0,26.68359375,0.0,4.975555419921875
18.778,12.4510479576,-0.023622047244094488,0.0,-0.0078125,0.0,0.0,-0.0,-0.0,0.0,0.0,0.0,26.68359375,0.0,0.0,0.0,30.703125,16.428924560546875,0.0,0.0,32.234375,0.0,0.0,0.0,26.4921875,0.0,0.0,25.15234375,0.0,4.975555419921875
18.94,12.511518054,-0.05511811023622047,0.0,-0.0078125,0.0,0.0,-0.0,-0.0,0.0,0.0,0.0,27.640625,0.0,0.0,0.0,30.89453125,3.95361328125,0.0,0.0,32.04296875,0.0,0.0,0.0,27.06640625,0.0,0.0,26.109375,0.0,4.9853363037109375
19.109,12.502879468800002,-0.05511811023622047,-0.0078125,-0.0078125,0.0,0.0,-0.0,-0.0,0.0,0.0,0.0,27.06640625,0.0,0.0,0.0,30.3203125,0.0,0.0,0.0,32.42578125,0.0,0.0,0.0,26.4921875,0.0,0.0,26.30078125,0.0,4.975555419921875
19.281,12.5201566392,-0.05511811023622047,-0.0078125,0.047244094488188976,0.0,0.0,-0.0,-0.0,0.0,0.0,0.0,26.68359375,0.0,0.0,0.0,30.89453125,-3.119232177734375,0.0,0.0,32.42578125,0.0,0.0,0.0,26.68359375,0.0,0.0,26.109375,0.0,4.975555419921875
19.461,12.4856022984,-0.05511811023622047,-0.0078125,0.047244094488188976,0.0,0.0,-0.0,-0.0,0.0,0.0,0.0,26.68359375,0.0,0.0,0.0,30.51171875,0.0,0.0,0.0,31.27734375,0.0,0.0,0.0,26.68359375,0.0,0.0,26.4921875,0.0,4.9853363037109375
19.678,12.5374338096,-0.10236220472440945,0.09448818897637795,0.0,0.0,0.0,-0.0,-0.0,0.0,0.0,0.0,26.875,0.0,0.0,0.0,31.0859375,0.0,0.0,0.0,32.234375,0.0,0.0,0.0,26.4921875,0.0,0.0,26.4921875,0.0,4.9951019287109375
19.846,12.425132202,-0.03937007874015748,0.29133858267716534,0.0,0.13385826771653545,-0.13385826771653545,-0.13385826771653545,0.13385826771653545,0.0,1.63671875,16.6171875,26.4921875,0.0,-1.6171875,12.8125,30.89453125,-7.8394927978515625,-1.625,10.578125,32.04296875,0.0,1.57421875,12.28515625,26.30078125,0.0,0.0,26.4921875,0.0,4.975555419921875
20.019,12.0018415272,-0.03937007874015748,0.015748031496062992,0.0,0.2755905511811024,-0.2755905511811024,-0.2755905511811024,0.2755905511811024,0.0,3.17578125,24.62890625,25.91796875,0.0,-3.0625,22.00390625,29.9375,-15.456008911132812,-3.171875,18.71875,32.04296875,0.0,3.1171875,25.80859375,26.109375,0.0,0.0,26.30078125,0.0,4.9853363037109375
20.199,12.4856022984,-0.03937007874015748,0.0,0.0,0.0,0.0,-0.0,-0.0,0.0,0.0,0.0,27.44921875,0.0,0.0,0.0,31.66015625,6.90679931640625,0.0,0.0,31.8515625,0.0,0.0,0.0,26.875,0.0,0.0,26.30078125,0.0,4.975555419921875
20.358,12.5374338096,-0.03937007874015748,0.07086614173228346,0.0,0.0,0.0,-0.0,-0.0,0.0,0.0,0.0,27.06640625,0.0,0.0,0.0,29.9375,0.0,0.0,0.0,32.6171875,0.0,0.0,0.0,26.875,0.0,0.0,25.7265625,0.0,4.975555419921875
20.519,12.476963713200002,-0.05511811023622047,0.09448818897637795,0.0,0.0,0.0,-0.0,-0.0,0.0,0.0,0.0,27.06640625,0.0,0.0,0.0,31.0859375,0.0,0.0,0.0,32.234375,0.0,0.0,0.0,26.875,0.0,0.0,26.68359375,0.0,4.975555419921875
20.688,12.4596865428,-0.30708661417322836,0.0,0.0,0.0,0.0,-0.0,-0.0,0.0,0.0,0.0,27.44921875,0.0,0.0,0.0,30.703125,0.0,0.0,0.0,32.04296875,0.0,0.0,0.0,26.68359375,0.0,0.0,26.109375,0.0,4.975555419921875
20.859,11.3971405632,-0.48031496062992124,-0.0078125,0.0,-0.48031496062992135,-0.48031496062992124,0.48031496062992135,0.48031496062992124,0.0,-5.1875,32.90234375,26.875,0.0,-5.37109375,10.31640625,30.3203125,41.760009765625,4.70703125,25.94140625,31.66015625,0.0,5.03125,27.25390625,26.109375,0.0,0.0,27.06640625,0.0,4.9853363037109375
21.036,11.6303823636,-0.48031496062992124,-0.0234375,0.0,-0.48031496062992135,-0.48031496062992124,0.48031496062992135,0.48031496062992124,-2.984100341796875,-5.37109375,21.609375,27.44921875,0.0,-5.3203125,12.8125,30.3203125,158.92066955566406,5.046875,17.40625,31.46875,0.0,5.31640625,20.953125,26.68359375,0.0,0.0,26.30078125,0.0,4.94622802734375
21.208,12.036395868,0.0078125,-0.0234375,0.0,-0.4015748031496064,-0.4015748031496063,0.4015748031496064,0.4015748031496063,0.0,-4.73046875,13.859375,26.875,0.0,-4.71875,8.4765625,30.12890625,171.77365112304688,4.640625,12.546875,32.234375,0.0,4.7265625,12.0234375,26.4921875,0.0,0.0,26.68359375,0.0,4.9853363037109375
21.387,12.468325128,0.1640625,0.07086614173228346,0.0,0.0,0.0,-0.0,-0.0,-7.1434478759765625,0.0,0.0,26.30078125,0.0,0.0,0.0,30.51171875,8.257827758789062,0.0,0.0,32.234375,0.0,0.0,0.0,26.875,0.0,0.0,25.7265625,0.0,4.975555419921875
21.578,12.165974646,0.359375,0.09448818897637795,0.0,0.30468749999999994,0.30468750000000006,-0.30468749999999994,-0.30468750000000006,-12.721664428710938,3.640625,12.0234375,26.875,0.0,3.57421875,11.234375,30.703125,-70.55839538574219,-3.44921875,13.07421875,31.8515625,0.0,-3.53515625,14.51953125,26.68359375,0.0,0.0,26.4921875,0.0,4.9364471435546875
21.742,11.6735752896,0.484375,0.031496062992125984,0.0,0.46874999999999994,0.46875000000000006,-0.46874999999999994,-0.46875000000000006,-22.825225830078125,5.140625,25.0234375,25.7265625,0.0,5.40234375,12.6796875,30.51171875,-111.181884765625,-5.0625,17.2734375,31.8515625,0.0,-5.30859375,16.75,26.68359375,0.0,0.0,27.06640625,0.0,4.9657745361328125
21.922,11.6994910452,0.3984375,0.0,0.0,0.484375,0.4843750000000001,-0.484375,-0.4843750000000001,-9.612945556640625,5.4296875,18.8515625,27.2578125,0.0,5.71875,12.0234375,30.51171875,-163.75267028808594,-5.44921875,12.546875,32.42578125,0.0,-5.671875,13.46875,26.4921875,0.0,0.0,25.7265625,0.0,4.9853363037109375
22.088,12.1573360608,0.2734375,0.0,0.0,0.35937499999999994,0.35937500000000006,-0.35937499999999994,-0.35937500000000006,-16.928680419921875,4.3046875,12.28515625,25.91796875,0.0,4.1796875,5.58984375,30.703125,-161.0873260498047,-4.296875,7.1640625,32.234375,0.0,-4.421875,6.90234375,26.875,0.0,0.0,26.30078125,0.0,4.9560089111328125
22.268,12.4856022984,0.0390625,0.0,0.0,0.12499999999999999,0.12500000000000003,-0.12499999999999999,-0.12500000000000003,0.0,1.5703125,0.0,26.68359375,0.0,1.5546875,0.0,31.0859375,-143.58897399902344,-1.59375,0.0,32.04296875,0.0,-1.578125,0.0,26.109375,0.0,0.0,26.109375,0.0,4.9657745361328125
22.44,12.476963713200002,0.0390625,0.0,0.0,0.0,0.0,-0.0,-0.0,0.0,0.0,0.0,27.44921875,0.0,0.0,0.0,31.0859375,-100.06513977050781,0.0,0.0,32.04296875,0.0,0.0,0.0,26.30078125,0.0,0.0,26.30078125,0.0,4.975555419921875
22.625,12.4510479576,0.0390625,0.0,0.0,0.0,0.0,-0.0,-0.0,-10.914382934570312,0.0,0.0,27.06640625,0.0,0.0,0.0,30.703125,-98.94102478027344,0.0,0.0,32.04296875,0.0,0.0,0.0,26.109375,0.0,0.0,26.4921875,0.0,4.9657745361328125
22.787,12.511518054,0.0390625,0.0,0.0,0.0,0.0,-0.0,-0.0,-8.189376831054688,0.0,0.0,27.06640625,0.0,0.0,0.0,30.703125,-76.76162719726562,0.0,0.0,31.8515625,0.0,0.0,0.0,26.30078125,0.0,0.0,26.30078125,0.0,4.975555419921875
22.958,12.511518054,0.0390625,0.0,0.0,0.0,0.0,-0.0,-0.0,-5.0701446533203125,0.0,0.0,26.30078125,0.0,0.0,0.0,29.9375,-46.11393737792969,0.0,0.0,32.42578125,0.0,0.0,0.0,26.4921875,0.0,0.0,26.875,0.0,4.9657745361328125
23.139,12.4596865428,0.0390625,0.0,0.0,0.0,0.0,-0.0,-0.0,-2.388885498046875,0.0,0.0,26.30078125,0.0,0.0,0.0,30.51171875,-35.501312255859375,0.0,0.0,32.234375,0.0,0.0,0.0,26.68359375,0.0,0.0,26.4921875,0.0,4.975555419921875
23.305,12.5374338096,0.0390625,0.0,0.0,0.0,0.0,-0.0,-0.0,0.0,0.0,0.0,27.06640625,0.0,0.0,0.0,30.89453125,-16.50689697265625,0.0,0.0,32.42578125,0.0,0.0,0.0,27.06640625,0.0,0.0,24.76953125,0.0,4.975555419921875
23.484,12.4942408836,0.09375,0.0,0.0,0.0,0.0,-0.0,-0.0,0.0,0.0,0.0,26.68359375,0.0,0.0,0.0,31.0859375,2.4277496337890625,0.0,0.0,32.42578125,0.0,0.0,0.0,26.68359375,0.0,0.0,27.44921875,0.0,4.975555419921875
23.659,12.528795224400001,0.1796875,0.0,0.0,0.0,0.0,-0.0,-0.0,0.0,0.0,0.0,27.44921875,0.0,0.0,0.0,31.0859375,8.018051147460938,0.0,0.0,32.42578125,0.0,0.0,0.0,26.4921875,0.0,0.0,26.30078125,0.0,4.9951019287109375
23.826,12.0536730384,0.3046875,-0.0078125,0.0,0.28906249999999994,0.28906250000000006,-0.28906249999999994,-0.28906250000000006,0.0,3.3515625,21.87109375,26.30078125,0.0,3.53515625,15.4375,30.3203125,-24.881271362304688,-3.3359375,16.35546875,32.04296875,0.0,-3.4453125,18.32421875,27.06640625,0.0,0.0,27.640625,0.0,4.975555419921875
23.999,12.3128305944,0.3046875,-0.0078125,0.0,0.30468749999999994,0.30468750000000006,-0.30468749999999994,-0.30468750000000006,-7.576141357421875,3.62890625,20.42578125,24.9609375,0.0,3.57421875,10.31640625,30.703125,-75.54742431640625,-3.55859375,16.09375,32.234375,0.0,-3.6875,14.78125,26.30078125,0.0,0.0,25.15234375,0.0,4.9657745361328125
24.185,12.4078550316,0.234375,-0.0078125,0.0,0.30468749999999994,0.30468750000000006,-0.30468749999999994,-0.30468750000000006,0.0,3.6484375,17.66796875,27.2578125,0.0,3.6171875,9.7890625,30.3203125,-109.16532897949219,-3.6953125,8.87109375,32.234375,0.0,-3.76171875,11.62890625,26.30078125,0.0,0.0,26.68359375,0.0,4.975555419921875
24.362,12.6670125876,0.203125,-0.0078125,0.0,0.20312499999999997,0.20312500000000003,-0.20312499999999997,-0.20312500000000003,0.0,2.5625,5.45703125,26.875,0.0,2.50390625,3.8828125,30.89453125,-94.95079040527344,-2.55078125,5.1953125,32.42578125,0.0,-2.57421875,4.40625,26.4921875,0.0,0.0,25.91796875,0.0,4.94622802734375
24.538,12.7188440988,-0.023622047244094488,-0.0078125,0.0,0.17968749999999997,0.17968750000000003,-0.17968749999999997,-0.17968750000000003,-2.7532501220703125,2.27734375,5.58984375,27.06640625,0.0,2.234375,3.09375,30.3203125,-85.35609436035156,-2.28125,3.48828125,31.8515625,0.0,-2.29296875,3.6171875,27.2578125,0.0,0.0,27.06640625,0.0,4.9853363037109375
24.711,12.779314195200001,-0.03937007874015748,-0.0234375,0.0,0.0,0.0,-0.0,-0.0,0.0,0.0,0.0,26.875,0.0,0.0,0.0,30.3203125,-57.95701599121094,0.0,0.0,32.04296875,0.0,0.0,0.0,26.4921875,0.0,0.0,24.76953125,0.0,4.975555419921875
24.877,12.7965913656,-0.07086614173228346,-0.265625,0.0,0.0,0.0,-0.0,-0.0,-3.1239776611328125,0.0,0.0,27.2578125,0.0,0.0,0.0,30.51171875,-51.67193603515625,0.0,0.0,32.6171875,0.0,0.0,0.0,27.06640625,0.0,0.0,25.53515625,0.0,4.9853363037109375
25.046,11.90681709,-0.2440944881889764,-0.6015625,0.0,-0.44368970372541977,0.2119843198606362,0.44368970372541977,-0.2119843198606362,0.0,-4.9765625,37.890625,27.2578125,0.0,2.40625,5.45703125,30.51171875,7.330352783203125,3.9765625,30.2734375,31.66015625,0.0,-2.07421875,16.75,26.875,0.0,0.0,25.91796875,0.0,4.975555419921875
25.226,10.0149669312,-0.33858267716535434,-0.78125,0.0,-1.0,0.4255990656140595,1.0,-0.4255990656140595,0.0,-9.0703125,56.2734375,27.44921875,0.0,3.9921875,9.921875,30.3203125,137.65414428710938,8.57421875,47.34375,32.04296875,0.0,-4.1171875,28.56640625,26.30078125,0.0,0.0,26.109375,0.0,4.9853363037109375
25.408,10.153184294399999,-0.18110236220472442,-0.3828125,0.0,-1.0,0.43034689725449343,1.0,-0.43034689725449343,-11.503860473632812,-9.66796875,43.2734375,26.68359375,0.0,4.640625,19.375,30.703125,168.6355438232422,9.59375,46.03125,32.04296875,0.0,-4.51171875,36.4453125,26.68359375,0.0,0.0,26.875,0.0,4.975555419921875
25.599,12.6151810764,0.0078125,0.015748031496062992,0.0,0.0,0.0,-0.0,-0.0,0.0,0.0,0.0,26.4921875,0.0,0.0,0.0,30.89453125,95.13662719726562,0.0,0.0,32.42578125,0.0,0.0,0.0,26.109375,0.0,0.0,26.4921875,0.0,4.975555419921875
25.768,12.6929283432,0.078125,0.25196850393700787,0.0,0.0,0.0,-0.0,-0.0,0.0,0.0,0.0,27.640625,0.0,0.0,0.0,31.0859375,78.59672546386719,0.0,0.0,32.04296875,0.0,0.0,0.0,27.2578125,0.0,0.0,25.34375,0.0,4.9951019287109375
25.938,11.768599726800002,0.078125,0.3937007874015748,0.0,0.41732283464566927,-0.41732283464566927,-0.41732283464566927,0.41732283464566927,0.0,4.60546875,34.87109375,25.53515625,0.0,-4.609375,16.6171875,29.5546875,-4.7392425537109375,-4.4453125,30.01171875,31.8515625,0.0,4.546875,22.39453125,26.109375,0.0,0.0,26.109375,0.0,4.9951019287109375
26.108,11.8895399196,-0.0,-0.0078125,0.0,0.3962231071976179,-0.30854277895144455,-0.3962231071976179,0.30854277895144455,0.0,4.42578125,29.87890625,25.91796875,0.0,-3.484375,15.3046875,30.3203125,-17.521438598632812,-4.390625,31.5859375,32.04296875,0.0,3.56640625,19.90234375,25.34375,0.0,0.0,26.30078125,0.0,4.9853363037109375
26.281,12.684289758000002,0.0234375,0.1732283464566929,0.0,0.0,0.0,-0.0,-0.0,0.0,0.0,0.0,27.44921875,0.0,0.0,0.0,30.51171875,9.227859497070312,0.0,0.0,32.04296875,0.0,0.0,0.0,26.875,0.0,0.0,26.109375,0.0,4.9853363037109375
26.446,11.3193932964,0.09375,0.6456692913385826,0.0,0.5039370078740157,-0.5039370078740157,-0.5039370078740157,0.5039370078740157,24.910491943359375,5.3125,35.66015625,25.15234375,0.0,-5.40625,26.73046875,30.51171875,-56.45149230957031,-4.8046875,30.5390625,31.8515625,0.0,4.60546875,29.6171875,26.109375,0.0,0.0,26.4921875,0.0,4.9853363037109375
26.621,9.894026738400001,0.0078125,0.0,0.0,0.815755339303589,-0.9437002867095801,-0.815755339303589,0.9437002867095801,-6.009765625,7.3984375,38.0234375,25.53515625,0.0,-8.828125,48.52734375,30.12890625,-138.70828247070312,-7.6015625,36.31640625,32.6171875,0.0,9.35546875,33.8203125,26.109375,0.0,0.0,25.53515625,0.0,4.975555419921875
26.788,12.5633495652,-0.023622047244094488,0.07086614173228346,0.0,0.0,0.0,-0.0,-0.0,0.0,0.0,0.0,26.875,0.0,0.0,0.0,30.51171875,-45.81903076171875,0.0,0.0,32.6171875,0.0,0.0,0.0,26.68359375,0.0,0.0,27.06640625,0.0,4.9853363037109375
26.959,12.684289758000002,-0.023622047244094488,0.15748031496062992,0.0,0.0,0.0,-0.0,-0.0,0.0,0.0,0.0,27.2578125,0.0,0.0,0.0,31.0859375,2.5435791015625,0.0,0.0,32.42578125,0.0,0.0,0.0,27.2578125,0.0,0.0,26.68359375,0.0,4.94622802734375
27.126,12.5201566392,-0.023622047244094488,0.0,0.0,0.15748031496062995,-0.15748031496062995,-0.15748031496062995,0.15748031496062995,0.0,1.92578125,19.640625,26.4921875,0.0,-1.87890625,16.35546875,29.74609375,-37.059906005859375,-1.94140625,14.78125,32.234375,0.0,1.90234375,14.38671875,26.30078125,0.0,0.0,26.68359375,0.0,4.94622802734375
27.325,12.571988150400001,0.0234375,0.23622047244094488,0.0,0.13385826771653545,-0.13385826771653545,-0.13385826771653545,0.13385826771653545,0.0,1.65625,19.375,26.4921875,0.0,-1.62890625,13.07421875,31.0859375,0.0,-1.48046875,11.62890625,32.42578125,0.0,1.390625,8.34765625,26.109375,0.0,0.0,26.109375,0.0,4.9657745361328125
27.506,9.5225675748,0.09375,1.0,0.0,0.84251968503937,-0.84251968503937,-0.84251968503937,0.84251968503937,-14.513076782226562,7.4609375,44.45703125,25.53515625,0.0,-7.76171875,43.2734375,30.12890625,-144.73634338378906,-7.46484375,34.609375,31.66015625,0.0,7.078125,41.3046875,25.34375,0.0,0.0,26.4921875,0.0,4.9853363037109375
27.685,10.1877386352,-0.023622047244094488,0.015748031496062992,0.0,0.7795275590551181,-0.7795275590551181,-0.7795275590551181,0.7795275590551181,-15.492294311523438,7.42578125,36.83984375,25.7265625,0.0,-7.62109375,34.73828125,30.3203125,-177.61331176757812,-7.7578125,29.09375,32.42578125,0.0,8.13671875,40.38671875,25.7265625,0.0,0.0,25.91796875,0.0,4.975555419921875
27.87,12.580626735600001,-0.023622047244094488,0.015748031496062992,0.0,0.0,0.0,-0.0,-0.0,-15.97723388671875,0.0,0.0,27.2578125,0.0,0.0,0.0,31.27734375,-7.724151611328125,0.0,0.0,31.8515625,0.0,0.0,0.0,26.875,0.0,0.0,26.875,0.0,4.9657745361328125
28.046,12.6756511728,-0.023622047244094488,0.07086614173228346,-0.0078125,0.0,0.0,-0.0,-0.0,0.0,0.0,0.0,28.0234375,0.0,0.0,0.0,31.0859375,11.62738037109375,0.0,0.0,32.04296875,0.0,0.0,0.0,27.2578125,0.0,0.0,26.4921875,0.0,4.975555419921875
28.219,12.710205513600002,-0.023622047244094488,0.09448818897637795,-0.2109375,0.0,0.0,-0.0,-0.0,0.0,0.0,0.0,27.2578125,0.0,0.0,0.0,30.89453125,0.0,0.0,0.0,32.234375,0.0,0.0,0.0,26.875,0.0,0.0,26.4921875,0.0,4.9951019287109375
28.386,12.571988150400001,-0.023622047244094488,0.09448818897637795,-0.4921875,-0.05400390625000001,-0.21943359375,-0.21943359375,-0.05400390625000001,0.0,0.0,0.0,26.875,0.0,-2.6328125,15.9609375,30.12890625,-17.975921630859375,-2.6953125,14.38671875,31.8515625,0.0,0.0,0.0,27.44921875,0.0,0.0,26.4921875,0.0,4.975555419921875
28.561,12.1486974756,-0.023622047244094488,0.09448818897637795,-0.453125,-0.10029296874999999,-0.40751953125,-0.40751953125,-0.10029296874999999,0.0,-1.21484375,10.83984375,27.2578125,0.0,-4.69921875,20.03125,30.12890625,-75.13058471679688,-4.6875,21.4765625,31.8515625,0.0,-1.23046875,6.76953125,26.30078125,0.0,0.0,26.4921875,0.0,4.9951019287109375
28.756,12.4424093724,-0.023622047244094488,0.09448818897637795,-0.0078125,-0.08023437500000002,-0.326015625,-0.326015625,-0.08023437500000002,0.0,-0.99609375,7.69140625,28.59765625,0.0,-3.81640625,19.11328125,29.74609375,-26.753982543945312,-3.80859375,25.94140625,32.234375,0.0,-1.00390625,3.75,26.875,0.0,0.0,26.875,0.0,4.975555419921875
28.932,12.727482684,-0.023622047244094488,0.09448818897637795,-0.015625,0.0,0.0,-0.0,-0.0,0.0,0.0,0.0,27.06640625,0.0,0.0,0.0,30.12890625,12.625137329101562,0.0,0.0,32.42578125,0.0,0.0,0.0,27.06640625,0.0,0.0,26.30078125,0.0,4.975555419921875
29.109,12.753398439600002,-0.023622047244094488,0.09448818897637795,0.0,0.0,0.0,-0.0,-0.0,0.0,0.0,0.0,27.06640625,0.0,0.0,0.0,31.0859375,5.887176513671875,0.0,0.0,32.42578125,0.0,0.0,0.0,26.4921875,0.0,0.0,27.06640625,0.0,5.0244293212890625
29.299,12.6324582468,0.0234375,0.6614173228346457,0.0,0.13385826771653545,-0.13385826771653545,-0.13385826771653545,0.13385826771653545,0.0,1.6640625,17.66796875,26.68359375,0.0,-1.62890625,14.51953125,30.51171875,-3.9252471923828125,-1.55859375,12.41796875,32.04296875,0.0,1.4140625,9.1328125,25.53515625,0.0,0.0,26.4921875,0.0,4.975555419921875
29.479,10.5160048728,-0.007874015748031496,0.0,0.0,0.6614173228346458,-0.6614173228346458,-0.6614173228346458,0.6614173228346458,-16.17999267578125,6.4140625,41.69921875,25.15234375,0.0,-6.53515625,39.59765625,30.51171875,-53.365936279296875,-6.58203125,36.31640625,32.234375,0.0,7.11328125,36.97265625,25.91796875,0.0,0.0,26.4921875,0.0,4.975555419921875
29.662,12.641096832,-0.0,0.29133858267716534,0.0,0.0,0.0,-0.0,-0.0,0.0,0.0,0.0,27.2578125,0.0,0.0,0.0,31.0859375,2.9860076904296875,0.0,0.0,32.04296875,0.0,0.0,0.0,26.30078125,0.0,0.0,26.4921875,0.0,5.0146484375
29.829,12.088227379200001,0.0546875,0.5196850393700787,0.0,0.29133858267716534,-0.29133858267716534,-0.29133858267716534,0.29133858267716534,0.0,3.3671875,28.3046875,24.9609375,0.0,-3.33984375,18.1953125,29.36328125,-15.772811889648438,-3.359375,21.08203125,32.234375,0.0,3.296875,22.7890625,26.30078125,0.0,0.0,26.4921875,0.0,4.9853363037109375
30.015,12.131420305199999,-0.007874015748031496,0.07086614173228346,0.0,0.29133858267716534,-0.29133858267716534,-0.29133858267716534,0.29133858267716534,0.0,3.37890625,25.41796875,27.06640625,0.0,-3.33203125,18.45703125,30.51171875,-16.350296020507812,-3.390625,22.7890625,32.234375,0.0,3.3671875,27.6484375,25.91796875,0.0,0.0,26.68359375,0.0,4.975555419921875
30.191,12.7015669284,-0.007874015748031496,0.07086614173228346,0.0,0.0,0.0,-0.0,-0.0,0.0,0.0,0.0,26.875,0.0,0.0,0.0,31.0859375,3.41717529296875,0.0,0.0,32.6171875,0.0,0.0,0.0,26.30078125,0.0,0.0,26.68359375,0.0,4.9853363037109375
30.359,12.7447598544,0.0546875,0.3779527559055118,0.0,0.0,0.0,-0.0,-0.0,0.0,0.0,0.0,27.83203125,0.0,0.0,0.0,30.703125,0.0,0.0,0.0,32.04296875,0.0,0.0,0.0,26.4921875,0.0,0.0,26.109375,0.0,4.9853363037109375
30.537,11.7599611416,0.078125,0.5196850393700787,0.0,0.3779527559055118,-0.3779527559055118,-0.3779527559055118,0.3779527559055118,0.0,4.15625,34.34375,25.7265625,0.0,-4.2265625,25.28515625,30.3203125,-24.824325561523438,-4.2265625,25.0234375,32.234375,0.0,4.14453125,26.3359375,26.109375,0.0,0.0,25.91796875,0.0,4.9657745361328125
30.708,12.1746132312,-0.007874015748031496,0.05511811023622047,0.0,0.2755905511811024,-0.2755905511811024,-0.2755905511811024,0.2755905511811024,0.0,3.234375,23.05078125,26.68359375,0.0,-3.171875,19.375,30.89453125,-16.091384887695312,-3.2578125,19.5078125,32.42578125,0.0,3.203125,27.125,25.7265625,0.0,0.0,25.91796875,0.0,4.975555419921875
30.888,12.710205513600002,-0.007874015748031496,0.05511811023622047,0.0,0.0,0.0,-0.0,-0.0,0.0,0.0,0.0,27.83203125,0.0,0.0,0.0,30.703125,4.099517822265625,0.0,0.0,32.234375,0.0,0.0,0.0,26.68359375,0.0,0.0,27.2578125,0.0,4.9853363037109375
31.067,12.753398439600002,-0.007874015748031496,0.0,0.007874015748031496,0.0,0.0,-0.0,-0.0,0.0,0.0,0.0,26.875,0.0,0.0,0.0,30.89453125,0.0,0.0,0.0,32.42578125,0.0,0.0,0.0,26.30078125,0.0,0.0,27.83203125,0.0,4.9853363037109375
31.246,12.77067561,-0.007874015748031496,0.0,0.007874015748031496,0.0,0.0,-0.0,-0.0,0.0,0.0,0.0,27.2578125,0.0,0.0,0.0,30.703125,0.0,0.0,0.0,31.8515625,0.0,0.0,0.0,27.2578125,0.0,0.0,26.875,0.0,4.9853363037109375
31.426,12.779314195200001,-0.007874015748031496,0.0,0.007874015748031496,0.0,0.0,-0.0,-0.0,0.0,0.0,0.0,27.44921875,0.0,0.0,0.0,31.66015625,0.0,0.0,0.0,32.04296875,0.0,0.0,0.0,26.109375,0.0,0.0,27.44921875,0.0,5.0244293212890625
S: 31.478 173248604556 Fired
31.59,11.5094421708,-0.007874015748031496,0.0,0.007874015748031496,0.0,0.0,-0.0,-0.0,0.0,0.0,0.0,26.68359375,0.0,0.0,0.0,30.51171875,9.12811279296875,0.0,0.0,32.42578125,0.0,0.0,0.0,26.875,0.0,0.0,25.91796875,0.0,4.43792724609375
31.767,11.4144177336,-0.007874015748031496,0.0,0.007874015748031496,0.0,0.0,-0.0,-0.0,0.0,0.0,0.0,27.2578125,0.0,0.0,0.0,30.703125,-7.758270263671875,0.0,0.0,32.80859375,0.0,0.0,0.0,26.68359375,0.0,0.0,26.4921875,0.0,4.19354248046875
31.92,12.468325128,-0.007874015748031496,0.0,0.007874015748031496,0.0,0.0,-0.0,-0.0,0.0,0.0,0.0,27.06640625,0.0,0.0,0.0,30.703125,15.376113891601562,0.0,0.0,32.234375,0.0,0.0,0.0,27.2578125,0.0,0.0,26.4921875,0.0,4.3988189697265625
32.081,12.6497354172,-0.007874015748031496,0.0,0.023622047244094488,0.0,0.0,-0.0,-0.0,0.0,0.0,0.0,27.640625,0.0,0.0,0.0,30.51171875,3.9445953369140625,0.0,0.0,32.04296875,0.0,0.0,0.0,27.640625,0.0,0.0,27.06640625,0.0,4.81915283203125
32.238,12.7015669284,-0.007874015748031496,0.0,0.023622047244094488,0.0,0.0,-0.0,-0.0,0.0,0.0,0.0,27.44921875,0.0,0.0,0.0,30.89453125,-3.2663421630859375,0.0,0.0,32.04296875,0.0,0.0,0.0,26.4921875,0.0,0.0,27.06640625,0.0,5.06353759765625
32.391,12.502879468800002,-0.007874015748031496,0.0,0.023622047244094488,0.0,0.0,-0.0,-0.0,0.0,0.0,0.0,27.640625,0.0,0.0,0.0,30.703125,-4.8347320556640625,0.0,0.0,32.234375,0.0,0.0,0.0,27.44921875,0.0,0.0,26.875,0.0,5.07330322265625
32.547,12.4337707872,-0.007874015748031496,-0.0078125,0.023622047244094488,0.0,0.0,-0.0,-0.0,0.0,0.0,0.0,27.44921875,0.0,0.0,0.0,30.89453125,0.0,0.0,0.0,32.234375,0.0,0.0,0.0,27.2578125,0.0,0.0,25.91796875,0.0,5.07330322265625
32.703,12.425132202,0.0546875,-0.640625,0.023622047244094488,0.0,0.0,-0.0,-0.0,0.0,0.0,0.0,27.2578125,0.0,0.0,0.0,30.3203125,0.0,0.0,0.0,32.234375,0.0,0.0,0.0,26.4921875,0.0,0.0,26.4921875,0.0,5.0537567138671875
33.038,9.7730865456,0.21875,-1.0,0.023622047244094488,-1.0,0.8670631679294154,1.0,-0.8670631679294154,0.0,-9.2109375,30.14453125,26.875,0.0,7.12890625,38.28515625,30.703125,243.65481567382812,8.85546875,28.4375,31.8515625,0.0,-7.74609375,40.12109375,26.68359375,0.0,0.0,26.4921875,0.0,4.9853363037109375
33.227,10.1013527832,0.1640625,-1.0,0.023622047244094488,-1.0,0.8022625824693743,1.0,-0.8022625824693743,-5.72711181640625,-9.84375,20.55859375,27.2578125,0.0,8.48828125,30.40625,30.3203125,245.8386688232422,9.55859375,35.0,32.42578125,0.0,-8.3203125,34.4765625,26.4921875,0.0,0.0,27.06640625,0.0,4.975555419921875
33.408,12.4424093724,-0.0,-0.0078125,0.023622047244094488,-0.26562500000000006,0.26562499999999994,0.26562500000000006,-0.26562499999999994,-8.600250244140625,-3.2890625,4.80078125,28.21484375,0.0,3.171875,8.34765625,30.3203125,113.70365905761719,3.2109375,9.7890625,32.234375,0.0,-3.2890625,10.4453125,27.06640625,0.0,0.0,27.83203125,0.0,4.9853363037109375
33.589,12.6583740024,-0.2440944881889764,-0.0234375,0.023622047244094488,0.0,0.0,-0.0,-0.0,0.0,0.0,0.0,27.44921875,0.0,0.0,0.0,30.703125,24.386215209960938,0.0,0.0,32.234375,0.0,0.0,0.0,27.06640625,0.0,0.0,27.83203125,0.0,4.975555419921875
33.767,11.1984531036,-0.984251968503937,-0.28125,0.023622047244094488,-0.5721668779520305,-0.5925087884023957,0.5721668779520305,0.5925087884023957,0.0,-6.13671875,31.5859375,27.2578125,0.0,-6.60546875,7.296875,30.89453125,150.77151489257812,5.12890625,28.69921875,31.8515625,0.0,5.62109375,24.49609375,25.7265625,0.0,0.0,26.4921875,0.0,4.9951019287109375
33.955,9.868110982800001,-0.6220472440944882,-0.046875,0.023622047244094488,-1.0,-0.816986107840475,1.0,0.816986107840475,-133.3333282470703,-9.38671875,43.14453125,26.4921875,0.0,-7.78515625,18.32421875,30.12890625,298.1597900390625,10.12109375,29.87890625,32.80859375,0.0,8.26953125,33.29296875,26.30078125,0.0,0.0,26.875,0.0,4.9560089111328125
34.12,12.5892653208,0.0078125,0.031496062992125984,0.023622047244094488,-0.24409448818897644,-0.2440944881889764,0.24409448818897644,0.2440944881889764,-3.005767822265625,-3.1015625,0.0,27.06640625,0.0,-3.07421875,0.0,30.703125,189.9579620361328,3.12109375,0.0,31.66015625,0.0,3.12109375,0.0,26.4921875,0.0,0.0,25.53515625,0.0,4.9853363037109375
34.301,12.6756511728,-0.03937007874015748,0.05511811023622047,0.023622047244094488,0.0,0.0,-0.0,-0.0,-2.7882232666015625,0.0,0.0,27.640625,0.0,0.0,0.0,30.703125,166.99281311035156,0.0,0.0,32.234375,0.0,0.0,0.0,26.4921875,0.0,0.0,26.68359375,0.0,4.975555419921875
34.478,12.710205513600002,-0.03937007874015748,0.0,0.023622047244094488,0.0,0.0,-0.0,-0.0,0.0,0.0,0.0,26.875,0.0,0.0,0.0,31.27734375,163.57826232910156,0.0,0.0,32.42578125,0.0,0.0,0.0,27.44921875,0.0,0.0,26.68359375,0.0,4.975555419921875
34.658,12.727482684,-0.03937007874015748,0.0,0.023622047244094488,0.0,0.0,-0.0,-0.0,-6.35833740234375,0.0,0.0,27.44921875,0.0,0.0,0.0,30.703125,136.47024536132812,0.0,0.0,32.42578125,0.0,0.0,0.0,26.109375,0.0,0.0,26.30078125,0.0,4.975555419921875
34.821,12.7447598544,-0.03937007874015748,0.0,0.023622047244094488,0.0,0.0,-0.0,-0.0,-3.9473114013671875,0.0,0.0,27.640625,0.0,0.0,0.0,31.27734375,96.825439453125,0.0,0.0,32.04296875,0.0,0.0,0.0,26.68359375,0.0,0.0,25.15234375,0.0,4.975555419921875
34.997,12.762037024800001,0.0234375,0.05511811023622047,0.023622047244094488,0.0,0.0,-0.0,-0.0,0.0,0.0,0.0,27.44921875,0.0,0.0,0.0,31.46875,-43.192657470703125,0.0,0.0,32.04296875,0.0,0.0,0.0,26.68359375,0.0,0.0,26.4921875,0.0,4.975555419921875
35.159,12.77067561,0.0234375,0.07086614173228346,0.023622047244094488,0.0,0.0,-0.0,-0.0,0.0,0.0,0.0,27.2578125,0.0,0.0,0.0,30.51171875,-25.309768676757812,0.0,0.0,32.42578125,0.0,0.0,0.0,26.68359375,0.0,0.0,27.06640625,0.0,4.975555419921875
35.338,12.779314195200001,0.0234375,0.07086614173228346,0.023622047244094488,0.0,0.0,-0.0,-0.0,0.0,0.0,0.0,27.44921875,0.0,0.0,0.0,31.0859375,-5.7547454833984375,0.0,0.0,32.42578125,0.0,0.0,0.0,27.06640625,0.0,0.0,26.30078125,0.0,4.975555419921875
