Timestamp,Bat_Voltage,Driver_Joy_Y,Driver_Joy_X,Driver_Joy_W,Mecanum_FL,Mecanum_BL,Mecanum_BR,Mecanum_FR,FL_Jag_Speed,FL_Out_Voltage,FL_Out_Current,FL_Temp,BL_Jag_Speed,BL_Out_Voltage,BL_Out_Current,BL_Temp,BR_Jag_Speed,BR_Out_Voltage,BR_Out_Current,BR_Temp,FR_Jag_Speed,FR_Out_Voltage,FR_Out_Current,FR_Temp,Pickup_Out_Voltage,Pickup_Out_Current,Pickup_Temp,SH1_Out_Voltage,SH1_Out_Current,SH1_Temp,SH2_Out_Voltage,SH2_Out_Current,SH2_Temp,SHmain_Speed,SHmain_Angle
0.0050,12.7015669284,0.0078125,0.0,0.0,0.0,0.0,-0.0,-0.0,0.0,0.0,0.0,34.9140625,0.0,0.0,0.0,37.78515625,0.0,0.0,0.0,39.125,0.0,0.0,0.0,35.48828125,0.0,0.0,28.59765625,0.0,5.6304931640625
0.173,12.7015669284,0.0078125,0.0,0.0,0.0,0.0,-0.0,-0.0,0.0,0.0,0.0,34.9140625,0.0,0.0,0.0,38.359375,0.0,0.0,0.0,39.5078125,0.0,0.0,0.0,35.6796875,0.0,0.0,28.7890625,0.0,5.6402587890625
0.347,12.710205513600002,0.0078125,0.0,0.0,0.0,0.0,-0.0,-0.0,0.0,0.0,0.0,34.9140625,0.0,0.0,0.0,38.16796875,0.0,0.0,0.0,39.31640625,0.0,0.0,0.0,35.48828125,0.0,0.0,28.59765625,0.0,5.6402587890625
0.517,12.7015669284,0.0078125,0.0,0.0,0.0,0.0,-0.0,-0.0,0.0,0.0,0.0,33.95703125,0.0,0.0,0.0,38.55078125,0.0,0.0,0.0,39.69921875,0.0,0.0,0.0,35.6796875,0.0,0.0,29.5546875,0.0,5.6402587890625
0.681,12.7015669284,0.0078125,0.0,0.0,0.0,0.0,-0.0,-0.0,0.0,0.0,0.0,34.33984375,0.0,0.0,0.0,38.55078125,0.0,0.0,0.0,39.69921875,0.0,0.0,0.0,35.48828125,0.0,0.0,29.36328125,0.0,5.6304931640625
0.838,12.7015669284,0.0078125,0.0,0.0,0.0,0.0,-0.0,-0.0,0.0,0.0,0.0,34.9140625,0.0,0.0,0.0,38.16796875,0.0,0.0,0.0,39.31640625,0.0,0.0,0.0,35.87109375,0.0,0.0,29.171875,0.0,5.6304931640625
0.998,12.7015669284,0.0078125,0.0,0.0,0.0,0.0,-0.0,-0.0,0.0,0.0,0.0,34.33984375,0.0,0.0,0.0,37.40234375,0.0,0.0,0.0,39.31640625,0.0,0.0,0.0,35.10546875,0.0,0.0,29.36328125,0.0,5.6402587890625
1.16,12.710205513600002,0.0078125,0.0,0.0,0.0,0.0,-0.0,-0.0,0.0,0.0,0.0,34.72265625,0.0,0.0,0.0,38.16796875,0.0,0.0,0.0,39.69921875,0.0,0.0,0.0,35.87109375,0.0,0.0,28.98046875,0.0,5.6402587890625
1.328,12.7015669284,0.0078125,0.0,0.0,0.0,0.0,-0.0,-0.0,0.0,0.0,0.0,35.10546875,0.0,0.0,0.0,38.55078125,0.0,0.0,0.0,39.125,0.0,0.0,0.0,35.6796875,0.0,0.0,28.98046875,0.0,5.6402587890625
1.509,12.7015669284,0.0078125,0.0,0.0,0.0,0.0,-0.0,-0.0,0.0,0.0,0.0,34.53125,0.0,0.0,0.0,38.16796875,0.0,0.0,0.0,38.93359375,0.0,0.0,0.0,35.48828125,0.0,0.0,28.59765625,0.0,5.6402587890625
1.668,12.710205513600002,0.0078125,0.0,0.0,0.0,0.0,-0.0,-0.0,0.0,0.0,0.0,34.9140625,0.0,0.0,0.0,38.55078125,0.0,0.0,0.0,39.31640625,0.0,0.0,0.0,35.296875,0.0,0.0,29.5546875,0.0,5.6402587890625
1.839,12.710205513600002,0.0078125,0.0,0.0,0.0,0.0,-0.0,-0.0,0.0,0.0,0.0,34.72265625,0.0,0.0,0.0,38.55078125,0.0,0.0,0.0,39.125,0.0,0.0,0.0,35.87109375,0.0,0.0,29.171875,0.0,5.6304931640625
2.019,12.710205513600002,0.0078125,0.0,0.0,0.0,0.0,-0.0,-0.0,0.0,0.0,0.0,34.33984375,0.0,0.0,0.0,38.7421875,0.0,0.0,0.0,39.5078125,0.0,0.0,0.0,35.10546875,0.0,0.0,29.36328125,0.0,5.6402587890625
2.18,12.710205513600002,0.0078125,0.0,0.0,0.0,0.0,-0.0,-0.0,0.0,0.0,0.0,35.48828125,0.0,0.0,0.0,38.7421875,0.0,0.0,0.0,38.7421875,0.0,0.0,0.0,35.6796875,0.0,0.0,29.36328125,0.0,5.6304931640625
2.341,12.710205513600002,0.0078125,0.0,0.0,0.0,0.0,-0.0,-0.0,0.0,0.0,0.0,34.53125,0.0,0.0,0.0,38.55078125,0.0,0.0,0.0,39.31640625,0.0,0.0,0.0,35.48828125,0.0,0.0,29.74609375,0.0,5.6402587890625
2.502,12.710205513600002,0.0078125,0.0,0.0,0.0,0.0,-0.0,-0.0,0.0,0.0,0.0,34.9140625,0.0,0.0,0.0,37.9765625,0.0,0.0,0.0,40.08203125,0.0,0.0,0.0,35.6796875,0.0,0.0,29.5546875,0.0,5.6402587890625
2.661,12.710205513600002,0.0078125,0.0,0.0,0.0,0.0,-0.0,-0.0,0.0,0.0,0.0,34.9140625,0.0,0.0,0.0,38.16796875,0.0,0.0,0.0,39.31640625,0.0,0.0,0.0,35.87109375,0.0,0.0,28.7890625,0.0,5.6402587890625
2.82,12.710205513600002,0.0078125,0.0,0.0,0.0,0.0,-0.0,-0.0,0.0,0.0,0.0,34.53125,0.0,0.0,0.0,37.59375,0.0,0.0,0.0,39.125,0.0,0.0,0.0,35.6796875,0.0,0.0,28.98046875,0.0,5.6402587890625
2.98,12.710205513600002,0.0078125,0.0,0.0,0.0,0.0,-0.0,-0.0,0.0,0.0,0.0,34.9140625,0.0,0.0,0.0,38.55078125,0.0,0.0,0.0,38.55078125,0.0,0.0,0.0,36.25390625,0.0,0.0,29.74609375,0.0,5.6500396728515625
3.14,12.710205513600002,0.0078125,0.0,0.0,0.0,0.0,-0.0,-0.0,0.0,0.0,0.0,34.9140625,0.0,0.0,0.0,38.55078125,0.0,0.0,0.0,39.69921875,0.0,0.0,0.0,35.48828125,0.0,0.0,29.171875,0.0,5.6402587890625
3.3,12.710205513600002,0.0078125,0.0,0.0,0.0,0.0,-0.0,-0.0,0.0,0.0,0.0,34.72265625,0.0,0.0,0.0,38.55078125,0.0,0.0,0.0,39.125,0.0,0.0,0.0,35.87109375,0.0,0.0,29.9375,0.0,5.6402587890625
3.46,12.710205513600002,0.0078125,0.0,0.0,0.0,0.0,-0.0,-0.0,0.0,0.0,0.0,34.33984375,0.0,0.0,0.0,38.16796875,0.0,0.0,0.0,38.7421875,0.0,0.0,0.0,35.296875,0.0,0.0,29.36328125,0.0,5.6402587890625
3.612,12.710205513600002,0.0078125,0.0,0.0,0.0,0.0,-0.0,-0.0,0.0,0.0,0.0,35.296875,0.0,0.0,0.0,38.359375,0.0,0.0,0.0,39.890625,0.0,0.0,0.0,35.10546875,0.0,0.0,29.9375,0.0,5.6304931640625
3.779,12.710205513600002,0.0078125,0.0,0.0,0.0,0.0,-0.0,-0.0,0.0,0.0,0.0,34.9140625,0.0,0.0,0.0,38.55078125,0.0,0.0,0.0,39.125,0.0,0.0,0.0,35.6796875,0.0,0.0,29.36328125,0.0,5.6402587890625
3.953,12.710205513600002,0.0078125,0.0,0.0,0.0,0.0,-0.0,-0.0,0.0,0.0,0.0,34.72265625,0.0,0.0,0.0,38.55078125,0.0,0.0,0.0,39.5078125,0.0,0.0,0.0,36.25390625,0.0,0.0,28.7890625,0.0,5.6304931640625
4.127,12.710205513600002,0.0078125,0.0,0.0,0.0,0.0,-0.0,-0.0,0.0,0.0,0.0,34.72265625,0.0,0.0,0.0,38.55078125,0.0,0.0,0.0,39.5078125,0.0,0.0,0.0,35.48828125,0.0,0.0,29.171875,0.0,5.6402587890625
4.286,12.710205513600002,0.0078125,0.0,0.0,0.0,0.0,-0.0,-0.0,0.0,0.0,0.0,34.33984375,0.0,0.0,0.0,38.7421875,0.0,0.0,0.0,39.31640625,0.0,0.0,0.0,35.87109375,0.0,0.0,30.12890625,0.0,5.6402587890625
4.447,12.710205513600002,0.0078125,0.0,0.0,0.0,0.0,-0.0,-0.0,0.0,0.0,0.0,35.10546875,0.0,0.0,0.0,38.16796875,0.0,0.0,0.0,38.93359375,0.0,0.0,0.0,35.87109375,0.0,0.0,29.171875,0.0,5.6402587890625
4.62,12.710205513600002,0.0078125,0.0,0.0,0.0,0.0,-0.0,-0.0,0.0,0.0,0.0,34.9140625,0.0,0.0,0.0,39.5078125,0.0,0.0,0.0,38.7421875,0.0,0.0,0.0,35.87109375,0.0,0.0,28.7890625,0.0,5.6402587890625
4.781,12.710205513600002,0.0078125,0.0,0.0,0.0,0.0,-0.0,-0.0,0.0,0.0,0.0,35.87109375,0.0,0.0,0.0,38.16796875,0.0,0.0,0.0,38.93359375,0.0,0.0,0.0,35.87109375,0.0,0.0,30.703125,0.0,5.6402587890625
4.947,12.710205513600002,0.0078125,0.0,0.0,0.0,0.0,-0.0,-0.0,0.0,0.0,0.0,34.72265625,0.0,0.0,0.0,38.16796875,0.0,0.0,0.0,39.31640625,0.0,0.0,0.0,35.6796875,0.0,0.0,30.3203125,0.0,5.6402587890625
5.118,12.710205513600002,0.0078125,0.0,0.0,0.0,0.0,-0.0,-0.0,0.0,0.0,0.0,35.6796875,0.0,0.0,0.0,38.7421875,0.0,0.0,0.0,39.31640625,0.0,0.0,0.0,36.0625,0.0,0.0,28.0234375,0.0,5.6402587890625
5.279,12.710205513600002,0.0078125,0.0,0.0,0.0,0.0,-0.0,-0.0,0.0,0.0,0.0,34.72265625,0.0,0.0,0.0,37.59375,0.0,0.0,0.0,39.125,0.0,0.0,0.0,35.48828125,0.0,0.0,28.21484375,0.0,5.6402587890625
5.448,12.710205513600002,0.0078125,0.0,0.0,0.0,0.0,-0.0,-0.0,0.0,0.0,0.0,35.296875,0.0,0.0,0.0,38.55078125,0.0,0.0,0.0,39.31640625,0.0,0.0,0.0,35.87109375,0.0,0.0,28.98046875,0.0,5.6402587890625
5.622,12.710205513600002,0.0078125,0.0,0.0,0.0,0.0,-0.0,-0.0,0.0,0.0,0.0,35.48828125,0.0,0.0,0.0,38.55078125,0.0,0.0,0.0,39.31640625,0.0,0.0,0.0,35.6796875,0.0,0.0,28.59765625,0.0,5.6402587890625
5.787,12.710205513600002,0.0078125,0.0,0.0,0.0,0.0,-0.0,-0.0,0.0,0.0,0.0,35.10546875,0.0,0.0,0.0,38.93359375,0.0,0.0,0.0,39.890625,0.0,0.0,0.0,35.48828125,0.0,0.0,27.44921875,0.0,5.6402587890625
5.958,12.710205513600002,0.0078125,0.0,0.0,0.0,0.0,-0.0,-0.0,0.0,0.0,0.0,34.1484375,0.0,0.0,0.0,38.55078125,0.0,0.0,0.0,39.125,0.0,0.0,0.0,36.0625,0.0,0.0,28.98046875,0.0,5.6402587890625
6.113,12.710205513600002,0.0078125,0.0,0.0,0.0,0.0,-0.0,-0.0,0.0,0.0,0.0,34.72265625,0.0,0.0,0.0,39.5078125,0.0,0.0,0.0,39.125,0.0,0.0,0.0,35.6796875,0.0,0.0,27.640625,0.0,5.6402587890625
6.279,12.710205513600002,0.0078125,0.0,0.0,0.0,0.0,-0.0,-0.0,0.0,0.0,0.0,34.72265625,0.0,0.0,0.0,38.16796875,0.0,0.0,0.0,39.31640625,0.0,0.0,0.0,36.25390625,0.0,0.0,29.171875,0.0,5.6402587890625
6.44,12.710205513600002,0.0078125,0.0,0.0,0.0,0.0,-0.0,-0.0,0.0,0.0,0.0,35.296875,0.0,0.0,0.0,37.9765625,0.0,0.0,0.0,39.125,0.0,0.0,0.0,35.6796875,0.0,0.0,29.74609375,0.0,5.6304931640625
6.598,12.710205513600002,0.0078125,0.0,0.0,0.0,0.0,-0.0,-0.0,0.0,0.0,0.0,34.33984375,0.0,0.0,0.0,37.59375,0.0,0.0,0.0,39.69921875,0.0,0.0,0.0,35.296875,0.0,0.0,29.171875,0.0,5.6402587890625
6.761,12.710205513600002,0.0078125,0.0,0.0,0.0,0.0,-0.0,-0.0,0.0,0.0,0.0,34.9140625,0.0,0.0,0.0,38.7421875,0.0,0.0,0.0,39.5078125,0.0,0.0,0.0,35.87109375,0.0,0.0,29.171875,0.0,5.6402587890625
6.926,12.710205513600002,0.0078125,0.0,0.0,0.0,0.0,-0.0,-0.0,0.0,0.0,0.0,34.72265625,0.0,0.0,0.0,37.78515625,0.0,0.0,0.0,39.69921875,0.0,0.0,0.0,35.87109375,0.0,0.0,29.74609375,0.0,5.6402587890625
7.081,12.710205513600002,0.0078125,0.0,0.0,0.0,0.0,-0.0,-0.0,0.0,0.0,0.0,34.72265625,0.0,0.0,0.0,38.16796875,0.0,0.0,0.0,39.125,0.0,0.0,0.0,35.6796875,0.0,0.0,29.5546875,0.0,5.6402587890625
7.248,12.710205513600002,0.0078125,0.0,0.0,0.0,0.0,-0.0,-0.0,0.0,0.0,0.0,34.53125,0.0,0.0,0.0,38.55078125,0.0,0.0,0.0,39.5078125,0.0,0.0,0.0,35.6796875,0.0,0.0,29.36328125,0.0,5.6402587890625
7.408,12.710205513600002,0.0078125,0.0,0.0,0.0,0.0,-0.0,-0.0,0.0,0.0,0.0,34.33984375,0.0,0.0,0.0,38.55078125,0.0,0.0,0.0,39.5078125,0.0,0.0,0.0,36.4453125,0.0,0.0,30.3203125,0.0,5.6304931640625
7.601,12.710205513600002,0.0078125,0.0,0.0,0.0,0.0,-0.0,-0.0,0.0,0.0,0.0,34.9140625,0.0,0.0,0.0,38.93359375,0.0,0.0,0.0,39.125,0.0,0.0,0.0,35.48828125,0.0,0.0,29.171875,0.0,5.6402587890625
7.778,12.710205513600002,0.0078125,0.0,0.0,0.0,0.0,-0.0,-0.0,0.0,0.0,0.0,34.72265625,0.0,0.0,0.0,38.55078125,0.0,0.0,0.0,39.125,0.0,0.0,0.0,35.87109375,0.0,0.0,29.171875,0.0,5.6402587890625
7.944,12.710205513600002,0.0078125,0.0,0.0,0.0,0.0,-0.0,-0.0,0.0,0.0,0.0,34.9140625,0.0,0.0,0.0,38.359375,0.0,0.0,0.0,39.125,0.0,0.0,0.0,35.87109375,0.0,0.0,29.36328125,0.0,5.6402587890625
8.119,12.710205513600002,0.0078125,0.0,0.0,0.0,0.0,-0.0,-0.0,0.0,0.0,0.0,34.72265625,0.0,0.0,0.0,38.55078125,0.0,0.0,0.0,39.31640625,0.0,0.0,0.0,35.48828125,0.0,0.0,28.59765625,0.0,5.6402587890625
8.287,12.710205513600002,0.0078125,0.0,0.0,0.0,0.0,-0.0,-0.0,0.0,0.0,0.0,34.9140625,0.0,0.0,0.0,39.5078125,0.0,0.0,0.0,38.55078125,0.0,0.0,0.0,35.87109375,0.0,0.0,28.98046875,0.0,5.6402587890625
8.449,12.710205513600002,0.0078125,0.0,0.0,0.0,0.0,-0.0,-0.0,0.0,0.0,0.0,34.53125,0.0,0.0,0.0,38.16796875,0.0,0.0,0.0,39.5078125,0.0,0.0,0.0,36.4453125,0.0,0.0,28.98046875,0.0,5.6402587890625
8.608,12.710205513600002,0.0078125,0.0,0.0,0.0,0.0,-0.0,-0.0,0.0,0.0,0.0,34.53125,0.0,0.0,0.0,38.359375,0.0,0.0,0.0,39.69921875,0.0,0.0,0.0,35.296875,0.0,0.0,29.36328125,0.0,5.6207122802734375
8.779,12.710205513600002,0.0078125,0.0,0.0,0.0,0.0,-0.0,-0.0,0.0,0.0,0.0,34.53125,0.0,0.0,0.0,38.93359375,0.0,0.0,0.0,39.5078125,0.0,0.0,0.0,35.296875,0.0,0.0,29.74609375,0.0,5.6402587890625
8.939,12.710205513600002,0.0078125,0.0,0.0,0.0,0.0,-0.0,-0.0,0.0,0.0,0.0,35.6796875,0.0,0.0,0.0,37.9765625,0.0,0.0,0.0,39.31640625,0.0,0.0,0.0,35.6796875,0.0,0.0,28.7890625,0.0,5.6402587890625
9.1,12.710205513600002,0.0078125,0.0,0.0,0.0,0.0,-0.0,-0.0,0.0,0.0,0.0,34.9140625,0.0,0.0,0.0,37.78515625,0.0,0.0,0.0,39.125,0.0,0.0,0.0,35.48828125,0.0,0.0,29.5546875,0.0,5.6402587890625
9.26,12.710205513600002,0.0078125,0.0,0.0,0.0,0.0,-0.0,-0.0,0.0,0.0,0.0,34.9140625,0.0,0.0,0.0,38.55078125,0.0,0.0,0.0,39.31640625,0.0,0.0,0.0,36.0625,0.0,0.0,29.9375,0.0,5.6402587890625
9.421,12.710205513600002,0.0078125,0.0,0.0,0.0,0.0,-0.0,-0.0,0.0,0.0,0.0,34.33984375,0.0,0.0,0.0,38.55078125,0.0,0.0,0.0,39.5078125,0.0,0.0,0.0,35.87109375,0.0,0.0,28.59765625,0.0,5.6304931640625
9.588,12.710205513600002,0.0078125,0.0,0.0,0.0,0.0,-0.0,-0.0,0.0,0.0,0.0,34.1484375,0.0,0.0,0.0,38.359375,0.0,0.0,0.0,39.31640625,0.0,0.0,0.0,35.296875,0.0,0.0,28.40625,0.0,5.6207122802734375
9.768,12.710205513600002,0.0078125,0.0,0.0,0.0,0.0,-0.0,-0.0,0.0,0.0,0.0,34.72265625,0.0,0.0,0.0,38.55078125,0.0,0.0,0.0,39.31640625,0.0,0.0,0.0,35.87109375,0.0,0.0,29.36328125,0.0,5.6304931640625
9.921,12.710205513600002,0.0078125,0.0,0.0,0.0,0.0,-0.0,-0.0,0.0,0.0,0.0,34.72265625,0.0,0.0,0.0,38.55078125,0.0,0.0,0.0,39.69921875,0.0,0.0,0.0,35.296875,0.0,0.0,28.7890625,0.0,5.6304931640625
10.081,12.710205513600002,0.0078125,0.0,0.0,0.0,0.0,-0.0,-0.0,0.0,0.0,0.0,34.72265625,0.0,0.0,0.0,38.55078125,0.0,0.0,0.0,39.31640625,0.0,0.0,0.0,36.25390625,0.0,0.0,29.36328125,0.0,5.6402587890625
10.249,12.7188440988,0.0078125,0.0,0.0,0.0,0.0,-0.0,-0.0,0.0,0.0,0.0,34.53125,0.0,0.0,0.0,38.16796875,0.0,0.0,0.0,39.31640625,0.0,0.0,0.0,35.48828125,0.0,0.0,29.74609375,0.0,5.6304931640625
10.419,12.710205513600002,0.0078125,0.0,0.0,0.0,0.0,-0.0,-0.0,0.0,0.0,0.0,35.10546875,0.0,0.0,0.0,38.16796875,0.0,0.0,0.0,39.5078125,0.0,0.0,0.0,35.6796875,0.0,0.0,28.0234375,0.0,5.6304931640625
10.588,12.710205513600002,0.0078125,0.0,0.0,0.0,0.0,-0.0,-0.0,0.0,0.0,0.0,35.296875,0.0,0.0,0.0,37.9765625,0.0,0.0,0.0,39.125,0.0,0.0,0.0,35.48828125,0.0,0.0,29.5546875,0.0,5.6402587890625
10.749,12.710205513600002,0.0078125,0.0,0.0,0.0,0.0,-0.0,-0.0,0.0,0.0,0.0,34.9140625,0.0,0.0,0.0,39.125,0.0,0.0,0.0,39.69921875,0.0,0.0,0.0,35.6796875,0.0,0.0,29.36328125,0.0,5.6402587890625
10.908,12.710205513600002,0.0078125,0.0,0.0,0.0,0.0,-0.0,-0.0,0.0,0.0,0.0,34.53125,0.0,0.0,0.0,38.7421875,0.0,0.0,0.0,38.93359375,0.0,0.0,0.0,36.25390625,0.0,0.0,28.59765625,0.0,5.6402587890625
11.081,12.710205513600002,0.0078125,0.0,0.0,0.0,0.0,-0.0,-0.0,0.0,0.0,0.0,35.6796875,0.0,0.0,0.0,38.55078125,0.0,0.0,0.0,39.5078125,0.0,0.0,0.0,36.0625,0.0,0.0,28.98046875,0.0,5.6402587890625
11.241,12.710205513600002,0.0078125,0.0,0.0,0.0,0.0,-0.0,-0.0,0.0,0.0,0.0,34.72265625,0.0,0.0,0.0,39.31640625,0.0,0.0,0.0,39.69921875,0.0,0.0,0.0,35.87109375,0.0,0.0,29.171875,0.0,5.6402587890625
11.401,12.7188440988,0.0078125,0.0,0.0,0.0,0.0,-0.0,-0.0,0.0,0.0,0.0,35.10546875,0.0,0.0,0.0,38.55078125,0.0,0.0,0.0,39.125,0.0,0.0,0.0,35.296875,0.0,0.0,31.0859375,0.0,5.6402587890625
11.568,12.7188440988,0.0078125,0.0,0.0,0.0,0.0,-0.0,-0.0,0.0,0.0,0.0,34.9140625,0.0,0.0,0.0,38.55078125,0.0,0.0,0.0,39.125,0.0,0.0,0.0,35.87109375,0.0,0.0,29.5546875,0.0,5.6304931640625
11.747,12.7188440988,0.0078125,0.0,0.0,0.0,0.0,-0.0,-0.0,0.0,0.0,0.0,34.72265625,0.0,0.0,0.0,38.55078125,0.0,0.0,0.0,39.69921875,0.0,0.0,0.0,35.10546875,0.0,0.0,28.98046875,0.0,5.6402587890625
11.92,12.7188440988,0.0078125,0.0,0.0,0.0,0.0,-0.0,-0.0,0.0,0.0,0.0,35.10546875,0.0,0.0,0.0,38.55078125,0.0,0.0,0.0,38.93359375,0.0,0.0,0.0,35.6796875,0.0,0.0,29.5546875,0.0,5.6402587890625
12.081,12.710205513600002,0.0078125,0.0,0.0,0.0,0.0,-0.0,-0.0,0.0,0.0,0.0,35.10546875,0.0,0.0,0.0,38.55078125,0.0,0.0,0.0,39.125,0.0,0.0,0.0,35.87109375,0.0,0.0,29.36328125,0.0,5.6402587890625
12.244,12.7188440988,0.0078125,0.0,0.0,0.0,0.0,-0.0,-0.0,0.0,0.0,0.0,34.9140625,0.0,0.0,0.0,38.359375,0.0,0.0,0.0,38.93359375,0.0,0.0,0.0,35.296875,0.0,0.0,29.36328125,0.0,5.6402587890625
12.419,12.7188440988,0.0078125,0.0,0.0,0.0,0.0,-0.0,-0.0,0.0,0.0,0.0,34.9140625,0.0,0.0,0.0,38.55078125,0.0,0.0,0.0,39.125,0.0,0.0,0.0,35.48828125,0.0,0.0,28.7890625,0.0,5.6402587890625
12.581,12.7188440988,0.0078125,0.0,0.0,0.0,0.0,-0.0,-0.0,0.0,0.0,0.0,34.9140625,0.0,0.0,0.0,38.7421875,0.0,0.0,0.0,38.93359375,0.0,0.0,0.0,35.87109375,0.0,0.0,28.98046875,0.0,5.6402587890625
12.749,12.7188440988,0.0078125,0.0,0.0,0.0,0.0,-0.0,-0.0,0.0,0.0,0.0,35.10546875,0.0,0.0,0.0,38.55078125,0.0,0.0,0.0,38.93359375,0.0,0.0,0.0,35.296875,0.0,0.0,28.59765625,0.0,5.6402587890625
12.907,12.7188440988,0.0078125,0.0,0.0,0.0,0.0,-0.0,-0.0,0.0,0.0,0.0,36.0625,0.0,0.0,0.0,38.55078125,0.0,0.0,0.0,40.08203125,0.0,0.0,0.0,36.0625,0.0,0.0,29.36328125,0.0,5.6402587890625
13.067,12.7188440988,0.0078125,0.0,0.0,0.0,0.0,-0.0,-0.0,0.0,0.0,0.0,35.296875,0.0,0.0,0.0,38.359375,0.0,0.0,0.0,39.69921875,0.0,0.0,0.0,35.48828125,0.0,0.0,29.171875,0.0,5.6304931640625
13.239,12.7188440988,0.0078125,0.0,0.0,0.0,0.0,-0.0,-0.0,0.0,0.0,0.0,35.296875,0.0,0.0,0.0,37.9765625,0.0,0.0,0.0,39.5078125,0.0,0.0,0.0,35.48828125,0.0,0.0,30.12890625,0.0,5.6304931640625
13.407,12.7188440988,0.0078125,0.0,0.0,0.0,0.0,-0.0,-0.0,0.0,0.0,0.0,35.10546875,0.0,0.0,0.0,38.16796875,0.0,0.0,0.0,39.69921875,0.0,0.0,0.0,35.296875,0.0,0.0,30.703125,0.0,5.6402587890625
13.6,12.7188440988,0.0078125,0.0,0.0,0.0,0.0,-0.0,-0.0,0.0,0.0,0.0,34.53125,0.0,0.0,0.0,38.7421875,0.0,0.0,0.0,38.93359375,0.0,0.0,0.0,36.25390625,0.0,0.0,28.98046875,0.0,5.6402587890625
13.767,12.7188440988,0.0078125,0.0,0.0,0.0,0.0,-0.0,-0.0,0.0,0.0,0.0,34.9140625,0.0,0.0,0.0,38.16796875,0.0,0.0,0.0,39.125,0.0,0.0,0.0,35.48828125,0.0,0.0,29.5546875,0.0,5.6402587890625
13.927,12.7188440988,0.0078125,0.0,0.0,0.0,0.0,-0.0,-0.0,0.0,0.0,0.0,35.10546875,0.0,0.0,0.0,38.359375,0.0,0.0,0.0,39.5078125,0.0,0.0,0.0,36.0625,0.0,0.0,29.171875,0.0,5.6304931640625
14.087,12.7188440988,0.0078125,0.0,0.0,0.0,0.0,-0.0,-0.0,0.0,0.0,0.0,35.296875,0.0,0.0,0.0,38.55078125,0.0,0.0,0.0,39.125,0.0,0.0,0.0,35.87109375,0.0,0.0,29.5546875,0.0,5.6304931640625
14.245,12.7188440988,0.0078125,0.0,0.0,0.0,0.0,-0.0,-0.0,0.0,0.0,0.0,34.9140625,0.0,0.0,0.0,38.55078125,0.0,0.0,0.0,39.31640625,0.0,0.0,0.0,35.48828125,0.0,0.0,29.5546875,0.0,5.6304931640625
14.41,12.7188440988,0.0078125,0.0,0.0,0.0,0.0,-0.0,-0.0,0.0,0.0,0.0,34.33984375,0.0,0.0,0.0,38.359375,0.0,0.0,0.0,39.69921875,0.0,0.0,0.0,35.48828125,0.0,0.0,27.83203125,0.0,5.6402587890625
14.579,12.7188440988,0.0078125,0.0,0.0,0.0,0.0,-0.0,-0.0,0.0,0.0,0.0,34.53125,0.0,0.0,0.0,38.359375,0.0,0.0,0.0,39.31640625,0.0,0.0,0.0,35.6796875,0.0,0.0,29.171875,0.0,5.6402587890625
14.746,12.7188440988,0.0078125,0.0,0.0,0.0,0.0,-0.0,-0.0,0.0,0.0,0.0,33.57421875,0.0,0.0,0.0,38.55078125,0.0,0.0,0.0,38.93359375,0.0,0.0,0.0,35.48828125,0.0,0.0,28.98046875,0.0,5.6402587890625
14.909,12.7188440988,0.0078125,0.0,0.0,0.0,0.0,-0.0,-0.0,0.0,0.0,0.0,34.72265625,0.0,0.0,0.0,38.7421875,0.0,0.0,0.0,39.125,0.0,0.0,0.0,36.25390625,0.0,0.0,29.171875,0.0,5.6402587890625
15.069,12.7188440988,0.0078125,0.0,0.0,0.0,0.0,-0.0,-0.0,0.0,0.0,0.0,34.9140625,0.0,0.0,0.0,38.55078125,0.0,0.0,0.0,39.69921875,0.0,0.0,0.0,36.0625,0.0,0.0,28.7890625,0.0,5.6402587890625
15.23,12.7188440988,0.0078125,0.0,0.0,0.0,0.0,-0.0,-0.0,0.0,0.0,0.0,34.1484375,0.0,0.0,0.0,39.69921875,0.0,0.0,0.0,39.125,0.0,0.0,0.0,35.87109375,0.0,0.0,28.21484375,0.0,5.6402587890625
15.4,12.7188440988,0.0078125,0.0,0.0,0.0,0.0,-0.0,-0.0,0.0,0.0,0.0,35.296875,0.0,0.0,0.0,38.16796875,0.0,0.0,0.0,39.890625,0.0,0.0,0.0,35.6796875,0.0,0.0,29.9375,0.0,5.6402587890625
15.58,12.7188440988,0.0078125,0.0,0.0,0.0,0.0,-0.0,-0.0,0.0,0.0,0.0,34.9140625,0.0,0.0,0.0,38.93359375,0.0,0.0,0.0,39.125,0.0,0.0,0.0,36.4453125,0.0,0.0,29.9375,0.0,5.6304931640625
15.758,12.7188440988,0.0078125,0.0,0.0,0.0,0.0,-0.0,-0.0,0.0,0.0,0.0,34.9140625,0.0,0.0,0.0,38.7421875,0.0,0.0,0.0,39.125,0.0,0.0,0.0,35.296875,0.0,0.0,29.74609375,0.0,5.6402587890625
15.92,12.7188440988,0.0078125,0.0,0.0,0.0,0.0,-0.0,-0.0,0.0,0.0,0.0,36.0625,0.0,0.0,0.0,38.16796875,0.0,0.0,0.0,39.31640625,0.0,0.0,0.0,35.48828125,0.0,0.0,28.7890625,0.0,5.6402587890625
16.08,12.7188440988,0.0078125,0.0,0.0,0.0,0.0,-0.0,-0.0,0.0,0.0,0.0,34.9140625,0.0,0.0,0.0,38.359375,0.0,0.0,0.0,39.125,0.0,0.0,0.0,35.6796875,0.0,0.0,28.7890625,0.0,5.6402587890625
16.241,12.7188440988,0.0078125,0.0,0.0,0.0,0.0,-0.0,-0.0,0.0,0.0,0.0,34.72265625,0.0,0.0,0.0,38.55078125,0.0,0.0,0.0,38.93359375,0.0,0.0,0.0,35.6796875,0.0,0.0,29.5546875,0.0,5.6402587890625
16.405,12.7188440988,0.0078125,0.0,0.0,0.0,0.0,-0.0,-0.0,0.0,0.0,0.0,34.33984375,0.0,0.0,0.0,38.7421875,0.0,0.0,0.0,39.5078125,0.0,0.0,0.0,35.6796875,0.0,0.0,29.5546875,0.0,5.6402587890625
16.58,12.7188440988,0.0078125,0.0,0.0,0.0,0.0,-0.0,-0.0,0.0,0.0,0.0,34.9140625,0.0,0.0,0.0,38.359375,0.0,0.0,0.0,39.125,0.0,0.0,0.0,35.87109375,0.0,0.0,28.7890625,0.0,5.6402587890625
16.742,12.7188440988,0.0078125,0.0,0.0,0.0,0.0,-0.0,-0.0,0.0,0.0,0.0,34.33984375,0.0,0.0,0.0,37.9765625,0.0,0.0,0.0,39.69921875,0.0,0.0,0.0,36.0625,0.0,0.0,29.171875,0.0,5.6402587890625
16.908,12.7188440988,0.0078125,0.0,0.0,0.0,0.0,-0.0,-0.0,0.0,0.0,0.0,34.72265625,0.0,0.0,0.0,38.55078125,0.0,0.0,0.0,39.69921875,0.0,0.0,0.0,35.6796875,0.0,0.0,29.5546875,0.0,5.6402587890625
17.068,12.7188440988,0.0078125,0.0,0.0,0.0,0.0,-0.0,-0.0,0.0,0.0,0.0,34.9140625,0.0,0.0,0.0,38.93359375,0.0,0.0,0.0,38.93359375,0.0,0.0,0.0,36.0625,0.0,0.0,29.36328125,0.0,5.6402587890625
17.237,12.7188440988,0.0078125,0.0,0.0,0.0,0.0,-0.0,-0.0,0.0,0.0,0.0,35.296875,0.0,0.0,0.0,38.55078125,0.0,0.0,0.0,39.31640625,0.0,0.0,0.0,35.87109375,0.0,0.0,29.5546875,0.0,5.6402587890625
17.401,12.7188440988,0.0078125,0.0,0.0,0.0,0.0,-0.0,-0.0,0.0,0.0,0.0,35.10546875,0.0,0.0,0.0,38.7421875,0.0,0.0,0.0,39.69921875,0.0,0.0,0.0,35.6796875,0.0,0.0,29.36328125,0.0,5.6402587890625
17.58,12.7188440988,0.0078125,0.0,0.0,0.0,0.0,-0.0,-0.0,0.0,0.0,0.0,35.48828125,0.0,0.0,0.0,38.359375,0.0,0.0,0.0,39.125,0.0,0.0,0.0,35.6796875,0.0,0.0,30.12890625,0.0,5.6402587890625
17.741,12.7188440988,0.0078125,0.0,0.0,0.0,0.0,-0.0,-0.0,0.0,0.0,0.0,34.53125,0.0,0.0,0.0,38.55078125,0.0,0.0,0.0,39.5078125,0.0,0.0,0.0,35.6796875,0.0,0.0,29.74609375,0.0,5.6402587890625
17.917,12.7188440988,0.0078125,0.0,0.0,0.0,0.0,-0.0,-0.0,0.0,0.0,0.0,34.9140625,0.0,0.0,0.0,37.78515625,0.0,0.0,0.0,39.5078125,0.0,0.0,0.0,35.10546875,0.0,0.0,29.36328125,0.0,5.6304931640625
18.078,12.7188440988,0.0078125,0.0,0.0,0.0,0.0,-0.0,-0.0,0.0,0.0,0.0,34.9140625,0.0,0.0,0.0,38.359375,0.0,0.0,0.0,39.125,0.0,0.0,0.0,35.6796875,0.0,0.0,28.59765625,0.0,5.6402587890625
18.239,12.7188440988,0.0078125,0.0,0.0,0.0,0.0,-0.0,-0.0,0.0,0.0,0.0,34.72265625,0.0,0.0,0.0,37.9765625,0.0,0.0,0.0,39.69921875,0.0,0.0,0.0,36.0625,0.0,0.0,29.171875,0.0,5.6304931640625
18.399,12.7188440988,0.0078125,0.0,0.0,0.0,0.0,-0.0,-0.0,0.0,0.0,0.0,34.33984375,0.0,0.0,0.0,38.359375,0.0,0.0,0.0,39.5078125,0.0,0.0,0.0,35.87109375,0.0,0.0,28.7890625,0.0,5.6304931640625
18.559,12.7188440988,0.0078125,0.0,0.0,0.0,0.0,-0.0,-0.0,0.0,0.0,0.0,35.48828125,0.0,0.0,0.0,37.9765625,0.0,0.0,0.0,38.93359375,0.0,0.0,0.0,35.48828125,0.0,0.0,30.51171875,0.0,5.6304931640625
18.719,12.7188440988,0.0078125,0.0,0.0,0.0,0.0,-0.0,-0.0,0.0,0.0,0.0,34.72265625,0.0,0.0,0.0,38.55078125,0.0,0.0,0.0,39.5078125,0.0,0.0,0.0,35.48828125,0.0,0.0,29.74609375,0.0,5.6402587890625
18.88,12.7188440988,0.0078125,0.0,0.0,0.0,0.0,-0.0,-0.0,0.0,0.0,0.0,35.10546875,0.0,0.0,0.0,38.359375,0.0,0.0,0.0,39.5078125,0.0,0.0,0.0,35.6796875,0.0,0.0,28.7890625,0.0,5.6402587890625
19.038,12.7188440988,0.0078125,0.0,0.0,0.0,0.0,-0.0,-0.0,0.0,0.0,0.0,34.53125,0.0,0.0,0.0,38.93359375,0.0,0.0,0.0,39.31640625,0.0,0.0,0.0,36.0625,0.0,0.0,29.36328125,0.0,5.6304931640625
19.199,12.7188440988,0.0078125,0.0,0.0,0.0,0.0,-0.0,-0.0,0.0,0.0,0.0,34.72265625,0.0,0.0,0.0,38.7421875,0.0,0.0,0.0,39.31640625,0.0,0.0,0.0,35.10546875,0.0,0.0,29.36328125,0.0,5.6402587890625
19.368,12.7188440988,0.0078125,0.0,0.0,0.0,0.0,-0.0,-0.0,0.0,0.0,0.0,34.72265625,0.0,0.0,0.0,37.9765625,0.0,0.0,0.0,39.5078125,0.0,0.0,0.0,35.48828125,0.0,0.0,28.59765625,0.0,5.6402587890625
19.54,12.7188440988,0.0078125,0.0,0.0,0.0,0.0,-0.0,-0.0,0.0,0.0,0.0,34.72265625,0.0,0.0,0.0,38.55078125,0.0,0.0,0.0,39.5078125,0.0,0.0,0.0,35.6796875,0.0,0.0,29.74609375,0.0,5.6402587890625
19.72,12.7188440988,0.0078125,0.0,0.0,0.0,0.0,-0.0,-0.0,0.0,0.0,0.0,34.53125,0.0,0.0,0.0,38.55078125,0.0,0.0,0.0,39.69921875,0.0,0.0,0.0,35.6796875,0.0,0.0,29.171875,0.0,5.6402587890625
19.88,12.7188440988,0.0078125,0.0,0.0,0.0,0.0,-0.0,-0.0,0.0,0.0,0.0,34.72265625,0.0,0.0,0.0,38.55078125,0.0,0.0,0.0,39.69921875,0.0,0.0,0.0,35.6796875,0.0,0.0,29.171875,0.0,5.6304931640625
20.039,12.7188440988,0.0078125,0.0,0.0,0.0,0.0,-0.0,-0.0,0.0,0.0,0.0,35.48828125,0.0,0.0,0.0,38.93359375,0.0,0.0,0.0,39.31640625,0.0,0.0,0.0,35.6796875,0.0,0.0,29.36328125,0.0,5.6402587890625
20.208,12.7188440988,0.0078125,0.0,0.0,0.0,0.0,-0.0,-0.0,0.0,0.0,0.0,35.87109375,0.0,0.0,0.0,38.55078125,0.0,0.0,0.0,39.5078125,0.0,0.0,0.0,36.0625,0.0,0.0,28.59765625,0.0,5.6402587890625
20.378,12.7188440988,0.0078125,0.0,0.0,0.0,0.0,-0.0,-0.0,0.0,0.0,0.0,34.53125,0.0,0.0,0.0,38.16796875,0.0,0.0,0.0,39.890625,0.0,0.0,0.0,35.48828125,0.0,0.0,30.51171875,0.0,5.6402587890625
20.535,12.7188440988,0.0078125,0.0,0.0,0.0,0.0,-0.0,-0.0,0.0,0.0,0.0,34.72265625,0.0,0.0,0.0,38.359375,0.0,0.0,0.0,39.69921875,0.0,0.0,0.0,35.48828125,0.0,0.0,29.36328125,0.0,5.6402587890625
20.701,12.7188440988,0.0078125,0.0,0.0,0.0,0.0,-0.0,-0.0,0.0,0.0,0.0,34.9140625,0.0,0.0,0.0,38.359375,0.0,0.0,0.0,39.69921875,0.0,0.0,0.0,35.87109375,0.0,0.0,29.5546875,0.0,5.6304931640625
20.866,12.7188440988,0.0078125,0.0,0.0,0.0,0.0,-0.0,-0.0,0.0,0.0,0.0,34.9140625,0.0,0.0,0.0,37.9765625,0.0,0.0,0.0,39.69921875,0.0,0.0,0.0,35.6796875,0.0,0.0,28.7890625,0.0,5.6402587890625
21.024,12.7188440988,0.0078125,0.0,0.0,0.0,0.0,-0.0,-0.0,0.0,0.0,0.0,34.53125,0.0,0.0,0.0,38.55078125,0.0,0.0,0.0,39.125,0.0,0.0,0.0,35.87109375,0.0,0.0,29.36328125,0.0,5.6304931640625
21.187,12.7188440988,0.0078125,0.0,0.0,0.0,0.0,-0.0,-0.0,0.0,0.0,0.0,34.72265625,0.0,0.0,0.0,38.16796875,0.0,0.0,0.0,39.5078125,0.0,0.0,0.0,35.6796875,0.0,0.0,29.5546875,0.0,5.6304931640625
21.346,12.7188440988,0.0078125,0.0,0.0,0.0,0.0,-0.0,-0.0,0.0,0.0,0.0,35.6796875,0.0,0.0,0.0,38.359375,0.0,0.0,0.0,39.125,0.0,0.0,0.0,35.48828125,0.0,0.0,28.7890625,0.0,5.6402587890625
21.507,12.7188440988,0.0078125,0.0,0.0,0.0,0.0,-0.0,-0.0,0.0,0.0,0.0,34.72265625,0.0,0.0,0.0,38.55078125,0.0,0.0,0.0,39.69921875,0.0,0.0,0.0,35.6796875,0.0,0.0,29.36328125,0.0,5.6402587890625
21.675,12.7188440988,0.0078125,0.0,0.0,0.0,0.0,-0.0,-0.0,0.0,0.0,0.0,36.0625,0.0,0.0,0.0,38.55078125,0.0,0.0,0.0,39.69921875,0.0,0.0,0.0,35.10546875,0.0,0.0,27.44921875,0.0,5.6304931640625
21.84,12.7188440988,0.0078125,0.0,0.0,0.0,0.0,-0.0,-0.0,0.0,0.0,0.0,35.10546875,0.0,0.0,0.0,38.55078125,0.0,0.0,0.0,39.69921875,0.0,0.0,0.0,36.0625,0.0,0.0,28.0234375,0.0,5.6402587890625
22.001,12.7188440988,0.0078125,0.0,0.0,0.0,0.0,-0.0,-0.0,0.0,0.0,0.0,36.25390625,0.0,0.0,0.0,38.359375,0.0,0.0,0.0,39.125,0.0,0.0,0.0,35.6796875,0.0,0.0,29.171875,0.0,5.6304931640625
22.159,12.7188440988,0.0078125,0.0,0.0,0.0,0.0,-0.0,-0.0,0.0,0.0,0.0,34.9140625,0.0,0.0,0.0,38.16796875,0.0,0.0,0.0,39.69921875,0.0,0.0,0.0,35.48828125,0.0,0.0,28.98046875,0.0,5.6304931640625
22.321,12.7188440988,0.0078125,0.0,0.0,0.0,0.0,-0.0,-0.0,0.0,0.0,0.0,34.9140625,0.0,0.0,0.0,38.16796875,0.0,0.0,0.0,39.69921875,0.0,0.0,0.0,35.87109375,0.0,0.0,30.12890625,0.0,5.6304931640625
22.485,12.7188440988,0.0078125,0.0,0.0,0.0,0.0,-0.0,-0.0,0.0,0.0,0.0,35.48828125,0.0,0.0,0.0,38.7421875,0.0,0.0,0.0,38.7421875,0.0,0.0,0.0,35.6796875,0.0,0.0,28.7890625,0.0,5.6402587890625
22.668,12.7188440988,0.0078125,0.0,0.0,0.0,0.0,-0.0,-0.0,0.0,0.0,0.0,34.53125,0.0,0.0,0.0,38.55078125,0.0,0.0,0.0,39.125,0.0,0.0,0.0,35.10546875,0.0,0.0,29.9375,0.0,5.6402587890625
22.835,12.7188440988,0.0078125,0.0,0.0,0.0,0.0,-0.0,-0.0,0.0,0.0,0.0,35.10546875,0.0,0.0,0.0,38.7421875,0.0,0.0,0.0,39.5078125,0.0,0.0,0.0,36.0625,0.0,0.0,30.12890625,0.0,5.6304931640625
22.999,12.727482684,0.0078125,0.0,0.0,0.0,0.0,-0.0,-0.0,0.0,0.0,0.0,35.10546875,0.0,0.0,0.0,38.16796875,0.0,0.0,0.0,39.31640625,0.0,0.0,0.0,36.4453125,0.0,0.0,29.74609375,0.0,5.6402587890625
23.159,12.7188440988,0.0078125,0.0,0.0,0.0,0.0,-0.0,-0.0,0.0,0.0,0.0,35.296875,0.0,0.0,0.0,38.7421875,0.0,0.0,0.0,38.7421875,0.0,0.0,0.0,36.0625,0.0,0.0,28.7890625,0.0,5.6304931640625
23.32,12.727482684,0.0078125,0.0,0.0,0.0,0.0,-0.0,-0.0,0.0,0.0,0.0,34.72265625,0.0,0.0,0.0,38.55078125,0.0,0.0,0.0,39.5078125,0.0,0.0,0.0,35.48828125,0.0,0.0,28.98046875,0.0,5.6304931640625
23.48,12.7188440988,0.0078125,0.0,0.0,0.0,0.0,-0.0,-0.0,0.0,0.0,0.0,34.72265625,0.0,0.0,0.0,37.78515625,0.0,0.0,0.0,39.5078125,0.0,0.0,0.0,36.0625,0.0,0.0,29.36328125,0.0,5.6402587890625
23.657,12.727482684,0.0078125,0.0,0.0,0.0,0.0,-0.0,-0.0,0.0,0.0,0.0,35.296875,0.0,0.0,0.0,38.359375,0.0,0.0,0.0,39.69921875,0.0,0.0,0.0,35.48828125,0.0,0.0,28.98046875,0.0,5.6304931640625
23.821,12.7188440988,0.0078125,0.0,0.0,0.0,0.0,-0.0,-0.0,0.0,0.0,0.0,35.10546875,0.0,0.0,0.0,38.55078125,0.0,0.0,0.0,39.31640625,0.0,0.0,0.0,35.87109375,0.0,0.0,29.74609375,0.0,5.6304931640625
23.987,12.7188440988,0.0078125,0.0,0.0,0.0,0.0,-0.0,-0.0,0.0,0.0,0.0,34.72265625,0.0,0.0,0.0,38.359375,0.0,0.0,0.0,39.5078125,0.0,0.0,0.0,35.87109375,0.0,0.0,29.5546875,0.0,5.6402587890625
24.146,12.7188440988,0.0078125,0.0,0.0,0.0,0.0,-0.0,-0.0,0.0,0.0,0.0,35.296875,0.0,0.0,0.0,38.359375,0.0,0.0,0.0,39.31640625,0.0,0.0,0.0,36.0625,0.0,0.0,29.9375,0.0,5.6402587890625
24.3,12.727482684,0.0078125,0.0,0.0,0.0,0.0,-0.0,-0.0,0.0,0.0,0.0,35.10546875,0.0,0.0,0.0,38.359375,0.0,0.0,0.0,39.5078125,0.0,0.0,0.0,35.48828125,0.0,0.0,29.74609375,0.0,5.6304931640625
24.46,12.727482684,0.0078125,0.0,0.0,0.0,0.0,-0.0,-0.0,0.0,0.0,0.0,34.53125,0.0,0.0,0.0,38.359375,0.0,0.0,0.0,39.5078125,0.0,0.0,0.0,36.25390625,0.0,0.0,28.59765625,0.0,5.6402587890625
24.622,12.727482684,0.0078125,0.0,0.0,0.0,0.0,-0.0,-0.0,0.0,0.0,0.0,34.9140625,0.0,0.0,0.0,38.16796875,0.0,0.0,0.0,38.93359375,0.0,0.0,0.0,35.87109375,0.0,0.0,28.98046875,0.0,5.6402587890625
24.781,12.727482684,0.0078125,0.0,0.0,0.0,0.0,-0.0,-0.0,0.0,0.0,0.0,34.53125,0.0,0.0,0.0,38.7421875,0.0,0.0,0.0,39.69921875,0.0,0.0,0.0,35.296875,0.0,0.0,29.5546875,0.0,5.6402587890625
24.942,12.7188440988,0.0078125,0.0,0.0,0.0,0.0,-0.0,-0.0,0.0,0.0,0.0,34.9140625,0.0,0.0,0.0,38.55078125,0.0,0.0,0.0,39.5078125,0.0,0.0,0.0,35.6796875,0.0,0.0,28.59765625,0.0,5.6402587890625
25.105,12.727482684,0.0078125,0.0,0.0,0.0,0.0,-0.0,-0.0,0.0,0.0,0.0,34.72265625,0.0,0.0,0.0,38.55078125,0.0,0.0,0.0,39.31640625,0.0,0.0,0.0,35.6796875,0.0,0.0,29.36328125,0.0,5.6304931640625
25.263,12.727482684,0.0078125,0.0,0.0,0.0,0.0,-0.0,-0.0,0.0,0.0,0.0,34.72265625,0.0,0.0,0.0,37.9765625,0.0,0.0,0.0,39.5078125,0.0,0.0,0.0,35.296875,0.0,0.0,29.36328125,0.0,5.6500396728515625
25.427,12.727482684,0.0078125,0.0,0.0,0.0,0.0,-0.0,-0.0,0.0,0.0,0.0,34.9140625,0.0,0.0,0.0,38.7421875,0.0,0.0,0.0,39.890625,0.0,0.0,0.0,35.87109375,0.0,0.0,29.36328125,0.0,5.6304931640625
25.58,12.727482684,0.0078125,0.0,0.0,0.0,0.0,-0.0,-0.0,0.0,0.0,0.0,34.72265625,0.0,0.0,0.0,38.7421875,0.0,0.0,0.0,39.5078125,0.0,0.0,0.0,35.6796875,0.0,0.0,29.74609375,0.0,5.6304931640625
25.751,12.7188440988,0.0078125,0.0,0.0,0.0,0.0,-0.0,-0.0,0.0,0.0,0.0,34.9140625,0.0,0.0,0.0,38.16796875,0.0,0.0,0.0,38.93359375,0.0,0.0,0.0,36.0625,0.0,0.0,29.171875,0.0,5.6402587890625
25.915,12.727482684,0.0078125,0.0,0.0,0.0,0.0,-0.0,-0.0,0.0,0.0,0.0,34.53125,0.0,0.0,0.0,38.359375,0.0,0.0,0.0,39.69921875,0.0,0.0,0.0,36.0625,0.0,0.0,29.171875,0.0,5.6500396728515625
26.067,12.727482684,0.0078125,0.0,0.0,0.0,0.0,-0.0,-0.0,0.0,0.0,0.0,35.10546875,0.0,0.0,0.0,38.55078125,0.0,0.0,0.0,39.69921875,0.0,0.0,0.0,35.6796875,0.0,0.0,29.5546875,0.0,5.6402587890625
26.227,12.727482684,0.0078125,0.0,0.0,0.0,0.0,-0.0,-0.0,0.0,0.0,0.0,34.53125,0.0,0.0,0.0,38.359375,0.0,0.0,0.0,39.31640625,0.0,0.0,0.0,36.0625,0.0,0.0,29.5546875,0.0,5.6304931640625
26.389,12.727482684,0.0078125,0.0,0.0,0.0,0.0,-0.0,-0.0,0.0,0.0,0.0,35.296875,0.0,0.0,0.0,38.359375,0.0,0.0,0.0,39.69921875,0.0,0.0,0.0,35.48828125,0.0,0.0,29.171875,0.0,5.6402587890625
26.552,12.727482684,0.0078125,0.0,0.0,0.0,0.0,-0.0,-0.0,0.0,0.0,0.0,34.9140625,0.0,0.0,0.0,38.93359375,0.0,0.0,0.0,39.31640625,0.0,0.0,0.0,35.87109375,0.0,0.0,29.5546875,0.0,5.6402587890625
26.719,12.727482684,0.0078125,0.0,0.0,0.0,0.0,-0.0,-0.0,0.0,0.0,0.0,35.10546875,0.0,0.0,0.0,38.93359375,0.0,0.0,0.0,39.5078125,0.0,0.0,0.0,36.0625,0.0,0.0,28.7890625,0.0,5.6304931640625
26.879,12.727482684,0.0078125,0.0,0.0,0.0,0.0,-0.0,-0.0,0.0,0.0,0.0,34.72265625,0.0,0.0,0.0,38.93359375,0.0,0.0,0.0,39.69921875,0.0,0.0,0.0,35.6796875,0.0,0.0,30.3203125,0.0,5.6402587890625
27.038,12.727482684,0.0078125,0.0,0.0,0.0,0.0,-0.0,-0.0,0.0,0.0,0.0,34.9140625,0.0,0.0,0.0,38.359375,0.0,0.0,0.0,39.890625,0.0,0.0,0.0,36.25390625,0.0,0.0,28.7890625,0.0,5.6402587890625
27.208,12.727482684,0.0078125,0.0,0.0,0.0,0.0,-0.0,-0.0,0.0,0.0,0.0,34.72265625,0.0,0.0,0.0,38.359375,0.0,0.0,0.0,39.5078125,0.0,0.0,0.0,35.48828125,0.0,0.0,29.36328125,0.0,5.6402587890625
27.367,12.727482684,0.0078125,0.0,0.0,0.0,0.0,-0.0,-0.0,0.0,0.0,0.0,34.72265625,0.0,0.0,0.0,38.55078125,0.0,0.0,0.0,39.890625,0.0,0.0,0.0,36.0625,0.0,0.0,29.36328125,0.0,5.6304931640625
27.529,12.7188440988,0.0078125,0.0,0.0,0.0,0.0,-0.0,-0.0,0.0,0.0,0.0,34.1484375,0.0,0.0,0.0,38.7421875,0.0,0.0,0.0,39.31640625,0.0,0.0,0.0,35.48828125,0.0,0.0,29.36328125,0.0,5.6402587890625
27.698,12.727482684,0.0078125,0.0,0.0,0.0,0.0,-0.0,-0.0,0.0,0.0,0.0,35.10546875,0.0,0.0,0.0,38.55078125,0.0,0.0,0.0,39.31640625,0.0,0.0,0.0,35.48828125,0.0,0.0,29.171875,0.0,5.6402587890625
27.859,12.727482684,0.0078125,0.0,0.0,0.0,0.0,-0.0,-0.0,0.0,0.0,0.0,34.53125,0.0,0.0,0.0,37.9765625,0.0,0.0,0.0,39.69921875,0.0,0.0,0.0,35.6796875,0.0,0.0,28.7890625,0.0,5.6402587890625
28.019,12.727482684,0.0078125,0.0,0.0,0.0,0.0,-0.0,-0.0,0.0,0.0,0.0,34.9140625,0.0,0.0,0.0,38.359375,0.0,0.0,0.0,39.5078125,0.0,0.0,0.0,35.87109375,0.0,0.0,29.36328125,0.0,5.6402587890625
28.178,12.727482684,0.0078125,0.0,0.0,0.0,0.0,-0.0,-0.0,0.0,0.0,0.0,35.10546875,0.0,0.0,0.0,38.55078125,0.0,0.0,0.0,39.69921875,0.0,0.0,0.0,36.25390625,0.0,0.0,28.98046875,0.0,5.6304931640625
28.341,12.727482684,0.0078125,0.0,0.0,0.0,0.0,-0.0,-0.0,0.0,0.0,0.0,34.9140625,0.0,0.0,0.0,38.93359375,0.0,0.0,0.0,39.69921875,0.0,0.0,0.0,36.0625,0.0,0.0,28.98046875,0.0,5.6402587890625
28.501,12.727482684,0.0078125,0.0,0.0,0.0,0.0,-0.0,-0.0,0.0,0.0,0.0,35.10546875,0.0,0.0,0.0,38.359375,0.0,0.0,0.0,39.69921875,0.0,0.0,0.0,35.48828125,0.0,0.0,29.36328125,0.0,5.6402587890625
28.679,12.727482684,0.0078125,0.0,0.0,0.0,0.0,-0.0,-0.0,0.0,0.0,0.0,34.1484375,0.0,0.0,0.0,38.55078125,0.0,0.0,0.0,39.31640625,0.0,0.0,0.0,35.87109375,0.0,0.0,29.5546875,0.0,5.6402587890625
28.84,12.727482684,0.0078125,0.0,0.0,0.0,0.0,-0.0,-0.0,0.0,0.0,0.0,34.72265625,0.0,0.0,0.0,38.7421875,0.0,0.0,0.0,39.5078125,0.0,0.0,0.0,35.87109375,0.0,0.0,31.0859375,0.0,5.6304931640625
28.999,12.727482684,0.0078125,0.0,0.0,0.0,0.0,-0.0,-0.0,0.0,0.0,0.0,35.10546875,0.0,0.0,0.0,38.359375,0.0,0.0,0.0,39.5078125,0.0,0.0,0.0,35.296875,0.0,0.0,29.36328125,0.0,5.6402587890625
29.178,12.727482684,0.0078125,0.0,0.0,0.0,0.0,-0.0,-0.0,0.0,0.0,0.0,35.10546875,0.0,0.0,0.0,38.93359375,0.0,0.0,0.0,39.5078125,0.0,0.0,0.0,35.6796875,0.0,0.0,28.40625,0.0,5.6402587890625
29.346,12.727482684,0.0078125,0.0,0.0,0.0,0.0,-0.0,-0.0,0.0,0.0,0.0,34.53125,0.0,0.0,0.0,38.55078125,0.0,0.0,0.0,39.890625,0.0,0.0,0.0,35.48828125,0.0,0.0,28.7890625,0.0,5.6304931640625
29.501,12.727482684,0.0078125,0.0,0.0,0.0,0.0,-0.0,-0.0,0.0,0.0,0.0,34.33984375,0.0,0.0,0.0,38.55078125,0.0,0.0,0.0,39.5078125,0.0,0.0,0.0,35.6796875,0.0,0.0,28.7890625,0.0,5.6402587890625
29.661,12.727482684,0.0078125,0.0,0.0,0.0,0.0,-0.0,-0.0,0.0,0.0,0.0,34.9140625,0.0,0.0,0.0,38.7421875,0.0,0.0,0.0,39.890625,0.0,0.0,0.0,36.25390625,0.0,0.0,29.5546875,0.0,5.6402587890625
29.82,12.727482684,0.0078125,0.0,0.0,0.0,0.0,-0.0,-0.0,0.0,0.0,0.0,34.9140625,0.0,0.0,0.0,38.7421875,0.0,0.0,0.0,39.5078125,0.0,0.0,0.0,36.25390625,0.0,0.0,28.7890625,0.0,5.6304931640625
29.981,12.727482684,0.0078125,0.0,0.0,0.0,0.0,-0.0,-0.0,0.0,0.0,0.0,36.63671875,0.0,0.0,0.0,38.55078125,0.0,0.0,0.0,39.5078125,0.0,0.0,0.0,35.87109375,0.0,0.0,30.3203125,0.0,5.6304931640625
30.149,12.727482684,0.0078125,0.0,0.0,0.0,0.0,-0.0,-0.0,0.0,0.0,0.0,34.53125,0.0,0.0,0.0,38.359375,0.0,0.0,0.0,39.5078125,0.0,0.0,0.0,35.6796875,0.0,0.0,29.171875,0.0,5.6402587890625
30.312,12.727482684,0.0078125,0.0,0.0,0.0,0.0,-0.0,-0.0,0.0,0.0,0.0,34.53125,0.0,0.0,0.0,38.359375,0.0,0.0,0.0,39.31640625,0.0,0.0,0.0,35.6796875,0.0,0.0,29.74609375,0.0,5.6402587890625
30.481,12.727482684,0.0078125,0.0,0.0,0.0,0.0,-0.0,-0.0,0.0,0.0,0.0,33.57421875,0.0,0.0,0.0,38.55078125,0.0,0.0,0.0,39.69921875,0.0,0.0,0.0,35.87109375,0.0,0.0,28.98046875,0.0,5.6304931640625
30.638,12.727482684,0.0078125,0.0,0.0,0.0,0.0,-0.0,-0.0,0.0,0.0,0.0,34.72265625,0.0,0.0,0.0,38.7421875,0.0,0.0,0.0,39.69921875,0.0,0.0,0.0,35.296875,0.0,0.0,29.36328125,0.0,5.6402587890625
30.8,12.727482684,0.0078125,0.0,0.0,0.0,0.0,-0.0,-0.0,0.0,0.0,0.0,34.9140625,0.0,0.0,0.0,38.7421875,0.0,0.0,0.0,39.5078125,0.0,0.0,0.0,36.4453125,0.0,0.0,29.36328125,0.0,5.6402587890625
30.96,12.727482684,0.0078125,0.0,0.0,0.0,0.0,-0.0,-0.0,0.0,0.0,0.0,34.9140625,0.0,0.0,0.0,38.16796875,0.0,0.0,0.0,39.31640625,0.0,0.0,0.0,35.87109375,0.0,0.0,28.7890625,0.0,5.6304931640625
31.128,12.727482684,0.0078125,0.0,0.0,0.0,0.0,-0.0,-0.0,0.0,0.0,0.0,34.72265625,0.0,0.0,0.0,38.359375,0.0,0.0,0.0,39.69921875,0.0,0.0,0.0,35.6796875,0.0,0.0,29.5546875,0.0,5.6402587890625
31.3,12.727482684,0.0078125,0.0,0.0,0.0,0.0,-0.0,-0.0,0.0,0.0,0.0,34.72265625,0.0,0.0,0.0,38.55078125,0.0,0.0,0.0,39.69921875,0.0,0.0,0.0,35.6796875,0.0,0.0,29.171875,0.0,5.6304931640625
31.477,12.727482684,0.0078125,0.0,0.0,0.0,0.0,-0.0,-0.0,0.0,0.0,0.0,35.10546875,0.0,0.0,0.0,38.7421875,0.0,0.0,0.0,39.125,0.0,0.0,0.0,35.296875,0.0,0.0,28.98046875,0.0,5.6304931640625
31.66,12.727482684,0.0078125,0.0,0.0,0.0,0.0,-0.0,-0.0,0.0,0.0,0.0,34.72265625,0.0,0.0,0.0,38.16796875,0.0,0.0,0.0,39.125,0.0,0.0,0.0,35.87109375,0.0,0.0,29.5546875,0.0,5.6402587890625
31.823,12.727482684,0.0078125,0.0,0.0,0.0,0.0,-0.0,-0.0,0.0,0.0,0.0,35.10546875,0.0,0.0,0.0,38.93359375,0.0,0.0,0.0,39.31640625,0.0,0.0,0.0,35.48828125,0.0,0.0,29.36328125,0.0,5.6304931640625
31.981,12.727482684,0.0078125,0.0,0.0,0.0,0.0,-0.0,-0.0,0.0,0.0,0.0,35.6796875,0.0,0.0,0.0,38.55078125,0.0,0.0,0.0,39.69921875,0.0,0.0,0.0,36.4453125,0.0,0.0,29.36328125,0.0,5.6304931640625
32.141,12.727482684,0.0078125,0.0,0.0,0.0,0.0,-0.0,-0.0,0.0,0.0,0.0,34.72265625,0.0,0.0,0.0,38.93359375,0.0,0.0,0.0,39.69921875,0.0,0.0,0.0,36.0625,0.0,0.0,29.36328125,0.0,5.6402587890625
32.308,12.727482684,0.0078125,0.0,0.0,0.0,0.0,-0.0,-0.0,0.0,0.0,0.0,34.72265625,0.0,0.0,0.0,39.125,0.0,0.0,0.0,39.5078125,0.0,0.0,0.0,35.87109375,0.0,0.0,29.36328125,0.0,5.6402587890625
32.468,12.727482684,0.0078125,0.0,0.0,0.0,0.0,-0.0,-0.0,0.0,0.0,0.0,34.9140625,0.0,0.0,0.0,38.55078125,0.0,0.0,0.0,39.5078125,0.0,0.0,0.0,35.296875,0.0,0.0,29.5546875,0.0,5.6402587890625
32.628,12.727482684,0.0078125,0.0,0.0,0.0,0.0,-0.0,-0.0,0.0,0.0,0.0,35.48828125,0.0,0.0,0.0,37.9765625,0.0,0.0,0.0,38.93359375,0.0,0.0,0.0,36.0625,0.0,0.0,28.98046875,0.0,5.6402587890625
32.788,12.727482684,0.0078125,0.0,0.0,0.0,0.0,-0.0,-0.0,0.0,0.0,0.0,34.9140625,0.0,0.0,0.0,37.40234375,0.0,0.0,0.0,39.69921875,0.0,0.0,0.0,36.0625,0.0,0.0,30.3203125,0.0,5.6304931640625
32.948,12.727482684,0.0078125,0.0,0.0,0.0,0.0,-0.0,-0.0,0.0,0.0,0.0,35.296875,0.0,0.0,0.0,38.93359375,0.0,0.0,0.0,39.890625,0.0,0.0,0.0,36.4453125,0.0,0.0,29.171875,0.0,5.6304931640625
33.108,12.727482684,0.0078125,0.0,0.0,0.0,0.0,-0.0,-0.0,0.0,0.0,0.0,35.10546875,0.0,0.0,0.0,38.359375,0.0,0.0,0.0,39.69921875,0.0,0.0,0.0,35.6796875,0.0,0.0,29.36328125,0.0,5.6304931640625
33.268,12.727482684,0.0078125,0.0,0.0,0.0,0.0,-0.0,-0.0,0.0,0.0,0.0,34.53125,0.0,0.0,0.0,38.359375,0.0,0.0,0.0,39.890625,0.0,0.0,0.0,35.87109375,0.0,0.0,28.98046875,0.0,5.6402587890625
33.441,12.727482684,0.0078125,0.0,0.0,0.0,0.0,-0.0,-0.0,0.0,0.0,0.0,34.72265625,0.0,0.0,0.0,38.7421875,0.0,0.0,0.0,39.69921875,0.0,0.0,0.0,35.6796875,0.0,0.0,29.5546875,0.0,5.6402587890625
33.601,12.727482684,0.0078125,0.0,0.0,0.0,0.0,-0.0,-0.0,0.0,0.0,0.0,35.10546875,0.0,0.0,0.0,38.7421875,0.0,0.0,0.0,39.31640625,0.0,0.0,0.0,36.25390625,0.0,0.0,28.59765625,0.0,5.6304931640625
33.76,12.727482684,0.0078125,0.0,0.0,0.0,0.0,-0.0,-0.0,0.0,0.0,0.0,34.72265625,0.0,0.0,0.0,38.359375,0.0,0.0,0.0,39.125,0.0,0.0,0.0,35.296875,0.0,0.0,29.5546875,0.0,5.6304931640625
33.92,12.727482684,0.0078125,0.0,0.0,0.0,0.0,-0.0,-0.0,0.0,0.0,0.0,34.9140625,0.0,0.0,0.0,38.7421875,0.0,0.0,0.0,39.31640625,0.0,0.0,0.0,35.48828125,0.0,0.0,29.36328125,0.0,5.6304931640625
34.078,12.727482684,0.0078125,0.0,0.0,0.0,0.0,-0.0,-0.0,0.0,0.0,0.0,35.10546875,0.0,0.0,0.0,38.359375,0.0,0.0,0.0,39.5078125,0.0,0.0,0.0,36.0625,0.0,0.0,30.51171875,0.0,5.6304931640625
34.248,12.727482684,0.0078125,0.0,0.0,0.0,0.0,-0.0,-0.0,0.0,0.0,0.0,35.10546875,0.0,0.0,0.0,38.55078125,0.0,0.0,0.0,39.5078125,0.0,0.0,0.0,35.48828125,0.0,0.0,29.74609375,0.0,5.6304931640625
34.418,12.727482684,0.0078125,0.0,0.0,0.0,0.0,-0.0,-0.0,0.0,0.0,0.0,35.48828125,0.0,0.0,0.0,38.7421875,0.0,0.0,0.0,39.69921875,0.0,0.0,0.0,35.296875,0.0,0.0,28.7890625,0.0,5.6402587890625
34.579,12.727482684,0.0078125,0.0,0.0,0.0,0.0,-0.0,-0.0,0.0,0.0,0.0,34.72265625,0.0,0.0,0.0,38.16796875,0.0,0.0,0.0,39.69921875,0.0,0.0,0.0,35.48828125,0.0,0.0,29.36328125,0.0,5.6304931640625
34.807,12.727482684,0.0078125,0.0,0.0,0.0,0.0,-0.0,-0.0,0.0,0.0,0.0,35.6796875,0.0,0.0,0.0,37.9765625,0.0,0.0,0.0,39.31640625,0.0,0.0,0.0,35.296875,0.0,0.0,29.171875,0.0,5.6304931640625
34.979,12.727482684,0.0078125,0.0,0.0,0.0,0.0,-0.0,-0.0,0.0,0.0,0.0,34.72265625,0.0,0.0,0.0,39.125,0.0,0.0,0.0,39.31640625,0.0,0.0,0.0,35.87109375,0.0,0.0,29.5546875,0.0,5.6304931640625
35.148,12.727482684,0.0078125,0.0,0.0,0.0,0.0,-0.0,-0.0,0.0,0.0,0.0,35.10546875,0.0,0.0,0.0,38.93359375,0.0,0.0,0.0,39.69921875,0.0,0.0,0.0,35.87109375,0.0,0.0,28.98046875,0.0,5.6402587890625
35.317,12.736121269200002,0.0078125,0.0,0.0,0.0,0.0,-0.0,-0.0,0.0,0.0,0.0,34.33984375,0.0,0.0,0.0,39.125,0.0,0.0,0.0,38.55078125,0.0,0.0,0.0,35.6796875,0.0,0.0,29.5546875,0.0,5.6402587890625
35.486,12.727482684,0.0078125,0.0,0.0,0.0,0.0,-0.0,-0.0,0.0,0.0,0.0,35.10546875,0.0,0.0,0.0,38.16796875,0.0,0.0,0.0,39.890625,0.0,0.0,0.0,35.6796875,0.0,0.0,31.46875,0.0,5.6304931640625
35.645,12.727482684,0.0078125,0.0,0.0,0.0,0.0,-0.0,-0.0,0.0,0.0,0.0,34.72265625,0.0,0.0,0.0,38.55078125,0.0,0.0,0.0,39.31640625,0.0,0.0,0.0,36.0625,0.0,0.0,28.59765625,0.0,5.6304931640625
35.806,12.727482684,0.0078125,0.0,0.0,0.0,0.0,-0.0,-0.0,0.0,0.0,0.0,35.10546875,0.0,0.0,0.0,37.40234375,0.0,0.0,0.0,39.69921875,0.0,0.0,0.0,35.87109375,0.0,0.0,29.171875,0.0,5.6304931640625
35.966,12.727482684,0.0078125,0.0,0.0,0.0,0.0,-0.0,-0.0,0.0,0.0,0.0,34.33984375,0.0,0.0,0.0,39.69921875,0.0,0.0,0.0,39.5078125,0.0,0.0,0.0,36.0625,0.0,0.0,29.36328125,0.0,5.6304931640625
36.12,12.727482684,0.0078125,0.0,0.0,0.0,0.0,-0.0,-0.0,0.0,0.0,0.0,34.9140625,0.0,0.0,0.0,38.7421875,0.0,0.0,0.0,39.5078125,0.0,0.0,0.0,35.296875,0.0,0.0,28.98046875,0.0,5.6207122802734375
36.288,12.727482684,0.0078125,0.0,0.0,0.0,0.0,-0.0,-0.0,0.0,0.0,0.0,35.10546875,0.0,0.0,0.0,38.7421875,0.0,0.0,0.0,39.125,0.0,0.0,0.0,35.6796875,0.0,0.0,29.171875,0.0,5.6304931640625
36.457,12.727482684,0.0078125,0.0,0.0,0.0,0.0,-0.0,-0.0,0.0,0.0,0.0,35.6796875,0.0,0.0,0.0,39.125,0.0,0.0,0.0,39.69921875,0.0,0.0,0.0,35.6796875,0.0,0.0,29.171875,0.0,5.6304931640625
36.62,12.727482684,0.0078125,0.0,0.0,0.0,0.0,-0.0,-0.0,0.0,0.0,0.0,34.1484375,0.0,0.0,0.0,38.359375,0.0,0.0,0.0,40.2734375,0.0,0.0,0.0,36.4453125,0.0,0.0,29.36328125,0.0,5.6402587890625
36.78,12.727482684,0.0078125,0.0,0.0,0.0,0.0,-0.0,-0.0,0.0,0.0,0.0,35.296875,0.0,0.0,0.0,38.7421875,0.0,0.0,0.0,39.890625,0.0,0.0,0.0,35.6796875,0.0,0.0,28.98046875,0.0,5.6304931640625
36.947,12.727482684,0.0078125,0.0,0.0,0.0,0.0,-0.0,-0.0,0.0,0.0,0.0,35.6796875,0.0,0.0,0.0,37.9765625,0.0,0.0,0.0,39.5078125,0.0,0.0,0.0,35.48828125,0.0,0.0,28.7890625,0.0,5.6304931640625
37.121,12.727482684,0.0078125,0.0,0.0,0.0,0.0,-0.0,-0.0,0.0,0.0,0.0,35.6796875,0.0,0.0,0.0,38.7421875,0.0,0.0,0.0,40.08203125,0.0,0.0,0.0,35.48828125,0.0,0.0,29.171875,0.0,5.6304931640625
37.28,12.727482684,0.0078125,0.0,0.0,0.0,0.0,-0.0,-0.0,0.0,0.0,0.0,35.296875,0.0,0.0,0.0,38.359375,0.0,0.0,0.0,39.890625,0.0,0.0,0.0,35.296875,0.0,0.0,29.36328125,0.0,5.6207122802734375
37.446,12.727482684,0.0078125,0.0,0.0,0.0,0.0,-0.0,-0.0,0.0,0.0,0.0,34.9140625,0.0,0.0,0.0,38.359375,0.0,0.0,0.0,39.31640625,0.0,0.0,0.0,35.10546875,0.0,0.0,28.98046875,0.0,5.6304931640625
37.6,12.727482684,0.0078125,0.0,0.0,0.0,0.0,-0.0,-0.0,0.0,0.0,0.0,35.296875,0.0,0.0,0.0,38.55078125,0.0,0.0,0.0,39.69921875,0.0,0.0,0.0,35.87109375,0.0,0.0,28.98046875,0.0,5.6207122802734375
37.761,12.727482684,0.0078125,0.0,0.0,0.0,0.0,-0.0,-0.0,0.0,0.0,0.0,35.10546875,0.0,0.0,0.0,38.55078125,0.0,0.0,0.0,39.5078125,0.0,0.0,0.0,35.87109375,0.0,0.0,29.74609375,0.0,5.6304931640625
37.946,12.727482684,0.0078125,0.0,0.0,0.0,0.0,-0.0,-0.0,0.0,0.0,0.0,34.9140625,0.0,0.0,0.0,37.40234375,0.0,0.0,0.0,40.2734375,0.0,0.0,0.0,35.87109375,0.0,0.0,29.9375,0.0,5.6304931640625
38.106,12.727482684,0.0078125,0.0,0.0,0.0,0.0,-0.0,-0.0,0.0,0.0,0.0,35.296875,0.0,0.0,0.0,38.359375,0.0,0.0,0.0,39.890625,0.0,0.0,0.0,35.6796875,0.0,0.0,28.40625,0.0,5.6109466552734375
38.28,12.727482684,0.0078125,0.0,0.0,0.0,0.0,-0.0,-0.0,0.0,0.0,0.0,35.10546875,0.0,0.0,0.0,38.55078125,0.0,0.0,0.0,39.890625,0.0,0.0,0.0,35.87109375,0.0,0.0,29.5546875,0.0,5.6109466552734375
38.447,12.727482684,0.0078125,0.0,0.0,0.0,0.0,-0.0,-0.0,0.0,0.0,0.0,35.10546875,0.0,0.0,0.0,38.359375,0.0,0.0,0.0,39.69921875,0.0,0.0,0.0,36.0625,0.0,0.0,28.21484375,0.0,5.6207122802734375
38.618,12.727482684,0.0078125,0.0,0.0,0.0,0.0,-0.0,-0.0,0.0,0.0,0.0,34.72265625,0.0,0.0,0.0,37.9765625,0.0,0.0,0.0,39.125,0.0,0.0,0.0,36.63671875,0.0,0.0,28.98046875,0.0,5.6109466552734375
38.779,12.727482684,0.0078125,0.0,0.0,0.0,0.0,-0.0,-0.0,0.0,0.0,0.0,34.9140625,0.0,0.0,0.0,38.55078125,0.0,0.0,0.0,39.69921875,0.0,0.0,0.0,36.63671875,0.0,0.0,29.171875,0.0,5.6109466552734375
38.937,12.727482684,0.0078125,0.0,0.0,0.0,0.0,-0.0,-0.0,0.0,0.0,0.0,34.1484375,0.0,0.0,0.0,38.359375,0.0,0.0,0.0,39.5078125,0.0,0.0,0.0,36.25390625,0.0,0.0,28.59765625,0.0,5.601165771484375
39.1,12.727482684,0.0078125,0.0,0.0,0.0,0.0,-0.0,-0.0,0.0,0.0,0.0,34.33984375,0.0,0.0,0.0,37.9765625,0.0,0.0,0.0,39.69921875,0.0,0.0,0.0,35.48828125,0.0,0.0,29.9375,0.0,5.6304931640625
39.259,12.727482684,0.0078125,0.0,0.0,0.0,0.0,-0.0,-0.0,0.0,0.0,0.0,35.48828125,0.0,0.0,0.0,38.7421875,0.0,0.0,0.0,38.93359375,0.0,0.0,0.0,36.0625,0.0,0.0,29.36328125,0.0,5.6109466552734375
39.419,12.727482684,0.0078125,0.0,0.0,0.0,0.0,-0.0,-0.0,0.0,0.0,0.0,34.33984375,0.0,0.0,0.0,38.7421875,0.0,0.0,0.0,39.890625,0.0,0.0,0.0,35.6796875,0.0,0.0,30.51171875,0.0,5.6207122802734375
39.579,12.727482684,0.0078125,0.0,0.0,0.0,0.0,-0.0,-0.0,0.0,0.0,0.0,34.33984375,0.0,0.0,0.0,38.93359375,0.0,0.0,0.0,39.125,0.0,0.0,0.0,36.25390625,0.0,0.0,27.640625,0.0,5.6207122802734375
39.742,12.727482684,0.0078125,0.0,0.0,0.0,0.0,-0.0,-0.0,0.0,0.0,0.0,34.72265625,0.0,0.0,0.0,38.359375,0.0,0.0,0.0,39.31640625,0.0,0.0,0.0,35.6796875,0.0,0.0,28.7890625,0.0,5.6109466552734375
39.917,12.727482684,0.0078125,0.0,0.0,0.0,0.0,-0.0,-0.0,0.0,0.0,0.0,34.53125,0.0,0.0,0.0,38.359375,0.0,0.0,0.0,39.69921875,0.0,0.0,0.0,35.48828125,0.0,0.0,29.36328125,0.0,5.6207122802734375
40.085,12.736121269200002,0.0078125,0.0,0.0,0.0,0.0,-0.0,-0.0,0.0,0.0,0.0,34.53125,0.0,0.0,0.0,38.55078125,0.0,0.0,0.0,39.69921875,0.0,0.0,0.0,36.4453125,0.0,0.0,29.171875,0.0,5.6304931640625
40.259,12.727482684,0.0078125,0.0,0.0,0.0,0.0,-0.0,-0.0,0.0,0.0,0.0,35.10546875,0.0,0.0,0.0,38.359375,0.0,0.0,0.0,39.69921875,0.0,0.0,0.0,35.48828125,0.0,0.0,29.5546875,0.0,5.6109466552734375
40.419,12.727482684,0.0078125,0.0,0.0,0.0,0.0,-0.0,-0.0,0.0,0.0,0.0,34.33984375,0.0,0.0,0.0,39.5078125,0.0,0.0,0.0,39.31640625,0.0,0.0,0.0,35.48828125,0.0,0.0,28.7890625,0.0,5.6207122802734375
40.58,12.727482684,0.0078125,0.0,0.0,0.0,0.0,-0.0,-0.0,0.0,0.0,0.0,35.296875,0.0,0.0,0.0,38.7421875,0.0,0.0,0.0,39.69921875,0.0,0.0,0.0,35.87109375,0.0,0.0,29.5546875,0.0,5.6402587890625
40.748,12.727482684,0.0078125,0.0,0.0,0.0,0.0,-0.0,-0.0,0.0,0.0,0.0,35.6796875,0.0,0.0,0.0,38.55078125,0.0,0.0,0.0,39.5078125,0.0,0.0,0.0,36.0625,0.0,0.0,29.74609375,0.0,5.6304931640625
40.943,12.727482684,0.0078125,0.0,0.0,0.0,0.0,-0.0,-0.0,0.0,0.0,0.0,35.48828125,0.0,0.0,0.0,38.55078125,0.0,0.0,0.0,39.69921875,0.0,0.0,0.0,35.48828125,0.0,0.0,29.5546875,0.0,5.6207122802734375
41.117,12.727482684,0.0078125,0.0,0.0,0.0,0.0,-0.0,-0.0,0.0,0.0,0.0,35.87109375,0.0,0.0,0.0,38.359375,0.0,0.0,0.0,40.2734375,0.0,0.0,0.0,35.6796875,0.0,0.0,29.171875,0.0,5.6207122802734375
41.269,12.727482684,0.0078125,0.0,0.0,0.0,0.0,-0.0,-0.0,0.0,0.0,0.0,35.48828125,0.0,0.0,0.0,38.359375,0.0,0.0,0.0,39.31640625,0.0,0.0,0.0,35.87109375,0.0,0.0,28.7890625,0.0,5.6207122802734375
41.438,12.727482684,0.0078125,0.0,0.0,0.0,0.0,-0.0,-0.0,0.0,0.0,0.0,34.53125,0.0,0.0,0.0,38.16796875,0.0,0.0,0.0,39.31640625,0.0,0.0,0.0,35.87109375,0.0,0.0,29.74609375,0.0,5.6109466552734375
41.606,12.727482684,0.0078125,0.0,0.0,0.0,0.0,-0.0,-0.0,0.0,0.0,0.0,34.33984375,0.0,0.0,0.0,38.7421875,0.0,0.0,0.0,39.5078125,0.0,0.0,0.0,35.87109375,0.0,0.0,28.98046875,0.0,5.6109466552734375
41.761,12.727482684,0.0078125,0.0,0.0,0.0,0.0,-0.0,-0.0,0.0,0.0,0.0,34.9140625,0.0,0.0,0.0,39.31640625,0.0,0.0,0.0,39.5078125,0.0,0.0,0.0,35.6796875,0.0,0.0,29.9375,0.0,5.601165771484375
41.919,12.727482684,0.0078125,0.0,0.0,0.0,0.0,-0.0,-0.0,0.0,0.0,0.0,34.72265625,0.0,0.0,0.0,38.55078125,0.0,0.0,0.0,40.08203125,0.0,0.0,0.0,35.87109375,0.0,0.0,29.9375,0.0,5.6304931640625
42.08,12.727482684,0.0078125,0.0,0.0,0.0,0.0,-0.0,-0.0,0.0,0.0,0.0,34.72265625,0.0,0.0,0.0,37.78515625,0.0,0.0,0.0,39.69921875,0.0,0.0,0.0,36.0625,0.0,0.0,30.51171875,0.0,5.6304931640625
42.244,12.727482684,0.0078125,0.0,0.0,0.0,0.0,-0.0,-0.0,0.0,0.0,0.0,34.53125,0.0,0.0,0.0,39.5078125,0.0,0.0,0.0,39.5078125,0.0,0.0,0.0,36.0625,0.0,0.0,29.36328125,0.0,5.6109466552734375
42.401,12.727482684,0.0078125,0.0,0.0,0.0,0.0,-0.0,-0.0,0.0,0.0,0.0,34.72265625,0.0,0.0,0.0,38.7421875,0.0,0.0,0.0,39.5078125,0.0,0.0,0.0,35.87109375,0.0,0.0,28.98046875,0.0,5.6304931640625
42.578,12.736121269200002,0.0078125,0.0,0.0,0.0,0.0,-0.0,-0.0,0.0,0.0,0.0,35.10546875,0.0,0.0,0.0,40.2734375,0.0,0.0,0.0,40.08203125,0.0,0.0,0.0,35.6796875,0.0,0.0,28.7890625,0.0,5.6500396728515625
42.758,12.736121269200002,0.0078125,0.0,0.0,0.0,0.0,-0.0,-0.0,0.0,0.0,0.0,34.9140625,0.0,0.0,0.0,38.359375,0.0,0.0,0.0,39.5078125,0.0,0.0,0.0,35.87109375,0.0,0.0,29.5546875,0.0,5.659820556640625
42.92,12.736121269200002,0.0078125,0.0,0.0,0.0,0.0,-0.0,-0.0,0.0,0.0,0.0,35.296875,0.0,0.0,0.0,39.31640625,0.0,0.0,0.0,40.08203125,0.0,0.0,0.0,35.296875,0.0,0.0,29.171875,0.0,5.7184600830078125
43.088,12.727482684,0.0078125,0.0,0.0,0.0,0.0,-0.0,-0.0,0.0,0.0,0.0,34.9140625,0.0,0.0,0.0,38.93359375,0.0,0.0,0.0,39.5078125,0.0,0.0,0.0,35.6796875,0.0,0.0,29.36328125,0.0,5.7184600830078125
43.247,12.727482684,0.0078125,0.0,0.0,0.0,0.0,-0.0,-0.0,0.0,0.0,0.0,34.9140625,0.0,0.0,0.0,38.55078125,0.0,0.0,0.0,39.890625,0.0,0.0,0.0,35.6796875,0.0,0.0,29.74609375,0.0,5.7380218505859375
43.408,12.736121269200002,0.0078125,0.0,0.0,0.0,0.0,-0.0,-0.0,0.0,0.0,0.0,34.53125,0.0,0.0,0.0,38.359375,0.0,0.0,0.0,39.890625,0.0,0.0,0.0,36.0625,0.0,0.0,29.74609375,0.0,5.728240966796875
43.572,12.727482684,0.0078125,0.0,0.0,0.0,0.0,-0.0,-0.0,0.0,0.0,0.0,34.72265625,0.0,0.0,0.0,38.359375,0.0,0.0,0.0,39.5078125,0.0,0.0,0.0,35.48828125,0.0,0.0,29.5546875,0.0,5.728240966796875
43.739,12.736121269200002,0.0078125,0.0,0.0,0.0,0.0,-0.0,-0.0,0.0,0.0,0.0,35.10546875,0.0,0.0,0.0,38.16796875,0.0,0.0,0.0,39.69921875,0.0,0.0,0.0,35.6796875,0.0,0.0,29.74609375,0.0,5.728240966796875
43.928,12.736121269200002,0.0078125,0.0,0.0,0.0,0.0,-0.0,-0.0,0.0,0.0,0.0,35.10546875,0.0,0.0,0.0,38.359375,0.0,0.0,0.0,39.5078125,0.0,0.0,0.0,35.87109375,0.0,0.0,29.171875,0.0,5.7184600830078125
44.099,12.736121269200002,0.0078125,0.0,0.0,0.0,0.0,-0.0,-0.0,0.0,0.0,0.0,35.296875,0.0,0.0,0.0,38.16796875,0.0,0.0,0.0,39.125,0.0,0.0,0.0,35.48828125,0.0,0.0,28.98046875,0.0,5.728240966796875
44.261,12.736121269200002,0.0078125,0.0,0.0,0.0,0.0,-0.0,-0.0,0.0,0.0,0.0,35.10546875,0.0,0.0,0.0,38.359375,0.0,0.0,0.0,39.5078125,0.0,0.0,0.0,35.6796875,0.0,0.0,29.36328125,0.0,5.728240966796875
44.438,12.736121269200002,0.0078125,0.0,0.0,0.0,0.0,-0.0,-0.0,0.0,0.0,0.0,34.72265625,0.0,0.0,0.0,38.7421875,0.0,0.0,0.0,39.890625,0.0,0.0,0.0,35.87109375,0.0,0.0,30.3203125,0.0,5.728240966796875
44.603,12.736121269200002,0.0078125,0.0,0.0,0.0,0.0,-0.0,-0.0,0.0,0.0,0.0,34.72265625,0.0,0.0,0.0,38.16796875,0.0,0.0,0.0,39.5078125,0.0,0.0,0.0,35.48828125,0.0,0.0,29.5546875,0.0,5.728240966796875
44.762,12.736121269200002,0.0078125,0.0,0.0,0.0,0.0,-0.0,-0.0,0.0,0.0,0.0,34.9140625,0.0,0.0,0.0,38.93359375,0.0,0.0,0.0,39.5078125,0.0,0.0,0.0,35.6796875,0.0,0.0,28.7890625,0.0,5.728240966796875
44.929,12.736121269200002,0.0078125,0.0,0.0,0.0,0.0,-0.0,-0.0,0.0,0.0,0.0,34.72265625,0.0,0.0,0.0,38.7421875,0.0,0.0,0.0,39.125,0.0,0.0,0.0,36.0625,0.0,0.0,29.36328125,0.0,5.7184600830078125
45.099,12.736121269200002,0.0078125,0.0,0.0,0.0,0.0,-0.0,-0.0,0.0,0.0,0.0,35.296875,0.0,0.0,0.0,38.55078125,0.0,0.0,0.0,39.5078125,0.0,0.0,0.0,35.296875,0.0,0.0,29.36328125,0.0,5.7184600830078125
45.261,12.736121269200002,0.0078125,0.0,0.0,0.0,0.0,-0.0,-0.0,0.0,0.0,0.0,35.296875,0.0,0.0,0.0,38.359375,0.0,0.0,0.0,39.69921875,0.0,0.0,0.0,35.6796875,0.0,0.0,28.98046875,0.0,5.7184600830078125
45.421,12.736121269200002,0.0078125,0.0,0.0,0.0,0.0,-0.0,-0.0,0.0,0.0,0.0,34.53125,0.0,0.0,0.0,37.9765625,0.0,0.0,0.0,39.69921875,0.0,0.0,0.0,35.296875,0.0,0.0,29.171875,0.0,5.728240966796875
45.579,12.736121269200002,0.0078125,0.0,0.0,0.0,0.0,-0.0,-0.0,0.0,0.0,0.0,35.48828125,0.0,0.0,0.0,38.359375,0.0,0.0,0.0,40.08203125,0.0,0.0,0.0,36.0625,0.0,0.0,29.171875,0.0,5.7477874755859375
45.741,12.736121269200002,0.0078125,0.0,0.0,0.0,0.0,-0.0,-0.0,0.0,0.0,0.0,34.53125,0.0,0.0,0.0,38.55078125,0.0,0.0,0.0,40.08203125,0.0,0.0,0.0,35.87109375,0.0,0.0,29.5546875,0.0,5.757568359375
45.899,12.736121269200002,0.0078125,0.0,0.0,0.0,0.0,-0.0,-0.0,0.0,0.0,0.0,34.72265625,0.0,0.0,0.0,38.93359375,0.0,0.0,0.0,39.69921875,0.0,0.0,0.0,35.6796875,0.0,0.0,29.36328125,0.0,5.7673492431640625
46.057,12.736121269200002,0.0078125,0.0,0.0,0.0,0.0,-0.0,-0.0,0.0,0.0,0.0,35.10546875,0.0,0.0,0.0,38.16796875,0.0,0.0,0.0,39.31640625,0.0,0.0,0.0,35.296875,0.0,0.0,29.36328125,0.0,5.7673492431640625
46.221,12.736121269200002,0.0078125,0.0,0.0,0.0,0.0,-0.0,-0.0,0.0,0.0,0.0,35.10546875,0.0,0.0,0.0,38.7421875,0.0,0.0,0.0,39.31640625,0.0,0.0,0.0,35.6796875,0.0,0.0,29.171875,0.0,5.7771148681640625
46.381,12.736121269200002,0.0078125,0.0,0.0,0.0,0.0,-0.0,-0.0,0.0,0.0,0.0,35.10546875,0.0,0.0,0.0,38.16796875,0.0,0.0,0.0,39.5078125,0.0,0.0,0.0,35.48828125,0.0,0.0,29.74609375,0.0,5.8064422607421875
46.548,12.736121269200002,0.0078125,0.0,0.0,0.0,0.0,-0.0,-0.0,0.0,0.0,0.0,34.72265625,0.0,0.0,0.0,38.55078125,0.0,0.0,0.0,39.125,0.0,0.0,0.0,35.87109375,0.0,0.0,29.5546875,0.0,5.82598876953125
46.706,12.736121269200002,0.0078125,0.0,0.0,0.0,0.0,-0.0,-0.0,0.0,0.0,0.0,35.296875,0.0,0.0,0.0,38.55078125,0.0,0.0,0.0,39.5078125,0.0,0.0,0.0,35.6796875,0.0,0.0,30.3203125,0.0,5.82598876953125
46.898,12.736121269200002,0.0078125,0.0,0.0,0.0,0.0,-0.0,-0.0,0.0,0.0,0.0,34.9140625,0.0,0.0,0.0,38.359375,0.0,0.0,0.0,39.69921875,0.0,0.0,0.0,36.25390625,0.0,0.0,30.89453125,0.0,5.81622314453125
47.06,12.736121269200002,0.0078125,0.0,0.0,0.0,0.0,-0.0,-0.0,0.0,0.0,0.0,35.10546875,0.0,0.0,0.0,38.16796875,0.0,0.0,0.0,39.31640625,0.0,0.0,0.0,36.25390625,0.0,0.0,29.9375,0.0,5.82598876953125
47.218,12.736121269200002,0.0078125,0.0,0.0,0.0,0.0,-0.0,-0.0,0.0,0.0,0.0,34.72265625,0.0,0.0,0.0,37.2109375,0.0,0.0,0.0,39.890625,0.0,0.0,0.0,35.6796875,0.0,0.0,29.36328125,0.0,5.8357696533203125
47.378,12.736121269200002,0.0078125,0.0,0.0,0.0,0.0,-0.0,-0.0,0.0,0.0,0.0,34.9140625,0.0,0.0,0.0,38.16796875,0.0,0.0,0.0,39.5078125,0.0,0.0,0.0,35.296875,0.0,0.0,28.98046875,0.0,5.8357696533203125
47.539,12.736121269200002,0.0078125,0.0,0.0,0.0,0.0,-0.0,-0.0,0.0,0.0,0.0,34.33984375,0.0,0.0,0.0,38.7421875,0.0,0.0,0.0,38.7421875,0.0,0.0,0.0,36.0625,0.0,0.0,29.5546875,0.0,5.8357696533203125
47.701,12.736121269200002,0.0078125,0.0,0.0,0.0,0.0,-0.0,-0.0,0.0,0.0,0.0,34.9140625,0.0,0.0,0.0,38.359375,0.0,0.0,0.0,39.69921875,0.0,0.0,0.0,35.6796875,0.0,0.0,28.40625,0.0,5.82598876953125
47.859,12.736121269200002,0.0078125,0.0,0.0,0.0,0.0,-0.0,-0.0,0.0,0.0,0.0,35.10546875,0.0,0.0,0.0,38.359375,0.0,0.0,0.0,39.69921875,0.0,0.0,0.0,35.87109375,0.0,0.0,28.98046875,0.0,5.82598876953125
48.019,12.736121269200002,0.0078125,0.0,0.0,0.0,0.0,-0.0,-0.0,0.0,0.0,0.0,34.72265625,0.0,0.0,0.0,38.93359375,0.0,0.0,0.0,39.125,0.0,0.0,0.0,35.87109375,0.0,0.0,29.74609375,0.0,5.82598876953125
48.178,12.736121269200002,0.0078125,0.0,0.0,0.0,0.0,-0.0,-0.0,0.0,0.0,0.0,35.10546875,0.0,0.0,0.0,38.16796875,0.0,0.0,0.0,39.5078125,0.0,0.0,0.0,35.6796875,0.0,0.0,30.703125,0.0,5.82598876953125
48.338,12.736121269200002,0.0078125,0.0,0.0,0.0,0.0,-0.0,-0.0,0.0,0.0,0.0,35.296875,0.0,0.0,0.0,37.9765625,0.0,0.0,0.0,39.69921875,0.0,0.0,0.0,36.0625,0.0,0.0,29.5546875,0.0,5.82598876953125
48.498,12.736121269200002,0.0078125,0.0,0.0,0.0,0.0,-0.0,-0.0,0.0,0.0,0.0,34.9140625,0.0,0.0,0.0,38.359375,0.0,0.0,0.0,39.5078125,0.0,0.0,0.0,35.87109375,0.0,0.0,28.7890625,0.0,5.82598876953125
48.661,12.736121269200002,0.0078125,0.0,0.0,0.0,0.0,-0.0,-0.0,0.0,0.0,0.0,34.72265625,0.0,0.0,0.0,39.125,0.0,0.0,0.0,39.69921875,0.0,0.0,0.0,35.87109375,0.0,0.0,29.171875,0.0,5.8357696533203125
48.841,12.736121269200002,0.0078125,0.0,0.0,0.0,0.0,-0.0,-0.0,0.0,0.0,0.0,35.10546875,0.0,0.0,0.0,38.7421875,0.0,0.0,0.0,39.69921875,0.0,0.0,0.0,35.48828125,0.0,0.0,29.5546875,0.0,5.8357696533203125
49.001,12.736121269200002,0.0078125,0.0,0.0,0.0,0.0,-0.0,-0.0,0.0,0.0,0.0,34.72265625,0.0,0.0,0.0,38.359375,0.0,0.0,0.0,39.125,0.0,0.0,0.0,35.87109375,0.0,0.0,28.7890625,0.0,5.845550537109375
49.18,12.736121269200002,0.0078125,0.0,0.0,0.0,0.0,-0.0,-0.0,0.0,0.0,0.0,34.9140625,0.0,0.0,0.0,38.7421875,0.0,0.0,0.0,39.31640625,0.0,0.0,0.0,35.87109375,0.0,0.0,29.171875,0.0,5.82598876953125
49.346,12.736121269200002,0.0078125,0.0,0.0,0.0,0.0,-0.0,-0.0,0.0,0.0,0.0,34.72265625,0.0,0.0,0.0,39.31640625,0.0,0.0,0.0,39.5078125,0.0,0.0,0.0,35.87109375,0.0,0.0,29.74609375,0.0,5.82598876953125
49.501,12.736121269200002,0.0078125,0.0,0.0,0.0,0.0,-0.0,-0.0,0.0,0.0,0.0,34.1484375,0.0,0.0,0.0,38.359375,0.0,0.0,0.0,39.125,0.0,0.0,0.0,35.87109375,0.0,0.0,29.36328125,0.0,5.8357696533203125
49.678,12.736121269200002,0.0078125,0.0,0.0,0.0,0.0,-0.0,-0.0,0.0,0.0,0.0,34.53125,0.0,0.0,0.0,38.55078125,0.0,0.0,0.0,39.31640625,0.0,0.0,0.0,35.87109375,0.0,0.0,29.36328125,0.0,5.8357696533203125
49.869,12.736121269200002,0.0078125,0.0,0.0,0.0,0.0,-0.0,-0.0,0.0,0.0,0.0,34.9140625,0.0,0.0,0.0,38.55078125,0.0,0.0,0.0,39.31640625,0.0,0.0,0.0,35.87109375,0.0,0.0,29.36328125,0.0,5.8357696533203125
50.026,12.736121269200002,0.0078125,0.0,0.0,0.0,0.0,-0.0,-0.0,0.0,0.0,0.0,34.9140625,0.0,0.0,0.0,38.359375,0.0,0.0,0.0,39.5078125,0.0,0.0,0.0,36.0625,0.0,0.0,29.9375,0.0,5.8357696533203125
50.187,12.736121269200002,0.0078125,0.0,0.0,0.0,0.0,-0.0,-0.0,0.0,0.0,0.0,35.48828125,0.0,0.0,0.0,37.9765625,0.0,0.0,0.0,39.5078125,0.0,0.0,0.0,35.6796875,0.0,0.0,29.5546875,0.0,5.82598876953125
50.341,12.736121269200002,0.0078125,0.0,0.0,0.0,0.0,-0.0,-0.0,0.0,0.0,0.0,33.3828125,0.0,0.0,0.0,38.55078125,0.0,0.0,0.0,39.5078125,0.0,0.0,0.0,35.6796875,0.0,0.0,29.36328125,0.0,5.82598876953125
50.506,12.736121269200002,0.0078125,0.0,0.0,0.0,0.0,-0.0,-0.0,0.0,0.0,0.0,34.72265625,0.0,0.0,0.0,38.55078125,0.0,0.0,0.0,39.5078125,0.0,0.0,0.0,36.4453125,0.0,0.0,29.5546875,0.0,5.82598876953125
50.672,12.736121269200002,0.0078125,0.0,0.0,0.0,0.0,-0.0,-0.0,0.0,0.0,0.0,34.53125,0.0,0.0,0.0,38.55078125,0.0,0.0,0.0,39.890625,0.0,0.0,0.0,35.6796875,0.0,0.0,29.74609375,0.0,5.82598876953125
50.848,12.736121269200002,0.0078125,0.0,0.0,0.0,0.0,-0.0,-0.0,0.0,0.0,0.0,35.10546875,0.0,0.0,0.0,39.125,0.0,0.0,0.0,39.69921875,0.0,0.0,0.0,35.6796875,0.0,0.0,29.36328125,0.0,5.82598876953125
51.0,12.736121269200002,0.0078125,0.0,0.0,0.0,0.0,-0.0,-0.0,0.0,0.0,0.0,34.33984375,0.0,0.0,0.0,38.7421875,0.0,0.0,0.0,39.31640625,0.0,0.0,0.0,35.48828125,0.0,0.0,29.171875,0.0,5.8357696533203125
51.17,12.736121269200002,0.0078125,0.0,0.0,0.0,0.0,-0.0,-0.0,0.0,0.0,0.0,34.9140625,0.0,0.0,0.0,38.16796875,0.0,0.0,0.0,39.5078125,0.0,0.0,0.0,36.25390625,0.0,0.0,29.171875,0.0,5.8357696533203125
51.34,12.736121269200002,0.0078125,0.0,0.0,0.0,0.0,-0.0,-0.0,0.0,0.0,0.0,35.10546875,0.0,0.0,0.0,38.55078125,0.0,0.0,0.0,39.31640625,0.0,0.0,0.0,35.48828125,0.0,0.0,29.36328125,0.0,5.8357696533203125
51.501,12.736121269200002,0.0078125,0.0,0.0,0.0,0.0,-0.0,-0.0,0.0,0.0,0.0,34.9140625,0.0,0.0,0.0,38.7421875,0.0,0.0,0.0,39.31640625,0.0,0.0,0.0,36.0625,0.0,0.0,29.171875,0.0,5.8357696533203125
51.659,12.736121269200002,0.0078125,0.0,0.0,0.0,0.0,-0.0,-0.0,0.0,0.0,0.0,35.296875,0.0,0.0,0.0,38.7421875,0.0,0.0,0.0,39.31640625,0.0,0.0,0.0,35.87109375,0.0,0.0,29.171875,0.0,5.82598876953125
51.821,12.736121269200002,0.0078125,0.0,0.0,0.0,0.0,-0.0,-0.0,0.0,0.0,0.0,34.9140625,0.0,0.0,0.0,38.55078125,0.0,0.0,0.0,39.69921875,0.0,0.0,0.0,35.48828125,0.0,0.0,29.5546875,0.0,5.8357696533203125
51.987,12.736121269200002,0.0078125,0.0,0.0,0.0,0.0,-0.0,-0.0,0.0,0.0,0.0,34.72265625,0.0,0.0,0.0,38.7421875,0.0,0.0,0.0,39.125,0.0,0.0,0.0,35.87109375,0.0,0.0,29.36328125,0.0,5.82598876953125
52.148,12.736121269200002,0.0078125,0.0,0.0,0.0,0.0,-0.0,-0.0,0.0,0.0,0.0,35.296875,0.0,0.0,0.0,38.16796875,0.0,0.0,0.0,39.69921875,0.0,0.0,0.0,35.6796875,0.0,0.0,29.36328125,0.0,5.82598876953125
52.32,12.736121269200002,0.0078125,0.0,0.0,0.0,0.0,-0.0,-0.0,0.0,0.0,0.0,33.95703125,0.0,0.0,0.0,38.55078125,0.0,0.0,0.0,39.5078125,0.0,0.0,0.0,35.296875,0.0,0.0,29.171875,0.0,5.8357696533203125
52.497,12.736121269200002,0.0078125,0.0,0.0,0.0,0.0,-0.0,-0.0,0.0,0.0,0.0,35.10546875,0.0,0.0,0.0,38.55078125,0.0,0.0,0.0,38.7421875,0.0,0.0,0.0,35.87109375,0.0,0.0,31.27734375,0.0,5.82598876953125
52.661,12.736121269200002,0.0078125,0.0,0.0,0.0,0.0,-0.0,-0.0,0.0,0.0,0.0,34.9140625,0.0,0.0,0.0,38.7421875,0.0,0.0,0.0,39.69921875,0.0,0.0,0.0,36.4453125,0.0,0.0,30.51171875,0.0,5.82598876953125
52.819,12.736121269200002,0.0078125,0.0,0.0,0.0,0.0,-0.0,-0.0,0.0,0.0,0.0,34.9140625,0.0,0.0,0.0,38.7421875,0.0,0.0,0.0,39.5078125,0.0,0.0,0.0,35.48828125,0.0,0.0,29.171875,0.0,5.82598876953125
53.007,12.736121269200002,0.0078125,0.0,0.0,0.0,0.0,-0.0,-0.0,0.0,0.0,0.0,34.72265625,0.0,0.0,0.0,38.16796875,0.0,0.0,0.0,40.08203125,0.0,0.0,0.0,35.296875,0.0,0.0,28.98046875,0.0,5.8357696533203125
53.167,12.736121269200002,0.0078125,0.0,0.0,0.0,0.0,-0.0,-0.0,0.0,0.0,0.0,35.10546875,0.0,0.0,0.0,39.125,0.0,0.0,0.0,39.31640625,0.0,0.0,0.0,35.87109375,0.0,0.0,29.36328125,0.0,5.8357696533203125
53.338,12.736121269200002,0.0078125,0.0,0.0,0.0,0.0,-0.0,-0.0,0.0,0.0,0.0,34.9140625,0.0,0.0,0.0,38.7421875,0.0,0.0,0.0,39.31640625,0.0,0.0,0.0,35.10546875,0.0,0.0,29.36328125,0.0,5.8357696533203125
53.497,12.736121269200002,0.0078125,0.0,0.0,0.0,0.0,-0.0,-0.0,0.0,0.0,0.0,35.10546875,0.0,0.0,0.0,38.16796875,0.0,0.0,0.0,39.5078125,0.0,0.0,0.0,36.25390625,0.0,0.0,28.59765625,0.0,5.82598876953125
53.665,12.736121269200002,0.0078125,0.0,0.0,0.0,0.0,-0.0,-0.0,0.0,0.0,0.0,34.33984375,0.0,0.0,0.0,38.7421875,0.0,0.0,0.0,39.890625,0.0,0.0,0.0,35.48828125,0.0,0.0,31.27734375,0.0,5.82598876953125
53.822,12.736121269200002,0.0078125,0.0,0.0,0.0,0.0,-0.0,-0.0,0.0,0.0,0.0,34.9140625,0.0,0.0,0.0,38.359375,0.0,0.0,0.0,39.31640625,0.0,0.0,0.0,34.9140625,0.0,0.0,29.5546875,0.0,5.8357696533203125
53.979,12.736121269200002,0.0078125,0.0,0.0,0.0,0.0,-0.0,-0.0,0.0,0.0,0.0,35.10546875,0.0,0.0,0.0,38.7421875,0.0,0.0,0.0,39.5078125,0.0,0.0,0.0,35.10546875,0.0,0.0,28.98046875,0.0,5.8357696533203125
54.148,12.736121269200002,0.0078125,0.0,0.0,0.0,0.0,-0.0,-0.0,0.0,0.0,0.0,35.296875,0.0,0.0,0.0,38.55078125,0.0,0.0,0.0,39.5078125,0.0,0.0,0.0,36.25390625,0.0,0.0,29.171875,0.0,5.8357696533203125
54.317,12.736121269200002,0.0078125,0.0,0.0,0.0,0.0,-0.0,-0.0,0.0,0.0,0.0,34.72265625,0.0,0.0,0.0,38.16796875,0.0,0.0,0.0,39.31640625,0.0,0.0,0.0,36.0625,0.0,0.0,28.98046875,0.0,5.8357696533203125
54.48,12.736121269200002,0.0078125,0.0,0.0,0.0,0.0,-0.0,-0.0,0.0,0.0,0.0,34.9140625,0.0,0.0,0.0,38.55078125,0.0,0.0,0.0,39.31640625,0.0,0.0,0.0,35.6796875,0.0,0.0,29.36328125,0.0,5.8357696533203125
54.643,12.736121269200002,0.0078125,0.0,0.0,0.0,0.0,-0.0,-0.0,0.0,0.0,0.0,34.9140625,0.0,0.0,0.0,38.55078125,0.0,0.0,0.0,39.69921875,0.0,0.0,0.0,35.48828125,0.0,0.0,29.74609375,0.0,5.82598876953125
54.8,12.736121269200002,0.0078125,0.0,0.0,0.0,0.0,-0.0,-0.0,0.0,0.0,0.0,35.10546875,0.0,0.0,0.0,38.16796875,0.0,0.0,0.0,39.69921875,0.0,0.0,0.0,36.0625,0.0,0.0,30.51171875,0.0,5.8357696533203125
54.978,12.736121269200002,0.0078125,0.0,0.0,0.0,0.0,-0.0,-0.0,0.0,0.0,0.0,35.10546875,0.0,0.0,0.0,38.55078125,0.0,0.0,0.0,39.5078125,0.0,0.0,0.0,35.87109375,0.0,0.0,29.171875,0.0,5.8357696533203125
55.146,12.736121269200002,0.0078125,0.0,0.0,0.0,0.0,-0.0,-0.0,0.0,0.0,0.0,35.87109375,0.0,0.0,0.0,38.55078125,0.0,0.0,0.0,39.69921875,0.0,0.0,0.0,35.87109375,0.0,0.0,29.74609375,0.0,5.8357696533203125
55.308,12.736121269200002,0.0078125,0.0,0.0,0.0,0.0,-0.0,-0.0,0.0,0.0,0.0,34.72265625,0.0,0.0,0.0,38.55078125,0.0,0.0,0.0,38.93359375,0.0,0.0,0.0,35.6796875,0.0,0.0,30.89453125,0.0,5.8357696533203125
55.478,12.736121269200002,0.0078125,0.0,0.0,0.0,0.0,-0.0,-0.0,0.0,0.0,0.0,34.9140625,0.0,0.0,0.0,39.31640625,0.0,0.0,0.0,39.5078125,0.0,0.0,0.0,35.6796875,0.0,0.0,28.98046875,0.0,5.82598876953125
55.64,12.736121269200002,0.0078125,0.0,0.0,0.0,0.0,-0.0,-0.0,0.0,0.0,0.0,35.296875,0.0,0.0,0.0,37.9765625,0.0,0.0,0.0,39.5078125,0.0,0.0,0.0,35.296875,0.0,0.0,29.5546875,0.0,5.82598876953125
55.807,12.736121269200002,0.0078125,0.0,0.0,0.0,0.0,-0.0,-0.0,0.0,0.0,0.0,35.296875,0.0,0.0,0.0,38.7421875,0.0,0.0,0.0,39.890625,0.0,0.0,0.0,35.6796875,0.0,0.0,29.5546875,0.0,5.8357696533203125
55.977,12.736121269200002,0.0078125,0.0,0.0,0.0,0.0,-0.0,-0.0,0.0,0.0,0.0,36.0625,0.0,0.0,0.0,38.359375,0.0,0.0,0.0,39.125,0.0,0.0,0.0,35.6796875,0.0,0.0,29.36328125,0.0,5.8357696533203125
56.139,12.736121269200002,0.0078125,0.0,0.0,0.0,0.0,-0.0,-0.0,0.0,0.0,0.0,34.72265625,0.0,0.0,0.0,37.9765625,0.0,0.0,0.0,39.5078125,0.0,0.0,0.0,35.6796875,0.0,0.0,30.3203125,0.0,5.8357696533203125
56.299,12.736121269200002,0.0078125,0.0,0.0,0.0,0.0,-0.0,-0.0,0.0,0.0,0.0,36.4453125,0.0,0.0,0.0,38.55078125,0.0,0.0,0.0,39.69921875,0.0,0.0,0.0,35.87109375,0.0,0.0,29.5546875,0.0,5.8357696533203125
56.46,12.736121269200002,0.0078125,0.0,0.0,0.0,0.0,-0.0,-0.0,0.0,0.0,0.0,36.0625,0.0,0.0,0.0,39.125,0.0,0.0,0.0,39.69921875,0.0,0.0,0.0,35.87109375,0.0,0.0,29.36328125,0.0,5.8357696533203125
56.62,12.736121269200002,0.0078125,0.0,0.0,0.0,0.0,-0.0,-0.0,0.0,0.0,0.0,33.95703125,0.0,0.0,0.0,37.9765625,0.0,0.0,0.0,39.5078125,0.0,0.0,0.0,35.6796875,0.0,0.0,29.171875,0.0,5.82598876953125
56.788,12.736121269200002,0.0078125,0.0,0.0,0.0,0.0,-0.0,-0.0,0.0,0.0,0.0,34.72265625,0.0,0.0,0.0,38.16796875,0.0,0.0,0.0,39.69921875,0.0,0.0,0.0,35.87109375,0.0,0.0,29.9375,0.0,5.82598876953125
56.949,12.736121269200002,0.0078125,0.0,0.0,0.0,0.0,-0.0,-0.0,0.0,0.0,0.0,34.72265625,0.0,0.0,0.0,37.9765625,0.0,0.0,0.0,39.5078125,0.0,0.0,0.0,35.48828125,0.0,0.0,28.98046875,0.0,5.8357696533203125
57.119,12.736121269200002,0.0078125,0.0,0.0,0.0,0.0,-0.0,-0.0,0.0,0.0,0.0,34.33984375,0.0,0.0,0.0,38.359375,0.0,0.0,0.0,39.69921875,0.0,0.0,0.0,35.87109375,0.0,0.0,28.7890625,0.0,5.82598876953125
57.29,12.736121269200002,0.0078125,0.0,0.0,0.0,0.0,-0.0,-0.0,0.0,0.0,0.0,34.1484375,0.0,0.0,0.0,38.55078125,0.0,0.0,0.0,38.93359375,0.0,0.0,0.0,35.87109375,0.0,0.0,29.5546875,0.0,5.82598876953125
57.465,12.736121269200002,0.0078125,0.0,0.0,0.0,0.0,-0.0,-0.0,0.0,0.0,0.0,34.33984375,0.0,0.0,0.0,38.16796875,0.0,0.0,0.0,40.08203125,0.0,0.0,0.0,35.87109375,0.0,0.0,29.9375,0.0,5.8357696533203125
57.627,12.736121269200002,0.0078125,0.0,0.0,0.0,0.0,-0.0,-0.0,0.0,0.0,0.0,34.72265625,0.0,0.0,0.0,39.125,0.0,0.0,0.0,39.69921875,0.0,0.0,0.0,35.48828125,0.0,0.0,29.5546875,0.0,5.845550537109375
57.787,12.736121269200002,0.0078125,0.0,0.0,0.0,0.0,-0.0,-0.0,0.0,0.0,0.0,34.9140625,0.0,0.0,0.0,38.93359375,0.0,0.0,0.0,39.69921875,0.0,0.0,0.0,35.48828125,0.0,0.0,29.5546875,0.0,5.82598876953125
57.947,12.736121269200002,0.0078125,0.0,0.0,0.0,0.0,-0.0,-0.0,0.0,0.0,0.0,35.296875,0.0,0.0,0.0,38.359375,0.0,0.0,0.0,39.5078125,0.0,0.0,0.0,35.6796875,0.0,0.0,29.171875,0.0,5.8357696533203125
58.107,12.736121269200002,0.0078125,0.0,0.0,0.0,0.0,-0.0,-0.0,0.0,0.0,0.0,34.53125,0.0,0.0,0.0,38.359375,0.0,0.0,0.0,39.5078125,0.0,0.0,0.0,35.6796875,0.0,0.0,29.171875,0.0,5.82598876953125
58.281,12.736121269200002,0.0078125,0.0,0.0,0.0,0.0,-0.0,-0.0,0.0,0.0,0.0,35.48828125,0.0,0.0,0.0,38.55078125,0.0,0.0,0.0,39.890625,0.0,0.0,0.0,35.6796875,0.0,0.0,29.36328125,0.0,5.82598876953125
58.447,12.736121269200002,0.0078125,0.0,0.0,0.0,0.0,-0.0,-0.0,0.0,0.0,0.0,34.72265625,0.0,0.0,0.0,38.55078125,0.0,0.0,0.0,39.69921875,0.0,0.0,0.0,35.6796875,0.0,0.0,29.171875,0.0,5.8357696533203125
58.627,12.736121269200002,0.0078125,0.0,0.0,0.0,0.0,-0.0,-0.0,0.0,0.0,0.0,34.9140625,0.0,0.0,0.0,38.55078125,0.0,0.0,0.0,39.890625,0.0,0.0,0.0,35.48828125,0.0,0.0,29.36328125,0.0,5.8357696533203125
58.786,12.736121269200002,0.0078125,0.0,0.0,0.0,0.0,-0.0,-0.0,0.0,0.0,0.0,35.10546875,0.0,0.0,0.0,38.359375,0.0,0.0,0.0,39.31640625,0.0,0.0,0.0,36.4453125,0.0,0.0,29.171875,0.0,5.82598876953125
58.967,12.736121269200002,0.0078125,0.0,0.0,0.0,0.0,-0.0,-0.0,0.0,0.0,0.0,35.6796875,0.0,0.0,0.0,38.55078125,0.0,0.0,0.0,38.93359375,0.0,0.0,0.0,35.6796875,0.0,0.0,29.5546875,0.0,5.82598876953125
59.133,12.736121269200002,0.0078125,0.0,0.0,0.0,0.0,-0.0,-0.0,0.0,0.0,0.0,34.9140625,0.0,0.0,0.0,38.359375,0.0,0.0,0.0,39.5078125,0.0,0.0,0.0,36.0625,0.0,0.0,29.5546875,0.0,5.82598876953125
59.299,12.736121269200002,0.0078125,0.0,0.0,0.0,0.0,-0.0,-0.0,0.0,0.0,0.0,34.9140625,0.0,0.0,0.0,38.7421875,0.0,0.0,0.0,39.69921875,0.0,0.0,0.0,35.87109375,0.0,0.0,29.171875,0.0,5.8357696533203125
59.461,12.736121269200002,0.0078125,0.0,0.0,0.0,0.0,-0.0,-0.0,0.0,0.0,0.0,34.9140625,0.0,0.0,0.0,37.59375,0.0,0.0,0.0,39.69921875,0.0,0.0,0.0,36.25390625,0.0,0.0,28.7890625,0.0,5.8357696533203125
59.619,12.736121269200002,0.0078125,0.0,0.0,0.0,0.0,-0.0,-0.0,0.0,0.0,0.0,34.9140625,0.0,0.0,0.0,38.7421875,0.0,0.0,0.0,39.5078125,0.0,0.0,0.0,35.10546875,0.0,0.0,29.9375,0.0,5.8357696533203125
59.779,12.736121269200002,0.0078125,0.0,0.0,0.0,0.0,-0.0,-0.0,0.0,0.0,0.0,35.296875,0.0,0.0,0.0,38.7421875,0.0,0.0,0.0,39.125,0.0,0.0,0.0,35.10546875,0.0,0.0,29.9375,0.0,5.8357696533203125
59.947,12.736121269200002,0.0078125,0.0,0.0,0.0,0.0,-0.0,-0.0,0.0,0.0,0.0,34.72265625,0.0,0.0,0.0,38.16796875,0.0,0.0,0.0,39.69921875,0.0,0.0,0.0,35.6796875,0.0,0.0,28.98046875,0.0,5.82598876953125
60.106,12.736121269200002,0.0078125,0.0,0.0,0.0,0.0,-0.0,-0.0,0.0,0.0,0.0,34.53125,0.0,0.0,0.0,38.7421875,0.0,0.0,0.0,40.08203125,0.0,0.0,0.0,35.87109375,0.0,0.0,29.171875,0.0,5.8357696533203125
60.279,12.736121269200002,0.0078125,0.0,0.0,0.0,0.0,-0.0,-0.0,0.0,0.0,0.0,34.72265625,0.0,0.0,0.0,38.7421875,0.0,0.0,0.0,39.69921875,0.0,0.0,0.0,35.6796875,0.0,0.0,29.74609375,0.0,5.8357696533203125
60.439,12.736121269200002,0.0078125,0.0,0.0,0.0,0.0,-0.0,-0.0,0.0,0.0,0.0,35.296875,0.0,0.0,0.0,39.31640625,0.0,0.0,0.0,39.69921875,0.0,0.0,0.0,35.48828125,0.0,0.0,29.5546875,0.0,5.8357696533203125
60.607,12.736121269200002,0.0078125,0.0,0.0,0.0,0.0,-0.0,-0.0,0.0,0.0,0.0,35.10546875,0.0,0.0,0.0,38.16796875,0.0,0.0,0.0,39.5078125,0.0,0.0,0.0,35.6796875,0.0,0.0,30.51171875,0.0,5.8357696533203125
60.777,12.736121269200002,0.0078125,0.0,0.0,0.0,0.0,-0.0,-0.0,0.0,0.0,0.0,34.9140625,0.0,0.0,0.0,38.359375,0.0,0.0,0.0,39.69921875,0.0,0.0,0.0,35.87109375,0.0,0.0,29.9375,0.0,5.82598876953125
60.939,12.7447598544,0.0078125,0.0,0.0,0.0,0.0,-0.0,-0.0,0.0,0.0,0.0,34.53125,0.0,0.0,0.0,39.31640625,0.0,0.0,0.0,38.93359375,0.0,0.0,0.0,35.6796875,0.0,0.0,29.9375,0.0,5.8357696533203125
61.104,12.736121269200002,0.0078125,0.0,0.0,0.0,0.0,-0.0,-0.0,0.0,0.0,0.0,35.10546875,0.0,0.0,0.0,39.5078125,0.0,0.0,0.0,39.5078125,0.0,0.0,0.0,36.0625,0.0,0.0,29.36328125,0.0,5.8357696533203125
61.277,12.736121269200002,0.0078125,0.0,0.0,0.0,0.0,-0.0,-0.0,0.0,0.0,0.0,34.53125,0.0,0.0,0.0,39.69921875,0.0,0.0,0.0,39.890625,0.0,0.0,0.0,36.0625,0.0,0.0,29.9375,0.0,5.8357696533203125
61.44,12.736121269200002,0.0078125,0.0,0.0,0.0,0.0,-0.0,-0.0,0.0,0.0,0.0,35.6796875,0.0,0.0,0.0,38.55078125,0.0,0.0,0.0,39.31640625,0.0,0.0,0.0,35.87109375,0.0,0.0,29.171875,0.0,5.8357696533203125
61.6,12.736121269200002,0.0078125,0.0,0.0,0.0,0.0,-0.0,-0.0,0.0,0.0,0.0,34.9140625,0.0,0.0,0.0,38.7421875,0.0,0.0,0.0,39.31640625,0.0,0.0,0.0,35.296875,0.0,0.0,29.74609375,0.0,5.8357696533203125
61.757,12.736121269200002,0.0078125,0.0,0.0,0.0,0.0,-0.0,-0.0,0.0,0.0,0.0,35.10546875,0.0,0.0,0.0,38.93359375,0.0,0.0,0.0,39.69921875,0.0,0.0,0.0,35.6796875,0.0,0.0,29.36328125,0.0,5.82598876953125
61.92,12.736121269200002,0.0078125,0.0,0.0,0.0,0.0,-0.0,-0.0,0.0,0.0,0.0,35.10546875,0.0,0.0,0.0,38.7421875,0.0,0.0,0.0,39.31640625,0.0,0.0,0.0,35.48828125,0.0,0.0,29.9375,0.0,5.8357696533203125
62.099,12.736121269200002,0.0078125,0.0,0.0,0.0,0.0,-0.0,-0.0,0.0,0.0,0.0,34.72265625,0.0,0.0,0.0,38.359375,0.0,0.0,0.0,39.69921875,0.0,0.0,0.0,35.48828125,0.0,0.0,29.36328125,0.0,5.8357696533203125
62.267,12.736121269200002,0.0078125,0.0,0.0,0.0,0.0,-0.0,-0.0,0.0,0.0,0.0,34.72265625,0.0,0.0,0.0,38.359375,0.0,0.0,0.0,39.5078125,0.0,0.0,0.0,35.87109375,0.0,0.0,28.98046875,0.0,5.8357696533203125
62.437,12.736121269200002,0.0078125,0.0,0.0,0.0,0.0,-0.0,-0.0,0.0,0.0,0.0,34.72265625,0.0,0.0,0.0,38.16796875,0.0,0.0,0.0,39.69921875,0.0,0.0,0.0,35.6796875,0.0,0.0,29.171875,0.0,5.8357696533203125
62.605,12.736121269200002,0.0078125,0.0,0.0,0.0,0.0,-0.0,-0.0,0.0,0.0,0.0,36.0625,0.0,0.0,0.0,38.359375,0.0,0.0,0.0,39.69921875,0.0,0.0,0.0,35.87109375,0.0,0.0,29.36328125,0.0,5.82598876953125
62.761,12.736121269200002,0.0078125,0.0,0.0,0.0,0.0,-0.0,-0.0,0.0,0.0,0.0,34.9140625,0.0,0.0,0.0,38.359375,0.0,0.0,0.0,39.5078125,0.0,0.0,0.0,36.25390625,0.0,0.0,29.74609375,0.0,5.82598876953125
62.927,12.736121269200002,0.0078125,0.0,0.0,0.0,0.0,-0.0,-0.0,0.0,0.0,0.0,34.53125,0.0,0.0,0.0,38.16796875,0.0,0.0,0.0,39.5078125,0.0,0.0,0.0,36.0625,0.0,0.0,29.74609375,0.0,5.8357696533203125
63.097,12.736121269200002,0.0078125,0.0,0.0,0.0,0.0,-0.0,-0.0,0.0,0.0,0.0,34.72265625,0.0,0.0,0.0,38.55078125,0.0,0.0,0.0,40.2734375,0.0,0.0,0.0,35.48828125,0.0,0.0,29.171875,0.0,5.8357696533203125
63.267,12.736121269200002,0.0078125,0.0,0.0,0.0,0.0,-0.0,-0.0,0.0,0.0,0.0,34.9140625,0.0,0.0,0.0,38.55078125,0.0,0.0,0.0,39.890625,0.0,0.0,0.0,35.48828125,0.0,0.0,29.36328125,0.0,5.8357696533203125
63.428,12.736121269200002,0.0078125,0.0,0.0,0.0,0.0,-0.0,-0.0,0.0,0.0,0.0,35.10546875,0.0,0.0,0.0,38.16796875,0.0,0.0,0.0,39.69921875,0.0,0.0,0.0,35.87109375,0.0,0.0,28.98046875,0.0,5.82598876953125
63.587,12.736121269200002,0.0078125,0.0,0.0,0.0,0.0,-0.0,-0.0,0.0,0.0,0.0,35.296875,0.0,0.0,0.0,38.7421875,0.0,0.0,0.0,39.890625,0.0,0.0,0.0,35.87109375,0.0,0.0,29.171875,0.0,5.82598876953125
63.753,12.736121269200002,0.0078125,0.0,0.0,0.0,0.0,-0.0,-0.0,0.0,0.0,0.0,34.53125,0.0,0.0,0.0,38.55078125,0.0,0.0,0.0,40.08203125,0.0,0.0,0.0,36.4453125,0.0,0.0,28.40625,0.0,5.8357696533203125
63.925,12.736121269200002,0.0078125,0.0,0.0,0.0,0.0,-0.0,-0.0,0.0,0.0,0.0,34.9140625,0.0,0.0,0.0,38.93359375,0.0,0.0,0.0,40.08203125,0.0,0.0,0.0,36.25390625,0.0,0.0,29.36328125,0.0,5.8357696533203125
64.087,12.7447598544,0.0078125,0.0,0.0,0.0,0.0,-0.0,-0.0,0.0,0.0,0.0,34.9140625,0.0,0.0,0.0,38.359375,0.0,0.0,0.0,39.890625,0.0,0.0,0.0,35.6796875,0.0,0.0,29.74609375,0.0,5.82598876953125
64.253,12.736121269200002,0.0078125,0.0,0.0,0.0,0.0,-0.0,-0.0,0.0,0.0,0.0,35.10546875,0.0,0.0,0.0,38.55078125,0.0,0.0,0.0,39.31640625,0.0,0.0,0.0,36.0625,0.0,0.0,29.36328125,0.0,5.82598876953125
64.429,12.736121269200002,0.0078125,0.0,0.0,0.0,0.0,-0.0,-0.0,0.0,0.0,0.0,33.57421875,0.0,0.0,0.0,38.359375,0.0,0.0,0.0,39.69921875,0.0,0.0,0.0,35.87109375,0.0,0.0,30.51171875,0.0,5.82598876953125
64.601,12.7447598544,0.0078125,0.0,0.0,0.0,0.0,-0.0,-0.0,0.0,0.0,0.0,35.87109375,0.0,0.0,0.0,39.125,0.0,0.0,0.0,39.69921875,0.0,0.0,0.0,35.48828125,0.0,0.0,29.171875,0.0,5.82598876953125
