Timestamp,Bat_Voltage,Driver_Joy_Y,Driver_Joy_X,Driver_Joy_W,Mecanum_FL,Mecanum_BL,Mecanum_BR,Mecanum_FR,FL_Jag_Speed,FL_Out_Voltage,FL_Out_Current,FL_Temp,BL_Jag_Speed,BL_Out_Voltage,BL_Out_Current,BL_Temp,BR_Jag_Speed,BR_Out_Voltage,BR_Out_Current,BR_Temp,FR_Jag_Speed,FR_Out_Voltage,FR_Out_Current,FR_Temp,Pickup_Out_Voltage,Pickup_Out_Current,Pickup_Temp,SH1_Out_Voltage,SH1_Out_Current,SH1_Temp,SH2_Out_Voltage,SH2_Out_Current,SH2_Temp,SHmain_Speed,SHmain_Angle
0.0060,12.2437219128,-0.015748031496062992,0.0,0.0,0.0,0.0,0.0,0.0,0.0,0.0,0.0,27.2578125,0.0,0.0,0.0,29.36328125,0.0,0.0,0.0,29.9375,0.0,0.0,0.0,27.06640625,0.0,0.0,26.30078125,0.0,4.81915283203125
0.17,12.2869148388,-0.015748031496062992,0.0,0.0,0.0,0.0,-0.0,-0.0,0.0,0.0,0.0,26.875,0.0,0.0,0.0,30.51171875,0.0,0.0,0.0,29.36328125,0.0,0.0,0.0,27.06640625,0.0,0.0,26.875,0.0,4.8289337158203125
0.337,12.2869148388,-0.015748031496062992,0.0,0.0,0.0,0.0,-0.0,-0.0,0.0,0.0,0.0,26.875,0.0,0.0,0.0,29.9375,0.0,0.0,0.0,29.5546875,0.0,0.0,0.0,26.109375,0.0,0.0,27.2578125,0.0,4.8289337158203125
0.509,12.269637668400001,-0.015748031496062992,0.0,0.0,0.0,0.0,-0.0,-0.0,0.0,0.0,0.0,26.68359375,0.0,0.0,0.0,29.5546875,0.0,0.0,0.0,29.171875,0.0,0.0,0.0,27.44921875,0.0,0.0,27.06640625,0.0,4.8289337158203125
0.674,12.269637668400001,-0.015748031496062992,0.0,0.0,0.0,0.0,-0.0,-0.0,0.0,0.0,0.0,26.875,0.0,0.0,0.0,29.5546875,0.0,0.0,0.0,29.36328125,0.0,0.0,0.0,27.44921875,0.0,0.0,28.7890625,0.0,4.8289337158203125
0.848,12.278276253600001,-0.015748031496062992,0.0,0.0,0.0,0.0,-0.0,-0.0,0.0,0.0,0.0,26.875,0.0,0.0,0.0,29.5546875,0.0,0.0,0.0,29.36328125,0.0,0.0,0.0,27.2578125,0.0,0.0,27.2578125,0.0,4.8289337158203125
1.01,12.269637668400001,-0.015748031496062992,0.0,0.0,0.0,0.0,-0.0,-0.0,0.0,0.0,0.0,26.68359375,0.0,0.0,0.0,29.9375,0.0,0.0,0.0,29.36328125,0.0,0.0,0.0,27.2578125,0.0,0.0,27.44921875,0.0,4.81915283203125
1.169,12.252360498000002,-0.015748031496062992,0.0,0.0,0.0,0.0,-0.0,-0.0,0.0,0.0,0.0,27.2578125,0.0,0.0,0.0,29.171875,0.0,0.0,0.0,29.171875,0.0,0.0,0.0,26.68359375,0.0,0.0,28.0234375,0.0,4.8289337158203125
1.334,12.252360498000002,-0.015748031496062992,0.0,0.0,0.0,0.0,-0.0,-0.0,0.0,0.0,0.0,27.2578125,0.0,0.0,0.0,28.0234375,0.0,0.0,0.0,29.74609375,0.0,0.0,0.0,26.4921875,0.0,0.0,28.59765625,0.0,4.8289337158203125
1.495,12.2437219128,-0.015748031496062992,0.0,0.0,0.0,0.0,-0.0,-0.0,0.0,0.0,0.0,26.68359375,0.0,0.0,0.0,29.5546875,0.0,0.0,0.0,28.98046875,0.0,0.0,0.0,27.2578125,0.0,0.0,27.83203125,0.0,4.8289337158203125
1.67,12.2350833276,-0.015748031496062992,0.0,0.0,0.0,0.0,-0.0,-0.0,0.0,0.0,0.0,28.0234375,0.0,0.0,0.0,29.36328125,0.0,0.0,0.0,29.36328125,0.0,0.0,0.0,27.2578125,0.0,0.0,27.640625,0.0,4.8289337158203125
1.83,12.252360498000002,-0.015748031496062992,0.0,0.0,0.0,0.0,-0.0,-0.0,0.0,0.0,0.0,26.875,0.0,0.0,0.0,29.171875,0.0,0.0,0.0,29.171875,0.0,0.0,0.0,27.06640625,0.0,0.0,27.44921875,0.0,4.81915283203125
1.994,12.252360498000002,-0.015748031496062992,0.0,0.0,0.0,0.0,-0.0,-0.0,0.0,0.0,0.0,26.68359375,0.0,0.0,0.0,29.9375,0.0,0.0,0.0,29.36328125,0.0,0.0,0.0,27.640625,0.0,0.0,28.7890625,0.0,4.8289337158203125
2.167,12.2350833276,-0.015748031496062992,0.0,0.0,0.0,0.0,-0.0,-0.0,0.0,0.0,0.0,26.68359375,0.0,0.0,0.0,29.171875,0.0,0.0,0.0,29.171875,0.0,0.0,0.0,27.44921875,0.0,0.0,28.59765625,0.0,4.81915283203125
2.33,12.2350833276,-0.015748031496062992,0.0,0.0,0.0,0.0,-0.0,-0.0,0.0,0.0,0.0,26.30078125,0.0,0.0,0.0,29.9375,0.0,0.0,0.0,29.5546875,0.0,0.0,0.0,27.44921875,0.0,0.0,27.44921875,0.0,4.8289337158203125
2.588,12.2437219128,0.0234375,0.0,0.0,0.0,0.0,-0.0,-0.0,0.0,0.0,0.0,26.875,0.0,0.0,0.0,29.171875,0.0,0.0,0.0,29.74609375,0.0,0.0,0.0,26.68359375,0.0,0.0,28.21484375,0.0,4.81915283203125
2.755,12.2437219128,0.0234375,0.0,0.0,0.0,0.0,-0.0,-0.0,0.0,0.0,0.0,27.06640625,0.0,0.0,0.0,29.5546875,0.0,0.0,0.0,29.5546875,0.0,0.0,0.0,27.44921875,0.0,0.0,27.83203125,0.0,4.8289337158203125
2.921,12.2178061572,0.0234375,0.0,0.0,0.0,0.0,-0.0,-0.0,0.0,0.0,0.0,26.68359375,0.0,0.0,0.0,29.171875,0.0,0.0,0.0,29.5546875,0.0,0.0,0.0,27.640625,0.0,0.0,27.44921875,0.0,4.81915283203125
3.088,12.226444742400002,0.0234375,0.0,0.0,0.0,0.0,-0.0,-0.0,0.0,0.0,0.0,27.2578125,0.0,0.0,0.0,30.3203125,0.0,0.0,0.0,29.74609375,0.0,0.0,0.0,26.875,0.0,0.0,27.06640625,0.0,4.8289337158203125
3.248,12.209167572,0.0234375,0.0,0.0,0.0,0.0,-0.0,-0.0,0.0,0.0,0.0,26.68359375,0.0,0.0,0.0,29.9375,0.0,0.0,0.0,28.59765625,0.0,0.0,0.0,27.83203125,0.0,0.0,27.06640625,0.0,4.8289337158203125
3.41,12.226444742400002,0.0234375,0.0,0.0,0.0,0.0,-0.0,-0.0,0.0,0.0,0.0,26.4921875,0.0,0.0,0.0,29.5546875,0.0,0.0,0.0,29.36328125,0.0,0.0,0.0,28.0234375,0.0,0.0,27.2578125,0.0,4.8289337158203125
3.591,12.209167572,0.0234375,0.0,0.0,0.0,0.0,-0.0,-0.0,0.0,0.0,0.0,26.68359375,0.0,0.0,0.0,29.36328125,0.0,0.0,0.0,28.98046875,0.0,0.0,0.0,27.2578125,0.0,0.0,27.83203125,0.0,4.81915283203125
3.767,12.209167572,0.0234375,0.0,0.0,0.0,0.0,-0.0,-0.0,0.0,0.0,0.0,27.640625,0.0,0.0,0.0,29.36328125,0.0,0.0,0.0,29.36328125,0.0,0.0,0.0,27.06640625,0.0,0.0,27.2578125,0.0,4.8289337158203125
3.955,12.226444742400002,0.0234375,0.0,0.0,0.0,0.0,-0.0,-0.0,0.0,0.0,0.0,26.68359375,0.0,0.0,0.0,29.171875,0.0,0.0,0.0,29.36328125,0.0,0.0,0.0,27.640625,0.0,0.0,27.2578125,0.0,4.8289337158203125
4.115,12.226444742400002,0.0234375,0.0,0.0,0.0,0.0,-0.0,-0.0,0.0,0.0,0.0,27.2578125,0.0,0.0,0.0,28.98046875,0.0,0.0,0.0,29.171875,0.0,0.0,0.0,27.06640625,0.0,0.0,28.21484375,0.0,4.8289337158203125
4.286,12.200528986800002,0.0234375,0.0,0.0,0.0,0.0,-0.0,-0.0,0.0,0.0,0.0,27.44921875,0.0,0.0,0.0,29.5546875,0.0,0.0,0.0,29.9375,0.0,0.0,0.0,27.83203125,0.0,0.0,26.4921875,0.0,4.8386993408203125
4.441,12.2178061572,0.0234375,0.0,0.0,0.0,0.0,-0.0,-0.0,0.0,0.0,0.0,27.2578125,0.0,0.0,0.0,29.9375,0.0,0.0,0.0,29.5546875,0.0,0.0,0.0,27.44921875,0.0,0.0,28.0234375,0.0,4.8289337158203125
4.609,12.226444742400002,0.0234375,0.0,0.0,0.0,0.0,-0.0,-0.0,0.0,0.0,0.0,27.2578125,0.0,0.0,0.0,29.5546875,0.0,0.0,0.0,29.36328125,0.0,0.0,0.0,26.875,0.0,0.0,27.640625,0.0,4.8289337158203125
4.774,12.2178061572,0.0234375,0.0,0.0,0.0,0.0,-0.0,-0.0,0.0,0.0,0.0,25.91796875,0.0,0.0,0.0,29.36328125,0.0,0.0,0.0,29.36328125,0.0,0.0,0.0,27.640625,0.0,0.0,27.44921875,0.0,4.8289337158203125
4.949,12.2178061572,0.0234375,0.0,0.0,0.0,0.0,-0.0,-0.0,0.0,0.0,0.0,27.640625,0.0,0.0,0.0,29.5546875,0.0,0.0,0.0,29.171875,0.0,0.0,0.0,27.2578125,0.0,0.0,27.2578125,0.0,4.81915283203125
5.107,12.209167572,0.0234375,0.0,0.0,0.0,0.0,-0.0,-0.0,0.0,0.0,0.0,27.44921875,0.0,0.0,0.0,28.7890625,0.0,0.0,0.0,29.171875,0.0,0.0,0.0,27.2578125,0.0,0.0,27.83203125,0.0,4.8289337158203125
5.275,12.2178061572,0.0234375,0.0,0.0,0.0,0.0,-0.0,-0.0,0.0,0.0,0.0,26.4921875,0.0,0.0,0.0,28.98046875,0.0,0.0,0.0,29.74609375,0.0,0.0,0.0,27.640625,0.0,0.0,27.44921875,0.0,4.8289337158203125
5.446,12.200528986800002,0.0234375,0.0,0.0,0.0,0.0,-0.0,-0.0,0.0,0.0,0.0,26.875,0.0,0.0,0.0,29.74609375,0.0,0.0,0.0,29.171875,0.0,0.0,0.0,27.2578125,0.0,0.0,27.44921875,0.0,4.8289337158203125
5.616,12.2178061572,0.0234375,0.0,0.0,0.0,0.0,-0.0,-0.0,0.0,0.0,0.0,28.40625,0.0,0.0,0.0,29.74609375,0.0,0.0,0.0,29.74609375,0.0,0.0,0.0,27.44921875,0.0,0.0,26.875,0.0,4.8289337158203125
5.789,12.209167572,0.0234375,0.0,0.0,0.0,0.0,-0.0,-0.0,0.0,0.0,0.0,27.2578125,0.0,0.0,0.0,29.5546875,0.0,0.0,0.0,29.5546875,0.0,0.0,0.0,27.2578125,0.0,0.0,26.68359375,0.0,4.8289337158203125
5.957,12.2178061572,0.0234375,0.0,0.0,0.0,0.0,-0.0,-0.0,0.0,0.0,0.0,27.06640625,0.0,0.0,0.0,30.51171875,0.0,0.0,0.0,28.7890625,0.0,0.0,0.0,27.06640625,0.0,0.0,27.44921875,0.0,4.81915283203125
6.118,12.2178061572,0.0234375,0.0,0.0,0.0,0.0,-0.0,-0.0,0.0,0.0,0.0,26.875,0.0,0.0,0.0,30.51171875,0.0,0.0,0.0,29.171875,0.0,0.0,0.0,27.44921875,0.0,0.0,27.2578125,0.0,4.8289337158203125
6.29,12.200528986800002,0.0234375,0.0,0.0,0.0,0.0,-0.0,-0.0,0.0,0.0,0.0,26.875,0.0,0.0,0.0,29.5546875,0.0,0.0,0.0,28.98046875,0.0,0.0,0.0,27.640625,0.0,0.0,27.640625,0.0,4.8289337158203125
6.457,12.209167572,0.0234375,0.0,0.0,0.0,0.0,-0.0,-0.0,0.0,0.0,0.0,27.2578125,0.0,0.0,0.0,29.9375,0.0,0.0,0.0,29.171875,0.0,0.0,0.0,27.44921875,0.0,0.0,26.68359375,0.0,4.81915283203125
6.628,12.209167572,0.0234375,0.0,0.0,0.0,0.0,-0.0,-0.0,0.0,0.0,0.0,27.44921875,0.0,0.0,0.0,29.5546875,0.0,0.0,0.0,29.5546875,0.0,0.0,0.0,27.640625,0.0,0.0,27.83203125,0.0,4.8289337158203125
6.791,12.200528986800002,0.0234375,0.0,0.0,0.0,0.0,-0.0,-0.0,0.0,0.0,0.0,27.44921875,0.0,0.0,0.0,29.9375,0.0,0.0,0.0,29.5546875,0.0,0.0,0.0,27.44921875,0.0,0.0,27.2578125,0.0,4.81915283203125
6.968,12.200528986800002,0.0234375,0.0,0.0,0.0,0.0,-0.0,-0.0,0.0,0.0,0.0,27.06640625,0.0,0.0,0.0,29.5546875,0.0,0.0,0.0,29.5546875,0.0,0.0,0.0,27.44921875,0.0,0.0,28.0234375,0.0,4.81915283203125
7.132,12.200528986800002,0.0234375,0.0,0.0,0.0,0.0,-0.0,-0.0,0.0,0.0,0.0,26.109375,0.0,0.0,0.0,29.5546875,0.0,0.0,0.0,29.9375,0.0,0.0,0.0,27.44921875,0.0,0.0,27.640625,0.0,4.81915283203125
7.309,12.1918904016,0.0234375,0.0,0.0,0.0,0.0,-0.0,-0.0,0.0,0.0,0.0,27.06640625,0.0,0.0,0.0,29.74609375,0.0,0.0,0.0,28.98046875,0.0,0.0,0.0,27.2578125,0.0,0.0,26.875,0.0,4.81915283203125
7.477,12.200528986800002,0.0234375,0.0,0.0,0.0,0.0,-0.0,-0.0,0.0,0.0,0.0,27.2578125,0.0,0.0,0.0,29.74609375,0.0,0.0,0.0,29.74609375,0.0,0.0,0.0,27.2578125,0.0,0.0,26.109375,0.0,4.8289337158203125
7.647,12.2178061572,0.0234375,0.0,0.0,0.0,0.0,-0.0,-0.0,0.0,0.0,0.0,26.875,0.0,0.0,0.0,30.12890625,0.0,0.0,0.0,29.9375,0.0,0.0,0.0,27.44921875,0.0,0.0,27.83203125,0.0,4.8289337158203125
7.827,12.1918904016,0.0234375,0.0,0.0,0.0,0.0,-0.0,-0.0,0.0,0.0,0.0,26.4921875,0.0,0.0,0.0,29.171875,0.0,0.0,0.0,29.171875,0.0,0.0,0.0,27.83203125,0.0,0.0,27.640625,0.0,4.8093719482421875
7.995,12.209167572,0.0234375,0.0,0.0,0.0,0.0,-0.0,-0.0,0.0,0.0,0.0,27.2578125,0.0,0.0,0.0,29.5546875,0.0,0.0,0.0,29.36328125,0.0,0.0,0.0,27.06640625,0.0,0.0,28.59765625,0.0,4.81915283203125
8.168,12.1918904016,0.0234375,0.0,0.0,0.0,0.0,-0.0,-0.0,0.0,0.0,0.0,26.68359375,0.0,0.0,0.0,29.5546875,0.0,0.0,0.0,29.5546875,0.0,0.0,0.0,28.21484375,0.0,0.0,27.2578125,0.0,4.8289337158203125
8.338,12.209167572,0.0234375,0.0,0.0,0.0,0.0,-0.0,-0.0,0.0,0.0,0.0,27.2578125,0.0,0.0,0.0,29.171875,0.0,0.0,0.0,29.9375,0.0,0.0,0.0,27.06640625,0.0,0.0,29.171875,0.0,4.81915283203125
8.496,12.1918904016,0.0234375,0.0,0.0,0.0,0.0,-0.0,-0.0,0.0,0.0,0.0,27.2578125,0.0,0.0,0.0,29.171875,0.0,0.0,0.0,28.7890625,0.0,0.0,0.0,27.640625,0.0,0.0,27.640625,0.0,4.81915283203125
8.657,12.1918904016,0.0234375,0.0,0.0,0.0,0.0,-0.0,-0.0,0.0,0.0,0.0,26.875,0.0,0.0,0.0,28.98046875,0.0,0.0,0.0,29.5546875,0.0,0.0,0.0,27.06640625,0.0,0.0,27.640625,0.0,4.8289337158203125
8.826,12.200528986800002,0.0234375,0.0,0.0,0.0,0.0,-0.0,-0.0,0.0,0.0,0.0,26.68359375,0.0,0.0,0.0,29.5546875,0.0,0.0,0.0,29.5546875,0.0,0.0,0.0,27.06640625,0.0,0.0,26.4921875,0.0,4.81915283203125
8.996,12.1918904016,0.0234375,0.0,0.0,0.0,0.0,-0.0,-0.0,0.0,0.0,0.0,27.2578125,0.0,0.0,0.0,29.5546875,0.0,0.0,0.0,29.36328125,0.0,0.0,0.0,27.640625,0.0,0.0,26.875,0.0,4.8289337158203125
9.158,12.1918904016,0.0234375,0.0,0.0,0.0,0.0,-0.0,-0.0,0.0,0.0,0.0,26.68359375,0.0,0.0,0.0,29.171875,0.0,0.0,0.0,29.171875,0.0,0.0,0.0,27.2578125,0.0,0.0,27.640625,0.0,4.8289337158203125
9.33,12.209167572,0.0234375,0.0,0.0,0.0,0.0,-0.0,-0.0,0.0,0.0,0.0,26.875,0.0,0.0,0.0,29.5546875,0.0,0.0,0.0,29.5546875,0.0,0.0,0.0,26.875,0.0,0.0,27.2578125,0.0,4.8289337158203125
9.497,12.200528986800002,0.0234375,0.0,0.0,0.0,0.0,-0.0,-0.0,0.0,0.0,0.0,27.44921875,0.0,0.0,0.0,29.5546875,0.0,0.0,0.0,29.171875,0.0,0.0,0.0,27.44921875,0.0,0.0,27.2578125,0.0,4.81915283203125
9.687,12.209167572,0.0234375,0.0,0.0,0.0,0.0,-0.0,-0.0,0.0,0.0,0.0,26.4921875,0.0,0.0,0.0,29.36328125,0.0,0.0,0.0,29.5546875,0.0,0.0,0.0,26.875,0.0,0.0,27.83203125,0.0,4.8289337158203125
9.858,12.1918904016,0.0234375,0.0,0.0,0.0,0.0,-0.0,-0.0,0.0,0.0,0.0,27.06640625,0.0,0.0,0.0,28.98046875,0.0,0.0,0.0,28.7890625,0.0,0.0,0.0,27.640625,0.0,0.0,27.44921875,0.0,4.81915283203125
10.126,12.200528986800002,0.0234375,0.0,0.0,0.0,0.0,-0.0,-0.0,0.0,0.0,0.0,26.875,0.0,0.0,0.0,29.5546875,0.0,0.0,0.0,28.98046875,0.0,0.0,0.0,28.0234375,0.0,0.0,28.7890625,0.0,4.8289337158203125
10.296,12.200528986800002,0.0234375,0.0,0.0,0.0,0.0,-0.0,-0.0,0.0,0.0,0.0,27.44921875,0.0,0.0,0.0,29.5546875,0.0,0.0,0.0,29.5546875,0.0,0.0,0.0,27.06640625,0.0,0.0,27.640625,0.0,4.81915283203125
10.459,12.1918904016,0.0625,0.0,0.0,0.0,0.0,-0.0,-0.0,0.0,0.0,0.0,26.875,0.0,0.0,0.0,29.5546875,0.0,0.0,0.0,29.36328125,0.0,0.0,0.0,27.2578125,0.0,0.0,28.59765625,0.0,4.81915283203125
10.63,12.1918904016,0.0078125,0.015748031496062992,-0.0078125,0.0,0.0,-0.0,-0.0,0.0,0.0,0.0,27.2578125,0.0,0.0,0.0,29.74609375,0.0,0.0,0.0,29.74609375,0.0,0.0,0.0,27.44921875,0.0,0.0,27.2578125,0.0,4.8289337158203125
10.797,12.209167572,-0.0,0.015748031496062992,-0.0078125,0.0,0.0,-0.0,-0.0,0.0,0.0,0.0,27.44921875,0.0,0.0,0.0,29.9375,0.0,0.0,0.0,29.36328125,0.0,0.0,0.0,27.640625,0.0,0.0,27.44921875,0.0,4.8289337158203125
10.966,12.1832518164,-0.0,0.015748031496062992,-0.0078125,0.0,0.0,-0.0,-0.0,0.0,0.0,0.0,27.640625,0.0,0.0,0.0,29.74609375,0.0,0.0,0.0,28.98046875,0.0,0.0,0.0,26.875,0.0,0.0,27.06640625,0.0,4.8289337158203125
11.128,12.1832518164,-0.0,0.015748031496062992,-0.0078125,0.0,0.0,-0.0,-0.0,0.0,0.0,0.0,27.06640625,0.0,0.0,0.0,29.9375,0.0,0.0,0.0,29.5546875,0.0,0.0,0.0,28.0234375,0.0,0.0,27.640625,0.0,4.8289337158203125
11.299,12.200528986800002,-0.0,0.015748031496062992,-0.0078125,0.0,0.0,-0.0,-0.0,0.0,0.0,0.0,27.2578125,0.0,0.0,0.0,29.74609375,0.0,0.0,0.0,29.74609375,0.0,0.0,0.0,27.83203125,0.0,0.0,27.44921875,0.0,4.8289337158203125
11.468,12.1832518164,-0.0,0.015748031496062992,-0.0078125,0.0,0.0,-0.0,-0.0,0.0,0.0,0.0,27.06640625,0.0,0.0,0.0,30.89453125,0.0,0.0,0.0,28.98046875,0.0,0.0,0.0,27.2578125,0.0,0.0,27.640625,0.0,4.8289337158203125
11.634,12.1918904016,-0.0,0.015748031496062992,-0.0078125,0.0,0.0,-0.0,-0.0,0.0,0.0,0.0,26.875,0.0,0.0,0.0,29.36328125,0.0,0.0,0.0,29.36328125,0.0,0.0,0.0,27.2578125,0.0,0.0,27.83203125,0.0,4.81915283203125
11.797,12.1918904016,-0.0,0.015748031496062992,-0.0078125,0.0,0.0,-0.0,-0.0,0.0,0.0,0.0,27.06640625,0.0,0.0,0.0,29.171875,0.0,0.0,0.0,29.5546875,0.0,0.0,0.0,27.640625,0.0,0.0,27.640625,0.0,4.8289337158203125
11.968,12.200528986800002,-0.0,0.015748031496062992,-0.0078125,0.0,0.0,-0.0,-0.0,0.0,0.0,0.0,27.2578125,0.0,0.0,0.0,29.5546875,0.0,0.0,0.0,29.74609375,0.0,0.0,0.0,27.640625,0.0,0.0,27.83203125,0.0,4.81915283203125
12.13,12.209167572,-0.0,0.015748031496062992,-0.0078125,0.0,0.0,-0.0,-0.0,0.0,0.0,0.0,26.68359375,0.0,0.0,0.0,29.5546875,0.0,0.0,0.0,29.5546875,0.0,0.0,0.0,27.640625,0.0,0.0,28.59765625,0.0,4.8289337158203125
12.309,12.209167572,-0.0,0.015748031496062992,-0.0078125,0.0,0.0,-0.0,-0.0,0.0,0.0,0.0,26.68359375,0.0,0.0,0.0,29.36328125,0.0,0.0,0.0,29.5546875,0.0,0.0,0.0,28.0234375,0.0,0.0,28.0234375,0.0,4.8289337158203125
12.47,12.200528986800002,-0.0,0.015748031496062992,-0.0078125,0.0,0.0,-0.0,-0.0,0.0,0.0,0.0,27.06640625,0.0,0.0,0.0,29.5546875,0.0,0.0,0.0,28.98046875,0.0,0.0,0.0,27.83203125,0.0,0.0,27.2578125,0.0,4.8289337158203125
12.638,12.1918904016,-0.0,0.015748031496062992,-0.0078125,0.0,0.0,-0.0,-0.0,0.0,0.0,0.0,27.44921875,0.0,0.0,0.0,30.3203125,0.0,0.0,0.0,29.74609375,0.0,0.0,0.0,27.06640625,0.0,0.0,29.171875,0.0,4.81915283203125
12.808,12.1918904016,-0.0,0.015748031496062992,-0.0078125,0.0,0.0,-0.0,-0.0,0.0,0.0,0.0,27.44921875,0.0,0.0,0.0,29.9375,0.0,0.0,0.0,29.5546875,0.0,0.0,0.0,27.44921875,0.0,0.0,27.83203125,0.0,4.81915283203125
12.975,12.200528986800002,-0.0,0.015748031496062992,-0.0078125,0.0,0.0,-0.0,-0.0,0.0,0.0,0.0,27.06640625,0.0,0.0,0.0,29.74609375,0.0,0.0,0.0,29.171875,0.0,0.0,0.0,27.640625,0.0,0.0,28.21484375,0.0,4.81915283203125
13.228,12.209167572,0.0625,0.015748031496062992,-0.0078125,0.0,0.0,-0.0,-0.0,0.0,0.0,0.0,27.2578125,0.0,0.0,0.0,28.98046875,0.0,0.0,0.0,30.12890625,0.0,0.0,0.0,27.44921875,0.0,0.0,27.2578125,0.0,4.8289337158203125
13.389,12.200528986800002,0.0625,0.015748031496062992,-0.0078125,0.0,0.0,-0.0,-0.0,0.0,0.0,0.0,27.2578125,0.0,0.0,0.0,28.98046875,0.0,0.0,0.0,29.74609375,0.0,0.0,0.0,27.640625,0.0,0.0,28.98046875,0.0,4.81915283203125
13.566,12.1918904016,0.0859375,0.015748031496062992,-0.0078125,0.0,0.0,-0.0,-0.0,0.0,0.0,0.0,27.640625,0.0,0.0,0.0,29.74609375,0.0,0.0,0.0,29.5546875,0.0,0.0,0.0,27.44921875,0.0,0.0,27.640625,0.0,4.81915283203125
13.729,12.200528986800002,0.0859375,0.015748031496062992,-0.0078125,0.0,0.0,-0.0,-0.0,0.0,0.0,0.0,27.06640625,0.0,0.0,0.0,29.74609375,0.0,0.0,0.0,29.5546875,0.0,0.0,0.0,27.2578125,0.0,0.0,28.0234375,0.0,4.8289337158203125
13.892,12.1918904016,0.0859375,0.015748031496062992,-0.0078125,0.0,0.0,-0.0,-0.0,0.0,0.0,0.0,26.68359375,0.0,0.0,0.0,28.7890625,0.0,0.0,0.0,29.171875,0.0,0.0,0.0,27.83203125,0.0,0.0,27.44921875,0.0,4.8386993408203125
14.065,12.1400588904,0.1796875,-0.0625,-0.0078125,0.10156249999999999,0.10156250000000001,-0.10156249999999999,-0.10156250000000001,0.0,1.23046875,4.5390625,26.109375,0.0,1.19921875,4.40625,29.5546875,-31.663055419921875,-1.23828125,3.8828125,29.9375,0.0,-1.234375,1.51953125,27.2578125,0.0,0.0,27.44921875,0.0,4.789825439453125
14.237,12.096865964400001,0.3046875,-0.1015625,-0.0078125,0.20312499999999997,0.20312500000000003,-0.20312499999999997,-0.20312500000000003,0.0,2.453125,4.5390625,26.875,0.0,2.390625,4.14453125,29.36328125,-91.77162170410156,-2.46484375,3.6171875,29.74609375,0.0,-2.4453125,3.6171875,27.2578125,0.0,0.0,27.640625,0.0,4.81915283203125
14.417,11.993202942,0.3046875,-0.1015625,-0.0078125,0.28209999999999996,0.36676250000000005,-0.28209999999999996,-0.36676250000000005,-3.88470458984375,3.37890625,4.40625,26.875,0.0,4.23828125,5.1953125,28.98046875,-140.4689483642578,-3.40234375,3.75,29.171875,0.0,-4.42578125,4.27734375,27.44921875,0.0,0.0,27.2578125,0.0,4.8386993408203125
14.588,12.0536730384,0.3046875,-0.1015625,-0.0078125,0.28209999999999996,0.36676250000000005,-0.28209999999999996,-0.36676250000000005,0.0,3.37890625,3.75,27.2578125,0.0,4.29296875,3.8828125,29.5546875,-144.17120361328125,-3.4140625,3.48828125,29.171875,0.0,-4.41015625,3.75,27.83203125,0.0,0.0,28.98046875,0.0,4.7996063232421875
14.76,12.070950208800001,0.3046875,-0.125,-0.0078125,0.28209999999999996,0.36676250000000005,-0.28209999999999996,-0.36676250000000005,0.0,3.3984375,3.8828125,26.875,0.0,4.3046875,3.48828125,29.5546875,-143.95501708984375,-3.421875,3.35546875,29.36328125,0.0,-4.4375,3.6171875,27.44921875,0.0,0.0,27.44921875,0.0,4.81915283203125
14.947,12.0536730384,0.3046875,-0.125,-0.0078125,0.2094468717125805,0.41724267182928465,-0.2094468717125805,-0.41724267182928465,-4.70916748046875,2.5234375,3.48828125,26.875,0.0,4.8984375,4.14453125,29.5546875,-106.85960388183594,-2.53515625,2.83203125,29.36328125,0.0,-5.00390625,4.27734375,27.44921875,0.0,0.0,26.875,0.0,4.81915283203125
15.127,12.0536730384,0.3203125,-0.140625,-0.0078125,0.1891351446694899,0.45725451987460564,-0.1891351446694899,-0.45725451987460564,0.0,2.27734375,3.35546875,26.4921875,0.0,5.30078125,4.66796875,29.171875,-90.46148681640625,-2.28125,3.09375,30.12890625,0.0,-5.5,4.01171875,27.2578125,0.0,0.0,27.06640625,0.0,4.8289337158203125
15.306,12.079588794,0.3203125,-0.140625,-0.0078125,0.1891351446694899,0.45725451987460564,-0.1891351446694899,-0.45725451987460564,-2.93505859375,2.27734375,3.75,26.875,0.0,5.3203125,4.14453125,29.74609375,-82.93020629882812,-2.28125,3.09375,29.36328125,0.0,-5.5,3.6171875,27.44921875,0.0,0.0,28.0234375,0.0,4.7996063232421875
15.491,12.019118697600002,0.34375,-0.140625,-0.0078125,0.2376363993429645,0.46990247769488586,-0.2376363993429645,-0.46990247769488586,0.0,2.85546875,4.27734375,26.875,0.0,5.44921875,4.40625,29.36328125,-117.85649108886719,-2.8671875,3.35546875,29.5546875,0.0,-5.6171875,3.8828125,27.2578125,0.0,0.0,27.2578125,0.0,4.7800445556640625
15.67,12.045034453200001,0.34375,-0.1640625,-0.0078125,0.2376363993429645,0.46990247769488586,-0.2376363993429645,-0.46990247769488586,-32.19207763671875,2.86328125,3.75,27.06640625,0.0,5.515625,3.8828125,28.7890625,-115.76376342773438,-2.875,3.48828125,29.74609375,0.0,-5.63671875,3.75,27.640625,0.0,0.0,27.640625,0.0,4.7996063232421875
15.848,12.036395868,0.34375,-0.1640625,-0.0078125,0.15886481749067252,0.5151805261186851,-0.15886481749067252,-0.5151805261186851,0.0,1.9140625,2.9609375,26.68359375,0.0,6.01171875,4.40625,29.36328125,-79.71931457519531,-1.921875,2.3046875,29.74609375,0.0,-6.17578125,4.01171875,27.44921875,0.0,0.0,26.30078125,0.0,4.7702789306640625
16.019,12.0536730384,0.34375,-0.1640625,-0.0078125,0.15886481749067252,0.5151805261186851,-0.15886481749067252,-0.5151805261186851,0.0,1.90625,3.6171875,27.06640625,0.0,6.01171875,4.40625,28.59765625,-71.64447021484375,-1.91796875,3.09375,29.5546875,0.0,-6.1953125,4.14453125,27.06640625,0.0,0.0,28.40625,0.0,4.7996063232421875
16.219,12.0623116236,0.34375,-0.1640625,-0.0078125,0.15886481749067252,0.5151805261186851,-0.15886481749067252,-0.5151805261186851,-6.9455108642578125,1.9140625,3.75,26.875,0.0,6.02734375,4.40625,30.3203125,-66.02247619628906,-1.921875,3.09375,29.5546875,0.0,-6.1953125,3.48828125,27.2578125,0.0,0.0,27.2578125,0.0,4.7996063232421875
16.41,12.045034453200001,0.34375,-0.1640625,-0.0078125,0.15886481749067252,0.5151805261186851,-0.15886481749067252,-0.5151805261186851,0.0,1.90625,3.75,27.2578125,0.0,6.046875,4.40625,29.171875,-70.94294738769531,-1.921875,3.2265625,29.74609375,0.0,-6.16015625,4.27734375,27.640625,0.0,0.0,26.875,0.0,4.789825439453125
16.589,12.036395868,0.34375,-0.1640625,-0.0078125,0.15886481749067252,0.5151805261186851,-0.15886481749067252,-0.5151805261186851,-74.96485900878906,1.90234375,3.8828125,26.68359375,0.0,5.9921875,3.8828125,29.171875,-70.3258056640625,-1.921875,3.09375,28.98046875,0.0,-6.17578125,4.14453125,26.68359375,0.0,0.0,27.44921875,0.0,4.8289337158203125
16.757,12.036395868,0.34375,-0.1640625,-0.0078125,0.15886481749067252,0.5151805261186851,-0.15886481749067252,-0.5151805261186851,-2.738555908203125,1.90625,3.75,26.68359375,0.0,5.9921875,4.40625,29.171875,-70.02188110351562,-1.921875,3.09375,29.5546875,0.0,-6.1953125,4.01171875,26.875,0.0,0.0,27.640625,0.0,4.789825439453125
16.93,12.0536730384,0.34375,-0.1640625,-0.0078125,0.15886481749067252,0.5151805261186851,-0.15886481749067252,-0.5151805261186851,-4.418365478515625,1.90625,3.48828125,26.30078125,0.0,6.02734375,4.40625,29.74609375,-69.69020080566406,-1.91796875,3.35546875,29.36328125,0.0,-6.17578125,4.01171875,27.640625,0.0,0.0,27.2578125,0.0,4.7996063232421875
17.11,12.0536730384,0.34375,-0.1640625,-0.0078125,0.15886481749067252,0.5151805261186851,-0.15886481749067252,-0.5151805261186851,0.0,1.90625,3.75,26.4921875,0.0,6.02734375,4.5390625,28.40625,-70.33482360839844,-1.921875,3.2265625,29.74609375,0.0,-6.21484375,3.6171875,27.2578125,0.0,0.0,27.83203125,0.0,4.81915283203125
17.292,12.0536730384,0.34375,-0.1640625,-0.0078125,0.15886481749067252,0.5151805261186851,-0.15886481749067252,-0.5151805261186851,-2.4485626220703125,1.90625,3.75,27.44921875,0.0,5.9921875,4.27734375,29.5546875,-69.37669372558594,-1.9296875,3.2265625,29.74609375,0.0,-6.21484375,4.27734375,27.2578125,0.0,0.0,27.06640625,0.0,4.8093719482421875
17.469,12.131420305199999,-0.0,-0.0078125,-0.0078125,-0.005814731529285994,0.4223922560633243,0.005814731529285994,-0.4223922560633243,0.0,0.0,0.0,26.4921875,0.0,5.015625,3.48828125,28.98046875,-31.87249755859375,0.0,0.0,29.5546875,0.0,-5.125,3.09375,27.44921875,0.0,0.0,27.640625,0.0,4.81915283203125
17.639,12.1573360608,-0.031496062992125984,-0.0078125,-0.0078125,0.0,0.0,-0.0,-0.0,0.0,0.0,0.0,26.68359375,0.0,0.0,0.0,29.5546875,8.198135375976562,0.0,0.0,28.98046875,0.0,0.0,0.0,26.875,0.0,0.0,28.0234375,0.0,4.81915283203125
17.816,12.1573360608,-0.031496062992125984,-0.0078125,-0.0078125,0.0,0.0,-0.0,-0.0,0.0,0.0,0.0,26.875,0.0,0.0,0.0,28.98046875,0.0,0.0,0.0,28.7890625,0.0,0.0,0.0,27.06640625,0.0,0.0,28.21484375,0.0,4.8289337158203125
17.976,12.165974646,-0.05511811023622047,-0.0078125,-0.0078125,0.0,0.0,-0.0,-0.0,0.0,0.0,0.0,27.06640625,0.0,0.0,0.0,29.171875,0.0,0.0,0.0,29.171875,0.0,0.0,0.0,26.875,0.0,0.0,28.40625,0.0,4.81915283203125
18.137,12.1573360608,-0.09448818897637795,-0.0078125,-0.0078125,0.0,0.0,-0.0,-0.0,0.0,0.0,0.0,26.68359375,0.0,0.0,0.0,29.5546875,0.0,0.0,0.0,29.171875,0.0,0.0,0.0,27.83203125,0.0,0.0,28.21484375,0.0,4.81915283203125
18.314,12.1573360608,-0.15748031496062992,-0.0078125,-0.0078125,0.0,0.0,-0.0,-0.0,0.0,0.0,0.0,27.2578125,0.0,0.0,0.0,29.9375,0.0,0.0,0.0,29.171875,0.0,0.0,0.0,27.44921875,0.0,0.0,27.640625,0.0,4.8289337158203125
18.487,12.096865964400001,-0.1732283464566929,-0.0078125,-0.0078125,-0.15748031496062997,-0.15748031496062992,0.15748031496062997,0.15748031496062992,0.0,-1.90625,4.80078125,27.2578125,0.0,-1.90234375,4.27734375,29.5546875,63.31721496582031,1.8984375,3.6171875,29.171875,0.0,1.87890625,3.8828125,27.2578125,0.0,0.0,27.06640625,0.0,4.8093719482421875
18.662,12.12278172,-0.29133858267716534,-0.0625,-0.0078125,-0.17322834645669294,-0.17322834645669288,0.17322834645669294,0.17322834645669288,0.0,-2.09765625,3.75,26.68359375,0.0,-2.08984375,4.14453125,28.98046875,79.25204467773438,2.0703125,3.35546875,28.98046875,0.0,2.0625,3.48828125,27.2578125,0.0,0.0,27.640625,0.0,4.8289337158203125
18.836,12.0018415272,-0.1968503937007874,-0.0859375,-0.0078125,-0.2913385826771654,-0.2913385826771653,0.2913385826771654,0.2913385826771653,-3.662689208984375,-3.49609375,4.40625,26.68359375,0.0,-3.49609375,3.8828125,29.36328125,139.2515106201172,3.4609375,4.14453125,29.171875,0.0,3.5,4.14453125,26.4921875,0.0,0.0,27.44921875,0.0,4.81915283203125
19.01,12.1486974756,-0.015748031496062992,-0.0078125,-0.0078125,-0.19685039370078744,-0.19685039370078738,0.19685039370078744,0.19685039370078738,0.0,-2.390625,2.69921875,27.06640625,0.0,-2.35546875,3.35546875,29.36328125,103.38699340820312,2.37890625,3.09375,29.36328125,0.0,2.37890625,2.4375,27.2578125,0.0,0.0,27.83203125,0.0,4.81915283203125
19.191,12.1573360608,0.046875,-0.0078125,-0.0078125,0.0,0.0,-0.0,-0.0,0.0,0.0,0.0,26.875,0.0,0.0,0.0,28.59765625,46.438507080078125,0.0,0.0,28.59765625,0.0,0.0,0.0,27.06640625,0.0,0.0,26.875,0.0,4.8289337158203125
19.39,12.1486974756,0.0625,-0.0078125,-0.0078125,0.0,0.0,-0.0,-0.0,0.0,0.0,0.0,27.2578125,0.0,0.0,0.0,29.5546875,10.297073364257812,0.0,0.0,29.5546875,0.0,0.0,0.0,27.44921875,0.0,0.0,27.83203125,0.0,4.81915283203125
19.554,12.1573360608,0.0625,-0.0078125,-0.0078125,0.0,0.0,-0.0,-0.0,0.0,0.0,0.0,26.875,0.0,0.0,0.0,29.9375,0.0,0.0,0.0,28.7890625,0.0,0.0,0.0,27.2578125,0.0,0.0,27.06640625,0.0,4.8289337158203125
19.716,12.1573360608,0.0078125,-0.0078125,-0.0078125,0.0,0.0,-0.0,-0.0,0.0,0.0,0.0,27.640625,0.0,0.0,0.0,28.98046875,0.0,0.0,0.0,29.36328125,0.0,0.0,0.0,27.640625,0.0,0.0,27.640625,0.0,4.8289337158203125
19.887,12.165974646,0.0078125,-0.0078125,-0.0078125,0.0,0.0,-0.0,-0.0,0.0,0.0,0.0,26.875,0.0,0.0,0.0,29.36328125,0.0,0.0,0.0,29.171875,0.0,0.0,0.0,27.83203125,0.0,0.0,28.0234375,0.0,4.81915283203125
20.049,12.165974646,-0.0,-0.0078125,-0.0078125,0.0,0.0,-0.0,-0.0,0.0,0.0,0.0,26.109375,0.0,0.0,0.0,28.98046875,0.0,0.0,0.0,28.98046875,0.0,0.0,0.0,27.06640625,0.0,0.0,27.44921875,0.0,4.8289337158203125
20.216,12.1746132312,-0.0,-0.0078125,-0.0078125,0.0,0.0,-0.0,-0.0,0.0,0.0,0.0,25.91796875,0.0,0.0,0.0,29.5546875,0.0,0.0,0.0,29.36328125,0.0,0.0,0.0,26.68359375,0.0,0.0,27.640625,0.0,4.8289337158203125
20.388,12.165974646,-0.0,0.0,-0.0078125,0.0,0.0,-0.0,-0.0,0.0,0.0,0.0,26.68359375,0.0,0.0,0.0,29.9375,0.0,0.0,0.0,29.5546875,0.0,0.0,0.0,26.68359375,0.0,0.0,27.44921875,0.0,4.8289337158203125
20.557,12.1746132312,-0.0,0.0,-0.0078125,0.0,0.0,-0.0,-0.0,0.0,0.0,0.0,26.4921875,0.0,0.0,0.0,29.5546875,0.0,0.0,0.0,29.5546875,0.0,0.0,0.0,27.640625,0.0,0.0,26.875,0.0,4.81915283203125
20.729,12.165974646,-0.0,0.0,-0.0078125,0.0,0.0,-0.0,-0.0,0.0,0.0,0.0,27.06640625,0.0,0.0,0.0,29.171875,0.0,0.0,0.0,28.98046875,0.0,0.0,0.0,27.2578125,0.0,0.0,28.59765625,0.0,4.81915283203125
20.894,12.165974646,-0.015748031496062992,0.015748031496062992,-0.0078125,0.0,0.0,-0.0,-0.0,0.0,0.0,0.0,26.4921875,0.0,0.0,0.0,29.171875,0.0,0.0,0.0,29.5546875,0.0,0.0,0.0,26.68359375,0.0,0.0,27.83203125,0.0,4.81915283203125
21.056,12.165974646,-0.031496062992125984,0.015748031496062992,-0.0078125,0.0,0.0,-0.0,-0.0,0.0,0.0,0.0,26.4921875,0.0,0.0,0.0,30.12890625,0.0,0.0,0.0,29.36328125,0.0,0.0,0.0,27.44921875,0.0,0.0,27.44921875,0.0,4.81915283203125
21.218,12.165974646,-0.031496062992125984,0.015748031496062992,-0.0078125,0.0,0.0,-0.0,-0.0,0.0,0.0,0.0,26.30078125,0.0,0.0,0.0,29.171875,0.0,0.0,0.0,28.98046875,0.0,0.0,0.0,27.06640625,0.0,0.0,27.640625,0.0,4.81915283203125
21.407,12.1573360608,-0.031496062992125984,0.015748031496062992,-0.0078125,0.0,0.0,-0.0,-0.0,0.0,0.0,0.0,26.875,0.0,0.0,0.0,29.36328125,0.0,0.0,0.0,29.171875,0.0,0.0,0.0,27.2578125,0.0,0.0,27.83203125,0.0,4.81915283203125
21.568,12.1746132312,-0.031496062992125984,0.015748031496062992,-0.0078125,0.0,0.0,-0.0,-0.0,0.0,0.0,0.0,26.30078125,0.0,0.0,0.0,29.36328125,0.0,0.0,0.0,28.98046875,0.0,0.0,0.0,27.2578125,0.0,0.0,29.171875,0.0,4.8289337158203125
21.737,12.1573360608,-0.031496062992125984,0.015748031496062992,-0.0078125,0.0,0.0,-0.0,-0.0,0.0,0.0,0.0,26.109375,0.0,0.0,0.0,29.5546875,0.0,0.0,0.0,29.74609375,0.0,0.0,0.0,27.640625,0.0,0.0,28.98046875,0.0,4.8289337158203125
21.91,12.165974646,-0.031496062992125984,0.015748031496062992,-0.0078125,0.0,0.0,-0.0,-0.0,0.0,0.0,0.0,26.68359375,0.0,0.0,0.0,29.36328125,0.0,0.0,0.0,29.171875,0.0,0.0,0.0,26.30078125,0.0,0.0,27.640625,0.0,4.81915283203125
22.088,12.1573360608,-0.031496062992125984,0.015748031496062992,-0.0078125,0.0,0.0,-0.0,-0.0,0.0,0.0,0.0,27.06640625,0.0,0.0,0.0,29.36328125,0.0,0.0,0.0,29.5546875,0.0,0.0,0.0,27.2578125,0.0,0.0,28.7890625,0.0,4.8289337158203125
22.433,12.1573360608,0.0234375,0.015748031496062992,-0.0078125,0.0,0.0,-0.0,-0.0,0.0,0.0,0.0,26.68359375,0.0,0.0,0.0,29.36328125,0.0,0.0,0.0,29.74609375,0.0,0.0,0.0,26.4921875,0.0,0.0,28.0234375,0.0,4.8289337158203125
22.607,12.1746132312,0.0234375,0.015748031496062992,-0.0078125,0.0,0.0,-0.0,-0.0,0.0,0.0,0.0,25.53515625,0.0,0.0,0.0,29.36328125,0.0,0.0,0.0,28.59765625,0.0,0.0,0.0,27.44921875,0.0,0.0,27.83203125,0.0,4.8289337158203125
22.779,12.165974646,0.0234375,0.031496062992125984,-0.0078125,0.0,0.0,-0.0,-0.0,0.0,0.0,0.0,27.2578125,0.0,0.0,0.0,29.171875,0.0,0.0,0.0,28.98046875,0.0,0.0,0.0,27.83203125,0.0,0.0,27.83203125,0.0,4.81915283203125
22.954,12.165974646,0.0234375,0.031496062992125984,-0.0078125,0.0,0.0,-0.0,-0.0,0.0,0.0,0.0,26.68359375,0.0,0.0,0.0,29.171875,0.0,0.0,0.0,29.5546875,0.0,0.0,0.0,27.2578125,0.0,0.0,27.2578125,0.0,4.8289337158203125
23.115,12.1573360608,0.0234375,0.031496062992125984,-0.0078125,0.0,0.0,-0.0,-0.0,0.0,0.0,0.0,28.21484375,0.0,0.0,0.0,28.98046875,0.0,0.0,0.0,29.36328125,0.0,0.0,0.0,27.44921875,0.0,0.0,28.7890625,0.0,4.8289337158203125
23.29,12.165974646,0.0234375,0.031496062992125984,-0.0078125,0.0,0.0,-0.0,-0.0,0.0,0.0,0.0,27.06640625,0.0,0.0,0.0,29.36328125,0.0,0.0,0.0,29.171875,0.0,0.0,0.0,27.44921875,0.0,0.0,27.2578125,0.0,4.81915283203125
23.468,12.1746132312,0.0234375,0.031496062992125984,-0.0078125,0.0,0.0,-0.0,-0.0,0.0,0.0,0.0,28.21484375,0.0,0.0,0.0,28.98046875,0.0,0.0,0.0,28.7890625,0.0,0.0,0.0,27.06640625,0.0,0.0,27.640625,0.0,4.81915283203125
23.635,12.165974646,0.0234375,0.031496062992125984,-0.0078125,0.0,0.0,-0.0,-0.0,0.0,0.0,0.0,26.30078125,0.0,0.0,0.0,29.5546875,0.0,0.0,0.0,29.5546875,0.0,0.0,0.0,26.875,0.0,0.0,29.36328125,0.0,4.8093719482421875
23.808,12.1746132312,0.0234375,0.031496062992125984,-0.0078125,0.0,0.0,-0.0,-0.0,0.0,0.0,0.0,26.875,0.0,0.0,0.0,29.74609375,0.0,0.0,0.0,29.74609375,0.0,0.0,0.0,27.06640625,0.0,0.0,27.83203125,0.0,4.8289337158203125
23.978,12.165974646,0.0234375,0.031496062992125984,-0.0078125,0.0,0.0,-0.0,-0.0,0.0,0.0,0.0,26.875,0.0,0.0,0.0,29.74609375,0.0,0.0,0.0,29.171875,0.0,0.0,0.0,27.06640625,0.0,0.0,28.40625,0.0,4.8289337158203125
24.149,12.1746132312,0.0234375,0.031496062992125984,-0.0078125,0.0,0.0,-0.0,-0.0,0.0,0.0,0.0,26.109375,0.0,0.0,0.0,28.7890625,0.0,0.0,0.0,29.74609375,0.0,0.0,0.0,27.06640625,0.0,0.0,28.59765625,0.0,4.8289337158203125
24.308,12.1746132312,0.0234375,0.031496062992125984,-0.0078125,0.0,0.0,-0.0,-0.0,0.0,0.0,0.0,26.875,0.0,0.0,0.0,29.171875,0.0,0.0,0.0,28.98046875,0.0,0.0,0.0,27.06640625,0.0,0.0,28.0234375,0.0,4.8289337158203125
24.49,12.1832518164,0.0234375,0.031496062992125984,-0.0078125,0.0,0.0,-0.0,-0.0,0.0,0.0,0.0,26.875,0.0,0.0,0.0,29.36328125,0.0,0.0,0.0,29.171875,0.0,0.0,0.0,27.640625,0.0,0.0,28.98046875,0.0,4.8289337158203125
24.669,12.1573360608,0.0234375,0.031496062992125984,-0.0078125,0.0,0.0,-0.0,-0.0,0.0,0.0,0.0,26.875,0.0,0.0,0.0,29.171875,0.0,0.0,0.0,29.171875,0.0,0.0,0.0,26.875,0.0,0.0,26.68359375,0.0,4.8289337158203125
24.848,12.1573360608,0.0234375,0.031496062992125984,-0.0078125,0.0,0.0,-0.0,-0.0,0.0,0.0,0.0,26.875,0.0,0.0,0.0,29.5546875,0.0,0.0,0.0,29.74609375,0.0,0.0,0.0,27.06640625,0.0,0.0,27.640625,0.0,4.81915283203125
25.017,12.165974646,0.0234375,0.031496062992125984,-0.0078125,0.0,0.0,-0.0,-0.0,0.0,0.0,0.0,26.4921875,0.0,0.0,0.0,29.171875,0.0,0.0,0.0,29.5546875,0.0,0.0,0.0,27.44921875,0.0,0.0,28.0234375,0.0,4.8289337158203125
25.212,12.1746132312,0.0234375,0.031496062992125984,-0.0078125,0.0,0.0,-0.0,-0.0,0.0,0.0,0.0,26.109375,0.0,0.0,0.0,28.98046875,0.0,0.0,0.0,29.36328125,0.0,0.0,0.0,27.06640625,0.0,0.0,27.83203125,0.0,4.8289337158203125
25.377,12.1746132312,0.0234375,0.031496062992125984,-0.0078125,0.0,0.0,-0.0,-0.0,0.0,0.0,0.0,26.4921875,0.0,0.0,0.0,29.36328125,0.0,0.0,0.0,29.171875,0.0,0.0,0.0,27.2578125,0.0,0.0,28.0234375,0.0,4.81915283203125
25.561,12.165974646,0.0234375,0.031496062992125984,-0.0078125,0.0,0.0,-0.0,-0.0,0.0,0.0,0.0,26.875,0.0,0.0,0.0,28.98046875,0.0,0.0,0.0,29.36328125,0.0,0.0,0.0,26.875,0.0,0.0,25.91796875,0.0,4.81915283203125
25.731,12.1746132312,0.0234375,0.031496062992125984,-0.0078125,0.0,0.0,-0.0,-0.0,0.0,0.0,0.0,26.30078125,0.0,0.0,0.0,29.5546875,0.0,0.0,0.0,29.5546875,0.0,0.0,0.0,27.06640625,0.0,0.0,28.59765625,0.0,4.8289337158203125
25.896,12.1746132312,0.0234375,0.031496062992125984,-0.0078125,0.0,0.0,-0.0,-0.0,0.0,0.0,0.0,27.2578125,0.0,0.0,0.0,29.74609375,0.0,0.0,0.0,29.36328125,0.0,0.0,0.0,27.06640625,0.0,0.0,27.640625,0.0,4.81915283203125
26.058,12.1746132312,0.0234375,0.031496062992125984,-0.0078125,0.0,0.0,-0.0,-0.0,0.0,0.0,0.0,26.4921875,0.0,0.0,0.0,29.9375,0.0,0.0,0.0,29.171875,0.0,0.0,0.0,27.83203125,0.0,0.0,27.83203125,0.0,4.81915283203125
26.23,12.1573360608,0.0234375,0.031496062992125984,-0.0078125,0.0,0.0,-0.0,-0.0,0.0,0.0,0.0,26.68359375,0.0,0.0,0.0,29.171875,0.0,0.0,0.0,29.171875,0.0,0.0,0.0,27.06640625,0.0,0.0,27.44921875,0.0,4.8289337158203125
26.387,12.1746132312,0.0234375,0.031496062992125984,-0.0078125,0.0,0.0,-0.0,-0.0,0.0,0.0,0.0,27.06640625,0.0,0.0,0.0,29.171875,0.0,0.0,0.0,29.171875,0.0,0.0,0.0,26.875,0.0,0.0,28.0234375,0.0,4.8289337158203125
26.558,12.165974646,0.0234375,0.031496062992125984,-0.0078125,0.0,0.0,-0.0,-0.0,0.0,0.0,0.0,26.68359375,0.0,0.0,0.0,28.7890625,0.0,0.0,0.0,28.7890625,0.0,0.0,0.0,27.2578125,0.0,0.0,27.44921875,0.0,4.81915283203125
26.737,12.165974646,0.0234375,0.031496062992125984,-0.0078125,0.0,0.0,-0.0,-0.0,0.0,0.0,0.0,26.875,0.0,0.0,0.0,29.9375,0.0,0.0,0.0,29.5546875,0.0,0.0,0.0,27.06640625,0.0,0.0,27.640625,0.0,4.81915283203125
26.907,12.165974646,0.0234375,0.031496062992125984,-0.0078125,0.0,0.0,-0.0,-0.0,0.0,0.0,0.0,27.06640625,0.0,0.0,0.0,28.98046875,0.0,0.0,0.0,29.5546875,0.0,0.0,0.0,27.2578125,0.0,0.0,27.2578125,0.0,4.8289337158203125
27.075,12.1573360608,0.0234375,0.031496062992125984,-0.0078125,0.0,0.0,-0.0,-0.0,0.0,0.0,0.0,26.4921875,0.0,0.0,0.0,29.171875,0.0,0.0,0.0,29.36328125,0.0,0.0,0.0,27.06640625,0.0,0.0,27.640625,0.0,4.81915283203125
27.25,12.1573360608,0.0234375,0.031496062992125984,-0.0078125,0.0,0.0,-0.0,-0.0,0.0,0.0,0.0,26.68359375,0.0,0.0,0.0,29.36328125,0.0,0.0,0.0,29.171875,0.0,0.0,0.0,27.06640625,0.0,0.0,27.83203125,0.0,4.8289337158203125
27.417,12.165974646,0.0234375,0.031496062992125984,-0.0078125,0.0,0.0,-0.0,-0.0,0.0,0.0,0.0,26.4921875,0.0,0.0,0.0,29.36328125,0.0,0.0,0.0,28.98046875,0.0,0.0,0.0,27.2578125,0.0,0.0,27.640625,0.0,4.8289337158203125
27.607,12.1573360608,0.0234375,0.031496062992125984,-0.0078125,0.0,0.0,-0.0,-0.0,0.0,0.0,0.0,27.06640625,0.0,0.0,0.0,28.40625,0.0,0.0,0.0,29.36328125,0.0,0.0,0.0,27.640625,0.0,0.0,27.44921875,0.0,4.81915283203125
27.77,12.1573360608,0.0234375,0.031496062992125984,-0.0078125,0.0,0.0,-0.0,-0.0,0.0,0.0,0.0,26.875,0.0,0.0,0.0,29.36328125,0.0,0.0,0.0,28.7890625,0.0,0.0,0.0,27.2578125,0.0,0.0,26.875,0.0,4.8289337158203125
27.937,12.165974646,0.0234375,0.031496062992125984,-0.0078125,0.0,0.0,-0.0,-0.0,0.0,0.0,0.0,26.68359375,0.0,0.0,0.0,28.98046875,0.0,0.0,0.0,29.171875,0.0,0.0,0.0,27.06640625,0.0,0.0,27.83203125,0.0,4.8289337158203125
28.107,12.1746132312,0.0234375,0.031496062992125984,-0.0078125,0.0,0.0,-0.0,-0.0,0.0,0.0,0.0,26.30078125,0.0,0.0,0.0,29.36328125,0.0,0.0,0.0,29.5546875,0.0,0.0,0.0,26.875,0.0,0.0,27.83203125,0.0,4.81915283203125
28.275,12.1573360608,0.0234375,0.031496062992125984,-0.0078125,0.0,0.0,-0.0,-0.0,0.0,0.0,0.0,26.30078125,0.0,0.0,0.0,29.36328125,0.0,0.0,0.0,29.171875,0.0,0.0,0.0,26.875,0.0,0.0,27.640625,0.0,4.8289337158203125
28.438,12.165974646,0.0234375,0.031496062992125984,-0.0078125,0.0,0.0,-0.0,-0.0,0.0,0.0,0.0,26.109375,0.0,0.0,0.0,30.12890625,0.0,0.0,0.0,29.36328125,0.0,0.0,0.0,26.68359375,0.0,0.0,28.0234375,0.0,4.8289337158203125
28.616,12.1573360608,0.0234375,0.031496062992125984,-0.0078125,0.0,0.0,-0.0,-0.0,0.0,0.0,0.0,25.53515625,0.0,0.0,0.0,28.7890625,0.0,0.0,0.0,28.7890625,0.0,0.0,0.0,27.44921875,0.0,0.0,27.640625,0.0,4.81915283203125
28.788,12.1746132312,0.0234375,0.031496062992125984,-0.0078125,0.0,0.0,-0.0,-0.0,0.0,0.0,0.0,25.53515625,0.0,0.0,0.0,29.171875,0.0,0.0,0.0,29.36328125,0.0,0.0,0.0,27.2578125,0.0,0.0,27.640625,0.0,4.8289337158203125
28.95,12.1746132312,0.0234375,0.031496062992125984,-0.0078125,0.0,0.0,-0.0,-0.0,0.0,0.0,0.0,26.4921875,0.0,0.0,0.0,29.36328125,0.0,0.0,0.0,29.5546875,0.0,0.0,0.0,26.68359375,0.0,0.0,27.640625,0.0,4.8289337158203125
29.13,12.165974646,0.0234375,0.031496062992125984,-0.0078125,0.0,0.0,-0.0,-0.0,0.0,0.0,0.0,26.109375,0.0,0.0,0.0,29.171875,0.0,0.0,0.0,28.98046875,0.0,0.0,0.0,26.68359375,0.0,0.0,27.83203125,0.0,4.8289337158203125
29.308,12.165974646,0.0234375,0.031496062992125984,-0.0078125,0.0,0.0,-0.0,-0.0,0.0,0.0,0.0,26.109375,0.0,0.0,0.0,29.5546875,0.0,0.0,0.0,29.36328125,0.0,0.0,0.0,27.44921875,0.0,0.0,27.44921875,0.0,4.81915283203125
29.477,12.1746132312,0.0234375,0.031496062992125984,-0.0078125,0.0,0.0,-0.0,-0.0,0.0,0.0,0.0,27.06640625,0.0,0.0,0.0,28.98046875,0.0,0.0,0.0,28.7890625,0.0,0.0,0.0,27.640625,0.0,0.0,28.21484375,0.0,4.81915283203125
29.648,12.1832518164,0.0234375,0.031496062992125984,-0.0078125,0.0,0.0,-0.0,-0.0,0.0,0.0,0.0,27.44921875,0.0,0.0,0.0,29.74609375,0.0,0.0,0.0,29.5546875,0.0,0.0,0.0,26.875,0.0,0.0,27.640625,0.0,4.8289337158203125
29.809,12.1832518164,0.046875,0.031496062992125984,-0.0078125,0.0,0.0,-0.0,-0.0,0.0,0.0,0.0,27.44921875,0.0,0.0,0.0,29.9375,0.0,0.0,0.0,29.36328125,0.0,0.0,0.0,27.06640625,0.0,0.0,27.640625,0.0,4.81915283203125
29.97,12.1832518164,0.046875,0.031496062992125984,-0.0078125,0.0,0.0,-0.0,-0.0,0.0,0.0,0.0,26.875,0.0,0.0,0.0,29.171875,0.0,0.0,0.0,29.5546875,0.0,0.0,0.0,27.83203125,0.0,0.0,27.44921875,0.0,4.8289337158203125
30.129,12.1746132312,0.046875,0.031496062992125984,-0.0078125,0.0,0.0,-0.0,-0.0,0.0,0.0,0.0,26.68359375,0.0,0.0,0.0,28.98046875,0.0,0.0,0.0,29.5546875,0.0,0.0,0.0,27.2578125,0.0,0.0,27.640625,0.0,4.8289337158203125
30.308,12.1746132312,0.046875,0.031496062992125984,-0.0078125,0.0,0.0,-0.0,-0.0,0.0,0.0,0.0,26.4921875,0.0,0.0,0.0,28.7890625,0.0,0.0,0.0,28.98046875,0.0,0.0,0.0,26.68359375,0.0,0.0,27.640625,0.0,4.81915283203125
30.469,12.1746132312,0.0625,0.031496062992125984,-0.0078125,0.0,0.0,-0.0,-0.0,0.0,0.0,0.0,26.4921875,0.0,0.0,0.0,29.36328125,0.0,0.0,0.0,28.59765625,0.0,0.0,0.0,27.2578125,0.0,0.0,27.640625,0.0,4.81915283203125
30.627,12.1141431348,0.5,0.1732283464566929,-0.0078125,0.10156249999999999,0.10156250000000001,-0.10156249999999999,-0.10156250000000001,0.0,1.23046875,4.5390625,27.06640625,0.0,1.19921875,3.09375,28.98046875,-32.21260070800781,-1.1953125,3.35546875,29.171875,0.0,-1.19921875,0.0,26.875,0.0,0.0,26.68359375,0.0,4.8386993408203125
30.796,11.535357926400001,0.859375,0.2755905511811024,-0.0078125,0.6161242854291376,0.4444197792747766,-0.6161242854291376,-0.4444197792747766,-67.09181213378906,7.14453125,6.11328125,26.68359375,0.0,5.04296875,6.24609375,29.171875,-304.5685272216797,-6.9765625,4.40625,28.21484375,0.0,-5.03125,4.14453125,27.2578125,0.0,0.0,28.0234375,0.0,4.8093719482421875
30.973,11.086151496000001,0.71875,0.2755905511811024,-0.0078125,1.0,0.8156081073482134,-1.0,-0.8156081073482134,-127.73600769042969,11.0703125,5.32421875,27.44921875,0.0,9.0,5.8515625,28.7890625,-530.1670532226562,-11.49609375,5.8515625,29.36328125,0.0,-9.43359375,5.58984375,27.06640625,0.0,0.0,27.640625,0.0,4.760498046875
31.148,11.993202942,0.0859375,0.05511811023622047,-0.0078125,0.943437065222055,0.5573743220895866,-0.943437065222055,-0.5573743220895866,-7.6079559326171875,11.2421875,3.6171875,26.68359375,0.0,6.50390625,2.69921875,28.98046875,-562.3901519775391,-11.24609375,3.35546875,29.171875,0.0,-6.68359375,3.6171875,27.06640625,0.0,0.0,27.640625,0.0,4.81915283203125
31.329,12.105504549599999,-0.0,-0.0078125,-0.0078125,0.0,0.0,-0.0,-0.0,-8.172714233398438,0.0,0.0,27.06640625,0.0,0.0,0.0,29.171875,-475.60069274902344,0.0,0.0,29.36328125,0.0,0.0,0.0,27.44921875,0.0,0.0,27.640625,0.0,4.8289337158203125
31.528,12.1400588904,-0.0,-0.0078125,-0.0078125,0.0,0.0,-0.0,-0.0,-4.631988525390625,0.0,0.0,26.30078125,0.0,0.0,0.0,29.9375,-387.6829833984375,0.0,0.0,29.171875,0.0,0.0,0.0,27.44921875,0.0,0.0,28.21484375,0.0,4.8289337158203125
31.693,12.1486974756,-0.0,-0.0078125,-0.0078125,0.0,0.0,-0.0,-0.0,-5.074737548828125,0.0,0.0,25.91796875,0.0,0.0,0.0,29.5546875,-307.34751892089844,0.0,0.0,29.36328125,0.0,0.0,0.0,26.875,0.0,0.0,28.0234375,0.0,4.8386993408203125
31.868,12.1486974756,-0.0,-0.0078125,-0.0078125,0.0,0.0,-0.0,-0.0,-2.7238311767578125,0.0,0.0,26.30078125,0.0,0.0,0.0,29.5546875,-239.97000122070312,0.0,0.0,29.171875,0.0,0.0,0.0,26.875,0.0,0.0,28.40625,0.0,4.8289337158203125
32.029,12.1400588904,-0.0,-0.0078125,-0.0078125,0.0,0.0,-0.0,-0.0,-51.69419860839844,0.0,0.0,26.4921875,0.0,0.0,0.0,28.59765625,-172.04299926757812,0.0,0.0,29.171875,0.0,0.0,0.0,27.06640625,0.0,0.0,27.640625,0.0,4.8289337158203125
32.207,12.1486974756,-0.0,-0.0078125,-0.0078125,0.0,0.0,-0.0,-0.0,-9.9010009765625,0.0,0.0,26.68359375,0.0,0.0,0.0,29.171875,-115.1217041015625,0.0,0.0,29.171875,0.0,0.0,0.0,26.4921875,0.0,0.0,26.4921875,0.0,4.8289337158203125
32.373,12.1573360608,-0.0,-0.0078125,-0.0078125,0.0,0.0,-0.0,-0.0,-3.8905792236328125,0.0,0.0,26.68359375,0.0,0.0,0.0,29.171875,-56.153472900390625,0.0,0.0,29.36328125,0.0,0.0,0.0,27.06640625,0.0,0.0,27.640625,0.0,4.81915283203125
32.547,12.1486974756,-0.0,-0.0078125,-0.0078125,0.0,0.0,-0.0,-0.0,0.0,0.0,0.0,26.68359375,0.0,0.0,0.0,29.5546875,-13.140594482421875,0.0,0.0,29.171875,0.0,0.0,0.0,27.06640625,0.0,0.0,27.44921875,0.0,4.8289337158203125
32.708,12.1486974756,-0.0,-0.0078125,-0.0078125,0.0,0.0,-0.0,-0.0,0.0,0.0,0.0,26.68359375,0.0,0.0,0.0,29.74609375,0.0,0.0,0.0,29.171875,0.0,0.0,0.0,27.2578125,0.0,0.0,28.7890625,0.0,4.8289337158203125
32.873,12.1486974756,-0.0,-0.0078125,-0.0078125,0.0,0.0,-0.0,-0.0,0.0,0.0,0.0,27.44921875,0.0,0.0,0.0,28.98046875,0.0,0.0,0.0,28.59765625,0.0,0.0,0.0,27.2578125,0.0,0.0,28.21484375,0.0,4.8289337158203125
33.05,12.1486974756,-0.0,-0.0078125,-0.0078125,0.0,0.0,-0.0,-0.0,0.0,0.0,0.0,26.875,0.0,0.0,0.0,29.36328125,0.0,0.0,0.0,28.7890625,0.0,0.0,0.0,26.4921875,0.0,0.0,27.640625,0.0,4.81915283203125
33.226,12.1486974756,-0.0,-0.0078125,-0.0078125,0.0,0.0,-0.0,-0.0,0.0,0.0,0.0,27.640625,0.0,0.0,0.0,28.98046875,0.0,0.0,0.0,29.171875,0.0,0.0,0.0,27.2578125,0.0,0.0,28.21484375,0.0,4.8289337158203125
33.389,12.1486974756,-0.0,-0.0078125,-0.0078125,0.0,0.0,-0.0,-0.0,0.0,0.0,0.0,27.06640625,0.0,0.0,0.0,28.98046875,0.0,0.0,0.0,28.98046875,0.0,0.0,0.0,26.875,0.0,0.0,27.83203125,0.0,4.8289337158203125
33.566,12.1486974756,-0.0,-0.0078125,-0.0078125,0.0,0.0,-0.0,-0.0,0.0,0.0,0.0,27.06640625,0.0,0.0,0.0,28.98046875,0.0,0.0,0.0,29.171875,0.0,0.0,0.0,26.68359375,0.0,0.0,26.4921875,0.0,4.8289337158203125
33.728,12.1486974756,-0.0,-0.0078125,-0.0078125,0.0,0.0,-0.0,-0.0,0.0,0.0,0.0,27.44921875,0.0,0.0,0.0,28.98046875,0.0,0.0,0.0,28.98046875,0.0,0.0,0.0,27.44921875,0.0,0.0,27.640625,0.0,4.8289337158203125
33.887,12.165974646,-0.0,-0.0078125,-0.0078125,0.0,0.0,-0.0,-0.0,0.0,0.0,0.0,27.06640625,0.0,0.0,0.0,29.5546875,0.0,0.0,0.0,28.7890625,0.0,0.0,0.0,27.44921875,0.0,0.0,27.83203125,0.0,4.8289337158203125
34.049,12.165974646,-0.0,-0.0078125,-0.0078125,0.0,0.0,-0.0,-0.0,0.0,0.0,0.0,26.68359375,0.0,0.0,0.0,29.5546875,0.0,0.0,0.0,28.59765625,0.0,0.0,0.0,26.68359375,0.0,0.0,28.40625,0.0,4.8289337158203125
34.208,12.1573360608,-0.0,-0.0078125,-0.0078125,0.0,0.0,-0.0,-0.0,0.0,0.0,0.0,26.30078125,0.0,0.0,0.0,28.98046875,0.0,0.0,0.0,28.98046875,0.0,0.0,0.0,26.875,0.0,0.0,27.83203125,0.0,4.8289337158203125
34.366,12.1486974756,-0.0,-0.0078125,-0.0078125,0.0,0.0,-0.0,-0.0,0.0,0.0,0.0,26.4921875,0.0,0.0,0.0,28.7890625,0.0,0.0,0.0,28.98046875,0.0,0.0,0.0,26.875,0.0,0.0,27.2578125,0.0,4.8289337158203125
34.534,12.1573360608,-0.0,-0.0078125,-0.0078125,0.0,0.0,-0.0,-0.0,0.0,0.0,0.0,26.30078125,0.0,0.0,0.0,29.171875,0.0,0.0,0.0,29.171875,0.0,0.0,0.0,27.06640625,0.0,0.0,27.83203125,0.0,4.8289337158203125
34.701,12.165974646,-0.0,-0.0078125,-0.0078125,0.0,0.0,-0.0,-0.0,0.0,0.0,0.0,26.4921875,0.0,0.0,0.0,28.98046875,0.0,0.0,0.0,29.36328125,0.0,0.0,0.0,27.06640625,0.0,0.0,26.4921875,0.0,4.81915283203125
34.869,12.1486974756,-0.0,-0.0078125,-0.0078125,0.0,0.0,-0.0,-0.0,0.0,0.0,0.0,26.4921875,0.0,0.0,0.0,28.98046875,0.0,0.0,0.0,29.171875,0.0,0.0,0.0,27.2578125,0.0,0.0,27.83203125,0.0,4.8093719482421875
35.048,12.1486974756,-0.0,-0.0078125,-0.0078125,0.0,0.0,-0.0,-0.0,0.0,0.0,0.0,26.68359375,0.0,0.0,0.0,29.171875,0.0,0.0,0.0,28.98046875,0.0,0.0,0.0,27.06640625,0.0,0.0,27.83203125,0.0,4.81915283203125
35.209,12.1486974756,-0.0,-0.0078125,-0.0078125,0.0,0.0,-0.0,-0.0,0.0,0.0,0.0,27.44921875,0.0,0.0,0.0,29.171875,0.0,0.0,0.0,29.5546875,0.0,0.0,0.0,26.68359375,0.0,0.0,27.640625,0.0,4.8289337158203125
35.358,12.1486974756,-0.0,-0.0078125,-0.0078125,0.0,0.0,-0.0,-0.0,0.0,0.0,0.0,26.68359375,0.0,0.0,0.0,28.7890625,0.0,0.0,0.0,29.5546875,0.0,0.0,0.0,26.30078125,0.0,0.0,28.0234375,0.0,4.81915283203125
35.537,12.1486974756,-0.0,-0.0078125,-0.0078125,0.0,0.0,-0.0,-0.0,0.0,0.0,0.0,25.7265625,0.0,0.0,0.0,29.171875,0.0,0.0,0.0,29.36328125,0.0,0.0,0.0,26.875,0.0,0.0,27.83203125,0.0,4.81915283203125
35.707,12.165974646,-0.0,-0.0078125,-0.0078125,0.0,0.0,-0.0,-0.0,0.0,0.0,0.0,25.91796875,0.0,0.0,0.0,29.171875,0.0,0.0,0.0,29.5546875,0.0,0.0,0.0,26.4921875,0.0,0.0,27.83203125,0.0,4.8289337158203125
35.874,12.165974646,-0.0,-0.0078125,-0.0078125,0.0,0.0,-0.0,-0.0,0.0,0.0,0.0,26.68359375,0.0,0.0,0.0,28.98046875,0.0,0.0,0.0,28.7890625,0.0,0.0,0.0,26.68359375,0.0,0.0,27.44921875,0.0,4.81915283203125
36.047,12.165974646,-0.0,-0.0078125,-0.0078125,0.0,0.0,-0.0,-0.0,0.0,0.0,0.0,27.2578125,0.0,0.0,0.0,29.36328125,0.0,0.0,0.0,29.171875,0.0,0.0,0.0,27.2578125,0.0,0.0,27.83203125,0.0,4.8289337158203125
36.206,12.1573360608,-0.0,-0.0078125,-0.0078125,0.0,0.0,-0.0,-0.0,0.0,0.0,0.0,26.4921875,0.0,0.0,0.0,28.59765625,0.0,0.0,0.0,29.36328125,0.0,0.0,0.0,27.640625,0.0,0.0,28.0234375,0.0,4.8386993408203125
36.375,12.165974646,-0.0,-0.0078125,-0.0078125,0.0,0.0,-0.0,-0.0,0.0,0.0,0.0,27.44921875,0.0,0.0,0.0,29.171875,0.0,0.0,0.0,29.171875,0.0,0.0,0.0,27.2578125,0.0,0.0,27.640625,0.0,4.81915283203125
36.537,12.165974646,-0.0,-0.0078125,-0.0078125,0.0,0.0,-0.0,-0.0,0.0,0.0,0.0,26.875,0.0,0.0,0.0,29.74609375,0.0,0.0,0.0,28.98046875,0.0,0.0,0.0,27.2578125,0.0,0.0,28.0234375,0.0,4.8289337158203125
36.701,12.1746132312,-0.0,-0.0078125,-0.0078125,0.0,0.0,-0.0,-0.0,0.0,0.0,0.0,27.06640625,0.0,0.0,0.0,28.59765625,0.0,0.0,0.0,28.98046875,0.0,0.0,0.0,26.68359375,0.0,0.0,26.68359375,0.0,4.81915283203125
36.877,12.165974646,-0.0,-0.0078125,-0.0078125,0.0,0.0,-0.0,-0.0,0.0,0.0,0.0,26.30078125,0.0,0.0,0.0,29.36328125,0.0,0.0,0.0,28.59765625,0.0,0.0,0.0,27.2578125,0.0,0.0,27.640625,0.0,4.8289337158203125
37.037,12.165974646,-0.0,-0.0078125,-0.0078125,0.0,0.0,-0.0,-0.0,0.0,0.0,0.0,27.2578125,0.0,0.0,0.0,28.98046875,0.0,0.0,0.0,29.171875,0.0,0.0,0.0,26.875,0.0,0.0,27.83203125,0.0,4.8289337158203125
37.198,12.1573360608,-0.0,-0.0078125,-0.0078125,0.0,0.0,-0.0,-0.0,0.0,0.0,0.0,26.875,0.0,0.0,0.0,29.5546875,0.0,0.0,0.0,28.7890625,0.0,0.0,0.0,27.44921875,0.0,0.0,28.21484375,0.0,4.8289337158203125
37.374,12.1486974756,-0.0,-0.0078125,-0.0078125,0.0,0.0,-0.0,-0.0,0.0,0.0,0.0,26.68359375,0.0,0.0,0.0,28.59765625,0.0,0.0,0.0,28.7890625,0.0,0.0,0.0,27.06640625,0.0,0.0,27.2578125,0.0,4.8289337158203125
37.557,12.165974646,-0.0,-0.0078125,-0.0078125,0.0,0.0,-0.0,-0.0,0.0,0.0,0.0,26.875,0.0,0.0,0.0,28.40625,0.0,0.0,0.0,28.7890625,0.0,0.0,0.0,26.4921875,0.0,0.0,27.44921875,0.0,4.8289337158203125
37.728,12.1486974756,-0.0,-0.0078125,-0.0078125,0.0,0.0,-0.0,-0.0,0.0,0.0,0.0,26.875,0.0,0.0,0.0,28.98046875,0.0,0.0,0.0,28.98046875,0.0,0.0,0.0,27.06640625,0.0,0.0,27.640625,0.0,4.8289337158203125
37.895,12.1573360608,-0.0,-0.0078125,-0.0078125,0.0,0.0,-0.0,-0.0,0.0,0.0,0.0,26.875,0.0,0.0,0.0,29.5546875,0.0,0.0,0.0,28.7890625,0.0,0.0,0.0,26.68359375,0.0,0.0,28.0234375,0.0,4.8289337158203125
38.054,12.1486974756,-0.0,-0.0078125,-0.0078125,0.0,0.0,-0.0,-0.0,0.0,0.0,0.0,26.30078125,0.0,0.0,0.0,28.59765625,0.0,0.0,0.0,28.98046875,0.0,0.0,0.0,26.875,0.0,0.0,28.21484375,0.0,4.8289337158203125
38.226,12.165974646,-0.0,-0.0078125,-0.0078125,0.0,0.0,-0.0,-0.0,0.0,0.0,0.0,26.4921875,0.0,0.0,0.0,28.98046875,0.0,0.0,0.0,29.36328125,0.0,0.0,0.0,27.06640625,0.0,0.0,27.640625,0.0,4.8289337158203125
