Timestamp,Bat_Voltage,Driver_Joy_Y,Driver_Joy_X,Driver_Joy_W,Mecanum_FL,Mecanum_BL,Mecanum_BR,Mecanum_FR,FL_Jag_Speed,FL_Out_Voltage,FL_Out_Current,FL_Temp,BL_Jag_Speed,BL_Out_Voltage,BL_Out_Current,BL_Temp,BR_Jag_Speed,BR_Out_Voltage,BR_Out_Current,BR_Temp,FR_Jag_Speed,FR_Out_Voltage,FR_Out_Current,FR_Temp,Pickup_Out_Voltage,Pickup_Out_Current,Pickup_Temp,SH1_Out_Voltage,SH1_Out_Current,SH1_Temp,SH2_Out_Voltage,SH2_Out_Current,SH2_Temp,SHmain_Speed,SHmain_Angle
0.0060,12.597903906,0.0078125,-0.0078125,0.0,0.0,0.0,0.0,0.0,0.0,0.0,0.0,28.40625,0.0,0.0,0.0,31.27734375,0.0,0.0,0.0,31.0859375,0.0,0.0,0.0,28.59765625,0.0,0.0,25.15234375,0.0,5.288360595703125
0.185,12.597903906,0.0078125,-0.0078125,0.0,0.0,0.0,-0.0,-0.0,0.0,0.0,0.0,28.0234375,0.0,0.0,0.0,31.27734375,0.0,0.0,0.0,31.27734375,0.0,0.0,0.0,28.59765625,0.0,0.0,25.7265625,0.0,5.288360595703125
0.362,12.597903906,0.0078125,-0.0078125,0.0,0.0,0.0,-0.0,-0.0,0.0,0.0,0.0,28.7890625,0.0,0.0,0.0,31.0859375,0.0,0.0,0.0,31.27734375,0.0,0.0,0.0,28.21484375,0.0,0.0,25.91796875,0.0,5.288360595703125
0.533,12.597903906,0.0078125,-0.0078125,0.0,0.0,0.0,-0.0,-0.0,0.0,0.0,0.0,28.59765625,0.0,0.0,0.0,30.51171875,0.0,0.0,0.0,31.8515625,0.0,0.0,0.0,28.0234375,0.0,0.0,25.15234375,0.0,5.288360595703125
0.704,12.597903906,0.0078125,-0.0078125,0.0,0.0,0.0,-0.0,-0.0,0.0,0.0,0.0,28.21484375,0.0,0.0,0.0,31.66015625,0.0,0.0,0.0,31.0859375,0.0,0.0,0.0,28.40625,0.0,0.0,25.7265625,0.0,5.288360595703125
0.87,12.597903906,0.0078125,-0.0078125,0.0,0.0,0.0,-0.0,-0.0,0.0,0.0,0.0,28.21484375,0.0,0.0,0.0,31.66015625,0.0,0.0,0.0,31.27734375,0.0,0.0,0.0,28.21484375,0.0,0.0,24.9609375,0.0,5.288360595703125
1.03,12.597903906,0.0078125,-0.0078125,0.0,0.0,0.0,-0.0,-0.0,0.0,0.0,0.0,27.640625,0.0,0.0,0.0,30.89453125,0.0,0.0,0.0,31.46875,0.0,0.0,0.0,28.21484375,0.0,0.0,25.91796875,0.0,5.288360595703125
1.201,12.597903906,0.1171875,-0.15625,0.0,0.0,0.0,-0.0,-0.0,0.0,0.0,0.0,29.171875,0.0,0.0,0.0,30.703125,0.0,0.0,0.0,31.0859375,0.0,0.0,0.0,28.98046875,0.0,0.0,24.76953125,0.0,5.2981414794921875
1.364,12.3128305944,0.578125,-0.0859375,0.0,-2.7755575615628914E-17,0.34375,2.7755575615628914E-17,-0.34375,0.0,0.0,0.0,27.83203125,0.0,4.30078125,17.40625,30.89453125,-12.13970947265625,0.0,0.0,30.89453125,0.0,-3.61328125,18.45703125,28.40625,0.0,0.0,25.34375,0.0,5.2688140869140625
1.544,10.4123418504,0.96875,-0.15625,-0.0078125,0.6953124999999999,0.6953125000000001,-0.6953124999999999,-0.6953125000000001,-11.986557006835938,6.96484375,17.14453125,27.83203125,0.0,7.453125,26.859375,31.46875,-94.97662353515625,-6.48046875,29.75,31.0859375,0.0,-6.578125,24.1015625,28.59765625,0.0,0.0,26.109375,0.0,5.288360595703125
1.726,9.9976897608,1.0,-0.15625,-0.0703125,1.0,0.7989728752012996,-1.0,-0.7989728752012996,-19.14447021484375,9.453125,23.578125,28.40625,0.0,8.56640625,22.1328125,30.703125,-197.4597625732422,-8.89453125,34.4765625,31.46875,0.0,-7.27734375,24.7578125,28.7890625,0.0,0.0,25.7265625,0.0,5.2785797119140625
1.909,9.211578507599999,1.0,-0.15625,-0.0859375,1.0,0.7989728752012996,-1.0,-0.7989728752012996,-56.62129211425781,7.94140625,78.33203125,28.21484375,0.0,6.9921875,9.7890625,30.703125,-356.7447052001953,-9.2109375,18.58984375,31.27734375,0.0,-6.80078125,29.6171875,28.40625,0.0,0.0,25.34375,0.0,5.2785797119140625
2.085,10.5160048728,-0.12598425196850394,-0.046875,-0.1171875,1.0,0.7989728752012996,-1.0,-0.7989728752012996,-23.783126831054688,10.26171875,8.609375,28.0234375,0.0,7.58203125,49.3125,30.51171875,-124.73202514648438,-8.40234375,44.32421875,31.27734375,0.0,-8.31640625,29.48828125,28.21484375,0.0,0.0,24.76953125,0.0,5.2785797119140625
2.266,11.742683971200002,-0.4015748031496063,0.023622047244094488,-0.0078125,-0.3228346456692914,-0.32283464566929126,0.3228346456692914,0.32283464566929126,0.0,-3.6796875,19.90234375,28.98046875,0.0,-3.69140625,11.10546875,30.3203125,62.98799133300781,3.57421875,15.04296875,30.89453125,0.0,3.48046875,17.5390625,27.83203125,0.0,0.0,25.53515625,0.0,5.2394866943359375
2.443,11.604466608000001,-0.3700787401574803,0.07086614173228346,-0.0078125,-0.4015748031496064,-0.4015748031496063,0.4015748031496064,0.4015748031496063,-5.9313201904296875,-4.46484375,22.921875,28.21484375,0.0,-4.5625,12.546875,30.703125,89.52926635742188,4.31640625,15.69921875,31.0859375,0.0,4.5,13.859375,28.21484375,0.0,0.0,25.15234375,0.0,5.2492523193359375
2.615,11.837708408400001,-0.41732283464566927,0.08661417322834646,-0.0078125,-0.4015748031496064,-0.4015748031496063,0.4015748031496064,0.4015748031496063,0.0,-4.57421875,17.2734375,28.21484375,0.0,-4.67578125,10.83984375,30.51171875,113.12083435058594,4.5859375,10.7109375,31.27734375,0.0,4.5,12.15234375,28.0234375,0.0,0.0,24.578125,0.0,5.2492523193359375
2.801,11.8809013344,-0.41732283464566927,0.08661417322834646,-0.0078125,-0.4173228346456693,-0.4173228346456692,0.4173228346456693,0.4173228346456692,-138.52313232421875,-4.87109375,13.59765625,28.0234375,0.0,-4.90234375,9.1328125,29.74609375,162.41592407226562,4.78125,8.87109375,30.89453125,0.0,4.83984375,11.62890625,28.0234375,0.0,0.0,24.9609375,0.0,5.229705810546875
2.971,12.019118697600002,-0.41732283464566927,0.08661417322834646,0.023622047244094488,-0.4173228346456693,-0.4173228346456692,0.4173228346456693,0.4173228346456692,0.0,-4.9609375,10.83984375,27.83203125,0.0,-4.9609375,6.76953125,30.89453125,169.5139617919922,4.83984375,8.73828125,31.27734375,0.0,4.80859375,10.4453125,28.21484375,0.0,0.0,25.15234375,0.0,5.259033203125
3.147,12.0277572828,-0.4330708661417323,0.08661417322834646,0.25196850393700787,-0.4173228346456693,-0.4173228346456692,0.4173228346456693,0.4173228346456692,-2.52374267578125,-4.9765625,10.83984375,28.0234375,0.0,-5.00390625,6.375,30.89453125,181.30311584472656,4.94140625,6.640625,31.27734375,0.0,4.8984375,9.00390625,28.40625,0.0,0.0,24.9609375,0.0,5.2394866943359375
3.327,11.768599726800002,-0.4330708661417323,0.08661417322834646,0.5826771653543307,-0.35220472440944894,-0.10448818897637793,0.7616535433070867,0.5139370078740157,-166.55099487304688,-4.0859375,5.8515625,27.83203125,0.0,-1.2265625,0.0,29.9375,260.1802215576172,8.21875,20.6875,31.0859375,0.0,5.88671875,8.21484375,28.98046875,0.0,0.0,25.34375,0.0,5.2101593017578125
3.507,11.647659534,-0.5039370078740157,0.08661417322834646,0.47244094488188976,-0.317992125984252,0.03452755905511812,0.9006692913385828,0.5481496062992126,-8.820831298828125,-3.65625,4.66796875,28.21484375,0.0,0.0,0.0,30.89453125,296.61671447753906,9.1796875,26.3359375,30.703125,0.0,6.28125,5.984375,28.59765625,0.0,0.0,24.9609375,0.0,5.2394866943359375
3.684,11.69085246,-0.5039370078740157,0.08661417322834646,0.0,-0.41996062992126,-0.16271653543307074,0.8451574803149609,0.5879133858267716,0.0,-4.828125,11.62890625,28.59765625,0.0,-1.890625,0.0,31.27734375,253.7500762939453,8.76171875,22.7890625,30.703125,0.0,6.671875,7.69140625,28.59765625,0.0,0.0,25.53515625,0.0,5.2394866943359375
3.867,12.131420305199999,-0.4330708661417323,0.08661417322834646,-0.0078125,-0.4488188976377953,-0.4488188976377952,0.4488188976377953,0.4488188976377952,-9.414047241210938,-5.3828125,10.18359375,28.40625,0.0,-5.3984375,5.1953125,30.51171875,235.6840362548828,5.39453125,3.8828125,31.0859375,0.0,5.37890625,3.8828125,28.59765625,0.0,0.0,25.34375,0.0,5.259033203125
4.041,12.1918904016,-0.4330708661417323,0.08661417322834646,-0.0078125,-0.43307086614173235,-0.43307086614173224,0.43307086614173235,0.43307086614173224,-15.778762817382812,-5.22265625,8.73828125,28.21484375,0.0,-5.23828125,5.0625,30.51171875,220.3983154296875,5.16015625,5.45703125,30.89453125,0.0,5.19140625,6.76953125,28.40625,0.0,0.0,24.76953125,0.0,5.3079071044921875
4.221,12.209167572,-0.4330708661417323,0.08661417322834646,-0.0078125,-0.43307086614173235,-0.43307086614173224,0.43307086614173235,0.43307086614173224,0.0,-5.23828125,7.03125,28.40625,0.0,-5.23828125,4.14453125,30.89453125,193.87086486816406,5.19140625,5.45703125,31.27734375,0.0,5.16015625,6.5078125,28.40625,0.0,0.0,25.15234375,0.0,5.2492523193359375
4.392,12.209167572,-0.09448818897637795,0.031496062992125984,0.0,-0.43307086614173235,-0.43307086614173224,0.43307086614173235,0.43307086614173224,-3.3131866455078125,-5.25390625,7.42578125,28.21484375,0.0,-5.22265625,4.40625,31.27734375,222.6603240966797,5.17578125,5.58984375,31.46875,0.0,5.25,5.8515625,29.171875,0.0,0.0,26.109375,0.0,5.288360595703125
4.576,12.4078550316,-0.007874015748031496,0.0,-0.0546875,0.0,0.0,-0.0,-0.0,-206.20770263671875,0.0,0.0,27.640625,0.0,0.0,0.0,30.89453125,204.2118682861328,0.0,0.0,31.8515625,0.0,0.0,0.0,28.59765625,0.0,0.0,25.34375,0.0,5.288360595703125
4.754,12.4337707872,-0.0,0.0,-0.0546875,0.0,0.0,-0.0,-0.0,-13.511932373046875,0.0,0.0,28.40625,0.0,0.0,0.0,30.89453125,186.85223388671875,0.0,0.0,31.27734375,0.0,0.0,0.0,28.98046875,0.0,0.0,25.34375,0.0,5.288360595703125
4.923,12.4424093724,-0.0,0.0,0.0,0.0,0.0,-0.0,-0.0,-8.388992309570312,0.0,0.0,28.0234375,0.0,0.0,0.0,30.703125,164.53146362304688,0.0,0.0,30.89453125,0.0,0.0,0.0,29.171875,0.0,0.0,25.91796875,0.0,5.2785797119140625
5.086,12.4510479576,-0.0,0.0,0.0,0.0,0.0,-0.0,-0.0,-172.07383728027344,0.0,0.0,28.98046875,0.0,0.0,0.0,30.89453125,121.5074462890625,0.0,0.0,31.8515625,0.0,0.0,0.0,28.59765625,0.0,0.0,25.34375,0.0,5.288360595703125
5.262,12.4596865428,-0.0,0.0,0.0,0.0,0.0,-0.0,-0.0,0.0,0.0,0.0,27.2578125,0.0,0.0,0.0,30.12890625,114.30952453613281,0.0,0.0,31.0859375,0.0,0.0,0.0,27.83203125,0.0,0.0,25.34375,0.0,5.288360595703125
5.425,12.468325128,-0.0,0.0,0.0,0.0,0.0,-0.0,-0.0,-6.8251800537109375,0.0,0.0,28.40625,0.0,0.0,0.0,31.0859375,114.24150085449219,0.0,0.0,30.89453125,0.0,0.0,0.0,28.21484375,0.0,0.0,24.76953125,0.0,5.288360595703125
5.602,12.468325128,-0.0,0.0,0.0,0.0,0.0,-0.0,-0.0,0.0,0.0,0.0,28.21484375,0.0,0.0,0.0,30.703125,88.03099060058594,0.0,0.0,31.27734375,0.0,0.0,0.0,28.40625,0.0,0.0,25.34375,0.0,5.288360595703125
5.777,12.476963713200002,-0.0,0.0,0.0,0.0,0.0,-0.0,-0.0,-66.34071350097656,0.0,0.0,28.21484375,0.0,0.0,0.0,30.89453125,69.70791625976562,0.0,0.0,31.46875,0.0,0.0,0.0,28.98046875,0.0,0.0,24.9609375,0.0,5.288360595703125
5.944,12.476963713200002,-0.0,0.0,0.0,0.0,0.0,-0.0,-0.0,0.0,0.0,0.0,28.21484375,0.0,0.0,0.0,31.66015625,46.446929931640625,0.0,0.0,31.0859375,0.0,0.0,0.0,28.21484375,0.0,0.0,25.15234375,0.0,5.2785797119140625
6.111,12.4856022984,-0.0,0.0,0.0,0.0,0.0,-0.0,-0.0,0.0,0.0,0.0,28.21484375,0.0,0.0,0.0,30.703125,30.909912109375,0.0,0.0,31.0859375,0.0,0.0,0.0,28.7890625,0.0,0.0,25.34375,0.0,5.2785797119140625
6.303,12.4856022984,-0.0,0.0,0.0,0.0,0.0,-0.0,-0.0,0.0,0.0,0.0,28.0234375,0.0,0.0,0.0,30.89453125,15.525436401367188,0.0,0.0,30.89453125,0.0,0.0,0.0,28.59765625,0.0,0.0,25.7265625,0.0,5.288360595703125
6.465,12.4942408836,-0.0,0.0,0.0,0.0,0.0,-0.0,-0.0,0.0,0.0,0.0,27.83203125,0.0,0.0,0.0,30.3203125,9.780487060546875,0.0,0.0,30.89453125,0.0,0.0,0.0,28.59765625,0.0,0.0,24.578125,0.0,5.2785797119140625
6.642,12.4942408836,-0.0,0.0,0.0,0.0,0.0,-0.0,-0.0,0.0,0.0,0.0,28.0234375,0.0,0.0,0.0,31.27734375,-7.3085174560546875,0.0,0.0,31.0859375,0.0,0.0,0.0,28.40625,0.0,0.0,25.15234375,0.0,5.288360595703125
6.81,12.4942408836,-0.0,-0.046875,-0.0546875,0.0,0.0,-0.0,-0.0,0.0,0.0,0.0,28.0234375,0.0,0.0,0.0,30.51171875,-4.28857421875,0.0,0.0,30.89453125,0.0,0.0,0.0,28.59765625,0.0,0.0,25.34375,0.0,5.288360595703125
6.972,12.502879468800002,-0.08661417322834646,-0.0078125,-0.0546875,0.0,0.0,-0.0,-0.0,0.0,0.0,0.0,27.44921875,0.0,0.0,0.0,30.703125,0.0,0.0,0.0,30.89453125,0.0,0.0,0.0,28.59765625,0.0,0.0,25.34375,0.0,5.2394866943359375
7.132,12.105504549599999,-0.5275590551181102,0.0,-0.0546875,-0.2519685039370079,-0.2519685039370078,0.2519685039370079,0.2519685039370078,0.0,-2.96875,21.4765625,27.44921875,0.0,-2.9609375,12.28515625,29.9375,41.32586669921875,2.8046875,11.10546875,30.51171875,0.0,2.69921875,13.73046875,28.0234375,0.0,0.0,24.9609375,0.0,5.2785797119140625
7.312,10.7146923324,-0.6062992125984252,0.0,-0.0546875,-0.6062992125984253,-0.6062992125984251,0.6062992125984253,0.6062992125984251,-7.2017974853515625,-6.18359375,30.80078125,27.44921875,0.0,-5.9921875,23.578125,29.36328125,100.40264892578125,5.75390625,24.890625,30.51171875,0.0,5.98828125,25.0234375,27.83203125,0.0,0.0,25.53515625,0.0,5.3079071044921875
7.486,11.1638987628,-0.6062992125984252,0.0,-0.0546875,-0.6062992125984253,-0.6062992125984251,0.6062992125984253,0.6062992125984251,0.0,-6.41796875,22.265625,27.44921875,0.0,-6.41796875,14.51953125,29.5546875,204.8983612060547,6.30859375,13.73046875,31.0859375,0.0,6.4140625,16.48828125,27.640625,0.0,0.0,24.9609375,0.0,5.3079071044921875
7.649,11.4489720744,-0.5748031496062992,0.0,-0.0703125,-0.6062992125984253,-0.6062992125984251,0.6062992125984253,0.6062992125984251,-180.6633758544922,-6.6953125,17.14453125,27.83203125,0.0,-6.73828125,11.62890625,30.3203125,226.8430938720703,6.625,12.6796875,30.89453125,0.0,6.625,16.35546875,27.83203125,0.0,0.0,25.34375,0.0,5.2688140869140625
7.827,11.7599611416,-0.3464566929133858,0.0,-0.0078125,-0.5748031496062993,-0.5748031496062991,0.5748031496062993,0.5748031496062991,-17.880844116210938,-6.62890625,12.546875,27.83203125,0.0,-6.7109375,8.609375,30.703125,261.26002502441406,6.546875,10.97265625,30.703125,0.0,6.60546875,12.8125,28.7890625,0.0,0.0,25.53515625,0.0,5.2785797119140625
8.004,12.511518054,0.0078125,-0.0234375,0.0,-0.14173228346456698,-0.14173228346456693,0.14173228346456698,0.14173228346456693,-166.26974487304688,-1.796875,0.0,28.0234375,0.0,-1.77734375,0.0,30.12890625,191.08279418945312,1.80859375,0.0,29.5546875,0.0,1.796875,0.0,28.40625,0.0,0.0,24.76953125,0.0,5.2785797119140625
8.171,12.3992164464,-0.03937007874015748,-0.0234375,0.007874015748031496,0.0,0.0,-0.0,-0.0,-8.165542602539062,0.0,0.0,27.83203125,0.0,0.0,0.0,30.51171875,154.55825805664062,0.0,0.0,31.46875,0.0,0.0,0.0,28.59765625,0.0,0.0,25.34375,0.0,5.288360595703125
8.328,12.4164936168,-0.03937007874015748,-0.0234375,0.2992125984251969,0.0,0.0,-0.0,-0.0,-9.421783447265625,0.0,0.0,28.40625,0.0,0.0,0.0,30.3203125,163.95541381835938,0.0,0.0,30.51171875,0.0,0.0,0.0,28.21484375,0.0,0.0,25.34375,0.0,5.288360595703125
8.503,12.0104801124,-0.03937007874015748,-0.0234375,1.0,0.09952755905511812,0.4044094488188976,0.4044094488188976,0.09952755905511812,-3.15911865234375,1.1796875,9.7890625,28.0234375,0.0,4.20703125,33.953125,30.703125,140.37139892578125,4.6328125,7.69140625,31.27734375,0.0,1.12109375,0.0,27.2578125,0.0,0.0,25.15234375,0.0,5.2785797119140625
8.666,10.7665238436,-0.03937007874015748,-0.0234375,1.0,0.1975,0.8025,0.8025,0.1975,0.0,2.07421875,12.6796875,27.44921875,0.0,7.61328125,39.59765625,30.89453125,203.17459106445312,7.53125,26.46484375,30.3203125,0.0,2.1796875,0.0,28.21484375,0.0,0.0,25.15234375,0.0,5.2688140869140625
8.843,11.0170428144,-0.007874015748031496,-0.0234375,1.0,0.1975,0.8025,0.8025,0.1975,0.0,2.1640625,8.08203125,28.40625,0.0,7.69921875,35.0,30.89453125,234.26060485839844,7.953125,23.4453125,30.51171875,0.0,2.2109375,0.0,28.0234375,0.0,0.0,25.15234375,0.0,5.2688140869140625
9.023,11.258923200000002,-0.007874015748031496,-0.0234375,1.0,0.1975,0.8025,0.8025,0.1975,0.0,2.19921875,9.1328125,28.0234375,0.0,8.7734375,28.69921875,30.703125,261.31336975097656,8.01171875,20.953125,30.89453125,0.0,2.21875,0.0,27.44921875,0.0,0.0,25.7265625,0.0,5.2785797119140625
9.197,11.2502846148,-0.0,-0.0234375,1.0,0.1975,0.8025,0.8025,0.1975,-3.7015228271484375,2.18359375,10.18359375,28.98046875,0.0,8.9140625,28.04296875,30.51171875,277.8179626464844,8.375,17.2734375,30.89453125,0.0,2.24609375,0.0,28.59765625,0.0,0.0,26.4921875,0.0,5.259033203125
9.385,11.353947637200001,-0.0,-0.0234375,1.0,0.1975,0.8025,0.8025,0.1975,-6.1710205078125,2.2109375,6.640625,28.0234375,0.0,8.48828125,30.2734375,30.51171875,308.6816711425781,8.3203125,17.80078125,30.703125,0.0,2.234375,0.0,28.59765625,0.0,0.0,25.34375,0.0,5.288360595703125
9.556,11.310754711200001,-0.0,-0.0234375,1.0,0.1975,0.8025,0.8025,0.1975,-3.7912750244140625,2.2109375,6.90234375,28.0234375,0.0,8.62890625,31.32421875,30.89453125,262.474365234375,8.15234375,19.76953125,30.89453125,0.0,2.24609375,0.0,28.0234375,0.0,0.0,25.34375,0.0,5.288360595703125
9.733,11.353947637200001,-0.023622047244094488,-0.0234375,1.0,0.1975,0.8025,0.8025,0.1975,0.0,2.2109375,6.76953125,28.21484375,0.0,8.7734375,31.45703125,30.3203125,286.3107604980469,8.29296875,18.45703125,30.51171875,0.0,2.24609375,0.0,27.83203125,0.0,0.0,25.91796875,0.0,5.259033203125
9.915,11.388501978,-0.023622047244094488,-0.0234375,1.0,0.1975,0.8025,0.8025,0.1975,0.0,2.21875,5.71875,28.0234375,0.0,8.71484375,29.75,29.36328125,286.8883056640625,8.265625,18.1953125,30.3203125,0.0,2.26171875,0.0,28.21484375,0.0,0.0,25.53515625,0.0,5.2785797119140625
10.094,11.328031881600001,-0.023622047244094488,-0.0234375,1.0,0.1975,0.8025,0.8025,0.1975,0.0,2.20703125,6.640625,28.98046875,0.0,8.828125,27.91015625,30.703125,287.2101593017578,8.29296875,17.14453125,30.89453125,0.0,2.2421875,0.0,28.0234375,0.0,0.0,25.7265625,0.0,5.2785797119140625
10.283,11.3193932964,-0.023622047244094488,-0.0234375,1.0,0.1975,0.8025,0.8025,0.1975,0.0,2.19140625,10.0546875,27.06640625,0.0,8.85546875,26.9921875,30.703125,283.1023254394531,8.234375,18.98046875,30.89453125,0.0,2.24609375,0.0,27.83203125,0.0,0.0,25.34375,0.0,5.2785797119140625
10.451,11.302116126,-0.03937007874015748,-0.0234375,1.0,0.1975,0.8025,0.8025,0.1975,2.54058837890625,2.2109375,7.296875,28.0234375,0.0,8.234375,30.01171875,30.51171875,298.76292419433594,8.3203125,19.76953125,30.89453125,0.0,2.2265625,0.0,28.21484375,0.0,0.0,24.9609375,0.0,5.2785797119140625
10.624,11.345309052,-0.007874015748031496,-0.0234375,1.0,0.1975,0.8025,0.8025,0.1975,0.0,2.19140625,9.3984375,27.83203125,0.0,8.6875,28.56640625,30.51171875,293.24168395996094,8.29296875,18.8515625,30.703125,0.0,2.2421875,0.0,27.83203125,0.0,0.0,24.1953125,0.0,5.2785797119140625
10.79,11.336670466800001,-0.007874015748031496,-0.0234375,1.0,0.1975,0.8025,0.8025,0.1975,-3.5789337158203125,2.19140625,12.6796875,27.640625,0.0,8.6875,28.171875,30.89453125,278.01910400390625,8.29296875,18.45703125,30.703125,0.0,2.2734375,0.0,27.640625,0.0,0.0,24.9609375,0.0,5.288360595703125
10.952,11.353947637200001,-0.007874015748031496,-0.0234375,1.0,0.1975,0.8025,0.8025,0.1975,0.0,2.2265625,5.71875,28.98046875,0.0,8.265625,30.14453125,31.27734375,277.19627380371094,8.1796875,17.2734375,30.89453125,0.0,2.2421875,0.0,28.0234375,0.0,0.0,25.34375,0.0,5.2785797119140625
11.123,11.353947637200001,-0.007874015748031496,-0.0234375,1.0,0.1975,0.8025,0.8025,0.1975,0.0,2.21875,6.24609375,27.44921875,0.0,8.66015625,27.38671875,30.703125,292.2596740722656,8.34765625,18.45703125,30.51171875,0.0,2.25390625,0.0,28.59765625,0.0,0.0,25.91796875,0.0,5.32745361328125
11.294,11.2675617852,-0.007874015748031496,-0.0234375,1.0,0.1975,0.8025,0.8025,0.1975,-4.40289306640625,2.20703125,6.90234375,27.44921875,0.0,8.66015625,30.40625,30.51171875,273.5042724609375,8.34765625,18.32421875,30.51171875,0.0,2.25390625,0.0,27.83203125,0.0,0.0,25.15234375,0.0,5.3079071044921875
11.463,11.302116126,-0.007874015748031496,-0.0234375,1.0,0.1975,0.8025,0.8025,0.1975,0.0,2.19921875,12.41796875,28.40625,0.0,8.43359375,28.56640625,30.3203125,266.4815979003906,8.375,17.14453125,31.0859375,0.0,2.24609375,0.0,27.83203125,0.0,0.0,25.34375,0.0,5.2981414794921875
11.648,11.3193932964,-0.007874015748031496,-0.0234375,1.0,0.1975,0.8025,0.8025,0.1975,-8.037628173828125,2.19921875,9.3984375,28.0234375,0.0,8.7734375,27.515625,30.703125,300.2580261230469,8.265625,18.0625,30.703125,0.0,2.234375,0.0,27.83203125,0.0,0.0,25.7265625,0.0,5.2981414794921875
11.814,11.284838955600001,-0.007874015748031496,-0.0234375,1.0,0.1975,0.8025,0.8025,0.1975,0.0,2.19921875,7.953125,27.44921875,0.0,8.34765625,28.9609375,30.51171875,283.8137512207031,8.15234375,17.80078125,30.703125,0.0,2.24609375,0.0,28.7890625,0.0,0.0,26.4921875,0.0,5.31768798828125
11.991,11.3193932964,-0.007874015748031496,-0.0234375,1.0,0.1975,0.8025,0.8025,0.1975,-3.67108154296875,2.18359375,11.3671875,27.44921875,0.0,9.08203125,28.04296875,30.51171875,271.9546661376953,8.20703125,18.45703125,31.0859375,0.0,2.2421875,0.0,28.21484375,0.0,0.0,25.53515625,0.0,5.2981414794921875
12.151,11.310754711200001,-0.007874015748031496,-0.0234375,1.0,0.1975,0.8025,0.8025,0.1975,0.0,2.19921875,7.296875,27.2578125,0.0,7.953125,31.1953125,30.89453125,270.57496643066406,8.06640625,18.98046875,31.0859375,0.0,2.24609375,0.0,28.21484375,0.0,0.0,24.76953125,0.0,5.288360595703125
12.343,11.302116126,-0.007874015748031496,-0.0234375,1.0,0.1975,0.8025,0.8025,0.1975,0.0,2.19921875,5.984375,28.59765625,0.0,8.48828125,28.04296875,31.27734375,275.60467529296875,8.29296875,18.0625,30.51171875,0.0,2.24609375,0.0,28.0234375,0.0,0.0,26.875,0.0,5.31768798828125
12.504,11.328031881600001,-0.007874015748031496,-0.0234375,1.0,0.1975,0.8025,0.8025,0.1975,-4.258636474609375,2.21875,5.0625,28.0234375,0.0,8.4609375,28.9609375,30.703125,281.5455627441406,8.15234375,20.03125,30.51171875,0.0,2.2421875,0.0,27.83203125,0.0,0.0,25.34375,0.0,5.31768798828125
12.672,11.2762003704,-0.007874015748031496,-0.0234375,1.0,0.1975,0.8025,0.8025,0.1975,0.0,2.19921875,6.5078125,28.21484375,0.0,8.8828125,28.56640625,30.703125,299.78919982910156,8.1796875,18.45703125,30.12890625,0.0,2.2265625,0.0,28.21484375,0.0,0.0,24.9609375,0.0,5.2785797119140625
12.85,11.2762003704,-0.007874015748031496,-0.0234375,1.0,0.1975,0.8025,0.8025,0.1975,-8.335403442382812,2.20703125,5.984375,28.21484375,0.0,8.80078125,27.38671875,30.703125,293.3088836669922,8.265625,17.40625,30.703125,0.0,2.2890625,0.0,27.83203125,0.0,0.0,24.38671875,0.0,5.2785797119140625
13.024,11.6822138748,-0.007874015748031496,-0.0234375,-0.0390625,0.16328740157480315,0.6634842519685039,0.6634842519685039,0.16328740157480315,0.0,1.87890625,6.5078125,28.21484375,0.0,7.578125,25.6796875,30.703125,250.0325469970703,7.3203125,13.859375,31.27734375,0.0,1.9765625,0.0,28.59765625,0.0,0.0,24.9609375,0.0,5.2688140869140625
13.187,12.304192009200001,-0.007874015748031496,-0.0234375,0.0,0.0,0.0,-0.0,-0.0,0.0,0.0,0.0,26.875,0.0,0.0,0.0,30.51171875,109.77388000488281,0.0,0.0,31.66015625,0.0,0.0,0.0,28.59765625,0.0,0.0,25.15234375,0.0,5.2785797119140625
13.352,12.347384935200001,-0.007874015748031496,-0.0234375,0.0,0.0,0.0,-0.0,-0.0,-2.4612274169921875,0.0,0.0,27.640625,0.0,0.0,0.0,30.703125,58.79740905761719,0.0,0.0,30.89453125,0.0,0.0,0.0,28.7890625,0.0,0.0,24.38671875,0.0,5.2785797119140625
