Timestamp,Bat_Voltage,Driver_Joy_Y,Driver_Joy_X,Driver_Joy_W,Mecanum_FL,Mecanum_BL,Mecanum_BR,Mecanum_FR,FL_Jag_Speed,FL_Out_Voltage,FL_Out_Current,FL_Temp,BL_Jag_Speed,BL_Out_Voltage,BL_Out_Current,BL_Temp,BR_Jag_Speed,BR_Out_Voltage,BR_Out_Current,BR_Temp,FR_Jag_Speed,FR_Out_Voltage,FR_Out_Current,FR_Temp,Pickup_Out_Voltage,Pickup_Out_Current,Pickup_Temp,SH1_Out_Voltage,SH1_Out_Current,SH1_Temp,SH2_Out_Voltage,SH2_Out_Current,SH2_Temp,SHmain_Speed,SHmain_Angle
0.0080,12.511518054,-0.0,0.0,0.0,0.0,0.0,-0.0,-0.0,0.0,0.0,0.0,30.3203125,0.0,0.0,0.0,34.1484375,0.0,0.0,0.0,34.1484375,0.0,0.0,0.0,30.703125,0.0,0.0,27.2578125,0.0,5.474090576171875
0.179,12.597903906,-0.0,0.0,0.0,0.0,0.0,-0.0,-0.0,0.0,0.0,0.0,29.74609375,0.0,0.0,0.0,33.0,0.0,0.0,0.0,34.53125,0.0,0.0,0.0,30.51171875,0.0,0.0,26.875,0.0,5.474090576171875
0.342,12.580626735600001,-0.0,0.0,0.0,0.0,0.0,-0.0,-0.0,0.0,0.0,0.0,30.3203125,0.0,0.0,0.0,33.3828125,0.0,0.0,0.0,34.33984375,0.0,0.0,0.0,30.3203125,0.0,0.0,27.640625,0.0,5.474090576171875
0.506,12.571988150400001,-0.0,0.0,0.0,0.0,0.0,-0.0,-0.0,0.0,0.0,0.0,30.703125,0.0,0.0,0.0,32.42578125,0.0,0.0,0.0,34.72265625,0.0,0.0,0.0,29.9375,0.0,0.0,27.83203125,0.0,5.4643096923828125
0.669,12.554710980000001,-0.0,0.0,0.0,0.0,0.0,-0.0,-0.0,0.0,0.0,0.0,29.74609375,0.0,0.0,0.0,32.6171875,0.0,0.0,0.0,34.72265625,0.0,0.0,0.0,30.51171875,0.0,0.0,27.2578125,0.0,5.474090576171875
0.827,12.5892653208,-0.0,0.0,0.0,0.0,0.0,-0.0,-0.0,0.0,0.0,0.0,29.74609375,0.0,0.0,0.0,33.19140625,0.0,0.0,0.0,34.33984375,0.0,0.0,0.0,29.9375,0.0,0.0,27.2578125,0.0,5.474090576171875
0.999,12.5374338096,-0.0,0.0,0.0,0.0,0.0,-0.0,-0.0,0.0,0.0,0.0,30.51171875,0.0,0.0,0.0,32.80859375,0.0,0.0,0.0,34.1484375,0.0,0.0,0.0,30.51171875,0.0,0.0,27.44921875,0.0,5.474090576171875
1.16,12.5633495652,-0.0,0.0,0.0,0.0,0.0,-0.0,-0.0,0.0,0.0,0.0,30.12890625,0.0,0.0,0.0,32.80859375,0.0,0.0,0.0,34.72265625,0.0,0.0,0.0,30.89453125,0.0,0.0,26.875,0.0,5.4643096923828125
1.339,12.571988150400001,-0.0,0.0,0.0,0.0,0.0,-0.0,-0.0,0.0,0.0,0.0,30.12890625,0.0,0.0,0.0,32.6171875,0.0,0.0,0.0,34.72265625,0.0,0.0,0.0,30.51171875,0.0,0.0,27.44921875,0.0,5.4643096923828125
1.5,12.5374338096,-0.0,0.0,0.0,0.0,0.0,-0.0,-0.0,0.0,0.0,0.0,30.3203125,0.0,0.0,0.0,32.80859375,0.0,0.0,0.0,34.9140625,0.0,0.0,0.0,29.36328125,0.0,0.0,27.06640625,0.0,5.4643096923828125
1.658,12.528795224400001,-0.0,0.0,0.0,0.0,0.0,-0.0,-0.0,0.0,0.0,0.0,30.3203125,0.0,0.0,0.0,32.80859375,0.0,0.0,0.0,34.53125,0.0,0.0,0.0,30.703125,0.0,0.0,27.44921875,0.0,5.474090576171875
1.821,12.5633495652,-0.0,0.0,0.0,0.0,0.0,-0.0,-0.0,0.0,0.0,0.0,31.46875,0.0,0.0,0.0,32.42578125,0.0,0.0,0.0,34.72265625,0.0,0.0,0.0,30.12890625,0.0,0.0,27.83203125,0.0,5.474090576171875
2.008,12.511518054,-0.0,0.0,0.0,0.0,0.0,-0.0,-0.0,0.0,0.0,0.0,30.51171875,0.0,0.0,0.0,33.19140625,0.0,0.0,0.0,34.72265625,0.0,0.0,0.0,30.703125,0.0,0.0,27.640625,0.0,5.4643096923828125
2.168,12.528795224400001,-0.0,0.0,0.0,0.0,0.0,-0.0,-0.0,0.0,0.0,0.0,30.3203125,0.0,0.0,0.0,32.42578125,0.0,0.0,0.0,34.33984375,0.0,0.0,0.0,30.3203125,0.0,0.0,28.0234375,0.0,5.4643096923828125
2.328,12.4596865428,-0.0,0.0,0.0,0.0,0.0,-0.0,-0.0,0.0,0.0,0.0,29.74609375,0.0,0.0,0.0,33.19140625,0.0,0.0,0.0,34.72265625,0.0,0.0,0.0,29.9375,0.0,0.0,27.44921875,0.0,5.474090576171875
2.499,12.4942408836,-0.0,0.0,0.0,0.0,0.0,-0.0,-0.0,0.0,0.0,0.0,29.74609375,0.0,0.0,0.0,32.6171875,0.0,0.0,0.0,34.72265625,0.0,0.0,0.0,30.703125,0.0,0.0,27.44921875,0.0,5.4643096923828125
2.652,12.511518054,-0.0,0.0,0.0,0.0,0.0,-0.0,-0.0,0.0,0.0,0.0,30.3203125,0.0,0.0,0.0,33.3828125,0.0,0.0,0.0,34.53125,0.0,0.0,0.0,30.51171875,0.0,0.0,27.2578125,0.0,5.474090576171875
2.817,12.502879468800002,-0.0,0.0,0.0,0.0,0.0,-0.0,-0.0,0.0,0.0,0.0,29.74609375,0.0,0.0,0.0,32.80859375,0.0,0.0,0.0,33.765625,0.0,0.0,0.0,30.51171875,0.0,0.0,27.2578125,0.0,5.474090576171875
2.983,12.4856022984,-0.0,0.0,0.0,0.0,0.0,-0.0,-0.0,0.0,0.0,0.0,30.3203125,0.0,0.0,0.0,33.0,0.0,0.0,0.0,34.33984375,0.0,0.0,0.0,30.12890625,0.0,0.0,27.2578125,0.0,5.4643096923828125
3.147,12.468325128,-0.0,0.0,0.0,0.0,0.0,-0.0,-0.0,0.0,0.0,0.0,30.3203125,0.0,0.0,0.0,33.0,0.0,0.0,0.0,34.72265625,0.0,0.0,0.0,30.3203125,0.0,0.0,25.53515625,0.0,5.474090576171875
3.309,12.5201566392,-0.0,0.0,0.0,0.0,0.0,-0.0,-0.0,0.0,0.0,0.0,29.9375,0.0,0.0,0.0,32.80859375,0.0,0.0,0.0,34.9140625,0.0,0.0,0.0,30.703125,0.0,0.0,26.68359375,0.0,5.474090576171875
3.469,12.4942408836,-0.0,0.0,0.0,0.0,0.0,-0.0,-0.0,0.0,0.0,0.0,30.703125,0.0,0.0,0.0,32.6171875,0.0,0.0,0.0,34.72265625,0.0,0.0,0.0,30.3203125,0.0,0.0,27.640625,0.0,5.474090576171875
3.638,12.502879468800002,-0.0,0.0,0.0,0.0,0.0,-0.0,-0.0,0.0,0.0,0.0,30.12890625,0.0,0.0,0.0,32.42578125,0.0,0.0,0.0,34.9140625,0.0,0.0,0.0,30.51171875,0.0,0.0,27.2578125,0.0,5.4643096923828125
3.803,12.502879468800002,-0.0,0.0,0.0,0.0,0.0,-0.0,-0.0,0.0,0.0,0.0,31.46875,0.0,0.0,0.0,32.80859375,0.0,0.0,0.0,34.9140625,0.0,0.0,0.0,30.51171875,0.0,0.0,27.06640625,0.0,5.4643096923828125
3.988,12.7447598544,-0.0,0.0,0.0,0.0,0.0,-0.0,-0.0,0.0,0.0,0.0,29.5546875,0.0,0.0,0.0,33.19140625,0.0,0.0,0.0,34.9140625,0.0,0.0,0.0,30.51171875,0.0,0.0,27.44921875,0.0,5.474090576171875
4.149,12.779314195200001,-0.0,0.0,0.0,0.0,0.0,-0.0,-0.0,0.0,0.0,0.0,29.74609375,0.0,0.0,0.0,32.6171875,0.0,0.0,0.0,35.10546875,0.0,0.0,0.0,30.703125,0.0,0.0,27.06640625,0.0,5.474090576171875
4.309,12.7965913656,-0.0,0.0,0.0,0.0,0.0,-0.0,-0.0,0.0,0.0,0.0,30.3203125,0.0,0.0,0.0,32.80859375,0.0,0.0,0.0,34.9140625,0.0,0.0,0.0,30.703125,0.0,0.0,26.68359375,0.0,5.474090576171875
4.473,12.805229950800001,-0.0,0.0,0.0,0.0,0.0,-0.0,-0.0,0.0,0.0,0.0,31.66015625,0.0,0.0,0.0,33.0,0.0,0.0,0.0,34.9140625,0.0,0.0,0.0,30.51171875,0.0,0.0,27.44921875,0.0,5.474090576171875
4.636,12.813868536000001,-0.0,0.0,0.0,0.0,0.0,-0.0,-0.0,0.0,0.0,0.0,30.51171875,0.0,0.0,0.0,33.19140625,0.0,0.0,0.0,34.9140625,0.0,0.0,0.0,30.12890625,0.0,0.0,27.83203125,0.0,5.474090576171875
4.801,12.813868536000001,-0.0,0.0,0.0,0.0,0.0,-0.0,-0.0,0.0,0.0,0.0,30.12890625,0.0,0.0,0.0,33.0,0.0,0.0,0.0,34.9140625,0.0,0.0,0.0,30.3203125,0.0,0.0,27.44921875,0.0,5.474090576171875
4.961,12.822507121200001,-0.0,0.0,0.0,0.0,0.0,-0.0,-0.0,0.0,0.0,0.0,30.12890625,0.0,0.0,0.0,32.42578125,0.0,0.0,0.0,35.10546875,0.0,0.0,0.0,30.12890625,0.0,0.0,27.83203125,0.0,5.474090576171875
5.11,12.822507121200001,-0.0,0.0,0.0,0.0,0.0,-0.0,-0.0,0.0,0.0,0.0,30.51171875,0.0,0.0,0.0,33.57421875,0.0,0.0,0.0,34.9140625,0.0,0.0,0.0,30.51171875,0.0,0.0,27.83203125,0.0,5.474090576171875
5.277,12.822507121200001,-0.0,0.0,0.0,0.0,0.0,-0.0,-0.0,0.0,0.0,0.0,30.3203125,0.0,0.0,0.0,33.3828125,0.0,0.0,0.0,34.53125,0.0,0.0,0.0,30.51171875,0.0,0.0,27.44921875,0.0,5.4643096923828125
5.437,12.831145706400001,-0.0,0.0,0.0,0.0,0.0,-0.0,-0.0,0.0,0.0,0.0,29.9375,0.0,0.0,0.0,32.234375,0.0,0.0,0.0,34.53125,0.0,0.0,0.0,30.3203125,0.0,0.0,27.44921875,0.0,5.474090576171875
5.599,12.831145706400001,-0.0,0.0,0.0,0.0,0.0,-0.0,-0.0,0.0,0.0,0.0,29.5546875,0.0,0.0,0.0,33.19140625,0.0,0.0,0.0,34.33984375,0.0,0.0,0.0,30.51171875,0.0,0.0,28.0234375,0.0,5.474090576171875
5.761,12.839784291600001,-0.0,0.0,0.0,0.0,0.0,-0.0,-0.0,0.0,0.0,0.0,31.0859375,0.0,0.0,0.0,32.80859375,0.0,0.0,0.0,33.95703125,0.0,0.0,0.0,30.703125,0.0,0.0,27.83203125,0.0,5.4643096923828125
5.927,12.839784291600001,-0.0,0.0,0.0,0.0,0.0,-0.0,-0.0,0.0,0.0,0.0,30.703125,0.0,0.0,0.0,32.6171875,0.0,0.0,0.0,34.9140625,0.0,0.0,0.0,30.3203125,0.0,0.0,27.83203125,0.0,5.4643096923828125
6.136,12.839784291600001,-0.0,0.0,0.0,0.0,0.0,-0.0,-0.0,0.0,0.0,0.0,30.12890625,0.0,0.0,0.0,33.19140625,0.0,0.0,0.0,35.10546875,0.0,0.0,0.0,30.703125,0.0,0.0,27.44921875,0.0,5.4643096923828125
6.292,12.839784291600001,-0.0,0.0,0.0,0.0,0.0,-0.0,-0.0,0.0,0.0,0.0,30.51171875,0.0,0.0,0.0,33.19140625,0.0,0.0,0.0,34.53125,0.0,0.0,0.0,31.0859375,0.0,0.0,27.44921875,0.0,5.4643096923828125
6.455,12.8484228768,-0.0,0.0,0.0,0.0,0.0,-0.0,-0.0,0.0,0.0,0.0,29.9375,0.0,0.0,0.0,33.19140625,0.0,0.0,0.0,34.72265625,0.0,0.0,0.0,30.51171875,0.0,0.0,27.83203125,0.0,5.474090576171875
6.62,12.8484228768,-0.0,0.0,0.0,0.0,0.0,-0.0,-0.0,0.0,0.0,0.0,30.3203125,0.0,0.0,0.0,32.6171875,0.0,0.0,0.0,34.72265625,0.0,0.0,0.0,30.89453125,0.0,0.0,27.640625,0.0,5.483856201171875
6.783,12.8484228768,-0.0,0.0,0.0,0.0,0.0,-0.0,-0.0,0.0,0.0,0.0,30.3203125,0.0,0.0,0.0,33.0,0.0,0.0,0.0,35.10546875,0.0,0.0,0.0,30.51171875,0.0,0.0,27.83203125,0.0,5.4643096923828125
6.943,12.8484228768,-0.0,0.0,0.0,0.0,0.0,-0.0,-0.0,0.0,0.0,0.0,30.12890625,0.0,0.0,0.0,33.95703125,0.0,0.0,0.0,35.48828125,0.0,0.0,0.0,30.89453125,0.0,0.0,27.83203125,0.0,5.4643096923828125
7.123,12.857061462,-0.0,0.0,0.0,0.0,0.0,-0.0,-0.0,0.0,0.0,0.0,29.9375,0.0,0.0,0.0,32.80859375,0.0,0.0,0.0,35.10546875,0.0,0.0,0.0,30.3203125,0.0,0.0,27.06640625,0.0,5.474090576171875
7.282,12.857061462,-0.0,0.0,0.0,0.0,0.0,-0.0,-0.0,0.0,0.0,0.0,29.74609375,0.0,0.0,0.0,33.0,0.0,0.0,0.0,34.53125,0.0,0.0,0.0,30.3203125,0.0,0.0,28.21484375,0.0,5.474090576171875
7.45,12.857061462,-0.0,0.0,0.0,0.0,0.0,-0.0,-0.0,0.0,0.0,0.0,30.89453125,0.0,0.0,0.0,33.0,0.0,0.0,0.0,34.72265625,0.0,0.0,0.0,30.51171875,0.0,0.0,28.0234375,0.0,5.474090576171875
7.619,12.857061462,-0.0,0.0,0.0,0.0,0.0,-0.0,-0.0,0.0,0.0,0.0,31.0859375,0.0,0.0,0.0,32.6171875,0.0,0.0,0.0,34.53125,0.0,0.0,0.0,30.89453125,0.0,0.0,28.21484375,0.0,5.474090576171875
7.8,12.857061462,-0.0,0.0,0.0,0.0,0.0,-0.0,-0.0,0.0,0.0,0.0,30.51171875,0.0,0.0,0.0,32.80859375,0.0,0.0,0.0,35.10546875,0.0,0.0,0.0,30.3203125,0.0,0.0,27.44921875,0.0,5.4643096923828125
7.963,12.857061462,-0.0,0.0,0.0,0.0,0.0,-0.0,-0.0,0.0,0.0,0.0,31.27734375,0.0,0.0,0.0,33.19140625,0.0,0.0,0.0,34.9140625,0.0,0.0,0.0,30.51171875,0.0,0.0,27.44921875,0.0,5.474090576171875
8.13,12.8657000472,-0.0,0.0,0.0,0.0,0.0,-0.0,-0.0,0.0,0.0,0.0,30.51171875,0.0,0.0,0.0,33.19140625,0.0,0.0,0.0,34.53125,0.0,0.0,0.0,30.89453125,0.0,0.0,26.875,0.0,5.474090576171875
8.3,12.8657000472,-0.0,0.0,0.0,0.0,0.0,-0.0,-0.0,0.0,0.0,0.0,30.51171875,0.0,0.0,0.0,32.80859375,0.0,0.0,0.0,34.72265625,0.0,0.0,0.0,30.3203125,0.0,0.0,27.44921875,0.0,5.4643096923828125
8.463,12.8657000472,-0.0,0.0,0.0,0.0,0.0,-0.0,-0.0,0.0,0.0,0.0,30.89453125,0.0,0.0,0.0,34.1484375,0.0,0.0,0.0,34.72265625,0.0,0.0,0.0,30.89453125,0.0,0.0,27.2578125,0.0,5.4643096923828125
8.629,12.8657000472,-0.0,0.0,0.0,0.0,0.0,-0.0,-0.0,0.0,0.0,0.0,30.703125,0.0,0.0,0.0,33.57421875,0.0,0.0,0.0,35.10546875,0.0,0.0,0.0,30.89453125,0.0,0.0,27.44921875,0.0,5.474090576171875
8.802,12.8657000472,-0.0,0.0,0.0,0.0,0.0,-0.0,-0.0,0.0,0.0,0.0,30.703125,0.0,0.0,0.0,33.19140625,0.0,0.0,0.0,35.10546875,0.0,0.0,0.0,30.89453125,0.0,0.0,27.83203125,0.0,5.474090576171875
8.96,12.8657000472,-0.0,0.0,0.0,0.0,0.0,-0.0,-0.0,0.0,0.0,0.0,30.51171875,0.0,0.0,0.0,33.0,0.0,0.0,0.0,35.10546875,0.0,0.0,0.0,30.89453125,0.0,0.0,26.875,0.0,5.4643096923828125
9.127,12.8743386324,-0.0,0.0,0.0,0.0,0.0,-0.0,-0.0,0.0,0.0,0.0,30.703125,0.0,0.0,0.0,33.19140625,0.0,0.0,0.0,34.53125,0.0,0.0,0.0,30.12890625,0.0,0.0,28.98046875,0.0,5.474090576171875
9.31,12.8743386324,-0.0,0.0,0.0,0.0,0.0,-0.0,-0.0,0.0,0.0,0.0,31.0859375,0.0,0.0,0.0,33.3828125,0.0,0.0,0.0,34.72265625,0.0,0.0,0.0,30.51171875,0.0,0.0,26.4921875,0.0,5.474090576171875
9.479,12.8743386324,-0.0,0.0,0.0,0.0,0.0,-0.0,-0.0,0.0,0.0,0.0,30.703125,0.0,0.0,0.0,33.0,0.0,0.0,0.0,34.9140625,0.0,0.0,0.0,30.3203125,0.0,0.0,27.06640625,0.0,5.474090576171875
9.649,12.8743386324,-0.0,0.0,0.0,0.0,0.0,-0.0,-0.0,0.0,0.0,0.0,30.3203125,0.0,0.0,0.0,32.04296875,0.0,0.0,0.0,34.9140625,0.0,0.0,0.0,30.89453125,0.0,0.0,27.44921875,0.0,5.4643096923828125
9.825,12.8743386324,-0.0,0.0,0.0,0.0,0.0,-0.0,-0.0,0.0,0.0,0.0,30.3203125,0.0,0.0,0.0,33.765625,0.0,0.0,0.0,34.72265625,0.0,0.0,0.0,31.0859375,0.0,0.0,27.44921875,0.0,5.474090576171875
9.983,12.8743386324,-0.0,0.0,0.0,0.0,0.0,-0.0,-0.0,0.0,0.0,0.0,30.89453125,0.0,0.0,0.0,33.95703125,0.0,0.0,0.0,34.53125,0.0,0.0,0.0,31.0859375,0.0,0.0,27.640625,0.0,5.474090576171875
10.15,12.8743386324,-0.0,0.0,0.0,0.0,0.0,-0.0,-0.0,0.0,0.0,0.0,30.3203125,0.0,0.0,0.0,33.0,0.0,0.0,0.0,35.296875,0.0,0.0,0.0,31.0859375,0.0,0.0,28.98046875,0.0,5.474090576171875
10.321,12.8829772176,-0.0,0.0,0.0,0.0,0.0,-0.0,-0.0,0.0,0.0,0.0,30.3203125,0.0,0.0,0.0,33.765625,0.0,0.0,0.0,34.33984375,0.0,0.0,0.0,31.0859375,0.0,0.0,27.640625,0.0,5.4643096923828125
10.491,12.8829772176,-0.0,0.0,0.0,0.0,0.0,-0.0,-0.0,0.0,0.0,0.0,30.3203125,0.0,0.0,0.0,33.19140625,0.0,0.0,0.0,34.72265625,0.0,0.0,0.0,30.3203125,0.0,0.0,27.06640625,0.0,5.474090576171875
10.663,12.8829772176,-0.0,0.0,0.0,0.0,0.0,-0.0,-0.0,0.0,0.0,0.0,31.27734375,0.0,0.0,0.0,33.3828125,0.0,0.0,0.0,34.72265625,0.0,0.0,0.0,30.703125,0.0,0.0,27.2578125,0.0,5.4643096923828125
10.827,12.8829772176,-0.0,0.0,0.0,0.0,0.0,-0.0,-0.0,0.0,0.0,0.0,30.51171875,0.0,0.0,0.0,32.80859375,0.0,0.0,0.0,34.53125,0.0,0.0,0.0,30.703125,0.0,0.0,27.640625,0.0,5.474090576171875
10.99,12.8829772176,-0.0,0.0,0.0,0.0,0.0,-0.0,-0.0,0.0,0.0,0.0,30.89453125,0.0,0.0,0.0,33.3828125,0.0,0.0,0.0,35.48828125,0.0,0.0,0.0,30.89453125,0.0,0.0,27.640625,0.0,5.4643096923828125
11.16,12.8829772176,-0.0,0.0,0.0,0.0,0.0,-0.0,-0.0,0.0,0.0,0.0,31.66015625,0.0,0.0,0.0,33.0,0.0,0.0,0.0,34.33984375,0.0,0.0,0.0,31.0859375,0.0,0.0,27.44921875,0.0,5.474090576171875
11.323,12.8829772176,-0.0,0.0,0.0,0.0,0.0,-0.0,-0.0,0.0,0.0,0.0,30.3203125,0.0,0.0,0.0,33.19140625,0.0,0.0,0.0,34.72265625,0.0,0.0,0.0,30.51171875,0.0,0.0,25.91796875,0.0,5.4643096923828125
11.501,12.8829772176,-0.0,0.0,0.0,0.0,0.0,-0.0,-0.0,0.0,0.0,0.0,31.0859375,0.0,0.0,0.0,33.765625,0.0,0.0,0.0,35.48828125,0.0,0.0,0.0,30.703125,0.0,0.0,28.98046875,0.0,5.474090576171875
11.668,12.8829772176,-0.0,0.0,0.0,0.0,0.0,-0.0,-0.0,0.0,0.0,0.0,29.9375,0.0,0.0,0.0,32.80859375,0.0,0.0,0.0,34.53125,0.0,0.0,0.0,30.51171875,0.0,0.0,27.640625,0.0,5.474090576171875
11.841,12.8829772176,-0.0,0.0,0.0,0.0,0.0,-0.0,-0.0,0.0,0.0,0.0,30.51171875,0.0,0.0,0.0,33.0,0.0,0.0,0.0,34.9140625,0.0,0.0,0.0,30.89453125,0.0,0.0,28.21484375,0.0,5.474090576171875
12.001,12.8916158028,-0.0,0.0,0.0,0.0,0.0,-0.0,-0.0,0.0,0.0,0.0,31.0859375,0.0,0.0,0.0,32.6171875,0.0,0.0,0.0,35.10546875,0.0,0.0,0.0,30.703125,0.0,0.0,27.640625,0.0,5.474090576171875
12.181,12.8829772176,-0.0,0.0,0.0,0.0,0.0,-0.0,-0.0,0.0,0.0,0.0,30.3203125,0.0,0.0,0.0,32.80859375,0.0,0.0,0.0,34.9140625,0.0,0.0,0.0,30.51171875,0.0,0.0,28.0234375,0.0,5.474090576171875
12.343,12.8916158028,-0.0,0.0,0.0,0.0,0.0,-0.0,-0.0,0.0,0.0,0.0,30.703125,0.0,0.0,0.0,32.80859375,0.0,0.0,0.0,34.53125,0.0,0.0,0.0,30.703125,0.0,0.0,27.44921875,0.0,5.474090576171875
12.502,12.8916158028,-0.0,0.0,0.0,0.0,0.0,-0.0,-0.0,0.0,0.0,0.0,30.51171875,0.0,0.0,0.0,33.95703125,0.0,0.0,0.0,34.72265625,0.0,0.0,0.0,30.703125,0.0,0.0,28.21484375,0.0,5.474090576171875
12.67,12.8916158028,-0.0,0.0,0.0,0.0,0.0,-0.0,-0.0,0.0,0.0,0.0,30.703125,0.0,0.0,0.0,32.6171875,0.0,0.0,0.0,34.72265625,0.0,0.0,0.0,30.51171875,0.0,0.0,25.91796875,0.0,5.474090576171875
12.84,12.8916158028,-0.0,0.0,0.0,0.0,0.0,-0.0,-0.0,0.0,0.0,0.0,30.3203125,0.0,0.0,0.0,33.3828125,0.0,0.0,0.0,34.9140625,0.0,0.0,0.0,30.3203125,0.0,0.0,29.36328125,0.0,5.474090576171875
13.001,12.8916158028,-0.0,0.0,0.0,0.0,0.0,-0.0,-0.0,0.0,0.0,0.0,30.3203125,0.0,0.0,0.0,33.19140625,0.0,0.0,0.0,34.33984375,0.0,0.0,0.0,30.51171875,0.0,0.0,27.44921875,0.0,5.4643096923828125
13.162,12.8916158028,-0.0,0.0,0.0,0.0,0.0,-0.0,-0.0,0.0,0.0,0.0,30.12890625,0.0,0.0,0.0,33.3828125,0.0,0.0,0.0,34.9140625,0.0,0.0,0.0,30.703125,0.0,0.0,28.59765625,0.0,5.474090576171875
13.321,12.8916158028,-0.0,0.0,0.0,0.0,0.0,-0.0,-0.0,0.0,0.0,0.0,30.3203125,0.0,0.0,0.0,33.95703125,0.0,0.0,0.0,34.53125,0.0,0.0,0.0,30.89453125,0.0,0.0,27.640625,0.0,5.4643096923828125
13.481,12.8916158028,-0.0,0.0,0.0,0.0,0.0,-0.0,-0.0,0.0,0.0,0.0,30.703125,0.0,0.0,0.0,33.57421875,0.0,0.0,0.0,34.9140625,0.0,0.0,0.0,31.0859375,0.0,0.0,27.640625,0.0,5.474090576171875
13.673,12.8916158028,-0.0,0.0,0.0,0.0,0.0,-0.0,-0.0,0.0,0.0,0.0,30.703125,0.0,0.0,0.0,34.1484375,0.0,0.0,0.0,35.10546875,0.0,0.0,0.0,30.51171875,0.0,0.0,27.83203125,0.0,5.474090576171875
13.849,12.8916158028,-0.0,0.0,0.0,0.0,0.0,-0.0,-0.0,0.0,0.0,0.0,30.703125,0.0,0.0,0.0,33.95703125,0.0,0.0,0.0,34.9140625,0.0,0.0,0.0,30.3203125,0.0,0.0,27.83203125,0.0,5.4545440673828125
14.003,12.8916158028,-0.0,0.0,0.0,0.0,0.0,-0.0,-0.0,0.0,0.0,0.0,30.703125,0.0,0.0,0.0,33.19140625,0.0,0.0,0.0,34.33984375,0.0,0.0,0.0,31.27734375,0.0,0.0,27.83203125,0.0,5.474090576171875
14.17,12.900254388,-0.0,0.0,0.0,0.0,0.0,-0.0,-0.0,0.0,0.0,0.0,30.3203125,0.0,0.0,0.0,32.80859375,0.0,0.0,0.0,35.10546875,0.0,0.0,0.0,31.0859375,0.0,0.0,28.0234375,0.0,5.4643096923828125
14.343,12.900254388,-0.0,0.0,0.0,0.0,0.0,-0.0,-0.0,0.0,0.0,0.0,30.51171875,0.0,0.0,0.0,32.80859375,0.0,0.0,0.0,34.53125,0.0,0.0,0.0,30.3203125,0.0,0.0,27.83203125,0.0,5.4643096923828125
14.51,12.900254388,-0.0,0.0,0.0,0.0,0.0,-0.0,-0.0,0.0,0.0,0.0,30.89453125,0.0,0.0,0.0,32.6171875,0.0,0.0,0.0,34.53125,0.0,0.0,0.0,30.703125,0.0,0.0,27.83203125,0.0,5.474090576171875
14.681,12.900254388,-0.0,0.0,0.0,0.0,0.0,-0.0,-0.0,0.0,0.0,0.0,29.9375,0.0,0.0,0.0,33.0,0.0,0.0,0.0,34.72265625,0.0,0.0,0.0,30.89453125,0.0,0.0,26.875,0.0,5.474090576171875
14.849,12.900254388,-0.0,0.0,0.0,0.0,0.0,-0.0,-0.0,0.0,0.0,0.0,30.703125,0.0,0.0,0.0,33.3828125,0.0,0.0,0.0,34.9140625,0.0,0.0,0.0,31.0859375,0.0,0.0,28.0234375,0.0,5.4643096923828125
15.009,12.900254388,-0.0,0.0,0.0,0.0,0.0,-0.0,-0.0,0.0,0.0,0.0,30.3203125,0.0,0.0,0.0,33.57421875,0.0,0.0,0.0,34.72265625,0.0,0.0,0.0,31.0859375,0.0,0.0,27.83203125,0.0,5.474090576171875
15.169,12.900254388,-0.0,0.0,0.0,0.0,0.0,-0.0,-0.0,0.0,0.0,0.0,30.3203125,0.0,0.0,0.0,32.80859375,0.0,0.0,0.0,35.296875,0.0,0.0,0.0,30.51171875,0.0,0.0,27.2578125,0.0,5.4643096923828125
15.351,12.900254388,-0.0,0.0,0.0,0.0,0.0,-0.0,-0.0,0.0,0.0,0.0,29.74609375,0.0,0.0,0.0,32.80859375,0.0,0.0,0.0,34.9140625,0.0,0.0,0.0,30.89453125,0.0,0.0,27.06640625,0.0,5.474090576171875
15.53,12.900254388,-0.0,0.0,0.0,0.0,0.0,-0.0,-0.0,0.0,0.0,0.0,29.74609375,0.0,0.0,0.0,33.19140625,0.0,0.0,0.0,35.296875,0.0,0.0,0.0,31.27734375,0.0,0.0,27.83203125,0.0,5.474090576171875
15.702,12.900254388,-0.0,0.0,0.0,0.0,0.0,-0.0,-0.0,0.0,0.0,0.0,30.703125,0.0,0.0,0.0,32.42578125,0.0,0.0,0.0,35.10546875,0.0,0.0,0.0,30.703125,0.0,0.0,27.83203125,0.0,5.4643096923828125
15.868,12.900254388,-0.0,0.0,0.0,0.0,0.0,-0.0,-0.0,0.0,0.0,0.0,30.703125,0.0,0.0,0.0,33.3828125,0.0,0.0,0.0,34.9140625,0.0,0.0,0.0,31.27734375,0.0,0.0,28.0234375,0.0,5.474090576171875
16.031,12.900254388,-0.0,0.0,0.0,0.0,0.0,-0.0,-0.0,0.0,0.0,0.0,30.51171875,0.0,0.0,0.0,33.0,0.0,0.0,0.0,34.53125,0.0,0.0,0.0,30.89453125,0.0,0.0,27.640625,0.0,5.474090576171875
16.19,12.900254388,-0.0,0.0,0.0,0.0,0.0,-0.0,-0.0,0.0,0.0,0.0,30.51171875,0.0,0.0,0.0,33.3828125,0.0,0.0,0.0,34.9140625,0.0,0.0,0.0,30.89453125,0.0,0.0,27.2578125,0.0,5.474090576171875
16.361,12.900254388,-0.0,0.0,0.0,0.0,0.0,-0.0,-0.0,0.0,0.0,0.0,30.3203125,0.0,0.0,0.0,33.19140625,0.0,0.0,0.0,35.296875,0.0,0.0,0.0,30.89453125,0.0,0.0,27.83203125,0.0,5.4643096923828125
16.52,12.900254388,-0.0,0.0,0.0,0.0,0.0,-0.0,-0.0,0.0,0.0,0.0,30.89453125,0.0,0.0,0.0,33.19140625,0.0,0.0,0.0,34.9140625,0.0,0.0,0.0,31.27734375,0.0,0.0,27.2578125,0.0,5.4643096923828125
16.681,12.900254388,-0.0,0.0,0.0,0.0,0.0,-0.0,-0.0,0.0,0.0,0.0,30.703125,0.0,0.0,0.0,33.765625,0.0,0.0,0.0,34.72265625,0.0,0.0,0.0,29.9375,0.0,0.0,27.2578125,0.0,5.4643096923828125
16.842,12.900254388,-0.0,0.0,0.0,0.0,0.0,-0.0,-0.0,0.0,0.0,0.0,30.703125,0.0,0.0,0.0,32.6171875,0.0,0.0,0.0,34.9140625,0.0,0.0,0.0,30.3203125,0.0,0.0,27.83203125,0.0,5.4545440673828125
17.012,12.900254388,-0.0,0.0,0.0,0.0,0.0,-0.0,-0.0,0.0,0.0,0.0,30.51171875,0.0,0.0,0.0,33.19140625,0.0,0.0,0.0,34.9140625,0.0,0.0,0.0,30.89453125,0.0,0.0,28.40625,0.0,5.474090576171875
17.179,12.900254388,-0.0,0.0,0.0,0.0,0.0,-0.0,-0.0,0.0,0.0,0.0,30.89453125,0.0,0.0,0.0,33.19140625,0.0,0.0,0.0,35.296875,0.0,0.0,0.0,30.3203125,0.0,0.0,27.44921875,0.0,5.4643096923828125
17.342,12.9088929732,-0.0,0.0,0.0,0.0,0.0,-0.0,-0.0,0.0,0.0,0.0,30.12890625,0.0,0.0,0.0,33.0,0.0,0.0,0.0,34.9140625,0.0,0.0,0.0,30.12890625,0.0,0.0,27.83203125,0.0,5.4643096923828125
17.519,12.900254388,-0.0,0.0,0.0,0.0,0.0,-0.0,-0.0,0.0,0.0,0.0,31.0859375,0.0,0.0,0.0,32.80859375,0.0,0.0,0.0,34.9140625,0.0,0.0,0.0,30.703125,0.0,0.0,28.0234375,0.0,5.474090576171875
17.687,12.9088929732,-0.0,0.0,0.0,0.0,0.0,-0.0,-0.0,0.0,0.0,0.0,30.89453125,0.0,0.0,0.0,33.0,0.0,0.0,0.0,35.296875,0.0,0.0,0.0,31.0859375,0.0,0.0,28.21484375,0.0,5.4643096923828125
17.841,12.9088929732,-0.0,0.0,0.0,0.0,0.0,-0.0,-0.0,0.0,0.0,0.0,30.89453125,0.0,0.0,0.0,33.57421875,0.0,0.0,0.0,34.72265625,0.0,0.0,0.0,30.12890625,0.0,0.0,27.2578125,0.0,5.4643096923828125
18.009,12.9088929732,-0.0,0.0,0.0,0.0,0.0,-0.0,-0.0,0.0,0.0,0.0,30.3203125,0.0,0.0,0.0,33.19140625,0.0,0.0,0.0,34.9140625,0.0,0.0,0.0,31.0859375,0.0,0.0,27.640625,0.0,5.4545440673828125
18.181,12.9088929732,-0.0,0.0,0.0,0.0,0.0,-0.0,-0.0,0.0,0.0,0.0,30.51171875,0.0,0.0,0.0,33.3828125,0.0,0.0,0.0,34.9140625,0.0,0.0,0.0,30.89453125,0.0,0.0,28.40625,0.0,5.474090576171875
18.359,12.9088929732,-0.0,0.0,0.0,0.0,0.0,-0.0,-0.0,0.0,0.0,0.0,30.703125,0.0,0.0,0.0,33.0,0.0,0.0,0.0,34.9140625,0.0,0.0,0.0,30.51171875,0.0,0.0,28.21484375,0.0,5.4643096923828125
18.52,12.9088929732,-0.0,0.0,0.0,0.0,0.0,-0.0,-0.0,0.0,0.0,0.0,30.89453125,0.0,0.0,0.0,32.80859375,0.0,0.0,0.0,34.9140625,0.0,0.0,0.0,30.51171875,0.0,0.0,28.21484375,0.0,5.4545440673828125
18.685,12.9088929732,-0.0,0.0,0.0,0.0,0.0,-0.0,-0.0,0.0,0.0,0.0,30.12890625,0.0,0.0,0.0,33.0,0.0,0.0,0.0,34.72265625,0.0,0.0,0.0,30.3203125,0.0,0.0,27.06640625,0.0,5.4545440673828125
18.86,12.9088929732,-0.0,0.0,0.0,0.0,0.0,-0.0,-0.0,0.0,0.0,0.0,29.74609375,0.0,0.0,0.0,33.765625,0.0,0.0,0.0,34.53125,0.0,0.0,0.0,30.89453125,0.0,0.0,27.640625,0.0,5.4545440673828125
19.019,12.9088929732,-0.0,0.0,0.0,0.0,0.0,-0.0,-0.0,0.0,0.0,0.0,30.703125,0.0,0.0,0.0,33.57421875,0.0,0.0,0.0,34.9140625,0.0,0.0,0.0,30.89453125,0.0,0.0,27.83203125,0.0,5.44476318359375
19.182,12.9088929732,-0.0,0.0,0.0,0.0,0.0,-0.0,-0.0,0.0,0.0,0.0,30.51171875,0.0,0.0,0.0,33.0,0.0,0.0,0.0,34.9140625,0.0,0.0,0.0,30.3203125,0.0,0.0,27.2578125,0.0,5.4545440673828125
19.339,12.9088929732,-0.0,0.0,0.0,0.0,0.0,-0.0,-0.0,0.0,0.0,0.0,30.51171875,0.0,0.0,0.0,33.57421875,0.0,0.0,0.0,34.9140625,0.0,0.0,0.0,30.703125,0.0,0.0,28.0234375,0.0,5.44476318359375
19.502,12.9088929732,-0.0,0.0,0.0,0.0,0.0,-0.0,-0.0,0.0,0.0,0.0,30.3203125,0.0,0.0,0.0,33.0,0.0,0.0,0.0,34.72265625,0.0,0.0,0.0,30.51171875,0.0,0.0,27.2578125,0.0,5.4545440673828125
19.669,12.9088929732,-0.0,0.0,0.0,0.0,0.0,-0.0,-0.0,0.0,0.0,0.0,30.703125,0.0,0.0,0.0,33.19140625,0.0,0.0,0.0,34.33984375,0.0,0.0,0.0,30.51171875,0.0,0.0,27.640625,0.0,5.44476318359375
19.839,12.9088929732,-0.0,0.0,0.0,0.0,0.0,-0.0,-0.0,0.0,0.0,0.0,30.703125,0.0,0.0,0.0,33.0,0.0,0.0,0.0,34.9140625,0.0,0.0,0.0,31.0859375,0.0,0.0,27.640625,0.0,5.4545440673828125
20.002,12.9088929732,-0.0,0.0,0.0,0.0,0.0,-0.0,-0.0,0.0,0.0,0.0,30.51171875,0.0,0.0,0.0,34.1484375,0.0,0.0,0.0,34.9140625,0.0,0.0,0.0,31.0859375,0.0,0.0,28.59765625,0.0,5.4643096923828125
20.173,12.9088929732,-0.0,0.0,0.0,0.0,0.0,-0.0,-0.0,0.0,0.0,0.0,29.9375,0.0,0.0,0.0,33.95703125,0.0,0.0,0.0,34.33984375,0.0,0.0,0.0,30.703125,0.0,0.0,27.2578125,0.0,5.4545440673828125
20.34,12.9088929732,-0.0,0.0,0.0,0.0,0.0,-0.0,-0.0,0.0,0.0,0.0,30.89453125,0.0,0.0,0.0,32.04296875,0.0,0.0,0.0,34.72265625,0.0,0.0,0.0,30.51171875,0.0,0.0,28.0234375,0.0,5.4545440673828125
20.502,12.9175315584,-0.0,0.0,0.0,0.0,0.0,-0.0,-0.0,0.0,0.0,0.0,30.703125,0.0,0.0,0.0,33.0,0.0,0.0,0.0,34.9140625,0.0,0.0,0.0,30.703125,0.0,0.0,27.640625,0.0,5.4545440673828125
20.666,12.9088929732,-0.0,0.0,0.0,0.0,0.0,-0.0,-0.0,0.0,0.0,0.0,30.703125,0.0,0.0,0.0,33.57421875,0.0,0.0,0.0,35.10546875,0.0,0.0,0.0,30.89453125,0.0,0.0,28.0234375,0.0,5.5522918701171875
20.839,12.9088929732,-0.0,0.0,0.0,0.0,0.0,-0.0,-0.0,0.0,0.0,0.0,30.51171875,0.0,0.0,0.0,33.3828125,0.0,0.0,0.0,35.296875,0.0,0.0,0.0,30.89453125,0.0,0.0,27.640625,0.0,5.601165771484375
21.001,12.9088929732,-0.0,0.0,0.0,0.0,0.0,-0.0,-0.0,0.0,0.0,0.0,31.46875,0.0,0.0,0.0,33.0,0.0,0.0,0.0,34.9140625,0.0,0.0,0.0,30.12890625,0.0,0.0,26.68359375,0.0,5.6304931640625
21.163,12.9088929732,-0.0,0.0,0.0,0.0,0.0,-0.0,-0.0,0.0,0.0,0.0,30.703125,0.0,0.0,0.0,32.04296875,0.0,0.0,0.0,34.72265625,0.0,0.0,0.0,30.703125,0.0,0.0,28.7890625,0.0,5.6500396728515625
21.349,12.9088929732,-0.0,0.0,0.0,0.0,0.0,-0.0,-0.0,0.0,0.0,0.0,30.89453125,0.0,0.0,0.0,32.80859375,0.0,0.0,0.0,34.9140625,0.0,0.0,0.0,30.3203125,0.0,0.0,27.44921875,0.0,5.6793670654296875
21.524,12.9175315584,-0.0,0.0,0.0,0.0,0.0,-0.0,-0.0,0.0,0.0,0.0,31.0859375,0.0,0.0,0.0,33.0,0.0,0.0,0.0,34.9140625,0.0,0.0,0.0,30.89453125,0.0,0.0,27.44921875,0.0,5.6793670654296875
21.69,12.9088929732,-0.0,0.0,0.0,0.0,0.0,-0.0,-0.0,0.0,0.0,0.0,30.51171875,0.0,0.0,0.0,33.3828125,0.0,0.0,0.0,34.9140625,0.0,0.0,0.0,30.51171875,0.0,0.0,27.640625,0.0,5.6793670654296875
21.87,12.9175315584,-0.0,0.0,0.0,0.0,0.0,-0.0,-0.0,0.0,0.0,0.0,30.12890625,0.0,0.0,0.0,33.3828125,0.0,0.0,0.0,34.72265625,0.0,0.0,0.0,30.89453125,0.0,0.0,28.40625,0.0,5.6793670654296875
22.042,12.9175315584,-0.0,0.0,0.0,0.0,0.0,-0.0,-0.0,0.0,0.0,0.0,30.703125,0.0,0.0,0.0,33.3828125,0.0,0.0,0.0,34.53125,0.0,0.0,0.0,30.51171875,0.0,0.0,27.640625,0.0,5.6793670654296875
22.203,12.9175315584,-0.0,0.0,0.0,0.0,0.0,-0.0,-0.0,0.0,0.0,0.0,31.27734375,0.0,0.0,0.0,33.19140625,0.0,0.0,0.0,35.10546875,0.0,0.0,0.0,31.0859375,0.0,0.0,28.0234375,0.0,5.6793670654296875
22.369,12.9175315584,-0.0,0.0,0.0,0.0,0.0,-0.0,-0.0,0.0,0.0,0.0,30.89453125,0.0,0.0,0.0,33.19140625,0.0,0.0,0.0,34.9140625,0.0,0.0,0.0,30.703125,0.0,0.0,27.640625,0.0,5.669586181640625
22.53,12.9175315584,-0.0,0.0,0.0,0.0,0.0,-0.0,-0.0,0.0,0.0,0.0,30.703125,0.0,0.0,0.0,33.57421875,0.0,0.0,0.0,34.72265625,0.0,0.0,0.0,30.51171875,0.0,0.0,28.40625,0.0,5.659820556640625
22.688,12.9175315584,-0.0,0.0,0.0,0.0,0.0,-0.0,-0.0,0.0,0.0,0.0,30.3203125,0.0,0.0,0.0,33.57421875,0.0,0.0,0.0,35.10546875,0.0,0.0,0.0,30.89453125,0.0,0.0,27.640625,0.0,5.6793670654296875
22.843,12.9175315584,-0.0,0.0,0.0,0.0,0.0,-0.0,-0.0,0.0,0.0,0.0,29.9375,0.0,0.0,0.0,32.42578125,0.0,0.0,0.0,34.9140625,0.0,0.0,0.0,30.89453125,0.0,0.0,27.83203125,0.0,5.669586181640625
23.007,12.9175315584,-0.0,0.0,0.0,0.0,0.0,-0.0,-0.0,0.0,0.0,0.0,30.12890625,0.0,0.0,0.0,32.80859375,0.0,0.0,0.0,34.9140625,0.0,0.0,0.0,30.89453125,0.0,0.0,27.640625,0.0,5.6793670654296875
23.17,12.9175315584,-0.0,0.0,0.0,0.0,0.0,-0.0,-0.0,0.0,0.0,0.0,30.51171875,0.0,0.0,0.0,33.57421875,0.0,0.0,0.0,34.9140625,0.0,0.0,0.0,30.51171875,0.0,0.0,27.640625,0.0,5.6793670654296875
23.343,12.9175315584,-0.0,0.0,0.0,0.0,0.0,-0.0,-0.0,0.0,0.0,0.0,30.703125,0.0,0.0,0.0,33.19140625,0.0,0.0,0.0,35.10546875,0.0,0.0,0.0,30.89453125,0.0,0.0,27.83203125,0.0,5.68914794921875
23.507,12.9175315584,-0.0,0.0,0.0,0.0,0.0,-0.0,-0.0,0.0,0.0,0.0,30.3203125,0.0,0.0,0.0,33.57421875,0.0,0.0,0.0,35.296875,0.0,0.0,0.0,30.89453125,0.0,0.0,28.0234375,0.0,5.6793670654296875
23.679,12.9175315584,-0.0,0.0,0.0,0.0,0.0,-0.0,-0.0,0.0,0.0,0.0,30.3203125,0.0,5.669586181640625
23.841,12.9175315584,-0.0,0.0,0.0,0.0,0.0,-0.0,-0.0,0.0,0.0,0.0,30.89453125,0.0,0.0,0.0,34.33984375,0.0,0.0,0.0,34.33984375,0.0,0.0,0.0,30.703125,0.0,0.0,27.640625,0.0,5.6793670654296875
24.023,12.9175315584,-0.0,0.0,0.0,0.0,0.0,-0.0,-0.0,0.0,0.0,0.0,30.703125,0.0,0.0,0.0,33.57421875,0.0,0.0,0.0,34.9140625,0.0,0.0,0.0,30.51171875,0.0,0.0,27.83203125,0.0,5.68914794921875
24.187,12.9175315584,-0.0,0.0,0.0,0.0,0.0,-0.0,-0.0,0.0,0.0,0.0,30.89453125,0.0,0.0,0.0,32.80859375,0.0,0.0,0.0,34.9140625,0.0,0.0,0.0,30.89453125,0.0,0.0,27.640625,0.0,5.7086944580078125
24.409,12.9175315584,-0.0,0.0,0.0,0.0,0.0,-0.0,-0.0,0.0,0.0,0.0,30.703125,0.0,0.0,0.0,33.765625,0.0,0.0,0.0,35.10546875,0.0,0.0,0.0,30.703125,0.0,0.0,27.83203125,0.0,5.7477874755859375
24.581,12.9175315584,-0.0,0.0,0.0,0.0,0.0,-0.0,-0.0,0.0,0.0,0.0,30.51171875,0.0,0.0,0.0,34.33984375,0.0,0.0,0.0,34.53125,0.0,0.0,0.0,30.703125,0.0,0.0,27.44921875,0.0,5.786895751953125
24.741,12.9175315584,-0.0,0.0,0.0,0.0,0.0,-0.0,-0.0,0.0,0.0,0.0,30.51171875,0.0,0.0,0.0,32.80859375,0.0,0.0,0.0,35.296875,0.0,0.0,0.0,30.51171875,0.0,0.0,27.2578125,0.0,5.81622314453125
24.902,12.9175315584,-0.0,0.0,0.0,0.0,0.0,-0.0,-0.0,0.0,0.0,0.0,31.0859375,0.0,0.0,0.0,33.57421875,0.0,0.0,0.0,35.296875,0.0,0.0,0.0,30.3203125,0.0,0.0,27.640625,0.0,5.81622314453125
25.084,12.9175315584,-0.0,0.0,0.0,0.0,0.0,-0.0,-0.0,0.0,0.0,0.0,30.12890625,0.0,0.0,0.0,33.0,0.0,0.0,0.0,35.48828125,0.0,0.0,0.0,30.12890625,0.0,0.0,27.83203125,0.0,5.8357696533203125
25.269,12.9175315584,-0.0,0.0,0.0,0.0,0.0,-0.0,-0.0,0.0,0.0,0.0,30.89453125,0.0,0.0,0.0,33.3828125,0.0,0.0,0.0,35.10546875,0.0,0.0,0.0,30.12890625,0.0,0.0,27.83203125,0.0,5.8357696533203125
25.444,12.9175315584,-0.0,0.0,0.0,0.0,0.0,-0.0,-0.0,0.0,0.0,0.0,30.3203125,0.0,0.0,0.0,33.0,0.0,0.0,0.0,34.9140625,0.0,0.0,0.0,30.51171875,0.0,0.0,27.640625,0.0,5.8357696533203125
25.604,12.9175315584,-0.0,0.0,0.0,0.0,0.0,-0.0,-0.0,0.0,0.0,0.0,30.3203125,0.0,0.0,0.0,34.1484375,0.0,0.0,0.0,35.10546875,0.0,0.0,0.0,30.89453125,0.0,0.0,28.0234375,0.0,5.8357696533203125
25.782,12.9175315584,-0.0,0.0,0.0,0.0,0.0,-0.0,-0.0,0.0,0.0,0.0,30.12890625,0.0,0.0,0.0,32.6171875,0.0,0.0,0.0,34.9140625,0.0,0.0,0.0,30.703125,0.0,0.0,28.0234375,0.0,5.845550537109375
25.95,12.9175315584,-0.0,0.0,0.0,0.0,0.0,-0.0,-0.0,0.0,0.0,0.0,30.3203125,0.0,0.0,0.0,33.19140625,0.0,0.0,0.0,35.48828125,0.0,0.0,0.0,30.703125,0.0,0.0,28.21484375,0.0,5.845550537109375
26.12,12.9175315584,-0.0,0.0,0.0,0.0,0.0,-0.0,-0.0,0.0,0.0,0.0,31.0859375,0.0,0.0,0.0,32.6171875,0.0,0.0,0.0,35.296875,0.0,0.0,0.0,30.51171875,0.0,0.0,27.83203125,0.0,5.845550537109375
26.29,12.9175315584,-0.0,0.0,0.0,0.0,0.0,-0.0,-0.0,0.0,0.0,0.0,30.703125,0.0,0.0,0.0,33.3828125,0.0,0.0,0.0,35.48828125,0.0,0.0,0.0,31.0859375,0.0,0.0,28.40625,0.0,5.8357696533203125
26.451,12.9175315584,-0.0,0.0,0.0,0.0,0.0,-0.0,-0.0,0.0,0.0,0.0,32.04296875,0.0,0.0,0.0,33.95703125,0.0,0.0,0.0,35.10546875,0.0,0.0,0.0,31.46875,0.0,0.0,29.36328125,0.0,5.8357696533203125
26.622,12.9175315584,-0.0,0.0,0.0,0.0,0.0,-0.0,-0.0,0.0,0.0,0.0,30.3203125,0.0,0.0,0.0,33.0,0.0,0.0,0.0,34.9140625,0.0,0.0,0.0,30.89453125,0.0,0.0,28.0234375,0.0,5.8357696533203125
26.781,12.9175315584,-0.0,0.0,0.0,0.0,0.0,-0.0,-0.0,0.0,0.0,0.0,30.703125,0.0,0.0,0.0,33.57421875,0.0,0.0,0.0,35.48828125,0.0,0.0,0.0,30.51171875,0.0,0.0,27.44921875,0.0,5.845550537109375
26.941,12.9261701436,-0.0,0.0,0.0,0.0,0.0,-0.0,-0.0,0.0,0.0,0.0,31.0859375,0.0,0.0,0.0,32.234375,0.0,0.0,0.0,34.9140625,0.0,0.0,0.0,30.51171875,0.0,0.0,27.640625,0.0,5.8357696533203125
27.109,12.9175315584,-0.0,0.0,0.0,0.0,0.0,-0.0,-0.0,0.0,0.0,0.0,30.3203125,0.0,0.0,0.0,33.3828125,0.0,0.0,0.0,35.10546875,0.0,0.0,0.0,30.3203125,0.0,0.0,28.98046875,0.0,5.845550537109375
27.281,12.9261701436,-0.0,0.0,0.0,0.0,0.0,-0.0,-0.0,0.0,0.0,0.0,29.9375,0.0,0.0,0.0,33.57421875,0.0,0.0,0.0,34.9140625,0.0,0.0,0.0,30.89453125,0.0,0.0,27.83203125,0.0,5.8357696533203125
27.461,12.9261701436,-0.0,0.0,0.0,0.0,0.0,-0.0,-0.0,0.0,0.0,0.0,29.9375,0.0,0.0,0.0,32.80859375,0.0,0.0,0.0,35.10546875,0.0,0.0,0.0,30.703125,0.0,0.0,29.171875,0.0,5.845550537109375
27.62,12.9261701436,-0.0,0.0,0.0,0.0,0.0,-0.0,-0.0,0.0,0.0,0.0,30.703125,0.0,0.0,0.0,33.0,0.0,0.0,0.0,34.9140625,0.0,0.0,0.0,30.51171875,0.0,0.0,28.21484375,0.0,5.8650970458984375
27.791,12.9261701436,-0.0,0.0,0.0,0.0,0.0,-0.0,-0.0,0.0,0.0,0.0,30.3203125,0.0,0.0,0.0,34.1484375,0.0,0.0,0.0,34.9140625,0.0,0.0,0.0,31.46875,0.0,0.0,27.640625,0.0,5.8650970458984375
27.959,12.9261701436,-0.0,0.0,0.0,0.0,0.0,-0.0,-0.0,0.0,0.0,0.0,30.3203125,0.0,0.0,0.0,33.765625,0.0,0.0,0.0,35.296875,0.0,0.0,0.0,30.12890625,0.0,0.0,28.40625,0.0,5.8748626708984375
28.13,12.9261701436,-0.0,0.0,0.0,0.0,0.0,-0.0,-0.0,0.0,0.0,0.0,31.27734375,0.0,0.0,0.0,33.3828125,0.0,0.0,0.0,34.9140625,0.0,0.0,0.0,30.51171875,0.0,0.0,27.83203125,0.0,5.8846435546875
28.29,12.9261701436,-0.0,0.0,0.0,0.0,0.0,-0.0,-0.0,0.0,0.0,0.0,30.703125,0.0,0.0,0.0,33.19140625,0.0,0.0,0.0,34.9140625,0.0,0.0,0.0,30.89453125,0.0,0.0,27.44921875,0.0,5.8748626708984375
28.45,12.9261701436,-0.0,0.0,0.0,0.0,0.0,-0.0,-0.0,0.0,0.0,0.0,30.3203125,0.0,0.0,0.0,33.95703125,0.0,0.0,0.0,35.10546875,0.0,0.0,0.0,30.703125,0.0,0.0,29.36328125,0.0,5.8748626708984375
28.61,12.9261701436,-0.0,0.0,0.0,0.0,0.0,-0.0,-0.0,0.0,0.0,0.0,30.703125,0.0,0.0,0.0,33.0,0.0,0.0,0.0,34.9140625,0.0,0.0,0.0,30.703125,0.0,0.0,27.83203125,0.0,5.8846435546875
28.781,12.9261701436,-0.0,0.0,0.0,0.0,0.0,-0.0,-0.0,0.0,0.0,0.0,30.51171875,0.0,0.0,0.0,33.95703125,0.0,0.0,0.0,35.296875,0.0,0.0,0.0,30.703125,0.0,0.0,29.171875,0.0,5.8846435546875
28.948,12.9261701436,-0.0,0.0,0.0,0.0,0.0,-0.0,-0.0,0.0,0.0,0.0,30.703125,0.0,0.0,0.0,33.3828125,0.0,0.0,0.0,34.9140625,0.0,0.0,0.0,30.703125,0.0,0.0,27.83203125,0.0,5.8846435546875
29.121,12.9261701436,-0.0,0.0,0.0,0.0,0.0,-0.0,-0.0,0.0,0.0,0.0,31.27734375,0.0,0.0,0.0,33.3828125,0.0,0.0,0.0,34.72265625,0.0,0.0,0.0,29.74609375,0.0,0.0,29.5546875,0.0,5.8846435546875
29.299,12.9261701436,-0.0,0.0,0.0,0.0,0.0,-0.0,-0.0,0.0,0.0,0.0,30.89453125,0.0,0.0,0.0,32.80859375,0.0,0.0,0.0,34.72265625,0.0,0.0,0.0,30.703125,0.0,0.0,27.83203125,0.0,5.8846435546875
29.462,12.9261701436,-0.0,0.0,0.0,0.0,0.0,-0.0,-0.0,0.0,0.0,0.0,30.51171875,0.0,0.0,0.0,33.19140625,0.0,0.0,0.0,34.53125,0.0,0.0,0.0,31.0859375,0.0,0.0,28.7890625,0.0,5.8748626708984375
29.626,12.9261701436,-0.0,0.0,0.0,0.0,0.0,-0.0,-0.0,0.0,0.0,0.0,29.74609375,0.0,0.0,0.0,33.57421875,0.0,0.0,0.0,35.10546875,0.0,0.0,0.0,31.27734375,0.0,0.0,27.640625,0.0,5.8650970458984375
29.783,12.9261701436,-0.0,0.0,0.0,0.0,0.0,-0.0,-0.0,0.0,0.0,0.0,30.703125,0.0,0.0,0.0,33.3828125,0.0,0.0,0.0,35.296875,0.0,0.0,0.0,30.703125,0.0,0.0,27.2578125,0.0,5.855316162109375
29.941,12.9261701436,-0.0,0.0,0.0,0.0,0.0,-0.0,-0.0,0.0,0.0,0.0,30.703125,0.0,0.0,0.0,33.95703125,0.0,0.0,0.0,35.48828125,0.0,0.0,0.0,30.89453125,0.0,0.0,28.7890625,0.0,5.8650970458984375
30.101,12.9261701436,-0.0,0.0,0.0,0.0,0.0,-0.0,-0.0,0.0,0.0,0.0,30.3203125,0.0,0.0,0.0,33.0,0.0,0.0,0.0,35.48828125,0.0,0.0,0.0,30.703125,0.0,0.0,27.640625,0.0,5.8650970458984375
30.27,12.9261701436,-0.0,0.0,0.0,0.0,0.0,-0.0,-0.0,0.0,0.0,0.0,31.0859375,0.0,0.0,0.0,33.3828125,0.0,0.0,0.0,35.10546875,0.0,0.0,0.0,30.703125,0.0,0.0,28.0234375,0.0,5.8650970458984375
30.442,12.9261701436,-0.0,0.0,0.0,0.0,0.0,-0.0,-0.0,0.0,0.0,0.0,30.12890625,0.0,0.0,0.0,33.19140625,0.0,0.0,0.0,35.296875,0.0,0.0,0.0,31.46875,0.0,0.0,28.21484375,0.0,5.855316162109375
30.601,12.9261701436,-0.0,0.0,0.0,0.0,0.0,-0.0,-0.0,0.0,0.0,0.0,30.51171875,0.0,0.0,0.0,33.765625,0.0,0.0,0.0,34.53125,0.0,0.0,0.0,30.51171875,0.0,0.0,28.0234375,0.0,5.855316162109375
30.76,12.9261701436,-0.0,0.0,0.0,0.0,0.0,-0.0,-0.0,0.0,0.0,0.0,30.89453125,0.0,0.0,0.0,33.19140625,0.0,0.0,0.0,34.9140625,0.0,0.0,0.0,31.27734375,0.0,0.0,28.98046875,0.0,5.845550537109375
30.928,12.9261701436,-0.0,0.0,0.0,0.0,0.0,-0.0,-0.0,0.0,0.0,0.0,31.0859375,0.0,0.0,0.0,32.6171875,0.0,0.0,0.0,35.296875,0.0,0.0,0.0,30.703125,0.0,0.0,28.0234375,0.0,5.845550537109375
31.084,12.9261701436,-0.0,0.0,0.0,0.0,0.0,-0.0,-0.0,0.0,0.0,0.0,30.51171875,0.0,0.0,0.0,33.19140625,0.0,0.0,0.0,34.9140625,0.0,0.0,0.0,31.27734375,0.0,0.0,27.640625,0.0,5.8650970458984375
31.263,12.9261701436,-0.0,0.0,0.0,0.0,0.0,-0.0,-0.0,0.0,0.0,0.0,30.703125,0.0,0.0,0.0,33.57421875,0.0,0.0,0.0,35.48828125,0.0,0.0,0.0,30.89453125,0.0,0.0,28.21484375,0.0,5.82598876953125
31.421,12.9261701436,-0.0,0.0,0.0,0.0,0.0,-0.0,-0.0,0.0,0.0,0.0,30.3203125,0.0,0.0,0.0,32.80859375,0.0,0.0,0.0,35.10546875,0.0,0.0,0.0,30.703125,0.0,0.0,27.83203125,0.0,5.8064422607421875
31.58,12.9261701436,-0.0,0.0,0.0,0.0,0.0,-0.0,-0.0,0.0,0.0,0.0,30.89453125,0.0,0.0,0.0,34.33984375,0.0,0.0,0.0,35.48828125,0.0,0.0,0.0,30.89453125,0.0,0.0,27.640625,0.0,5.796661376953125
31.743,12.9261701436,-0.0,0.0,0.0,0.0,0.0,-0.0,-0.0,0.0,0.0,0.0,31.0859375,0.0,0.0,0.0,33.765625,0.0,0.0,0.0,35.10546875,0.0,0.0,0.0,31.0859375,0.0,0.0,26.68359375,0.0,5.8064422607421875
31.92,12.9261701436,-0.0,0.0,0.0,0.0,0.0,-0.0,-0.0,0.0,0.0,0.0,30.12890625,0.0,0.0,0.0,33.57421875,0.0,0.0,0.0,34.9140625,0.0,0.0,0.0,30.51171875,0.0,0.0,28.0234375,0.0,5.786895751953125
32.091,12.9261701436,-0.0,0.0,0.0,0.0,0.0,-0.0,-0.0,0.0,0.0,0.0,30.89453125,0.0,0.0,0.0,33.57421875,0.0,0.0,0.0,34.9140625,0.0,0.0,0.0,30.12890625,0.0,0.0,25.91796875,0.0,5.786895751953125
32.259,12.9261701436,-0.0,0.0,0.0,0.0,0.0,-0.0,-0.0,0.0,0.0,0.0,30.89453125,0.0,0.0,0.0,33.0,0.0,0.0,0.0,35.296875,0.0,0.0,0.0,30.89453125,0.0,0.0,27.640625,0.0,5.7771148681640625
32.42,12.9261701436,-0.0,0.0,0.0,0.0,0.0,-0.0,-0.0,0.0,0.0,0.0,30.89453125,0.0,0.0,0.0,32.42578125,0.0,0.0,0.0,34.9140625,0.0,0.0,0.0,30.703125,0.0,0.0,27.83203125,0.0,5.7771148681640625
32.583,12.9261701436,-0.0,0.0,0.0,0.0,0.0,-0.0,-0.0,0.0,0.0,0.0,30.51171875,0.0,0.0,0.0,33.3828125,0.0,0.0,0.0,35.48828125,0.0,0.0,0.0,31.0859375,0.0,0.0,27.83203125,0.0,5.7771148681640625
32.74,12.9261701436,-0.0,0.0,0.0,0.0,0.0,-0.0,-0.0,0.0,0.0,0.0,30.89453125,0.0,0.0,0.0,33.19140625,0.0,0.0,0.0,34.53125,0.0,0.0,0.0,30.51171875,0.0,0.0,27.640625,0.0,5.7771148681640625
32.908,12.9261701436,-0.0,0.0,0.0,0.0,0.0,-0.0,-0.0,0.0,0.0,0.0,31.27734375,0.0,0.0,0.0,33.57421875,0.0,0.0,0.0,35.10546875,0.0,0.0,0.0,30.89453125,0.0,0.0,28.0234375,0.0,5.7771148681640625
33.089,12.9261701436,-0.0,0.0,0.0,0.0,0.0,-0.0,-0.0,0.0,0.0,0.0,30.3203125,0.0,0.0,0.0,33.19140625,0.0,0.0,0.0,34.53125,0.0,0.0,0.0,30.3203125,0.0,0.0,28.0234375,0.0,5.7771148681640625
33.25,12.9261701436,-0.0,0.0,0.0,0.0,0.0,-0.0,-0.0,0.0,0.0,0.0,30.703125,0.0,0.0,0.0,33.0,0.0,0.0,0.0,35.10546875,0.0,0.0,0.0,30.703125,0.0,0.0,27.44921875,0.0,5.7771148681640625
33.422,12.9261701436,-0.0,0.0,0.0,0.0,0.0,-0.0,-0.0,0.0,0.0,0.0,32.04296875,0.0,0.0,0.0,33.57421875,0.0,0.0,0.0,35.296875,0.0,0.0,0.0,30.703125,0.0,0.0,28.0234375,0.0,5.7771148681640625
33.592,12.9261701436,-0.0,0.0,0.0,0.0,0.0,-0.0,-0.0,0.0,0.0,0.0,30.51171875,0.0,0.0,0.0,33.3828125,0.0,0.0,0.0,35.10546875,0.0,0.0,0.0,30.51171875,0.0,0.0,27.83203125,0.0,5.7771148681640625
33.762,12.9261701436,-0.0,0.0,0.0,0.0,0.0,-0.0,-0.0,0.0,0.0,0.0,30.12890625,0.0,0.0,0.0,33.765625,0.0,0.0,0.0,35.10546875,0.0,0.0,0.0,31.46875,0.0,0.0,27.640625,0.0,5.7771148681640625
33.923,12.9261701436,-0.0,0.0,0.0,0.0,0.0,-0.0,-0.0,0.0,0.0,0.0,30.89453125,0.0,0.0,0.0,33.0,0.0,0.0,0.0,34.9140625,0.0,0.0,0.0,31.0859375,0.0,0.0,28.40625,0.0,5.7771148681640625
34.08,12.9261701436,-0.0,0.0,0.0,0.0,0.0,-0.0,-0.0,0.0,0.0,0.0,29.5546875,0.0,0.0,0.0,33.3828125,0.0,0.0,0.0,34.9140625,0.0,0.0,0.0,30.89453125,0.0,0.0,27.83203125,0.0,5.7771148681640625
34.239,12.9261701436,-0.0,0.0,0.0,0.0,0.0,-0.0,-0.0,0.0,0.0,0.0,30.89453125,0.0,0.0,0.0,33.95703125,0.0,0.0,0.0,34.72265625,0.0,0.0,0.0,30.703125,0.0,0.0,28.7890625,0.0,5.7771148681640625
34.4,12.9261701436,-0.0,0.0,0.0,0.0,0.0,-0.0,-0.0,0.0,0.0,0.0,31.0859375,0.0,0.0,0.0,33.19140625,0.0,0.0,0.0,35.10546875,0.0,0.0,0.0,30.3203125,0.0,0.0,28.0234375,0.0,5.786895751953125
34.563,12.9261701436,-0.0,0.0,0.0,0.0,0.0,-0.0,-0.0,0.0,0.0,0.0,30.3203125,0.0,0.0,0.0,33.3828125,0.0,0.0,0.0,34.53125,0.0,0.0,0.0,30.51171875,0.0,0.0,28.0234375,0.0,5.7771148681640625
34.714,12.9261701436,-0.0,0.0,0.0,0.0,0.0,-0.0,-0.0,0.0,0.0,0.0,30.51171875,0.0,0.0,0.0,33.57421875,0.0,0.0,0.0,35.296875,0.0,0.0,0.0,30.89453125,0.0,0.0,28.21484375,0.0,5.7771148681640625
34.882,12.9348087288,-0.0,0.0,0.0,0.0,0.0,-0.0,-0.0,0.0,0.0,0.0,30.3203125,0.0,0.0,0.0,33.3828125,0.0,0.0,0.0,34.9140625,0.0,0.0,0.0,31.0859375,0.0,0.0,28.0234375,0.0,5.7771148681640625
35.049,12.9261701436,-0.0,0.0,0.0,0.0,0.0,-0.0,-0.0,0.0,0.0,0.0,30.12890625,0.0,0.0,0.0,33.19140625,0.0,0.0,0.0,34.9140625,0.0,0.0,0.0,30.89453125,0.0,0.0,28.0234375,0.0,5.7771148681640625
35.208,12.9261701436,-0.0,0.0,0.0,0.0,0.0,-0.0,-0.0,0.0,0.0,0.0,30.3203125,0.0,0.0,0.0,33.57421875,0.0,0.0,0.0,34.9140625,0.0,0.0,0.0,30.12890625,0.0,0.0,27.640625,0.0,5.7771148681640625
35.367,12.9261701436,-0.0,0.0,0.0,0.0,0.0,-0.0,-0.0,0.0,0.0,0.0,31.0859375,0.0,0.0,0.0,33.57421875,0.0,0.0,0.0,34.9140625,0.0,0.0,0.0,31.46875,0.0,0.0,28.21484375,0.0,5.7771148681640625
35.53,12.9261701436,-0.0,0.0,0.0,0.0,0.0,-0.0,-0.0,0.0,0.0,0.0,30.703125,0.0,0.0,0.0,33.0,0.0,0.0,0.0,35.48828125,0.0,0.0,0.0,30.51171875,0.0,0.0,27.640625,0.0,5.786895751953125
35.7,12.9261701436,-0.0,0.0,0.0,0.0,0.0,-0.0,-0.0,0.0,0.0,0.0,31.0859375,0.0,0.0,0.0,33.19140625,0.0,0.0,0.0,35.296875,0.0,0.0,0.0,30.89453125,0.0,0.0,27.83203125,0.0,5.786895751953125
35.861,12.9348087288,-0.0,0.0,0.0,0.0,0.0,-0.0,-0.0,0.0,0.0,0.0,29.9375,0.0,0.0,0.0,33.57421875,0.0,0.0,0.0,34.9140625,0.0,0.0,0.0,30.51171875,0.0,0.0,27.44921875,0.0,5.7771148681640625
36.019,12.9348087288,-0.0,0.0,0.0,0.0,0.0,-0.0,-0.0,0.0,0.0,0.0,30.703125,0.0,0.0,0.0,33.57421875,0.0,0.0,0.0,35.10546875,0.0,0.0,0.0,30.89453125,0.0,0.0,27.83203125,0.0,5.7771148681640625
36.19,12.9261701436,-0.0,0.0,0.0,0.0,0.0,-0.0,-0.0,0.0,0.0,0.0,30.703125,0.0,0.0,0.0,33.3828125,0.0,0.0,0.0,34.9140625,0.0,0.0,0.0,30.703125,0.0,0.0,28.7890625,0.0,5.786895751953125
36.359,12.9261701436,-0.0,0.0,0.0,0.0,0.0,-0.0,-0.0,0.0,0.0,0.0,30.703125,0.0,0.0,0.0,33.57421875,0.0,0.0,0.0,34.72265625,0.0,0.0,0.0,30.703125,0.0,0.0,28.0234375,0.0,5.7771148681640625
36.588,12.9261701436,-0.0,0.0,0.0,0.0,0.0,-0.0,-0.0,0.0,0.0,0.0,31.0859375,0.0,0.0,0.0,33.57421875,0.0,0.0,0.0,35.10546875,0.0,0.0,0.0,31.0859375,0.0,0.0,27.44921875,0.0,5.7673492431640625
36.747,12.9261701436,-0.0,0.0,0.0,0.0,0.0,-0.0,-0.0,0.0,0.0,0.0,30.3203125,0.0,0.0,0.0,33.3828125,0.0,0.0,0.0,35.296875,0.0,0.0,0.0,31.27734375,0.0,0.0,27.83203125,0.0,5.7771148681640625
36.92,12.9348087288,-0.0,0.0,0.0,0.0,0.0,-0.0,-0.0,0.0,0.0,0.0,30.3203125,0.0,0.0,0.0,33.765625,0.0,0.0,0.0,35.296875,0.0,0.0,0.0,30.3203125,0.0,0.0,28.21484375,0.0,5.786895751953125
37.092,12.9348087288,-0.0,0.0,0.0,0.0,0.0,-0.0,-0.0,0.0,0.0,0.0,30.3203125,0.0,0.0,0.0,33.765625,0.0,0.0,0.0,35.10546875,0.0,0.0,0.0,30.89453125,0.0,0.0,29.5546875,0.0,5.7771148681640625
37.26,12.9348087288,-0.0,0.0,0.0,0.0,0.0,-0.0,-0.0,0.0,0.0,0.0,30.51171875,0.0,0.0,0.0,33.57421875,0.0,0.0,0.0,35.10546875,0.0,0.0,0.0,30.51171875,0.0,0.0,27.640625,0.0,5.786895751953125
37.42,12.9348087288,-0.0,0.0,0.0,0.0,0.0,-0.0,-0.0,0.0,0.0,0.0,30.703125,0.0,0.0,0.0,33.19140625,0.0,0.0,0.0,34.72265625,0.0,0.0,0.0,30.51171875,0.0,0.0,27.83203125,0.0,5.7771148681640625
37.588,12.9348087288,-0.0,0.0,0.0,0.0,0.0,-0.0,-0.0,0.0,0.0,0.0,30.703125,0.0,0.0,0.0,34.53125,0.0,0.0,0.0,35.6796875,0.0,0.0,0.0,30.51171875,0.0,0.0,28.7890625,0.0,5.7771148681640625
37.749,12.9348087288,-0.0,0.0,0.0,0.0,0.0,-0.0,-0.0,0.0,0.0,0.0,31.0859375,0.0,0.0,0.0,33.57421875,0.0,0.0,0.0,35.10546875,0.0,0.0,0.0,30.51171875,0.0,0.0,28.98046875,0.0,5.7673492431640625
37.922,12.9348087288,-0.0,0.0,0.0,0.0,0.0,-0.0,-0.0,0.0,0.0,0.0,30.89453125,0.0,0.0,0.0,33.765625,0.0,0.0,0.0,35.10546875,0.0,0.0,0.0,29.9375,0.0,0.0,27.640625,0.0,5.7771148681640625
38.082,12.9348087288,-0.0,0.0,0.0,0.0,0.0,-0.0,-0.0,0.0,0.0,0.0,30.12890625,0.0,0.0,0.0,32.6171875,0.0,0.0,0.0,34.72265625,0.0,0.0,0.0,31.0859375,0.0,0.0,28.59765625,0.0,5.7771148681640625
38.249,12.9348087288,-0.0,0.0,0.0,0.0,0.0,-0.0,-0.0,0.0,0.0,0.0,30.703125,0.0,0.0,0.0,33.0,0.0,0.0,0.0,34.9140625,0.0,0.0,0.0,30.3203125,0.0,0.0,27.44921875,0.0,5.81622314453125
38.42,12.9348087288,-0.0,0.0,0.0,0.0,0.0,-0.0,-0.0,0.0,0.0,0.0,30.703125,0.0,0.0,0.0,33.765625,0.0,0.0,0.0,35.10546875,0.0,0.0,0.0,30.89453125,0.0,0.0,28.59765625,0.0,5.8064422607421875
38.582,12.9348087288,-0.0,0.0,0.0,0.0,0.0,-0.0,-0.0,0.0,0.0,0.0,30.703125,0.0,0.0,0.0,32.42578125,0.0,0.0,0.0,35.296875,0.0,0.0,0.0,30.51171875,0.0,0.0,27.44921875,0.0,5.8064422607421875
38.749,12.9348087288,-0.0,0.0,0.0,0.0,0.0,-0.0,-0.0,0.0,0.0,0.0,30.3203125,0.0,0.0,0.0,33.57421875,0.0,0.0,0.0,34.72265625,0.0,0.0,0.0,30.703125,0.0,0.0,28.59765625,0.0,5.81622314453125
38.913,12.9348087288,-0.0,0.0,0.0,0.0,0.0,-0.0,-0.0,0.0,0.0,0.0,30.89453125,0.0,0.0,0.0,33.0,0.0,0.0,0.0,34.53125,0.0,0.0,0.0,30.51171875,0.0,0.0,28.21484375,0.0,5.8064422607421875
39.088,12.9348087288,-0.0,0.0,0.0,0.0,0.0,-0.0,-0.0,0.0,0.0,0.0,31.0859375,0.0,0.0,0.0,33.57421875,0.0,0.0,0.0,34.9140625,0.0,0.0,0.0,30.89453125,0.0,0.0,28.98046875,0.0,5.796661376953125
39.247,12.9348087288,-0.0,0.0,0.0,0.0,0.0,-0.0,-0.0,0.0,0.0,0.0,32.04296875,0.0,0.0,0.0,33.765625,0.0,0.0,0.0,34.72265625,0.0,0.0,0.0,31.0859375,0.0,0.0,27.44921875,0.0,5.8064422607421875
39.409,12.9348087288,-0.0,0.0,0.0,0.0,0.0,-0.0,-0.0,0.0,0.0,0.0,30.89453125,0.0,0.0,0.0,33.0,0.0,0.0,0.0,34.9140625,0.0,0.0,0.0,30.703125,0.0,0.0,27.83203125,0.0,5.8064422607421875
39.621,12.9348087288,-0.0,0.0,0.0,0.0,0.0,-0.0,-0.0,0.0,0.0,0.0,30.51171875,0.0,0.0,0.0,33.0,0.0,0.0,0.0,35.10546875,0.0,0.0,0.0,31.0859375,0.0,0.0,27.83203125,0.0,5.81622314453125
39.787,12.9348087288,-0.0,0.0,0.0,0.0,0.0,-0.0,-0.0,0.0,0.0,0.0,31.0859375,0.0,0.0,0.0,34.33984375,0.0,0.0,0.0,34.9140625,0.0,0.0,0.0,30.51171875,0.0,0.0,27.44921875,0.0,5.845550537109375
39.959,12.9348087288,-0.0,0.0,0.0,0.0,0.0,-0.0,-0.0,0.0,0.0,0.0,30.89453125,0.0,0.0,0.0,32.6171875,0.0,0.0,0.0,35.10546875,0.0,0.0,0.0,30.703125,0.0,0.0,28.40625,0.0,5.845550537109375
40.119,12.9348087288,-0.0,0.0,0.0,0.0,0.0,-0.0,-0.0,0.0,0.0,0.0,31.27734375,0.0,0.0,0.0,33.57421875,0.0,0.0,0.0,35.10546875,0.0,0.0,0.0,31.66015625,0.0,0.0,28.21484375,0.0,5.8650970458984375
40.28,12.9348087288,-0.0,0.0,0.0,0.0,0.0,-0.0,-0.0,0.0,0.0,0.0,31.46875,0.0,0.0,0.0,33.57421875,0.0,0.0,0.0,35.296875,0.0,0.0,0.0,30.703125,0.0,0.0,28.40625,0.0,5.8748626708984375
40.442,12.9348087288,-0.0,0.0,0.0,0.0,0.0,-0.0,-0.0,0.0,0.0,0.0,30.89453125,0.0,0.0,0.0,34.1484375,0.0,0.0,0.0,35.10546875,0.0,0.0,0.0,30.89453125,0.0,0.0,28.21484375,0.0,5.8748626708984375
40.602,12.9348087288,-0.0,0.0,0.0,0.0,0.0,-0.0,-0.0,0.0,0.0,0.0,30.703125,0.0,0.0,0.0,33.3828125,0.0,0.0,0.0,35.10546875,0.0,0.0,0.0,30.703125,0.0,0.0,27.44921875,0.0,5.8748626708984375
40.782,12.9348087288,-0.0,0.0,0.0,0.0,0.0,-0.0,-0.0,0.0,0.0,0.0,30.89453125,0.0,0.0,0.0,33.3828125,0.0,0.0,0.0,35.296875,0.0,0.0,0.0,30.51171875,0.0,0.0,28.40625,0.0,5.8650970458984375
40.946,12.9348087288,-0.0,0.0,0.0,0.0,0.0,-0.0,-0.0,0.0,0.0,0.0,30.89453125,0.0,0.0,0.0,33.95703125,0.0,0.0,0.0,34.9140625,0.0,0.0,0.0,30.51171875,0.0,0.0,27.640625,0.0,5.8748626708984375
41.109,12.9348087288,-0.0,0.0,0.0,0.0,0.0,-0.0,-0.0,0.0,0.0,0.0,30.51171875,0.0,0.0,0.0,33.3828125,0.0,0.0,0.0,35.296875,0.0,0.0,0.0,31.0859375,0.0,0.0,28.59765625,0.0,5.8748626708984375
41.272,12.9348087288,-0.0,0.0,0.0,0.0,0.0,-0.0,-0.0,0.0,0.0,0.0,30.51171875,0.0,0.0,0.0,33.765625,0.0,0.0,0.0,34.33984375,0.0,0.0,0.0,30.51171875,0.0,0.0,28.40625,0.0,5.8846435546875
41.442,12.9348087288,-0.0,0.0,0.0,0.0,0.0,-0.0,-0.0,0.0,0.0,0.0,30.703125,0.0,0.0,0.0,33.765625,0.0,0.0,0.0,35.48828125,0.0,0.0,0.0,30.703125,0.0,0.0,27.83203125,0.0,5.8748626708984375
41.621,12.9348087288,-0.0,0.0,0.0,0.0,0.0,-0.0,-0.0,0.0,0.0,0.0,30.703125,0.0,0.0,0.0,33.57421875,0.0,0.0,0.0,35.10546875,0.0,0.0,0.0,31.0859375,0.0,0.0,28.40625,0.0,5.8748626708984375
41.784,12.9348087288,-0.0,0.0,0.0,0.0,0.0,-0.0,-0.0,0.0,0.0,0.0,30.703125,0.0,0.0,0.0,33.765625,0.0,0.0,0.0,34.72265625,0.0,0.0,0.0,30.3203125,0.0,0.0,28.0234375,0.0,5.8748626708984375
41.96,12.9348087288,-0.0,0.0,0.0,0.0,0.0,-0.0,-0.0,0.0,0.0,0.0,30.51171875,0.0,0.0,0.0,33.3828125,-4.4730072021484375,0.0,0.0,34.9140625,0.0,0.0,0.0,30.51171875,0.0,0.0,29.171875,0.0,5.8748626708984375
42.123,12.9348087288,-0.0,0.0,0.0,0.0,0.0,-0.0,-0.0,0.0,0.0,0.0,30.703125,0.0,0.0,0.0,33.3828125,0.0,0.0,0.0,35.296875,0.0,0.0,0.0,30.703125,0.0,0.0,27.83203125,0.0,5.8748626708984375
42.301,12.9348087288,-0.0,0.0,0.0,0.0,0.0,-0.0,-0.0,0.0,0.0,0.0,30.703125,0.0,0.0,0.0,33.57421875,0.0,0.0,0.0,34.9140625,0.0,0.0,0.0,30.703125,0.0,0.0,27.2578125,0.0,5.8846435546875
42.463,12.9348087288,-0.0,0.0,0.0,0.0,0.0,-0.0,-0.0,0.0,0.0,0.0,32.234375,0.0,0.0,0.0,33.19140625,0.0,0.0,0.0,35.48828125,0.0,0.0,0.0,30.51171875,0.0,0.0,27.06640625,0.0,5.913970947265625
42.66,12.9348087288,-0.0,0.0,0.0,0.0,0.0,-0.0,-0.0,0.0,0.0,0.0,30.703125,0.0,0.0,0.0,34.53125,0.0,0.0,0.0,35.48828125,0.0,0.0,0.0,30.703125,0.0,0.0,28.40625,0.0,5.913970947265625
42.828,12.9348087288,-0.0,0.0,0.0,0.0,0.0,-0.0,-0.0,0.0,0.0,0.0,30.51171875,0.0,0.0,0.0,33.3828125,0.0,0.0,0.0,35.10546875,0.0,0.0,0.0,30.89453125,0.0,0.0,26.30078125,0.0,5.9041900634765625
42.989,12.9348087288,-0.0,0.0,0.0,0.0,0.0,-0.0,-0.0,0.0,0.0,0.0,30.51171875,0.0,0.0,0.0,33.3828125,0.0,0.0,0.0,35.10546875,0.0,0.0,0.0,30.703125,0.0,0.0,27.83203125,0.0,5.8748626708984375
43.15,12.9348087288,-0.0,0.0,0.0,0.0,0.0,-0.0,-0.0,0.0,0.0,0.0,29.5546875,0.0,0.0,0.0,33.3828125,0.0,0.0,0.0,34.9140625,0.0,0.0,0.0,31.0859375,0.0,0.0,27.44921875,0.0,5.8748626708984375
43.311,12.9348087288,-0.0,0.0,0.0,0.0,0.0,-0.0,-0.0,0.0,0.0,0.0,30.703125,0.0,0.0,0.0,33.0,0.0,0.0,0.0,35.296875,0.0,0.0,0.0,31.0859375,0.0,0.0,28.40625,0.0,5.855316162109375
43.48,12.9348087288,-0.0,0.0,0.0,0.0,0.0,-0.0,-0.0,0.0,0.0,0.0,31.0859375,0.0,0.0,0.0,33.57421875,2.5758514404296875,0.0,0.0,35.296875,0.0,0.0,0.0,31.46875,0.0,0.0,28.98046875,0.0,5.8748626708984375
43.649,12.9348087288,-0.0,0.0,0.0,0.0,0.0,-0.0,-0.0,0.0,0.0,0.0,31.0859375,0.0,0.0,0.0,33.3828125,0.0,0.0,0.0,34.9140625,0.0,0.0,0.0,31.0859375,0.0,0.0,28.40625,0.0,5.8748626708984375
43.82,12.9348087288,-0.0,0.0,0.0,0.0,0.0,-0.0,-0.0,0.0,0.0,0.0,31.0859375,0.0,0.0,0.0,33.3828125,0.0,0.0,0.0,35.296875,0.0,0.0,0.0,30.89453125,0.0,0.0,28.0234375,0.0,5.8650970458984375
43.989,12.9348087288,-0.0,0.0,0.0,0.0,0.0,-0.0,-0.0,0.0,0.0,0.0,30.703125,0.0,0.0,0.0,33.19140625,0.0,0.0,0.0,35.10546875,0.0,0.0,0.0,30.89453125,0.0,0.0,28.40625,0.0,5.8748626708984375
44.161,12.9348087288,-0.0,0.0,0.0,0.0,0.0,-0.0,-0.0,0.0,0.0,0.0,31.0859375,0.0,0.0,0.0,33.57421875,0.0,0.0,0.0,34.72265625,0.0,0.0,0.0,30.703125,0.0,0.0,27.83203125,0.0,5.8650970458984375
44.321,12.9348087288,-0.0,0.0,0.0,0.0,0.0,-0.0,-0.0,0.0,0.0,0.0,30.703125,0.0,0.0,0.0,33.95703125,0.0,0.0,0.0,35.6796875,0.0,0.0,0.0,30.703125,0.0,0.0,28.0234375,0.0,5.8650970458984375
44.501,12.9348087288,-0.0,0.0,0.0,0.0,0.0,-0.0,-0.0,0.0,0.0,0.0,30.89453125,0.0,0.0,0.0,33.95703125,0.0,0.0,0.0,35.10546875,0.0,0.0,0.0,31.0859375,0.0,0.0,28.0234375,0.0,5.8748626708984375
44.669,12.9348087288,-0.0,0.0,0.0,0.0,0.0,-0.0,-0.0,0.0,0.0,0.0,30.703125,0.0,0.0,0.0,33.3828125,0.0,0.0,0.0,34.72265625,0.0,0.0,0.0,30.89453125,0.0,0.0,28.0234375,0.0,5.8650970458984375
44.845,12.9348087288,-0.0,0.0,0.0,0.0,0.0,-0.0,-0.0,0.0,0.0,0.0,30.703125,0.0,0.0,0.0,33.57421875,0.0,0.0,0.0,34.72265625,0.0,0.0,0.0,30.703125,0.0,0.0,27.640625,0.0,5.855316162109375
45.02,12.9348087288,-0.0,0.0,0.0,0.0,0.0,-0.0,-0.0,0.0,0.0,0.0,30.51171875,0.0,0.0,0.0,33.3828125,0.0,0.0,0.0,35.10546875,0.0,0.0,0.0,30.3203125,0.0,0.0,28.21484375,0.0,5.8650970458984375
45.188,12.9348087288,-0.0,0.0,0.0,0.0,0.0,-0.0,-0.0,0.0,0.0,0.0,30.703125,0.0,0.0,0.0,33.0,0.0,0.0,0.0,35.48828125,0.0,0.0,0.0,31.0859375,0.0,0.0,27.640625,0.0,5.8748626708984375
45.35,12.9348087288,-0.0,0.0,0.0,0.0,0.0,-0.0,-0.0,0.0,0.0,0.0,30.51171875,0.0,0.0,0.0,33.3828125,0.0,0.0,0.0,35.10546875,0.0,0.0,0.0,31.0859375,0.0,0.0,25.7265625,0.0,5.8748626708984375
45.52,12.9348087288,-0.0,0.0,0.0,0.0,0.0,-0.0,-0.0,0.0,0.0,0.0,30.89453125,0.0,0.0,0.0,33.95703125,0.0,0.0,0.0,34.9140625,0.0,0.0,0.0,31.0859375,0.0,0.0,27.44921875,0.0,5.8650970458984375
45.699,12.9348087288,-0.0,0.0,0.0,0.0,0.0,-0.0,-0.0,0.0,0.0,0.0,30.703125,0.0,0.0,0.0,33.765625,0.0,0.0,0.0,35.10546875,0.0,0.0,0.0,31.0859375,0.0,0.0,28.21484375,0.0,5.855316162109375
45.86,12.9348087288,-0.0,0.0,0.0,0.0,0.0,-0.0,-0.0,0.0,0.0,0.0,31.0859375,0.0,0.0,0.0,33.57421875,0.0,0.0,0.0,35.10546875,0.0,0.0,0.0,30.3203125,0.0,0.0,28.21484375,0.0,5.855316162109375
46.022,12.9348087288,-0.0,0.0,0.0,0.0,0.0,-0.0,-0.0,0.0,0.0,0.0,30.703125,0.0,0.0,0.0,32.80859375,0.0,0.0,0.0,35.296875,0.0,0.0,0.0,31.27734375,0.0,0.0,27.640625,0.0,5.8748626708984375
46.184,12.9348087288,-0.0,0.0,0.0,0.0,0.0,-0.0,-0.0,0.0,0.0,0.0,30.89453125,0.0,0.0,0.0,33.765625,0.0,0.0,0.0,35.10546875,0.0,0.0,0.0,31.0859375,0.0,0.0,28.0234375,0.0,5.8650970458984375
46.36,12.9348087288,-0.0,0.0,0.0,0.0,0.0,-0.0,-0.0,0.0,0.0,0.0,31.0859375,0.0,0.0,0.0,33.19140625,0.0,0.0,0.0,35.48828125,0.0,0.0,0.0,30.703125,0.0,0.0,28.21484375,0.0,5.8650970458984375
46.524,12.9348087288,-0.0,0.0,0.0,0.0,0.0,-0.0,-0.0,0.0,0.0,0.0,31.0859375,0.0,0.0,0.0,32.42578125,0.0,0.0,0.0,35.10546875,0.0,0.0,0.0,30.89453125,0.0,0.0,28.21484375,0.0,5.8650970458984375
46.701,12.9348087288,-0.0,0.0,0.0,0.0,0.0,-0.0,-0.0,0.0,0.0,0.0,30.89453125,0.0,0.0,0.0,33.3828125,0.0,0.0,0.0,35.296875,0.0,0.0,0.0,31.0859375,0.0,0.0,28.40625,0.0,5.8650970458984375
46.863,12.9348087288,-0.0,0.0,0.0,0.0,0.0,-0.0,-0.0,0.0,0.0,0.0,30.51171875,0.0,0.0,0.0,33.19140625,0.0,0.0,0.0,35.296875,0.0,0.0,0.0,30.703125,0.0,0.0,27.2578125,0.0,5.8748626708984375
47.03,12.9348087288,-0.0,0.0,0.0,0.0,0.0,-0.0,-0.0,0.0,0.0,0.0,31.66015625,0.0,0.0,0.0,33.3828125,0.0,0.0,0.0,35.296875,0.0,0.0,0.0,31.0859375,0.0,0.0,28.0234375,0.0,5.8650970458984375
47.199,12.9348087288,-0.0,0.0,0.0,0.0,0.0,-0.0,-0.0,0.0,0.0,0.0,30.89453125,0.0,0.0,0.0,33.0,0.0,0.0,0.0,35.10546875,0.0,0.0,0.0,31.0859375,0.0,0.0,28.21484375,0.0,5.8748626708984375
47.363,12.9348087288,-0.0,0.0,0.0,0.0,0.0,-0.0,-0.0,0.0,0.0,0.0,30.703125,0.0,0.0,0.0,33.57421875,0.0,0.0,0.0,34.72265625,0.0,0.0,0.0,30.703125,0.0,0.0,28.0234375,0.0,5.8650970458984375
47.527,12.9348087288,-0.0,0.0,0.0,0.0,0.0,-0.0,-0.0,0.0,0.0,0.0,30.89453125,0.0,0.0,0.0,33.0,0.0,0.0,0.0,34.72265625,0.0,0.0,0.0,30.703125,0.0,0.0,29.5546875,0.0,5.8748626708984375
47.688,12.9348087288,-0.0,0.0,0.0,0.0,0.0,-0.0,-0.0,0.0,0.0,0.0,29.5546875,0.0,0.0,0.0,33.765625,0.0,0.0,0.0,35.48828125,0.0,0.0,0.0,31.27734375,0.0,0.0,27.83203125,0.0,5.8650970458984375
47.849,12.9348087288,-0.0,0.0,0.0,0.0,0.0,-0.0,-0.0,0.0,0.0,0.0,30.89453125,0.0,0.0,0.0,33.3828125,0.0,0.0,0.0,35.296875,0.0,0.0,0.0,31.0859375,0.0,0.0,27.640625,0.0,5.8748626708984375
48.002,12.9348087288,-0.0,0.0,0.0,0.0,0.0,-0.0,-0.0,0.0,0.0,0.0,30.51171875,0.0,0.0,0.0,33.3828125,0.0,0.0,0.0,35.48828125,0.0,0.0,0.0,30.703125,0.0,0.0,28.40625,0.0,5.8748626708984375
48.171,12.9348087288,-0.0,0.0,0.0,0.0,0.0,-0.0,-0.0,0.0,0.0,0.0,30.89453125,0.0,0.0,0.0,33.57421875,0.0,0.0,0.0,35.10546875,0.0,0.0,0.0,31.27734375,0.0,0.0,27.83203125,0.0,5.8748626708984375
48.34,12.9348087288,-0.0,0.0,0.0,0.0,0.0,-0.0,-0.0,0.0,0.0,0.0,30.703125,0.0,0.0,0.0,32.04296875,0.0,0.0,0.0,35.10546875,0.0,0.0,0.0,31.46875,0.0,0.0,28.0234375,0.0,5.8650970458984375
48.501,12.9348087288,-0.0,0.0,0.0,0.0,0.0,-0.0,-0.0,0.0,0.0,0.0,30.3203125,0.0,0.0,0.0,33.0,0.0,0.0,0.0,34.9140625,0.0,0.0,0.0,31.0859375,0.0,0.0,27.2578125,0.0,5.8748626708984375
48.687,12.9348087288,-0.0,0.0,0.0,0.0,0.0,-0.0,-0.0,0.0,0.0,0.0,30.51171875,0.0,0.0,0.0,33.3828125,0.0,0.0,0.0,35.296875,0.0,0.0,0.0,30.3203125,0.0,0.0,28.59765625,0.0,5.8846435546875
48.847,12.9348087288,-0.0,0.0,0.0,0.0,0.0,-0.0,-0.0,0.0,0.0,0.0,30.703125,0.0,0.0,0.0,33.3828125,0.0,0.0,0.0,35.296875,0.0,0.0,0.0,30.89453125,0.0,0.0,28.59765625,0.0,5.8846435546875
49.02,12.9348087288,-0.0,0.0,0.0,0.0,0.0,-0.0,-0.0,0.0,0.0,0.0,31.0859375,0.0,0.0,0.0,33.19140625,0.0,0.0,0.0,34.9140625,0.0,0.0,0.0,30.89453125,0.0,0.0,27.83203125,0.0,5.8846435546875
49.184,12.9348087288,-0.0,0.0,0.0,0.0,0.0,-0.0,-0.0,0.0,0.0,0.0,31.8515625,0.0,0.0,0.0,32.80859375,0.0,0.0,0.0,34.9140625,0.0,0.0,0.0,30.89453125,0.0,0.0,27.83203125,0.0,5.8748626708984375
49.35,12.943447314,-0.0,0.0,0.0,0.0,0.0,-0.0,-0.0,0.0,0.0,0.0,30.89453125,0.0,0.0,0.0,33.57421875,0.0,0.0,0.0,34.9140625,0.0,0.0,0.0,30.703125,0.0,0.0,27.640625,0.0,5.8748626708984375
49.521,12.9348087288,-0.0,0.0,0.0,0.0,0.0,-0.0,-0.0,0.0,0.0,0.0,30.51171875,0.0,0.0,0.0,33.19140625,0.0,0.0,0.0,34.53125,0.0,0.0,0.0,31.46875,0.0,0.0,29.74609375,0.0,5.8748626708984375
49.679,12.9348087288,-0.0,0.0,0.0,0.0,0.0,-0.0,-0.0,0.0,0.0,0.0,30.89453125,0.0,0.0,0.0,33.95703125,0.0,0.0,0.0,35.10546875,0.0,0.0,0.0,30.703125,0.0,0.0,29.36328125,0.0,5.8748626708984375
49.843,12.9348087288,-0.0,0.0,0.0,0.0,0.0,-0.0,-0.0,0.0,0.0,0.0,32.234375,0.0,0.0,0.0,33.3828125,0.0,0.0,0.0,34.9140625,0.0,0.0,0.0,31.0859375,0.0,0.0,28.0234375,0.0,5.8748626708984375
50.007,12.9348087288,-0.0,0.0,0.0,0.0,0.0,-0.0,-0.0,0.0,0.0,0.0,30.89453125,0.0,0.0,0.0,33.3828125,0.0,0.0,0.0,34.9140625,0.0,0.0,0.0,30.12890625,0.0,0.0,28.21484375,0.0,5.8748626708984375
50.171,12.9348087288,-0.0,0.0,0.0,0.0,0.0,-0.0,-0.0,0.0,0.0,0.0,32.04296875,0.0,0.0,0.0,33.19140625,0.0,0.0,0.0,34.9140625,0.0,0.0,0.0,30.89453125,0.0,0.0,28.40625,0.0,5.8748626708984375
50.341,12.9348087288,-0.0,0.0,0.0,0.0,0.0,-0.0,-0.0,0.0,0.0,0.0,31.46875,0.0,0.0,0.0,33.0,0.0,0.0,0.0,35.10546875,0.0,0.0,0.0,31.27734375,0.0,0.0,28.59765625,0.0,5.8846435546875
50.503,12.9348087288,-0.0,0.0,0.0,0.0,0.0,-0.0,-0.0,0.0,0.0,0.0,30.703125,0.0,0.0,0.0,33.3828125,0.0,0.0,0.0,34.9140625,0.0,0.0,0.0,31.0859375,0.0,0.0,28.0234375,0.0,5.8748626708984375
50.671,12.9348087288,-0.0,0.0,0.0,0.0,0.0,-0.0,-0.0,0.0,0.0,0.0,31.0859375,0.0,0.0,0.0,34.72265625,0.0,0.0,0.0,35.296875,0.0,0.0,0.0,31.0859375,0.0,0.0,28.59765625,0.0,5.8846435546875
50.841,12.9348087288,-0.0,0.0,0.0,0.0,0.0,-0.0,-0.0,0.0,0.0,0.0,31.0859375,0.0,0.0,0.0,33.3828125,0.0,0.0,0.0,34.9140625,0.0,0.0,0.0,31.46875,0.0,0.0,27.83203125,0.0,5.8846435546875
51.0,12.9348087288,-0.0,0.0,0.0,0.0,0.0,-0.0,-0.0,0.0,0.0,0.0,30.3203125,0.0,0.0,0.0,33.95703125,0.0,0.0,0.0,35.10546875,0.0,0.0,0.0,30.3203125,0.0,0.0,27.83203125,0.0,5.8846435546875
51.17,12.9348087288,-0.0,0.0,0.0,0.0,0.0,-0.0,-0.0,0.0,0.0,0.0,30.51171875,0.0,0.0,0.0,32.80859375,0.0,0.0,0.0,35.296875,0.0,0.0,0.0,31.0859375,0.0,0.0,27.83203125,0.0,5.8846435546875
51.335,12.9348087288,-0.0,0.0,0.0,0.0,0.0,-0.0,-0.0,0.0,0.0,0.0,30.89453125,0.0,0.0,0.0,33.19140625,0.0,0.0,0.0,35.6796875,0.0,0.0,0.0,30.89453125,0.0,0.0,28.21484375,0.0,5.8846435546875
51.503,12.9348087288,-0.0,0.0,0.0,0.0,0.0,-0.0,-0.0,0.0,0.0,0.0,30.51171875,0.0,0.0,0.0,33.57421875,0.0,0.0,0.0,35.6796875,0.0,0.0,0.0,30.51171875,0.0,0.0,27.640625,0.0,5.8748626708984375
51.69,12.943447314,-0.0,0.0,0.0,0.0,0.0,-0.0,-0.0,0.0,0.0,0.0,30.89453125,0.0,0.0,0.0,33.3828125,0.0,0.0,0.0,35.10546875,0.0,0.0,0.0,31.0859375,0.0,0.0,28.0234375,0.0,5.8748626708984375
51.861,12.9348087288,-0.0,0.0,0.0,0.0,0.0,-0.0,-0.0,0.0,0.0,0.0,30.89453125,0.0,0.0,0.0,33.57421875,0.0,0.0,0.0,35.48828125,0.0,0.0,0.0,31.27734375,0.0,0.0,28.40625,0.0,5.8846435546875
52.015,12.9348087288,-0.0,0.0,0.0,0.0,0.0,-0.0,-0.0,0.0,0.0,0.0,30.703125,0.0,0.0,0.0,33.57421875,0.0,0.0,0.0,34.9140625,0.0,0.0,0.0,30.3203125,0.0,0.0,28.21484375,0.0,5.8846435546875
52.178,12.943447314,-0.0,0.0,0.0,0.0,0.0,-0.0,-0.0,0.0,0.0,0.0,30.89453125,0.0,0.0,0.0,34.33984375,0.0,0.0,0.0,35.48828125,0.0,0.0,0.0,31.27734375,0.0,0.0,28.0234375,0.0,5.8846435546875
52.33,12.943447314,-0.0,0.0,0.0,0.0,0.0,-0.0,-0.0,0.0,0.0,0.0,30.703125,0.0,0.0,0.0,33.57421875,0.0,0.0,0.0,34.9140625,0.0,0.0,0.0,31.27734375,0.0,0.0,28.0234375,0.0,5.8846435546875
52.499,12.943447314,-0.0,0.0,0.0,0.0,0.0,-0.0,-0.0,0.0,0.0,0.0,30.89453125,0.0,0.0,0.0,33.765625,0.0,0.0,0.0,35.10546875,0.0,0.0,0.0,30.703125,0.0,0.0,27.2578125,0.0,5.8846435546875
52.661,12.9348087288,-0.0,0.0,0.0,0.0,0.0,-0.0,-0.0,0.0,0.0,0.0,30.703125,0.0,0.0,0.0,33.57421875,0.0,0.0,0.0,35.10546875,0.0,0.0,0.0,30.89453125,0.0,0.0,28.59765625,0.0,5.8748626708984375
52.823,12.943447314,-0.0,0.0,0.0,0.0,0.0,-0.0,-0.0,0.0,0.0,0.0,30.89453125,0.0,0.0,0.0,33.765625,0.0,0.0,0.0,34.9140625,0.0,0.0,0.0,30.3203125,0.0,0.0,28.40625,0.0,5.8846435546875
52.99,12.9348087288,-0.0,0.0,0.0,0.0,0.0,-0.0,-0.0,0.0,0.0,0.0,31.0859375,0.0,0.0,0.0,34.33984375,0.0,0.0,0.0,34.72265625,0.0,0.0,0.0,30.703125,0.0,0.0,28.21484375,0.0,5.8944244384765625
53.159,12.943447314,-0.0,0.0,0.0,0.0,0.0,-0.0,-0.0,0.0,0.0,0.0,31.0859375,0.0,0.0,0.0,34.1484375,0.0,0.0,0.0,35.10546875,0.0,0.0,0.0,31.0859375,0.0,0.0,28.7890625,0.0,5.8846435546875
53.327,12.943447314,-0.0,0.0,0.0,0.0,0.0,-0.0,-0.0,0.0,0.0,0.0,32.234375,0.0,0.0,0.0,33.3828125,0.0,0.0,0.0,35.48828125,0.0,0.0,0.0,30.703125,0.0,0.0,28.40625,0.0,5.8846435546875
53.489,12.943447314,-0.0,0.0,0.0,0.0,0.0,-0.0,-0.0,0.0,0.0,0.0,30.703125,0.0,0.0,0.0,33.3828125,0.0,0.0,0.0,35.6796875,0.0,0.0,0.0,30.3203125,0.0,0.0,27.83203125,0.0,5.8846435546875
53.666,12.9348087288,-0.0,0.0,0.0,0.0,0.0,-0.0,-0.0,0.0,0.0,0.0,31.0859375,0.0,0.0,0.0,34.33984375,0.0,0.0,0.0,35.296875,0.0,0.0,0.0,30.51171875,0.0,0.0,28.40625,0.0,5.8846435546875
53.829,12.943447314,-0.0,0.0,0.0,0.0,0.0,-0.0,-0.0,0.0,0.0,0.0,29.9375,0.0,0.0,0.0,33.765625,0.0,0.0,0.0,34.9140625,0.0,0.0,0.0,30.703125,0.0,0.0,27.06640625,0.0,5.8846435546875
53.989,12.943447314,-0.0,0.0,0.0,0.0,0.0,-0.0,-0.0,0.0,0.0,0.0,30.3203125,0.0,0.0,0.0,33.95703125,0.0,0.0,0.0,35.10546875,0.0,0.0,0.0,30.89453125,0.0,0.0,28.21484375,0.0,5.8846435546875
54.148,12.943447314,-0.0,0.0,0.0,0.0,0.0,-0.0,-0.0,0.0,0.0,0.0,30.89453125,0.0,0.0,0.0,32.80859375,0.0,0.0,0.0,35.48828125,0.0,0.0,0.0,31.0859375,0.0,0.0,28.59765625,0.0,5.8846435546875
54.321,12.943447314,-0.0,0.0,0.0,0.0,0.0,-0.0,-0.0,0.0,0.0,0.0,30.51171875,0.0,0.0,0.0,32.42578125,0.0,0.0,0.0,35.6796875,0.0,0.0,0.0,30.703125,0.0,0.0,28.40625,0.0,5.8846435546875
54.498,12.943447314,-0.0,0.0,0.0,0.0,0.0,-0.0,-0.0,0.0,0.0,0.0,31.0859375,0.0,0.0,0.0,33.19140625,0.0,0.0,0.0,35.10546875,0.0,0.0,0.0,31.27734375,0.0,0.0,27.640625,0.0,5.8748626708984375
54.672,12.943447314,-0.0,0.0,0.0,0.0,0.0,-0.0,-0.0,0.0,0.0,0.0,30.703125,0.0,0.0,0.0,33.765625,0.0,0.0,0.0,35.10546875,0.0,0.0,0.0,30.703125,0.0,0.0,27.83203125,0.0,5.8846435546875
54.842,12.943447314,-0.0,0.0,0.0,0.0,0.0,-0.0,-0.0,0.0,0.0,0.0,30.89453125,0.0,0.0,0.0,33.95703125,0.0,0.0,0.0,34.72265625,0.0,0.0,0.0,30.703125,0.0,0.0,28.59765625,0.0,5.8846435546875
55.001,12.943447314,-0.0,0.0,0.0,0.0,0.0,-0.0,-0.0,0.0,0.0,0.0,30.703125,0.0,0.0,0.0,33.95703125,0.0,0.0,0.0,35.10546875,0.0,0.0,0.0,30.703125,0.0,0.0,29.171875,0.0,5.8846435546875
55.159,12.943447314,-0.0,0.0,0.0,0.0,0.0,-0.0,-0.0,0.0,0.0,0.0,30.703125,0.0,0.0,0.0,33.3828125,0.0,0.0,0.0,35.10546875,0.0,0.0,0.0,30.89453125,0.0,0.0,28.40625,0.0,5.8846435546875
55.328,12.943447314,-0.0,0.0,0.0,0.0,0.0,-0.0,-0.0,0.0,0.0,0.0,30.3203125,0.0,0.0,0.0,33.765625,0.0,0.0,0.0,35.87109375,0.0,0.0,0.0,31.0859375,0.0,0.0,28.21484375,0.0,5.8846435546875
55.489,12.943447314,-0.0,0.0,0.0,0.0,0.0,-0.0,-0.0,0.0,0.0,0.0,30.703125,0.0,0.0,0.0,33.57421875,0.0,0.0,0.0,35.10546875,0.0,0.0,0.0,30.703125,0.0,0.0,27.83203125,0.0,5.8846435546875
55.647,12.943447314,-0.0,0.0,0.0,0.0,0.0,-0.0,-0.0,0.0,0.0,0.0,31.66015625,0.0,0.0,0.0,33.765625,0.0,0.0,0.0,34.9140625,0.0,0.0,0.0,30.51171875,0.0,0.0,28.21484375,0.0,5.8748626708984375
55.819,12.943447314,-0.0,0.0,0.0,0.0,0.0,-0.0,-0.0,0.0,0.0,0.0,30.89453125,0.0,0.0,0.0,33.3828125,0.0,0.0,0.0,35.10546875,0.0,0.0,0.0,31.27734375,0.0,0.0,29.171875,0.0,5.8846435546875
55.982,12.943447314,-0.0,0.0,0.0,0.0,0.0,-0.0,-0.0,0.0,0.0,0.0,30.51171875,0.0,0.0,0.0,33.765625,0.0,0.0,0.0,35.48828125,0.0,0.0,0.0,30.89453125,0.0,0.0,28.59765625,0.0,5.8846435546875
56.158,12.943447314,-0.0,0.0,0.0,0.0,0.0,-0.0,-0.0,0.0,0.0,0.0,30.703125,0.0,0.0,0.0,33.0,0.0,0.0,0.0,35.6796875,0.0,0.0,0.0,30.89453125,0.0,0.0,28.21484375,0.0,5.8846435546875
56.334,12.943447314,-0.0,0.0,0.0,0.0,0.0,-0.0,-0.0,0.0,0.0,0.0,30.703125,0.0,0.0,0.0,33.57421875,0.0,0.0,0.0,35.48828125,0.0,0.0,0.0,30.703125,0.0,0.0,28.21484375,0.0,5.8748626708984375
56.509,12.943447314,-0.0,0.0,0.0,0.0,0.0,-0.0,-0.0,0.0,0.0,0.0,30.703125,0.0,0.0,0.0,33.95703125,0.0,0.0,0.0,35.87109375,0.0,0.0,0.0,31.0859375,0.0,0.0,28.0234375,0.0,5.8846435546875
56.679,12.943447314,-0.0,0.0,0.0,0.0,0.0,-0.0,-0.0,0.0,0.0,0.0,31.0859375,0.0,0.0,0.0,33.57421875,0.0,0.0,0.0,34.9140625,0.0,0.0,0.0,31.27734375,0.0,0.0,28.21484375,0.0,5.8748626708984375
56.841,12.943447314,-0.0,0.0,0.0,0.0,0.0,-0.0,-0.0,0.0,0.0,0.0,30.51171875,0.0,0.0,0.0,33.57421875,0.0,0.0,0.0,35.10546875,0.0,0.0,0.0,30.51171875,0.0,0.0,27.83203125,0.0,5.8846435546875
56.999,12.943447314,-0.0,0.0,0.0,0.0,0.0,-0.0,-0.0,0.0,0.0,0.0,30.51171875,0.0,0.0,0.0,33.19140625,0.0,0.0,0.0,35.10546875,0.0,0.0,0.0,30.89453125,0.0,0.0,28.21484375,0.0,5.8846435546875
57.161,12.943447314,-0.0,0.0,0.0,0.0,0.0,-0.0,-0.0,0.0,0.0,0.0,30.51171875,0.0,0.0,0.0,33.57421875,0.0,0.0,0.0,34.9140625,0.0,0.0,0.0,31.27734375,0.0,0.0,28.21484375,0.0,5.8748626708984375
57.327,12.943447314,-0.0,0.0,0.0,0.0,0.0,-0.0,-0.0,0.0,0.0,0.0,30.703125,0.0,0.0,0.0,33.19140625,0.0,0.0,0.0,34.9140625,0.0,0.0,0.0,30.703125,0.0,0.0,27.83203125,0.0,5.8846435546875
57.49,12.943447314,-0.0,0.0,0.0,0.0,0.0,-0.0,-0.0,0.0,0.0,0.0,30.3203125,0.0,0.0,0.0,33.57421875,0.0,0.0,0.0,34.72265625,0.0,0.0,0.0,31.27734375,0.0,0.0,27.83203125,0.0,5.8846435546875
57.66,12.943447314,-0.0,0.0,0.0,0.0,0.0,-0.0,-0.0,0.0,0.0,0.0,31.0859375,0.0,0.0,0.0,33.95703125,0.0,0.0,0.0,34.9140625,0.0,0.0,0.0,30.89453125,0.0,0.0,28.0234375,0.0,5.8846435546875
57.84,12.943447314,-0.0,0.0,0.0,0.0,0.0,-0.0,-0.0,0.0,0.0,0.0,31.0859375,0.0,0.0,0.0,34.72265625,0.0,0.0,0.0,35.296875,0.0,0.0,0.0,30.703125,0.0,0.0,27.83203125,0.0,5.8846435546875
58.009,12.943447314,-0.0,0.0,0.0,0.0,0.0,-0.0,-0.0,0.0,0.0,0.0,31.0859375,0.0,0.0,0.0,33.95703125,0.0,0.0,0.0,35.296875,0.0,0.0,0.0,30.89453125,0.0,0.0,27.83203125,0.0,5.8846435546875
58.181,12.943447314,-0.0,0.0,0.0,0.0,0.0,-0.0,-0.0,0.0,0.0,0.0,30.89453125,0.0,0.0,0.0,33.95703125,0.0,0.0,0.0,35.10546875,0.0,0.0,0.0,30.703125,0.0,0.0,27.640625,0.0,5.8846435546875
58.352,12.943447314,-0.0,0.0,0.0,0.0,0.0,-0.0,-0.0,0.0,0.0,0.0,30.89453125,0.0,0.0,0.0,33.57421875,0.0,0.0,0.0,35.48828125,0.0,0.0,0.0,31.0859375,0.0,0.0,27.83203125,0.0,5.8846435546875
58.508,12.943447314,-0.0,0.0,0.0,0.0,0.0,-0.0,-0.0,0.0,0.0,0.0,30.51171875,0.0,0.0,0.0,32.80859375,0.0,0.0,0.0,35.296875,0.0,0.0,0.0,30.89453125,0.0,0.0,28.21484375,0.0,5.8846435546875
58.679,12.943447314,-0.0,0.0,0.0,0.0,0.0,-0.0,-0.0,0.0,0.0,0.0,30.703125,0.0,0.0,0.0,32.80859375,0.0,0.0,0.0,34.9140625,0.0,0.0,0.0,31.27734375,0.0,0.0,28.40625,0.0,5.8846435546875
58.849,12.943447314,-0.0,0.0,0.0,0.0,0.0,-0.0,-0.0,0.0,0.0,0.0,30.51171875,0.0,0.0,0.0,33.19140625,0.0,0.0,0.0,35.10546875,0.0,0.0,0.0,31.27734375,0.0,0.0,27.2578125,0.0,5.8944244384765625
59.019,12.943447314,-0.0,0.0,0.0,0.0,0.0,-0.0,-0.0,0.0,0.0,0.0,30.89453125,0.0,0.0,0.0,33.57421875,0.0,0.0,0.0,34.72265625,0.0,0.0,0.0,30.51171875,0.0,0.0,27.83203125,0.0,5.8846435546875
59.181,12.943447314,-0.0,0.0,0.0,0.0,0.0,-0.0,-0.0,0.0,0.0,0.0,31.27734375,0.0,0.0,0.0,33.95703125,0.0,0.0,0.0,34.9140625,0.0,0.0,0.0,31.27734375,0.0,0.0,28.40625,0.0,5.8846435546875
59.344,12.943447314,-0.0,0.0,0.0,0.0,0.0,-0.0,-0.0,0.0,0.0,0.0,30.3203125,0.0,0.0,0.0,33.765625,0.0,0.0,0.0,35.10546875,0.0,0.0,0.0,31.0859375,0.0,0.0,27.640625,0.0,5.8846435546875
59.518,12.943447314,-0.0,0.0,0.0,0.0,0.0,-0.0,-0.0,0.0,0.0,0.0,30.51171875,0.0,0.0,0.0,33.19140625,0.0,0.0,0.0,34.72265625,0.0,0.0,0.0,29.9375,0.0,0.0,26.875,0.0,5.8748626708984375
59.682,12.943447314,-0.0,0.0,0.0,0.0,0.0,-0.0,-0.0,0.0,0.0,0.0,31.0859375,0.0,0.0,0.0,33.3828125,0.0,0.0,0.0,35.87109375,0.0,0.0,0.0,30.703125,0.0,0.0,28.21484375,0.0,5.8846435546875
59.849,12.943447314,-0.0,0.0,0.0,0.0,0.0,-0.0,-0.0,0.0,0.0,0.0,31.0859375,0.0,0.0,0.0,33.0,0.0,0.0,0.0,35.296875,0.0,0.0,0.0,30.89453125,0.0,0.0,28.59765625,0.0,5.8846435546875
60.021,12.943447314,-0.0,0.0,0.0,0.0,0.0,-0.0,-0.0,0.0,0.0,0.0,31.27734375,0.0,0.0,0.0,33.57421875,0.0,0.0,0.0,34.72265625,0.0,0.0,0.0,30.3203125,0.0,0.0,28.98046875,0.0,5.8846435546875
60.183,12.943447314,-0.0,0.0,0.0,0.0,0.0,-0.0,-0.0,0.0,0.0,0.0,30.12890625,0.0,0.0,0.0,33.19140625,0.0,0.0,0.0,35.48828125,0.0,0.0,0.0,31.27734375,0.0,0.0,28.0234375,0.0,5.8748626708984375
60.357,12.943447314,-0.0,0.0,0.0,0.0,0.0,-0.0,-0.0,0.0,0.0,0.0,31.27734375,0.0,0.0,0.0,33.3828125,0.0,0.0,0.0,35.10546875,0.0,0.0,0.0,30.703125,0.0,0.0,28.59765625,0.0,5.8748626708984375
60.524,12.943447314,-0.0,0.0,0.0,0.0,0.0,-0.0,-0.0,0.0,0.0,0.0,30.12890625,0.0,0.0,0.0,33.3828125,0.0,0.0,0.0,34.72265625,0.0,0.0,0.0,30.89453125,0.0,0.0,28.98046875,0.0,5.8748626708984375
60.675,12.943447314,-0.0,0.0,0.0,0.0,0.0,-0.0,-0.0,0.0,0.0,0.0,30.89453125,0.0,0.0,0.0,34.1484375,0.0,0.0,0.0,35.10546875,0.0,0.0,0.0,30.89453125,0.0,0.0,28.98046875,0.0,5.8650970458984375
60.861,12.943447314,-0.0,0.0,0.0,0.0,0.0,-0.0,-0.0,0.0,0.0,0.0,31.0859375,0.0,0.0,0.0,33.3828125,0.0,0.0,0.0,35.296875,0.0,0.0,0.0,30.51171875,0.0,0.0,28.0234375,0.0,5.8748626708984375
61.021,12.943447314,-0.0,0.0,0.0,0.0,0.0,-0.0,-0.0,0.0,0.0,0.0,30.89453125,0.0,0.0,0.0,34.33984375,0.0,0.0,0.0,35.6796875,0.0,0.0,0.0,30.51171875,0.0,0.0,28.40625,0.0,5.8748626708984375
61.182,12.943447314,-0.0,0.0,0.0,0.0,0.0,-0.0,-0.0,0.0,0.0,0.0,30.51171875,0.0,0.0,0.0,34.33984375,0.0,0.0,0.0,34.72265625,0.0,0.0,0.0,31.0859375,0.0,0.0,26.875,0.0,5.8748626708984375
61.343,12.943447314,-0.0,0.0,0.0,0.0,0.0,-0.0,-0.0,0.0,0.0,0.0,31.0859375,0.0,0.0,0.0,33.3828125,0.0,0.0,0.0,35.10546875,0.0,0.0,0.0,30.703125,0.0,0.0,28.21484375,0.0,5.8748626708984375
61.51,12.943447314,-0.0,0.0,0.0,0.0,0.0,-0.0,-0.0,0.0,0.0,0.0,31.27734375,0.0,0.0,0.0,33.0,0.0,0.0,0.0,35.10546875,0.0,0.0,0.0,30.51171875,0.0,0.0,28.0234375,0.0,5.8846435546875
61.679,12.943447314,-0.0,0.0,0.0,0.0,0.0,-0.0,-0.0,0.0,0.0,0.0,31.46875,0.0,0.0,0.0,33.0,0.0,0.0,0.0,35.296875,0.0,0.0,0.0,30.3203125,0.0,0.0,27.44921875,0.0,5.8650970458984375
61.846,12.943447314,-0.0,0.0,0.0,0.0,0.0,-0.0,-0.0,0.0,0.0,0.0,31.0859375,0.0,0.0,0.0,34.1484375,0.0,0.0,0.0,35.48828125,0.0,0.0,0.0,31.27734375,0.0,0.0,27.640625,0.0,5.8748626708984375
62.008,12.943447314,-0.0,0.0,0.0,0.0,0.0,-0.0,-0.0,0.0,0.0,0.0,30.12890625,0.0,0.0,0.0,33.3828125,0.0,0.0,0.0,35.10546875,0.0,0.0,0.0,31.0859375,0.0,0.0,28.0234375,0.0,5.8748626708984375
62.181,12.943447314,-0.0,0.0,0.0,0.0,0.0,-0.0,-0.0,0.0,0.0,0.0,30.703125,0.0,0.0,0.0,33.95703125,0.0,0.0,0.0,34.9140625,0.0,0.0,0.0,30.703125,0.0,0.0,27.640625,0.0,5.8748626708984375
62.349,12.943447314,-0.0,0.0,0.0,0.0,0.0,-0.0,-0.0,0.0,0.0,0.0,31.0859375,0.0,0.0,0.0,33.19140625,0.0,0.0,0.0,35.48828125,0.0,0.0,0.0,30.89453125,0.0,0.0,28.0234375,0.0,5.8846435546875
62.52,12.943447314,-0.0,0.0,0.0,0.0,0.0,-0.0,-0.0,0.0,0.0,0.0,30.51171875,0.0,0.0,0.0,33.3828125,0.0,0.0,0.0,35.48828125,0.0,0.0,0.0,30.3203125,0.0,0.0,28.59765625,0.0,5.8846435546875
62.682,12.943447314,-0.0,0.0,0.0,0.0,0.0,-0.0,-0.0,0.0,0.0,0.0,31.46875,0.0,0.0,0.0,33.3828125,0.0,0.0,0.0,35.10546875,0.0,0.0,0.0,31.27734375,0.0,0.0,29.74609375,0.0,5.8846435546875
62.849,12.943447314,-0.0,0.0,0.0,0.0,0.0,-0.0,-0.0,0.0,0.0,0.0,30.89453125,0.0,0.0,0.0,33.765625,0.0,0.0,0.0,35.10546875,0.0,0.0,0.0,30.3203125,0.0,0.0,27.44921875,0.0,5.8748626708984375
63.01,12.943447314,-0.0,0.0,0.0,0.0,0.0,-0.0,-0.0,0.0,0.0,0.0,30.89453125,0.0,0.0,0.0,34.1484375,0.0,0.0,0.0,34.72265625,0.0,0.0,0.0,30.703125,0.0,0.0,27.44921875,0.0,5.8846435546875
63.181,12.943447314,-0.0,0.0,0.0,0.0,0.0,-0.0,-0.0,0.0,0.0,0.0,30.3203125,0.0,0.0,0.0,33.765625,0.0,0.0,0.0,34.9140625,0.0,0.0,0.0,30.703125,0.0,0.0,27.83203125,0.0,5.8846435546875
63.359,12.943447314,-0.0,0.0,0.0,0.0,0.0,-0.0,-0.0,0.0,0.0,0.0,29.9375,0.0,0.0,0.0,33.3828125,0.0,0.0,0.0,34.9140625,0.0,0.0,0.0,30.89453125,0.0,0.0,27.83203125,0.0,5.8748626708984375
63.521,12.943447314,-0.0,0.0,0.0,0.0,0.0,-0.0,-0.0,0.0,0.0,0.0,31.0859375,0.0,0.0,0.0,33.0,0.0,0.0,0.0,34.9140625,0.0,0.0,0.0,31.27734375,0.0,0.0,29.171875,0.0,5.8846435546875
63.681,12.943447314,-0.0,0.0,0.0,0.0,0.0,-0.0,-0.0,0.0,0.0,0.0,30.703125,0.0,0.0,0.0,33.95703125,0.0,0.0,0.0,35.48828125,0.0,0.0,0.0,31.0859375,0.0,0.0,26.4921875,0.0,5.8846435546875
63.861,12.943447314,-0.0,0.0,0.0,0.0,0.0,-0.0,-0.0,0.0,0.0,0.0,30.89453125,0.0,0.0,0.0,33.95703125,0.0,0.0,0.0,34.9140625,0.0,0.0,0.0,31.46875,0.0,0.0,28.0234375,0.0,5.8846435546875
64.04,12.943447314,-0.0,0.0,0.0,0.0,0.0,-0.0,-0.0,0.0,0.0,0.0,31.0859375,0.0,0.0,0.0,33.3828125,0.0,0.0,0.0,35.10546875,0.0,0.0,0.0,30.703125,0.0,0.0,27.640625,0.0,5.8748626708984375
64.21,12.943447314,-0.0,0.0,0.0,0.0,0.0,-0.0,-0.0,0.0,0.0,0.0,30.703125,0.0,0.0,0.0,33.95703125,0.0,0.0,0.0,35.296875,0.0,0.0,0.0,31.0859375,0.0,0.0,28.7890625,0.0,5.8846435546875
64.371,12.943447314,-0.0,0.0,0.0,0.0,0.0,-0.0,-0.0,0.0,0.0,0.0,31.0859375,0.0,0.0,0.0,33.3828125,0.0,0.0,0.0,35.10546875,0.0,0.0,0.0,30.703125,0.0,0.0,28.0234375,0.0,5.8846435546875
64.541,12.943447314,-0.0,0.0,0.0,0.0,0.0,-0.0,-0.0,0.0,0.0,0.0,30.51171875,0.0,0.0,0.0,33.3828125,0.0,0.0,0.0,35.48828125,0.0,0.0,0.0,30.89453125,0.0,0.0,28.0234375,0.0,5.8846435546875
64.707,12.943447314,-0.0,0.0,0.0,0.0,0.0,-0.0,-0.0,0.0,0.0,0.0,32.234375,0.0,0.0,0.0,33.57421875,0.0,0.0,0.0,35.6796875,0.0,0.0,0.0,31.0859375,0.0,0.0,28.21484375,0.0,5.8846435546875
64.881,12.943447314,-0.0,0.0,0.0,0.0,0.0,-0.0,-0.0,0.0,0.0,0.0,29.9375,0.0,0.0,0.0,33.3828125,0.0,0.0,0.0,35.296875,0.0,0.0,0.0,31.0859375,0.0,0.0,28.0234375,0.0,5.8748626708984375
65.041,12.943447314,-0.0,0.0,0.0,0.0,0.0,-0.0,-0.0,0.0,0.0,0.0,29.74609375,0.0,0.0,0.0,33.19140625,0.0,0.0,0.0,34.9140625,0.0,0.0,0.0,30.703125,0.0,0.0,28.40625,0.0,5.8846435546875
65.207,12.943447314,-0.0,0.0,0.0,0.0,0.0,-0.0,-0.0,0.0,0.0,0.0,31.8515625,0.0,0.0,0.0,33.19140625,0.0,0.0,0.0,35.10546875,0.0,0.0,0.0,30.703125,0.0,0.0,28.0234375,0.0,5.8846435546875
65.367,12.943447314,-0.0,0.0,0.0,0.0,0.0,-0.0,-0.0,0.0,0.0,0.0,30.3203125,0.0,0.0,0.0,33.95703125,0.0,0.0,0.0,35.296875,0.0,0.0,0.0,31.27734375,0.0,0.0,28.21484375,0.0,5.8846435546875
65.539,12.943447314,-0.0,0.0,0.0,0.0,0.0,-0.0,-0.0,0.0,0.0,0.0,30.89453125,0.0,0.0,0.0,33.95703125,0.0,0.0,0.0,35.48828125,0.0,0.0,0.0,30.51171875,0.0,0.0,28.7890625,0.0,5.8846435546875
65.701,12.943447314,-0.0,0.0,0.0,0.0,0.0,-0.0,-0.0,0.0,0.0,0.0,31.0859375,0.0,0.0,0.0,33.19140625,0.0,0.0,0.0,35.6796875,0.0,0.0,0.0,30.3203125,0.0,0.0,27.640625,0.0,5.8846435546875
65.862,12.943447314,-0.0,0.0,0.0,0.0,0.0,-0.0,-0.0,0.0,0.0,0.0,30.51171875,0.0,0.0,0.0,32.80859375,0.0,0.0,0.0,34.9140625,0.0,0.0,0.0,30.51171875,0.0,0.0,28.59765625,0.0,5.8846435546875
66.02,12.943447314,-0.0,0.0,0.0,0.0,0.0,-0.0,-0.0,0.0,0.0,0.0,30.703125,0.0,0.0,0.0,34.1484375,0.0,0.0,0.0,35.48828125,0.0,0.0,0.0,31.27734375,0.0,0.0,27.640625,0.0,5.8846435546875
66.2,12.943447314,-0.0,0.0,0.0,0.0,0.0,-0.0,-0.0,0.0,0.0,0.0,31.0859375,0.0,0.0,0.0,34.1484375,0.0,0.0,0.0,35.296875,0.0,0.0,0.0,31.27734375,0.0,0.0,28.0234375,0.0,5.8748626708984375
66.364,12.943447314,-0.0,0.0,0.0,0.0,0.0,-0.0,-0.0,0.0,0.0,0.0,30.51171875,0.0,0.0,0.0,34.1484375,0.0,0.0,0.0,35.10546875,0.0,0.0,0.0,31.0859375,0.0,0.0,27.83203125,0.0,5.8846435546875
66.528,12.943447314,-0.0,0.0,0.0,0.0,0.0,-0.0,-0.0,0.0,0.0,0.0,31.0859375,0.0,0.0,0.0,32.6171875,0.0,0.0,0.0,35.10546875,0.0,0.0,0.0,31.46875,0.0,0.0,27.44921875,0.0,5.8846435546875
66.701,12.943447314,-0.0,0.0,0.0,0.0,0.0,-0.0,-0.0,0.0,0.0,0.0,30.703125,0.0,0.0,0.0,33.57421875,0.0,0.0,0.0,35.10546875,0.0,0.0,0.0,30.51171875,0.0,0.0,27.2578125,0.0,5.8846435546875
66.923,12.943447314,-0.0,0.0,0.0,0.0,0.0,-0.0,-0.0,0.0,0.0,0.0,30.703125,0.0,0.0,0.0,33.3828125,0.0,0.0,0.0,35.48828125,0.0,0.0,0.0,30.51171875,0.0,0.0,28.40625,0.0,5.8748626708984375
67.087,12.943447314,-0.0,0.0,0.0,0.0,0.0,-0.0,-0.0,0.0,0.0,0.0,30.703125,0.0,0.0,0.0,33.95703125,0.0,0.0,0.0,35.10546875,0.0,0.0,0.0,30.51171875,0.0,0.0,28.21484375,0.0,5.8846435546875
67.242,12.943447314,-0.0,0.0,0.0,0.0,0.0,-0.0,-0.0,0.0,0.0,0.0,31.27734375,0.0,0.0,0.0,33.765625,0.0,0.0,0.0,35.48828125,0.0,0.0,0.0,31.46875,0.0,0.0,28.21484375,0.0,5.8846435546875
67.42,12.943447314,-0.0,0.0,0.0,0.0,0.0,-0.0,-0.0,0.0,0.0,0.0,30.89453125,0.0,0.0,0.0,33.19140625,0.0,0.0,0.0,34.9140625,0.0,0.0,0.0,30.703125,0.0,0.0,28.21484375,0.0,5.8846435546875
67.581,12.943447314,-0.0,0.0,0.0,0.0,0.0,-0.0,-0.0,0.0,0.0,0.0,30.703125,0.0,0.0,0.0,33.765625,0.0,0.0,0.0,35.296875,0.0,0.0,0.0,30.89453125,0.0,0.0,28.0234375,0.0,5.8748626708984375
67.751,12.943447314,-0.0,0.0,0.0,0.0,0.0,-0.0,-0.0,0.0,0.0,0.0,31.27734375,0.0,0.0,0.0,33.765625,0.0,0.0,0.0,35.10546875,0.0,0.0,0.0,30.3203125,0.0,0.0,28.40625,0.0,5.8846435546875
67.928,12.943447314,-0.0,0.0,0.0,0.0,0.0,-0.0,-0.0,0.0,0.0,0.0,31.27734375,0.0,0.0,0.0,34.53125,0.0,0.0,0.0,35.10546875,0.0,0.0,0.0,30.89453125,0.0,0.0,28.7890625,0.0,5.8846435546875
68.101,12.943447314,-0.0,0.0,0.0,0.0,0.0,-0.0,-0.0,0.0,0.0,0.0,30.51171875,0.0,0.0,0.0,33.57421875,0.0,0.0,0.0,34.9140625,0.0,0.0,0.0,31.0859375,0.0,0.0,26.4921875,0.0,5.8846435546875
68.261,12.943447314,-0.0,0.0,0.0,0.0,0.0,-0.0,-0.0,0.0,0.0,0.0,30.89453125,0.0,0.0,0.0,33.57421875,0.0,0.0,0.0,35.296875,0.0,0.0,0.0,30.3203125,0.0,0.0,27.640625,0.0,5.8846435546875
68.423,12.943447314,-0.0,0.0,0.0,0.0,0.0,-0.0,-0.0,0.0,0.0,0.0,30.51171875,0.0,0.0,0.0,34.1484375,0.0,0.0,0.0,35.296875,0.0,0.0,0.0,31.66015625,0.0,0.0,27.640625,0.0,5.8846435546875
68.583,12.943447314,-0.0,0.0,0.0,0.0,0.0,-0.0,-0.0,0.0,0.0,0.0,30.3203125,0.0,0.0,0.0,33.57421875,0.0,0.0,0.0,35.48828125,0.0,0.0,0.0,30.51171875,0.0,0.0,28.40625,0.0,5.8748626708984375
68.749,12.943447314,-0.0,0.0,0.0,0.0,0.0,-0.0,-0.0,0.0,0.0,0.0,30.89453125,0.0,0.0,0.0,33.57421875,0.0,0.0,0.0,35.296875,0.0,0.0,0.0,30.703125,0.0,0.0,28.40625,0.0,5.8846435546875
68.909,12.943447314,-0.0,0.0,0.0,0.0,0.0,-0.0,-0.0,0.0,0.0,0.0,30.89453125,0.0,0.0,0.0,33.95703125,0.0,0.0,0.0,35.296875,0.0,0.0,0.0,31.46875,0.0,0.0,28.40625,0.0,5.8748626708984375
69.071,12.943447314,-0.0,0.0,0.0,0.0,0.0,-0.0,-0.0,0.0,0.0,0.0,30.703125,0.0,0.0,0.0,33.57421875,0.0,0.0,0.0,35.10546875,0.0,0.0,0.0,31.0859375,0.0,0.0,28.40625,0.0,5.8748626708984375
69.245,12.943447314,-0.0,0.0,0.0,0.0,0.0,-0.0,-0.0,0.0,0.0,0.0,30.703125,0.0,0.0,0.0,33.57421875,0.0,0.0,0.0,35.6796875,0.0,0.0,0.0,31.0859375,0.0,0.0,28.98046875,0.0,5.8846435546875
69.413,12.943447314,-0.0,0.0,0.0,0.0,0.0,-0.0,-0.0,0.0,0.0,0.0,30.3203125,0.0,0.0,0.0,33.57421875,0.0,0.0,0.0,35.87109375,0.0,0.0,0.0,31.66015625,0.0,0.0,28.0234375,0.0,5.8846435546875
69.581,12.943447314,-0.0,0.0,0.0,0.0,0.0,-0.0,-0.0,0.0,0.0,0.0,30.703125,0.0,0.0,0.0,33.3828125,0.0,0.0,0.0,35.10546875,0.0,0.0,0.0,31.27734375,0.0,0.0,28.0234375,0.0,5.8846435546875
69.748,12.943447314,-0.0,0.0,0.0,0.0,0.0,-0.0,-0.0,0.0,0.0,0.0,30.51171875,0.0,0.0,0.0,33.3828125,0.0,0.0,0.0,34.9140625,0.0,0.0,0.0,30.51171875,0.0,0.0,26.68359375,0.0,5.8846435546875
69.952,12.943447314,-0.0,0.0,0.0,0.0,0.0,-0.0,-0.0,0.0,0.0,0.0,31.46875,0.0,0.0,0.0,33.19140625,0.0,0.0,0.0,34.72265625,0.0,0.0,0.0,30.51171875,0.0,0.0,28.21484375,0.0,5.8748626708984375
70.12,12.943447314,-0.0,0.0,0.0,0.0,0.0,-0.0,-0.0,0.0,0.0,0.0,30.89453125,0.0,0.0,0.0,33.19140625,0.0,0.0,0.0,35.48828125,0.0,0.0,0.0,30.89453125,0.0,0.0,28.0234375,0.0,5.8748626708984375
70.282,12.943447314,-0.0,0.0,0.0,0.0,0.0,-0.0,-0.0,0.0,0.0,0.0,30.89453125,0.0,0.0,0.0,33.57421875,0.0,0.0,0.0,35.6796875,0.0,0.0,0.0,30.703125,0.0,0.0,28.0234375,0.0,5.8846435546875
70.44,12.943447314,-0.0,0.0,0.0,0.0,0.0,-0.0,-0.0,0.0,0.0,0.0,31.27734375,0.0,0.0,0.0,33.3828125,0.0,0.0,0.0,35.10546875,0.0,0.0,0.0,30.703125,0.0,0.0,28.40625,0.0,5.8748626708984375
70.608,12.943447314,-0.0,0.0,0.0,0.0,0.0,-0.0,-0.0,0.0,0.0,0.0,32.04296875,0.0,0.0,0.0,32.80859375,0.0,0.0,0.0,35.48828125,0.0,0.0,0.0,30.3203125,0.0,0.0,28.0234375,0.0,5.8846435546875
70.763,12.943447314,-0.0,0.0,0.0,0.0,0.0,-0.0,-0.0,0.0,0.0,0.0,30.51171875,0.0,0.0,0.0,33.19140625,0.0,0.0,0.0,35.296875,0.0,0.0,0.0,30.89453125,0.0,0.0,29.74609375,0.0,5.8846435546875
70.928,12.943447314,-0.0,0.0,0.0,0.0,0.0,-0.0,-0.0,0.0,0.0,0.0,30.51171875,0.0,0.0,0.0,33.95703125,0.0,0.0,0.0,35.10546875,0.0,0.0,0.0,30.89453125,0.0,0.0,28.59765625,0.0,5.8846435546875
71.101,12.943447314,-0.0,0.0,0.0,0.0,0.0,-0.0,-0.0,0.0,0.0,0.0,30.703125,0.0,0.0,0.0,33.765625,0.0,0.0,0.0,34.9140625,0.0,0.0,0.0,30.3203125,0.0,0.0,28.7890625,0.0,5.8846435546875
71.252,12.943447314,-0.0,0.0,0.0,0.0,0.0,-0.0,-0.0,0.0,0.0,0.0,30.703125,0.0,0.0,0.0,33.19140625,0.0,0.0,0.0,34.9140625,0.0,0.0,0.0,30.703125,0.0,0.0,28.21484375,0.0,5.8846435546875
71.411,12.943447314,-0.0,0.0,0.0,0.0,0.0,-0.0,-0.0,0.0,0.0,0.0,30.89453125,0.0,0.0,0.0,33.57421875,0.0,0.0,0.0,35.296875,0.0,0.0,0.0,31.27734375,0.0,0.0,28.0234375,0.0,5.8748626708984375
71.575,12.943447314,-0.0,0.0,0.0,0.0,0.0,-0.0,-0.0,0.0,0.0,0.0,31.0859375,0.0,0.0,0.0,33.3828125,0.0,0.0,0.0,35.48828125,0.0,0.0,0.0,31.0859375,0.0,0.0,29.171875,0.0,5.8846435546875
71.74,12.943447314,-0.0,0.0,0.0,0.0,0.0,-0.0,-0.0,0.0,0.0,0.0,31.0859375,0.0,0.0,0.0,33.57421875,0.0,0.0,0.0,35.296875,0.0,0.0,0.0,31.0859375,0.0,0.0,28.40625,0.0,5.8846435546875
71.91,12.943447314,-0.0,0.0,0.0,0.0,0.0,-0.0,-0.0,0.0,0.0,0.0,30.89453125,0.0,0.0,0.0,33.95703125,0.0,0.0,0.0,35.48828125,0.0,0.0,0.0,30.703125,0.0,0.0,28.40625,0.0,5.8650970458984375
72.079,12.943447314,-0.0,0.0,0.0,0.0,0.0,-0.0,-0.0,0.0,0.0,0.0,31.0859375,0.0,0.0,0.0,33.3828125,0.0,0.0,0.0,35.48828125,0.0,0.0,0.0,31.0859375,0.0,0.0,28.40625,0.0,5.8748626708984375
72.24,12.943447314,-0.0,0.0,0.0,0.0,0.0,-0.0,-0.0,0.0,0.0,0.0,31.27734375,0.0,0.0,0.0,33.57421875,0.0,0.0,0.0,35.296875,0.0,0.0,0.0,31.27734375,0.0,0.0,28.0234375,0.0,5.8846435546875
72.398,12.943447314,-0.0,0.0,0.0,0.0,0.0,-0.0,-0.0,0.0,0.0,0.0,30.51171875,0.0,0.0,0.0,33.3828125,0.0,0.0,0.0,35.10546875,0.0,0.0,0.0,31.0859375,0.0,0.0,28.21484375,0.0,5.8748626708984375
72.554,12.943447314,-0.0,0.0,0.0,0.0,0.0,-0.0,-0.0,0.0,0.0,0.0,30.89453125,0.0,0.0,0.0,33.19140625,0.0,0.0,0.0,35.48828125,0.0,0.0,0.0,30.3203125,0.0,0.0,28.98046875,0.0,5.8748626708984375
72.722,12.943447314,-0.0,0.0,0.0,0.0,0.0,-0.0,-0.0,0.0,0.0,0.0,31.27734375,0.0,0.0,0.0,33.57421875,0.0,0.0,0.0,35.296875,0.0,0.0,0.0,30.703125,0.0,0.0,28.0234375,0.0,5.8748626708984375
72.89,12.943447314,-0.0,0.0,0.0,0.0,0.0,-0.0,-0.0,0.0,0.0,0.0,31.27734375,0.0,0.0,0.0,33.0,0.0,0.0,0.0,35.10546875,0.0,0.0,0.0,31.0859375,0.0,0.0,29.74609375,0.0,5.8846435546875
73.047,12.943447314,-0.0,0.0,0.0,0.0,0.0,-0.0,-0.0,0.0,0.0,0.0,30.12890625,0.0,0.0,0.0,33.3828125,0.0,0.0,0.0,34.9140625,0.0,0.0,0.0,31.0859375,0.0,0.0,28.0234375,0.0,5.8846435546875
73.206,12.943447314,-0.0,0.0,0.0,0.0,0.0,-0.0,-0.0,0.0,0.0,0.0,30.703125,0.0,0.0,0.0,33.765625,0.0,0.0,0.0,35.10546875,0.0,0.0,0.0,30.89453125,0.0,0.0,28.40625,0.0,5.8846435546875
73.373,12.943447314,-0.0,0.0,0.0,0.0,0.0,-0.0,-0.0,0.0,0.0,0.0,30.51171875,0.0,0.0,0.0,33.3828125,0.0,0.0,0.0,35.48828125,0.0,0.0,0.0,31.0859375,0.0,0.0,27.83203125,0.0,5.8846435546875
73.533,12.943447314,-0.0,0.0,0.0,0.0,0.0,-0.0,-0.0,0.0,0.0,0.0,31.0859375,0.0,0.0,0.0,33.57421875,0.0,0.0,0.0,35.48828125,0.0,0.0,0.0,30.89453125,0.0,0.0,28.21484375,0.0,5.8748626708984375
73.698,12.943447314,-0.0,0.0,0.0,0.0,0.0,-0.0,-0.0,0.0,0.0,0.0,31.27734375,0.0,0.0,0.0,33.95703125,0.0,0.0,0.0,35.296875,0.0,0.0,0.0,31.66015625,0.0,0.0,29.171875,0.0,5.8846435546875
73.879,12.943447314,-0.0,0.0,0.0,0.0,0.0,-0.0,-0.0,0.0,0.0,0.0,31.27734375,0.0,0.0,0.0,33.19140625,0.0,0.0,0.0,35.10546875,0.0,0.0,0.0,31.46875,0.0,0.0,27.83203125,0.0,5.8748626708984375
74.033,12.943447314,-0.0,0.0,0.0,0.0,0.0,-0.0,-0.0,0.0,0.0,0.0,30.89453125,0.0,0.0,0.0,33.57421875,0.0,0.0,0.0,35.10546875,0.0,0.0,0.0,31.0859375,0.0,0.0,28.40625,0.0,5.8846435546875
74.195,12.9520858992,-0.0,0.0,0.0,0.0,0.0,-0.0,-0.0,0.0,0.0,0.0,30.3203125,0.0,0.0,0.0,33.0,0.0,0.0,0.0,34.9140625,0.0,0.0,0.0,31.46875,0.0,0.0,28.40625,0.0,5.8748626708984375
74.355,12.943447314,-0.0,0.0,0.0,0.0,0.0,-0.0,-0.0,0.0,0.0,0.0,30.51171875,0.0,0.0,0.0,34.72265625,0.0,0.0,0.0,35.10546875,0.0,0.0,0.0,30.89453125,0.0,0.0,28.0234375,0.0,5.8748626708984375
74.519,12.943447314,-0.0,0.0,0.0,0.0,0.0,-0.0,-0.0,0.0,0.0,0.0,30.703125,0.0,0.0,0.0,33.3828125,0.0,0.0,0.0,35.10546875,0.0,0.0,0.0,30.89453125,0.0,0.0,28.21484375,0.0,5.8846435546875
74.683,12.943447314,-0.0,0.0,0.0,0.0,0.0,-0.0,-0.0,0.0,0.0,0.0,31.0859375,0.0,0.0,0.0,32.234375,0.0,0.0,0.0,35.10546875,0.0,0.0,0.0,30.703125,0.0,0.0,28.40625,0.0,5.8846435546875
74.839,12.943447314,-0.0,0.0,0.0,0.0,0.0,-0.0,-0.0,0.0,0.0,0.0,31.0859375,0.0,0.0,0.0,33.95703125,0.0,0.0,0.0,34.9140625,0.0,0.0,0.0,30.703125,0.0,0.0,27.44921875,0.0,5.8846435546875
74.996,12.943447314,-0.0,0.0,0.0,0.0,0.0,-0.0,-0.0,0.0,0.0,0.0,30.703125,0.0,0.0,0.0,34.1484375,0.0,0.0,0.0,35.296875,0.0,0.0,0.0,30.89453125,0.0,0.0,28.0234375,0.0,5.8846435546875
75.158,12.943447314,-0.0,0.0,0.0,0.0,0.0,-0.0,-0.0,0.0,0.0,0.0,31.27734375,0.0,0.0,0.0,33.57421875,0.0,0.0,0.0,34.9140625,0.0,0.0,0.0,31.27734375,0.0,0.0,28.21484375,0.0,5.8748626708984375
75.318,12.943447314,-0.0,0.0,0.0,0.0,0.0,-0.0,-0.0,0.0,0.0,0.0,30.89453125,0.0,0.0,0.0,33.19140625,0.0,0.0,0.0,35.296875,0.0,0.0,0.0,31.0859375,0.0,0.0,28.59765625,0.0,5.8846435546875
75.474,12.943447314,-0.0,0.0,0.0,0.0,0.0,-0.0,-0.0,0.0,0.0,0.0,31.27734375,0.0,0.0,0.0,33.3828125,0.0,0.0,0.0,35.10546875,0.0,0.0,0.0,31.0859375,0.0,0.0,28.21484375,0.0,5.8944244384765625
75.631,12.943447314,-0.0,0.0,0.0,0.0,0.0,-0.0,-0.0,0.0,0.0,0.0,31.46875,0.0,0.0,0.0,33.19140625,0.0,0.0,0.0,34.72265625,0.0,0.0,0.0,31.0859375,0.0,0.0,27.83203125,0.0,5.8846435546875
75.805,12.943447314,-0.0,0.0,0.0,0.0,0.0,-0.0,-0.0,0.0,0.0,0.0,31.46875,0.0,0.0,0.0,33.95703125,0.0,0.0,0.0,34.9140625,0.0,0.0,0.0,31.27734375,0.0,0.0,28.21484375,0.0,5.8846435546875
75.982,12.943447314,-0.0,0.0,0.0,0.0,0.0,-0.0,-0.0,0.0,0.0,0.0,30.89453125,0.0,0.0,0.0,33.765625,0.0,0.0,0.0,34.9140625,0.0,0.0,0.0,31.0859375,0.0,0.0,28.21484375,0.0,5.8846435546875
76.139,12.9520858992,-0.0,0.0,0.0,0.0,0.0,-0.0,-0.0,0.0,0.0,0.0,30.51171875,0.0,0.0,0.0,33.0,0.0,0.0,0.0,35.296875,0.0,0.0,0.0,30.51171875,0.0,0.0,28.98046875,0.0,5.8846435546875
76.298,12.943447314,-0.0,0.0,0.0,0.0,0.0,-0.0,-0.0,0.0,0.0,0.0,30.51171875,0.0,0.0,0.0,33.57421875,0.0,0.0,0.0,35.10546875,0.0,0.0,0.0,31.27734375,0.0,0.0,28.0234375,0.0,5.8846435546875
76.454,12.9520858992,-0.0,0.0,0.0,0.0,0.0,-0.0,-0.0,0.0,0.0,0.0,31.0859375,0.0,0.0,0.0,33.95703125,0.0,0.0,0.0,35.296875,0.0,0.0,0.0,30.703125,0.0,0.0,28.0234375,0.0,5.8944244384765625
76.618,12.943447314,-0.0,0.0,0.0,0.0,0.0,-0.0,-0.0,0.0,0.0,0.0,31.66015625,0.0,0.0,0.0,33.0,0.0,0.0,0.0,35.10546875,0.0,0.0,0.0,30.89453125,0.0,0.0,28.0234375,0.0,5.8846435546875
76.785,12.943447314,-0.0,0.0,0.0,0.0,0.0,-0.0,-0.0,0.0,0.0,0.0,30.89453125,0.0,0.0,0.0,33.0,0.0,0.0,0.0,35.48828125,0.0,0.0,0.0,30.703125,0.0,0.0,27.640625,0.0,5.8846435546875
76.942,12.943447314,-0.0,0.0,0.0,0.0,0.0,-0.0,-0.0,0.0,0.0,0.0,30.89453125,0.0,0.0,0.0,33.765625,0.0,0.0,0.0,35.48828125,0.0,0.0,0.0,30.703125,0.0,0.0,27.640625,0.0,5.8846435546875
77.109,12.943447314,-0.0,0.0,0.0,0.0,0.0,-0.0,-0.0,0.0,0.0,0.0,31.0859375,0.0,0.0,0.0,33.3828125,0.0,0.0,0.0,34.72265625,0.0,0.0,0.0,31.66015625,0.0,0.0,27.2578125,0.0,5.8748626708984375
77.279,12.943447314,-0.0,0.0,0.0,0.0,0.0,-0.0,-0.0,0.0,0.0,0.0,30.89453125,0.0,0.0,0.0,33.57421875,0.0,0.0,0.0,35.296875,0.0,0.0,0.0,31.46875,0.0,0.0,27.44921875,0.0,5.8846435546875
77.442,12.943447314,-0.0,0.0,0.0,0.0,0.0,-0.0,-0.0,0.0,0.0,0.0,30.89453125,0.0,0.0,0.0,33.57421875,0.0,0.0,0.0,35.296875,0.0,0.0,0.0,30.703125,0.0,0.0,28.21484375,0.0,5.8846435546875
77.62,12.943447314,-0.0,0.0,0.0,0.0,0.0,-0.0,-0.0,0.0,0.0,0.0,30.703125,0.0,0.0,0.0,33.765625,0.0,0.0,0.0,35.10546875,0.0,0.0,0.0,30.89453125,0.0,0.0,27.83203125,0.0,5.8846435546875
77.804,12.943447314,-0.0,0.0,0.0,0.0,0.0,-0.0,-0.0,0.0,0.0,0.0,30.89453125,0.0,0.0,0.0,33.95703125,0.0,0.0,0.0,34.9140625,0.0,0.0,0.0,31.27734375,0.0,0.0,28.21484375,0.0,5.8846435546875
77.97,12.943447314,-0.0,0.0,0.0,0.0,0.0,-0.0,-0.0,0.0,0.0,0.0,30.3203125,0.0,0.0,0.0,33.3828125,0.0,0.0,0.0,35.10546875,0.0,0.0,0.0,31.27734375,0.0,0.0,28.21484375,0.0,5.8846435546875
78.15,12.943447314,-0.0,0.0,0.0,0.0,0.0,-0.0,-0.0,0.0,0.0,0.0,30.51171875,0.0,0.0,0.0,33.0,0.0,0.0,0.0,34.9140625,0.0,0.0,0.0,31.0859375,0.0,0.0,29.171875,0.0,5.8846435546875
78.328,12.943447314,-0.0,0.0,0.0,0.0,0.0,-0.0,-0.0,0.0,0.0,0.0,31.0859375,0.0,0.0,0.0,33.57421875,0.0,0.0,0.0,35.10546875,0.0,0.0,0.0,31.0859375,0.0,0.0,28.40625,0.0,5.8748626708984375
78.489,12.943447314,-0.0,0.0,0.0,0.0,0.0,-0.0,-0.0,0.0,0.0,0.0,31.8515625,0.0,0.0,0.0,33.57421875,0.0,0.0,0.0,35.6796875,0.0,0.0,0.0,31.27734375,0.0,0.0,28.0234375,0.0,5.8846435546875
78.647,12.9520858992,-0.0,0.0,0.0,0.0,0.0,-0.0,-0.0,0.0,0.0,0.0,31.0859375,0.0,0.0,0.0,33.95703125,0.0,0.0,0.0,35.10546875,0.0,0.0,0.0,31.0859375,0.0,0.0,29.74609375,0.0,5.8846435546875
78.802,12.943447314,-0.0,0.0,0.0,0.0,0.0,-0.0,-0.0,0.0,0.0,0.0,30.703125,0.0,0.0,0.0,33.3828125,0.0,0.0,0.0,35.296875,0.0,0.0,0.0,30.703125,0.0,0.0,28.98046875,0.0,5.8748626708984375
78.98,12.943447314,-0.0,0.0,0.0,0.0,0.0,-0.0,-0.0,0.0,0.0,0.0,30.51171875,0.0,0.0,0.0,33.57421875,0.0,0.0,0.0,35.48828125,0.0,0.0,0.0,31.0859375,0.0,0.0,28.21484375,0.0,5.8846435546875
79.133,12.943447314,-0.0,0.0,0.0,0.0,0.0,-0.0,-0.0,0.0,0.0,0.0,31.0859375,0.0,0.0,0.0,34.33984375,0.0,0.0,0.0,35.296875,0.0,0.0,0.0,30.51171875,0.0,0.0,28.0234375,0.0,5.8846435546875
79.3,12.943447314,-0.0,0.0,0.0,0.0,0.0,-0.0,-0.0,0.0,0.0,0.0,30.703125,0.0,0.0,0.0,33.765625,0.0,0.0,0.0,35.48828125,0.0,0.0,0.0,30.89453125,0.0,0.0,28.40625,0.0,5.8846435546875
79.46,12.943447314,-0.0,0.0,0.0,0.0,0.0,-0.0,-0.0,0.0,0.0,0.0,30.51171875,0.0,0.0,0.0,33.95703125,0.0,0.0,0.0,35.10546875,0.0,0.0,0.0,30.703125,0.0,0.0,28.7890625,0.0,5.8846435546875
79.621,12.943447314,-0.0,0.0,0.0,0.0,0.0,-0.0,-0.0,0.0,0.0,0.0,32.04296875,0.0,0.0,0.0,34.1484375,0.0,0.0,0.0,35.10546875,0.0,0.0,0.0,30.89453125,0.0,0.0,28.21484375,0.0,5.8748626708984375
79.8,12.943447314,-0.0,0.0,0.0,0.0,0.0,-0.0,-0.0,0.0,0.0,0.0,30.703125,0.0,0.0,0.0,33.57421875,0.0,0.0,0.0,35.10546875,0.0,0.0,0.0,30.89453125,0.0,0.0,28.59765625,0.0,5.8846435546875
79.969,12.943447314,-0.0,0.0,0.0,0.0,0.0,-0.0,-0.0,0.0,0.0,0.0,30.89453125,0.0,0.0,0.0,33.0,0.0,0.0,0.0,35.10546875,0.0,0.0,0.0,30.89453125,0.0,0.0,27.44921875,0.0,5.8846435546875
80.13,12.943447314,-0.0,0.0,0.0,0.0,0.0,-0.0,-0.0,0.0,0.0,0.0,30.51171875,0.0,0.0,0.0,33.3828125,0.0,0.0,0.0,35.10546875,0.0,0.0,0.0,31.27734375,0.0,0.0,28.21484375,0.0,5.8846435546875
80.289,12.943447314,-0.0,0.0,0.0,0.0,0.0,-0.0,-0.0,0.0,0.0,0.0,30.89453125,0.0,0.0,0.0,33.19140625,0.0,0.0,0.0,35.48828125,0.0,0.0,0.0,30.51171875,0.0,0.0,28.0234375,0.0,5.8846435546875
80.45,12.943447314,-0.0,0.0,0.0,0.0,0.0,-0.0,-0.0,0.0,0.0,0.0,30.89453125,0.0,0.0,0.0,33.3828125,0.0,0.0,0.0,35.10546875,0.0,0.0,0.0,30.89453125,0.0,0.0,28.40625,0.0,5.8748626708984375
80.62,12.943447314,-0.0,0.0,0.0,0.0,0.0,-0.0,-0.0,0.0,0.0,0.0,30.703125,0.0,0.0,0.0,33.3828125,0.0,0.0,0.0,35.10546875,0.0,0.0,0.0,31.27734375,0.0,0.0,28.21484375,0.0,5.8748626708984375
80.781,12.9520858992,-0.0,0.0,0.0,0.0,0.0,-0.0,-0.0,0.0,0.0,0.0,30.703125,0.0,0.0,0.0,33.765625,0.0,0.0,0.0,35.296875,0.0,0.0,0.0,30.89453125,0.0,0.0,27.83203125,0.0,5.8846435546875
