Timestamp,Bat_Voltage,Driver_Joy_Y,Driver_Joy_X,Driver_Joy_W,Mecanum_FL,Mecanum_BL,Mecanum_BR,Mecanum_FR,FL_Jag_Speed,FL_Out_Voltage,FL_Out_Current,FL_Temp,BL_Jag_Speed,BL_Out_Voltage,BL_Out_Current,BL_Temp,BR_Jag_Speed,BR_Out_Voltage,BR_Out_Current,BR_Temp,FR_Jag_Speed,FR_Out_Voltage,FR_Out_Current,FR_Temp,Pickup_Out_Voltage,Pickup_Out_Current,Pickup_Temp,SH1_Out_Voltage,SH1_Out_Current,SH1_Temp,SH2_Out_Voltage,SH2_Out_Current,SH2_Temp,SHmain_Speed,SHmain_Angle
0.0070,12.9088929732,0.0234375,-0.0078125,0.07086614173228346,0.0,0.0,0.0,0.0,0.0,0.0,0.0,21.70703125,0.0,0.0,0.0,25.7265625,0.0,0.0,0.0,25.34375,0.0,0.0,0.0,23.4296875,0.0,0.0,24.1953125,0.0,5.57183837890625
0.176,12.943447314,0.0234375,-0.0078125,0.07086614173228346,0.0,0.0,-0.0,-0.0,0.0,0.0,0.0,22.6640625,0.0,0.0,0.0,26.109375,0.0,0.0,0.0,25.7265625,0.0,0.0,0.0,22.6640625,0.0,0.0,24.9609375,0.0,5.57183837890625
0.34,12.9348087288,0.0234375,-0.0078125,0.07086614173228346,0.0,0.0,-0.0,-0.0,0.0,0.0,0.0,23.62109375,0.0,0.0,0.0,25.53515625,0.0,0.0,0.0,26.30078125,0.0,0.0,0.0,23.4296875,0.0,0.0,24.76953125,0.0,5.57183837890625
0.509,12.9175315584,0.0234375,-0.0078125,0.07086614173228346,0.0,0.0,-0.0,-0.0,0.0,0.0,0.0,24.1953125,0.0,0.0,0.0,25.7265625,0.0,0.0,0.0,25.7265625,0.0,0.0,0.0,23.4296875,0.0,0.0,25.34375,0.0,5.57183837890625
0.676,12.9088929732,0.0234375,-0.0078125,0.07086614173228346,0.0,0.0,-0.0,-0.0,0.0,0.0,0.0,23.23828125,0.0,0.0,0.0,25.53515625,0.0,0.0,0.0,26.109375,0.0,0.0,0.0,23.23828125,0.0,0.0,24.9609375,0.0,5.57183837890625
0.832,12.900254388,0.0234375,-0.0078125,0.07086614173228346,0.0,0.0,-0.0,-0.0,0.0,0.0,0.0,24.00390625,0.0,0.0,0.0,25.53515625,0.0,0.0,0.0,25.7265625,0.0,0.0,0.0,23.62109375,0.0,0.0,25.91796875,0.0,5.57183837890625
0.999,12.8916158028,0.0234375,-0.0078125,0.07086614173228346,0.0,0.0,-0.0,-0.0,0.0,0.0,0.0,23.046875,0.0,0.0,0.0,25.34375,0.0,0.0,0.0,25.7265625,0.0,0.0,0.0,23.4296875,0.0,0.0,25.15234375,0.0,5.5816192626953125
1.169,12.8916158028,0.0234375,-0.0078125,0.07086614173228346,0.0,0.0,-0.0,-0.0,0.0,0.0,0.0,22.85546875,0.0,0.0,0.0,25.91796875,0.0,0.0,0.0,25.53515625,0.0,0.0,0.0,23.8125,0.0,0.0,24.76953125,0.0,5.5816192626953125
1.329,12.8829772176,0.0234375,-0.0078125,0.07086614173228346,0.0,0.0,-0.0,-0.0,0.0,0.0,0.0,23.046875,0.0,0.0,0.0,25.53515625,0.0,0.0,0.0,25.91796875,0.0,0.0,0.0,23.62109375,0.0,0.0,25.15234375,0.0,5.5620574951171875
1.509,12.8829772176,0.0234375,-0.0078125,0.05511811023622047,0.0,0.0,-0.0,-0.0,0.0,0.0,0.0,22.85546875,0.0,0.0,0.0,25.91796875,0.0,0.0,0.0,25.91796875,0.0,0.0,0.0,23.046875,0.0,0.0,25.34375,0.0,5.5816192626953125
1.67,12.8743386324,0.0234375,-0.0078125,0.05511811023622047,0.0,0.0,-0.0,-0.0,0.0,0.0,0.0,23.62109375,0.0,0.0,0.0,26.4921875,0.0,0.0,0.0,25.34375,0.0,0.0,0.0,23.8125,0.0,0.0,24.76953125,0.0,5.57183837890625
1.837,12.857061462,0.0234375,-0.0078125,0.05511811023622047,0.0,0.0,-0.0,-0.0,0.0,0.0,0.0,23.046875,0.0,0.0,0.0,26.109375,0.0,0.0,0.0,25.53515625,0.0,0.0,0.0,23.62109375,0.0,0.0,24.76953125,0.0,5.57183837890625
2.019,12.8484228768,0.0234375,-0.0078125,0.05511811023622047,0.0,0.0,-0.0,-0.0,0.0,0.0,0.0,24.00390625,0.0,0.0,0.0,26.109375,0.0,0.0,0.0,25.91796875,0.0,0.0,0.0,23.4296875,0.0,0.0,24.76953125,0.0,5.57183837890625
2.196,12.8657000472,0.0234375,-0.0078125,0.05511811023622047,0.0,0.0,-0.0,-0.0,0.0,0.0,0.0,23.62109375,0.0,0.0,0.0,26.4921875,0.0,0.0,0.0,25.7265625,0.0,0.0,0.0,23.046875,0.0,0.0,24.9609375,0.0,5.57183837890625
2.369,12.857061462,0.0234375,-0.0078125,0.015748031496062992,0.0,0.0,-0.0,-0.0,0.0,0.0,0.0,23.23828125,0.0,0.0,0.0,25.91796875,0.0,0.0,0.0,25.91796875,0.0,0.0,0.0,23.62109375,0.0,0.0,25.34375,0.0,5.57183837890625
2.532,12.8484228768,0.0234375,-0.0078125,0.015748031496062992,0.0,0.0,-0.0,-0.0,0.0,0.0,0.0,23.046875,0.0,0.0,0.0,27.06640625,0.0,0.0,0.0,25.53515625,0.0,0.0,0.0,24.00390625,0.0,0.0,24.76953125,0.0,5.5620574951171875
2.71,12.8484228768,0.0234375,-0.0078125,0.015748031496062992,0.0,0.0,-0.0,-0.0,0.0,0.0,0.0,23.23828125,0.0,0.0,0.0,26.4921875,0.0,0.0,0.0,25.91796875,0.0,0.0,0.0,23.4296875,0.0,0.0,25.91796875,0.0,5.57183837890625
2.869,12.831145706400001,0.0234375,-0.0078125,0.015748031496062992,0.0,0.0,-0.0,-0.0,0.0,0.0,0.0,23.62109375,0.0,0.0,0.0,27.44921875,0.0,0.0,0.0,25.91796875,0.0,0.0,0.0,23.8125,0.0,0.0,24.76953125,0.0,5.57183837890625
3.032,12.831145706400001,0.0234375,-0.0078125,0.015748031496062992,0.0,0.0,-0.0,-0.0,0.0,0.0,0.0,22.85546875,0.0,0.0,0.0,25.91796875,0.0,0.0,0.0,26.109375,0.0,0.0,0.0,23.8125,0.0,0.0,24.578125,0.0,5.57183837890625
3.21,12.839784291600001,0.0234375,-0.0078125,0.015748031496062992,0.0,0.0,-0.0,-0.0,0.0,0.0,0.0,23.62109375,0.0,0.0,0.0,25.91796875,0.0,0.0,0.0,25.53515625,0.0,0.0,0.0,23.046875,0.0,0.0,24.9609375,0.0,5.57183837890625
3.37,12.813868536000001,0.0234375,-0.0078125,0.015748031496062992,0.0,0.0,-0.0,-0.0,0.0,0.0,0.0,23.62109375,0.0,0.0,0.0,25.91796875,0.0,0.0,0.0,24.9609375,0.0,0.0,0.0,23.23828125,0.0,0.0,24.76953125,0.0,5.57183837890625
3.531,12.805229950800001,0.0234375,-0.0078125,0.015748031496062992,0.0,0.0,-0.0,-0.0,0.0,0.0,0.0,23.4296875,0.0,0.0,0.0,25.91796875,0.0,0.0,0.0,26.109375,0.0,0.0,0.0,23.8125,0.0,0.0,25.15234375,0.0,5.5620574951171875
3.691,12.813868536000001,0.0234375,-0.0078125,0.015748031496062992,0.0,0.0,-0.0,-0.0,0.0,0.0,0.0,23.046875,0.0,0.0,0.0,26.109375,0.0,0.0,0.0,25.15234375,0.0,0.0,0.0,23.23828125,0.0,0.0,24.578125,0.0,5.57183837890625
3.871,12.822507121200001,0.0234375,-0.0078125,0.015748031496062992,0.0,0.0,-0.0,-0.0,0.0,0.0,0.0,23.4296875,0.0,0.0,0.0,27.2578125,0.0,0.0,0.0,25.53515625,0.0,0.0,0.0,23.046875,0.0,0.0,24.578125,0.0,5.57183837890625
4.037,12.805229950800001,0.0234375,-0.0078125,0.07086614173228346,0.0,0.0,-0.0,-0.0,0.0,0.0,0.0,22.85546875,0.0,0.0,0.0,25.91796875,0.0,0.0,0.0,25.7265625,0.0,0.0,0.0,23.4296875,0.0,0.0,25.15234375,0.0,5.57183837890625
4.192,12.787952780400001,0.0234375,-0.0078125,0.07086614173228346,0.0,0.0,-0.0,-0.0,0.0,0.0,0.0,23.23828125,0.0,0.0,0.0,25.34375,0.0,0.0,0.0,25.91796875,0.0,0.0,0.0,23.23828125,0.0,0.0,24.1953125,0.0,5.57183837890625
4.352,12.787952780400001,0.0234375,-0.0078125,0.07086614173228346,0.0,0.0,-0.0,-0.0,0.0,0.0,0.0,22.85546875,0.0,0.0,0.0,25.53515625,0.0,0.0,0.0,25.91796875,0.0,0.0,0.0,23.62109375,0.0,0.0,24.38671875,0.0,5.57183837890625
4.532,12.805229950800001,0.0234375,-0.0078125,0.07086614173228346,0.0,0.0,-0.0,-0.0,0.0,0.0,0.0,23.62109375,0.0,0.0,0.0,25.7265625,0.0,0.0,0.0,25.53515625,0.0,0.0,0.0,23.62109375,0.0,0.0,25.7265625,0.0,5.5816192626953125
4.71,12.787952780400001,0.0234375,-0.0078125,0.07086614173228346,0.0,0.0,-0.0,-0.0,0.0,0.0,0.0,23.046875,0.0,0.0,0.0,25.34375,0.0,0.0,0.0,26.109375,0.0,0.0,0.0,23.23828125,0.0,0.0,24.1953125,0.0,5.57183837890625
4.871,12.7965913656,0.0234375,-0.0078125,0.07086614173228346,0.0,0.0,-0.0,-0.0,0.0,0.0,0.0,24.00390625,0.0,0.0,0.0,26.4921875,0.0,0.0,0.0,26.30078125,0.0,0.0,0.0,23.4296875,0.0,0.0,25.53515625,0.0,5.5620574951171875
5.039,12.7965913656,0.0234375,-0.0078125,0.07086614173228346,0.0,0.0,-0.0,-0.0,0.0,0.0,0.0,24.00390625,0.0,0.0,0.0,25.91796875,0.0,0.0,0.0,25.7265625,0.0,0.0,0.0,23.62109375,0.0,0.0,24.1953125,0.0,5.57183837890625
5.212,12.787952780400001,0.0234375,-0.0078125,0.07086614173228346,0.0,0.0,-0.0,-0.0,0.0,0.0,0.0,23.62109375,0.0,0.0,0.0,25.53515625,0.0,0.0,0.0,25.15234375,0.0,0.0,0.0,23.23828125,0.0,0.0,24.76953125,0.0,5.57183837890625
5.376,12.787952780400001,0.0234375,-0.0078125,0.015748031496062992,0.0,0.0,-0.0,-0.0,0.0,0.0,0.0,23.23828125,0.0,0.0,0.0,26.109375,0.0,0.0,0.0,25.91796875,0.0,0.0,0.0,23.4296875,0.0,0.0,25.34375,0.0,5.57183837890625
5.539,12.7965913656,0.0234375,-0.0078125,0.015748031496062992,0.0,0.0,-0.0,-0.0,0.0,0.0,0.0,23.4296875,0.0,0.0,0.0,25.34375,0.0,0.0,0.0,25.91796875,0.0,0.0,0.0,23.23828125,0.0,0.0,24.76953125,0.0,5.57183837890625
5.71,12.779314195200001,0.0234375,-0.0078125,0.015748031496062992,0.0,0.0,-0.0,-0.0,0.0,0.0,0.0,23.62109375,0.0,0.0,0.0,25.7265625,0.0,0.0,0.0,26.30078125,0.0,0.0,0.0,23.23828125,0.0,0.0,25.15234375,0.0,5.57183837890625
5.892,12.762037024800001,0.0234375,-0.0078125,0.015748031496062992,0.0,0.0,-0.0,-0.0,0.0,0.0,0.0,22.85546875,0.0,0.0,0.0,25.91796875,0.0,0.0,0.0,25.7265625,0.0,0.0,0.0,23.046875,0.0,0.0,25.15234375,0.0,5.57183837890625
6.06,12.77067561,0.0234375,-0.0078125,0.015748031496062992,0.0,0.0,-0.0,-0.0,0.0,0.0,0.0,23.8125,0.0,0.0,0.0,26.109375,0.0,0.0,0.0,25.7265625,0.0,0.0,0.0,23.046875,0.0,0.0,24.578125,0.0,5.57183837890625
6.231,12.779314195200001,0.0234375,-0.0078125,0.015748031496062992,0.0,0.0,-0.0,-0.0,0.0,0.0,0.0,23.23828125,0.0,0.0,0.0,25.7265625,0.0,0.0,0.0,25.53515625,0.0,0.0,0.0,24.00390625,0.0,0.0,25.34375,0.0,5.57183837890625
6.389,12.77067561,0.0234375,-0.0078125,0.015748031496062992,0.0,0.0,-0.0,-0.0,0.0,0.0,0.0,23.046875,0.0,0.0,0.0,25.91796875,0.0,0.0,0.0,25.34375,0.0,0.0,0.0,23.8125,0.0,0.0,25.15234375,0.0,5.57183837890625
6.55,12.762037024800001,0.0234375,-0.0078125,0.015748031496062992,0.0,0.0,-0.0,-0.0,0.0,0.0,0.0,23.4296875,0.0,0.0,0.0,26.109375,0.0,0.0,0.0,25.91796875,0.0,0.0,0.0,23.4296875,0.0,0.0,25.53515625,0.0,5.57183837890625
6.709,12.753398439600002,0.0234375,-0.0078125,0.015748031496062992,0.0,0.0,-0.0,-0.0,0.0,0.0,0.0,23.8125,0.0,0.0,0.0,25.7265625,0.0,0.0,0.0,25.7265625,0.0,0.0,0.0,23.62109375,0.0,0.0,24.9609375,0.0,5.57183837890625
6.87,12.7447598544,0.0234375,-0.0078125,0.015748031496062992,0.0,0.0,-0.0,-0.0,0.0,0.0,0.0,23.62109375,0.0,0.0,0.0,25.7265625,0.0,0.0,0.0,26.30078125,0.0,0.0,0.0,24.00390625,0.0,0.0,24.9609375,0.0,5.57183837890625
7.03,12.736121269200002,0.0234375,-0.0078125,0.015748031496062992,0.0,0.0,-0.0,-0.0,0.0,0.0,0.0,21.8984375,0.0,0.0,0.0,25.91796875,0.0,0.0,0.0,25.34375,0.0,0.0,0.0,23.046875,0.0,0.0,25.34375,0.0,5.57183837890625
7.196,12.736121269200002,0.0234375,-0.0078125,0.015748031496062992,0.0,0.0,-0.0,-0.0,0.0,0.0,0.0,23.62109375,0.0,0.0,0.0,26.109375,0.0,0.0,0.0,25.91796875,0.0,0.0,0.0,22.85546875,0.0,0.0,24.76953125,0.0,5.5620574951171875
7.359,12.736121269200002,0.0234375,-0.0078125,0.015748031496062992,0.0,0.0,-0.0,-0.0,0.0,0.0,0.0,23.62109375,0.0,0.0,0.0,25.91796875,0.0,0.0,0.0,26.109375,0.0,0.0,0.0,23.4296875,0.0,0.0,24.9609375,0.0,5.57183837890625
7.539,12.736121269200002,0.0234375,-0.0078125,0.015748031496062992,0.0,0.0,-0.0,-0.0,0.0,0.0,0.0,22.28125,0.0,0.0,0.0,26.30078125,0.0,0.0,0.0,25.91796875,0.0,0.0,0.0,23.8125,0.0,0.0,25.7265625,0.0,5.5522918701171875
7.731,12.727482684,0.0234375,-0.0078125,0.015748031496062992,0.0,0.0,-0.0,-0.0,0.0,0.0,0.0,23.046875,0.0,0.0,0.0,25.91796875,0.0,0.0,0.0,25.91796875,0.0,0.0,0.0,23.23828125,0.0,0.0,24.9609375,0.0,5.57183837890625
7.896,12.727482684,0.0234375,-0.0078125,0.015748031496062992,0.0,0.0,-0.0,-0.0,0.0,0.0,0.0,24.38671875,0.0,0.0,0.0,25.91796875,0.0,0.0,0.0,25.53515625,0.0,0.0,0.0,23.4296875,0.0,0.0,24.76953125,0.0,5.57183837890625
8.06,12.7188440988,0.0234375,-0.0078125,0.015748031496062992,0.0,0.0,-0.0,-0.0,0.0,0.0,0.0,23.23828125,0.0,0.0,0.0,25.91796875,0.0,0.0,0.0,26.109375,0.0,0.0,0.0,23.8125,0.0,0.0,24.9609375,0.0,5.57183837890625
8.239,12.7447598544,0.0234375,-0.0078125,0.015748031496062992,0.0,0.0,-0.0,-0.0,0.0,0.0,0.0,23.4296875,0.0,0.0,0.0,25.7265625,0.0,0.0,0.0,25.53515625,0.0,0.0,0.0,23.4296875,0.0,0.0,24.9609375,0.0,5.57183837890625
8.408,12.7188440988,0.0234375,-0.0078125,0.015748031496062992,0.0,0.0,-0.0,-0.0,0.0,0.0,0.0,23.23828125,0.0,0.0,0.0,26.109375,0.0,0.0,0.0,26.30078125,0.0,0.0,0.0,23.4296875,0.0,0.0,24.578125,0.0,5.57183837890625
8.571,12.7188440988,0.0234375,-0.0078125,0.015748031496062992,0.0,0.0,-0.0,-0.0,0.0,0.0,0.0,23.4296875,0.0,0.0,0.0,26.30078125,0.0,0.0,0.0,26.109375,0.0,0.0,0.0,23.4296875,0.0,0.0,24.38671875,0.0,5.57183837890625
8.747,12.7447598544,0.0234375,-0.0078125,0.015748031496062992,0.0,0.0,-0.0,-0.0,0.0,0.0,0.0,23.23828125,0.0,0.0,0.0,25.7265625,0.0,0.0,0.0,26.30078125,0.0,0.0,0.0,23.23828125,0.0,0.0,25.15234375,0.0,5.5816192626953125
8.917,12.7188440988,0.0234375,-0.0078125,0.015748031496062992,0.0,0.0,-0.0,-0.0,0.0,0.0,0.0,23.23828125,0.0,0.0,0.0,26.109375,0.0,0.0,0.0,26.109375,0.0,0.0,0.0,23.23828125,0.0,0.0,24.76953125,0.0,5.57183837890625
9.089,12.727482684,0.0234375,-0.0078125,0.015748031496062992,0.0,0.0,-0.0,-0.0,0.0,0.0,0.0,23.046875,0.0,0.0,0.0,25.91796875,0.0,0.0,0.0,26.109375,0.0,0.0,0.0,23.046875,0.0,0.0,24.578125,0.0,5.5620574951171875
9.249,12.710205513600002,0.0234375,-0.0078125,0.015748031496062992,0.0,0.0,-0.0,-0.0,0.0,0.0,0.0,23.23828125,0.0,0.0,0.0,25.7265625,0.0,0.0,0.0,25.53515625,0.0,0.0,0.0,24.00390625,0.0,0.0,24.9609375,0.0,5.57183837890625
9.429,12.7188440988,0.0234375,-0.0078125,0.015748031496062992,0.0,0.0,-0.0,-0.0,0.0,0.0,0.0,23.4296875,0.0,0.0,0.0,25.15234375,0.0,0.0,0.0,26.109375,0.0,0.0,0.0,23.4296875,0.0,0.0,24.9609375,0.0,5.57183837890625
9.591,12.736121269200002,0.0234375,-0.0078125,0.015748031496062992,0.0,0.0,-0.0,-0.0,0.0,0.0,0.0,22.85546875,0.0,0.0,0.0,26.30078125,0.0,0.0,0.0,25.91796875,0.0,0.0,0.0,22.85546875,0.0,0.0,25.53515625,0.0,5.57183837890625
9.751,12.710205513600002,0.0234375,-0.0078125,0.015748031496062992,0.0,0.0,-0.0,-0.0,0.0,0.0,0.0,23.4296875,0.0,0.0,0.0,25.7265625,0.0,0.0,0.0,26.109375,0.0,0.0,0.0,23.046875,0.0,0.0,25.15234375,0.0,5.5620574951171875
9.93,12.727482684,0.0234375,-0.0078125,0.015748031496062992,0.0,0.0,-0.0,-0.0,0.0,0.0,0.0,23.62109375,0.0,0.0,0.0,26.109375,0.0,0.0,0.0,26.30078125,0.0,0.0,0.0,23.23828125,0.0,0.0,25.15234375,0.0,5.57183837890625
10.088,12.710205513600002,0.0234375,-0.0078125,0.015748031496062992,0.0,0.0,-0.0,-0.0,0.0,0.0,0.0,23.8125,0.0,0.0,0.0,26.109375,0.0,0.0,0.0,26.4921875,0.0,0.0,0.0,23.8125,0.0,0.0,24.76953125,0.0,5.57183837890625
10.251,12.6929283432,0.0234375,-0.0078125,0.015748031496062992,0.0,0.0,-0.0,-0.0,0.0,0.0,0.0,23.4296875,0.0,0.0,0.0,26.30078125,0.0,0.0,0.0,26.109375,0.0,0.0,0.0,23.23828125,0.0,0.0,25.15234375,0.0,5.57183837890625
10.408,12.7188440988,0.0234375,-0.0078125,0.015748031496062992,0.0,0.0,-0.0,-0.0,0.0,0.0,0.0,23.046875,0.0,0.0,0.0,26.109375,0.0,0.0,0.0,25.53515625,0.0,0.0,0.0,23.046875,0.0,0.0,24.9609375,0.0,5.57183837890625
10.579,12.727482684,0.0234375,-0.0078125,0.015748031496062992,0.0,0.0,-0.0,-0.0,0.0,0.0,0.0,24.00390625,0.0,0.0,0.0,25.7265625,0.0,0.0,0.0,26.109375,0.0,0.0,0.0,23.23828125,0.0,0.0,25.15234375,0.0,5.57183837890625
10.748,12.727482684,0.0234375,-0.0078125,0.015748031496062992,0.0,0.0,-0.0,-0.0,0.0,0.0,0.0,23.4296875,0.0,0.0,0.0,26.68359375,0.0,0.0,0.0,25.91796875,0.0,0.0,0.0,23.8125,0.0,0.0,25.34375,0.0,5.57183837890625
10.908,12.7015669284,0.0234375,-0.0078125,0.015748031496062992,0.0,0.0,-0.0,-0.0,0.0,0.0,0.0,23.4296875,0.0,0.0,0.0,26.109375,0.0,0.0,0.0,26.109375,0.0,0.0,0.0,23.62109375,0.0,0.0,24.38671875,0.0,5.5816192626953125
11.07,12.7188440988,0.0234375,-0.0078125,0.015748031496062992,0.0,0.0,-0.0,-0.0,0.0,0.0,0.0,23.62109375,0.0,0.0,0.0,26.4921875,0.0,0.0,0.0,26.30078125,0.0,0.0,0.0,23.046875,0.0,0.0,24.76953125,0.0,5.57183837890625
11.239,12.7188440988,0.0234375,-0.0078125,0.015748031496062992,0.0,0.0,-0.0,-0.0,0.0,0.0,0.0,24.9609375,0.0,0.0,0.0,26.30078125,0.0,0.0,0.0,26.109375,0.0,0.0,0.0,22.6640625,0.0,0.0,24.76953125,0.0,5.5620574951171875
11.411,12.684289758000002,0.0234375,-0.0078125,0.015748031496062992,0.0,0.0,-0.0,-0.0,0.0,0.0,0.0,23.4296875,0.0,0.0,0.0,25.7265625,0.0,0.0,0.0,25.7265625,0.0,0.0,0.0,23.8125,0.0,0.0,24.578125,0.0,5.57183837890625
11.598,12.7015669284,0.0234375,-0.0078125,0.015748031496062992,0.0,0.0,-0.0,-0.0,0.0,0.0,0.0,23.4296875,0.0,0.0,0.0,26.109375,0.0,0.0,0.0,25.53515625,0.0,0.0,0.0,24.1953125,0.0,0.0,24.38671875,0.0,5.5620574951171875
11.771,12.7188440988,0.0234375,-0.0078125,0.015748031496062992,0.0,0.0,-0.0,-0.0,0.0,0.0,0.0,23.8125,0.0,0.0,0.0,26.30078125,0.0,0.0,0.0,26.30078125,0.0,0.0,0.0,24.00390625,0.0,0.0,25.15234375,0.0,5.57183837890625
11.939,12.710205513600002,0.0234375,-0.0078125,0.015748031496062992,0.0,0.0,-0.0,-0.0,0.0,0.0,0.0,23.4296875,0.0,0.0,0.0,25.91796875,0.0,0.0,0.0,25.34375,0.0,0.0,0.0,23.8125,0.0,0.0,24.1953125,0.0,5.57183837890625
12.111,12.7188440988,0.0234375,-0.0078125,0.015748031496062992,0.0,0.0,-0.0,-0.0,0.0,0.0,0.0,23.4296875,0.0,0.0,0.0,26.30078125,0.0,0.0,0.0,25.34375,0.0,0.0,0.0,23.23828125,0.0,0.0,23.8125,0.0,5.57183837890625
12.269,12.6929283432,0.0234375,-0.0078125,0.015748031496062992,0.0,0.0,-0.0,-0.0,0.0,0.0,0.0,24.00390625,0.0,0.0,0.0,26.109375,0.0,0.0,0.0,26.109375,0.0,0.0,0.0,23.8125,0.0,0.0,25.15234375,0.0,5.57183837890625
12.43,12.7015669284,0.0234375,-0.0078125,0.015748031496062992,0.0,0.0,-0.0,-0.0,0.0,0.0,0.0,23.23828125,0.0,0.0,0.0,25.91796875,0.0,0.0,0.0,26.4921875,0.0,0.0,0.0,23.4296875,0.0,0.0,24.9609375,0.0,5.5620574951171875
12.587,12.7188440988,0.0234375,-0.0078125,0.015748031496062992,0.0,0.0,-0.0,-0.0,0.0,0.0,0.0,23.4296875,0.0,0.0,0.0,25.53515625,0.0,0.0,0.0,25.53515625,0.0,0.0,0.0,23.8125,0.0,0.0,25.15234375,0.0,5.5816192626953125
12.756,12.7015669284,0.0234375,-0.0078125,0.015748031496062992,0.0,0.0,-0.0,-0.0,0.0,0.0,0.0,23.23828125,0.0,0.0,0.0,26.109375,0.0,0.0,0.0,25.7265625,0.0,0.0,0.0,23.23828125,0.0,0.0,24.76953125,0.0,5.57183837890625
12.916,12.684289758000002,0.0234375,-0.0078125,0.015748031496062992,0.0,0.0,-0.0,-0.0,0.0,0.0,0.0,23.62109375,0.0,0.0,0.0,26.109375,0.0,0.0,0.0,25.91796875,0.0,0.0,0.0,23.62109375,0.0,0.0,24.76953125,0.0,5.57183837890625
13.078,12.6929283432,0.0234375,-0.0078125,0.015748031496062992,0.0,0.0,-0.0,-0.0,0.0,0.0,0.0,23.4296875,0.0,0.0,0.0,26.109375,0.0,0.0,0.0,25.91796875,0.0,0.0,0.0,23.4296875,0.0,0.0,26.30078125,0.0,5.5620574951171875
13.251,12.710205513600002,0.0234375,-0.0078125,0.015748031496062992,0.0,0.0,-0.0,-0.0,0.0,0.0,0.0,23.046875,0.0,0.0,0.0,26.109375,0.0,0.0,0.0,25.91796875,0.0,0.0,0.0,23.62109375,0.0,0.0,25.15234375,0.0,5.57183837890625
13.41,12.6929283432,0.0234375,-0.0078125,0.015748031496062992,0.0,0.0,-0.0,-0.0,0.0,0.0,0.0,22.85546875,0.0,0.0,0.0,26.109375,0.0,0.0,0.0,25.34375,0.0,0.0,0.0,23.62109375,0.0,0.0,25.91796875,0.0,5.57183837890625
13.598,12.6670125876,0.0234375,-0.0078125,0.015748031496062992,0.0,0.0,-0.0,-0.0,0.0,0.0,0.0,23.4296875,0.0,0.0,0.0,25.7265625,0.0,0.0,0.0,25.53515625,0.0,0.0,0.0,24.38671875,0.0,0.0,24.9609375,0.0,5.57183837890625
13.76,12.7015669284,0.0234375,-0.0078125,0.015748031496062992,0.0,0.0,-0.0,-0.0,0.0,0.0,0.0,23.23828125,0.0,0.0,0.0,26.30078125,0.0,0.0,0.0,25.34375,0.0,0.0,0.0,23.23828125,0.0,0.0,24.38671875,0.0,5.57183837890625
13.931,12.6929283432,0.0234375,-0.0078125,0.015748031496062992,0.0,0.0,-0.0,-0.0,0.0,0.0,0.0,24.00390625,0.0,0.0,0.0,25.53515625,0.0,0.0,0.0,25.53515625,0.0,0.0,0.0,23.046875,0.0,0.0,24.9609375,0.0,5.57183837890625
14.098,12.684289758000002,0.0234375,-0.0078125,0.015748031496062992,0.0,0.0,-0.0,-0.0,0.0,0.0,0.0,23.046875,0.0,0.0,0.0,26.109375,0.0,0.0,0.0,25.34375,0.0,0.0,0.0,23.62109375,0.0,0.0,24.76953125,0.0,5.5620574951171875
14.259,12.710205513600002,0.0234375,-0.0078125,0.015748031496062992,0.0,0.0,-0.0,-0.0,0.0,0.0,0.0,23.23828125,0.0,0.0,0.0,26.875,0.0,0.0,0.0,26.4921875,0.0,0.0,0.0,23.046875,0.0,0.0,25.34375,0.0,5.57183837890625
14.429,12.7015669284,0.0234375,-0.0078125,0.015748031496062992,0.0,0.0,-0.0,-0.0,0.0,0.0,0.0,23.8125,0.0,0.0,0.0,26.109375,0.0,0.0,0.0,25.7265625,0.0,0.0,0.0,24.00390625,0.0,0.0,25.15234375,0.0,5.57183837890625
14.597,12.6756511728,0.0234375,-0.0078125,0.015748031496062992,0.0,0.0,-0.0,-0.0,0.0,0.0,0.0,23.8125,0.0,0.0,0.0,25.91796875,0.0,0.0,0.0,26.109375,0.0,0.0,0.0,23.23828125,0.0,0.0,25.34375,0.0,5.5620574951171875
14.758,12.7015669284,0.0234375,-0.0078125,0.015748031496062992,0.0,0.0,-0.0,-0.0,0.0,0.0,0.0,23.046875,0.0,0.0,0.0,27.640625,0.0,0.0,0.0,25.53515625,0.0,0.0,0.0,23.62109375,0.0,0.0,24.38671875,0.0,5.5620574951171875
14.929,12.6929283432,0.0234375,-0.0078125,0.015748031496062992,0.0,0.0,-0.0,-0.0,0.0,0.0,0.0,22.47265625,0.0,0.0,0.0,26.30078125,0.0,0.0,0.0,26.109375,0.0,0.0,0.0,22.85546875,0.0,0.0,25.34375,0.0,5.57183837890625
15.09,12.684289758000002,0.0234375,-0.0078125,0.015748031496062992,0.0,0.0,-0.0,-0.0,0.0,0.0,0.0,24.1953125,0.0,0.0,0.0,26.30078125,0.0,0.0,0.0,25.91796875,0.0,0.0,0.0,23.62109375,0.0,0.0,24.9609375,0.0,5.57183837890625
15.26,12.684289758000002,0.0234375,-0.0078125,0.015748031496062992,0.0,0.0,-0.0,-0.0,0.0,0.0,0.0,23.23828125,0.0,0.0,0.0,25.91796875,0.0,0.0,0.0,26.4921875,0.0,0.0,0.0,23.8125,0.0,0.0,25.91796875,0.0,5.57183837890625
15.428,12.6929283432,0.0234375,-0.0078125,0.015748031496062992,0.0,0.0,-0.0,-0.0,0.0,0.0,0.0,23.046875,0.0,0.0,0.0,26.4921875,0.0,0.0,0.0,26.109375,0.0,0.0,0.0,23.23828125,0.0,0.0,26.68359375,0.0,5.57183837890625
15.61,12.6583740024,0.0234375,-0.0078125,0.015748031496062992,0.0,0.0,-0.0,-0.0,0.0,0.0,0.0,23.62109375,0.0,0.0,0.0,25.91796875,0.0,0.0,0.0,25.53515625,0.0,0.0,0.0,23.8125,0.0,0.0,26.875,0.0,5.57183837890625
15.778,12.6670125876,0.0234375,-0.0078125,0.015748031496062992,0.0,0.0,-0.0,-0.0,0.0,0.0,0.0,23.8125,0.0,0.0,0.0,25.7265625,0.0,0.0,0.0,26.109375,0.0,0.0,0.0,24.1953125,0.0,0.0,24.76953125,0.0,5.57183837890625
15.949,12.684289758000002,0.0234375,-0.0078125,0.015748031496062992,0.0,0.0,-0.0,-0.0,0.0,0.0,0.0,23.62109375,0.0,0.0,0.0,26.30078125,0.0,0.0,0.0,25.53515625,0.0,0.0,0.0,24.38671875,0.0,0.0,25.34375,0.0,5.57183837890625
16.11,12.6583740024,0.0234375,-0.0078125,0.015748031496062992,0.0,0.0,-0.0,-0.0,0.0,0.0,0.0,24.00390625,0.0,0.0,0.0,25.91796875,0.0,0.0,0.0,25.7265625,0.0,0.0,0.0,23.4296875,0.0,0.0,25.7265625,0.0,5.57183837890625
16.272,12.684289758000002,0.0234375,-0.0078125,0.015748031496062992,0.0,0.0,-0.0,-0.0,0.0,0.0,0.0,23.8125,0.0,0.0,0.0,25.7265625,0.0,0.0,0.0,26.30078125,0.0,0.0,0.0,24.00390625,0.0,0.0,24.9609375,0.0,5.57183837890625
16.438,12.6583740024,0.0234375,-0.0078125,0.015748031496062992,0.0,0.0,-0.0,-0.0,0.0,0.0,0.0,22.85546875,0.0,0.0,0.0,25.91796875,0.0,0.0,0.0,26.109375,0.0,0.0,0.0,23.8125,0.0,0.0,25.15234375,0.0,5.5620574951171875
16.617,12.684289758000002,0.0234375,-0.0078125,0.015748031496062992,0.0,0.0,-0.0,-0.0,0.0,0.0,0.0,23.8125,0.0,0.0,0.0,26.109375,0.0,0.0,0.0,25.7265625,0.0,0.0,0.0,22.85546875,0.0,0.0,24.9609375,0.0,5.57183837890625
16.777,12.6756511728,0.0234375,-0.0078125,0.015748031496062992,0.0,0.0,-0.0,-0.0,0.0,0.0,0.0,23.046875,0.0,0.0,0.0,26.68359375,0.0,0.0,0.0,26.109375,0.0,0.0,0.0,23.8125,0.0,0.0,24.9609375,0.0,5.57183837890625
16.938,12.6929283432,0.0234375,-0.0078125,0.015748031496062992,0.0,0.0,-0.0,-0.0,0.0,0.0,0.0,23.4296875,0.0,0.0,0.0,25.91796875,0.0,0.0,0.0,26.4921875,0.0,0.0,0.0,23.62109375,0.0,0.0,25.7265625,0.0,5.5816192626953125
17.111,12.684289758000002,0.0234375,-0.0078125,0.015748031496062992,0.0,0.0,-0.0,-0.0,0.0,0.0,0.0,23.23828125,0.0,0.0,0.0,25.91796875,0.0,0.0,0.0,25.91796875,0.0,0.0,0.0,23.62109375,0.0,0.0,25.15234375,0.0,5.57183837890625
17.278,12.6497354172,0.0234375,-0.0078125,0.015748031496062992,0.0,0.0,-0.0,-0.0,0.0,0.0,0.0,23.62109375,0.0,0.0,0.0,26.109375,0.0,0.0,0.0,25.7265625,0.0,0.0,0.0,23.8125,0.0,0.0,25.34375,0.0,5.57183837890625
17.455,12.6670125876,0.0234375,-0.0078125,0.015748031496062992,0.0,0.0,-0.0,-0.0,0.0,0.0,0.0,23.4296875,0.0,0.0,0.0,25.91796875,0.0,0.0,0.0,26.68359375,0.0,0.0,0.0,23.62109375,0.0,0.0,24.9609375,0.0,5.57183837890625
17.631,12.6756511728,0.0234375,-0.0078125,0.015748031496062992,0.0,0.0,-0.0,-0.0,0.0,0.0,0.0,23.8125,0.0,0.0,0.0,26.30078125,0.0,0.0,0.0,25.7265625,0.0,0.0,0.0,23.8125,0.0,0.0,25.7265625,0.0,5.57183837890625
17.79,12.6756511728,0.0234375,-0.0078125,0.015748031496062992,0.0,0.0,-0.0,-0.0,0.0,0.0,0.0,23.8125,0.0,0.0,0.0,25.7265625,0.0,0.0,0.0,26.4921875,0.0,0.0,0.0,23.23828125,0.0,0.0,25.15234375,0.0,5.5620574951171875
17.95,12.684289758000002,0.0234375,-0.0078125,0.015748031496062992,0.0,0.0,-0.0,-0.0,0.0,0.0,0.0,23.23828125,0.0,0.0,0.0,26.109375,0.0,0.0,0.0,25.34375,0.0,0.0,0.0,23.4296875,0.0,0.0,25.15234375,0.0,5.57183837890625
18.111,12.6929283432,0.0234375,-0.0078125,0.015748031496062992,0.0,0.0,-0.0,-0.0,0.0,0.0,0.0,23.4296875,0.0,0.0,0.0,26.68359375,0.0,0.0,0.0,26.30078125,0.0,0.0,0.0,24.00390625,0.0,0.0,25.7265625,0.0,5.57183837890625
18.27,12.684289758000002,0.0234375,-0.0078125,0.015748031496062992,0.0,0.0,-0.0,-0.0,0.0,0.0,0.0,23.4296875,0.0,0.0,0.0,25.91796875,0.0,0.0,0.0,25.91796875,0.0,0.0,0.0,23.8125,0.0,0.0,25.15234375,0.0,5.57183837890625
18.43,12.684289758000002,0.0234375,-0.0078125,0.015748031496062992,0.0,0.0,-0.0,-0.0,0.0,0.0,0.0,23.4296875,0.0,0.0,0.0,26.109375,0.0,0.0,0.0,25.7265625,0.0,0.0,0.0,24.1953125,0.0,0.0,24.1953125,0.0,5.57183837890625
18.589,12.684289758000002,0.0234375,-0.0078125,0.015748031496062992,0.0,0.0,-0.0,-0.0,0.0,0.0,0.0,23.23828125,0.0,0.0,0.0,26.4921875,0.0,0.0,0.0,25.7265625,0.0,0.0,0.0,23.8125,0.0,0.0,25.15234375,0.0,5.57183837890625
18.749,12.684289758000002,0.0234375,-0.0078125,0.015748031496062992,0.0,0.0,-0.0,-0.0,0.0,0.0,0.0,23.4296875,0.0,0.0,0.0,26.68359375,0.0,0.0,0.0,26.4921875,0.0,0.0,0.0,23.62109375,0.0,0.0,25.15234375,0.0,5.57183837890625
18.91,12.684289758000002,0.0234375,-0.0078125,0.015748031496062992,0.0,0.0,-0.0,-0.0,0.0,0.0,0.0,23.62109375,0.0,0.0,0.0,26.875,0.0,0.0,0.0,26.30078125,0.0,0.0,0.0,23.62109375,0.0,0.0,26.30078125,0.0,5.5620574951171875
19.072,12.641096832,0.0234375,-0.0078125,0.015748031496062992,0.0,0.0,-0.0,-0.0,0.0,0.0,0.0,23.4296875,0.0,0.0,0.0,25.7265625,0.0,0.0,0.0,25.53515625,0.0,0.0,0.0,23.8125,0.0,0.0,24.76953125,0.0,5.57183837890625
19.238,12.6670125876,0.0234375,-0.0078125,0.015748031496062992,0.0,0.0,-0.0,-0.0,0.0,0.0,0.0,23.62109375,0.0,0.0,0.0,26.109375,0.0,0.0,0.0,26.109375,0.0,0.0,0.0,23.8125,0.0,0.0,25.34375,0.0,5.5620574951171875
19.409,12.641096832,0.0234375,-0.0078125,0.015748031496062992,0.0,0.0,-0.0,-0.0,0.0,0.0,0.0,23.62109375,0.0,0.0,0.0,26.109375,0.0,0.0,0.0,26.4921875,0.0,0.0,0.0,23.23828125,0.0,0.0,25.34375,0.0,5.57183837890625
19.57,12.6324582468,0.0234375,-0.0078125,0.015748031496062992,0.0,0.0,-0.0,-0.0,0.0,0.0,0.0,23.8125,0.0,0.0,0.0,25.91796875,0.0,0.0,0.0,25.7265625,0.0,0.0,0.0,23.23828125,0.0,0.0,25.15234375,0.0,5.57183837890625
19.749,12.6497354172,0.0234375,-0.0078125,0.015748031496062992,0.0,0.0,-0.0,-0.0,0.0,0.0,0.0,22.6640625,0.0,0.0,0.0,25.53515625,0.0,0.0,0.0,25.53515625,0.0,0.0,0.0,23.62109375,0.0,0.0,25.15234375,0.0,5.5620574951171875
19.912,12.6670125876,0.0234375,-0.0078125,0.015748031496062992,0.0,0.0,-0.0,-0.0,0.0,0.0,0.0,24.00390625,0.0,0.0,0.0,27.44921875,0.0,0.0,0.0,26.30078125,0.0,0.0,0.0,23.62109375,0.0,0.0,25.34375,0.0,5.57183837890625
20.07,12.6670125876,0.0234375,-0.0078125,0.015748031496062992,0.0,0.0,-0.0,-0.0,0.0,0.0,0.0,23.62109375,0.0,0.0,0.0,25.91796875,0.0,0.0,0.0,25.91796875,0.0,0.0,0.0,24.00390625,0.0,0.0,24.9609375,0.0,5.57183837890625
20.24,12.641096832,0.0234375,-0.0078125,0.015748031496062992,0.0,0.0,-0.0,-0.0,0.0,0.0,0.0,23.4296875,0.0,0.0,0.0,26.109375,0.0,0.0,0.0,26.109375,0.0,0.0,0.0,23.8125,0.0,0.0,25.15234375,0.0,5.57183837890625
20.4,12.6324582468,0.0234375,-0.0078125,0.015748031496062992,0.0,0.0,-0.0,-0.0,0.0,0.0,0.0,22.47265625,0.0,0.0,0.0,27.2578125,0.0,0.0,0.0,25.7265625,0.0,0.0,0.0,24.578125,0.0,0.0,25.34375,0.0,5.57183837890625
20.57,12.6670125876,0.0234375,-0.0078125,0.015748031496062992,0.0,0.0,-0.0,-0.0,0.0,0.0,0.0,23.8125,0.0,0.0,0.0,26.109375,0.0,0.0,0.0,25.91796875,0.0,0.0,0.0,23.23828125,0.0,0.0,25.15234375,0.0,5.57183837890625
20.732,12.6756511728,0.0234375,-0.0078125,0.015748031496062992,0.0,0.0,-0.0,-0.0,0.0,0.0,0.0,23.8125,0.0,0.0,0.0,25.53515625,0.0,0.0,0.0,26.4921875,0.0,0.0,0.0,23.8125,0.0,0.0,25.15234375,0.0,5.57183837890625
20.898,12.6324582468,0.0234375,-0.0078125,0.015748031496062992,0.0,0.0,-0.0,-0.0,0.0,0.0,0.0,23.23828125,0.0,0.0,0.0,26.30078125,0.0,0.0,0.0,25.7265625,0.0,0.0,0.0,23.4296875,0.0,0.0,25.34375,0.0,5.57183837890625
21.068,12.6670125876,0.0234375,-0.0078125,0.015748031496062992,0.0,0.0,-0.0,-0.0,0.0,0.0,0.0,24.1953125,0.0,0.0,0.0,26.4921875,0.0,0.0,0.0,25.7265625,0.0,0.0,0.0,24.00390625,0.0,0.0,24.1953125,0.0,5.57183837890625
21.232,12.6670125876,0.0234375,-0.0078125,0.015748031496062992,0.0,0.0,-0.0,-0.0,0.0,0.0,0.0,23.23828125,0.0,0.0,0.0,26.4921875,0.0,0.0,0.0,25.91796875,0.0,0.0,0.0,23.4296875,0.0,0.0,24.76953125,0.0,5.57183837890625
21.41,12.6670125876,0.0234375,-0.0078125,0.015748031496062992,0.0,0.0,-0.0,-0.0,0.0,0.0,0.0,23.23828125,0.0,0.0,0.0,26.4921875,0.0,0.0,0.0,25.53515625,0.0,0.0,0.0,23.62109375,0.0,0.0,25.53515625,0.0,5.57183837890625
21.572,12.6497354172,0.0234375,-0.0078125,0.015748031496062992,0.0,0.0,-0.0,-0.0,0.0,0.0,0.0,23.62109375,0.0,0.0,0.0,26.30078125,0.0,0.0,0.0,26.4921875,0.0,0.0,0.0,23.4296875,0.0,0.0,27.2578125,0.0,5.57183837890625
21.739,12.6583740024,0.0234375,-0.0078125,0.015748031496062992,0.0,0.0,-0.0,-0.0,0.0,0.0,0.0,23.23828125,0.0,0.0,0.0,26.4921875,0.0,0.0,0.0,26.30078125,0.0,0.0,0.0,24.00390625,0.0,0.0,24.9609375,0.0,5.5620574951171875
21.914,12.6497354172,0.0234375,-0.0078125,0.015748031496062992,0.0,0.0,-0.0,-0.0,0.0,0.0,0.0,24.1953125,0.0,0.0,0.0,26.30078125,0.0,0.0,0.0,26.109375,0.0,0.0,0.0,23.4296875,0.0,0.0,24.9609375,0.0,5.57183837890625
22.08,12.6670125876,0.0234375,-0.0078125,0.015748031496062992,0.0,0.0,-0.0,-0.0,0.0,0.0,0.0,23.62109375,0.0,0.0,0.0,26.4921875,0.0,0.0,0.0,25.7265625,0.0,0.0,0.0,23.8125,0.0,0.0,25.15234375,0.0,5.57183837890625
22.251,12.6238196616,0.0234375,-0.0078125,0.015748031496062992,0.0,0.0,-0.0,-0.0,0.0,0.0,0.0,23.8125,0.0,0.0,0.0,26.109375,0.0,0.0,0.0,26.30078125,0.0,0.0,0.0,22.85546875,0.0,0.0,24.76953125,0.0,5.57183837890625
22.409,12.641096832,0.0234375,-0.0078125,0.015748031496062992,0.0,0.0,-0.0,-0.0,0.0,0.0,0.0,23.62109375,0.0,0.0,0.0,25.7265625,0.0,0.0,0.0,25.34375,0.0,0.0,0.0,23.8125,0.0,0.0,24.578125,0.0,5.57183837890625
22.571,12.6238196616,0.0234375,-0.0078125,0.015748031496062992,0.0,0.0,-0.0,-0.0,0.0,0.0,0.0,23.62109375,0.0,0.0,0.0,26.4921875,0.0,0.0,0.0,26.109375,0.0,0.0,0.0,23.4296875,0.0,0.0,24.1953125,0.0,5.57183837890625
22.751,12.641096832,0.0234375,-0.0078125,0.015748031496062992,0.0,0.0,-0.0,-0.0,0.0,0.0,0.0,23.4296875,0.0,0.0,0.0,26.30078125,0.0,0.0,0.0,25.7265625,0.0,0.0,0.0,23.4296875,0.0,0.0,25.15234375,0.0,5.5816192626953125
22.912,12.641096832,0.0234375,-0.0078125,0.015748031496062992,0.0,0.0,-0.0,-0.0,0.0,0.0,0.0,23.62109375,0.0,0.0,0.0,26.30078125,0.0,0.0,0.0,26.109375,0.0,0.0,0.0,23.4296875,0.0,0.0,25.34375,0.0,5.57183837890625
23.072,12.6151810764,0.0234375,-0.0078125,0.015748031496062992,0.0,0.0,-0.0,-0.0,0.0,0.0,0.0,23.23828125,0.0,0.0,0.0,26.4921875,0.0,0.0,0.0,25.91796875,0.0,0.0,0.0,23.62109375,0.0,0.0,25.34375,0.0,5.57183837890625
23.249,12.6238196616,0.0234375,-0.0078125,0.015748031496062992,0.0,0.0,-0.0,-0.0,0.0,0.0,0.0,23.4296875,0.0,0.0,0.0,27.2578125,0.0,0.0,0.0,25.7265625,0.0,0.0,0.0,23.23828125,0.0,0.0,25.53515625,0.0,5.57183837890625
23.411,12.6238196616,0.0234375,-0.0078125,0.015748031496062992,0.0,0.0,-0.0,-0.0,0.0,0.0,0.0,23.23828125,0.0,0.0,0.0,26.109375,0.0,0.0,0.0,26.30078125,0.0,0.0,0.0,24.1953125,0.0,0.0,25.34375,0.0,5.5620574951171875
23.57,12.6238196616,0.0234375,-0.0078125,0.015748031496062992,0.0,0.0,-0.0,-0.0,0.0,0.0,0.0,23.23828125,0.0,0.0,0.0,26.30078125,0.0,0.0,0.0,25.53515625,0.0,0.0,0.0,23.8125,0.0,0.0,25.15234375,0.0,5.57183837890625
23.73,12.6670125876,0.0234375,-0.0078125,0.015748031496062992,0.0,0.0,-0.0,-0.0,0.0,0.0,0.0,23.046875,0.0,0.0,0.0,27.2578125,0.0,0.0,0.0,26.109375,0.0,0.0,0.0,23.8125,0.0,0.0,25.15234375,0.0,5.57183837890625
23.899,12.641096832,0.0234375,-0.0078125,0.015748031496062992,0.0,0.0,-0.0,-0.0,0.0,0.0,0.0,23.23828125,0.0,0.0,0.0,26.68359375,0.0,0.0,0.0,25.91796875,0.0,0.0,0.0,24.38671875,0.0,0.0,26.109375,0.0,5.57183837890625
24.068,12.6670125876,0.0234375,-0.0078125,0.015748031496062992,0.0,0.0,-0.0,-0.0,0.0,0.0,0.0,22.85546875,0.0,0.0,0.0,26.30078125,0.0,0.0,0.0,26.109375,0.0,0.0,0.0,23.23828125,0.0,0.0,24.9609375,0.0,5.57183837890625
24.23,12.6670125876,0.0234375,-0.0078125,0.015748031496062992,0.0,0.0,-0.0,-0.0,0.0,0.0,0.0,24.38671875,0.0,0.0,0.0,26.30078125,0.0,0.0,0.0,25.7265625,0.0,0.0,0.0,23.4296875,0.0,0.0,25.7265625,0.0,5.57183837890625
24.392,12.6670125876,0.0234375,-0.0078125,0.015748031496062992,0.0,0.0,-0.0,-0.0,0.0,0.0,0.0,24.9609375,0.0,0.0,0.0,26.109375,0.0,0.0,0.0,25.7265625,0.0,0.0,0.0,22.85546875,0.0,0.0,25.15234375,0.0,5.5620574951171875
24.557,12.6497354172,0.0234375,-0.0078125,0.015748031496062992,0.0,0.0,-0.0,-0.0,0.0,0.0,0.0,24.578125,0.0,0.0,0.0,26.30078125,0.0,0.0,0.0,26.109375,0.0,0.0,0.0,23.23828125,0.0,0.0,25.15234375,0.0,5.5620574951171875
24.712,12.6583740024,0.0234375,-0.0078125,0.015748031496062992,0.0,0.0,-0.0,-0.0,0.0,0.0,0.0,23.8125,0.0,0.0,0.0,25.91796875,0.0,0.0,0.0,26.109375,0.0,0.0,0.0,23.8125,0.0,0.0,24.9609375,0.0,5.57183837890625
24.88,12.6670125876,0.0234375,-0.0078125,0.015748031496062992,0.0,0.0,-0.0,-0.0,0.0,0.0,0.0,23.23828125,0.0,0.0,0.0,26.4921875,0.0,0.0,0.0,26.109375,0.0,0.0,0.0,23.8125,0.0,0.0,24.9609375,0.0,5.57183837890625
25.051,12.6497354172,0.0234375,-0.0078125,0.015748031496062992,0.0,0.0,-0.0,-0.0,0.0,0.0,0.0,24.1953125,0.0,0.0,0.0,26.875,0.0,0.0,0.0,25.7265625,0.0,0.0,0.0,23.23828125,0.0,0.0,25.34375,0.0,5.5620574951171875
25.211,12.641096832,0.0234375,-0.0078125,0.015748031496062992,0.0,0.0,-0.0,-0.0,0.0,0.0,0.0,24.38671875,0.0,0.0,0.0,26.109375,0.0,0.0,0.0,26.30078125,0.0,0.0,0.0,23.62109375,0.0,0.0,25.34375,0.0,5.57183837890625
25.372,12.641096832,0.0234375,-0.0078125,0.015748031496062992,0.0,0.0,-0.0,-0.0,0.0,0.0,0.0,24.00390625,0.0,0.0,0.0,25.7265625,0.0,0.0,0.0,26.4921875,0.0,0.0,0.0,24.00390625,0.0,0.0,25.7265625,0.0,5.57183837890625
25.539,12.6583740024,0.0234375,-0.0078125,0.015748031496062992,0.0,0.0,-0.0,-0.0,0.0,0.0,0.0,23.8125,0.0,0.0,0.0,25.91796875,0.0,0.0,0.0,25.91796875,0.0,0.0,0.0,23.8125,0.0,0.0,25.34375,0.0,5.57183837890625
25.728,12.6151810764,0.0234375,-0.0078125,0.015748031496062992,0.0,0.0,-0.0,-0.0,0.0,0.0,0.0,23.62109375,0.0,0.0,0.0,26.30078125,0.0,0.0,0.0,25.91796875,0.0,0.0,0.0,23.4296875,0.0,0.0,24.76953125,0.0,5.57183837890625
25.889,12.6151810764,0.0234375,-0.0078125,0.015748031496062992,0.0,0.0,-0.0,-0.0,0.0,0.0,0.0,23.8125,0.0,0.0,0.0,26.109375,0.0,0.0,0.0,25.91796875,0.0,0.0,0.0,23.8125,0.0,0.0,24.9609375,0.0,5.5620574951171875
26.049,12.6324582468,0.0234375,-0.0078125,0.015748031496062992,0.0,0.0,-0.0,-0.0,0.0,0.0,0.0,23.046875,0.0,0.0,0.0,26.68359375,0.0,0.0,0.0,26.109375,0.0,0.0,0.0,23.046875,0.0,0.0,24.9609375,0.0,5.5620574951171875
26.218,12.641096832,0.0234375,-0.0078125,0.015748031496062992,0.0,0.0,-0.0,-0.0,0.0,0.0,0.0,23.8125,0.0,0.0,0.0,26.109375,0.0,0.0,0.0,25.91796875,0.0,0.0,0.0,23.8125,0.0,0.0,24.9609375,0.0,5.57183837890625
26.387,12.6670125876,0.0234375,-0.0078125,0.015748031496062992,0.0,0.0,-0.0,-0.0,0.0,0.0,0.0,23.8125,0.0,0.0,0.0,26.30078125,0.0,0.0,0.0,26.109375,0.0,0.0,0.0,24.00390625,0.0,0.0,24.9609375,0.0,5.57183837890625
26.548,12.6670125876,0.0234375,-0.0078125,0.015748031496062992,0.0,0.0,-0.0,-0.0,0.0,0.0,0.0,23.23828125,0.0,0.0,0.0,25.91796875,0.0,0.0,0.0,25.7265625,0.0,0.0,0.0,23.4296875,0.0,0.0,25.15234375,0.0,5.57183837890625
26.709,12.6670125876,0.0234375,-0.0078125,0.015748031496062992,0.0,0.0,-0.0,-0.0,0.0,0.0,0.0,23.62109375,0.0,0.0,0.0,25.7265625,0.0,0.0,0.0,26.109375,0.0,0.0,0.0,23.4296875,0.0,0.0,25.15234375,0.0,5.57183837890625
26.868,12.6497354172,0.0234375,-0.0078125,0.015748031496062992,0.0,0.0,-0.0,-0.0,0.0,0.0,0.0,23.8125,0.0,0.0,0.0,25.7265625,0.0,0.0,0.0,26.30078125,0.0,0.0,0.0,23.4296875,0.0,0.0,25.15234375,0.0,5.57183837890625
27.029,12.641096832,0.0234375,-0.0078125,0.015748031496062992,0.0,0.0,-0.0,-0.0,0.0,0.0,0.0,23.62109375,0.0,0.0,0.0,26.4921875,0.0,0.0,0.0,26.109375,0.0,0.0,0.0,23.4296875,0.0,0.0,25.15234375,0.0,5.57183837890625
27.202,12.6065424912,0.0234375,-0.0078125,0.015748031496062992,0.0,0.0,-0.0,-0.0,0.0,0.0,0.0,22.47265625,0.0,0.0,0.0,25.91796875,0.0,0.0,0.0,26.109375,0.0,0.0,0.0,23.4296875,0.0,0.0,24.9609375,0.0,5.57183837890625
27.379,12.6324582468,0.0234375,-0.0078125,0.015748031496062992,0.0,0.0,-0.0,-0.0,0.0,0.0,0.0,24.38671875,0.0,0.0,0.0,26.30078125,0.0,0.0,0.0,26.109375,0.0,0.0,0.0,23.4296875,0.0,0.0,24.578125,0.0,5.57183837890625
27.552,12.6497354172,0.0234375,-0.0078125,0.015748031496062992,0.0,0.0,-0.0,-0.0,0.0,0.0,0.0,23.62109375,0.0,0.0,0.0,26.30078125,0.0,0.0,0.0,26.109375,0.0,0.0,0.0,24.00390625,0.0,0.0,25.34375,0.0,5.57183837890625
27.718,12.6670125876,0.0234375,-0.0078125,0.015748031496062992,0.0,0.0,-0.0,-0.0,0.0,0.0,0.0,22.85546875,0.0,0.0,0.0,25.91796875,0.0,0.0,0.0,26.30078125,0.0,0.0,0.0,23.62109375,0.0,0.0,25.53515625,0.0,5.5620574951171875
27.876,12.6497354172,0.0234375,-0.0078125,0.015748031496062992,0.0,0.0,-0.0,-0.0,0.0,0.0,0.0,23.23828125,0.0,0.0,0.0,26.4921875,0.0,0.0,0.0,26.109375,0.0,0.0,0.0,23.62109375,0.0,0.0,25.34375,0.0,5.5620574951171875
28.036,12.6324582468,0.0234375,-0.0078125,0.015748031496062992,0.0,0.0,-0.0,-0.0,0.0,0.0,0.0,23.4296875,0.0,0.0,0.0,25.7265625,0.0,0.0,0.0,25.34375,0.0,0.0,0.0,23.8125,0.0,0.0,25.7265625,0.0,5.57183837890625
28.197,12.6324582468,0.0234375,-0.0078125,0.015748031496062992,0.0,0.0,-0.0,-0.0,0.0,0.0,0.0,24.00390625,0.0,0.0,0.0,26.30078125,0.0,0.0,0.0,26.109375,0.0,0.0,0.0,23.8125,0.0,0.0,25.7265625,0.0,5.57183837890625
28.356,12.6497354172,0.0234375,-0.0078125,0.015748031496062992,0.0,0.0,-0.0,-0.0,0.0,0.0,0.0,23.4296875,0.0,0.0,0.0,25.7265625,0.0,0.0,0.0,26.4921875,0.0,0.0,0.0,23.62109375,0.0,0.0,24.76953125,0.0,5.5620574951171875
28.518,12.641096832,0.0234375,-0.0078125,0.015748031496062992,0.0,0.0,-0.0,-0.0,0.0,0.0,0.0,23.62109375,0.0,0.0,0.0,25.91796875,0.0,0.0,0.0,25.7265625,0.0,0.0,0.0,23.4296875,0.0,0.0,25.15234375,0.0,5.5620574951171875
28.691,12.641096832,0.0234375,-0.0078125,0.015748031496062992,0.0,0.0,-0.0,-0.0,0.0,0.0,0.0,23.62109375,0.0,0.0,0.0,26.68359375,0.0,0.0,0.0,26.109375,0.0,0.0,0.0,23.8125,0.0,0.0,24.9609375,0.0,5.57183837890625
28.858,12.6583740024,0.0234375,-0.0078125,0.015748031496062992,0.0,0.0,-0.0,-0.0,0.0,0.0,0.0,23.8125,0.0,0.0,0.0,25.91796875,0.0,0.0,0.0,25.53515625,0.0,0.0,0.0,23.8125,0.0,0.0,25.15234375,0.0,5.57183837890625
29.031,12.6324582468,0.0234375,-0.0078125,0.015748031496062992,0.0,0.0,-0.0,-0.0,0.0,0.0,0.0,23.8125,0.0,0.0,0.0,26.30078125,0.0,0.0,0.0,26.30078125,0.0,0.0,0.0,23.62109375,0.0,0.0,24.76953125,0.0,5.57183837890625
29.219,12.6583740024,0.0234375,-0.0078125,0.015748031496062992,0.0,0.0,-0.0,-0.0,0.0,0.0,0.0,24.578125,0.0,0.0,0.0,26.109375,0.0,0.0,0.0,26.109375,0.0,0.0,0.0,23.4296875,0.0,0.0,25.91796875,0.0,5.57183837890625
29.396,12.6497354172,0.0234375,-0.0078125,0.015748031496062992,0.0,0.0,-0.0,-0.0,0.0,0.0,0.0,23.23828125,0.0,0.0,0.0,26.30078125,0.0,0.0,0.0,26.109375,0.0,0.0,0.0,23.4296875,0.0,0.0,25.15234375,0.0,5.57183837890625
29.561,12.6583740024,0.0234375,-0.0078125,0.015748031496062992,0.0,0.0,-0.0,-0.0,0.0,0.0,0.0,23.046875,0.0,0.0,0.0,26.109375,0.0,0.0,0.0,26.4921875,0.0,0.0,0.0,23.62109375,0.0,0.0,24.578125,0.0,5.57183837890625
29.728,12.6670125876,0.0234375,-0.0078125,0.015748031496062992,0.0,0.0,-0.0,-0.0,0.0,0.0,0.0,23.23828125,0.0,0.0,0.0,26.109375,0.0,0.0,0.0,26.4921875,0.0,0.0,0.0,23.62109375,0.0,0.0,25.15234375,0.0,5.57183837890625
29.89,12.6670125876,0.0234375,-0.0078125,0.015748031496062992,0.0,0.0,-0.0,-0.0,0.0,0.0,0.0,24.1953125,0.0,0.0,0.0,26.4921875,0.0,0.0,0.0,26.4921875,0.0,0.0,0.0,23.23828125,0.0,0.0,24.76953125,0.0,5.57183837890625
30.049,12.6324582468,0.0234375,-0.0078125,0.015748031496062992,0.0,0.0,-0.0,-0.0,0.0,0.0,0.0,23.046875,0.0,0.0,0.0,26.109375,0.0,0.0,0.0,26.4921875,0.0,0.0,0.0,23.62109375,0.0,0.0,25.15234375,0.0,5.57183837890625
30.218,12.6497354172,0.0234375,-0.0078125,0.015748031496062992,0.0,0.0,-0.0,-0.0,0.0,0.0,0.0,23.4296875,0.0,0.0,0.0,25.7265625,0.0,0.0,0.0,25.91796875,0.0,0.0,0.0,23.4296875,0.0,0.0,24.9609375,0.0,5.5620574951171875
30.377,12.641096832,0.0234375,-0.0078125,0.015748031496062992,0.0,0.0,-0.0,-0.0,0.0,0.0,0.0,23.23828125,0.0,0.0,0.0,26.109375,0.0,0.0,0.0,26.4921875,0.0,0.0,0.0,23.62109375,0.0,0.0,24.38671875,0.0,5.57183837890625
30.531,12.6670125876,0.0234375,-0.0078125,0.015748031496062992,0.0,0.0,-0.0,-0.0,0.0,0.0,0.0,23.8125,0.0,0.0,0.0,26.109375,0.0,0.0,0.0,25.53515625,0.0,0.0,0.0,23.62109375,0.0,0.0,25.34375,0.0,5.5620574951171875
30.692,12.6497354172,0.0234375,-0.0078125,0.015748031496062992,0.0,0.0,-0.0,-0.0,0.0,0.0,0.0,23.4296875,0.0,0.0,0.0,27.2578125,0.0,0.0,0.0,26.109375,0.0,0.0,0.0,23.4296875,0.0,0.0,25.34375,0.0,5.57183837890625
30.857,12.6497354172,0.0234375,-0.0078125,0.015748031496062992,0.0,0.0,-0.0,-0.0,0.0,0.0,0.0,23.4296875,0.0,0.0,0.0,27.2578125,0.0,0.0,0.0,25.91796875,0.0,0.0,0.0,23.4296875,0.0,0.0,24.9609375,0.0,5.57183837890625
31.038,12.6583740024,0.0234375,-0.0078125,0.015748031496062992,0.0,0.0,-0.0,-0.0,0.0,0.0,0.0,23.8125,0.0,0.0,0.0,26.30078125,0.0,0.0,0.0,25.7265625,0.0,0.0,0.0,23.8125,0.0,0.0,25.7265625,0.0,5.57183837890625
31.211,12.597903906,0.0234375,-0.0078125,0.015748031496062992,0.0,0.0,-0.0,-0.0,0.0,0.0,0.0,23.23828125,0.0,0.0,0.0,25.7265625,0.0,0.0,0.0,26.4921875,0.0,0.0,0.0,23.62109375,0.0,0.0,24.9609375,0.0,5.5816192626953125
31.378,12.6324582468,0.0234375,-0.0078125,0.015748031496062992,0.0,0.0,-0.0,-0.0,0.0,0.0,0.0,23.8125,0.0,0.0,0.0,25.7265625,0.0,0.0,0.0,26.109375,0.0,0.0,0.0,23.62109375,0.0,0.0,25.53515625,0.0,5.57183837890625
31.558,12.6238196616,0.0234375,-0.0078125,0.015748031496062992,0.0,0.0,-0.0,-0.0,0.0,0.0,0.0,23.8125,0.0,0.0,0.0,27.06640625,0.0,0.0,0.0,26.109375,0.0,0.0,0.0,24.00390625,0.0,0.0,24.9609375,0.0,5.57183837890625
31.736,12.597903906,0.0234375,-0.0078125,0.015748031496062992,0.0,0.0,-0.0,-0.0,0.0,0.0,0.0,23.4296875,0.0,0.0,0.0,26.875,0.0,0.0,0.0,25.7265625,0.0,0.0,0.0,23.62109375,0.0,0.0,25.15234375,0.0,5.57183837890625
31.898,12.597903906,0.0234375,-0.0078125,0.015748031496062992,0.0,0.0,-0.0,-0.0,0.0,0.0,0.0,23.62109375,0.0,0.0,0.0,25.53515625,0.0,0.0,0.0,25.7265625,0.0,0.0,0.0,23.62109375,0.0,0.0,26.109375,0.0,5.57183837890625
32.069,12.641096832,0.0234375,-0.0078125,0.015748031496062992,0.0,0.0,-0.0,-0.0,0.0,0.0,0.0,23.62109375,0.0,0.0,0.0,26.68359375,0.0,0.0,0.0,26.4921875,0.0,0.0,0.0,23.62109375,0.0,0.0,24.76953125,0.0,5.57183837890625
32.23,12.6238196616,0.0234375,-0.0078125,0.015748031496062992,0.0,0.0,-0.0,-0.0,0.0,0.0,0.0,22.08984375,0.0,0.0,0.0,27.06640625,0.0,0.0,0.0,25.91796875,0.0,0.0,0.0,23.23828125,0.0,0.0,25.53515625,0.0,5.5816192626953125
32.39,12.641096832,0.0234375,-0.0078125,0.015748031496062992,0.0,0.0,-0.0,-0.0,0.0,0.0,0.0,23.046875,0.0,0.0,0.0,27.640625,0.0,0.0,0.0,26.30078125,0.0,0.0,0.0,23.4296875,0.0,0.0,24.9609375,0.0,5.57183837890625
32.55,12.6583740024,0.0234375,-0.0078125,0.015748031496062992,0.0,0.0,-0.0,-0.0,0.0,0.0,0.0,23.62109375,0.0,0.0,0.0,26.4921875,0.0,0.0,0.0,26.4921875,0.0,0.0,0.0,23.62109375,0.0,0.0,25.34375,0.0,5.57183837890625
32.709,12.6238196616,0.0234375,-0.0078125,0.015748031496062992,0.0,0.0,-0.0,-0.0,0.0,0.0,0.0,23.23828125,0.0,0.0,0.0,25.91796875,0.0,0.0,0.0,26.30078125,0.0,0.0,0.0,23.046875,0.0,0.0,25.91796875,0.0,5.57183837890625
32.87,12.6238196616,0.0234375,-0.0078125,0.015748031496062992,0.0,0.0,-0.0,-0.0,0.0,0.0,0.0,23.4296875,0.0,0.0,0.0,25.91796875,0.0,0.0,0.0,25.7265625,0.0,0.0,0.0,23.4296875,0.0,0.0,24.76953125,0.0,5.57183837890625
33.05,12.6065424912,0.0234375,-0.0078125,0.015748031496062992,0.0,0.0,-0.0,-0.0,0.0,0.0,0.0,23.62109375,0.0,0.0,0.0,25.91796875,0.0,0.0,0.0,26.4921875,0.0,0.0,0.0,23.8125,0.0,0.0,24.9609375,0.0,5.5620574951171875
33.364,12.5892653208,0.0234375,-0.0078125,0.015748031496062992,0.0,0.0,-0.0,-0.0,0.0,0.0,0.0,23.046875,0.0,0.0,0.0,26.30078125,0.0,0.0,0.0,26.30078125,0.0,0.0,0.0,23.8125,0.0,0.0,25.15234375,0.0,5.57183837890625
33.539,12.6583740024,0.0234375,-0.0078125,0.015748031496062992,0.0,0.0,-0.0,-0.0,0.0,0.0,0.0,23.62109375,0.0,0.0,0.0,25.91796875,0.0,0.0,0.0,26.109375,0.0,0.0,0.0,23.8125,0.0,0.0,26.109375,0.0,5.5620574951171875
33.71,12.6324582468,0.0234375,-0.0078125,0.015748031496062992,0.0,0.0,-0.0,-0.0,0.0,0.0,0.0,23.8125,0.0,0.0,0.0,26.4921875,0.0,0.0,0.0,25.91796875,0.0,0.0,0.0,23.4296875,0.0,0.0,25.34375,0.0,5.57183837890625
33.871,12.6583740024,0.0234375,-0.0078125,0.015748031496062992,0.0,0.0,-0.0,-0.0,0.0,0.0,0.0,24.1953125,0.0,0.0,0.0,26.30078125,0.0,0.0,0.0,25.7265625,0.0,0.0,0.0,24.38671875,0.0,0.0,25.34375,0.0,5.57183837890625
34.031,12.641096832,0.0234375,-0.0078125,0.015748031496062992,0.0,0.0,-0.0,-0.0,0.0,0.0,0.0,24.1953125,0.0,0.0,0.0,25.91796875,0.0,0.0,0.0,26.109375,0.0,0.0,0.0,23.23828125,0.0,0.0,24.1953125,0.0,5.57183837890625
34.197,12.641096832,0.0234375,-0.0078125,0.015748031496062992,0.0,0.0,-0.0,-0.0,0.0,0.0,0.0,23.4296875,0.0,0.0,0.0,25.91796875,0.0,0.0,0.0,25.91796875,0.0,0.0,0.0,23.62109375,0.0,0.0,24.9609375,0.0,5.57183837890625
34.369,12.6238196616,0.0234375,-0.0078125,0.015748031496062992,0.0,0.0,-0.0,-0.0,0.0,0.0,0.0,23.8125,0.0,0.0,0.0,25.7265625,0.0,0.0,0.0,26.68359375,0.0,0.0,0.0,23.4296875,0.0,0.0,25.34375,0.0,5.57183837890625
34.538,12.597903906,0.0234375,-0.0078125,0.015748031496062992,0.0,0.0,-0.0,-0.0,0.0,0.0,0.0,24.1953125,0.0,0.0,0.0,26.68359375,0.0,0.0,0.0,26.109375,0.0,0.0,0.0,23.8125,0.0,0.0,24.9609375,0.0,5.57183837890625
34.721,12.6238196616,0.0234375,-0.0078125,0.015748031496062992,0.0,0.0,-0.0,-0.0,0.0,0.0,0.0,23.62109375,0.0,0.0,0.0,25.91796875,0.0,0.0,0.0,26.109375,0.0,0.0,0.0,23.4296875,0.0,0.0,25.34375,0.0,5.5816192626953125
34.899,12.6065424912,0.0234375,-0.0078125,0.015748031496062992,0.0,0.0,-0.0,-0.0,0.0,0.0,0.0,22.85546875,0.0,0.0,0.0,26.109375,0.0,0.0,0.0,26.109375,0.0,0.0,0.0,23.62109375,0.0,0.0,25.7265625,0.0,5.57183837890625
35.07,12.6238196616,0.0234375,-0.0078125,0.015748031496062992,0.0,0.0,-0.0,-0.0,0.0,0.0,0.0,23.8125,0.0,0.0,0.0,26.4921875,0.0,0.0,0.0,25.91796875,0.0,0.0,0.0,24.38671875,0.0,0.0,25.34375,0.0,5.57183837890625
35.224,12.6583740024,0.0234375,-0.0078125,0.015748031496062992,0.0,0.0,-0.0,-0.0,0.0,0.0,0.0,23.4296875,0.0,0.0,0.0,26.30078125,0.0,0.0,0.0,26.109375,0.0,0.0,0.0,23.4296875,0.0,0.0,25.53515625,0.0,5.57183837890625
35.391,12.6497354172,0.0234375,-0.0078125,0.015748031496062992,0.0,0.0,-0.0,-0.0,0.0,0.0,0.0,24.1953125,0.0,0.0,0.0,25.7265625,0.0,0.0,0.0,25.7265625,0.0,0.0,0.0,23.62109375,0.0,0.0,24.76953125,0.0,5.57183837890625
35.559,12.641096832,0.0234375,-0.0078125,0.015748031496062992,0.0,0.0,-0.0,-0.0,0.0,0.0,0.0,23.62109375,0.0,0.0,0.0,26.109375,0.0,0.0,0.0,26.109375,0.0,0.0,0.0,23.23828125,0.0,0.0,24.9609375,0.0,5.57183837890625
35.738,12.6497354172,0.0234375,-0.0078125,0.015748031496062992,0.0,0.0,-0.0,-0.0,0.0,0.0,0.0,23.62109375,0.0,0.0,0.0,26.109375,0.0,0.0,0.0,25.91796875,0.0,0.0,0.0,23.62109375,0.0,0.0,26.4921875,0.0,5.57183837890625
35.91,12.5892653208,0.0234375,-0.0078125,0.015748031496062992,0.0,0.0,-0.0,-0.0,0.0,0.0,0.0,24.578125,0.0,0.0,0.0,25.7265625,0.0,0.0,0.0,25.91796875,0.0,0.0,0.0,23.62109375,0.0,0.0,25.34375,0.0,5.57183837890625
36.07,12.6497354172,0.0234375,-0.0078125,0.015748031496062992,0.0,0.0,-0.0,-0.0,0.0,0.0,0.0,23.4296875,0.0,0.0,0.0,26.68359375,0.0,0.0,0.0,25.7265625,0.0,0.0,0.0,23.62109375,0.0,0.0,25.34375,0.0,5.57183837890625
36.24,12.5892653208,0.0234375,-0.0078125,0.015748031496062992,0.0,0.0,-0.0,-0.0,0.0,0.0,0.0,23.8125,0.0,0.0,0.0,26.4921875,0.0,0.0,0.0,25.91796875,0.0,0.0,0.0,23.23828125,0.0,0.0,25.15234375,0.0,5.5620574951171875
36.409,12.6065424912,0.0234375,-0.0078125,0.015748031496062992,0.0,0.0,-0.0,-0.0,0.0,0.0,0.0,23.62109375,0.0,0.0,0.0,26.68359375,0.0,0.0,0.0,26.4921875,0.0,0.0,0.0,23.046875,0.0,0.0,25.34375,0.0,5.57183837890625
36.572,12.580626735600001,0.0234375,-0.0078125,0.015748031496062992,0.0,0.0,-0.0,-0.0,0.0,0.0,0.0,21.8984375,0.0,0.0,0.0,26.109375,0.0,0.0,0.0,26.4921875,0.0,0.0,0.0,24.00390625,0.0,0.0,25.34375,0.0,5.57183837890625
36.75,12.6583740024,0.0234375,-0.0078125,0.015748031496062992,0.0,0.0,-0.0,-0.0,0.0,0.0,0.0,23.62109375,0.0,0.0,0.0,26.109375,0.0,0.0,0.0,26.30078125,0.0,0.0,0.0,24.00390625,0.0,0.0,24.38671875,0.0,5.57183837890625
36.929,12.641096832,0.0234375,-0.0078125,0.015748031496062992,0.0,0.0,-0.0,-0.0,0.0,0.0,0.0,25.34375,0.0,0.0,0.0,26.30078125,0.0,0.0,0.0,26.109375,0.0,0.0,0.0,23.8125,0.0,0.0,24.76953125,0.0,5.57183837890625
37.09,12.6238196616,0.0234375,-0.0078125,0.015748031496062992,0.0,0.0,-0.0,-0.0,0.0,0.0,0.0,24.1953125,0.0,0.0,0.0,26.68359375,0.0,0.0,0.0,25.91796875,0.0,0.0,0.0,23.62109375,0.0,0.0,25.34375,0.0,5.57183837890625
37.252,12.5892653208,0.0234375,-0.0078125,0.015748031496062992,0.0,0.0,-0.0,-0.0,0.0,0.0,0.0,23.4296875,0.0,0.0,0.0,26.109375,0.0,0.0,0.0,26.109375,0.0,0.0,0.0,23.62109375,0.0,0.0,24.38671875,0.0,5.57183837890625
37.422,12.6238196616,0.0234375,-0.0078125,0.015748031496062992,0.0,0.0,-0.0,-0.0,0.0,0.0,0.0,24.38671875,0.0,0.0,0.0,26.4921875,0.0,0.0,0.0,25.91796875,0.0,0.0,0.0,23.8125,0.0,0.0,25.15234375,0.0,5.57183837890625
37.59,12.6324582468,0.0234375,-0.0078125,0.015748031496062992,0.0,0.0,-0.0,-0.0,0.0,0.0,0.0,23.62109375,0.0,0.0,0.0,26.68359375,0.0,0.0,0.0,26.109375,0.0,0.0,0.0,24.38671875,0.0,0.0,26.109375,0.0,5.57183837890625
37.77,12.6238196616,0.0234375,-0.0078125,0.015748031496062992,0.0,0.0,-0.0,-0.0,0.0,0.0,0.0,23.23828125,0.0,0.0,0.0,25.91796875,0.0,0.0,0.0,26.109375,0.0,0.0,0.0,23.62109375,0.0,0.0,26.109375,0.0,5.5620574951171875
37.932,12.5892653208,0.0234375,-0.0078125,0.015748031496062992,0.0,0.0,-0.0,-0.0,0.0,0.0,0.0,23.8125,0.0,0.0,0.0,26.30078125,0.0,0.0,0.0,26.30078125,0.0,0.0,0.0,23.62109375,0.0,0.0,25.34375,0.0,5.57183837890625
38.09,12.6497354172,0.0234375,-0.0078125,0.015748031496062992,0.0,0.0,-0.0,-0.0,0.0,0.0,0.0,23.046875,0.0,0.0,0.0,26.30078125,0.0,0.0,0.0,25.91796875,0.0,0.0,0.0,23.4296875,0.0,0.0,24.9609375,0.0,5.57183837890625
38.252,12.6238196616,0.0234375,-0.0078125,0.015748031496062992,0.0,0.0,-0.0,-0.0,0.0,0.0,0.0,23.62109375,0.0,0.0,0.0,26.4921875,0.0,0.0,0.0,25.91796875,0.0,0.0,0.0,24.00390625,0.0,0.0,25.15234375,0.0,5.57183837890625
38.412,12.597903906,0.0234375,-0.0078125,0.015748031496062992,0.0,0.0,-0.0,-0.0,0.0,0.0,0.0,23.046875,0.0,0.0,0.0,26.68359375,0.0,0.0,0.0,26.30078125,0.0,0.0,0.0,23.8125,0.0,0.0,24.9609375,0.0,5.57183837890625
38.58,12.597903906,0.0234375,-0.0078125,0.015748031496062992,0.0,0.0,-0.0,-0.0,0.0,0.0,0.0,23.62109375,0.0,0.0,0.0,25.53515625,0.0,0.0,0.0,26.30078125,0.0,0.0,0.0,23.4296875,0.0,0.0,25.15234375,0.0,5.57183837890625
38.769,12.641096832,0.0234375,-0.0078125,0.015748031496062992,0.0,0.0,-0.0,-0.0,0.0,0.0,0.0,23.8125,0.0,0.0,0.0,26.68359375,0.0,0.0,0.0,25.91796875,0.0,0.0,0.0,23.8125,0.0,0.0,24.9609375,0.0,5.57183837890625
38.93,12.6151810764,0.0234375,-0.0078125,0.015748031496062992,0.0,0.0,-0.0,-0.0,0.0,0.0,0.0,23.62109375,0.0,0.0,0.0,25.91796875,0.0,0.0,0.0,26.30078125,0.0,0.0,0.0,23.4296875,0.0,0.0,24.9609375,0.0,5.5816192626953125
39.091,12.597903906,0.0234375,-0.0078125,0.015748031496062992,0.0,0.0,-0.0,-0.0,0.0,0.0,0.0,24.00390625,0.0,0.0,0.0,26.30078125,0.0,0.0,0.0,26.109375,0.0,0.0,0.0,23.8125,0.0,0.0,25.15234375,0.0,5.5620574951171875
39.252,12.641096832,0.0234375,-0.0078125,0.015748031496062992,0.0,0.0,-0.0,-0.0,0.0,0.0,0.0,23.4296875,0.0,0.0,0.0,25.91796875,0.0,0.0,0.0,26.109375,0.0,0.0,0.0,23.4296875,0.0,0.0,24.76953125,0.0,5.57183837890625
39.418,12.641096832,0.0234375,-0.0078125,0.015748031496062992,0.0,0.0,-0.0,-0.0,0.0,0.0,0.0,23.23828125,0.0,0.0,0.0,25.91796875,0.0,0.0,0.0,25.7265625,0.0,0.0,0.0,23.23828125,0.0,0.0,25.15234375,0.0,5.57183837890625
39.578,12.6065424912,0.0234375,-0.0078125,0.015748031496062992,0.0,0.0,-0.0,-0.0,0.0,0.0,0.0,24.578125,0.0,0.0,0.0,26.109375,0.0,0.0,0.0,25.91796875,0.0,0.0,0.0,23.046875,0.0,0.0,26.30078125,0.0,5.57183837890625
39.737,12.6497354172,0.0234375,-0.0078125,0.015748031496062992,0.0,0.0,-0.0,-0.0,0.0,0.0,0.0,23.23828125,0.0,0.0,0.0,26.875,0.0,0.0,0.0,26.4921875,0.0,0.0,0.0,23.4296875,0.0,0.0,25.34375,0.0,5.57183837890625
39.897,12.6151810764,0.0234375,-0.0078125,0.015748031496062992,0.0,0.0,-0.0,-0.0,0.0,0.0,0.0,23.62109375,0.0,0.0,0.0,26.4921875,0.0,0.0,0.0,25.7265625,0.0,0.0,0.0,24.00390625,0.0,0.0,25.53515625,0.0,5.57183837890625
40.057,12.5892653208,0.0234375,-0.0078125,0.015748031496062992,0.0,0.0,-0.0,-0.0,0.0,0.0,0.0,23.4296875,0.0,0.0,0.0,26.30078125,0.0,0.0,0.0,25.91796875,0.0,0.0,0.0,23.8125,0.0,0.0,24.9609375,0.0,5.5816192626953125
40.22,12.6497354172,0.0234375,-0.0078125,0.015748031496062992,0.0,0.0,-0.0,-0.0,0.0,0.0,0.0,24.00390625,0.0,0.0,0.0,26.4921875,0.0,0.0,0.0,25.7265625,0.0,0.0,0.0,24.00390625,0.0,0.0,24.578125,0.0,5.57183837890625
40.389,12.6497354172,0.0234375,-0.0078125,0.015748031496062992,0.0,0.0,-0.0,-0.0,0.0,0.0,0.0,23.4296875,0.0,0.0,0.0,26.30078125,0.0,0.0,0.0,26.109375,0.0,0.0,0.0,23.046875,0.0,0.0,25.34375,0.0,5.57183837890625
40.56,12.6151810764,0.0234375,-0.0078125,0.015748031496062992,0.0,0.0,-0.0,-0.0,0.0,0.0,0.0,24.00390625,0.0,0.0,0.0,26.109375,0.0,0.0,0.0,25.7265625,0.0,0.0,0.0,23.4296875,0.0,0.0,26.30078125,0.0,5.57183837890625
40.759,12.5892653208,0.0234375,-0.0078125,0.015748031496062992,0.0,0.0,-0.0,-0.0,0.0,0.0,0.0,23.8125,0.0,0.0,0.0,26.109375,0.0,0.0,0.0,26.4921875,0.0,0.0,0.0,23.62109375,0.0,0.0,26.30078125,0.0,5.5620574951171875
40.929,12.6324582468,0.0234375,-0.0078125,0.015748031496062992,0.0,0.0,-0.0,-0.0,0.0,0.0,0.0,23.62109375,0.0,0.0,0.0,26.30078125,0.0,0.0,0.0,25.7265625,0.0,0.0,0.0,24.00390625,0.0,0.0,25.34375,0.0,5.57183837890625
41.092,12.5892653208,0.0234375,-0.0078125,0.015748031496062992,0.0,0.0,-0.0,-0.0,0.0,0.0,0.0,23.8125,0.0,0.0,0.0,26.4921875,0.0,0.0,0.0,26.109375,0.0,0.0,0.0,23.4296875,0.0,0.0,24.1953125,0.0,5.57183837890625
41.27,12.6151810764,0.0234375,-0.0078125,0.015748031496062992,0.0,0.0,-0.0,-0.0,0.0,0.0,0.0,23.8125,0.0,0.0,0.0,26.68359375,0.0,0.0,0.0,25.91796875,0.0,0.0,0.0,23.23828125,0.0,0.0,25.91796875,0.0,5.57183837890625
41.439,12.580626735600001,0.0234375,-0.0078125,0.015748031496062992,0.0,0.0,-0.0,-0.0,0.0,0.0,0.0,23.23828125,0.0,0.0,0.0,25.91796875,0.0,0.0,0.0,26.68359375,0.0,0.0,0.0,23.8125,0.0,0.0,24.9609375,0.0,5.57183837890625
41.612,12.6238196616,0.0234375,-0.0078125,0.015748031496062992,0.0,0.0,-0.0,-0.0,0.0,0.0,0.0,23.62109375,0.0,0.0,0.0,25.7265625,0.0,0.0,0.0,25.91796875,0.0,0.0,0.0,23.62109375,0.0,0.0,25.53515625,0.0,5.57183837890625
41.777,12.6238196616,0.0234375,-0.0078125,0.015748031496062992,0.0,0.0,-0.0,-0.0,0.0,0.0,0.0,24.00390625,0.0,0.0,0.0,25.7265625,0.0,0.0,0.0,26.875,0.0,0.0,0.0,23.62109375,0.0,0.0,25.15234375,0.0,5.5620574951171875
41.938,12.571988150400001,0.0234375,-0.0078125,0.015748031496062992,0.0,0.0,-0.0,-0.0,0.0,0.0,0.0,23.4296875,0.0,0.0,0.0,26.109375,0.0,0.0,0.0,25.7265625,0.0,0.0,0.0,23.8125,0.0,0.0,25.7265625,0.0,5.57183837890625
42.117,12.641096832,0.0234375,-0.0078125,0.015748031496062992,0.0,0.0,-0.0,-0.0,0.0,0.0,0.0,24.1953125,0.0,0.0,0.0,26.4921875,0.0,0.0,0.0,26.109375,0.0,0.0,0.0,23.62109375,0.0,0.0,25.53515625,0.0,5.57183837890625
42.277,12.6238196616,0.0234375,-0.0078125,0.015748031496062992,0.0,0.0,-0.0,-0.0,0.0,0.0,0.0,23.4296875,0.0,0.0,0.0,24.9609375,0.0,0.0,0.0,26.109375,0.0,0.0,0.0,23.62109375,0.0,0.0,25.91796875,0.0,5.57183837890625
42.438,12.597903906,0.0234375,-0.0078125,0.015748031496062992,0.0,0.0,-0.0,-0.0,0.0,0.0,0.0,23.8125,0.0,0.0,0.0,26.30078125,0.0,0.0,0.0,26.30078125,0.0,0.0,0.0,24.1953125,0.0,0.0,25.15234375,0.0,5.57183837890625
42.618,12.6497354172,0.0234375,-0.0078125,0.015748031496062992,0.0,0.0,-0.0,-0.0,0.0,0.0,0.0,23.8125,0.0,0.0,0.0,26.4921875,0.0,0.0,0.0,26.109375,0.0,0.0,0.0,24.1953125,0.0,0.0,25.34375,0.0,5.57183837890625
42.789,12.580626735600001,0.0234375,-0.0078125,0.015748031496062992,0.0,0.0,-0.0,-0.0,0.0,0.0,0.0,24.1953125,0.0,0.0,0.0,26.30078125,0.0,0.0,0.0,26.109375,0.0,0.0,0.0,23.4296875,0.0,0.0,25.7265625,0.0,5.57183837890625
42.95,12.6497354172,0.0234375,-0.0078125,0.015748031496062992,0.0,0.0,-0.0,-0.0,0.0,0.0,0.0,24.578125,0.0,0.0,0.0,26.30078125,0.0,0.0,0.0,26.4921875,0.0,0.0,0.0,23.4296875,0.0,0.0,24.76953125,0.0,5.57183837890625
43.11,12.6238196616,0.0234375,-0.0078125,0.015748031496062992,0.0,0.0,-0.0,-0.0,0.0,0.0,0.0,23.62109375,0.0,0.0,0.0,26.30078125,0.0,0.0,0.0,25.91796875,0.0,0.0,0.0,23.4296875,0.0,0.0,25.15234375,0.0,5.57183837890625
43.28,12.6324582468,0.0234375,-0.0078125,0.015748031496062992,0.0,0.0,-0.0,-0.0,0.0,0.0,0.0,23.62109375,0.0,0.0,0.0,25.7265625,0.0,0.0,0.0,26.109375,0.0,0.0,0.0,23.62109375,0.0,0.0,25.53515625,0.0,5.57183837890625
43.451,12.6497354172,0.0234375,-0.0078125,0.015748031496062992,0.0,0.0,-0.0,-0.0,0.0,0.0,0.0,22.85546875,0.0,0.0,0.0,26.68359375,0.0,0.0,0.0,26.4921875,0.0,0.0,0.0,23.8125,0.0,0.0,25.15234375,0.0,5.57183837890625
43.61,12.6065424912,0.0234375,-0.0078125,0.015748031496062992,0.0,0.0,-0.0,-0.0,0.0,0.0,0.0,23.23828125,0.0,0.0,0.0,26.30078125,0.0,0.0,0.0,26.109375,0.0,0.0,0.0,23.4296875,0.0,0.0,25.15234375,0.0,5.57183837890625
43.79,12.5892653208,0.0234375,-0.0078125,0.015748031496062992,0.0,0.0,-0.0,-0.0,0.0,0.0,0.0,23.8125,0.0,0.0,0.0,26.109375,0.0,0.0,0.0,26.30078125,0.0,0.0,0.0,23.8125,0.0,0.0,25.15234375,0.0,5.57183837890625
43.952,12.6497354172,0.0234375,-0.0078125,0.015748031496062992,0.0,0.0,-0.0,-0.0,0.0,0.0,0.0,23.8125,0.0,0.0,0.0,26.30078125,0.0,0.0,0.0,25.91796875,0.0,0.0,0.0,23.23828125,0.0,0.0,24.9609375,0.0,5.57183837890625
44.118,12.6497354172,0.0234375,-0.0078125,0.015748031496062992,0.0,0.0,-0.0,-0.0,0.0,0.0,0.0,23.62109375,0.0,0.0,0.0,26.4921875,0.0,0.0,0.0,26.4921875,0.0,0.0,0.0,24.578125,0.0,0.0,24.38671875,0.0,5.57183837890625
44.29,12.6238196616,0.0234375,-0.0078125,0.015748031496062992,0.0,0.0,-0.0,-0.0,0.0,0.0,0.0,23.8125,0.0,0.0,0.0,26.4921875,0.0,0.0,0.0,25.7265625,0.0,0.0,0.0,23.4296875,0.0,0.0,24.9609375,0.0,5.5816192626953125
44.451,12.641096832,0.0234375,-0.0078125,0.015748031496062992,0.0,0.0,-0.0,-0.0,0.0,0.0,0.0,23.62109375,0.0,0.0,0.0,26.30078125,0.0,0.0,0.0,26.30078125,0.0,0.0,0.0,23.62109375,0.0,0.0,25.15234375,0.0,5.5620574951171875
44.632,12.6324582468,0.0234375,-0.0078125,0.015748031496062992,0.0,0.0,-0.0,-0.0,0.0,0.0,0.0,23.62109375,0.0,0.0,0.0,26.109375,0.0,0.0,0.0,25.91796875,0.0,0.0,0.0,23.23828125,0.0,0.0,25.15234375,0.0,5.5620574951171875
44.799,12.6324582468,0.0234375,-0.0078125,0.015748031496062992,0.0,0.0,-0.0,-0.0,0.0,0.0,0.0,23.4296875,0.0,0.0,0.0,26.4921875,0.0,0.0,0.0,26.4921875,0.0,0.0,0.0,23.4296875,0.0,0.0,25.15234375,0.0,5.5620574951171875
44.97,12.6583740024,0.0234375,-0.0078125,0.015748031496062992,0.0,0.0,-0.0,-0.0,0.0,0.0,0.0,23.4296875,0.0,0.0,0.0,26.4921875,0.0,0.0,0.0,26.68359375,0.0,0.0,0.0,24.00390625,0.0,0.0,25.15234375,0.0,5.57183837890625
45.139,12.6324582468,0.0234375,-0.0078125,0.015748031496062992,0.0,0.0,-0.0,-0.0,0.0,0.0,0.0,22.85546875,0.0,0.0,0.0,26.109375,0.0,0.0,0.0,26.109375,0.0,0.0,0.0,23.23828125,0.0,0.0,25.91796875,0.0,5.57183837890625
45.312,12.6151810764,0.0234375,-0.0078125,0.015748031496062992,0.0,0.0,-0.0,-0.0,0.0,0.0,0.0,23.8125,0.0,0.0,0.0,26.30078125,0.0,0.0,0.0,26.30078125,0.0,0.0,0.0,23.8125,0.0,0.0,25.53515625,0.0,5.57183837890625
45.477,12.580626735600001,0.0234375,-0.0078125,0.015748031496062992,0.0,0.0,-0.0,-0.0,0.0,0.0,0.0,22.28125,0.0,0.0,0.0,26.875,0.0,0.0,0.0,26.109375,0.0,0.0,0.0,24.00390625,0.0,0.0,25.15234375,0.0,5.5620574951171875
45.631,12.6151810764,0.0234375,-0.0078125,0.015748031496062992,0.0,0.0,-0.0,-0.0,0.0,0.0,0.0,24.38671875,0.0,0.0,0.0,25.91796875,0.0,0.0,0.0,25.91796875,0.0,0.0,0.0,23.4296875,0.0,0.0,25.34375,0.0,5.57183837890625
45.799,12.6324582468,0.0234375,-0.0078125,0.015748031496062992,0.0,0.0,-0.0,-0.0,0.0,0.0,0.0,24.38671875,0.0,0.0,0.0,26.109375,0.0,0.0,0.0,25.53515625,0.0,0.0,0.0,23.62109375,0.0,0.0,25.91796875,0.0,5.57183837890625
45.971,12.6497354172,0.0234375,-0.0078125,0.015748031496062992,0.0,0.0,-0.0,-0.0,0.0,0.0,0.0,23.8125,0.0,0.0,0.0,27.06640625,0.0,0.0,0.0,26.4921875,0.0,0.0,0.0,24.1953125,0.0,0.0,25.7265625,0.0,5.57183837890625
46.139,12.6238196616,0.0234375,-0.0078125,0.015748031496062992,0.0,0.0,-0.0,-0.0,0.0,0.0,0.0,23.23828125,0.0,0.0,0.0,25.91796875,0.0,0.0,0.0,26.68359375,0.0,0.0,0.0,24.38671875,0.0,0.0,25.34375,0.0,5.57183837890625
46.312,12.5892653208,0.0234375,-0.0078125,0.015748031496062992,0.0,0.0,-0.0,-0.0,0.0,0.0,0.0,23.8125,0.0,0.0,0.0,25.91796875,0.0,0.0,0.0,26.109375,0.0,0.0,0.0,22.85546875,0.0,0.0,24.9609375,0.0,5.57183837890625
46.47,12.6497354172,0.0234375,-0.0078125,0.015748031496062992,0.0,0.0,-0.0,-0.0,0.0,0.0,0.0,24.00390625,0.0,0.0,0.0,25.53515625,0.0,0.0,0.0,26.30078125,0.0,0.0,0.0,23.4296875,0.0,0.0,25.7265625,0.0,5.5620574951171875
46.65,12.6238196616,0.0234375,-0.0078125,0.015748031496062992,0.0,0.0,-0.0,-0.0,0.0,0.0,0.0,23.62109375,0.0,0.0,0.0,26.4921875,0.0,0.0,0.0,25.91796875,0.0,0.0,0.0,23.8125,0.0,0.0,24.578125,0.0,5.57183837890625
46.836,12.6497354172,0.0234375,-0.0078125,0.015748031496062992,0.0,0.0,-0.0,-0.0,0.0,0.0,0.0,23.62109375,0.0,0.0,0.0,25.91796875,0.0,0.0,0.0,26.109375,0.0,0.0,0.0,23.62109375,0.0,0.0,25.7265625,0.0,5.57183837890625
46.996,12.5892653208,0.0234375,-0.0078125,0.015748031496062992,0.0,0.0,-0.0,-0.0,0.0,0.0,0.0,23.23828125,0.0,0.0,0.0,26.109375,0.0,0.0,0.0,26.109375,0.0,0.0,0.0,23.62109375,0.0,0.0,25.34375,0.0,5.5620574951171875
47.171,12.6497354172,0.0234375,-0.0078125,0.015748031496062992,0.0,0.0,-0.0,-0.0,0.0,0.0,0.0,24.1953125,0.0,0.0,0.0,26.109375,0.0,0.0,0.0,26.109375,0.0,0.0,0.0,23.62109375,0.0,0.0,25.34375,0.0,5.57183837890625
47.337,12.6497354172,0.0234375,-0.0078125,0.015748031496062992,0.0,0.0,-0.0,-0.0,0.0,0.0,0.0,23.4296875,0.0,0.0,0.0,26.30078125,0.0,0.0,0.0,26.109375,0.0,0.0,0.0,24.00390625,0.0,0.0,24.76953125,0.0,5.57183837890625
47.498,12.6238196616,0.0234375,-0.0078125,0.015748031496062992,0.0,0.0,-0.0,-0.0,0.0,0.0,0.0,23.4296875,0.0,0.0,0.0,26.68359375,0.0,0.0,0.0,25.7265625,0.0,0.0,0.0,23.62109375,0.0,0.0,25.15234375,0.0,5.5620574951171875
47.659,12.6151810764,0.0234375,-0.0078125,0.015748031496062992,0.0,0.0,-0.0,-0.0,0.0,0.0,0.0,23.4296875,0.0,0.0,0.0,26.4921875,0.0,0.0,0.0,25.91796875,0.0,0.0,0.0,23.4296875,0.0,0.0,24.578125,0.0,5.57183837890625
47.831,12.597903906,0.0234375,-0.0078125,0.015748031496062992,0.0,0.0,-0.0,-0.0,0.0,0.0,0.0,23.4296875,0.0,0.0,0.0,26.30078125,0.0,0.0,0.0,26.30078125,0.0,0.0,0.0,24.1953125,0.0,0.0,25.15234375,0.0,5.57183837890625
47.992,12.580626735600001,0.0234375,-0.0078125,0.015748031496062992,0.0,0.0,-0.0,-0.0,0.0,0.0,0.0,23.62109375,0.0,0.0,0.0,26.30078125,0.0,0.0,0.0,26.4921875,0.0,0.0,0.0,24.1953125,0.0,0.0,25.53515625,0.0,5.57183837890625
48.151,12.6151810764,0.0234375,-0.0078125,0.015748031496062992,0.0,0.0,-0.0,-0.0,0.0,0.0,0.0,24.1953125,0.0,0.0,0.0,26.109375,0.0,0.0,0.0,25.91796875,0.0,0.0,0.0,23.8125,0.0,0.0,25.53515625,0.0,5.57183837890625
48.319,12.6324582468,0.0234375,-0.0078125,0.015748031496062992,0.0,0.0,-0.0,-0.0,0.0,0.0,0.0,24.1953125,0.0,0.0,0.0,26.875,0.0,0.0,0.0,25.91796875,0.0,0.0,0.0,23.23828125,0.0,0.0,25.15234375,0.0,5.57183837890625
48.499,12.6238196616,0.0234375,-0.0078125,0.015748031496062992,0.0,0.0,-0.0,-0.0,0.0,0.0,0.0,23.8125,0.0,0.0,0.0,25.91796875,0.0,0.0,0.0,25.91796875,0.0,0.0,0.0,23.23828125,0.0,0.0,25.34375,0.0,5.57183837890625
48.671,12.6497354172,0.0234375,-0.0078125,0.015748031496062992,0.0,0.0,-0.0,-0.0,0.0,0.0,0.0,23.4296875,0.0,0.0,0.0,26.30078125,0.0,0.0,0.0,25.91796875,0.0,0.0,0.0,24.1953125,0.0,0.0,24.9609375,0.0,5.5816192626953125
48.83,12.597903906,0.0234375,-0.0078125,0.015748031496062992,0.0,0.0,-0.0,-0.0,0.0,0.0,0.0,23.23828125,0.0,0.0,0.0,26.30078125,0.0,0.0,0.0,25.7265625,0.0,0.0,0.0,23.8125,0.0,0.0,25.91796875,0.0,5.57183837890625
48.991,12.6324582468,0.0234375,-0.0078125,0.015748031496062992,0.0,0.0,-0.0,-0.0,0.0,0.0,0.0,24.38671875,0.0,0.0,0.0,26.4921875,0.0,0.0,0.0,26.30078125,0.0,0.0,0.0,23.62109375,0.0,0.0,25.34375,0.0,5.57183837890625
49.17,12.6324582468,0.0234375,-0.0078125,0.015748031496062992,0.0,0.0,-0.0,-0.0,0.0,0.0,0.0,24.38671875,0.0,0.0,0.0,26.4921875,0.0,0.0,0.0,25.7265625,0.0,0.0,0.0,24.00390625,0.0,0.0,25.34375,0.0,5.57183837890625
49.336,12.641096832,0.0234375,-0.0078125,0.015748031496062992,0.0,0.0,-0.0,-0.0,0.0,0.0,0.0,23.8125,0.0,0.0,0.0,26.30078125,0.0,0.0,0.0,26.4921875,0.0,0.0,0.0,23.23828125,0.0,0.0,25.34375,0.0,5.57183837890625
49.509,12.6324582468,0.0234375,-0.0078125,0.015748031496062992,0.0,0.0,-0.0,-0.0,0.0,0.0,0.0,24.1953125,0.0,0.0,0.0,26.30078125,0.0,0.0,0.0,25.7265625,0.0,0.0,0.0,23.4296875,0.0,0.0,25.15234375,0.0,5.5620574951171875
49.671,12.6497354172,0.0234375,-0.0078125,0.015748031496062992,0.0,0.0,-0.0,-0.0,0.0,0.0,0.0,23.8125,0.0,0.0,0.0,25.91796875,0.0,0.0,0.0,26.109375,0.0,0.0,0.0,23.4296875,0.0,0.0,25.34375,0.0,5.5620574951171875
49.859,12.6238196616,0.0234375,-0.0078125,0.015748031496062992,0.0,0.0,-0.0,-0.0,0.0,0.0,0.0,23.62109375,0.0,0.0,0.0,26.109375,0.0,0.0,0.0,26.4921875,0.0,0.0,0.0,24.00390625,0.0,0.0,25.15234375,0.0,5.57183837890625
50.031,12.580626735600001,0.0234375,-0.0078125,0.015748031496062992,0.0,0.0,-0.0,-0.0,0.0,0.0,0.0,23.046875,0.0,0.0,0.0,26.109375,0.0,0.0,0.0,25.53515625,0.0,0.0,0.0,23.8125,0.0,0.0,25.34375,0.0,5.5816192626953125
50.208,12.6497354172,0.0234375,-0.0078125,0.015748031496062992,0.0,0.0,-0.0,-0.0,0.0,0.0,0.0,22.85546875,0.0,0.0,0.0,26.109375,0.0,0.0,0.0,25.91796875,0.0,0.0,0.0,23.62109375,0.0,0.0,25.15234375,0.0,5.5620574951171875
50.372,12.641096832,0.0234375,-0.0078125,0.015748031496062992,0.0,0.0,-0.0,-0.0,0.0,0.0,0.0,23.8125,0.0,0.0,0.0,26.4921875,0.0,0.0,0.0,25.91796875,0.0,0.0,0.0,23.8125,0.0,0.0,25.34375,0.0,5.57183837890625
50.552,12.6238196616,0.0234375,-0.0078125,0.015748031496062992,0.0,0.0,-0.0,-0.0,0.0,0.0,0.0,22.85546875,0.0,0.0,0.0,26.4921875,0.0,0.0,0.0,26.875,0.0,0.0,0.0,23.62109375,0.0,0.0,25.15234375,0.0,5.57183837890625
50.718,12.597903906,0.0234375,-0.0078125,0.015748031496062992,0.0,0.0,-0.0,-0.0,0.0,0.0,0.0,23.4296875,0.0,0.0,0.0,26.109375,0.0,0.0,0.0,26.30078125,0.0,0.0,0.0,24.1953125,0.0,0.0,26.109375,0.0,5.57183837890625
50.89,12.6238196616,0.0234375,-0.0078125,0.015748031496062992,0.0,0.0,-0.0,-0.0,0.0,0.0,0.0,23.8125,0.0,0.0,0.0,26.4921875,0.0,0.0,0.0,25.91796875,0.0,0.0,0.0,23.8125,0.0,0.0,24.9609375,0.0,5.57183837890625
51.05,12.5892653208,0.0234375,-0.0078125,0.015748031496062992,0.0,0.0,-0.0,-0.0,0.0,0.0,0.0,23.046875,0.0,0.0,0.0,25.91796875,0.0,0.0,0.0,25.91796875,0.0,0.0,0.0,23.4296875,0.0,0.0,24.9609375,0.0,5.57183837890625
51.218,12.6151810764,0.0234375,-0.0078125,0.015748031496062992,0.0,0.0,-0.0,-0.0,0.0,0.0,0.0,23.4296875,0.0,0.0,0.0,26.109375,0.0,0.0,0.0,26.68359375,0.0,0.0,0.0,23.8125,0.0,0.0,24.9609375,0.0,5.57183837890625
51.378,12.6497354172,0.0234375,-0.0078125,0.015748031496062992,0.0,0.0,-0.0,-0.0,0.0,0.0,0.0,23.046875,0.0,0.0,0.0,27.2578125,0.0,0.0,0.0,26.109375,0.0,0.0,0.0,23.8125,0.0,0.0,24.38671875,0.0,5.57183837890625
51.549,12.580626735600001,0.0234375,-0.0078125,0.015748031496062992,0.0,0.0,-0.0,-0.0,0.0,0.0,0.0,23.4296875,0.0,0.0,0.0,26.30078125,0.0,0.0,0.0,25.7265625,0.0,0.0,0.0,24.1953125,0.0,0.0,24.9609375,0.0,5.57183837890625
51.711,12.641096832,0.0234375,-0.0078125,0.015748031496062992,0.0,0.0,-0.0,-0.0,0.0,0.0,0.0,23.4296875,0.0,0.0,0.0,26.30078125,0.0,0.0,0.0,26.109375,0.0,0.0,0.0,23.62109375,0.0,0.0,25.53515625,0.0,5.5816192626953125
51.879,12.641096832,0.0234375,-0.0078125,0.015748031496062992,0.0,0.0,-0.0,-0.0,0.0,0.0,0.0,24.76953125,0.0,0.0,0.0,25.91796875,0.0,0.0,0.0,25.7265625,0.0,0.0,0.0,23.8125,0.0,0.0,25.15234375,0.0,5.57183837890625
52.051,12.6151810764,0.0234375,-0.0078125,0.015748031496062992,0.0,0.0,-0.0,-0.0,0.0,0.0,0.0,23.4296875,0.0,0.0,0.0,26.109375,0.0,0.0,0.0,26.30078125,0.0,0.0,0.0,23.8125,0.0,0.0,25.15234375,0.0,5.5816192626953125
52.199,12.6497354172,0.0234375,-0.0078125,0.015748031496062992,0.0,0.0,-0.0,-0.0,0.0,0.0,0.0,24.76953125,0.0,0.0,0.0,26.68359375,0.0,0.0,0.0,26.109375,0.0,0.0,0.0,24.1953125,0.0,0.0,25.91796875,0.0,5.57183837890625
52.38,12.6238196616,0.0234375,-0.0078125,0.015748031496062992,0.0,0.0,-0.0,-0.0,0.0,0.0,0.0,24.38671875,0.0,0.0,0.0,26.109375,0.0,0.0,0.0,25.91796875,0.0,0.0,0.0,23.62109375,0.0,0.0,25.34375,0.0,5.57183837890625
52.558,12.597903906,0.0234375,-0.0078125,0.015748031496062992,0.0,0.0,-0.0,-0.0,0.0,0.0,0.0,23.046875,0.0,0.0,0.0,26.4921875,0.0,0.0,0.0,25.7265625,0.0,0.0,0.0,23.62109375,0.0,0.0,25.15234375,0.0,5.57183837890625
52.73,12.571988150400001,0.0234375,-0.0078125,0.015748031496062992,0.0,0.0,-0.0,-0.0,0.0,0.0,0.0,23.23828125,0.0,0.0,0.0,26.109375,0.0,0.0,0.0,26.4921875,0.0,0.0,0.0,23.62109375,0.0,0.0,25.53515625,0.0,5.57183837890625
52.908,12.6497354172,0.0234375,-0.0078125,0.015748031496062992,0.0,0.0,-0.0,-0.0,0.0,0.0,0.0,23.4296875,0.0,0.0,0.0,26.109375,0.0,0.0,0.0,26.30078125,0.0,0.0,0.0,24.38671875,0.0,0.0,25.34375,0.0,5.57183837890625
53.07,12.6065424912,0.0234375,-0.0078125,0.015748031496062992,0.0,0.0,-0.0,-0.0,0.0,0.0,0.0,23.8125,0.0,0.0,0.0,26.68359375,0.0,0.0,0.0,26.109375,0.0,0.0,0.0,23.4296875,0.0,0.0,25.91796875,0.0,5.57183837890625
53.236,12.571988150400001,0.0234375,-0.0078125,0.015748031496062992,0.0,0.0,-0.0,-0.0,0.0,0.0,0.0,23.8125,0.0,0.0,0.0,26.68359375,0.0,0.0,0.0,25.91796875,0.0,0.0,0.0,23.8125,0.0,0.0,25.15234375,0.0,5.57183837890625
53.408,12.5892653208,0.0234375,-0.0078125,0.015748031496062992,0.0,0.0,-0.0,-0.0,0.0,0.0,0.0,23.8125,0.0,0.0,0.0,26.109375,0.0,0.0,0.0,26.30078125,0.0,0.0,0.0,23.62109375,0.0,0.0,25.15234375,0.0,5.57183837890625
53.569,12.6497354172,0.0234375,-0.0078125,0.015748031496062992,0.0,0.0,-0.0,-0.0,0.0,0.0,0.0,22.85546875,0.0,0.0,0.0,26.4921875,0.0,0.0,0.0,26.68359375,0.0,0.0,0.0,23.62109375,0.0,0.0,25.7265625,0.0,5.57183837890625
53.73,12.580626735600001,0.0234375,-0.0078125,0.015748031496062992,0.0,0.0,-0.0,-0.0,0.0,0.0,0.0,23.8125,0.0,0.0,0.0,26.30078125,0.0,0.0,0.0,26.109375,0.0,0.0,0.0,23.046875,0.0,0.0,25.15234375,0.0,5.5620574951171875
53.892,12.641096832,0.0234375,-0.0078125,0.015748031496062992,0.0,0.0,-0.0,-0.0,0.0,0.0,0.0,23.046875,0.0,0.0,0.0,26.30078125,0.0,0.0,0.0,26.109375,0.0,0.0,0.0,23.62109375,0.0,0.0,26.4921875,0.0,5.5620574951171875
54.06,12.641096832,0.0234375,-0.0078125,0.015748031496062992,0.0,0.0,-0.0,-0.0,0.0,0.0,0.0,23.4296875,0.0,0.0,0.0,26.30078125,0.0,0.0,0.0,25.91796875,0.0,0.0,0.0,23.8125,0.0,0.0,26.30078125,0.0,5.57183837890625
54.231,12.6324582468,0.0234375,-0.0078125,0.015748031496062992,0.0,0.0,-0.0,-0.0,0.0,0.0,0.0,23.62109375,0.0,0.0,0.0,26.109375,0.0,0.0,0.0,26.109375,0.0,0.0,0.0,23.62109375,0.0,0.0,24.9609375,0.0,5.57183837890625
54.396,12.6065424912,0.0234375,-0.0078125,0.015748031496062992,0.0,0.0,-0.0,-0.0,0.0,0.0,0.0,23.8125,0.0,0.0,0.0,25.91796875,0.0,0.0,0.0,26.4921875,0.0,0.0,0.0,23.8125,0.0,0.0,25.15234375,0.0,5.57183837890625
54.57,12.641096832,0.0234375,-0.0078125,0.015748031496062992,0.0,0.0,-0.0,-0.0,0.0,0.0,0.0,23.62109375,0.0,0.0,0.0,26.68359375,0.0,0.0,0.0,26.30078125,0.0,0.0,0.0,24.00390625,0.0,0.0,25.7265625,0.0,5.57183837890625
54.73,12.571988150400001,0.0234375,-0.0078125,0.015748031496062992,0.0,0.0,-0.0,-0.0,0.0,0.0,0.0,24.1953125,0.0,0.0,0.0,26.109375,0.0,0.0,0.0,25.91796875,0.0,0.0,0.0,24.00390625,0.0,0.0,25.7265625,0.0,5.57183837890625
54.896,12.641096832,0.0234375,-0.0078125,0.015748031496062992,0.0,0.0,-0.0,-0.0,0.0,0.0,0.0,23.8125,0.0,0.0,0.0,26.4921875,0.0,0.0,0.0,26.4921875,0.0,0.0,0.0,23.8125,0.0,0.0,24.76953125,0.0,5.57183837890625
55.07,12.6151810764,0.0234375,-0.0078125,0.015748031496062992,0.0,0.0,-0.0,-0.0,0.0,0.0,0.0,23.62109375,0.0,0.0,0.0,24.9609375,0.0,0.0,0.0,26.875,0.0,0.0,0.0,23.62109375,0.0,0.0,24.9609375,0.0,5.57183837890625
55.234,12.6497354172,0.0234375,-0.0078125,0.015748031496062992,0.0,0.0,-0.0,-0.0,0.0,0.0,0.0,23.23828125,0.0,0.0,0.0,26.4921875,0.0,0.0,0.0,26.4921875,0.0,0.0,0.0,23.8125,0.0,0.0,26.109375,0.0,5.57183837890625
55.4,12.6065424912,0.0234375,-0.0078125,0.015748031496062992,0.0,0.0,-0.0,-0.0,0.0,0.0,0.0,23.62109375,0.0,0.0,0.0,25.91796875,0.0,0.0,0.0,26.30078125,0.0,0.0,0.0,24.1953125,0.0,0.0,25.53515625,0.0,5.5816192626953125
55.571,12.6151810764,0.0234375,-0.0078125,0.015748031496062992,0.0,0.0,-0.0,-0.0,0.0,0.0,0.0,23.8125,0.0,0.0,0.0,26.30078125,0.0,0.0,0.0,26.68359375,0.0,0.0,0.0,23.4296875,0.0,0.0,25.15234375,0.0,5.57183837890625
55.736,12.571988150400001,0.0234375,-0.0078125,0.015748031496062992,0.0,0.0,-0.0,-0.0,0.0,0.0,0.0,23.4296875,0.0,0.0,0.0,26.30078125,0.0,0.0,0.0,25.91796875,0.0,0.0,0.0,23.62109375,0.0,0.0,26.30078125,0.0,5.57183837890625
55.938,12.6238196616,0.0234375,-0.0078125,0.015748031496062992,0.0,0.0,-0.0,-0.0,0.0,0.0,0.0,23.62109375,0.0,0.0,0.0,26.68359375,0.0,0.0,0.0,26.109375,0.0,0.0,0.0,24.1953125,0.0,0.0,25.34375,0.0,5.5620574951171875
56.101,12.6324582468,0.0234375,-0.0078125,0.015748031496062992,0.0,0.0,-0.0,-0.0,0.0,0.0,0.0,23.23828125,0.0,0.0,0.0,26.4921875,0.0,0.0,0.0,26.30078125,0.0,0.0,0.0,23.62109375,0.0,0.0,25.53515625,0.0,5.5620574951171875
56.278,12.6238196616,0.0234375,-0.0078125,0.015748031496062992,0.0,0.0,-0.0,-0.0,0.0,0.0,0.0,23.62109375,0.0,0.0,0.0,26.875,0.0,0.0,0.0,25.91796875,0.0,0.0,0.0,24.38671875,0.0,0.0,24.38671875,0.0,5.57183837890625
56.45,12.580626735600001,0.0234375,-0.0078125,0.015748031496062992,0.0,0.0,-0.0,-0.0,0.0,0.0,0.0,24.1953125,0.0,0.0,0.0,25.91796875,0.0,0.0,0.0,26.4921875,0.0,0.0,0.0,24.1953125,0.0,0.0,24.9609375,0.0,5.57183837890625
56.629,12.6324582468,0.0234375,-0.0078125,0.015748031496062992,0.0,0.0,-0.0,-0.0,0.0,0.0,0.0,23.62109375,0.0,0.0,0.0,27.06640625,0.0,0.0,0.0,26.30078125,0.0,0.0,0.0,23.8125,0.0,0.0,25.34375,0.0,5.5620574951171875
56.799,12.641096832,0.0234375,-0.0078125,0.015748031496062992,0.0,0.0,-0.0,-0.0,0.0,0.0,0.0,23.62109375,0.0,0.0,0.0,26.109375,0.0,0.0,0.0,26.109375,0.0,0.0,0.0,23.8125,0.0,0.0,26.30078125,0.0,5.57183837890625
56.98,12.571988150400001,0.0234375,-0.0078125,0.015748031496062992,0.0,0.0,-0.0,-0.0,0.0,0.0,0.0,23.62109375,0.0,0.0,0.0,26.109375,0.0,0.0,0.0,26.109375,0.0,0.0,0.0,24.38671875,0.0,0.0,25.53515625,0.0,5.5620574951171875
57.15,12.5892653208,0.0234375,-0.0078125,0.015748031496062992,0.0,0.0,-0.0,-0.0,0.0,0.0,0.0,24.1953125,0.0,0.0,0.0,26.30078125,0.0,0.0,0.0,26.68359375,0.0,0.0,0.0,23.62109375,0.0,0.0,24.1953125,0.0,5.57183837890625
57.308,12.6238196616,0.0234375,-0.0078125,0.015748031496062992,0.0,0.0,-0.0,-0.0,0.0,0.0,0.0,23.046875,0.0,0.0,0.0,26.68359375,0.0,0.0,0.0,25.91796875,0.0,0.0,0.0,24.1953125,0.0,0.0,25.34375,0.0,5.57183837890625
57.47,12.5892653208,0.0234375,-0.0078125,0.015748031496062992,0.0,0.0,-0.0,-0.0,0.0,0.0,0.0,23.8125,0.0,0.0,0.0,25.91796875,0.0,0.0,0.0,26.68359375,0.0,0.0,0.0,24.00390625,0.0,0.0,25.34375,0.0,5.57183837890625
57.632,12.8657000472,0.0234375,-0.0078125,0.015748031496062992,0.0,0.0,-0.0,-0.0,0.0,0.0,0.0,24.1953125,0.0,0.0,0.0,26.109375,0.0,0.0,0.0,25.7265625,0.0,0.0,0.0,24.578125,0.0,0.0,25.15234375,0.0,5.57183837890625
57.789,12.900254388,0.0234375,-0.0078125,0.015748031496062992,0.0,0.0,-0.0,-0.0,0.0,0.0,0.0,22.6640625,0.0,0.0,0.0,25.91796875,0.0,0.0,0.0,26.109375,0.0,0.0,0.0,23.4296875,0.0,0.0,24.578125,0.0,5.57183837890625
57.95,12.9088929732,0.0234375,-0.0078125,0.015748031496062992,0.0,0.0,-0.0,-0.0,0.0,0.0,0.0,23.8125,0.0,0.0,0.0,25.53515625,0.0,0.0,0.0,26.4921875,0.0,0.0,0.0,24.1953125,0.0,0.0,25.34375,0.0,5.5620574951171875
58.11,12.9175315584,0.0234375,-0.0078125,0.015748031496062992,0.0,0.0,-0.0,-0.0,0.0,0.0,0.0,22.28125,0.0,0.0,0.0,26.4921875,0.0,0.0,0.0,26.30078125,0.0,0.0,0.0,24.00390625,0.0,0.0,25.34375,0.0,5.57183837890625
58.277,12.9261701436,0.0234375,-0.0078125,0.015748031496062992,0.0,0.0,-0.0,-0.0,0.0,0.0,0.0,23.23828125,0.0,0.0,0.0,26.68359375,0.0,0.0,0.0,26.4921875,0.0,0.0,0.0,23.62109375,0.0,0.0,25.53515625,0.0,5.5620574951171875
58.45,12.9348087288,0.0234375,-0.0078125,0.015748031496062992,0.0,0.0,-0.0,-0.0,0.0,0.0,0.0,23.4296875,0.0,0.0,0.0,26.4921875,0.0,0.0,0.0,26.109375,0.0,0.0,0.0,24.1953125,0.0,0.0,25.7265625,0.0,5.57183837890625
58.61,12.943447314,0.0234375,-0.0078125,0.015748031496062992,0.0,0.0,-0.0,-0.0,0.0,0.0,0.0,23.62109375,0.0,0.0,0.0,26.30078125,0.0,0.0,0.0,26.109375,0.0,0.0,0.0,24.00390625,0.0,0.0,25.34375,0.0,5.57183837890625
58.779,12.943447314,0.0234375,-0.0078125,0.015748031496062992,0.0,0.0,-0.0,-0.0,0.0,0.0,0.0,23.62109375,0.0,0.0,0.0,26.4921875,0.0,0.0,0.0,26.68359375,0.0,0.0,0.0,23.8125,0.0,0.0,25.15234375,0.0,5.57183837890625
58.97,12.9520858992,0.0234375,-0.0078125,0.015748031496062992,0.0,0.0,-0.0,-0.0,0.0,0.0,0.0,23.8125,0.0,0.0,0.0,26.4921875,0.0,0.0,0.0,26.4921875,0.0,0.0,0.0,23.62109375,0.0,0.0,25.53515625,0.0,5.57183837890625
59.131,12.9520858992,0.0234375,-0.0078125,0.015748031496062992,0.0,0.0,-0.0,-0.0,0.0,0.0,0.0,23.8125,0.0,0.0,0.0,26.4921875,0.0,0.0,0.0,26.109375,0.0,0.0,0.0,23.23828125,0.0,0.0,24.9609375,0.0,5.57183837890625
