Timestamp,Driver_Joy_Y,Driver_Joy_X,Driver_Joy_W,Mecanum_FL,Mecanum_BL,Mecanum_BR,Mecanum_FR,FL_Jag_Speed,FL_Out_Voltage,FL_Out_Current,FL_Temp,BL_Jag_Speed,BL_Out_Voltage,BL_Out_Current,BL_Temp,BR_Jag_Speed,BR_Out_Voltage,BR_Out_Current,BR_Temp,FR_Jag_Speed,FR_Out_Voltage,FR_Out_Current,FR_Temp,Pickup_Out_Voltage,Pickup_Out_Current,Pickup_Temp,SH1_Out_Voltage,SH1_Out_Current,SH1_Temp,SH2_Out_Voltage,SH2_Out_Current,SH2_Temp,SHmain_Speed,SHmain_Angle
0.0060,0.0078125,0.015748031496062992,0.0,0.0,0.0,0.0,0.0,0.0,0.0,0.0,25.91796875,0.0,0.0,0.0,28.0234375,0.0,0.0,0.0,27.83203125,0.0,0.0,0.0,26.30078125,0.0,0.0,27.83203125,0.0,5.483856201171875
0.177,0.0078125,0.015748031496062992,0.0,0.0,0.0,-0.0,-0.0,0.0,0.0,0.0,25.91796875,0.0,0.0,0.0,28.40625,0.0,0.0,0.0,27.640625,0.0,0.0,0.0,26.30078125,0.0,0.0,25.91796875,0.0,5.4643096923828125
0.338,0.0078125,0.015748031496062992,0.0,0.0,0.0,-0.0,-0.0,0.0,0.0,0.0,27.2578125,0.0,0.0,0.0,27.83203125,0.0,0.0,0.0,28.0234375,0.0,0.0,0.0,26.30078125,0.0,0.0,27.2578125,0.0,5.474090576171875
0.517,0.0078125,0.015748031496062992,0.0,0.0,0.0,-0.0,-0.0,0.0,0.0,0.0,25.53515625,0.0,0.0,0.0,26.875,0.0,0.0,0.0,28.21484375,0.0,0.0,0.0,26.30078125,0.0,0.0,26.30078125,0.0,5.483856201171875
0.678,0.0078125,0.015748031496062992,0.0,0.0,0.0,-0.0,-0.0,0.0,0.0,0.0,26.4921875,0.0,0.0,0.0,28.7890625,0.0,0.0,0.0,28.21484375,0.0,0.0,0.0,26.30078125,0.0,0.0,27.2578125,0.0,5.483856201171875
0.847,0.0078125,0.015748031496062992,0.0,0.0,0.0,-0.0,-0.0,0.0,0.0,0.0,26.109375,0.0,0.0,0.0,28.40625,0.0,0.0,0.0,28.40625,0.0,0.0,0.0,26.109375,0.0,0.0,27.2578125,0.0,5.474090576171875
1.005,0.0078125,0.015748031496062992,0.0,0.0,0.0,-0.0,-0.0,0.0,0.0,0.0,27.640625,0.0,0.0,0.0,28.59765625,0.0,0.0,0.0,28.0234375,0.0,0.0,0.0,25.91796875,0.0,0.0,27.44921875,0.0,5.483856201171875
1.177,0.0078125,0.015748031496062992,0.0,0.0,0.0,-0.0,-0.0,0.0,0.0,0.0,26.4921875,0.0,0.0,0.0,28.0234375,0.0,0.0,0.0,27.83203125,0.0,0.0,0.0,26.30078125,0.0,0.0,28.21484375,0.0,5.483856201171875
1.336,0.0078125,0.015748031496062992,0.0,0.0,0.0,-0.0,-0.0,0.0,0.0,0.0,25.15234375,0.0,0.0,0.0,28.40625,0.0,0.0,0.0,28.0234375,0.0,0.0,0.0,25.91796875,0.0,0.0,27.44921875,0.0,5.474090576171875
1.507,0.0078125,0.015748031496062992,0.0,0.0,0.0,-0.0,-0.0,0.0,0.0,0.0,26.4921875,0.0,0.0,0.0,28.40625,0.0,0.0,0.0,28.98046875,0.0,0.0,0.0,26.4921875,0.0,0.0,27.06640625,0.0,5.474090576171875
1.666,0.0078125,0.015748031496062992,0.0,0.0,0.0,-0.0,-0.0,0.0,0.0,0.0,25.53515625,0.0,0.0,0.0,28.59765625,0.0,0.0,0.0,27.83203125,0.0,0.0,0.0,26.875,0.0,0.0,26.875,0.0,5.474090576171875
1.827,0.0078125,0.015748031496062992,0.0,0.0,0.0,-0.0,-0.0,0.0,0.0,0.0,26.875,0.0,0.0,0.0,27.83203125,0.0,0.0,0.0,28.21484375,0.0,0.0,0.0,26.109375,0.0,0.0,28.0234375,0.0,5.474090576171875
1.998,0.0078125,0.015748031496062992,0.0,0.0,0.0,-0.0,-0.0,0.0,0.0,0.0,25.91796875,0.0,0.0,0.0,28.0234375,0.0,0.0,0.0,28.0234375,0.0,0.0,0.0,25.7265625,0.0,0.0,27.83203125,0.0,5.474090576171875
2.164,0.0078125,0.015748031496062992,0.0,0.0,0.0,-0.0,-0.0,0.0,0.0,0.0,25.7265625,0.0,0.0,0.0,28.59765625,0.0,0.0,0.0,28.21484375,0.0,0.0,0.0,25.7265625,0.0,0.0,28.7890625,0.0,5.474090576171875
2.335,0.0078125,0.015748031496062992,0.0,0.0,0.0,-0.0,-0.0,0.0,0.0,0.0,25.7265625,0.0,0.0,0.0,28.21484375,0.0,0.0,0.0,28.7890625,0.0,0.0,0.0,26.30078125,0.0,0.0,27.44921875,0.0,5.483856201171875
2.499,0.0078125,0.015748031496062992,0.0,0.0,0.0,-0.0,-0.0,0.0,0.0,0.0,26.109375,0.0,0.0,0.0,28.7890625,0.0,0.0,0.0,28.59765625,0.0,0.0,0.0,26.109375,0.0,0.0,26.30078125,0.0,5.474090576171875
2.66,0.0078125,0.015748031496062992,0.0,0.0,0.0,-0.0,-0.0,0.0,0.0,0.0,26.30078125,0.0,0.0,0.0,28.21484375,0.0,0.0,0.0,28.21484375,0.0,0.0,0.0,25.91796875,0.0,0.0,27.640625,0.0,5.474090576171875
2.817,0.0078125,0.015748031496062992,0.0,0.0,0.0,-0.0,-0.0,0.0,0.0,0.0,26.68359375,0.0,0.0,0.0,28.59765625,0.0,0.0,0.0,28.0234375,0.0,0.0,0.0,25.7265625,0.0,0.0,26.4921875,0.0,5.483856201171875
2.979,0.0078125,0.015748031496062992,0.0,0.0,0.0,-0.0,-0.0,0.0,0.0,0.0,24.578125,0.0,0.0,0.0,28.40625,0.0,0.0,0.0,28.40625,0.0,0.0,0.0,26.68359375,0.0,0.0,27.44921875,0.0,5.474090576171875
3.137,0.0078125,0.015748031496062992,0.0,0.0,0.0,-0.0,-0.0,0.0,0.0,0.0,25.91796875,0.0,0.0,0.0,29.171875,0.0,0.0,0.0,28.40625,0.0,0.0,0.0,26.109375,0.0,0.0,27.2578125,0.0,5.474090576171875
3.298,0.0078125,0.015748031496062992,0.0,0.0,0.0,-0.0,-0.0,0.0,0.0,0.0,26.30078125,0.0,0.0,0.0,28.7890625,0.0,0.0,0.0,28.21484375,0.0,0.0,0.0,25.91796875,0.0,0.0,27.640625,0.0,5.474090576171875
3.459,0.0078125,0.015748031496062992,0.0,0.0,0.0,-0.0,-0.0,0.0,0.0,0.0,26.4921875,0.0,0.0,0.0,28.21484375,0.0,0.0,0.0,27.83203125,0.0,0.0,0.0,25.91796875,0.0,0.0,27.640625,0.0,5.483856201171875
3.625,0.0078125,0.015748031496062992,0.0,0.0,0.0,-0.0,-0.0,0.0,0.0,0.0,26.30078125,0.0,0.0,0.0,28.7890625,0.0,0.0,0.0,28.21484375,0.0,0.0,0.0,26.30078125,0.0,0.0,26.30078125,0.0,5.483856201171875
3.786,0.0078125,0.015748031496062992,-0.28125,0.0,0.0,-0.0,-0.0,0.0,0.0,0.0,26.30078125,0.0,0.0,0.0,28.0234375,0.0,0.0,0.0,27.640625,0.0,0.0,0.0,26.109375,0.0,0.0,28.0234375,0.0,5.542510986328125
3.978,0.0078125,0.015748031496062992,-0.703125,-0.09875,-0.40125,-0.40125,-0.09875,0.0,-1.1796875,8.21484375,26.4921875,0.0,-4.5703125,17.01171875,27.83203125,-23.901870727539062,-4.54296875,25.28515625,28.21484375,0.0,-1.1640625,1.6484375,26.109375,0.0,0.0,27.2578125,0.0,5.44476318359375
4.162,0.0078125,0.015748031496062992,-0.703125,-0.13886718750000004,-0.5642578125,-0.5642578125,-0.13886718750000004,0.0,-1.6171875,6.76953125,25.91796875,0.0,-6.2109375,20.42578125,28.40625,-87.70527648925781,-6.0703125,24.49609375,27.83203125,0.0,-1.640625,3.6171875,26.109375,0.0,0.0,27.2578125,0.0,5.5229644775390625
4.34,0.0078125,0.015748031496062992,-0.640625,-0.13886718750000004,-0.5642578125,-0.5642578125,-0.13886718750000004,-4.36016845703125,-1.62109375,6.640625,25.91796875,0.0,-6.23046875,17.66796875,28.40625,-146.124267578125,-6.4296875,15.56640625,28.0234375,0.0,-1.6484375,3.2265625,26.109375,0.0,0.0,27.06640625,0.0,5.474090576171875
4.52,0.0078125,0.015748031496062992,-0.421875,-0.11880859375000002,-0.48275390625,-0.48275390625,-0.11880859375000002,6.433624267578125,-1.4140625,5.32421875,25.7265625,0.0,-5.6875,10.7109375,28.59765625,-151.574951171875,-5.62109375,15.9609375,28.21484375,0.0,-1.4296875,1.25390625,26.4921875,0.0,0.0,27.06640625,0.0,5.474090576171875
4.7,0.0078125,0.015748031496062992,-0.0078125,-0.07869140625000001,-0.31974609375,-0.31974609374999996,-0.07869140624999998,-9.752334594726562,-0.9609375,0.0,25.91796875,0.0,-3.87890625,7.8203125,28.0234375,-101.45578002929688,-3.84765625,9.00390625,28.21484375,0.0,-0.96484375,0.0,26.30078125,0.0,0.0,27.06640625,0.0,5.474090576171875
4.881,0.0078125,0.015748031496062992,-0.140625,0.0,0.0,-0.0,-0.0,3.003570556640625,0.0,0.0,26.30078125,0.0,0.0,0.0,28.7890625,-18.683761596679688,0.0,0.0,28.0234375,0.0,0.0,0.0,26.68359375,0.0,0.0,26.875,0.0,5.4643096923828125
5.059,0.0078125,0.015748031496062992,-0.3828125,-0.04011718750000001,-0.1630078125,-0.1630078125,-0.04011718750000001,0.0,0.0,0.0,25.91796875,0.0,-1.99609375,9.921875,28.0234375,-17.068328857421875,-1.9921875,7.69140625,28.0234375,0.0,0.0,0.0,26.109375,0.0,0.0,26.68359375,0.0,5.4643096923828125
5.237,0.0078125,0.015748031496062992,-0.6171875,-0.09566406250000001,-0.38871093749999996,-0.38871093749999996,-0.09566406250000001,0.0,-1.13671875,8.08203125,26.109375,0.0,-4.4140625,16.48828125,26.68359375,-80.12686157226562,-4.44140625,19.90234375,27.83203125,0.0,-1.125,0.0,25.34375,0.0,0.0,27.44921875,0.0,5.50341796875
5.416,0.0078125,0.015748031496062992,-0.3984375,-0.12189453125,-0.49529296875,-0.49529296875,-0.12189453125,-3.6671600341796875,-1.42578125,7.296875,25.7265625,0.0,-5.625,15.69921875,27.06640625,-111.22373962402344,-5.5390625,18.32421875,28.40625,0.0,-1.453125,3.09375,25.7265625,0.0,0.0,27.640625,0.0,5.4545440673828125
5.586,0.0078125,0.015748031496062992,-0.0078125,-0.07869140625000001,-0.31974609375,-0.31974609374999996,-0.07869140624999998,0.0,-0.953125,3.75,25.7265625,0.0,-3.890625,7.8203125,28.7890625,-75.4405517578125,-3.77734375,11.234375,28.21484375,0.0,-0.96484375,0.0,25.91796875,0.0,0.0,28.0234375,0.0,5.483856201171875
5.761,0.0078125,0.015748031496062992,-0.0078125,0.0,0.0,-0.0,-0.0,0.0,0.0,0.0,26.4921875,0.0,0.0,0.0,28.59765625,-24.0216064453125,0.0,0.0,28.0234375,0.0,0.0,0.0,25.91796875,0.0,0.0,26.875,0.0,5.483856201171875
5.942,0.0078125,0.015748031496062992,0.0,0.0,0.0,-0.0,-0.0,0.0,0.0,0.0,25.91796875,0.0,0.0,0.0,27.83203125,-4.9595184326171875,0.0,0.0,28.21484375,0.0,0.0,0.0,27.06640625,0.0,0.0,27.2578125,0.0,5.483856201171875
6.107,0.0078125,0.015748031496062992,0.0,0.0,0.0,-0.0,-0.0,0.0,0.0,0.0,25.34375,0.0,0.0,0.0,28.40625,6.9905853271484375,0.0,0.0,28.0234375,0.0,0.0,0.0,25.91796875,0.0,0.0,28.40625,0.0,5.483856201171875
6.265,0.0234375,0.015748031496062992,0.0,0.0,0.0,-0.0,-0.0,0.0,0.0,0.0,26.109375,0.0,0.0,0.0,28.21484375,0.0,0.0,0.0,28.59765625,0.0,0.0,0.0,26.30078125,0.0,0.0,27.44921875,0.0,5.483856201171875
6.426,0.0234375,0.015748031496062992,0.0,0.0,0.0,-0.0,-0.0,0.0,0.0,0.0,24.76953125,0.0,0.0,0.0,28.21484375,0.0,0.0,0.0,28.0234375,0.0,0.0,0.0,26.30078125,0.0,0.0,27.640625,0.0,5.483856201171875
6.605,0.0234375,0.015748031496062992,0.0,0.0,0.0,-0.0,-0.0,0.0,0.0,0.0,25.7265625,0.0,0.0,0.0,28.40625,0.0,0.0,0.0,28.21484375,0.0,0.0,0.0,25.91796875,0.0,0.0,27.2578125,0.0,5.483856201171875
6.767,0.0234375,0.015748031496062992,0.0,0.0,0.0,-0.0,-0.0,0.0,0.0,0.0,25.7265625,0.0,0.0,0.0,28.21484375,0.0,0.0,0.0,28.21484375,0.0,0.0,0.0,25.7265625,0.0,0.0,27.83203125,0.0,5.483856201171875
6.92,0.0234375,0.015748031496062992,0.0,0.0,0.0,-0.0,-0.0,0.0,0.0,0.0,25.91796875,0.0,0.0,0.0,28.40625,0.0,0.0,0.0,28.21484375,0.0,0.0,0.0,25.91796875,0.0,0.0,27.2578125,0.0,5.474090576171875
7.096,0.0234375,0.015748031496062992,0.0,0.0,0.0,-0.0,-0.0,0.0,0.0,0.0,25.91796875,0.0,0.0,0.0,28.59765625,0.0,0.0,0.0,28.0234375,0.0,0.0,0.0,26.109375,0.0,0.0,27.06640625,0.0,5.483856201171875
7.26,0.0234375,0.015748031496062992,0.0,0.0,0.0,-0.0,-0.0,0.0,0.0,0.0,25.34375,0.0,0.0,0.0,28.0234375,0.0,0.0,0.0,27.83203125,0.0,0.0,0.0,26.30078125,0.0,0.0,27.44921875,0.0,5.483856201171875
7.417,0.0234375,0.015748031496062992,0.0,0.0,0.0,-0.0,-0.0,0.0,0.0,0.0,25.91796875,0.0,0.0,0.0,28.40625,0.0,0.0,0.0,27.640625,0.0,0.0,0.0,25.91796875,0.0,0.0,26.68359375,0.0,5.474090576171875
7.578,0.0234375,0.015748031496062992,0.0,0.0,0.0,-0.0,-0.0,0.0,0.0,0.0,23.8125,0.0,0.0,0.0,27.83203125,0.0,0.0,0.0,27.83203125,0.0,0.0,0.0,25.7265625,0.0,0.0,27.06640625,0.0,5.4643096923828125
7.744,0.0234375,0.015748031496062992,0.0,0.0,0.0,-0.0,-0.0,0.0,0.0,0.0,26.30078125,0.0,0.0,0.0,28.40625,0.0,0.0,0.0,27.83203125,0.0,0.0,0.0,26.30078125,0.0,0.0,28.59765625,0.0,5.483856201171875
7.92,0.0234375,0.015748031496062992,0.0,0.0,0.0,-0.0,-0.0,0.0,0.0,0.0,25.7265625,0.0,0.0,0.0,28.7890625,0.0,0.0,0.0,28.7890625,0.0,0.0,0.0,25.91796875,0.0,0.0,26.4921875,0.0,5.474090576171875
8.077,0.046875,0.015748031496062992,0.0,0.0,0.0,-0.0,-0.0,0.0,0.0,0.0,26.30078125,0.0,0.0,0.0,28.59765625,0.0,0.0,0.0,28.0234375,0.0,0.0,0.0,25.34375,0.0,0.0,27.44921875,0.0,5.483856201171875
8.243,0.0625,0.015748031496062992,0.0,0.0,0.0,-0.0,-0.0,0.0,0.0,0.0,25.91796875,0.0,0.0,0.0,29.171875,0.0,0.0,0.0,28.59765625,0.0,0.0,0.0,26.4921875,0.0,0.0,27.44921875,0.0,5.483856201171875
8.416,0.0625,0.015748031496062992,0.0,0.0,0.0,-0.0,-0.0,0.0,0.0,0.0,25.15234375,0.0,0.0,0.0,28.59765625,0.0,0.0,0.0,27.83203125,0.0,0.0,0.0,25.7265625,0.0,0.0,27.44921875,0.0,5.474090576171875
8.579,0.125,0.015748031496062992,0.0,0.0,0.0,-0.0,-0.0,0.0,0.0,0.0,25.7265625,0.0,0.0,0.0,28.40625,0.0,0.0,0.0,28.0234375,0.0,0.0,0.0,25.7265625,0.0,0.0,28.0234375,0.0,5.44476318359375
8.737,0.1640625,0.015748031496062992,0.0,0.12499999999999999,0.12500000000000003,-0.12499999999999999,-0.12500000000000003,0.0,1.51953125,10.4453125,25.7265625,0.0,1.48046875,7.296875,28.40625,-5.6469268798828125,-1.5234375,8.21484375,28.0234375,0.0,-1.51171875,8.34765625,25.91796875,0.0,0.0,25.7265625,0.0,5.474090576171875
8.911,0.203125,0.015748031496062992,0.0,0.20312499999999997,0.20312500000000003,-0.20312499999999997,-0.20312500000000003,0.0,2.42578125,11.10546875,26.109375,0.0,2.33984375,7.953125,28.21484375,-33.36982727050781,-2.4375,9.7890625,28.40625,0.0,-2.4375,10.7109375,26.109375,0.0,0.0,28.7890625,0.0,5.3958892822265625
9.091,0.203125,0.015748031496062992,0.0,0.20312499999999997,0.20312500000000003,-0.20312499999999997,-0.20312500000000003,5.16326904296875,2.43359375,9.3984375,25.53515625,0.0,2.3828125,5.71875,27.06640625,-51.99024963378906,-2.44921875,9.265625,28.59765625,0.0,-2.4453125,8.609375,25.91796875,0.0,0.0,27.83203125,0.0,5.4349822998046875
9.271,0.2421875,-0.0625,0.0,0.20312499999999997,0.20312500000000003,-0.20312499999999997,-0.20312500000000003,16.465774536132812,2.44140625,11.62890625,25.91796875,0.0,2.3828125,4.93359375,28.7890625,-64.99221801757812,-2.46484375,5.58984375,28.0234375,0.0,-2.44921875,6.640625,26.68359375,0.0,0.0,27.44921875,0.0,5.4056549072265625
9.442,0.34375,-0.1015625,0.0,0.26562499999999994,0.26562500000000006,-0.26562499999999994,-0.26562500000000006,20.035263061523438,3.171875,10.18359375,25.34375,0.0,3.05078125,6.76953125,27.83203125,-88.93212890625,-3.15625,7.1640625,27.83203125,0.0,-3.1484375,8.34765625,25.34375,0.0,0.0,27.2578125,0.0,5.4643096923828125
9.633,0.34375,-0.125,0.0,0.3507291482798394,0.3862810772513154,-0.3507291482798394,-0.3862810772513154,-74.53559875488281,4.078125,11.49609375,24.9609375,0.0,4.328125,8.34765625,28.21484375,-104.55238342285156,-4.08203125,10.4453125,27.640625,0.0,-4.44140625,14.6484375,26.4921875,0.0,0.0,27.44921875,0.0,5.4643096923828125
9.817,0.421875,-0.1640625,-0.1796875,0.2718834519619311,0.5468714783491954,-0.2718834519619311,-0.5468714783491954,-34.482452392578125,3.171875,6.11328125,26.109375,0.0,6.16796875,14.91015625,28.21484375,-118.2120361328125,-3.21484375,3.6171875,27.83203125,0.0,-6.19140625,19.5078125,25.7265625,0.0,0.0,26.875,0.0,5.4349822998046875
9.986,0.359375,-0.1640625,-0.3828125,0.2796037271601688,0.3956899850495258,-0.4827287271601688,-0.5988149850495258,-14.082427978515625,3.26171875,6.11328125,26.30078125,0.0,4.39453125,7.55859375,27.44921875,-164.4891815185547,-5.484375,8.87109375,28.40625,0.0,-6.80078125,17.80078125,26.109375,0.0,0.0,27.2578125,0.0,5.483856201171875
10.16,0.34375,-0.1796875,-0.0078125,0.13541810846878588,0.2993565826609008,-0.4166681084687859,-0.5806065826609008,14.029541015625,1.62890625,0.0,26.109375,0.0,3.4921875,4.14453125,28.0234375,-268.0441131591797,-4.96875,4.93359375,28.0234375,0.0,-6.73828125,14.91015625,25.53515625,0.0,0.0,27.44921875,0.0,5.474090576171875
10.335,0.34375,-0.1796875,0.0,0.10925888217226135,0.5406147533489928,-0.10925888217226135,-0.5406147533489928,-25.349868774414062,1.31640625,0.0,25.53515625,0.0,6.09765625,13.9921875,28.0234375,-178.04153442382812,-1.33203125,0.0,28.0234375,0.0,-6.234375,15.17578125,25.7265625,0.0,0.0,28.98046875,0.0,5.4545440673828125
10.506,0.3203125,-0.1796875,0.0,0.10925888217226135,0.5406147533489928,-0.10925888217226135,-0.5406147533489928,-35.912017822265625,1.3203125,0.0,24.578125,0.0,6.15625,13.3359375,27.83203125,-133.04229736328125,-1.33203125,0.0,27.83203125,0.0,-6.33203125,14.125,26.30078125,0.0,0.0,28.0234375,0.0,5.474090576171875
10.667,0.3203125,-0.0859375,0.09448818897637795,0.32031249999999994,0.32031250000000006,-0.32031249999999994,-0.32031250000000006,-22.1866455078125,3.84765625,7.8203125,25.34375,0.0,3.76953125,4.01171875,28.0234375,-183.76722717285156,-3.88671875,3.6171875,27.83203125,0.0,-3.875,5.0625,25.7265625,0.0,0.0,27.44921875,0.0,5.44476318359375
10.826,0.3203125,-0.0234375,0.4566929133858268,0.32031249999999994,0.32031250000000006,-0.32031249999999994,-0.32031250000000006,-42.9462890625,3.87109375,5.1953125,25.34375,0.0,3.7578125,3.8828125,27.640625,-207.80345153808594,-3.8515625,3.35546875,27.640625,0.0,-3.80859375,6.24609375,26.4921875,0.0,0.0,27.640625,0.0,5.4349822998046875
10.99,0.3203125,-0.0234375,0.0,0.38562746062992126,0.5857062007874017,-0.054918799212598374,-0.25499753937007874,12.223342895507812,4.5390625,8.08203125,26.109375,0.0,6.7109375,15.83203125,28.21484375,-145.34442138671875,0.0,0.0,27.83203125,0.0,-3.1015625,2.9609375,26.109375,0.0,0.0,26.875,0.0,5.4545440673828125
11.167,0.3203125,-0.0234375,0.07086614173228346,0.32031249999999994,0.32031250000000006,-0.32031249999999994,-0.32031250000000006,-7.3324737548828125,3.8828125,4.27734375,25.7265625,0.0,3.79296875,3.2265625,28.98046875,-165.20391845703125,-3.86328125,4.66796875,28.21484375,0.0,-3.86328125,5.0625,25.34375,0.0,0.0,28.0234375,0.0,5.474090576171875
11.34,0.3203125,-0.0234375,0.0,0.32031249999999994,0.32031250000000006,-0.32031249999999994,-0.32031250000000006,42.161651611328125,3.859375,5.8515625,26.4921875,0.0,3.78125,3.8828125,28.59765625,-152.2842559814453,-3.83984375,3.75,28.0234375,0.0,-3.875,5.0625,26.109375,0.0,0.0,28.0234375,0.0,5.4545440673828125
11.519,0.3828125,-0.0234375,0.0,0.32031249999999994,0.32031250000000006,-0.32031249999999994,-0.32031250000000006,-17.762969970703125,3.8359375,6.5078125,25.7265625,0.0,3.78125,4.14453125,28.40625,-117.09101867675781,-3.796875,5.71875,27.640625,0.0,-3.8515625,5.984375,26.109375,0.0,0.0,27.2578125,0.0,5.4545440673828125
11.691,0.3984375,-0.0078125,0.13385826771653545,0.38281249999999994,0.38281250000000006,-0.38281249999999994,-0.38281250000000006,45.05931091308594,4.51953125,11.234375,27.2578125,0.0,4.38671875,5.8515625,28.21484375,-151.50318908691406,-4.49609375,6.375,28.0234375,0.0,-4.45703125,9.921875,26.68359375,0.0,0.0,28.21484375,0.0,5.4643096923828125
11.88,0.6796875,-0.140625,0.015748031496062992,0.46093749999999994,0.46093750000000006,-0.46093749999999994,-0.46093750000000006,90.64727783203125,5.328125,12.41796875,25.53515625,0.0,5.0859375,8.87109375,28.7890625,-168.54672241210938,-5.12109375,7.8203125,28.40625,0.0,-5.13671875,9.3984375,25.7265625,0.0,0.0,26.875,0.0,5.3861083984375
12.05,0.6796875,-0.0859375,0.0,0.7811026604893523,0.6612575373927116,-0.7811026604893523,-0.6612575373927116,-49.91874694824219,8.2890625,15.56640625,24.9609375,0.0,6.80859375,11.49609375,28.0234375,-231.15818786621094,-8.23828125,18.32421875,28.21484375,0.0,-7.16015625,15.69921875,25.15234375,0.0,0.0,27.640625,0.0,5.4643096923828125
12.222,0.6796875,-0.0234375,0.0,0.6796874999999999,0.6796875000000001,-0.6796874999999999,-0.6796875000000001,-65.85151672363281,7.4765625,15.69921875,25.15234375,0.0,7.16796875,11.76171875,28.0234375,-293.80259704589844,-7.52734375,9.265625,27.83203125,0.0,-7.52734375,13.3359375,26.30078125,0.0,0.0,27.44921875,0.0,5.44476318359375
12.401,0.6796875,-0.0859375,0.0,0.6796874999999999,0.6796875000000001,-0.6796874999999999,-0.6796875000000001,-87.94833374023438,7.66796875,11.62890625,25.34375,0.0,7.30859375,9.7890625,27.83203125,-264.37176513671875,-7.6015625,8.87109375,27.44921875,0.0,-7.6015625,11.890625,25.91796875,0.0,0.0,27.44921875,0.0,5.4349822998046875
12.593,0.5625,-0.0859375,0.0,0.6796874999999999,0.6796875000000001,-0.6796874999999999,-0.6796875000000001,-260.60400390625,7.71484375,12.15234375,24.76953125,0.0,7.4765625,7.953125,27.83203125,-242.07273864746094,-7.7421875,7.55859375,28.21484375,0.0,-7.81640625,11.3671875,25.7265625,0.0,0.0,27.2578125,0.0,5.4545440673828125
12.775,0.5625,-0.0859375,0.0,0.5624999999999999,0.5625000000000001,-0.5624999999999999,-0.5625000000000001,-147.53909301757812,6.640625,6.5078125,25.91796875,0.0,6.5625,4.14453125,28.0234375,-336.48789978027344,-6.70703125,4.01171875,28.40625,0.0,-6.6875,6.11328125,25.91796875,0.0,0.0,27.640625,0.0,5.44476318359375
12.944,0.5,-0.0859375,0.0,0.5624999999999999,0.5625000000000001,-0.5624999999999999,-0.5625000000000001,-69.17921447753906,6.68359375,6.375,25.7265625,0.0,6.5234375,5.1953125,27.2578125,-242.97645568847656,-6.625,6.11328125,28.21484375,0.0,-6.6640625,6.5078125,25.34375,0.0,0.0,27.83203125,0.0,5.4349822998046875
13.12,0.484375,-0.0859375,0.0,0.49999999999999994,0.5000000000000001,-0.49999999999999994,-0.5000000000000001,-136.36846923828125,6.0078125,4.5390625,25.34375,0.0,5.90234375,3.2265625,28.0234375,-287.2316436767578,-6.03125,3.2265625,28.0234375,0.0,-6.03125,4.27734375,25.53515625,0.0,0.0,27.44921875,0.0,5.474090576171875
13.281,0.484375,-0.0859375,0.0,0.484375,0.4843750000000001,-0.484375,-0.4843750000000001,-17.770370483398438,5.83984375,4.66796875,25.53515625,0.0,5.71875,3.48828125,28.59765625,-292.52685546875,-5.84375,3.48828125,28.0234375,0.0,-5.859375,4.01171875,25.91796875,0.0,0.0,26.875,0.0,5.474090576171875
13.459,0.4453125,-0.0859375,0.0,0.46093749999999994,0.46093750000000006,-0.46093749999999994,-0.46093750000000006,64.78060913085938,5.5546875,4.40625,25.7265625,0.0,5.45703125,2.83203125,29.171875,-302.1956329345703,-5.59375,3.2265625,27.83203125,0.0,-5.51171875,4.14453125,25.91796875,0.0,0.0,27.83203125,0.0,5.474090576171875
13.779,0.421875,-0.2265625,0.0,0.1606399899468166,0.6907945381568504,-0.1606399899468166,-0.6907945381568504,20.967453002929688,1.953125,0.0,25.91796875,0.0,7.76953125,12.41796875,28.0234375,-196.23875427246094,-1.96875,0.0,27.44921875,0.0,-7.96875,15.69921875,25.7265625,0.0,0.0,26.875,0.0,5.4349822998046875
13.958,0.3984375,-0.34375,0.0,0.11621783397249696,0.6722611945865974,-0.11621783397249696,-0.6722611945865974,163.8085479736328,1.40234375,0.0,25.53515625,0.0,7.609375,13.9921875,28.21484375,-176.21144104003906,-1.4140625,0.0,26.875,0.0,-7.5625,16.2265625,25.7265625,0.0,0.0,26.875,0.0,5.474090576171875
14.121,0.359375,-0.3984375,0.0,-0.01708352084658893,0.7434671111846292,0.01708352084658893,-0.7434671111846292,-56.572906494140625,0.0,0.0,25.91796875,0.0,8.28515625,13.59765625,28.98046875,-226.9235382080078,0.0,0.0,28.40625,0.0,-8.33984375,16.09375,25.91796875,0.0,0.0,26.875,0.0,5.4545440673828125
14.289,0.34375,-0.3046875,0.0,0.03484713887679758,0.7487847891803957,-0.03484713887679758,-0.7487847891803957,24.872085571289062,0.0,0.0,25.7265625,0.0,8.2890625,13.59765625,28.59765625,-302.1005401611328,0.0,0.0,28.0234375,0.0,-8.4765625,16.2265625,25.91796875,0.0,0.0,28.59765625,0.0,5.4349822998046875
14.47,0.1796875,-0.3984375,0.2125984251968504,0.02659266220515555,0.6834607851842044,-0.02659266220515555,-0.6834607851842044,-9.556350708007812,0.0,0.0,25.7265625,0.0,7.61328125,12.546875,28.59765625,-319.22853088378906,0.0,0.0,27.640625,0.0,-7.66796875,10.18359375,25.7265625,0.0,0.0,27.83203125,0.0,5.51318359375
14.639,0.0234375,-0.640625,0.23622047244094488,-0.4377214566929135,0.6739419291338582,0.6739419291338584,-0.4377214566929133,0.0,-4.46484375,35.52734375,25.34375,0.0,6.8203125,8.73828125,28.21484375,18.3109130859375,4.90234375,56.53515625,26.875,0.0,-4.5546875,1.78125,25.91796875,0.0,0.0,27.44921875,0.0,5.415435791015625
14.802,0.1015625,-0.4453125,0.5590551181102362,-0.598747539370079,0.9294562007874014,0.9294562007874019,-0.5987475393700785,0.0,-5.43359375,43.80078125,25.53515625,0.0,9.1484375,8.609375,28.0234375,93.79121398925781,6.171875,63.49609375,26.68359375,0.0,-6.0234375,18.71875,26.109375,0.0,0.0,27.640625,0.0,5.415435791015625
14.978,0.1015625,-0.3828125,0.11023622047244094,-0.34366940473396246,0.795948597779761,0.8161103496158523,-0.3235076528978712,0.0,-3.46875,30.14453125,25.53515625,0.0,7.97265625,14.91015625,27.83203125,167.1090850830078,7.11328125,42.22265625,26.68359375,0.0,-3.4921875,14.6484375,26.4921875,0.0,0.0,26.68359375,0.0,5.51318359375
15.142,0.125,-0.359375,0.4566929133858268,-0.37644403111064584,0.3945842707347236,0.37644403111064584,-0.3945842707347236,0.0,-4.25,21.609375,25.34375,0.0,4.26953125,8.08203125,28.7890625,99.85697937011719,4.0859375,13.859375,27.83203125,0.0,-4.328125,18.8515625,25.7265625,0.0,0.0,26.68359375,0.0,5.4252166748046875
15.31,0.1015625,-0.2421875,0.015748031496062992,-0.14432931272879132,0.8490363359626025,0.616770257610681,-0.3765953910807127,0.0,-1.5859375,10.4453125,26.30078125,0.0,9.90625,26.07421875,27.44921875,158.2982940673828,6.22265625,25.94140625,27.640625,0.0,-4.19921875,19.90234375,25.7265625,0.0,0.0,26.875,0.0,5.415435791015625
15.479,0.0625,-0.34375,-0.140625,-0.24218750000000008,0.24218749999999997,0.24218750000000008,-0.24218749999999997,0.0,-2.8125,21.21484375,27.44921875,0.0,2.83203125,3.75,28.40625,39.19886779785156,2.73828125,9.52734375,27.640625,0.0,-2.76953125,13.59765625,25.53515625,0.0,0.0,27.44921875,0.0,5.4643096923828125
15.679,0.0625,-0.5234375,-0.1640625,-0.3828125000000001,0.3828124999999999,0.3828125000000001,-0.3828124999999999,0.0,-4.25390625,24.1015625,26.30078125,0.0,4.2890625,16.35546875,26.4921875,48.957733154296875,4.0078125,16.75,28.0234375,0.0,-4.19921875,16.8828125,26.4921875,0.0,0.0,27.640625,0.0,5.4349822998046875
15.841,0.0625,-0.640625,-0.125,-0.5625000000000001,0.5624999999999999,0.5625000000000001,-0.5624999999999999,2.6396942138671875,-5.71484375,31.8515625,25.34375,0.0,6.109375,19.5078125,27.83203125,98.61578369140625,5.35546875,25.80859375,27.2578125,0.0,-5.65625,27.38671875,25.53515625,0.0,0.0,26.109375,0.0,5.4936370849609375
16.019,0.0625,-0.7578125,-0.125,-0.6640625000000003,0.6640624999999999,0.6640625000000003,-0.6640624999999999,-40.72111511230469,-6.65625,29.6171875,25.53515625,0.0,7.046875,19.76953125,28.40625,117.32354736328125,5.859375,28.04296875,27.2578125,0.0,-6.65625,25.6796875,26.68359375,0.0,0.0,27.44921875,0.0,5.44476318359375
16.177,0.0625,-0.7578125,-0.1015625,-0.7578125000000002,0.7578124999999998,0.7578125000000002,-0.7578124999999998,-29.558685302734375,-7.56640625,21.34765625,25.15234375,0.0,8.203125,22.00390625,26.68359375,170.22030639648438,6.73828125,28.9609375,27.83203125,0.0,-7.515625,26.3359375,25.7265625,0.0,0.0,28.0234375,0.0,5.44476318359375
16.339,0.0234375,-0.6796875,-0.0859375,-0.7578125000000002,0.7578124999999998,0.7578125000000002,-0.7578124999999998,9.853225708007812,-7.56640625,24.890625,24.76953125,0.0,8.015625,18.0625,28.0234375,196.923095703125,7.05859375,26.46484375,26.875,0.0,-7.94140625,23.4453125,25.34375,0.0,0.0,28.40625,0.0,5.415435791015625
16.501,-0.1732283464566929,-0.6171875,-0.0859375,-0.6640625000000003,0.6640624999999999,0.6640625000000003,-0.6640624999999999,-212.22503662109375,-7.12109375,19.11328125,26.30078125,0.0,7.0703125,17.01171875,27.83203125,196.6910858154297,6.48828125,20.296875,27.640625,0.0,-7.05078125,19.76953125,25.7265625,0.0,0.0,27.06640625,0.0,5.44476318359375
16.667,-0.2755905511811024,-0.578125,-0.0859375,-0.6753127089052361,0.6488864383429008,0.6753127089052361,-0.6488864383429008,-217.87234497070312,-7.2890625,17.14453125,25.34375,0.0,6.9765625,15.9609375,26.30078125,200.51171875,6.59765625,19.5078125,27.640625,0.0,-7.00390625,16.09375,25.7265625,0.0,0.0,28.40625,0.0,5.415435791015625
16.837,-0.3779527559055118,-0.359375,-0.0859375,-0.810533437829591,0.05311341749106663,0.810533437829591,-0.05311341749106663,-52.10382080078125,-8.77734375,23.05078125,26.68359375,0.0,0.0,0.0,27.640625,271.01417541503906,8.1484375,22.39453125,27.06640625,0.0,0.0,0.0,25.91796875,0.0,0.0,26.68359375,0.0,5.4252166748046875
17.001,-0.5433070866141733,-0.34375,-0.0625,-0.7920624230025632,0.043234492011554104,0.7920624230025632,-0.043234492011554104,-244.18161010742188,-8.578125,24.234375,25.53515625,0.0,0.0,0.0,28.98046875,315.19329833984375,8.296875,13.59765625,28.40625,0.0,0.0,0.0,25.53515625,0.0,0.0,27.640625,0.0,5.4056549072265625
17.168,-0.23622047244094488,-0.203125,-0.125,-0.9263037800552831,-0.025100453007266987,0.9263037800552831,0.025100453007266987,55.362518310546875,-9.640625,31.1953125,25.15234375,0.0,0.0,0.0,27.83203125,298.9722900390625,9.1171875,24.890625,27.2578125,0.0,0.0,0.0,25.91796875,0.0,0.0,27.06640625,0.0,5.44476318359375
17.337,-0.1968503937007874,-0.140625,0.0,-0.5126629774728018,0.013799482432545862,0.5126629774728018,-0.013799482432545862,-209.89341735839844,-5.984375,12.15234375,24.9609375,0.0,0.0,0.0,28.0234375,190.85488891601562,5.85546875,11.76171875,27.83203125,0.0,0.0,0.0,25.53515625,0.0,0.0,27.2578125,0.0,5.415435791015625
17.51,-0.0,-0.0078125,0.33070866141732286,0.0,0.0,-0.0,-0.0,21.387985229492188,0.0,0.0,25.34375,0.0,0.0,0.0,28.40625,99.25556945800781,0.0,0.0,28.21484375,0.0,0.0,0.0,25.91796875,0.0,0.0,27.2578125,0.0,5.44476318359375
17.687,-0.09448818897637795,-0.0078125,0.3937007874015748,0.08553149606299215,0.34753937007874014,0.34753937007874014,0.08553149606299215,-9.106124877929688,1.01953125,14.125,25.34375,0.0,4.2109375,24.7578125,28.0234375,104.13558959960938,3.9453125,14.91015625,27.640625,0.0,1.04296875,0.0,25.34375,0.0,0.0,27.640625,0.0,5.4252166748046875
17.87,-0.2755905511811024,-0.140625,-0.046875,-0.06358267716535433,0.07933070866141732,0.2998031496062992,0.15688976377952757,15.032699584960938,-0.77734375,0.0,25.91796875,0.0,0.9375,0.0,27.83203125,112.41874694824219,3.4140625,12.0234375,28.0234375,0.0,1.8359375,5.32421875,25.91796875,0.0,0.0,27.06640625,0.0,5.4252166748046875
18.046,-0.3779527559055118,-0.1796875,-0.046875,-0.45417273132891495,-0.17802791184606798,0.45417273132891495,0.17802791184606798,14.656875610351562,-5.09375,27.91015625,25.15234375,0.0,-2.09765625,5.8515625,27.640625,149.74847412109375,4.75390625,18.58984375,27.83203125,0.0,2.03125,3.35546875,26.109375,0.0,0.0,27.44921875,0.0,5.4056549072265625
18.221,-0.6456692913385826,-0.2265625,-0.0625,-0.6426906074653612,-0.21197673431482744,0.6426906074653612,0.21197673431482744,-21.083251953125,-6.82421875,35.39453125,25.7265625,0.0,-2.40234375,1.78125,28.0234375,151.169189453125,6.27734375,25.94140625,27.06640625,0.0,2.31640625,0.0,25.91796875,0.0,0.0,27.06640625,0.0,5.4056549072265625
18.39,-0.7007874015748031,-0.1796875,-0.0625,-0.8400779255749353,-0.7096733055875144,0.8400779255749353,0.7096733055875144,-2.72467041015625,-8.328125,32.90234375,25.7265625,0.0,-7.63671875,14.6484375,28.0234375,248.2384033203125,7.6484375,25.80859375,27.2578125,0.0,7.05859375,20.8203125,25.7265625,0.0,0.0,26.875,0.0,5.3958892822265625
18.57,-0.6062992125984252,-0.0078125,-0.1015625,-0.7257333992657232,-0.7431889022416839,0.7257333992657232,0.7431889022416839,-228.50341796875,-7.78515625,18.1953125,25.34375,0.0,-8.1796875,15.17578125,27.640625,270.36541748046875,7.5234375,13.46875,28.21484375,0.0,7.9921875,17.14453125,25.34375,0.0,0.0,27.44921875,0.0,5.3763427734375
18.756,-0.6062992125984252,-0.0078125,-0.1015625,-0.6062992125984253,-0.6062992125984251,0.6062992125984253,0.6062992125984251,-3.7783355712890625,-6.94921875,12.94140625,25.7265625,0.0,-7.140625,6.90234375,27.640625,249.156494140625,6.83984375,7.953125,28.0234375,0.0,6.90234375,9.00390625,25.7265625,0.0,0.0,28.0234375,0.0,5.3861083984375
18.93,-0.5590551181102362,-0.046875,-0.1015625,-0.6062992125984253,-0.6062992125984251,0.6062992125984253,0.6062992125984251,-40.34162902832031,-7.03515625,9.921875,25.53515625,0.0,-7.20703125,6.76953125,27.83203125,266.5926055908203,6.9453125,7.953125,28.21484375,0.0,7.07421875,8.87109375,25.15234375,0.0,0.0,27.2578125,0.0,5.4252166748046875
19.105,-0.2755905511811024,0.31496062992125984,-0.1015625,-0.37795275590551186,-0.37795275590551175,0.37795275590551186,0.37795275590551175,24.3087158203125,-4.65234375,2.04296875,25.91796875,0.0,-4.61328125,0.0,28.21484375,243.1610870361328,4.6875,0.0,28.0234375,0.0,4.609375,0.0,25.7265625,0.0,0.0,27.44921875,0.0,5.3861083984375
19.264,-0.3543307086614173,0.7401574803149606,-0.1015625,-0.020164333688916958,-0.7346433881063761,0.020164333688916958,0.7346433881063761,-115.02516174316406,0.0,0.0,25.34375,0.0,-8.5234375,12.15234375,27.2578125,218.33067321777344,0.0,0.0,28.7890625,0.0,7.7734375,13.46875,25.91796875,0.0,0.0,28.21484375,0.0,5.3763427734375
19.437,-0.29133858267716534,0.84251968503937,-0.1015625,0.36919235732585776,-1.0,-0.36919235732585776,1.0,-70.35543823242188,3.76171875,29.35546875,24.578125,0.0,-10.44140625,25.80859375,28.0234375,76.17082214355469,-3.5703125,38.4140625,27.83203125,0.0,10.26171875,9.52734375,25.91796875,0.0,0.0,27.2578125,0.0,5.3763427734375
19.609,-0.23622047244094488,0.7401574803149606,-0.1015625,0.7237165675327996,-1.0,-0.7237165675327996,1.0,-23.500030517578125,6.63671875,49.18359375,24.1953125,0.0,-9.7734375,17.66796875,28.21484375,-87.92214965820312,-6.69140625,37.890625,28.40625,0.0,10.05078125,15.17578125,25.34375,0.0,0.0,27.44921875,0.0,5.3763427734375
19.801,-0.1968503937007874,0.7401574803149606,-0.1015625,0.7983927394145436,-0.7891010669298191,-0.7983927394145436,0.7891010669298191,40.38958740234375,7.88671875,33.55859375,24.1953125,0.0,-8.26953125,12.94140625,27.83203125,-158.44851684570312,-7.77734375,31.5859375,27.640625,0.0,7.90234375,14.25390625,25.34375,0.0,0.0,27.44921875,0.0,5.3958892822265625
19.961,-0.1968503937007874,0.8267716535433071,-0.1015625,0.7983927394145436,-0.7891010669298191,-0.7983927394145436,0.7891010669298191,196.08843994140625,7.94140625,31.1953125,22.85546875,0.0,-8.2421875,15.4375,27.640625,-188.66070556640625,-7.609375,28.04296875,28.0234375,0.0,7.73828125,13.59765625,25.34375,0.0,0.0,26.68359375,0.0,5.3763427734375
20.131,-0.1968503937007874,0.8818897637795275,-0.1015625,0.9805953152568081,-0.8669859184486881,-0.9805953152568081,0.8669859184486881,-229.65133666992188,9.83984375,22.66015625,25.15234375,0.0,-8.59765625,17.66796875,27.640625,-238.59823608398438,-9.24609375,24.62890625,28.0234375,0.0,8.16796875,15.83203125,25.53515625,0.0,0.0,27.2578125,0.0,5.3861083984375
20.31,-0.1968503937007874,0.8818897637795275,-0.1015625,1.0,-0.8757602037107343,-1.0,0.8757602037107343,-20.341461181640625,9.69921875,28.9609375,25.7265625,0.0,-8.58984375,18.98046875,27.2578125,-243.6702880859375,-9.45703125,23.578125,28.0234375,0.0,0.0
20.768,-0.0,-0.0234375,-0.1015625,1.0,-0.8757602037107343,-1.0,0.8757602037107343,0.0,0.0
21.347,-0.0,0.0,-1.0,-0.1975,-0.8025,-0.8025,-0.1975,0.0,0.0
22.277,-0.0,0.015748031496062992,-0.71875,-0.141953125,-0.576796875,-0.576796875,-0.141953125,0.0,0.0
23.371,-0.0,0.015748031496062992,-0.0078125,0.0,0.0,-0.0,-0.0,0.0,0.0
24.472,-0.0,0.015748031496062992,-0.0078125,0.0,0.0,-0.0,-0.0,0.0,0.0
25.57,-0.0,0.015748031496062992,-0.015625,0.0,0.0,-0.0,-0.0,0.0,0.0
26.669,-0.0,0.015748031496062992,-1.0,-0.1975,-0.8025,-0.8025,-0.1975,0.0,0.0
27.786,-0.05511811023622047,-0.0859375,0.0,0.0,0.0,-0.0,-0.0,0.0,0.0
28.877,0.0234375,0.031496062992125984,0.0,0.0,0.0,-0.0,-0.0,0.0,0.0
29.978,0.0234375,0.031496062992125984,0.0,0.0,0.0,-0.0,-0.0,0.0,0.0
31.063,0.0234375,0.031496062992125984,-0.5625,-0.19441406250000004,-0.7899609375,-0.7899609375,-0.19441406250000004,0.0,0.0
31.774,0.0234375,0.031496062992125984,0.0,0.0,0.0,-0.0,-0.0,0.0,0.0
32.877,0.0234375,0.015748031496062992,-0.0625,0.0,0.0,-0.0,-0.0,0.0,0.0
33.975,0.0234375,0.015748031496062992,0.0,0.0,0.0,-0.0,-0.0,0.0,0.0
35.077,0.0234375,0.015748031496062992,0.0,0.0,0.0,-0.0,-0.0,0.0,0.0
36.175,0.0234375,0.015748031496062992,0.0,0.0,0.0,-0.0,-0.0,0.0,0.0
37.277,0.0234375,0.015748031496062992,0.0,0.0,0.0,-0.0,-0.0,0.0,0.0
38.375,0.0234375,0.015748031496062992,0.0,0.0,0.0,-0.0,-0.0,0.0,0.0
39.477,0.0234375,0.015748031496062992,0.0,0.0,0.0,-0.0,-0.0,0.0,0.0
40.577,0.0234375,0.015748031496062992,0.0,0.0,0.0,-0.0,-0.0,0.0,0.0
41.676,0.0234375,0.015748031496062992,0.0,0.0,0.0,-0.0,-0.0,0.0,0.0
42.788,0.0234375,0.015748031496062992,0.0,0.0,0.0,-0.0,-0.0,0.0,0.0
43.877,0.0234375,0.015748031496062992,0.0,0.0,0.0,-0.0,-0.0,0.0,0.0
44.977,0.0234375,0.015748031496062992,0.0,0.0,0.0,-0.0,-0.0,0.0,0.0
46.077,0.0234375,0.015748031496062992,0.0,0.0,0.0,-0.0,-0.0,0.0,0.0
47.463,0.0234375,0.015748031496062992,0.0,0.0,0.0,-0.0,-0.0,0.0,0.0
48.176,0.0234375,0.015748031496062992,0.0,0.0,0.0,-0.0,-0.0,0.0,0.0
49.263,0.0234375,0.015748031496062992,0.0,0.0,0.0,-0.0,-0.0,0.0,0.0
S: 49.365 164228602022 Fired
49.977,0.0234375,0.015748031496062992,0.0,0.0,0.0,-0.0,-0.0,0.0,0.0
51.764,0.0234375,0.015748031496062992,0.0,0.0,0.0,-0.0,-0.0,0.0,0.0
52.476,0.0234375,0.015748031496062992,0.0,0.0,0.0,-0.0,-0.0,0.0,0.0
53.576,0.0234375,0.015748031496062992,0.0,0.0,0.0,-0.0,-0.0,0.0,0.0
54.675,0.0234375,0.015748031496062992,0.0,0.0,0.0,-0.0,-0.0,0.0,0.0
55.777,0.0234375,0.015748031496062992,0.0,0.0,0.0,-0.0,-0.0,0.0,0.0
56.878,0.0234375,0.015748031496062992,0.0,0.0,0.0,-0.0,-0.0,0.0,0.0
57.987,0.0234375,0.015748031496062992,0.0,0.0,0.0,-0.0,-0.0,0.0,0.0
59.077,0.0234375,0.015748031496062992,0.0,0.0,0.0,-0.0,-0.0,0.0,0.0
60.177,0.0234375,0.015748031496062992,0.0,0.0,0.0,-0.0,-0.0,0.0,0.0
61.277,0.0234375,0.015748031496062992,0.0,0.0,0.0,-0.0,-0.0,0.0,0.0
62.377,0.0234375,0.015748031496062992,0.0,0.0,0.0,-0.0,-0.0,0.0,0.0
63.478,0.0234375,0.015748031496062992,0.0,0.0,0.0,-0.0,-0.0,0.0,0.0
64.577,0.0234375,0.015748031496062992,0.0,0.0,0.0,-0.0,-0.0,0.0,0.0
65.676,0.0234375,0.015748031496062992,0.0,0.0,0.0,-0.0,-0.0,0.0,0.0
66.778,0.0234375,0.015748031496062992,0.0,0.0,0.0,-0.0,-0.0,0.0,0.0
67.877,0.0234375,0.015748031496062992,0.0,0.0,0.0,-0.0,-0.0,0.0,0.0
68.978,0.0234375,0.015748031496062992,0.0,0.0,0.0,-0.0,-0.0,0.0,0.0
70.087,0.0234375,0.015748031496062992,0.0,0.0,0.0,-0.0,-0.0,0.0,0.0
71.177,0.0234375,0.015748031496062992,0.0,0.0,0.0,-0.0,-0.0,0.0,0.0
72.277,0.0234375,0.015748031496062992,0.0,0.0,0.0,-0.0,-0.0,0.0,0.0
73.376,0.0234375,0.015748031496062992,0.0,0.0,0.0,-0.0,-0.0,0.0,0.0
74.477,0.0234375,0.015748031496062992,0.0,0.0,0.0,-0.0,-0.0,0.0,0.0
75.576,0.0234375,0.015748031496062992,0.0,0.0,0.0,-0.0,-0.0,0.0,0.0
S: 75.575 164228628231 Fired
77.463,0.0234375,0.015748031496062992,0.0,0.0,0.0,-0.0,-0.0,0.0,0.0
78.177,0.0234375,0.015748031496062992,0.0,0.0,0.0,-0.0,-0.0,0.0,0.0
79.288,0.0234375,0.015748031496062992,0.09448818897637795,0.0,0.0,-0.0,-0.0,0.0,0.0
80.377,0.0234375,0.015748031496062992,0.0,0.0,0.0,-0.0,-0.0,0.0,0.0
81.477,0.0234375,0.015748031496062992,0.6850393700787402,0.1352952755905512,0.549744094488189,0.549744094488189,0.1352952755905512,0.0,0.0
82.577,0.0234375,0.015748031496062992,-1.0,-0.1975,-0.8025,-0.8025,-0.1975,0.0,0.0
83.677,0.0234375,0.015748031496062992,-0.0078125,0.0,0.0,-0.0,-0.0,0.0,0.0
84.776,0.0234375,0.015748031496062992,-0.0078125,0.0,0.0,-0.0,-0.0,0.0,0.0
85.877,0.0234375,0.015748031496062992,-0.0078125,0.0,0.0,-0.0,-0.0,0.0,0.0
86.977,0.0234375,0.015748031496062992,-0.0078125,0.0,0.0,-0.0,-0.0,0.0,0.0
88.077,0.0234375,0.015748031496062992,-0.0078125,0.0,0.0,-0.0,-0.0,0.0,0.0
89.177,0.0234375,0.015748031496062992,-0.0078125,0.0,0.0,-0.0,-0.0,0.0,0.0
90.277,0.0234375,0.015748031496062992,-0.0078125,0.0,0.0,-0.0,-0.0,0.0,0.0
91.388,0.0234375,0.015748031496062992,-0.0078125,0.0,0.0,-0.0,-0.0,0.0,0.0
92.461,0.0234375,0.015748031496062992,-0.0078125,0.0,0.0,-0.0,-0.0,0.0,0.0
93.171,0.0234375,0.015748031496062992,-0.0078125,0.0,0.0,-0.0,-0.0,0.0,0.0
