Timestamp,Driver_Joy_Y,Driver_Joy_X,Driver_Joy_W,Mecanum_FL,Mecanum_BL,Mecanum_BR,Mecanum_FR,FL_Jag_Speed,FL_Out_Voltage,FL_Out_Current,FL_Temp,BL_Jag_Speed,BL_Out_Voltage,BL_Out_Current,BL_Temp,BR_Jag_Speed,BR_Out_Voltage,BR_Out_Current,BR_Temp,FR_Jag_Speed,FR_Out_Voltage,FR_Out_Current,FR_Temp,Pickup_Out_Voltage,Pickup_Out_Current,Pickup_Temp,SH1_Out_Voltage,SH1_Out_Current,SH1_Temp,SH2_Out_Voltage,SH2_Out_Current,SH2_Temp,SHmain_Speed,SHmain_Angle
0.01,-0.0,0.0,0.0,0.0,0.0,0.0,0.0,0.0,0.0,0.0,21.70703125,0.0,0.0,0.0,23.62109375,0.0,0.0,0.0,23.4296875,0.0,0.0,0.0,20.94140625,0.0,0.0,22.47265625,0.0,5.6207122802734375
0.171,-0.0,0.0,0.0,0.0,0.0,-0.0,-0.0,0.0,0.0,0.0,21.1328125,0.0,0.0,0.0,23.23828125,0.0,0.0,0.0,23.23828125,0.0,0.0,0.0,21.1328125,0.0,0.0,22.28125,0.0,5.6304931640625
0.333,-0.0,0.0,0.0,0.0,0.0,-0.0,-0.0,0.0,0.0,0.0,20.75,0.0,0.0,0.0,22.6640625,0.0,0.0,0.0,23.046875,0.0,0.0,0.0,21.8984375,0.0,0.0,22.28125,0.0,5.6304931640625
0.51,-0.0,0.0,0.0,0.0,0.0,-0.0,-0.0,0.0,0.0,0.0,20.94140625,0.0,0.0,0.0,22.85546875,0.0,0.0,0.0,22.85546875,0.0,0.0,0.0,21.32421875,0.0,0.0,23.046875,0.0,5.6207122802734375
0.673,-0.0,0.0,0.0,0.0,0.0,-0.0,-0.0,0.0,0.0,0.0,21.32421875,0.0,0.0,0.0,23.046875,0.0,0.0,0.0,23.4296875,0.0,0.0,0.0,21.32421875,0.0,0.0,23.62109375,0.0,5.6109466552734375
0.839,-0.0,0.0,0.0,0.0,0.0,-0.0,-0.0,0.0,0.0,0.0,20.75,0.0,0.0,0.0,23.4296875,0.0,0.0,0.0,22.6640625,0.0,0.0,0.0,21.70703125,0.0,0.0,22.08984375,0.0,5.6304931640625
1.0,-0.0,0.0,0.0,0.0,0.0,-0.0,-0.0,0.0,0.0,0.0,20.75,0.0,0.0,0.0,23.23828125,0.0,0.0,0.0,23.4296875,0.0,0.0,0.0,21.8984375,0.0,0.0,22.28125,0.0,5.6304931640625
1.157,-0.0,0.0,0.0,0.0,0.0,-0.0,-0.0,0.0,0.0,0.0,20.55859375,0.0,0.0,0.0,23.62109375,0.0,0.0,0.0,22.85546875,0.0,0.0,0.0,21.32421875,0.0,0.0,22.6640625,0.0,5.6304931640625
1.322,-0.0,0.0,0.0,0.0,0.0,-0.0,-0.0,0.0,0.0,0.0,21.1328125,0.0,0.0,0.0,23.4296875,0.0,0.0,0.0,23.046875,0.0,0.0,0.0,21.515625,0.0,0.0,21.70703125,0.0,5.6304931640625
1.49,-0.0,0.0,0.0,0.0,0.0,-0.0,-0.0,0.0,0.0,0.0,20.75,0.0,0.0,0.0,23.8125,0.0,0.0,0.0,22.6640625,0.0,0.0,0.0,20.3671875,0.0,0.0,22.6640625,0.0,5.6304931640625
1.652,-0.0,0.0,0.0,0.0,0.0,-0.0,-0.0,0.0,0.0,0.0,21.8984375,0.0,0.0,0.0,23.4296875,0.0,0.0,0.0,22.85546875,0.0,0.0,0.0,21.70703125,0.0,0.0,22.6640625,0.0,5.6304931640625
1.82,-0.0,0.0,0.0,0.0,0.0,-0.0,-0.0,0.0,0.0,0.0,20.75,0.0,0.0,0.0,23.23828125,0.0,0.0,0.0,22.85546875,0.0,0.0,0.0,21.32421875,0.0,0.0,22.28125,0.0,5.6304931640625
1.998,-0.0,0.0,0.0,0.0,0.0,-0.0,-0.0,0.0,0.0,0.0,19.984375,0.0,0.0,0.0,23.4296875,0.0,0.0,0.0,23.046875,0.0,0.0,0.0,20.75,0.0,0.0,22.08984375,0.0,5.6207122802734375
2.152,-0.0,0.0,0.0,0.0,0.0,-0.0,-0.0,0.0,0.0,0.0,21.1328125,0.0,0.0,0.0,23.046875,0.0,0.0,0.0,23.23828125,0.0,0.0,0.0,21.1328125,0.0,0.0,22.85546875,0.0,5.6304931640625
2.311,-0.0,0.0,0.0,0.0,0.0,-0.0,-0.0,0.0,0.0,0.0,21.1328125,0.0,0.0,0.0,24.76953125,0.0,0.0,0.0,22.6640625,0.0,0.0,0.0,21.515625,0.0,0.0,22.28125,0.0,5.6109466552734375
2.48,-0.0,0.0,0.0,0.0,0.0,-0.0,-0.0,0.0,0.0,0.0,20.55859375,0.0,0.0,0.0,24.1953125,0.0,0.0,0.0,23.23828125,0.0,0.0,0.0,20.75,0.0,0.0,22.6640625,0.0,5.6207122802734375
2.637,-0.0,0.0,0.0,0.0,0.0,-0.0,-0.0,0.0,0.0,0.0,20.94140625,0.0,0.0,0.0,23.4296875,0.0,0.0,0.0,23.4296875,0.0,0.0,0.0,21.32421875,0.0,0.0,23.4296875,0.0,5.6304931640625
2.804,-0.0,0.0,0.0,0.0,0.0,-0.0,-0.0,0.0,0.0,0.0,21.32421875,0.0,0.0,0.0,23.8125,0.0,0.0,0.0,23.046875,0.0,0.0,0.0,21.515625,0.0,0.0,23.62109375,0.0,5.6304931640625
2.964,-0.0,0.0,0.0,0.0,0.0,-0.0,-0.0,0.0,0.0,0.0,20.17578125,0.0,0.0,0.0,23.046875,0.0,0.0,0.0,23.23828125,0.0,0.0,0.0,20.94140625,0.0,0.0,22.6640625,0.0,5.6207122802734375
3.13,-0.0,0.0,0.0,0.0,0.0,-0.0,-0.0,0.0,0.0,0.0,21.515625,0.0,0.0,0.0,22.85546875,0.0,0.0,0.0,23.046875,0.0,0.0,0.0,21.32421875,0.0,0.0,23.23828125,0.0,5.6304931640625
3.291,-0.0,0.0,0.0,0.0,0.0,-0.0,-0.0,0.0,0.0,0.0,21.70703125,0.0,0.0,0.0,23.8125,0.0,0.0,0.0,23.4296875,0.0,0.0,0.0,21.1328125,0.0,0.0,22.85546875,0.0,5.6207122802734375
3.46,-0.0,0.0,0.0,0.0,0.0,-0.0,-0.0,0.0,0.0,0.0,21.32421875,0.0,0.0,0.0,23.23828125,0.0,0.0,0.0,23.046875,0.0,0.0,0.0,21.515625,0.0,0.0,22.28125,0.0,5.6304931640625
3.617,-0.0,0.0,0.0,0.0,0.0,-0.0,-0.0,0.0,0.0,0.0,20.3671875,0.0,0.0,0.0,23.62109375,0.0,0.0,0.0,23.23828125,0.0,0.0,0.0,21.32421875,0.0,0.0,23.23828125,0.0,5.6304931640625
3.772,-0.0,0.0,0.0,0.0,0.0,-0.0,-0.0,0.0,0.0,0.0,21.70703125,0.0,0.0,0.0,23.62109375,0.0,0.0,0.0,22.85546875,0.0,0.0,0.0,20.94140625,0.0,0.0,22.28125,0.0,5.6207122802734375
3.949,-0.0,0.0,0.0,0.0,0.0,-0.0,-0.0,0.0,0.0,0.0,21.70703125,0.0,0.0,0.0,24.00390625,0.0,0.0,0.0,23.23828125,0.0,0.0,0.0,21.70703125,0.0,0.0,22.47265625,0.0,5.6207122802734375
4.102,-0.0,0.0,0.0,0.0,0.0,-0.0,-0.0,0.0,0.0,0.0,20.55859375,0.0,0.0,0.0,23.046875,0.0,0.0,0.0,23.4296875,0.0,0.0,0.0,20.94140625,0.0,0.0,23.62109375,0.0,5.6207122802734375
4.271,-0.0,0.0,0.0,0.0,0.0,-0.0,-0.0,0.0,0.0,0.0,20.17578125,0.0,0.0,0.0,23.8125,0.0,0.0,0.0,23.046875,0.0,0.0,0.0,20.55859375,0.0,0.0,22.47265625,0.0,5.6207122802734375
4.433,-0.0,-0.0625,0.0,0.0,0.0,-0.0,-0.0,0.0,0.0,0.0,21.32421875,0.0,0.0,0.0,23.8125,0.0,0.0,0.0,23.23828125,0.0,0.0,0.0,21.515625,0.0,0.0,22.28125,0.0,5.6207122802734375
4.598,-0.0,-0.125,0.0,0.0,0.0,-0.0,-0.0,0.0,0.0,0.0,20.75,0.0,0.0,0.0,22.47265625,0.0,0.0,0.0,23.046875,0.0,0.0,0.0,21.1328125,0.0,0.0,22.08984375,0.0,5.6207122802734375
4.76,-0.05511811023622047,-0.28125,0.0,-0.22656250000000008,0.22656249999999997,0.22656250000000008,-0.22656249999999997,0.0,-2.734375,20.55859375,20.3671875,0.0,2.69921875,20.8203125,22.6640625,-9.111587524414062,2.69921875,11.76171875,22.6640625,0.0,-2.7265625,17.14453125,22.08984375,0.0,0.0,23.046875,0.0,5.6402587890625
4.93,-0.09448818897637795,-0.1796875,0.0,-0.28125000000000006,0.28124999999999994,0.28125000000000006,-0.28124999999999994,0.0,-3.34375,20.1640625,21.1328125,0.0,3.25,18.58984375,23.23828125,0.0,3.30859375,15.56640625,22.6640625,0.0,-3.39453125,19.5078125,20.75,0.0,0.0,22.6640625,0.0,5.601165771484375
5.111,-0.09448818897637795,-0.0234375,0.0,-0.12500000000000003,0.12499999999999997,0.12500000000000003,-0.12499999999999997,0.0,-1.5625,12.41796875,21.32421875,0.0,1.515625,10.578125,22.85546875,-8.629165649414062,1.5546875,6.24609375,22.85546875,0.0,-1.56640625,10.31640625,20.75,0.0,0.0,21.8984375,0.0,5.6207122802734375
5.29,-0.031496062992125984,-0.0078125,0.0,0.0,0.0,-0.0,-0.0,0.0,0.0,0.0,20.75,0.0,0.0,0.0,24.00390625,0.0,0.0,0.0,23.046875,0.0,0.0,0.0,21.515625,0.0,0.0,22.08984375,0.0,5.6304931640625
5.456,-0.031496062992125984,-0.0078125,0.0,0.0,0.0,-0.0,-0.0,0.0,0.0,0.0,21.1328125,0.0,0.0,0.0,23.046875,3.6175537109375,0.0,0.0,23.4296875,0.0,0.0,0.0,21.32421875,0.0,0.0,22.6640625,0.0,5.6207122802734375
5.63,-0.031496062992125984,-0.0078125,0.0,0.0,0.0,-0.0,-0.0,0.0,0.0,0.0,20.94140625,0.0,0.0,0.0,23.62109375,3.94818115234375,0.0,0.0,23.046875,0.0,0.0,0.0,21.32421875,0.0,0.0,23.23828125,0.0,5.6304931640625
5.81,-0.031496062992125984,-0.0078125,0.0,0.0,0.0,-0.0,-0.0,0.0,0.0,0.0,20.75,0.0,0.0,0.0,23.23828125,0.0,0.0,0.0,23.046875,0.0,0.0,0.0,21.1328125,0.0,0.0,21.32421875,0.0,5.6304931640625
5.971,-0.031496062992125984,-0.0078125,0.0,0.0,0.0,-0.0,-0.0,0.0,0.0,0.0,21.1328125,0.0,0.0,0.0,23.23828125,0.0,0.0,0.0,23.23828125,0.0,0.0,0.0,20.94140625,0.0,0.0,21.70703125,0.0,5.6207122802734375
6.14,-0.031496062992125984,-0.0078125,0.0,0.0,0.0,-0.0,-0.0,0.0,0.0,0.0,20.75,0.0,0.0,0.0,23.62109375,0.0,0.0,0.0,23.046875,0.0,0.0,0.0,20.94140625,0.0,0.0,22.47265625,0.0,5.6304931640625
6.299,-0.015748031496062992,-0.0078125,0.0,0.0,0.0,-0.0,-0.0,0.0,0.0,0.0,21.1328125,0.0,0.0,0.0,24.00390625,0.0,0.0,0.0,22.85546875,0.0,0.0,0.0,21.8984375,0.0,0.0,23.046875,0.0,5.6207122802734375
6.459,-0.015748031496062992,-0.0078125,0.0,0.0,0.0,-0.0,-0.0,0.0,0.0,0.0,21.32421875,0.0,0.0,0.0,23.8125,0.0,0.0,0.0,23.4296875,0.0,0.0,0.0,20.94140625,0.0,0.0,22.47265625,0.0,5.6304931640625
6.617,-0.015748031496062992,-0.0078125,0.0,0.0,0.0,-0.0,-0.0,0.0,0.0,0.0,20.94140625,0.0,0.0,0.0,23.62109375,0.0,0.0,0.0,23.4296875,0.0,0.0,0.0,21.1328125,0.0,0.0,21.32421875,0.0,5.6207122802734375
6.778,-0.07086614173228346,-0.0078125,0.0,0.0,0.0,-0.0,-0.0,0.0,0.0,0.0,22.28125,0.0,0.0,0.0,23.8125,0.0,0.0,0.0,22.85546875,0.0,0.0,0.0,21.32421875,0.0,0.0,22.6640625,0.0,5.6207122802734375
6.94,-0.07086614173228346,0.0,0.0,0.0,0.0,-0.0,-0.0,0.0,0.0,0.0,21.32421875,0.0,0.0,0.0,23.4296875,0.0,0.0,0.0,23.4296875,0.0,0.0,0.0,21.515625,0.0,0.0,22.6640625,0.0,5.6304931640625
7.109,-0.07086614173228346,0.0,0.0,0.0,0.0,-0.0,-0.0,0.0,0.0,0.0,20.55859375,0.0,0.0,0.0,23.046875,0.0,0.0,0.0,22.85546875,0.0,0.0,0.0,21.32421875,0.0,0.0,21.8984375,0.0,5.6304931640625
7.271,-0.07086614173228346,0.09448818897637795,0.0,0.0,0.0,-0.0,-0.0,0.0,0.0,0.0,20.3671875,0.0,0.0,0.0,24.38671875,0.0,0.0,0.0,23.046875,0.0,0.0,0.0,21.515625,0.0,0.0,22.6640625,0.0,5.6304931640625
7.45,-0.07086614173228346,0.0,0.0,0.0,0.0,-0.0,-0.0,0.0,0.0,0.0,20.94140625,0.0,0.0,0.0,23.62109375,0.0,0.0,0.0,22.85546875,0.0,0.0,0.0,20.94140625,0.0,0.0,22.85546875,0.0,5.6304931640625
7.611,-0.015748031496062992,0.0,0.0,0.0,0.0,-0.0,-0.0,0.0,0.0,0.0,20.17578125,0.0,0.0,0.0,23.62109375,0.0,0.0,0.0,23.046875,0.0,0.0,0.0,22.08984375,0.0,0.0,22.6640625,0.0,5.6207122802734375
7.776,-0.015748031496062992,0.13385826771653545,0.0,0.0,0.0,-0.0,-0.0,0.0,0.0,0.0,20.55859375,0.0,0.0,0.0,23.23828125,0.0,0.0,0.0,23.62109375,0.0,0.0,0.0,21.32421875,0.0,0.0,21.70703125,0.0,5.6109466552734375
7.939,-0.07086614173228346,0.2125984251968504,0.0,0.1732283464566929,-0.1732283464566929,-0.1732283464566929,0.1732283464566929,0.0,2.140625,13.203125,20.75,0.0,-2.1875,15.04296875,23.046875,0.0,-2.14453125,9.52734375,23.046875,0.0,2.08203125,11.890625,20.55859375,0.0,0.0,22.6640625,0.0,5.5816192626953125
8.114,-0.09448818897637795,0.41732283464566927,0.0,0.25196850393700787,-0.25196850393700787,-0.25196850393700787,0.25196850393700787,0.0,3.01953125,19.640625,20.17578125,0.0,-3.00390625,19.640625,23.046875,0.0,-3.0234375,15.04296875,23.046875,0.0,2.8671875,16.48828125,20.17578125,0.0,0.0,23.046875,0.0,5.6207122802734375
8.291,-0.09448818897637795,0.1732283464566929,0.0,0.35433070866141736,-0.35433070866141736,-0.35433070866141736,0.35433070866141736,0.0,4.0703125,22.39453125,20.75,0.0,-3.86328125,27.38671875,22.47265625,-7.063201904296875,-4.07421875,22.921875,23.23828125,0.0,4.0703125,18.32421875,20.94140625,0.0,0.0,22.08984375,0.0,5.6207122802734375
8.46,-0.09448818897637795,0.13385826771653545,0.0,0.15748031496062995,-0.15748031496062995,-0.15748031496062995,0.15748031496062995,-9.901687622070312,1.9453125,9.3984375,20.75,0.0,-1.98828125,13.59765625,23.23828125,5.3640899658203125,-1.9453125,11.49609375,22.6640625,0.0,1.90625,8.87109375,20.17578125,0.0,0.0,22.85546875,0.0,5.6109466552734375
8.634,-0.015748031496062992,-0.046875,0.0,0.15748031496062995,-0.15748031496062995,-0.15748031496062995,0.15748031496062995,0.0,1.9296875,14.6484375,20.75,0.0,-1.98828125,12.0234375,22.85546875,7.550872802734375,-1.9609375,8.08203125,22.85546875,0.0,1.90234375,13.07421875,21.1328125,0.0,0.0,23.046875,0.0,5.6402587890625
8.813,-0.0,-0.0625,0.0,-0.16406250000000006,0.16406249999999994,0.16406250000000006,-0.16406249999999994,0.0,-2.00390625,17.2734375,21.1328125,0.0,1.89453125,15.04296875,23.4296875,21.7034912109375,1.9921875,8.73828125,22.85546875,0.0,-2.01953125,11.76171875,20.94140625,0.0,0.0,22.6640625,0.0,5.6402587890625
8.999,-0.031496062992125984,-0.3046875,0.0,-0.17968750000000006,0.17968749999999994,0.17968750000000006,-0.17968749999999994,0.0,-2.20703125,13.3359375,20.55859375,0.0,2.08984375,13.859375,23.62109375,0.0,2.11328125,13.3359375,23.046875,0.0,-2.14453125,11.49609375,21.8984375,0.0,0.0,22.6640625,0.0,5.6109466552734375
9.163,-0.1968503937007874,-0.6171875,0.0,-0.3593750000000001,0.3593749999999999,0.3593750000000001,-0.3593749999999999,0.0,-4.0703125,25.546875,20.94140625,0.0,4.41796875,24.1015625,22.6640625,20.542877197265625,3.7734375,16.48828125,22.47265625,0.0,-3.9296875,19.5078125,20.94140625,0.0,0.0,22.85546875,0.0,5.6304931640625
9.335,-0.1968503937007874,-0.421875,0.0,-0.7475520972432531,0.6760974712002253,0.7475520972432531,-0.6760974712002253,-158.5859375,-7.59765625,24.62890625,19.984375,0.0,7.4375,28.04296875,23.046875,153.26893615722656,6.69921875,36.18359375,22.08984375,0.0,-7.65625,23.7109375,21.1328125,0.0,0.0,23.23828125,0.0,5.6109466552734375
9.514,-0.0,-0.0078125,0.0,-0.3593750000000001,0.3593749999999999,0.3593750000000001,-0.3593749999999999,-6.2891693115234375,-4.28515625,12.28515625,20.94140625,0.0,3.9765625,13.203125,23.4296875,117.24116516113281,4.203125,13.859375,22.28125,0.0,-4.296875,13.07421875,21.1328125,0.0,0.0,21.8984375,0.0,5.6207122802734375
9.701,-0.0,-0.0078125,0.0,0.0,0.0,-0.0,-0.0,25.71795654296875,0.0,0.0,20.3671875,0.0,0.0,0.0,23.4296875,16.93621826171875,0.0,0.0,22.47265625,0.0,0.0,0.0,20.75,0.0,0.0,22.85546875,0.0,5.6207122802734375
9.871,-0.0,-0.0078125,0.0,0.0,0.0,-0.0,-0.0,0.0,0.0,0.0,19.79296875,0.0,0.0,0.0,23.23828125,10.580001831054688,0.0,0.0,23.046875,0.0,0.0,0.0,21.1328125,0.0,0.0,23.046875,0.0,5.6304931640625
10.032,-0.0,-0.0078125,0.0,0.0,0.0,-0.0,-0.0,0.0,0.0,0.0,20.75,0.0,0.0,0.0,23.046875,9.691177368164062,0.0,0.0,22.6640625,0.0,0.0,0.0,21.1328125,0.0,0.0,23.046875,0.0,5.6207122802734375
10.19,-0.0,-0.0078125,0.0,0.0,0.0,-0.0,-0.0,0.0,0.0,0.0,20.55859375,0.0,0.0,0.0,23.046875,0.0,0.0,0.0,22.85546875,0.0,0.0,0.0,21.1328125,0.0,0.0,23.23828125,0.0,5.6207122802734375
10.352,-0.0,-0.0078125,0.0,0.0,0.0,-0.0,-0.0,0.0,0.0,0.0,20.3671875,0.0,0.0,0.0,23.23828125,0.0,0.0,0.0,23.23828125,0.0,0.0,0.0,21.1328125,0.0,0.0,22.47265625,0.0,5.6304931640625
10.512,-0.0,-0.0078125,0.0,0.0,0.0,-0.0,-0.0,0.0,0.0,0.0,20.75,0.0,0.0,0.0,22.6640625,0.0,0.0,0.0,23.046875,0.0,0.0,0.0,21.70703125,0.0,0.0,23.62109375,0.0,5.6207122802734375
10.672,-0.0,0.0,0.0,0.0,0.0,-0.0,-0.0,0.0,0.0,0.0,20.55859375,0.0,0.0,0.0,23.23828125,0.0,0.0,0.0,23.4296875,0.0,0.0,0.0,21.1328125,0.0,0.0,22.6640625,0.0,5.6304931640625
10.836,-0.0,0.0,-0.0625,0.0,0.0,-0.0,-0.0,0.0,0.0,0.0,21.1328125,0.0,0.0,0.0,22.85546875,0.0,0.0,0.0,23.4296875,0.0,0.0,0.0,21.1328125,0.0,0.0,22.28125,0.0,5.6207122802734375
10.999,-0.0,0.0,-0.0625,0.0,0.0,-0.0,-0.0,0.0,0.0,0.0,20.3671875,0.0,0.0,0.0,23.4296875,0.0,0.0,0.0,23.62109375,0.0,0.0,0.0,21.32421875,0.0,0.0,22.6640625,0.0,5.6207122802734375
11.18,-0.0,0.0,-0.0625,0.0,0.0,-0.0,-0.0,0.0,0.0,0.0,20.94140625,0.0,0.0,0.0,24.00390625,0.0,0.0,0.0,23.046875,0.0,0.0,0.0,21.1328125,0.0,0.0,22.28125,0.0,5.6207122802734375
11.35,-0.0,0.0,-0.0625,0.0,0.0,-0.0,-0.0,0.0,0.0,0.0,20.75,0.0,0.0,0.0,22.47265625,0.0,0.0,0.0,22.85546875,0.0,0.0,0.0,21.1328125,0.0,0.0,22.28125,0.0,5.6304931640625
11.513,-0.0,0.0,-0.0625,0.0,0.0,-0.0,-0.0,0.0,0.0,0.0,20.55859375,0.0,0.0,0.0,23.62109375,0.0,0.0,0.0,22.85546875,0.0,0.0,0.0,20.3671875,0.0,0.0,23.046875,0.0,5.6304931640625
11.694,-0.0,0.0,-0.0625,0.0,0.0,-0.0,-0.0,0.0,0.0,0.0,20.55859375,0.0,0.0,0.0,23.046875,0.0,0.0,0.0,23.4296875,0.0,0.0,0.0,20.94140625,0.0,0.0,22.6640625,0.0,5.6207122802734375
11.858,-0.0,0.0,-0.0625,0.0,0.0,-0.0,-0.0,0.0,0.0,0.0,20.3671875,0.0,0.0,0.0,23.62109375,0.0,0.0,0.0,23.046875,0.0,0.0,0.0,21.32421875,0.0,0.0,22.08984375,0.0,5.6304931640625
12.019,-0.0,0.0,-0.0625,0.0,0.0,-0.0,-0.0,0.0,0.0,0.0,20.3671875,0.0,0.0,0.0,22.85546875,0.0,0.0,0.0,22.47265625,0.0,0.0,0.0,21.1328125,0.0,0.0,22.6640625,0.0,5.6304931640625
12.179,-0.0,0.0,-0.0625,0.0,0.0,-0.0,-0.0,0.0,0.0,0.0,20.3671875,0.0,0.0,0.0,23.046875,0.0,0.0,0.0,23.046875,0.0,0.0,0.0,21.32421875,0.0,0.0,23.62109375,0.0,5.6304931640625
12.344,-0.0,0.13385826771653545,-0.1015625,0.0,0.0,-0.0,-0.0,0.0,0.0,0.0,20.55859375,0.0,0.0,0.0,23.62109375,0.0,0.0,0.0,23.046875,0.0,0.0,0.0,21.1328125,0.0,0.0,22.6640625,0.0,5.6207122802734375
12.52,0.0078125,0.13385826771653545,-0.0234375,0.13385826771653545,-0.13385826771653545,-0.13385826771653545,0.13385826771653545,0.0,1.65625,13.73046875,20.17578125,0.0,-1.69921875,14.125,23.23828125,0.0,-1.66796875,11.62890625,23.046875,0.0,1.6328125,11.62890625,19.984375,0.0,0.0,22.6640625,0.0,5.6304931640625
12.692,0.0078125,-0.0078125,-0.0078125,0.0,0.0,-0.0,-0.0,0.0,0.0,0.0,20.3671875,0.0,0.0,0.0,23.23828125,0.0,0.0,0.0,22.6640625,0.0,0.0,0.0,21.70703125,0.0,0.0,22.85546875,0.0,5.6304931640625
12.858,0.0078125,-0.0078125,0.0,0.0,0.0,-0.0,-0.0,0.0,0.0,0.0,20.3671875,0.0,0.0,0.0,23.4296875,0.0,0.0,0.0,23.046875,0.0,0.0,0.0,20.94140625,0.0,0.0,22.85546875,0.0,5.6207122802734375
13.018,-0.05511811023622047,-0.0078125,0.0,0.0,0.0,-0.0,-0.0,0.0,0.0,0.0,20.55859375,0.0,0.0,0.0,22.47265625,0.0,0.0,0.0,23.046875,0.0,0.0,0.0,21.515625,0.0,0.0,22.6640625,0.0,5.6207122802734375
13.193,-0.0,-0.0078125,0.0,0.0,0.0,-0.0,-0.0,0.0,0.0,0.0,20.3671875,0.0,0.0,0.0,23.23828125,0.0,0.0,0.0,22.85546875,0.0,0.0,0.0,21.32421875,0.0,0.0,22.85546875,0.0,5.6304931640625
13.357,-0.0,-0.0078125,0.0,0.0,0.0,-0.0,-0.0,0.0,0.0,0.0,20.55859375,0.0,0.0,0.0,23.046875,0.0,0.0,0.0,23.4296875,0.0,0.0,0.0,21.32421875,0.0,0.0,22.47265625,0.0,5.6304931640625
13.54,-0.0,-0.0078125,0.0,0.0,0.0,-0.0,-0.0,0.0,0.0,0.0,20.55859375,0.0,0.0,0.0,23.8125,0.0,0.0,0.0,22.85546875,0.0,0.0,0.0,20.94140625,0.0,0.0,22.28125,0.0,5.6207122802734375
13.709,-0.0,-0.0078125,0.0,0.0,0.0,-0.0,-0.0,0.0,0.0,0.0,21.1328125,0.0,0.0,0.0,22.85546875,0.0,0.0,0.0,23.046875,0.0,0.0,0.0,20.94140625,0.0,0.0,22.85546875,0.0,5.6207122802734375
13.872,-0.0,-0.0078125,0.0,0.0,0.0,-0.0,-0.0,0.0,0.0,0.0,20.75,0.0,0.0,0.0,23.4296875,0.0,0.0,0.0,22.6640625,0.0,0.0,0.0,20.55859375,0.0,0.0,23.23828125,0.0,5.6207122802734375
14.037,-0.0,-0.0078125,0.0,0.0,0.0,-0.0,-0.0,0.0,0.0,0.0,20.75,0.0,0.0,0.0,23.4296875,0.0,0.0,0.0,23.046875,0.0,0.0,0.0,21.1328125,0.0,0.0,22.85546875,0.0,5.6207122802734375
14.212,-0.0,-0.0078125,0.0,0.0,0.0,-0.0,-0.0,0.0,0.0,0.0,20.3671875,0.0,0.0,0.0,22.6640625,0.0,0.0,0.0,22.85546875,0.0,0.0,0.0,20.94140625,0.0,0.0,22.85546875,0.0,5.6207122802734375
14.379,-0.0,-0.0078125,0.0,0.0,0.0,-0.0,-0.0,0.0,0.0,0.0,20.55859375,0.0,0.0,0.0,22.85546875,0.0,0.0,0.0,22.85546875,0.0,0.0,0.0,21.1328125,0.0,0.0,23.046875,0.0,5.6207122802734375
14.538,-0.0,-0.0078125,0.0,0.0,0.0,-0.0,-0.0,0.0,0.0,0.0,20.3671875,0.0,0.0,0.0,23.046875,0.0,0.0,0.0,23.046875,0.0,0.0,0.0,21.1328125,0.0,0.0,22.08984375,0.0,5.6207122802734375
14.698,-0.0,-0.0078125,0.0,0.0,0.0,-0.0,-0.0,0.0,0.0,0.0,20.3671875,0.0,0.0,0.0,23.23828125,0.0,0.0,0.0,22.85546875,0.0,0.0,0.0,20.94140625,0.0,0.0,22.47265625,0.0,5.6304931640625
14.858,-0.0,-0.0078125,0.0,0.0,0.0,-0.0,-0.0,0.0,0.0,0.0,20.75,0.0,0.0,0.0,23.046875,0.0,0.0,0.0,22.47265625,0.0,0.0,0.0,20.94140625,0.0,0.0,22.47265625,0.0,5.6304931640625
15.019,-0.0,-0.0078125,0.0,0.0,0.0,-0.0,-0.0,0.0,0.0,0.0,20.55859375,0.0,0.0,0.0,22.6640625,0.0,0.0,0.0,22.85546875,0.0,0.0,0.0,20.55859375,0.0,0.0,22.6640625,0.0,5.6207122802734375
15.18,-0.0,-0.0078125,0.0,0.0,0.0,-0.0,-0.0,0.0,0.0,0.0,21.1328125,0.0,0.0,0.0,22.85546875,0.0,0.0,0.0,22.85546875,0.0,0.0,0.0,20.75,0.0,0.0,22.6640625,0.0,5.6207122802734375
15.34,-0.0,-0.0078125,0.0,0.0,0.0,-0.0,-0.0,0.0,0.0,0.0,19.984375,0.0,0.0,0.0,23.62109375,0.0,0.0,0.0,22.6640625,0.0,0.0,0.0,21.1328125,0.0,0.0,23.4296875,0.0,5.6207122802734375
15.511,-0.0,-0.0078125,0.0,0.0,0.0,-0.0,-0.0,0.0,0.0,0.0,20.3671875,0.0,0.0,0.0,23.23828125,0.0,0.0,0.0,22.47265625,0.0,0.0,0.0,20.94140625,0.0,0.0,22.47265625,0.0,5.6207122802734375
15.677,-0.0,-0.0078125,0.0,0.0,0.0,-0.0,-0.0,0.0,0.0,0.0,20.17578125,0.0,0.0,0.0,24.00390625,0.0,0.0,0.0,23.046875,0.0,0.0,0.0,20.3671875,0.0,0.0,23.046875,0.0,5.6304931640625
15.839,-0.0,-0.0078125,0.0,0.0,0.0,-0.0,-0.0,0.0,0.0,0.0,21.515625,0.0,0.0,0.0,22.85546875,0.0,0.0,0.0,23.23828125,0.0,0.0,0.0,20.55859375,0.0,0.0,22.47265625,0.0,5.6207122802734375
16.0,-0.0,-0.0078125,0.0,0.0,0.0,-0.0,-0.0,0.0,0.0,0.0,20.55859375,0.0,0.0,0.0,23.046875,0.0,0.0,0.0,23.23828125,0.0,0.0,0.0,21.1328125,0.0,0.0,23.62109375,0.0,5.6109466552734375
16.171,-0.0,-0.0078125,0.0,0.0,0.0,-0.0,-0.0,0.0,0.0,0.0,20.3671875,0.0,0.0,0.0,22.6640625,0.0,0.0,0.0,22.28125,0.0,0.0,0.0,20.55859375,0.0,0.0,22.85546875,0.0,5.6304931640625
16.332,-0.0,-0.0078125,0.0,0.0,0.0,-0.0,-0.0,0.0,0.0,0.0,19.984375,0.0,0.0,0.0,22.6640625,0.0,0.0,0.0,22.85546875,0.0,0.0,0.0,20.55859375,0.0,0.0,22.6640625,0.0,5.6207122802734375
16.491,-0.0,-0.0078125,0.0,0.0,0.0,-0.0,-0.0,0.0,0.0,0.0,20.3671875,0.0,0.0,0.0,22.85546875,0.0,0.0,0.0,22.85546875,0.0,0.0,0.0,21.1328125,0.0,0.0,22.47265625,0.0,5.6207122802734375
16.651,-0.0,-0.0078125,0.0,0.0,0.0,-0.0,-0.0,0.0,0.0,0.0,20.3671875,0.0,0.0,0.0,22.08984375,0.0,0.0,0.0,22.47265625,0.0,0.0,0.0,21.1328125,0.0,0.0,21.8984375,0.0,5.6304931640625
16.82,-0.0,-0.0078125,0.0,0.0,0.0,-0.0,-0.0,0.0,0.0,0.0,20.55859375,0.0,0.0,0.0,22.6640625,0.0,0.0,0.0,22.85546875,0.0,0.0,0.0,20.55859375,0.0,0.0,22.85546875,0.0,5.6207122802734375
16.978,-0.0,-0.0078125,0.0,0.0,0.0,-0.0,-0.0,0.0,0.0,0.0,19.984375,0.0,0.0,0.0,23.23828125,0.0,0.0,0.0,22.6640625,0.0,0.0,0.0,20.75,0.0,0.0,22.47265625,0.0,5.6304931640625
17.151,-0.0,-0.0078125,0.0,0.0,0.0,-0.0,-0.0,0.0,0.0,0.0,20.55859375,0.0,0.0,0.0,23.046875,0.0,0.0,0.0,22.6640625,0.0,0.0,0.0,20.3671875,0.0,0.0,22.6640625,0.0,5.6304931640625
17.312,-0.0,-0.0078125,0.0,0.0,0.0,-0.0,-0.0,0.0,0.0,0.0,20.17578125,0.0,0.0,0.0,22.6640625,0.0,0.0,0.0,23.4296875,0.0,0.0,0.0,20.55859375,0.0,0.0,22.28125,0.0,5.6304931640625
17.48,-0.0,-0.0078125,0.0,0.0,0.0,-0.0,-0.0,0.0,0.0,0.0,20.75,0.0,0.0,0.0,23.4296875,0.0,0.0,0.0,22.6640625,0.0,0.0,0.0,21.1328125,0.0,0.0,22.47265625,0.0,5.6304931640625
17.652,-0.0,-0.0078125,0.0,0.0,0.0,-0.0,-0.0,0.0,0.0,0.0,20.55859375,0.0,0.0,0.0,22.85546875,0.0,0.0,0.0,22.47265625,0.0,0.0,0.0,20.94140625,0.0,0.0,22.6640625,0.0,5.6207122802734375
17.813,-0.0,-0.0078125,0.0,0.0,0.0,-0.0,-0.0,0.0,0.0,0.0,20.3671875,0.0,0.0,0.0,23.046875,0.0,0.0,0.0,23.046875,0.0,0.0,0.0,20.75,0.0,0.0,22.28125,0.0,5.6304931640625
17.961,-0.0,-0.0078125,0.0,0.0,0.0,-0.0,-0.0,0.0,0.0,0.0,19.984375,0.0,0.0,0.0,22.85546875,0.0,0.0,0.0,23.046875,0.0,0.0,0.0,20.3671875,0.0,0.0,22.28125,0.0,5.6207122802734375
18.131,-0.0,-0.0078125,0.0,0.0,0.0,-0.0,-0.0,0.0,0.0,0.0,21.70703125,0.0,0.0,0.0,23.046875,0.0,0.0,0.0,22.6640625,0.0,0.0,0.0,21.1328125,0.0,0.0,22.6640625,0.0,5.6207122802734375
18.291,-0.0,-0.0078125,0.0,0.0,0.0,-0.0,-0.0,0.0,0.0,0.0,20.55859375,0.0,0.0,0.0,23.4296875,0.0,0.0,0.0,22.28125,0.0,0.0,0.0,20.94140625,0.0,0.0,22.6640625,0.0,5.6207122802734375
18.451,-0.0,-0.0078125,0.0,0.0,0.0,-0.0,-0.0,0.0,0.0,0.0,20.55859375,0.0,0.0,0.0,22.85546875,0.0,0.0,0.0,22.85546875,0.0,0.0,0.0,21.1328125,0.0,0.0,22.28125,0.0,5.6402587890625
S: 18.493 159508815510 Fired
18.598,-0.0,-0.0078125,0.0,0.0,0.0,-0.0,-0.0,0.0,0.0,0.0,19.79296875,0.0,0.0,0.0,23.23828125,0.0,0.0,0.0,22.47265625,0.0,0.0,0.0,21.1328125,0.0,0.0,22.28125,0.0,5.19061279296875
18.748,-0.0,-0.0078125,0.0,0.0,0.0,-0.0,-0.0,0.0,0.0,0.0,20.3671875,0.0,0.0,0.0,23.046875,-9.574600219726562,0.0,0.0,22.85546875,0.0,0.0,0.0,20.75,0.0,0.0,22.6640625,0.0,5.19061279296875
18.902,-0.0,-0.0078125,0.0,0.0,0.0,-0.0,-0.0,0.0,0.0,0.0,20.55859375,0.0,0.0,0.0,23.046875,-5.5862884521484375,0.0,0.0,22.6640625,0.0,0.0,0.0,21.32421875,0.0,0.0,22.28125,0.0,5.5229644775390625
19.062,-0.0,-0.0078125,0.0,0.0,0.0,-0.0,-0.0,0.0,0.0,0.0,21.32421875,0.0,0.0,0.0,24.1953125,0.0,0.0,0.0,22.85546875,0.0,0.0,0.0,20.75,0.0,0.0,22.6640625,0.0,5.69891357421875
19.328,-0.0,-0.0078125,0.0,0.0,0.0,-0.0,-0.0,0.0,0.0,0.0,20.55859375,0.0,0.0,0.0,22.6640625,0.0,0.0,0.0,22.6640625,0.0,0.0,0.0,21.1328125,0.0,0.0,22.6640625,0.0,5.728240966796875
19.472,-0.0,-0.0078125,0.0,0.0,0.0,-0.0,-0.0,0.0,0.0,0.0,20.17578125,0.0,0.0,0.0,23.046875,0.0,0.0,0.0,22.28125,0.0,0.0,0.0,20.75,0.0,0.0,22.6640625,0.0,5.728240966796875
19.611,-0.0,-0.0078125,0.0,0.0,0.0,-0.0,-0.0,0.0,0.0,0.0,19.984375,0.0,0.0,0.0,22.85546875,0.0,0.0,0.0,22.6640625,0.0,0.0,0.0,21.1328125,0.0,0.0,21.8984375,0.0,5.728240966796875
19.751,-0.0,-0.0078125,0.0,0.0,0.0,-0.0,-0.0,0.0,0.0,0.0,20.3671875,0.0,0.0,0.0,23.046875,0.0,0.0,0.0,23.046875,0.0,0.0,0.0,21.1328125,0.0,0.0,22.6640625,0.0,5.669586181640625
19.897,-0.0,-0.0078125,0.0,0.0,0.0,-0.0,-0.0,0.0,0.0,0.0,20.55859375,0.0,0.0,0.0,22.85546875,0.0,0.0,0.0,23.046875,0.0,0.0,0.0,21.1328125,0.0,0.0,23.046875,0.0,5.669586181640625
20.053,-0.0,-0.0078125,0.0,0.0,0.0,-0.0,-0.0,0.0,0.0,0.0,20.75,0.0,0.0,0.0,22.85546875,0.0,0.0,0.0,22.6640625,0.0,0.0,0.0,20.3671875,0.0,0.0,22.28125,0.0,5.669586181640625
20.219,-0.0,-0.0078125,0.0,0.0,0.0,-0.0,-0.0,0.0,0.0,0.0,20.3671875,0.0,0.0,0.0,23.23828125,0.0,0.0,0.0,22.08984375,0.0,0.0,0.0,20.55859375,0.0,0.0,22.47265625,0.0,5.659820556640625
20.358,-0.0,-0.0078125,0.0,0.0,0.0,-0.0,-0.0,0.0,0.0,0.0,20.94140625,0.0,0.0,0.0,23.046875,0.0,0.0,0.0,22.6640625,0.0,0.0,0.0,20.55859375,0.0,0.0,22.6640625,0.0,5.669586181640625
20.513,-0.0,-0.0078125,0.0,0.0,0.0,-0.0,-0.0,0.0,0.0,0.0,20.75,0.0,0.0,0.0,22.85546875,0.0,0.0,0.0,23.23828125,0.0,0.0,0.0,21.32421875,0.0,0.0,22.6640625,0.0,5.669586181640625
20.659,-0.0,-0.0078125,0.0,0.0,0.0,-0.0,-0.0,0.0,0.0,0.0,21.70703125,0.0,0.0,0.0,22.47265625,0.0,0.0,0.0,23.046875,0.0,0.0,0.0,21.32421875,0.0,0.0,22.6640625,0.0,5.659820556640625
20.81,-0.0,-0.0078125,0.0,0.0,0.0,-0.0,-0.0,0.0,0.0,0.0,21.32421875,0.0,0.0,0.0,23.23828125,0.0,0.0,0.0,22.85546875,0.0,0.0,0.0,20.75,0.0,0.0,22.6640625,0.0,5.669586181640625
20.962,-0.0,-0.0078125,0.0,0.0,0.0,-0.0,-0.0,0.0,0.0,0.0,20.3671875,0.0,0.0,0.0,23.62109375,0.0,0.0,0.0,22.6640625,0.0,0.0,0.0,20.3671875,0.0,0.0,22.85546875,0.0,5.669586181640625
21.117,-0.0,-0.0078125,0.0,0.0,0.0,-0.0,-0.0,0.0,0.0,0.0,21.1328125,0.0,0.0,0.0,24.1953125,0.0,0.0,0.0,22.85546875,0.0,0.0,0.0,21.515625,0.0,0.0,23.8125,0.0,5.669586181640625
21.257,-0.0,-0.0078125,0.0,0.0,0.0,-0.0,-0.0,0.0,0.0,0.0,20.55859375,0.0,0.0,0.0,22.6640625,0.0,0.0,0.0,22.85546875,0.0,0.0,0.0,21.1328125,0.0,0.0,22.28125,0.0,5.669586181640625
21.411,-0.0,-0.0078125,0.0,0.0,0.0,-0.0,-0.0,0.0,0.0,0.0,20.17578125,0.0,0.0,0.0,22.6640625,0.0,0.0,0.0,23.046875,0.0,0.0,0.0,20.75,0.0,0.0,22.6640625,0.0,5.659820556640625
21.562,-0.0,-0.0078125,0.0,0.0,0.0,-0.0,-0.0,0.0,0.0,0.0,20.3671875,0.0,0.0,0.0,23.046875,0.0,0.0,0.0,22.6640625,0.0,0.0,0.0,21.1328125,0.0,0.0,22.6640625,0.0,5.669586181640625
21.717,-0.0,-0.0078125,0.0,0.0,0.0,-0.0,-0.0,0.0,0.0,0.0,20.17578125,0.0,0.0,0.0,23.4296875,0.0,0.0,0.0,23.4296875,0.0,0.0,0.0,20.94140625,0.0,0.0,22.28125,0.0,5.659820556640625
21.869,-0.0,-0.0078125,0.0,0.0,0.0,-0.0,-0.0,0.0,0.0,0.0,20.55859375,0.0,0.0,0.0,23.23828125,0.0,0.0,0.0,22.85546875,0.0,0.0,0.0,21.1328125,0.0,0.0,23.4296875,0.0,5.669586181640625
22.017,-0.0,-0.0078125,0.0,0.0,0.0,-0.0,-0.0,0.0,0.0,0.0,20.17578125,0.0,0.0,0.0,22.85546875,0.0,0.0,0.0,22.85546875,0.0,0.0,0.0,21.515625,0.0,0.0,23.23828125,0.0,5.6793670654296875
22.17,-0.0,-0.0078125,0.0,0.0,0.0,-0.0,-0.0,0.0,0.0,0.0,20.3671875,0.0,0.0,0.0,23.23828125,0.0,0.0,0.0,23.046875,0.0,0.0,0.0,20.75,0.0,0.0,23.046875,0.0,5.669586181640625
22.319,-0.0,-0.0078125,0.0,0.0,0.0,-0.0,-0.0,0.0,0.0,0.0,19.984375,0.0,0.0,0.0,21.70703125,0.0,0.0,0.0,22.85546875,0.0,0.0,0.0,20.75,0.0,0.0,22.47265625,0.0,5.669586181640625
22.469,-0.0,-0.0078125,0.0,0.0,0.0,-0.0,-0.0,0.0,0.0,0.0,20.75,0.0,0.0,0.0,24.00390625,0.0,0.0,0.0,22.85546875,0.0,0.0,0.0,20.55859375,0.0,0.0,22.85546875,0.0,5.659820556640625
22.628,-0.0,-0.0078125,0.0,0.0,0.0,-0.0,-0.0,0.0,0.0,0.0,21.1328125,0.0,0.0,0.0,22.6640625,0.0,0.0,0.0,22.85546875,0.0,0.0,0.0,21.1328125,0.0,0.0,22.85546875,0.0,5.669586181640625
22.779,-0.0,-0.0078125,0.0,0.0,0.0,-0.0,-0.0,0.0,0.0,0.0,21.8984375,0.0,0.0,0.0,23.4296875,0.0,0.0,0.0,23.23828125,0.0,0.0,0.0,20.94140625,0.0,0.0,22.6640625,0.0,5.659820556640625
22.917,-0.0,-0.0078125,0.0,0.0,0.0,-0.0,-0.0,0.0,0.0,0.0,20.75,0.0,0.0,0.0,23.23828125,0.0,0.0,0.0,22.85546875,0.0,0.0,0.0,20.94140625,0.0,0.0,22.47265625,0.0,5.669586181640625
23.07,-0.0,-0.0078125,0.0,0.0,0.0,-0.0,-0.0,0.0,0.0,0.0,21.515625,0.0,0.0,0.0,23.4296875,0.0,0.0,0.0,23.4296875,0.0,0.0,0.0,20.94140625,0.0,0.0,23.046875,0.0,5.669586181640625
23.232,-0.0,-0.0078125,0.0,0.0,0.0,-0.0,-0.0,0.0,0.0,0.0,20.94140625,0.0,0.0,0.0,23.046875,0.0,0.0,0.0,22.47265625,0.0,0.0,0.0,20.75,0.0,0.0,22.6640625,0.0,5.669586181640625
23.39,-0.0,-0.0078125,0.0,0.0,0.0,-0.0,-0.0,0.0,0.0,0.0,20.17578125,0.0,0.0,0.0,22.85546875,0.0,0.0,0.0,23.4296875,0.0,0.0,0.0,20.55859375,0.0,0.0,22.28125,0.0,5.669586181640625
23.538,-0.0,-0.0078125,0.0,0.0,0.0,-0.0,-0.0,0.0,0.0,0.0,19.21875,0.0,0.0,0.0,23.4296875,0.0,0.0,0.0,22.85546875,0.0,0.0,0.0,20.75,0.0,0.0,22.28125,0.0,5.659820556640625
23.689,-0.0,-0.0078125,0.0,0.0,0.0,-0.0,-0.0,0.0,0.0,0.0,20.17578125,0.0,0.0,0.0,23.4296875,0.0,0.0,0.0,22.85546875,0.0,0.0,0.0,21.1328125,0.0,0.0,22.85546875,0.0,5.669586181640625
23.839,-0.0,-0.0078125,0.0,0.0,0.0,-0.0,-0.0,0.0,0.0,0.0,20.75,0.0,0.0,0.0,23.046875,0.0,0.0,0.0,23.23828125,0.0,0.0,0.0,20.75,0.0,0.0,24.38671875,0.0,5.669586181640625
23.99,-0.0,-0.0078125,0.0,0.0,0.0,-0.0,-0.0,0.0,0.0,0.0,20.94140625,0.0,0.0,0.0,23.046875,0.0,0.0,0.0,22.28125,0.0,0.0,0.0,21.1328125,0.0,0.0,22.28125,0.0,5.669586181640625
24.138,-0.0,-0.0078125,0.0,0.0,0.0,-0.0,-0.0,0.0,0.0,0.0,20.3671875,0.0,0.0,0.0,23.046875,0.0,0.0,0.0,22.6640625,0.0,0.0,0.0,20.75,0.0,0.0,22.08984375,0.0,5.6793670654296875
24.278,-0.0,-0.0078125,0.0,0.0,0.0,-0.0,-0.0,0.0,0.0,0.0,20.75,0.0,0.0,0.0,23.62109375,0.0,0.0,0.0,22.47265625,0.0,0.0,0.0,21.1328125,0.0,0.0,21.8984375,0.0,5.659820556640625
24.417,-0.0,-0.0078125,0.0,0.0,0.0,-0.0,-0.0,0.0,0.0,0.0,20.55859375,0.0,0.0,0.0,23.4296875,0.0,0.0,0.0,22.47265625,0.0,0.0,0.0,20.55859375,0.0,0.0,22.85546875,0.0,5.669586181640625
24.563,-0.0,-0.0078125,0.0,0.0,0.0,-0.0,-0.0,0.0,0.0,0.0,20.75,0.0,0.0,0.0,23.046875,0.0,0.0,0.0,22.85546875,0.0,0.0,0.0,20.94140625,0.0,0.0,23.8125,0.0,5.669586181640625
24.711,-0.0,-0.0078125,0.0,0.0,0.0,-0.0,-0.0,0.0,0.0,0.0,20.94140625,0.0,0.0,0.0,23.8125,0.0,0.0,0.0,22.47265625,0.0,0.0,0.0,20.55859375,0.0,0.0,23.046875,0.0,5.669586181640625
24.856,-0.0,-0.0078125,0.0,0.0,0.0,-0.0,-0.0,0.0,0.0,0.0,20.55859375,0.0,0.0,0.0,22.6640625,0.0,0.0,0.0,22.6640625,0.0,0.0,0.0,20.55859375,0.0,0.0,23.046875,0.0,5.669586181640625
25.017,-0.0,-0.0078125,0.0,0.0,0.0,-0.0,-0.0,0.0,0.0,0.0,21.1328125,0.0,0.0,0.0,23.23828125,0.0,0.0,0.0,22.47265625,0.0,0.0,0.0,21.70703125,0.0,0.0,24.1953125,0.0,5.669586181640625
25.175,-0.0,-0.0078125,0.0,0.0,0.0,-0.0,-0.0,0.0,0.0,0.0,20.55859375,0.0,0.0,0.0,24.00390625,0.0,0.0,0.0,22.47265625,0.0,0.0,0.0,20.94140625,0.0,0.0,23.046875,0.0,5.669586181640625
25.332,-0.0,-0.0078125,0.0,0.0,0.0,-0.0,-0.0,0.0,0.0,0.0,19.984375,0.0,0.0,0.0,23.4296875,0.0,0.0,0.0,22.6640625,0.0,0.0,0.0,21.32421875,0.0,0.0,22.6640625,0.0,5.669586181640625
25.489,-0.0,-0.0078125,0.0,0.0,0.0,-0.0,-0.0,0.0,0.0,0.0,20.3671875,0.0,0.0,0.0,23.23828125,0.0,0.0,0.0,22.6640625,0.0,0.0,0.0,20.17578125,0.0,0.0,22.85546875,0.0,5.659820556640625
25.632,-0.0,-0.0078125,0.0,0.0,0.0,-0.0,-0.0,0.0,0.0,0.0,21.1328125,0.0,0.0,0.0,22.85546875,0.0,0.0,0.0,22.85546875,0.0,0.0,0.0,20.94140625,0.0,0.0,23.046875,0.0,5.669586181640625
25.777,-0.0,-0.0078125,0.0,0.0,0.0,-0.0,-0.0,0.0,0.0,0.0,20.55859375,0.0,0.0,0.0,23.4296875,0.0,0.0,0.0,22.47265625,0.0,0.0,0.0,20.75,0.0,0.0,21.8984375,0.0,5.669586181640625
25.929,-0.0,-0.0078125,0.0,0.0,0.0,-0.0,-0.0,0.0,0.0,0.0,20.75,0.0,0.0,0.0,23.23828125,0.0,0.0,0.0,22.85546875,0.0,0.0,0.0,20.94140625,0.0,0.0,23.4296875,0.0,5.669586181640625
26.078,-0.0,-0.0078125,0.0,0.0,0.0,-0.0,-0.0,0.0,0.0,0.0,20.3671875,0.0,0.0,0.0,23.23828125,0.0,0.0,0.0,22.6640625,0.0,0.0,0.0,21.515625,0.0,0.0,21.1328125,0.0,5.669586181640625
26.237,-0.0,-0.0078125,0.0,0.0,0.0,-0.0,-0.0,0.0,0.0,0.0,20.75,0.0,0.0,0.0,23.23828125,0.0,0.0,0.0,22.85546875,0.0,0.0,0.0,21.1328125,0.0,0.0,22.47265625,0.0,5.669586181640625
26.39,-0.0,-0.0078125,0.0,0.0,0.0,-0.0,-0.0,0.0,0.0,0.0,20.3671875,0.0,0.0,0.0,23.046875,0.0,0.0,0.0,23.23828125,0.0,0.0,0.0,20.94140625,0.0,0.0,23.23828125,0.0,5.659820556640625
26.538,-0.0,-0.0078125,0.0,0.0,0.0,-0.0,-0.0,0.0,0.0,0.0,19.984375,0.0,0.0,0.0,23.046875,0.0,0.0,0.0,23.046875,0.0,0.0,0.0,21.1328125,0.0,0.0,23.046875,0.0,5.669586181640625
26.689,-0.0,-0.0078125,0.0,0.0,0.0,-0.0,-0.0,0.0,0.0,0.0,20.75,0.0,0.0,0.0,23.046875,0.0,0.0,0.0,22.6640625,0.0,0.0,0.0,21.70703125,0.0,0.0,22.47265625,0.0,5.659820556640625
26.848,-0.0,-0.0078125,0.0,0.0,0.0,-0.0,-0.0,0.0,0.0,0.0,20.17578125,0.0,0.0,0.0,22.85546875,0.0,0.0,0.0,22.85546875,0.0,0.0,0.0,21.1328125,0.0,0.0,22.6640625,0.0,5.659820556640625
27.007,-0.0,-0.0078125,0.0,0.0,0.0,-0.0,-0.0,0.0,0.0,0.0,21.1328125,0.0,0.0,0.0,23.23828125,0.0,0.0,0.0,22.6640625,0.0,0.0,0.0,20.94140625,0.0,0.0,23.046875,0.0,5.669586181640625
27.158,-0.0,-0.0078125,0.0,0.0,0.0,-0.0,-0.0,0.0,0.0,0.0,20.94140625,0.0,0.0,0.0,23.62109375,0.0,0.0,0.0,23.046875,0.0,0.0,0.0,20.75,0.0,0.0,23.046875,0.0,5.669586181640625
27.317,-0.0,-0.0078125,0.0,0.0,0.0,-0.0,-0.0,0.0,0.0,0.0,20.94140625,0.0,0.0,0.0,22.47265625,0.0,0.0,0.0,22.85546875,0.0,0.0,0.0,20.55859375,0.0,0.0,22.85546875,0.0,5.669586181640625
27.47,-0.0,-0.0078125,0.0,0.0,0.0,-0.0,-0.0,0.0,0.0,0.0,20.55859375,0.0,0.0,0.0,23.62109375,0.0,0.0,0.0,23.046875,0.0,0.0,0.0,21.1328125,0.0,0.0,22.85546875,0.0,5.659820556640625
27.618,-0.0,-0.0078125,0.0,0.0,0.0,-0.0,-0.0,0.0,0.0,0.0,20.3671875,0.0,0.0,0.0,22.6640625,0.0,0.0,0.0,22.85546875,0.0,0.0,0.0,20.94140625,0.0,0.0,23.23828125,0.0,5.6793670654296875
27.778,-0.0,-0.0078125,0.0,0.0,0.0,-0.0,-0.0,0.0,0.0,0.0,22.28125,0.0,0.0,0.0,23.23828125,0.0,0.0,0.0,23.046875,0.0,0.0,0.0,20.75,0.0,0.0,23.8125,0.0,5.669586181640625
27.93,-0.0,-0.0078125,0.0,0.0,0.0,-0.0,-0.0,0.0,0.0,0.0,20.94140625,0.0,0.0,0.0,23.046875,0.0,0.0,0.0,23.23828125,0.0,0.0,0.0,21.32421875,0.0,0.0,22.6640625,0.0,5.669586181640625
28.08,-0.0,-0.0078125,0.0,0.0,0.0,-0.0,-0.0,0.0,0.0,0.0,20.94140625,0.0,0.0,0.0,23.046875,0.0,0.0,0.0,23.046875,0.0,0.0,0.0,21.32421875,0.0,0.0,23.23828125,0.0,5.669586181640625
28.23,-0.0,-0.0078125,0.0,0.0,0.0,-0.0,-0.0,0.0,0.0,0.0,20.55859375,0.0,0.0,0.0,23.62109375,0.0,0.0,0.0,22.47265625,0.0,0.0,0.0,21.515625,0.0,0.0,23.23828125,0.0,5.669586181640625
28.384,-0.0,-0.0078125,0.0,0.0,0.0,-0.0,-0.0,0.0,0.0,0.0,20.55859375,0.0,0.0,0.0,23.23828125,0.0,0.0,0.0,22.85546875,0.0,0.0,0.0,21.32421875,0.0,0.0,22.85546875,0.0,5.669586181640625
28.549,-0.0,-0.0078125,0.0,0.0,0.0,-0.0,-0.0,0.0,0.0,0.0,20.94140625,0.0,0.0,0.0,23.62109375,0.0,0.0,0.0,23.046875,0.0,0.0,0.0,21.70703125,0.0,0.0,22.85546875,0.0,5.669586181640625
28.709,-0.0,-0.0078125,0.0,0.0,0.0,-0.0,-0.0,0.0,0.0,0.0,21.1328125,0.0,0.0,0.0,23.4296875,0.0,0.0,0.0,22.85546875,0.0,0.0,0.0,20.94140625,0.0,0.0,23.62109375,0.0,5.669586181640625
28.859,-0.0,-0.0078125,0.0,0.0,0.0,-0.0,-0.0,0.0,0.0,0.0,20.55859375,0.0,0.0,0.0,22.47265625,0.0,0.0,0.0,22.85546875,0.0,0.0,0.0,21.32421875,0.0,0.0,22.47265625,0.0,5.659820556640625
29.009,-0.0,-0.0078125,0.0,0.0,0.0,-0.0,-0.0,0.0,0.0,0.0,20.75,0.0,0.0,0.0,22.85546875,0.0,0.0,0.0,22.6640625,0.0,0.0,0.0,20.75,0.0,0.0,21.8984375,0.0,5.669586181640625
29.157,-0.0,-0.0078125,0.0,0.0,0.0,-0.0,-0.0,0.0,0.0,0.0,21.515625,0.0,0.0,0.0,23.23828125,0.0,0.0,0.0,22.85546875,0.0,0.0,0.0,21.1328125,0.0,0.0,22.47265625,0.0,5.669586181640625
29.329,-0.0,-0.0078125,0.0,0.0,0.0,-0.0,-0.0,0.0,0.0,0.0,20.94140625,0.0,0.0,0.0,23.23828125,0.0,0.0,0.0,23.23828125,0.0,0.0,0.0,21.1328125,0.0,0.0,23.23828125,0.0,5.669586181640625
29.476,-0.0,-0.0078125,0.0,0.0,0.0,-0.0,-0.0,0.0,0.0,0.0,21.32421875,0.0,0.0,0.0,23.62109375,0.0,0.0,0.0,23.23828125,0.0,0.0,0.0,20.75,0.0,0.0,22.47265625,0.0,5.669586181640625
29.632,-0.0,-0.0078125,0.0,0.0,0.0,-0.0,-0.0,0.0,0.0,0.0,21.1328125,0.0,0.0,0.0,22.85546875,0.0,0.0,0.0,22.6640625,0.0,0.0,0.0,20.94140625,0.0,0.0,21.515625,0.0,5.669586181640625
29.79,-0.0,-0.0078125,0.0,0.0,0.0,-0.0,-0.0,0.0,0.0,0.0,20.94140625,0.0,0.0,0.0,22.85546875,0.0,0.0,0.0,23.046875,0.0,0.0,0.0,21.1328125,0.0,0.0,23.4296875,0.0,5.659820556640625
29.938,-0.0,-0.0078125,0.0,0.0,0.0,-0.0,-0.0,0.0,0.0,0.0,20.17578125,0.0,0.0,0.0,23.4296875,0.0,0.0,0.0,23.046875,0.0,0.0,0.0,20.55859375,0.0,0.0,23.23828125,0.0,5.669586181640625
30.09,-0.0,-0.0078125,0.0,0.0,0.0,-0.0,-0.0,0.0,0.0,0.0,20.17578125,0.0,0.0,0.0,22.85546875,0.0,0.0,0.0,22.6640625,0.0,0.0,0.0,21.1328125,0.0,0.0,22.08984375,0.0,5.659820556640625
30.237,-0.0,-0.0078125,0.0,0.0,0.0,-0.0,-0.0,0.0,0.0,0.0,20.55859375,0.0,0.0,0.0,23.23828125,0.0,0.0,0.0,22.28125,0.0,0.0,0.0,21.32421875,0.0,0.0,22.85546875,0.0,5.669586181640625
30.389,-0.0,-0.0078125,0.0,0.0,0.0,-0.0,-0.0,0.0,0.0,0.0,21.32421875,0.0,0.0,0.0,23.23828125,0.0,0.0,0.0,22.85546875,0.0,0.0,0.0,20.75,0.0,0.0,23.046875,0.0,5.669586181640625
30.543,-0.0,-0.0078125,0.0,0.0,0.0,-0.0,-0.0,0.0,0.0,0.0,20.3671875,0.0,0.0,0.0,23.046875,0.0,0.0,0.0,23.23828125,0.0,0.0,0.0,21.515625,0.0,0.0,23.23828125,0.0,5.669586181640625
30.697,-0.0,-0.0078125,0.0,0.0,0.0,-0.0,-0.0,0.0,0.0,0.0,20.75,0.0,0.0,0.0,23.8125,0.0,0.0,0.0,23.046875,0.0,0.0,0.0,21.1328125,0.0,0.0,22.85546875,0.0,5.659820556640625
30.85,-0.0,-0.0078125,0.0,0.0,0.0,-0.0,-0.0,0.0,0.0,0.0,20.55859375,0.0,0.0,0.0,23.23828125,0.0,0.0,0.0,23.23828125,0.0,0.0,0.0,21.32421875,0.0,0.0,22.85546875,0.0,5.6793670654296875
31.016,-0.0,-0.0078125,0.0,0.0,0.0,-0.0,-0.0,0.0,0.0,0.0,20.55859375,0.0,0.0,0.0,23.046875,0.0,0.0,0.0,23.23828125,0.0,0.0,0.0,21.1328125,0.0,0.0,23.046875,0.0,5.669586181640625
31.171,-0.0,-0.0078125,0.0,0.0,0.0,-0.0,-0.0,0.0,0.0,0.0,21.1328125,0.0,0.0,0.0,23.4296875,0.0,0.0,0.0,23.4296875,0.0,0.0,0.0,20.94140625,0.0,0.0,23.4296875,0.0,5.669586181640625
31.33,-0.0,-0.0078125,0.0,0.0,0.0,-0.0,-0.0,0.0,0.0,0.0,20.55859375,0.0,0.0,0.0,22.47265625,0.0,0.0,0.0,22.6640625,0.0,0.0,0.0,20.3671875,0.0,0.0,21.515625,0.0,5.669586181640625
31.478,-0.0,-0.0078125,0.0,0.0,0.0,-0.0,-0.0,0.0,0.0,0.0,20.55859375,0.0,0.0,0.0,24.00390625,0.0,0.0,0.0,22.85546875,0.0,0.0,0.0,20.94140625,0.0,0.0,22.6640625,0.0,5.659820556640625
31.631,-0.0,-0.0078125,0.0,0.0,0.0,-0.0,-0.0,0.0,0.0,0.0,20.55859375,0.0,0.0,0.0,23.8125,0.0,0.0,0.0,23.23828125,0.0,0.0,0.0,21.515625,0.0,0.0,22.6640625,0.0,5.669586181640625
31.79,-0.0,-0.0078125,0.0,0.0,0.0,-0.0,-0.0,0.0,0.0,0.0,21.1328125,0.0,0.0,0.0,22.85546875,0.0,0.0,0.0,23.046875,0.0,0.0,0.0,20.3671875,0.0,0.0,22.85546875,0.0,5.669586181640625
31.938,-0.0,-0.0078125,0.0,0.0,0.0,-0.0,-0.0,0.0,0.0,0.0,20.75,0.0,0.0,0.0,22.6640625,0.0,0.0,0.0,22.47265625,0.0,0.0,0.0,21.32421875,0.0,0.0,23.046875,0.0,5.669586181640625
32.09,-0.0,-0.0078125,0.0,0.0,0.0,-0.0,-0.0,0.0,0.0,0.0,21.32421875,0.0,0.0,0.0,23.23828125,0.0,0.0,0.0,23.046875,0.0,0.0,0.0,21.32421875,0.0,0.0,23.046875,0.0,5.669586181640625
32.251,-0.0,-0.0078125,0.0,0.0,0.0,-0.0,-0.0,0.0,0.0,0.0,22.08984375,0.0,0.0,0.0,23.62109375,0.0,0.0,0.0,23.23828125,0.0,0.0,0.0,21.1328125,0.0,0.0,22.47265625,0.0,5.659820556640625
32.391,-0.0,-0.0078125,0.0,0.0,0.0,-0.0,-0.0,0.0,0.0,0.0,20.75,0.0,0.0,0.0,24.1953125,0.0,0.0,0.0,22.85546875,0.0,0.0,0.0,20.94140625,0.0,0.0,23.23828125,0.0,5.659820556640625
32.532,-0.0,-0.0078125,0.0,0.0,0.0,-0.0,-0.0,0.0,0.0,0.0,22.28125,0.0,0.0,0.0,23.62109375,0.0,0.0,0.0,22.6640625,0.0,0.0,0.0,21.1328125,0.0,0.0,22.6640625,0.0,5.659820556640625
32.677,-0.0,-0.0078125,0.0,0.0,0.0,-0.0,-0.0,0.0,0.0,0.0,21.1328125,0.0,0.0,0.0,23.8125,0.0,0.0,0.0,22.6640625,0.0,0.0,0.0,21.1328125,0.0,0.0,22.85546875,0.0,5.669586181640625
32.831,-0.0,-0.0078125,0.0,0.0,0.0,-0.0,-0.0,0.0,0.0,0.0,21.32421875,0.0,0.0,0.0,22.47265625,0.0,0.0,0.0,23.046875,0.0,0.0,0.0,20.94140625,0.0,0.0,23.4296875,0.0,5.669586181640625
32.977,-0.0,-0.0078125,0.0,0.0,0.0,-0.0,-0.0,0.0,0.0,0.0,20.3671875,0.0,0.0,0.0,23.4296875,0.0,0.0,0.0,23.23828125,0.0,0.0,0.0,21.1328125,0.0,0.0,22.28125,0.0,5.669586181640625
33.128,-0.0,-0.0078125,0.0,0.0,0.0,-0.0,-0.0,0.0,0.0,0.0,21.1328125,0.0,0.0,0.0,23.23828125,0.0,0.0,0.0,23.046875,0.0,0.0,0.0,20.55859375,0.0,0.0,22.85546875,0.0,5.669586181640625
33.264,-0.0,-0.0078125,0.0,0.0,0.0,-0.0,-0.0,0.0,0.0,0.0,20.55859375,0.0,0.0,0.0,23.046875,0.0,0.0,0.0,22.85546875,0.0,0.0,0.0,21.1328125,0.0,0.0,22.28125,0.0,5.669586181640625
33.419,-0.0,-0.0078125,0.0,0.0,0.0,-0.0,-0.0,0.0,0.0,0.0,20.94140625,0.0,0.0,0.0,23.23828125,0.0,0.0,0.0,23.046875,0.0,0.0,0.0,21.32421875,0.0,0.0,22.6640625,0.0,5.669586181640625
33.571,-0.0,-0.0078125,0.0,0.0,0.0,-0.0,-0.0,0.0,0.0,0.0,19.41015625,0.0,0.0,0.0,23.23828125,0.0,0.0,0.0,23.23828125,0.0,0.0,0.0,21.1328125,0.0,0.0,23.4296875,0.0,5.659820556640625
33.719,-0.0,-0.0078125,0.0,0.0,0.0,-0.0,-0.0,0.0,0.0,0.0,20.55859375,0.0,0.0,0.0,23.23828125,0.0,0.0,0.0,23.046875,0.0,0.0,0.0,20.75,0.0,0.0,22.28125,0.0,5.659820556640625
33.87,-0.0,-0.0078125,0.0,0.0,0.0,-0.0,-0.0,0.0,0.0,0.0,20.75,0.0,0.0,0.0,24.1953125,0.0,0.0,0.0,23.4296875,0.0,0.0,0.0,20.75,0.0,0.0,22.08984375,0.0,5.669586181640625
34.019,-0.0,-0.0078125,0.0,0.0,0.0,-0.0,-0.0,0.0,0.0,0.0,20.55859375,0.0,0.0,0.0,23.23828125,0.0,0.0,0.0,23.046875,0.0,0.0,0.0,21.1328125,0.0,0.0,22.47265625,0.0,5.659820556640625
34.17,-0.0,-0.0078125,0.0,0.0,0.0,-0.0,-0.0,0.0,0.0,0.0,21.515625,0.0,0.0,0.0,23.8125,0.0,0.0,0.0,23.046875,0.0,0.0,0.0,21.1328125,0.0,0.0,22.85546875,0.0,5.669586181640625
34.319,-0.0,-0.0078125,0.0,0.0,0.0,-0.0,-0.0,0.0,0.0,0.0,20.75,0.0,0.0,0.0,23.4296875,0.0,0.0,0.0,23.046875,0.0,0.0,0.0,20.94140625,0.0,0.0,22.47265625,0.0,5.669586181640625
34.47,-0.0,-0.0078125,0.0,0.0,0.0,-0.0,-0.0,0.0,0.0,0.0,21.8984375,0.0,0.0,0.0,23.23828125,0.0,0.0,0.0,23.4296875,0.0,0.0,0.0,20.75,0.0,0.0,22.28125,0.0,5.659820556640625
34.608,-0.0,-0.0078125,0.0,0.0,0.0,-0.0,-0.0,0.0,0.0,0.0,20.75,0.0,0.0,0.0,23.046875,0.0,0.0,0.0,23.23828125,0.0,0.0,0.0,20.94140625,0.0,0.0,23.23828125,0.0,5.669586181640625
34.751,-0.0,-0.0078125,0.0,0.0,0.0,-0.0,-0.0,0.0,0.0,0.0,20.94140625,0.0,0.0,0.0,23.23828125,0.0,0.0,0.0,23.046875,0.0,0.0,0.0,21.32421875,0.0,0.0,22.85546875,0.0,5.669586181640625
34.892,-0.0,-0.0078125,0.0,0.0,0.0,-0.0,-0.0,0.0,0.0,0.0,21.1328125,0.0,0.0,0.0,23.4296875,0.0,0.0,0.0,23.046875,0.0,0.0,0.0,20.75,0.0,0.0,22.85546875,0.0,5.669586181640625
35.038,-0.0,-0.0078125,0.0,0.0,0.0,-0.0,-0.0,0.0,0.0,0.0,20.94140625,0.0,0.0,0.0,23.62109375,0.0,0.0,0.0,23.23828125,0.0,0.0,0.0,21.32421875,0.0,0.0,22.85546875,0.0,5.669586181640625
35.19,-0.0,-0.0078125,0.0,0.0,0.0,-0.0,-0.0,0.0,0.0,0.0,20.75,0.0,0.0,0.0,23.046875,0.0,0.0,0.0,22.85546875,0.0,0.0,0.0,21.515625,0.0,0.0,23.23828125,0.0,5.669586181640625
35.351,-0.0,-0.0078125,0.0,0.0,0.0,-0.0,-0.0,0.0,0.0,0.0,21.70703125,0.0,0.0,0.0,22.85546875,0.0,0.0,0.0,22.85546875,0.0,0.0,0.0,21.1328125,0.0,0.0,22.08984375,0.0,5.669586181640625
35.509,-0.0,-0.0078125,0.0,0.0,0.0,-0.0,-0.0,0.0,0.0,0.0,20.3671875,0.0,0.0,0.0,23.4296875,0.0,0.0,0.0,23.046875,0.0,0.0,0.0,21.1328125,0.0,0.0,22.85546875,0.0,5.659820556640625
35.658,-0.0,-0.0078125,0.0,0.0,0.0,-0.0,-0.0,0.0,0.0,0.0,20.94140625,0.0,0.0,0.0,23.4296875,0.0,0.0,0.0,23.23828125,0.0,0.0,0.0,21.515625,0.0,0.0,23.62109375,0.0,5.659820556640625
35.798,-0.0,-0.0078125,0.0,0.0,0.0,-0.0,-0.0,0.0,0.0,0.0,19.02734375,0.0,0.0,0.0,24.00390625,0.0,0.0,0.0,22.85546875,0.0,0.0,0.0,21.8984375,0.0,0.0,23.046875,0.0,5.659820556640625
35.951,-0.0,-0.0078125,0.0,0.0,0.0,-0.0,-0.0,0.0,0.0,0.0,21.70703125,0.0,0.0,0.0,23.62109375,0.0,0.0,0.0,22.85546875,0.0,0.0,0.0,21.515625,0.0,0.0,22.47265625,0.0,5.669586181640625
36.098,-0.0,-0.0078125,0.0,0.0,0.0,-0.0,-0.0,0.0,0.0,0.0,21.32421875,0.0,0.0,0.0,24.00390625,0.0,0.0,0.0,22.6640625,0.0,0.0,0.0,21.1328125,0.0,0.0,22.28125,0.0,5.669586181640625
36.25,-0.0,-0.0078125,0.0,0.0,0.0,-0.0,-0.0,0.0,0.0,0.0,20.75,0.0,0.0,0.0,23.23828125,0.0,0.0,0.0,22.85546875,0.0,0.0,0.0,20.55859375,0.0,0.0,23.8125,0.0,5.669586181640625
36.398,-0.0,-0.0078125,0.0,0.0,0.0,-0.0,-0.0,0.0,0.0,0.0,21.32421875,0.0,0.0,0.0,23.046875,0.0,0.0,0.0,23.23828125,0.0,0.0,0.0,21.1328125,0.0,0.0,23.8125,0.0,5.659820556640625
36.539,-0.0,-0.0078125,0.0,0.0,0.0,-0.0,-0.0,0.0,0.0,0.0,20.3671875,0.0,0.0,0.0,23.62109375,0.0,0.0,0.0,22.85546875,0.0,0.0,0.0,20.55859375,0.0,0.0,22.85546875,0.0,5.669586181640625
36.689,-0.0,-0.0078125,0.0,0.0,0.0,-0.0,-0.0,0.0,0.0,0.0,19.41015625,0.0,0.0,0.0,23.046875,0.0,0.0,0.0,23.046875,0.0,0.0,0.0,20.94140625,0.0,0.0,23.23828125,0.0,5.669586181640625
36.831,-0.0,-0.0078125,0.0,0.0,0.0,-0.0,-0.0,0.0,0.0,0.0,20.3671875,0.0,0.0,0.0,24.00390625,0.0,0.0,0.0,23.046875,0.0,0.0,0.0,21.1328125,0.0,0.0,23.62109375,0.0,5.669586181640625
36.979,-0.0,-0.0078125,0.0,0.0,0.0,-0.0,-0.0,0.0,0.0,0.0,20.55859375,0.0,0.0,0.0,23.62109375,0.0,0.0,0.0,23.62109375,0.0,0.0,0.0,20.3671875,0.0,0.0,23.046875,0.0,5.659820556640625
37.13,-0.0,-0.0078125,0.0,0.0,0.0,-0.0,-0.0,0.0,0.0,0.0,20.3671875,0.0,0.0,0.0,23.62109375,0.0,0.0,0.0,23.046875,0.0,0.0,0.0,21.32421875,0.0,0.0,21.8984375,0.0,5.659820556640625
37.277,-0.0,-0.0078125,0.0,0.0,0.0,-0.0,-0.0,0.0,0.0,0.0,21.515625,0.0,0.0,0.0,24.00390625,0.0,0.0,0.0,23.23828125,0.0,0.0,0.0,20.75,0.0,0.0,22.08984375,0.0,5.669586181640625
37.418,-0.0,-0.0078125,0.0,0.0,0.0,-0.0,-0.0,0.0,0.0,0.0,20.3671875,0.0,0.0,0.0,22.85546875,0.0,0.0,0.0,23.23828125,0.0,0.0,0.0,21.32421875,0.0,0.0,22.85546875,0.0,5.669586181640625
37.57,-0.0,-0.0078125,0.0,0.0,0.0,-0.0,-0.0,0.0,0.0,0.0,20.75,0.0,0.0,0.0,23.62109375,0.0,0.0,0.0,22.85546875,0.0,0.0,0.0,21.32421875,0.0,0.0,23.046875,0.0,5.669586181640625
37.711,-0.0,-0.0078125,0.0,0.0,0.0,-0.0,-0.0,0.0,0.0,0.0,20.75,0.0,0.0,0.0,22.6640625,0.0,0.0,0.0,23.046875,0.0,0.0,0.0,20.55859375,0.0,0.0,23.23828125,0.0,5.669586181640625
37.859,-0.0,-0.0078125,0.0,0.0,0.0,-0.0,-0.0,0.0,0.0,0.0,20.94140625,0.0,0.0,0.0,22.85546875,0.0,0.0,0.0,23.62109375,0.0,0.0,0.0,20.55859375,0.0,0.0,21.70703125,0.0,5.669586181640625
37.998,-0.0,-0.0078125,0.0,0.0,0.0,-0.0,-0.0,0.0,0.0,0.0,20.75,0.0,0.0,0.0,23.62109375,0.0,0.0,0.0,23.62109375,0.0,0.0,0.0,21.1328125,0.0,0.0,24.1953125,0.0,5.659820556640625
38.15,-0.0,-0.0078125,0.0,0.0,0.0,-0.0,-0.0,0.0,0.0,0.0,20.75,0.0,0.0,0.0,23.8125,0.0,0.0,0.0,23.23828125,0.0,0.0,0.0,20.94140625,0.0,0.0,22.85546875,0.0,5.669586181640625
38.309,-0.0,-0.0078125,0.0,0.0,0.0,-0.0,-0.0,0.0,0.0,0.0,21.1328125,0.0,0.0,0.0,24.00390625,0.0,0.0,0.0,23.4296875,0.0,0.0,0.0,20.3671875,0.0,0.0,22.6640625,0.0,5.669586181640625
38.451,-0.0,-0.0078125,0.0,0.0,0.0,-0.0,-0.0,0.0,0.0,0.0,21.32421875,0.0,0.0,0.0,23.4296875,0.0,0.0,0.0,23.4296875,0.0,0.0,0.0,21.1328125,0.0,0.0,23.046875,0.0,5.669586181640625
38.59,-0.0,-0.0078125,0.0,0.0,0.0,-0.0,-0.0,0.0,0.0,0.0,21.32421875,0.0,0.0,0.0,23.4296875,0.0,0.0,0.0,23.23828125,0.0,0.0,0.0,21.32421875,0.0,0.0,22.85546875,0.0,5.659820556640625
38.738,-0.0,-0.0078125,0.0,0.0,0.0,-0.0,-0.0,0.0,0.0,0.0,19.6015625,0.0,0.0,0.0,23.4296875,0.0,0.0,0.0,22.6640625,0.0,0.0,0.0,20.75,0.0,0.0,22.47265625,0.0,5.669586181640625
38.888,-0.0,-0.0078125,0.0,0.0,0.0,-0.0,-0.0,0.0,0.0,0.0,20.75,0.0,0.0,0.0,23.23828125,0.0,0.0,0.0,22.85546875,0.0,0.0,0.0,21.1328125,0.0,0.0,23.23828125,0.0,5.669586181640625
39.03,-0.0,-0.0078125,0.0,0.0,0.0,-0.0,-0.0,0.0,0.0,0.0,20.75,0.0,0.0,0.0,22.85546875,0.0,0.0,0.0,23.046875,0.0,0.0,0.0,21.1328125,0.0,0.0,22.85546875,0.0,5.669586181640625
39.169,-0.0,-0.0078125,0.0,0.0,0.0,-0.0,-0.0,0.0,0.0,0.0,20.55859375,0.0,0.0,0.0,23.046875,0.0,0.0,0.0,23.62109375,0.0,0.0,0.0,21.1328125,0.0,0.0,22.47265625,0.0,5.659820556640625
39.31,-0.0,-0.0078125,0.0,0.0,0.0,-0.0,-0.0,0.0,0.0,0.0,21.1328125,0.0,0.0,0.0,23.4296875,0.0,0.0,0.0,22.85546875,0.0,0.0,0.0,21.1328125,0.0,0.0,23.62109375,0.0,5.669586181640625
39.45,-0.0,-0.0078125,0.0,0.0,0.0,-0.0,-0.0,0.0,0.0,0.0,20.3671875,0.0,0.0,0.0,23.4296875,0.0,0.0,0.0,23.046875,0.0,0.0,0.0,20.94140625,0.0,0.0,22.47265625,0.0,5.669586181640625
39.599,-0.0,-0.0078125,0.0,0.0,0.0,-0.0,-0.0,0.0,0.0,0.0,21.515625,0.0,0.0,0.0,23.62109375,0.0,0.0,0.0,23.4296875,0.0,0.0,0.0,20.55859375,0.0,0.0,23.23828125,0.0,5.669586181640625
39.736,-0.0,-0.0078125,0.0,0.0,0.0,-0.0,-0.0,0.0,0.0,0.0,20.94140625,0.0,0.0,0.0,23.4296875,0.0,0.0,0.0,23.4296875,0.0,0.0,0.0,21.1328125,0.0,0.0,22.6640625,0.0,5.6793670654296875
39.876,-0.0,0.0,0.0,0.0,0.0,-0.0,-0.0,0.0,0.0,0.0,20.3671875,0.0,0.0,0.0,23.62109375,0.0,0.0,0.0,23.23828125,0.0,0.0,0.0,20.75,0.0,0.0,22.6640625,0.0,5.659820556640625
40.016,-0.0,0.0,0.0,0.0,0.0,-0.0,-0.0,0.0,0.0,0.0,21.1328125,0.0,0.0,0.0,23.62109375,0.0,0.0,0.0,23.23828125,0.0,0.0,0.0,20.94140625,0.0,0.0,23.046875,0.0,5.669586181640625
40.169,-0.0,0.0,0.0,0.0,0.0,-0.0,-0.0,0.0,0.0,0.0,21.32421875,0.0,0.0,0.0,23.23828125,0.0,0.0,0.0,22.85546875,0.0,0.0,0.0,21.1328125,0.0,0.0,22.85546875,0.0,5.659820556640625
40.318,-0.0,0.0,0.0,0.0,0.0,-0.0,-0.0,0.0,0.0,0.0,20.17578125,0.0,0.0,0.0,23.4296875,0.0,0.0,0.0,23.4296875,0.0,0.0,0.0,20.94140625,0.0,0.0,22.6640625,0.0,5.669586181640625
40.456,-0.0,0.0,0.0,0.0,0.0,-0.0,-0.0,0.0,0.0,0.0,20.94140625,0.0,0.0,0.0,23.4296875,0.0,0.0,0.0,23.046875,0.0,0.0,0.0,20.94140625,0.0,0.0,22.85546875,0.0,5.669586181640625
40.599,-0.0,0.0,0.0,0.0,0.0,-0.0,-0.0,0.0,0.0,0.0,20.17578125,0.0,0.0,0.0,23.8125,0.0,0.0,0.0,23.046875,0.0,0.0,0.0,20.55859375,0.0,0.0,21.70703125,0.0,5.659820556640625
40.736,-0.0,0.0,0.0,0.0,0.0,-0.0,-0.0,0.0,0.0,0.0,21.32421875,0.0,0.0,0.0,23.8125,0.0,0.0,0.0,23.62109375,0.0,0.0,0.0,21.1328125,0.0,0.0,23.4296875,0.0,5.669586181640625
40.876,-0.0,0.0,0.0,0.0,0.0,-0.0,-0.0,0.0,0.0,0.0,20.3671875,0.0,0.0,0.0,23.23828125,0.0,0.0,0.0,22.85546875,0.0,0.0,0.0,21.1328125,0.0,0.0,23.8125,0.0,5.669586181640625
41.016,0.0078125,0.0,0.0,0.0,0.0,-0.0,-0.0,0.0,0.0,0.0,20.55859375,0.0,0.0,0.0,23.23828125,0.0,0.0,0.0,23.23828125,0.0,0.0,0.0,20.94140625,0.0,0.0,22.47265625,0.0,5.669586181640625
41.156,0.0234375,0.0,0.0,0.0,0.0,-0.0,-0.0,0.0,0.0,0.0,20.55859375,0.0,0.0,0.0,24.38671875,0.0,0.0,0.0,22.85546875,0.0,0.0,0.0,21.32421875,0.0,0.0,22.6640625,0.0,5.659820556640625
41.31,0.046875,0.031496062992125984,0.0,0.0,0.0,-0.0,-0.0,0.0,0.0,0.0,21.1328125,0.0,0.0,0.0,25.15234375,0.0,0.0,0.0,23.4296875,0.0,0.0,0.0,21.1328125,0.0,0.0,22.28125,0.0,5.669586181640625
41.468,-0.015748031496062992,0.031496062992125984,0.0,0.0,0.0,-0.0,-0.0,0.0,0.0,0.0,20.75,0.0,0.0,0.0,23.046875,0.0,0.0,0.0,22.85546875,0.0,0.0,0.0,21.515625,0.0,0.0,22.47265625,0.0,5.669586181640625
41.63,-0.015748031496062992,0.031496062992125984,0.0,0.0,0.0,-0.0,-0.0,0.0,0.0,0.0,20.75,0.0,0.0,0.0,24.00390625,0.0,0.0,0.0,23.046875,0.0,0.0,0.0,20.94140625,0.0,0.0,23.046875,0.0,5.659820556640625
41.777,-0.015748031496062992,0.031496062992125984,-0.0078125,0.0,0.0,-0.0,-0.0,0.0,0.0,0.0,21.32421875,0.0,0.0,0.0,22.6640625,0.0,0.0,0.0,23.046875,0.0,0.0,0.0,20.17578125,0.0,0.0,23.046875,0.0,5.669586181640625
41.918,-0.015748031496062992,0.031496062992125984,0.05511811023622047,0.0,0.0,-0.0,-0.0,0.0,0.0,0.0,19.79296875,0.0,0.0,0.0,23.8125,0.0,0.0,0.0,23.23828125,0.0,0.0,0.0,20.75,0.0,0.0,22.85546875,0.0,5.669586181640625
42.07,-0.015748031496062992,0.031496062992125984,-0.0078125,0.0,0.0,-0.0,-0.0,0.0,0.0,0.0,21.70703125,0.0,0.0,0.0,23.62109375,0.0,0.0,0.0,23.4296875,0.0,0.0,0.0,21.70703125,0.0,0.0,23.046875,0.0,5.669586181640625
42.21,-0.015748031496062992,0.031496062992125984,-0.0078125,0.0,0.0,-0.0,-0.0,0.0,0.0,0.0,20.94140625,0.0,0.0,0.0,22.08984375,0.0,0.0,0.0,23.4296875,0.0,0.0,0.0,21.8984375,0.0,0.0,22.08984375,0.0,5.669586181640625
42.357,-0.015748031496062992,0.031496062992125984,-0.0078125,0.0,0.0,-0.0,-0.0,0.0,0.0,0.0,21.1328125,0.0,0.0,0.0,24.1953125,0.0,0.0,0.0,23.046875,0.0,0.0,0.0,21.1328125,0.0,0.0,22.6640625,0.0,5.659820556640625
42.498,-0.015748031496062992,0.031496062992125984,-0.0078125,0.0,0.0,-0.0,-0.0,0.0,0.0,0.0,20.3671875,0.0,0.0,0.0,23.4296875,0.0,0.0,0.0,22.6640625,0.0,0.0,0.0,20.94140625,0.0,0.0,23.046875,0.0,5.669586181640625
42.638,-0.015748031496062992,0.031496062992125984,-0.0078125,0.0,0.0,-0.0,-0.0,0.0,0.0,0.0,20.55859375,0.0,0.0,0.0,24.38671875,0.0,0.0,0.0,23.4296875,0.0,0.0,0.0,21.8984375,0.0,0.0,23.23828125,0.0,5.6500396728515625
42.778,-0.015748031496062992,0.031496062992125984,-0.0078125,0.0,0.0,-0.0,-0.0,0.0,0.0,0.0,21.32421875,0.0,0.0,0.0,24.76953125,0.0,0.0,0.0,22.6640625,0.0,0.0,0.0,20.94140625,0.0,0.0,22.6640625,0.0,5.659820556640625
42.918,-0.015748031496062992,0.031496062992125984,-0.0078125,0.0,0.0,-0.0,-0.0,0.0,0.0,0.0,20.55859375,0.0,0.0,0.0,23.8125,0.0,0.0,0.0,22.6640625,0.0,0.0,0.0,20.94140625,0.0,0.0,22.6640625,0.0,5.669586181640625
43.058,-0.015748031496062992,0.031496062992125984,-0.0078125,0.0,0.0,-0.0,-0.0,0.0,0.0,0.0,20.17578125,0.0,0.0,0.0,24.1953125,0.0,0.0,0.0,23.046875,0.0,0.0,0.0,21.515625,0.0,0.0,22.85546875,0.0,5.669586181640625
43.211,-0.015748031496062992,0.031496062992125984,-0.0078125,0.0,0.0,-0.0,-0.0,0.0,0.0,0.0,20.3671875,0.0,0.0,0.0,23.23828125,0.0,0.0,0.0,23.046875,0.0,0.0,0.0,21.1328125,0.0,0.0,23.23828125,0.0,5.669586181640625
43.359,-0.015748031496062992,0.031496062992125984,-0.0078125,0.0,0.0,-0.0,-0.0,0.0,0.0,0.0,20.75,0.0,0.0,0.0,23.046875,0.0,0.0,0.0,23.23828125,0.0,0.0,0.0,20.3671875,0.0,0.0,21.515625,0.0,5.669586181640625
43.509,-0.015748031496062992,0.031496062992125984,-0.0078125,0.0,0.0,-0.0,-0.0,0.0,0.0,0.0,21.515625,0.0,0.0,0.0,23.046875,0.0,0.0,0.0,23.4296875,0.0,0.0,0.0,21.1328125,0.0,0.0,22.6640625,0.0,5.659820556640625
43.656,-0.015748031496062992,0.031496062992125984,-0.0078125,0.0,0.0,-0.0,-0.0,0.0,0.0,0.0,20.75,0.0,0.0,0.0,23.4296875,0.0,0.0,0.0,22.85546875,0.0,0.0,0.0,21.1328125,0.0,0.0,22.08984375,0.0,5.669586181640625
43.797,-0.015748031496062992,0.031496062992125984,-0.0078125,0.0,0.0,-0.0,-0.0,0.0,0.0,0.0,21.1328125,0.0,0.0,0.0,23.8125,0.0,0.0,0.0,22.85546875,0.0,0.0,0.0,21.32421875,0.0,0.0,22.85546875,0.0,5.669586181640625
43.937,-0.015748031496062992,0.031496062992125984,-0.0078125,0.0,0.0,-0.0,-0.0,0.0,0.0,0.0,20.55859375,0.0,0.0,0.0,23.23828125,0.0,0.0,0.0,23.046875,0.0,0.0,0.0,21.1328125,0.0,0.0,23.62109375,0.0,5.669586181640625
44.091,-0.015748031496062992,0.031496062992125984,-0.0078125,0.0,0.0,-0.0,-0.0,0.0,0.0,0.0,21.515625,0.0,0.0,0.0,23.23828125,0.0,0.0,0.0,23.23828125,0.0,0.0,0.0,21.32421875,0.0,0.0,23.4296875,0.0,5.669586181640625
44.237,-0.015748031496062992,0.031496062992125984,-0.0078125,0.0,0.0,-0.0,-0.0,0.0,0.0,0.0,20.75,0.0,0.0,0.0,24.578125,0.0,0.0,0.0,22.85546875,0.0,0.0,0.0,21.515625,0.0,0.0,22.28125,0.0,5.669586181640625
44.399,-0.015748031496062992,0.031496062992125984,-0.0078125,0.0,0.0,-0.0,-0.0,0.0,0.0,0.0,21.1328125,0.0,0.0,0.0,24.1953125,0.0,0.0,0.0,23.23828125,0.0,0.0,0.0,21.70703125,0.0,0.0,22.6640625,0.0,5.669586181640625
44.559,-0.015748031496062992,0.031496062992125984,-0.0078125,0.0,0.0,-0.0,-0.0,0.0,0.0,0.0,20.3671875,0.0,0.0,0.0,23.4296875,0.0,0.0,0.0,22.6640625,0.0,0.0,0.0,21.8984375,0.0,0.0,22.6640625,0.0,5.669586181640625
44.697,-0.015748031496062992,0.031496062992125984,-0.0078125,0.0,0.0,-0.0,-0.0,0.0,0.0,0.0,21.1328125,0.0,0.0,0.0,24.1953125,0.0,0.0,0.0,23.23828125,0.0,0.0,0.0,21.32421875,0.0,0.0,23.046875,0.0,5.6500396728515625
44.856,-0.015748031496062992,0.031496062992125984,-0.0078125,0.0,0.0,-0.0,-0.0,0.0,0.0,0.0,21.1328125,0.0,0.0,0.0,24.38671875,0.0,0.0,0.0,23.046875,0.0,0.0,0.0,21.1328125,0.0,0.0,22.6640625,0.0,5.669586181640625
45.008,-0.015748031496062992,0.031496062992125984,-0.0078125,0.0,0.0,-0.0,-0.0,0.0,0.0,0.0,20.3671875,0.0,0.0,0.0,22.85546875,0.0,0.0,0.0,23.62109375,0.0,0.0,0.0,20.75,0.0,0.0,22.6640625,0.0,5.669586181640625
45.158,-0.015748031496062992,0.031496062992125984,-0.0078125,0.0,0.0,-0.0,-0.0,0.0,0.0,0.0,21.1328125,0.0,0.0,0.0,23.046875,0.0,0.0,0.0,23.23828125,0.0,0.0,0.0,21.1328125,0.0,0.0,22.6640625,0.0,5.669586181640625
45.309,-0.015748031496062992,0.031496062992125984,-0.0078125,0.0,0.0,-0.0,-0.0,0.0,0.0,0.0,21.8984375,0.0,0.0,0.0,23.046875,0.0,0.0,0.0,23.23828125,0.0,0.0,0.0,20.94140625,0.0,0.0,23.4296875,0.0,5.659820556640625
45.468,-0.015748031496062992,0.031496062992125984,-0.0078125,0.0,0.0,-0.0,-0.0,0.0,0.0,0.0,20.75,0.0,0.0,0.0,23.4296875,0.0,0.0,0.0,22.47265625,0.0,0.0,0.0,21.70703125,0.0,0.0,22.6640625,0.0,5.669586181640625
45.618,-0.015748031496062992,0.031496062992125984,-0.0078125,0.0,0.0,-0.0,-0.0,0.0,0.0,0.0,20.17578125,0.0,0.0,0.0,23.62109375,0.0,0.0,0.0,22.6640625,0.0,0.0,0.0,20.94140625,0.0,0.0,21.8984375,0.0,5.669586181640625
45.776,-0.015748031496062992,0.031496062992125984,-0.0078125,0.0,0.0,-0.0,-0.0,0.0,0.0,0.0,20.75,0.0,0.0,0.0,23.4296875,0.0,0.0,0.0,23.23828125,0.0,0.0,0.0,21.515625,0.0,0.0,22.6640625,0.0,5.669586181640625
45.923,-0.015748031496062992,0.031496062992125984,-0.0078125,0.0,0.0,-0.0,-0.0,0.0,0.0,0.0,20.55859375,0.0,0.0,0.0,23.23828125,0.0,0.0,0.0,23.23828125,0.0,0.0,0.0,21.70703125,0.0,0.0,22.6640625,0.0,5.669586181640625
46.078,-0.015748031496062992,0.031496062992125984,-0.0078125,0.0,0.0,-0.0,-0.0,0.0,0.0,0.0,20.75,0.0,0.0,0.0,22.85546875,0.0,0.0,0.0,22.6640625,0.0,0.0,0.0,21.70703125,0.0,0.0,22.85546875,0.0,5.669586181640625
46.229,-0.015748031496062992,0.031496062992125984,-0.0078125,0.0,0.0,-0.0,-0.0,0.0,0.0,0.0,21.515625,0.0,0.0,0.0,24.9609375,0.0,0.0,0.0,23.4296875,0.0,0.0,0.0,21.32421875,0.0,0.0,23.046875,0.0,5.669586181640625
46.387,-0.015748031496062992,0.031496062992125984,-0.0078125,0.0,0.0,-0.0,-0.0,0.0,0.0,0.0,20.3671875,0.0,0.0,0.0,22.85546875,0.0,0.0,0.0,23.23828125,0.0,0.0,0.0,21.515625,0.0,0.0,23.23828125,0.0,5.669586181640625
46.539,-0.015748031496062992,0.031496062992125984,-0.0078125,0.0,0.0,-0.0,-0.0,0.0,0.0,0.0,20.55859375,0.0,0.0,0.0,23.4296875,0.0,0.0,0.0,23.23828125,0.0,0.0,0.0,21.32421875,0.0,0.0,23.046875,0.0,5.669586181640625
46.679,-0.015748031496062992,0.031496062992125984,-0.0078125,0.0,0.0,-0.0,-0.0,0.0,0.0,0.0,21.70703125,0.0,0.0,0.0,23.4296875,0.0,0.0,0.0,23.4296875,0.0,0.0,0.0,21.1328125,0.0,0.0,22.85546875,0.0,5.659820556640625
46.838,-0.015748031496062992,0.031496062992125984,-0.0078125,0.0,0.0,-0.0,-0.0,0.0,0.0,0.0,21.1328125,0.0,0.0,0.0,23.23828125,0.0,0.0,0.0,23.046875,0.0,0.0,0.0,20.94140625,0.0,0.0,22.28125,0.0,5.659820556640625
46.99,-0.015748031496062992,0.031496062992125984,-0.0078125,0.0,0.0,-0.0,-0.0,0.0,0.0,0.0,20.3671875,0.0,0.0,0.0,23.8125,0.0,0.0,0.0,23.23828125,0.0,0.0,0.0,20.94140625,0.0,0.0,22.6640625,0.0,5.669586181640625
47.14,-0.015748031496062992,0.031496062992125984,-0.0078125,0.0,0.0,-0.0,-0.0,0.0,0.0,0.0,20.3671875,0.0,0.0,0.0,24.00390625,0.0,0.0,0.0,22.85546875,0.0,0.0,0.0,21.32421875,0.0,0.0,23.046875,0.0,5.669586181640625
47.299,-0.015748031496062992,0.031496062992125984,-0.0078125,0.0,0.0,-0.0,-0.0,0.0,0.0,0.0,21.1328125,0.0,0.0,0.0,23.8125,0.0,0.0,0.0,23.046875,0.0,0.0,0.0,20.94140625,0.0,0.0,22.08984375,0.0,5.669586181640625
47.557,-0.015748031496062992,0.031496062992125984,-0.0078125,0.0,0.0,-0.0,-0.0,0.0,0.0,0.0,20.55859375,0.0,0.0,0.0,23.8125,0.0,0.0,0.0,23.046875,0.0,0.0,0.0,21.32421875,0.0,0.0,23.4296875,0.0,5.659820556640625
47.711,-0.015748031496062992,0.031496062992125984,-0.0078125,0.0,0.0,-0.0,-0.0,0.0,0.0,0.0,20.75,0.0,0.0,0.0,23.8125,0.0,0.0,0.0,23.046875,0.0,0.0,0.0,20.75,0.0,0.0,22.47265625,0.0,5.659820556640625
47.858,-0.015748031496062992,0.031496062992125984,-0.3046875,0.0,0.0,-0.0,-0.0,0.0,0.0,0.0,20.75,0.0,0.0,0.0,23.23828125,0.0,0.0,0.0,23.046875,0.0,0.0,0.0,21.32421875,0.0,0.0,23.046875,0.0,5.659820556640625
48.011,-0.015748031496062992,0.031496062992125984,-0.6171875,0.0,0.0,-0.0,-0.0,0.0,0.0,0.0,20.55859375,0.0,0.0,0.0,23.4296875,0.0,0.0,0.0,23.23828125,0.0,0.0,0.0,21.515625,0.0,0.0,22.6640625,0.0,5.669586181640625
48.159,-0.015748031496062992,0.031496062992125984,-0.6171875,0.0,0.0,-0.0,-0.0,0.0,0.0,0.0,20.55859375,0.0,0.0,0.0,23.62109375,0.0,0.0,0.0,23.62109375,0.0,0.0,0.0,21.1328125,0.0,0.0,22.6640625,0.0,5.659820556640625
48.311,-0.015748031496062992,0.031496062992125984,-0.921875,0.0,0.0,-0.0,-0.0,0.0,0.0,0.0,20.55859375,0.0,0.0,0.0,23.4296875,0.0,0.0,0.0,23.046875,0.0,0.0,0.0,21.32421875,0.0,0.0,23.046875,0.0,5.669586181640625
48.459,-0.015748031496062992,0.031496062992125984,-1.0,0.0,0.0,-0.0,-0.0,0.0,0.0,0.0,20.55859375,0.0,0.0,0.0,23.62109375,0.0,0.0,0.0,23.8125,0.0,0.0,0.0,20.75,0.0,0.0,22.08984375,0.0,5.669586181640625
48.61,-0.015748031496062992,0.031496062992125984,-1.0,0.0,0.0,-0.0,-0.0,0.0,0.0,0.0,20.55859375,0.0,0.0,0.0,23.8125,0.0,0.0,0.0,22.85546875,0.0,0.0,0.0,21.32421875,0.0,0.0,23.046875,0.0,5.659820556640625
48.77,-0.015748031496062992,0.031496062992125984,-1.0,0.0,0.0,-0.0,-0.0,0.0,0.0,0.0,21.32421875,0.0,0.0,0.0,23.4296875,0.0,0.0,0.0,23.4296875,0.0,0.0,0.0,21.1328125,0.0,0.0,22.6640625,0.0,5.669586181640625
48.929,-0.015748031496062992,0.031496062992125984,-0.78125,0.0,0.0,-0.0,-0.0,0.0,0.0,0.0,20.55859375,0.0,0.0,0.0,23.62109375,0.0,0.0,0.0,23.046875,0.0,0.0,0.0,21.70703125,0.0,0.0,22.47265625,0.0,5.659820556640625
49.08,-0.015748031496062992,0.031496062992125984,-0.203125,0.0,0.0,-0.0,-0.0,0.0,0.0,0.0,21.1328125,0.0,0.0,0.0,23.4296875,0.0,0.0,0.0,23.046875,0.0,0.0,0.0,21.32421875,0.0,0.0,22.85546875,0.0,5.669586181640625
49.23,-0.015748031496062992,0.031496062992125984,-0.0078125,0.0,0.0,-0.0,-0.0,0.0,0.0,0.0,21.32421875,0.0,0.0,0.0,22.85546875,0.0,0.0,0.0,23.23828125,0.0,0.0,0.0,21.515625,0.0,0.0,23.046875,0.0,5.669586181640625
49.379,-0.015748031496062992,0.031496062992125984,-0.0078125,0.0,0.0,-0.0,-0.0,0.0,0.0,0.0,20.94140625,0.0,0.0,0.0,23.23828125,0.0,0.0,0.0,23.046875,0.0,0.0,0.0,21.70703125,0.0,0.0,23.23828125,0.0,5.669586181640625
49.53,-0.015748031496062992,0.031496062992125984,-0.0078125,0.0,0.0,-0.0,-0.0,0.0,0.0,0.0,21.1328125,0.0,0.0,0.0,23.62109375,0.0,0.0,0.0,23.23828125,0.0,0.0,0.0,20.94140625,0.0,0.0,22.6640625,0.0,5.659820556640625
49.691,-0.015748031496062992,0.031496062992125984,-0.0078125,0.0,0.0,-0.0,-0.0,0.0,0.0,0.0,20.55859375,0.0,0.0,0.0,23.23828125,0.0,0.0,0.0,23.4296875,0.0,0.0,0.0,21.1328125,0.0,0.0,23.8125,0.0,5.669586181640625
49.85,-0.015748031496062992,0.031496062992125984,-0.0078125,0.0,0.0,-0.0,-0.0,0.0,0.0,0.0,20.94140625,0.0,0.0,0.0,23.23828125,0.0,0.0,0.0,23.4296875,0.0,0.0,0.0,21.70703125,0.0,0.0,22.08984375,0.0,5.669586181640625
49.999,-0.015748031496062992,0.031496062992125984,-0.0078125,0.0,0.0,-0.0,-0.0,0.0,0.0,0.0,20.75,0.0,0.0,0.0,24.1953125,0.0,0.0,0.0,22.6640625,0.0,0.0,0.0,21.1328125,0.0,0.0,22.47265625,0.0,5.669586181640625
50.158,-0.015748031496062992,0.031496062992125984,0.0,0.0,0.0,-0.0,-0.0,0.0,0.0,0.0,21.32421875,0.0,0.0,0.0,23.23828125,0.0,0.0,0.0,23.046875,0.0,0.0,0.0,21.515625,0.0,0.0,23.23828125,0.0,5.669586181640625
50.311,-0.015748031496062992,0.031496062992125984,0.0,0.0,0.0,-0.0,-0.0,0.0,0.0,0.0,21.1328125,0.0,0.0,0.0,23.23828125,0.0,0.0,0.0,23.62109375,0.0,0.0,0.0,21.1328125,0.0,0.0,23.046875,0.0,5.669586181640625
50.471,-0.015748031496062992,0.031496062992125984,0.0,0.0,0.0,-0.0,-0.0,0.0,0.0,0.0,21.515625,0.0,0.0,0.0,22.85546875,0.0,0.0,0.0,23.046875,0.0,0.0,0.0,21.515625,0.0,0.0,23.4296875,0.0,5.669586181640625
50.63,-0.015748031496062992,0.031496062992125984,0.0,0.0,0.0,-0.0,-0.0,0.0,0.0,0.0,20.55859375,0.0,0.0,0.0,23.4296875,0.0,0.0,0.0,22.6640625,0.0,0.0,0.0,21.70703125,0.0,0.0,22.85546875,0.0,5.669586181640625
50.79,-0.015748031496062992,0.031496062992125984,0.0,0.0,0.0,-0.0,-0.0,0.0,0.0,0.0,20.55859375,0.0,0.0,0.0,23.4296875,0.0,0.0,0.0,23.23828125,0.0,0.0,0.0,21.1328125,0.0,0.0,23.046875,0.0,5.669586181640625
50.938,-0.015748031496062992,0.0,0.0,0.0,0.0,-0.0,-0.0,0.0,0.0,0.0,20.55859375,0.0,0.0,0.0,23.62109375,0.0,0.0,0.0,23.23828125,0.0,0.0,0.0,21.32421875,0.0,0.0,23.046875,0.0,5.669586181640625
51.091,-0.015748031496062992,0.0,-0.125,0.0,0.0,-0.0,-0.0,0.0,0.0,0.0,21.1328125,0.0,0.0,0.0,23.23828125,0.0,0.0,0.0,23.4296875,0.0,0.0,0.0,20.75,0.0,0.0,22.47265625,0.0,5.669586181640625
51.249,-0.015748031496062992,0.0,-0.578125,0.0,0.0,-0.0,-0.0,0.0,0.0,0.0,20.55859375,0.0,0.0,0.0,23.62109375,0.0,0.0,0.0,23.4296875,0.0,0.0,0.0,21.32421875,0.0,0.0,22.85546875,0.0,5.659820556640625
51.399,-0.015748031496062992,0.0,-0.796875,0.0,0.0,-0.0,-0.0,0.0,0.0,0.0,20.17578125,0.0,0.0,0.0,23.23828125,0.0,0.0,0.0,23.23828125,0.0,0.0,0.0,20.94140625,0.0,0.0,22.85546875,0.0,5.669586181640625
51.55,-0.015748031496062992,0.0,-1.0,0.0,0.0,-0.0,-0.0,0.0,0.0,0.0,20.75,0.0,0.0,0.0,23.62109375,0.0,0.0,0.0,23.046875,0.0,0.0,0.0,21.1328125,0.0,0.0,22.85546875,0.0,5.669586181640625
51.698,-0.015748031496062992,0.0,-1.0,0.0,0.0,-0.0,-0.0,0.0,0.0,0.0,21.1328125,0.0,0.0,0.0,23.62109375,0.0,0.0,0.0,23.046875,0.0,0.0,0.0,21.70703125,0.0,0.0,23.046875,0.0,5.669586181640625
51.85,-0.015748031496062992,0.0,-1.0,0.0,0.0,-0.0,-0.0,0.0,0.0,0.0,22.08984375,0.0,0.0,0.0,23.4296875,0.0,0.0,0.0,23.4296875,0.0,0.0,0.0,21.515625,0.0,0.0,22.85546875,0.0,5.659820556640625
52.012,-0.015748031496062992,0.0,-0.921875,0.0,0.0,-0.0,-0.0,0.0,0.0,0.0,20.94140625,0.0,0.0,0.0,24.76953125,0.0,0.0,0.0,23.4296875,0.0,0.0,0.0,21.32421875,0.0,0.0,22.28125,0.0,5.659820556640625
52.158,-0.015748031496062992,-0.0078125,-0.125,0.0,0.0,-0.0,-0.0,0.0,0.0,0.0,21.32421875,0.0,0.0,0.0,24.00390625,0.0,0.0,0.0,22.6640625,0.0,0.0,0.0,21.32421875,0.0,0.0,23.62109375,0.0,5.659820556640625
52.31,-0.015748031496062992,-0.0234375,-0.0078125,0.0,0.0,-0.0,-0.0,0.0,0.0,0.0,21.32421875,0.0,0.0,0.0,24.1953125,0.0,0.0,0.0,23.046875,0.0,0.0,0.0,21.515625,0.0,0.0,22.47265625,0.0,5.669586181640625
52.45,-0.031496062992125984,-0.0234375,-0.0078125,0.0,0.0,-0.0,-0.0,0.0,0.0,0.0,20.75,0.0,0.0,0.0,23.4296875,0.0,0.0,0.0,22.85546875,0.0,0.0,0.0,21.32421875,0.0,0.0,22.6640625,0.0,5.669586181640625
52.6,-0.031496062992125984,-0.046875,-0.0078125,0.0,0.0,-0.0,-0.0,0.0,0.0,0.0,20.55859375,0.0,0.0,0.0,23.62109375,0.0,0.0,0.0,22.85546875,0.0,0.0,0.0,21.1328125,0.0,0.0,21.70703125,0.0,5.669586181640625
52.758,-0.031496062992125984,-0.046875,-0.0078125,0.0,0.0,-0.0,-0.0,0.0,0.0,0.0,20.3671875,0.0,0.0,0.0,23.4296875,0.0,0.0,0.0,23.23828125,0.0,0.0,0.0,21.1328125,0.0,0.0,23.4296875,0.0,5.669586181640625
52.91,-0.031496062992125984,-0.046875,-0.0078125,0.0,0.0,-0.0,-0.0,0.0,0.0,0.0,21.32421875,0.0,0.0,0.0,23.8125,0.0,0.0,0.0,23.046875,0.0,0.0,0.0,21.32421875,0.0,0.0,23.046875,0.0,5.669586181640625
53.049,-0.031496062992125984,-0.046875,-0.0078125,0.0,0.0,-0.0,-0.0,0.0,0.0,0.0,21.1328125,0.0,0.0,0.0,23.4296875,0.0,0.0,0.0,23.23828125,0.0,0.0,0.0,21.32421875,0.0,0.0,22.85546875,0.0,5.669586181640625
53.206,-0.031496062992125984,-0.046875,-0.0078125,0.0,0.0,-0.0,-0.0,0.0,0.0,0.0,20.55859375,0.0,0.0,0.0,23.23828125,0.0,0.0,0.0,23.4296875,0.0,0.0,0.0,21.70703125,0.0,0.0,23.046875,0.0,5.669586181640625
53.359,-0.031496062992125984,-0.046875,-0.0078125,0.0,0.0,-0.0,-0.0,0.0,0.0,0.0,20.94140625,0.0,0.0,0.0,23.4296875,0.0,0.0,0.0,23.23828125,0.0,0.0,0.0,21.70703125,0.0,0.0,23.046875,0.0,5.669586181640625
53.505,-0.031496062992125984,-0.046875,-0.0078125,0.0,0.0,-0.0,-0.0,0.0,0.0,0.0,21.8984375,0.0,0.0,0.0,23.4296875,0.0,0.0,0.0,23.4296875,0.0,0.0,0.0,21.70703125,0.0,0.0,22.85546875,0.0,5.669586181640625
53.669,-0.031496062992125984,-0.046875,-0.0078125,0.0,0.0,-0.0,-0.0,0.0,0.0,0.0,20.75,0.0,0.0,0.0,24.00390625,0.0,0.0,0.0,23.23828125,0.0,0.0,0.0,21.515625,0.0,0.0,22.85546875,0.0,5.659820556640625
53.819,-0.031496062992125984,-0.046875,-0.0078125,0.0,0.0,-0.0,-0.0,0.0,0.0,0.0,19.984375,0.0,0.0,0.0,23.4296875,0.0,0.0,0.0,23.23828125,0.0,0.0,0.0,21.32421875,0.0,0.0,23.046875,0.0,5.669586181640625
53.962,-0.031496062992125984,-0.046875,-0.0078125,0.0,0.0,-0.0,-0.0,0.0,0.0,0.0,21.32421875,0.0,0.0,0.0,23.23828125,0.0,0.0,0.0,23.23828125,0.0,0.0,0.0,21.32421875,0.0,0.0,23.23828125,0.0,5.659820556640625
54.121,-0.031496062992125984,-0.046875,-0.0078125,0.0,0.0,-0.0,-0.0,0.0,0.0,0.0,20.75,0.0,0.0,0.0,23.62109375,0.0,0.0,0.0,22.6640625,0.0,0.0,0.0,20.94140625,0.0,0.0,23.23828125,0.0,5.669586181640625
54.269,-0.031496062992125984,-0.046875,-0.0078125,0.0,0.0,-0.0,-0.0,0.0,0.0,0.0,21.515625,0.0,0.0,0.0,23.4296875,0.0,0.0,0.0,23.23828125,0.0,0.0,0.0,21.1328125,0.0,0.0,21.8984375,0.0,5.669586181640625
54.421,-0.031496062992125984,-0.046875,-0.0078125,0.0,0.0,-0.0,-0.0,0.0,0.0,0.0,20.17578125,0.0,0.0,0.0,23.62109375,0.0,0.0,0.0,23.23828125,0.0,0.0,0.0,21.515625,0.0,0.0,22.6640625,0.0,5.659820556640625
54.575,-0.031496062992125984,-0.0625,-0.0078125,0.0,0.0,-0.0,-0.0,0.0,0.0,0.0,21.1328125,0.0,0.0,0.0,23.62109375,0.0,0.0,0.0,23.046875,0.0,0.0,0.0,21.32421875,0.0,0.0,22.28125,0.0,5.6793670654296875
54.733,-0.13385826771653545,-0.5390625,-0.0078125,0.0,0.0,-0.0,-0.0,0.0,0.0,0.0,20.3671875,0.0,0.0,0.0,23.23828125,0.0,0.0,0.0,23.23828125,0.0,0.0,0.0,21.515625,0.0,0.0,23.046875,0.0,5.669586181640625
54.878,-0.09448818897637795,-0.8359375,-0.0078125,0.0,0.0,-0.0,-0.0,0.0,0.0,0.0,20.75,0.0,0.0,0.0,23.62109375,0.0,0.0,0.0,23.23828125,0.0,0.0,0.0,21.515625,0.0,0.0,21.8984375,0.0,5.669586181640625
55.023,-0.09448818897637795,-0.9765625,-0.0078125,0.0,0.0,-0.0,-0.0,0.0,0.0,0.0,20.94140625,0.0,0.0,0.0,23.046875,0.0,0.0,0.0,23.046875,0.0,0.0,0.0,21.515625,0.0,0.0,21.70703125,0.0,5.669586181640625
55.173,-0.09448818897637795,-1.0,-0.0078125,0.0,0.0,-0.0,-0.0,0.0,0.0,0.0,20.94140625,0.0,0.0,0.0,23.046875,0.0,0.0,0.0,22.85546875,0.0,0.0,0.0,21.515625,0.0,0.0,23.23828125,0.0,5.659820556640625
55.339,-0.1732283464566929,-1.0,-0.0078125,0.0,0.0,-0.0,-0.0,0.0,0.0,0.0,20.3671875,0.0,0.0,0.0,23.8125,0.0,0.0,0.0,23.4296875,0.0,0.0,0.0,20.94140625,0.0,0.0,23.23828125,0.0,5.669586181640625
55.492,0.0078125,0.0,-0.0078125,0.0,0.0,-0.0,-0.0,0.0,0.0,0.0,20.94140625,0.0,0.0,0.0,23.23828125,0.0,0.0,0.0,22.85546875,0.0,0.0,0.0,21.32421875,0.0,0.0,22.85546875,0.0,5.669586181640625
55.64,0.0078125,0.0,-0.0078125,0.0,0.0,-0.0,-0.0,0.0,0.0,0.0,20.75,0.0,0.0,0.0,24.1953125,0.0,0.0,0.0,23.4296875,0.0,0.0,0.0,21.515625,0.0,0.0,23.046875,0.0,5.6793670654296875
55.793,0.0078125,0.0,-0.0078125,0.0,0.0,-0.0,-0.0,0.0,0.0,0.0,20.75,0.0,0.0,0.0,24.00390625,0.0,0.0,0.0,23.4296875,0.0,0.0,0.0,21.32421875,0.0,0.0,23.4296875,0.0,5.659820556640625
55.949,0.0078125,0.0,-0.0078125,0.0,0.0,-0.0,-0.0,0.0,0.0,0.0,22.08984375,0.0,0.0,0.0,23.8125,0.0,0.0,0.0,23.046875,0.0,0.0,0.0,21.70703125,0.0,0.0,22.85546875,0.0,5.669586181640625
56.109,0.0078125,0.0,-0.0078125,0.0,0.0,-0.0,-0.0,0.0,0.0,0.0,20.3671875,0.0,0.0,0.0,24.1953125,0.0,0.0,0.0,22.6640625,0.0,0.0,0.0,21.8984375,0.0,0.0,23.8125,0.0,5.669586181640625
56.255,0.0078125,0.0,-0.0078125,0.0,0.0,-0.0,-0.0,0.0,0.0,0.0,20.75,0.0,0.0,0.0,23.4296875,0.0,0.0,0.0,23.4296875,0.0,0.0,0.0,21.1328125,0.0,0.0,24.00390625,0.0,5.659820556640625
56.399,0.0078125,0.0,-0.0078125,0.0,0.0,-0.0,-0.0,0.0,0.0,0.0,20.75,0.0,0.0,0.0,23.62109375,0.0,0.0,0.0,23.046875,0.0,0.0,0.0,21.515625,0.0,0.0,22.85546875,0.0,5.659820556640625
56.564,0.0078125,0.0,-0.0078125,0.0,0.0,-0.0,-0.0,0.0,0.0,0.0,21.1328125,0.0,0.0,0.0,24.00390625,0.0,0.0,0.0,23.046875,0.0,0.0,0.0,20.94140625,0.0,0.0,22.6640625,0.0,5.669586181640625
56.729,0.0078125,0.0,-0.0078125,0.0,0.0,-0.0,-0.0,0.0,0.0,0.0,20.3671875,0.0,0.0,0.0,23.23828125,0.0,0.0,0.0,23.046875,0.0,0.0,0.0,20.94140625,0.0,0.0,21.8984375,0.0,5.669586181640625
56.878,0.0078125,0.0,-0.0078125,0.0,0.0,-0.0,-0.0,0.0,0.0,0.0,20.55859375,0.0,0.0,0.0,23.046875,0.0,0.0,0.0,23.23828125,0.0,0.0,0.0,21.8984375,0.0,0.0,22.08984375,0.0,5.659820556640625
57.025,0.0078125,0.0,-0.0078125,0.0,0.0,-0.0,-0.0,0.0,0.0,0.0,20.55859375,0.0,0.0,0.0,23.8125,0.0,0.0,0.0,23.23828125,0.0,0.0,0.0,20.55859375,0.0,0.0,23.23828125,0.0,5.659820556640625
57.178,0.0078125,0.0,-0.0078125,0.0,0.0,-0.0,-0.0,0.0,0.0,0.0,20.3671875,0.0,0.0,0.0,23.8125,0.0,0.0,0.0,23.23828125,0.0,0.0,0.0,21.70703125,0.0,0.0,22.47265625,0.0,5.659820556640625
57.332,0.0078125,0.0,-0.0078125,0.0,0.0,-0.0,-0.0,0.0,0.0,0.0,20.75,0.0,0.0,0.0,23.4296875,0.0,0.0,0.0,23.8125,0.0,0.0,0.0,21.32421875,0.0,0.0,23.046875,0.0,5.669586181640625
57.474,0.0078125,0.0,-0.0078125,0.0,0.0,-0.0,-0.0,0.0,0.0,0.0,21.32421875,0.0,0.0,0.0,23.8125,0.0,0.0,0.0,23.23828125,0.0,0.0,0.0,21.515625,0.0,0.0,22.47265625,0.0,5.659820556640625
57.623,0.0078125,0.0,-0.0078125,0.0,0.0,-0.0,-0.0,0.0,0.0,0.0,20.55859375,0.0,0.0,0.0,23.23828125,0.0,0.0,0.0,23.23828125,0.0,0.0,0.0,21.515625,0.0,0.0,23.62109375,0.0,5.669586181640625
57.777,0.0078125,0.0,-0.0078125,0.0,0.0,-0.0,-0.0,0.0,0.0,0.0,20.94140625,0.0,0.0,0.0,23.62109375,0.0,0.0,0.0,23.4296875,0.0,0.0,0.0,21.32421875,0.0,0.0,23.046875,0.0,5.6793670654296875
57.917,0.0078125,0.0,-0.0078125,0.0,0.0,-0.0,-0.0,0.0,0.0,0.0,21.1328125,0.0,0.0,0.0,23.8125,0.0,0.0,0.0,23.046875,0.0,0.0,0.0,21.1328125,0.0,0.0,23.046875,0.0,5.669586181640625
58.057,0.0078125,0.0,-0.0078125,0.0,0.0,-0.0,-0.0,0.0,0.0,0.0,20.94140625,0.0,0.0,0.0,23.62109375,0.0,0.0,0.0,22.85546875,0.0,0.0,0.0,21.8984375,0.0,0.0,22.6640625,0.0,5.669586181640625
58.196,0.0078125,0.0,-0.0078125,0.0,0.0,-0.0,-0.0,0.0,0.0,0.0,19.21875,0.0,0.0,0.0,23.8125,0.0,0.0,0.0,23.046875,0.0,0.0,0.0,21.70703125,0.0,0.0,22.08984375,0.0,5.669586181640625
58.336,0.0078125,0.0,-0.0078125,0.0,0.0,-0.0,-0.0,0.0,0.0,0.0,21.70703125,0.0,0.0,0.0,24.00390625,0.0,0.0,0.0,23.62109375,0.0,0.0,0.0,21.1328125,0.0,0.0,23.23828125,0.0,5.6793670654296875
58.491,0.0078125,0.0,-0.0078125,0.0,0.0,-0.0,-0.0,0.0,0.0,0.0,21.32421875,0.0,0.0,0.0,23.62109375,0.0,0.0,0.0,23.23828125,0.0,0.0,0.0,21.70703125,0.0,0.0,23.046875,0.0,5.669586181640625
58.638,0.0078125,0.0,-0.0078125,0.0,0.0,-0.0,-0.0,0.0,0.0,0.0,19.02734375,0.0,0.0,0.0,23.8125,0.0,0.0,0.0,23.23828125,0.0,0.0,0.0,20.94140625,0.0,0.0,22.6640625,0.0,5.669586181640625
58.779,0.0078125,0.0,-0.0078125,0.0,0.0,-0.0,-0.0,0.0,0.0,0.0,21.1328125,0.0,0.0,0.0,23.4296875,0.0,0.0,0.0,23.23828125,0.0,0.0,0.0,21.32421875,0.0,0.0,23.8125,0.0,5.669586181640625
58.929,0.0078125,0.0,-0.0078125,0.0,0.0,-0.0,-0.0,0.0,0.0,0.0,20.75,0.0,0.0,0.0,23.23828125,0.0,0.0,0.0,23.4296875,0.0,0.0,0.0,21.32421875,0.0,0.0,23.23828125,0.0,5.669586181640625
59.078,0.0078125,0.0,-0.0078125,0.0,0.0,-0.0,-0.0,0.0,0.0,0.0,20.94140625,0.0,0.0,0.0,23.8125,0.0,0.0,0.0,23.23828125,0.0,0.0,0.0,21.70703125,0.0,0.0,21.515625,0.0,5.669586181640625
59.231,0.0078125,0.0,-0.0078125,0.0,0.0,-0.0,-0.0,0.0,0.0,0.0,21.1328125,0.0,0.0,0.0,23.62109375,0.0,0.0,0.0,22.85546875,0.0,0.0,0.0,21.1328125,0.0,0.0,23.046875,0.0,5.659820556640625
59.377,0.0078125,0.0,-0.0078125,0.0,0.0,-0.0,-0.0,0.0,0.0,0.0,20.75,0.0,0.0,0.0,23.8125,0.0,0.0,0.0,23.23828125,0.0,0.0,0.0,21.1328125,0.0,0.0,22.85546875,0.0,5.669586181640625
59.53,0.0078125,0.0,-0.0078125,0.0,0.0,-0.0,-0.0,0.0,0.0,0.0,21.32421875,0.0,0.0,0.0,23.4296875,0.0,0.0,0.0,23.62109375,0.0,0.0,0.0,21.8984375,0.0,0.0,22.6640625,0.0,5.669586181640625
59.696,0.0078125,0.0,-0.0078125,0.0,0.0,-0.0,-0.0,0.0,0.0,0.0,19.984375,0.0,0.0,0.0,23.62109375,0.0,0.0,0.0,23.23828125,0.0,0.0,0.0,21.32421875,0.0,0.0,22.85546875,0.0,5.669586181640625
59.836,0.0078125,0.0,-0.0078125,0.0,0.0,-0.0,-0.0,0.0,0.0,0.0,21.32421875,0.0,0.0,0.0,23.62109375,0.0,0.0,0.0,23.046875,0.0,0.0,0.0,20.94140625,0.0,0.0,22.85546875,0.0,5.659820556640625
59.976,0.0078125,0.0,-0.0078125,0.0,0.0,-0.0,-0.0,0.0,0.0,0.0,21.32421875,0.0,0.0,0.0,23.62109375,0.0,0.0,0.0,22.6640625,0.0,0.0,0.0,21.515625,0.0,0.0,23.046875,0.0,5.669586181640625
60.13,0.0078125,0.0,-0.0078125,0.0,0.0,-0.0,-0.0,0.0,0.0,0.0,21.70703125,0.0,0.0,0.0,23.62109375,0.0,0.0,0.0,23.62109375,0.0,0.0,0.0,21.70703125,0.0,0.0,22.85546875,0.0,5.669586181640625
60.27,0.0078125,0.0,-0.0078125,0.0,0.0,-0.0,-0.0,0.0,0.0,0.0,21.515625,0.0,0.0,0.0,23.23828125,0.0,0.0,0.0,23.046875,0.0,0.0,0.0,20.94140625,0.0,0.0,22.47265625,0.0,5.6500396728515625
60.416,0.0078125,0.0,-0.0078125,0.0,0.0,-0.0,-0.0,0.0,0.0,0.0,21.32421875,0.0,0.0,0.0,23.23828125,0.0,0.0,0.0,23.046875,0.0,0.0,0.0,21.32421875,0.0,0.0,22.47265625,0.0,5.669586181640625
60.571,0.0078125,0.0,-0.0078125,0.0,0.0,-0.0,-0.0,0.0,0.0,0.0,19.6015625,0.0,0.0,0.0,23.046875,0.0,0.0,0.0,23.046875,0.0,0.0,0.0,21.70703125,0.0,0.0,22.85546875,0.0,5.669586181640625
60.718,0.0078125,0.0,-0.0078125,0.0,0.0,-0.0,-0.0,0.0,0.0,0.0,20.75,0.0,0.0,0.0,23.4296875,0.0,0.0,0.0,23.23828125,0.0,0.0,0.0,21.1328125,0.0,0.0,23.62109375,0.0,5.659820556640625
60.869,0.0078125,0.0,-0.0078125,0.0,0.0,-0.0,-0.0,0.0,0.0,0.0,20.94140625,0.0,0.0,0.0,22.6640625,0.0,0.0,0.0,23.62109375,0.0,0.0,0.0,21.515625,0.0,0.0,22.6640625,0.0,5.669586181640625
61.013,0.0078125,0.0,-0.0078125,0.0,0.0,-0.0,-0.0,0.0,0.0,0.0,19.984375,0.0,0.0,0.0,23.62109375,0.0,0.0,0.0,23.23828125,0.0,0.0,0.0,21.1328125,0.0,0.0,22.6640625,0.0,5.669586181640625
61.169,0.0078125,0.0,-0.0078125,0.0,0.0,-0.0,-0.0,0.0,0.0,0.0,20.17578125,0.0,0.0,0.0,23.8125,0.0,0.0,0.0,23.23828125,0.0,0.0,0.0,21.32421875,0.0,0.0,22.47265625,0.0,5.669586181640625
61.312,0.0078125,0.0,-0.0078125,0.0,0.0,-0.0,-0.0,0.0,0.0,0.0,20.94140625,0.0,0.0,0.0,23.23828125,0.0,0.0,0.0,23.046875,0.0,0.0,0.0,21.32421875,0.0,0.0,22.47265625,0.0,5.659820556640625
61.458,0.0078125,0.0,-0.0078125,0.0,0.0,-0.0,-0.0,0.0,0.0,0.0,19.984375,0.0,0.0,0.0,24.00390625,0.0,0.0,0.0,23.046875,0.0,0.0,0.0,21.32421875,0.0,0.0,23.046875,0.0,5.669586181640625
61.609,0.0078125,0.0,-0.0078125,0.0,0.0,-0.0,-0.0,0.0,0.0,0.0,20.55859375,0.0,0.0,0.0,24.578125,0.0,0.0,0.0,23.4296875,0.0,0.0,0.0,20.94140625,0.0,0.0,23.4296875,0.0,5.669586181640625
61.75,0.0078125,0.0,-0.0078125,0.0,0.0,-0.0,-0.0,0.0,0.0,0.0,21.70703125,0.0,0.0,0.0,22.6640625,0.0,0.0,0.0,23.62109375,0.0,0.0,0.0,21.70703125,0.0,0.0,23.62109375,0.0,5.659820556640625
61.894,0.0078125,0.0,-0.0078125,0.0,0.0,-0.0,-0.0,0.0,0.0,0.0,20.55859375,0.0,0.0,0.0,23.23828125,0.0,0.0,0.0,23.046875,0.0,0.0,0.0,21.32421875,0.0,0.0,23.046875,0.0,5.669586181640625
62.036,0.0078125,0.0,-0.0078125,0.0,0.0,-0.0,-0.0,0.0,0.0,0.0,20.94140625,0.0,0.0,0.0,23.4296875,0.0,0.0,0.0,23.23828125,0.0,0.0,0.0,21.8984375,0.0,0.0,22.85546875,0.0,5.669586181640625
62.176,0.0078125,0.0,-0.0078125,0.0,0.0,-0.0,-0.0,0.0,0.0,0.0,21.515625,0.0,0.0,0.0,23.4296875,0.0,0.0,0.0,22.85546875,0.0,0.0,0.0,21.32421875,0.0,0.0,22.6640625,0.0,5.669586181640625
62.316,0.0078125,0.0,-0.0078125,0.0,0.0,-0.0,-0.0,0.0,0.0,0.0,21.32421875,0.0,0.0,0.0,23.8125,0.0,0.0,0.0,23.62109375,0.0,0.0,0.0,21.32421875,0.0,0.0,23.046875,0.0,5.669586181640625
62.456,0.0078125,0.0,-0.0078125,0.0,0.0,-0.0,-0.0,0.0,0.0,0.0,21.1328125,0.0,0.0,0.0,23.8125,0.0,0.0,0.0,22.6640625,0.0,0.0,0.0,21.1328125,0.0,0.0,22.85546875,0.0,5.669586181640625
62.608,0.0078125,0.0,-0.0078125,0.0,0.0,-0.0,-0.0,0.0,0.0,0.0,20.75,0.0,0.0,0.0,24.1953125,0.0,0.0,0.0,23.046875,0.0,0.0,0.0,21.70703125,0.0,0.0,22.08984375,0.0,5.669586181640625
62.769,0.0078125,0.0,-0.0078125,0.0,0.0,-0.0,-0.0,0.0,0.0,0.0,21.32421875,0.0,0.0,0.0,23.8125,0.0,0.0,0.0,23.23828125,0.0,0.0,0.0,20.55859375,0.0,0.0,23.8125,0.0,5.669586181640625
62.917,0.0078125,0.0,-0.0078125,0.0,0.0,-0.0,-0.0,0.0,0.0,0.0,20.94140625,0.0,0.0,0.0,23.23828125,0.0,0.0,0.0,23.23828125,0.0,0.0,0.0,21.32421875,0.0,0.0,22.47265625,0.0,5.659820556640625
63.069,0.0078125,0.0,-0.0078125,0.0,0.0,-0.0,-0.0,0.0,0.0,0.0,21.515625,0.0,0.0,0.0,23.23828125,0.0,0.0,0.0,23.4296875,0.0,0.0,0.0,21.32421875,0.0,0.0,21.32421875,0.0,5.669586181640625
63.21,0.0078125,0.0,-0.0078125,0.0,0.0,-0.0,-0.0,0.0,0.0,0.0,21.515625,0.0,0.0,0.0,23.8125,0.0,0.0,0.0,23.4296875,0.0,0.0,0.0,21.1328125,0.0,0.0,23.046875,0.0,5.669586181640625
63.35,0.0078125,0.0,-0.0078125,0.0,0.0,-0.0,-0.0,0.0,0.0,0.0,20.94140625,0.0,0.0,0.0,24.00390625,0.0,0.0,0.0,22.6640625,0.0,0.0,0.0,21.1328125,0.0,0.0,23.23828125,0.0,5.669586181640625
63.49,0.0078125,0.0,-0.0078125,0.0,0.0,-0.0,-0.0,0.0,0.0,0.0,21.1328125,0.0,0.0,0.0,22.85546875,0.0,0.0,0.0,22.85546875,0.0,0.0,0.0,21.1328125,0.0,0.0,22.85546875,0.0,5.659820556640625
63.64,0.0078125,0.0,-0.0078125,0.0,0.0,-0.0,-0.0,0.0,0.0,0.0,20.75,0.0,0.0,0.0,23.4296875,0.0,0.0,0.0,23.4296875,0.0,0.0,0.0,21.8984375,0.0,0.0,22.85546875,0.0,5.659820556640625
63.776,0.0078125,0.0,-0.0078125,0.0,0.0,-0.0,-0.0,0.0,0.0,0.0,20.3671875,0.0,0.0,0.0,23.23828125,0.0,0.0,0.0,23.046875,0.0,0.0,0.0,20.55859375,0.0,0.0,22.28125,0.0,5.669586181640625
63.918,0.0078125,0.0,-0.0078125,0.0,0.0,-0.0,-0.0,0.0,0.0,0.0,20.94140625,0.0,0.0,0.0,23.62109375,0.0,0.0,0.0,23.23828125,0.0,0.0,0.0,21.515625,0.0,0.0,23.4296875,0.0,5.669586181640625
64.07,0.0078125,0.0,-0.0078125,0.0,0.0,-0.0,-0.0,0.0,0.0,0.0,21.1328125,0.0,0.0,0.0,23.4296875,0.0,0.0,0.0,22.85546875,0.0,0.0,0.0,21.515625,0.0,0.0,22.47265625,0.0,5.669586181640625
64.211,0.0078125,0.0,-0.0078125,0.0,0.0,-0.0,-0.0,0.0,0.0,0.0,20.75,0.0,0.0,0.0,24.00390625,0.0,0.0,0.0,23.046875,0.0,0.0,0.0,21.70703125,0.0,0.0,23.046875,0.0,5.669586181640625
64.359,0.0078125,0.0,-0.0078125,0.0,0.0,-0.0,-0.0,0.0,0.0,0.0,21.32421875,0.0,0.0,0.0,23.4296875,0.0,0.0,0.0,22.85546875,0.0,0.0,0.0,20.94140625,0.0,0.0,22.08984375,0.0,5.659820556640625
64.499,0.0078125,0.0,-0.0078125,0.0,0.0,-0.0,-0.0,0.0,0.0,0.0,21.515625,0.0,0.0,0.0,24.76953125,0.0,0.0,0.0,23.23828125,0.0,0.0,0.0,21.515625,0.0,0.0,22.6640625,0.0,5.669586181640625
64.651,0.0078125,0.0,-0.0078125,0.0,0.0,-0.0,-0.0,0.0,0.0,0.0,21.32421875,0.0,0.0,0.0,23.4296875,0.0,0.0,0.0,23.23828125,0.0,0.0,0.0,20.94140625,0.0,0.0,22.47265625,0.0,5.669586181640625
64.791,0.0078125,0.0,-0.0078125,0.0,0.0,-0.0,-0.0,0.0,0.0,0.0,20.75,0.0,0.0,0.0,23.62109375,0.0,0.0,0.0,22.85546875,0.0,0.0,0.0,21.515625,0.0,0.0,23.046875,0.0,5.669586181640625
64.938,0.0078125,0.0,-0.0078125,0.0,0.0,-0.0,-0.0,0.0,0.0,0.0,20.75,0.0,0.0,0.0,24.76953125,0.0,0.0,0.0,23.23828125,0.0,0.0,0.0,21.32421875,0.0,0.0,23.046875,0.0,5.669586181640625
65.078,0.0078125,0.0,-0.0078125,0.0,0.0,-0.0,-0.0,0.0,0.0,0.0,21.32421875,0.0,0.0,0.0,21.8984375,0.0,0.0,0.0,23.4296875,0.0,0.0,0.0,21.32421875,0.0,0.0,22.47265625,0.0,5.669586181640625
65.231,0.0078125,0.0,-0.0078125,0.0,0.0,-0.0,-0.0,0.0,0.0,0.0,21.1328125,0.0,0.0,0.0,24.1953125,0.0,0.0,0.0,23.23828125,0.0,0.0,0.0,21.515625,0.0,0.0,22.6640625,0.0,5.669586181640625
65.373,0.0078125,0.0,-0.0078125,0.0,0.0,-0.0,-0.0,0.0,0.0,0.0,20.94140625,0.0,0.0,0.0,23.23828125,0.0,0.0,0.0,23.62109375,0.0,0.0,0.0,21.1328125,0.0,0.0,22.6640625,0.0,5.659820556640625
65.517,0.0078125,0.0,-0.0078125,0.0,0.0,-0.0,-0.0,0.0,0.0,0.0,22.08984375,0.0,0.0,0.0,23.4296875,0.0,0.0,0.0,23.23828125,0.0,0.0,0.0,20.75,0.0,0.0,22.47265625,0.0,5.659820556640625
65.67,0.0078125,0.0,-0.0078125,0.0,0.0,-0.0,-0.0,0.0,0.0,0.0,21.32421875,0.0,0.0,0.0,23.23828125,0.0,0.0,0.0,22.85546875,0.0,0.0,0.0,21.1328125,0.0,0.0,22.85546875,0.0,5.669586181640625
65.817,0.0078125,0.0,-0.0078125,0.0,0.0,-0.0,-0.0,0.0,0.0,0.0,20.75,0.0,0.0,0.0,23.23828125,0.0,0.0,0.0,23.4296875,0.0,0.0,0.0,20.94140625,0.0,0.0,23.62109375,0.0,5.669586181640625
65.97,0.0078125,0.0,-0.0078125,0.0,0.0,-0.0,-0.0,0.0,0.0,0.0,21.8984375,0.0,0.0,0.0,23.046875,0.0,0.0,0.0,23.4296875,0.0,0.0,0.0,21.515625,0.0,0.0,22.28125,0.0,5.669586181640625
66.117,0.0078125,0.0,-0.0078125,0.0,0.0,-0.0,-0.0,0.0,0.0,0.0,21.32421875,0.0,0.0,0.0,23.62109375,0.0,0.0,0.0,23.046875,0.0,0.0,0.0,21.70703125,0.0,0.0,22.28125,0.0,5.669586181640625
66.257,0.0078125,0.0,-0.0078125,0.0,0.0,-0.0,-0.0,0.0,0.0,0.0,21.32421875,0.0,0.0,0.0,23.4296875,0.0,0.0,0.0,23.046875,0.0,0.0,0.0,21.32421875,0.0,0.0,22.28125,0.0,5.669586181640625
66.411,0.0078125,0.0,-0.0078125,0.0,0.0,-0.0,-0.0,0.0,0.0,0.0,21.32421875,0.0,0.0,0.0,23.8125,0.0,0.0,0.0,23.23828125,0.0,0.0,0.0,21.8984375,0.0,0.0,22.85546875,0.0,5.669586181640625
66.576,0.0078125,0.0,-0.0078125,0.0,0.0,-0.0,-0.0,0.0,0.0,0.0,21.1328125,0.0,0.0,0.0,23.4296875,0.0,0.0,0.0,23.4296875,0.0,0.0,0.0,21.8984375,0.0,0.0,23.23828125,0.0,5.6793670654296875
66.729,0.0078125,0.0,-0.0078125,0.0,0.0,-0.0,-0.0,0.0,0.0,0.0,21.515625,0.0,0.0,0.0,24.38671875,0.0,0.0,0.0,23.62109375,0.0,0.0,0.0,21.70703125,0.0,0.0,23.8125,0.0,5.659820556640625
66.876,0.0078125,0.0,-0.0078125,0.0,0.0,-0.0,-0.0,0.0,0.0,0.0,20.3671875,0.0,0.0,0.0,23.23828125,0.0,0.0,0.0,23.23828125,0.0,0.0,0.0,21.1328125,0.0,0.0,22.28125,0.0,5.669586181640625
67.028,0.0078125,0.0,-0.0078125,0.0,0.0,-0.0,-0.0,0.0,0.0,0.0,21.515625,0.0,0.0,0.0,23.4296875,0.0,0.0,0.0,23.23828125,0.0,0.0,0.0,21.32421875,0.0,0.0,22.6640625,0.0,5.669586181640625
67.171,0.0078125,0.0,-0.0078125,0.0,0.0,-0.0,-0.0,0.0,0.0,0.0,21.32421875,0.0,0.0,0.0,23.4296875,0.0,0.0,0.0,23.23828125,0.0,0.0,0.0,21.8984375,0.0,0.0,22.85546875,0.0,5.659820556640625
67.318,0.0078125,0.0,-0.0078125,0.0,0.0,-0.0,-0.0,0.0,0.0,0.0,22.08984375,0.0,0.0,0.0,23.62109375,0.0,0.0,0.0,23.62109375,0.0,0.0,0.0,21.70703125,0.0,0.0,22.47265625,0.0,5.669586181640625
67.469,0.0078125,0.0,-0.0078125,0.0,0.0,-0.0,-0.0,0.0,0.0,0.0,20.17578125,0.0,0.0,0.0,23.4296875,0.0,0.0,0.0,22.85546875,0.0,0.0,0.0,21.1328125,0.0,0.0,23.23828125,0.0,5.659820556640625
67.618,0.0078125,0.0,-0.0078125,0.0,0.0,-0.0,-0.0,0.0,0.0,0.0,20.55859375,0.0,0.0,0.0,24.9609375,0.0,0.0,0.0,23.046875,0.0,0.0,0.0,21.70703125,0.0,0.0,22.85546875,0.0,5.6500396728515625
67.758,0.0078125,0.0,-0.0078125,0.0,0.0,-0.0,-0.0,0.0,0.0,0.0,20.94140625,0.0,0.0,0.0,23.8125,0.0,0.0,0.0,23.4296875,0.0,0.0,0.0,21.1328125,0.0,0.0,23.046875,0.0,5.669586181640625
67.91,0.0078125,0.0,-0.0078125,0.0,0.0,-0.0,-0.0,0.0,0.0,0.0,21.1328125,0.0,0.0,0.0,24.38671875,0.0,0.0,0.0,23.23828125,0.0,0.0,0.0,21.32421875,0.0,0.0,23.046875,0.0,5.669586181640625
68.051,0.0078125,0.0,-0.0078125,0.0,0.0,-0.0,-0.0,0.0,0.0,0.0,19.79296875,0.0,0.0,0.0,23.62109375,0.0,0.0,0.0,23.23828125,0.0,0.0,0.0,20.94140625,0.0,0.0,23.4296875,0.0,5.669586181640625
68.191,0.0078125,0.0,-0.0078125,0.0,0.0,-0.0,-0.0,0.0,0.0,0.0,21.32421875,0.0,0.0,0.0,23.4296875,0.0,0.0,0.0,22.47265625,0.0,0.0,0.0,21.8984375,0.0,0.0,22.28125,0.0,5.669586181640625
68.332,0.0078125,0.0,-0.0078125,0.0,0.0,-0.0,-0.0,0.0,0.0,0.0,21.1328125,0.0,0.0,0.0,23.4296875,0.0,0.0,0.0,23.62109375,0.0,0.0,0.0,20.94140625,0.0,0.0,22.85546875,0.0,5.669586181640625
68.471,0.0078125,0.0,-0.0078125,0.0,0.0,-0.0,-0.0,0.0,0.0,0.0,21.1328125,0.0,0.0,0.0,23.62109375,0.0,0.0,0.0,23.8125,0.0,0.0,0.0,21.70703125,0.0,0.0,22.6640625,0.0,5.669586181640625
