Timestamp,Driver_Joy_Y,Driver_Joy_X,Driver_Joy_W,Mecanum_FL,Mecanum_BL,Mecanum_BR,Mecanum_FR,FL_Jag_Speed,FL_Out_Voltage,FL_Out_Current,FL_Temp,BL_Jag_Speed,BL_Out_Voltage,BL_Out_Current,BL_Temp,BR_Jag_Speed,BR_Out_Voltage,BR_Out_Current,BR_Temp,FR_Jag_Speed,FR_Out_Voltage,FR_Out_Current,FR_Temp,Pickup_Out_Voltage,Pickup_Out_Current,Pickup_Temp,SH1_Out_Voltage,SH1_Out_Current,SH1_Temp,SH2_Out_Voltage,SH2_Out_Current,SH2_Temp,SHmain_Speed,SHmain_Angle
0.0060,0.046875,-0.046875,0.0,0.0,0.0,-0.0,-0.0,0.0,0.0,0.0,20.75,0.0,0.0,0.0,24.9609375,0.0,0.0,0.0,24.578125,0.0,0.0,0.0,21.32421875,0.0,0.0,23.046875,0.0,5.6207122802734375
0.187,0.046875,-0.046875,0.0,0.0,0.0,-0.0,-0.0,0.0,0.0,0.0,21.1328125,0.0,0.0,0.0,24.9609375,0.0,0.0,0.0,24.38671875,0.0,0.0,0.0,21.515625,0.0,0.0,23.4296875,0.0,5.6207122802734375
0.345,0.046875,-0.046875,0.0,0.0,0.0,-0.0,-0.0,0.0,0.0,0.0,21.1328125,0.0,0.0,0.0,24.578125,0.0,0.0,0.0,24.1953125,0.0,0.0,0.0,21.515625,0.0,0.0,23.046875,0.0,5.6304931640625
0.496,0.046875,-0.046875,0.0,0.0,0.0,-0.0,-0.0,0.0,0.0,0.0,21.1328125,0.0,0.0,0.0,24.578125,0.0,0.0,0.0,24.76953125,0.0,0.0,0.0,20.94140625,0.0,0.0,22.85546875,0.0,5.6304931640625
0.656,0.046875,-0.046875,0.0,0.0,0.0,-0.0,-0.0,0.0,0.0,0.0,21.1328125,0.0,0.0,0.0,25.15234375,0.0,0.0,0.0,24.578125,0.0,0.0,0.0,21.32421875,0.0,0.0,23.8125,0.0,5.6207122802734375
0.815,0.046875,-0.046875,0.0,0.0,0.0,-0.0,-0.0,0.0,0.0,0.0,21.1328125,0.0,0.0,0.0,24.9609375,0.0,0.0,0.0,24.00390625,0.0,0.0,0.0,21.515625,0.0,0.0,23.4296875,0.0,5.6207122802734375
0.972,0.046875,-0.046875,0.0,0.0,0.0,-0.0,-0.0,0.0,0.0,0.0,21.515625,0.0,0.0,0.0,24.76953125,0.0,0.0,0.0,24.38671875,0.0,0.0,0.0,21.32421875,0.0,0.0,24.1953125,0.0,5.6304931640625
1.135,0.046875,-0.046875,0.0,0.0,0.0,-0.0,-0.0,0.0,0.0,0.0,21.70703125,0.0,0.0,0.0,24.00390625,0.0,0.0,0.0,24.76953125,0.0,0.0,0.0,21.32421875,0.0,0.0,24.38671875,0.0,5.6304931640625
1.293,0.046875,-0.046875,0.0,0.0,0.0,-0.0,-0.0,0.0,0.0,0.0,22.28125,0.0,0.0,0.0,24.00390625,0.0,0.0,0.0,24.1953125,0.0,0.0,0.0,21.1328125,0.0,0.0,23.4296875,0.0,5.6207122802734375
1.454,0.046875,-0.046875,0.0,0.0,0.0,-0.0,-0.0,0.0,0.0,0.0,21.1328125,0.0,0.0,0.0,24.9609375,0.0,0.0,0.0,24.38671875,0.0,0.0,0.0,21.515625,0.0,0.0,23.8125,0.0,5.6304931640625
1.615,0.046875,-0.046875,0.0,0.0,0.0,-0.0,-0.0,0.0,0.0,0.0,20.55859375,0.0,0.0,0.0,24.9609375,0.0,0.0,0.0,24.1953125,0.0,0.0,0.0,22.47265625,0.0,0.0,23.046875,0.0,5.6304931640625
1.774,0.046875,-0.046875,0.0,0.0,0.0,-0.0,-0.0,0.0,0.0,0.0,21.32421875,0.0,0.0,0.0,25.7265625,0.0,0.0,0.0,24.578125,0.0,0.0,0.0,21.32421875,0.0,0.0,23.62109375,0.0,5.6304931640625
1.956,0.046875,-0.046875,0.0,0.0,0.0,-0.0,-0.0,0.0,0.0,0.0,20.75,0.0,0.0,0.0,25.91796875,0.0,0.0,0.0,24.38671875,0.0,0.0,0.0,22.08984375,0.0,0.0,23.046875,0.0,5.6207122802734375
2.12,0.046875,-0.046875,0.0,0.0,0.0,-0.0,-0.0,0.0,0.0,0.0,21.1328125,0.0,0.0,0.0,24.38671875,0.0,0.0,0.0,24.578125,0.0,0.0,0.0,21.515625,0.0,0.0,22.6640625,0.0,5.6304931640625
2.295,0.046875,-0.046875,0.0,0.0,0.0,-0.0,-0.0,0.0,0.0,0.0,19.6015625,0.0,0.0,0.0,24.578125,0.0,0.0,0.0,24.76953125,0.0,0.0,0.0,22.08984375,0.0,0.0,23.23828125,0.0,5.6304931640625
2.457,0.046875,-0.046875,0.0,0.0,0.0,-0.0,-0.0,0.0,0.0,0.0,21.32421875,0.0,0.0,0.0,24.76953125,0.0,0.0,0.0,24.38671875,0.0,0.0,0.0,20.94140625,0.0,0.0,22.6640625,0.0,5.6304931640625
2.628,0.046875,-0.046875,0.0,0.0,0.0,-0.0,-0.0,0.0,0.0,0.0,21.70703125,0.0,0.0,0.0,24.578125,0.0,0.0,0.0,24.1953125,0.0,0.0,0.0,21.32421875,0.0,0.0,24.38671875,0.0,5.6207122802734375
2.79,0.046875,-0.046875,0.0,0.0,0.0,-0.0,-0.0,0.0,0.0,0.0,21.1328125,0.0,0.0,0.0,24.00390625,0.0,0.0,0.0,24.76953125,0.0,0.0,0.0,21.70703125,0.0,0.0,23.23828125,0.0,5.6207122802734375
2.947,0.046875,-0.046875,0.0,0.0,0.0,-0.0,-0.0,0.0,0.0,0.0,21.1328125,0.0,0.0,0.0,24.9609375,0.0,0.0,0.0,24.1953125,0.0,0.0,0.0,21.8984375,0.0,0.0,22.85546875,0.0,5.6304931640625
3.108,0.046875,-0.046875,0.0,0.0,0.0,-0.0,-0.0,0.0,0.0,0.0,21.8984375,0.0,0.0,0.0,24.9609375,0.0,0.0,0.0,24.1953125,0.0,0.0,0.0,21.8984375,0.0,0.0,23.23828125,0.0,5.6304931640625
3.273,0.046875,-0.046875,0.0,0.0,0.0,-0.0,-0.0,0.0,0.0,0.0,20.55859375,0.0,0.0,0.0,25.34375,0.0,0.0,0.0,24.38671875,0.0,0.0,0.0,22.08984375,0.0,0.0,23.23828125,0.0,5.6304931640625
3.436,0.046875,-0.046875,0.0,0.0,0.0,-0.0,-0.0,0.0,0.0,0.0,22.85546875,0.0,0.0,0.0,24.76953125,0.0,0.0,0.0,24.1953125,0.0,0.0,0.0,22.08984375,0.0,0.0,23.046875,0.0,5.6304931640625
3.607,0.046875,-0.046875,0.0,0.0,0.0,-0.0,-0.0,0.0,0.0,0.0,21.1328125,0.0,0.0,0.0,24.9609375,0.0,0.0,0.0,24.38671875,0.0,0.0,0.0,21.515625,0.0,0.0,22.85546875,0.0,5.6304931640625
3.767,0.046875,-0.046875,0.0,0.0,0.0,-0.0,-0.0,0.0,0.0,0.0,21.70703125,0.0,0.0,0.0,24.578125,0.0,0.0,0.0,24.76953125,0.0,0.0,0.0,21.515625,0.0,0.0,23.62109375,0.0,5.6304931640625
3.945,0.046875,-0.046875,0.0,0.0,0.0,-0.0,-0.0,0.0,0.0,0.0,21.1328125,0.0,0.0,0.0,25.15234375,0.0,0.0,0.0,24.578125,0.0,0.0,0.0,21.70703125,0.0,0.0,23.4296875,0.0,5.6304931640625
4.115,0.046875,-0.046875,0.0,0.0,0.0,-0.0,-0.0,0.0,0.0,0.0,21.515625,0.0,0.0,0.0,24.9609375,0.0,0.0,0.0,24.76953125,0.0,0.0,0.0,22.08984375,0.0,0.0,23.4296875,0.0,5.6304931640625
4.279,0.046875,-0.046875,0.0,0.0,0.0,-0.0,-0.0,0.0,0.0,0.0,21.32421875,0.0,0.0,0.0,24.9609375,0.0,0.0,0.0,24.1953125,0.0,0.0,0.0,22.28125,0.0,0.0,23.4296875,0.0,5.6207122802734375
4.455,0.046875,-0.046875,0.0,0.0,0.0,-0.0,-0.0,0.0,0.0,0.0,20.3671875,0.0,0.0,0.0,24.76953125,0.0,0.0,0.0,24.38671875,0.0,0.0,0.0,21.515625,0.0,0.0,22.6640625,0.0,5.6207122802734375
4.615,0.046875,-0.046875,0.0,0.0,0.0,-0.0,-0.0,0.0,0.0,0.0,22.47265625,0.0,0.0,0.0,24.578125,0.0,0.0,0.0,24.76953125,0.0,0.0,0.0,21.515625,0.0,0.0,23.23828125,0.0,5.6304931640625
4.776,0.046875,-0.046875,0.0,0.0,0.0,-0.0,-0.0,0.0,0.0,0.0,21.70703125,0.0,0.0,0.0,24.76953125,0.0,0.0,0.0,24.38671875,0.0,0.0,0.0,21.515625,0.0,0.0,22.47265625,0.0,5.6207122802734375
4.933,0.046875,-0.046875,0.0,0.0,0.0,-0.0,-0.0,0.0,0.0,0.0,21.70703125,0.0,0.0,0.0,24.38671875,0.0,0.0,0.0,24.38671875,0.0,0.0,0.0,21.70703125,0.0,0.0,23.4296875,0.0,5.6304931640625
5.095,0.046875,-0.046875,0.0,0.0,0.0,-0.0,-0.0,0.0,0.0,0.0,21.70703125,0.0,0.0,0.0,25.34375,0.0,0.0,0.0,25.15234375,0.0,0.0,0.0,21.70703125,0.0,0.0,23.4296875,0.0,5.6304931640625
5.265,0.046875,-0.046875,0.0,0.0,0.0,-0.0,-0.0,0.0,0.0,0.0,21.1328125,0.0,0.0,0.0,25.34375,0.0,0.0,0.0,24.38671875,0.0,0.0,0.0,22.08984375,0.0,0.0,21.70703125,0.0,5.6207122802734375
5.427,0.046875,-0.046875,0.0,0.0,0.0,-0.0,-0.0,0.0,0.0,0.0,21.32421875,0.0,0.0,0.0,24.578125,0.0,0.0,0.0,23.62109375,0.0,0.0,0.0,21.1328125,0.0,0.0,23.046875,0.0,5.6304931640625
5.592,0.046875,-0.046875,0.0,0.0,0.0,-0.0,-0.0,0.0,0.0,0.0,21.515625,0.0,0.0,0.0,24.578125,0.0,0.0,0.0,24.38671875,0.0,0.0,0.0,21.32421875,0.0,0.0,23.046875,0.0,5.6304931640625
5.765,0.046875,-0.046875,0.0,0.0,0.0,-0.0,-0.0,0.0,0.0,0.0,21.515625,0.0,0.0,0.0,24.76953125,0.0,0.0,0.0,24.578125,0.0,0.0,0.0,21.8984375,0.0,0.0,24.38671875,0.0,5.6304931640625
5.937,0.046875,-0.046875,0.0,0.0,0.0,-0.0,-0.0,0.0,0.0,0.0,21.70703125,0.0,0.0,0.0,25.15234375,0.0,0.0,0.0,24.00390625,0.0,0.0,0.0,21.8984375,0.0,0.0,22.47265625,0.0,5.6207122802734375
6.094,0.046875,-0.046875,0.0,0.0,0.0,-0.0,-0.0,0.0,0.0,0.0,20.94140625,0.0,0.0,0.0,24.76953125,0.0,0.0,0.0,24.578125,0.0,0.0,0.0,21.8984375,0.0,0.0,23.23828125,0.0,5.6304931640625
6.267,0.046875,-0.046875,0.0,0.0,0.0,-0.0,-0.0,0.0,0.0,0.0,21.32421875,0.0,0.0,0.0,25.15234375,0.0,0.0,0.0,24.9609375,0.0,0.0,0.0,22.47265625,0.0,0.0,23.62109375,0.0,5.6304931640625
6.432,0.046875,-0.046875,0.0,0.0,0.0,-0.0,-0.0,0.0,0.0,0.0,21.1328125,0.0,0.0,0.0,24.1953125,0.0,0.0,0.0,24.1953125,0.0,0.0,0.0,21.32421875,0.0,0.0,22.6640625,0.0,5.6304931640625
6.594,0.046875,-0.046875,0.0,0.0,0.0,-0.0,-0.0,0.0,0.0,0.0,22.08984375,0.0,0.0,0.0,24.76953125,0.0,0.0,0.0,24.00390625,0.0,0.0,0.0,21.70703125,0.0,0.0,22.85546875,0.0,5.6207122802734375
6.753,0.046875,-0.046875,0.0,0.0,0.0,-0.0,-0.0,0.0,0.0,0.0,21.1328125,0.0,0.0,0.0,24.76953125,0.0,0.0,0.0,25.15234375,0.0,0.0,0.0,21.515625,0.0,0.0,23.8125,0.0,5.6207122802734375
6.919,0.046875,-0.046875,0.0,0.0,0.0,-0.0,-0.0,0.0,0.0,0.0,21.1328125,0.0,0.0,0.0,24.38671875,0.0,0.0,0.0,24.578125,0.0,0.0,0.0,21.8984375,0.0,0.0,22.85546875,0.0,5.6304931640625
7.087,0.046875,-0.046875,0.0,0.0,0.0,-0.0,-0.0,0.0,0.0,0.0,21.8984375,0.0,0.0,0.0,24.76953125,0.0,0.0,0.0,24.578125,0.0,0.0,0.0,21.515625,0.0,0.0,23.8125,0.0,5.6304931640625
7.247,0.046875,-0.046875,0.0,0.0,0.0,-0.0,-0.0,0.0,0.0,0.0,21.1328125,0.0,0.0,0.0,24.9609375,0.0,0.0,0.0,24.578125,0.0,0.0,0.0,22.08984375,0.0,0.0,23.8125,0.0,5.6304931640625
7.407,0.046875,-0.046875,0.0,0.0,0.0,-0.0,-0.0,0.0,0.0,0.0,21.32421875,0.0,0.0,0.0,25.34375,0.0,0.0,0.0,24.9609375,0.0,0.0,0.0,21.8984375,0.0,0.0,23.23828125,0.0,5.6207122802734375
7.567,0.046875,-0.046875,0.0,0.0,0.0,-0.0,-0.0,0.0,0.0,0.0,22.28125,0.0,0.0,0.0,24.9609375,0.0,0.0,0.0,24.578125,0.0,0.0,0.0,21.8984375,0.0,0.0,22.85546875,0.0,5.6304931640625
7.727,0.046875,-0.046875,0.0,0.0,0.0,-0.0,-0.0,0.0,0.0,0.0,21.515625,0.0,0.0,0.0,24.9609375,0.0,0.0,0.0,24.38671875,0.0,0.0,0.0,21.32421875,0.0,0.0,23.8125,0.0,5.6304931640625
7.908,0.046875,-0.046875,0.0,0.0,0.0,-0.0,-0.0,0.0,0.0,0.0,21.32421875,0.0,0.0,0.0,24.9609375,0.0,0.0,0.0,24.38671875,0.0,0.0,0.0,20.94140625,0.0,0.0,23.4296875,0.0,5.6304931640625
8.073,0.046875,-0.046875,0.0,0.0,0.0,-0.0,-0.0,0.0,0.0,0.0,21.32421875,0.0,0.0,0.0,24.9609375,0.0,0.0,0.0,24.76953125,0.0,0.0,0.0,21.70703125,0.0,0.0,23.046875,0.0,5.6304931640625
8.235,0.046875,-0.046875,0.0,0.0,0.0,-0.0,-0.0,0.0,0.0,0.0,22.47265625,0.0,0.0,0.0,25.15234375,0.0,0.0,0.0,24.76953125,0.0,0.0,0.0,21.8984375,0.0,0.0,23.62109375,0.0,5.6207122802734375
8.392,0.046875,-0.046875,0.0,0.0,0.0,-0.0,-0.0,0.0,0.0,0.0,21.70703125,0.0,0.0,0.0,24.9609375,0.0,0.0,0.0,24.9609375,0.0,0.0,0.0,21.8984375,0.0,0.0,25.15234375,0.0,5.6304931640625
8.556,0.046875,-0.046875,0.0,0.0,0.0,-0.0,-0.0,0.0,0.0,0.0,21.515625,0.0,0.0,0.0,24.578125,0.0,0.0,0.0,24.38671875,0.0,0.0,0.0,21.8984375,0.0,0.0,24.76953125,0.0,5.6304931640625
8.727,0.046875,-0.046875,0.0,0.0,0.0,-0.0,-0.0,0.0,0.0,0.0,21.70703125,0.0,0.0,0.0,25.15234375,0.0,0.0,0.0,25.34375,0.0,0.0,0.0,21.32421875,0.0,0.0,22.85546875,0.0,5.6207122802734375
8.887,0.046875,-0.046875,0.0,0.0,0.0,-0.0,-0.0,0.0,0.0,0.0,21.8984375,0.0,0.0,0.0,24.76953125,0.0,0.0,0.0,24.38671875,0.0,0.0,0.0,22.28125,0.0,0.0,23.4296875,0.0,5.6304931640625
9.054,0.046875,-0.046875,0.0,0.0,0.0,-0.0,-0.0,0.0,0.0,0.0,21.32421875,0.0,0.0,0.0,24.9609375,0.0,0.0,0.0,24.578125,0.0,0.0,0.0,21.70703125,0.0,0.0,22.85546875,0.0,5.6304931640625
9.235,0.046875,-0.046875,0.0,0.0,0.0,-0.0,-0.0,0.0,0.0,0.0,21.32421875,0.0,0.0,0.0,24.38671875,0.0,0.0,0.0,24.1953125,0.0,0.0,0.0,21.8984375,0.0,0.0,24.00390625,0.0,5.6304931640625
9.394,0.046875,-0.046875,0.0,0.0,0.0,-0.0,-0.0,0.0,0.0,0.0,21.515625,0.0,0.0,0.0,25.34375,0.0,0.0,0.0,24.578125,0.0,0.0,0.0,21.32421875,0.0,0.0,24.578125,0.0,5.6304931640625
9.555,0.046875,-0.046875,0.0,0.0,0.0,-0.0,-0.0,0.0,0.0,0.0,21.32421875,0.0,0.0,0.0,24.38671875,0.0,0.0,0.0,24.9609375,0.0,0.0,0.0,21.70703125,0.0,0.0,23.4296875,0.0,5.6304931640625
9.716,0.046875,-0.046875,0.0,0.0,0.0,-0.0,-0.0,0.0,0.0,0.0,21.70703125,0.0,0.0,0.0,25.53515625,0.0,0.0,0.0,24.578125,0.0,0.0,0.0,22.08984375,0.0,0.0,23.23828125,0.0,5.6207122802734375
9.889,0.046875,-0.046875,0.0,0.0,0.0,-0.0,-0.0,0.0,0.0,0.0,21.70703125,0.0,0.0,0.0,25.34375,0.0,0.0,0.0,24.578125,0.0,0.0,0.0,21.70703125,0.0,0.0,23.046875,0.0,5.6304931640625
10.045,0.046875,-0.046875,0.0,0.0,0.0,-0.0,-0.0,0.0,0.0,0.0,21.515625,0.0,0.0,0.0,25.15234375,0.0,0.0,0.0,24.578125,0.0,0.0,0.0,22.28125,0.0,0.0,24.00390625,0.0,5.6304931640625
10.213,0.046875,-0.046875,0.0,0.0,0.0,-0.0,-0.0,0.0,0.0,0.0,21.1328125,0.0,0.0,0.0,24.9609375,0.0,0.0,0.0,24.578125,0.0,0.0,0.0,21.515625,0.0,0.0,22.85546875,0.0,5.6304931640625
10.374,0.046875,-0.046875,0.0,0.0,0.0,-0.0,-0.0,0.0,0.0,0.0,21.515625,0.0,0.0,0.0,25.34375,0.0,0.0,0.0,24.1953125,0.0,0.0,0.0,22.08984375,0.0,0.0,24.1953125,0.0,5.6207122802734375
10.547,0.046875,-0.046875,0.0,0.0,0.0,-0.0,-0.0,0.0,0.0,0.0,21.515625,0.0,0.0,0.0,24.00390625,0.0,0.0,0.0,24.76953125,0.0,0.0,0.0,21.515625,0.0,0.0,23.4296875,0.0,5.6207122802734375
10.713,0.046875,-0.046875,0.0,0.0,0.0,-0.0,-0.0,0.0,0.0,0.0,21.70703125,0.0,0.0,0.0,23.62109375,0.0,0.0,0.0,24.578125,0.0,0.0,0.0,21.8984375,0.0,0.0,23.4296875,0.0,5.6304931640625
10.877,0.046875,-0.046875,0.0,0.0,0.0,-0.0,-0.0,0.0,0.0,0.0,21.1328125,0.0,0.0,0.0,24.9609375,0.0,0.0,0.0,24.578125,0.0,0.0,0.0,21.8984375,0.0,0.0,23.23828125,0.0,5.6207122802734375
11.047,0.046875,-0.046875,0.0,0.0,0.0,-0.0,-0.0,0.0,0.0,0.0,21.32421875,0.0,0.0,0.0,25.7265625,0.0,0.0,0.0,24.76953125,0.0,0.0,0.0,21.70703125,0.0,0.0,23.4296875,0.0,5.6207122802734375
11.208,0.046875,-0.046875,0.0,0.0,0.0,-0.0,-0.0,0.0,0.0,0.0,20.94140625,0.0,0.0,0.0,24.578125,0.0,0.0,0.0,24.00390625,0.0,0.0,0.0,22.28125,0.0,0.0,23.8125,0.0,5.6304931640625
11.368,0.046875,-0.046875,0.0,0.0,0.0,-0.0,-0.0,0.0,0.0,0.0,21.32421875,0.0,0.0,0.0,24.9609375,0.0,0.0,0.0,24.578125,0.0,0.0,0.0,21.70703125,0.0,0.0,23.4296875,0.0,5.6304931640625
11.533,0.046875,-0.046875,0.0,0.0,0.0,-0.0,-0.0,0.0,0.0,0.0,21.32421875,0.0,0.0,0.0,26.109375,0.0,0.0,0.0,24.1953125,0.0,0.0,0.0,22.47265625,0.0,0.0,23.046875,0.0,5.6304931640625
11.695,0.046875,-0.046875,0.0,0.0,0.0,-0.0,-0.0,0.0,0.0,0.0,21.1328125,0.0,0.0,0.0,24.76953125,0.0,0.0,0.0,24.38671875,0.0,0.0,0.0,21.515625,0.0,0.0,23.8125,0.0,5.6304931640625
11.867,0.046875,-0.046875,0.0,0.0,0.0,-0.0,-0.0,0.0,0.0,0.0,21.1328125,0.0,0.0,0.0,24.9609375,0.0,0.0,0.0,24.9609375,0.0,0.0,0.0,22.28125,0.0,0.0,23.62109375,0.0,5.6304931640625
12.038,0.046875,-0.046875,0.0,0.0,0.0,-0.0,-0.0,0.0,0.0,0.0,21.70703125,0.0,0.0,0.0,24.9609375,0.0,0.0,0.0,24.578125,0.0,0.0,0.0,21.70703125,0.0,0.0,24.76953125,0.0,5.6304931640625
12.196,0.046875,-0.046875,0.0,0.0,0.0,-0.0,-0.0,0.0,0.0,0.0,21.515625,0.0,0.0,0.0,26.68359375,0.0,0.0,0.0,24.38671875,0.0,0.0,0.0,21.70703125,0.0,0.0,23.4296875,0.0,5.6207122802734375
12.369,0.046875,-0.046875,0.0,0.0,0.0,-0.0,-0.0,0.0,0.0,0.0,21.1328125,0.0,0.0,0.0,24.38671875,0.0,0.0,0.0,24.38671875,0.0,0.0,0.0,22.28125,0.0,0.0,23.4296875,0.0,5.6207122802734375
12.53,0.046875,-0.046875,0.0,0.0,0.0,-0.0,-0.0,0.0,0.0,0.0,21.32421875,0.0,0.0,0.0,25.15234375,0.0,0.0,0.0,24.38671875,0.0,0.0,0.0,22.28125,0.0,0.0,23.046875,0.0,5.6304931640625
12.697,0.046875,-0.046875,0.0,0.0,0.0,-0.0,-0.0,0.0,0.0,0.0,21.515625,0.0,0.0,0.0,24.76953125,0.0,0.0,0.0,25.15234375,0.0,0.0,0.0,22.28125,0.0,0.0,22.85546875,0.0,5.6304931640625
12.85,0.046875,-0.046875,0.0,0.0,0.0,-0.0,-0.0,0.0,0.0,0.0,21.8984375,0.0,0.0,0.0,25.15234375,0.0,0.0,0.0,24.9609375,0.0,0.0,0.0,22.08984375,0.0,0.0,23.4296875,0.0,5.6304931640625
13.007,0.046875,-0.046875,0.0,0.0,0.0,-0.0,-0.0,0.0,0.0,0.0,21.515625,0.0,0.0,0.0,25.15234375,0.0,0.0,0.0,24.578125,0.0,0.0,0.0,21.70703125,0.0,0.0,23.23828125,0.0,5.6207122802734375
13.167,0.046875,-0.046875,0.0,0.0,0.0,-0.0,-0.0,0.0,0.0,0.0,21.32421875,0.0,0.0,0.0,25.53515625,0.0,0.0,0.0,25.15234375,0.0,0.0,0.0,22.08984375,0.0,0.0,23.23828125,0.0,5.6207122802734375
13.329,0.046875,-0.046875,0.0,0.0,0.0,-0.0,-0.0,0.0,0.0,0.0,21.515625,0.0,0.0,0.0,25.7265625,0.0,0.0,0.0,24.38671875,0.0,0.0,0.0,21.70703125,0.0,0.0,22.6640625,0.0,5.6304931640625
13.495,0.046875,-0.046875,0.0,0.0,0.0,-0.0,-0.0,0.0,0.0,0.0,21.32421875,0.0,0.0,0.0,24.38671875,0.0,0.0,0.0,24.578125,0.0,0.0,0.0,21.32421875,0.0,0.0,23.4296875,0.0,5.6304931640625
13.667,0.046875,-0.046875,0.0,0.0,0.0,-0.0,-0.0,0.0,0.0,0.0,21.515625,0.0,0.0,0.0,25.91796875,0.0,0.0,0.0,24.578125,0.0,0.0,0.0,22.08984375,0.0,0.0,22.28125,0.0,5.6207122802734375
13.845,0.046875,-0.046875,0.0,0.0,0.0,-0.0,-0.0,0.0,0.0,0.0,21.515625,0.0,0.0,0.0,25.15234375,0.0,0.0,0.0,24.578125,0.0,0.0,0.0,22.08984375,0.0,0.0,23.8125,0.0,5.6304931640625
14.005,0.046875,-0.046875,0.0,0.0,0.0,-0.0,-0.0,0.0,0.0,0.0,22.28125,0.0,0.0,0.0,25.15234375,0.0,0.0,0.0,24.38671875,0.0,0.0,0.0,22.08984375,0.0,0.0,23.23828125,0.0,5.6304931640625
14.157,0.046875,-0.046875,0.0,0.0,0.0,-0.0,-0.0,0.0,0.0,0.0,21.32421875,0.0,0.0,0.0,26.109375,0.0,0.0,0.0,24.76953125,0.0,0.0,0.0,21.8984375,0.0,0.0,23.62109375,0.0,5.6304931640625
14.308,0.046875,-0.046875,0.0,0.0,0.0,-0.0,-0.0,0.0,0.0,0.0,21.32421875,0.0,0.0,0.0,25.15234375,0.0,0.0,0.0,24.578125,0.0,0.0,0.0,22.08984375,0.0,0.0,23.23828125,0.0,5.6304931640625
14.485,0.046875,-0.046875,0.0,0.0,0.0,-0.0,-0.0,0.0,0.0,0.0,21.515625,0.0,0.0,0.0,25.53515625,0.0,0.0,0.0,24.76953125,0.0,0.0,0.0,22.08984375,0.0,0.0,23.8125,0.0,5.6207122802734375
14.647,0.046875,-0.046875,0.0,0.0,0.0,-0.0,-0.0,0.0,0.0,0.0,20.94140625,0.0,0.0,0.0,25.15234375,0.0,0.0,0.0,24.38671875,0.0,0.0,0.0,21.70703125,0.0,0.0,23.23828125,0.0,5.6304931640625
14.808,0.046875,-0.046875,0.0,0.0,0.0,-0.0,-0.0,0.0,0.0,0.0,21.8984375,0.0,0.0,0.0,25.15234375,0.0,0.0,0.0,24.578125,0.0,0.0,0.0,21.515625,0.0,0.0,24.00390625,0.0,5.6304931640625
14.968,0.046875,-0.046875,0.0,0.0,0.0,-0.0,-0.0,0.0,0.0,0.0,22.28125,0.0,0.0,0.0,24.9609375,0.0,0.0,0.0,24.38671875,0.0,0.0,0.0,21.70703125,0.0,0.0,24.38671875,0.0,5.6207122802734375
15.126,0.046875,-0.046875,0.0,0.0,0.0,-0.0,-0.0,0.0,0.0,0.0,21.1328125,0.0,0.0,0.0,24.9609375,0.0,0.0,0.0,24.76953125,0.0,0.0,0.0,21.8984375,0.0,0.0,23.62109375,0.0,5.6304931640625
15.307,0.046875,-0.046875,0.0,0.0,0.0,-0.0,-0.0,0.0,0.0,0.0,21.1328125,0.0,0.0,0.0,25.53515625,0.0,0.0,0.0,24.578125,0.0,0.0,0.0,21.8984375,0.0,0.0,24.76953125,0.0,5.6304931640625
15.465,0.046875,-0.046875,0.0,0.0,0.0,-0.0,-0.0,0.0,0.0,0.0,22.28125,0.0,0.0,0.0,24.578125,0.0,0.0,0.0,24.578125,0.0,0.0,0.0,22.47265625,0.0,0.0,23.23828125,0.0,5.6207122802734375
15.634,0.046875,-0.046875,0.0,0.0,0.0,-0.0,-0.0,0.0,0.0,0.0,21.70703125,0.0,0.0,0.0,25.15234375,0.0,0.0,0.0,24.578125,0.0,0.0,0.0,22.08984375,0.0,0.0,23.4296875,0.0,5.6304931640625
15.815,0.046875,-0.046875,0.0,0.0,0.0,-0.0,-0.0,0.0,0.0,0.0,21.32421875,0.0,0.0,0.0,25.53515625,0.0,0.0,0.0,24.76953125,0.0,0.0,0.0,21.515625,0.0,0.0,23.4296875,0.0,5.6304931640625
15.976,0.046875,-0.046875,0.0,0.0,0.0,-0.0,-0.0,0.0,0.0,0.0,21.32421875,0.0,0.0,0.0,24.578125,0.0,0.0,0.0,24.9609375,0.0,0.0,0.0,22.08984375,0.0,0.0,23.4296875,0.0,5.6304931640625
16.14,0.046875,-0.046875,0.0,0.0,0.0,-0.0,-0.0,0.0,0.0,0.0,22.08984375,0.0,0.0,0.0,24.76953125,0.0,0.0,0.0,24.76953125,0.0,0.0,0.0,22.28125,0.0,0.0,23.23828125,0.0,5.6304931640625
16.306,0.046875,-0.046875,0.0,0.0,0.0,-0.0,-0.0,0.0,0.0,0.0,21.1328125,0.0,0.0,0.0,25.34375,0.0,0.0,0.0,25.15234375,0.0,0.0,0.0,21.70703125,0.0,0.0,23.4296875,0.0,5.6304931640625
16.467,0.046875,-0.046875,0.0,0.0,0.0,-0.0,-0.0,0.0,0.0,0.0,21.70703125,0.0,0.0,0.0,24.76953125,0.0,0.0,0.0,24.76953125,0.0,0.0,0.0,21.515625,0.0,0.0,23.62109375,0.0,5.6304931640625
16.628,0.046875,-0.046875,0.0,0.0,0.0,-0.0,-0.0,0.0,0.0,0.0,21.8984375,0.0,0.0,0.0,25.15234375,0.0,0.0,0.0,24.38671875,0.0,0.0,0.0,22.08984375,0.0,0.0,22.85546875,0.0,5.6207122802734375
16.787,0.046875,-0.046875,0.0,0.0,0.0,-0.0,-0.0,0.0,0.0,0.0,21.70703125,0.0,0.0,0.0,25.34375,0.0,0.0,0.0,24.76953125,0.0,0.0,0.0,21.515625,0.0,0.0,23.23828125,0.0,5.6304931640625
16.946,0.046875,-0.046875,0.0,0.0,0.0,-0.0,-0.0,0.0,0.0,0.0,22.47265625,0.0,0.0,0.0,25.15234375,0.0,0.0,0.0,24.578125,0.0,0.0,0.0,21.1328125,0.0,0.0,23.62109375,0.0,5.6304931640625
17.096,0.046875,-0.046875,0.0,0.0,0.0,-0.0,-0.0,0.0,0.0,0.0,21.8984375,0.0,0.0,0.0,25.34375,0.0,0.0,0.0,24.1953125,0.0,0.0,0.0,22.08984375,0.0,0.0,23.8125,0.0,5.6304931640625
