Timestamp,Driver_Joy_Y,Driver_Joy_X,Driver_Joy_W,Mecanum_FL,Mecanum_BL,Mecanum_BR,Mecanum_FR,FL_Jag_Speed,FL_Out_Voltage,FL_Out_Current,FL_Temp,BL_Jag_Speed,BL_Out_Voltage,BL_Out_Current,BL_Temp,BR_Jag_Speed,BR_Out_Voltage,BR_Out_Current,BR_Temp,FR_Jag_Speed,FR_Out_Voltage,FR_Out_Current,FR_Temp,Pickup_Out_Voltage,Pickup_Out_Current,Pickup_Temp,SH1_Out_Voltage,SH1_Out_Current,SH1_Temp,SH2_Out_Voltage,SH2_Out_Current,SH2_Temp,SHmain_Speed,SHmain_Angle
0.0060,-0.0,0.0,0.0,0.0,0.0,0.0,0.0,0.0,0.0,0.0,30.51171875,0.0,0.0,0.0,35.87109375,0.0,0.0,0.0,35.87109375,0.0,0.0,0.0,30.703125,0.0,0.0,28.7890625,0.0,5.4545440673828125
0.185,-0.0,0.0,0.0,0.0,0.0,-0.0,-0.0,0.0,0.0,0.0,30.51171875,0.0,0.0,0.0,36.0625,0.0,0.0,0.0,35.6796875,0.0,0.0,0.0,30.703125,0.0,0.0,29.9375,0.0,5.4545440673828125
0.344,0.0078125,-0.0078125,0.0,0.0,0.0,-0.0,-0.0,0.0,0.0,0.0,29.171875,0.0,0.0,0.0,36.25390625,0.0,0.0,0.0,35.48828125,0.0,0.0,0.0,30.89453125,0.0,0.0,28.7890625,0.0,5.44476318359375
0.511,-0.0,-0.0078125,0.0,0.0,0.0,-0.0,-0.0,0.0,0.0,0.0,30.89453125,0.0,0.0,0.0,36.0625,0.0,0.0,0.0,35.6796875,0.0,0.0,0.0,30.51171875,0.0,0.0,29.171875,0.0,5.44476318359375
0.672,-0.0,-0.0078125,0.0,0.0,0.0,-0.0,-0.0,0.0,0.0,0.0,30.51171875,0.0,0.0,0.0,36.0625,0.0,0.0,0.0,35.296875,0.0,0.0,0.0,31.27734375,0.0,0.0,29.36328125,0.0,5.4545440673828125
0.847,-0.0,-0.0078125,0.0,0.0,0.0,-0.0,-0.0,0.0,0.0,0.0,30.51171875,0.0,0.0,0.0,36.4453125,0.0,0.0,0.0,35.296875,0.0,0.0,0.0,30.51171875,0.0,0.0,28.98046875,0.0,5.44476318359375
1.012,0.09375,-0.0078125,0.0,0.0,0.0,-0.0,-0.0,0.0,0.0,0.0,30.703125,0.0,0.0,0.0,36.0625,0.0,0.0,0.0,35.6796875,0.0,0.0,0.0,30.12890625,0.0,0.0,29.171875,0.0,5.4643096923828125
1.184,0.7890625,0.047244094488188976,0.0,0.18749999999999997,0.18750000000000003,-0.18749999999999997,-0.18750000000000003,0.0,1.7578125,9.1328125,30.51171875,0.0,1.6796875,5.8515625,36.25390625,-14.494827270507812,-1.1953125,4.66796875,35.48828125,0.0,-1.17578125,3.8828125,30.51171875,0.0,0.0,28.7890625,0.0,5.4349822998046875
1.37,0.984375,0.0,0.0,0.9140624999999999,0.9140625000000001,-0.9140624999999999,-0.9140625000000001,0.0,5.4545440673828125
1.506,0.984375,0.0,0.0,0.9140624999999999,0.9140625000000001,-0.9140624999999999,-0.9140625000000001,0.0,0.0,0.0,29.74609375,0.0,4.65625,25.15234375,35.87109375,0.0,5.4545440673828125
1.773,0.984375,0.0,0.0,0.9843749999999999,0.9843750000000001,-0.9843749999999999,-0.9843750000000001,0.0,0.0,0.0,30.12890625,0.0,0.0,0.0,35.296875,0.0,5.44476318359375
1.984,1.0,-0.0078125,0.0,0.9999999999999997,1.0,-0.9999999999999997,-1.0,0.0,0.0,0.0,30.3203125,0.0,0.0,0.0,36.0625,0.0,0.0,0.0,35.48828125,0.0,0.0,0.0,30.3203125,0.0,0.0,28.7890625,0.0,5.44476318359375
2.153,1.0,-0.0078125,0.0,0.9999999999999997,1.0,-0.9999999999999997,-1.0,0.0,0.0,0.0,31.66015625,0.0,0.0,0.0,36.63671875,0.0,0.0,0.0,35.6796875,0.0,0.0,0.0,30.89453125,0.0,0.0,28.59765625,0.0,5.4545440673828125
2.314,1.0,-0.0078125,0.0,0.9999999999999997,1.0,-0.9999999999999997,-1.0,0.0,0.0,0.0,29.5546875,0.0,0.0,0.0,36.4453125,0.0,0.0,0.0,35.48828125,0.0,0.0,0.0,30.89453125,0.0,0.0,28.7890625,0.0,5.4545440673828125
2.484,1.0,-0.0078125,0.0,0.9999999999999997,1.0,-0.9999999999999997,-1.0,0.0,0.0,0.0,29.9375,0.0,0.0,0.0,37.01953125,0.0,0.0,0.0,35.48828125,0.0,0.0,0.0,29.9375,0.0,0.0,29.171875,0.0,5.44476318359375
2.664,1.0,-0.0078125,0.0,0.9999999999999997,1.0,-0.9999999999999997,-1.0,0.0,0.0,0.0,29.9375,0.0,0.0,0.0,36.4453125,0.0,0.0,0.0,35.296875,0.0,0.0,0.0,30.51171875,0.0,0.0,28.59765625,0.0,5.44476318359375
2.826,1.0,-0.0078125,0.0,0.9999999999999997,1.0,-0.9999999999999997,-1.0,0.0,0.0,0.0,30.51171875,0.0,0.0,0.0,36.0625,0.0,0.0,0.0,35.296875,0.0,0.0,0.0,30.703125,0.0,0.0,29.171875,0.0,5.44476318359375
2.994,-0.0,0.09448818897637795,0.0,0.9999999999999997,1.0,-0.9999999999999997,-1.0,0.0,0.0,0.0,28.98046875,0.0,0.0,0.0,35.87109375,0.0,0.0,0.0,35.296875,0.0,0.0,0.0,30.51171875,0.0,0.0,29.5546875,0.0,5.4545440673828125
3.163,-0.0,-0.0078125,0.0,0.0,0.0,-0.0,-0.0,0.0,0.0,0.0,30.3203125,0.0,0.0,0.0,36.4453125,0.0,0.0,0.0,35.6796875,0.0,0.0,0.0,30.89453125,0.0,0.0,28.98046875,0.0,5.44476318359375
3.332,-0.0,-0.0078125,0.0,0.0,0.0,-0.0,-0.0,0.0,0.0,0.0,31.66015625,0.0,0.0,0.0,36.25390625,0.0,0.0,0.0,35.87109375,0.0,0.0,0.0,31.0859375,0.0,0.0,28.98046875,0.0,5.44476318359375
3.494,-0.0,-0.0078125,0.0,0.0,0.0,-0.0,-0.0,0.0,0.0,0.0,29.9375,0.0,0.0,0.0,36.25390625,0.0,0.0,0.0,35.10546875,0.0,0.0,0.0,30.51171875,0.0,0.0,29.74609375,0.0,5.4545440673828125
3.654,-0.0,-0.0078125,0.0,0.0,0.0,-0.0,-0.0,0.0,0.0,0.0,29.171875,0.0,0.0,0.0,37.2109375,0.0,0.0,0.0,35.87109375,0.0,0.0,0.0,30.89453125,0.0,0.0,28.98046875,0.0,5.44476318359375
3.824,-0.0,-0.0078125,0.0,0.0,0.0,-0.0,-0.0,0.0,0.0,0.0,29.36328125,0.0,0.0,0.0,36.0625,0.0,0.0,0.0,35.296875,0.0,0.0,0.0,31.0859375,0.0,0.0,28.7890625,0.0,5.44476318359375
3.984,-0.0,-0.0078125,0.0,0.0,0.0,-0.0,-0.0,0.0,0.0,0.0,30.703125,0.0,0.0,0.0,36.25390625,0.0,0.0,0.0,35.296875,0.0,0.0,0.0,30.3203125,0.0,0.0,29.171875,0.0,5.4349822998046875
4.145,-0.0,-0.0078125,0.0,0.0,0.0,-0.0,-0.0,0.0,0.0,0.0,30.51171875,0.0,0.0,0.0,36.0625,0.0,0.0,0.0,35.10546875,0.0,0.0,0.0,30.703125,0.0,0.0,28.40625,0.0,5.44476318359375
4.305,-0.0,0.06299212598425197,0.0,0.0,0.0,-0.0,-0.0,0.0,0.0,0.0,29.74609375,0.0,0.0,0.0,35.6796875,0.0,0.0,0.0,35.48828125,0.0,0.0,0.0,30.51171875,0.0,0.0,28.40625,0.0,5.4545440673828125
4.465,-0.0,0.0,0.0,0.0,0.0,-0.0,-0.0,0.0,0.0,0.0,30.703125,0.0,0.0,0.0,36.828125,0.0,0.0,0.0,35.6796875,0.0,0.0,0.0,30.12890625,0.0,0.0,28.59765625,0.0,5.44476318359375
4.626,-0.0,0.0,0.0,0.0,0.0,-0.0,-0.0,0.0,0.0,0.0,30.51171875,0.0,0.0,0.0,35.6796875,0.0,0.0,0.0,35.296875,0.0,0.0,0.0,30.3203125,0.0,0.0,28.98046875,0.0,5.4545440673828125
4.796,-0.0,0.0,0.0,0.0,0.0,-0.0,-0.0,0.0,0.0,0.0,30.12890625,0.0,0.0,0.0,35.87109375,0.0,0.0,0.0,35.6796875,0.0,0.0,0.0,30.703125,0.0,0.0,28.98046875,0.0,5.4545440673828125
4.963,-0.0,-0.0078125,0.0,0.0,0.0,-0.0,-0.0,0.0,0.0,0.0,30.12890625,0.0,0.0,0.0,36.63671875,0.0,0.0,0.0,35.48828125,0.0,0.0,0.0,31.0859375,0.0,0.0,28.98046875,0.0,5.4545440673828125
5.125,-0.0,-0.0078125,0.0,0.0,0.0,-0.0,-0.0,0.0,0.0,0.0,29.74609375,0.0,0.0,0.0,35.87109375,0.0,0.0,0.0,35.6796875,0.0,0.0,0.0,30.89453125,0.0,0.0,28.98046875,0.0,5.4545440673828125
5.284,-0.0,-0.0078125,0.0,0.0,0.0,-0.0,-0.0,0.0,0.0,0.0,29.5546875,0.0,0.0,0.0,35.87109375,0.0,0.0,0.0,35.296875,0.0,0.0,0.0,30.51171875,0.0,0.0,29.171875,0.0,5.4545440673828125
5.454,-0.047244094488188976,-0.0078125,0.0,0.0,0.0,-0.0,-0.0,0.0,0.0,0.0,30.12890625,0.0,0.0,0.0,36.0625,0.0,0.0,0.0,35.48828125,0.0,0.0,0.0,30.703125,0.0,0.0,28.7890625,0.0,5.4545440673828125
5.625,-0.06299212598425197,-0.0078125,0.0,0.0,0.0,-0.0,-0.0,0.0,0.0,0.0,29.74609375,0.0,0.0,0.0,36.25390625,0.0,0.0,0.0,35.6796875,0.0,0.0,0.0,30.89453125,0.0,0.0,27.83203125,0.0,5.44476318359375
5.806,-0.06299212598425197,-0.0078125,0.0,0.0,0.0,-0.0,-0.0,0.0,0.0,0.0,30.12890625,0.0,0.0,0.0,36.25390625,0.0,0.0,0.0,35.6796875,0.0,0.0,0.0,30.703125,0.0,0.0,29.36328125,0.0,5.4545440673828125
5.966,-0.06299212598425197,-0.0078125,0.0,0.0,0.0,-0.0,-0.0,0.0,0.0,0.0,30.3203125,0.0,0.0,0.0,36.0625,0.0,0.0,0.0,35.48828125,0.0,0.0,0.0,30.51171875,0.0,0.0,29.36328125,0.0,5.44476318359375
6.125,-0.06299212598425197,-0.0078125,0.0,0.0,0.0,-0.0,-0.0,0.0,0.0,0.0,30.12890625,0.0,0.0,0.0,36.63671875,0.0,0.0,0.0,35.6796875,0.0,0.0,0.0,30.51171875,0.0,0.0,29.9375,0.0,5.4545440673828125
6.286,-0.06299212598425197,-0.0078125,0.0,0.0,0.0,-0.0,-0.0,0.0,0.0,0.0,30.51171875,0.0,0.0,0.0,35.87109375,0.0,0.0,0.0,35.48828125,0.0,0.0,0.0,30.51171875,0.0,0.0,28.98046875,0.0,5.44476318359375
6.446,-0.007874015748031496,-0.0078125,0.0,0.0,0.0,-0.0,-0.0,0.0,0.0,0.0,31.66015625,0.0,0.0,0.0,36.25390625,0.0,0.0,0.0,35.6796875,0.0,0.0,0.0,30.51171875,0.0,0.0,29.36328125,0.0,5.4545440673828125
6.614,-0.007874015748031496,-0.0078125,0.0,0.0,0.0,-0.0,-0.0,0.0,0.0,0.0,29.9375,0.0,0.0,0.0,36.0625,0.0,0.0,0.0,35.87109375,0.0,0.0,0.0,30.51171875,0.0,0.0,29.9375,0.0,5.44476318359375
6.78,-0.007874015748031496,-0.0078125,0.0,0.0,0.0,-0.0,-0.0,0.0,0.0,0.0,30.3203125,0.0,0.0,0.0,35.87109375,0.0,0.0,0.0,35.6796875,0.0,0.0,0.0,30.89453125,0.0,0.0,29.36328125,0.0,5.4545440673828125
6.951,-0.08661417322834646,-0.0078125,0.0,0.0,0.0,-0.0,-0.0,0.0,0.0,0.0,29.74609375,0.0,0.0,0.0,35.87109375,0.0,0.0,0.0,35.6796875,0.0,0.0,0.0,30.89453125,0.0,0.0,28.7890625,0.0,5.415435791015625
7.112,-0.33070866141732286,0.13385826771653545,0.0,-0.11811023622047245,-0.11811023622047243,0.11811023622047245,0.11811023622047243,0.0,-1.1953125,7.1640625,30.51171875,0.0,-1.1640625,5.32421875,35.6796875,0.0,1.109375,5.45703125,35.48828125,0.0,0.97265625,4.27734375,30.51171875,0.0,0.0,29.36328125,0.0,5.415435791015625
7.301,-0.8031496062992126,0.2047244094488189,0.0,-0.2759552282102581,-0.6203265701332197,0.2759552282102581,0.6203265701332197,0.0,-1.671875,6.76953125,29.9375,0.0,-3.64453125,16.8828125,35.296875,0.0,2.03515625,6.5078125,35.296875,0.0,5.44476318359375
7.547,-0.4409448818897638,-0.0234375,0.0,-0.8808345022450611,-0.8401934906699476,0.8808345022450611,0.8401934906699476,0.0,0.0,0.0,29.9375,0.0,-5.61328125,20.55859375,34.9140625,0.0,0.0,0.0,35.48828125,0.0,0.0,0.0,30.51171875,0.0,0.0,28.40625,0.0,5.4252166748046875
7.734,-0.023622047244094488,-0.0390625,0.0,-0.18897637795275593,-0.18897637795275588,0.18897637795275593,0.18897637795275588,0.0,-1.80859375,6.90234375,30.3203125,0.0,-1.796875,4.5390625,36.0625,0.0,1.83203125,6.5078125,35.48828125,0.0,1.8515625,6.5078125,30.89453125,0.0,0.0,28.40625,0.0,5.44476318359375
7.927,-0.023622047244094488,-0.0390625,0.0,0.0,0.0,-0.0,-0.0,0.0,0.0,0.0,30.3203125,0.0,0.0,0.0,35.6796875,0.0,0.0,0.0,35.10546875,0.0,0.0,0.0,30.89453125,0.0,0.0,29.9375,0.0,5.44476318359375
8.085,-0.023622047244094488,-0.0390625,0.0,0.0,0.0,-0.0,-0.0,0.0,0.0,0.0,29.9375,0.0,0.0,0.0,35.87109375,0.0,0.0,0.0,35.48828125,0.0,0.0,0.0,31.27734375,0.0,0.0,28.40625,0.0,5.4545440673828125
8.247,-0.023622047244094488,-0.0390625,0.0,0.0,0.0,-0.0,-0.0,0.0,0.0,0.0,29.9375,0.0,0.0,0.0,35.87109375,0.0,0.0,0.0,35.10546875,0.0,0.0,0.0,30.3203125,0.0,0.0,28.7890625,0.0,5.44476318359375
8.407,-0.023622047244094488,-0.0390625,0.0,0.0,0.0,-0.0,-0.0,0.0,0.0,0.0,29.9375,0.0,0.0,0.0,35.6796875,0.0,0.0,0.0,35.48828125,0.0,0.0,0.0,30.703125,0.0,0.0,29.36328125,0.0,5.4545440673828125
8.566,-0.023622047244094488,-0.0390625,0.0,0.0,0.0,-0.0,-0.0,0.0,0.0,0.0,29.9375,0.0,0.0,0.0,34.72265625,0.0,0.0,0.0,35.6796875,0.0,0.0,0.0,30.89453125,0.0,0.0,29.171875,0.0,5.4545440673828125
8.746,-0.023622047244094488,-0.0390625,0.0,0.0,0.0,-0.0,-0.0,0.0,0.0,0.0,29.5546875,0.0,0.0,0.0,35.48828125,0.0,0.0,0.0,35.87109375,0.0,0.0,0.0,30.51171875,0.0,0.0,29.36328125,0.0,5.44476318359375
8.913,-0.15748031496062992,-0.0390625,0.0,0.0,0.0,-0.0,-0.0,0.0,0.0,0.0,29.74609375,0.0,0.0,0.0,35.6796875,0.0,0.0,0.0,35.48828125,0.0,0.0,0.0,30.51171875,0.0,0.0,29.171875,0.0,5.4349822998046875
9.085,-0.4881889763779528,0.1732283464566929,0.0,-0.20472440944881895,-0.2047244094488189,0.20472440944881895,0.2047244094488189,0.0,-1.8671875,10.97265625,28.40625,0.0,-1.8671875,7.69140625,35.296875,0.0,1.34375,5.71875,34.9140625,0.0,1.39453125,4.40625,30.703125,0.0,0.0,29.171875,0.0,5.44476318359375
9.254,-0.7952755905511811,0.1889763779527559,0.0,-0.5677305022744192,-0.6939321988999114,0.5677305022744192,0.6939321988999114,0.0,-3.6328125,15.56640625,29.5546875,0.0,-4.34375,15.83203125,35.10546875,0.0,5.44476318359375
9.452,-1.0,0.1889763779527559,0.0,-0.9984402750961662,-0.8610226538619107,0.9984402750961662,0.8610226538619107,0.0,0.0,0.0,29.74609375,0.0,5.44476318359375
9.907,-0.9212598425196851,0.09448818897637795,0.0,-0.8740157480314962,-0.874015748031496,0.8740157480314962,0.874015748031496,0.0,0.0,0.0,30.51171875,0.0,-6.33203125,20.6875,35.87109375,0.0,5.44476318359375
10.106,-1.0,0.14960629921259844,0.0,-0.8740157480314962,-0.874015748031496,0.8740157480314962,0.874015748031496,0.0,0.0,0.0,30.12890625,0.0,0.0,0.0,36.4453125,0.0,0.0,0.0,35.10546875,0.0,5.4545440673828125
10.334,-1.0,0.14960629921259844,0.0,-1.0,-0.7972985995863752,1.0,0.7972985995863752,0.0,0.0,0.0,30.703125,0.0,0.0,0.0,35.6796875,0.0,0.0,0.0,35.48828125,0.0,0.0,0.0,29.9375,0.0,0.0,28.98046875,0.0,5.4545440673828125
10.504,-1.0,0.047244094488188976,0.0,-1.0,-0.9999999999999997,1.0,0.9999999999999997,0.0,0.0,0.0,28.7890625,0.0,0.0,0.0,35.6796875,0.0,0.0,0.0,35.10546875,0.0,0.0,0.0,30.3203125,0.0,0.0,29.36328125,0.0,5.4545440673828125
10.665,-0.4015748031496063,-0.09375,0.0,-1.0,-0.9999999999999997,1.0,0.9999999999999997,0.0,0.0,0.0,30.51171875,0.0,0.0,0.0,35.6796875,0.0,0.0,0.0,35.10546875,0.0,0.0,0.0,30.12890625,0.0,0.0,29.36328125,0.0,5.44476318359375
10.831,-0.023622047244094488,0.0,0.0,-0.22834645669291345,-0.2283464566929134,0.22834645669291345,0.2283464566929134,0.0,0.0,0.0,30.703125,0.0,0.0,0.0,35.6796875,0.0,0.0,0.0,35.10546875,0.0,0.0,0.0,30.89453125,0.0,0.0,28.7890625,0.0,5.4349822998046875
10.995,-0.0,0.0,-0.0078125,0.0,0.0,-0.0,-0.0,0.0,0.0,0.0,30.12890625,0.0,0.0,0.0,35.10546875,0.0,0.0,0.0,35.48828125,0.0,0.0,0.0,30.703125,0.0,0.0,29.171875,0.0,5.44476318359375
11.151,-0.0,0.0,-0.0078125,0.0,0.0,-0.0,-0.0,0.0,0.0,0.0,29.5546875,0.0,0.0,0.0,35.87109375,0.0,0.0,0.0,35.6796875,0.0,0.0,0.0,30.3203125,0.0,0.0,29.5546875,0.0,5.44476318359375
11.314,-0.0,0.007874015748031496,-0.0078125,0.0,0.0,-0.0,-0.0,0.0,0.0,0.0,31.46875,0.0,0.0,0.0,35.6796875,0.0,0.0,0.0,35.296875,0.0,0.0,0.0,30.51171875,0.0,0.0,28.7890625,0.0,5.44476318359375
11.473,-0.0,0.007874015748031496,-0.0078125,0.0,0.0,-0.0,-0.0,0.0,0.0,0.0,29.5546875,0.0,0.0,0.0,36.0625,0.0,0.0,0.0,35.296875,0.0,0.0,0.0,30.3203125,0.0,0.0,29.36328125,0.0,5.4545440673828125
11.644,-0.0,0.007874015748031496,-0.0234375,0.0,0.0,-0.0,-0.0,0.0,0.0,0.0,29.9375,0.0,0.0,0.0,35.6796875,0.0,0.0,0.0,35.6796875,0.0,0.0,0.0,30.12890625,0.0,0.0,31.0859375,0.0,5.44476318359375
11.823,-0.0,0.007874015748031496,0.5984251968503937,0.0,0.0,-0.0,-0.0,0.0,0.0,0.0,29.36328125,0.0,0.0,0.0,35.48828125,0.0,0.0,0.0,35.296875,0.0,0.0,0.0,30.12890625,0.0,0.0,29.74609375,0.0,5.44476318359375
11.987,-0.0,0.007874015748031496,1.0,0.16795275590551184,0.6824409448818898,0.6824409448818898,0.16795275590551184,0.0,1.64453125,11.49609375,29.74609375,0.0,0.0,0.0,35.6796875,0.0,5.44476318359375
12.187,-0.0,0.007874015748031496,1.0,0.1975,0.8025,0.8025,0.1975,0.0,1.87109375,11.49609375,29.5546875,0.0,0.0,0.0,35.87109375,0.0,0.0,0.0,35.296875,0.0,1.76953125,12.6796875,30.12890625,0.0,0.0,29.5546875,0.0,5.44476318359375
12.354,-0.0,0.007874015748031496,1.0,0.1975,0.8025,0.8025,0.1975,0.0,1.84375,12.546875,29.9375,0.0,0.0,0.0,35.87109375,0.0,0.0,0.0,34.72265625,0.0,1.76953125,11.890625,30.3203125,0.0,0.0,28.7890625,0.0,5.4349822998046875
12.524,-0.0,0.007874015748031496,-0.1015625,0.1975,0.8025,0.8025,0.1975,0.0,1.8359375,12.0234375,29.9375,0.0,0.0,0.0,34.53125,0.0,0.0,0.0,35.10546875,0.0,1.87890625,11.3671875,30.3203125,0.0,0.0,29.5546875,0.0,5.44476318359375
12.688,-0.0,0.007874015748031496,-0.4765625,-0.06943359375000002,-0.28212890625,-0.28212890625,-0.06943359375000002,0.0,-0.7265625,8.21484375,29.36328125,0.0,0.0,0.0,35.6796875,0.0,0.0,0.0,35.10546875,0.0,-0.7109375,0.0,30.51171875,0.0,0.0,27.2578125,0.0,5.4545440673828125
12.863,0.0078125,0.007874015748031496,-1.0,-0.141953125,-0.576796875,-0.576796875,-0.141953125,0.0,-1.4140625,9.265625,30.12890625,0.0,0.0,0.0,35.6796875,0.0,0.0,0.0,35.296875,0.0,-1.375,8.73828125,30.51171875,0.0,0.0,29.171875,0.0,5.4643096923828125
13.02,0.0078125,0.007874015748031496,-1.0,-0.1975,-0.8025,-0.8025,-0.1975,0.0,-1.86328125,11.3671875,29.36328125,0.0,0.0,0.0,35.6796875,0.0,0.0,0.0,35.10546875,0.0,-1.8984375,10.83984375,30.12890625,0.0,0.0,28.98046875,0.0,5.44476318359375
13.19,0.25,0.007874015748031496,-0.4765625,-0.13886718750000004,-0.5642578125,-0.5642578125,-0.13886718750000004,0.0,-1.375,10.97265625,29.36328125,0.0,0.0,0.0,34.53125,0.0,0.0,0.0,35.48828125,0.0,-1.28125,7.8203125,30.12890625,0.0,0.0,29.171875,0.0,5.44476318359375
13.354,0.8671875,-0.0390625,0.33858267716535434,0.37259765624999996,0.19771484375000015,-0.66166015625,-0.48677734375000015,0.0,2.89453125,12.94140625,29.36328125,0.0,1.41015625,4.5390625,35.87109375,0.0,0.0,0.0,35.48828125,0.0,5.44476318359375
13.606,1.0,-0.109375,1.0,0.7239412519606443,1.0,-0.26764580065592464,-0.5437045486952802,0.0,0.0,0.0,29.171875,0.0,0.0,0.0,34.9140625,0.0,5.4545440673828125
14.028,1.0,-0.21875,1.0,0.7852861240133856,1.0,-0.20544186929913758,-0.42015574528575206,0.0,0.0,0.0,30.51171875,0.0,0.0,0.0,35.6796875,0.0,0.0,0.0,34.9140625,0.0,0.0,0.0,29.9375,0.0,0.0,29.36328125,0.0,5.44476318359375
14.185,1.0,-0.1484375,1.0,0.7468525788852626,1.0,-0.18854947888640922,-0.44169690000114664,0.0,0.0,0.0,29.9375,0.0,0.0,0.0,36.0625,0.0,0.0,0.0,35.296875,0.0,-3.54296875,19.375,30.3203125,0.0,0.0,28.40625,0.0,5.474090576171875
14.354,0.0078125,0.0,-0.2421875,0.9299354268835818,1.0,-0.5285533489457126,-0.5986179220621308,0.0,0.0,0.0,29.74609375,0.0,0.0,0.0,35.6796875,0.0,0.0,0.0,34.72265625,0.0,-4.2734375,21.21484375,30.51171875,0.0,0.0,29.9375,0.0,5.4545440673828125
14.527,0.0078125,0.0,-1.0,-0.06634765625,-0.26958984375,-0.26958984375,-0.06634765625,0.0,0.0,0.0,29.9375,0.0,0.0,0.0,35.48828125,0.0,0.0,0.0,35.296875,0.0,-0.69140625,0.0,30.3203125,0.0,0.0,28.7890625,0.0,5.44476318359375
14.704,-0.0,0.0,-1.0,-0.1975,-0.8025,-0.8025,-0.1975,0.0,0.0,0.0,29.5546875,0.0,0.0,0.0,35.10546875,0.0,0.0,0.0,35.48828125,0.0,-1.890625,13.07421875,30.3203125,0.0,0.0,29.171875,0.0,5.44476318359375
14.866,-0.0,0.0,-1.0,-0.1975,-0.8025,-0.8025,-0.1975,0.0,0.0,0.0,30.3203125,0.0,0.0,0.0,35.87109375,0.0,0.0,0.0,35.10546875,0.0,-1.91796875,11.3671875,29.74609375,0.0,0.0,29.171875,0.0,5.44476318359375
15.025,-0.0,0.0,0.05511811023622047,-0.17898437499999997,-0.727265625,-0.727265625,-0.17898437499999997,0.0,0.0,0.0,29.9375,0.0,0.0,0.0,35.6796875,0.0,0.0,0.0,35.296875,0.0,-1.75,11.890625,29.9375,0.0,0.0,28.98046875,0.0,5.4545440673828125
15.184,-0.0,0.0,0.0,0.0,0.0,-0.0,-0.0,0.0,0.0,0.0,29.74609375,0.0,0.0,0.0,35.6796875,0.0,0.0,0.0,35.296875,0.0,0.0,0.0,30.3203125,0.0,0.0,28.59765625,0.0,5.44476318359375
15.345,-0.0,0.0,0.0,0.0,0.0,-0.0,-0.0,0.0,0.0,0.0,30.3203125,0.0,0.0,0.0,36.63671875,0.0,0.0,0.0,35.296875,0.0,0.0,0.0,30.12890625,0.0,0.0,28.21484375,0.0,5.4545440673828125
15.511,-0.0,0.0,0.0,0.0,0.0,-0.0,-0.0,0.0,0.0,0.0,30.12890625,0.0,0.0,0.0,34.9140625,0.0,0.0,0.0,35.48828125,0.0,0.0,0.0,30.3203125,0.0,0.0,29.5546875,0.0,5.44476318359375
15.69,-0.0,0.0,-0.0078125,0.0,0.0,-0.0,-0.0,0.0,0.0,0.0,29.5546875,0.0,0.0,0.0,35.48828125,0.0,0.0,0.0,35.296875,0.0,0.0,0.0,30.3203125,0.0,0.0,29.5546875,0.0,5.44476318359375
