Timestamp,Driver_Joy_Y,Driver_Joy_X,Driver_Joy_W,Mecanum_FL,Mecanum_BL,Mecanum_BR,Mecanum_FR,FL_Jag_Speed,FL_Out_Voltage,FL_Out_Current,FL_Temp,BL_Jag_Speed,BL_Out_Voltage,BL_Out_Current,BL_Temp,BR_Jag_Speed,BR_Out_Voltage,BR_Out_Current,BR_Temp,FR_Jag_Speed,FR_Out_Voltage,FR_Out_Current,FR_Temp,Pickup_Out_Voltage,Pickup_Out_Current,Pickup_Temp,SH1_Out_Voltage,SH1_Out_Current,SH1_Temp,SH2_Out_Voltage,SH2_Out_Current,SH2_Temp,SHmain_Speed,SHmain_Angle
0.0060,-0.0,0.0,0.0,0.0,0.0,-0.0,-0.0,0.0,0.0,0.0,32.6171875,0.0,0.0,0.0,35.87109375,0.0,0.0,0.0,37.2109375,0.0,0.0,0.0,32.42578125,0.0,0.0,31.46875,0.0,5.32745361328125
0.165,-0.0,0.0,0.0,0.0,0.0,-0.0,-0.0,0.0,0.0,0.0,33.765625,0.0,0.0,0.0,36.25390625,0.0,0.0,0.0,37.40234375,0.0,0.0,0.0,32.80859375,0.0,0.0,31.46875,0.0,5.3372344970703125
0.338,-0.0,0.0,0.0,0.0,0.0,-0.0,-0.0,0.0,0.0,0.0,33.19140625,0.0,0.0,0.0,36.0625,0.0,0.0,0.0,37.2109375,0.0,0.0,0.0,33.0,0.0,0.0,31.0859375,0.0,5.3372344970703125
0.506,-0.0,0.0,0.0,0.0,0.0,-0.0,-0.0,0.0,0.0,0.0,32.6171875,0.0,0.0,0.0,36.25390625,0.0,0.0,0.0,37.01953125,0.0,0.0,0.0,32.6171875,0.0,0.0,31.46875,0.0,5.3372344970703125
0.668,-0.0,0.0,0.0,0.0,0.0,-0.0,-0.0,0.0,0.0,0.0,32.6171875,0.0,0.0,0.0,35.6796875,0.0,0.0,0.0,36.828125,0.0,0.0,0.0,32.80859375,0.0,0.0,31.0859375,0.0,5.347015380859375
0.837,-0.0,0.0,0.0,0.0,0.0,-0.0,-0.0,0.0,0.0,0.0,32.80859375,0.0,0.0,0.0,36.4453125,0.0,0.0,0.0,37.40234375,0.0,0.0,0.0,32.42578125,0.0,0.0,31.27734375,0.0,5.3372344970703125
1.001,-0.0,0.0,0.0,0.0,0.0,-0.0,-0.0,0.0,0.0,0.0,32.6171875,0.0,0.0,0.0,36.25390625,0.0,0.0,0.0,37.2109375,0.0,0.0,0.0,32.80859375,0.0,0.0,30.703125,0.0,5.3372344970703125
1.166,-0.0,0.0,0.0,0.0,0.0,-0.0,-0.0,0.0,0.0,0.0,32.6171875,0.0,0.0,0.0,36.63671875,0.0,0.0,0.0,37.40234375,0.0,0.0,0.0,32.42578125,0.0,0.0,30.89453125,0.0,5.3372344970703125
1.337,-0.0,0.0,0.0,0.0,0.0,-0.0,-0.0,0.0,0.0,0.0,33.0,0.0,0.0,0.0,37.01953125,0.0,0.0,0.0,37.78515625,0.0,0.0,0.0,33.0,0.0,0.0,30.89453125,0.0,5.3372344970703125
1.502,-0.0,0.0,0.0,0.0,0.0,-0.0,-0.0,0.0,0.0,0.0,33.0,0.0,0.0,0.0,36.0625,0.0,0.0,0.0,37.2109375,0.0,0.0,0.0,32.42578125,0.0,0.0,30.89453125,0.0,5.32745361328125
1.669,-0.0,0.0,0.0,0.0,0.0,-0.0,-0.0,0.0,0.0,0.0,33.0,0.0,0.0,0.0,37.01953125,0.0,0.0,0.0,37.40234375,0.0,0.0,0.0,32.42578125,0.0,0.0,30.3203125,0.0,5.3372344970703125
1.82,-0.0,0.0,0.0,0.0,0.0,-0.0,-0.0,0.0,0.0,0.0,32.6171875,0.0,0.0,0.0,36.25390625,0.0,0.0,0.0,37.2109375,0.0,0.0,0.0,33.19140625,0.0,0.0,31.0859375,0.0,5.3372344970703125
2.099,-0.0,0.0,0.0,0.0,0.0,-0.0,-0.0,0.0,0.0,0.0,33.19140625,0.0,0.0,0.0,36.4453125,0.0,0.0,0.0,37.40234375,0.0,0.0,0.0,33.19140625,0.0,0.0,30.89453125,0.0,5.3372344970703125
2.261,-0.0,0.0,0.0,0.0,0.0,-0.0,-0.0,0.0,0.0,0.0,32.6171875,0.0,0.0,0.0,36.0625,0.0,0.0,0.0,37.40234375,0.0,0.0,0.0,32.6171875,0.0,0.0,30.703125,0.0,5.3372344970703125
2.423,-0.0,0.0,0.0,0.0,0.0,-0.0,-0.0,0.0,0.0,0.0,32.80859375,0.0,0.0,0.0,36.63671875,0.0,0.0,0.0,37.40234375,0.0,0.0,0.0,33.0,0.0,0.0,30.703125,0.0,5.3372344970703125
2.587,-0.0,0.0,0.0,0.0,0.0,-0.0,-0.0,0.0,0.0,0.0,32.6171875,0.0,0.0,0.0,36.4453125,0.0,0.0,0.0,37.40234375,0.0,0.0,0.0,33.0,0.0,0.0,31.46875,0.0,5.3372344970703125
2.758,-0.0,0.0,0.0,0.0,0.0,-0.0,-0.0,0.0,0.0,0.0,32.80859375,0.0,0.0,0.0,35.48828125,0.0,0.0,0.0,37.2109375,0.0,0.0,0.0,32.80859375,0.0,0.0,31.27734375,0.0,5.3372344970703125
2.918,-0.0,0.0,0.0,0.0,0.0,-0.0,-0.0,0.0,0.0,0.0,32.234375,0.0,0.0,0.0,36.0625,0.0,0.0,0.0,37.01953125,0.0,0.0,0.0,32.6171875,0.0,0.0,30.51171875,0.0,5.3372344970703125
3.081,-0.0,0.0,0.0,0.0,0.0,-0.0,-0.0,0.0,0.0,0.0,33.0,0.0,0.0,0.0,36.25390625,0.0,0.0,0.0,37.2109375,0.0,0.0,0.0,32.6171875,0.0,0.0,32.42578125,0.0,5.3372344970703125
3.24,-0.0,0.0,0.0,0.0,0.0,-0.0,-0.0,0.0,0.0,0.0,33.57421875,0.0,0.0,0.0,37.2109375,0.0,0.0,0.0,37.2109375,0.0,0.0,0.0,33.0,0.0,0.0,30.89453125,0.0,5.3372344970703125
3.401,-0.0,0.0,0.0,0.0,0.0,-0.0,-0.0,0.0,0.0,0.0,32.80859375,0.0,0.0,0.0,35.87109375,0.0,0.0,0.0,37.40234375,0.0,0.0,0.0,33.0,0.0,0.0,31.0859375,0.0,5.3372344970703125
3.558,-0.0,0.0,0.0,0.0,0.0,-0.0,-0.0,0.0,0.0,0.0,32.6171875,0.0,0.0,0.0,36.4453125,0.0,0.0,0.0,37.2109375,0.0,0.0,0.0,33.0,0.0,0.0,31.0859375,0.0,5.3372344970703125
3.725,-0.0,0.0,0.0,0.0,0.0,-0.0,-0.0,0.0,0.0,0.0,33.0,0.0,0.0,0.0,35.87109375,0.0,0.0,0.0,37.01953125,0.0,0.0,0.0,33.0,0.0,0.0,30.3203125,0.0,5.3372344970703125
3.899,-0.0,0.0,0.0,0.0,0.0,-0.0,-0.0,0.0,0.0,0.0,32.80859375,0.0,0.0,0.0,36.63671875,0.0,0.0,0.0,37.40234375,0.0,0.0,0.0,33.3828125,0.0,0.0,31.0859375,0.0,5.3372344970703125
4.067,-0.0,0.0,0.0,0.0,0.0,-0.0,-0.0,0.0,0.0,0.0,33.19140625,0.0,0.0,0.0,36.4453125,0.0,0.0,0.0,37.01953125,0.0,0.0,0.0,33.57421875,0.0,0.0,31.0859375,0.0,5.3372344970703125
4.229,-0.0,0.0,0.0,0.0,0.0,-0.0,-0.0,0.0,0.0,0.0,33.19140625,0.0,0.0,0.0,36.25390625,0.0,0.0,0.0,37.59375,0.0,0.0,0.0,32.42578125,0.0,0.0,31.0859375,0.0,5.3372344970703125
4.389,-0.0,0.0,0.0,0.0,0.0,-0.0,-0.0,0.0,0.0,0.0,32.80859375,0.0,0.0,0.0,35.48828125,0.0,0.0,0.0,37.2109375,0.0,0.0,0.0,32.6171875,0.0,0.0,31.46875,0.0,5.3372344970703125
4.548,-0.0,0.0,0.0,0.0,0.0,-0.0,-0.0,0.0,0.0,0.0,32.80859375,0.0,0.0,0.0,37.2109375,0.0,0.0,0.0,37.01953125,0.0,0.0,0.0,32.80859375,0.0,0.0,31.0859375,0.0,5.3372344970703125
4.709,-0.0,0.0,0.0,0.0,0.0,-0.0,-0.0,0.0,0.0,0.0,32.04296875,0.0,0.0,0.0,35.87109375,0.0,0.0,0.0,37.01953125,0.0,0.0,0.0,32.80859375,0.0,0.0,31.0859375,0.0,5.3372344970703125
4.859,-0.0,0.0,0.0,0.0,0.0,-0.0,-0.0,0.0,0.0,0.0,33.765625,0.0,0.0,0.0,36.63671875,0.0,0.0,0.0,37.40234375,0.0,0.0,0.0,32.6171875,0.0,0.0,30.703125,0.0,5.3372344970703125
5.018,-0.0,0.0,0.0,0.0,0.0,-0.0,-0.0,0.0,0.0,0.0,32.6171875,0.0,0.0,0.0,36.63671875,0.0,0.0,0.0,37.40234375,0.0,0.0,0.0,33.0,0.0,0.0,30.3203125,0.0,5.3372344970703125
5.186,-0.0,0.0,0.0,0.0,0.0,-0.0,-0.0,0.0,0.0,0.0,33.0,0.0,0.0,0.0,36.0625,0.0,0.0,0.0,37.40234375,0.0,0.0,0.0,33.19140625,0.0,0.0,31.27734375,0.0,5.3372344970703125
5.347,-0.0,0.0,0.0,0.0,0.0,-0.0,-0.0,0.0,0.0,0.0,33.3828125,0.0,0.0,0.0,36.25390625,0.0,0.0,0.0,37.01953125,0.0,0.0,0.0,32.6171875,0.0,0.0,31.0859375,0.0,5.3372344970703125
5.505,-0.0,0.0,0.0,0.0,0.0,-0.0,-0.0,0.0,0.0,0.0,32.80859375,0.0,0.0,0.0,36.4453125,0.0,0.0,0.0,37.01953125,0.0,0.0,0.0,32.04296875,0.0,0.0,30.89453125,0.0,5.3372344970703125
5.667,-0.0,0.0,0.0,0.0,0.0,-0.0,-0.0,0.0,0.0,0.0,32.04296875,0.0,0.0,0.0,36.0625,0.0,0.0,0.0,37.59375,0.0,0.0,0.0,32.80859375,0.0,0.0,31.0859375,0.0,5.3372344970703125
5.843,-0.0,0.0,0.0,0.0,0.0,-0.0,-0.0,0.0,0.0,0.0,33.19140625,0.0,0.0,0.0,37.01953125,0.0,0.0,0.0,37.2109375,0.0,0.0,0.0,32.80859375,0.0,0.0,31.27734375,0.0,5.3372344970703125
6.016,-0.0,0.0,0.0,0.0,0.0,-0.0,-0.0,0.0,0.0,0.0,32.80859375,0.0,0.0,0.0,36.63671875,0.0,0.0,0.0,37.40234375,0.0,0.0,0.0,32.42578125,0.0,0.0,31.27734375,0.0,5.3372344970703125
6.179,-0.0,0.0,0.0,0.0,0.0,-0.0,-0.0,0.0,0.0,0.0,32.80859375,0.0,0.0,0.0,36.0625,0.0,0.0,0.0,37.01953125,0.0,0.0,0.0,33.0,0.0,0.0,30.3203125,0.0,5.3372344970703125
6.339,-0.0,0.0,0.0,0.0,0.0,-0.0,-0.0,0.0,0.0,0.0,33.0,0.0,0.0,0.0,36.0625,0.0,0.0,0.0,37.2109375,0.0,0.0,0.0,32.6171875,0.0,0.0,31.27734375,0.0,5.3372344970703125
6.497,-0.0,0.0,0.0,0.0,0.0,-0.0,-0.0,0.0,0.0,0.0,33.0,0.0,0.0,0.0,36.4453125,0.0,0.0,0.0,36.63671875,0.0,0.0,0.0,33.3828125,0.0,0.0,31.0859375,0.0,5.347015380859375
6.661,-0.0,0.0,0.0,0.0,0.0,-0.0,-0.0,0.0,0.0,0.0,32.42578125,0.0,0.0,0.0,36.25390625,0.0,0.0,0.0,37.78515625,0.0,0.0,0.0,32.80859375,0.0,0.0,31.0859375,0.0,5.3372344970703125
6.819,-0.0,0.0,0.0,0.0,0.0,-0.0,-0.0,0.0,0.0,0.0,32.6171875,0.0,0.0,0.0,36.25390625,0.0,0.0,0.0,37.40234375,0.0,0.0,0.0,32.80859375,0.0,0.0,30.89453125,0.0,5.3372344970703125
6.979,-0.0,0.0,0.0,0.0,0.0,-0.0,-0.0,0.0,0.0,0.0,33.0,0.0,0.0,0.0,36.25390625,0.0,0.0,0.0,37.40234375,0.0,0.0,0.0,33.19140625,0.0,0.0,31.46875,0.0,5.3372344970703125
7.147,-0.0,0.0,0.0,0.0,0.0,-0.0,-0.0,0.0,0.0,0.0,33.765625,0.0,0.0,0.0,36.0625,0.0,0.0,0.0,37.2109375,0.0,0.0,0.0,32.234375,0.0,0.0,31.27734375,0.0,5.32745361328125
7.306,-0.0,0.0,0.0,0.0,0.0,-0.0,-0.0,0.0,0.0,0.0,33.0,0.0,0.0,0.0,36.0625,0.0,0.0,0.0,37.2109375,0.0,0.0,0.0,33.0,0.0,0.0,31.0859375,0.0,5.347015380859375
7.464,-0.0,0.0,0.0,0.0,0.0,-0.0,-0.0,0.0,0.0,0.0,31.46875,0.0,0.0,0.0,36.25390625,0.0,0.0,0.0,37.40234375,0.0,0.0,0.0,32.42578125,0.0,0.0,31.46875,0.0,5.3372344970703125
7.628,-0.0,0.0,0.0,0.0,0.0,-0.0,-0.0,0.0,0.0,0.0,33.57421875,0.0,0.0,0.0,36.25390625,0.0,0.0,0.0,37.40234375,0.0,0.0,0.0,33.0,0.0,0.0,31.0859375,0.0,5.32745361328125
7.801,-0.0,0.0,0.0,0.0,0.0,-0.0,-0.0,0.0,0.0,0.0,32.6171875,0.0,0.0,0.0,36.25390625,0.0,0.0,0.0,37.40234375,0.0,0.0,0.0,32.6171875,0.0,0.0,31.27734375,0.0,5.3372344970703125
7.967,-0.0,0.0,0.0,0.0,0.0,-0.0,-0.0,0.0,0.0,0.0,33.0,0.0,0.0,0.0,36.25390625,0.0,0.0,0.0,37.59375,0.0,0.0,0.0,32.80859375,0.0,0.0,31.27734375,0.0,5.3372344970703125
8.145,-0.0,0.0,0.0,0.0,0.0,-0.0,-0.0,0.0,0.0,0.0,32.6171875,0.0,0.0,0.0,36.63671875,0.0,0.0,0.0,37.59375,0.0,0.0,0.0,33.19140625,0.0,0.0,30.89453125,0.0,5.3372344970703125
8.317,-0.0,0.0,0.0,0.0,0.0,-0.0,-0.0,0.0,0.0,0.0,33.0,0.0,0.0,0.0,35.6796875,0.0,0.0,0.0,37.40234375,0.0,0.0,0.0,33.3828125,0.0,0.0,31.46875,0.0,5.3372344970703125
8.479,-0.0,0.0,0.0,0.0,0.0,-0.0,-0.0,0.0,0.0,0.0,32.04296875,0.0,0.0,0.0,36.0625,0.0,0.0,0.0,37.2109375,0.0,0.0,0.0,33.57421875,0.0,0.0,31.66015625,0.0,5.3372344970703125
8.639,-0.0,0.0,0.0,0.0,0.0,-0.0,-0.0,0.0,0.0,0.0,32.80859375,0.0,0.0,0.0,36.4453125,0.0,0.0,0.0,37.01953125,0.0,0.0,0.0,32.42578125,0.0,0.0,31.66015625,0.0,5.3372344970703125
8.799,-0.0,0.0,0.0,0.0,0.0,-0.0,-0.0,0.0,0.0,0.0,32.6171875,0.0,0.0,0.0,35.87109375,0.0,0.0,0.0,37.40234375,0.0,0.0,0.0,32.234375,0.0,0.0,30.51171875,0.0,5.3372344970703125
8.959,-0.0,0.0,0.0,0.0,0.0,-0.0,-0.0,0.0,0.0,0.0,32.6171875,0.0,0.0,0.0,35.87109375,0.0,0.0,0.0,37.2109375,0.0,0.0,0.0,32.80859375,0.0,0.0,31.46875,0.0,5.3372344970703125
9.119,-0.0,0.0,0.0,0.0,0.0,-0.0,-0.0,0.0,0.0,0.0,32.6171875,0.0,0.0,0.0,36.4453125,0.0,0.0,0.0,37.59375,0.0,0.0,0.0,33.19140625,0.0,0.0,31.0859375,0.0,5.3372344970703125
9.279,-0.0,0.0,0.0,0.0,0.0,-0.0,-0.0,0.0,0.0,0.0,32.80859375,0.0,0.0,0.0,36.4453125,0.0,0.0,0.0,37.2109375,0.0,0.0,0.0,32.6171875,0.0,0.0,31.66015625,0.0,5.3372344970703125
9.44,-0.0,0.0,0.0,0.0,0.0,-0.0,-0.0,0.0,0.0,0.0,33.95703125,0.0,0.0,0.0,36.63671875,0.0,0.0,0.0,37.01953125,0.0,0.0,0.0,32.80859375,0.0,0.0,31.0859375,0.0,5.3372344970703125
9.599,-0.0,0.0,0.0,0.0,0.0,-0.0,-0.0,0.0,0.0,0.0,33.3828125,0.0,0.0,0.0,36.4453125,0.0,0.0,0.0,37.2109375,0.0,0.0,0.0,32.04296875,0.0,0.0,30.89453125,0.0,5.3372344970703125
9.78,-0.0,0.0,0.0,0.0,0.0,-0.0,-0.0,0.0,0.0,0.0,33.95703125,0.0,0.0,0.0,36.4453125,0.0,0.0,0.0,37.2109375,0.0,0.0,0.0,32.42578125,0.0,0.0,31.46875,0.0,5.32745361328125
9.947,-0.0,0.0,0.0,0.0,0.0,-0.0,-0.0,0.0,0.0,0.0,31.8515625,0.0,0.0,0.0,36.25390625,0.0,0.0,0.0,37.59375,0.0,0.0,0.0,32.80859375,0.0,0.0,31.46875,0.0,5.3372344970703125
10.104,-0.0,0.0,0.0,0.0,0.0,-0.0,-0.0,0.0,0.0,0.0,32.6171875,0.0,0.0,0.0,36.4453125,0.0,0.0,0.0,37.01953125,0.0,0.0,0.0,32.42578125,0.0,0.0,30.89453125,0.0,5.3372344970703125
10.268,-0.0,0.0,0.0,0.0,0.0,-0.0,-0.0,0.0,0.0,0.0,32.80859375,0.0,0.0,0.0,36.25390625,0.0,0.0,0.0,37.2109375,0.0,0.0,0.0,32.80859375,0.0,0.0,30.3203125,0.0,5.347015380859375
10.428,-0.0,0.0,0.0,0.0,0.0,-0.0,-0.0,0.0,0.0,0.0,34.1484375,0.0,0.0,0.0,36.4453125,0.0,0.0,0.0,36.63671875,0.0,0.0,0.0,32.42578125,0.0,0.0,31.0859375,0.0,5.3372344970703125
10.599,-0.0,0.0,0.0,0.0,0.0,-0.0,-0.0,0.0,0.0,0.0,32.80859375,0.0,0.0,0.0,36.25390625,0.0,0.0,0.0,37.01953125,0.0,0.0,0.0,32.6171875,0.0,0.0,31.27734375,0.0,5.32745361328125
10.76,-0.0,0.0,0.0,0.0,0.0,-0.0,-0.0,0.0,0.0,0.0,33.19140625,0.0,0.0,0.0,36.25390625,0.0,0.0,0.0,37.59375,0.0,0.0,0.0,33.0,0.0,0.0,31.0859375,0.0,5.3372344970703125
10.928,-0.0,0.0,0.0,0.0,0.0,-0.0,-0.0,0.0,0.0,0.0,32.6171875,0.0,0.0,0.0,36.63671875,0.0,0.0,0.0,37.40234375,0.0,0.0,0.0,32.234375,0.0,0.0,31.0859375,0.0,5.3372344970703125
11.088,-0.0,0.0,0.0,0.0,0.0,-0.0,-0.0,0.0,0.0,0.0,33.19140625,0.0,0.0,0.0,36.25390625,0.0,0.0,0.0,37.40234375,0.0,0.0,0.0,33.3828125,0.0,0.0,31.46875,0.0,5.32745361328125
11.268,-0.0,0.0,0.0,0.0,0.0,-0.0,-0.0,0.0,0.0,0.0,32.80859375,0.0,0.0,0.0,36.4453125,0.0,0.0,0.0,36.828125,0.0,0.0,0.0,33.0,0.0,0.0,31.46875,0.0,5.3372344970703125
11.427,-0.0,0.0,0.0,0.0,0.0,-0.0,-0.0,0.0,0.0,0.0,32.42578125,0.0,0.0,0.0,36.25390625,0.0,0.0,0.0,37.59375,0.0,0.0,0.0,33.3828125,0.0,0.0,31.0859375,0.0,5.3372344970703125
11.591,-0.0,0.0,0.0,0.0,0.0,-0.0,-0.0,0.0,0.0,0.0,33.0,0.0,0.0,0.0,36.4453125,0.0,0.0,0.0,37.40234375,0.0,0.0,0.0,33.19140625,0.0,0.0,30.703125,0.0,5.32745361328125
11.764,-0.0,0.0,0.0,0.0,0.0,-0.0,-0.0,0.0,0.0,0.0,32.80859375,0.0,0.0,0.0,36.63671875,0.0,0.0,0.0,36.828125,0.0,0.0,0.0,32.42578125,0.0,0.0,30.51171875,0.0,5.32745361328125
11.927,-0.0,0.0,0.0,0.0,0.0,-0.0,-0.0,0.0,0.0,0.0,32.42578125,0.0,0.0,0.0,36.25390625,0.0,0.0,0.0,37.40234375,0.0,0.0,0.0,32.6171875,0.0,0.0,31.27734375,0.0,5.3372344970703125
12.087,-0.0,0.0,0.0,0.0,0.0,-0.0,-0.0,0.0,0.0,0.0,32.234375,0.0,0.0,0.0,36.25390625,0.0,0.0,0.0,37.01953125,0.0,0.0,0.0,32.6171875,0.0,0.0,31.46875,0.0,5.347015380859375
12.246,-0.0,0.0,0.0,0.0,0.0,-0.0,-0.0,0.0,0.0,0.0,33.0,0.0,0.0,0.0,36.25390625,0.0,0.0,0.0,37.40234375,0.0,0.0,0.0,32.234375,0.0,0.0,31.46875,0.0,5.3372344970703125
12.419,-0.0,0.0,0.0,0.0,0.0,-0.0,-0.0,0.0,0.0,0.0,32.42578125,0.0,0.0,0.0,36.828125,0.0,0.0,0.0,37.01953125,0.0,0.0,0.0,32.80859375,0.0,0.0,32.04296875,0.0,5.3372344970703125
12.588,-0.0,0.0,0.0,0.0,0.0,-0.0,-0.0,0.0,0.0,0.0,31.8515625,0.0,0.0,0.0,36.4453125,0.0,0.0,0.0,37.01953125,0.0,0.0,0.0,33.3828125,0.0,0.0,29.9375,0.0,5.3372344970703125
12.747,-0.0,0.0,0.0,0.0,0.0,-0.0,-0.0,0.0,0.0,0.0,33.19140625,0.0,0.0,0.0,36.0625,0.0,0.0,0.0,37.40234375,0.0,0.0,0.0,32.42578125,0.0,0.0,31.46875,0.0,5.3372344970703125
12.919,-0.0,0.0,0.0,0.0,0.0,-0.0,-0.0,0.0,0.0,0.0,32.80859375,0.0,0.0,0.0,36.25390625,0.0,0.0,0.0,37.40234375,0.0,0.0,0.0,32.80859375,0.0,0.0,30.89453125,0.0,5.3372344970703125
13.079,-0.0,0.0,0.0,0.0,0.0,-0.0,-0.0,0.0,0.0,0.0,33.95703125,0.0,0.0,0.0,36.0625,0.0,0.0,0.0,37.2109375,0.0,0.0,0.0,32.42578125,0.0,0.0,31.8515625,0.0,5.3372344970703125
13.239,-0.0,0.0,0.0,0.0,0.0,-0.0,-0.0,0.0,0.0,0.0,32.80859375,0.0,0.0,0.0,36.0625,0.0,0.0,0.0,37.2109375,0.0,0.0,0.0,32.42578125,0.0,0.0,31.27734375,0.0,5.3372344970703125
13.399,-0.0,0.0,0.0,0.0,0.0,-0.0,-0.0,0.0,0.0,0.0,33.0,0.0,0.0,0.0,35.87109375,0.0,0.0,0.0,37.40234375,0.0,0.0,0.0,32.42578125,0.0,0.0,31.27734375,0.0,5.347015380859375
13.568,-0.0,0.0,0.0,0.0,0.0,-0.0,-0.0,0.0,0.0,0.0,32.234375,0.0,0.0,0.0,36.0625,0.0,0.0,0.0,37.01953125,0.0,0.0,0.0,32.234375,0.0,0.0,31.66015625,0.0,5.3372344970703125
13.747,-0.0,0.0,0.0,0.0,0.0,-0.0,-0.0,0.0,0.0,0.0,32.80859375,0.0,0.0,0.0,36.0625,0.0,0.0,0.0,36.828125,0.0,0.0,0.0,32.6171875,0.0,0.0,31.27734375,0.0,5.3372344970703125
13.906,-0.0,0.0,0.0,0.0,0.0,-0.0,-0.0,0.0,0.0,0.0,33.19140625,0.0,0.0,0.0,35.87109375,0.0,0.0,0.0,37.2109375,0.0,0.0,0.0,32.234375,0.0,0.0,30.89453125,0.0,5.3372344970703125
14.062,-0.0,0.0,0.0,0.0,0.0,-0.0,-0.0,0.0,0.0,0.0,33.0,0.0,0.0,0.0,36.4453125,0.0,0.0,0.0,37.2109375,0.0,0.0,0.0,32.6171875,0.0,0.0,31.46875,0.0,5.3372344970703125
14.232,-0.0,0.0,0.0,0.0,0.0,-0.0,-0.0,0.0,0.0,0.0,34.33984375,0.0,0.0,0.0,35.87109375,0.0,0.0,0.0,37.40234375,0.0,0.0,0.0,33.19140625,0.0,0.0,30.3203125,0.0,5.3372344970703125
14.401,-0.0,0.0,0.0,0.0,0.0,-0.0,-0.0,0.0,0.0,0.0,32.6171875,0.0,0.0,0.0,36.25390625,0.0,0.0,0.0,37.2109375,0.0,0.0,0.0,32.234375,0.0,0.0,31.8515625,0.0,5.3372344970703125
14.561,-0.0,0.0,0.0,0.0,0.0,-0.0,-0.0,0.0,0.0,0.0,32.6171875,0.0,0.0,0.0,36.25390625,0.0,0.0,0.0,37.40234375,0.0,0.0,0.0,33.19140625,0.0,0.0,31.27734375,0.0,5.3372344970703125
14.72,-0.0,0.0,0.0,0.0,0.0,-0.0,-0.0,0.0,0.0,0.0,33.0,0.0,0.0,0.0,36.25390625,0.0,0.0,0.0,37.01953125,0.0,0.0,0.0,33.3828125,0.0,0.0,32.04296875,0.0,5.3372344970703125
14.879,-0.0,0.0,0.0,0.0,0.0,-0.0,-0.0,0.0,0.0,0.0,33.0,0.0,0.0,0.0,36.63671875,0.0,0.0,0.0,37.01953125,0.0,0.0,0.0,32.42578125,0.0,0.0,31.46875,0.0,5.3372344970703125
15.039,-0.0,0.0,0.0,0.0,0.0,-0.0,-0.0,0.0,0.0,0.0,32.6171875,0.0,0.0,0.0,35.87109375,0.0,0.0,0.0,37.2109375,0.0,0.0,0.0,32.234375,0.0,0.0,29.5546875,0.0,5.3372344970703125
15.2,-0.0,0.0,0.0,0.0,0.0,-0.0,-0.0,0.0,0.0,0.0,32.234375,0.0,0.0,0.0,36.25390625,0.0,0.0,0.0,37.59375,0.0,0.0,0.0,33.3828125,0.0,0.0,31.0859375,0.0,5.3372344970703125
15.36,-0.0,0.0,0.0,0.0,0.0,-0.0,-0.0,0.0,0.0,0.0,33.765625,0.0,0.0,0.0,35.87109375,0.0,0.0,0.0,37.59375,0.0,0.0,0.0,32.42578125,0.0,0.0,31.27734375,0.0,5.32745361328125
15.538,-0.0,0.0,0.0,0.0,0.0,-0.0,-0.0,0.0,0.0,0.0,32.42578125,0.0,0.0,0.0,36.4453125,0.0,0.0,0.0,37.40234375,0.0,0.0,0.0,32.80859375,0.0,0.0,31.0859375,0.0,5.3372344970703125
15.717,-0.0,0.0,0.0,0.0,0.0,-0.0,-0.0,0.0,0.0,0.0,33.0,0.0,0.0,0.0,36.63671875,0.0,0.0,0.0,36.828125,0.0,0.0,0.0,33.0,0.0,0.0,31.46875,0.0,5.3372344970703125
15.879,-0.0,0.0,0.0,0.0,0.0,-0.0,-0.0,0.0,0.0,0.0,33.765625,0.0,0.0,0.0,36.25390625,0.0,0.0,0.0,37.2109375,0.0,0.0,0.0,32.04296875,0.0,0.0,30.51171875,0.0,5.32745361328125
16.05,-0.0,0.0,0.0,0.0,0.0,-0.0,-0.0,0.0,0.0,0.0,33.0,0.0,0.0,0.0,36.25390625,0.0,0.0,0.0,37.40234375,0.0,0.0,0.0,33.3828125,0.0,0.0,31.0859375,0.0,5.3372344970703125
16.22,-0.0,0.0,0.0,0.0,0.0,-0.0,-0.0,0.0,0.0,0.0,32.6171875,0.0,0.0,0.0,35.87109375,0.0,0.0,0.0,37.01953125,0.0,0.0,0.0,33.0,0.0,0.0,31.0859375,0.0,5.3372344970703125
16.38,-0.0,0.0,0.0,0.0,0.0,-0.0,-0.0,0.0,0.0,0.0,33.19140625,0.0,0.0,0.0,35.87109375,0.0,0.0,0.0,37.2109375,0.0,0.0,0.0,33.19140625,0.0,0.0,31.0859375,0.0,5.3372344970703125
16.531,-0.0,0.0,0.0,0.0,0.0,-0.0,-0.0,0.0,0.0,0.0,32.42578125,0.0,0.0,0.0,36.4453125,0.0,0.0,0.0,36.828125,0.0,0.0,0.0,32.6171875,0.0,0.0,30.89453125,0.0,5.3372344970703125
16.69,-0.0,0.0,0.0,0.0,0.0,-0.0,-0.0,0.0,0.0,0.0,33.3828125,0.0,0.0,0.0,35.87109375,0.0,0.0,0.0,37.40234375,0.0,0.0,0.0,32.6171875,0.0,0.0,30.89453125,0.0,5.3372344970703125
16.847,-0.0,0.0,0.0,0.0,0.0,-0.0,-0.0,0.0,0.0,0.0,33.3828125,0.0,0.0,0.0,36.4453125,0.0,0.0,0.0,37.01953125,0.0,0.0,0.0,33.0,0.0,0.0,31.0859375,0.0,5.3372344970703125
17.011,-0.0,0.0,0.0,0.0,0.0,-0.0,-0.0,0.0,0.0,0.0,33.0,0.0,0.0,0.0,36.0625,0.0,0.0,0.0,37.59375,0.0,0.0,0.0,32.80859375,0.0,0.0,31.46875,0.0,5.3372344970703125
17.198,-0.0,0.0,0.0,0.0,0.0,-0.0,-0.0,0.0,0.0,0.0,33.0,0.0,0.0,0.0,35.10546875,0.0,0.0,0.0,37.40234375,0.0,0.0,0.0,32.234375,0.0,0.0,31.46875,0.0,5.3372344970703125
17.349,-0.0,0.0,0.0,0.0,0.0,-0.0,-0.0,0.0,0.0,0.0,33.0,0.0,0.0,0.0,36.828125,0.0,0.0,0.0,37.01953125,0.0,0.0,0.0,32.80859375,0.0,0.0,30.703125,0.0,5.3372344970703125
17.512,-0.0,0.0,0.0,0.0,0.0,-0.0,-0.0,0.0,0.0,0.0,32.42578125,0.0,0.0,0.0,37.01953125,0.0,0.0,0.0,36.828125,0.0,0.0,0.0,32.80859375,0.0,0.0,30.12890625,0.0,5.3372344970703125
17.679,-0.0,0.0,0.0,0.0,0.0,-0.0,-0.0,0.0,0.0,0.0,32.80859375,0.0,0.0,0.0,35.10546875,0.0,0.0,0.0,37.2109375,0.0,0.0,0.0,32.6171875,0.0,0.0,31.27734375,0.0,5.347015380859375
17.832,-0.0,0.0,0.0,0.0,0.0,-0.0,-0.0,0.0,0.0,0.0,33.95703125,0.0,0.0,0.0,37.2109375,0.0,0.0,0.0,36.828125,0.0,0.0,0.0,33.19140625,0.0,0.0,31.0859375,0.0,5.3372344970703125
18.0,-0.0,0.0,0.0,0.0,0.0,-0.0,-0.0,0.0,0.0,0.0,32.80859375,0.0,0.0,0.0,36.25390625,0.0,0.0,0.0,37.2109375,0.0,0.0,0.0,33.19140625,0.0,0.0,31.46875,0.0,5.32745361328125
18.159,-0.0,0.0,0.0,0.0,0.0,-0.0,-0.0,0.0,0.0,0.0,32.80859375,0.0,0.0,0.0,36.25390625,0.0,0.0,0.0,37.40234375,0.0,0.0,0.0,33.0,0.0,0.0,31.46875,0.0,5.3372344970703125
18.313,-0.0,0.0,0.0,0.0,0.0,-0.0,-0.0,0.0,0.0,0.0,33.3828125,0.0,0.0,0.0,35.6796875,0.0,0.0,0.0,37.59375,0.0,0.0,0.0,32.80859375,0.0,0.0,31.0859375,0.0,5.3372344970703125
18.471,-0.0,0.0,0.0,0.0,0.0,-0.0,-0.0,0.0,0.0,0.0,33.0,0.0,0.0,0.0,35.6796875,0.0,0.0,0.0,37.59375,0.0,0.0,0.0,33.19140625,0.0,0.0,31.27734375,0.0,5.3372344970703125
18.638,-0.0,0.0,0.0,0.0,0.0,-0.0,-0.0,0.0,0.0,0.0,33.57421875,0.0,0.0,0.0,36.4453125,0.0,0.0,0.0,37.2109375,0.0,0.0,0.0,33.3828125,0.0,0.0,30.89453125,0.0,5.3372344970703125
18.801,-0.0,0.0,0.0,0.0,0.0,-0.0,-0.0,0.0,0.0,0.0,33.3828125,0.0,0.0,0.0,36.25390625,0.0,0.0,0.0,37.40234375,0.0,0.0,0.0,32.6171875,0.0,0.0,31.27734375,0.0,5.3372344970703125
18.959,-0.0,0.0,0.0,0.0,0.0,-0.0,-0.0,0.0,0.0,0.0,33.0,0.0,0.0,0.0,36.4453125,0.0,0.0,0.0,37.2109375,0.0,0.0,0.0,32.42578125,0.0,0.0,31.27734375,0.0,5.3372344970703125
19.119,-0.0,0.0,0.0,0.0,0.0,-0.0,-0.0,0.0,0.0,0.0,33.0,0.0,0.0,0.0,36.0625,0.0,0.0,0.0,37.2109375,0.0,0.0,0.0,33.0,0.0,0.0,31.27734375,0.0,5.3372344970703125
19.274,-0.0,0.0,0.0,0.0,0.0,-0.0,-0.0,0.0,0.0,0.0,32.234375,0.0,0.0,0.0,35.87109375,0.0,0.0,0.0,37.01953125,0.0,0.0,0.0,33.0,0.0,0.0,31.27734375,0.0,5.3372344970703125
19.444,-0.0,0.0,0.0,0.0,0.0,-0.0,-0.0,0.0,0.0,0.0,33.19140625,0.0,0.0,0.0,36.0625,0.0,0.0,0.0,37.2109375,0.0,0.0,0.0,32.80859375,0.0,0.0,30.89453125,0.0,5.3372344970703125
19.606,-0.0,0.0,0.0,0.0,0.0,-0.0,-0.0,0.0,0.0,0.0,32.6171875,0.0,0.0,0.0,36.25390625,0.0,0.0,0.0,37.2109375,0.0,0.0,0.0,33.19140625,0.0,0.0,30.89453125,0.0,5.3372344970703125
19.777,-0.0,0.0,0.0,0.0,0.0,-0.0,-0.0,0.0,0.0,0.0,33.3828125,0.0,0.0,0.0,36.0625,0.0,0.0,0.0,37.2109375,0.0,0.0,0.0,32.6171875,0.0,0.0,30.12890625,0.0,5.3372344970703125
19.932,-0.0,0.0,0.0,0.0,0.0,-0.0,-0.0,0.0,0.0,0.0,32.04296875,0.0,0.0,0.0,36.0625,0.0,0.0,0.0,37.2109375,0.0,0.0,0.0,33.0,0.0,0.0,31.0859375,0.0,5.3372344970703125
20.093,-0.0,0.0,0.0,0.0,0.0,-0.0,-0.0,0.0,0.0,0.0,33.3828125,0.0,0.0,0.0,36.25390625,0.0,0.0,0.0,37.40234375,0.0,0.0,0.0,33.19140625,0.0,0.0,30.89453125,0.0,5.3372344970703125
20.262,-0.0,0.0,0.0,0.0,0.0,-0.0,-0.0,0.0,0.0,0.0,33.19140625,0.0,0.0,0.0,36.63671875,0.0,0.0,0.0,36.828125,0.0,0.0,0.0,33.3828125,0.0,0.0,31.0859375,0.0,5.3372344970703125
20.429,-0.0,0.0,0.0,0.0,0.0,-0.0,-0.0,0.0,0.0,0.0,33.57421875,0.0,0.0,0.0,35.48828125,0.0,0.0,0.0,37.2109375,0.0,0.0,0.0,32.80859375,0.0,0.0,30.703125,0.0,5.3372344970703125
20.599,-0.0,0.0,0.0,0.0,0.0,-0.0,-0.0,0.0,0.0,0.0,32.80859375,0.0,0.0,0.0,36.4453125,0.0,0.0,0.0,37.2109375,0.0,0.0,0.0,33.0,0.0,0.0,30.89453125,0.0,5.32745361328125
20.759,-0.0,0.0,0.0,0.0,0.0,-0.0,-0.0,0.0,0.0,0.0,33.0,0.0,0.0,0.0,35.87109375,0.0,0.0,0.0,37.2109375,0.0,0.0,0.0,32.234375,0.0,0.0,31.46875,0.0,5.347015380859375
20.912,-0.0,0.0,0.0,0.0,0.0,-0.0,-0.0,0.0,0.0,0.0,33.57421875,0.0,0.0,0.0,36.25390625,0.0,0.0,0.0,36.63671875,0.0,0.0,0.0,32.42578125,0.0,0.0,31.27734375,0.0,5.32745361328125
21.081,-0.0,0.0,0.0,0.0,0.0,-0.0,-0.0,0.0,0.0,0.0,33.0,0.0,0.0,0.0,35.87109375,0.0,0.0,0.0,37.2109375,0.0,0.0,0.0,32.42578125,0.0,0.0,30.3203125,0.0,5.3372344970703125
21.241,-0.0,0.0,0.0,0.0,0.0,-0.0,-0.0,0.0,0.0,0.0,32.42578125,0.0,0.0,0.0,36.25390625,0.0,0.0,0.0,37.40234375,0.0,0.0,0.0,32.80859375,0.0,0.0,31.46875,0.0,5.3372344970703125
21.421,-0.0,0.0,0.0,0.0,0.0,-0.0,-0.0,0.0,0.0,0.0,32.234375,0.0,0.0,0.0,35.87109375,0.0,0.0,0.0,37.59375,0.0,0.0,0.0,32.6171875,0.0,0.0,31.27734375,0.0,5.347015380859375
21.58,-0.0,0.0,0.0,0.0,0.0,-0.0,-0.0,0.0,0.0,0.0,32.6171875,0.0,0.0,0.0,36.0625,0.0,0.0,0.0,37.01953125,0.0,0.0,0.0,32.80859375,0.0,0.0,31.46875,0.0,5.3372344970703125
21.74,-0.0,0.0,0.0,0.0,0.0,-0.0,-0.0,0.0,0.0,0.0,32.80859375,0.0,0.0,0.0,36.0625,0.0,0.0,0.0,37.59375,0.0,0.0,0.0,32.6171875,0.0,0.0,31.46875,0.0,5.3372344970703125
21.917,-0.0,0.0,0.0,0.0,0.0,-0.0,-0.0,0.0,0.0,0.0,33.19140625,0.0,0.0,0.0,36.0625,0.0,0.0,0.0,37.01953125,0.0,0.0,0.0,32.234375,0.0,0.0,31.0859375,0.0,5.356781005859375
22.088,-0.0,0.0,0.0,0.0,0.0,-0.0,-0.0,0.0,0.0,0.0,33.0,0.0,0.0,0.0,37.2109375,0.0,0.0,0.0,37.2109375,0.0,0.0,0.0,32.80859375,0.0,0.0,29.74609375,0.0,5.3372344970703125
22.247,-0.0,0.0,0.0,0.0,0.0,-0.0,-0.0,0.0,0.0,0.0,33.3828125,0.0,0.0,0.0,35.87109375,0.0,0.0,0.0,37.2109375,0.0,0.0,0.0,33.0,0.0,0.0,30.703125,0.0,5.3372344970703125
22.406,-0.0,0.0,0.0,0.0,0.0,-0.0,-0.0,0.0,0.0,0.0,33.0,0.0,0.0,0.0,36.0625,0.0,0.0,0.0,36.63671875,0.0,0.0,0.0,33.19140625,0.0,0.0,31.27734375,0.0,5.3372344970703125
22.577,-0.0,0.0,0.0,0.0,0.0,-0.0,-0.0,0.0,0.0,0.0,33.19140625,0.0,0.0,0.0,36.0625,0.0,0.0,0.0,37.2109375,0.0,0.0,0.0,32.80859375,0.0,0.0,32.42578125,0.0,5.3372344970703125
22.739,-0.0,0.0,0.0,0.0,0.0,-0.0,-0.0,0.0,0.0,0.0,33.19140625,0.0,0.0,0.0,36.25390625,0.0,0.0,0.0,37.40234375,0.0,0.0,0.0,32.80859375,0.0,0.0,31.27734375,0.0,5.3372344970703125
22.905,-0.0,0.0,0.0,0.0,0.0,-0.0,-0.0,0.0,0.0,0.0,33.19140625,0.0,0.0,0.0,36.4453125,0.0,0.0,0.0,37.59375,0.0,0.0,0.0,32.234375,0.0,0.0,31.8515625,0.0,5.3372344970703125
23.065,-0.0,0.0,0.0,0.0,0.0,-0.0,-0.0,0.0,0.0,0.0,33.19140625,0.0,0.0,0.0,36.0625,0.0,0.0,0.0,37.01953125,0.0,0.0,0.0,32.80859375,0.0,0.0,31.0859375,0.0,5.3372344970703125
23.239,-0.0,0.0,0.0,0.0,0.0,-0.0,-0.0,0.0,0.0,0.0,32.04296875,0.0,0.0,0.0,36.4453125,0.0,0.0,0.0,37.2109375,0.0,0.0,0.0,32.6171875,0.0,0.0,30.703125,0.0,5.3372344970703125
23.398,-0.0,0.0,0.0,0.0,0.0,-0.0,-0.0,0.0,0.0,0.0,32.6171875,0.0,0.0,0.0,36.0625,0.0,0.0,0.0,37.01953125,0.0,0.0,0.0,32.80859375,0.0,0.0,31.8515625,0.0,5.3372344970703125
23.569,-0.0,0.0,0.0,0.0,0.0,-0.0,-0.0,0.0,0.0,0.0,32.6171875,0.0,0.0,0.0,37.2109375,0.0,0.0,0.0,37.01953125,0.0,0.0,0.0,32.80859375,0.0,0.0,30.51171875,0.0,5.3372344970703125
23.745,-0.0,0.0,0.0,0.0,0.0,-0.0,-0.0,0.0,0.0,0.0,33.0,0.0,0.0,0.0,36.25390625,0.0,0.0,0.0,37.2109375,0.0,0.0,0.0,32.234375,0.0,0.0,31.0859375,0.0,5.3372344970703125
23.911,-0.0,0.0,0.0,0.0,0.0,-0.0,-0.0,0.0,0.0,0.0,33.3828125,0.0,0.0,0.0,36.0625,0.0,0.0,0.0,37.40234375,0.0,0.0,0.0,32.80859375,0.0,0.0,30.51171875,0.0,5.3372344970703125
24.078,-0.0,0.0,0.0,0.0,0.0,-0.0,-0.0,0.0,0.0,0.0,33.0,0.0,0.0,0.0,36.63671875,0.0,0.0,0.0,37.59375,0.0,0.0,0.0,33.0,0.0,0.0,31.27734375,0.0,5.3372344970703125
24.244,-0.0,0.0,0.0,0.0,0.0,-0.0,-0.0,0.0,0.0,0.0,32.42578125,0.0,0.0,0.0,36.4453125,0.0,0.0,0.0,37.40234375,0.0,0.0,0.0,33.0,0.0,0.0,31.46875,0.0,5.3372344970703125
24.405,-0.0,0.0,0.0,0.0,0.0,-0.0,-0.0,0.0,0.0,0.0,33.0,0.0,0.0,0.0,35.87109375,0.0,0.0,0.0,37.40234375,0.0,0.0,0.0,32.42578125,0.0,0.0,32.6171875,0.0,5.32745361328125
24.565,-0.0,0.0,0.0,0.0,0.0,-0.0,-0.0,0.0,0.0,0.0,32.6171875,0.0,0.0,0.0,36.63671875,0.0,0.0,0.0,37.01953125,0.0,0.0,0.0,33.0,0.0,0.0,31.46875,0.0,5.3372344970703125
24.726,-0.0,0.0,0.0,0.0,0.0,-0.0,-0.0,0.0,0.0,0.0,33.57421875,0.0,0.0,0.0,36.63671875,0.0,0.0,0.0,37.2109375,0.0,0.0,0.0,33.0,0.0,0.0,31.46875,0.0,5.3372344970703125
24.885,-0.0,0.0,0.0,0.0,0.0,-0.0,-0.0,0.0,0.0,0.0,32.6171875,0.0,0.0,0.0,36.828125,0.0,0.0,0.0,37.01953125,0.0,0.0,0.0,32.6171875,0.0,0.0,31.27734375,0.0,5.3372344970703125
25.045,-0.0,0.0,0.0,0.0,0.0,-0.0,-0.0,0.0,0.0,0.0,32.6171875,0.0,0.0,0.0,36.25390625,0.0,0.0,0.0,37.59375,0.0,0.0,0.0,33.19140625,0.0,0.0,30.703125,0.0,5.3372344970703125
25.219,-0.0,0.0,0.0,0.0,0.0,-0.0,-0.0,0.0,0.0,0.0,33.57421875,0.0,0.0,0.0,35.87109375,0.0,0.0,0.0,36.63671875,0.0,0.0,0.0,33.19140625,0.0,0.0,31.66015625,0.0,5.3372344970703125
25.379,-0.0,0.0,0.0,0.0,0.0,-0.0,-0.0,0.0,0.0,0.0,33.3828125,0.0,0.0,0.0,36.25390625,0.0,0.0,0.0,37.40234375,0.0,0.0,0.0,32.80859375,0.0,0.0,30.89453125,0.0,5.3372344970703125
25.54,-0.0,0.0,0.0,0.0,0.0,-0.0,-0.0,0.0,0.0,0.0,32.80859375,0.0,0.0,0.0,35.87109375,0.0,0.0,0.0,37.40234375,0.0,0.0,0.0,33.3828125,0.0,0.0,30.89453125,0.0,5.347015380859375
25.699,-0.0,0.0,0.0,0.0,0.0,-0.0,-0.0,0.0,0.0,0.0,33.19140625,0.0,0.0,0.0,35.48828125,0.0,0.0,0.0,37.2109375,0.0,0.0,0.0,33.3828125,0.0,0.0,32.04296875,0.0,5.3372344970703125
25.859,-0.0,0.0,0.0,0.0,0.0,-0.0,-0.0,0.0,0.0,0.0,33.0,0.0,0.0,0.0,36.4453125,0.0,0.0,0.0,37.2109375,0.0,0.0,0.0,32.42578125,0.0,0.0,30.51171875,0.0,5.3372344970703125
26.027,-0.0,0.0,0.0,0.0,0.0,-0.0,-0.0,0.0,0.0,0.0,33.3828125,0.0,0.0,0.0,36.0625,0.0,0.0,0.0,37.2109375,0.0,0.0,0.0,33.0,0.0,0.0,31.27734375,0.0,5.347015380859375
26.188,-0.0,0.0,0.0,0.0,0.0,-0.0,-0.0,0.0,0.0,0.0,33.765625,0.0,0.0,0.0,37.01953125,0.0,0.0,0.0,37.40234375,0.0,0.0,0.0,32.6171875,0.0,0.0,31.0859375,0.0,5.3372344970703125
26.367,-0.0,0.0,0.0,0.0,0.0,-0.0,-0.0,0.0,0.0,0.0,31.8515625,0.0,0.0,0.0,36.25390625,0.0,0.0,0.0,37.2109375,0.0,0.0,0.0,32.80859375,0.0,0.0,31.27734375,0.0,5.347015380859375
26.527,-0.0,0.0,0.0,0.0,0.0,-0.0,-0.0,0.0,0.0,0.0,32.42578125,0.0,0.0,0.0,35.87109375,0.0,0.0,0.0,37.59375,0.0,0.0,0.0,32.80859375,0.0,0.0,31.27734375,0.0,5.3372344970703125
26.684,-0.0,0.0,0.0,0.0,0.0,-0.0,-0.0,0.0,0.0,0.0,32.6171875,0.0,0.0,0.0,36.63671875,0.0,0.0,0.0,37.40234375,0.0,0.0,0.0,32.80859375,0.0,0.0,31.27734375,0.0,5.3372344970703125
26.848,-0.0,0.0,0.0,0.0,0.0,-0.0,-0.0,0.0,0.0,0.0,32.6171875,0.0,0.0,0.0,37.2109375,0.0,0.0,0.0,37.01953125,0.0,0.0,0.0,33.0,0.0,0.0,31.46875,0.0,5.32745361328125
27.006,-0.0,0.0,0.0,0.0,0.0,-0.0,-0.0,0.0,0.0,0.0,32.42578125,0.0,0.0,0.0,36.0625,0.0,0.0,0.0,37.01953125,0.0,0.0,0.0,32.6171875,0.0,0.0,29.74609375,0.0,5.347015380859375
27.17,-0.0,0.0,0.0,0.0,0.0,-0.0,-0.0,0.0,0.0,0.0,32.80859375,0.0,0.0,0.0,36.63671875,0.0,0.0,0.0,37.2109375,0.0,0.0,0.0,33.0,0.0,0.0,31.8515625,0.0,5.3372344970703125
27.339,-0.0,0.0,0.0,0.0,0.0,-0.0,-0.0,0.0,0.0,0.0,33.0,0.0,0.0,0.0,35.6796875,0.0,0.0,0.0,37.01953125,0.0,0.0,0.0,32.42578125,0.0,0.0,31.27734375,0.0,5.3372344970703125
27.499,-0.0,0.0,0.0,0.0,0.0,-0.0,-0.0,0.0,0.0,0.0,33.0,0.0,0.0,0.0,35.6796875,0.0,0.0,0.0,37.01953125,0.0,0.0,0.0,33.19140625,0.0,0.0,31.46875,0.0,5.3372344970703125
27.677,-0.0,0.0,0.0,0.0,0.0,-0.0,-0.0,0.0,0.0,0.0,32.6171875,0.0,0.0,0.0,35.87109375,0.0,0.0,0.0,37.01953125,0.0,0.0,0.0,32.6171875,0.0,0.0,31.0859375,0.0,5.3372344970703125
27.837,-0.0,0.0,0.0,0.0,0.0,-0.0,-0.0,0.0,0.0,0.0,33.0,0.0,0.0,0.0,37.01953125,0.0,0.0,0.0,37.2109375,0.0,0.0,0.0,32.42578125,0.0,0.0,31.46875,0.0,5.3372344970703125
28.004,-0.0,0.0,0.0,0.0,0.0,-0.0,-0.0,0.0,0.0,0.0,33.3828125,0.0,0.0,0.0,36.25390625,0.0,0.0,0.0,37.78515625,0.0,0.0,0.0,32.42578125,0.0,0.0,31.27734375,0.0,5.3372344970703125
28.178,-0.0,0.0,0.0,0.0,0.0,-0.0,-0.0,0.0,0.0,0.0,34.1484375,0.0,0.0,0.0,35.6796875,0.0,0.0,0.0,37.40234375,0.0,0.0,0.0,33.0,0.0,0.0,32.234375,0.0,5.3372344970703125
28.339,-0.0,0.0,0.0,0.0,0.0,-0.0,-0.0,0.0,0.0,0.0,32.6171875,0.0,0.0,0.0,36.0625,0.0,0.0,0.0,37.2109375,0.0,0.0,0.0,33.0,0.0,0.0,31.0859375,0.0,5.347015380859375
28.498,-0.0,0.0,0.0,0.0,0.0,-0.0,-0.0,0.0,0.0,0.0,33.0,0.0,0.0,0.0,35.87109375,0.0,0.0,0.0,37.2109375,0.0,0.0,0.0,33.0,0.0,0.0,30.51171875,0.0,5.3372344970703125
28.66,-0.0,0.0,0.0,0.0,0.0,-0.0,-0.0,0.0,0.0,0.0,32.42578125,0.0,0.0,0.0,36.25390625,0.0,0.0,0.0,37.40234375,0.0,0.0,0.0,32.80859375,0.0,0.0,31.46875,0.0,5.347015380859375
28.817,-0.0,0.0,0.0,0.0,0.0,-0.0,-0.0,0.0,0.0,0.0,32.42578125,0.0,0.0,0.0,36.0625,0.0,0.0,0.0,37.01953125,0.0,0.0,0.0,32.6171875,0.0,0.0,31.66015625,0.0,5.32745361328125
28.98,-0.0,0.0,0.0,0.0,0.0,-0.0,-0.0,0.0,0.0,0.0,33.3828125,0.0,0.0,0.0,36.63671875,0.0,0.0,0.0,37.59375,0.0,0.0,0.0,32.6171875,0.0,0.0,31.0859375,0.0,5.3372344970703125
29.145,-0.0,0.0,0.0,0.0,0.0,-0.0,-0.0,0.0,0.0,0.0,32.42578125,0.0,0.0,0.0,35.87109375,0.0,0.0,0.0,37.01953125,0.0,0.0,0.0,32.6171875,0.0,0.0,30.89453125,0.0,5.347015380859375
29.367,-0.0,0.0,0.0,0.0,0.0,-0.0,-0.0,0.0,0.0,0.0,32.6171875,0.0,0.0,0.0,36.63671875,0.0,0.0,0.0,36.828125,0.0,0.0,0.0,33.3828125,0.0,0.0,29.9375,0.0,5.3372344970703125
29.547,-0.0,0.0,0.0,0.0,0.0,-0.0,-0.0,0.0,0.0,0.0,33.0,0.0,0.0,0.0,36.25390625,0.0,0.0,0.0,37.40234375,0.0,0.0,0.0,32.6171875,0.0,0.0,31.46875,0.0,5.3372344970703125
29.707,-0.0,0.0,0.0,0.0,0.0,-0.0,-0.0,0.0,0.0,0.0,33.57421875,0.0,0.0,0.0,36.63671875,0.0,0.0,0.0,37.01953125,0.0,0.0,0.0,33.0,0.0,0.0,31.46875,0.0,5.3372344970703125
29.867,-0.0,0.0,0.0,0.0,0.0,-0.0,-0.0,0.0,0.0,0.0,33.57421875,0.0,0.0,0.0,36.0625,0.0,0.0,0.0,37.2109375,0.0,0.0,0.0,32.6171875,0.0,0.0,31.8515625,0.0,5.3372344970703125
30.026,-0.0,0.0,0.0,0.0,0.0,-0.0,-0.0,0.0,0.0,0.0,33.3828125,0.0,0.0,0.0,35.6796875,0.0,0.0,0.0,37.59375,0.0,0.0,0.0,32.234375,0.0,0.0,31.0859375,0.0,5.3372344970703125
30.188,-0.0,0.0,0.0,0.0,0.0,-0.0,-0.0,0.0,0.0,0.0,33.0,0.0,0.0,0.0,36.4453125,0.0,0.0,0.0,37.40234375,0.0,0.0,0.0,33.0,0.0,0.0,31.27734375,0.0,5.3372344970703125
30.348,-0.0,0.0,0.0,0.0,0.0,-0.0,-0.0,0.0,0.0,0.0,32.80859375,0.0,0.0,0.0,36.63671875,0.0,0.0,0.0,37.2109375,0.0,0.0,0.0,33.57421875,0.0,0.0,30.89453125,0.0,5.32745361328125
30.518,-0.0,0.0,0.0,0.0,0.0,-0.0,-0.0,0.0,0.0,0.0,33.0,0.0,0.0,0.0,36.828125,0.0,0.0,0.0,37.2109375,0.0,0.0,0.0,32.42578125,0.0,0.0,31.8515625,0.0,5.3372344970703125
30.686,-0.0,0.0,0.0,0.0,0.0,-0.0,-0.0,0.0,0.0,0.0,32.6171875,0.0,0.0,0.0,36.0625,0.0,0.0,0.0,37.2109375,0.0,0.0,0.0,33.19140625,0.0,0.0,30.51171875,0.0,5.3372344970703125
30.841,-0.0,0.0,0.0,0.0,0.0,-0.0,-0.0,0.0,0.0,0.0,32.6171875,0.0,0.0,0.0,35.87109375,0.0,0.0,0.0,37.40234375,0.0,0.0,0.0,32.80859375,0.0,0.0,31.0859375,0.0,5.3372344970703125
30.999,-0.0,0.0,0.0,0.0,0.0,-0.0,-0.0,0.0,0.0,0.0,33.0,0.0,0.0,0.0,36.4453125,0.0,0.0,0.0,37.2109375,0.0,0.0,0.0,33.19140625,0.0,0.0,31.46875,0.0,5.3372344970703125
31.182,-0.0,0.0,0.0,0.0,0.0,-0.0,-0.0,0.0,0.0,0.0,32.6171875,0.0,0.0,0.0,36.0625,0.0,0.0,0.0,37.01953125,0.0,0.0,0.0,33.0,0.0,0.0,30.51171875,0.0,5.3372344970703125
31.346,-0.0,0.0,0.0,0.0,0.0,-0.0,-0.0,0.0,0.0,0.0,32.80859375,0.0,0.0,0.0,36.25390625,0.0,0.0,0.0,36.828125,0.0,0.0,0.0,32.80859375,0.0,0.0,31.27734375,0.0,5.3372344970703125
31.507,-0.0,0.0,0.0,0.0,0.0,-0.0,-0.0,0.0,0.0,0.0,33.19140625,0.0,0.0,0.0,36.4453125,0.0,0.0,0.0,37.9765625,0.0,0.0,0.0,32.234375,0.0,0.0,31.8515625,0.0,5.3372344970703125
31.667,-0.0,0.0,0.0,0.0,0.0,-0.0,-0.0,0.0,0.0,0.0,33.3828125,0.0,0.0,0.0,36.25390625,0.0,0.0,0.0,37.2109375,0.0,0.0,0.0,32.6171875,0.0,0.0,30.703125,0.0,5.32745361328125
31.827,-0.0,0.0,0.0,0.0,0.0,-0.0,-0.0,0.0,0.0,0.0,32.80859375,0.0,0.0,0.0,36.63671875,0.0,0.0,0.0,37.40234375,0.0,0.0,0.0,32.6171875,0.0,0.0,30.89453125,0.0,5.3372344970703125
31.997,-0.0,0.0,0.0,0.0,0.0,-0.0,-0.0,0.0,0.0,0.0,32.6171875,0.0,0.0,0.0,36.63671875,0.0,0.0,0.0,37.01953125,0.0,0.0,0.0,32.6171875,0.0,0.0,31.8515625,0.0,5.3372344970703125
32.169,-0.0,0.0,0.0,0.0,0.0,-0.0,-0.0,0.0,0.0,0.0,33.3828125,0.0,0.0,0.0,35.87109375,0.0,0.0,0.0,36.63671875,0.0,0.0,0.0,32.80859375,0.0,0.0,31.0859375,0.0,5.3372344970703125
32.368,-0.0,0.0,0.0,0.0,0.0,-0.0,-0.0,0.0,0.0,0.0,33.0,0.0,0.0,0.0,36.828125,0.0,0.0,0.0,37.2109375,0.0,0.0,0.0,32.80859375,0.0,0.0,30.89453125,0.0,5.3372344970703125
32.528,-0.0,0.0,0.0,0.0,0.0,-0.0,-0.0,0.0,0.0,0.0,32.42578125,0.0,0.0,0.0,35.87109375,0.0,0.0,0.0,37.01953125,0.0,0.0,0.0,32.80859375,0.0,0.0,31.27734375,0.0,5.3372344970703125
32.688,-0.0,0.0,0.0,0.0,0.0,-0.0,-0.0,0.0,0.0,0.0,33.765625,0.0,0.0,0.0,35.87109375,0.0,0.0,0.0,37.2109375,0.0,0.0,0.0,32.80859375,0.0,0.0,29.36328125,0.0,5.3372344970703125
32.848,-0.0,0.0,0.0,0.0,0.0,-0.0,-0.0,0.0,0.0,0.0,32.80859375,0.0,0.0,0.0,35.6796875,0.0,0.0,0.0,37.2109375,0.0,0.0,0.0,33.0,0.0,0.0,32.04296875,0.0,5.3372344970703125
33.007,-0.0,0.0,0.0,0.0,0.0,-0.0,-0.0,0.0,0.0,0.0,34.1484375,0.0,0.0,0.0,36.25390625,0.0,0.0,0.0,37.01953125,0.0,0.0,0.0,33.3828125,0.0,0.0,31.0859375,0.0,5.3372344970703125
33.188,-0.0,0.0,0.0,0.0,0.0,-0.0,-0.0,0.0,0.0,0.0,32.80859375,0.0,0.0,0.0,36.63671875,0.0,0.0,0.0,37.01953125,0.0,0.0,0.0,32.80859375,0.0,0.0,31.0859375,0.0,5.3372344970703125
33.359,-0.0,0.0,0.0,0.0,0.0,-0.0,-0.0,0.0,0.0,0.0,32.80859375,0.0,0.0,0.0,36.25390625,0.0,0.0,0.0,36.4453125,0.0,0.0,0.0,32.6171875,0.0,0.0,30.703125,0.0,5.3372344970703125
33.528,-0.0,0.0,0.0,0.0,0.0,-0.0,-0.0,0.0,0.0,0.0,33.3828125,0.0,0.0,0.0,35.87109375,0.0,0.0,0.0,37.40234375,0.0,0.0,0.0,33.0,0.0,0.0,31.66015625,0.0,5.3372344970703125
33.7,-0.0,0.0,0.0,0.0,0.0,-0.0,-0.0,0.0,0.0,0.0,32.6171875,0.0,0.0,0.0,35.87109375,0.0,0.0,0.0,37.2109375,0.0,0.0,0.0,33.3828125,0.0,0.0,31.46875,0.0,5.3372344970703125
33.859,-0.0,0.0,0.0,0.0,0.0,-0.0,-0.0,0.0,0.0,0.0,33.3828125,0.0,0.0,0.0,36.0625,0.0,0.0,0.0,37.59375,0.0,0.0,0.0,33.0,0.0,0.0,32.04296875,0.0,5.3372344970703125
34.026,-0.0,0.0,0.0,0.0,0.0,-0.0,-0.0,0.0,0.0,0.0,32.04296875,0.0,0.0,0.0,36.63671875,0.0,0.0,0.0,37.59375,0.0,0.0,0.0,32.42578125,0.0,0.0,30.89453125,0.0,5.3372344970703125
34.188,-0.0,0.0,0.0,0.0,0.0,-0.0,-0.0,0.0,0.0,0.0,33.0,0.0,0.0,0.0,36.4453125,0.0,0.0,0.0,37.2109375,0.0,0.0,0.0,32.80859375,0.0,0.0,31.8515625,0.0,5.3372344970703125
34.345,-0.0,0.0,0.0,0.0,0.0,-0.0,-0.0,0.0,0.0,0.0,33.3828125,0.0,0.0,0.0,36.4453125,0.0,0.0,0.0,37.59375,0.0,0.0,0.0,32.6171875,0.0,0.0,31.27734375,0.0,5.347015380859375
34.517,-0.0,0.0,0.0,0.0,0.0,-0.0,-0.0,0.0,0.0,0.0,33.3828125,0.0,0.0,0.0,36.25390625,0.0,0.0,0.0,37.40234375,0.0,0.0,0.0,33.3828125,0.0,0.0,31.66015625,0.0,5.3372344970703125
34.678,-0.0,0.0,0.0,0.0,0.0,-0.0,-0.0,0.0,0.0,0.0,33.19140625,0.0,0.0,0.0,37.01953125,0.0,0.0,0.0,37.2109375,0.0,0.0,0.0,33.0,0.0,0.0,31.46875,0.0,5.3372344970703125
34.839,-0.0,0.0,0.0,0.0,0.0,-0.0,-0.0,0.0,0.0,0.0,32.6171875,0.0,0.0,0.0,37.2109375,0.0,0.0,0.0,37.40234375,0.0,0.0,0.0,33.0,0.0,0.0,30.703125,0.0,5.3372344970703125
35.017,-0.0,0.0,0.0,0.0,0.0,-0.0,-0.0,0.0,0.0,0.0,32.6171875,0.0,0.0,0.0,35.87109375,0.0,0.0,0.0,37.01953125,0.0,0.0,0.0,32.42578125,0.0,0.0,31.0859375,0.0,5.32745361328125
35.179,-0.0,0.0,0.0,0.0,0.0,-0.0,-0.0,0.0,0.0,0.0,33.0,0.0,0.0,0.0,36.25390625,0.0,0.0,0.0,37.01953125,0.0,0.0,0.0,33.0,0.0,0.0,30.703125,0.0,5.32745361328125
35.364,-0.0,0.0,0.0,0.0,0.0,-0.0,-0.0,0.0,0.0,0.0,33.0,0.0,0.0,0.0,36.25390625,0.0,0.0,0.0,37.01953125,0.0,0.0,0.0,33.0,0.0,0.0,29.9375,0.0,5.3372344970703125
35.52,-0.0,0.0,0.0,0.0,0.0,-0.0,-0.0,0.0,0.0,0.0,32.6171875,0.0,0.0,0.0,35.87109375,0.0,0.0,0.0,37.59375,0.0,0.0,0.0,32.6171875,0.0,0.0,31.27734375,0.0,5.3372344970703125
35.679,-0.0,0.0,0.0,0.0,0.0,-0.0,-0.0,0.0,0.0,0.0,32.6171875,0.0,0.0,0.0,35.87109375,0.0,0.0,0.0,36.828125,0.0,0.0,0.0,32.6171875,0.0,0.0,31.0859375,0.0,5.3372344970703125
35.838,-0.0,0.0,0.0,0.0,0.0,-0.0,-0.0,0.0,0.0,0.0,33.0,0.0,0.0,0.0,35.6796875,0.0,0.0,0.0,37.2109375,0.0,0.0,0.0,33.0,0.0,0.0,31.66015625,0.0,5.3372344970703125
35.999,-0.0,0.0,0.0,0.0,0.0,-0.0,-0.0,0.0,0.0,0.0,32.80859375,0.0,0.0,0.0,36.4453125,0.0,0.0,0.0,37.01953125,0.0,0.0,0.0,32.6171875,0.0,0.0,31.46875,0.0,5.32745361328125
36.169,-0.0,0.0,0.0,0.0,0.0,-0.0,-0.0,0.0,0.0,0.0,32.80859375,0.0,0.0,0.0,36.25390625,0.0,0.0,0.0,37.01953125,0.0,0.0,0.0,32.80859375,0.0,0.0,31.8515625,0.0,5.3372344970703125
36.325,-0.0,0.0,0.0,0.0,0.0,-0.0,-0.0,0.0,0.0,0.0,33.19140625,0.0,0.0,0.0,34.9140625,0.0,0.0,0.0,37.40234375,0.0,0.0,0.0,32.80859375,0.0,0.0,31.66015625,0.0,5.3372344970703125
36.486,-0.0,0.0,0.0,0.0,0.0,-0.0,-0.0,0.0,0.0,0.0,33.0,0.0,0.0,0.0,36.25390625,0.0,0.0,0.0,37.2109375,0.0,0.0,0.0,32.6171875,0.0,0.0,31.27734375,0.0,5.3372344970703125
36.659,-0.0,0.0,0.0,0.0,0.0,-0.0,-0.0,0.0,0.0,0.0,33.19140625,0.0,0.0,0.0,37.01953125,0.0,0.0,0.0,37.01953125,0.0,0.0,0.0,32.80859375,0.0,0.0,31.27734375,0.0,5.3372344970703125
36.819,-0.0,0.0,0.0,0.0,0.0,-0.0,-0.0,0.0,0.0,0.0,32.80859375,0.0,0.0,0.0,37.2109375,0.0,0.0,0.0,37.01953125,0.0,0.0,0.0,33.0,0.0,0.0,31.27734375,0.0,5.347015380859375
36.985,-0.0,0.0,0.0,0.0,0.0,-0.0,-0.0,0.0,0.0,0.0,32.234375,0.0,0.0,0.0,36.0625,0.0,0.0,0.0,37.40234375,0.0,0.0,0.0,32.42578125,0.0,0.0,31.27734375,0.0,5.3372344970703125
37.158,-0.0,0.0,0.0,0.0,0.0,-0.0,-0.0,0.0,0.0,0.0,32.04296875,0.0,0.0,0.0,36.0625,0.0,0.0,0.0,37.40234375,0.0,0.0,0.0,33.3828125,0.0,0.0,31.0859375,0.0,5.3372344970703125
37.318,-0.0,0.0,0.0,0.0,0.0,-0.0,-0.0,0.0,0.0,0.0,32.80859375,0.0,0.0,0.0,36.25390625,0.0,0.0,0.0,37.2109375,0.0,0.0,0.0,32.80859375,0.0,0.0,32.6171875,0.0,5.3372344970703125
37.479,-0.0,0.0,0.0,0.0,0.0,-0.0,-0.0,0.0,0.0,0.0,32.42578125,0.0,0.0,0.0,36.63671875,0.0,0.0,0.0,37.40234375,0.0,0.0,0.0,33.0,0.0,0.0,30.89453125,0.0,5.32745361328125
37.639,-0.0,0.0,0.0,0.0,0.0,-0.0,-0.0,0.0,0.0,0.0,32.42578125,0.0,0.0,0.0,36.0625,0.0,0.0,0.0,37.2109375,0.0,0.0,0.0,32.6171875,0.0,0.0,30.89453125,0.0,5.3372344970703125
37.809,-0.0,0.0,0.0,0.0,0.0,-0.0,-0.0,0.0,0.0,0.0,32.6171875,0.0,0.0,0.0,36.4453125,0.0,0.0,0.0,37.01953125,0.0,0.0,0.0,33.19140625,0.0,0.0,31.27734375,0.0,5.3372344970703125
37.966,-0.0,0.0,0.0,0.0,0.0,-0.0,-0.0,0.0,0.0,0.0,32.42578125,0.0,0.0,0.0,36.0625,0.0,0.0,0.0,37.2109375,0.0,0.0,0.0,32.234375,0.0,0.0,31.66015625,0.0,5.3372344970703125
38.124,-0.0,0.0,0.0,0.0,0.0,-0.0,-0.0,0.0,0.0,0.0,33.0,0.0,0.0,0.0,36.4453125,0.0,0.0,0.0,37.40234375,0.0,0.0,0.0,32.04296875,0.0,0.0,30.89453125,0.0,5.3372344970703125
38.288,-0.0,0.0,0.0,0.0,0.0,-0.0,-0.0,0.0,0.0,0.0,32.80859375,0.0,0.0,0.0,35.48828125,0.0,0.0,0.0,37.59375,0.0,0.0,0.0,33.19140625,0.0,0.0,31.66015625,0.0,5.3372344970703125
38.479,-0.0,0.0,0.0,0.0,0.0,-0.0,-0.0,0.0,0.0,0.0,32.80859375,0.0,0.0,0.0,36.25390625,0.0,0.0,0.0,37.2109375,0.0,0.0,0.0,32.80859375,0.0,0.0,31.46875,0.0,5.3372344970703125
38.639,-0.0,0.0,0.0,0.0,0.0,-0.0,-0.0,0.0,0.0,0.0,33.0,0.0,0.0,0.0,35.87109375,0.0,0.0,0.0,37.2109375,0.0,0.0,0.0,32.80859375,0.0,0.0,30.89453125,0.0,5.3372344970703125
38.807,-0.0,0.0,0.0,0.0,0.0,-0.0,-0.0,0.0,0.0,0.0,33.0,0.0,0.0,0.0,36.63671875,0.0,0.0,0.0,37.2109375,0.0,0.0,0.0,33.19140625,0.0,0.0,30.89453125,0.0,5.3372344970703125
38.961,-0.0,0.0,0.0,0.0,0.0,-0.0,-0.0,0.0,0.0,0.0,32.80859375,0.0,0.0,0.0,36.0625,0.0,0.0,0.0,37.2109375,0.0,0.0,0.0,32.80859375,0.0,0.0,32.42578125,0.0,5.3372344970703125
39.12,-0.0,0.0,0.0,0.0,0.0,-0.0,-0.0,0.0,0.0,0.0,32.80859375,0.0,0.0,0.0,35.48828125,0.0,0.0,0.0,37.2109375,0.0,0.0,0.0,33.0,0.0,0.0,31.27734375,0.0,5.3372344970703125
39.279,-0.0,0.0,0.0,0.0,0.0,-0.0,-0.0,0.0,0.0,0.0,32.04296875,0.0,0.0,0.0,35.296875,0.0,0.0,0.0,37.2109375,0.0,0.0,0.0,33.19140625,0.0,0.0,31.66015625,0.0,5.3372344970703125
39.439,-0.0,0.0,0.0,0.0,0.0,-0.0,-0.0,0.0,0.0,0.0,32.6171875,0.0,0.0,0.0,36.0625,0.0,0.0,0.0,37.2109375,0.0,0.0,0.0,32.42578125,0.0,0.0,32.04296875,0.0,5.3372344970703125
39.6,-0.0,0.0,0.0,0.0,0.0,-0.0,-0.0,0.0,0.0,0.0,33.765625,0.0,0.0,0.0,35.87109375,0.0,0.0,0.0,37.01953125,0.0,0.0,0.0,32.42578125,0.0,0.0,31.66015625,0.0,5.32745361328125
39.767,-0.0,0.0,0.0,0.0,0.0,-0.0,-0.0,0.0,0.0,0.0,33.765625,0.0,0.0,0.0,36.0625,0.0,0.0,0.0,37.40234375,0.0,0.0,0.0,32.234375,0.0,0.0,31.0859375,0.0,5.3372344970703125
39.925,-0.0,0.0,0.0,0.0,0.0,-0.0,-0.0,0.0,0.0,0.0,33.19140625,0.0,0.0,0.0,35.6796875,0.0,0.0,0.0,37.2109375,0.0,0.0,0.0,33.19140625,0.0,0.0,31.0859375,0.0,5.3372344970703125
40.096,-0.0,0.0,0.0,0.0,0.0,-0.0,-0.0,0.0,0.0,0.0,32.6171875,0.0,0.0,0.0,36.4453125,0.0,0.0,0.0,37.01953125,0.0,0.0,0.0,32.80859375,0.0,0.0,31.27734375,0.0,5.3372344970703125
40.259,-0.0,0.0,0.0,0.0,0.0,-0.0,-0.0,0.0,0.0,0.0,33.57421875,0.0,0.0,0.0,36.63671875,0.0,0.0,0.0,37.01953125,0.0,0.0,0.0,33.0,0.0,0.0,31.27734375,0.0,5.32745361328125
40.427,-0.0,0.0,0.0,0.0,0.0,-0.0,-0.0,0.0,0.0,0.0,33.3828125,0.0,0.0,0.0,36.4453125,0.0,0.0,0.0,37.40234375,0.0,0.0,0.0,33.0,0.0,0.0,31.27734375,0.0,5.3372344970703125
40.597,-0.0,0.0,0.0,0.0,0.0,-0.0,-0.0,0.0,0.0,0.0,33.0,0.0,0.0,0.0,35.6796875,0.0,0.0,0.0,37.01953125,0.0,0.0,0.0,32.6171875,0.0,0.0,31.0859375,0.0,5.3372344970703125
40.759,-0.0,0.0,0.0,0.0,0.0,-0.0,-0.0,0.0,0.0,0.0,32.6171875,0.0,0.0,0.0,36.63671875,0.0,0.0,0.0,36.63671875,0.0,0.0,0.0,33.0,0.0,0.0,31.0859375,0.0,5.3372344970703125
40.921,-0.0,0.0,0.0,0.0,0.0,-0.0,-0.0,0.0,0.0,0.0,32.80859375,0.0,0.0,0.0,36.828125,0.0,0.0,0.0,37.2109375,0.0,0.0,0.0,32.234375,0.0,0.0,31.0859375,0.0,5.3372344970703125
41.087,-0.0,0.0,0.0,0.0,0.0,-0.0,-0.0,0.0,0.0,0.0,33.3828125,0.0,0.0,0.0,36.4453125,0.0,0.0,0.0,37.40234375,0.0,0.0,0.0,33.57421875,0.0,0.0,31.46875,0.0,5.3372344970703125
41.258,-0.0,0.0,0.0,0.0,0.0,-0.0,-0.0,0.0,0.0,0.0,32.6171875,0.0,0.0,0.0,37.01953125,0.0,0.0,0.0,37.01953125,0.0,0.0,0.0,32.6171875,0.0,0.0,31.0859375,0.0,5.3372344970703125
41.44,-0.0,0.0,0.0,0.0,0.0,-0.0,-0.0,0.0,0.0,0.0,33.19140625,0.0,0.0,0.0,36.4453125,0.0,0.0,0.0,37.2109375,0.0,0.0,0.0,32.80859375,0.0,0.0,30.3203125,0.0,5.3372344970703125
41.598,-0.0,0.0,0.0,0.0,0.0,-0.0,-0.0,0.0,0.0,0.0,32.6171875,0.0,0.0,0.0,35.87109375,0.0,0.0,0.0,36.828125,0.0,0.0,0.0,32.80859375,0.0,0.0,31.46875,0.0,5.3372344970703125
41.759,-0.0,0.0,0.0,0.0,0.0,-0.0,-0.0,0.0,0.0,0.0,33.0,0.0,0.0,0.0,36.25390625,0.0,0.0,0.0,36.4453125,0.0,0.0,0.0,32.80859375,0.0,0.0,31.8515625,0.0,5.3372344970703125
41.928,-0.0,0.0,0.0,0.0,0.0,-0.0,-0.0,0.0,0.0,0.0,32.42578125,0.0,0.0,0.0,36.0625,0.0,0.0,0.0,37.40234375,0.0,0.0,0.0,33.0,0.0,0.0,30.703125,0.0,5.3372344970703125
42.079,-0.0,0.0,0.0,0.0,0.0,-0.0,-0.0,0.0,0.0,0.0,32.234375,0.0,0.0,0.0,35.87109375,0.0,0.0,0.0,37.40234375,0.0,0.0,0.0,32.234375,0.0,0.0,30.89453125,0.0,5.3372344970703125
42.237,-0.0,0.0,0.0,0.0,0.0,-0.0,-0.0,0.0,0.0,0.0,33.765625,0.0,0.0,0.0,36.828125,0.0,0.0,0.0,37.2109375,0.0,0.0,0.0,32.80859375,0.0,0.0,31.46875,0.0,5.3372344970703125
42.397,-0.0,0.0,0.0,0.0,0.0,-0.0,-0.0,0.0,0.0,0.0,32.42578125,0.0,0.0,0.0,35.87109375,0.0,0.0,0.0,37.40234375,0.0,0.0,0.0,32.6171875,0.0,0.0,31.0859375,0.0,5.3372344970703125
42.564,-0.0,0.0,0.0,0.0,0.0,-0.0,-0.0,0.0,0.0,0.0,31.0859375,0.0,0.0,0.0,36.25390625,0.0,0.0,0.0,36.63671875,0.0,0.0,0.0,32.42578125,0.0,0.0,31.27734375,0.0,5.3372344970703125
42.739,-0.0,0.0,0.0,0.0,0.0,-0.0,-0.0,0.0,0.0,0.0,33.3828125,0.0,0.0,0.0,36.4453125,0.0,0.0,0.0,36.63671875,0.0,0.0,0.0,32.80859375,0.0,0.0,31.0859375,0.0,5.3372344970703125
42.909,-0.0,0.0,0.0,0.0,0.0,-0.0,-0.0,0.0,0.0,0.0,32.6171875,0.0,0.0,0.0,36.4453125,0.0,0.0,0.0,36.828125,0.0,0.0,0.0,32.80859375,0.0,0.0,31.66015625,0.0,5.3372344970703125
43.087,-0.0,0.0,0.0,0.0,0.0,-0.0,-0.0,0.0,0.0,0.0,33.0,0.0,0.0,0.0,35.87109375,0.0,0.0,0.0,36.63671875,0.0,0.0,0.0,33.0,0.0,0.0,31.46875,0.0,5.3372344970703125
43.245,-0.0,0.0,0.0,0.0,0.0,-0.0,-0.0,0.0,0.0,0.0,32.80859375,0.0,0.0,0.0,36.4453125,0.0,0.0,0.0,36.828125,0.0,0.0,0.0,32.80859375,0.0,0.0,31.0859375,0.0,5.3372344970703125
43.406,-0.0,0.0,0.0,0.0,0.0,-0.0,-0.0,0.0,0.0,0.0,32.42578125,0.0,0.0,0.0,37.40234375,0.0,0.0,0.0,37.59375,0.0,0.0,0.0,32.80859375,0.0,0.0,30.89453125,0.0,5.3372344970703125
43.567,-0.0,0.0,0.0,0.0,0.0,-0.0,-0.0,0.0,0.0,0.0,32.6171875,0.0,0.0,0.0,35.296875,0.0,0.0,0.0,37.59375,0.0,0.0,0.0,32.80859375,0.0,0.0,31.8515625,0.0,5.3372344970703125
43.725,-0.0,0.0,0.0,0.0,0.0,-0.0,-0.0,0.0,0.0,0.0,33.0,0.0,0.0,0.0,36.4453125,0.0,0.0,0.0,37.2109375,0.0,0.0,0.0,33.0,0.0,0.0,31.0859375,0.0,5.3372344970703125
43.884,-0.0,0.0,0.0,0.0,0.0,-0.0,-0.0,0.0,0.0,0.0,32.80859375,0.0,0.0,0.0,36.25390625,0.0,0.0,0.0,36.828125,0.0,0.0,0.0,32.04296875,0.0,0.0,30.12890625,0.0,5.3372344970703125
44.056,-0.0,0.0,0.0,0.0,0.0,-0.0,-0.0,0.0,0.0,0.0,32.42578125,0.0,0.0,0.0,36.25390625,0.0,0.0,0.0,37.40234375,0.0,0.0,0.0,33.0,0.0,0.0,30.703125,0.0,5.3372344970703125
44.219,-0.0,0.0,0.0,0.0,0.0,-0.0,-0.0,0.0,0.0,0.0,32.80859375,0.0,0.0,0.0,35.87109375,0.0,0.0,0.0,37.01953125,0.0,0.0,0.0,32.80859375,0.0,0.0,31.8515625,0.0,5.3372344970703125
44.387,-0.0,0.0,0.0,0.0,0.0,-0.0,-0.0,0.0,0.0,0.0,32.80859375,0.0,0.0,0.0,36.25390625,0.0,0.0,0.0,37.40234375,0.0,0.0,0.0,33.19140625,0.0,0.0,31.46875,0.0,5.3372344970703125
44.56,-0.0,0.0,0.0,0.0,0.0,-0.0,-0.0,0.0,0.0,0.0,33.3828125,0.0,0.0,0.0,36.4453125,0.0,0.0,0.0,37.40234375,0.0,0.0,0.0,33.19140625,0.0,0.0,31.46875,0.0,5.3372344970703125
44.719,-0.0,0.0,0.0,0.0,0.0,-0.0,-0.0,0.0,0.0,0.0,34.72265625,0.0,0.0,0.0,36.63671875,0.0,0.0,0.0,37.2109375,0.0,0.0,0.0,33.0,0.0,0.0,31.46875,0.0,5.3372344970703125
44.881,-0.0,0.0,0.0,0.0,0.0,-0.0,-0.0,0.0,0.0,0.0,32.42578125,0.0,0.0,0.0,36.63671875,0.0,0.0,0.0,37.01953125,0.0,0.0,0.0,32.6171875,0.0,0.0,31.46875,0.0,5.3372344970703125
45.047,-0.0,0.0,0.0,0.0,0.0,-0.0,-0.0,0.0,0.0,0.0,32.80859375,0.0,0.0,0.0,36.4453125,0.0,0.0,0.0,36.828125,0.0,0.0,0.0,33.19140625,0.0,0.0,31.27734375,0.0,5.3372344970703125
45.218,-0.0,0.0,0.0,0.0,0.0,-0.0,-0.0,0.0,0.0,0.0,33.0,0.0,0.0,0.0,36.4453125,0.0,0.0,0.0,37.2109375,0.0,0.0,0.0,32.6171875,0.0,0.0,31.46875,0.0,5.3372344970703125
45.388,-0.0,0.0,0.0,0.0,0.0,-0.0,-0.0,0.0,0.0,0.0,33.19140625,0.0,0.0,0.0,36.25390625,0.0,0.0,0.0,37.01953125,0.0,0.0,0.0,33.3828125,0.0,0.0,30.3203125,0.0,5.3372344970703125
45.539,-0.0,0.0,0.0,0.0,0.0,-0.0,-0.0,0.0,0.0,0.0,32.234375,0.0,0.0,0.0,36.63671875,0.0,0.0,0.0,36.4453125,0.0,0.0,0.0,32.80859375,0.0,0.0,31.27734375,0.0,5.3372344970703125
45.7,-0.0,0.0,0.0,0.0,0.0,-0.0,-0.0,0.0,0.0,0.0,32.80859375,0.0,0.0,0.0,35.6796875,0.0,0.0,0.0,37.40234375,0.0,0.0,0.0,32.234375,0.0,0.0,30.51171875,0.0,5.3372344970703125
45.86,-0.0,0.0,0.0,0.0,0.0,-0.0,-0.0,0.0,0.0,0.0,33.0,0.0,0.0,0.0,36.828125,0.0,0.0,0.0,36.828125,0.0,0.0,0.0,32.6171875,0.0,0.0,31.27734375,0.0,5.3372344970703125
46.019,-0.0,0.0,0.0,0.0,0.0,-0.0,-0.0,0.0,0.0,0.0,32.6171875,0.0,0.0,0.0,36.4453125,0.0,0.0,0.0,37.40234375,0.0,0.0,0.0,33.19140625,0.0,0.0,31.0859375,0.0,5.3372344970703125
46.184,-0.0,0.0,0.0,0.0,0.0,-0.0,-0.0,0.0,0.0,0.0,32.80859375,0.0,0.0,0.0,35.87109375,0.0,0.0,0.0,37.01953125,0.0,0.0,0.0,33.0,0.0,0.0,31.8515625,0.0,5.3372344970703125
46.353,-0.0,0.0,0.0,0.0,0.0,-0.0,-0.0,0.0,0.0,0.0,32.234375,0.0,0.0,0.0,36.0625,0.0,0.0,0.0,37.01953125,0.0,0.0,0.0,32.80859375,0.0,0.0,31.0859375,0.0,5.3372344970703125
46.525,-0.0,0.0,0.0,0.0,0.0,-0.0,-0.0,0.0,0.0,0.0,32.42578125,0.0,0.0,0.0,36.25390625,0.0,0.0,0.0,37.01953125,0.0,0.0,0.0,32.42578125,0.0,0.0,31.27734375,0.0,5.3372344970703125
46.698,-0.0,0.0,0.0,0.0,0.0,-0.0,-0.0,0.0,0.0,0.0,33.0,0.0,0.0,0.0,35.87109375,0.0,0.0,0.0,37.2109375,0.0,0.0,0.0,32.80859375,0.0,0.0,31.27734375,0.0,5.3372344970703125
46.878,-0.0,0.0,0.0,0.0,0.0,-0.0,-0.0,0.0,0.0,0.0,32.234375,0.0,0.0,0.0,36.25390625,0.0,0.0,0.0,37.40234375,0.0,0.0,0.0,33.0,0.0,0.0,30.703125,0.0,5.3372344970703125
47.047,-0.0,0.0,0.0,0.0,0.0,-0.0,-0.0,0.0,0.0,0.0,32.6171875,0.0,0.0,0.0,36.4453125,0.0,0.0,0.0,37.01953125,0.0,0.0,0.0,32.80859375,0.0,0.0,31.46875,0.0,5.3372344970703125
47.207,-0.0,0.0,0.0,0.0,0.0,-0.0,-0.0,0.0,0.0,0.0,33.57421875,0.0,0.0,0.0,36.25390625,0.0,0.0,0.0,37.40234375,0.0,0.0,0.0,33.3828125,0.0,0.0,31.46875,0.0,5.3372344970703125
47.366,-0.0,0.0,0.0,0.0,0.0,-0.0,-0.0,0.0,0.0,0.0,31.66015625,0.0,0.0,0.0,36.25390625,0.0,0.0,0.0,37.40234375,0.0,0.0,0.0,32.80859375,0.0,0.0,32.04296875,0.0,5.3372344970703125
47.545,-0.0,0.0,0.0,0.0,0.0,-0.0,-0.0,0.0,0.0,0.0,32.80859375,0.0,0.0,0.0,35.87109375,0.0,0.0,0.0,36.828125,0.0,0.0,0.0,32.80859375,0.0,0.0,31.0859375,0.0,5.3372344970703125
47.706,-0.0,0.0,0.0,0.0,0.0,-0.0,-0.0,0.0,0.0,0.0,33.0,0.0,0.0,0.0,36.0625,0.0,0.0,0.0,37.2109375,0.0,0.0,0.0,32.80859375,0.0,0.0,31.0859375,0.0,5.3372344970703125
47.878,-0.0,0.0,0.0,0.0,0.0,-0.0,-0.0,0.0,0.0,0.0,31.8515625,0.0,0.0,0.0,35.87109375,0.0,0.0,0.0,37.01953125,0.0,0.0,0.0,32.80859375,0.0,0.0,31.46875,0.0,5.3372344970703125
48.044,-0.0,0.0,0.0,0.0,0.0,-0.0,-0.0,0.0,0.0,0.0,33.0,0.0,0.0,0.0,35.87109375,0.0,0.0,0.0,37.01953125,0.0,0.0,0.0,32.80859375,0.0,0.0,31.0859375,0.0,5.3372344970703125
48.209,-0.0,0.0,0.0,0.0,0.0,-0.0,-0.0,0.0,0.0,0.0,32.80859375,0.0,0.0,0.0,36.25390625,0.0,0.0,0.0,37.40234375,0.0,0.0,0.0,32.6171875,0.0,0.0,31.46875,0.0,5.3372344970703125
48.385,-0.0,0.0,0.0,0.0,0.0,-0.0,-0.0,0.0,0.0,0.0,32.80859375,0.0,0.0,0.0,35.296875,0.0,0.0,0.0,37.01953125,0.0,0.0,0.0,33.19140625,0.0,0.0,30.703125,0.0,5.347015380859375
48.551,-0.0,0.0,0.0,0.0,0.0,-0.0,-0.0,0.0,0.0,0.0,32.6171875,0.0,0.0,0.0,36.0625,0.0,0.0,0.0,37.2109375,0.0,0.0,0.0,32.6171875,0.0,0.0,31.27734375,0.0,5.3372344970703125
48.722,-0.0,0.0,0.0,0.0,0.0,-0.0,-0.0,0.0,0.0,0.0,32.42578125,0.0,0.0,0.0,35.87109375,0.0,0.0,0.0,36.828125,0.0,0.0,0.0,33.0,0.0,0.0,31.27734375,0.0,5.3372344970703125
48.897,-0.0,0.0,0.0,0.0,0.0,-0.0,-0.0,0.0,0.0,0.0,32.80859375,0.0,0.0,0.0,36.63671875,0.0,0.0,0.0,37.40234375,0.0,0.0,0.0,33.57421875,0.0,0.0,32.6171875,0.0,5.3372344970703125
49.057,-0.0,0.0,0.0,0.0,0.0,-0.0,-0.0,0.0,0.0,0.0,33.19140625,0.0,0.0,0.0,36.25390625,0.0,0.0,0.0,37.01953125,0.0,0.0,0.0,32.6171875,0.0,0.0,30.89453125,0.0,5.31768798828125
49.217,-0.0,0.0,0.0,0.0,0.0,-0.0,-0.0,0.0,0.0,0.0,32.80859375,0.0,0.0,0.0,36.0625,0.0,0.0,0.0,37.40234375,0.0,0.0,0.0,32.42578125,0.0,0.0,31.0859375,0.0,5.32745361328125
49.379,-0.0,0.0,0.0,0.0,0.0,-0.0,-0.0,0.0,0.0,0.0,33.19140625,0.0,0.0,0.0,35.6796875,0.0,0.0,0.0,37.2109375,0.0,0.0,0.0,32.80859375,0.0,0.0,31.0859375,0.0,5.3372344970703125
49.538,-0.0,0.0,0.0,0.0,0.0,-0.0,-0.0,0.0,0.0,0.0,32.80859375,0.0,0.0,0.0,36.4453125,0.0,0.0,0.0,37.01953125,0.0,0.0,0.0,32.234375,0.0,0.0,31.46875,0.0,5.32745361328125
49.705,-0.0,0.0,0.0,0.0,0.0,-0.0,-0.0,0.0,0.0,0.0,32.80859375,0.0,0.0,0.0,36.0625,0.0,0.0,0.0,37.2109375,0.0,0.0,0.0,33.19140625,0.0,0.0,31.27734375,0.0,5.3372344970703125
49.867,-0.0,0.0,0.0,0.0,0.0,-0.0,-0.0,0.0,0.0,0.0,33.19140625,0.0,0.0,0.0,35.6796875,0.0,0.0,0.0,37.01953125,0.0,0.0,0.0,32.6171875,0.0,0.0,31.66015625,0.0,5.3372344970703125
50.025,-0.0,0.0,0.0,0.0,0.0,-0.0,-0.0,0.0,0.0,0.0,33.0,0.0,0.0,0.0,36.25390625,0.0,0.0,0.0,37.2109375,0.0,0.0,0.0,33.3828125,0.0,0.0,31.0859375,0.0,5.3372344970703125
50.187,-0.0,0.0,0.0,0.0,0.0,-0.0,-0.0,0.0,0.0,0.0,32.80859375,0.0,0.0,0.0,35.87109375,0.0,0.0,0.0,37.01953125,0.0,0.0,0.0,32.04296875,0.0,0.0,31.0859375,0.0,5.3372344970703125
50.344,-0.0,0.0,0.0,0.0,0.0,-0.0,-0.0,0.0,0.0,0.0,33.19140625,0.0,0.0,0.0,36.828125,0.0,0.0,0.0,37.2109375,0.0,0.0,0.0,32.80859375,0.0,0.0,30.51171875,0.0,5.3372344970703125
50.523,-0.0,0.0,0.0,0.0,0.0,-0.0,-0.0,0.0,0.0,0.0,33.0,0.0,0.0,0.0,36.4453125,0.0,0.0,0.0,36.828125,0.0,0.0,0.0,32.80859375,0.0,0.0,30.703125,0.0,5.3372344970703125
50.691,-0.0,0.0,0.0,0.0,0.0,-0.0,-0.0,0.0,0.0,0.0,33.0,0.0,0.0,0.0,36.25390625,0.0,0.0,0.0,36.828125,0.0,0.0,0.0,32.80859375,0.0,0.0,31.0859375,0.0,5.3372344970703125
50.865,-0.0,0.0,0.0,0.0,0.0,-0.0,-0.0,0.0,0.0,0.0,32.6171875,0.0,0.0,0.0,35.6796875,0.0,0.0,0.0,37.01953125,0.0,0.0,0.0,32.80859375,0.0,0.0,31.27734375,0.0,5.3372344970703125
51.028,-0.0,0.0,0.0,0.0,0.0,-0.0,-0.0,0.0,0.0,0.0,32.6171875,0.0,0.0,0.0,36.4453125,0.0,0.0,0.0,37.2109375,0.0,0.0,0.0,32.04296875,0.0,0.0,31.27734375,0.0,5.3372344970703125
51.199,-0.0,0.0,0.0,0.0,0.0,-0.0,-0.0,0.0,0.0,0.0,33.0,0.0,0.0,0.0,35.87109375,0.0,0.0,0.0,36.828125,0.0,0.0,0.0,32.80859375,0.0,0.0,31.46875,0.0,5.3372344970703125
51.358,-0.0,0.0,0.0,0.0,0.0,-0.0,-0.0,0.0,0.0,0.0,32.42578125,0.0,0.0,0.0,36.25390625,0.0,0.0,0.0,37.2109375,0.0,0.0,0.0,32.80859375,0.0,0.0,31.0859375,0.0,5.32745361328125
51.52,-0.0,0.0,0.0,0.0,0.0,-0.0,-0.0,0.0,0.0,0.0,33.0,0.0,0.0,0.0,35.6796875,0.0,0.0,0.0,37.2109375,0.0,0.0,0.0,32.6171875,0.0,0.0,31.0859375,0.0,5.32745361328125
51.677,-0.0,0.0,0.0,0.0,0.0,-0.0,-0.0,0.0,0.0,0.0,32.6171875,0.0,0.0,0.0,36.25390625,0.0,0.0,0.0,36.63671875,0.0,0.0,0.0,32.04296875,0.0,0.0,31.66015625,0.0,5.3372344970703125
51.841,-0.0,0.0,0.0,0.0,0.0,-0.0,-0.0,0.0,0.0,0.0,33.95703125,0.0,0.0,0.0,36.4453125,0.0,0.0,0.0,36.828125,0.0,0.0,0.0,32.42578125,0.0,0.0,31.0859375,0.0,5.32745361328125
52.007,-0.0,0.0,0.0,0.0,0.0,-0.0,-0.0,0.0,0.0,0.0,33.3828125,0.0,0.0,0.0,35.6796875,0.0,0.0,0.0,36.828125,0.0,0.0,0.0,33.0,0.0,0.0,31.46875,0.0,5.3372344970703125
52.167,-0.0,0.0,0.0,0.0,0.0,-0.0,-0.0,0.0,0.0,0.0,32.6171875,0.0,0.0,0.0,36.0625,0.0,0.0,0.0,36.828125,0.0,0.0,0.0,33.57421875,0.0,0.0,30.51171875,0.0,5.3372344970703125
52.338,-0.0,0.0,0.0,0.0,0.0,-0.0,-0.0,0.0,0.0,0.0,32.80859375,0.0,0.0,0.0,36.25390625,0.0,0.0,0.0,37.2109375,0.0,0.0,0.0,32.80859375,0.0,0.0,31.0859375,0.0,5.347015380859375
52.5,-0.0,0.0,0.0,0.0,0.0,-0.0,-0.0,0.0,0.0,0.0,33.3828125,0.0,0.0,0.0,36.4453125,0.0,0.0,0.0,37.2109375,0.0,0.0,0.0,32.80859375,0.0,0.0,31.0859375,0.0,5.3372344970703125
52.672,-0.0,0.0,0.0,0.0,0.0,-0.0,-0.0,0.0,0.0,0.0,32.6171875,0.0,0.0,0.0,36.0625,0.0,0.0,0.0,37.01953125,0.0,0.0,0.0,32.6171875,0.0,0.0,31.46875,0.0,5.3372344970703125
52.848,-0.0,0.0,0.0,0.0,0.0,-0.0,-0.0,0.0,0.0,0.0,32.42578125,0.0,0.0,0.0,36.4453125,0.0,0.0,0.0,37.40234375,0.0,0.0,0.0,33.0,0.0,0.0,32.04296875,0.0,5.3372344970703125
53.007,-0.0,0.0,0.0,0.0,0.0,-0.0,-0.0,0.0,0.0,0.0,33.0,0.0,0.0,0.0,36.4453125,0.0,0.0,0.0,37.01953125,0.0,0.0,0.0,33.0,0.0,0.0,31.0859375,0.0,5.347015380859375
53.166,-0.0,0.0,0.0,0.0,0.0,-0.0,-0.0,0.0,0.0,0.0,33.0,0.0,0.0,0.0,35.87109375,0.0,0.0,0.0,37.2109375,0.0,0.0,0.0,32.80859375,0.0,0.0,31.66015625,0.0,5.3372344970703125
53.337,-0.0,0.0,0.0,0.0,0.0,-0.0,-0.0,0.0,0.0,0.0,33.0,0.0,0.0,0.0,36.4453125,0.0,0.0,0.0,37.40234375,0.0,0.0,0.0,33.0,0.0,0.0,31.27734375,0.0,5.3372344970703125
53.519,-0.0,0.0,0.0,0.0,0.0,-0.0,-0.0,0.0,0.0,0.0,33.19140625,0.0,0.0,0.0,36.0625,0.0,0.0,0.0,37.40234375,0.0,0.0,0.0,32.6171875,0.0,0.0,31.46875,0.0,5.3372344970703125
53.679,-0.0,0.0,0.0,0.0,0.0,-0.0,-0.0,0.0,0.0,0.0,32.80859375,0.0,0.0,0.0,36.828125,0.0,0.0,0.0,36.63671875,0.0,0.0,0.0,32.6171875,0.0,0.0,30.89453125,0.0,5.32745361328125
53.839,-0.0,0.0,0.0,0.0,0.0,-0.0,-0.0,0.0,0.0,0.0,33.0,0.0,0.0,0.0,36.25390625,0.0,0.0,0.0,37.2109375,0.0,0.0,0.0,32.6171875,0.0,0.0,31.27734375,0.0,5.3372344970703125
54.001,-0.0,0.0,0.0,0.0,0.0,-0.0,-0.0,0.0,0.0,0.0,33.0,0.0,0.0,0.0,36.4453125,0.0,0.0,0.0,36.63671875,0.0,0.0,0.0,32.80859375,0.0,0.0,30.12890625,0.0,5.3372344970703125
54.159,-0.0,0.0,0.0,0.0,0.0,-0.0,-0.0,0.0,0.0,0.0,33.19140625,0.0,0.0,0.0,36.63671875,0.0,0.0,0.0,37.40234375,0.0,0.0,0.0,33.3828125,0.0,0.0,30.89453125,0.0,5.3372344970703125
54.328,-0.0,0.0,0.0,0.0,0.0,-0.0,-0.0,0.0,0.0,0.0,33.3828125,0.0,0.0,0.0,36.4453125,0.0,0.0,0.0,37.40234375,0.0,0.0,0.0,32.6171875,0.0,0.0,31.66015625,0.0,5.3372344970703125
54.499,-0.0,0.0,0.0,0.0,0.0,-0.0,-0.0,0.0,0.0,0.0,33.19140625,0.0,0.0,0.0,36.0625,0.0,0.0,0.0,37.2109375,0.0,0.0,0.0,32.80859375,0.0,0.0,31.27734375,0.0,5.3372344970703125
54.659,-0.0,0.0,0.0,0.0,0.0,-0.0,-0.0,0.0,0.0,0.0,33.0,0.0,0.0,0.0,35.87109375,0.0,0.0,0.0,37.01953125,0.0,0.0,0.0,32.80859375,0.0,0.0,31.66015625,0.0,5.3372344970703125
54.838,-0.0,0.0,0.0,0.0,0.0,-0.0,-0.0,0.0,0.0,0.0,32.80859375,0.0,0.0,0.0,36.0625,0.0,0.0,0.0,37.40234375,0.0,0.0,0.0,33.0,0.0,0.0,31.0859375,0.0,5.3372344970703125
55.001,-0.0,0.0,0.0,0.0,0.0,-0.0,-0.0,0.0,0.0,0.0,32.80859375,0.0,0.0,0.0,35.48828125,0.0,0.0,0.0,36.63671875,0.0,0.0,0.0,33.0,0.0,0.0,31.46875,0.0,5.3372344970703125
55.166,-0.0,0.0,0.0,0.0,0.0,-0.0,-0.0,0.0,0.0,0.0,32.6171875,0.0,0.0,0.0,36.25390625,0.0,0.0,0.0,37.01953125,0.0,0.0,0.0,32.80859375,0.0,0.0,31.27734375,0.0,5.3372344970703125
55.326,-0.0,0.0,0.0,0.0,0.0,-0.0,-0.0,0.0,0.0,0.0,32.80859375,0.0,0.0,0.0,35.87109375,0.0,0.0,0.0,37.01953125,0.0,0.0,0.0,33.19140625,0.0,0.0,30.703125,0.0,5.3372344970703125
55.486,-0.0,0.0,0.0,0.0,0.0,-0.0,-0.0,0.0,0.0,0.0,32.80859375,0.0,0.0,0.0,35.87109375,0.0,0.0,0.0,37.2109375,0.0,0.0,0.0,32.6171875,0.0,0.0,30.703125,0.0,5.3372344970703125
55.657,-0.0,0.0,0.0,0.0,0.0,-0.0,-0.0,0.0,0.0,0.0,32.80859375,0.0,0.0,0.0,36.0625,0.0,0.0,0.0,37.01953125,0.0,0.0,0.0,32.80859375,0.0,0.0,31.27734375,0.0,5.3372344970703125
55.821,-0.0,0.0,0.0,0.0,0.0,-0.0,-0.0,0.0,0.0,0.0,33.765625,0.0,0.0,0.0,35.87109375,0.0,0.0,0.0,37.78515625,0.0,0.0,0.0,32.80859375,0.0,0.0,31.8515625,0.0,5.3372344970703125
55.979,-0.0,0.0,0.0,0.0,0.0,-0.0,-0.0,0.0,0.0,0.0,33.19140625,0.0,0.0,0.0,35.6796875,0.0,0.0,0.0,37.2109375,0.0,0.0,0.0,32.80859375,0.0,0.0,31.27734375,0.0,5.3372344970703125
56.145,-0.0,0.0,0.0,0.0,0.0,-0.0,-0.0,0.0,0.0,0.0,33.19140625,0.0,0.0,0.0,36.25390625,0.0,0.0,0.0,37.01953125,0.0,0.0,0.0,32.80859375,0.0,0.0,31.46875,0.0,5.32745361328125
56.319,-0.0,0.0,0.0,0.0,0.0,-0.0,-0.0,0.0,0.0,0.0,32.80859375,0.0,0.0,0.0,36.4453125,0.0,0.0,0.0,37.2109375,0.0,0.0,0.0,32.80859375,0.0,0.0,30.703125,0.0,5.3372344970703125
56.502,-0.0,0.0,0.0,0.0,0.0,-0.0,-0.0,0.0,0.0,0.0,32.80859375,0.0,0.0,0.0,36.25390625,0.0,0.0,0.0,37.2109375,0.0,0.0,0.0,32.80859375,0.0,0.0,31.46875,0.0,5.3372344970703125
56.669,-0.0,0.0,0.0,0.0,0.0,-0.0,-0.0,0.0,0.0,0.0,32.80859375,0.0,0.0,0.0,36.4453125,0.0,0.0,0.0,36.828125,0.0,0.0,0.0,33.3828125,0.0,0.0,31.8515625,0.0,5.3372344970703125
56.839,-0.0,0.0,0.0,0.0,0.0,-0.0,-0.0,0.0,0.0,0.0,33.57421875,0.0,0.0,0.0,36.0625,0.0,0.0,0.0,36.828125,0.0,0.0,0.0,33.19140625,0.0,0.0,31.27734375,0.0,5.3372344970703125
57.0,-0.0,0.0,0.07874015748031496,0.0,0.0,-0.0,-0.0,0.0,0.0,0.0,32.234375,0.0,0.0,0.0,36.25390625,0.0,0.0,0.0,37.01953125,0.0,0.0,0.0,33.3828125,0.0,0.0,31.46875,0.0,5.3372344970703125
57.161,-0.0,0.0,0.13385826771653545,0.0,0.0,-0.0,-0.0,0.0,0.0,0.0,34.1484375,0.0,0.0,0.0,36.0625,0.0,0.0,0.0,37.40234375,0.0,0.0,0.0,32.80859375,0.0,0.0,31.27734375,0.0,5.3372344970703125
57.32,-0.0,0.0,0.13385826771653545,0.0,0.0,-0.0,-0.0,0.0,0.0,0.0,33.95703125,0.0,0.0,0.0,35.48828125,0.0,0.0,0.0,37.01953125,0.0,0.0,0.0,32.6171875,0.0,0.0,29.9375,0.0,5.3372344970703125
57.479,-0.0,0.0,0.16535433070866143,0.0,0.0,-0.0,-0.0,0.0,0.0,0.0,32.42578125,0.0,0.0,0.0,35.6796875,0.0,0.0,0.0,37.01953125,0.0,0.0,0.0,32.80859375,0.0,0.0,31.27734375,0.0,5.3372344970703125
57.648,-0.0,0.0,0.1889763779527559,0.0,0.0,-0.0,-0.0,0.0,0.0,0.0,32.6171875,0.0,0.0,0.0,36.25390625,0.0,0.0,0.0,37.2109375,0.0,0.0,0.0,33.19140625,0.0,0.0,31.66015625,0.0,5.3372344970703125
57.807,-0.0,0.0,0.2992125984251969,0.04820866141732283,0.19588582677165356,0.19588582677165356,0.04820866141732283,0.0,0.0,0.0,31.66015625,0.0,2.4765625,14.38671875,36.0625,0.0,2.296875,15.69921875,36.828125,0.0,0.0,0.0,32.80859375,0.0,0.0,30.89453125,0.0,5.3372344970703125
57.977,-0.0,0.0,0.33070866141732286,0.06531496062992126,0.2653937007874016,0.2653937007874016,0.06531496062992126,0.0,0.79296875,15.04296875,33.0,0.0,3.3671875,18.1953125,35.6796875,0.0,3.00390625,21.08203125,36.63671875,0.0,0.7890625,0.0,33.765625,0.0,0.0,31.27734375,0.0,5.347015380859375
58.148,-0.0,0.0,0.3464566929133858,0.06531496062992126,0.2653937007874016,0.2653937007874016,0.06531496062992126,0.0,0.796875,11.890625,33.3828125,0.0,3.3671875,18.1953125,35.87109375,0.0,3.01171875,20.55859375,36.4453125,0.0,0.7890625,0.0,33.3828125,0.0,0.0,31.0859375,0.0,5.2981414794921875
58.322,-0.0,0.0,0.5039370078740157,0.07309055118110236,0.29698818897637796,0.29698818897637796,0.07309055118110236,0.0,0.8828125,10.7109375,32.80859375,0.0,3.6640625,20.296875,35.6796875,0.0,3.30859375,24.49609375,36.63671875,0.0,0.8671875,0.0,33.19140625,0.0,0.0,30.3203125,0.0,5.3372344970703125
58.5,-0.0,0.0,0.5905511811023622,0.10263779527559055,0.4170472440944881,0.4170472440944881,0.10263779527559055,0.0,1.2109375,10.4453125,33.57421875,0.0,4.6328125,24.890625,35.296875,14.188323974609375,4.39453125,30.80078125,36.4453125,0.0,1.1796875,8.4765625,31.8515625,0.0,0.0,31.66015625,0.0,5.3372344970703125
58.679,-0.0,0.0,0.4645669291338583,0.11663385826771655,0.4739173228346456,0.4739173228346456,0.11663385826771655,0.0,1.3671875,9.52734375,32.80859375,0.0,5.39453125,24.49609375,35.48828125,64.64646911621094,5.09765625,27.125,36.0625,0.0,1.3828125,7.55859375,33.19140625,0.0,0.0,32.234375,0.0,5.3763427734375
58.859,-0.0,0.0,0.0,0.06842519685039372,0.2780314960629921,0.2780314960629921,0.06842519685039372,0.0,0.8359375,8.4765625,33.765625,0.0,3.53515625,15.4375,35.87109375,35.793853759765625,3.22265625,17.5390625,37.01953125,0.0,0.84765625,0.0,33.19140625,0.0,0.0,31.0859375,0.0,5.3372344970703125
59.027,-0.0,0.0,0.06299212598425197,0.0,0.0,-0.0,-0.0,0.0,0.0,0.0,32.6171875,0.0,0.0,0.0,35.296875,0.0,0.0,0.0,37.2109375,0.0,0.0,0.0,32.80859375,0.0,0.0,30.703125,0.0,5.3372344970703125
59.197,-0.0,0.0,0.0,0.0,0.0,-0.0,-0.0,0.0,0.0,0.0,33.57421875,0.0,0.0,0.0,35.87109375,-7.138885498046875,0.0,0.0,37.40234375,0.0,0.0,0.0,32.6171875,0.0,0.0,31.46875,0.0,5.3372344970703125
59.358,-0.0,0.0,-0.0390625,0.0,0.0,-0.0,-0.0,0.0,0.0,0.0,32.42578125,0.0,0.0,0.0,36.25390625,0.0,0.0,0.0,37.2109375,0.0,0.0,0.0,32.6171875,0.0,0.0,31.66015625,0.0,5.3372344970703125
59.538,-0.0,0.0,-0.0390625,0.0,0.0,-0.0,-0.0,0.0,0.0,0.0,33.0,0.0,0.0,0.0,36.25390625,0.0,0.0,0.0,37.01953125,0.0,0.0,0.0,32.6171875,0.0,0.0,30.3203125,0.0,5.3372344970703125
59.707,-0.0,0.0,-0.0390625,0.0,0.0,-0.0,-0.0,0.0,0.0,0.0,33.3828125,0.0,0.0,0.0,35.48828125,0.0,0.0,0.0,37.01953125,0.0,0.0,0.0,32.6171875,0.0,0.0,30.89453125,0.0,5.3372344970703125
59.877,-0.0,0.0,-0.0390625,0.0,0.0,-0.0,-0.0,0.0,0.0,0.0,32.80859375,0.0,0.0,0.0,35.87109375,0.0,0.0,0.0,37.2109375,0.0,0.0,0.0,32.80859375,0.0,0.0,31.0859375,0.0,5.3372344970703125
60.038,-0.0,0.0,-0.0390625,0.0,0.0,-0.0,-0.0,0.0,0.0,0.0,32.80859375,0.0,0.0,0.0,37.2109375,0.0,0.0,0.0,36.828125,0.0,0.0,0.0,32.80859375,0.0,0.0,31.0859375,0.0,5.3372344970703125
60.205,-0.0,0.0,-0.0390625,0.0,0.0,-0.0,-0.0,0.0,0.0,0.0,32.80859375,0.0,0.0,0.0,36.0625,0.0,0.0,0.0,37.40234375,0.0,0.0,0.0,33.0,0.0,0.0,32.42578125,0.0,5.347015380859375
