Timestamp,Driver_Joy_Y,Driver_Joy_X,Driver_Joy_W,Mecanum_FL,Mecanum_BL,Mecanum_BR,Mecanum_FR,FL_Jag_Speed,FL_Out_Voltage,FL_Out_Current,FL_Temp,BL_Jag_Speed,BL_Out_Voltage,BL_Out_Current,BL_Temp,BR_Jag_Speed,BR_Out_Voltage,BR_Out_Current,BR_Temp,FR_Jag_Speed,FR_Out_Voltage,FR_Out_Current,FR_Temp,Pickup_Out_Voltage,Pickup_Out_Current,Pickup_Temp,SH1_Out_Voltage,SH1_Out_Current,SH1_Temp,SH2_Out_Voltage,SH2_Out_Current,SH2_Temp,SHmain_Speed,SHmain_Angle
0.0060,0.0078125,-0.0234375,0.0,0.0,0.0,-0.0,-0.0,0.0,0.0,0.0,38.7421875,0.0,0.0,0.0,41.0390625,0.0,0.0,0.0,42.76171875,0.0,0.0,0.0,39.890625,0.0,0.0,31.0859375,0.0,5.601165771484375
0.173,0.0078125,-0.0234375,0.0,0.0,0.0,-0.0,-0.0,0.0,0.0,0.0,38.93359375,0.0,0.0,0.0,40.2734375,0.0,0.0,0.0,42.37890625,0.0,0.0,0.0,39.890625,0.0,0.0,31.66015625,0.0,5.601165771484375
0.34,0.0078125,-0.0234375,0.0,0.0,0.0,-0.0,-0.0,0.0,0.0,0.0,38.7421875,0.0,0.0,0.0,40.84765625,0.0,0.0,0.0,42.76171875,0.0,0.0,0.0,39.69921875,0.0,0.0,30.3203125,0.0,5.601165771484375
0.502,-0.03937007874015748,-0.0234375,0.0,0.0,0.0,-0.0,-0.0,0.0,0.0,0.0,38.55078125,0.0,0.0,0.0,41.23046875,0.0,0.0,0.0,42.76171875,0.0,0.0,0.0,39.5078125,0.0,0.0,30.3203125,0.0,5.601165771484375
0.662,-0.03937007874015748,-0.0234375,0.0,0.0,0.0,-0.0,-0.0,0.0,0.0,0.0,37.9765625,0.0,0.0,0.0,41.0390625,0.0,0.0,0.0,42.76171875,0.0,0.0,0.0,39.5078125,0.0,0.0,30.89453125,0.0,5.6109466552734375
0.834,-0.03937007874015748,-0.0234375,0.0,0.0,0.0,-0.0,-0.0,0.0,0.0,0.0,38.55078125,0.0,0.0,0.0,40.65625,0.0,0.0,0.0,42.5703125,0.0,0.0,0.0,39.5078125,0.0,0.0,30.3203125,0.0,5.601165771484375
0.996,-0.03937007874015748,-0.0234375,0.0,0.0,0.0,-0.0,-0.0,0.0,0.0,0.0,38.16796875,0.0,0.0,0.0,40.84765625,0.0,0.0,0.0,42.953125,0.0,0.0,0.0,39.890625,0.0,0.0,29.9375,0.0,5.601165771484375
1.162,-0.03937007874015748,-0.0234375,0.0,0.0,0.0,-0.0,-0.0,0.0,0.0,0.0,38.55078125,0.0,0.0,0.0,41.23046875,0.0,0.0,0.0,42.5703125,0.0,0.0,0.0,39.890625,0.0,0.0,30.51171875,0.0,5.601165771484375
1.32,-0.03937007874015748,-0.0234375,0.0,0.0,0.0,-0.0,-0.0,0.0,0.0,0.0,38.359375,0.0,0.0,0.0,40.84765625,0.0,0.0,0.0,42.76171875,0.0,0.0,0.0,39.890625,0.0,0.0,30.89453125,0.0,5.601165771484375
1.488,-0.03937007874015748,-0.0234375,0.0,0.0,0.0,-0.0,-0.0,0.0,0.0,0.0,38.55078125,0.0,0.0,0.0,40.84765625,0.0,0.0,0.0,43.14453125,0.0,0.0,0.0,39.890625,0.0,0.0,30.703125,0.0,5.601165771484375
1.661,-0.03937007874015748,-0.0234375,0.0,0.0,0.0,-0.0,-0.0,0.0,0.0,0.0,38.7421875,0.0,0.0,0.0,41.23046875,0.0,0.0,0.0,42.953125,0.0,0.0,0.0,39.69921875,0.0,0.0,30.703125,0.0,5.601165771484375
1.835,-0.03937007874015748,-0.0234375,0.0,0.0,0.0,-0.0,-0.0,0.0,0.0,0.0,38.359375,0.0,0.0,0.0,40.46484375,0.0,0.0,0.0,42.5703125,0.0,0.0,0.0,40.08203125,0.0,0.0,30.703125,0.0,5.601165771484375
2.003,-0.09448818897637795,-0.0234375,0.0,0.0,0.0,-0.0,-0.0,0.0,0.0,0.0,38.93359375,0.0,0.0,0.0,40.65625,0.0,0.0,0.0,42.953125,0.0,0.0,0.0,39.69921875,0.0,0.0,30.3203125,0.0,5.601165771484375
2.172,-0.06299212598425197,-0.0234375,0.0,0.0,0.0,-0.0,-0.0,0.0,0.0,0.0,38.93359375,0.0,0.0,0.0,41.0390625,0.0,0.0,0.0,42.76171875,0.0,0.0,0.0,39.5078125,0.0,0.0,30.703125,0.0,5.601165771484375
2.34,-0.06299212598425197,-0.0234375,0.0,0.0,0.0,-0.0,-0.0,0.0,0.0,0.0,37.9765625,0.0,0.0,0.0,40.84765625,0.0,0.0,0.0,42.5703125,0.0,0.0,0.0,40.08203125,0.0,0.0,29.74609375,0.0,5.601165771484375
2.514,-0.06299212598425197,-0.0234375,0.0,0.0,0.0,-0.0,-0.0,0.0,0.0,0.0,39.125,0.0,0.0,0.0,41.0390625,0.0,0.0,0.0,42.953125,0.0,0.0,0.0,39.890625,0.0,0.0,30.3203125,0.0,5.6109466552734375
2.674,-0.0,-0.0234375,0.0,0.0,0.0,-0.0,-0.0,0.0,0.0,0.0,38.359375,0.0,0.0,0.0,41.23046875,0.0,0.0,0.0,42.76171875,0.0,0.0,0.0,39.69921875,0.0,0.0,29.74609375,0.0,5.601165771484375
2.835,-0.0,-0.0234375,0.0,0.0,0.0,-0.0,-0.0,0.0,0.0,0.0,38.93359375,0.0,0.0,0.0,41.23046875,0.0,0.0,0.0,43.14453125,0.0,0.0,0.0,39.5078125,0.0,0.0,30.89453125,0.0,5.601165771484375
2.995,-0.0,-0.0234375,0.0,0.0,0.0,-0.0,-0.0,0.0,0.0,0.0,38.7421875,0.0,0.0,0.0,40.65625,0.0,0.0,0.0,42.953125,0.0,0.0,0.0,39.69921875,0.0,0.0,30.51171875,0.0,5.601165771484375
3.156,-0.0,-0.0234375,0.0,0.0,0.0,-0.0,-0.0,0.0,0.0,0.0,38.55078125,0.0,0.0,0.0,41.0390625,0.0,0.0,0.0,42.5703125,0.0,0.0,0.0,39.890625,0.0,0.0,30.703125,0.0,5.6109466552734375
3.315,0.0078125,-0.0234375,0.0,0.0,0.0,-0.0,-0.0,0.0,0.0,0.0,38.55078125,0.0,0.0,0.0,41.0390625,0.0,0.0,0.0,42.5703125,0.0,0.0,0.0,39.5078125,0.0,0.0,30.51171875,0.0,5.601165771484375
3.48,0.0078125,-0.046875,0.0,0.0,0.0,-0.0,-0.0,0.0,0.0,0.0,37.59375,0.0,0.0,0.0,41.0390625,0.0,0.0,0.0,42.5703125,0.0,0.0,0.0,39.31640625,0.0,0.0,30.12890625,0.0,5.601165771484375
3.643,0.0078125,-0.265625,0.0,0.0,0.0,-0.0,-0.0,0.0,0.0,0.0,39.69921875,0.0,0.0,0.0,41.0390625,0.0,0.0,0.0,43.3359375,0.0,0.0,0.0,40.08203125,0.0,0.0,30.3203125,0.0,5.6500396728515625
3.804,0.078125,-0.4453125,0.0,0.38281250000000006,-0.38281249999999994,-0.38281250000000006,0.38281249999999994,-18.409393310546875,4.22265625,7.8203125,38.16796875,0.0,-4.06640625,19.11328125,40.08203125,-7.716522216796875,-3.86328125,29.75,43.52734375,0.0,3.8046875,25.0234375,39.125,0.0,0.0,30.89453125,0.0,5.5913848876953125
3.993,0.1015625,-0.5390625,0.0,0.44531250000000006,-0.44531249999999994,-0.44531250000000006,0.44531249999999994,-62.09571838378906,4.6015625,14.51953125,36.828125,0.0,-4.57421875,21.87109375,40.08203125,11.653732299804688,-4.32421875,33.6875,42.76171875,0.0,4.3203125,26.9921875,39.125,0.0,0.0,30.3203125,0.0,5.601165771484375
4.178,0.0390625,-0.4453125,0.0,0.5249227405205258,-0.4567333880007752,-0.5249227405205258,0.4567333880007752,-30.45660400390625,5.29296875,12.6796875,37.2109375,0.0,-4.609375,20.296875,40.46484375,0.0,-4.91015625,39.859375,42.953125,0.0,4.31640625,28.3046875,38.55078125,0.0,0.0,30.89453125,0.0,5.6207122802734375
4.356,0.0078125,-0.5,0.0,0.48437500000000006,-0.48437499999999994,-0.48437500000000006,0.48437499999999994,-15.392745971679688,4.98828125,9.00390625,37.59375,0.0,-4.85546875,20.6875,40.2734375,0.0,-4.58203125,34.73828125,42.37890625,0.0,4.51171875,26.9921875,39.125,0.0,0.0,30.3203125,0.0,5.5816192626953125
4.546,-0.0,-0.6015625,0.0,0.5000000000000001,-0.49999999999999994,-0.5000000000000001,0.49999999999999994,-57.82783508300781,5.1484375,5.58984375,38.16796875,0.0,-5.1171875,20.1640625,41.23046875,-11.462539672851562,-4.7109375,34.4765625,42.5703125,0.0,4.48046875,28.4375,38.359375,0.0,0.0,30.51171875,0.0,5.6207122802734375
4.719,-0.12598425196850394,-0.8828125,0.0,0.6640625000000001,-0.6640624999999999,-0.6640625000000001,0.6640624999999999,-44.36997985839844,6.32421875,8.87109375,38.55078125,0.0,-6.1171875,25.0234375,40.46484375,-25.914779663085938,-5.51171875,37.49609375,42.76171875,0.0,5.0390625,25.6796875,38.16796875,0.0,0.0,29.5546875,0.0,5.5913848876953125
4.884,-0.16535433070866143,-1.0,0.0,0.7966715035303001,-1.0,-0.7966715035303001,1.0,-46.74205017089844,6.46875,14.125,39.31640625,0.0,-7.41796875,36.70703125,40.08203125,-9.702041625976562,-5.8828125,37.7578125,42.5703125,0.0,7.51953125,31.45703125,39.125,0.0,0.0,30.51171875,0.0,5.601165771484375
5.056,-0.1968503937007874,-0.5,0.0,0.8144778566723202,-1.0,-0.8144778566723202,1.0,-18.8896484375,6.23828125,22.265625,37.78515625,0.0,-7.8046875,32.90234375,40.84765625,-24.048095703125,-6.15625,42.87890625,42.76171875,0.0,8.46875,38.94140625,39.69921875,0.0,0.0,30.89453125,0.0,5.5816192626953125
5.236,-0.007874015748031496,-0.046875,0.0,0.11023622047244097,0.11023622047244092,-0.11023622047244097,-0.11023622047244092,-5.0245819091796875,1.27734375,4.5390625,38.359375,0.0,1.2734375,8.87109375,40.46484375,20.687423706054688,-1.296875,8.87109375,42.953125,0.0,-1.29296875,8.609375,40.08203125,0.0,0.0,30.51171875,0.0,5.601165771484375
5.417,-0.07874015748031496,-0.046875,0.0,0.0,0.0,-0.0,-0.0,-4.5044708251953125,0.0,0.0,38.55078125,0.0,0.0,0.0,40.65625,2.8602294921875,0.0,0.0,42.953125,0.0,0.0,0.0,39.890625,0.0,0.0,30.51171875,0.0,5.601165771484375
5.596,-0.09448818897637795,-0.0625,0.0,0.0,0.0,-0.0,-0.0,2.5475616455078125,0.0,0.0,38.16796875,0.0,0.0,0.0,40.65625,-14.6031494140625,0.0,0.0,42.5703125,0.0,0.0,0.0,39.69921875,0.0,0.0,30.89453125,0.0,5.601165771484375
5.757,-0.11023622047244094,-0.0859375,0.0,0.0,0.0,-0.0,-0.0,0.0,0.0,0.0,38.7421875,0.0,0.0,0.0,41.23046875,3.659271240234375,0.0,0.0,43.3359375,0.0,0.0,0.0,39.69921875,0.0,0.0,31.0859375,0.0,5.5913848876953125
5.934,-0.12598425196850394,-0.1015625,0.0,0.11023622047244097,0.11023622047244092,-0.11023622047244097,-0.11023622047244092,-23.794906616210938,1.30859375,4.40625,37.59375,0.0,1.30859375,10.578125,39.890625,0.0,-1.30859375,7.42578125,42.953125,0.0,-1.30859375,7.03125,40.2734375,0.0,0.0,30.3203125,0.0,5.601165771484375
6.101,-0.12598425196850394,-0.046875,0.0,0.23152202719785991,-0.012617399349853078,-0.23152202719785991,0.012617399349853078,-19.949600219726562,2.734375,4.40625,38.7421875,0.0,0.0,0.0,40.46484375,-6.4735565185546875,-2.6796875,15.83203125,42.953125,0.0,0.0,0.0,39.5078125,0.0,0.0,30.3203125,0.0,5.5913848876953125
6.265,-0.12598425196850394,-0.0078125,0.0,0.12598425196850396,0.1259842519685039,-0.12598425196850396,-0.1259842519685039,-14.959213256835938,1.4765625,12.94140625,37.59375,0.0,1.5078125,11.3671875,40.65625,0.0,-1.484375,9.921875,42.5703125,0.0,-1.484375,12.6796875,39.69921875,0.0,0.0,30.3203125,0.0,5.5913848876953125
6.446,-0.15748031496062992,0.0,0.0,0.12598425196850396,0.1259842519685039,-0.12598425196850396,-0.1259842519685039,-33.82098388671875,1.49609375,3.8828125,38.359375,0.0,1.5,9.1328125,39.5078125,0.0,-1.484375,10.18359375,42.37890625,0.0,-1.4765625,11.62890625,39.5078125,0.0,0.0,30.703125,0.0,5.5913848876953125
6.616,-0.2755905511811024,0.0,0.0,0.18110236220472448,0.18110236220472437,-0.18110236220472448,-0.18110236220472437,-30.101119995117188,2.125,4.14453125,38.359375,0.0,2.1875,12.28515625,39.69921875,0.0,-2.078125,13.9921875,42.76171875,0.0,-2.05078125,17.14453125,39.69921875,0.0,0.0,30.51171875,0.0,5.5620574951171875
6.796,-0.41732283464566927,0.0,0.0,0.33070866141732297,0.33070866141732275,-0.33070866141732297,-0.33070866141732275,-29.48809814453125,3.70703125,4.40625,37.78515625,0.0,3.80078125,16.75,41.421875,-17.697891235351562,-3.5,19.640625,42.76171875,0.0,-3.55859375,20.42578125,39.5078125,0.0,0.0,31.46875,0.0,5.57183837890625
6.957,-0.3464566929133858,0.0,0.0,0.44881889763779537,0.44881889763779514,-0.44881889763779537,-0.44881889763779514,-33.975982666015625,4.65234375,16.6171875,37.2109375,0.0,4.77734375,20.953125,40.46484375,-56.77030944824219,-4.5625,22.265625,43.14453125,0.0,-4.84765625,17.93359375,39.125,0.0,0.0,30.51171875,0.0,5.5816192626953125
7.122,-0.2440944881889764,0.0,0.0,0.33070866141732297,0.33070866141732275,-0.33070866141732297,-0.33070866141732275,-13.44000244140625,3.625,19.76953125,37.9765625,0.0,3.87109375,10.31640625,39.5078125,-111.36244201660156,-3.74609375,10.578125,43.3359375,0.0,-3.76953125,13.73046875,39.890625,0.0,0.0,30.51171875,0.0,5.6109466552734375
7.296,-0.047244094488188976,0.0,0.0,0.18110236220472448,0.18110236220472437,-0.18110236220472448,-0.18110236220472437,-12.60272216796875,2.14453125,4.80078125,38.16796875,0.0,2.125,2.9609375,41.61328125,-113.50871276855469,-2.16015625,2.83203125,42.37890625,0.0,-2.16015625,1.78125,39.5078125,0.0,0.0,30.51171875,0.0,5.601165771484375
7.459,-0.03937007874015748,0.0,0.0,0.0,0.0,-0.0,-0.0,0.0,0.0,0.0,38.93359375,0.0,0.0,0.0,40.84765625,-77.87625122070312,0.0,0.0,42.5703125,0.0,0.0,0.0,39.125,0.0,0.0,30.703125,0.0,5.601165771484375
7.623,-0.023622047244094488,0.0,0.15748031496062992,0.0,0.0,-0.0,-0.0,45.03923034667969,0.0,0.0,38.55078125,0.0,0.0,0.0,40.84765625,-42.81365966796875,0.0,0.0,42.953125,0.0,0.0,0.0,39.31640625,0.0,0.0,30.3203125,0.0,5.601165771484375
7.806,-0.023622047244094488,0.0,0.15748031496062992,0.0,0.0,-0.0,-0.0,-9.734130859375,0.0,0.0,38.55078125,0.0,0.0,0.0,40.84765625,-32.83482360839844,0.0,0.0,42.5703125,0.0,0.0,0.0,38.93359375,0.0,0.0,28.98046875,0.0,5.601165771484375
7.975,-0.023622047244094488,-0.0625,0.15748031496062992,0.0,0.0,-0.0,-0.0,5.2986297607421875,0.0,0.0,38.16796875,0.0,0.0,0.0,41.23046875,-21.150955200195312,0.0,0.0,42.5703125,0.0,0.0,0.0,39.125,0.0,0.0,30.703125,0.0,5.601165771484375
8.135,-0.007874015748031496,-0.0859375,0.15748031496062992,0.0,0.0,-0.0,-0.0,-3.095794677734375,0.0,0.0,38.359375,0.0,0.0,0.0,41.0390625,-8.418228149414062,0.0,0.0,42.953125,0.0,0.0,0.0,39.5078125,0.0,0.0,30.51171875,0.0,5.601165771484375
8.317,-0.0,-0.0859375,0.15748031496062992,0.0,0.0,-0.0,-0.0,0.0,0.0,0.0,38.55078125,0.0,0.0,0.0,41.0390625,12.280136108398438,0.0,0.0,42.37890625,0.0,0.0,0.0,39.69921875,0.0,0.0,30.3203125,0.0,5.601165771484375
8.501,-0.0,-0.1015625,0.1732283464566929,0.0,0.0,-0.0,-0.0,0.0,0.0,0.0,38.359375,0.0,0.0,0.0,41.0390625,7.1006622314453125,0.0,0.0,42.1875,0.0,0.0,0.0,39.5078125,0.0,0.0,30.3203125,0.0,5.601165771484375
8.673,-0.0,-0.1015625,0.2677165354330709,0.10156250000000001,-0.10156249999999999,-0.10156250000000001,0.10156249999999999,0.0,1.19921875,13.203125,37.01953125,0.0,-1.17578125,7.03125,40.65625,-2.57806396484375,-1.19921875,8.21484375,42.76171875,0.0,1.171875,11.234375,38.7421875,0.0,0.0,30.89453125,0.0,5.601165771484375
8.838,-0.0,-0.1015625,0.1968503937007874,0.23542076771653547,0.03229576771653547,0.03229576771653542,0.23542076771653542,0.0,2.6796875,20.42578125,37.2109375,0.0,0.0,0.0,40.65625,4.1337127685546875,0.0,0.0,42.76171875,0.0,2.64453125,18.32421875,39.125,0.0,0.0,30.703125,0.0,5.6207122802734375
9.0,-0.0,-0.1015625,0.0,0.10156250000000001,-0.10156249999999999,-0.10156250000000001,0.10156249999999999,0.0,1.19921875,13.203125,39.125,0.0,-1.171875,7.1640625,41.0390625,3.81890869140625,-1.20703125,9.265625,42.76171875,0.0,1.1875,10.18359375,39.5078125,0.0,0.0,29.5546875,0.0,5.5816192626953125
9.162,-0.0,-0.1015625,-0.0078125,0.10156250000000001,-0.10156249999999999,-0.10156250000000001,0.10156249999999999,0.0,1.19921875,14.38671875,38.16796875,0.0,-1.171875,7.55859375,39.890625,0.0,-1.20703125,8.34765625,42.5703125,0.0,1.18359375,11.234375,38.93359375,0.0,0.0,30.703125,0.0,5.601165771484375
9.334,-0.0,-0.1015625,-0.0546875,0.10156250000000001,-0.10156249999999999,-0.10156250000000001,0.10156249999999999,0.0,1.1953125,14.6484375,37.40234375,0.0,-1.171875,7.69140625,40.65625,0.0,-1.203125,9.1328125,42.5703125,0.0,1.18359375,10.7109375,38.55078125,0.0,0.0,30.51171875,0.0,5.601165771484375
9.501,-0.0,-0.1015625,-0.0546875,0.10156250000000001,-0.10156249999999999,-0.10156250000000001,0.10156249999999999,0.0,1.1953125,14.78125,37.9765625,0.0,-1.16796875,8.34765625,40.2734375,0.0,-1.20703125,8.4765625,42.953125,0.0,1.18359375,11.3671875,38.93359375,0.0,0.0,29.74609375,0.0,5.5913848876953125
9.673,-0.0,-0.1015625,-0.3359375,0.10156250000000001,-0.10156249999999999,-0.10156250000000001,0.10156249999999999,0.0,1.19921875,14.91015625,37.2109375,0.0,-1.17578125,6.640625,40.46484375,0.0,-1.19921875,9.00390625,42.76171875,0.0,1.16015625,9.921875,39.5078125,0.0,0.0,30.703125,0.0,5.5913848876953125
9.853,-0.0,-0.1015625,-0.5703125,-0.11718749999999997,-0.3203125,-0.3203125,-0.11718750000000003,0.0,-1.33984375,12.41796875,37.59375,0.0,-3.59375,16.09375,40.65625,-7.02587890625,-3.5390625,18.45703125,42.76171875,0.0,-1.3359375,7.1640625,40.08203125,0.0,0.0,30.703125,0.0,5.601165771484375
10.023,-0.0,-0.1015625,-0.5859375,-0.19140625,-0.39453125,-0.39453125,-0.19140625,7.3028564453125,-2.15625,10.4453125,37.9765625,0.0,-4.37109375,18.45703125,39.890625,-92.30546569824219,-4.35546875,13.07421875,42.76171875,0.0,-2.18359375,8.609375,39.31640625,0.0,0.0,30.51171875,0.0,5.6109466552734375
10.196,-0.0,-0.1015625,-0.6171875,-0.19921875,-0.40234375,-0.40234375,-0.19921875,-12.799789428710938,-2.25,4.80078125,38.359375,0.0,-4.4140625,17.40625,40.84765625,-7.5274658203125,-4.203125,29.09375,42.5703125,0.0,-2.1875,13.3359375,39.5078125,0.0,0.0,31.0859375,0.0,5.6304931640625
10.375,-0.0,-0.1015625,-0.6171875,-0.20703125,-0.41015625,-0.41015625,-0.20703125,-93.03451538085938,-2.30078125,9.921875,38.7421875,0.0,-4.484375,19.5078125,40.46484375,-6.749237060546875,-4.25390625,27.78125,42.953125,0.0,-2.31640625,7.42578125,39.125,0.0,0.0,29.9375,0.0,5.601165771484375
10.54,-0.0,-0.1015625,-0.6171875,-0.20703125,-0.41015625,-0.41015625,-0.20703125,-75.63223266601562,-2.28515625,8.87109375,37.9765625,0.0,-4.5,17.14453125,40.46484375,-28.344711303710938,-4.37109375,23.578125,42.953125,0.0,-2.31640625,6.76953125,39.5078125,0.0,0.0,30.703125,0.0,5.6304931640625
10.706,-0.0,-0.1015625,-0.6171875,-0.20703125,-0.41015625,-0.41015625,-0.20703125,0.0,-2.33203125,6.5078125,38.359375,0.0,-4.515625,15.17578125,40.65625,-92.55911254882812,-4.45703125,17.14453125,42.953125,0.0,-2.33984375,4.66796875,39.31640625,0.0,0.0,31.46875,0.0,5.6109466552734375
10.887,-0.0,-0.1015625,-0.6171875,-0.20703125,-0.41015625,-0.41015625,-0.20703125,13.11456298828125,-2.33984375,8.73828125,39.31640625,0.0,-4.57421875,16.75,40.2734375,-94.63023376464844,-4.4296875,19.11328125,42.5703125,0.0,-2.3515625,4.80078125,39.69921875,0.0,0.0,29.9375,0.0,5.57183837890625
11.066,-0.0,-0.1015625,-0.4375,-0.20703125,-0.41015625,-0.41015625,-0.20703125,-10.595504760742188,-2.3515625,7.8203125,38.359375,0.0,-4.55859375,15.83203125,40.08203125,-126.3240966796875,-4.54296875,15.69921875,42.5703125,0.0,-2.39453125,5.8515625,39.5078125,0.0,0.0,30.89453125,0.0,5.6109466552734375
11.235,-0.0,-0.1015625,-0.0078125,-0.05078124999999997,-0.25390625,-0.25390625,-0.05078125000000003,-7.8724365234375,0.0,0.0,36.63671875,0.0,-2.88671875,10.0546875,40.2734375,-36.61082458496094,-2.9375,11.234375,43.14453125,0.0,0.0,0.0,40.08203125,0.0,0.0,30.703125,0.0,5.5913848876953125
11.413,-0.0,-0.1015625,-0.0390625,0.10156250000000001,-0.10156249999999999,-0.10156250000000001,0.10156249999999999,0.0,1.19921875,9.1328125,37.01953125,0.0,-1.16796875,7.69140625,39.890625,-22.380874633789062,-1.20703125,6.90234375,42.5703125,0.0,1.1796875,11.76171875,39.5078125,0.0,0.0,30.703125,0.0,5.601165771484375
11.634,-0.0,-0.0078125,-0.75,0.10156250000000001,-0.10156249999999999,-0.10156250000000001,0.10156249999999999,0.0,1.1953125,12.41796875,37.59375,0.0,-1.171875,6.90234375,40.46484375,-6.225921630859375,-1.1875,7.55859375,43.3359375,0.0,1.1328125,10.7109375,38.7421875,0.0,0.0,30.3203125,0.0,5.669586181640625
11.805,-0.0,-0.0078125,-0.75,-0.375,-0.375,-0.375,-0.375,0.0,-3.9453125,22.00390625,37.40234375,0.0,-3.984375,16.35546875,40.08203125,-44.87712097167969,-3.91796875,16.75,42.953125,0.0,-4.05078125,16.48828125,39.125,0.0,0.0,31.0859375,0.0,5.6500396728515625
11.973,-0.0,-0.0078125,-0.6875,-0.375,-0.375,-0.375,-0.375,-5.2691802978515625,-4.12890625,9.921875,38.16796875,0.0,-4.12890625,17.01171875,40.46484375,-56.21925354003906,-3.96875,21.87109375,42.5703125,0.0,-4.1796875,11.890625,39.125,0.0,0.0,29.36328125,0.0,5.6304931640625
12.136,-0.0,-0.0078125,-0.0078125,-0.32421875,-0.32421875,-0.32421875,-0.32421875,-86.01763916015625,-3.68359375,4.14453125,37.9765625,0.0,-3.55859375,13.9921875,40.46484375,-71.17568969726562,-3.61328125,13.3359375,42.953125,0.0,-3.73046875,12.15234375,39.5078125,0.0,0.0,30.703125,0.0,5.601165771484375
12.303,-0.0,-0.0078125,-0.0078125,0.0,0.0,-0.0,-0.0,-15.264862060546875,0.0,0.0,38.55078125,0.0,0.0,0.0,40.2734375,-41.059844970703125,0.0,0.0,43.14453125,0.0,0.0,0.0,39.5078125,0.0,0.0,31.46875,0.0,5.601165771484375
12.458,-0.0,-0.0078125,0.0,0.0,0.0,-0.0,-0.0,-6.411346435546875,0.0,0.0,37.9765625,0.0,0.0,0.0,40.84765625,-26.958724975585938,0.0,0.0,43.14453125,0.0,0.0,0.0,38.93359375,0.0,0.0,30.3203125,0.0,5.601165771484375
12.624,-0.047244094488188976,-0.0078125,0.0,0.0,0.0,-0.0,-0.0,0.0,0.0,0.0,37.9765625,0.0,0.0,0.0,41.0390625,-10.335601806640625,0.0,0.0,43.3359375,0.0,0.0,0.0,39.31640625,0.0,0.0,30.703125,0.0,5.601165771484375
12.775,-0.047244094488188976,-0.1796875,0.0,0.0,0.0,-0.0,-0.0,0.0,0.0,0.0,37.9765625,0.0,0.0,0.0,41.421875,-8.79010009765625,0.0,0.0,42.5703125,0.0,0.0,0.0,39.5078125,0.0,0.0,30.703125,0.0,5.6500396728515625
12.926,-0.06299212598425197,-0.1796875,0.0,0.17968750000000003,-0.17968749999999997,-0.17968750000000003,0.17968749999999997,0.0,0.0,0.0,38.93359375,0.0,0.0,0.0,40.65625,9.5760498046875,0.0,0.0,42.76171875,0.0,0.0,0.0,39.31640625,0.0,0.0,32.42578125,0.0,5.6402587890625
13.081,-0.07874015748031496,-0.3828125,0.0,0.17968750000000003,-0.17968749999999997,-0.17968750000000003,0.17968749999999997,0.0,2.05078125,20.42578125,37.78515625,0.0,-2.03125,11.890625,40.08203125,-4.71435546875,-1.9140625,13.203125,42.76171875,0.0,1.8046875,11.49609375,39.125,0.0,0.0,31.0859375,0.0,5.5620574951171875
13.245,-0.07874015748031496,-0.6171875,0.0,0.6171875000000001,-0.6171874999999999,-0.6171875000000001,0.6171874999999999,18.293106079101562,5.421875,31.1953125,37.01953125,0.0,-5.6875,30.2734375,39.890625,-48.74580383300781,-5.359375,27.78125,42.5703125,0.0,5.5078125,24.7578125,38.55078125,0.0,0.0,30.51171875,0.0,5.6109466552734375
13.412,-0.07874015748031496,-0.6171875,0.0,0.6171875000000001,-0.6171874999999999,-0.6171875000000001,0.6171874999999999,-119.26205444335938,5.76953125,23.4453125,36.828125,0.0,-5.81640625,26.203125,40.2734375,-87.78347778320312,-5.53515625,21.87109375,42.5703125,0.0,5.53125,22.265625,38.359375,0.0,0.0,30.51171875,0.0,5.601165771484375
13.581,-0.07874015748031496,-0.71875,0.0,0.6796875000000001,-0.6796874999999999,-0.6796875000000001,0.6796874999999999,-7.799652099609375,6.40234375,18.71875,37.40234375,0.0,-6.3828125,32.11328125,40.46484375,-157.7974090576172,-6.09375,18.71875,42.76171875,0.0,5.921875,26.59765625,38.16796875,0.0,0.0,30.703125,0.0,5.5913848876953125
13.757,-0.07874015748031496,-0.578125,0.0,0.7187500000000001,-0.7187499999999999,-0.7187500000000001,0.7187499999999999,56.68733215332031,6.74609375,20.03125,38.16796875,0.0,-6.62109375,29.35546875,40.46484375,-108.20252990722656,-6.4453125,23.97265625,42.76171875,0.0,6.74609375,23.05078125,38.55078125,0.0,0.0,30.703125,0.0,5.6109466552734375
13.921,-0.0,0.007874015748031496,0.0,0.5781250000000001,-0.5781249999999999,-0.5781250000000001,0.5781249999999999,-118.44905090332031,5.890625,14.25390625,37.59375,0.0,-5.81640625,22.265625,40.08203125,-116.38832092285156,-5.671875,19.76953125,42.5703125,0.0,5.97265625,21.21484375,38.93359375,0.0,0.0,31.0859375,0.0,5.601165771484375
14.085,-0.03937007874015748,0.007874015748031496,0.0,0.0,0.0,-0.0,-0.0,-55.43365478515625,0.0,0.0,38.55078125,0.0,0.0,0.0,41.23046875,-44.12017822265625,0.0,0.0,42.37890625,0.0,0.0,0.0,39.5078125,0.0,0.0,30.703125,0.0,5.5913848876953125
14.253,-0.03937007874015748,0.007874015748031496,0.0,0.0,0.0,-0.0,-0.0,-9.099578857421875,0.0,0.0,38.359375,0.0,0.0,0.0,41.0390625,7.4029388427734375,0.0,0.0,43.3359375,0.0,0.0,0.0,38.7421875,0.0,0.0,30.12890625,0.0,5.601165771484375
14.405,-0.03937007874015748,0.007874015748031496,0.0,0.0,0.0,-0.0,-0.0,-7.0211639404296875,0.0,0.0,38.16796875,0.0,0.0,0.0,40.2734375,-9.935379028320312,0.0,0.0,42.5703125,0.0,0.0,0.0,39.31640625,0.0,0.0,30.89453125,0.0,5.601165771484375
14.583,-0.03937007874015748,0.007874015748031496,0.0,0.0,0.0,-0.0,-0.0,0.0,0.0,0.0,38.359375,0.0,0.0,0.0,40.65625,-6.1207122802734375,0.0,0.0,43.14453125,0.0,0.0,0.0,39.69921875,0.0,0.0,30.51171875,0.0,5.601165771484375
14.752,-0.03937007874015748,0.007874015748031496,0.0,0.0,0.0,-0.0,-0.0,0.0,0.0,0.0,37.9765625,0.0,0.0,0.0,40.65625,6.2372589111328125,0.0,0.0,42.76171875,0.0,0.0,0.0,39.125,0.0,0.0,30.51171875,0.0,5.601165771484375
14.915,0.0234375,0.007874015748031496,0.0,0.0,0.0,-0.0,-0.0,0.0,0.0,0.0,38.359375,0.0,0.0,0.0,40.08203125,0.0,0.0,0.0,42.953125,0.0,0.0,0.0,39.5078125,0.0,0.0,30.3203125,0.0,5.5913848876953125
15.076,0.2265625,0.007874015748031496,0.0,0.0,0.0,-0.0,-0.0,0.0,0.0,0.0,38.359375,0.0,0.0,0.0,40.65625,0.0,0.0,0.0,42.953125,0.0,0.0,0.0,39.5078125,0.0,0.0,30.51171875,0.0,5.5816192626953125
15.228,0.2890625,-0.046875,0.0,-0.25,-0.25,0.25,0.25,0.0,-2.796875,20.03125,37.9765625,0.0,-2.76953125,12.6796875,41.23046875,18.793487548828125,2.73828125,13.46875,42.1875,0.0,2.7578125,15.9609375,39.125,0.0,0.0,30.51171875,0.0,5.57183837890625
15.39,0.2265625,-0.265625,0.0,-0.05118389384859065,-0.40691850972239463,0.05118389384859065,0.40691850972239463,2.6183624267578125,0.0,0.0,38.16796875,0.0,-4.5234375,17.93359375,40.46484375,46.489654541015625,0.0,0.0,42.5703125,0.0,4.203125,26.859375,38.55078125,0.0,0.0,30.51171875,0.0,5.57183837890625
15.554,0.359375,-0.28125,0.0,-0.024203635094920517,-0.49720862183293024,0.024203635094920517,0.49720862183293024,11.125778198242188,0.0,0.0,38.359375,0.0,-5.38671875,21.21484375,40.08203125,65.03292846679688,0.0,0.0,42.37890625,0.0,5.015625,25.546875,38.7421875,0.0,0.0,30.51171875,0.0,5.5816192626953125
15.724,0.359375,-0.28125,0.0,0.03537844036726945,-0.6544668829716183,-0.03537844036726945,0.6544668829716183,-17.608535766601562,0.0,0.0,38.16796875,0.0,-6.8125,24.234375,41.23046875,72.00584411621094,0.0,0.0,42.5703125,0.0,6.5546875,26.3359375,38.7421875,0.0,0.0,30.703125,0.0,5.6304931640625
15.897,0.359375,-0.28125,0.0,0.03537844036726945,-0.6544668829716183,-0.03537844036726945,0.6544668829716183,-18.518508911132812,0.0,0.0,38.16796875,0.0,-6.94921875,16.8828125,40.08203125,91.47212219238281,0.0,0.0,42.5703125,0.0,6.41796875,26.59765625,39.125,0.0,0.0,30.703125,0.0,5.601165771484375
16.068,0.359375,-0.3046875,0.0,0.03537844036726945,-0.6544668829716183,-0.03537844036726945,0.6544668829716183,-68.89993286132812,0.0,0.0,37.9765625,0.0,-6.94921875,18.45703125,40.46484375,98.37324523925781,0.0,0.0,42.76171875,0.0,6.71484375,19.640625,38.55078125,0.0,0.0,29.36328125,0.0,5.5620574951171875
16.228,0.359375,-0.3046875,0.0,0.03335345801129952,-0.6713129318362246,-0.03335345801129952,0.6713129318362246,-15.823699951171875,0.0,0.0,37.9765625,0.0,-7.10546875,18.0625,40.65625,109.50778198242188,0.0,0.0,43.14453125,0.0,6.74609375,23.31640625,38.55078125,0.0,0.0,30.703125,0.0,5.601165771484375
16.394,0.359375,-0.3046875,0.0,0.03335345801129952,-0.6713129318362246,-0.03335345801129952,0.6713129318362246,19.839324951171875,0.0,0.0,38.16796875,0.0,-7.22265625,17.93359375,40.84765625,148.77377319335938,0.0,0.0,42.953125,0.0,6.9140625,21.4765625,39.125,0.0,0.0,31.66015625,0.0,5.57183837890625
16.554,0.3046875,-0.3046875,0.0,0.03335345801129952,-0.6713129318362246,-0.03335345801129952,0.6713129318362246,16.897903442382812,0.0,0.0,38.359375,0.0,-7.10546875,17.01171875,40.2734375,162.22381591796875,0.0,0.0,42.953125,0.0,6.890625,20.42578125,38.7421875,0.0,0.0,30.51171875,0.0,5.532745361328125
16.713,0.3046875,-0.3046875,0.0,0.0,-0.609375,-0.0,0.609375,-127.79127502441406,0.0,0.0,38.16796875,0.0,-6.578125,13.73046875,40.65625,161.08058166503906,0.0,0.0,42.5703125,0.0,6.359375,19.375,39.31640625,0.0,0.0,30.703125,0.0,5.5913848876953125
16.87,0.3046875,-0.3046875,0.0,0.0,-0.609375,-0.0,0.609375,-125.04069519042969,0.0,0.0,37.9765625,0.0,-6.6015625,14.6484375,41.61328125,167.9422607421875,0.0,0.0,43.14453125,0.0,6.57421875,16.6171875,39.125,0.0,0.0,31.27734375,0.0,5.5913848876953125
17.03,0.2890625,-0.3046875,0.0,-0.01148947528654487,-0.5944635388233301,0.01148947528654487,0.5944635388233301,23.045196533203125,0.0,0.0,38.55078125,0.0,-6.5,13.59765625,40.2734375,171.67381286621094,0.0,0.0,43.14453125,0.0,6.43359375,14.91015625,38.93359375,0.0,0.0,30.3203125,0.0,5.5913848876953125
17.195,0.0625,-0.0859375,0.0,-0.01148947528654487,-0.5944635388233301,0.01148947528654487,0.5944635388233301,41.224273681640625,0.0,0.0,37.78515625,0.0,-6.5,8.08203125,40.46484375,188.03250122070312,0.0,0.0,42.5703125,0.0,6.62109375,12.6796875,39.5078125,0.0,0.0,30.703125,0.0,5.6109466552734375
17.355,-0.0,-0.0625,0.0,0.0,0.0,-0.0,-0.0,-13.08819580078125,0.0,0.0,37.78515625,0.0,0.0,0.0,40.65625,181.7321319580078,0.0,0.0,42.76171875,0.0,0.0,0.0,39.5078125,0.0,0.0,30.51171875,0.0,5.601165771484375
17.515,0.0078125,-0.0078125,0.0,0.0,0.0,-0.0,-0.0,155.8694610595703,0.0,0.0,37.9765625,0.0,0.0,0.0,40.46484375,187.73834228515625,0.0,0.0,42.37890625,0.0,0.0,0.0,39.31640625,0.0,0.0,30.703125,0.0,5.5913848876953125
17.706,0.0078125,-0.0078125,0.0,0.0,0.0,-0.0,-0.0,-72.91371154785156,0.0,0.0,37.59375,0.0,0.0,0.0,41.421875,99.79728698730469,0.0,0.0,42.5703125,0.0,0.0,0.0,38.93359375,0.0,0.0,30.51171875,0.0,5.601165771484375
17.871,0.0078125,-0.0078125,0.14173228346456693,0.0,0.0,-0.0,-0.0,-55.281219482421875,0.0,0.0,38.359375,0.0,0.0,0.0,41.0390625,114.67820739746094,0.0,0.0,42.5703125,0.0,0.0,0.0,39.31640625,0.0,0.0,30.703125,0.0,5.601165771484375
18.036,0.0078125,-0.0078125,0.6929133858267716,0.0,0.0,-0.0,-0.0,-17.747711181640625,0.0,0.0,38.55078125,0.0,0.0,0.0,41.23046875,111.2720947265625,0.0,0.0,42.5703125,0.0,0.0,0.0,39.31640625,0.0,0.0,30.703125,0.0,5.6109466552734375
18.218,0.0078125,-0.0078125,0.7322834645669292,0.3543307086614173,0.3543307086614173,0.3543307086614173,0.3543307086614173,0.0,3.8359375,21.609375,37.40234375,0.0,3.91015625,19.375,40.65625,143.19808959960938,3.8828125,8.4765625,42.5703125,0.0,3.9609375,5.71875,40.08203125,0.0,0.0,30.3203125,0.0,5.5913848876953125
18.395,0.0078125,-0.0625,0.7322834645669292,0.3661417322834646,0.3661417322834646,0.3661417322834646,0.3661417322834646,-4.0031585693359375,4.10546875,12.41796875,37.59375,0.0,4.296875,15.4375,40.2734375,66.40495300292969,3.796875,16.35546875,41.99609375,0.0,4.078125,6.76953125,39.5078125,0.0,0.0,30.3203125,0.0,5.6109466552734375
18.592,0.0078125,-0.0625,0.07086614173228346,0.3661417322834646,0.3661417322834646,0.3661417322834646,0.3661417322834646,113.46176147460938,4.05078125,11.3671875,36.4453125,0.0,4.32421875,13.07421875,41.421875,129.5808868408203,4.05078125,10.18359375,42.76171875,0.0,4.15625,9.00390625,38.93359375,0.0,0.0,30.12890625,0.0,5.601165771484375
18.762,0.0078125,-0.0625,-0.0078125,0.0,0.0,-0.0,-0.0,-5.86395263671875,0.0,0.0,38.16796875,0.0,0.0,0.0,40.84765625,55.07350158691406,0.0,0.0,42.5703125,0.0,0.0,0.0,39.31640625,0.0,0.0,30.51171875,0.0,5.601165771484375
18.918,0.0078125,-0.0625,-0.0078125,0.0,0.0,-0.0,-0.0,11.183944702148438,0.0,0.0,37.59375,0.0,0.0,0.0,41.421875,11.711212158203125,0.0,0.0,43.3359375,0.0,0.0,0.0,38.93359375,0.0,0.0,30.703125,0.0,5.6109466552734375
19.081,-0.06299212598425197,-0.0625,0.07086614173228346,0.0,0.0,-0.0,-0.0,0.0,0.0,0.0,38.359375,0.0,0.0,0.0,40.2734375,9.676513671875,0.0,0.0,42.953125,0.0,0.0,0.0,39.69921875,0.0,0.0,31.27734375,0.0,5.5913848876953125
19.255,-0.6377952755905512,-0.265625,0.015748031496062992,0.18110236220472448,0.18110236220472437,-0.18110236220472448,-0.18110236220472437,-7.740997314453125,2.07421875,17.40625,37.78515625,0.0,2.15625,10.18359375,40.2734375,-14.799057006835938,-1.78515625,8.87109375,42.76171875,0.0,-1.77734375,9.00390625,39.5078125,0.0,0.0,29.9375,0.0,5.5913848876953125
19.425,-0.9291338582677166,-0.2421875,0.0,0.9660443340071543,0.5821312981828985,-0.9660443340071543,-0.5821312981828985,-37.77593994140625,8.25,25.41796875,37.78515625,0.0,5.70703125,15.69921875,39.31640625,-117.42759704589844,-8.32421875,39.3359375,42.5703125,0.0,-5.19921875,21.609375,39.69921875,0.0,0.0,30.51171875,0.0,5.601165771484375
19.606,-1.0,-0.3203125,0.0,1.0,0.487632509751572,-1.0,-0.487632509751572,95.78926086425781,9.3125,23.83984375,37.40234375,0.0,4.84765625,10.4453125,40.2734375,-90.86392211914062,-8.68359375,33.953125,42.76171875,0.0,-4.88671875,13.07421875,39.5078125,0.0,0.0,30.51171875,0.0,5.5620574951171875
19.774,-1.0,-0.421875,0.0,0.8740134051271152,0.4723117757434597,-0.8740134051271152,-0.4723117757434597,-50.39765930175781,8.6640625,18.8515625,37.9765625,0.0,4.78125,7.03125,41.23046875,-263.19395446777344,-8.328125,22.00390625,43.14453125,0.0,-4.81640625,7.55859375,39.125,0.0,0.0,31.27734375,0.0,5.601165771484375
19.943,-1.0,-0.421875,0.0,0.9056396455227516,0.4214758042548545,-0.9056396455227516,-0.4214758042548545,-39.94508361816406,9.10546875,19.11328125,37.01953125,0.0,4.33984375,4.01171875,40.84765625,-125.6708984375,-8.05859375,26.73046875,42.76171875,0.0,-4.41796875,4.80078125,39.5078125,0.0,0.0,30.51171875,0.0,5.601165771484375
20.115,-1.0,-0.421875,0.0,1.0,0.46539018729858167,-1.0,-0.46539018729858167,38.3409423828125,9.453125,26.73046875,38.16796875,0.0,4.67578125,3.09375,40.65625,-270.4415740966797,-9.38671875,24.49609375,42.5703125,0.0,-4.73046875,4.14453125,39.890625,0.0,0.0,31.27734375,0.0,5.5913848876953125
20.277,-1.0,-0.421875,0.0,1.0,0.46539018729858167,-1.0,-0.46539018729858167,-59.10328674316406,9.9453125,14.125,38.359375,0.0,4.79296875,2.4375,40.46484375,-392.07676696777344,-9.6328125,15.69921875,42.76171875,0.0,-4.796875,3.2265625,39.31640625,0.0,0.0,30.89453125,0.0,5.601165771484375
20.447,-0.84251968503937,-0.28125,0.0,1.0,0.46539018729858167,-1.0,-0.46539018729858167,-43.39424133300781,9.9453125,20.03125,38.359375,0.0,4.890625,2.04296875,40.2734375,-399.62535095214844,-10.08984375,12.0234375,42.5703125,0.0,-4.859375,2.69921875,39.31640625,0.0,0.0,30.51171875,0.0,5.6207122802734375
20.637,-0.6377952755905512,-0.203125,0.0,0.9849487491217168,0.6597086699800037,-0.9849487491217168,-0.6597086699800037,-26.967422485351562,10.19140625,18.71875,37.9765625,0.0,6.62890625,4.80078125,40.84765625,-379.2218017578125,-9.73828125,20.296875,42.76171875,0.0,-7.02734375,10.4453125,39.125,0.0,0.0,29.9375,0.0,5.6109466552734375
20.824,-0.44881889763779526,-0.0625,0.0,0.7473795269351087,0.6156357488597133,-0.7473795269351087,-0.6156357488597133,-297.81292724609375,8.1171875,12.28515625,36.63671875,0.0,6.640625,4.40625,40.84765625,-402.17845153808594,-8.25,9.3984375,42.76171875,0.0,-7.05859375,8.4765625,39.890625,0.0,0.0,30.12890625,0.0,5.6109466552734375
21.004,-0.18110236220472442,-0.0078125,0.0,0.27559055118110243,0.2755905511811023,-0.27559055118110243,-0.2755905511811023,-34.1488037109375,3.390625,0.0,37.9765625,0.0,3.33203125,0.0,40.46484375,-251.1609649658203,-3.44921875,0.0,42.5703125,0.0,-3.39453125,0.0,39.125,0.0,0.0,30.703125,0.0,5.669586181640625
21.177,-0.18110236220472442,-0.0078125,0.0,0.18110236220472448,0.18110236220472437,-0.18110236220472448,-0.18110236220472437,40.870635986328125,2.2578125,0.0,37.59375,0.0,2.19921875,0.0,40.46484375,-177.19532775878906,-2.22265625,0.0,42.953125,0.0,-2.2421875,0.0,38.7421875,0.0,0.0,31.0859375,0.0,5.601165771484375
21.356,-0.11023622047244094,-0.0078125,0.0,0.18110236220472448,0.18110236220472437,-0.18110236220472448,-0.18110236220472437,-54.77107238769531,2.2265625,0.0,37.9765625,0.0,2.17578125,0.0,40.08203125,-162.2992401123047,-2.21875,0.0,43.14453125,0.0,-2.19140625,0.0,39.5078125,0.0,0.0,30.3203125,0.0,5.601165771484375
21.541,-0.16535433070866143,-0.0078125,0.0,0.0,0.0,-0.0,-0.0,85.81388854980469,0.0,0.0,37.40234375,0.0,0.0,0.0,40.65625,-129.02357482910156,0.0,0.0,42.76171875,0.0,0.0,0.0,39.125,0.0,0.0,31.0859375,0.0,5.5913848876953125
21.716,-0.09448818897637795,-0.0078125,0.0,0.16535433070866148,0.16535433070866137,-0.16535433070866148,-0.16535433070866137,149.94143676757812,2.0078125,0.0,37.2109375,0.0,1.97265625,0.0,40.46484375,-107.78643798828125,-1.99609375,0.0,42.76171875,0.0,-1.984375,0.0,39.5078125,0.0,0.0,29.5546875,0.0,5.6109466552734375
21.887,-0.06299212598425197,-0.0078125,0.0,0.0,0.0,-0.0,-0.0,-28.316696166992188,0.0,0.0,37.9765625,0.0,0.0,0.0,40.46484375,-124.16334533691406,0.0,0.0,43.14453125,0.0,0.0,0.0,39.31640625,0.0,0.0,30.51171875,0.0,5.601165771484375
22.061,-0.06299212598425197,0.0,0.0,0.0,0.0,-0.0,-0.0,-19.498016357421875,0.0,0.0,37.78515625,0.0,0.0,0.0,40.08203125,-106.57192993164062,0.0,0.0,42.953125,0.0,0.0,0.0,39.31640625,0.0,0.0,30.12890625,0.0,5.601165771484375
22.235,-0.03937007874015748,0.007874015748031496,0.0,0.0,0.0,-0.0,-0.0,-21.749588012695312,0.0,0.0,38.16796875,0.0,0.0,0.0,40.84765625,-59.44731140136719,0.0,0.0,42.953125,0.0,0.0,0.0,39.31640625,0.0,0.0,31.27734375,0.0,5.6109466552734375
22.404,-0.023622047244094488,0.03937007874015748,0.0,0.0,0.0,-0.0,-0.0,34.44841003417969,0.0,0.0,38.359375,0.0,0.0,0.0,40.84765625,-36.35984802246094,0.0,0.0,42.76171875,0.0,0.0,0.0,39.31640625,0.0,0.0,30.89453125,0.0,5.601165771484375
22.574,-0.023622047244094488,0.05511811023622047,0.0,0.0,0.0,-0.0,-0.0,-3.9213104248046875,0.0,0.0,38.16796875,0.0,0.0,0.0,40.08203125,-32.84297180175781,0.0,0.0,42.76171875,0.0,0.0,0.0,39.5078125,0.0,0.0,31.0859375,0.0,5.601165771484375
22.741,-0.023622047244094488,0.05511811023622047,0.0,0.0,0.0,-0.0,-0.0,-2.923004150390625,0.0,0.0,37.2109375,0.0,0.0,0.0,40.65625,-32.61256408691406,0.0,0.0,43.14453125,0.0,0.0,0.0,39.31640625,0.0,0.0,30.3203125,0.0,5.601165771484375
22.902,-0.023622047244094488,0.07086614173228346,0.0,0.0,0.0,-0.0,-0.0,7.3519439697265625,0.0,0.0,37.40234375,0.0,0.0,0.0,41.23046875,-27.724624633789062,0.0,0.0,42.76171875,0.0,0.0,0.0,39.125,0.0,0.0,31.46875,0.0,5.601165771484375
23.057,-0.023622047244094488,0.07086614173228346,0.0,0.0,0.0,-0.0,-0.0,-5.3031463623046875,0.0,0.0,38.359375,0.0,0.0,0.0,40.84765625,8.521041870117188,0.0,0.0,43.14453125,0.0,0.0,0.0,39.5078125,0.0,0.0,32.234375,0.0,5.6109466552734375
23.234,-0.007874015748031496,0.07086614173228346,0.0,0.0,0.0,-0.0,-0.0,0.0,0.0,0.0,37.78515625,0.0,0.0,0.0,40.84765625,0.0,0.0,0.0,42.76171875,0.0,0.0,0.0,40.46484375,0.0,0.0,31.66015625,0.0,5.601165771484375
23.415,-0.007874015748031496,0.11811023622047244,0.0,0.0,0.0,-0.0,-0.0,0.0,0.0,0.0,38.16796875,0.0,0.0,0.0,41.0390625,4.3506622314453125,0.0,0.0,42.5703125,0.0,0.0,0.0,39.5078125,0.0,0.0,30.12890625,0.0,5.5913848876953125
23.573,-0.007874015748031496,0.18110236220472442,0.0,-0.13385826771653542,0.13385826771653547,0.13385826771653542,-0.13385826771653547,-3.5060272216796875,-1.5703125,15.56640625,37.78515625,0.0,1.58984375,9.66015625,40.46484375,10.007034301757812,1.5,11.62890625,42.76171875,0.0,-1.55078125,11.890625,38.93359375,0.0,0.0,30.51171875,0.0,5.5913848876953125
23.766,-0.007874015748031496,0.2440944881889764,0.0,-0.21259842519685038,0.21259842519685043,0.21259842519685038,-0.21259842519685043,0.0,-2.41015625,19.640625,37.78515625,0.0,2.5390625,12.28515625,41.23046875,0.0,2.27734375,15.9609375,42.5703125,0.0,-2.41015625,14.25390625,39.69921875,0.0,0.0,30.51171875,0.0,5.5913848876953125
23.938,-0.007874015748031496,0.2440944881889764,0.0,-0.24409448818897636,0.24409448818897642,0.24409448818897636,-0.24409448818897642,5.05474853515625,-2.72265625,19.11328125,37.40234375,0.0,2.890625,14.25390625,40.08203125,0.0,2.5625,17.66796875,42.1875,0.0,-2.74609375,15.4375,39.31640625,0.0,0.0,30.703125,0.0,5.6109466552734375
24.112,-0.007874015748031496,0.18110236220472442,0.0,-0.24409448818897636,0.24409448818897642,0.24409448818897636,-0.24409448818897642,5.8007965087890625,-2.72265625,16.48828125,36.828125,0.0,2.8828125,14.38671875,40.2734375,0.0,2.58984375,17.5390625,42.5703125,0.0,-2.7578125,15.3046875,39.31640625,0.0,0.0,30.703125,0.0,5.5620574951171875
24.279,-0.07874015748031496,0.03937007874015748,0.0,-0.1811023622047244,0.18110236220472445,0.1811023622047244,-0.18110236220472445,-4.4966888427734375,-2.078125,14.78125,38.359375,0.0,2.17578125,12.6796875,40.65625,-8.155838012695312,2.015625,13.73046875,42.953125,0.0,-2.09765625,14.91015625,39.5078125,0.0,0.0,30.89453125,0.0,5.601165771484375
24.445,-0.07874015748031496,0.05511811023622047,0.0,0.0,0.0,-0.0,-0.0,0.0,0.0,0.0,38.16796875,0.0,0.0,0.0,40.46484375,-4.6893310546875,0.0,0.0,42.76171875,0.0,0.0,0.0,39.31640625,0.0,0.0,30.703125,0.0,5.5816192626953125
24.615,-0.007874015748031496,0.16535433070866143,0.0,-0.13385826771653542,0.13385826771653547,0.13385826771653542,-0.13385826771653547,0.0,-1.55859375,16.35546875,37.40234375,0.0,1.58984375,8.87109375,40.84765625,0.0,1.5234375,10.83984375,43.14453125,0.0,-1.55078125,14.125,39.5078125,0.0,0.0,31.66015625,0.0,5.5522918701171875
24.781,-0.007874015748031496,0.3700787401574803,0.0,-0.19685039370078738,0.19685039370078744,0.19685039370078738,-0.19685039370078744,0.0,-2.22265625,22.00390625,39.5078125,0.0,2.34375,11.3671875,40.65625,0.0,2.08203125,13.859375,42.37890625,0.0,-2.0703125,15.4375,39.31640625,0.0,0.0,29.9375,0.0,5.5816192626953125
24.955,-0.007874015748031496,0.5275590551181102,0.0,-0.4488188976377952,0.4488188976377953,0.4488188976377952,-0.4488188976377953,4.324981689453125,-4.41796875,27.25390625,38.16796875,0.0,4.3828125,22.39453125,40.2734375,6.5798797607421875,3.83203125,28.171875,42.37890625,0.0,-4.41796875,20.42578125,39.31640625,0.0,0.0,30.51171875,0.0,5.6500396728515625
25.121,-0.007874015748031496,0.5748031496062992,0.0,-0.5433070866141732,0.5433070866141734,0.5433070866141732,-0.5433070866141734,19.152877807617188,-5.08203125,28.171875,37.78515625,0.0,5.0390625,23.7109375,39.890625,38.21351623535156,4.50390625,31.45703125,42.37890625,0.0,-5.25390625,20.55859375,39.5078125,0.0,0.0,30.89453125,0.0,5.601165771484375
25.297,-0.007874015748031496,0.5748031496062992,-0.0078125,-0.5748031496062991,0.5748031496062993,0.5748031496062991,-0.5748031496062993,-6.93731689453125,-5.4375,22.265625,37.9765625,0.0,5.859375,19.5078125,40.2734375,86.67779541015625,5.03125,26.07421875,42.1875,0.0,-5.45703125,19.90234375,39.31640625,0.0,0.0,29.74609375,0.0,5.57183837890625
25.486,-0.007874015748031496,0.5905511811023622,-0.0078125,-0.590551181102362,0.5905511811023623,0.590551181102362,-0.5905511811023623,27.423858642578125,-5.85546875,19.90234375,37.9765625,0.0,5.875,18.71875,40.84765625,53.036468505859375,4.75390625,39.46484375,41.421875,0.0,-5.546875,21.08203125,39.5078125,0.0,0.0,30.51171875,0.0,5.601165771484375
25.672,-0.07874015748031496,0.5118110236220472,-0.0078125,-0.590551181102362,0.5905511811023623,0.590551181102362,-0.5905511811023623,-180.94430541992188,-5.6484375,18.32421875,37.9765625,0.0,5.75,22.7890625,40.65625,91.01251220703125,5.29296875,23.7109375,41.99609375,0.0,-5.81640625,18.0625,39.5078125,0.0,0.0,30.703125,0.0,5.5522918701171875
25.854,-0.12598425196850394,0.11811023622047244,-0.0078125,-0.5207451261618962,0.47221891964025065,0.5207451261618962,-0.47221891964025065,-178.9042205810547,-5.3125,17.5390625,38.55078125,0.0,5.09375,17.2734375,39.890625,81.2406005859375,5.234375,20.296875,42.953125,0.0,-5.19921875,19.24609375,39.69921875,0.0,0.0,31.27734375,0.0,5.601165771484375
26.024,-0.007874015748031496,0.2283464566929134,-0.0078125,0.0,0.0,-0.0,-0.0,24.23675537109375,0.0,0.0,37.78515625,0.0,0.0,0.0,40.2734375,-8.053268432617188,0.0,0.0,43.14453125,0.0,0.0,0.0,39.890625,0.0,0.0,30.12890625,0.0,5.5913848876953125
26.195,-0.06299212598425197,0.6377952755905512,-0.0078125,-0.3385826771653543,0.3385826771653544,0.3385826771653543,-0.3385826771653544,18.090667724609375,-3.53515625,23.31640625,37.9765625,0.0,3.7578125,18.0625,40.08203125,17.471847534179688,3.0078125,22.921875,42.1875,0.0,-3.26171875,14.125,39.125,0.0,0.0,29.5546875,0.0,5.601165771484375
26.377,-0.007874015748031496,0.7480314960629921,-0.0078125,-0.700787401574803,0.7007874015748032,0.700787401574803,-0.7007874015748032,-171.58177185058594,-6.13671875,24.7578125,38.7421875,0.0,5.41796875,27.78125,40.65625,67.44769287109375,5.24609375,28.4375,41.99609375,0.0,-6.0390625,26.859375,39.69921875,0.0,0.0,30.703125,0.0,5.5913848876953125
26.553,-0.0,0.7637795275590551,-0.0078125,-0.748031496062992,0.7480314960629922,0.748031496062992,-0.7480314960629922,-213.6419219970703,-6.70703125,23.05078125,38.93359375,0.0,6.3359375,26.46484375,40.2734375,107.44264221191406,5.546875,31.0625,41.99609375,0.0,-6.6015625,22.39453125,38.93359375,0.0,0.0,30.3203125,0.0,5.601165771484375
26.733,-0.0,0.7795275590551181,-0.0078125,-0.763779527559055,0.7637795275590552,0.763779527559055,-0.7637795275590552,41.986480712890625,-6.84765625,22.7890625,39.31640625,0.0,7.1953125,22.265625,40.65625,130.52345275878906,6.19921875,25.94140625,42.37890625,0.0,-7.27734375,21.73828125,39.125,0.0,0.0,29.9375,0.0,5.6109466552734375
26.909,-0.07874015748031496,0.0,-0.0078125,-0.6692913385826771,0.6692913385826773,0.6692913385826771,-0.6692913385826773,-10.552093505859375,-6.51953125,19.640625,39.125,0.0,5.83203125,27.125,40.65625,107.56301879882812,5.99609375,27.91015625,41.8046875,0.0,-7.08203125,22.1328125,39.31640625,0.0,0.0,30.51171875,0.0,5.5913848876953125
27.085,-0.007874015748031496,0.03937007874015748,-0.0078125,0.0,0.0,-0.0,-0.0,-8.799102783203125,0.0,0.0,37.9765625,0.0,0.0,0.0,40.46484375,-14.788055419921875,0.0,0.0,42.953125,0.0,0.0,0.0,39.125,0.0,0.0,30.89453125,0.0,5.601165771484375
27.256,-0.007874015748031496,0.023622047244094488,-0.0078125,0.0,0.0,-0.0,-0.0,6.5639801025390625,0.0,0.0,37.78515625,0.0,0.0,0.0,40.84765625,-23.953292846679688,0.0,0.0,43.3359375,0.0,0.0,0.0,39.125,0.0,0.0,30.703125,0.0,5.601165771484375
27.427,-0.12598425196850394,0.0,-0.0078125,0.0,0.0,-0.0,-0.0,0.0,0.0,0.0,38.16796875,0.0,0.0,0.0,40.65625,-16.516555786132812,0.0,0.0,42.5703125,0.0,0.0,0.0,39.125,0.0,0.0,29.9375,0.0,5.6207122802734375
27.603,-0.16535433070866143,0.07086614173228346,-0.0078125,0.15748031496062995,0.1574803149606299,-0.15748031496062995,-0.1574803149606299,0.0,1.8203125,13.859375,37.59375,0.0,1.87109375,9.1328125,39.5078125,-13.909317016601562,-1.828125,10.31640625,43.14453125,0.0,-1.828125,10.18359375,39.125,0.0,0.0,30.51171875,0.0,5.6109466552734375
27.776,-0.06299212598425197,0.08661417322834646,0.1968503937007874,0.16535433070866148,0.16535433070866137,-0.16535433070866148,-0.16535433070866137,0.0,1.90625,15.4375,37.40234375,0.0,1.953125,7.03125,40.08203125,-41.99751281738281,-1.93359375,9.3984375,42.953125,0.0,-1.9375,7.55859375,39.890625,0.0,0.0,31.0859375,0.0,5.5913848876953125
27.942,-0.023622047244094488,0.007874015748031496,0.14173228346456693,0.1062992125984252,0.1062992125984252,0.1062992125984252,0.1062992125984252,-7.027496337890625,1.25390625,8.4765625,37.9765625,0.0,1.25,1.51953125,40.84765625,11.647079467773438,1.24609375,6.640625,42.76171875,0.0,1.23046875,11.76171875,38.359375,0.0,0.0,30.51171875,0.0,5.6109466552734375
28.115,-0.18110236220472442,0.0,0.015748031496062992,0.0,0.0,-0.0,-0.0,-18.065994262695312,0.0,0.0,37.78515625,0.0,0.0,0.0,41.0390625,3.804931640625,0.0,0.0,42.953125,0.0,0.0,0.0,38.7421875,0.0,0.0,30.51171875,0.0,5.5816192626953125
28.281,-0.5748031496062992,0.07086614173228346,0.0,0.24409448818897644,0.24409448818897633,-0.24409448818897644,-0.24409448818897633,0.0,2.7265625,17.93359375,36.0625,0.0,2.890625,12.0234375,40.46484375,-14.93035888671875,-2.4140625,14.125,42.5703125,0.0,-2.46484375,8.609375,38.93359375,0.0,0.0,29.9375,0.0,5.5816192626953125
28.457,-0.6929133858267716,0.13385826771653545,0.0,0.7486616418253993,0.6110591841632986,-0.7486616418253993,-0.6110591841632986,35.5361328125,6.8671875,29.22265625,36.4453125,0.0,6.0546875,18.8515625,40.84765625,-88.62628173828125,-6.08203125,39.46484375,42.5703125,0.0,-5.62890625,20.953125,39.125,0.0,0.0,30.703125,0.0,5.6304931640625
28.626,-0.6377952755905512,0.16535433070866143,0.0,0.8012697544753954,0.662988423239247,-0.8012697544753954,-0.662988423239247,-176.25189208984375,8.0546875,16.8828125,37.01953125,0.0,6.59375,14.78125,40.65625,-202.40353393554688,-7.63671875,20.55859375,42.76171875,0.0,-6.92578125,10.97265625,39.31640625,0.0,0.0,30.12890625,0.0,5.6207122802734375
28.799,-0.14173228346456693,0.10236220472440945,0.0,0.4107143291736292,0.676941289953527,-0.4107143291736292,-0.676941289953527,-26.146804809570312,4.34375,6.5078125,37.40234375,0.0,7.375,20.8203125,40.46484375,-159.99334716796875,-4.41796875,7.1640625,42.1875,0.0,-7.1640625,24.890625,39.5078125,0.0,0.0,30.89453125,0.0,5.601165771484375
28.977,-0.31496062992125984,0.11811023622047244,0.0,0.12598425196850396,0.1259842519685039,-0.12598425196850396,-0.1259842519685039,-4.9871368408203125,1.5,0.0,38.16796875,0.0,1.4921875,0.0,40.65625,-109.69233703613281,-1.515625,0.0,43.14453125,0.0,-1.49609375,0.0,39.125,0.0,0.0,31.0859375,0.0,5.69891357421875
29.146,-0.5275590551181102,0.2125984251968504,0.0,0.2251196392638914,0.5384074811096788,-0.2251196392638914,-0.5384074811096788,-64.73583984375,2.546875,2.69921875,37.59375,0.0,6.26171875,11.10546875,40.84765625,-165.1399688720703,-2.56640625,0.0,42.76171875,0.0,-5.546875,21.609375,39.5078125,0.0,0.0,30.89453125,0.0,5.6304931640625
29.341,-0.44881889763779526,0.2440944881889764,0.0,0.3225547151735576,0.746665923931464,-0.3225547151735576,-0.746665923931464,-176.64105224609375,3.37890625,3.6171875,38.7421875,0.0,8.00390625,20.6875,40.46484375,-161.28353881835938,-3.4375,2.5703125,42.76171875,0.0,-7.640625,23.7109375,38.93359375,0.0,0.0,30.51171875,0.0,5.6109466552734375
29.518,-0.1968503937007874,0.16535433070866143,0.0,0.11485919983777015,0.7194644704845815,-0.11485919983777015,-0.7194644704845815,-25.93597412109375,1.26953125,0.0,37.9765625,0.0,7.96484375,18.0625,40.46484375,-147.90280151367188,-1.2890625,0.0,42.37890625,0.0,-7.79296875,21.21484375,38.93359375,0.0,0.0,30.51171875,0.0,5.6304931640625
29.813,-0.03937007874015748,0.0,0.0,-0.005732153157882322,0.24453339686336067,0.005732153157882322,-0.24453339686336067,36.99314880371094,0.0,0.0,37.78515625,0.0,2.88671875,0.0,40.46484375,-154.2540283203125,0.0,0.0,42.76171875,0.0,-2.93359375,0.0,38.7421875,0.0,0.0,30.3203125,0.0,5.601165771484375
29.982,-0.023622047244094488,0.0,0.0,0.0,0.0,-0.0,-0.0,-32.476043701171875,0.0,0.0,37.59375,0.0,0.0,0.0,40.65625,-105.67741394042969,0.0,0.0,42.76171875,0.0,0.0,0.0,39.31640625,0.0,0.0,30.703125,0.0,5.6109466552734375
30.143,-0.07874015748031496,0.0,-0.0078125,0.0,0.0,-0.0,-0.0,-50.80372619628906,0.0,0.0,38.359375,0.0,0.0,0.0,41.0390625,-132.2268524169922,0.0,0.0,42.76171875,0.0,0.0,0.0,38.93359375,0.0,0.0,30.51171875,0.0,5.601165771484375
30.302,-0.03937007874015748,-0.0078125,-0.0078125,0.0,0.0,-0.0,-0.0,133.83987426757812,0.0,0.0,38.16796875,0.0,0.0,0.0,40.65625,-87.44563293457031,0.0,0.0,42.76171875,0.0,0.0,0.0,39.31640625,0.0,0.0,30.89453125,0.0,5.601165771484375
30.458,-0.007874015748031496,-0.0234375,-0.0078125,0.0,0.0,-0.0,-0.0,-38.50047302246094,0.0,0.0,38.55078125,0.0,0.0,0.0,40.46484375,-104.70347595214844,0.0,0.0,43.14453125,0.0,0.0,0.0,39.125,0.0,0.0,30.703125,0.0,5.5913848876953125
30.626,-0.007874015748031496,-0.0234375,-0.0078125,0.0,0.0,-0.0,-0.0,134.32208251953125,0.0,0.0,38.359375,0.0,0.0,0.0,40.46484375,-96.39762878417969,0.0,0.0,42.5703125,0.0,0.0,0.0,38.93359375,0.0,0.0,30.12890625,0.0,5.601165771484375
30.795,-0.03937007874015748,-0.0234375,-0.0078125,0.0,0.0,-0.0,-0.0,-4.7731170654296875,0.0,0.0,37.78515625,0.0,0.0,0.0,40.84765625,-78.62246704101562,0.0,0.0,42.953125,0.0,0.0,0.0,39.125,0.0,0.0,30.703125,0.0,5.601165771484375
30.956,-0.023622047244094488,-0.0234375,-0.0078125,0.0,0.0,-0.0,-0.0,-25.684066772460938,0.0,0.0,37.78515625,0.0,0.0,0.0,40.46484375,-77.50685119628906,0.0,0.0,42.953125,0.0,0.0,0.0,38.93359375,0.0,0.0,30.3203125,0.0,5.601165771484375
31.116,-0.07874015748031496,-0.0234375,-0.0078125,0.0,0.0,-0.0,-0.0,-5.9874267578125,0.0,0.0,37.9765625,0.0,0.0,0.0,41.421875,-39.90190124511719,0.0,0.0,42.5703125,0.0,0.0,0.0,39.5078125,0.0,0.0,30.89453125,0.0,5.6304931640625
31.296,-0.023622047244094488,-0.0234375,-0.0078125,0.11023622047244097,0.11023622047244092,-0.11023622047244097,-0.11023622047244092,7.344573974609375,1.3203125,0.0,38.55078125,0.0,1.32421875,0.0,41.0390625,-63.606689453125,-1.328125,1.25390625,42.953125,0.0,-1.3203125,0.0,39.31640625,0.0,0.0,31.66015625,0.0,5.601165771484375
31.46,-0.11023622047244094,-0.0234375,-0.0078125,0.0,0.0,-0.0,-0.0,24.422500610351562,0.0,0.0,38.359375,0.0,0.0,0.0,41.0390625,-49.37318420410156,0.0,0.0,42.76171875,0.0,0.0,0.0,38.93359375,0.0,0.0,30.89453125,0.0,5.5913848876953125
31.624,-0.03937007874015748,-0.0234375,-0.0078125,0.11023622047244097,0.11023622047244092,-0.11023622047244097,-0.11023622047244092,14.328079223632812,1.31640625,4.80078125,37.59375,0.0,1.31640625,0.0,41.0390625,-46.78419494628906,-1.3203125,2.9609375,42.953125,0.0,-1.3203125,2.5703125,39.31640625,0.0,0.0,29.5546875,0.0,5.601165771484375
31.796,-0.03937007874015748,-0.0234375,-0.0078125,0.0,0.0,-0.0,-0.0,9.00396728515625,0.0,0.0,37.78515625,0.0,0.0,0.0,40.84765625,-37.63819885253906,0.0,0.0,42.76171875,0.0,0.0,0.0,39.31640625,0.0,0.0,30.89453125,0.0,5.601165771484375
31.955,-0.0,-0.0234375,-0.0078125,0.0,0.0,-0.0,-0.0,8.4617919921875,0.0,0.0,38.55078125,0.0,0.0,0.0,40.84765625,-20.809860229492188,0.0,0.0,42.5703125,0.0,0.0,0.0,39.890625,0.0,0.0,30.703125,0.0,5.6109466552734375
32.124,-0.0,-0.0234375,-0.0078125,0.0,0.0,-0.0,-0.0,0.0,0.0,0.0,37.40234375,0.0,0.0,0.0,40.84765625,-16.389450073242188,0.0,0.0,42.5703125,0.0,0.0,0.0,38.93359375,0.0,0.0,30.703125,0.0,5.601165771484375
32.294,-0.0,-0.0234375,-0.0078125,0.0,0.0,-0.0,-0.0,-2.8939361572265625,0.0,0.0,37.40234375,0.0,0.0,0.0,40.84765625,-3.5084381103515625,0.0,0.0,42.76171875,0.0,0.0,0.0,39.125,0.0,0.0,31.0859375,0.0,5.601165771484375
32.457,-0.0,-0.0234375,-0.0078125,0.0,0.0,-0.0,-0.0,0.0,0.0,0.0,37.78515625,0.0,0.0,0.0,40.65625,0.0,0.0,0.0,42.953125,0.0,0.0,0.0,39.31640625,0.0,0.0,30.3203125,0.0,5.601165771484375
32.614,-0.047244094488188976,-0.0234375,-0.0078125,0.0,0.0,-0.0,-0.0,0.0,0.0,0.0,37.40234375,0.0,0.0,0.0,41.421875,0.0,0.0,0.0,42.76171875,0.0,0.0,0.0,39.5078125,0.0,0.0,30.51171875,0.0,5.5913848876953125
32.775,-0.0,-0.0234375,-0.0078125,0.0,0.0,-0.0,-0.0,0.0,0.0,0.0,37.9765625,0.0,0.0,0.0,40.65625,0.0,0.0,0.0,43.14453125,0.0,0.0,0.0,39.125,0.0,0.0,31.0859375,0.0,5.601165771484375
32.957,-0.0,-0.0234375,-0.0078125,0.0,0.0,-0.0,-0.0,0.0,0.0,0.0,38.55078125,0.0,0.0,0.0,40.84765625,0.0,0.0,0.0,42.76171875,0.0,0.0,0.0,39.31640625,0.0,0.0,30.89453125,0.0,5.6109466552734375
33.126,-0.0,-0.0234375,-0.0078125,0.0,0.0,-0.0,-0.0,0.0,0.0,0.0,37.59375,0.0,0.0,0.0,40.84765625,0.0,0.0,0.0,42.76171875,0.0,0.0,0.0,38.93359375,0.0,0.0,30.89453125,0.0,5.6109466552734375
33.296,-0.0,-0.0234375,-0.0078125,0.0,0.0,-0.0,-0.0,0.0,0.0,0.0,38.359375,0.0,0.0,0.0,40.65625,0.0,0.0,0.0,42.76171875,0.0,0.0,0.0,39.125,0.0,0.0,30.51171875,0.0,5.6109466552734375
33.462,-0.0,-0.0234375,-0.0078125,0.0,0.0,-0.0,-0.0,0.0,0.0,0.0,37.9765625,0.0,0.0,0.0,40.84765625,0.0,0.0,0.0,42.953125,0.0,0.0,0.0,38.93359375,0.0,0.0,31.46875,0.0,5.6109466552734375
33.634,-0.06299212598425197,-0.0859375,-0.0078125,0.0,0.0,-0.0,-0.0,0.0,0.0,0.0,38.359375,0.0,0.0,0.0,40.84765625,0.0,0.0,0.0,43.3359375,0.0,0.0,0.0,38.93359375,0.0,0.0,30.51171875,0.0,5.601165771484375
33.795,-0.0,-0.1640625,-0.0078125,0.0,0.0,-0.0,-0.0,0.0,0.0,0.0,38.16796875,0.0,0.0,0.0,41.0390625,0.0,0.0,0.0,42.953125,0.0,0.0,0.0,39.31640625,0.0,0.0,31.27734375,0.0,5.6402587890625
33.96,-0.06299212598425197,-0.2265625,-0.0078125,0.16406250000000003,-0.16406249999999997,-0.16406250000000003,0.16406249999999997,0.0,1.87890625,18.98046875,37.59375,0.0,-1.859375,10.31640625,40.46484375,-10.514175415039062,-1.87109375,12.41796875,42.76171875,0.0,1.83203125,14.38671875,38.93359375,0.0,0.0,30.89453125,0.0,5.601165771484375
34.136,-0.11023622047244094,-0.34375,-0.0078125,0.24218750000000003,-0.24218749999999997,-0.24218750000000003,0.24218749999999997,-6.9410858154296875,2.6875,21.08203125,37.40234375,0.0,-2.66796875,11.49609375,40.2734375,-6.8145904541015625,-2.58203125,15.3046875,43.3359375,0.0,2.55078125,15.69921875,38.93359375,0.0,0.0,31.0859375,0.0,5.6207122802734375
34.318,-0.16535433070866143,-0.421875,-0.0078125,0.45730441472845484,-0.35883857648956685,-0.45730441472845484,0.35883857648956685,-43.34526062011719,4.69140625,23.97265625,37.59375,0.0,-3.76171875,14.25390625,41.23046875,-63.94990539550781,-4.56640625,21.08203125,42.76171875,0.0,3.6796875,14.25390625,38.55078125,0.0,0.0,31.8515625,0.0,5.601165771484375
34.498,-0.07874015748031496,-0.2421875,-0.0078125,0.5614570989452252,-0.3155186847382839,-0.5614570989452252,0.3155186847382839,-114.5823974609375,5.7421875,22.52734375,36.828125,0.0,-3.2421875,13.859375,40.2734375,-128.5699920654297,-5.82421875,21.21484375,42.953125,0.0,3.37109375,17.2734375,39.125,0.0,0.0,30.51171875,0.0,5.601165771484375
34.678,-0.007874015748031496,0.0,-0.0078125,0.0,0.0,-0.0,-0.0,-50.25190734863281,0.0,0.0,38.16796875,0.0,0.0,0.0,40.84765625,-32.70005798339844,0.0,0.0,42.953125,0.0,0.0,0.0,39.5078125,0.0,0.0,30.12890625,0.0,5.601165771484375
34.844,-0.0,0.0,-0.0078125,0.0,0.0,-0.0,-0.0,9.714508056640625,0.0,0.0,37.9765625,0.0,0.0,0.0,41.23046875,-28.600799560546875,0.0,0.0,42.76171875,0.0,0.0,0.0,39.69921875,0.0,0.0,30.51171875,0.0,5.601165771484375
35.014,-0.0,0.0,-0.0078125,0.0,0.0,-0.0,-0.0,0.0,0.0,0.0,38.359375,0.0,0.0,0.0,41.23046875,-23.40777587890625,0.0,0.0,42.5703125,0.0,0.0,0.0,39.125,0.0,0.0,30.51171875,0.0,5.601165771484375
35.196,0.0078125,0.0,-0.0078125,0.0,0.0,-0.0,-0.0,0.0,0.0,0.0,37.40234375,0.0,0.0,0.0,40.46484375,-8.00390625,0.0,0.0,43.3359375,0.0,0.0,0.0,39.5078125,0.0,0.0,30.89453125,0.0,5.5913848876953125
35.356,-0.047244094488188976,0.0,-0.0078125,0.0,0.0,-0.0,-0.0,0.0,0.0,0.0,38.7421875,0.0,0.0,0.0,40.84765625,0.0,0.0,0.0,42.76171875,0.0,0.0,0.0,39.125,0.0,0.0,31.0859375,0.0,5.601165771484375
35.513,-0.06299212598425197,0.0,-0.0078125,0.0,0.0,-0.0,-0.0,0.0,0.0,0.0,36.4453125,0.0,0.0,0.0,40.65625,2.9996795654296875,0.0,0.0,42.76171875,0.0,0.0,0.0,39.31640625,0.0,0.0,30.703125,0.0,5.601165771484375
35.679,-0.07874015748031496,0.0,-0.0078125,0.0,0.0,-0.0,-0.0,0.0,0.0,0.0,37.40234375,0.0,0.0,0.0,41.23046875,0.0,0.0,0.0,42.953125,0.0,0.0,0.0,38.93359375,0.0,0.0,30.89453125,0.0,5.6109466552734375
35.874,-0.07874015748031496,0.0,-0.0078125,0.0,0.0,-0.0,-0.0,0.0,0.0,0.0,37.59375,0.0,0.0,0.0,41.0390625,0.0,0.0,0.0,42.953125,0.0,0.0,0.0,39.125,0.0,0.0,30.3203125,0.0,5.601165771484375
36.035,-0.07874015748031496,0.0,-0.0078125,0.0,0.0,-0.0,-0.0,0.0,0.0,0.0,37.9765625,0.0,0.0,0.0,40.65625,0.0,0.0,0.0,42.5703125,0.0,0.0,0.0,39.69921875,0.0,0.0,30.51171875,0.0,5.601165771484375
36.194,-0.007874015748031496,0.0,-0.0078125,0.0,0.0,-0.0,-0.0,0.0,0.0,0.0,38.16796875,0.0,0.0,0.0,41.0390625,0.0,0.0,0.0,42.76171875,0.0,0.0,0.0,39.125,0.0,0.0,31.0859375,0.0,5.601165771484375
36.355,-0.0,0.0,-0.0078125,0.0,0.0,-0.0,-0.0,0.0,0.0,0.0,38.55078125,0.0,0.0,0.0,41.23046875,0.0,0.0,0.0,43.52734375,0.0,0.0,0.0,39.31640625,0.0,0.0,30.89453125,0.0,5.601165771484375
36.516,-0.0,0.0,-0.0078125,0.0,0.0,-0.0,-0.0,0.0,0.0,0.0,37.9765625,0.0,0.0,0.0,41.0390625,0.0,0.0,0.0,42.76171875,0.0,0.0,0.0,39.31640625,0.0,0.0,31.0859375,0.0,5.601165771484375
36.673,-0.07874015748031496,0.0,-0.0078125,0.0,0.0,-0.0,-0.0,0.0,0.0,0.0,37.9765625,0.0,0.0,0.0,40.84765625,0.0,0.0,0.0,42.5703125,0.0,0.0,0.0,39.125,0.0,0.0,30.89453125,0.0,5.5913848876953125
36.836,-0.0,0.0,-0.0078125,0.0,0.0,-0.0,-0.0,0.0,0.0,0.0,37.9765625,0.0,0.0,0.0,40.65625,0.0,0.0,0.0,43.71875,0.0,0.0,0.0,38.7421875,0.0,0.0,30.51171875,0.0,5.601165771484375
37.004,-0.06299212598425197,0.0,-0.0078125,0.0,0.0,-0.0,-0.0,0.0,0.0,0.0,37.9765625,0.0,0.0,0.0,40.65625,0.0,0.0,0.0,42.76171875,0.0,0.0,0.0,39.69921875,0.0,0.0,30.703125,0.0,5.601165771484375
37.18,-0.07874015748031496,0.0,-0.0703125,0.0,0.0,-0.0,-0.0,0.0,0.0,0.0,38.55078125,0.0,0.0,0.0,40.46484375,0.0,0.0,0.0,42.953125,0.0,0.0,0.0,39.69921875,0.0,0.0,30.51171875,0.0,5.601165771484375
37.343,-0.09448818897637795,0.0,-0.2734375,0.0,0.0,-0.0,-0.0,0.0,0.0,0.0,38.16796875,0.0,0.0,0.0,41.0390625,0.0,0.0,0.0,43.3359375,0.0,0.0,0.0,39.125,0.0,0.0,30.3203125,0.0,5.6402587890625
37.5,-0.0,0.0,-0.5,-0.16015625,-0.16015625,-0.16015625,-0.16015625,-5.0302734375,-1.8671875,15.9609375,38.55078125,0.0,-1.8203125,8.609375,41.0390625,-22.052734375,-1.85546875,12.6796875,42.5703125,0.0,-1.859375,11.234375,39.5078125,0.0,0.0,30.3203125,0.0,5.6109466552734375
37.673,-0.0,0.0,-0.5,-0.25,-0.25,-0.25,-0.25,-3.657257080078125,-2.77734375,20.6875,36.828125,0.0,-2.76953125,13.3359375,40.2734375,-4.5050811767578125,-2.76953125,17.66796875,42.76171875,0.0,-2.8046875,15.4375,38.93359375,0.0,0.0,30.51171875,0.0,5.6109466552734375
37.844,-0.0,0.0,-0.5,-0.25,-0.25,-0.25,-0.25,-2.6759490966796875,-2.82421875,13.9921875,37.78515625,0.0,-2.76953125,12.0234375,40.2734375,-17.793670654296875,-2.7890625,15.17578125,41.99609375,0.0,-2.84765625,10.97265625,38.93359375,0.0,0.0,30.3203125,0.0,5.6207122802734375
38.017,-0.0,0.0,-0.421875,-0.25,-0.25,-0.25,-0.25,0.0,-2.82421875,15.04296875,37.78515625,0.0,-2.77734375,11.3671875,40.08203125,-28.373611450195312,-2.82421875,15.17578125,42.5703125,0.0,-2.91015625,9.3984375,39.125,0.0,0.0,30.3203125,0.0,5.6109466552734375
38.185,-0.0,0.0,0.031496062992125984,-0.125,-0.125,-0.125,-0.125,0.0,-1.48828125,4.01171875,38.7421875,0.0,-1.4296875,8.609375,40.2734375,-28.227188110351562,-1.484375,7.42578125,43.3359375,0.0,-1.4921875,4.93359375,38.7421875,0.0,0.0,30.703125,0.0,5.601165771484375
38.366,-0.06299212598425197,-0.203125,-0.0078125,0.0,0.0,-0.0,-0.0,0.0,0.0,0.0,37.9765625,0.0,0.0,0.0,41.0390625,-15.699676513671875,0.0,0.0,43.14453125,0.0,0.0,0.0,39.69921875,0.0,0.0,30.51171875,0.0,5.601165771484375
38.538,-0.07874015748031496,-0.28125,-0.0078125,0.22656250000000003,-0.22656249999999997,-0.22656250000000003,0.22656249999999997,0.0,2.5390625,20.55859375,37.2109375,0.0,-2.52734375,15.17578125,40.46484375,-16.8946533203125,-2.47265625,17.93359375,42.76171875,0.0,2.43359375,15.17578125,39.31640625,0.0,0.0,31.0859375,0.0,5.601165771484375
38.717,-0.12598425196850394,-0.5,-0.0078125,0.34375000000000006,-0.34374999999999994,-0.34375000000000006,0.34374999999999994,-24.3486328125,3.66015625,21.609375,38.7421875,0.0,-3.6875,16.75,40.46484375,-15.17095947265625,-3.4453125,22.39453125,42.76171875,0.0,3.39453125,18.58984375,38.7421875,0.0,0.0,31.0859375,0.0,5.601165771484375
38.915,-0.12598425196850394,-0.5390625,-0.0078125,0.5204936535278905,-0.5505736970005229,-0.5204936535278905,0.5505736970005229,-40.11616516113281,5.01171875,21.609375,37.01953125,0.0,-5.44140625,23.7109375,40.08203125,-87.8055419921875,-4.94140625,20.8203125,42.37890625,0.0,5.14453125,22.1328125,37.9765625,0.0,0.0,31.8515625,0.0,5.5816192626953125
39.112,-0.12598425196850394,-0.5390625,-0.0078125,0.5448922702538639,-0.6065242795753492,-0.5448922702538639,0.6065242795753492,19.751358032226562,5.24609375,21.87109375,37.01953125,0.0,-5.9921875,26.203125,40.46484375,-95.29008483886719,-5.078125,21.21484375,42.1875,0.0,5.5859375,24.7578125,38.93359375,0.0,0.0,31.0859375,0.0,5.5913848876953125
39.296,0.0078125,0.03937007874015748,-0.0078125,0.5448922702538639,-0.6065242795753492,-0.5448922702538639,0.6065242795753492,-149.52105712890625,5.34375,20.55859375,36.63671875,0.0,-6.015625,21.34765625,39.890625,-126.00904846191406,-5.57421875,19.5078125,42.5703125,0.0,6.09765625,25.0234375,38.55078125,0.0,0.0,30.12890625,0.0,5.6109466552734375
39.46,0.0234375,-0.0078125,-0.0078125,0.0,0.0,-0.0,-0.0,-35.17674255371094,0.0,0.0,38.16796875,0.0,0.0,0.0,41.0390625,-19.216033935546875,0.0,0.0,43.3359375,0.0,0.0,0.0,38.93359375,0.0,0.0,32.04296875,0.0,5.601165771484375
39.624,0.171875,-0.203125,-0.0078125,0.0,0.0,-0.0,-0.0,0.0,0.0,0.0,37.9765625,0.0,0.0,0.0,41.23046875,16.449615478515625,0.0,0.0,42.37890625,0.0,0.0,0.0,39.5078125,0.0,0.0,30.89453125,0.0,5.601165771484375
39.789,0.6640625,-0.203125,-0.0078125,0.015328144276344768,-0.5098688029688856,-0.015328144276344768,0.5098688029688856,0.0,0.0,0.0,38.16796875,0.0,-5.3984375,27.125,40.08203125,8.363845825195312,0.0,0.0,42.953125,0.0,4.3359375,27.38671875,38.55078125,0.0,0.0,30.703125,0.0,5.6109466552734375
39.975,0.8671875,-0.265625,-0.0078125,-0.6941901340720668,-0.9479756863557568,0.6941901340720668,0.9479756863557568,0.0,-5.73828125,27.6484375,37.59375,0.0,-7.69921875,21.21484375,40.2734375,131.39434814453125,5.24609375,18.32421875,42.76171875,0.0,6.96484375,36.4453125,38.55078125,0.0,0.0,31.0859375,0.0,5.6109466552734375
40.136,0.8671875,-0.265625,-0.0078125,-0.8631334176990284,-0.9939093230149987,0.8631334176990284,0.9939093230149987,-2.9610443115234375,-6.828125,28.69921875,37.78515625,0.0,-8.26171875,22.00390625,41.421875,201.8927459716797,6.58203125,18.71875,42.76171875,0.0,8.15234375,30.80078125,39.5078125,0.0,0.0,30.703125,0.0,5.601165771484375
40.306,0.8671875,-0.265625,-0.0078125,-0.8631334176990284,-0.9939093230149987,0.8631334176990284,0.9939093230149987,47.43376159667969,-7.46484375,21.08203125,37.59375,0.0,-8.96484375,20.42578125,40.84765625,232.55813598632812,7.0078125,17.66796875,42.37890625,0.0,9.20703125,24.7578125,39.125,0.0,0.0,31.27734375,0.0,5.6109466552734375
40.476,0.703125,-0.265625,-0.0078125,-0.7378,-0.959225,0.7378,0.959225,-246.6756591796875,-7.1328125,13.73046875,37.40234375,0.0,-9.10546875,14.78125,40.2734375,299.5553436279297,7.15625,9.265625,42.5703125,0.0,9.13671875,21.34765625,38.93359375,0.0,0.0,30.703125,0.0,5.5913848876953125
40.636,0.34375,-0.1015625,-0.0078125,-0.47910875526311303,-0.8951141048872373,0.47910875526311303,0.8951141048872373,68.09716796875,-5.08984375,3.6171875,37.9765625,0.0,-9.06640625,17.5390625,39.5078125,280.90708923339844,5.3046875,0.0,42.76171875,0.0,9.4375,17.40625,38.7421875,0.0,0.0,31.66015625,0.0,5.601165771484375
40.797,-0.023622047244094488,0.0,-0.0078125,-0.1328125,-0.1328125,0.1328125,0.1328125,-88.87654113769531,-1.62109375,0.0,38.16796875,0.0,-1.59375,0.0,40.65625,197.0746612548828,1.64453125,0.0,41.421875,0.0,1.59375,0.0,39.69921875,0.0,0.0,30.703125,0.0,5.5913848876953125
40.981,-0.06299212598425197,-0.0625,-0.0078125,0.0,0.0,-0.0,-0.0,30.655746459960938,0.0,0.0,38.7421875,0.0,0.0,0.0,40.2734375,150.06446838378906,0.0,0.0,42.76171875,0.0,0.0,0.0,39.890625,0.0,0.0,31.46875,0.0,5.6109466552734375
41.156,-0.06299212598425197,-0.0625,-0.0078125,0.0,0.0,-0.0,-0.0,-196.99378967285156,0.0,0.0,37.59375,0.0,0.0,0.0,40.84765625,169.37937927246094,0.0,0.0,42.953125,0.0,0.0,0.0,39.125,0.0,0.0,30.89453125,0.0,5.601165771484375
41.322,0.0078125,-0.0078125,-0.0078125,0.0,0.0,-0.0,-0.0,-141.60858154296875,0.0,0.0,38.16796875,0.0,0.0,0.0,39.69921875,129.36697387695312,0.0,0.0,42.76171875,0.0,0.0,0.0,39.125,0.0,0.0,31.27734375,0.0,5.601165771484375
41.495,0.0234375,-0.0078125,-0.0078125,0.0,0.0,-0.0,-0.0,-25.841354370117188,0.0,0.0,37.78515625,0.0,0.0,0.0,40.08203125,145.3994598388672,0.0,0.0,42.76171875,0.0,0.0,0.0,39.890625,0.0,0.0,30.51171875,0.0,5.601165771484375
41.666,0.2265625,-0.140625,-0.0078125,0.0,0.0,-0.0,-0.0,-44.709381103515625,0.0,0.0,38.7421875,0.0,0.0,0.0,41.0390625,109.62971496582031,0.0,0.0,42.953125,0.0,0.0,0.0,39.5078125,0.0,0.0,30.51171875,0.0,5.6207122802734375
41.837,0.3828125,-0.2265625,-0.0078125,-0.1092588821722614,-0.5406147533489927,0.1092588821722614,0.5406147533489927,-8.1512451171875,-1.2421875,3.6171875,37.78515625,0.0,-5.85546875,12.28515625,40.65625,48.59405517578125,1.21875,2.04296875,42.953125,0.0,5.453125,27.38671875,38.16796875,0.0,0.0,32.6171875,0.0,5.6402587890625
42.018,0.078125,-0.046875,-0.0078125,0.02575500261813518,-0.5465264709732551,-0.02575500261813518,0.5465264709732551,-46.160491943359375,0.0,0.0,37.9765625,0.0,-5.91796875,15.56640625,41.23046875,110.08541870117188,0.0,0.0,42.5703125,0.0,5.953125,20.03125,39.125,0.0,0.0,30.51171875,0.0,5.601165771484375
42.185,0.0078125,-0.0078125,-0.0078125,0.0,0.0,-0.0,-0.0,-20.04278564453125,0.0,0.0,37.9765625,0.0,0.0,0.0,40.65625,173.53578186035156,0.0,0.0,42.953125,0.0,0.0,0.0,39.31640625,0.0,0.0,30.51171875,0.0,5.601165771484375
42.353,0.0078125,-0.0078125,-0.0078125,0.0,0.0,-0.0,-0.0,26.9869384765625,0.0,0.0,38.16796875,0.0,0.0,0.0,41.0390625,46.385772705078125,0.0,0.0,43.14453125,0.0,0.0,0.0,39.31640625,0.0,0.0,29.74609375,0.0,5.6109466552734375
42.515,-0.0,-0.0078125,-0.0078125,0.0,0.0,-0.0,-0.0,12.952239990234375,0.0,0.0,38.93359375,0.0,0.0,0.0,41.23046875,136.6402130126953,0.0,0.0,43.14453125,0.0,0.0,0.0,39.125,0.0,0.0,30.51171875,0.0,5.601165771484375
42.686,-0.0,-0.0078125,-0.0078125,0.0,0.0,-0.0,-0.0,-19.503662109375,0.0,0.0,37.78515625,0.0,0.0,0.0,41.421875,71.30918884277344,0.0,0.0,42.76171875,0.0,0.0,0.0,39.890625,0.0,0.0,29.9375,0.0,5.601165771484375
42.864,-0.0,-0.0078125,-0.0078125,0.0,0.0,-0.0,-0.0,0.0,0.0,0.0,38.16796875,0.0,0.0,0.0,40.65625,57.07914733886719,0.0,0.0,42.953125,0.0,0.0,0.0,39.31640625,0.0,0.0,30.51171875,0.0,5.601165771484375
43.038,-0.03937007874015748,-0.0078125,-0.0078125,0.0,0.0,-0.0,-0.0,-37.96568298339844,0.0,0.0,38.359375,0.0,0.0,0.0,41.8046875,49.184722900390625,0.0,0.0,42.37890625,0.0,0.0,0.0,39.69921875,0.0,0.0,31.0859375,0.0,5.601165771484375
43.202,-0.11023622047244094,0.0,-0.0078125,0.0,0.0,-0.0,-0.0,0.0,0.0,0.0,37.9765625,0.0,0.0,0.0,40.84765625,38.70343017578125,0.0,0.0,42.5703125,0.0,0.0,0.0,38.93359375,0.0,0.0,30.703125,0.0,5.5913848876953125
43.373,-0.12598425196850394,0.0,-0.0078125,0.11023622047244097,0.11023622047244092,-0.11023622047244097,-0.11023622047244092,0.0,1.2890625,16.48828125,37.9765625,0.0,1.3046875,8.21484375,40.46484375,-18.7470703125,-1.296875,7.953125,42.76171875,0.0,-1.30078125,8.87109375,39.125,0.0,0.0,30.703125,0.0,5.659820556640625
43.542,-0.12598425196850394,0.0,-0.0078125,0.12598425196850396,0.1259842519685039,-0.12598425196850396,-0.1259842519685039,0.0,1.4765625,11.3671875,38.7421875,0.0,1.48046875,5.58984375,40.2734375,-22.580398559570312,-1.484375,6.90234375,42.953125,0.0,-1.49609375,8.34765625,39.31640625,0.0,0.0,29.9375,0.0,5.6304931640625
43.705,-0.12598425196850394,0.0,-0.0078125,0.12598425196850396,0.1259842519685039,-0.12598425196850396,-0.1259842519685039,0.0,1.48046875,10.4453125,37.40234375,0.0,1.4921875,4.66796875,40.84765625,-30.439468383789062,-1.484375,6.24609375,43.14453125,0.0,-1.48828125,7.69140625,39.125,0.0,0.0,30.51171875,0.0,5.601165771484375
43.89,-0.03937007874015748,0.0,-0.0078125,0.12598425196850396,0.1259842519685039,-0.12598425196850396,-0.1259842519685039,0.0,1.48046875,10.83984375,37.2109375,0.0,1.4921875,5.0625,40.65625,-32.852813720703125,-1.49609375,5.32421875,42.76171875,0.0,-1.5,6.76953125,38.7421875,0.0,0.0,31.46875,0.0,5.6109466552734375
44.074,-0.0,0.0,-0.0078125,0.0,0.0,-0.0,-0.0,0.0,0.0,0.0,37.59375,0.0,0.0,0.0,40.08203125,-19.607940673828125,0.0,0.0,42.953125,0.0,0.0,0.0,38.7421875,0.0,0.0,30.703125,0.0,5.6109466552734375
