Timestamp,Driver_Joy_Y,Driver_Joy_X,Driver_Joy_W,Mecanum_FL,Mecanum_BL,Mecanum_BR,Mecanum_FR,FL_Jag_Speed,FL_Out_Voltage,FL_Out_Current,FL_Temp,BL_Jag_Speed,BL_Out_Voltage,BL_Out_Current,BL_Temp,BR_Jag_Speed,BR_Out_Voltage,BR_Out_Current,BR_Temp,FR_Jag_Speed,FR_Out_Voltage,FR_Out_Current,FR_Temp,Pickup_Out_Voltage,Pickup_Out_Current,Pickup_Temp,SH1_Out_Voltage,SH1_Out_Current,SH1_Temp,SH2_Out_Voltage,SH2_Out_Current,SH2_Temp,SHmain_Speed,SHmain_Angle
0.0050,-0.0,0.031496062992125984,0.0,0.0,0.0,-0.0,-0.0,0.0,0.0,0.0,23.62109375,0.0,0.0,0.0,26.68359375,0.0,0.0,0.0,26.109375,0.0,0.0,0.0,24.00390625,0.0,0.0,24.76953125,0.0,4.6822967529296875
0.177,-0.0,0.031496062992125984,0.0,0.0,0.0,-0.0,-0.0,0.0,0.0,0.0,22.85546875,0.0,0.0,0.0,26.109375,0.0,0.0,0.0,26.30078125,0.0,0.0,0.0,24.578125,0.0,0.0,24.9609375,0.0,4.6822967529296875
0.347,-0.0,0.031496062992125984,0.0,0.0,0.0,-0.0,-0.0,0.0,0.0,0.0,24.00390625,0.0,0.0,0.0,26.109375,0.0,0.0,0.0,26.4921875,0.0,0.0,0.0,24.578125,0.0,0.0,24.76953125,0.0,4.6822967529296875
0.506,-0.0,0.031496062992125984,0.0,0.0,0.0,-0.0,-0.0,0.0,0.0,0.0,23.8125,0.0,0.0,0.0,26.4921875,0.0,0.0,0.0,25.91796875,0.0,0.0,0.0,23.8125,0.0,0.0,24.9609375,0.0,4.69207763671875
0.677,-0.0,0.031496062992125984,0.0,0.0,0.0,-0.0,-0.0,0.0,0.0,0.0,23.4296875,0.0,0.0,0.0,27.06640625,0.0,0.0,0.0,25.91796875,0.0,0.0,0.0,24.38671875,0.0,0.0,24.9609375,0.0,4.69207763671875
0.846,-0.0,0.031496062992125984,0.0,0.0,0.0,-0.0,-0.0,0.0,0.0,0.0,23.62109375,0.0,0.0,0.0,26.875,0.0,0.0,0.0,26.109375,0.0,0.0,0.0,24.00390625,0.0,0.0,23.4296875,0.0,4.69207763671875
1.006,-0.0,0.031496062992125984,0.0,0.0,0.0,-0.0,-0.0,0.0,0.0,0.0,23.4296875,0.0,0.0,0.0,26.30078125,0.0,0.0,0.0,26.109375,0.0,0.0,0.0,24.1953125,0.0,0.0,25.53515625,0.0,4.69207763671875
1.186,-0.0,0.031496062992125984,0.0,0.0,0.0,-0.0,-0.0,0.0,0.0,0.0,23.4296875,0.0,0.0,0.0,26.30078125,0.0,0.0,0.0,26.30078125,0.0,0.0,0.0,24.38671875,0.0,0.0,24.38671875,0.0,4.6822967529296875
1.357,-0.0,0.031496062992125984,0.0,0.0,0.0,-0.0,-0.0,0.0,0.0,0.0,23.8125,0.0,0.0,0.0,26.30078125,0.0,0.0,0.0,25.7265625,0.0,0.0,0.0,23.62109375,0.0,0.0,25.15234375,0.0,4.69207763671875
1.523,-0.0,0.031496062992125984,0.0,0.0,0.0,-0.0,-0.0,0.0,0.0,0.0,23.8125,0.0,0.0,0.0,26.30078125,0.0,0.0,0.0,26.109375,0.0,0.0,0.0,23.62109375,0.0,0.0,24.9609375,0.0,4.7409515380859375
1.696,-0.0,0.031496062992125984,0.0,0.0,0.0,-0.0,-0.0,0.0,0.0,0.0,23.8125,0.0,0.0,0.0,27.06640625,0.0,0.0,0.0,26.4921875,0.0,0.0,0.0,24.00390625,0.0,0.0,24.9609375,0.0,4.789825439453125
1.858,-0.0,0.031496062992125984,0.0,0.0,0.0,-0.0,-0.0,0.0,0.0,0.0,23.8125,0.0,0.0,0.0,26.4921875,0.0,0.0,0.0,26.4921875,0.0,0.0,0.0,24.00390625,0.0,0.0,24.9609375,0.0,4.81915283203125
2.036,-0.0,0.031496062992125984,0.0,0.0,0.0,-0.0,-0.0,0.0,0.0,0.0,23.4296875,0.0,0.0,0.0,26.4921875,0.0,0.0,0.0,26.109375,0.0,0.0,0.0,24.38671875,0.0,0.0,26.109375,0.0,4.8778076171875
2.215,-0.0,0.031496062992125984,0.0,0.0,0.0,-0.0,-0.0,0.0,0.0,0.0,23.4296875,0.0,0.0,0.0,26.68359375,0.0,0.0,0.0,25.7265625,0.0,0.0,0.0,24.1953125,0.0,0.0,24.76953125,0.0,4.94622802734375
2.383,-0.0,0.031496062992125984,0.0,0.0,0.0,-0.0,-0.0,0.0,0.0,0.0,23.4296875,0.0,0.0,0.0,27.2578125,0.0,0.0,0.0,25.91796875,0.0,0.0,0.0,24.00390625,0.0,0.0,24.76953125,0.0,4.9853363037109375
2.54,-0.0,0.031496062992125984,0.0,0.0,0.0,-0.0,-0.0,0.0,0.0,0.0,24.00390625,0.0,0.0,0.0,26.68359375,0.0,0.0,0.0,26.109375,0.0,0.0,0.0,24.1953125,0.0,0.0,24.76953125,0.0,5.0146484375
2.703,-0.0,0.031496062992125984,0.0,0.0,0.0,-0.0,-0.0,0.0,0.0,0.0,23.4296875,0.0,0.0,0.0,26.68359375,0.0,0.0,0.0,26.4921875,0.0,0.0,0.0,24.1953125,0.0,0.0,25.34375,0.0,5.034210205078125
2.876,-0.0,0.031496062992125984,0.0,0.0,0.0,-0.0,-0.0,0.0,0.0,0.0,23.62109375,0.0,0.0,0.0,26.68359375,0.0,0.0,0.0,26.109375,0.0,0.0,0.0,24.00390625,0.0,0.0,23.8125,0.0,5.034210205078125
3.047,-0.0,0.031496062992125984,0.0,0.0,0.0,-0.0,-0.0,0.0,0.0,0.0,23.8125,0.0,0.0,0.0,26.4921875,0.0,0.0,0.0,26.109375,0.0,0.0,0.0,24.578125,0.0,0.0,24.38671875,0.0,4.9853363037109375
3.217,-0.0,0.031496062992125984,0.0,0.0,0.0,-0.0,-0.0,0.0,0.0,0.0,23.4296875,0.0,0.0,0.0,26.4921875,0.0,0.0,0.0,26.30078125,0.0,0.0,0.0,24.1953125,0.0,0.0,25.53515625,0.0,4.94622802734375
3.379,-0.0,0.031496062992125984,0.0,0.0,0.0,-0.0,-0.0,0.0,0.0,0.0,23.046875,0.0,0.0,0.0,26.875,0.0,0.0,0.0,25.91796875,0.0,0.0,0.0,23.4296875,0.0,0.0,24.38671875,0.0,4.94622802734375
3.546,-0.0,0.031496062992125984,0.0,0.0,0.0,-0.0,-0.0,0.0,0.0,0.0,23.046875,0.0,0.0,0.0,26.68359375,0.0,0.0,0.0,25.91796875,0.0,0.0,0.0,24.578125,0.0,0.0,25.15234375,0.0,4.9364471435546875
3.716,-0.0,0.031496062992125984,0.0,0.0,0.0,-0.0,-0.0,0.0,0.0,0.0,23.8125,0.0,0.0,0.0,26.4921875,0.0,0.0,0.0,26.109375,0.0,0.0,0.0,23.8125,0.0,0.0,25.34375,0.0,4.9364471435546875
3.905,-0.0,0.031496062992125984,0.0,0.0,0.0,-0.0,-0.0,0.0,0.0,0.0,23.4296875,0.0,0.0,0.0,26.4921875,0.0,0.0,0.0,25.7265625,0.0,0.0,0.0,24.578125,0.0,0.0,25.7265625,0.0,4.94622802734375
4.077,-0.0,0.031496062992125984,0.0,0.0,0.0,-0.0,-0.0,0.0,0.0,0.0,24.1953125,0.0,0.0,0.0,26.4921875,0.0,0.0,0.0,26.4921875,0.0,0.0,0.0,24.00390625,0.0,0.0,25.7265625,0.0,4.94622802734375
4.238,-0.0,0.031496062992125984,0.0,0.0,0.0,-0.0,-0.0,0.0,0.0,0.0,23.62109375,0.0,0.0,0.0,27.06640625,0.0,0.0,0.0,26.30078125,0.0,0.0,0.0,24.38671875,0.0,0.0,24.9609375,0.0,4.94622802734375
4.399,-0.0,0.031496062992125984,0.0,0.0,0.0,-0.0,-0.0,0.0,0.0,0.0,23.8125,0.0,0.0,0.0,27.640625,0.0,0.0,0.0,25.53515625,0.0,0.0,0.0,24.38671875,0.0,0.0,25.53515625,0.0,4.9364471435546875
4.565,-0.0,0.031496062992125984,0.0,0.0,0.0,-0.0,-0.0,0.0,0.0,0.0,23.62109375,0.0,0.0,0.0,26.4921875,0.0,0.0,0.0,26.109375,0.0,0.0,0.0,24.38671875,0.0,0.0,24.38671875,0.0,4.94622802734375
4.727,-0.0,0.031496062992125984,0.0,0.0,0.0,-0.0,-0.0,0.0,0.0,0.0,24.578125,0.0,0.0,0.0,27.06640625,0.0,0.0,0.0,25.7265625,0.0,0.0,0.0,23.62109375,0.0,0.0,24.9609375,0.0,4.9364471435546875
4.89,-0.0,0.031496062992125984,0.0,0.0,0.0,-0.0,-0.0,0.0,0.0,0.0,23.62109375,0.0,0.0,0.0,26.68359375,0.0,0.0,0.0,25.91796875,0.0,0.0,0.0,24.00390625,0.0,0.0,24.9609375,0.0,4.94622802734375
5.064,-0.0,0.031496062992125984,0.0,0.0,0.0,-0.0,-0.0,0.0,0.0,0.0,24.38671875,0.0,0.0,0.0,26.875,0.0,0.0,0.0,26.30078125,0.0,0.0,0.0,24.578125,0.0,0.0,22.85546875,0.0,4.9364471435546875
5.245,-0.0,0.031496062992125984,0.0,0.0,0.0,-0.0,-0.0,0.0,0.0,0.0,23.4296875,0.0,0.0,0.0,26.4921875,0.0,0.0,0.0,26.30078125,0.0,0.0,0.0,23.8125,0.0,0.0,24.578125,0.0,4.94622802734375
5.406,-0.0,0.031496062992125984,0.0,0.0,0.0,-0.0,-0.0,0.0,0.0,0.0,23.4296875,0.0,0.0,0.0,26.4921875,0.0,0.0,0.0,25.91796875,0.0,0.0,0.0,23.62109375,0.0,0.0,24.38671875,0.0,4.9364471435546875
5.564,-0.0,0.031496062992125984,0.0,0.0,0.0,-0.0,-0.0,0.0,0.0,0.0,24.38671875,0.0,0.0,0.0,26.30078125,0.0,0.0,0.0,26.109375,0.0,0.0,0.0,23.8125,0.0,0.0,24.38671875,0.0,4.94622802734375
5.718,-0.0,0.031496062992125984,0.0,0.0,0.0,-0.0,-0.0,0.0,0.0,0.0,23.62109375,0.0,0.0,0.0,26.68359375,0.0,0.0,0.0,25.7265625,0.0,0.0,0.0,24.1953125,0.0,0.0,24.578125,0.0,4.9364471435546875
5.916,-0.0,0.031496062992125984,0.0,0.0,0.0,-0.0,-0.0,0.0,0.0,0.0,23.8125,0.0,0.0,0.0,26.68359375,0.0,0.0,0.0,26.30078125,0.0,0.0,0.0,24.1953125,0.0,0.0,24.38671875,0.0,4.94622802734375
6.087,-0.0,0.031496062992125984,0.0,0.0,0.0,-0.0,-0.0,0.0,0.0,0.0,24.00390625,0.0,0.0,0.0,26.68359375,0.0,0.0,0.0,26.109375,0.0,0.0,0.0,24.578125,0.0,0.0,25.15234375,0.0,4.9364471435546875
6.252,-0.0,0.031496062992125984,0.0,0.0,0.0,-0.0,-0.0,0.0,0.0,0.0,23.4296875,0.0,0.0,0.0,26.68359375,0.0,0.0,0.0,26.4921875,0.0,0.0,0.0,24.38671875,0.0,0.0,24.9609375,0.0,4.9364471435546875
6.415,-0.0,0.031496062992125984,0.0,0.0,0.0,-0.0,-0.0,0.0,0.0,0.0,23.62109375,0.0,0.0,0.0,26.4921875,0.0,0.0,0.0,26.109375,0.0,0.0,0.0,24.578125,0.0,0.0,25.53515625,0.0,4.94622802734375
6.584,-0.0,0.031496062992125984,0.0,0.0,0.0,-0.0,-0.0,0.0,0.0,0.0,24.38671875,0.0,0.0,0.0,26.4921875,0.0,0.0,0.0,25.91796875,0.0,0.0,0.0,24.38671875,0.0,0.0,25.15234375,0.0,4.9364471435546875
6.738,-0.0,0.031496062992125984,0.0,0.0,0.0,-0.0,-0.0,0.0,0.0,0.0,24.00390625,0.0,0.0,0.0,28.0234375,0.0,0.0,0.0,26.30078125,0.0,0.0,0.0,24.00390625,0.0,0.0,24.9609375,0.0,4.9364471435546875
6.919,-0.0,0.031496062992125984,0.0,0.0,0.0,-0.0,-0.0,0.0,0.0,0.0,25.91796875,0.0,0.0,0.0,26.30078125,0.0,0.0,0.0,26.4921875,0.0,0.0,0.0,24.00390625,0.0,0.0,24.9609375,0.0,4.9364471435546875
7.085,-0.0,0.031496062992125984,0.0,0.0,0.0,-0.0,-0.0,0.0,0.0,0.0,23.62109375,0.0,0.0,0.0,26.4921875,0.0,0.0,0.0,26.68359375,0.0,0.0,0.0,24.1953125,0.0,0.0,23.23828125,0.0,4.94622802734375
7.244,-0.0,0.031496062992125984,0.0,0.0,0.0,-0.0,-0.0,0.0,0.0,0.0,23.4296875,0.0,0.0,0.0,27.2578125,0.0,0.0,0.0,25.7265625,0.0,0.0,0.0,24.76953125,0.0,0.0,24.38671875,0.0,4.94622802734375
7.416,-0.0,0.031496062992125984,0.0,0.0,0.0,-0.0,-0.0,0.0,0.0,0.0,23.4296875,0.0,0.0,0.0,26.4921875,0.0,0.0,0.0,26.68359375,0.0,0.0,0.0,24.76953125,0.0,0.0,24.1953125,0.0,4.9364471435546875
7.579,-0.0,0.031496062992125984,0.0,0.0,0.0,-0.0,-0.0,0.0,0.0,0.0,23.62109375,0.0,0.0,0.0,26.875,0.0,0.0,0.0,26.30078125,0.0,0.0,0.0,24.1953125,0.0,0.0,25.15234375,0.0,4.94622802734375
7.769,-0.0,0.031496062992125984,0.0,0.0,0.0,-0.0,-0.0,0.0,0.0,0.0,23.4296875,0.0,0.0,0.0,26.68359375,0.0,0.0,0.0,26.4921875,0.0,0.0,0.0,24.578125,0.0,0.0,24.9609375,0.0,4.94622802734375
7.922,-0.0,0.031496062992125984,0.0,0.0,0.0,-0.0,-0.0,0.0,0.0,0.0,24.00390625,0.0,0.0,0.0,26.109375,0.0,0.0,0.0,26.68359375,0.0,0.0,0.0,24.00390625,0.0,0.0,24.9609375,0.0,4.9364471435546875
8.103,-0.0,0.031496062992125984,0.0,0.0,0.0,-0.0,-0.0,0.0,0.0,0.0,23.23828125,0.0,0.0,0.0,26.109375,0.0,0.0,0.0,25.53515625,0.0,0.0,0.0,24.1953125,0.0,0.0,25.53515625,0.0,4.94622802734375
8.286,-0.0,0.031496062992125984,0.0,0.0,0.0,-0.0,-0.0,0.0,0.0,0.0,24.00390625,0.0,0.0,0.0,26.4921875,0.0,0.0,0.0,26.109375,0.0,0.0,0.0,24.1953125,0.0,0.0,24.9609375,0.0,4.9364471435546875
8.455,-0.0,0.031496062992125984,0.0,0.0,0.0,-0.0,-0.0,0.0,0.0,0.0,23.8125,0.0,0.0,0.0,26.4921875,0.0,0.0,0.0,26.30078125,0.0,0.0,0.0,24.1953125,0.0,0.0,24.578125,0.0,4.94622802734375
8.617,-0.0,0.031496062992125984,0.0,0.0,0.0,-0.0,-0.0,0.0,0.0,0.0,23.62109375,0.0,0.0,0.0,26.30078125,0.0,0.0,0.0,26.109375,0.0,0.0,0.0,24.1953125,0.0,0.0,24.578125,0.0,4.94622802734375
8.777,-0.0,0.031496062992125984,0.0,0.0,0.0,-0.0,-0.0,0.0,0.0,0.0,23.23828125,0.0,0.0,0.0,26.4921875,0.0,0.0,0.0,26.30078125,0.0,0.0,0.0,24.38671875,0.0,0.0,25.7265625,0.0,4.9364471435546875
8.946,-0.0,0.031496062992125984,0.0,0.0,0.0,-0.0,-0.0,0.0,0.0,0.0,23.4296875,0.0,0.0,0.0,27.06640625,0.0,0.0,0.0,25.91796875,0.0,0.0,0.0,24.00390625,0.0,0.0,24.1953125,0.0,4.94622802734375
9.107,-0.0,0.031496062992125984,0.0,0.0,0.0,-0.0,-0.0,0.0,0.0,0.0,23.4296875,0.0,0.0,0.0,27.44921875,0.0,0.0,0.0,25.91796875,0.0,0.0,0.0,24.1953125,0.0,0.0,24.1953125,0.0,4.9364471435546875
9.286,-0.0,0.031496062992125984,0.0,0.0,0.0,-0.0,-0.0,0.0,0.0,0.0,25.34375,0.0,0.0,0.0,26.4921875,0.0,0.0,0.0,25.91796875,0.0,0.0,0.0,24.578125,0.0,0.0,25.15234375,0.0,4.94622802734375
9.456,-0.0,0.031496062992125984,0.0,0.0,0.0,-0.0,-0.0,0.0,0.0,0.0,23.8125,0.0,0.0,0.0,26.30078125,0.0,0.0,0.0,26.30078125,0.0,0.0,0.0,24.38671875,0.0,0.0,24.578125,0.0,4.9853363037109375
S: 9.504 163223959996 Fired
9.605,-0.0,0.031496062992125984,0.0,0.0,0.0,-0.0,-0.0,0.0,0.0,0.0,23.046875,0.0,0.0,0.0,26.4921875,0.0,0.0,0.0,25.91796875,0.0,0.0,0.0,24.1953125,0.0,0.0,25.15234375,0.0,4.3108367919921875
9.8,-0.0,0.031496062992125984,0.0,0.0,0.0,-0.0,-0.0,0.0,0.0,0.0,23.62109375,0.0,0.0,0.0,26.4921875,-14.468887329101562,0.0,0.0,26.30078125,0.0,0.0,0.0,23.8125,0.0,0.0,24.578125,0.0,4.4965667724609375
9.958,-0.0,0.031496062992125984,0.0,0.0,0.0,-0.0,-0.0,0.0,0.0,0.0,23.23828125,0.0,0.0,0.0,26.68359375,-14.702789306640625,0.0,0.0,26.4921875,0.0,0.0,0.0,24.1953125,0.0,0.0,24.1953125,0.0,4.975555419921875
10.106,-0.0,0.031496062992125984,0.0,0.0,0.0,-0.0,-0.0,0.0,0.0,0.0,23.8125,0.0,0.0,0.0,27.83203125,4.4033050537109375,0.0,0.0,26.30078125,0.0,0.0,0.0,23.8125,0.0,0.0,24.578125,0.0,5.2101593017578125
10.264,-0.0,0.031496062992125984,0.0,0.0,0.0,-0.0,-0.0,0.0,0.0,0.0,23.62109375,0.0,0.0,0.0,27.640625,0.0,0.0,0.0,26.109375,0.0,0.0,0.0,24.76953125,0.0,0.0,24.76953125,0.0,5.219940185546875
10.416,-0.0,0.031496062992125984,0.0,0.0,0.0,-0.0,-0.0,0.0,0.0,0.0,23.8125,0.0,0.0,0.0,26.875,0.0,0.0,0.0,26.4921875,0.0,0.0,0.0,24.00390625,0.0,0.0,24.00390625,0.0,5.219940185546875
10.571,-0.0,0.031496062992125984,0.0,0.0,0.0,-0.0,-0.0,0.0,0.0,0.0,24.1953125,0.0,0.0,0.0,25.7265625,0.0,0.0,0.0,25.91796875,0.0,0.0,0.0,23.8125,0.0,0.0,24.38671875,0.0,5.219940185546875
10.719,-0.0,0.031496062992125984,0.0,0.0,0.0,-0.0,-0.0,0.0,0.0,0.0,23.8125,0.0,0.0,0.0,26.875,0.0,0.0,0.0,25.7265625,0.0,0.0,0.0,24.00390625,0.0,0.0,24.38671875,0.0,5.1808319091796875
10.883,-0.0,0.031496062992125984,0.0,0.0,0.0,-0.0,-0.0,0.0,0.0,0.0,23.62109375,0.0,0.0,0.0,25.15234375,0.0,0.0,0.0,26.30078125,0.0,0.0,0.0,23.62109375,0.0,0.0,25.34375,0.0,5.1515045166015625
11.041,-0.0,0.031496062992125984,0.0,0.0,0.0,-0.0,-0.0,0.0,0.0,0.0,23.62109375,0.0,0.0,0.0,26.4921875,0.0,0.0,0.0,25.91796875,0.0,0.0,0.0,23.4296875,0.0,0.0,25.7265625,0.0,5.1515045166015625
11.226,-0.0,0.031496062992125984,0.0,0.0,0.0,-0.0,-0.0,0.0,0.0,0.0,24.00390625,0.0,0.0,0.0,27.83203125,0.0,0.0,0.0,26.30078125,0.0,0.0,0.0,23.62109375,0.0,0.0,24.76953125,0.0,5.1417388916015625
11.395,-0.0,0.031496062992125984,0.0,0.0,0.0,-0.0,-0.0,0.0,0.0,0.0,24.38671875,0.0,0.0,0.0,25.53515625,0.0,0.0,0.0,25.91796875,0.0,0.0,0.0,24.38671875,0.0,0.0,25.15234375,0.0,5.1417388916015625
11.556,-0.0,0.031496062992125984,0.0,0.0,0.0,-0.0,-0.0,0.0,0.0,0.0,24.00390625,0.0,0.0,0.0,26.4921875,0.0,0.0,0.0,26.109375,0.0,0.0,0.0,24.00390625,0.0,0.0,25.91796875,0.0,5.1417388916015625
11.737,-0.0,0.031496062992125984,0.0,0.0,0.0,-0.0,-0.0,0.0,0.0,0.0,23.62109375,0.0,0.0,0.0,27.640625,0.0,0.0,0.0,25.53515625,0.0,0.0,0.0,23.8125,0.0,0.0,25.34375,0.0,5.1515045166015625
11.899,-0.0,0.031496062992125984,0.0,0.0,0.0,-0.0,-0.0,0.0,0.0,0.0,23.62109375,0.0,0.0,0.0,26.68359375,0.0,0.0,0.0,26.4921875,0.0,0.0,0.0,24.1953125,0.0,0.0,24.578125,0.0,5.1417388916015625
12.066,-0.0,0.031496062992125984,0.0,0.0,0.0,-0.0,-0.0,0.0,0.0,0.0,23.8125,0.0,0.0,0.0,26.68359375,0.0,0.0,0.0,26.109375,0.0,0.0,0.0,23.8125,0.0,0.0,25.15234375,0.0,5.1515045166015625
12.221,-0.0,0.031496062992125984,0.0,0.0,0.0,-0.0,-0.0,0.0,0.0,0.0,23.62109375,0.0,0.0,0.0,26.109375,0.0,0.0,0.0,26.4921875,0.0,0.0,0.0,24.578125,0.0,0.0,24.9609375,0.0,5.1515045166015625
12.396,-0.0,0.031496062992125984,0.0,0.0,0.0,-0.0,-0.0,0.0,0.0,0.0,23.4296875,0.0,0.0,0.0,26.4921875,0.0,0.0,0.0,26.30078125,0.0,0.0,0.0,24.1953125,0.0,0.0,24.578125,0.0,5.1515045166015625
12.546,-0.0,0.031496062992125984,0.0,0.0,0.0,-0.0,-0.0,0.0,0.0,0.0,24.00390625,0.0,0.0,0.0,26.875,0.0,0.0,0.0,26.30078125,0.0,0.0,0.0,24.38671875,0.0,0.0,24.76953125,0.0,5.161285400390625
12.705,-0.0,0.031496062992125984,0.0,0.0,0.0,-0.0,-0.0,0.0,0.0,0.0,24.38671875,0.0,0.0,0.0,26.30078125,0.0,0.0,0.0,26.68359375,0.0,0.0,0.0,24.1953125,0.0,0.0,24.9609375,0.0,5.1417388916015625
12.865,-0.0,0.031496062992125984,0.0,0.0,0.0,-0.0,-0.0,0.0,0.0,0.0,23.62109375,0.0,0.0,0.0,26.4921875,0.0,0.0,0.0,26.30078125,0.0,0.0,0.0,24.1953125,0.0,0.0,25.15234375,0.0,5.1515045166015625
13.026,-0.0,0.031496062992125984,0.0,0.0,0.0,-0.0,-0.0,0.0,0.0,0.0,24.00390625,0.0,0.0,0.0,26.875,0.0,0.0,0.0,26.30078125,0.0,0.0,0.0,24.38671875,0.0,0.0,24.9609375,0.0,5.1515045166015625
13.186,-0.0,0.031496062992125984,0.0,0.0,0.0,-0.0,-0.0,0.0,0.0,0.0,23.8125,0.0,0.0,0.0,25.91796875,0.0,0.0,0.0,26.4921875,0.0,0.0,0.0,24.1953125,0.0,0.0,25.34375,0.0,5.1515045166015625
13.345,-0.0,0.031496062992125984,0.0,0.0,0.0,-0.0,-0.0,0.0,0.0,0.0,23.4296875,0.0,0.0,0.0,26.30078125,0.0,0.0,0.0,26.109375,0.0,0.0,0.0,24.38671875,0.0,0.0,23.046875,0.0,5.1417388916015625
13.516,-0.0,0.031496062992125984,0.0,0.0,0.0,-0.0,-0.0,0.0,0.0,0.0,22.08984375,0.0,0.0,0.0,26.875,0.0,0.0,0.0,26.109375,0.0,0.0,0.0,23.4296875,0.0,0.0,24.76953125,0.0,5.1417388916015625
13.699,-0.0,0.031496062992125984,0.0,0.0,0.0,-0.0,-0.0,0.0,0.0,0.0,23.8125,0.0,0.0,0.0,26.4921875,0.0,0.0,0.0,26.68359375,0.0,0.0,0.0,23.8125,0.0,0.0,24.76953125,0.0,5.1417388916015625
13.867,-0.0,0.031496062992125984,0.0,0.0,0.0,-0.0,-0.0,0.0,0.0,0.0,23.62109375,0.0,0.0,0.0,26.4921875,0.0,0.0,0.0,26.109375,0.0,0.0,0.0,24.1953125,0.0,0.0,24.9609375,0.0,5.1417388916015625
14.027,-0.0,0.031496062992125984,0.0,0.0,0.0,-0.0,-0.0,0.0,0.0,0.0,22.85546875,0.0,0.0,0.0,26.68359375,0.0,0.0,0.0,26.30078125,0.0,0.0,0.0,24.1953125,0.0,0.0,24.578125,0.0,5.1417388916015625
14.187,-0.0,0.031496062992125984,0.0,0.0,0.0,-0.0,-0.0,0.0,0.0,0.0,24.00390625,0.0,0.0,0.0,26.68359375,0.0,0.0,0.0,26.68359375,0.0,0.0,0.0,23.8125,0.0,0.0,25.34375,0.0,5.1417388916015625
14.394,-0.0,0.031496062992125984,0.0,0.0,0.0,-0.0,-0.0,0.0,0.0,0.0,23.8125,0.0,0.0,0.0,26.30078125,0.0,0.0,0.0,26.4921875,0.0,0.0,0.0,24.00390625,0.0,0.0,24.76953125,0.0,5.1417388916015625
14.557,-0.0,0.031496062992125984,0.0,0.0,0.0,-0.0,-0.0,0.0,0.0,0.0,24.00390625,0.0,0.0,0.0,27.2578125,0.0,0.0,0.0,26.4921875,0.0,0.0,0.0,24.00390625,0.0,0.0,25.15234375,0.0,5.1417388916015625
14.716,-0.0,0.031496062992125984,0.0,0.0,0.0,-0.0,-0.0,0.0,0.0,0.0,23.4296875,0.0,0.0,0.0,26.4921875,0.0,0.0,0.0,26.4921875,0.0,0.0,0.0,24.1953125,0.0,0.0,24.76953125,0.0,5.1319580078125
14.885,-0.0,0.031496062992125984,0.0,0.0,0.0,-0.0,-0.0,0.0,0.0,0.0,23.8125,0.0,0.0,0.0,26.68359375,0.0,0.0,0.0,25.91796875,0.0,0.0,0.0,23.62109375,0.0,0.0,25.34375,0.0,5.0928497314453125
15.043,-0.0,0.031496062992125984,0.0,0.0,0.0,-0.0,-0.0,0.0,0.0,0.0,23.4296875,0.0,0.0,0.0,26.875,0.0,0.0,0.0,26.4921875,0.0,0.0,0.0,24.38671875,0.0,0.0,24.9609375,0.0,5.0928497314453125
15.203,-0.0,0.031496062992125984,0.0,0.0,0.0,-0.0,-0.0,0.0,0.0,0.0,23.62109375,0.0,0.0,0.0,26.4921875,0.0,0.0,0.0,26.4921875,0.0,0.0,0.0,24.1953125,0.0,0.0,24.9609375,0.0,5.102630615234375
15.365,-0.0,0.031496062992125984,0.0,0.0,0.0,-0.0,-0.0,0.0,0.0,0.0,24.1953125,0.0,0.0,0.0,26.68359375,0.0,0.0,0.0,26.68359375,0.0,0.0,0.0,24.1953125,0.0,0.0,24.578125,0.0,5.0928497314453125
15.546,-0.0,0.031496062992125984,0.0,0.0,0.0,-0.0,-0.0,0.0,0.0,0.0,23.8125,0.0,0.0,0.0,26.4921875,0.0,0.0,0.0,26.4921875,0.0,0.0,0.0,23.62109375,0.0,0.0,24.9609375,0.0,5.0830841064453125
15.714,-0.0,0.031496062992125984,0.0,0.0,0.0,-0.0,-0.0,0.0,0.0,0.0,25.7265625,0.0,0.0,0.0,25.91796875,0.0,0.0,0.0,26.4921875,0.0,0.0,0.0,24.578125,0.0,0.0,24.76953125,0.0,5.0537567138671875
15.877,-0.0,0.031496062992125984,0.0,0.0,0.0,-0.0,-0.0,0.0,0.0,0.0,23.4296875,0.0,0.0,0.0,26.4921875,0.0,0.0,0.0,26.109375,0.0,0.0,0.0,24.00390625,0.0,0.0,24.38671875,0.0,5.0244293212890625
16.036,-0.0,0.031496062992125984,0.0,0.0,0.0,-0.0,-0.0,0.0,0.0,0.0,22.85546875,0.0,0.0,0.0,26.4921875,0.0,0.0,0.0,26.68359375,0.0,0.0,0.0,23.62109375,0.0,0.0,24.38671875,0.0,4.9951019287109375
16.2,-0.0,0.031496062992125984,0.0,0.0,0.0,-0.0,-0.0,0.0,0.0,0.0,23.23828125,0.0,0.0,0.0,27.2578125,0.0,0.0,0.0,26.4921875,0.0,0.0,0.0,24.1953125,0.0,0.0,25.53515625,0.0,4.975555419921875
16.375,-0.0,0.031496062992125984,0.0,0.0,0.0,-0.0,-0.0,0.0,0.0,0.0,23.4296875,0.0,0.0,0.0,26.875,0.0,0.0,0.0,25.91796875,0.0,0.0,0.0,24.00390625,0.0,0.0,25.15234375,0.0,4.94622802734375
16.545,-0.0,0.031496062992125984,0.0,0.0,0.0,-0.0,-0.0,0.0,0.0,0.0,23.62109375,0.0,0.0,0.0,26.68359375,0.0,0.0,0.0,26.30078125,0.0,0.0,0.0,24.578125,0.0,0.0,26.109375,0.0,4.907135009765625
16.72,-0.0,0.031496062992125984,0.0,0.0,0.0,-0.0,-0.0,0.0,0.0,0.0,23.62109375,0.0,0.0,0.0,26.875,0.0,0.0,0.0,26.30078125,0.0,0.0,0.0,24.1953125,0.0,0.0,24.9609375,0.0,4.8778076171875
16.886,-0.0,0.031496062992125984,0.0,0.0,0.0,-0.0,-0.0,0.0,0.0,0.0,23.8125,0.0,0.0,0.0,26.4921875,0.0,0.0,0.0,26.109375,0.0,0.0,0.0,24.1953125,0.0,0.0,24.76953125,0.0,4.8680267333984375
17.057,-0.0,0.031496062992125984,0.0,0.0,0.0,-0.0,-0.0,0.0,0.0,0.0,23.4296875,0.0,0.0,0.0,26.4921875,0.0,0.0,0.0,26.68359375,0.0,0.0,0.0,23.62109375,0.0,0.0,24.578125,0.0,4.8680267333984375
17.216,-0.0,0.031496062992125984,0.0,0.0,0.0,-0.0,-0.0,0.0,0.0,0.0,23.8125,0.0,0.0,0.0,26.4921875,0.0,0.0,0.0,26.4921875,0.0,0.0,0.0,23.8125,0.0,0.0,25.7265625,0.0,4.858245849609375
17.407,-0.0,0.031496062992125984,0.0,0.0,0.0,-0.0,-0.0,0.0,0.0,0.0,23.4296875,0.0,0.0,0.0,26.68359375,0.0,0.0,0.0,26.68359375,0.0,0.0,0.0,24.38671875,0.0,0.0,25.7265625,0.0,4.858245849609375
17.586,-0.0,0.031496062992125984,0.0,0.0,0.0,-0.0,-0.0,0.0,0.0,0.0,24.38671875,0.0,0.0,0.0,26.68359375,0.0,0.0,0.0,25.91796875,0.0,0.0,0.0,24.578125,0.0,0.0,25.15234375,0.0,4.8680267333984375
17.751,-0.0,0.031496062992125984,0.0,0.0,0.0,-0.0,-0.0,0.0,0.0,0.0,23.4296875,0.0,0.0,0.0,27.06640625,0.0,0.0,0.0,26.30078125,0.0,0.0,0.0,24.00390625,0.0,0.0,24.38671875,0.0,4.8973541259765625
17.915,-0.0,0.031496062992125984,0.0,0.0,0.0,-0.0,-0.0,0.0,0.0,0.0,24.1953125,0.0,0.0,0.0,27.06640625,0.0,0.0,0.0,26.4921875,0.0,0.0,0.0,24.38671875,0.0,0.0,24.9609375,0.0,4.9560089111328125
18.066,-0.0,0.031496062992125984,0.0,0.0,0.0,-0.0,-0.0,0.0,0.0,0.0,23.8125,0.0,0.0,0.0,26.68359375,0.0,0.0,0.0,25.7265625,0.0,0.0,0.0,24.1953125,0.0,0.0,25.53515625,0.0,5.0048828125
18.235,-0.0,0.031496062992125984,0.0,0.0,0.0,-0.0,-0.0,0.0,0.0,0.0,23.8125,0.0,0.0,0.0,26.109375,0.0,0.0,0.0,26.30078125,0.0,0.0,0.0,24.1953125,0.0,0.0,24.76953125,0.0,5.034210205078125
18.397,-0.0,0.031496062992125984,0.0,0.0,0.0,-0.0,-0.0,0.0,0.0,0.0,23.62109375,0.0,0.0,0.0,26.875,0.0,0.0,0.0,26.4921875,0.0,0.0,0.0,24.00390625,0.0,0.0,24.76953125,0.0,5.06353759765625
18.566,-0.0,0.031496062992125984,0.0,0.0,0.0,-0.0,-0.0,0.0,0.0,0.0,23.62109375,0.0,0.0,0.0,26.4921875,0.0,0.0,0.0,25.91796875,0.0,0.0,0.0,24.9609375,0.0,0.0,24.38671875,0.0,5.0830841064453125
18.723,-0.0,0.031496062992125984,0.0,0.0,0.0,-0.0,-0.0,0.0,0.0,0.0,24.38671875,0.0,0.0,0.0,26.875,0.0,0.0,0.0,26.4921875,0.0,0.0,0.0,24.38671875,0.0,0.0,24.76953125,0.0,5.0928497314453125
18.897,-0.0,0.031496062992125984,0.0,0.0,0.0,-0.0,-0.0,0.0,0.0,0.0,23.8125,0.0,0.0,0.0,26.68359375,0.0,0.0,0.0,26.109375,0.0,0.0,0.0,24.1953125,0.0,0.0,24.9609375,0.0,5.1124114990234375
19.056,-0.0,0.031496062992125984,0.0,0.0,0.0,-0.0,-0.0,0.0,0.0,0.0,24.38671875,0.0,0.0,0.0,26.4921875,0.0,0.0,0.0,26.68359375,0.0,0.0,0.0,24.00390625,0.0,0.0,23.62109375,0.0,5.1221771240234375
19.217,-0.0,0.031496062992125984,0.0,0.0,0.0,-0.0,-0.0,0.0,0.0,0.0,23.62109375,0.0,0.0,0.0,27.2578125,0.0,0.0,0.0,26.30078125,0.0,0.0,0.0,24.38671875,0.0,0.0,24.76953125,0.0,5.1319580078125
19.377,-0.0,0.031496062992125984,0.0,0.0,0.0,-0.0,-0.0,0.0,0.0,0.0,23.62109375,0.0,0.0,0.0,26.875,0.0,0.0,0.0,26.30078125,0.0,0.0,0.0,24.578125,0.0,0.0,24.76953125,0.0,5.1319580078125
19.557,-0.0,0.031496062992125984,0.0,0.0,0.0,-0.0,-0.0,0.0,0.0,0.0,23.046875,0.0,0.0,0.0,26.875,0.0,0.0,0.0,26.109375,0.0,0.0,0.0,24.1953125,0.0,0.0,26.109375,0.0,5.1417388916015625
19.726,-0.0,0.031496062992125984,0.0,0.0,0.0,-0.0,-0.0,0.0,0.0,0.0,23.4296875,0.0,0.0,0.0,26.30078125,0.0,0.0,0.0,26.109375,0.0,0.0,0.0,24.1953125,0.0,0.0,24.9609375,0.0,5.1515045166015625
19.885,-0.0,0.031496062992125984,0.0,0.0,0.0,-0.0,-0.0,0.0,0.0,0.0,24.9609375,0.0,0.0,0.0,27.44921875,0.0,0.0,0.0,26.68359375,0.0,0.0,0.0,24.00390625,0.0,0.0,25.15234375,0.0,5.171051025390625
20.046,-0.0,0.031496062992125984,0.0,0.0,0.0,-0.0,-0.0,0.0,0.0,0.0,24.578125,0.0,0.0,0.0,26.30078125,0.0,0.0,0.0,25.7265625,0.0,0.0,0.0,24.38671875,0.0,0.0,24.76953125,0.0,5.1808319091796875
20.375,-0.0,0.031496062992125984,0.0,0.0,0.0,-0.0,-0.0,0.0,0.0,0.0,23.8125,0.0,0.0,0.0,27.44921875,0.0,0.0,0.0,26.30078125,0.0,0.0,0.0,23.62109375,0.0,0.0,24.9609375,0.0,5.2101593017578125
20.544,-0.0,0.031496062992125984,0.0,0.0,0.0,-0.0,-0.0,0.0,0.0,0.0,24.1953125,0.0,0.0,0.0,26.109375,0.0,0.0,0.0,26.4921875,0.0,0.0,0.0,24.1953125,0.0,0.0,24.38671875,0.0,5.2394866943359375
20.715,-0.0,0.031496062992125984,0.0,0.0,0.0,-0.0,-0.0,0.0,0.0,0.0,23.4296875,0.0,0.0,0.0,26.875,0.0,0.0,0.0,25.7265625,0.0,0.0,0.0,23.8125,0.0,0.0,24.1953125,0.0,5.2492523193359375
20.877,-0.0,0.031496062992125984,0.0,0.0,0.0,-0.0,-0.0,0.0,0.0,0.0,23.23828125,0.0,0.0,0.0,26.4921875,0.0,0.0,0.0,26.109375,0.0,0.0,0.0,23.62109375,0.0,0.0,25.15234375,0.0,5.2492523193359375
21.047,-0.0,0.031496062992125984,0.0,0.0,0.0,-0.0,-0.0,0.0,0.0,0.0,24.1953125,0.0,0.0,0.0,27.44921875,0.0,0.0,0.0,26.109375,0.0,0.0,0.0,24.1953125,0.0,0.0,25.34375,0.0,5.2492523193359375
21.227,-0.0,0.031496062992125984,0.0,0.0,0.0,-0.0,-0.0,0.0,0.0,0.0,24.578125,0.0,0.0,0.0,26.68359375,0.0,0.0,0.0,26.68359375,0.0,0.0,0.0,24.00390625,0.0,0.0,24.76953125,0.0,5.2688140869140625
21.409,-0.0,0.031496062992125984,0.0,0.0,0.0,-0.0,-0.0,0.0,0.0,0.0,24.38671875,0.0,0.0,0.0,26.68359375,0.0,0.0,0.0,26.30078125,0.0,0.0,0.0,24.38671875,0.0,0.0,24.38671875,0.0,5.2981414794921875
21.584,-0.0,0.031496062992125984,0.0,0.0,0.0,-0.0,-0.0,0.0,0.0,0.0,23.4296875,0.0,0.0,0.0,26.4921875,0.0,0.0,0.0,26.30078125,0.0,0.0,0.0,23.8125,0.0,0.0,24.9609375,0.0,5.2981414794921875
21.745,-0.0,0.031496062992125984,0.0,0.0,0.0,-0.0,-0.0,0.0,0.0,0.0,24.9609375,0.0,0.0,0.0,27.06640625,0.0,0.0,0.0,26.109375,0.0,0.0,0.0,24.00390625,0.0,0.0,24.1953125,0.0,5.3079071044921875
21.899,-0.0,0.031496062992125984,0.0,0.0,0.0,-0.0,-0.0,0.0,0.0,0.0,23.8125,0.0,0.0,0.0,26.68359375,0.0,0.0,0.0,26.4921875,0.0,0.0,0.0,24.1953125,0.0,0.0,25.15234375,0.0,5.31768798828125
22.065,-0.0,0.031496062992125984,0.0,0.0,0.0,-0.0,-0.0,0.0,0.0,0.0,23.8125,0.0,0.0,0.0,26.68359375,0.0,0.0,0.0,26.30078125,0.0,0.0,0.0,24.1953125,0.0,0.0,24.76953125,0.0,5.347015380859375
22.22,-0.0,0.031496062992125984,0.0,0.0,0.0,-0.0,-0.0,0.0,0.0,0.0,24.1953125,0.0,0.0,0.0,26.875,0.0,0.0,0.0,26.4921875,0.0,0.0,0.0,23.8125,0.0,0.0,26.109375,0.0,5.356781005859375
22.387,-0.0,0.031496062992125984,0.0,0.0,0.0,-0.0,-0.0,0.0,0.0,0.0,23.62109375,0.0,0.0,0.0,26.875,0.0,0.0,0.0,26.30078125,0.0,0.0,0.0,24.38671875,0.0,0.0,25.34375,0.0,5.347015380859375
22.558,-0.0,0.031496062992125984,0.0,0.0,0.0,-0.0,-0.0,0.0,0.0,0.0,23.23828125,0.0,0.0,0.0,26.875,0.0,0.0,0.0,26.30078125,0.0,0.0,0.0,24.1953125,0.0,0.0,24.38671875,0.0,5.3665618896484375
22.716,-0.0,0.031496062992125984,0.0,0.0,0.0,-0.0,-0.0,0.0,0.0,0.0,23.8125,0.0,0.0,0.0,26.4921875,0.0,0.0,0.0,26.4921875,0.0,0.0,0.0,24.578125,0.0,0.0,25.91796875,0.0,5.3861083984375
22.887,-0.0,0.031496062992125984,0.0,0.0,0.0,-0.0,-0.0,0.0,0.0,0.0,24.1953125,0.0,0.0,0.0,26.4921875,0.0,0.0,0.0,26.30078125,0.0,0.0,0.0,24.1953125,0.0,0.0,24.578125,0.0,5.3958892822265625
23.055,-0.0,0.031496062992125984,0.0,0.0,0.0,-0.0,-0.0,0.0,0.0,0.0,23.62109375,0.0,0.0,0.0,27.06640625,0.0,0.0,0.0,25.91796875,0.0,0.0,0.0,23.8125,0.0,0.0,24.00390625,0.0,5.3958892822265625
23.217,-0.0,0.031496062992125984,0.0,0.0,0.0,-0.0,-0.0,0.0,0.0,0.0,23.62109375,0.0,0.0,0.0,27.2578125,0.0,0.0,0.0,26.4921875,0.0,0.0,0.0,24.76953125,0.0,0.0,25.15234375,0.0,5.4056549072265625
23.41,-0.0,0.031496062992125984,0.0,0.0,0.0,-0.0,-0.0,0.0,0.0,0.0,24.00390625,0.0,0.0,0.0,26.68359375,0.0,0.0,0.0,26.30078125,0.0,0.0,0.0,23.8125,0.0,0.0,25.7265625,0.0,5.4252166748046875
23.588,-0.0,0.031496062992125984,0.0,0.0,0.0,-0.0,-0.0,0.0,0.0,0.0,23.62109375,0.0,0.0,0.0,26.68359375,0.0,0.0,0.0,26.30078125,0.0,0.0,0.0,24.38671875,0.0,0.0,26.109375,0.0,5.44476318359375
23.756,-0.0,0.031496062992125984,0.0,0.0,0.0,-0.0,-0.0,0.0,0.0,0.0,24.1953125,0.0,0.0,0.0,27.2578125,0.0,0.0,0.0,26.4921875,0.0,0.0,0.0,24.00390625,0.0,0.0,25.91796875,0.0,5.4643096923828125
23.925,-0.0,0.031496062992125984,0.0,0.0,0.0,-0.0,-0.0,0.0,0.0,0.0,23.8125,0.0,0.0,0.0,26.30078125,0.0,0.0,0.0,26.875,0.0,0.0,0.0,24.76953125,0.0,0.0,25.15234375,0.0,5.4545440673828125
24.09,-0.0,0.031496062992125984,0.0,0.0,0.0,-0.0,-0.0,0.0,0.0,0.0,23.62109375,0.0,0.0,0.0,27.2578125,0.0,0.0,0.0,26.4921875,0.0,0.0,0.0,24.00390625,0.0,0.0,24.38671875,0.0,5.474090576171875
24.257,-0.0,0.031496062992125984,0.0,0.0,0.0,-0.0,-0.0,0.0,0.0,0.0,23.62109375,0.0,0.0,0.0,28.0234375,0.0,0.0,0.0,26.4921875,0.0,0.0,0.0,24.1953125,0.0,0.0,24.9609375,0.0,5.483856201171875
24.418,-0.0,0.031496062992125984,0.0,0.0,0.0,-0.0,-0.0,0.0,0.0,0.0,23.8125,0.0,0.0,0.0,26.68359375,0.0,0.0,0.0,25.91796875,0.0,0.0,0.0,24.00390625,0.0,0.0,24.38671875,0.0,5.483856201171875
24.569,-0.0,0.031496062992125984,0.0,0.0,0.0,-0.0,-0.0,0.0,0.0,0.0,23.4296875,0.0,0.0,0.0,26.68359375,0.0,0.0,0.0,26.4921875,0.0,0.0,0.0,24.1953125,0.0,0.0,26.30078125,0.0,5.50341796875
24.738,-0.0,0.031496062992125984,0.0,0.0,0.0,-0.0,-0.0,0.0,0.0,0.0,24.1953125,0.0,0.0,0.0,26.68359375,0.0,0.0,0.0,26.4921875,0.0,0.0,0.0,24.00390625,0.0,0.0,24.578125,0.0,5.50341796875
24.897,-0.0,0.031496062992125984,0.0,0.0,0.0,-0.0,-0.0,0.0,0.0,0.0,22.85546875,0.0,0.0,0.0,27.06640625,0.0,0.0,0.0,25.91796875,0.0,0.0,0.0,24.38671875,0.0,0.0,25.53515625,0.0,5.5229644775390625
25.059,-0.0,0.031496062992125984,0.0,0.0,0.0,-0.0,-0.0,0.0,0.0,0.0,24.9609375,0.0,0.0,0.0,26.30078125,0.0,0.0,0.0,26.68359375,0.0,0.0,0.0,23.8125,0.0,0.0,24.578125,0.0,5.532745361328125
25.226,-0.0,0.031496062992125984,0.0,0.0,0.0,-0.0,-0.0,0.0,0.0,0.0,23.8125,0.0,0.0,0.0,26.4921875,0.0,0.0,0.0,26.30078125,0.0,0.0,0.0,24.578125,0.0,0.0,25.34375,0.0,5.5620574951171875
25.387,-0.0,0.031496062992125984,0.0,0.0,0.0,-0.0,-0.0,0.0,0.0,0.0,22.6640625,0.0,0.0,0.0,26.875,0.0,0.0,0.0,26.4921875,0.0,0.0,0.0,24.00390625,0.0,0.0,23.8125,0.0,5.5620574951171875
25.542,-0.0,0.031496062992125984,0.0,0.0,0.0,-0.0,-0.0,0.0,0.0,0.0,24.578125,0.0,0.0,0.0,27.2578125,0.0,0.0,0.0,26.30078125,0.0,0.0,0.0,24.00390625,0.0,0.0,22.6640625,0.0,5.57183837890625
25.715,-0.0,0.031496062992125984,0.0,0.0,0.0,-0.0,-0.0,0.0,0.0,0.0,23.62109375,0.0,0.0,0.0,25.53515625,0.0,0.0,0.0,26.109375,0.0,0.0,0.0,24.1953125,0.0,0.0,24.76953125,0.0,5.601165771484375
25.878,-0.0,0.031496062992125984,0.0,0.0,0.0,-0.0,-0.0,0.0,0.0,0.0,23.8125,0.0,0.0,0.0,26.30078125,0.0,0.0,0.0,26.4921875,0.0,0.0,0.0,23.23828125,0.0,0.0,25.15234375,0.0,5.6304931640625
26.038,-0.0,0.031496062992125984,0.0,0.0,0.0,-0.0,-0.0,0.0,0.0,0.0,23.4296875,0.0,0.0,0.0,27.06640625,0.0,0.0,0.0,26.4921875,0.0,0.0,0.0,24.578125,0.0,0.0,24.76953125,0.0,5.6304931640625
26.204,-0.0,0.031496062992125984,0.0,0.0,0.0,-0.0,-0.0,0.0,0.0,0.0,24.76953125,0.0,0.0,0.0,25.7265625,0.0,0.0,0.0,26.4921875,0.0,0.0,0.0,24.1953125,0.0,0.0,23.4296875,0.0,5.6793670654296875
26.379,-0.0,0.031496062992125984,0.0,0.0,0.0,-0.0,-0.0,0.0,0.0,0.0,23.8125,0.0,0.0,0.0,26.4921875,0.0,0.0,0.0,26.68359375,0.0,0.0,0.0,24.38671875,0.0,0.0,25.15234375,0.0,5.728240966796875
26.543,-0.0,0.031496062992125984,0.0,0.0,0.0,-0.0,-0.0,0.0,0.0,0.0,23.8125,0.0,0.0,0.0,26.875,0.0,0.0,0.0,27.06640625,0.0,0.0,0.0,24.1953125,0.0,0.0,23.62109375,0.0,5.7380218505859375
26.706,-0.0,0.031496062992125984,0.0,0.0,0.0,-0.0,-0.0,0.0,0.0,0.0,23.4296875,0.0,0.0,0.0,26.109375,0.0,0.0,0.0,25.34375,0.0,0.0,0.0,23.8125,0.0,0.0,24.9609375,0.0,5.7477874755859375
26.876,-0.0,0.031496062992125984,0.0,0.0,0.0,-0.0,-0.0,0.0,0.0,0.0,23.62109375,0.0,0.0,0.0,26.4921875,0.0,0.0,0.0,26.109375,0.0,0.0,0.0,24.00390625,0.0,0.0,24.9609375,0.0,5.786895751953125
27.04,-0.0,0.031496062992125984,0.0,0.0,0.0,-0.0,-0.0,0.0,0.0,0.0,23.8125,0.0,0.0,0.0,26.875,0.0,0.0,0.0,25.91796875,0.0,0.0,0.0,24.76953125,0.0,0.0,25.53515625,0.0,5.8064422607421875
27.214,-0.0,0.031496062992125984,0.0,0.0,0.0,-0.0,-0.0,0.0,0.0,0.0,23.8125,0.0,0.0,0.0,26.875,0.0,0.0,0.0,26.4921875,0.0,0.0,0.0,23.8125,0.0,0.0,25.15234375,0.0,5.796661376953125
27.382,-0.0,0.031496062992125984,0.0,0.0,0.0,-0.0,-0.0,0.0,0.0,0.0,24.00390625,0.0,0.0,0.0,26.875,0.0,0.0,0.0,26.109375,0.0,0.0,0.0,24.578125,0.0,0.0,24.578125,0.0,5.8357696533203125
27.556,-0.0,0.031496062992125984,0.0,0.0,0.0,-0.0,-0.0,0.0,0.0,0.0,23.8125,0.0,0.0,0.0,26.875,0.0,0.0,0.0,26.4921875,0.0,0.0,0.0,23.8125,0.0,0.0,24.00390625,0.0,5.8846435546875
27.71,-0.0,0.031496062992125984,0.0,0.0,0.0,-0.0,-0.0,0.0,0.0,0.0,24.1953125,0.0,0.0,0.0,26.68359375,0.0,0.0,0.0,26.30078125,0.0,0.0,0.0,24.578125,0.0,0.0,24.578125,0.0,5.8846435546875
27.878,-0.0,0.031496062992125984,0.0,0.0,0.0,-0.0,-0.0,0.0,0.0,0.0,23.23828125,0.0,0.0,0.0,26.875,0.0,0.0,0.0,26.4921875,0.0,0.0,0.0,23.4296875,0.0,0.0,25.53515625,0.0,5.9041900634765625
28.038,-0.0,0.031496062992125984,0.0,0.0,0.0,-0.0,-0.0,0.0,0.0,0.0,22.85546875,0.0,0.0,0.0,27.2578125,0.0,0.0,0.0,26.4921875,0.0,0.0,0.0,24.00390625,0.0,0.0,24.76953125,0.0,5.8944244384765625
28.198,-0.0,0.031496062992125984,0.0,0.0,0.0,-0.0,-0.0,0.0,0.0,0.0,23.62109375,0.0,0.0,0.0,27.06640625,0.0,0.0,0.0,25.91796875,0.0,0.0,0.0,24.38671875,0.0,0.0,24.76953125,0.0,5.8650970458984375
28.365,-0.0,0.031496062992125984,0.0,0.0,0.0,-0.0,-0.0,0.0,0.0,0.0,23.23828125,0.0,0.0,0.0,26.875,0.0,0.0,0.0,26.109375,0.0,0.0,0.0,24.38671875,0.0,0.0,25.15234375,0.0,5.845550537109375
28.525,-0.0,0.031496062992125984,0.0,0.0,0.0,-0.0,-0.0,0.0,0.0,0.0,23.8125,0.0,0.0,0.0,26.68359375,0.0,0.0,0.0,25.7265625,0.0,0.0,0.0,24.578125,0.0,0.0,25.53515625,0.0,5.8748626708984375
28.686,-0.0,0.031496062992125984,0.0,0.0,0.0,-0.0,-0.0,0.0,0.0,0.0,23.23828125,0.0,0.0,0.0,26.109375,0.0,0.0,0.0,25.91796875,0.0,0.0,0.0,23.8125,0.0,0.0,25.15234375,0.0,5.8846435546875
28.846,-0.0,0.031496062992125984,0.0,0.0,0.0,-0.0,-0.0,0.0,0.0,0.0,24.9609375,0.0,0.0,0.0,26.4921875,0.0,0.0,0.0,26.30078125,0.0,0.0,0.0,24.38671875,0.0,0.0,24.9609375,0.0,5.8944244384765625
29.016,-0.0,0.031496062992125984,0.0,0.0,0.0,-0.0,-0.0,0.0,0.0,0.0,25.15234375,0.0,0.0,0.0,26.30078125,0.0,0.0,0.0,26.30078125,0.0,0.0,0.0,24.1953125,0.0,0.0,25.15234375,0.0,5.8846435546875
29.184,-0.0,0.031496062992125984,0.0,0.0,0.0,-0.0,-0.0,0.0,0.0,0.0,23.4296875,0.0,0.0,0.0,26.4921875,0.0,0.0,0.0,26.4921875,0.0,0.0,0.0,24.578125,0.0,0.0,25.34375,0.0,5.8944244384765625
29.375,-0.0,0.031496062992125984,0.0,0.0,0.0,-0.0,-0.0,0.0,0.0,0.0,23.62109375,0.0,0.0,0.0,26.68359375,0.0,0.0,0.0,26.30078125,0.0,0.0,0.0,24.38671875,0.0,0.0,24.578125,0.0,5.8944244384765625
29.545,-0.0,0.031496062992125984,0.0,0.0,0.0,-0.0,-0.0,0.0,0.0,0.0,24.1953125,0.0,0.0,0.0,26.875,0.0,0.0,0.0,26.109375,0.0,0.0,0.0,24.76953125,0.0,0.0,24.76953125,0.0,5.8846435546875
29.701,-0.0,0.031496062992125984,0.0,0.0,0.0,-0.0,-0.0,0.0,0.0,0.0,23.8125,0.0,0.0,0.0,26.875,0.0,0.0,0.0,26.4921875,0.0,0.0,0.0,24.76953125,0.0,0.0,25.34375,0.0,5.8846435546875
29.863,-0.0,0.031496062992125984,0.0,0.0,0.0,-0.0,-0.0,0.0,0.0,0.0,23.62109375,0.0,0.0,0.0,26.68359375,0.0,0.0,0.0,26.875,0.0,0.0,0.0,24.76953125,0.0,0.0,25.15234375,0.0,5.8846435546875
30.016,-0.0,0.031496062992125984,0.0,0.0,0.0,-0.0,-0.0,0.0,0.0,0.0,24.76953125,0.0,0.0,0.0,27.640625,0.0,0.0,0.0,26.4921875,0.0,0.0,0.0,24.1953125,0.0,0.0,24.578125,0.0,5.8944244384765625
30.177,-0.0,0.031496062992125984,0.0,0.0,0.0,-0.0,-0.0,0.0,0.0,0.0,24.1953125,0.0,0.0,0.0,26.875,0.0,0.0,0.0,26.4921875,0.0,0.0,0.0,24.38671875,0.0,0.0,24.9609375,0.0,5.8944244384765625
30.338,-0.0,0.031496062992125984,0.0,0.0,0.0,-0.0,-0.0,0.0,0.0,0.0,23.4296875,0.0,0.0,0.0,26.30078125,0.0,0.0,0.0,26.30078125,0.0,0.0,0.0,24.00390625,0.0,0.0,24.578125,0.0,5.8944244384765625
30.497,-0.0,0.031496062992125984,0.0,0.0,0.0,-0.0,-0.0,0.0,0.0,0.0,23.4296875,0.0,0.0,0.0,26.68359375,0.0,0.0,0.0,26.109375,0.0,0.0,0.0,23.62109375,0.0,0.0,25.15234375,0.0,5.8846435546875
30.657,-0.0,0.031496062992125984,0.0,0.0,0.0,-0.0,-0.0,0.0,0.0,0.0,23.8125,0.0,0.0,0.0,26.109375,0.0,0.0,0.0,26.875,0.0,0.0,0.0,24.00390625,0.0,0.0,26.30078125,0.0,5.8846435546875
30.816,-0.0,0.031496062992125984,0.0,0.0,0.0,-0.0,-0.0,0.0,0.0,0.0,24.1953125,0.0,0.0,0.0,26.4921875,0.0,0.0,0.0,26.109375,0.0,0.0,0.0,24.1953125,0.0,0.0,24.9609375,0.0,5.8944244384765625
30.978,-0.0,0.031496062992125984,0.0,0.0,0.0,-0.0,-0.0,0.0,0.0,0.0,23.8125,0.0,0.0,0.0,26.4921875,0.0,0.0,0.0,26.4921875,0.0,0.0,0.0,24.1953125,0.0,0.0,24.578125,0.0,5.8846435546875
31.138,-0.0,0.031496062992125984,0.0,0.0,0.0,-0.0,-0.0,0.0,0.0,0.0,23.62109375,0.0,0.0,0.0,26.68359375,0.0,0.0,0.0,25.91796875,0.0,0.0,0.0,24.9609375,0.0,0.0,24.76953125,0.0,5.8846435546875
31.31,-0.0,0.031496062992125984,0.0,0.0,0.0,-0.0,-0.0,0.0,0.0,0.0,23.62109375,0.0,0.0,0.0,26.30078125,0.0,0.0,0.0,26.30078125,0.0,0.0,0.0,24.00390625,0.0,0.0,25.34375,0.0,5.8846435546875
31.488,-0.0,0.031496062992125984,0.0,0.0,0.0,-0.0,-0.0,0.0,0.0,0.0,23.4296875,0.0,0.0,0.0,26.109375,0.0,0.0,0.0,26.109375,0.0,0.0,0.0,24.76953125,0.0,0.0,24.76953125,0.0,5.8944244384765625
31.652,-0.0,0.031496062992125984,0.0,0.0,0.0,-0.0,-0.0,0.0,0.0,0.0,23.8125,0.0,0.0,0.0,26.68359375,0.0,0.0,0.0,26.30078125,0.0,0.0,0.0,24.38671875,0.0,0.0,23.046875,0.0,5.8944244384765625
31.819,-0.0,0.031496062992125984,0.0,0.0,0.0,-0.0,-0.0,0.0,0.0,0.0,24.38671875,0.0,0.0,0.0,26.30078125,0.0,0.0,0.0,25.91796875,0.0,0.0,0.0,24.38671875,0.0,0.0,24.76953125,0.0,5.8846435546875
31.976,-0.0,0.031496062992125984,0.0,0.0,0.0,-0.0,-0.0,0.0,0.0,0.0,23.8125,0.0,0.0,0.0,26.68359375,0.0,0.0,0.0,26.4921875,0.0,0.0,0.0,24.578125,0.0,0.0,25.34375,0.0,5.8846435546875
32.136,-0.0,0.031496062992125984,0.0,0.0,0.0,-0.0,-0.0,0.0,0.0,0.0,23.4296875,0.0,0.0,0.0,26.68359375,0.0,0.0,0.0,26.109375,0.0,0.0,0.0,23.8125,0.0,0.0,25.15234375,0.0,5.855316162109375
32.318,-0.0,0.031496062992125984,0.0,0.0,0.0,-0.0,-0.0,0.0,0.0,0.0,24.9609375,0.0,0.0,0.0,26.875,0.0,0.0,0.0,25.91796875,0.0,0.0,0.0,24.00390625,0.0,0.0,25.34375,0.0,5.855316162109375
32.508,-0.0,0.031496062992125984,0.0,0.0,0.0,-0.0,-0.0,0.0,0.0,0.0,23.8125,0.0,0.0,0.0,26.875,0.0,0.0,0.0,26.109375,0.0,0.0,0.0,23.8125,0.0,0.0,25.34375,0.0,5.81622314453125
32.676,-0.0,0.031496062992125984,0.0,0.0,0.0,-0.0,-0.0,0.0,0.0,0.0,23.4296875,0.0,0.0,0.0,26.4921875,0.0,0.0,0.0,25.91796875,0.0,0.0,0.0,23.8125,0.0,0.0,25.34375,0.0,5.8064422607421875
32.835,-0.0,0.031496062992125984,0.0,0.0,0.0,-0.0,-0.0,0.0,0.0,0.0,23.8125,0.0,0.0,0.0,28.0234375,0.0,0.0,0.0,26.109375,0.0,0.0,0.0,24.9609375,0.0,0.0,24.1953125,0.0,5.786895751953125
32.998,-0.0,0.031496062992125984,0.0,0.0,0.0,-0.0,-0.0,0.0,0.0,0.0,24.38671875,0.0,0.0,0.0,26.68359375,0.0,0.0,0.0,26.68359375,0.0,0.0,0.0,24.38671875,0.0,0.0,24.9609375,0.0,5.786895751953125
33.176,-0.0,0.031496062992125984,0.0,0.0,0.0,-0.0,-0.0,0.0,0.0,0.0,24.1953125,0.0,0.0,0.0,26.875,0.0,0.0,0.0,26.4921875,0.0,0.0,0.0,24.00390625,0.0,0.0,26.109375,0.0,5.7771148681640625
33.339,-0.0,0.031496062992125984,0.0,0.0,0.0,-0.0,-0.0,0.0,0.0,0.0,23.4296875,0.0,0.0,0.0,26.875,0.0,0.0,0.0,26.30078125,0.0,0.0,0.0,24.38671875,0.0,0.0,24.1953125,0.0,5.7771148681640625
33.505,-0.0,0.031496062992125984,0.0,0.0,0.0,-0.0,-0.0,0.0,0.0,0.0,23.62109375,0.0,0.0,0.0,27.640625,0.0,0.0,0.0,26.109375,0.0,0.0,0.0,23.8125,0.0,0.0,25.7265625,0.0,5.786895751953125
33.666,-0.0,0.031496062992125984,0.0,0.0,0.0,-0.0,-0.0,0.0,0.0,0.0,23.23828125,0.0,0.0,0.0,26.4921875,0.0,0.0,0.0,26.109375,0.0,0.0,0.0,24.00390625,0.0,0.0,24.76953125,0.0,5.7673492431640625
33.836,-0.0,0.031496062992125984,0.0,0.0,0.0,-0.0,-0.0,0.0,0.0,0.0,24.00390625,0.0,0.0,0.0,26.109375,0.0,0.0,0.0,26.4921875,0.0,0.0,0.0,24.00390625,0.0,0.0,24.9609375,0.0,5.7771148681640625
34.003,-0.0,0.031496062992125984,0.0,0.0,0.0,-0.0,-0.0,0.0,0.0,0.0,24.38671875,0.0,0.0,0.0,26.68359375,0.0,0.0,0.0,26.4921875,0.0,0.0,0.0,24.38671875,0.0,0.0,25.91796875,0.0,5.7771148681640625
34.178,-0.0,0.031496062992125984,0.0,0.0,0.0,-0.0,-0.0,0.0,0.0,0.0,23.62109375,0.0,0.0,0.0,27.06640625,0.0,0.0,0.0,26.68359375,0.0,0.0,0.0,24.38671875,0.0,0.0,24.9609375,0.0,5.786895751953125
34.338,-0.0,0.031496062992125984,0.0,0.0,0.0,-0.0,-0.0,0.0,0.0,0.0,22.08984375,0.0,0.0,0.0,26.4921875,0.0,0.0,0.0,26.30078125,0.0,0.0,0.0,24.578125,0.0,0.0,25.15234375,0.0,5.786895751953125
34.499,-0.0,0.031496062992125984,0.0,0.0,0.0,-0.0,-0.0,0.0,0.0,0.0,24.76953125,0.0,0.0,0.0,26.68359375,0.0,0.0,0.0,26.109375,0.0,0.0,0.0,24.38671875,0.0,0.0,24.76953125,0.0,5.7771148681640625
34.678,-0.0,0.031496062992125984,0.0,0.0,0.0,-0.0,-0.0,0.0,0.0,0.0,23.8125,0.0,0.0,0.0,26.30078125,0.0,0.0,0.0,26.30078125,0.0,0.0,0.0,23.046875,0.0,0.0,24.9609375,0.0,5.786895751953125
34.843,-0.0,0.031496062992125984,0.0,0.0,0.0,-0.0,-0.0,0.0,0.0,0.0,22.47265625,0.0,0.0,0.0,26.4921875,0.0,0.0,0.0,26.68359375,0.0,0.0,0.0,24.38671875,0.0,0.0,24.1953125,0.0,5.786895751953125
35.022,-0.0,0.031496062992125984,0.0,0.0,0.0,-0.0,-0.0,0.0,0.0,0.0,24.1953125,0.0,0.0,0.0,26.109375,0.0,0.0,0.0,26.4921875,0.0,0.0,0.0,24.1953125,0.0,0.0,25.34375,0.0,5.786895751953125
35.195,-0.0,0.031496062992125984,0.0,0.0,0.0,-0.0,-0.0,0.0,0.0,0.0,23.23828125,0.0,0.0,0.0,27.44921875,0.0,0.0,0.0,25.91796875,0.0,0.0,0.0,23.8125,0.0,0.0,25.7265625,0.0,5.7771148681640625
35.367,-0.0,0.031496062992125984,0.0,0.0,0.0,-0.0,-0.0,0.0,0.0,0.0,23.62109375,0.0,0.0,0.0,26.68359375,0.0,0.0,0.0,26.109375,0.0,0.0,0.0,24.38671875,0.0,0.0,24.578125,0.0,5.786895751953125
35.537,-0.0,0.031496062992125984,0.0,0.0,0.0,-0.0,-0.0,0.0,0.0,0.0,23.23828125,0.0,0.0,0.0,26.30078125,0.0,0.0,0.0,26.30078125,0.0,0.0,0.0,24.76953125,0.0,0.0,24.578125,0.0,5.786895751953125
35.698,-0.0,0.031496062992125984,0.0,0.0,0.0,-0.0,-0.0,0.0,0.0,0.0,24.1953125,0.0,0.0,0.0,27.06640625,0.0,0.0,0.0,26.4921875,0.0,0.0,0.0,24.38671875,0.0,0.0,25.15234375,0.0,5.786895751953125
35.858,-0.0,0.031496062992125984,0.0,0.0,0.0,-0.0,-0.0,0.0,0.0,0.0,23.8125,0.0,0.0,0.0,27.06640625,0.0,0.0,0.0,26.30078125,0.0,0.0,0.0,24.1953125,0.0,0.0,24.9609375,0.0,5.786895751953125
36.019,-0.0,0.031496062992125984,0.0,0.0,0.0,-0.0,-0.0,0.0,0.0,0.0,23.046875,0.0,0.0,0.0,25.91796875,0.0,0.0,0.0,26.68359375,0.0,0.0,0.0,24.76953125,0.0,0.0,25.34375,0.0,5.786895751953125
36.178,-0.0,0.031496062992125984,0.0,0.0,0.0,-0.0,-0.0,0.0,0.0,0.0,23.62109375,0.0,0.0,0.0,26.68359375,0.0,0.0,0.0,25.91796875,0.0,0.0,0.0,24.00390625,0.0,0.0,24.9609375,0.0,5.7771148681640625
36.335,-0.0,0.031496062992125984,0.0,0.0,0.0,-0.0,-0.0,0.0,0.0,0.0,23.4296875,0.0,0.0,0.0,26.68359375,0.0,0.0,0.0,26.875,0.0,0.0,0.0,24.38671875,0.0,0.0,24.76953125,0.0,5.7771148681640625
36.497,-0.0,0.031496062992125984,0.0,0.0,0.0,-0.0,-0.0,0.0,0.0,0.0,23.23828125,0.0,0.0,0.0,26.4921875,0.0,0.0,0.0,25.91796875,0.0,0.0,0.0,24.76953125,0.0,0.0,24.76953125,0.0,5.786895751953125
36.656,-0.0,0.031496062992125984,0.0,0.0,0.0,-0.0,-0.0,0.0,0.0,0.0,24.00390625,0.0,0.0,0.0,27.06640625,0.0,0.0,0.0,26.4921875,0.0,0.0,0.0,23.8125,0.0,0.0,24.9609375,0.0,5.7771148681640625
36.823,-0.0,0.031496062992125984,0.0,0.0,0.0,-0.0,-0.0,0.0,0.0,0.0,24.38671875,0.0,0.0,0.0,26.109375,0.0,0.0,0.0,26.68359375,0.0,0.0,0.0,23.62109375,0.0,0.0,24.76953125,0.0,5.786895751953125
36.999,-0.0,0.031496062992125984,0.0,0.0,0.0,-0.0,-0.0,0.0,0.0,0.0,23.8125,0.0,0.0,0.0,26.875,0.0,0.0,0.0,25.91796875,0.0,0.0,0.0,24.38671875,0.0,0.0,25.15234375,0.0,5.786895751953125
37.166,-0.0,0.031496062992125984,0.0,0.0,0.0,-0.0,-0.0,0.0,0.0,0.0,23.23828125,0.0,0.0,0.0,26.4921875,0.0,0.0,0.0,26.30078125,0.0,0.0,0.0,24.38671875,0.0,0.0,24.38671875,0.0,5.7771148681640625
37.479,-0.0,0.031496062992125984,0.0,0.0,0.0,-0.0,-0.0,0.0,0.0,0.0,23.4296875,0.0,0.0,0.0,26.4921875,0.0,0.0,0.0,26.109375,0.0,0.0,0.0,24.38671875,0.0,0.0,24.9609375,0.0,5.7771148681640625
37.639,-0.0,0.031496062992125984,0.0,0.0,0.0,-0.0,-0.0,0.0,0.0,0.0,23.046875,0.0,0.0,0.0,26.68359375,0.0,0.0,0.0,26.30078125,0.0,0.0,0.0,24.76953125,0.0,0.0,24.76953125,0.0,5.7771148681640625
37.807,-0.0,0.031496062992125984,0.0,0.0,0.0,-0.0,-0.0,0.0,0.0,0.0,23.23828125,0.0,0.0,0.0,26.68359375,0.0,0.0,0.0,26.4921875,0.0,0.0,0.0,24.1953125,0.0,0.0,24.38671875,0.0,5.7771148681640625
37.964,-0.0,0.031496062992125984,0.0,0.0,0.0,-0.0,-0.0,0.0,0.0,0.0,24.00390625,0.0,0.0,0.0,26.30078125,0.0,0.0,0.0,26.30078125,0.0,0.0,0.0,24.578125,0.0,0.0,25.15234375,0.0,5.7771148681640625
38.126,-0.0,0.031496062992125984,0.0,0.0,0.0,-0.0,-0.0,0.0,0.0,0.0,23.4296875,0.0,0.0,0.0,27.06640625,0.0,0.0,0.0,26.30078125,0.0,0.0,0.0,23.62109375,0.0,0.0,24.76953125,0.0,5.7771148681640625
38.297,-0.0,0.031496062992125984,0.0,0.0,0.0,-0.0,-0.0,0.0,0.0,0.0,23.8125,0.0,0.0,0.0,27.2578125,0.0,0.0,0.0,26.109375,0.0,0.0,0.0,24.1953125,0.0,0.0,24.00390625,0.0,5.7771148681640625
38.484,-0.0,0.031496062992125984,0.0,0.0,0.0,-0.0,-0.0,0.0,0.0,0.0,24.578125,0.0,0.0,0.0,25.7265625,0.0,0.0,0.0,26.4921875,0.0,0.0,0.0,24.38671875,0.0,0.0,23.4296875,0.0,5.7771148681640625
38.647,-0.0,0.031496062992125984,0.0,0.0,0.0,-0.0,-0.0,0.0,0.0,0.0,23.23828125,0.0,0.0,0.0,26.30078125,0.0,0.0,0.0,25.91796875,0.0,0.0,0.0,24.1953125,0.0,0.0,25.15234375,0.0,5.7771148681640625
38.805,-0.0,0.031496062992125984,0.0,0.0,0.0,-0.0,-0.0,0.0,0.0,0.0,23.8125,0.0,0.0,0.0,26.875,0.0,0.0,0.0,26.109375,0.0,0.0,0.0,24.1953125,0.0,0.0,24.578125,0.0,5.7771148681640625
38.969,-0.0,0.031496062992125984,0.0,0.0,0.0,-0.0,-0.0,0.0,0.0,0.0,24.00390625,0.0,0.0,0.0,27.06640625,0.0,0.0,0.0,26.109375,0.0,0.0,0.0,24.1953125,0.0,0.0,24.76953125,0.0,5.7771148681640625
39.138,-0.0,0.031496062992125984,0.0,0.0,0.0,-0.0,-0.0,0.0,0.0,0.0,23.4296875,0.0,0.0,0.0,26.4921875,0.0,0.0,0.0,26.109375,0.0,0.0,0.0,24.38671875,0.0,0.0,24.9609375,0.0,5.7771148681640625
39.305,-0.0,0.031496062992125984,0.0,0.0,0.0,-0.0,-0.0,0.0,0.0,0.0,24.1953125,0.0,0.0,0.0,26.68359375,0.0,0.0,0.0,26.30078125,0.0,0.0,0.0,24.578125,0.0,0.0,24.9609375,0.0,5.7771148681640625
39.468,-0.0,0.031496062992125984,0.0,0.0,0.0,-0.0,-0.0,0.0,0.0,0.0,23.62109375,0.0,0.0,0.0,26.875,0.0,0.0,0.0,26.30078125,0.0,0.0,0.0,24.00390625,0.0,0.0,24.76953125,0.0,5.7771148681640625
39.624,-0.0,0.031496062992125984,0.0,0.0,0.0,-0.0,-0.0,0.0,0.0,0.0,23.4296875,0.0,0.0,0.0,26.4921875,0.0,0.0,0.0,26.4921875,0.0,0.0,0.0,23.8125,0.0,0.0,25.34375,0.0,5.786895751953125
39.778,-0.0,0.031496062992125984,0.0,0.0,0.0,-0.0,-0.0,0.0,0.0,0.0,23.62109375,0.0,0.0,0.0,27.2578125,0.0,0.0,0.0,25.7265625,0.0,0.0,0.0,23.8125,0.0,0.0,24.1953125,0.0,5.7771148681640625
39.937,-0.0,0.031496062992125984,0.0,0.0,0.0,-0.0,-0.0,0.0,0.0,0.0,23.23828125,0.0,0.0,0.0,27.2578125,0.0,0.0,0.0,26.875,0.0,0.0,0.0,24.1953125,0.0,0.0,24.76953125,0.0,5.786895751953125
40.098,-0.0,0.031496062992125984,0.0,0.0,0.0,-0.0,-0.0,0.0,0.0,0.0,23.62109375,0.0,0.0,0.0,26.875,0.0,0.0,0.0,26.4921875,0.0,0.0,0.0,23.8125,0.0,0.0,25.34375,0.0,5.7771148681640625
40.259,-0.0,0.031496062992125984,0.0,0.0,0.0,-0.0,-0.0,0.0,0.0,0.0,23.4296875,0.0,0.0,0.0,27.44921875,0.0,0.0,0.0,26.875,0.0,0.0,0.0,24.578125,0.0,0.0,24.9609375,0.0,5.7771148681640625
40.424,-0.0,0.031496062992125984,0.0,0.0,0.0,-0.0,-0.0,0.0,0.0,0.0,23.62109375,0.0,0.0,0.0,26.875,0.0,0.0,0.0,26.30078125,0.0,0.0,0.0,24.38671875,0.0,0.0,24.76953125,0.0,5.786895751953125
40.586,-0.0,0.031496062992125984,0.0,0.0,0.0,-0.0,-0.0,0.0,0.0,0.0,24.38671875,0.0,0.0,0.0,26.4921875,0.0,0.0,0.0,26.68359375,0.0,0.0,0.0,24.1953125,0.0,0.0,24.76953125,0.0,5.786895751953125
40.756,-0.0,0.031496062992125984,0.0,0.0,0.0,-0.0,-0.0,0.0,0.0,0.0,22.85546875,0.0,0.0,0.0,26.875,0.0,0.0,0.0,26.4921875,0.0,0.0,0.0,24.1953125,0.0,0.0,24.9609375,0.0,5.786895751953125
40.924,-0.0,0.031496062992125984,0.0,0.0,0.0,-0.0,-0.0,0.0,0.0,0.0,23.8125,0.0,0.0,0.0,26.30078125,0.0,0.0,0.0,25.91796875,0.0,0.0,0.0,24.38671875,0.0,0.0,25.15234375,0.0,5.7771148681640625
41.085,-0.0,0.031496062992125984,0.0,0.0,0.0,-0.0,-0.0,0.0,0.0,0.0,22.85546875,0.0,0.0,0.0,26.4921875,0.0,0.0,0.0,26.30078125,0.0,0.0,0.0,24.38671875,0.0,0.0,25.7265625,0.0,5.7771148681640625
41.239,-0.0,0.031496062992125984,0.0,0.0,0.0,-0.0,-0.0,0.0,0.0,0.0,23.62109375,0.0,0.0,0.0,27.2578125,0.0,0.0,0.0,26.109375,0.0,0.0,0.0,24.76953125,0.0,0.0,24.9609375,0.0,5.7771148681640625
41.418,-0.0,0.031496062992125984,0.0,0.0,0.0,-0.0,-0.0,0.0,0.0,0.0,24.00390625,0.0,0.0,0.0,27.44921875,0.0,0.0,0.0,25.91796875,0.0,0.0,0.0,24.1953125,0.0,0.0,24.38671875,0.0,5.7771148681640625
41.577,-0.0,0.031496062992125984,0.0,0.0,0.0,-0.0,-0.0,0.0,0.0,0.0,24.00390625,0.0,0.0,0.0,26.30078125,0.0,0.0,0.0,25.91796875,0.0,0.0,0.0,24.00390625,0.0,0.0,24.9609375,0.0,5.7771148681640625
41.738,-0.0,0.031496062992125984,0.0,0.0,0.0,-0.0,-0.0,0.0,0.0,0.0,24.38671875,0.0,0.0,0.0,26.68359375,0.0,0.0,0.0,25.91796875,0.0,0.0,0.0,24.578125,0.0,0.0,24.1953125,0.0,5.7771148681640625
41.898,-0.0,0.031496062992125984,0.0,0.0,0.0,-0.0,-0.0,0.0,0.0,0.0,23.8125,0.0,0.0,0.0,27.640625,0.0,0.0,0.0,26.4921875,0.0,0.0,0.0,24.1953125,0.0,0.0,25.15234375,0.0,5.786895751953125
42.077,-0.0,0.031496062992125984,0.0,0.0,0.0,-0.0,-0.0,0.0,0.0,0.0,23.046875,0.0,0.0,0.0,27.83203125,0.0,0.0,0.0,26.68359375,0.0,0.0,0.0,24.1953125,0.0,0.0,24.9609375,0.0,5.7771148681640625
42.237,-0.0,0.031496062992125984,0.0,0.0,0.0,-0.0,-0.0,0.0,0.0,0.0,23.4296875,0.0,0.0,0.0,26.68359375,0.0,0.0,0.0,26.30078125,0.0,0.0,0.0,24.38671875,0.0,0.0,24.9609375,0.0,5.786895751953125
42.399,-0.0,0.031496062992125984,0.0,0.0,0.0,-0.0,-0.0,0.0,0.0,0.0,23.23828125,0.0,0.0,0.0,26.30078125,0.0,0.0,0.0,26.109375,0.0,0.0,0.0,24.76953125,0.0,0.0,24.76953125,0.0,5.786895751953125
42.577,-0.0,0.031496062992125984,0.0,0.0,0.0,-0.0,-0.0,0.0,0.0,0.0,24.76953125,0.0,0.0,0.0,26.68359375,0.0,0.0,0.0,26.109375,0.0,0.0,0.0,24.38671875,0.0,0.0,24.00390625,0.0,5.7771148681640625
42.746,-0.0,0.031496062992125984,0.0,0.0,0.0,-0.0,-0.0,0.0,0.0,0.0,23.4296875,0.0,0.0,0.0,26.875,0.0,0.0,0.0,26.109375,0.0,0.0,0.0,23.4296875,0.0,0.0,25.34375,0.0,5.7771148681640625
42.919,-0.0,0.031496062992125984,0.0,0.0,0.0,-0.0,-0.0,0.0,0.0,0.0,23.8125,0.0,0.0,0.0,25.7265625,0.0,0.0,0.0,26.30078125,0.0,0.0,0.0,24.578125,0.0,0.0,24.9609375,0.0,5.7771148681640625
43.078,-0.0,0.031496062992125984,0.0,0.0,0.0,-0.0,-0.0,0.0,0.0,0.0,23.4296875,0.0,0.0,0.0,26.4921875,0.0,0.0,0.0,25.91796875,0.0,0.0,0.0,24.578125,0.0,0.0,25.15234375,0.0,5.7771148681640625
43.239,-0.0,0.031496062992125984,0.0,0.0,0.0,-0.0,-0.0,0.0,0.0,0.0,23.23828125,0.0,0.0,0.0,26.875,0.0,0.0,0.0,25.91796875,0.0,0.0,0.0,23.62109375,0.0,0.0,24.9609375,0.0,5.7771148681640625
43.397,-0.0,0.031496062992125984,0.0,0.0,0.0,-0.0,-0.0,0.0,0.0,0.0,23.62109375,0.0,0.0,0.0,28.21484375,0.0,0.0,0.0,26.30078125,0.0,0.0,0.0,24.00390625,0.0,0.0,24.9609375,0.0,5.7771148681640625
43.559,-0.0,0.031496062992125984,0.0,0.0,0.0,-0.0,-0.0,0.0,0.0,0.0,23.23828125,0.0,0.0,0.0,27.06640625,0.0,0.0,0.0,25.91796875,0.0,0.0,0.0,24.578125,0.0,0.0,24.76953125,0.0,5.7771148681640625
43.719,-0.0,0.031496062992125984,0.0,0.0,0.0,-0.0,-0.0,0.0,0.0,0.0,23.62109375,0.0,0.0,0.0,26.4921875,0.0,0.0,0.0,25.7265625,0.0,0.0,0.0,24.578125,0.0,0.0,23.8125,0.0,5.7771148681640625
43.879,-0.0,0.031496062992125984,0.0,0.0,0.0,-0.0,-0.0,0.0,0.0,0.0,23.8125,0.0,0.0,0.0,28.0234375,0.0,0.0,0.0,25.91796875,0.0,0.0,0.0,24.1953125,0.0,0.0,25.15234375,0.0,5.7771148681640625
44.037,-0.0,0.031496062992125984,0.0,0.0,0.0,-0.0,-0.0,0.0,0.0,0.0,23.62109375,0.0,0.0,0.0,26.875,0.0,0.0,0.0,26.4921875,0.0,0.0,0.0,24.38671875,0.0,0.0,25.15234375,0.0,5.7771148681640625
44.195,-0.0,0.031496062992125984,0.0,0.0,0.0,-0.0,-0.0,0.0,0.0,0.0,23.4296875,0.0,0.0,0.0,26.68359375,0.0,0.0,0.0,26.109375,0.0,0.0,0.0,25.15234375,0.0,0.0,25.7265625,0.0,5.7771148681640625
44.374,-0.0,0.031496062992125984,0.0,0.0,0.0,-0.0,-0.0,0.0,0.0,0.0,23.4296875,0.0,0.0,0.0,27.2578125,0.0,0.0,0.0,26.68359375,0.0,0.0,0.0,24.1953125,0.0,0.0,25.34375,0.0,5.7771148681640625
44.575,-0.0,0.031496062992125984,0.0,0.0,0.0,-0.0,-0.0,0.0,0.0,0.0,23.8125,0.0,0.0,0.0,26.68359375,0.0,0.0,0.0,26.30078125,0.0,0.0,0.0,25.15234375,0.0,0.0,24.9609375,0.0,5.7771148681640625
44.754,-0.0,0.031496062992125984,0.0,0.0,0.0,-0.0,-0.0,0.0,0.0,0.0,22.85546875,0.0,0.0,0.0,26.4921875,0.0,0.0,0.0,26.4921875,0.0,0.0,0.0,24.1953125,0.0,0.0,25.7265625,0.0,5.7771148681640625
44.923,-0.0,0.031496062992125984,0.0,0.0,0.0,-0.0,-0.0,0.0,0.0,0.0,24.1953125,0.0,0.0,0.0,26.68359375,0.0,0.0,0.0,25.91796875,0.0,0.0,0.0,24.38671875,0.0,0.0,25.53515625,0.0,5.7673492431640625
45.096,-0.0,0.031496062992125984,0.0,0.0,0.0,-0.0,-0.0,0.0,0.0,0.0,24.00390625,0.0,0.0,0.0,27.640625,0.0,0.0,0.0,26.4921875,0.0,0.0,0.0,24.00390625,0.0,0.0,25.34375,0.0,5.786895751953125
45.257,-0.0,0.031496062992125984,0.0,0.0,0.0,-0.0,-0.0,0.0,0.0,0.0,24.76953125,0.0,0.0,0.0,27.640625,0.0,0.0,0.0,26.30078125,0.0,0.0,0.0,24.1953125,0.0,0.0,24.9609375,0.0,5.7771148681640625
45.418,-0.0,0.031496062992125984,0.0,0.0,0.0,-0.0,-0.0,0.0,0.0,0.0,23.23828125,0.0,0.0,0.0,26.875,0.0,0.0,0.0,25.91796875,0.0,0.0,0.0,24.38671875,0.0,0.0,24.38671875,0.0,5.7771148681640625
45.584,-0.0,0.031496062992125984,0.0,0.0,0.0,-0.0,-0.0,0.0,0.0,0.0,23.8125,0.0,0.0,0.0,27.44921875,0.0,0.0,0.0,26.109375,0.0,0.0,0.0,24.1953125,0.0,0.0,24.9609375,0.0,5.786895751953125
45.745,-0.0,0.031496062992125984,0.0,0.0,0.0,-0.0,-0.0,0.0,0.0,0.0,23.23828125,0.0,0.0,0.0,26.30078125,0.0,0.0,0.0,26.30078125,0.0,0.0,0.0,24.00390625,0.0,0.0,24.76953125,0.0,5.786895751953125
45.905,-0.0,0.031496062992125984,0.0,0.0,0.0,-0.0,-0.0,0.0,0.0,0.0,23.23828125,0.0,0.0,0.0,26.875,0.0,0.0,0.0,26.30078125,0.0,0.0,0.0,24.578125,0.0,0.0,24.76953125,0.0,5.786895751953125
46.062,-0.0,0.031496062992125984,0.0,0.0,0.0,-0.0,-0.0,0.0,0.0,0.0,24.00390625,0.0,0.0,0.0,26.30078125,0.0,0.0,0.0,26.109375,0.0,0.0,0.0,24.1953125,0.0,0.0,23.23828125,0.0,5.7771148681640625
46.224,-0.0,0.031496062992125984,0.0,0.0,0.0,-0.0,-0.0,0.0,0.0,0.0,24.00390625,0.0,0.0,0.0,26.109375,0.0,0.0,0.0,26.30078125,0.0,0.0,0.0,24.1953125,0.0,0.0,25.15234375,0.0,5.786895751953125
46.378,-0.0,0.031496062992125984,0.0,0.0,0.0,-0.0,-0.0,0.0,0.0,0.0,23.23828125,0.0,0.0,0.0,26.30078125,0.0,0.0,0.0,26.109375,0.0,0.0,0.0,23.8125,0.0,0.0,26.30078125,0.0,5.786895751953125
46.545,-0.0,0.031496062992125984,0.0,0.0,0.0,-0.0,-0.0,0.0,0.0,0.0,24.1953125,0.0,0.0,0.0,26.4921875,0.0,0.0,0.0,26.109375,0.0,0.0,0.0,24.1953125,0.0,0.0,24.76953125,0.0,5.786895751953125
46.708,-0.0,0.031496062992125984,0.0,0.0,0.0,-0.0,-0.0,0.0,0.0,0.0,23.8125,0.0,0.0,0.0,26.30078125,0.0,0.0,0.0,25.91796875,0.0,0.0,0.0,24.00390625,0.0,0.0,25.15234375,0.0,5.786895751953125
46.877,-0.0,0.031496062992125984,0.0,0.0,0.0,-0.0,-0.0,0.0,0.0,0.0,24.9609375,0.0,0.0,0.0,26.109375,0.0,0.0,0.0,26.30078125,0.0,0.0,0.0,24.1953125,0.0,0.0,24.578125,0.0,5.7771148681640625
47.038,-0.0,0.031496062992125984,0.0,0.0,0.0,-0.0,-0.0,0.0,0.0,0.0,23.4296875,0.0,0.0,0.0,27.640625,0.0,0.0,0.0,26.875,0.0,0.0,0.0,24.00390625,0.0,0.0,24.9609375,0.0,5.786895751953125
47.198,-0.0,0.031496062992125984,0.0,0.0,0.0,-0.0,-0.0,0.0,0.0,0.0,24.38671875,0.0,0.0,0.0,26.875,0.0,0.0,0.0,26.4921875,0.0,0.0,0.0,23.8125,0.0,0.0,24.00390625,0.0,5.786895751953125
47.374,-0.0,0.031496062992125984,0.0,0.0,0.0,-0.0,-0.0,0.0,0.0,0.0,23.62109375,0.0,0.0,0.0,26.875,0.0,0.0,0.0,26.109375,0.0,0.0,0.0,23.8125,0.0,0.0,25.15234375,0.0,5.845550537109375
S: 47.422 163223997912 Fired
47.54,-0.0,0.031496062992125984,0.0,0.0,0.0,-0.0,-0.0,0.0,0.0,0.0,24.76953125,0.0,0.0,0.0,26.4921875,0.0,0.0,0.0,26.109375,0.0,0.0,0.0,24.38671875,0.0,0.0,23.62109375,0.0,5.44476318359375
47.698,-0.0,0.031496062992125984,0.0,0.0,0.0,-0.0,-0.0,0.0,0.0,0.0,23.23828125,0.0,0.0,0.0,26.4921875,-2.8340606689453125,0.0,0.0,26.68359375,0.0,0.0,0.0,24.00390625,0.0,0.0,25.34375,0.0,4.56500244140625
47.856,-0.0,0.031496062992125984,0.0,0.0,0.0,-0.0,-0.0,0.0,0.0,0.0,23.62109375,0.0,0.0,0.0,26.30078125,-30.205062866210938,0.0,0.0,25.7265625,0.0,0.0,0.0,24.38671875,0.0,0.0,24.578125,0.0,4.477020263671875
47.998,-0.0,0.031496062992125984,0.0,0.0,0.0,-0.0,-0.0,6.555389404296875,0.0,0.0,23.62109375,0.0,0.0,0.0,26.875,-12.389083862304688,0.0,0.0,26.4921875,0.0,0.0,0.0,24.1953125,0.0,0.0,24.578125,0.0,4.9266815185546875
48.158,-0.0,0.031496062992125984,0.0,0.0,0.0,-0.0,-0.0,0.0,0.0,0.0,24.00390625,0.0,0.0,0.0,26.68359375,-16.094284057617188,0.0,0.0,26.30078125,0.0,0.0,0.0,24.578125,0.0,0.0,25.15234375,0.0,5.4936370849609375
48.303,-0.0,0.031496062992125984,0.0,0.0,0.0,-0.0,-0.0,0.0,0.0,0.0,24.9609375,0.0,0.0,0.0,26.875,16.607559204101562,0.0,0.0,26.109375,0.0,0.0,0.0,24.38671875,0.0,0.0,25.34375,0.0,5.8064422607421875
48.456,-0.0,0.031496062992125984,0.0,0.0,0.0,-0.0,-0.0,0.0,0.0,0.0,23.8125,0.0,0.0,0.0,26.875,2.5244903564453125,0.0,0.0,25.91796875,0.0,0.0,0.0,24.578125,0.0,0.0,24.578125,0.0,5.7673492431640625
48.621,-0.0,0.031496062992125984,0.0,0.0,0.0,-0.0,-0.0,0.0,0.0,0.0,23.4296875,0.0,0.0,0.0,26.4921875,7.2254638671875,0.0,0.0,26.109375,0.0,0.0,0.0,24.578125,0.0,0.0,24.9609375,0.0,5.757568359375
48.796,-0.0,0.031496062992125984,0.0,0.0,0.0,-0.0,-0.0,0.0,0.0,0.0,23.62109375,0.0,0.0,0.0,26.30078125,0.0,0.0,0.0,25.91796875,0.0,0.0,0.0,24.38671875,0.0,0.0,24.00390625,0.0,5.757568359375
48.967,-0.0,0.031496062992125984,0.0,0.0,0.0,-0.0,-0.0,0.0,0.0,0.0,23.8125,0.0,0.0,0.0,26.4921875,0.0,0.0,0.0,26.4921875,0.0,0.0,0.0,24.38671875,0.0,0.0,25.34375,0.0,5.757568359375
49.142,-0.0,0.031496062992125984,0.0,0.0,0.0,-0.0,-0.0,0.0,0.0,0.0,22.85546875,0.0,0.0,0.0,26.4921875,0.0,0.0,0.0,26.30078125,0.0,0.0,0.0,23.8125,0.0,0.0,25.53515625,0.0,5.7673492431640625
49.318,-0.0,0.031496062992125984,0.0,0.0,0.0,-0.0,-0.0,0.0,0.0,0.0,23.8125,0.0,0.0,0.0,26.4921875,0.0,0.0,0.0,26.68359375,0.0,0.0,0.0,23.62109375,0.0,0.0,24.38671875,0.0,5.7477874755859375
49.485,-0.0,0.031496062992125984,0.0,0.0,0.0,-0.0,-0.0,0.0,0.0,0.0,24.00390625,0.0,0.0,0.0,26.109375,0.0,0.0,0.0,26.30078125,0.0,0.0,0.0,24.1953125,0.0,0.0,25.15234375,0.0,5.757568359375
49.656,-0.0,0.031496062992125984,0.0,0.0,0.0,-0.0,-0.0,0.0,0.0,0.0,23.62109375,0.0,0.0,0.0,26.68359375,0.0,0.0,0.0,26.68359375,0.0,0.0,0.0,24.578125,0.0,0.0,24.9609375,0.0,5.757568359375
49.819,-0.0,0.031496062992125984,0.0,0.0,0.0,-0.0,-0.0,0.0,0.0,0.0,24.38671875,0.0,0.0,0.0,26.4921875,0.0,0.0,0.0,26.109375,0.0,0.0,0.0,24.76953125,0.0,0.0,24.76953125,0.0,5.757568359375
49.985,-0.0,0.031496062992125984,0.0,0.0,0.0,-0.0,-0.0,0.0,0.0,0.0,23.046875,0.0,0.0,0.0,26.68359375,0.0,0.0,0.0,26.30078125,0.0,0.0,0.0,24.38671875,0.0,0.0,25.15234375,0.0,5.757568359375
50.145,-0.0,0.031496062992125984,0.0,0.0,0.0,-0.0,-0.0,0.0,0.0,0.0,24.76953125,0.0,0.0,0.0,26.4921875,0.0,0.0,0.0,26.4921875,0.0,0.0,0.0,23.62109375,0.0,0.0,24.9609375,0.0,5.757568359375
50.316,-0.0,0.031496062992125984,0.0,0.0,0.0,-0.0,-0.0,0.0,0.0,0.0,23.62109375,0.0,0.0,0.0,26.68359375,0.0,0.0,0.0,26.30078125,0.0,0.0,0.0,24.38671875,0.0,0.0,25.91796875,0.0,5.7673492431640625
50.484,-0.0,0.031496062992125984,0.0,0.0,0.0,-0.0,-0.0,0.0,0.0,0.0,24.38671875,0.0,0.0,0.0,27.06640625,0.0,0.0,0.0,26.109375,0.0,0.0,0.0,24.38671875,0.0,0.0,24.76953125,0.0,5.757568359375
50.666,-0.0,0.031496062992125984,0.0,0.0,0.0,-0.0,-0.0,0.0,0.0,0.0,24.00390625,0.0,0.0,0.0,27.06640625,0.0,0.0,0.0,26.30078125,0.0,0.0,0.0,24.76953125,0.0,0.0,25.34375,0.0,5.757568359375
50.837,-0.0,0.031496062992125984,0.0,0.0,0.0,-0.0,-0.0,0.0,0.0,0.0,23.8125,0.0,0.0,0.0,26.30078125,0.0,0.0,0.0,25.91796875,0.0,0.0,0.0,24.578125,0.0,0.0,24.578125,0.0,5.757568359375
50.991,-0.0,0.031496062992125984,0.0,0.0,0.0,-0.0,-0.0,0.0,0.0,0.0,24.1953125,0.0,0.0,0.0,26.68359375,0.0,0.0,0.0,26.109375,0.0,0.0,0.0,24.38671875,0.0,0.0,24.9609375,0.0,5.757568359375
51.158,-0.0,0.031496062992125984,0.0,0.0,0.0,-0.0,-0.0,0.0,0.0,0.0,23.8125,0.0,0.0,0.0,26.109375,0.0,0.0,0.0,26.109375,0.0,0.0,0.0,24.38671875,0.0,0.0,25.15234375,0.0,5.757568359375
51.317,-0.0,0.031496062992125984,0.0,0.0,0.0,-0.0,-0.0,0.0,0.0,0.0,23.62109375,0.0,0.0,0.0,26.875,0.0,0.0,0.0,26.4921875,0.0,0.0,0.0,24.1953125,0.0,0.0,24.9609375,0.0,5.757568359375
51.479,-0.0,0.031496062992125984,0.0,0.0,0.0,-0.0,-0.0,0.0,0.0,0.0,24.00390625,0.0,0.0,0.0,26.4921875,0.0,0.0,0.0,26.4921875,0.0,0.0,0.0,24.38671875,0.0,0.0,25.34375,0.0,5.757568359375
51.648,-0.0,0.031496062992125984,0.0,0.0,0.0,-0.0,-0.0,0.0,0.0,0.0,23.23828125,0.0,0.0,0.0,27.640625,0.0,0.0,0.0,25.7265625,0.0,0.0,0.0,23.8125,0.0,0.0,25.53515625,0.0,5.757568359375
51.816,-0.0,0.031496062992125984,0.0,0.0,0.0,-0.0,-0.0,0.0,0.0,0.0,23.23828125,0.0,0.0,0.0,27.2578125,0.0,0.0,0.0,26.30078125,0.0,0.0,0.0,24.38671875,0.0,0.0,24.76953125,0.0,5.757568359375
51.985,-0.0,0.031496062992125984,0.0,0.0,0.0,-0.0,-0.0,0.0,0.0,0.0,23.62109375,0.0,0.0,0.0,27.2578125,-11.046798706054688,0.0,0.0,26.4921875,0.0,0.0,0.0,24.1953125,0.0,0.0,24.38671875,0.0,5.757568359375
52.145,-0.0,0.031496062992125984,0.0,0.0,0.0,-0.0,-0.0,0.0,0.0,0.0,23.4296875,0.0,0.0,0.0,26.875,-14.017807006835938,0.0,0.0,25.91796875,0.0,0.0,0.0,23.62109375,0.0,0.0,25.34375,0.0,5.757568359375
52.31,-0.0,0.031496062992125984,0.0,0.0,0.0,-0.0,-0.0,-6.1257781982421875,0.0,0.0,24.00390625,0.0,0.0,0.0,27.2578125,-26.752685546875,0.0,0.0,26.30078125,0.0,0.0,0.0,24.578125,0.0,0.0,24.76953125,0.0,5.757568359375
52.485,-0.0,0.031496062992125984,0.0,0.0,0.0,-0.0,-0.0,-8.67852783203125,0.0,0.0,23.4296875,0.0,0.0,0.0,26.68359375,-33.39100646972656,0.0,0.0,26.68359375,0.0,0.0,0.0,23.62109375,0.0,0.0,24.9609375,0.0,5.757568359375
52.655,-0.0,0.031496062992125984,0.0,0.0,0.0,-0.0,-0.0,-8.49029541015625,0.0,0.0,24.38671875,0.0,0.0,0.0,27.640625,-26.404266357421875,0.0,0.0,26.4921875,0.0,0.0,0.0,24.38671875,0.0,0.0,25.34375,0.0,5.757568359375
52.823,-0.0,0.031496062992125984,0.0,0.0,0.0,-0.0,-0.0,0.0,0.0,0.0,23.23828125,0.0,0.0,0.0,26.30078125,-20.292434692382812,0.0,0.0,26.4921875,0.0,0.0,0.0,24.578125,0.0,0.0,24.9609375,0.0,5.7477874755859375
52.996,-0.0,0.031496062992125984,0.0,0.0,0.0,-0.0,-0.0,3.99798583984375,0.0,0.0,23.4296875,0.0,0.0,0.0,27.640625,-15.877609252929688,0.0,0.0,26.4921875,0.0,0.0,0.0,25.15234375,0.0,0.0,25.34375,0.0,5.757568359375
53.158,-0.0,0.031496062992125984,0.0,0.0,0.0,-0.0,-0.0,0.0,0.0,0.0,23.8125,0.0,0.0,0.0,26.30078125,-4.01068115234375,0.0,0.0,25.91796875,0.0,0.0,0.0,24.1953125,0.0,0.0,24.1953125,0.0,5.757568359375
53.324,-0.0,0.031496062992125984,0.0,0.0,0.0,-0.0,-0.0,0.0,0.0,0.0,23.8125,0.0,0.0,0.0,26.875,2.8825836181640625,0.0,0.0,25.91796875,0.0,0.0,0.0,24.1953125,0.0,0.0,24.1953125,0.0,5.757568359375
53.514,-0.0,0.031496062992125984,0.0,0.0,0.0,-0.0,-0.0,0.0,0.0,0.0,24.1953125,0.0,0.0,0.0,26.68359375,0.0,0.0,0.0,26.109375,0.0,0.0,0.0,23.62109375,0.0,0.0,25.15234375,0.0,5.757568359375
53.68,-0.0,0.031496062992125984,0.0,0.0,0.0,-0.0,-0.0,0.0,0.0,0.0,23.62109375,0.0,0.0,0.0,26.4921875,0.0,0.0,0.0,26.68359375,0.0,0.0,0.0,24.1953125,0.0,0.0,24.76953125,0.0,5.757568359375
53.838,-0.0,0.031496062992125984,0.0,0.0,0.0,-0.0,-0.0,0.0,0.0,0.0,23.8125,0.0,0.0,0.0,26.30078125,0.0,0.0,0.0,26.4921875,0.0,0.0,0.0,24.38671875,0.0,0.0,25.15234375,0.0,5.757568359375
54.002,-0.0,0.031496062992125984,0.0,0.0,0.0,-0.0,-0.0,0.0,0.0,0.0,24.1953125,0.0,0.0,0.0,26.68359375,0.0,0.0,0.0,26.109375,0.0,0.0,0.0,23.8125,0.0,0.0,25.15234375,0.0,5.757568359375
54.179,-0.0,0.031496062992125984,0.0,0.0,0.0,-0.0,-0.0,0.0,0.0,0.0,24.1953125,0.0,0.0,0.0,26.68359375,0.0,0.0,0.0,26.109375,0.0,0.0,0.0,24.578125,0.0,0.0,24.9609375,0.0,5.757568359375
54.355,-0.0,0.031496062992125984,0.0,0.0,0.0,-0.0,-0.0,0.0,0.0,0.0,23.62109375,0.0,0.0,0.0,26.4921875,0.0,0.0,0.0,25.91796875,0.0,0.0,0.0,24.1953125,0.0,0.0,24.00390625,0.0,5.757568359375
54.517,-0.0,0.031496062992125984,0.0,0.0,0.0,-0.0,-0.0,0.0,0.0,0.0,24.00390625,0.0,0.0,0.0,26.4921875,0.0,0.0,0.0,26.30078125,0.0,0.0,0.0,24.1953125,0.0,0.0,25.53515625,0.0,5.757568359375
54.685,-0.0,0.031496062992125984,0.0,0.0,0.0,-0.0,-0.0,0.0,0.0,0.0,23.8125,0.0,0.0,0.0,26.68359375,0.0,0.0,0.0,26.109375,0.0,0.0,0.0,24.38671875,0.0,0.0,24.76953125,0.0,5.7477874755859375
54.843,-0.0,0.031496062992125984,0.0,0.0,0.0,-0.0,-0.0,0.0,0.0,0.0,23.8125,0.0,0.0,0.0,26.68359375,0.0,0.0,0.0,26.4921875,0.0,0.0,0.0,23.62109375,0.0,0.0,24.76953125,0.0,5.7477874755859375
54.998,-0.0,0.031496062992125984,0.0,0.0,0.0,-0.0,-0.0,0.0,0.0,0.0,24.00390625,0.0,0.0,0.0,27.83203125,0.0,0.0,0.0,26.68359375,0.0,0.0,0.0,23.8125,0.0,0.0,25.34375,0.0,5.7477874755859375
55.173,-0.0,0.031496062992125984,0.0,0.0,0.0,-0.0,-0.0,0.0,0.0,0.0,24.38671875,0.0,0.0,0.0,26.68359375,0.0,0.0,0.0,25.91796875,0.0,0.0,0.0,24.38671875,0.0,0.0,24.578125,0.0,5.757568359375
55.346,-0.0,0.031496062992125984,0.0,0.0,0.0,-0.0,-0.0,0.0,0.0,0.0,24.1953125,0.0,0.0,0.0,26.68359375,0.0,0.0,0.0,26.4921875,0.0,0.0,0.0,24.00390625,0.0,0.0,25.53515625,0.0,5.7477874755859375
55.506,-0.0,0.031496062992125984,0.0,0.0,0.0,-0.0,-0.0,0.0,0.0,0.0,23.62109375,0.0,0.0,0.0,27.640625,0.0,0.0,0.0,26.109375,0.0,0.0,0.0,23.62109375,0.0,0.0,24.9609375,0.0,5.7477874755859375
55.676,-0.0,0.031496062992125984,0.0,0.0,0.0,-0.0,-0.0,0.0,0.0,0.0,24.00390625,0.0,0.0,0.0,28.21484375,0.0,0.0,0.0,26.4921875,0.0,0.0,0.0,24.578125,0.0,0.0,24.38671875,0.0,5.7477874755859375
55.837,-0.0,0.031496062992125984,0.0,0.0,0.0,-0.0,-0.0,0.0,0.0,0.0,23.4296875,0.0,0.0,0.0,26.68359375,0.0,0.0,0.0,26.68359375,0.0,0.0,0.0,24.1953125,0.0,0.0,25.15234375,0.0,5.7477874755859375
55.999,-0.0,0.031496062992125984,0.0,0.0,0.0,-0.0,-0.0,0.0,0.0,0.0,25.34375,0.0,0.0,0.0,26.30078125,0.0,0.0,0.0,26.68359375,0.0,0.0,0.0,24.00390625,0.0,0.0,24.578125,0.0,5.7380218505859375
56.165,-0.0,0.031496062992125984,0.0,0.0,0.0,-0.0,-0.0,0.0,0.0,0.0,23.8125,0.0,0.0,0.0,26.875,0.0,0.0,0.0,26.4921875,0.0,0.0,0.0,24.76953125,0.0,0.0,25.15234375,0.0,5.7477874755859375
56.335,-0.0,0.031496062992125984,0.0,0.0,0.0,-0.0,-0.0,0.0,0.0,0.0,23.4296875,0.0,0.0,0.0,27.44921875,0.0,0.0,0.0,26.30078125,0.0,0.0,0.0,24.9609375,0.0,0.0,24.76953125,0.0,5.7477874755859375
56.518,-0.0,0.031496062992125984,0.0,0.0,0.0,-0.0,-0.0,0.0,0.0,0.0,24.1953125,0.0,0.0,0.0,26.30078125,0.0,0.0,0.0,26.4921875,0.0,0.0,0.0,24.9609375,0.0,0.0,24.9609375,0.0,5.7477874755859375
56.682,-0.0,0.031496062992125984,0.0,0.0,0.0,-0.0,-0.0,0.0,0.0,0.0,23.62109375,0.0,0.0,0.0,26.875,0.0,0.0,0.0,26.4921875,0.0,0.0,0.0,23.62109375,0.0,0.0,24.9609375,0.0,5.7380218505859375
56.848,-0.0,0.031496062992125984,0.0,0.0,0.0,-0.0,-0.0,0.0,0.0,0.0,25.15234375,0.0,0.0,0.0,26.4921875,0.0,0.0,0.0,26.30078125,0.0,0.0,0.0,24.38671875,0.0,0.0,24.76953125,0.0,5.757568359375
57.019,-0.0,0.031496062992125984,0.0,0.0,0.0,-0.0,-0.0,0.0,0.0,0.0,23.62109375,0.0,0.0,0.0,26.30078125,0.0,0.0,0.0,26.30078125,0.0,0.0,0.0,24.00390625,0.0,0.0,24.578125,0.0,5.7477874755859375
57.187,-0.0,0.031496062992125984,0.0,0.0,0.0,-0.0,-0.0,0.0,0.0,0.0,24.1953125,0.0,0.0,0.0,25.91796875,0.0,0.0,0.0,25.7265625,0.0,0.0,0.0,23.62109375,0.0,0.0,24.38671875,0.0,5.7477874755859375
57.356,-0.0,0.031496062992125984,0.0,0.0,0.0,-0.0,-0.0,0.0,0.0,0.0,24.1953125,0.0,0.0,0.0,28.0234375,0.0,0.0,0.0,26.30078125,0.0,0.0,0.0,24.578125,0.0,0.0,25.34375,0.0,5.7477874755859375
57.525,-0.0,0.031496062992125984,0.0,0.0,0.0,-0.0,-0.0,0.0,0.0,0.0,24.00390625,0.0,0.0,0.0,26.68359375,0.0,0.0,0.0,26.4921875,0.0,0.0,0.0,24.76953125,0.0,0.0,25.53515625,0.0,5.8064422607421875
S: 57.567 163224008060 Fired
57.678,-0.0,0.031496062992125984,0.0,0.0,0.0,-0.0,-0.0,0.0,0.0,0.0,24.1953125,0.0,0.0,0.0,26.4921875,0.0,0.0,0.0,26.68359375,0.0,0.0,0.0,23.62109375,0.0,0.0,23.8125,0.0,5.415435791015625
57.839,-0.0,0.031496062992125984,0.0,0.0,0.0,-0.0,-0.0,0.0,0.0,0.0,23.8125,0.0,0.0,0.0,27.06640625,-9.652359008789062,0.0,0.0,26.109375,0.0,0.0,0.0,24.00390625,0.0,0.0,25.34375,0.0,4.6529693603515625
57.998,-0.0,0.031496062992125984,0.0,0.0,0.0,-0.0,-0.0,0.0,0.0,0.0,23.4296875,0.0,0.0,0.0,27.06640625,-44.881317138671875,0.0,0.0,25.91796875,0.0,0.0,0.0,24.00390625,0.0,0.0,24.38671875,0.0,4.4574737548828125
58.144,-0.0,0.031496062992125984,0.0,0.0,0.0,-0.0,-0.0,-7.4047698974609375,0.0,0.0,24.00390625,0.0,0.0,0.0,26.30078125,-8.85693359375,0.0,0.0,26.68359375,0.0,0.0,0.0,24.00390625,0.0,0.0,25.7265625,0.0,4.9266815185546875
58.297,-0.0,0.031496062992125984,0.0,0.0,0.0,-0.0,-0.0,0.0,0.0,0.0,24.00390625,0.0,0.0,0.0,26.4921875,-22.420333862304688,0.0,0.0,26.109375,0.0,0.0,0.0,23.8125,0.0,0.0,25.34375,0.0,5.532745361328125
58.467,-0.0,0.031496062992125984,0.0,0.0,0.0,-0.0,-0.0,0.0,0.0,0.0,23.4296875,0.0,0.0,0.0,26.68359375,11.36181640625,0.0,0.0,26.875,0.0,0.0,0.0,23.8125,0.0,0.0,25.15234375,0.0,5.81622314453125
58.62,-0.0,0.031496062992125984,0.0,0.0,0.0,-0.0,-0.0,0.0,0.0,0.0,23.8125,0.0,0.0,0.0,26.4921875,0.0,0.0,0.0,26.109375,0.0,0.0,0.0,24.578125,0.0,0.0,24.76953125,0.0,5.7477874755859375
58.786,-0.0,0.031496062992125984,0.0,0.0,0.0,-0.0,-0.0,0.0,0.0,0.0,23.8125,0.0,0.0,0.0,27.2578125,0.0,0.0,0.0,26.109375,0.0,0.0,0.0,24.76953125,0.0,0.0,25.15234375,0.0,5.7477874755859375
58.945,-0.0,0.031496062992125984,0.0,0.0,0.0,-0.0,-0.0,0.0,0.0,0.0,24.38671875,0.0,0.0,0.0,27.2578125,0.0,0.0,0.0,26.68359375,0.0,0.0,0.0,24.38671875,0.0,0.0,25.15234375,0.0,5.7477874755859375
59.274,-0.0,0.031496062992125984,0.0,0.0,0.0,-0.0,-0.0,0.0,0.0,0.0,24.1953125,0.0,0.0,0.0,26.68359375,0.0,0.0,0.0,26.875,0.0,0.0,0.0,24.578125,0.0,0.0,25.15234375,0.0,5.7380218505859375
59.438,-0.0,0.031496062992125984,0.0,0.0,0.0,-0.0,-0.0,0.0,0.0,0.0,23.4296875,0.0,0.0,0.0,26.68359375,0.0,0.0,0.0,26.109375,0.0,0.0,0.0,24.38671875,0.0,0.0,25.7265625,0.0,5.7380218505859375
59.618,-0.0,0.031496062992125984,0.0,0.0,0.0,-0.0,-0.0,0.0,0.0,0.0,24.1953125,0.0,0.0,0.0,26.4921875,0.0,0.0,0.0,26.109375,0.0,0.0,0.0,24.76953125,0.0,0.0,24.9609375,0.0,5.7380218505859375
59.777,-0.0,0.031496062992125984,0.0,0.0,0.0,-0.0,-0.0,0.0,0.0,0.0,23.62109375,0.0,0.0,0.0,26.4921875,0.0,0.0,0.0,26.30078125,0.0,0.0,0.0,24.38671875,0.0,0.0,24.76953125,0.0,5.7477874755859375
59.936,-0.0,0.031496062992125984,0.0,0.0,0.0,-0.0,-0.0,0.0,0.0,0.0,23.62109375,0.0,0.0,0.0,26.4921875,0.0,0.0,0.0,26.109375,0.0,0.0,0.0,23.8125,0.0,0.0,24.38671875,0.0,5.7477874755859375
60.098,-0.0,0.031496062992125984,0.0,0.0,0.0,-0.0,-0.0,0.0,0.0,0.0,24.00390625,0.0,0.0,0.0,26.875,0.0,0.0,0.0,26.109375,0.0,0.0,0.0,23.8125,0.0,0.0,24.9609375,0.0,5.7477874755859375
60.264,-0.0,0.031496062992125984,0.0,0.0,0.0,-0.0,-0.0,0.0,0.0,0.0,24.1953125,0.0,0.0,0.0,26.4921875,0.0,0.0,0.0,26.109375,0.0,0.0,0.0,24.1953125,0.0,0.0,25.53515625,0.0,5.7477874755859375
60.436,-0.0,0.031496062992125984,0.0,0.0,0.0,-0.0,-0.0,0.0,0.0,0.0,24.38671875,0.0,0.0,0.0,26.875,0.0,0.0,0.0,25.91796875,0.0,0.0,0.0,24.38671875,0.0,0.0,24.76953125,0.0,5.7477874755859375
60.601,-0.0,0.031496062992125984,0.0,0.0,0.0,-0.0,-0.0,0.0,0.0,0.0,23.8125,0.0,0.0,0.0,26.68359375,0.0,0.0,0.0,26.30078125,0.0,0.0,0.0,24.00390625,0.0,0.0,24.9609375,0.0,5.7477874755859375
60.776,-0.0,0.031496062992125984,0.0,0.0,0.0,-0.0,-0.0,0.0,0.0,0.0,23.62109375,0.0,0.0,0.0,26.68359375,0.0,0.0,0.0,26.30078125,0.0,0.0,0.0,24.1953125,0.0,0.0,24.76953125,0.0,5.7477874755859375
60.945,-0.0,0.031496062992125984,0.0,0.0,0.0,-0.0,-0.0,0.0,0.0,0.0,24.1953125,0.0,0.0,0.0,27.44921875,0.0,0.0,0.0,25.7265625,0.0,0.0,0.0,24.1953125,0.0,0.0,24.9609375,0.0,5.757568359375
61.107,-0.0,0.031496062992125984,0.0,0.0,0.0,-0.0,-0.0,0.0,0.0,0.0,23.046875,0.0,0.0,0.0,27.06640625,0.0,0.0,0.0,25.91796875,0.0,0.0,0.0,24.578125,0.0,0.0,25.15234375,0.0,5.7380218505859375
61.281,-0.0,0.031496062992125984,0.0,0.0,0.0,-0.0,-0.0,0.0,0.0,0.0,23.8125,0.0,0.0,0.0,26.4921875,0.0,0.0,0.0,26.30078125,0.0,0.0,0.0,24.578125,0.0,0.0,24.9609375,0.0,5.7477874755859375
61.444,-0.0,0.031496062992125984,0.0,0.0,0.0,-0.0,-0.0,0.0,0.0,0.0,24.76953125,0.0,0.0,0.0,26.875,0.0,0.0,0.0,26.109375,0.0,0.0,0.0,24.1953125,0.0,0.0,24.9609375,0.0,5.7477874755859375
61.605,-0.0,0.031496062992125984,0.0,0.0,0.0,-0.0,-0.0,0.0,0.0,0.0,23.62109375,0.0,0.0,0.0,26.875,0.0,0.0,0.0,26.68359375,0.0,0.0,0.0,24.00390625,0.0,0.0,25.7265625,0.0,5.7380218505859375
61.761,-0.0,0.031496062992125984,0.0,0.0,0.0,-0.0,-0.0,0.0,0.0,0.0,23.62109375,0.0,0.0,0.0,26.4921875,0.0,0.0,0.0,26.30078125,0.0,0.0,0.0,23.8125,0.0,0.0,24.76953125,0.0,5.7477874755859375
61.933,-0.0,0.031496062992125984,0.0,0.0,0.0,-0.0,-0.0,0.0,0.0,0.0,23.046875,0.0,0.0,0.0,26.4921875,0.0,0.0,0.0,26.30078125,0.0,0.0,0.0,24.38671875,0.0,0.0,25.15234375,0.0,5.7477874755859375
62.097,-0.0,0.031496062992125984,0.0,0.0,0.0,-0.0,-0.0,0.0,0.0,0.0,24.38671875,0.0,0.0,0.0,27.83203125,0.0,0.0,0.0,26.68359375,0.0,0.0,0.0,24.1953125,0.0,0.0,24.9609375,0.0,5.757568359375
62.261,-0.0,0.031496062992125984,0.0,0.0,0.0,-0.0,-0.0,0.0,0.0,0.0,23.23828125,0.0,0.0,0.0,26.68359375,-5.1563262939453125,0.0,0.0,26.4921875,0.0,0.0,0.0,24.578125,0.0,0.0,24.9609375,0.0,5.728240966796875
62.437,-0.0,0.031496062992125984,0.0,0.0,0.0,-0.0,-0.0,0.0,0.0,0.0,24.1953125,0.0,0.0,0.0,26.68359375,-2.5488128662109375,0.0,0.0,26.4921875,0.0,0.0,0.0,24.38671875,0.0,0.0,24.9609375,0.0,5.7380218505859375
62.616,-0.0,0.031496062992125984,0.0,0.0,0.0,-0.0,-0.0,0.0,0.0,0.0,23.8125,0.0,0.0,0.0,26.68359375,-5.373046875,0.0,0.0,26.109375,0.0,0.0,0.0,24.38671875,0.0,0.0,24.76953125,0.0,5.7477874755859375
62.786,-0.0,0.031496062992125984,0.0,0.0,0.0,-0.0,-0.0,0.0,0.0,0.0,24.00390625,0.0,0.0,0.0,26.875,-36.87095642089844,0.0,0.0,26.30078125,0.0,0.0,0.0,24.00390625,0.0,0.0,24.9609375,0.0,5.7380218505859375
62.954,-0.0,0.031496062992125984,0.0,0.0,0.0,-0.0,-0.0,0.0,0.0,0.0,24.38671875,0.0,0.0,0.0,26.30078125,-21.77130126953125,0.0,0.0,26.30078125,0.0,0.0,0.0,24.38671875,0.0,0.0,25.15234375,0.0,5.7477874755859375
63.125,-0.0,0.031496062992125984,0.0,0.0,0.0,-0.0,-0.0,0.0,0.0,0.0,25.15234375,0.0,0.0,0.0,26.30078125,-14.299850463867188,0.0,0.0,26.109375,0.0,0.0,0.0,24.9609375,0.0,0.0,24.76953125,0.0,5.7477874755859375
63.282,-0.0,0.031496062992125984,0.0,0.0,0.0,-0.0,-0.0,0.0,0.0,0.0,24.578125,0.0,0.0,0.0,26.4921875,-7.2643585205078125,0.0,0.0,26.4921875,0.0,0.0,0.0,24.00390625,0.0,0.0,24.9609375,0.0,5.7477874755859375
63.444,-0.0,0.031496062992125984,0.0,0.0,0.0,-0.0,-0.0,0.0,0.0,0.0,24.1953125,0.0,0.0,0.0,26.875,9.112411499023438,0.0,0.0,26.109375,0.0,0.0,0.0,24.1953125,0.0,0.0,24.9609375,0.0,5.7477874755859375
63.606,-0.0,0.031496062992125984,0.0,0.0,0.0,-0.0,-0.0,0.0,0.0,0.0,23.4296875,0.0,0.0,0.0,26.4921875,3.770416259765625,0.0,0.0,26.109375,0.0,0.0,0.0,24.38671875,0.0,0.0,25.53515625,0.0,5.7477874755859375
63.777,-0.0,0.031496062992125984,0.0,0.0,0.0,-0.0,-0.0,0.0,0.0,0.0,22.28125,0.0,0.0,0.0,27.640625,0.0,0.0,0.0,26.68359375,0.0,0.0,0.0,24.9609375,0.0,0.0,25.91796875,0.0,5.7477874755859375
63.942,-0.0,0.031496062992125984,0.0,0.0,0.0,-0.0,-0.0,0.0,0.0,0.0,23.4296875,0.0,0.0,0.0,26.875,0.0,0.0,0.0,26.30078125,0.0,0.0,0.0,24.38671875,0.0,0.0,25.34375,0.0,5.7477874755859375
64.1,-0.0,0.031496062992125984,0.0,0.0,0.0,-0.0,-0.0,0.0,0.0,0.0,24.1953125,0.0,0.0,0.0,26.4921875,0.0,0.0,0.0,26.4921875,0.0,0.0,0.0,24.00390625,0.0,0.0,24.578125,0.0,5.7477874755859375
64.278,-0.0,0.031496062992125984,0.0,0.0,0.0,-0.0,-0.0,0.0,0.0,0.0,24.1953125,0.0,0.0,0.0,27.83203125,0.0,0.0,0.0,25.91796875,0.0,0.0,0.0,23.8125,0.0,0.0,25.15234375,0.0,5.7477874755859375
64.434,-0.0,0.031496062992125984,0.0,0.0,0.0,-0.0,-0.0,0.0,0.0,0.0,24.00390625,0.0,0.0,0.0,26.4921875,0.0,0.0,0.0,26.109375,0.0,0.0,0.0,24.00390625,0.0,0.0,25.7265625,0.0,5.7477874755859375
64.602,-0.0,0.031496062992125984,0.0,0.0,0.0,-0.0,-0.0,0.0,0.0,0.0,24.1953125,0.0,0.0,0.0,27.06640625,0.0,0.0,0.0,26.109375,0.0,0.0,0.0,24.578125,0.0,0.0,26.875,0.0,5.7477874755859375
64.762,-0.0,0.031496062992125984,0.0,0.0,0.0,-0.0,-0.0,0.0,0.0,0.0,23.4296875,0.0,0.0,0.0,27.06640625,0.0,0.0,0.0,26.68359375,0.0,0.0,0.0,24.578125,0.0,0.0,25.34375,0.0,5.7477874755859375
64.925,-0.0,0.031496062992125984,0.0,0.0,0.0,-0.0,-0.0,0.0,0.0,0.0,24.1953125,0.0,0.0,0.0,26.68359375,0.0,0.0,0.0,26.30078125,0.0,0.0,0.0,24.1953125,0.0,0.0,24.9609375,0.0,5.7477874755859375
65.088,-0.0,0.031496062992125984,0.0,0.0,0.0,-0.0,-0.0,0.0,0.0,0.0,23.62109375,0.0,0.0,0.0,27.06640625,0.0,0.0,0.0,26.4921875,0.0,0.0,0.0,24.1953125,0.0,0.0,24.9609375,0.0,5.7477874755859375
65.247,-0.0,0.031496062992125984,0.0,0.0,0.0,-0.0,-0.0,0.0,0.0,0.0,23.8125,0.0,0.0,0.0,26.875,0.0,0.0,0.0,26.68359375,0.0,0.0,0.0,24.1953125,0.0,0.0,26.68359375,0.0,5.7380218505859375
65.415,-0.0,0.031496062992125984,0.0,0.0,0.0,-0.0,-0.0,0.0,0.0,0.0,23.8125,0.0,0.0,0.0,26.4921875,0.0,0.0,0.0,26.4921875,0.0,0.0,0.0,24.38671875,0.0,0.0,24.578125,0.0,5.7380218505859375
65.597,-0.0,0.031496062992125984,0.0,0.0,0.0,-0.0,-0.0,0.0,0.0,0.0,24.38671875,0.0,0.0,0.0,26.109375,0.0,0.0,0.0,26.875,0.0,0.0,0.0,24.00390625,0.0,0.0,24.9609375,0.0,5.7477874755859375
65.758,-0.0,0.031496062992125984,0.0,0.0,0.0,-0.0,-0.0,0.0,0.0,0.0,23.62109375,0.0,0.0,0.0,26.4921875,0.0,0.0,0.0,26.4921875,0.0,0.0,0.0,24.1953125,0.0,0.0,24.76953125,0.0,5.757568359375
65.922,-0.0,0.031496062992125984,0.0,0.0,0.0,-0.0,-0.0,0.0,0.0,0.0,23.62109375,0.0,0.0,0.0,27.06640625,0.0,0.0,0.0,25.91796875,0.0,0.0,0.0,24.1953125,0.0,0.0,24.76953125,0.0,5.7380218505859375
66.099,-0.0,0.031496062992125984,0.0,0.0,0.0,-0.0,-0.0,0.0,0.0,0.0,23.8125,0.0,0.0,0.0,27.06640625,0.0,0.0,0.0,26.30078125,0.0,0.0,0.0,24.578125,0.0,0.0,25.53515625,0.0,5.7477874755859375
66.258,-0.0,0.031496062992125984,0.0,0.0,0.0,-0.0,-0.0,0.0,0.0,0.0,24.38671875,0.0,0.0,0.0,26.875,0.0,0.0,0.0,26.4921875,0.0,0.0,0.0,24.00390625,0.0,0.0,25.15234375,0.0,5.7477874755859375
66.435,-0.0,0.031496062992125984,0.0,0.0,0.0,-0.0,-0.0,0.0,0.0,0.0,24.00390625,0.0,0.0,0.0,26.875,0.0,0.0,0.0,26.875,0.0,0.0,0.0,24.1953125,0.0,0.0,24.578125,0.0,5.7380218505859375
66.593,-0.0,0.031496062992125984,0.0,0.0,0.0,-0.0,-0.0,0.0,0.0,0.0,24.00390625,0.0,0.0,0.0,26.68359375,0.0,0.0,0.0,26.4921875,0.0,0.0,0.0,24.38671875,0.0,0.0,24.76953125,0.0,5.7380218505859375
66.759,-0.0,0.031496062992125984,0.0,0.0,0.0,-0.0,-0.0,0.0,0.0,0.0,24.1953125,0.0,0.0,0.0,26.68359375,0.0,0.0,0.0,26.30078125,0.0,0.0,0.0,24.578125,0.0,0.0,25.15234375,0.0,5.7477874755859375
66.924,-0.0,0.031496062992125984,0.0,0.0,0.0,-0.0,-0.0,0.0,0.0,0.0,25.15234375,0.0,0.0,0.0,27.06640625,0.0,0.0,0.0,26.30078125,0.0,0.0,0.0,24.1953125,0.0,0.0,25.34375,0.0,5.7477874755859375
67.244,-0.0,0.031496062992125984,0.0,0.0,0.0,-0.0,-0.0,0.0,0.0,0.0,24.38671875,0.0,0.0,0.0,26.68359375,0.0,0.0,0.0,26.68359375,0.0,0.0,0.0,24.9609375,0.0,0.0,25.91796875,0.0,5.7477874755859375
67.418,-0.0,0.031496062992125984,0.0,0.0,0.0,-0.0,-0.0,0.0,0.0,0.0,23.62109375,0.0,0.0,0.0,27.06640625,0.0,0.0,0.0,26.68359375,0.0,0.0,0.0,23.62109375,0.0,0.0,25.15234375,0.0,5.7477874755859375
67.584,-0.0,0.031496062992125984,0.0,0.0,0.0,-0.0,-0.0,0.0,0.0,0.0,23.23828125,0.0,0.0,0.0,26.875,0.0,0.0,0.0,26.4921875,0.0,0.0,0.0,24.38671875,0.0,0.0,24.578125,0.0,5.7477874755859375
67.745,-0.0,0.031496062992125984,0.0,0.0,0.0,-0.0,-0.0,0.0,0.0,0.0,24.1953125,0.0,0.0,0.0,26.68359375,0.0,0.0,0.0,26.875,0.0,0.0,0.0,24.1953125,0.0,0.0,24.38671875,0.0,5.757568359375
67.903,-0.0,0.031496062992125984,0.0,0.0,0.0,-0.0,-0.0,0.0,0.0,0.0,24.00390625,0.0,0.0,0.0,25.91796875,0.0,0.0,0.0,26.109375,0.0,0.0,0.0,24.00390625,0.0,0.0,25.15234375,0.0,5.7477874755859375
68.068,-0.0,0.031496062992125984,0.0,0.0,0.0,-0.0,-0.0,0.0,0.0,0.0,23.23828125,0.0,0.0,0.0,27.640625,0.0,0.0,0.0,25.91796875,0.0,0.0,0.0,23.4296875,0.0,0.0,24.9609375,0.0,5.7477874755859375
68.254,-0.0,0.031496062992125984,0.0,0.0,0.0,-0.0,-0.0,0.0,0.0,0.0,23.23828125,0.0,0.0,0.0,26.68359375,0.0,0.0,0.0,26.109375,0.0,0.0,0.0,24.1953125,0.0,0.0,25.53515625,0.0,5.757568359375
68.416,-0.0,0.031496062992125984,0.0,0.0,0.0,-0.0,-0.0,0.0,0.0,0.0,24.00390625,0.0,0.0,0.0,26.68359375,0.0,0.0,0.0,26.4921875,0.0,0.0,0.0,24.1953125,0.0,0.0,24.9609375,0.0,5.757568359375
68.584,-0.0,0.031496062992125984,0.0,0.0,0.0,-0.0,-0.0,0.0,0.0,0.0,24.00390625,0.0,0.0,0.0,27.06640625,0.0,0.0,0.0,26.109375,0.0,0.0,0.0,24.38671875,0.0,0.0,24.578125,0.0,5.7673492431640625
68.744,-0.0,0.031496062992125984,0.0,0.0,0.0,-0.0,-0.0,0.0,0.0,0.0,23.62109375,0.0,0.0,0.0,26.4921875,0.0,0.0,0.0,26.4921875,0.0,0.0,0.0,24.578125,0.0,0.0,25.15234375,0.0,5.7673492431640625
68.904,-0.0,0.031496062992125984,0.0,0.0,0.0,-0.0,-0.0,0.0,0.0,0.0,23.8125,0.0,0.0,0.0,25.91796875,0.0,0.0,0.0,26.109375,0.0,0.0,0.0,24.1953125,0.0,0.0,25.91796875,0.0,5.7673492431640625
69.076,-0.0,0.031496062992125984,0.0,0.0,0.0,-0.0,-0.0,0.0,0.0,0.0,23.4296875,0.0,0.0,0.0,26.30078125,0.0,0.0,0.0,26.68359375,0.0,0.0,0.0,24.578125,0.0,0.0,25.34375,0.0,5.7477874755859375
69.237,-0.0,0.031496062992125984,0.0,0.0,0.0,-0.0,-0.0,0.0,0.0,0.0,24.00390625,0.0,0.0,0.0,26.875,0.0,0.0,0.0,26.4921875,0.0,0.0,0.0,24.1953125,0.0,0.0,25.53515625,0.0,5.7477874755859375
69.399,-0.0,0.031496062992125984,0.0,0.0,0.0,-0.0,-0.0,0.0,0.0,0.0,22.08984375,0.0,0.0,0.0,26.68359375,0.0,0.0,0.0,25.91796875,0.0,0.0,0.0,24.38671875,0.0,0.0,26.4921875,0.0,5.7477874755859375
69.563,-0.0,0.031496062992125984,0.0,0.0,0.0,-0.0,-0.0,0.0,0.0,0.0,23.8125,0.0,0.0,0.0,27.83203125,0.0,0.0,0.0,26.30078125,0.0,0.0,0.0,23.8125,0.0,0.0,25.53515625,0.0,5.7477874755859375
69.735,-0.0,0.031496062992125984,0.0,0.0,0.0,-0.0,-0.0,0.0,0.0,0.0,24.1953125,0.0,0.0,0.0,27.06640625,0.0,0.0,0.0,26.4921875,0.0,0.0,0.0,24.1953125,0.0,0.0,25.7265625,0.0,5.728240966796875
70.058,-0.0,0.031496062992125984,0.0,0.0,0.0,-0.0,-0.0,0.0,0.0,0.0,23.62109375,0.0,0.0,0.0,26.4921875,0.0,0.0,0.0,26.4921875,0.0,0.0,0.0,24.578125,0.0,0.0,25.34375,0.0,5.7380218505859375
70.225,-0.0,0.031496062992125984,0.0,0.0,0.0,-0.0,-0.0,0.0,0.0,0.0,23.62109375,0.0,0.0,0.0,27.2578125,0.0,0.0,0.0,26.109375,0.0,0.0,0.0,24.00390625,0.0,0.0,24.578125,0.0,5.7380218505859375
70.386,-0.0,0.031496062992125984,0.0,0.0,0.0,-0.0,-0.0,0.0,0.0,0.0,23.8125,0.0,0.0,0.0,27.06640625,0.0,0.0,0.0,26.30078125,0.0,0.0,0.0,24.1953125,0.0,0.0,26.109375,0.0,5.7380218505859375
70.554,-0.0,0.031496062992125984,0.0,0.0,0.0,-0.0,-0.0,0.0,0.0,0.0,23.23828125,0.0,0.0,0.0,26.4921875,0.0,0.0,0.0,26.30078125,0.0,0.0,0.0,24.38671875,0.0,0.0,24.578125,0.0,5.7477874755859375
70.716,-0.0,0.031496062992125984,0.0,0.0,0.0,-0.0,-0.0,0.0,0.0,0.0,24.1953125,0.0,0.0,0.0,26.109375,0.0,0.0,0.0,26.4921875,0.0,0.0,0.0,24.00390625,0.0,0.0,24.38671875,0.0,5.757568359375
70.876,-0.0,0.031496062992125984,0.0,0.0,0.0,-0.0,-0.0,0.0,0.0,0.0,24.1953125,0.0,0.0,0.0,26.68359375,0.0,0.0,0.0,26.4921875,0.0,0.0,0.0,23.8125,0.0,0.0,26.4921875,0.0,5.757568359375
71.038,-0.0,0.031496062992125984,0.0,0.0,0.0,-0.0,-0.0,0.0,0.0,0.0,24.00390625,0.0,0.0,0.0,26.68359375,0.0,0.0,0.0,26.4921875,0.0,0.0,0.0,24.1953125,0.0,0.0,24.578125,0.0,5.7477874755859375
71.196,-0.0,0.031496062992125984,0.0,0.0,0.0,-0.0,-0.0,0.0,0.0,0.0,23.8125,0.0,0.0,0.0,26.109375,0.0,0.0,0.0,26.4921875,0.0,0.0,0.0,23.8125,0.0,0.0,24.578125,0.0,5.7477874755859375
71.356,-0.0,0.031496062992125984,0.0,0.0,0.0,-0.0,-0.0,0.0,0.0,0.0,23.8125,0.0,0.0,0.0,27.44921875,0.0,0.0,0.0,25.91796875,0.0,0.0,0.0,24.578125,0.0,0.0,25.15234375,0.0,5.7477874755859375
71.517,-0.0,0.031496062992125984,0.0,0.0,0.0,-0.0,-0.0,0.0,0.0,0.0,23.8125,0.0,0.0,0.0,26.30078125,0.0,0.0,0.0,26.30078125,0.0,0.0,0.0,24.38671875,0.0,0.0,24.9609375,0.0,5.7477874755859375
71.704,-0.0,0.031496062992125984,0.0,0.0,0.0,-0.0,-0.0,0.0,0.0,0.0,23.4296875,0.0,0.0,0.0,26.875,0.0,0.0,0.0,26.30078125,0.0,0.0,0.0,24.00390625,0.0,0.0,25.15234375,0.0,5.7477874755859375
71.877,-0.0,0.031496062992125984,0.0,0.0,0.0,-0.0,-0.0,0.0,0.0,0.0,23.62109375,0.0,0.0,0.0,26.4921875,0.0,0.0,0.0,26.30078125,0.0,0.0,0.0,24.38671875,0.0,0.0,25.15234375,0.0,5.7477874755859375
72.045,-0.0,0.031496062992125984,0.0,0.0,0.0,-0.0,-0.0,0.0,0.0,0.0,23.8125,0.0,0.0,0.0,26.68359375,0.0,0.0,0.0,26.30078125,0.0,0.0,0.0,24.76953125,0.0,0.0,24.00390625,0.0,5.7477874755859375
72.365,-0.0,0.031496062992125984,0.0,0.0,0.0,-0.0,-0.0,0.0,0.0,0.0,23.046875,0.0,0.0,0.0,26.875,0.0,0.0,0.0,26.4921875,0.0,0.0,0.0,24.1953125,0.0,0.0,24.38671875,0.0,5.7477874755859375
72.528,-0.0,0.031496062992125984,0.0,0.0,0.0,-0.0,-0.0,0.0,0.0,0.0,24.00390625,0.0,0.0,0.0,27.640625,0.0,0.0,0.0,26.4921875,0.0,0.0,0.0,24.00390625,0.0,0.0,24.9609375,0.0,5.7380218505859375
72.695,-0.0,0.031496062992125984,0.0,0.0,0.0,-0.0,-0.0,0.0,0.0,0.0,23.8125,0.0,0.0,0.0,26.875,0.0,0.0,0.0,25.7265625,0.0,0.0,0.0,24.1953125,0.0,0.0,24.578125,0.0,5.7380218505859375
72.856,-0.0,0.031496062992125984,0.0,0.0,0.0,-0.0,-0.0,0.0,0.0,0.0,24.00390625,0.0,0.0,0.0,26.4921875,0.0,0.0,0.0,26.68359375,0.0,0.0,0.0,23.8125,0.0,0.0,24.9609375,0.0,5.7380218505859375
73.017,-0.0,0.031496062992125984,0.0,0.0,0.0,-0.0,-0.0,0.0,0.0,0.0,23.62109375,0.0,0.0,0.0,27.06640625,0.0,0.0,0.0,26.4921875,0.0,0.0,0.0,23.62109375,0.0,0.0,24.00390625,0.0,5.7477874755859375
73.186,-0.0,0.031496062992125984,0.0,0.0,0.0,-0.0,-0.0,0.0,0.0,0.0,22.6640625,0.0,0.0,0.0,26.68359375,0.0,0.0,0.0,26.109375,0.0,0.0,0.0,24.578125,0.0,0.0,24.9609375,0.0,5.7477874755859375
73.363,-0.0,0.031496062992125984,0.0,0.0,0.0,-0.0,-0.0,0.0,0.0,0.0,23.8125,0.0,0.0,0.0,26.68359375,0.0,0.0,0.0,26.4921875,0.0,0.0,0.0,24.76953125,0.0,0.0,24.1953125,0.0,5.7477874755859375
73.52,-0.0,0.031496062992125984,0.0,0.0,0.0,-0.0,-0.0,0.0,0.0,0.0,24.1953125,0.0,0.0,0.0,25.91796875,0.0,0.0,0.0,26.68359375,0.0,0.0,0.0,24.00390625,0.0,0.0,25.15234375,0.0,5.7380218505859375
73.695,-0.0,0.031496062992125984,0.0,0.0,0.0,-0.0,-0.0,0.0,0.0,0.0,24.1953125,0.0,0.0,0.0,26.875,0.0,0.0,0.0,26.109375,0.0,0.0,0.0,24.578125,0.0,0.0,25.7265625,0.0,5.7380218505859375
73.853,-0.0,0.031496062992125984,0.0,0.0,0.0,-0.0,-0.0,0.0,0.0,0.0,24.38671875,0.0,0.0,0.0,26.68359375,0.0,0.0,0.0,26.30078125,0.0,0.0,0.0,24.9609375,0.0,0.0,24.9609375,0.0,5.7477874755859375
74.022,-0.0,0.031496062992125984,0.0,0.0,0.0,-0.0,-0.0,0.0,0.0,0.0,24.578125,0.0,0.0,0.0,26.875,0.0,0.0,0.0,26.68359375,0.0,0.0,0.0,24.1953125,0.0,0.0,26.30078125,0.0,5.7380218505859375
74.183,-0.0,0.031496062992125984,0.0,0.0,0.0,-0.0,-0.0,0.0,0.0,0.0,24.578125,0.0,0.0,0.0,27.44921875,0.0,0.0,0.0,26.4921875,0.0,0.0,0.0,24.38671875,0.0,0.0,25.53515625,0.0,5.7477874755859375
74.349,-0.0,0.031496062992125984,0.0,0.0,0.0,-0.0,-0.0,0.0,0.0,0.0,23.8125,0.0,0.0,0.0,26.109375,0.0,0.0,0.0,26.30078125,0.0,0.0,0.0,24.38671875,0.0,0.0,25.15234375,0.0,5.7477874755859375
74.516,-0.0,0.031496062992125984,0.0,0.0,0.0,-0.0,-0.0,0.0,0.0,0.0,23.8125,0.0,0.0,0.0,27.06640625,0.0,0.0,0.0,26.68359375,0.0,0.0,0.0,24.1953125,0.0,0.0,24.9609375,0.0,5.7477874755859375
74.698,-0.0,0.031496062992125984,0.0,0.0,0.0,-0.0,-0.0,0.0,0.0,0.0,23.62109375,0.0,0.0,0.0,28.0234375,0.0,0.0,0.0,25.91796875,0.0,0.0,0.0,24.38671875,0.0,0.0,25.15234375,0.0,5.7477874755859375
74.866,-0.0,0.031496062992125984,0.0,0.0,0.0,-0.0,-0.0,0.0,0.0,0.0,24.1953125,0.0,0.0,0.0,26.109375,0.0,0.0,0.0,26.30078125,0.0,0.0,0.0,24.578125,0.0,0.0,24.76953125,0.0,5.7380218505859375
75.034,-0.0,0.031496062992125984,0.0,0.0,0.0,-0.0,-0.0,0.0,0.0,0.0,23.8125,0.0,0.0,0.0,26.68359375,0.0,0.0,0.0,26.4921875,0.0,0.0,0.0,24.00390625,0.0,0.0,24.76953125,0.0,5.757568359375
75.203,-0.0,0.031496062992125984,0.0,0.0,0.0,-0.0,-0.0,0.0,0.0,0.0,24.38671875,0.0,0.0,0.0,26.68359375,0.0,0.0,0.0,26.68359375,0.0,0.0,0.0,24.1953125,0.0,0.0,25.15234375,0.0,5.7477874755859375
75.37,-0.0,0.031496062992125984,0.0,0.0,0.0,-0.0,-0.0,0.0,0.0,0.0,24.00390625,0.0,0.0,0.0,27.44921875,0.0,0.0,0.0,25.91796875,0.0,0.0,0.0,24.1953125,0.0,0.0,24.76953125,0.0,5.7477874755859375
75.538,-0.0,0.031496062992125984,0.0,0.0,0.0,-0.0,-0.0,0.0,0.0,0.0,24.38671875,0.0,0.0,0.0,26.875,0.0,0.0,0.0,27.06640625,0.0,0.0,0.0,24.76953125,0.0,0.0,25.7265625,0.0,5.7477874755859375
75.706,-0.0,0.031496062992125984,0.0,0.0,0.0,-0.0,-0.0,0.0,0.0,0.0,24.1953125,0.0,0.0,0.0,26.68359375,0.0,0.0,0.0,26.109375,0.0,0.0,0.0,24.38671875,0.0,0.0,25.15234375,0.0,5.7477874755859375
75.887,-0.0,0.031496062992125984,0.0,0.0,0.0,-0.0,-0.0,0.0,0.0,0.0,23.8125,0.0,0.0,0.0,26.109375,0.0,0.0,0.0,26.4921875,0.0,0.0,0.0,24.1953125,0.0,0.0,24.578125,0.0,5.7477874755859375
76.069,-0.0,0.031496062992125984,0.0,0.0,0.0,-0.0,-0.0,0.0,0.0,0.0,24.38671875,0.0,0.0,0.0,26.4921875,0.0,0.0,0.0,26.4921875,0.0,0.0,0.0,23.8125,0.0,0.0,24.76953125,0.0,5.7380218505859375
76.242,-0.0,0.031496062992125984,0.0,0.0,0.0,-0.0,-0.0,0.0,0.0,0.0,24.1953125,0.0,0.0,0.0,26.875,0.0,0.0,0.0,26.4921875,0.0,0.0,0.0,24.1953125,0.0,0.0,24.38671875,0.0,5.7477874755859375
76.415,-0.0,0.031496062992125984,0.0,0.0,0.0,-0.0,-0.0,0.0,0.0,0.0,23.4296875,0.0,0.0,0.0,26.30078125,0.0,0.0,0.0,26.30078125,0.0,0.0,0.0,24.38671875,0.0,0.0,25.53515625,0.0,5.7477874755859375
76.578,-0.0,0.031496062992125984,0.0,0.0,0.0,-0.0,-0.0,0.0,0.0,0.0,23.4296875,0.0,0.0,0.0,28.0234375,0.0,0.0,0.0,26.109375,0.0,0.0,0.0,24.1953125,0.0,0.0,24.00390625,0.0,5.7380218505859375
76.743,-0.0,0.031496062992125984,0.0,0.0,0.0,-0.0,-0.0,0.0,0.0,0.0,24.00390625,0.0,0.0,0.0,26.4921875,0.0,0.0,0.0,26.4921875,0.0,0.0,0.0,24.38671875,0.0,0.0,25.15234375,0.0,5.7380218505859375
76.915,-0.0,0.031496062992125984,0.0,0.0,0.0,-0.0,-0.0,0.0,0.0,0.0,23.046875,0.0,0.0,0.0,26.4921875,0.0,0.0,0.0,25.91796875,0.0,0.0,0.0,24.38671875,0.0,0.0,24.9609375,0.0,5.7477874755859375
77.086,-0.0,0.031496062992125984,0.0,0.0,0.0,-0.0,-0.0,0.0,0.0,0.0,23.62109375,0.0,0.0,0.0,26.4921875,0.0,0.0,0.0,26.4921875,0.0,0.0,0.0,24.578125,0.0,0.0,25.91796875,0.0,5.7380218505859375
77.238,-0.0,0.031496062992125984,0.0,0.0,0.0,-0.0,-0.0,0.0,0.0,0.0,24.00390625,0.0,0.0,0.0,27.06640625,0.0,0.0,0.0,26.4921875,0.0,0.0,0.0,24.38671875,0.0,0.0,25.34375,0.0,5.7477874755859375
77.414,-0.0,0.031496062992125984,0.0,0.0,0.0,-0.0,-0.0,0.0,0.0,0.0,24.00390625,0.0,0.0,0.0,26.4921875,0.0,0.0,0.0,26.30078125,0.0,0.0,0.0,24.38671875,0.0,0.0,24.578125,0.0,5.7477874755859375
77.594,-0.0,0.031496062992125984,0.0,0.0,0.0,-0.0,-0.0,0.0,0.0,0.0,23.62109375,0.0,0.0,0.0,26.4921875,0.0,0.0,0.0,26.4921875,0.0,0.0,0.0,24.1953125,0.0,0.0,25.15234375,0.0,5.7477874755859375
77.775,-0.0,0.031496062992125984,0.0,0.0,0.0,-0.0,-0.0,0.0,0.0,0.0,23.4296875,0.0,0.0,0.0,26.875,0.0,0.0,0.0,26.109375,0.0,0.0,0.0,24.38671875,0.0,0.0,24.76953125,0.0,5.7477874755859375
77.944,-0.0,0.031496062992125984,0.0,0.0,0.0,-0.0,-0.0,0.0,0.0,0.0,24.00390625,0.0,0.0,0.0,26.4921875,0.0,0.0,0.0,26.4921875,0.0,0.0,0.0,24.578125,0.0,0.0,24.76953125,0.0,5.7477874755859375
78.117,-0.0,0.031496062992125984,0.0,0.0,0.0,-0.0,-0.0,0.0,0.0,0.0,23.62109375,0.0,0.0,0.0,26.875,0.0,0.0,0.0,26.30078125,0.0,0.0,0.0,24.578125,0.0,0.0,26.4921875,0.0,5.7477874755859375
78.284,-0.0,0.031496062992125984,0.0,0.0,0.0,-0.0,-0.0,0.0,0.0,0.0,23.8125,0.0,0.0,0.0,26.4921875,0.0,0.0,0.0,25.91796875,0.0,0.0,0.0,24.00390625,0.0,0.0,24.9609375,0.0,5.7477874755859375
78.44,-0.0,0.031496062992125984,0.0,0.0,0.0,-0.0,-0.0,0.0,0.0,0.0,24.00390625,0.0,0.0,0.0,26.4921875,0.0,0.0,0.0,26.109375,0.0,0.0,0.0,24.38671875,0.0,0.0,24.76953125,0.0,5.7380218505859375
78.617,-0.0,0.031496062992125984,0.0,0.0,0.0,-0.0,-0.0,0.0,0.0,0.0,23.8125,0.0,0.0,0.0,27.06640625,0.0,0.0,0.0,26.68359375,0.0,0.0,0.0,24.38671875,0.0,0.0,24.9609375,0.0,5.7477874755859375
78.785,-0.0,0.031496062992125984,0.0,0.0,0.0,-0.0,-0.0,0.0,0.0,0.0,23.4296875,0.0,0.0,0.0,26.875,0.0,0.0,0.0,26.4921875,0.0,0.0,0.0,24.38671875,0.0,0.0,24.9609375,0.0,5.7477874755859375
