Timestamp,Driver_Joy_Y,Driver_Joy_X,Driver_Joy_W,Mecanum_FL,Mecanum_BL,Mecanum_BR,Mecanum_FR,FL_Jag_Speed,FL_Out_Voltage,FL_Out_Current,FL_Temp,BL_Jag_Speed,BL_Out_Voltage,BL_Out_Current,BL_Temp,BR_Jag_Speed,BR_Out_Voltage,BR_Out_Current,BR_Temp,FR_Jag_Speed,FR_Out_Voltage,FR_Out_Current,FR_Temp,Pickup_Out_Voltage,Pickup_Out_Current,Pickup_Temp,SH1_Out_Voltage,SH1_Out_Current,SH1_Temp,SH2_Out_Voltage,SH2_Out_Current,SH2_Temp,SHmain_Speed,SHmain_Angle
0.0060,0.0234375,0.015748031496062992,-0.0078125,0.0,0.0,-0.0,-0.0,0.0,0.0
0.881,0.0234375,0.015748031496062992,-0.0078125,0.0,0.0,-0.0,-0.0,0.0,0.0
1.979,0.0234375,0.015748031496062992,-0.0078125,0.0,0.0,-0.0,-0.0,0.0,0.0
3.085,0.0234375,0.015748031496062992,-0.0078125,0.0,0.0,-0.0,-0.0,0.0,0.0
4.185,0.0234375,0.015748031496062992,-0.0078125,0.0,0.0,-0.0,-0.0,0.0,0.0
5.298,0.0234375,0.015748031496062992,-0.0078125,0.0,0.0,-0.0,-0.0,0.0,0.0
S: 5.296 164228653005 Fired
6.895,0.0234375,0.015748031496062992,-0.0078125,0.0,0.0,-0.0,-0.0,0.0,0.0
8.671,0.0234375,0.015748031496062992,-0.0078125,0.0,0.0,-0.0,-0.0,0.0,0.0
9.385,0.0234375,0.015748031496062992,-0.0078125,0.0,0.0,-0.0,-0.0,0.0,0.0
10.484,0.0234375,0.015748031496062992,-0.0078125,0.0,0.0,-0.0,-0.0,0.0,0.0
11.584,0.0234375,0.015748031496062992,-0.0078125,0.0,0.0,-0.0,-0.0,0.0,0.0
12.685,0.0234375,0.015748031496062992,-0.0078125,0.0,0.0,-0.0,-0.0,0.0,0.0
13.785,0.0234375,0.015748031496062992,-0.0078125,0.0,0.0,-0.0,-0.0,0.0,0.0
14.886,0.0234375,0.015748031496062992,-0.0078125,0.0,0.0,-0.0,-0.0,0.0,0.0
15.984,0.0234375,0.015748031496062992,-0.0078125,0.0,0.0,-0.0,-0.0,0.0,0.0
17.085,0.0234375,0.015748031496062992,-0.0078125,0.0,0.0,-0.0,-0.0,0.0,0.0
18.185,0.0234375,0.015748031496062992,-0.0078125,0.0,0.0,-0.0,-0.0,0.0,0.0
19.285,0.0234375,0.015748031496062992,-0.0078125,0.0,0.0,-0.0,-0.0,0.0,0.0
20.397,0.0234375,0.015748031496062992,-0.0078125,0.0,0.0,-0.0,-0.0,0.0,0.0
21.486,0.0234375,0.015748031496062992,-0.0078125,0.0,0.0,-0.0,-0.0,0.0,0.0
22.585,0.0234375,0.015748031496062992,-0.0078125,0.0,0.0,-0.0,-0.0,0.0,0.0
23.687,0.0234375,0.015748031496062992,-0.0078125,0.0,0.0,-0.0,-0.0,0.0,0.0
24.787,0.0234375,0.015748031496062992,-0.0078125,0.0,0.0,-0.0,-0.0,0.0,0.0
25.886,0.0234375,0.015748031496062992,-0.0078125,0.0,0.0,-0.0,-0.0,0.0,0.0
26.986,0.0234375,0.015748031496062992,-1.0,-0.1975,-0.8025,-0.8025,-0.1975,0.0,0.0
28.084,0.0234375,0.015748031496062992,1.0,0.1975,0.8025,0.8025,0.1975,0.0,0.0
29.184,0.0234375,0.015748031496062992,1.0,0.1975,0.8025,0.8025,0.1975,0.0,0.0
30.283,0.0234375,0.015748031496062992,0.0,0.0,0.0,-0.0,-0.0,0.0,0.0
31.385,0.0234375,0.015748031496062992,0.0,0.0,0.0,-0.0,-0.0,0.0,0.0
S: 31.383 164228679092 Pickup down
32.494,0.0234375,0.015748031496062992,-0.0078125,0.0,0.0,-0.0,-0.0,0.0,0.0
33.583,0.0234375,0.015748031496062992,0.18110236220472442,0.0,0.0,-0.0,-0.0,0.0,0.0
34.684,0.0625,-1.0,0.047244094488188976,-1.0,0.9999999999999996,1.0,-0.9999999999999996,0.0,0.0
S: 34.682 164228682391 Fired
36.57,0.0078125,-0.0234375,-0.0078125,0.0,0.0,-0.0,-0.0,0.0,0.0
37.283,0.0078125,-0.046875,-0.0078125,0.0,0.0,-0.0,-0.0,0.0,0.0
38.394,0.0078125,-0.046875,-0.0078125,0.0,0.0,-0.0,-0.0,0.0,0.0
39.485,0.0078125,-0.046875,-0.0078125,0.0,0.0,-0.0,-0.0,0.0,0.0
40.584,0.0078125,-0.046875,-0.0078125,0.0,0.0,-0.0,-0.0,0.0,0.0
41.285,0.0234375,0.015748031496062992,-0.0078125,0.0,0.0,-0.0,-0.0,0.0,0.0
42.385,0.0234375,0.015748031496062992,-0.0078125,0.0,0.0,-0.0,-0.0,0.0,0.0
43.482,0.0234375,0.015748031496062992,-0.0078125,0.0,0.0,-0.0,-0.0,0.0,0.0
44.593,0.0234375,0.015748031496062992,-0.0078125,0.0,0.0,-0.0,-0.0,0.0,0.0
45.683,0.0234375,0.015748031496062992,-0.0078125,0.0,0.0,-0.0,-0.0,0.0,0.0
46.785,0.0234375,0.015748031496062992,-0.0078125,0.0,0.0,-0.0,-0.0,0.0,0.0
47.883,0.0234375,0.015748031496062992,-0.0078125,0.0,0.0,-0.0,-0.0,0.0,0.0
S: 47.882 164228695590 Fired
49.771,0.0234375,0.015748031496062992,-0.0078125,0.0,0.0,-0.0,-0.0,0.0,0.0
50.495,0.0234375,0.015748031496062992,-0.0078125,0.0,0.0,-0.0,-0.0,0.0,0.0
S: 50.493 164228698202 Pickup up
51.583,0.0234375,0.015748031496062992,-0.0078125,0.0,0.0,-0.0,-0.0,0.0,0.0
52.685,0.0234375,0.015748031496062992,-0.0078125,0.0,0.0,-0.0,-0.0,0.0,0.0
S: 53.073 164228700782 Pickup down
53.784,0.0234375,0.015748031496062992,-0.0078125,0.0,0.0,-0.0,-0.0,0.0,0.0
54.884,0.0234375,0.015748031496062992,-0.0078125,0.0,0.0,-0.0,-0.0,0.0,0.0
55.984,0.0234375,0.015748031496062992,-0.0078125,0.0,0.0,-0.0,-0.0,0.0,0.0
56.695,0.0234375,0.015748031496062992,-0.0078125,0.0,0.0,-0.0,-0.0,0.0,0.0
57.783,0.0234375,0.015748031496062992,-0.0078125,0.0,0.0,-0.0,-0.0,0.0,0.0
58.885,0.0234375,0.015748031496062992,-0.0078125,0.0,0.0,-0.0,-0.0,0.0,0.0
59.984,0.0234375,0.015748031496062992,-0.0078125,0.0,0.0,-0.0,-0.0,0.0,0.0
61.084,0.0234375,0.015748031496062992,-0.0078125,0.0,0.0,-0.0,-0.0,0.0,0.0
62.184,0.0234375,0.015748031496062992,-1.0,-0.1975,-0.8025,-0.8025,-0.1975,0.0,0.0
63.284,0.0234375,0.015748031496062992,-0.0078125,0.0,0.0,-0.0,-0.0,0.0,0.0
64.385,0.0234375,0.015748031496062992,-0.0078125,0.0,0.0,-0.0,-0.0,0.0,0.0
65.483,0.0234375,0.015748031496062992,-0.0078125,0.0,0.0,-0.0,-0.0,0.0,0.0
66.584,0.0234375,0.015748031496062992,-0.0078125,0.0,0.0,-0.0,-0.0,0.0,0.0
