Timestamp,Driver_Joy_Y,Driver_Joy_X,Driver_Joy_W,Mecanum_FL,Mecanum_BL,Mecanum_BR,Mecanum_FR,FL_Jag_Speed,FL_Out_Voltage,FL_Out_Current,FL_Temp,BL_Jag_Speed,BL_Out_Voltage,BL_Out_Current,BL_Temp,BR_Jag_Speed,BR_Out_Voltage,BR_Out_Current,BR_Temp,FR_Jag_Speed,FR_Out_Voltage,FR_Out_Current,FR_Temp,Pickup_Out_Voltage,Pickup_Out_Current,Pickup_Temp,SH1_Out_Voltage,SH1_Out_Current,SH1_Temp,SH2_Out_Voltage,SH2_Out_Current,SH2_Temp,SHmain_Speed,SHmain_Angle
0.0060,0.0078125,0.0,0.0,0.0,0.0,0.0,0.0,0.0,0.0,0.0,23.62109375,0.0,0.0,0.0,28.0234375,0.0,0.0,0.0,26.109375,0.0,0.0,0.0,24.1953125,0.0,0.0,25.7265625,0.0,4.916900634765625
0.173,0.0078125,0.0,0.0,0.0,0.0,-0.0,-0.0,0.0,0.0,0.0,24.38671875,0.0,0.0,0.0,26.4921875,0.0,0.0,0.0,26.109375,0.0,0.0,0.0,24.9609375,0.0,0.0,24.9609375,0.0,4.916900634765625
0.341,0.0078125,0.0,0.0,0.0,0.0,-0.0,-0.0,0.0,0.0,0.0,24.1953125,0.0,0.0,0.0,25.7265625,0.0,0.0,0.0,26.4921875,0.0,0.0,0.0,24.1953125,0.0,0.0,24.578125,0.0,4.916900634765625
0.499,0.0078125,0.0,0.0,0.0,0.0,-0.0,-0.0,0.0,0.0,0.0,25.34375,0.0,0.0,0.0,26.4921875,0.0,0.0,0.0,27.2578125,0.0,0.0,0.0,24.38671875,0.0,0.0,25.34375,0.0,4.907135009765625
0.66,0.0078125,0.0,0.0,0.0,0.0,-0.0,-0.0,0.0,0.0,0.0,24.76953125,0.0,0.0,0.0,26.68359375,0.0,0.0,0.0,26.4921875,0.0,0.0,0.0,24.76953125,0.0,0.0,25.7265625,0.0,4.907135009765625
0.822,0.0078125,0.0,0.0,0.0,0.0,-0.0,-0.0,0.0,0.0,0.0,24.38671875,0.0,0.0,0.0,26.68359375,0.0,0.0,0.0,26.4921875,0.0,0.0,0.0,24.578125,0.0,0.0,25.91796875,0.0,4.907135009765625
0.979,0.0078125,0.0,0.0,0.0,0.0,-0.0,-0.0,0.0,0.0,0.0,24.76953125,0.0,0.0,0.0,26.4921875,0.0,0.0,0.0,26.109375,0.0,0.0,0.0,24.76953125,0.0,0.0,24.9609375,0.0,4.907135009765625
1.139,0.0078125,0.0,0.0,0.0,0.0,-0.0,-0.0,0.0,0.0,0.0,24.1953125,0.0,0.0,0.0,27.83203125,0.0,0.0,0.0,26.68359375,0.0,0.0,0.0,24.578125,0.0,0.0,25.53515625,0.0,4.907135009765625
1.301,0.0078125,0.0,0.0,0.0,0.0,-0.0,-0.0,0.0,0.0,0.0,23.4296875,0.0,0.0,0.0,25.7265625,0.0,0.0,0.0,26.30078125,0.0,0.0,0.0,24.578125,0.0,0.0,25.53515625,0.0,4.907135009765625
1.459,0.0078125,0.0,0.0,0.0,0.0,-0.0,-0.0,0.0,0.0,0.0,23.62109375,0.0,0.0,0.0,25.91796875,0.0,0.0,0.0,26.4921875,0.0,0.0,0.0,24.00390625,0.0,0.0,25.91796875,0.0,4.907135009765625
1.619,0.0078125,0.0,0.0,0.0,0.0,-0.0,-0.0,0.0,0.0,0.0,24.38671875,0.0,0.0,0.0,26.68359375,0.0,0.0,0.0,26.4921875,0.0,0.0,0.0,24.1953125,0.0,0.0,25.15234375,0.0,4.907135009765625
1.779,0.0078125,0.0,0.0,0.0,0.0,-0.0,-0.0,0.0,0.0,0.0,24.578125,0.0,0.0,0.0,26.875,0.0,0.0,0.0,26.68359375,0.0,0.0,0.0,24.38671875,0.0,0.0,27.06640625,0.0,4.907135009765625
1.956,0.0078125,0.0,0.0,0.0,0.0,-0.0,-0.0,0.0,0.0,0.0,24.578125,0.0,0.0,0.0,26.68359375,0.0,0.0,0.0,26.68359375,0.0,0.0,0.0,24.1953125,0.0,0.0,25.7265625,0.0,4.907135009765625
2.12,0.0078125,0.0,0.0,0.0,0.0,-0.0,-0.0,0.0,0.0,0.0,23.62109375,0.0,0.0,0.0,26.4921875,0.0,0.0,0.0,26.68359375,0.0,0.0,0.0,24.578125,0.0,0.0,26.109375,0.0,4.907135009765625
2.28,0.0078125,0.0,0.0,0.0,0.0,-0.0,-0.0,0.0,0.0,0.0,24.1953125,0.0,0.0,0.0,26.4921875,0.0,0.0,0.0,26.109375,0.0,0.0,0.0,24.38671875,0.0,0.0,24.00390625,0.0,4.907135009765625
2.445,0.0078125,0.0,0.0,0.0,0.0,-0.0,-0.0,0.0,0.0,0.0,24.1953125,0.0,0.0,0.0,26.68359375,0.0,0.0,0.0,26.875,0.0,0.0,0.0,24.1953125,0.0,0.0,26.875,0.0,4.916900634765625
2.617,0.0078125,0.0,0.0,0.0,0.0,-0.0,-0.0,0.0,0.0,0.0,24.9609375,0.0,0.0,0.0,26.4921875,0.0,0.0,0.0,26.4921875,0.0,0.0,0.0,24.76953125,0.0,0.0,25.7265625,0.0,4.907135009765625
2.78,0.0078125,0.0,0.0,0.0,0.0,-0.0,-0.0,0.0,0.0,0.0,23.8125,0.0,0.0,0.0,26.30078125,0.0,0.0,0.0,26.109375,0.0,0.0,0.0,24.1953125,0.0,0.0,26.875,0.0,4.916900634765625
2.941,0.0078125,0.0,0.0,0.0,0.0,-0.0,-0.0,0.0,0.0,0.0,24.38671875,0.0,0.0,0.0,26.68359375,0.0,0.0,0.0,25.7265625,0.0,0.0,0.0,23.8125,0.0,0.0,25.34375,0.0,4.907135009765625
3.099,0.0078125,0.0,0.0,0.0,0.0,-0.0,-0.0,0.0,0.0,0.0,24.1953125,0.0,0.0,0.0,25.91796875,0.0,0.0,0.0,26.4921875,0.0,0.0,0.0,24.578125,0.0,0.0,25.53515625,0.0,4.907135009765625
3.261,0.0078125,0.0,0.0,0.0,0.0,-0.0,-0.0,0.0,0.0,0.0,24.1953125,0.0,0.0,0.0,26.4921875,0.0,0.0,0.0,26.4921875,0.0,0.0,0.0,24.578125,0.0,0.0,25.7265625,0.0,4.907135009765625
3.417,0.0078125,0.0,0.0,0.0,0.0,-0.0,-0.0,0.0,0.0,0.0,24.38671875,0.0,0.0,0.0,26.30078125,0.0,0.0,0.0,25.91796875,0.0,0.0,0.0,24.76953125,0.0,0.0,25.91796875,0.0,4.907135009765625
3.577,0.0078125,0.0,0.0,0.0,0.0,-0.0,-0.0,0.0,0.0,0.0,23.62109375,0.0,0.0,0.0,25.91796875,0.0,0.0,0.0,26.4921875,0.0,0.0,0.0,24.38671875,0.0,0.0,25.7265625,0.0,4.8973541259765625
3.729,0.0078125,0.0,0.0,0.0,0.0,-0.0,-0.0,0.0,0.0,0.0,23.8125,0.0,0.0,0.0,26.30078125,0.0,0.0,0.0,26.68359375,0.0,0.0,0.0,24.9609375,0.0,0.0,27.06640625,0.0,4.907135009765625
3.921,0.0078125,0.0,0.0,0.0,0.0,-0.0,-0.0,0.0,0.0,0.0,24.1953125,0.0,0.0,0.0,26.68359375,0.0,0.0,0.0,26.68359375,0.0,0.0,0.0,24.578125,0.0,0.0,25.7265625,0.0,4.916900634765625
4.087,0.0078125,0.0,0.0,0.0,0.0,-0.0,-0.0,0.0,0.0,0.0,24.578125,0.0,0.0,0.0,26.68359375,0.0,0.0,0.0,26.109375,0.0,0.0,0.0,24.38671875,0.0,0.0,25.7265625,0.0,4.916900634765625
4.261,0.0078125,0.0,0.0,0.0,0.0,-0.0,-0.0,0.0,0.0,0.0,24.1953125,0.0,0.0,0.0,26.875,0.0,0.0,0.0,26.30078125,0.0,0.0,0.0,24.38671875,0.0,0.0,24.578125,0.0,4.907135009765625
4.428,0.0078125,0.0,0.0,0.0,0.0,-0.0,-0.0,0.0,0.0,0.0,24.1953125,0.0,0.0,0.0,26.4921875,0.0,0.0,0.0,26.109375,0.0,0.0,0.0,24.00390625,0.0,0.0,25.91796875,0.0,4.916900634765625
4.588,0.0078125,0.0,0.0,0.0,0.0,-0.0,-0.0,0.0,0.0,0.0,24.38671875,0.0,0.0,0.0,27.2578125,0.0,0.0,0.0,26.875,0.0,0.0,0.0,24.38671875,0.0,0.0,25.91796875,0.0,4.916900634765625
4.748,0.0078125,0.0,0.0,0.0,0.0,-0.0,-0.0,0.0,0.0,0.0,24.1953125,0.0,0.0,0.0,26.109375,0.0,0.0,0.0,26.109375,0.0,0.0,0.0,23.8125,0.0,0.0,27.2578125,0.0,4.916900634765625
4.899,0.0078125,0.0,0.0,0.0,0.0,-0.0,-0.0,0.0,0.0,0.0,24.1953125,0.0,0.0,0.0,25.34375,0.0,0.0,0.0,26.4921875,0.0,0.0,0.0,24.578125,0.0,0.0,26.30078125,0.0,4.907135009765625
5.06,0.0078125,0.0,0.0,0.0,0.0,-0.0,-0.0,0.0,0.0,0.0,24.1953125,0.0,0.0,0.0,27.83203125,0.0,0.0,0.0,26.68359375,0.0,0.0,0.0,24.38671875,0.0,0.0,24.1953125,0.0,4.907135009765625
5.208,0.0078125,0.0,0.0,0.0,0.0,-0.0,-0.0,0.0,0.0,0.0,24.1953125,0.0,0.0,0.0,27.640625,0.0,0.0,0.0,26.109375,0.0,0.0,0.0,24.76953125,0.0,0.0,25.91796875,0.0,4.916900634765625
5.36,0.0078125,0.0,0.0,0.0,0.0,-0.0,-0.0,0.0,0.0,0.0,24.1953125,0.0,0.0,0.0,26.68359375,0.0,0.0,0.0,25.91796875,0.0,0.0,0.0,24.76953125,0.0,0.0,25.53515625,0.0,4.907135009765625
5.519,0.0078125,0.0,0.0,0.0,0.0,-0.0,-0.0,0.0,0.0,0.0,23.8125,0.0,0.0,0.0,26.4921875,0.0,0.0,0.0,26.109375,0.0,0.0,0.0,24.76953125,0.0,0.0,25.91796875,0.0,4.907135009765625
5.681,0.0078125,0.0,0.0,0.0,0.0,-0.0,-0.0,0.0,0.0,0.0,23.4296875,0.0,0.0,0.0,27.44921875,0.0,0.0,0.0,26.4921875,0.0,0.0,0.0,24.1953125,0.0,0.0,25.34375,0.0,4.916900634765625
5.846,0.0078125,0.0,0.0,0.0,0.0,-0.0,-0.0,0.0,0.0,0.0,24.00390625,0.0,0.0,0.0,26.109375,0.0,0.0,0.0,26.4921875,0.0,0.0,0.0,24.1953125,0.0,0.0,25.7265625,0.0,4.907135009765625
6.018,0.0078125,0.0,0.0,0.0,0.0,-0.0,-0.0,0.0,0.0,0.0,24.1953125,0.0,0.0,0.0,26.109375,0.0,0.0,0.0,26.4921875,0.0,0.0,0.0,24.38671875,0.0,0.0,24.76953125,0.0,4.907135009765625
6.177,0.0078125,0.0,0.0,0.0,0.0,-0.0,-0.0,0.0,0.0,0.0,24.1953125,0.0,0.0,0.0,26.4921875,0.0,0.0,0.0,26.68359375,0.0,0.0,0.0,24.76953125,0.0,0.0,26.875,0.0,4.916900634765625
6.342,0.0078125,0.0,0.0,0.0,0.0,-0.0,-0.0,0.0,0.0,0.0,23.4296875,0.0,0.0,0.0,26.4921875,0.0,0.0,0.0,27.06640625,0.0,0.0,0.0,24.76953125,0.0,0.0,25.91796875,0.0,4.907135009765625
6.508,0.0078125,0.0,0.0,0.0,0.0,-0.0,-0.0,0.0,0.0,0.0,24.38671875,0.0,0.0,0.0,26.109375,0.0,0.0,0.0,26.4921875,0.0,0.0,0.0,24.38671875,0.0,0.0,25.53515625,0.0,4.907135009765625
6.66,0.0078125,0.0,0.0,0.0,0.0,-0.0,-0.0,0.0,0.0,0.0,25.34375,0.0,0.0,0.0,26.68359375,0.0,0.0,0.0,26.30078125,0.0,0.0,0.0,24.38671875,0.0,0.0,26.109375,0.0,4.8973541259765625
6.819,0.0078125,0.0,0.0,0.0,0.0,-0.0,-0.0,0.0,0.0,0.0,23.23828125,0.0,0.0,0.0,26.875,0.0,0.0,0.0,27.2578125,0.0,0.0,0.0,24.1953125,0.0,0.0,25.34375,0.0,4.907135009765625
6.979,0.0078125,0.0,0.0,0.0,0.0,-0.0,-0.0,0.0,0.0,0.0,22.85546875,0.0,0.0,0.0,27.640625,0.0,0.0,0.0,26.68359375,0.0,0.0,0.0,24.38671875,0.0,0.0,26.30078125,0.0,4.907135009765625
7.139,0.0078125,0.0,0.0,0.0,0.0,-0.0,-0.0,0.0,0.0,0.0,24.38671875,0.0,0.0,0.0,26.68359375,0.0,0.0,0.0,26.4921875,0.0,0.0,0.0,24.1953125,0.0,0.0,25.7265625,0.0,4.907135009765625
7.317,0.0078125,0.0,0.0,0.0,0.0,-0.0,-0.0,0.0,0.0,0.0,24.578125,0.0,0.0,0.0,26.68359375,0.0,0.0,0.0,26.4921875,0.0,0.0,0.0,24.9609375,0.0,0.0,25.7265625,0.0,4.907135009765625
7.478,0.0078125,0.0,0.0,0.0,0.0,-0.0,-0.0,0.0,0.0,0.0,24.76953125,0.0,0.0,0.0,27.06640625,0.0,0.0,0.0,26.4921875,0.0,0.0,0.0,24.9609375,0.0,0.0,25.53515625,0.0,4.916900634765625
7.64,0.0078125,0.0,0.0,0.0,0.0,-0.0,-0.0,0.0,0.0,0.0,24.578125,0.0,0.0,0.0,27.06640625,0.0,0.0,0.0,26.109375,0.0,0.0,0.0,24.9609375,0.0,0.0,25.15234375,0.0,4.907135009765625
7.819,0.0078125,0.0,0.0,0.0,0.0,-0.0,-0.0,0.0,0.0,0.0,24.1953125,0.0,0.0,0.0,26.4921875,0.0,0.0,0.0,26.30078125,0.0,0.0,0.0,24.76953125,0.0,0.0,25.91796875,0.0,4.907135009765625
7.98,0.0078125,0.0,0.0,0.0,0.0,-0.0,-0.0,0.0,0.0,0.0,24.00390625,0.0,0.0,0.0,26.68359375,0.0,0.0,0.0,26.30078125,0.0,0.0,0.0,24.00390625,0.0,0.0,25.34375,0.0,4.916900634765625
8.138,0.0078125,0.0,0.0,0.0,0.0,-0.0,-0.0,0.0,0.0,0.0,24.1953125,0.0,0.0,0.0,28.21484375,0.0,0.0,0.0,26.4921875,0.0,0.0,0.0,24.9609375,0.0,0.0,26.4921875,0.0,4.907135009765625
8.299,0.0078125,0.0,0.0,0.0,0.0,-0.0,-0.0,0.0,0.0,0.0,25.53515625,0.0,0.0,0.0,26.875,0.0,0.0,0.0,26.4921875,0.0,0.0,0.0,24.1953125,0.0,0.0,25.7265625,0.0,4.907135009765625
8.459,0.0078125,0.0,0.0,0.0,0.0,-0.0,-0.0,0.0,0.0,0.0,24.1953125,0.0,0.0,0.0,26.875,0.0,0.0,0.0,26.4921875,0.0,0.0,0.0,24.76953125,0.0,0.0,25.34375,0.0,4.907135009765625
8.612,0.0078125,0.0,0.0,0.0,0.0,-0.0,-0.0,0.0,0.0,0.0,24.00390625,0.0,0.0,0.0,26.4921875,0.0,0.0,0.0,26.4921875,0.0,0.0,0.0,24.00390625,0.0,0.0,25.91796875,0.0,4.907135009765625
8.778,0.0078125,0.0,0.0,0.0,0.0,-0.0,-0.0,0.0,0.0,0.0,25.34375,0.0,0.0,0.0,26.68359375,0.0,0.0,0.0,26.109375,0.0,0.0,0.0,23.62109375,0.0,0.0,25.53515625,0.0,4.916900634765625
8.948,0.0078125,0.0,0.0,0.0,0.0,-0.0,-0.0,0.0,0.0,0.0,23.62109375,0.0,0.0,0.0,26.4921875,0.0,0.0,0.0,26.68359375,0.0,0.0,0.0,24.578125,0.0,0.0,24.578125,0.0,4.907135009765625
9.108,0.0078125,0.0,0.0,0.0,0.0,-0.0,-0.0,0.0,0.0,0.0,23.62109375,0.0,0.0,0.0,26.68359375,0.0,0.0,0.0,26.30078125,0.0,0.0,0.0,24.00390625,0.0,0.0,26.109375,0.0,4.907135009765625
9.265,0.0078125,0.0,0.0,0.0,0.0,-0.0,-0.0,0.0,0.0,0.0,23.8125,0.0,0.0,0.0,26.68359375,0.0,0.0,0.0,26.875,0.0,0.0,0.0,24.9609375,0.0,0.0,26.109375,0.0,4.907135009765625
9.429,0.0078125,0.0,0.0,0.0,0.0,-0.0,-0.0,0.0,0.0,0.0,24.38671875,0.0,0.0,0.0,26.4921875,0.0,0.0,0.0,25.91796875,0.0,0.0,0.0,24.578125,0.0,0.0,26.4921875,0.0,4.916900634765625
9.587,0.0078125,0.0,0.0,0.0,0.0,-0.0,-0.0,0.0,0.0,0.0,24.578125,0.0,0.0,0.0,26.875,0.0,0.0,0.0,26.4921875,0.0,0.0,0.0,24.578125,0.0,0.0,25.91796875,0.0,4.916900634765625
9.761,0.0078125,0.0,0.0,0.0,0.0,-0.0,-0.0,0.0,0.0,0.0,24.1953125,0.0,0.0,0.0,26.875,0.0,0.0,0.0,26.875,0.0,0.0,0.0,24.38671875,0.0,0.0,25.91796875,0.0,4.916900634765625
9.925,0.0078125,0.0,0.0,0.0,0.0,-0.0,-0.0,0.0,0.0,0.0,24.1953125,0.0,0.0,0.0,26.68359375,0.0,0.0,0.0,26.4921875,0.0,0.0,0.0,24.76953125,0.0,0.0,25.91796875,0.0,4.907135009765625
10.088,0.0078125,0.0,0.0,0.0,0.0,-0.0,-0.0,0.0,0.0,0.0,24.578125,0.0,0.0,0.0,26.68359375,0.0,0.0,0.0,26.4921875,0.0,0.0,0.0,24.578125,0.0,0.0,26.109375,0.0,4.916900634765625
10.318,0.0078125,0.0,0.0,0.0,0.0,-0.0,-0.0,0.0,0.0,0.0,24.38671875,0.0,0.0,0.0,26.30078125,0.0,0.0,0.0,26.109375,0.0,0.0,0.0,24.578125,0.0,0.0,25.91796875,0.0,4.916900634765625
10.477,0.0078125,0.0,0.0,0.0,0.0,-0.0,-0.0,0.0,0.0,0.0,23.62109375,0.0,0.0,0.0,26.30078125,0.0,0.0,0.0,25.7265625,0.0,0.0,0.0,24.76953125,0.0,0.0,26.30078125,0.0,4.916900634765625
10.639,0.0078125,0.0,0.0,0.0,0.0,-0.0,-0.0,0.0,0.0,0.0,24.1953125,0.0,0.0,0.0,26.4921875,0.0,0.0,0.0,26.68359375,0.0,0.0,0.0,24.578125,0.0,0.0,26.109375,0.0,4.907135009765625
10.802,0.0078125,0.0,0.0,0.0,0.0,-0.0,-0.0,0.0,0.0,0.0,24.578125,0.0,0.0,0.0,26.875,0.0,0.0,0.0,26.4921875,0.0,0.0,0.0,24.578125,0.0,0.0,25.53515625,0.0,4.916900634765625
10.96,0.0078125,0.0,0.0,0.0,0.0,-0.0,-0.0,0.0,0.0,0.0,24.1953125,0.0,0.0,0.0,26.4921875,0.0,0.0,0.0,26.68359375,0.0,0.0,0.0,24.9609375,0.0,0.0,25.91796875,0.0,4.8973541259765625
11.12,0.0078125,0.0,0.0,0.0,0.0,-0.0,-0.0,0.0,0.0,0.0,24.38671875,0.0,0.0,0.0,26.68359375,0.0,0.0,0.0,25.7265625,0.0,0.0,0.0,24.00390625,0.0,0.0,25.7265625,0.0,4.907135009765625
11.288,0.0078125,0.0,0.0,0.0,0.0,-0.0,-0.0,0.0,0.0,0.0,24.578125,0.0,0.0,0.0,26.875,0.0,0.0,0.0,26.4921875,0.0,0.0,0.0,24.38671875,0.0,0.0,24.578125,0.0,4.907135009765625
11.448,0.0078125,0.0,0.0,0.0,0.0,-0.0,-0.0,0.0,0.0,0.0,24.38671875,0.0,0.0,0.0,27.2578125,0.0,0.0,0.0,26.109375,0.0,0.0,0.0,24.00390625,0.0,0.0,24.578125,0.0,4.916900634765625
11.601,0.0078125,0.0,0.0,0.0,0.0,-0.0,-0.0,0.0,0.0,0.0,23.8125,0.0,0.0,0.0,26.4921875,0.0,0.0,0.0,26.875,0.0,0.0,0.0,24.1953125,0.0,0.0,26.109375,0.0,4.916900634765625
11.769,0.0078125,0.0,0.0,0.0,0.0,-0.0,-0.0,0.0,0.0,0.0,23.62109375,0.0,0.0,0.0,26.68359375,0.0,0.0,0.0,26.30078125,0.0,0.0,0.0,24.38671875,0.0,0.0,25.91796875,0.0,4.916900634765625
11.94,0.0078125,0.0,0.0,0.0,0.0,-0.0,-0.0,0.0,0.0,0.0,24.1953125,0.0,0.0,0.0,26.875,0.0,0.0,0.0,26.4921875,0.0,0.0,0.0,24.38671875,0.0,0.0,25.7265625,0.0,4.916900634765625
12.099,0.0078125,0.0,0.0,0.0,0.0,-0.0,-0.0,0.0,0.0,0.0,24.1953125,0.0,0.0,0.0,26.68359375,0.0,0.0,0.0,26.4921875,0.0,0.0,0.0,24.76953125,0.0,0.0,24.9609375,0.0,4.907135009765625
12.26,0.0078125,0.0,0.0,0.0,0.0,-0.0,-0.0,0.0,0.0,0.0,24.38671875,0.0,0.0,0.0,26.68359375,0.0,0.0,0.0,26.30078125,0.0,0.0,0.0,24.38671875,0.0,0.0,24.9609375,0.0,4.907135009765625
12.419,0.0078125,0.0,0.0,0.0,0.0,-0.0,-0.0,0.0,0.0,0.0,25.34375,0.0,0.0,0.0,26.875,0.0,0.0,0.0,25.91796875,0.0,0.0,0.0,24.1953125,0.0,0.0,25.53515625,0.0,4.916900634765625
12.579,0.0078125,0.0,0.0,0.0,0.0,-0.0,-0.0,0.0,0.0,0.0,24.76953125,0.0,0.0,0.0,26.68359375,0.0,0.0,0.0,26.30078125,0.0,0.0,0.0,23.8125,0.0,0.0,26.30078125,0.0,4.907135009765625
12.739,0.0078125,0.0,0.0,0.0,0.0,-0.0,-0.0,0.0,0.0,0.0,23.62109375,0.0,0.0,0.0,26.875,0.0,0.0,0.0,26.4921875,0.0,0.0,0.0,23.8125,0.0,0.0,26.109375,0.0,4.916900634765625
12.901,0.0078125,0.0,0.0,0.0,0.0,-0.0,-0.0,0.0,0.0,0.0,24.76953125,0.0,0.0,0.0,27.06640625,0.0,0.0,0.0,26.30078125,0.0,0.0,0.0,24.578125,0.0,0.0,25.91796875,0.0,4.916900634765625
13.2,0.0078125,0.0,0.0,0.0,0.0,-0.0,-0.0,0.0,0.0,0.0,24.578125,0.0,0.0,0.0,26.4921875,0.0,0.0,0.0,26.68359375,0.0,0.0,0.0,24.38671875,0.0,0.0,25.34375,0.0,4.916900634765625
13.384,0.0078125,0.0,0.0,0.0,0.0,-0.0,-0.0,0.0,0.0,0.0,23.8125,0.0,0.0,0.0,27.44921875,0.0,0.0,0.0,26.4921875,0.0,0.0,0.0,24.38671875,0.0,0.0,25.34375,0.0,4.907135009765625
13.558,0.0078125,0.0,0.0,0.0,0.0,-0.0,-0.0,0.0,0.0,0.0,24.38671875,0.0,0.0,0.0,26.68359375,0.0,0.0,0.0,26.30078125,0.0,0.0,0.0,24.38671875,0.0,0.0,25.34375,0.0,4.916900634765625
13.739,0.0078125,0.0,0.0,0.0,0.0,-0.0,-0.0,0.0,0.0,0.0,24.578125,0.0,0.0,0.0,27.640625,0.0,0.0,0.0,26.30078125,0.0,0.0,0.0,24.38671875,0.0,0.0,26.109375,0.0,4.907135009765625
13.9,0.0078125,0.0,0.0,0.0,0.0,-0.0,-0.0,0.0,0.0,0.0,23.62109375,0.0,0.0,0.0,26.875,0.0,0.0,0.0,26.68359375,0.0,0.0,0.0,25.15234375,0.0,0.0,25.34375,0.0,4.907135009765625
14.061,0.0078125,0.0,0.0,0.0,0.0,-0.0,-0.0,0.0,0.0,0.0,24.38671875,0.0,0.0,0.0,26.875,0.0,0.0,0.0,26.68359375,0.0,0.0,0.0,24.76953125,0.0,0.0,25.53515625,0.0,4.907135009765625
14.221,0.0078125,0.0,0.0,0.0,0.0,-0.0,-0.0,0.0,0.0,0.0,24.1953125,0.0,0.0,0.0,26.4921875,0.0,0.0,0.0,26.4921875,0.0,0.0,0.0,24.38671875,0.0,0.0,25.15234375,0.0,4.907135009765625
14.378,0.0078125,0.0,0.0,0.0,0.0,-0.0,-0.0,0.0,0.0,0.0,24.38671875,0.0,0.0,0.0,27.06640625,0.0,0.0,0.0,26.4921875,0.0,0.0,0.0,24.38671875,0.0,0.0,25.7265625,0.0,4.916900634765625
14.541,0.0078125,0.0,0.0,0.0,0.0,-0.0,-0.0,0.0,0.0,0.0,24.1953125,0.0,0.0,0.0,26.68359375,0.0,0.0,0.0,26.30078125,0.0,0.0,0.0,24.9609375,0.0,0.0,26.109375,0.0,4.916900634765625
14.701,0.0078125,0.0,0.0,0.0,0.0,-0.0,-0.0,0.0,0.0,0.0,25.53515625,0.0,0.0,0.0,26.875,0.0,0.0,0.0,26.30078125,0.0,0.0,0.0,24.38671875,0.0,0.0,25.7265625,0.0,4.907135009765625
14.86,0.0078125,0.0,0.0,0.0,0.0,-0.0,-0.0,0.0,0.0,0.0,24.00390625,0.0,0.0,0.0,26.68359375,0.0,0.0,0.0,26.68359375,0.0,0.0,0.0,24.578125,0.0,0.0,25.53515625,0.0,4.907135009765625
15.018,0.0078125,0.0,0.0,0.0,0.0,-0.0,-0.0,0.0,0.0,0.0,25.53515625,0.0,0.0,0.0,26.4921875,0.0,0.0,0.0,27.06640625,0.0,0.0,0.0,24.38671875,0.0,0.0,24.9609375,0.0,4.907135009765625
15.186,0.0078125,0.0,0.0,0.0,0.0,-0.0,-0.0,0.0,0.0,0.0,24.1953125,0.0,0.0,0.0,26.875,0.0,0.0,0.0,26.68359375,0.0,0.0,0.0,24.00390625,0.0,0.0,25.91796875,0.0,4.916900634765625
15.348,0.0078125,0.0,0.0,0.0,0.0,-0.0,-0.0,0.0,0.0,0.0,24.38671875,0.0,0.0,0.0,27.06640625,0.0,0.0,0.0,26.68359375,0.0,0.0,0.0,24.00390625,0.0,0.0,25.91796875,0.0,4.916900634765625
15.501,0.0078125,0.0,0.0,0.0,0.0,-0.0,-0.0,0.0,0.0,0.0,23.8125,0.0,0.0,0.0,27.44921875,0.0,0.0,0.0,26.4921875,0.0,0.0,0.0,24.76953125,0.0,0.0,25.7265625,0.0,4.907135009765625
15.678,0.0078125,0.0,0.0,0.0,0.0,-0.0,-0.0,0.0,0.0,0.0,24.00390625,0.0,0.0,0.0,26.68359375,0.0,0.0,0.0,26.4921875,0.0,0.0,0.0,24.9609375,0.0,0.0,25.53515625,0.0,4.916900634765625
15.85,0.0078125,0.0,0.0,0.0,0.0,-0.0,-0.0,0.0,0.0,0.0,24.76953125,0.0,0.0,0.0,26.875,0.0,0.0,0.0,26.875,0.0,0.0,0.0,24.76953125,0.0,0.0,25.91796875,0.0,4.907135009765625
16.019,0.0078125,0.0,0.0,0.0,0.0,-0.0,-0.0,0.0,0.0,0.0,23.62109375,0.0,0.0,0.0,27.640625,0.0,0.0,0.0,25.91796875,0.0,0.0,0.0,24.76953125,0.0,0.0,25.15234375,0.0,4.907135009765625
16.188,0.0078125,0.0,0.0,0.0,0.0,-0.0,-0.0,0.0,0.0,0.0,23.62109375,0.0,0.0,0.0,26.4921875,0.0,0.0,0.0,26.4921875,0.0,0.0,0.0,24.38671875,0.0,0.0,25.53515625,0.0,4.916900634765625
16.34,0.0078125,0.0,0.0,0.0,0.0,-0.0,-0.0,0.0,0.0,0.0,24.38671875,0.0,0.0,0.0,26.68359375,0.0,0.0,0.0,26.875,0.0,0.0,0.0,24.1953125,0.0,0.0,25.53515625,0.0,4.907135009765625
16.521,0.0078125,0.0,0.0,0.0,0.0,-0.0,-0.0,0.0,0.0,0.0,24.76953125,0.0,0.0,0.0,26.4921875,0.0,0.0,0.0,26.30078125,0.0,0.0,0.0,24.38671875,0.0,0.0,26.30078125,0.0,4.916900634765625
16.68,0.0078125,0.0,0.0,0.0,0.0,-0.0,-0.0,0.0,0.0,0.0,23.8125,0.0,0.0,0.0,26.68359375,0.0,0.0,0.0,26.875,0.0,0.0,0.0,24.578125,0.0,0.0,25.15234375,0.0,4.907135009765625
16.847,0.0078125,0.0,0.0,0.0,0.0,-0.0,-0.0,0.0,0.0,0.0,24.1953125,0.0,0.0,0.0,26.875,0.0,0.0,0.0,26.875,0.0,0.0,0.0,25.15234375,0.0,0.0,26.109375,0.0,4.907135009765625
17.001,0.0078125,0.0,0.0,0.0,0.0,-0.0,-0.0,0.0,0.0,0.0,24.578125,0.0,0.0,0.0,27.2578125,0.0,0.0,0.0,26.30078125,0.0,0.0,0.0,24.38671875,0.0,0.0,24.1953125,0.0,4.907135009765625
17.16,0.0078125,0.0,0.0,0.0,0.0,-0.0,-0.0,0.0,0.0,0.0,24.38671875,0.0,0.0,0.0,26.4921875,0.0,0.0,0.0,26.4921875,0.0,0.0,0.0,24.1953125,0.0,0.0,26.4921875,0.0,4.916900634765625
17.319,0.0078125,0.0,0.0,0.0,0.0,-0.0,-0.0,0.0,0.0,0.0,24.1953125,0.0,0.0,0.0,25.53515625,0.0,0.0,0.0,26.68359375,0.0,0.0,0.0,24.578125,0.0,0.0,26.109375,0.0,4.907135009765625
17.48,0.0078125,0.0,0.0,0.0,0.0,-0.0,-0.0,0.0,0.0,0.0,24.578125,0.0,0.0,0.0,27.2578125,0.0,0.0,0.0,26.68359375,0.0,0.0,0.0,24.38671875,0.0,0.0,26.30078125,0.0,4.907135009765625
