Timestamp,Driver_Joy_Y,Driver_Joy_X,Driver_Joy_W,Mecanum_FL,Mecanum_BL,Mecanum_BR,Mecanum_FR,FL_Jag_Speed,FL_Out_Voltage,FL_Out_Current,FL_Temp,BL_Jag_Speed,BL_Out_Voltage,BL_Out_Current,BL_Temp,BR_Jag_Speed,BR_Out_Voltage,BR_Out_Current,BR_Temp,FR_Jag_Speed,FR_Out_Voltage,FR_Out_Current,FR_Temp,Pickup_Out_Voltage,Pickup_Out_Current,Pickup_Temp,SH1_Out_Voltage,SH1_Out_Current,SH1_Temp,SH2_Out_Voltage,SH2_Out_Current,SH2_Temp,SHmain_Speed,SHmain_Angle
0.0060,0.0078125,-0.0078125,-0.0078125,0.0,0.0,-0.0,-0.0,0.0,0.0,0.0,31.8515625,0.0,0.0,0.0,37.59375,0.0,0.0,0.0,37.78515625,0.0,0.0,0.0,32.04296875,0.0,0.0,31.0859375,0.0,5.5816192626953125
0.175,0.0078125,-0.0078125,-0.0078125,0.0,0.0,-0.0,-0.0,0.0,0.0,0.0,31.46875,0.0,0.0,0.0,37.01953125,0.0,0.0,0.0,37.40234375,0.0,0.0,0.0,32.234375,0.0,0.0,30.89453125,0.0,5.57183837890625
0.337,0.0078125,-0.0078125,-0.0078125,0.0,0.0,-0.0,-0.0,0.0,0.0,0.0,31.8515625,0.0,0.0,0.0,37.9765625,0.0,0.0,0.0,37.40234375,0.0,0.0,0.0,32.42578125,0.0,0.0,30.703125,0.0,5.5816192626953125
0.496,0.0078125,-0.0078125,-0.0078125,0.0,0.0,-0.0,-0.0,0.0,0.0,0.0,32.04296875,0.0,0.0,0.0,37.40234375,0.0,0.0,0.0,37.2109375,0.0,0.0,0.0,32.80859375,0.0,0.0,31.0859375,0.0,5.5816192626953125
0.656,0.0078125,-0.0078125,-0.0078125,0.0,0.0,-0.0,-0.0,0.0,0.0,0.0,32.04296875,0.0,0.0,0.0,37.40234375,0.0,0.0,0.0,37.40234375,0.0,0.0,0.0,32.6171875,0.0,0.0,30.89453125,0.0,5.5816192626953125
0.818,0.0078125,-0.0078125,-0.0078125,0.0,0.0,-0.0,-0.0,0.0,0.0,0.0,32.04296875,0.0,0.0,0.0,36.0625,0.0,0.0,0.0,37.40234375,0.0,0.0,0.0,32.234375,0.0,0.0,30.703125,0.0,5.5816192626953125
0.977,0.0078125,-0.0078125,-0.0078125,0.0,0.0,-0.0,-0.0,0.0,0.0,0.0,31.8515625,0.0,0.0,0.0,38.16796875,0.0,0.0,0.0,37.2109375,0.0,0.0,0.0,32.234375,0.0,0.0,31.8515625,0.0,5.5816192626953125
1.145,0.0078125,-0.0078125,-0.0078125,0.0,0.0,-0.0,-0.0,0.0,0.0,0.0,31.66015625,0.0,0.0,0.0,37.59375,0.0,0.0,0.0,37.2109375,0.0,0.0,0.0,32.04296875,0.0,0.0,31.0859375,0.0,5.5816192626953125
1.316,0.0078125,-0.0078125,-0.0078125,0.0,0.0,-0.0,-0.0,0.0,0.0,0.0,31.27734375,0.0,0.0,0.0,37.59375,0.0,0.0,0.0,37.2109375,0.0,0.0,0.0,32.04296875,0.0,0.0,31.46875,0.0,5.57183837890625
1.476,0.0078125,-0.0078125,-0.265625,0.0,0.0,-0.0,-0.0,0.0,0.0,0.0,32.04296875,0.0,0.0,0.0,37.59375,0.0,0.0,0.0,37.2109375,0.0,0.0,0.0,32.6171875,0.0,0.0,29.5546875,0.0,5.5913848876953125
1.636,0.0078125,-0.0078125,-0.390625,-0.06789062500000001,-0.275859375,-0.275859375,-0.06789062499999998,0.0,-0.80078125,9.52734375,32.234375,0.0,-3.09375,14.125,38.16796875,-61.2440185546875,-3.09375,19.5078125,37.40234375,0.0,-0.80078125,0.0,32.04296875,0.0,0.0,31.46875,0.0,5.6304931640625
1.797,0.0078125,-0.0078125,-0.453125,-0.0771484375,-0.3134765625,-0.3134765625,-0.0771484375,0.0,-0.89453125,11.62890625,31.46875,0.0,-3.4609375,16.6171875,37.2109375,0.0,-3.41796875,24.49609375,36.63671875,0.0,-0.89453125,1.91015625,32.42578125,0.0,0.0,30.89453125,0.0,5.601165771484375
1.987,0.0078125,-0.0078125,-0.5234375,-0.08949218749999999,-0.3636328125,-0.3636328125,-0.08949218749999999,0.0,-1.01953125,11.76171875,30.89453125,0.0,-3.9921875,18.58984375,37.01953125,0.0,-3.82421875,25.94140625,37.2109375,0.0,-1.00390625,11.49609375,32.42578125,0.0,0.0,30.51171875,0.0,5.5816192626953125
2.167,0.0078125,-0.0078125,-0.8203125,-0.12806640625,-0.52037109375,-0.52037109375,-0.12806640625,0.0,-1.3828125,10.4453125,31.46875,0.0,-5.453125,28.171875,37.59375,-2.5473480224609375,-4.9765625,34.87109375,36.63671875,0.0,-1.328125,7.42578125,32.6171875,0.0,0.0,29.5546875,0.0,5.5816192626953125
2.34,0.0078125,-0.0078125,-0.9765625,-0.16509765625000006,-0.6708398437499999,-0.6708398437499999,-0.16509765625000006,3.8827362060546875,-1.671875,10.18359375,31.46875,0.0,-6.67578125,30.5390625,37.2109375,-28.9117431640625,-5.96875,43.80078125,37.40234375,0.0,-1.625,4.14453125,32.6171875,0.0,0.0,30.703125,0.0,5.6109466552734375
2.517,0.0078125,-0.0078125,-1.0,-0.1975,-0.8025,-0.8025,-0.1975,6.2923431396484375,-1.87109375,9.265625,31.46875,0.0,-7.44921875,37.234375,37.01953125,-81.43528747558594,-7.109375,39.203125,37.40234375,0.0,-1.890625,2.69921875,32.80859375,0.0,0.0,30.89453125,0.0,5.5913848876953125
2.679,0.0078125,-0.0078125,-1.0,-0.1975,-0.8025,-0.8025,-0.1975,23.041885375976562,-1.9453125,6.640625,31.8515625,0.0,-7.421875,42.48828125,37.01953125,-65.11233520507812,-7.0,43.2734375,37.2109375,0.0,-1.98046875,0.0,31.8515625,0.0,0.0,30.51171875,0.0,5.57183837890625
2.857,0.0078125,-0.0078125,-1.0,-0.1975,-0.8025,-0.8025,-0.1975,4.6056365966796875,-1.98828125,5.984375,32.234375,0.0,-7.1953125,42.75,37.2109375,-68.92094421386719,-6.94140625,39.859375,36.63671875,0.0,-1.99609375,2.69921875,31.8515625,0.0,0.0,31.0859375,0.0,5.5816192626953125
3.017,0.0078125,-0.0078125,-1.0,-0.1975,-0.8025,-0.8025,-0.1975,17.302749633789062,-1.97265625,9.921875,31.46875,0.0,-7.421875,37.3671875,37.01953125,-88.93212890625,-7.39453125,29.35546875,36.828125,0.0,-1.97265625,2.69921875,32.6171875,0.0,0.0,31.0859375,0.0,5.5620574951171875
3.179,0.0078125,-0.0078125,-1.0,-0.1975,-0.8025,-0.8025,-0.1975,-13.778701782226562,-1.91015625,9.00390625,31.8515625,0.0,-7.6484375,33.42578125,36.828125,-75.39315795898438,-6.85546875,46.42578125,36.828125,0.0,-1.9609375,2.69921875,32.234375,0.0,0.0,31.66015625,0.0,5.5816192626953125
3.356,0.0078125,-0.0078125,-0.8671875,-0.1975,-0.8025,-0.8025,-0.1975,-54.018310546875,-1.92578125,5.71875,31.8515625,0.0,-7.76171875,34.609375,36.4453125,-37.39009094238281,-6.80078125,46.42578125,37.01953125,0.0,-2.02734375,2.17578125,32.42578125,0.0,0.0,31.46875,0.0,5.5229644775390625
3.527,0.0078125,-0.0078125,-0.8046875,-0.16201171875000003,-0.65830078125,-0.6583007812499999,-0.16201171874999998,-17.78436279296875,-1.68359375,7.42578125,32.04296875,0.0,-6.57421875,31.0625,37.2109375,-52.71539306640625,-6.2265625,37.3671875,37.59375,0.0,-1.7109375,0.0,32.6171875,0.0,0.0,30.703125,0.0,5.601165771484375
3.705,0.1796875,-0.0078125,-0.6640625,-0.13732421875,-0.55798828125,-0.55798828125,-0.13732421875,0.0,-1.46484375,9.66015625,30.703125,0.0,-5.828125,25.80859375,36.828125,-63.9840087890625,-5.43359375,36.70703125,37.40234375,0.0,-1.5234375,1.6484375,32.04296875,0.0,0.0,31.46875,0.0,5.5816192626953125
3.897,0.5625,-0.0078125,0.0,0.17044921874999996,-0.2407617187499999,-0.85013671875,-0.4389257812500001,-4.9027557373046875,1.71875,7.953125,31.27734375,0.0,-2.27734375,15.17578125,36.63671875,-73.55899047851562,-7.35546875,45.90234375,37.2109375,0.0,-4.3671875,17.80078125,32.42578125,0.0,0.0,30.51171875,0.0,5.5620574951171875
4.065,0.4609375,-0.0078125,0.0,0.5624999999999999,0.5625000000000001,-0.5624999999999999,-0.5625000000000001,-156.40272521972656,5.7109375,18.45703125,31.27734375,0.0,6.1484375,16.6171875,37.01953125,-125.14665222167969,-5.65625,21.21484375,36.828125,0.0,-5.81640625,20.42578125,32.234375,0.0,0.0,31.46875,0.0,5.5522918701171875
4.238,0.0234375,-0.0078125,0.0,0.46093749999999994,0.46093750000000006,-0.46093749999999994,-0.46093750000000006,19.194900512695312,4.97265625,15.17578125,30.703125,0.0,5.1328125,10.4453125,37.01953125,-150.68869018554688,-5.171875,11.49609375,36.828125,0.0,-5.171875,13.07421875,32.234375,0.0,0.0,31.66015625,0.0,5.57183837890625
4.416,-0.05511811023622047,-0.0078125,0.0,0.0,0.0,-0.0,-0.0,-5.56903076171875,0.0,0.0,32.6171875,0.0,0.0,0.0,37.40234375,-157.17091369628906,0.0,0.0,36.828125,0.0,0.0,0.0,32.42578125,0.0,0.0,31.27734375,0.0,5.57183837890625
4.577,-0.11023622047244094,-0.0078125,0.0,-0.11023622047244097,-0.11023622047244094,0.11023622047244097,0.11023622047244094,7.1263580322265625,-1.26953125,25.6796875,31.66015625,0.0,-1.23828125,11.10546875,37.01953125,-41.97914123535156,1.234375,14.91015625,35.87109375,0.0,1.21875,21.4765625,31.46875,0.0,0.0,31.27734375,0.0,5.57183837890625
4.743,-0.25196850393700787,-0.0078125,0.0,-0.15748031496062997,-0.15748031496062992,0.15748031496062997,0.15748031496062992,-9.32647705078125,-1.80078125,18.58984375,31.46875,0.0,-1.76953125,7.953125,37.2109375,-9.011642456054688,1.765625,12.0234375,37.01953125,0.0,1.75390625,13.07421875,32.04296875,0.0,0.0,31.27734375,0.0,5.5522918701171875
4.923,-0.09448818897637795,-0.0078125,0.0,-0.2519685039370079,-0.2519685039370078,0.2519685039370079,0.2519685039370078,0.0,-2.828125,17.01171875,31.27734375,0.0,-2.765625,10.97265625,36.63671875,31.023529052734375,2.81640625,12.94140625,36.63671875,0.0,2.82421875,14.38671875,32.42578125,0.0,0.0,31.0859375,0.0,5.57183837890625
5.096,0.0078125,-0.0078125,0.0,0.0,0.0,-0.0,-0.0,18.85107421875,0.0,0.0,30.89453125,0.0,0.0,0.0,37.40234375,25.498001098632812,0.0,0.0,37.2109375,0.0,0.0,0.0,32.04296875,0.0,0.0,30.89453125,0.0,5.5816192626953125
5.264,0.0078125,-0.0078125,0.0,0.0,0.0,-0.0,-0.0,-3.177581787109375,0.0,0.0,31.46875,0.0,0.0,0.0,36.4453125,20.352554321289062,0.0,0.0,36.828125,0.0,0.0,0.0,32.04296875,0.0,0.0,31.46875,0.0,5.5816192626953125
5.427,0.0078125,-0.0078125,0.0,0.0,0.0,-0.0,-0.0,0.0,0.0,0.0,31.8515625,0.0,0.0,0.0,37.78515625,4.14300537109375,0.0,0.0,37.2109375,0.0,0.0,0.0,31.66015625,0.0,0.0,31.8515625,0.0,5.5816192626953125
5.597,0.0078125,-0.0078125,0.0,0.0,0.0,-0.0,-0.0,0.0,0.0,0.0,32.234375,0.0,0.0,0.0,37.2109375,0.0,0.0,0.0,36.63671875,0.0,0.0,0.0,31.8515625,0.0,0.0,31.0859375,0.0,5.57183837890625
5.748,0.1015625,-0.0078125,0.0,0.0,0.0,-0.0,-0.0,0.0,0.0,0.0,31.46875,0.0,0.0,0.0,37.40234375,0.0,0.0,0.0,36.4453125,0.0,0.0,0.0,32.234375,0.0,0.0,31.66015625,0.0,5.57183837890625
5.924,0.3046875,-0.0078125,0.0,-0.203125,-0.203125,0.203125,0.203125,0.0,-2.328125,15.56640625,30.51171875,0.0,-2.2734375,9.1328125,36.63671875,20.532333374023438,2.2265625,11.3671875,36.63671875,0.0,2.234375,10.97265625,32.42578125,0.0,0.0,30.703125,0.0,5.542510986328125
6.105,0.3984375,-0.0078125,0.0,-0.3828125,-0.3828125,0.3828125,0.3828125,0.0,-4.078125,21.08203125,32.80859375,0.0,-4.01171875,12.15234375,36.828125,83.7586669921875,3.99609375,15.17578125,36.63671875,0.0,3.99609375,16.75,31.66015625,0.0,0.0,31.66015625,0.0,5.6207122802734375
6.283,0.3984375,-0.0078125,0.0,-0.3984375,-0.3984375,0.3984375,0.3984375,3.860321044921875,-4.31640625,17.01171875,31.27734375,0.0,-4.2890625,8.73828125,36.828125,93.57408142089844,4.2421875,12.94140625,36.4453125,0.0,4.2265625,14.38671875,31.46875,0.0,0.0,32.80859375,0.0,5.601165771484375
6.463,0.3984375,-0.0078125,0.0,-0.3984375,-0.3984375,0.3984375,0.3984375,43.96562194824219,-4.3984375,15.4375,31.0859375,0.0,-4.31640625,8.21484375,36.63671875,142.33291625976562,4.3125,12.28515625,36.828125,0.0,4.3828125,11.3671875,31.27734375,0.0,0.0,31.66015625,0.0,5.57183837890625
6.63,0.3984375,-0.0078125,0.023622047244094488,-0.3984375,-0.3984375,0.3984375,0.3984375,-21.006668090820312,-4.484375,10.97265625,31.66015625,0.0,-4.34375,7.8203125,36.828125,146.46424865722656,4.3828125,8.87109375,36.63671875,0.0,4.453125,8.34765625,32.234375,0.0,0.0,31.46875,0.0,5.5816192626953125
6.797,0.3984375,-0.0078125,0.03937007874015748,-0.3984375,-0.3984375,0.3984375,0.3984375,-80.93412780761719,-4.46875,10.83984375,31.27734375,0.0,-4.4140625,6.640625,37.01953125,174.2602996826172,4.46484375,8.08203125,36.25390625,0.0,4.46484375,9.921875,31.8515625,0.0,0.0,31.0859375,0.0,5.532745361328125
6.968,0.4609375,-0.0078125,0.03937007874015748,-0.3984375,-0.3984375,0.3984375,0.3984375,21.679473876953125,-4.5390625,9.00390625,32.04296875,0.0,-4.3984375,5.984375,36.63671875,153.1466827392578,4.42578125,7.953125,37.01953125,0.0,4.46484375,6.640625,32.234375,0.0,0.0,31.27734375,0.0,5.57183837890625
7.137,0.4609375,-0.0078125,0.05511811023622047,-0.4609375,-0.4609375,0.4609375,0.4609375,-26.00885009765625,-5.13671875,11.62890625,32.234375,0.0,-5.0078125,7.42578125,36.63671875,183.07508850097656,4.95703125,10.18359375,36.63671875,0.0,5.0390625,10.578125,32.6171875,0.0,0.0,32.04296875,0.0,5.5816192626953125
7.304,0.4609375,-0.0078125,0.1968503937007874,-0.4609375,-0.4609375,0.4609375,0.4609375,-99.01499938964844,-5.15625,12.28515625,31.27734375,0.0,-5.08984375,7.42578125,36.828125,204.93116760253906,4.98828125,9.265625,36.828125,0.0,5.1015625,8.87109375,32.234375,0.0,0.0,31.0859375,0.0,5.601165771484375
7.468,0.4609375,-0.0078125,0.007874015748031496,-0.4609375,-0.4609375,0.4609375,0.4609375,25.047119140625,-5.203125,9.921875,31.46875,0.0,-5.12109375,5.1953125,37.2109375,189.47056579589844,5.0546875,8.609375,36.828125,0.0,5.1328125,8.4765625,31.46875,0.0,0.0,31.0859375,0.0,5.601165771484375
7.634,0.4609375,-0.0078125,0.0,-0.4609375,-0.4609375,0.4609375,0.4609375,-29.016815185546875,-5.25390625,7.69140625,32.04296875,0.0,-5.10546875,5.71875,36.63671875,197.22650146484375,5.18359375,6.640625,36.828125,0.0,5.1171875,8.87109375,32.234375,0.0,0.0,31.66015625,0.0,5.5816192626953125
S: 7.678 164247128854 Pickup down
7.806,0.4609375,-0.0078125,0.2125984251968504,-0.4609375,-0.4609375,0.4609375,0.4609375,25.5689697265625,-4.63671875,6.90234375,31.27734375,0.0,-4.60546875,3.2265625,36.828125,170.96299743652344,4.8125,4.80078125,36.63671875,0.0,4.890625,5.45703125,31.66015625,-9.984375,26.07421875,31.46875,0.0,5.57183837890625
8.002,0.4609375,-0.0078125,0.25196850393700787,-0.2640871062992126,-0.2640871062992126,0.6577878937007874,0.6577878937007874,34.91925048828125,-2.796875,0.0,31.46875,0.0,-2.81640625,0.0,36.4453125,221.6194305419922,6.3359375,11.3671875,37.01953125,0.0,6.703125,11.890625,31.8515625,-10.44140625,16.8828125,31.27734375,0.0,5.601165771484375
8.17,0.4609375,-0.0078125,0.0,-0.4609375,-0.4609375,0.4609375,0.4609375,-18.443801879882812,-5.04296875,8.87109375,31.8515625,0.0,-4.9609375,3.75,37.01953125,220.42361450195312,5.0546875,4.93359375,36.828125,0.0,5.01953125,5.8515625,32.234375,-10.8984375,12.0234375,31.27734375,0.0,5.6109466552734375
8.332,0.4609375,-0.0078125,0.0,-0.4609375,-0.4609375,0.4609375,0.4609375,25.809402465820312,-5.171875,10.18359375,32.42578125,0.0,-5.04296875,4.93359375,36.63671875,202.47824096679688,5.1328125,6.24609375,36.4453125,0.0,5.15234375,7.296875,31.27734375,0.0,0.0,30.89453125,0.0,5.5620574951171875
8.5,0.4609375,-0.0078125,0.0,-0.4609375,-0.4609375,0.4609375,0.4609375,-10.076797485351562,-5.07421875,8.21484375,31.46875,0.0,-5.0078125,4.66796875,36.63671875,195.13186645507812,4.98828125,6.5078125,36.4453125,0.0,5.0703125,6.375,32.234375,0.0,0.0,31.8515625,0.0,5.5816192626953125
8.664,0.4609375,-0.0078125,-0.078125,-0.4609375,-0.4609375,0.4609375,0.4609375,13.247085571289062,-5.08984375,8.609375,30.89453125,0.0,-4.9921875,4.93359375,37.01953125,186.75225830078125,4.92578125,6.640625,36.828125,0.0,5.0546875,6.90234375,31.8515625,0.0,0.0,31.46875,0.0,5.601165771484375
8.826,0.4609375,-0.0078125,-0.09375,-0.4609375,-0.4609375,0.4609375,0.4609375,22.584243774414062,-5.10546875,7.42578125,31.27734375,0.0,-4.9765625,4.80078125,36.4453125,204.8437042236328,4.92578125,5.71875,37.01953125,0.0,4.97265625,7.953125,32.234375,0.0,0.0,30.89453125,0.0,5.57183837890625
8.995,0.4609375,-0.0078125,-0.375,-0.5625,-0.5625,0.359375,0.359375,-52.907867431640625,-6.11328125,11.3671875,31.66015625,0.0,-6.03125,8.4765625,37.01953125,224.85069274902344,3.96484375,2.4375,36.4453125,0.0,3.9140625,2.5703125,31.8515625,0.0,0.0,30.3203125,0.0,5.5913848876953125
9.16,0.4609375,0.047244094488188976,-0.40625,-0.6484375,-0.6484375,0.2734375,0.2734375,31.484954833984375,-7.0,15.3046875,31.27734375,0.0,-6.81640625,10.97265625,36.63671875,194.71629333496094,3.11328125,0.0,36.63671875,0.0,3.046875,0.0,32.42578125,0.0,0.0,31.8515625,0.0,5.601165771484375
9.324,0.359375,0.047244094488188976,-0.03125,-0.6640625,-0.6640625,0.2578125,0.2578125,-12.920089721679688,-7.07421875,12.8125,32.04296875,0.0,-7.02734375,10.18359375,36.4453125,170.94017028808594,2.98828125,0.0,36.4453125,0.0,3.0078125,0.0,32.234375,0.0,0.0,31.0859375,0.0,5.5620574951171875
9.486,0.3203125,0.047244094488188976,-0.03125,-0.3203125,-0.3203125,0.3203125,0.3203125,18.349151611328125,-3.7421875,0.0,31.8515625,0.0,-3.640625,1.25390625,37.40234375,193.63623046875,3.65625,2.4375,37.01953125,0.0,3.66796875,2.4375,32.04296875,0.0,0.0,31.8515625,0.0,5.6109466552734375
9.649,0.3203125,0.047244094488188976,-0.1875,-0.3203125,-0.3203125,0.3203125,0.3203125,-42.14129638671875,-3.70703125,2.69921875,31.27734375,0.0,-3.59375,2.3046875,36.0625,166.39222717285156,3.61328125,2.69921875,36.828125,0.0,3.56640625,3.2265625,31.66015625,0.0,0.0,31.0859375,0.0,5.6304931640625
9.825,0.1015625,0.047244094488188976,-0.453125,-0.53125,-0.53125,0.078125,0.078125,-101.85946655273438,-5.80859375,13.9921875,31.46875,0.0,-5.69921875,9.7890625,36.63671875,132.1085662841797,0.921875,0.0,35.6796875,0.0,0.91015625,0.0,31.46875,0.0,0.0,31.27734375,0.0,5.5522918701171875
9.987,0.046875,0.0,-0.46875,-0.234375,-0.234375,-0.234375,-0.234375,-27.568771362304688,-2.6484375,0.0,31.46875,0.0,-2.62109375,1.51953125,36.828125,64.937255859375,-2.46484375,23.18359375,37.2109375,0.0,-2.57421875,17.01171875,31.0859375,0.0,0.0,30.89453125,0.0,5.6304931640625
10.155,0.046875,0.0,-0.3125,-0.234375,-0.234375,-0.234375,-0.234375,-22.391189575195312,-2.6484375,1.51953125,31.8515625,0.0,-2.546875,4.14453125,37.01953125,20.750930786132812,-2.53125,18.45703125,37.2109375,0.0,-2.58203125,14.78125,31.8515625,0.0,0.0,31.27734375,0.0,5.5816192626953125
10.319,0.046875,0.0,-0.40625,-0.15625,-0.15625,-0.15625,-0.15625,-30.51104736328125,-1.78125,3.6171875,31.8515625,0.0,-1.73046875,5.71875,36.828125,7.12255859375,-1.765625,11.890625,37.2109375,0.0,-1.75390625,9.7890625,31.46875,0.0,0.0,31.46875,0.0,5.6304931640625
10.483,0.2265625,0.0,-0.21875,-0.203125,-0.203125,-0.203125,-0.203125,-7.3347625732421875,-2.2734375,13.59765625,31.0859375,0.0,-2.21484375,8.609375,36.828125,-5.6232757568359375,-2.22265625,13.203125,37.01953125,0.0,-2.23828125,13.73046875,32.42578125,0.0,0.0,30.51171875,0.0,5.601165771484375
10.649,0.28125,0.0,-0.03125,-0.28125,-0.28125,0.28125,0.28125,-3.7788543701171875,-3.015625,19.24609375,30.703125,0.0,-2.94921875,10.97265625,36.4453125,28.316909790039062,2.90625,13.859375,36.828125,0.0,2.93359375,15.04296875,32.04296875,0.0,0.0,30.12890625,0.0,5.6207122802734375
10.813,0.3046875,0.0,-0.03125,-0.3046875,-0.3046875,0.3046875,0.3046875,0.0,-3.28125,17.93359375,31.46875,0.0,-3.203125,10.7109375,36.828125,51.040740966796875,3.16796875,12.6796875,36.4453125,0.0,3.234375,14.51953125,31.8515625,0.0,0.0,30.89453125,0.0,5.601165771484375
10.998,0.3046875,0.0,-0.015625,-0.3046875,-0.3046875,0.3046875,0.3046875,4.223907470703125,-3.3203125,12.546875,31.27734375,0.0,-3.28125,9.3984375,35.296875,68.89375305175781,3.1796875,12.28515625,36.63671875,0.0,3.28515625,12.0234375,32.04296875,0.0,0.0,30.703125,0.0,5.5522918701171875
11.167,0.3046875,0.0,-0.0078125,-0.3046875,-0.3046875,0.3046875,0.3046875,0.0,-3.33203125,11.76171875,32.04296875,0.0,-3.2578125,7.1640625,35.6796875,94.08305358886719,3.31640625,8.34765625,36.63671875,0.0,3.265625,12.546875,32.234375,0.0,0.0,31.27734375,0.0,5.57183837890625
11.34,0.3046875,0.0,-0.0078125,-0.3046875,-0.3046875,0.3046875,0.3046875,10.642684936523438,-3.36328125,10.97265625,32.234375,0.0,-3.3203125,5.71875,35.296875,87.318359375,3.265625,9.265625,37.01953125,0.0,3.31640625,10.97265625,32.234375,0.0,0.0,31.27734375,0.0,5.5522918701171875
11.509,0.3046875,0.0,-0.0078125,-0.3046875,-0.3046875,0.3046875,0.3046875,-15.6951904296875,-3.375,11.76171875,30.703125,0.0,-3.3203125,5.71875,37.2109375,104.38185119628906,3.27734375,9.1328125,36.828125,0.0,3.39453125,8.609375,32.42578125,0.0,0.0,30.89453125,0.0,5.57183837890625
11.686,0.0625,0.0,-0.0078125,0.0,0.0,-0.0,-0.0,-55.54109191894531,0.0,0.0,31.8515625,0.0,0.0,0.0,36.828125,89.73849487304688,0.0,0.0,37.01953125,0.0,0.0,0.0,32.04296875,0.0,0.0,31.66015625,0.0,5.57183837890625
11.846,0.0234375,0.0,-0.0078125,0.0,0.0,-0.0,-0.0,-43.84764099121094,0.0,0.0,32.234375,0.0,0.0,0.0,36.4453125,74.90928649902344,0.0,0.0,37.01953125,0.0,0.0,0.0,32.42578125,0.0,0.0,30.89453125,0.0,5.57183837890625
12.003,-0.0,0.0,-0.0078125,0.0,0.0,-0.0,-0.0,4.385406494140625,0.0,0.0,31.46875,0.0,0.0,0.0,37.40234375,65.53459167480469,0.0,0.0,36.63671875,0.0,0.0,0.0,32.234375,0.0,0.0,30.89453125,0.0,5.5913848876953125
12.165,-0.0,0.0,-0.0078125,0.0,0.0,-0.0,-0.0,0.0,0.0,0.0,31.8515625,0.0,0.0,0.0,36.828125,41.811859130859375,0.0,0.0,37.2109375,0.0,0.0,0.0,32.42578125,0.0,0.0,31.0859375,0.0,5.5816192626953125
12.315,-0.015748031496062992,0.0,-0.0078125,0.0,0.0,-0.0,-0.0,5.244140625,0.0,0.0,31.46875,0.0,0.0,0.0,37.2109375,27.768341064453125,0.0,0.0,37.01953125,0.0,0.0,0.0,32.42578125,0.0,0.0,30.3203125,0.0,5.5816192626953125
12.496,-0.031496062992125984,0.0,-0.0078125,0.0,0.0,-0.0,-0.0,0.0,0.0,0.0,32.234375,0.0,0.0,0.0,37.2109375,20.487869262695312,0.0,0.0,36.828125,0.0,0.0,0.0,32.234375,0.0,0.0,31.8515625,0.0,5.57183837890625
12.661,-0.031496062992125984,0.0,-0.0078125,0.0,0.0,-0.0,-0.0,0.0,0.0,0.0,31.46875,0.0,0.0,0.0,37.01953125,5.757598876953125,0.0,0.0,37.01953125,0.0,0.0,0.0,32.234375,0.0,0.0,31.27734375,0.0,5.57183837890625
12.822,-0.031496062992125984,0.0,-0.0078125,0.0,0.0,-0.0,-0.0,0.0,0.0,0.0,31.66015625,0.0,0.0,0.0,36.828125,0.0,0.0,0.0,36.63671875,0.0,0.0,0.0,32.04296875,0.0,0.0,30.51171875,0.0,5.57183837890625
12.995,-0.031496062992125984,0.0,-0.0078125,0.0,0.0,-0.0,-0.0,0.0,0.0,0.0,31.27734375,0.0,0.0,0.0,37.01953125,0.0,0.0,0.0,36.63671875,0.0,0.0,0.0,32.234375,0.0,0.0,31.0859375,0.0,5.6207122802734375
S: 13.045 164247134221 Fired
13.155,-0.031496062992125984,0.0,-0.0078125,0.0,0.0,-0.0,-0.0,0.0,0.0,0.0,31.46875,0.0,0.0,0.0,36.828125,0.0,0.0,0.0,37.01953125,0.0,0.0,0.0,31.27734375,0.0,0.0,30.89453125,0.0,5.2981414794921875
13.316,-0.031496062992125984,0.0,-0.0078125,0.0,0.0,-0.0,-0.0,0.0,0.0,0.0,31.0859375,0.0,0.0,0.0,36.25390625,-3.259033203125,0.0,0.0,36.63671875,0.0,0.0,0.0,31.8515625,0.0,0.0,31.27734375,0.0,4.5845489501953125
13.48,-0.031496062992125984,0.0,-0.0078125,0.0,0.0,-0.0,-0.0,0.0,0.0,0.0,31.46875,0.0,0.0,0.0,37.01953125,-9.057861328125,0.0,0.0,37.01953125,0.0,0.0,0.0,31.8515625,0.0,0.0,30.89453125,0.0,4.261962890625
13.655,-0.031496062992125984,0.0,-0.0078125,0.0,0.0,-0.0,-0.0,0.0,0.0,0.0,30.89453125,0.0,0.0,0.0,37.01953125,32.234222412109375,0.0,0.0,36.63671875,0.0,0.0,0.0,32.04296875,0.0,0.0,31.0859375,0.0,4.5845489501953125
13.822,-0.031496062992125984,0.0,-0.0078125,0.0,0.0,-0.0,-0.0,4.28564453125,0.0,0.0,32.234375,0.0,0.0,0.0,37.78515625,-12.533203125,0.0,0.0,36.63671875,0.0,0.0,0.0,32.42578125,0.0,0.0,30.3203125,0.0,5.161285400390625
13.995,-0.031496062992125984,0.0,-0.0078125,0.0,0.0,-0.0,-0.0,0.0,0.0,0.0,32.04296875,0.0,0.0,0.0,36.828125,7.90069580078125,0.0,0.0,36.828125,0.0,0.0,0.0,32.04296875,0.0,0.0,31.0859375,0.0,5.57183837890625
14.139,-0.031496062992125984,0.0,-0.0078125,0.0,0.0,-0.0,-0.0,0.0,0.0,0.0,31.27734375,0.0,0.0,0.0,36.63671875,3.484130859375,0.0,0.0,37.2109375,0.0,0.0,0.0,32.04296875,0.0,0.0,29.9375,0.0,5.6500396728515625
14.287,-0.031496062992125984,0.0,-0.0078125,0.0,0.0,-0.0,-0.0,0.0,0.0,0.0,31.46875,0.0,0.0,0.0,37.01953125,0.0,0.0,0.0,37.01953125,0.0,0.0,0.0,32.04296875,0.0,0.0,32.234375,0.0,5.659820556640625
14.443,-0.031496062992125984,0.0,-0.0078125,0.0,0.0,-0.0,-0.0,0.0,0.0,0.0,32.04296875,0.0,0.0,0.0,36.828125,0.0,0.0,0.0,36.63671875,0.0,0.0,0.0,31.8515625,0.0,0.0,30.89453125,0.0,5.6304931640625
14.605,-0.031496062992125984,0.0,-0.0078125,0.0,0.0,-0.0,-0.0,0.0,0.0,0.0,31.0859375,0.0,0.0,0.0,36.828125,0.0,0.0,0.0,37.01953125,0.0,0.0,0.0,31.46875,0.0,0.0,30.89453125,0.0,5.5913848876953125
14.765,-0.031496062992125984,0.0,-0.0078125,0.0,0.0,-0.0,-0.0,0.0,0.0,0.0,31.66015625,0.0,0.0,0.0,37.01953125,0.0,0.0,0.0,37.2109375,0.0,0.0,0.0,32.42578125,0.0,0.0,31.46875,0.0,5.5816192626953125
14.922,-0.031496062992125984,0.0,-0.0078125,0.0,0.0,-0.0,-0.0,0.0,0.0,0.0,31.27734375,0.0,0.0,0.0,36.0625,0.0,0.0,0.0,36.828125,0.0,0.0,0.0,32.04296875,0.0,0.0,30.3203125,0.0,5.5816192626953125
15.084,-0.031496062992125984,0.0,-0.0078125,0.0,0.0,-0.0,-0.0,0.0,0.0,0.0,31.8515625,0.0,0.0,0.0,37.01953125,0.0,0.0,0.0,37.2109375,0.0,0.0,0.0,31.8515625,0.0,0.0,31.0859375,0.0,5.5816192626953125
15.245,-0.031496062992125984,0.0,-0.0078125,0.0,0.0,-0.0,-0.0,0.0,0.0,0.0,31.46875,0.0,0.0,0.0,36.63671875,0.0,0.0,0.0,37.01953125,0.0,0.0,0.0,32.80859375,0.0,0.0,31.8515625,0.0,5.5816192626953125
15.406,0.1015625,0.0,-0.0078125,0.0,0.0,-0.0,-0.0,0.0,0.0,0.0,31.46875,0.0,0.0,0.0,37.01953125,0.0,0.0,0.0,37.01953125,0.0,0.0,0.0,32.04296875,0.0,0.0,30.51171875,0.0,5.601165771484375
15.584,0.1015625,0.0,-0.0078125,-0.1015625,-0.1015625,0.1015625,0.1015625,0.0,-1.16015625,11.10546875,30.3203125,0.0,-1.140625,2.69921875,36.0625,0.0,1.14453125,6.90234375,36.4453125,0.0,1.13671875,9.1328125,32.04296875,0.0,0.0,30.703125,0.0,5.5816192626953125
15.756,0.1015625,0.0,-0.0078125,-0.1015625,-0.1015625,0.1015625,0.1015625,0.0,-1.16015625,10.97265625,31.0859375,0.0,-1.125,6.375,37.2109375,0.0,1.14453125,7.03125,36.828125,0.0,1.12890625,8.87109375,32.42578125,0.0,0.0,30.89453125,0.0,5.5816192626953125
16.076,0.0625,0.0,-0.0078125,-0.2421875,-0.2421875,0.2421875,0.2421875,0.0,-2.6171875,19.24609375,31.66015625,0.0,-2.625,5.984375,36.4453125,19.459197998046875,2.5703125,11.10546875,36.63671875,0.0,2.62890625,15.4375,31.27734375,0.0,0.0,30.12890625,0.0,5.5816192626953125
16.245,0.0078125,0.0,-0.0078125,0.0,0.0,-0.0,-0.0,0.0,0.0,0.0,31.66015625,0.0,0.0,0.0,36.63671875,11.220352172851562,0.0,0.0,37.40234375,0.0,0.0,0.0,31.66015625,0.0,0.0,30.51171875,0.0,5.5913848876953125
16.415,0.1015625,0.0,-0.0078125,0.0,0.0,-0.0,-0.0,0.0,0.0,0.0,31.46875,0.0,0.0,0.0,36.828125,-6.001190185546875,0.0,0.0,36.63671875,0.0,0.0,0.0,32.04296875,0.0,0.0,30.89453125,0.0,5.5816192626953125
16.576,0.1015625,0.0,-0.0078125,-0.1015625,-0.1015625,0.1015625,0.1015625,0.0,-1.16015625,10.83984375,31.0859375,0.0,-1.140625,5.8515625,37.9765625,2.563812255859375,1.1484375,7.42578125,36.25390625,0.0,1.13671875,9.1328125,31.8515625,0.0,0.0,30.89453125,0.0,5.5620574951171875
16.748,0.1796875,-0.0078125,-0.0078125,-0.125,-0.125,0.125,0.125,0.0,-1.41796875,12.94140625,32.04296875,0.0,-1.37890625,6.375,36.4453125,3.6702117919921875,1.3828125,8.4765625,36.25390625,0.0,1.375,10.18359375,31.0859375,0.0,0.0,30.51171875,0.0,5.5913848876953125
16.925,0.3046875,-0.0078125,-0.0078125,-0.265625,-0.265625,0.265625,0.265625,0.0,-2.83984375,20.6875,31.46875,0.0,-2.8203125,11.10546875,36.25390625,17.350677490234375,2.66015625,13.9921875,35.87109375,0.0,2.71484375,17.66796875,31.46875,0.0,0.0,30.703125,0.0,5.5816192626953125
17.105,0.3828125,-0.0078125,-0.0078125,-0.359375,-0.359375,0.359375,0.359375,0.0,-3.6796875,22.52734375,31.46875,0.0,-3.578125,13.203125,36.828125,27.187759399414062,3.484375,19.375,36.0625,0.0,3.5625,23.4453125,31.27734375,0.0,0.0,28.98046875,0.0,5.601165771484375
17.276,0.1640625,-0.0078125,-0.0078125,-0.2265625,-0.2265625,0.2265625,0.2265625,0.0,-2.49609375,15.56640625,31.0859375,0.0,-2.4453125,6.5078125,36.0625,36.19636535644531,2.44140625,12.15234375,36.828125,0.0,2.4765625,12.546875,31.46875,0.0,0.0,31.27734375,0.0,5.5620574951171875
17.445,0.28125,-0.0078125,-0.0078125,-0.1640625,-0.1640625,0.1640625,0.1640625,-3.636627197265625,-1.8515625,11.76171875,31.27734375,0.0,-1.796875,6.5078125,35.87109375,28.447174072265625,1.7734375,7.296875,36.25390625,0.0,1.76953125,7.42578125,31.46875,0.0,0.0,30.12890625,0.0,5.5816192626953125
17.627,0.5390625,-0.03125,-0.0078125,-0.3828125,-0.3828125,0.3828125,0.3828125,-5.240447998046875,-3.87890625,22.921875,31.0859375,0.0,-3.80859375,14.6484375,36.25390625,46.907073974609375,3.46875,15.69921875,36.25390625,0.0,3.60546875,17.5390625,30.703125,0.0,0.0,30.703125,0.0,5.659820556640625
17.798,0.5625,-0.03125,-0.0078125,-0.5625,-0.5625,0.5625,0.5625,-2.775115966796875,-5.2421875,27.91015625,30.703125,0.0,-5.22265625,16.75,36.4453125,126.83314514160156,4.8828125,17.66796875,36.25390625,0.0,5.140625,23.7109375,31.46875,0.0,0.0,30.51171875,0.0,5.6207122802734375
17.975,0.5625,-0.03125,-0.0078125,-0.5625,-0.5625,0.5625,0.5625,-3.965240478515625,-5.5,22.66015625,31.66015625,0.0,-5.37890625,12.94140625,35.87109375,148.2224884033203,5.16015625,16.35546875,37.2109375,0.0,5.140625,22.66015625,31.0859375,0.0,0.0,30.703125,0.0,5.6109466552734375
18.138,0.046875,-0.03125,-0.0078125,-0.5625,-0.5625,0.5625,0.5625,5.8785552978515625,-5.5390625,19.11328125,30.703125,0.0,-5.33984375,11.234375,36.4453125,141.3583526611328,5.41796875,16.48828125,36.63671875,0.0,5.69140625,22.1328125,31.27734375,0.0,0.0,30.51171875,0.0,5.5816192626953125
18.298,-0.0,-0.03125,-0.0078125,0.0,0.0,-0.0,-0.0,14.820465087890625,0.0,0.0,31.8515625,0.0,0.0,0.0,36.4453125,103.62135314941406,0.0,0.0,36.828125,0.0,0.0,0.0,32.04296875,0.0,0.0,31.0859375,0.0,5.57183837890625
18.457,-0.031496062992125984,-0.03125,-0.0078125,0.0,0.0,-0.0,-0.0,-49.736419677734375,0.0,0.0,31.46875,0.0,0.0,0.0,36.63671875,96.3516845703125,0.0,0.0,36.63671875,0.0,0.0,0.0,32.42578125,0.0,0.0,30.89453125,0.0,5.5816192626953125
18.619,-0.2125984251968504,0.047244094488188976,-0.0078125,0.0,0.0,-0.0,-0.0,-21.136749267578125,0.0,0.0,31.46875,0.0,0.0,0.0,36.63671875,71.83880615234375,0.0,0.0,36.63671875,0.0,0.0,0.0,32.04296875,0.0,0.0,30.12890625,0.0,5.57183837890625
18.783,-0.31496062992125984,0.047244094488188976,-0.0078125,0.27559055118110243,0.2755905511811023,-0.27559055118110243,-0.2755905511811023,0.0,2.90625,19.375,29.9375,0.0,3.109375,14.78125,36.4453125,12.046524047851562,-2.80078125,16.48828125,37.01953125,0.0,-2.8984375,17.93359375,31.8515625,0.0,0.0,30.703125,0.0,5.6304931640625
18.955,-0.31496062992125984,0.06299212598425197,-0.0078125,0.3149606299212599,0.3149606299212598,-0.3149606299212599,-0.3149606299212598,0.0,3.25390625,22.265625,30.51171875,0.0,3.4765625,10.578125,36.4453125,-49.605987548828125,-3.35546875,13.07421875,37.2109375,0.0,-3.37890625,14.91015625,31.8515625,0.0,0.0,30.89453125,0.0,5.6109466552734375
19.128,-0.31496062992125984,0.06299212598425197,-0.0078125,0.3149606299212599,0.3149606299212598,-0.3149606299212599,-0.3149606299212598,-12.479324340820312,3.3984375,13.07421875,30.89453125,0.0,3.36328125,9.265625,36.4453125,-67.76072692871094,-3.390625,9.921875,36.4453125,0.0,-3.421875,13.859375,32.04296875,0.0,0.0,30.51171875,0.0,5.6500396728515625
19.305,-0.7244094488188977,0.0,-0.0078125,0.3149606299212599,0.3149606299212598,-0.3149606299212599,-0.3149606299212598,-12.60760498046875,3.484375,11.62890625,31.27734375,0.0,3.41796875,7.69140625,36.25390625,-108.49908447265625,-3.28125,6.24609375,36.25390625,0.0,-3.14453125,6.90234375,32.42578125,0.0,0.0,29.9375,0.0,5.5913848876953125
19.486,-0.7401574803149606,0.0,-0.0078125,0.7401574803149609,0.7401574803149604,-0.7401574803149609,-0.7401574803149604,-43.39277648925781,6.58203125,22.265625,30.51171875,0.0,7.36328125,15.9609375,36.4453125,-156.8627471923828,-6.453125,21.73828125,37.01953125,0.0,-6.5078125,23.83984375,31.46875,0.0,0.0,30.89453125,0.0,5.57183837890625
19.657,-0.5196850393700787,0.0,-0.0078125,0.7401574803149609,0.7401574803149604,-0.7401574803149609,-0.7401574803149604,-69.21537780761719,6.89453125,19.24609375,30.703125,0.0,7.28515625,14.25390625,36.0625,-212.2015838623047,-7.18359375,16.75,36.63671875,0.0,-7.46875,23.578125,31.66015625,0.0,0.0,30.89453125,0.0,5.6207122802734375
19.826,-0.0,0.0,-0.078125,0.3543307086614174,0.3543307086614172,-0.3543307086614174,-0.3543307086614172,195.84841918945312,4.03515625,3.6171875,32.6171875,0.0,3.97265625,2.83203125,37.59375,-184.9532928466797,-4.01171875,2.4375,36.63671875,0.0,-3.92578125,1.78125,31.27734375,0.0,0.0,29.9375,0.0,5.6109466552734375
20.017,-0.0,0.0,-1.0,-0.2421875,-0.2421875,-0.2421875,-0.2421875,15.0767822265625,-2.58203125,32.63671875,31.27734375,0.0,-2.56640625,14.38671875,36.4453125,-100.12254333496094,-2.58203125,1.6484375,36.63671875,0.0,-2.5546875,0.0,32.234375,0.0,0.0,31.27734375,0.0,5.5913848876953125
20.184,-0.0,0.0,-1.0,-0.5,-0.5,-0.5,-0.5,0.0,-4.80078125,36.83984375,31.8515625,0.0,-4.87109375,16.8828125,36.25390625,-106.144775390625,-4.765625,17.01171875,36.4453125,0.0,-5.046875,12.546875,32.04296875,0.0,0.0,30.703125,0.0,5.5816192626953125
20.344,-0.0,0.0,-1.0,-0.5,-0.5,-0.5,-0.5,0.0,-5.01171875,24.49609375,30.51171875,0.0,-4.8515625,16.75,35.87109375,-121.98220825195312,-4.88671875,16.75,36.63671875,0.0,-5.046875,10.578125,32.234375,0.0,0.0,31.8515625,0.0,5.5620574951171875
20.518,-0.0,0.0,-1.0,-0.5,-0.5,-0.5,-0.5,8.558380126953125,-5.046875,21.08203125,31.0859375,0.0,-4.87109375,19.375,36.25390625,-84.86750793457031,-4.88671875,18.1953125,36.63671875,0.0,-5.16796875,12.6796875,32.04296875,0.0,0.0,31.0859375,0.0,5.601165771484375
20.687,-0.0,0.0,0.0,-0.40234375,-0.40234375,-0.40234375,-0.40234375,14.785369873046875,-4.14453125,23.578125,31.46875,0.0,-4.07421875,18.32421875,36.0625,-107.81367492675781,-4.2734375,12.94140625,36.828125,0.0,-4.47265625,11.49609375,32.6171875,0.0,0.0,30.703125,0.0,5.5816192626953125
20.855,-0.0,0.0,0.0,0.0,0.0,-0.0,-0.0,-4.5833740234375,0.0,0.0,30.89453125,0.0,0.0,0.0,36.828125,-51.91084289550781,0.0,0.0,37.40234375,0.0,0.0,0.0,32.234375,0.0,0.0,30.89453125,0.0,5.5816192626953125
21.015,-0.0,0.0,0.0,0.0,0.0,-0.0,-0.0,29.304916381835938,0.0,0.0,31.27734375,0.0,0.0,0.0,35.87109375,-37.750701904296875,0.0,0.0,37.01953125,0.0,0.0,0.0,31.66015625,0.0,0.0,32.04296875,0.0,5.5816192626953125
21.185,-0.0,0.0,0.0,0.0,0.0,-0.0,-0.0,0.0,0.0,0.0,31.27734375,0.0,0.0,0.0,36.63671875,-26.831756591796875,0.0,0.0,37.01953125,0.0,0.0,0.0,32.04296875,0.0,0.0,31.0859375,0.0,5.5816192626953125
21.356,-0.0,0.0,0.0,0.0,0.0,-0.0,-0.0,-5.5026092529296875,0.0,0.0,31.46875,0.0,0.0,0.0,36.828125,-10.392196655273438,0.0,0.0,36.63671875,0.0,0.0,0.0,32.234375,0.0,0.0,30.3203125,0.0,5.5816192626953125
21.535,-0.0,0.0,0.0,0.0,0.0,-0.0,-0.0,0.0,0.0,0.0,31.8515625,0.0,0.0,0.0,36.0625,0.0,0.0,0.0,36.25390625,0.0,0.0,0.0,32.234375,0.0,0.0,31.0859375,0.0,5.5816192626953125
21.696,-0.0,0.0,0.0,0.0,0.0,-0.0,-0.0,0.0,0.0,0.0,31.0859375,0.0,0.0,0.0,36.25390625,0.0,0.0,0.0,36.828125,0.0,0.0,0.0,31.8515625,0.0,0.0,30.89453125,0.0,5.5816192626953125
21.854,-0.0,0.0,0.0,0.0,0.0,-0.0,-0.0,0.0,0.0,0.0,31.46875,0.0,0.0,0.0,35.6796875,0.0,0.0,0.0,36.63671875,0.0,0.0,0.0,32.234375,0.0,0.0,31.46875,0.0,5.57183837890625
22.016,-0.0,0.0,0.0,0.0,0.0,-0.0,-0.0,0.0,0.0,0.0,30.51171875,0.0,0.0,0.0,36.25390625,0.0,0.0,0.0,36.828125,0.0,0.0,0.0,32.234375,0.0,0.0,31.27734375,0.0,5.57183837890625
22.176,-0.0,0.0,0.0,0.0,0.0,-0.0,-0.0,0.0,0.0,0.0,33.0,0.0,0.0,0.0,35.6796875,0.0,0.0,0.0,37.01953125,0.0,0.0,0.0,31.66015625,0.0,0.0,31.0859375,0.0,5.57183837890625
22.336,-0.0,0.0,0.007874015748031496,0.0,0.0,-0.0,-0.0,0.0,0.0,0.0,32.04296875,0.0,0.0,0.0,36.828125,0.0,0.0,0.0,37.01953125,0.0,0.0,0.0,32.04296875,0.0,0.0,31.46875,0.0,5.5816192626953125
22.496,-0.0,0.0,0.023622047244094488,0.0,0.0,-0.0,-0.0,0.0,0.0,0.0,31.46875,0.0,0.0,0.0,36.63671875,0.0,0.0,0.0,36.828125,0.0,0.0,0.0,32.234375,0.0,0.0,31.46875,0.0,5.57183837890625
22.655,-0.0,0.0,0.023622047244094488,0.0,0.0,-0.0,-0.0,0.0,0.0,0.0,31.46875,0.0,0.0,0.0,36.63671875,0.0,0.0,0.0,37.40234375,0.0,0.0,0.0,32.04296875,0.0,0.0,30.89453125,0.0,5.5913848876953125
22.814,-0.0,0.0,0.023622047244094488,0.0,0.0,-0.0,-0.0,0.0,0.0,0.0,31.0859375,0.0,0.0,0.0,36.4453125,0.0,0.0,0.0,37.01953125,0.0,0.0,0.0,32.234375,0.0,0.0,31.27734375,0.0,5.5816192626953125
22.976,-0.0,0.0,0.023622047244094488,0.0,0.0,-0.0,-0.0,0.0,0.0,0.0,31.27734375,0.0,0.0,0.0,37.01953125,0.0,0.0,0.0,36.63671875,0.0,0.0,0.0,32.04296875,0.0,0.0,30.89453125,0.0,5.57183837890625
23.156,-0.0,0.0,0.023622047244094488,0.0,0.0,-0.0,-0.0,0.0,0.0,0.0,31.27734375,0.0,0.0,0.0,36.828125,0.0,0.0,0.0,36.4453125,0.0,0.0,0.0,31.8515625,0.0,0.0,30.703125,0.0,5.5816192626953125
23.319,-0.0,0.0,0.023622047244094488,0.0,0.0,-0.0,-0.0,0.0,0.0,0.0,31.8515625,0.0,0.0,0.0,36.63671875,0.0,0.0,0.0,36.828125,0.0,0.0,0.0,31.66015625,0.0,0.0,31.0859375,0.0,5.57183837890625
23.495,-0.0,0.0,0.023622047244094488,0.0,0.0,-0.0,-0.0,0.0,0.0,0.0,31.66015625,0.0,0.0,0.0,36.25390625,0.0,0.0,0.0,37.01953125,0.0,0.0,0.0,32.42578125,0.0,0.0,30.703125,0.0,5.5816192626953125
23.656,-0.0,0.0,0.023622047244094488,0.0,0.0,-0.0,-0.0,0.0,0.0,0.0,30.703125,0.0,0.0,0.0,36.25390625,0.0,0.0,0.0,37.01953125,0.0,0.0,0.0,31.8515625,0.0,0.0,31.0859375,0.0,5.57183837890625
23.818,-0.0,0.0,0.023622047244094488,0.0,0.0,-0.0,-0.0,0.0,0.0,0.0,30.51171875,0.0,0.0,0.0,36.25390625,0.0,0.0,0.0,36.4453125,0.0,0.0,0.0,32.04296875,0.0,0.0,32.42578125,0.0,5.57183837890625
23.974,-0.0,0.0,0.023622047244094488,0.0,0.0,-0.0,-0.0,0.0,0.0,0.0,31.46875,0.0,0.0,0.0,36.4453125,0.0,0.0,0.0,36.63671875,0.0,0.0,0.0,32.42578125,0.0,0.0,31.46875,0.0,5.5816192626953125
24.137,-0.0,0.0,0.25196850393700787,0.0,0.0,-0.0,-0.0,0.0,0.0,0.0,30.703125,0.0,0.0,0.0,35.87109375,0.0,0.0,0.0,36.828125,0.0,0.0,0.0,31.8515625,0.0,0.0,31.0859375,0.0,5.57183837890625
24.301,-0.0,0.0,0.9212598425196851,0.2125984251968504,0.2125984251968504,0.2125984251968504,0.2125984251968504,0.0,2.41015625,16.09375,30.3203125,0.0,2.47265625,11.76171875,35.48828125,2.8353729248046875,2.234375,12.94140625,35.6796875,0.0,2.234375,12.546875,31.8515625,0.0,0.0,30.89453125,0.0,5.5229644775390625
24.477,-0.0,0.0,0.937007874015748,0.468503937007874,0.468503937007874,0.468503937007874,0.468503937007874,-2.6782989501953125,4.67578125,22.921875,29.9375,0.0,5.00390625,19.375,36.25390625,21.965835571289062,4.265625,27.6484375,36.4453125,0.0,4.52734375,22.921875,32.04296875,0.0,0.0,30.703125,0.0,5.5620574951171875
24.645,-0.0,0.0,0.937007874015748,0.468503937007874,0.468503937007874,0.468503937007874,0.468503937007874,0.0,4.7578125,22.1328125,31.0859375,0.0,5.25,18.8515625,36.4453125,40.24945068359375,4.328125,25.80859375,36.4453125,0.0,4.70703125,17.14453125,31.27734375,0.0,0.0,31.27734375,0.0,5.5620574951171875
24.814,-0.0,0.0,0.7637795275590551,0.468503937007874,0.468503937007874,0.468503937007874,0.468503937007874,-33.09516906738281,4.890625,13.859375,30.703125,0.0,5.16796875,20.42578125,36.25390625,39.11262512207031,4.52734375,24.3671875,36.0625,0.0,4.90625,14.25390625,31.8515625,0.0,0.0,31.0859375,0.0,5.5522918701171875
24.984,-0.0,0.0,0.8267716535433071,0.38188976377952755,0.38188976377952755,0.38188976377952755,0.38188976377952755,-18.252151489257812,4.171875,12.546875,31.0859375,0.0,4.45703125,14.91015625,35.87109375,49.7042236328125,3.8359375,18.8515625,36.25390625,0.0,3.984375,13.859375,31.8515625,0.0,0.0,29.5546875,0.0,5.57183837890625
25.167,-0.0,0.0,0.84251968503937,0.41338582677165353,0.41338582677165353,0.41338582677165353,0.41338582677165353,10.295013427734375,4.4609375,13.3359375,31.0859375,0.0,4.734375,15.56640625,36.4453125,39.8389892578125,3.98046875,24.1015625,36.4453125,0.0,4.34375,13.203125,31.8515625,0.0,0.0,30.3203125,0.0,5.5522918701171875
25.347,-0.0,0.0,0.2125984251968504,0.421259842519685,0.421259842519685,0.421259842519685,0.421259842519685,127.67654418945312,4.5,14.25390625,31.27734375,0.0,4.83984375,16.6171875,36.25390625,59.91294860839844,4.17578125,20.55859375,36.0625,0.0,4.515625,15.3046875,31.66015625,0.0,0.0,30.12890625,0.0,5.5816192626953125
S: 25.397 164247146572 Pickup up
25.526,-0.0,0.0,-0.0078125,0.0,0.0,-0.0,-0.0,-9.591201782226562,0.0,0.0,31.27734375,0.0,0.0,0.0,36.4453125,27.607223510742188,0.0,0.0,36.63671875,0.0,0.0,0.0,31.8515625,0.0,0.0,30.3203125,0.0,5.5816192626953125
25.695,-0.0,0.0,-0.0078125,0.0,0.0,-0.0,-0.0,-26.66888427734375,0.0,0.0,31.8515625,0.0,0.0,0.0,36.4453125,11.836395263671875,0.0,0.0,36.828125,0.0,0.0,0.0,31.66015625,0.0,0.0,32.234375,0.0,5.5816192626953125
25.854,-0.0,0.0,-0.0078125,0.0,0.0,-0.0,-0.0,0.0,0.0,0.0,31.46875,0.0,0.0,0.0,36.828125,0.0,0.0,0.0,36.828125,0.0,0.0,0.0,31.46875,0.0,0.0,31.46875,0.0,5.5816192626953125
26.017,-0.0,0.0,-0.0078125,0.0,0.0,-0.0,-0.0,0.0,0.0,0.0,30.89453125,0.0,0.0,0.0,36.4453125,0.0,0.0,0.0,36.4453125,0.0,0.0,0.0,32.234375,0.0,0.0,30.703125,0.0,5.5816192626953125
26.194,-0.0,0.0,-0.0078125,0.0,0.0,-0.0,-0.0,0.0,0.0,0.0,31.8515625,0.0,0.0,0.0,36.828125,0.0,0.0,0.0,36.0625,0.0,0.0,0.0,32.42578125,0.0,0.0,32.04296875,0.0,5.57183837890625
26.361,-0.0,0.0,-0.0078125,0.0,0.0,-0.0,-0.0,0.0,0.0,0.0,30.89453125,0.0,0.0,0.0,36.4453125,0.0,0.0,0.0,37.01953125,0.0,0.0,0.0,31.8515625,0.0,0.0,30.89453125,0.0,5.5816192626953125
26.524,-0.0,0.0,-0.0078125,0.0,0.0,-0.0,-0.0,0.0,0.0,0.0,31.46875,0.0,0.0,0.0,36.828125,0.0,0.0,0.0,37.2109375,0.0,0.0,0.0,31.27734375,0.0,0.0,31.0859375,0.0,5.5816192626953125
26.693,-0.0,0.0,-0.0078125,0.0,0.0,-0.0,-0.0,0.0,0.0,0.0,31.66015625,0.0,0.0,0.0,35.6796875,12.747390747070312,0.0,0.0,36.63671875,0.0,0.0,0.0,31.27734375,0.0,0.0,30.3203125,0.0,5.57183837890625
26.856,-0.0,0.0,-0.0078125,0.0,0.0,-0.0,-0.0,-6.0970916748046875,0.0,0.0,31.0859375,0.0,0.0,0.0,36.25390625,-5.8560638427734375,0.0,0.0,36.63671875,0.0,0.0,0.0,31.66015625,0.0,0.0,30.703125,0.0,5.57183837890625
27.014,-0.0,0.0,-0.0078125,0.0,0.0,-0.0,-0.0,0.0,0.0,0.0,31.27734375,0.0,0.0,0.0,36.63671875,0.0,0.0,0.0,36.828125,0.0,0.0,0.0,32.6171875,0.0,0.0,30.703125,0.0,5.57183837890625
27.174,-0.0,0.0,-0.0078125,0.0,0.0,-0.0,-0.0,0.0,0.0,0.0,31.8515625,0.0,0.0,0.0,36.828125,0.0,0.0,0.0,36.63671875,0.0,0.0,0.0,32.04296875,0.0,0.0,31.46875,0.0,5.5620574951171875
27.348,-0.0,0.0,-0.0078125,0.0,0.0,-0.0,-0.0,0.0,0.0,0.0,31.66015625,0.0,0.0,0.0,36.828125,0.0,0.0,0.0,36.4453125,0.0,0.0,0.0,31.66015625,0.0,0.0,31.27734375,0.0,5.5816192626953125
27.517,-0.0,0.0,-0.0078125,0.0,0.0,-0.0,-0.0,0.0,0.0,0.0,31.8515625,0.0,0.0,0.0,36.63671875,0.0,0.0,0.0,36.63671875,0.0,0.0,0.0,32.234375,0.0,0.0,29.9375,0.0,5.57183837890625
