Timestamp,Driver_Joy_Y,Driver_Joy_X,Driver_Joy_W,Mecanum_FL,Mecanum_BL,Mecanum_BR,Mecanum_FR,FL_Jag_Speed,FL_Out_Voltage,FL_Out_Current,FL_Temp,BL_Jag_Speed,BL_Out_Voltage,BL_Out_Current,BL_Temp,BR_Jag_Speed,BR_Out_Voltage,BR_Out_Current,BR_Temp,FR_Jag_Speed,FR_Out_Voltage,FR_Out_Current,FR_Temp,Pickup_Out_Voltage,Pickup_Out_Current,Pickup_Temp,SH1_Out_Voltage,SH1_Out_Current,SH1_Temp,SH2_Out_Voltage,SH2_Out_Current,SH2_Temp,SHmain_Speed,SHmain_Angle
0.0070,-0.0,0.0,0.0,0.0,0.0,-0.0,-0.0,0.0,0.0,0.0,25.7265625,0.0,0.0,0.0,29.5546875,0.0,0.0,0.0,30.3203125,0.0,0.0,0.0,27.2578125,0.0,0.0,29.171875,0.0,5.483856201171875
0.167,-0.0,0.0,0.0,0.0,0.0,-0.0,-0.0,0.0,0.0,0.0,26.109375,0.0,0.0,0.0,30.12890625,0.0,0.0,0.0,29.5546875,0.0,0.0,0.0,27.06640625,0.0,0.0,29.36328125,0.0,5.483856201171875
0.329,-0.0,0.0,0.0,0.0,0.0,-0.0,-0.0,0.0,0.0,0.0,24.76953125,0.0,0.0,0.0,29.36328125,0.0,0.0,0.0,30.3203125,0.0,0.0,0.0,27.06640625,0.0,0.0,29.9375,0.0,5.483856201171875
0.488,-0.0,0.0,0.0,0.0,0.0,-0.0,-0.0,0.0,0.0,0.0,25.7265625,0.0,0.0,0.0,29.9375,0.0,0.0,0.0,29.9375,0.0,0.0,0.0,26.4921875,0.0,0.0,28.59765625,0.0,5.483856201171875
0.648,-0.0,0.0,0.0,0.0,0.0,-0.0,-0.0,0.0,0.0,0.0,24.578125,0.0,0.0,0.0,29.36328125,0.0,0.0,0.0,29.74609375,0.0,0.0,0.0,27.2578125,0.0,0.0,28.7890625,0.0,5.483856201171875
0.8,-0.0,0.0,0.0,0.0,0.0,-0.0,-0.0,0.0,0.0,0.0,24.578125,0.0,0.0,0.0,30.703125,0.0,0.0,0.0,30.12890625,0.0,0.0,0.0,27.06640625,0.0,0.0,28.98046875,0.0,5.483856201171875
0.969,-0.0,0.0,0.0,0.0,0.0,-0.0,-0.0,0.0,0.0,0.0,26.109375,0.0,0.0,0.0,30.51171875,0.0,0.0,0.0,29.9375,0.0,0.0,0.0,27.2578125,0.0,0.0,29.36328125,0.0,5.483856201171875
1.128,-0.0,0.0,0.0,0.0,0.0,-0.0,-0.0,0.0,0.0,0.0,26.4921875,0.0,0.0,0.0,29.9375,0.0,0.0,0.0,30.703125,0.0,0.0,0.0,26.30078125,0.0,0.0,29.36328125,0.0,5.483856201171875
1.306,-0.0,0.0,0.0,0.0,0.0,-0.0,-0.0,0.0,0.0,0.0,25.91796875,0.0,0.0,0.0,29.9375,0.0,0.0,0.0,29.74609375,0.0,0.0,0.0,26.875,0.0,0.0,28.98046875,0.0,5.483856201171875
1.468,-0.0,0.0,0.0,0.0,0.0,-0.0,-0.0,0.0,0.0,0.0,25.91796875,0.0,0.0,0.0,30.703125,0.0,0.0,0.0,30.51171875,0.0,0.0,0.0,26.875,0.0,0.0,28.40625,0.0,5.483856201171875
1.627,-0.0,0.0,0.0,0.0,0.0,-0.0,-0.0,0.0,0.0,0.0,25.53515625,0.0,0.0,0.0,30.12890625,0.0,0.0,0.0,30.12890625,0.0,0.0,0.0,26.875,0.0,0.0,29.36328125,0.0,5.474090576171875
1.787,-0.0,0.0,-0.90625,0.0,0.0,-0.0,-0.0,0.0,0.0,0.0,25.91796875,0.0,0.0,0.0,29.74609375,0.0,0.0,0.0,30.51171875,0.0,0.0,0.0,27.06640625,0.0,0.0,28.7890625,0.0,5.4545440673828125
1.976,-0.0,0.0,-1.0,-0.1975,-0.8025,-0.8025,-0.1975,0.0,-2.0,7.69140625,26.4921875,0.0,-7.39453125,31.5859375,29.5546875,0.0,-7.7890625,25.28515625,30.3203125,0.0,-2.02734375,9.265625,26.875,0.0,0.0,28.98046875,0.0,5.4349822998046875
2.151,-0.0,0.0,0.0,-0.17281250000000004,-0.7021875,-0.7021875,-0.17281250000000004,0.0,-1.83203125,3.8828125,27.2578125,0.0,-6.98828125,17.40625,29.36328125,0.0,-7.28515625,21.4765625,30.51171875,0.0,-1.95703125,6.5078125,26.875,0.0,0.0,28.59765625,0.0,5.483856201171875
2.316,-0.0,0.0,-0.0625,0.0,0.0,-0.0,-0.0,0.0,0.0,0.0,25.91796875,0.0,0.0,0.0,30.3203125,0.0,0.0,0.0,30.51171875,0.0,0.0,0.0,26.68359375,0.0,0.0,29.36328125,0.0,5.4545440673828125
2.477,-0.0,0.0,-1.0,-0.06634765625,-0.26958984375,-0.26958984375,-0.06634765625,0.0,-0.796875,0.0,27.2578125,0.0,-3.22265625,7.1640625,29.9375,0.0,-3.16796875,12.94140625,29.9375,0.0,-0.7265625,0.0,26.68359375,0.0,0.0,29.36328125,0.0,5.474090576171875
2.648,-0.0,0.0,-1.0,-0.1975,-0.8025,-0.8025,-0.1975,11.6951904296875,-2.0078125,7.296875,25.34375,0.0,-7.73046875,21.609375,30.12890625,0.0,-7.703125,24.49609375,29.5546875,0.0,-2.0078125,8.609375,27.44921875,0.0,0.0,29.5546875,0.0,5.4643096923828125
2.807,-0.0,0.0,-1.0,-0.1975,-0.8025,-0.8025,-0.1975,4.9952239990234375,-2.04296875,3.48828125,25.53515625,0.0,-7.87109375,17.93359375,29.5546875,0.0,-8.015625,19.375,30.3203125,0.0,-2.05859375,6.90234375,27.06640625,0.0,0.0,29.74609375,0.0,5.4643096923828125
2.976,-0.0,0.0,-0.921875,-0.1975,-0.8025,-0.8025,-0.1975,15.400039672851562,-2.05859375,1.78125,26.109375,0.0,-8.3515625,15.17578125,28.40625,0.0,-8.04296875,20.953125,29.74609375,0.0,-2.16015625,8.87109375,27.44921875,0.0,0.0,29.36328125,0.0,5.4936370849609375
3.307,-0.0,0.0,0.0,0.0,0.0,-0.0,-0.0,29.71514892578125,0.0,0.0,25.7265625,0.0,0.0,0.0,29.9375,0.0,0.0,0.0,29.9375,0.0,0.0,0.0,26.4921875,0.0,0.0,29.5546875,0.0,5.483856201171875
3.467,-0.0,0.0,0.0,0.0,0.0,-0.0,-0.0,0.0,0.0,0.0,26.4921875,0.0,0.0,0.0,29.74609375,0.0,0.0,0.0,30.51171875,0.0,0.0,0.0,27.44921875,0.0,0.0,29.5546875,0.0,5.483856201171875
3.627,0.0234375,-0.0234375,0.0,0.0,0.0,-0.0,-0.0,11.040878295898438,0.0,0.0,25.53515625,0.0,0.0,0.0,29.9375,0.0,0.0,0.0,29.9375,0.0,0.0,0.0,27.06640625,0.0,0.0,28.21484375,0.0,5.474090576171875
3.807,0.15625,-0.0625,0.0,0.0,0.0,-0.0,-0.0,8.12384033203125,0.0,0.0,24.9609375,0.0,0.0,0.0,29.74609375,0.0,0.0,0.0,30.12890625,0.0,0.0,0.0,27.44921875,0.0,0.0,29.5546875,0.0,5.4643096923828125
3.985,0.25,-0.078125,0.0,0.21093749999999997,0.21093750000000003,-0.21093749999999997,-0.21093750000000003,0.0,2.40625,11.890625,25.34375,0.0,2.296875,10.31640625,29.5546875,0.0,-2.45703125,12.15234375,29.9375,0.0,-2.43359375,12.94140625,26.875,0.0,0.0,29.171875,0.0,5.474090576171875
4.149,0.1953125,-0.1328125,0.0,0.022057513978520404,0.3265168715053699,-0.022057513978520404,-0.3265168715053699,0.0,0.0,0.0,25.15234375,0.0,3.63671875,14.38671875,29.5546875,0.0,0.0,0.0,30.3203125,0.0,-3.69921875,16.09375,26.4921875,0.0,0.0,30.51171875,0.0,5.50341796875
4.328,0.1953125,-0.1328125,0.0,-0.005335723239313805,0.3410460901408217,0.005335723239313805,-0.3410460901408217,5.0974273681640625,0.0,0.0,25.91796875,0.0,3.78515625,13.859375,30.12890625,0.0,0.0,0.0,30.3203125,0.0,-3.828125,19.5078125,27.2578125,0.0,0.0,29.36328125,0.0,5.44476318359375
4.487,0.1953125,-0.1328125,0.0,-0.005335723239313805,0.3410460901408217,0.005335723239313805,-0.3410460901408217,8.744171142578125,0.0,0.0,25.15234375,0.0,3.76171875,13.203125,29.36328125,0.0,0.0,0.0,29.9375,0.0,-3.921875,13.59765625,27.06640625,0.0,0.0,28.7890625,0.0,5.483856201171875
4.658,0.25,-0.1328125,0.0,-0.005335723239313805,0.3410460901408217,0.005335723239313805,-0.3410460901408217,-3.057342529296875,0.0,0.0,26.68359375,0.0,3.73828125,10.4453125,29.5546875,0.0,0.0,0.0,29.9375,0.0,-3.875,15.56640625,27.83203125,0.0,0.0,28.7890625,0.0,5.483856201171875
4.827,0.25,-0.1328125,0.0,0.07310051289221312,0.3963085164615674,-0.07310051289221312,-0.3963085164615674,0.0,0.83984375,0.0,25.91796875,0.0,4.46875,15.69921875,29.74609375,0.0,-0.86328125,0.0,29.171875,0.0,-4.515625,15.9609375,27.06640625,0.0,0.0,29.74609375,0.0,5.474090576171875
4.995,0.0625,-0.0234375,-0.171875,-0.016550234442542,0.31181733774904385,0.016550234442542,-0.31181733774904385,0.0,0.0,0.0,25.53515625,0.0,3.44921875,9.52734375,28.98046875,0.0,0.0,0.0,30.89453125,0.0,-3.62109375,10.31640625,27.06640625,0.0,0.0,29.36328125,0.0,5.483856201171875
5.156,0.0625,-0.0078125,-0.03125,-0.049375,-0.200625,-0.200625,-0.049375,-33.12086486816406,0.0,0.0,25.34375,0.0,-2.328125,13.859375,30.51171875,0.0,-2.4140625,5.1953125,30.12890625,0.0,0.0,0.0,26.875,0.0,0.0,29.36328125,0.0,5.474090576171875
5.328,-0.0,0.0,-0.0078125,0.0,0.0,-0.0,-0.0,-6.597412109375,0.0,0.0,24.9609375,0.0,0.0,0.0,29.9375,0.0,0.0,0.0,29.9375,0.0,0.0,0.0,26.68359375,0.0,0.0,29.171875,0.0,5.483856201171875
5.487,-0.0,0.0,-0.0078125,0.0,0.0,-0.0,-0.0,0.0,0.0,0.0,25.53515625,0.0,0.0,0.0,30.3203125,0.0,0.0,0.0,30.3203125,0.0,0.0,0.0,27.06640625,0.0,0.0,29.36328125,0.0,5.474090576171875
5.647,-0.0,0.0,-0.0078125,0.0,0.0,-0.0,-0.0,5.1912384033203125,0.0,0.0,25.15234375,0.0,0.0,0.0,29.36328125,0.0,0.0,0.0,29.9375,0.0,0.0,0.0,26.68359375,0.0,0.0,29.36328125,0.0,5.483856201171875
5.828,-0.0,0.0,-0.0078125,0.0,0.0,-0.0,-0.0,0.0,0.0,0.0,26.109375,0.0,0.0,0.0,29.9375,0.0,0.0,0.0,29.9375,0.0,0.0,0.0,27.06640625,0.0,0.0,29.74609375,0.0,5.474090576171875
5.992,-0.0,0.0,-0.0078125,0.0,0.0,-0.0,-0.0,0.0,0.0,0.0,25.15234375,0.0,0.0,0.0,29.36328125,0.0,0.0,0.0,30.3203125,0.0,0.0,0.0,27.2578125,0.0,0.0,29.36328125,0.0,5.483856201171875
6.149,-0.0,0.0,-0.0078125,0.0,0.0,-0.0,-0.0,0.0,0.0,0.0,25.53515625,0.0,0.0,0.0,29.74609375,0.0,0.0,0.0,30.12890625,0.0,0.0,0.0,27.06640625,0.0,0.0,28.40625,0.0,5.483856201171875
6.308,-0.007874015748031496,0.0,-0.0078125,0.0,0.0,-0.0,-0.0,0.0,0.0,0.0,25.91796875,0.0,0.0,0.0,29.74609375,0.0,0.0,0.0,30.12890625,0.0,0.0,0.0,27.2578125,0.0,0.0,29.74609375,0.0,5.483856201171875
6.468,-0.007874015748031496,0.007874015748031496,0.0,0.0,0.0,-0.0,-0.0,0.0,0.0,0.0,25.15234375,0.0,0.0,0.0,29.9375,0.0,0.0,0.0,29.9375,0.0,0.0,0.0,27.44921875,0.0,0.0,28.21484375,0.0,5.474090576171875
6.624,-0.007874015748031496,0.007874015748031496,0.0,0.0,0.0,-0.0,-0.0,0.0,0.0,0.0,25.34375,0.0,0.0,0.0,29.5546875,0.0,0.0,0.0,30.12890625,0.0,0.0,0.0,26.68359375,0.0,0.0,29.171875,0.0,5.474090576171875
6.788,-0.007874015748031496,0.007874015748031496,0.0,0.0,0.0,-0.0,-0.0,0.0,0.0,0.0,25.34375,0.0,0.0,0.0,29.5546875,0.0,0.0,0.0,29.74609375,0.0,0.0,0.0,27.06640625,0.0,0.0,29.5546875,0.0,5.483856201171875
6.948,-0.007874015748031496,0.007874015748031496,0.0,0.0,0.0,-0.0,-0.0,0.0,0.0,0.0,25.15234375,0.0,0.0,0.0,30.3203125,0.0,0.0,0.0,29.9375,0.0,0.0,0.0,26.4921875,0.0,0.0,30.12890625,0.0,5.483856201171875
7.128,-0.007874015748031496,0.007874015748031496,0.0,0.0,0.0,-0.0,-0.0,0.0,0.0,0.0,26.109375,0.0,0.0,0.0,30.12890625,0.0,0.0,0.0,30.3203125,0.0,0.0,0.0,26.4921875,0.0,0.0,29.5546875,0.0,5.483856201171875
7.309,-0.007874015748031496,0.007874015748031496,0.0,0.0,0.0,-0.0,-0.0,0.0,0.0,0.0,25.34375,0.0,0.0,0.0,29.5546875,0.0,0.0,0.0,30.12890625,0.0,0.0,0.0,27.44921875,0.0,0.0,29.74609375,0.0,5.483856201171875
7.469,-0.007874015748031496,0.007874015748031496,0.0,0.0,0.0,-0.0,-0.0,0.0,0.0,0.0,25.53515625,0.0,0.0,0.0,29.5546875,0.0,0.0,0.0,30.12890625,0.0,0.0,0.0,27.2578125,0.0,0.0,29.171875,0.0,5.474090576171875
7.648,-0.007874015748031496,0.007874015748031496,0.0,0.0,0.0,-0.0,-0.0,0.0,0.0,0.0,25.53515625,0.0,0.0,0.0,29.74609375,0.0,0.0,0.0,30.51171875,0.0,0.0,0.0,27.06640625,0.0,0.0,29.171875,0.0,5.474090576171875
7.827,-0.007874015748031496,0.007874015748031496,0.0,0.0,0.0,-0.0,-0.0,0.0,0.0,0.0,26.4921875,0.0,0.0,0.0,29.5546875,0.0,0.0,0.0,29.5546875,0.0,0.0,0.0,26.68359375,0.0,0.0,29.9375,0.0,5.483856201171875
7.988,-0.007874015748031496,0.007874015748031496,0.0,0.0,0.0,-0.0,-0.0,0.0,0.0,0.0,25.7265625,0.0,0.0,0.0,29.5546875,0.0,0.0,0.0,29.9375,0.0,0.0,0.0,27.06640625,0.0,0.0,29.74609375,0.0,5.483856201171875
8.156,-0.007874015748031496,0.007874015748031496,0.0,0.0,0.0,-0.0,-0.0,0.0,0.0,0.0,26.109375,0.0,0.0,0.0,29.5546875,0.0,0.0,0.0,29.74609375,0.0,0.0,0.0,26.875,0.0,0.0,31.27734375,0.0,5.532745361328125
S: 8.207 159513648973 Fired
8.317,0.0390625,0.007874015748031496,0.0,0.0,0.0,-0.0,-0.0,0.0,0.0,0.0,25.91796875,0.0,0.0,0.0,29.9375,0.0,0.0,0.0,29.74609375,0.0,0.0,0.0,26.68359375,0.0,0.0,29.9375,0.0,5.1808319091796875
8.466,0.0390625,0.007874015748031496,0.0,0.0,0.0,-0.0,-0.0,0.0,0.0,0.0,26.109375,0.0,0.0,0.0,29.36328125,0.0,0.0,0.0,29.9375,0.0,0.0,0.0,27.44921875,0.0,0.0,29.171875,0.0,4.6236419677734375
8.616,0.0390625,0.007874015748031496,0.0,0.0,0.0,-0.0,-0.0,0.0,0.0,0.0,24.9609375,0.0,0.0,0.0,29.74609375,0.0,0.0,0.0,29.74609375,0.0,0.0,0.0,27.2578125,0.0,0.0,29.9375,0.0,4.349945068359375
8.767,0.0390625,0.007874015748031496,0.0,0.0,0.0,-0.0,-0.0,0.0,0.0,0.0,25.7265625,0.0,0.0,0.0,30.89453125,0.0,0.0,0.0,29.74609375,0.0,0.0,0.0,26.4921875,0.0,0.0,28.7890625,0.0,4.6529693603515625
8.915,0.0390625,0.007874015748031496,0.0,0.0,0.0,-0.0,-0.0,0.0,0.0,0.0,25.34375,0.0,0.0,0.0,29.5546875,0.0,0.0,0.0,30.12890625,0.0,0.0,0.0,26.68359375,0.0,0.0,30.12890625,0.0,5.102630615234375
9.065,0.0390625,0.007874015748031496,0.0,0.0,0.0,-0.0,-0.0,0.0,0.0,0.0,25.53515625,0.0,0.0,0.0,29.36328125,0.0,0.0,0.0,30.12890625,0.0,0.0,0.0,26.4921875,0.0,0.0,28.7890625,0.0,5.532745361328125
9.227,0.0390625,0.007874015748031496,0.0,0.0,0.0,-0.0,-0.0,0.0,0.0,0.0,25.53515625,0.0,0.0,0.0,30.51171875,0.0,0.0,0.0,30.51171875,0.0,0.0,0.0,26.875,0.0,0.0,29.171875,0.0,5.5620574951171875
9.387,0.0390625,0.007874015748031496,0.0,0.0,0.0,-0.0,-0.0,0.0,0.0,0.0,25.34375,0.0,0.0,0.0,29.9375,0.0,0.0,0.0,30.3203125,0.0,0.0,0.0,27.2578125,0.0,0.0,29.171875,0.0,5.57183837890625
9.537,0.0390625,0.007874015748031496,0.0,0.0,0.0,-0.0,-0.0,0.0,0.0,0.0,25.34375,0.0,0.0,0.0,29.74609375,0.0,0.0,0.0,29.9375,0.0,0.0,0.0,27.2578125,0.0,0.0,28.98046875,0.0,5.57183837890625
9.717,0.0390625,0.007874015748031496,0.0,0.0,0.0,-0.0,-0.0,0.0,0.0,0.0,25.34375,0.0,0.0,0.0,28.98046875,0.0,0.0,0.0,30.12890625,0.0,0.0,0.0,26.875,0.0,0.0,29.36328125,0.0,5.50341796875
9.895,0.0390625,0.007874015748031496,0.0,0.0,0.0,-0.0,-0.0,0.0,0.0,0.0,26.30078125,0.0,0.0,0.0,30.89453125,0.0,0.0,0.0,29.74609375,0.0,0.0,0.0,26.875,0.0,0.0,29.171875,0.0,5.4936370849609375
10.065,0.0390625,0.007874015748031496,0.0,0.0,0.0,-0.0,-0.0,0.0,0.0,0.0,24.9609375,0.0,0.0,0.0,30.3203125,0.0,0.0,0.0,30.703125,0.0,0.0,0.0,26.68359375,0.0,0.0,29.171875,0.0,5.4936370849609375
10.23,0.0390625,0.007874015748031496,0.0,0.0,0.0,-0.0,-0.0,0.0,0.0,0.0,25.53515625,0.0,0.0,0.0,29.36328125,0.0,0.0,0.0,29.9375,0.0,0.0,0.0,26.68359375,0.0,0.0,29.5546875,0.0,5.4936370849609375
10.406,0.0390625,0.007874015748031496,0.0,0.0,0.0,-0.0,-0.0,0.0,0.0,0.0,25.7265625,0.0,0.0,0.0,29.5546875,0.0,0.0,0.0,29.9375,0.0,0.0,0.0,27.2578125,0.0,0.0,29.171875,0.0,5.4936370849609375
10.573,0.0390625,0.007874015748031496,0.0,0.0,0.0,-0.0,-0.0,0.0,0.0,0.0,25.34375,0.0,0.0,0.0,29.5546875,0.0,0.0,0.0,29.74609375,0.0,0.0,0.0,26.875,0.0,0.0,31.27734375,0.0,5.4936370849609375
10.746,0.0390625,0.007874015748031496,0.0,0.0,0.0,-0.0,-0.0,0.0,0.0,0.0,25.34375,0.0,0.0,0.0,29.74609375,0.0,0.0,0.0,30.12890625,0.0,0.0,0.0,27.06640625,0.0,0.0,29.171875,0.0,5.4936370849609375
10.907,0.0390625,0.007874015748031496,0.0,0.0,0.0,-0.0,-0.0,0.0,0.0,0.0,25.15234375,0.0,0.0,0.0,29.9375,0.0,0.0,0.0,29.5546875,0.0,0.0,0.0,27.2578125,0.0,0.0,29.36328125,0.0,5.4936370849609375
11.067,0.0390625,0.007874015748031496,0.0,0.0,0.0,-0.0,-0.0,0.0,0.0,0.0,25.91796875,0.0,0.0,0.0,30.3203125,0.0,0.0,0.0,29.9375,0.0,0.0,0.0,26.4921875,0.0,0.0,29.9375,0.0,5.50341796875
11.227,0.0390625,0.007874015748031496,0.0,0.0,0.0,-0.0,-0.0,0.0,0.0,0.0,25.7265625,0.0,0.0,0.0,28.40625,0.0,0.0,0.0,29.5546875,0.0,0.0,0.0,26.68359375,0.0,0.0,28.7890625,0.0,5.50341796875
11.386,0.0390625,0.007874015748031496,0.0,0.0,0.0,-0.0,-0.0,0.0,0.0,0.0,26.30078125,0.0,0.0,0.0,29.36328125,0.0,0.0,0.0,29.9375,0.0,0.0,0.0,26.68359375,0.0,0.0,29.5546875,0.0,5.4936370849609375
11.556,0.0390625,0.007874015748031496,0.0,0.0,0.0,-0.0,-0.0,0.0,0.0,0.0,25.34375,0.0,0.0,0.0,29.5546875,0.0,0.0,0.0,29.74609375,0.0,0.0,0.0,26.4921875,0.0,0.0,28.7890625,0.0,5.50341796875
11.726,0.0390625,0.007874015748031496,0.0,0.0,0.0,-0.0,-0.0,0.0,0.0,0.0,26.109375,0.0,0.0,0.0,29.5546875,0.0,0.0,0.0,30.3203125,0.0,0.0,0.0,26.875,0.0,0.0,29.5546875,0.0,5.50341796875
11.895,0.0390625,0.007874015748031496,0.0,0.0,0.0,-0.0,-0.0,0.0,0.0,0.0,25.7265625,0.0,0.0,0.0,29.74609375,0.0,0.0,0.0,30.12890625,0.0,0.0,0.0,26.68359375,0.0,0.0,30.3203125,0.0,5.50341796875
12.066,0.0390625,0.007874015748031496,0.0,0.0,0.0,-0.0,-0.0,0.0,0.0,0.0,25.7265625,0.0,0.0,0.0,30.12890625,0.0,0.0,0.0,30.3203125,0.0,0.0,0.0,27.06640625,0.0,0.0,29.5546875,0.0,5.4936370849609375
12.227,0.0390625,0.007874015748031496,0.0,0.0,0.0,-0.0,-0.0,0.0,0.0,0.0,25.91796875,0.0,0.0,0.0,29.74609375,0.0,0.0,0.0,29.9375,0.0,0.0,0.0,26.68359375,0.0,0.0,29.36328125,0.0,5.4936370849609375
12.389,0.0390625,0.007874015748031496,0.0,0.0,0.0,-0.0,-0.0,0.0,0.0,0.0,25.91796875,0.0,0.0,0.0,29.5546875,0.0,0.0,0.0,29.9375,0.0,0.0,0.0,26.68359375,0.0,0.0,29.74609375,0.0,5.4936370849609375
12.553,0.0390625,0.007874015748031496,0.0,0.0,0.0,-0.0,-0.0,0.0,0.0,0.0,25.34375,0.0,0.0,0.0,29.9375,0.0,0.0,0.0,30.3203125,0.0,0.0,0.0,26.30078125,0.0,0.0,28.40625,0.0,5.4936370849609375
12.725,0.0390625,0.007874015748031496,0.047244094488188976,0.0,0.0,-0.0,-0.0,0.0,0.0,0.0,25.15234375,0.0,0.0,0.0,29.5546875,0.0,0.0,0.0,29.5546875,0.0,0.0,0.0,26.68359375,0.0,0.0,29.9375,0.0,5.50341796875
12.895,0.0390625,0.007874015748031496,0.047244094488188976,0.0,0.0,-0.0,-0.0,0.0,0.0,0.0,25.15234375,0.0,0.0,0.0,29.9375,0.0,0.0,0.0,29.9375,0.0,0.0,0.0,26.875,0.0,0.0,29.36328125,0.0,5.4936370849609375
13.056,0.0390625,0.007874015748031496,0.0,0.0,0.0,-0.0,-0.0,0.0,0.0,0.0,25.34375,0.0,0.0,0.0,29.5546875,0.0,0.0,0.0,30.3203125,0.0,0.0,0.0,26.875,0.0,0.0,28.40625,0.0,5.4936370849609375
13.226,0.0390625,0.007874015748031496,-0.0078125,0.0,0.0,-0.0,-0.0,0.0,0.0,0.0,25.91796875,0.0,0.0,0.0,29.5546875,0.0,0.0,0.0,30.3203125,0.0,0.0,0.0,26.68359375,0.0,0.0,28.40625,0.0,5.4936370849609375
13.408,0.0390625,0.007874015748031496,-0.0078125,0.0,0.0,-0.0,-0.0,0.0,0.0,0.0,25.34375,0.0,0.0,0.0,29.9375,0.0,0.0,0.0,30.12890625,0.0,0.0,0.0,26.68359375,0.0,0.0,29.74609375,0.0,5.4936370849609375
13.589,0.0390625,0.007874015748031496,-0.0078125,0.0,0.0,-0.0,-0.0,0.0,0.0,0.0,25.7265625,0.0,0.0,0.0,30.12890625,0.0,0.0,0.0,30.3203125,0.0,0.0,0.0,27.2578125,0.0,0.0,29.5546875,0.0,5.4936370849609375
13.765,0.0390625,0.007874015748031496,-0.0078125,0.0,0.0,-0.0,-0.0,0.0,0.0,0.0,26.109375,0.0,0.0,0.0,30.12890625,0.0,0.0,0.0,30.12890625,0.0,0.0,0.0,26.30078125,0.0,0.0,29.9375,0.0,5.50341796875
13.934,0.0390625,0.007874015748031496,-0.0078125,0.0,0.0,-0.0,-0.0,0.0,0.0,0.0,25.34375,0.0,0.0,0.0,29.74609375,0.0,0.0,0.0,30.3203125,0.0,0.0,0.0,26.875,0.0,0.0,30.3203125,0.0,5.4936370849609375
14.096,0.0390625,0.007874015748031496,-0.0078125,0.0,0.0,-0.0,-0.0,0.0,0.0,0.0,25.91796875,0.0,0.0,0.0,29.74609375,0.0,0.0,0.0,30.3203125,0.0,0.0,0.0,26.4921875,0.0,0.0,29.74609375,0.0,5.50341796875
14.267,-0.023622047244094488,0.007874015748031496,-0.0078125,0.0,0.0,-0.0,-0.0,0.0,0.0,0.0,25.53515625,0.0,0.0,0.0,29.36328125,0.0,0.0,0.0,30.3203125,0.0,0.0,0.0,27.2578125,0.0,0.0,29.9375,0.0,5.50341796875
14.436,-0.023622047244094488,-0.0390625,-0.0078125,0.0,0.0,-0.0,-0.0,0.0,0.0,0.0,25.34375,0.0,0.0,0.0,29.74609375,0.0,0.0,0.0,30.3203125,0.0,0.0,0.0,26.68359375,0.0,0.0,29.9375,0.0,5.50341796875
14.594,-0.023622047244094488,-0.0390625,-0.0078125,0.0,0.0,-0.0,-0.0,0.0,0.0,0.0,25.91796875,0.0,0.0,0.0,29.36328125,0.0,0.0,0.0,29.74609375,0.0,0.0,0.0,26.4921875,0.0,0.0,29.5546875,0.0,5.4936370849609375
14.755,-0.023622047244094488,-0.0390625,-0.0078125,0.0,0.0,-0.0,-0.0,0.0,0.0,0.0,25.34375,0.0,0.0,0.0,29.9375,0.0,0.0,0.0,29.9375,0.0,0.0,0.0,26.875,0.0,0.0,29.5546875,0.0,5.50341796875
14.914,-0.023622047244094488,-0.0390625,-0.0078125,0.0,0.0,-0.0,-0.0,0.0,0.0,0.0,25.15234375,0.0,0.0,0.0,29.5546875,0.0,0.0,0.0,29.9375,0.0,0.0,0.0,27.06640625,0.0,0.0,29.171875,0.0,5.4936370849609375
15.086,-0.023622047244094488,-0.0390625,-0.0078125,0.0,0.0,-0.0,-0.0,0.0,0.0,0.0,25.7265625,0.0,0.0,0.0,29.9375,0.0,0.0,0.0,29.74609375,0.0,0.0,0.0,27.44921875,0.0,0.0,29.5546875,0.0,5.4936370849609375
15.248,-0.023622047244094488,-0.0390625,-0.0078125,0.0,0.0,-0.0,-0.0,0.0,0.0,0.0,25.7265625,0.0,0.0,0.0,29.74609375,0.0,0.0,0.0,29.74609375,0.0,0.0,0.0,26.68359375,0.0,0.0,28.21484375,0.0,5.50341796875
15.408,-0.023622047244094488,-0.0390625,-0.0078125,0.0,0.0,-0.0,-0.0,0.0,0.0,0.0,25.15234375,0.0,0.0,0.0,29.36328125,0.0,0.0,0.0,29.9375,0.0,0.0,0.0,26.68359375,0.0,0.0,29.5546875,0.0,5.50341796875
15.574,-0.023622047244094488,-0.0390625,-0.0078125,0.0,0.0,-0.0,-0.0,0.0,0.0,0.0,25.7265625,0.0,0.0,0.0,29.171875,0.0,0.0,0.0,29.9375,0.0,0.0,0.0,27.640625,0.0,0.0,29.171875,0.0,5.4936370849609375
15.736,-0.023622047244094488,-0.0390625,-0.0078125,0.0,0.0,-0.0,-0.0,0.0,0.0,0.0,26.4921875,0.0,0.0,0.0,30.12890625,0.0,0.0,0.0,29.74609375,0.0,0.0,0.0,26.4921875,0.0,0.0,29.171875,0.0,5.50341796875
15.894,-0.023622047244094488,-0.0390625,-0.0078125,0.0,0.0,-0.0,-0.0,0.0,0.0,0.0,25.7265625,0.0,0.0,0.0,29.74609375,0.0,0.0,0.0,29.74609375,0.0,0.0,0.0,27.2578125,0.0,0.0,29.36328125,0.0,5.4936370849609375
16.066,-0.023622047244094488,-0.0390625,-0.0078125,0.0,0.0,-0.0,-0.0,0.0,0.0,0.0,25.7265625,0.0,0.0,0.0,29.36328125,0.0,0.0,0.0,30.3203125,0.0,0.0,0.0,26.875,0.0,0.0,29.74609375,0.0,5.4936370849609375
16.23,-0.023622047244094488,-0.0390625,-0.0078125,0.0,0.0,-0.0,-0.0,0.0,0.0,0.0,25.53515625,0.0,0.0,0.0,29.5546875,0.0,0.0,0.0,29.74609375,0.0,0.0,0.0,27.06640625,0.0,0.0,29.5546875,0.0,5.4936370849609375
16.407,-0.023622047244094488,-0.0390625,-0.0078125,0.0,0.0,-0.0,-0.0,0.0,0.0,0.0,25.7265625,0.0,0.0,0.0,30.12890625,0.0,0.0,0.0,30.12890625,0.0,0.0,0.0,27.44921875,0.0,0.0,29.74609375,0.0,5.4936370849609375
16.576,-0.023622047244094488,-0.0390625,-0.0078125,0.0,0.0,-0.0,-0.0,0.0,0.0,0.0,26.109375,0.0,0.0,0.0,29.5546875,0.0,0.0,0.0,30.3203125,0.0,0.0,0.0,27.2578125,-10.01953125,28.4375,29.5546875,0.0,5.4936370849609375
16.756,-0.023622047244094488,-0.0390625,-0.0078125,0.0,0.0,-0.0,-0.0,0.0,0.0,0.0,25.7265625,0.0,0.0,0.0,29.74609375,0.0,0.0,0.0,29.74609375,0.0,0.0,0.0,27.2578125,-10.86328125,17.93359375,28.7890625,0.0,5.483856201171875
16.915,-0.023622047244094488,-0.0390625,-0.0078125,0.0,0.0,-0.0,-0.0,0.0,0.0,0.0,25.15234375,0.0,0.0,0.0,29.171875,0.0,0.0,0.0,29.9375,0.0,0.0,0.0,26.875,-11.109375,11.890625,29.5546875,0.0,5.50341796875
17.076,-0.023622047244094488,-0.0390625,-0.0078125,0.0,0.0,-0.0,-0.0,0.0,0.0,0.0,25.91796875,0.0,0.0,0.0,28.40625,0.0,0.0,0.0,29.5546875,0.0,0.0,0.0,27.2578125,-11.390625,9.1328125,29.36328125,0.0,5.4936370849609375
17.248,-0.023622047244094488,-0.0390625,-0.0078125,0.0,0.0,-0.0,-0.0,0.0,0.0,0.0,26.109375,0.0,0.0,0.0,29.36328125,0.0,0.0,0.0,30.3203125,0.0,0.0,0.0,27.06640625,-10.44140625,21.4765625,29.5546875,0.0,5.4936370849609375
17.431,-0.023622047244094488,-0.0390625,-0.0078125,0.0,0.0,-0.0,-0.0,0.0,0.0,0.0,25.53515625,0.0,0.0,0.0,29.9375,0.0,0.0,0.0,29.9375,0.0,0.0,0.0,27.06640625,-8.859375,43.14453125,29.36328125,0.0,5.483856201171875
17.595,-0.023622047244094488,-0.0390625,-0.0078125,0.0,0.0,-0.0,-0.0,0.0,0.0,0.0,25.7265625,0.0,0.0,0.0,28.59765625,0.0,0.0,0.0,30.12890625,0.0,0.0,0.0,26.109375,-8.61328125,45.63671875,29.5546875,0.0,5.4936370849609375
17.754,-0.023622047244094488,-0.0390625,-0.0078125,0.0,0.0,-0.0,-0.0,0.0,0.0,0.0,25.53515625,0.0,0.0,0.0,29.5546875,0.0,0.0,0.0,30.12890625,0.0,0.0,0.0,26.68359375,-8.40234375,48.265625,29.9375,0.0,5.483856201171875
17.914,-0.023622047244094488,-0.0390625,-0.0078125,0.0,0.0,-0.0,-0.0,0.0,0.0,0.0,25.91796875,0.0,0.0,0.0,28.98046875,0.0,0.0,0.0,30.12890625,0.0,0.0,0.0,26.875,0.0,0.0,28.98046875,0.0,5.50341796875
18.073,-0.023622047244094488,-0.0390625,-0.0078125,0.0,0.0,-0.0,-0.0,0.0,0.0,0.0,25.34375,0.0,0.0,0.0,29.74609375,0.0,0.0,0.0,29.36328125,0.0,0.0,0.0,26.4921875,0.0,0.0,29.5546875,0.0,5.4936370849609375
18.247,-0.023622047244094488,-0.0390625,-0.0078125,0.0,0.0,-0.0,-0.0,0.0,0.0,0.0,26.109375,0.0,0.0,0.0,29.9375,0.0,0.0,0.0,30.3203125,0.0,0.0,0.0,27.06640625,0.0,0.0,28.98046875,0.0,5.4936370849609375
S: 18.29 159513659055 Pickup up
18.413,-0.023622047244094488,-0.0390625,-0.0078125,0.0,0.0,-0.0,-0.0,0.0,0.0,0.0,25.53515625,0.0,0.0,0.0,29.74609375,0.0,0.0,0.0,30.51171875,0.0,0.0,0.0,27.06640625,0.0,0.0,29.36328125,0.0,5.4936370849609375
18.576,-0.023622047244094488,-0.0390625,0.06299212598425197,0.0,0.0,-0.0,-0.0,0.0,0.0,0.0,25.53515625,0.0,0.0,0.0,29.5546875,0.0,0.0,0.0,30.12890625,0.0,0.0,0.0,27.2578125,0.0,0.0,28.40625,0.0,5.4936370849609375
18.736,-0.023622047244094488,-0.0390625,0.2283464566929134,0.0,0.0,-0.0,-0.0,0.0,0.0,0.0,25.91796875,0.0,0.0,0.0,29.36328125,0.0,0.0,0.0,30.12890625,0.0,0.0,0.0,27.06640625,0.0,0.0,29.171875,0.0,5.474090576171875
18.908,-0.023622047244094488,-0.0390625,0.9212598425196851,0.09175196850393702,0.37281496062992125,0.37281496062992125,0.09175196850393702,0.0,1.03515625,6.90234375,25.53515625,0.0,4.21875,16.6171875,29.5546875,0.0,3.96875,15.56640625,29.74609375,0.0,0.9609375,4.5390625,27.44921875,0.0,0.0,29.5546875,0.0,5.483856201171875
19.071,-0.023622047244094488,-0.0390625,0.8661417322834646,0.1975,0.8025,0.8025,0.1975,0.0,1.94140625,6.640625,25.53515625,0.0,8.3203125,23.31640625,28.40625,0.0,6.82421875,26.9921875,29.5546875,0.0,2.0234375,7.1640625,26.875,0.0,0.0,28.98046875,0.0,5.4936370849609375
19.247,-0.023622047244094488,-0.0390625,-0.0078125,0.09486220472440945,0.38545275590551176,0.38545275590551176,0.09486220472440945,56.60960388183594,1.08984375,2.69921875,25.91796875,0.0,4.23828125,9.1328125,29.5546875,0.0,4.375,10.83984375,29.5546875,0.0,1.12890625,0.0,26.68359375,0.0,0.0,29.36328125,0.0,5.483856201171875
19.437,-0.023622047244094488,-0.0390625,-0.0078125,0.0,0.0,-0.0,-0.0,0.0,0.0,0.0,25.15234375,0.0,0.0,0.0,29.74609375,0.0,0.0,0.0,30.51171875,0.0,0.0,0.0,26.68359375,0.0,0.0,29.171875,0.0,5.4936370849609375
19.607,-0.023622047244094488,-0.0390625,-0.390625,0.0,0.0,-0.0,-0.0,0.0,0.0,0.0,26.109375,0.0,0.0,0.0,30.51171875,0.0,0.0,0.0,29.9375,0.0,0.0,0.0,26.875,-9.140625,26.203125,29.5546875,0.0,5.474090576171875
19.775,-0.023622047244094488,-0.0390625,-1.0,-0.12806640625,-0.52037109375,-0.52037109375,-0.12806640625,4.5319976806640625,-1.234375,4.14453125,25.7265625,0.0,-4.66796875,17.80078125,28.98046875,0.0,-4.90625,21.34765625,29.9375,0.0,-1.203125,6.375,25.91796875,-8.68359375,11.890625,29.171875,0.0,5.483856201171875
19.935,-0.023622047244094488,-0.0390625,-1.0,-0.1975,-0.8025,-0.8025,-0.1975,6.68035888671875,-1.80859375,5.45703125,25.15234375,0.0,-6.546875,23.05078125,29.74609375,0.0,-7.1953125,22.7890625,29.5546875,0.0,-1.890625,7.69140625,26.4921875,-9.4921875,10.4453125,28.98046875,0.0,5.474090576171875
20.099,-0.023622047244094488,-0.0390625,-0.0078125,-0.18361328124999998,-0.74607421875,-0.74607421875,-0.18361328124999998,15.315093994140625,-1.8046875,4.01171875,25.15234375,0.0,-7.1875,17.80078125,29.5546875,0.0,-7.29296875,21.4765625,30.89453125,0.0,-1.98828125,5.71875,26.109375,-10.96875,11.76171875,28.98046875,0.0,5.474090576171875
20.269,-0.023622047244094488,-0.0390625,-0.0078125,0.0,0.0,-0.0,-0.0,11.793869018554688,0.0,0.0,25.91796875,0.0,0.0,0.0,29.5546875,0.0,0.0,0.0,30.12890625,0.0,0.0,0.0,27.2578125,-11.21484375,9.921875,27.44921875,0.0,5.483856201171875
20.432,0.0234375,-0.0390625,-0.0078125,0.0,0.0,-0.0,-0.0,0.0,0.0,0.0,25.53515625,0.0,0.0,0.0,29.5546875,0.0,0.0,0.0,30.51171875,0.0,0.0,0.0,26.30078125,-11.390625,8.34765625,29.171875,0.0,5.474090576171875
20.589,0.0234375,-0.0390625,-0.0078125,0.0,0.0,-0.0,-0.0,0.0,0.0,0.0,25.53515625,0.0,0.0,0.0,29.5546875,0.0,0.0,0.0,30.12890625,0.0,0.0,0.0,27.06640625,-11.53125,7.03125,29.5546875,0.0,5.474090576171875
20.755,0.0234375,-0.0390625,0.06299212598425197,0.0,0.0,-0.0,-0.0,0.0,0.0,0.0,25.7265625,0.0,0.0,0.0,29.5546875,0.0,0.0,0.0,30.3203125,0.0,0.0,0.0,26.30078125,-11.6015625,6.5078125,29.5546875,0.0,5.474090576171875
20.915,0.0234375,-0.0390625,0.2047244094488189,0.0,0.0,-0.0,-0.0,0.0,0.0,0.0,25.34375,0.0,0.0,0.0,29.9375,0.0,0.0,0.0,30.12890625,0.0,0.0,0.0,27.06640625,-11.49609375,5.984375,29.171875,0.0,5.483856201171875
21.075,0.0234375,-0.0390625,0.10236220472440945,0.045098425196850395,0.183248031496063,0.183248031496063,0.045098425196850395,0.0,0.0,0.0,25.53515625,0.0,1.99609375,12.546875,29.5546875,0.0,2.02734375,12.94140625,30.3203125,0.0,0.0,0.0,26.68359375,-11.49609375,5.45703125,29.9375,0.0,5.474090576171875
21.25,0.0234375,-0.0390625,0.5984251968503937,0.04043307086614173,0.16429133858267717,0.16429133858267717,0.04043307086614173,0.0,0.0,0.0,25.53515625,0.0,1.79296875,11.234375,29.36328125,0.0,1.76953125,13.203125,30.12890625,0.0,0.0,0.0,27.06640625,-10.93359375,3.75,27.640625,0.0,5.474090576171875
S: 21.29 159513662055 Pickup down
21.418,0.0234375,-0.0390625,0.023622047244094488,0.09952755905511812,0.4044094488188976,0.4044094488188976,0.09952755905511812,0.0,1.0859375,7.03125,25.34375,0.0,4.44921875,16.35546875,29.9375,0.0,4.12109375,21.08203125,29.5546875,0.0,1.13671875,2.17578125,26.4921875,-11.53125,6.375,29.9375,0.0,5.474090576171875
21.59,0.0234375,-0.0390625,-0.0078125,0.0,0.0,-0.0,-0.0,0.0,0.0,0.0,25.7265625,0.0,0.0,0.0,29.74609375,0.0,0.0,0.0,30.12890625,0.0,0.0,0.0,26.875,-11.6015625,6.5078125,28.7890625,0.0,5.483856201171875
21.765,0.0234375,-0.0390625,-0.0078125,0.0,0.0,-0.0,-0.0,0.0,0.0,0.0,25.7265625,0.0,0.0,0.0,29.5546875,0.0,0.0,0.0,30.703125,0.0,0.0,0.0,26.4921875,-11.70703125,6.375,29.9375,0.0,5.474090576171875
21.935,0.0234375,0.007874015748031496,-0.0078125,0.0,0.0,-0.0,-0.0,-5.829193115234375,0.0,0.0,25.91796875,0.0,0.0,0.0,29.5546875,0.0,0.0,0.0,29.9375,0.0,0.0,0.0,27.2578125,0.0,0.0,29.5546875,0.0,5.474090576171875
22.094,0.0234375,0.007874015748031496,-0.0078125,0.0,0.0,-0.0,-0.0,0.0,0.0,0.0,25.53515625,0.0,0.0,0.0,29.171875,0.0,0.0,0.0,30.3203125,0.0,0.0,0.0,26.4921875,0.0,0.0,29.5546875,0.0,5.474090576171875
22.256,0.0234375,0.007874015748031496,-0.0078125,0.0,0.0,-0.0,-0.0,0.0,0.0,0.0,25.34375,0.0,0.0,0.0,29.9375,0.0,0.0,0.0,30.12890625,0.0,0.0,0.0,27.2578125,0.0,0.0,29.171875,0.0,5.474090576171875
22.446,0.0234375,0.007874015748031496,-0.0078125,0.0,0.0,-0.0,-0.0,0.0,0.0,0.0,24.9609375,0.0,0.0,0.0,29.5546875,0.0,0.0,0.0,30.51171875,0.0,0.0,0.0,26.4921875,0.0,0.0,29.5546875,0.0,5.474090576171875
22.608,0.0234375,0.007874015748031496,-0.0078125,0.0,0.0,-0.0,-0.0,0.0,0.0,0.0,25.7265625,0.0,0.0,0.0,30.12890625,0.0,0.0,0.0,29.9375,0.0,0.0,0.0,26.4921875,0.0,0.0,29.171875,0.0,5.474090576171875
22.768,0.0234375,0.007874015748031496,-0.0078125,0.0,0.0,-0.0,-0.0,0.0,0.0,0.0,25.7265625,0.0,0.0,0.0,29.171875,0.0,0.0,0.0,30.12890625,0.0,0.0,0.0,26.68359375,-9.59765625,30.66796875,29.36328125,0.0,5.474090576171875
22.933,0.0234375,0.007874015748031496,-0.0078125,0.0,0.0,-0.0,-0.0,0.0,0.0,0.0,25.7265625,0.0,0.0,0.0,29.5546875,0.0,0.0,0.0,30.12890625,0.0,0.0,0.0,26.68359375,-10.65234375,19.5078125,28.98046875,0.0,5.4643096923828125
23.095,0.0390625,0.007874015748031496,-0.0078125,0.0,0.0,-0.0,-0.0,0.0,0.0,0.0,24.9609375,0.0,0.0,0.0,29.74609375,0.0,0.0,0.0,29.74609375,0.0,0.0,0.0,26.30078125,-11.07421875,13.859375,29.36328125,0.0,5.474090576171875
23.255,0.0078125,0.007874015748031496,-0.0078125,0.0,0.0,-0.0,-0.0,0.0,0.0,0.0,25.7265625,0.0,0.0,0.0,29.5546875,0.0,0.0,0.0,30.3203125,0.0,0.0,0.0,26.30078125,-11.42578125,9.66015625,29.36328125,0.0,5.474090576171875
23.424,0.0078125,0.007874015748031496,-0.0078125,0.0,0.0,-0.0,-0.0,0.0,0.0,0.0,25.15234375,0.0,0.0,0.0,29.9375,0.0,0.0,0.0,29.9375,0.0,0.0,0.0,26.30078125,-11.49609375,8.73828125,29.171875,0.0,5.474090576171875
23.595,-0.0,0.007874015748031496,-0.0078125,0.0,0.0,-0.0,-0.0,0.0,0.0,0.0,24.9609375,0.0,0.0,0.0,29.5546875,0.0,0.0,0.0,29.74609375,0.0,0.0,0.0,27.2578125,-11.25,11.3671875,29.74609375,0.0,5.483856201171875
23.754,-0.0,0.007874015748031496,-0.0078125,0.0,0.0,-0.0,-0.0,0.0,0.0,0.0,25.7265625,0.0,0.0,0.0,29.171875,0.0,0.0,0.0,30.3203125,0.0,0.0,0.0,26.68359375,-9.6328125,31.45703125,28.98046875,0.0,5.474090576171875
23.916,-0.0,0.007874015748031496,-0.0078125,0.0,0.0,-0.0,-0.0,0.0,0.0,0.0,24.9609375,0.0,0.0,0.0,28.98046875,0.0,0.0,0.0,29.9375,0.0,0.0,0.0,26.109375,-10.3359375,21.34765625,29.5546875,0.0,5.474090576171875
24.086,-0.0,0.007874015748031496,-0.0078125,0.0,0.0,-0.0,-0.0,0.0,0.0,0.0,25.7265625,0.0,0.0,0.0,29.9375,0.0,0.0,0.0,30.3203125,0.0,0.0,0.0,26.68359375,-11.00390625,13.859375,29.5546875,0.0,5.4936370849609375
24.253,-0.0,0.007874015748031496,-0.0078125,0.0,0.0,-0.0,-0.0,0.0,0.0,0.0,24.76953125,0.0,0.0,0.0,29.5546875,0.0,0.0,0.0,29.9375,0.0,0.0,0.0,26.4921875,0.0,0.0,28.98046875,0.0,5.474090576171875
24.413,-0.0,0.007874015748031496,-0.0078125,0.0,0.0,-0.0,-0.0,0.0,0.0,0.0,25.53515625,0.0,0.0,0.0,29.74609375,0.0,0.0,0.0,29.74609375,0.0,0.0,0.0,26.68359375,0.0,0.0,29.171875,0.0,5.483856201171875
24.585,-0.0,0.007874015748031496,-0.0078125,0.0,0.0,-0.0,-0.0,0.0,0.0,0.0,25.15234375,0.0,0.0,0.0,29.36328125,0.0,0.0,0.0,29.9375,0.0,0.0,0.0,26.4921875,0.0,0.0,29.36328125,0.0,5.483856201171875
24.746,0.0625,0.023622047244094488,-0.0078125,0.0,0.0,-0.0,-0.0,0.0,0.0,0.0,25.7265625,0.0,0.0,0.0,29.5546875,0.0,0.0,0.0,29.9375,0.0,0.0,0.0,26.68359375,0.0,0.0,29.36328125,0.0,5.483856201171875
24.908,0.0625,0.023622047244094488,-0.0078125,0.0,0.0,-0.0,-0.0,0.0,0.0,0.0,25.53515625,0.0,0.0,0.0,29.9375,0.0,0.0,0.0,30.12890625,0.0,0.0,0.0,27.06640625,0.0,0.0,29.171875,0.0,5.483856201171875
25.076,-0.007874015748031496,0.07086614173228346,-0.0078125,0.0,0.0,-0.0,-0.0,0.0,0.0,0.0,25.34375,0.0,0.0,0.0,29.171875,0.0,0.0,0.0,30.3203125,0.0,0.0,0.0,27.06640625,0.0,0.0,28.40625,0.0,5.4643096923828125
25.254,-0.023622047244094488,0.3858267716535433,-0.0078125,0.14173228346456695,-0.14173228346456695,-0.14173228346456695,0.14173228346456695,0.0,1.66796875,9.921875,26.4921875,0.0,-1.6796875,10.7109375,29.36328125,0.0,-1.5703125,9.7890625,29.5546875,0.0,1.49609375,9.921875,26.4921875,0.0,0.0,28.7890625,0.0,5.483856201171875
25.447,-0.03937007874015748,0.4330708661417323,-0.0078125,0.44881889763779526,-0.44881889763779526,-0.44881889763779526,0.44881889763779526,13.44659423828125,4.3046875,20.42578125,24.76953125,0.0,-4.19921875,19.90234375,28.98046875,0.0,-4.40234375,23.05078125,29.9375,0.0,4.2578125,25.80859375,25.7265625,0.0,0.0,28.7890625,0.0,5.474090576171875
25.617,0.0078125,0.0,-0.0078125,0.3700787401574803,-0.3700787401574803,-0.3700787401574803,0.3700787401574803,0.0,3.80859375,15.3046875,24.76953125,0.0,-3.68359375,18.1953125,28.98046875,0.0,-3.9453125,21.73828125,29.74609375,0.0,3.80859375,23.578125,26.68359375,0.0,0.0,28.59765625,0.0,5.483856201171875
25.797,0.0078125,-0.0078125,-0.0078125,0.0,0.0,-0.0,-0.0,5.5716400146484375,0.0,0.0,23.62109375,0.0,0.0,0.0,29.9375,0.0,0.0,0.0,29.9375,0.0,0.0,0.0,27.2578125,0.0,0.0,28.7890625,0.0,5.483856201171875
25.956,0.0078125,-0.078125,-0.0078125,0.0,0.0,-0.0,-0.0,0.0,0.0,0.0,26.68359375,0.0,0.0,0.0,29.5546875,0.0,0.0,0.0,29.74609375,0.0,0.0,0.0,26.68359375,0.0,0.0,28.98046875,0.0,5.483856201171875
26.114,0.0078125,-0.2421875,-0.0078125,0.0,0.0,-0.0,-0.0,0.0,0.0,0.0,25.7265625,0.0,0.0,0.0,30.51171875,0.0,0.0,0.0,29.74609375,0.0,0.0,0.0,26.4921875,0.0,0.0,30.3203125,0.0,5.4545440673828125
26.274,-0.14173228346456693,-0.703125,-0.0078125,-0.4062500000000001,0.4062499999999999,0.4062500000000001,-0.4062499999999999,-3.3211669921875,-4.0,26.3359375,25.7265625,0.0,4.28125,19.11328125,29.36328125,0.0,3.56640625,16.2265625,29.171875,0.0,-3.53125,20.6875,26.68359375,0.0,0.0,28.59765625,0.0,5.474090576171875
26.455,-0.14173228346456693,-0.78125,-0.0078125,-0.6794755125675576,0.810280864847895,0.6794755125675576,-0.810280864847895,2.5879364013671875,-5.16015625,23.31640625,25.34375,0.0,7.00390625,25.28515625,29.5546875,0.0,3.96484375,21.21484375,29.5546875,0.0,-5.95703125,29.09375,26.875,0.0,0.0,28.98046875,0.0,5.4643096923828125
26.617,-0.23622047244094488,-1.0,-0.0078125,-0.7942248469940274,0.9883970129813822,0.7942248469940274,-0.9883970129813822,-16.45623779296875,-5.8359375,20.1640625,25.34375,0.0,7.5546875,23.7109375,30.12890625,0.0,0.0,0.0,30.12890625,0.0,-7.5234375,20.1640625,27.06640625,0.0,0.0,28.98046875,0.0,5.483856201171875
26.789,-0.3228346456692913,-1.0,-0.0078125,-1.0,0.9509916830109525,1.0,-0.9509916830109525,-185.55206298828125,-7.34765625,23.97265625,25.7265625,0.0,8.08984375,24.49609375,29.171875,0.0,0.0,0.0,29.171875,0.0,-7.55859375,21.4765625,26.68359375,0.0,0.0,28.59765625,0.0,5.483856201171875
26.955,-0.2677165354330709,-1.0,-0.0078125,-1.0,0.7499633985838186,1.0,-0.7499633985838186,30.85699462890625,-8.296875,27.25390625,24.76953125,0.0,6.30078125,18.32421875,30.12890625,0.0,0.0,0.0,29.74609375,0.0,-6.35546875,12.41796875,25.91796875,0.0,0.0,29.9375,0.0,5.474090576171875
27.146,-0.007874015748031496,-0.390625,-0.0078125,-0.8432149053164842,1.0,0.8432149053164842,-1.0,-24.726806640625,-6.5546875,22.7890625,25.34375,0.0,7.4140625,29.48828125,30.3203125,0.0,0.0,0.0,29.171875,0.0,-9.10546875,24.3671875,26.4921875,0.0,0.0,28.7890625,0.0,5.483856201171875
27.315,0.0078125,-0.84375,-0.0078125,-0.3593750000000001,0.3593749999999999,0.3593750000000001,-0.3593749999999999,0.0,-3.91796875,17.5390625,25.7265625,0.0,3.80078125,9.52734375,29.36328125,0.0,0.0,0.0,29.9375,0.0,-3.22265625,0.0,26.68359375,0.0,0.0,30.12890625,0.0,5.4643096923828125
27.488,0.0234375,-0.4765625,0.8110236220472441,-0.8281250000000002,0.8281249999999998,0.8281250000000002,-0.8281249999999998,0.0,-6.69921875,29.6171875,24.9609375,0.0,7.421875,24.1015625,30.703125,0.0,0.0,0.0,29.9375,0.0,-6.7578125,16.09375,26.875,0.0,0.0,30.51171875,0.0,5.474090576171875
27.655,0.0234375,-0.3203125,1.0,-0.172699069286453,0.9999999999999997,1.0,-0.17269906928645282,0.0,-1.5859375,13.3359375,25.7265625,0.0,9.06640625,32.11328125,29.74609375,0.0,0.0,0.0,30.12890625,0.0,-1.67578125,0.0,25.91796875,0.0,0.0,28.40625,0.0,5.4643096923828125
27.808,0.0234375,-0.203125,0.25984251968503935,-0.11298413625113159,0.9999999999999998,1.0,-0.11298413625113136,9.494598388671875,-1.09375,19.90234375,25.7265625,0.0,9.27734375,31.8515625,29.36328125,0.0,0.0,0.0,30.3203125,0.0,-1.33203125,0.0,26.30078125,0.0,0.0,29.171875,0.0,5.4545440673828125
27.978,0.0234375,-0.0234375,0.023622047244094488,-0.10156250000000003,0.10156249999999997,0.10156250000000003,-0.10156249999999997,-8.02264404296875,-1.1875,17.2734375,25.7265625,0.0,1.19140625,0.0,30.89453125,0.0,0.0,0.0,29.5546875,0.0,-1.21875,0.0,26.68359375,0.0,0.0,28.7890625,0.0,5.483856201171875
28.141,0.0234375,0.0,-0.0078125,0.0,0.0,-0.0,-0.0,0.0,0.0,0.0,25.34375,0.0,0.0,0.0,29.5546875,0.0,0.0,0.0,29.9375,0.0,0.0,0.0,26.30078125,0.0,0.0,28.7890625,0.0,5.483856201171875
28.314,0.0234375,-0.390625,0.03937007874015748,0.0,0.0,-0.0,-0.0,0.0,0.0,0.0,25.7265625,0.0,0.0,0.0,28.98046875,0.0,0.0,0.0,30.12890625,0.0,0.0,0.0,26.4921875,0.0,0.0,28.7890625,0.0,5.474090576171875
28.488,-0.05511811023622047,-0.796875,0.07874015748031496,-0.5625000000000001,0.5624999999999999,0.5625000000000001,-0.5624999999999999,0.0,-4.84765625,38.546875,25.53515625,0.0,5.5546875,23.578125,29.5546875,0.0,0.0,0.0,30.12890625,0.0,-5.04296875,19.76953125,26.68359375,0.0,0.0,29.171875,0.0,5.4545440673828125
28.666,0.0078125,0.023622047244094488,0.14960629921259844,-0.6093750000000002,0.6093749999999998,0.6093750000000002,-0.6093749999999998,0.0,-5.20703125,28.171875,24.9609375,0.0,6.01953125,23.7109375,29.5546875,0.0,0.0,0.0,30.12890625,0.0,-6.19140625,24.7578125,26.68359375,0.0,0.0,28.98046875,0.0,5.483856201171875
28.829,0.0078125,0.023622047244094488,0.9763779527559056,0.05598425196850394,0.22748031496062993,0.22748031496062993,0.05598425196850394,-44.859283447265625,0.0,0.0,25.15234375,0.0,2.515625,9.1328125,29.74609375,0.0,0.0,0.0,30.12890625,0.0,0.0,0.0,26.4921875,0.0,0.0,27.640625,0.0,5.483856201171875
29.004,0.0078125,0.023622047244094488,1.0,0.1975,0.8025,0.8025,0.1975,-10.05780029296875,2.01171875,5.1953125,25.34375,0.0,7.98046875,32.90234375,29.5546875,0.0,0.0,0.0,29.74609375,0.0,1.87109375,18.8515625,25.91796875,0.0,0.0,29.171875,0.0,5.4643096923828125
29.174,0.0078125,0.023622047244094488,0.937007874015748,0.1975,0.8025,0.8025,0.1975,107.6474609375,2.0546875,1.38671875,25.34375,0.0,8.9140625,23.05078125,29.5546875,0.0,0.0,0.0,29.9375,0.0,2.046875,16.75,26.4921875,0.0,0.0,29.36328125,0.0,5.483856201171875
29.336,0.0078125,0.023622047244094488,0.7795275590551181,0.16484251968503938,0.6698031496062992,0.6698031496062992,0.16484251968503938,-21.6588134765625,1.828125,0.0,25.7265625,0.0,7.65234375,21.08203125,29.5546875,0.0,0.0,0.0,29.9375,0.0,1.7421875,15.17578125,26.109375,0.0,0.0,28.7890625,0.0,5.4936370849609375
29.519,0.0078125,0.023622047244094488,0.25984251968503935,0.15706692913385834,0.6382086614173228,0.6382086614173228,0.15706692913385834,-6.955474853515625,1.73828125,0.0,24.76953125,0.0,7.2890625,23.97265625,29.5546875,0.0,0.0,0.0,29.74609375,0.0,1.79296875,12.546875,26.4921875,0.0,0.0,28.98046875,0.0,5.483856201171875
29.693,0.0078125,0.023622047244094488,0.10236220472440945,0.0,0.0,-0.0,-0.0,-13.172012329101562,0.0,0.0,26.109375,0.0,0.0,0.0,29.36328125,0.0,0.0,0.0,29.74609375,0.0,0.0,0.0,27.2578125,0.0,0.0,28.98046875,0.0,5.474090576171875
29.848,0.0078125,0.023622047244094488,1.0,0.04043307086614173,0.16429133858267717,0.16429133858267717,0.04043307086614173,-6.70867919921875,0.0,0.0,26.109375,0.0,1.86328125,7.296875,30.51171875,0.0,1.87109375,10.31640625,30.3203125,0.0,0.0,0.0,26.68359375,0.0,0.0,28.98046875,0.0,5.4936370849609375
30.036,0.0078125,0.023622047244094488,1.0,0.1975,0.8025,0.8025,0.1975,-2.569549560546875,1.734375,6.375,25.15234375,0.0,7.8984375,23.578125,28.7890625,0.0,6.0078125,26.07421875,29.36328125,0.0,1.83203125,7.55859375,26.4921875,0.0,0.0,28.59765625,0.0,5.4643096923828125
30.205,0.0078125,0.023622047244094488,0.007874015748031496,0.17883858267716535,0.7266732283464566,0.7266732283464566,0.17883858267716535,-39.78861999511719,1.76953125,5.58984375,25.34375,0.0,7.27734375,18.1953125,29.74609375,0.0,6.7421875,20.6875,29.5546875,0.0,1.9296875,4.40625,27.44921875,0.0,0.0,29.36328125,0.0,5.483856201171875
30.369,0.0078125,0.023622047244094488,0.0,0.0,0.0,-0.0,-0.0,0.0,0.0,0.0,25.7265625,0.0,0.0,0.0,29.5546875,0.0,0.0,0.0,29.36328125,0.0,0.0,0.0,26.30078125,0.0,0.0,28.59765625,0.0,5.483856201171875
30.535,0.0078125,0.023622047244094488,-0.0078125,0.0,0.0,-0.0,-0.0,0.0,0.0,0.0,25.15234375,0.0,0.0,0.0,29.9375,0.0,0.0,0.0,29.9375,0.0,0.0,0.0,26.68359375,0.0,0.0,29.171875,0.0,5.483856201171875
30.695,0.0078125,0.023622047244094488,-0.0078125,0.0,0.0,-0.0,-0.0,0.0,0.0,0.0,25.7265625,0.0,0.0,0.0,30.12890625,0.0,0.0,0.0,30.3203125,0.0,0.0,0.0,26.875,0.0,0.0,28.21484375,0.0,5.483856201171875
30.856,0.0078125,-0.2265625,-0.0078125,0.0,0.0,-0.0,-0.0,0.0,0.0,0.0,24.9609375,0.0,0.0,0.0,29.36328125,0.0,0.0,0.0,29.9375,0.0,0.0,0.0,26.875,0.0,0.0,28.0234375,0.0,5.4545440673828125
31.034,0.0078125,-0.9453125,0.03937007874015748,-0.3203125000000001,0.3203124999999999,0.3203125000000001,-0.3203124999999999,0.0,-3.3359375,21.34765625,25.34375,0.0,3.3984375,17.14453125,29.36328125,0.0,2.51953125,14.125,29.171875,0.0,-2.1640625,10.0546875,26.30078125,0.0,0.0,28.7890625,0.0,5.474090576171875
31.207,-0.07086614173228346,-1.0,0.047244094488188976,-1.0,0.9999999999999996,1.0,-0.9999999999999996,-109.49217224121094,-6.99609375,40.38671875,25.34375,0.0,7.37890625,34.34375,29.74609375,0.0,5.474090576171875
31.394,-0.14173228346456693,-1.0,0.047244094488188976,-0.7995491448400982,1.0,0.7995491448400982,-1.0,0.0,-5.875,34.4765625,24.1953125,0.0,7.44921875,33.1640625,29.36328125,0.0,0.0,0.0,29.9375,0.0,0.0,0.0,26.68359375,0.0,0.0,28.7890625,0.0,5.483856201171875
31.587,-0.2047244094488189,-1.0,0.047244094488188976,-0.7993958379116625,1.0,0.7993958379116625,-1.0,8.119354248046875,-5.453125,33.42578125,24.9609375,0.0,7.4140625,32.11328125,30.12890625,0.0,0.0,0.0,29.9375,0.0,0.0,0.0,26.30078125,0.0,0.0,29.36328125,0.0,5.4643096923828125
31.753,-0.2204724409448819,-1.0,-0.0078125,-0.8432149053164842,1.0,0.8432149053164842,-1.0,12.595245361328125,-5.87109375,32.63671875,25.15234375,0.0,6.95703125,34.4765625,29.5546875,0.0,0.0,0.0,29.171875,0.0,0.0,0.0,27.2578125,0.0,0.0,28.40625,0.0,5.474090576171875
31.926,-0.2204724409448819,-1.0,-0.0078125,-0.8703542874429676,1.0,0.8703542874429676,-1.0,20.242904663085938,-5.9375,32.90234375,25.15234375,0.0,7.23828125,31.5859375,28.7890625,0.0,0.0,0.0,29.74609375,0.0,0.0,0.0,26.30078125,0.0,0.0,27.2578125,0.0,5.4936370849609375
S: 31.968 159513672734 Fired
32.079,-0.23622047244094488,-1.0,-0.0078125,-0.8703542874429676,1.0,0.8703542874429676,-1.0,0.0,5.4936370849609375
32.215,-0.23622047244094488,-1.0,-0.0078125,-0.8703542874429676,1.0,0.8703542874429676,-1.0,0.0,0.0,0.0,24.76953125,0.0,6.2890625,29.6171875,28.98046875,0.0,0.0,0.0,30.3203125,0.0,0.0,0.0,26.68359375,0.0,0.0,28.59765625,0.0,4.8973541259765625
32.378,-0.23622047244094488,-1.0,-0.0078125,-0.9042601006424342,1.0,0.9042601006424342,-1.0,0.0,0.0,0.0,25.34375,0.0,7.23828125,26.73046875,29.171875,0.0,0.0,0.0,29.5546875,0.0,0.0,0.0,26.875,0.0,0.0,29.36328125,0.0,4.3010711669921875
32.548,-0.03937007874015748,-0.421875,-0.0078125,-0.8079656653139713,1.0,0.8079656653139713,-1.0,0.0,0.0,0.0,24.9609375,0.0,9.20703125,24.49609375,29.5546875,0.0,0.0,0.0,29.5546875,0.0,0.0,0.0,26.109375,0.0,0.0,27.83203125,0.0,4.3890380859375
32.695,0.0078125,0.0,-0.0078125,-0.4218750000000001,0.4218749999999999,0.4218750000000001,-0.4218749999999999,0.0,0.0,0.0,25.91796875,0.0,4.41796875,10.4453125,29.9375,0.0,0.0,0.0,29.74609375,0.0,0.0,0.0,26.4921875,0.0,0.0,28.98046875,0.0,4.81915283203125
32.857,0.0078125,0.0,-0.0078125,0.0,0.0,-0.0,-0.0,0.0,0.0,0.0,25.34375,0.0,0.0,0.0,29.74609375,0.0,0.0,0.0,29.9375,0.0,0.0,0.0,26.30078125,0.0,0.0,28.21484375,0.0,5.3763427734375
33.008,0.0078125,0.0,-0.0078125,0.0,0.0,-0.0,-0.0,0.0,0.0,0.0,25.15234375,0.0,0.0,0.0,29.36328125,0.0,0.0,0.0,30.51171875,0.0,0.0,0.0,26.30078125,0.0,0.0,28.59765625,0.0,5.5522918701171875
33.157,0.0078125,0.0,-0.0078125,0.0,0.0,-0.0,-0.0,0.0,0.0,0.0,25.34375,0.0,0.0,0.0,28.98046875,0.0,0.0,0.0,29.5546875,0.0,0.0,0.0,26.30078125,0.0,0.0,28.40625,0.0,5.5522918701171875
33.314,0.0078125,0.0,-0.0078125,0.0,0.0,-0.0,-0.0,0.0,0.0,0.0,25.53515625,0.0,0.0,0.0,29.74609375,0.0,0.0,0.0,30.12890625,0.0,0.0,0.0,25.7265625,0.0,0.0,29.5546875,0.0,5.5620574951171875
33.479,0.0078125,0.0,-0.0078125,0.0,0.0,-0.0,-0.0,0.0,0.0,0.0,26.109375,0.0,0.0,0.0,29.5546875,0.0,0.0,0.0,29.74609375,0.0,0.0,0.0,26.875,0.0,0.0,27.2578125,0.0,5.5229644775390625
33.646,0.0078125,0.0,-0.0078125,0.0,0.0,-0.0,-0.0,0.0,0.0,0.0,25.34375,0.0,0.0,0.0,30.12890625,0.0,0.0,0.0,29.9375,0.0,0.0,0.0,26.875,0.0,0.0,28.98046875,0.0,5.4936370849609375
33.808,0.0078125,0.0,-0.0078125,0.0,0.0,-0.0,-0.0,0.0,0.0,0.0,25.34375,0.0,0.0,0.0,29.5546875,0.0,0.0,0.0,29.9375,0.0,0.0,0.0,27.06640625,0.0,0.0,28.59765625,0.0,5.483856201171875
33.974,0.0078125,0.0,-0.0078125,0.0,0.0,-0.0,-0.0,0.0,0.0,0.0,25.53515625,0.0,0.0,0.0,29.36328125,0.0,0.0,0.0,29.9375,0.0,0.0,0.0,26.875,0.0,0.0,29.5546875,0.0,5.4936370849609375
34.148,0.0078125,0.0,-0.0078125,0.0,0.0,-0.0,-0.0,0.0,0.0,0.0,25.7265625,0.0,0.0,0.0,29.74609375,0.0,0.0,0.0,29.5546875,0.0,0.0,0.0,26.68359375,0.0,0.0,29.171875,0.0,5.4936370849609375
34.307,0.0078125,0.0,-0.0078125,0.0,0.0,-0.0,-0.0,0.0,0.0,0.0,25.34375,0.0,0.0,0.0,29.9375,0.0,0.0,0.0,29.74609375,0.0,0.0,0.0,26.4921875,0.0,0.0,28.7890625,0.0,5.4936370849609375
34.478,0.0078125,0.0,-0.0078125,0.0,0.0,-0.0,-0.0,0.0,0.0,0.0,25.15234375,0.0,0.0,0.0,29.171875,0.0,0.0,0.0,30.12890625,0.0,0.0,0.0,26.30078125,0.0,0.0,30.51171875,0.0,5.4936370849609375
34.647,0.0078125,0.0,-0.0078125,0.0,0.0,-0.0,-0.0,0.0,0.0,0.0,25.91796875,0.0,0.0,0.0,29.5546875,0.0,0.0,0.0,30.12890625,0.0,0.0,0.0,26.4921875,0.0,0.0,29.171875,0.0,5.483856201171875
34.807,0.0078125,0.0,-0.3203125,0.0,0.0,-0.0,-0.0,0.0,0.0,0.0,25.34375,0.0,0.0,0.0,29.36328125,0.0,0.0,0.0,30.3203125,0.0,0.0,0.0,26.4921875,0.0,0.0,28.0234375,0.0,5.483856201171875
34.976,0.0078125,0.0,-0.6640625,-0.08486328125,-0.34482421875,-0.34482421875,-0.08486328125,0.0,-0.890625,7.03125,25.34375,0.0,-3.515625,15.9609375,29.36328125,0.0,-3.45703125,13.07421875,29.74609375,0.0,-0.87109375,0.0,26.875,0.0,0.0,30.12890625,0.0,5.4545440673828125
35.153,0.0078125,0.0,-0.421875,-0.13578125000000002,-0.55171875,-0.55171875,-0.13578124999999996,0.0,-1.3515625,7.953125,25.15234375,0.0,-5.02734375,19.5078125,28.98046875,0.0,-5.31640625,18.71875,29.5546875,0.0,-1.45703125,6.375,26.4921875,0.0,0.0,28.98046875,0.0,5.4936370849609375
35.324,0.0078125,0.0,-0.0078125,0.0,0.0,-0.0,-0.0,0.0,0.0,0.0,25.15234375,0.0,0.0,0.0,29.36328125,0.0,0.0,0.0,29.9375,0.0,0.0,0.0,26.68359375,0.0,0.0,29.171875,0.0,5.483856201171875
35.487,0.0078125,0.023622047244094488,-0.0078125,0.0,0.0,-0.0,-0.0,0.0,0.0,0.0,26.4921875,0.0,0.0,0.0,29.36328125,0.0,0.0,0.0,30.12890625,0.0,0.0,0.0,26.875,0.0,0.0,28.98046875,0.0,5.4936370849609375
35.647,0.0078125,0.023622047244094488,-0.0078125,0.0,0.0,-0.0,-0.0,0.0,0.0,0.0,26.109375,0.0,0.0,0.0,29.36328125,0.0,0.0,0.0,29.9375,0.0,0.0,0.0,26.4921875,0.0,0.0,28.59765625,0.0,5.4936370849609375
35.808,0.0078125,0.023622047244094488,-0.0078125,0.0,0.0,-0.0,-0.0,0.0,0.0,0.0,25.7265625,0.0,0.0,0.0,29.5546875,0.0,0.0,0.0,29.9375,0.0,0.0,0.0,26.68359375,0.0,0.0,29.5546875,0.0,5.4936370849609375
35.967,0.0078125,0.023622047244094488,-0.0078125,0.0,0.0,-0.0,-0.0,0.0,0.0,0.0,26.109375,0.0,0.0,0.0,29.9375,0.0,0.0,0.0,29.74609375,0.0,0.0,0.0,26.68359375,0.0,0.0,29.74609375,0.0,5.4936370849609375
36.128,0.0078125,0.023622047244094488,-0.0078125,0.0,0.0,-0.0,-0.0,0.0,0.0,0.0,24.76953125,0.0,0.0,0.0,29.36328125,0.0,0.0,0.0,29.9375,0.0,0.0,0.0,26.875,0.0,0.0,28.40625,0.0,5.4936370849609375
36.287,0.0078125,0.023622047244094488,-0.0078125,0.0,0.0,-0.0,-0.0,0.0,0.0,0.0,25.91796875,0.0,0.0,0.0,29.9375,0.0,0.0,0.0,30.12890625,0.0,0.0,0.0,26.68359375,0.0,0.0,30.51171875,0.0,5.483856201171875
36.448,0.0078125,0.023622047244094488,-0.0078125,0.0,0.0,-0.0,-0.0,0.0,0.0,0.0,25.53515625,0.0,0.0,0.0,29.5546875,0.0,0.0,0.0,30.3203125,0.0,0.0,0.0,26.68359375,0.0,0.0,29.36328125,0.0,5.4936370849609375
36.606,0.0078125,0.023622047244094488,-0.0078125,0.0,0.0,-0.0,-0.0,0.0,0.0,0.0,25.34375,0.0,0.0,0.0,29.5546875,0.0,0.0,0.0,29.9375,0.0,0.0,0.0,26.68359375,0.0,0.0,28.21484375,0.0,5.4936370849609375
36.769,0.0078125,0.023622047244094488,-0.0078125,0.0,0.0,-0.0,-0.0,0.0,0.0,0.0,25.53515625,0.0,0.0,0.0,29.74609375,0.0,0.0,0.0,30.3203125,0.0,0.0,0.0,26.4921875,0.0,0.0,29.5546875,0.0,5.4936370849609375
36.948,0.0078125,0.023622047244094488,-0.0078125,0.0,0.0,-0.0,-0.0,0.0,0.0,0.0,25.7265625,0.0,0.0,0.0,29.9375,0.0,0.0,0.0,29.74609375,0.0,0.0,0.0,26.109375,0.0,0.0,28.98046875,0.0,5.4936370849609375
37.117,0.0078125,0.023622047244094488,-0.0078125,0.0,0.0,-0.0,-0.0,0.0,0.0,0.0,25.91796875,0.0,0.0,0.0,29.171875,0.0,0.0,0.0,29.9375,0.0,0.0,0.0,26.4921875,0.0,0.0,29.36328125,0.0,5.474090576171875
37.288,0.0078125,0.023622047244094488,-0.0078125,0.0,0.0,-0.0,-0.0,0.0,0.0,0.0,24.76953125,0.0,0.0,0.0,29.36328125,0.0,0.0,0.0,29.74609375,0.0,0.0,0.0,27.2578125,0.0,0.0,28.7890625,0.0,5.4936370849609375
37.465,0.0078125,0.023622047244094488,-0.0078125,0.0,0.0,-0.0,-0.0,0.0,0.0,0.0,26.4921875,0.0,0.0,0.0,29.36328125,0.0,0.0,0.0,30.12890625,0.0,0.0,0.0,26.30078125,0.0,0.0,29.9375,0.0,5.4936370849609375
37.708,0.0078125,0.023622047244094488,-0.0078125,0.0,0.0,-0.0,-0.0,0.0,0.0,0.0,25.7265625,0.0,0.0,0.0,29.171875,0.0,0.0,0.0,29.5546875,0.0,0.0,0.0,26.30078125,0.0,0.0,30.12890625,0.0,5.4936370849609375
37.867,0.0078125,0.14173228346456693,-0.0078125,0.0,0.0,-0.0,-0.0,0.0,0.0,0.0,25.15234375,0.0,0.0,0.0,29.74609375,0.0,0.0,0.0,29.9375,0.0,0.0,0.0,26.30078125,0.0,0.0,28.7890625,0.0,5.483856201171875
38.027,-0.14173228346456693,0.6220472440944882,-0.0078125,0.22047244094488191,-0.22047244094488191,-0.22047244094488191,0.22047244094488191,0.0,2.26953125,14.78125,25.15234375,0.0,-2.3125,13.73046875,29.171875,0.0,-1.62890625,9.921875,29.9375,0.0,1.5078125,9.52734375,26.68359375,0.0,0.0,29.36328125,0.0,5.483856201171875
38.196,-0.2204724409448819,1.0,-0.0078125,0.9950669006533319,-0.8127179894961478,-0.9950669006533319,0.8127179894961478,0.0,6.74609375,28.04296875,25.91796875,0.0,-5.03125,26.859375,28.98046875,0.0,5.483856201171875
38.398,-0.07086614173228346,0.5275590551181102,-0.0078125,1.0,-0.9042601006424347,-1.0,0.9042601006424347,0.0,6.95703125,28.3046875,25.7265625,0.0,-5.56640625,30.40625,28.7890625,0.0,0.0,0.0,29.74609375,0.0,0.0,0.0,26.4921875,0.0,0.0,29.171875,0.0,5.4936370849609375
38.57,-0.0,0.05511811023622047,-0.0078125,0.0,0.0,-0.0,-0.0,0.0,0.0,0.0,25.91796875,0.0,0.0,0.0,29.9375,0.0,0.0,0.0,29.171875,0.0,0.0,0.0,26.109375,0.0,0.0,30.3203125,0.0,5.483856201171875
38.733,-0.14173228346456693,0.44881889763779526,-0.0078125,0.0,0.0,-0.0,-0.0,0.0,0.0,0.0,25.53515625,0.0,0.0,0.0,29.74609375,0.0,0.0,0.0,29.74609375,0.0,0.0,0.0,26.4921875,0.0,0.0,29.5546875,0.0,5.474090576171875
38.907,-0.2047244094488189,1.0,-0.0078125,0.7844762522054466,-0.6935887347589506,-0.7844762522054466,0.6935887347589506,0.0,4.6015625,26.07421875,24.9609375,0.0,-4.26953125,22.1328125,28.98046875,0.0,5.483856201171875
39.096,-0.2204724409448819,1.0,-0.0078125,1.0,-0.8432149053164842,-1.0,0.8432149053164842,0.0,6.39453125,31.1953125,25.15234375,0.0,-5.21875,32.11328125,29.36328125,0.0,0.0,0.0,29.74609375,0.0,0.0,0.0,26.875,0.0,0.0,29.171875,0.0,5.4643096923828125
39.407,-0.05511811023622047,0.28346456692913385,-0.0078125,0.10236220472440946,-0.10236220472440946,-0.10236220472440946,0.10236220472440946,0.0,1.09765625,8.34765625,25.34375,0.0,-1.1015625,8.609375,29.171875,0.0,0.0,0.0,29.36328125,0.0,0.91015625,6.76953125,26.4921875,0.0,0.0,29.5546875,0.0,5.4936370849609375
39.575,-0.25196850393700787,1.0,-0.0078125,0.4362880120073473,-0.5233664542286204,-0.4362880120073473,0.5233664542286204,0.0,3.5703125,22.7890625,24.38671875,0.0,-3.99609375,22.66015625,28.98046875,0.0,0.0,0.0,29.36328125,0.0,5.474090576171875
39.796,-0.28346456692913385,1.0,-0.0078125,1.0,-0.9453659997989267,-1.0,0.9453659997989267,0.0,6.25390625,27.125,26.109375,0.0,-5.984375,26.07421875,28.98046875,0.0,0.0,0.0,29.36328125,0.0,0.0,0.0,26.4921875,0.0,0.0,29.36328125,0.0,5.4936370849609375
40.114,-0.14173228346456693,0.7401574803149606,-0.0078125,1.0,-0.8432149053164842,-1.0,0.8432149053164842,0.0,6.46484375,27.91015625,25.15234375,0.0,-6.28515625,28.04296875,28.7890625,0.0,0.0,0.0,29.5546875,0.0,0.0,0.0,26.875,0.0,0.0,28.0234375,0.0,5.4936370849609375
40.287,-0.0,0.0,-0.0078125,0.4330708661417323,-0.4330708661417323,-0.4330708661417323,0.4330708661417323,0.0,3.87890625,20.1640625,24.9609375,0.0,-3.671875,21.609375,29.36328125,0.0,0.0,0.0,29.9375,0.0,0.0,0.0,27.06640625,0.0,0.0,27.83203125,0.0,5.483856201171875
40.442,-0.0,0.07086614173228346,-0.0078125,0.0,0.0,-0.0,-0.0,0.0,0.0,0.0,25.15234375,0.0,0.0,0.0,29.5546875,0.0,0.0,0.0,29.9375,0.0,0.0,0.0,26.4921875,0.0,0.0,29.36328125,0.0,5.50341796875
40.608,-0.1732283464566929,1.0,0.0,0.25196850393700787,-0.25196850393700787,-0.25196850393700787,0.25196850393700787,0.0,2.55078125,17.40625,24.38671875,0.0,-2.515625,16.2265625,28.7890625,0.0,0.0,0.0,29.74609375,0.0,0.0,0.0,26.30078125,0.0,0.0,28.0234375,0.0,5.483856201171875
40.796,-0.2047244094488189,1.0,0.0,1.0,-0.8079656653139714,-1.0,0.8079656653139714,0.0,6.39453125,33.953125,25.15234375,0.0,-4.80078125,29.22265625,28.7890625,0.0,5.474090576171875
40.986,-0.0,-0.0078125,0.0,1.0,-0.7966361330867557,-1.0,0.7966361330867557,0.0,6.04296875,31.1953125,25.53515625,0.0,-5.015625,22.39453125,27.640625,0.0,0.0,0.0,29.5546875,0.0,5.483856201171875
41.224,0.0078125,-0.0078125,0.0,0.0,0.0,-0.0,-0.0,0.0,0.0,0.0,25.91796875,0.0,0.0,0.0,30.51171875,0.0,0.0,0.0,29.74609375,0.0,0.0,0.0,26.875,0.0,0.0,28.7890625,0.0,5.483856201171875
41.392,0.0078125,-0.0078125,0.0,0.0,0.0,-0.0,-0.0,0.0,0.0,0.0,25.53515625,0.0,0.0,0.0,29.74609375,0.0,0.0,0.0,29.36328125,0.0,0.0,0.0,26.875,0.0,0.0,29.9375,0.0,5.483856201171875
41.556,0.0078125,-0.0078125,0.0,0.0,0.0,-0.0,-0.0,0.0,0.0,0.0,25.7265625,0.0,0.0,0.0,30.3203125,0.0,0.0,0.0,29.74609375,0.0,0.0,0.0,26.4921875,0.0,0.0,30.12890625,0.0,5.483856201171875
41.708,0.0078125,-0.0078125,0.0,0.0,0.0,-0.0,-0.0,0.0,0.0,0.0,25.34375,0.0,0.0,0.0,29.74609375,0.0,0.0,0.0,29.74609375,0.0,0.0,0.0,26.875,0.0,0.0,28.98046875,0.0,5.483856201171875
41.872,0.0078125,-0.0078125,0.0,0.0,0.0,-0.0,-0.0,0.0,0.0,0.0,25.53515625,0.0,0.0,0.0,29.5546875,0.0,0.0,0.0,29.74609375,0.0,0.0,0.0,26.875,0.0,0.0,28.7890625,0.0,5.483856201171875
42.047,0.0078125,-0.0078125,0.0,0.0,0.0,-0.0,-0.0,0.0,0.0,0.0,25.53515625,0.0,0.0,0.0,29.171875,0.0,0.0,0.0,30.12890625,0.0,0.0,0.0,26.68359375,0.0,0.0,28.7890625,0.0,5.483856201171875
42.216,0.0078125,-0.0078125,0.0,0.0,0.0,-0.0,-0.0,0.0,0.0,0.0,25.91796875,0.0,0.0,0.0,29.5546875,0.0,0.0,0.0,29.9375,0.0,0.0,0.0,27.44921875,-8.4375,24.49609375,28.98046875,0.0,5.483856201171875
42.375,0.0078125,-0.0078125,0.0,0.0,0.0,-0.0,-0.0,0.0,0.0,0.0,24.9609375,0.0,0.0,0.0,30.89453125,0.0,0.0,0.0,29.9375,0.0,0.0,0.0,26.68359375,-9.140625,16.09375,28.98046875,0.0,5.483856201171875
42.545,0.0078125,-0.0078125,0.0,0.0,0.0,-0.0,-0.0,0.0,0.0,0.0,26.109375,0.0,0.0,0.0,29.36328125,0.0,0.0,0.0,29.74609375,0.0,0.0,0.0,26.4921875,-9.59765625,11.62890625,29.171875,0.0,5.483856201171875
42.715,0.0078125,-0.0078125,0.0,0.0,0.0,-0.0,-0.0,0.0,0.0,0.0,25.34375,0.0,0.0,0.0,28.98046875,0.0,0.0,0.0,29.74609375,0.0,0.0,0.0,27.06640625,-9.94921875,8.87109375,29.36328125,0.0,5.483856201171875
42.874,0.0078125,-0.0078125,0.0,0.0,0.0,-0.0,-0.0,0.0,0.0,0.0,24.00390625,0.0,0.0,0.0,29.9375,0.0,0.0,0.0,29.5546875,0.0,0.0,0.0,26.875,-10.265625,7.8203125,28.59765625,0.0,5.483856201171875
43.044,0.0078125,-0.0078125,0.0,0.0,0.0,-0.0,-0.0,0.0,0.0,0.0,25.7265625,0.0,0.0,0.0,30.3203125,0.0,0.0,0.0,29.5546875,0.0,0.0,0.0,27.2578125,-10.08984375,6.5078125,30.12890625,0.0,5.483856201171875
43.216,0.0078125,-0.0078125,0.0,0.0,0.0,-0.0,-0.0,0.0,0.0,0.0,25.34375,0.0,0.0,0.0,29.36328125,0.0,0.0,0.0,29.36328125,0.0,0.0,0.0,26.4921875,0.0,0.0,28.0234375,0.0,5.483856201171875
43.384,0.0078125,-0.0078125,0.0,0.0,0.0,-0.0,-0.0,0.0,0.0,0.0,25.7265625,0.0,0.0,0.0,29.36328125,0.0,0.0,0.0,30.12890625,0.0,0.0,0.0,26.68359375,0.0,0.0,28.59765625,0.0,5.483856201171875
43.548,0.0078125,-0.0078125,0.0,0.0,0.0,-0.0,-0.0,0.0,0.0,0.0,25.53515625,0.0,0.0,0.0,30.3203125,0.0,0.0,0.0,29.9375,0.0,0.0,0.0,26.68359375,0.0,0.0,29.5546875,0.0,5.4936370849609375
43.726,0.0078125,-0.0078125,0.0,0.0,0.0,-0.0,-0.0,0.0,0.0,0.0,25.15234375,0.0,0.0,0.0,29.36328125,0.0,0.0,0.0,29.9375,0.0,0.0,0.0,26.875,0.0,0.0,28.98046875,0.0,5.483856201171875
43.885,0.0078125,-0.0078125,0.0,0.0,0.0,-0.0,-0.0,0.0,0.0,0.0,25.91796875,0.0,0.0,0.0,29.5546875,0.0,0.0,0.0,29.74609375,0.0,0.0,0.0,26.68359375,0.0,0.0,28.98046875,0.0,5.4936370849609375
44.048,0.0078125,-0.0078125,0.0,0.0,0.0,-0.0,-0.0,0.0,0.0,0.0,25.53515625,0.0,0.0,0.0,30.51171875,0.0,0.0,0.0,29.5546875,0.0,0.0,0.0,27.06640625,0.0,0.0,28.7890625,0.0,5.483856201171875
44.206,0.0078125,-0.0078125,0.0,0.0,0.0,-0.0,-0.0,0.0,0.0,0.0,25.7265625,0.0,0.0,0.0,30.3203125,0.0,0.0,0.0,29.5546875,0.0,0.0,0.0,26.68359375,-8.33203125,26.46484375,28.59765625,0.0,5.483856201171875
44.365,0.0078125,-0.0078125,0.0,0.0,0.0,-0.0,-0.0,0.0,0.0,0.0,25.34375,0.0,0.0,0.0,29.5546875,0.0,0.0,0.0,29.9375,0.0,0.0,0.0,26.4921875,-9.28125,16.35546875,28.7890625,0.0,5.474090576171875
44.528,0.0078125,-0.0078125,0.0,0.0,0.0,-0.0,-0.0,0.0,0.0,0.0,25.34375,0.0,0.0,0.0,29.36328125,0.0,0.0,0.0,29.36328125,0.0,0.0,0.0,26.4921875,-9.87890625,12.0234375,29.36328125,0.0,5.474090576171875
44.708,0.0078125,-0.0078125,0.0,0.0,0.0,-0.0,-0.0,0.0,0.0,0.0,25.53515625,0.0,0.0,0.0,29.36328125,0.0,0.0,0.0,29.5546875,0.0,0.0,0.0,27.2578125,-9.87890625,9.66015625,28.7890625,0.0,5.483856201171875
44.873,0.0078125,-0.0078125,0.0,0.0,0.0,-0.0,-0.0,0.0,0.0,0.0,25.53515625,0.0,0.0,0.0,29.74609375,0.0,0.0,0.0,30.12890625,0.0,0.0,0.0,26.68359375,-9.80859375,12.0234375,29.171875,0.0,5.483856201171875
45.033,0.0078125,-0.0078125,0.0,0.0,0.0,-0.0,-0.0,0.0,0.0,0.0,25.34375,0.0,0.0,0.0,28.7890625,0.0,0.0,0.0,29.36328125,0.0,0.0,0.0,26.4921875,-8.578125,25.15234375,29.171875,0.0,5.483856201171875
45.195,0.0078125,-0.0078125,0.0,0.0,0.0,-0.0,-0.0,0.0,0.0,0.0,25.15234375,0.0,0.0,0.0,28.98046875,0.0,0.0,0.0,29.5546875,0.0,0.0,0.0,26.30078125,-8.96484375,18.71875,28.98046875,0.0,5.483856201171875
45.356,0.0078125,-0.0078125,0.0,0.0,0.0,-0.0,-0.0,0.0,0.0,0.0,25.53515625,0.0,0.0,0.0,28.98046875,0.0,0.0,0.0,29.74609375,0.0,0.0,0.0,26.4921875,-9.59765625,13.46875,29.171875,0.0,5.483856201171875
45.515,0.0078125,-0.0078125,0.0,0.0,0.0,-0.0,-0.0,0.0,0.0,0.0,25.34375,0.0,0.0,0.0,29.5546875,0.0,0.0,0.0,30.12890625,0.0,0.0,0.0,26.68359375,0.0,0.0,29.5546875,0.0,5.483856201171875
45.675,0.0078125,-0.0078125,0.0,0.0,0.0,-0.0,-0.0,0.0,0.0,0.0,26.109375,0.0,0.0,0.0,30.12890625,0.0,0.0,0.0,29.9375,0.0,0.0,0.0,26.875,0.0,0.0,29.36328125,0.0,5.483856201171875
45.835,0.0078125,-0.0078125,0.0,0.0,0.0,-0.0,-0.0,0.0,0.0,0.0,25.7265625,0.0,0.0,0.0,29.5546875,0.0,0.0,0.0,30.12890625,0.0,0.0,0.0,26.68359375,0.0,0.0,28.7890625,0.0,5.483856201171875
45.988,0.0078125,-0.0078125,0.0,0.0,0.0,-0.0,-0.0,0.0,0.0,0.0,25.34375,0.0,0.0,0.0,29.9375,0.0,0.0,0.0,29.9375,0.0,0.0,0.0,26.30078125,0.0,0.0,29.171875,0.0,5.474090576171875
46.154,0.0078125,-0.0078125,0.0,0.0,0.0,-0.0,-0.0,0.0,0.0,0.0,25.53515625,0.0,0.0,0.0,29.5546875,0.0,0.0,0.0,29.9375,0.0,0.0,0.0,27.06640625,0.0,0.0,28.98046875,0.0,5.474090576171875
46.325,0.0078125,-0.0078125,0.0,0.0,0.0,-0.0,-0.0,0.0,0.0,0.0,26.109375,0.0,0.0,0.0,29.74609375,0.0,0.0,0.0,30.3203125,0.0,0.0,0.0,27.83203125,0.0,0.0,29.171875,0.0,5.483856201171875
46.485,0.0078125,-0.0078125,0.0,0.0,0.0,-0.0,-0.0,0.0,0.0,0.0,25.34375,0.0,0.0,0.0,29.74609375,0.0,0.0,0.0,29.9375,0.0,0.0,0.0,27.06640625,0.0,0.0,29.36328125,0.0,5.483856201171875
46.655,0.0078125,-0.0078125,0.0,0.0,0.0,-0.0,-0.0,0.0,0.0,0.0,26.109375,0.0,0.0,0.0,29.5546875,0.0,0.0,0.0,29.74609375,0.0,0.0,0.0,26.875,0.0,0.0,28.7890625,0.0,5.483856201171875
46.921,0.0078125,-0.0078125,0.0,0.0,0.0,-0.0,-0.0,0.0,0.0,0.0,25.7265625,0.0,0.0,0.0,29.36328125,0.0,0.0,0.0,29.74609375,0.0,0.0,0.0,26.875,0.0,0.0,28.59765625,0.0,5.483856201171875
47.092,0.0078125,-0.0078125,0.0,0.0,0.0,-0.0,-0.0,0.0,0.0,0.0,25.53515625,0.0,0.0,0.0,29.5546875,0.0,0.0,0.0,29.74609375,0.0,0.0,0.0,26.875,0.0,0.0,28.59765625,0.0,5.474090576171875
47.256,0.0078125,-0.0078125,0.0,0.0,0.0,-0.0,-0.0,0.0,0.0,0.0,25.34375,0.0,0.0,0.0,28.98046875,0.0,0.0,0.0,30.51171875,0.0,0.0,0.0,26.4921875,0.0,0.0,28.0234375,0.0,5.483856201171875
47.42,0.0078125,-0.0078125,0.0,0.0,0.0,-0.0,-0.0,0.0,0.0,0.0,26.109375,0.0,0.0,0.0,30.12890625,0.0,0.0,0.0,30.3203125,0.0,0.0,0.0,26.68359375,0.0,0.0,27.83203125,0.0,5.483856201171875
47.586,0.0078125,-0.0078125,0.0,0.0,0.0,-0.0,-0.0,0.0,0.0,0.0,25.91796875,0.0,0.0,0.0,30.703125,0.0,0.0,0.0,30.51171875,0.0,0.0,0.0,26.875,0.0,0.0,29.74609375,0.0,5.483856201171875
47.747,0.0078125,-0.0078125,0.0,0.0,0.0,-0.0,-0.0,0.0,0.0,0.0,25.91796875,0.0,0.0,0.0,29.5546875,0.0,0.0,0.0,30.12890625,0.0,0.0,0.0,26.875,0.0,0.0,29.36328125,0.0,5.483856201171875
47.916,0.0078125,-0.0078125,0.0,0.0,0.0,-0.0,-0.0,0.0,0.0,0.0,25.34375,0.0,0.0,0.0,29.36328125,0.0,0.0,0.0,29.5546875,0.0,0.0,0.0,27.44921875,0.0,0.0,28.98046875,0.0,5.474090576171875
48.075,0.0078125,-0.0078125,0.0,0.0,0.0,-0.0,-0.0,0.0,0.0,0.0,25.53515625,0.0,0.0,0.0,29.74609375,0.0,0.0,0.0,30.12890625,0.0,0.0,0.0,26.875,0.0,0.0,29.5546875,0.0,5.474090576171875
48.236,0.0078125,-0.0078125,0.0,0.0,0.0,-0.0,-0.0,0.0,0.0,0.0,25.15234375,0.0,0.0,0.0,29.5546875,0.0,0.0,0.0,30.12890625,0.0,0.0,0.0,26.4921875,0.0,0.0,28.98046875,0.0,5.4936370849609375
48.396,0.0078125,-0.0078125,0.0,0.0,0.0,-0.0,-0.0,0.0,0.0,0.0,25.7265625,0.0,0.0,0.0,30.12890625,0.0,0.0,0.0,30.12890625,0.0,0.0,0.0,26.68359375,0.0,0.0,29.5546875,0.0,5.483856201171875
48.575,0.0078125,0.03937007874015748,0.0,0.0,0.0,-0.0,-0.0,0.0,0.0,0.0,25.7265625,0.0,0.0,0.0,29.5546875,0.0,0.0,0.0,30.3203125,0.0,0.0,0.0,26.875,0.0,0.0,28.98046875,0.0,5.483856201171875
48.733,0.0078125,0.03937007874015748,0.0,0.0,0.0,-0.0,-0.0,0.0,0.0,0.0,26.109375,0.0,0.0,0.0,29.74609375,0.0,0.0,0.0,29.9375,0.0,0.0,0.0,26.68359375,0.0,0.0,28.59765625,0.0,5.474090576171875
48.888,0.0078125,0.03937007874015748,0.0,0.0,0.0,-0.0,-0.0,0.0,0.0,0.0,26.68359375,0.0,0.0,0.0,29.5546875,0.0,0.0,0.0,29.9375,0.0,0.0,0.0,27.2578125,0.0,0.0,29.36328125,0.0,5.474090576171875
49.045,0.0234375,0.03937007874015748,0.0,0.0,0.0,-0.0,-0.0,0.0,0.0,0.0,25.15234375,0.0,0.0,0.0,28.98046875,0.0,0.0,0.0,29.74609375,0.0,0.0,0.0,27.44921875,0.0,0.0,29.171875,0.0,5.483856201171875
49.208,0.0625,-0.0078125,0.03937007874015748,0.0,0.0,-0.0,-0.0,0.0,0.0,0.0,25.7265625,0.0,0.0,0.0,29.5546875,0.0,0.0,0.0,29.9375,0.0,0.0,0.0,26.30078125,0.0,0.0,28.98046875,0.0,5.483856201171875
49.366,0.25,-0.0703125,0.0,0.0,0.0,-0.0,-0.0,0.0,0.0,0.0,25.15234375,0.0,0.0,0.0,29.5546875,0.0,0.0,0.0,29.5546875,0.0,0.0,0.0,26.4921875,0.0,0.0,29.36328125,0.0,5.4936370849609375
49.527,0.3828125,-0.1171875,0.0,0.25279844128987383,0.35928174818086056,-0.25279844128987383,-0.35928174818086056,0.0,2.70703125,13.9921875,24.578125,0.0,3.80078125,16.6171875,28.7890625,0.0,-2.625,11.62890625,29.9375,0.0,-3.625,21.08203125,26.68359375,0.0,0.0,28.7890625,0.0,5.4349822998046875
49.69,0.3046875,-0.1171875,0.06299212598425197,0.3811904846928544,0.4386058362569211,-0.3811904846928544,-0.4386058362569211,0.0,3.83203125,14.78125,24.76953125,0.0,4.23828125,12.94140625,29.5546875,0.0,-3.8359375,15.4375,29.74609375,0.0,-4.66015625,19.375,27.2578125,0.0,0.0,28.7890625,0.0,5.474090576171875
49.859,0.1171875,-0.0078125,0.33070866141732286,0.2265625,0.22656250000000006,-0.2265625,-0.22656250000000006,0.0,2.625,6.11328125,24.9609375,0.0,2.546875,5.0625,31.0859375,0.0,-2.64453125,4.80078125,29.74609375,0.0,-2.56640625,3.75,27.44921875,0.0,0.0,28.40625,0.0,5.483856201171875
50.032,0.0234375,0.0,0.3464566929133858,0.21197588582677168,0.5502042322834646,0.34707923228346454,0.008850885826771682,0.0,2.31640625,4.66796875,25.34375,0.0,6.16796875,20.42578125,29.36328125,0.0,3.390625,23.4453125,29.5546875,0.0,0.0,0.0,27.2578125,0.0,0.0,28.40625,0.0,5.474090576171875
50.195,0.0234375,0.0,0.3464566929133858,0.0,0.0,-0.0,-0.0,0.0,0.0,0.0,25.15234375,0.0,0.0,0.0,29.74609375,0.0,0.0,0.0,29.9375,0.0,0.0,0.0,26.109375,0.0,0.0,28.40625,0.0,5.5229644775390625
50.361,0.0234375,0.0,0.8818897637795275,0.15395669291338587,0.6255708661417322,0.6255708661417322,0.15395669291338587,0.0,1.48046875,3.2265625,25.7265625,0.0,5.84765625,16.75,30.3203125,0.0,5.4296875,25.94140625,29.5546875,0.0,1.5234375,8.4765625,26.875,0.0,0.0,28.59765625,0.0,5.4936370849609375
50.549,0.0234375,0.0,0.7795275590551181,0.14929133858267718,0.6066141732283464,0.6066141732283464,0.14929133858267718,0.0,1.53515625,3.2265625,25.34375,0.0,6.203125,16.35546875,29.171875,0.0,5.83984375,15.56640625,29.36328125,0.0,1.4765625,4.01171875,26.30078125,0.0,0.0,28.0234375,0.0,5.474090576171875
50.729,0.0234375,0.0,0.4015748031496063,0.18505905511811027,0.7519488188976378,0.7519488188976378,0.18505905511811027,0.0,1.78515625,4.66796875,24.9609375,0.0,7.3203125,16.8828125,29.5546875,0.0,6.73828125,18.32421875,29.9375,0.0,1.96875,4.27734375,26.68359375,0.0,0.0,28.7890625,0.0,5.483856201171875
50.906,0.0234375,0.0,-0.046875,0.0,0.0,-0.0,-0.0,0.0,0.0,0.0,26.4921875,0.0,0.0,0.0,29.5546875,0.0,0.0,0.0,30.3203125,0.0,0.0,0.0,27.44921875,0.0,0.0,28.40625,0.0,5.483856201171875
51.075,0.1015625,0.0,-0.046875,0.0,0.0,-0.0,-0.0,0.0,0.0,0.0,25.53515625,0.0,0.0,0.0,29.36328125,0.0,0.0,0.0,30.51171875,0.0,0.0,0.0,26.68359375,0.0,0.0,28.59765625,0.0,5.5229644775390625
51.247,0.546875,-0.0703125,-0.046875,0.24999999999999997,0.25000000000000006,-0.24999999999999997,-0.25000000000000006,0.0,2.6796875,13.859375,26.68359375,0.0,2.57421875,12.6796875,29.36328125,0.0,-2.40234375,13.07421875,29.9375,0.0,-2.35546875,14.38671875,26.68359375,0.0,0.0,28.98046875,0.0,5.474090576171875
51.43,0.4375,-0.0859375,-0.046875,0.5468749999999999,0.5468750000000001,-0.5468749999999999,-0.5468750000000001,0.0,4.66796875,20.1640625,25.53515625,0.0,4.6875,17.14453125,29.74609375,0.0,-5.0,15.83203125,29.5546875,0.0,-4.88671875,23.578125,26.875,0.0,0.0,27.06640625,0.0,5.4643096923828125
51.608,0.4140625,-0.0859375,-0.046875,0.43749999999999994,0.43750000000000006,-0.43749999999999994,-0.43750000000000006,0.0,4.3671875,13.59765625,26.4921875,0.0,4.1640625,8.87109375,29.36328125,0.0,-4.4453125,8.21484375,30.12890625,0.0,-4.5390625,10.83984375,26.875,0.0,0.0,28.98046875,0.0,5.483856201171875
51.778,0.3984375,-0.0859375,-0.046875,0.41406249999999994,0.41406250000000006,-0.41406249999999994,-0.41406250000000006,0.0,4.29296875,12.28515625,24.9609375,0.0,4.16015625,8.87109375,29.36328125,0.0,-4.44140625,7.953125,29.9375,0.0,-4.42578125,9.7890625,26.4921875,0.0,0.0,28.7890625,0.0,5.483856201171875
51.95,0.3984375,-0.0859375,-0.046875,0.3984375,0.3984375000000001,-0.3984375,-0.3984375000000001,0.0,4.26953125,9.265625,25.53515625,0.0,4.2265625,7.1640625,29.5546875,0.0,-4.34375,8.609375,30.3203125,0.0,-4.38671875,7.55859375,27.44921875,0.0,0.0,28.7890625,0.0,5.474090576171875
52.127,0.34375,-0.0078125,-0.046875,0.3984375,0.3984375000000001,-0.3984375,-0.3984375000000001,0.0,4.35546875,8.21484375,25.15234375,0.0,4.2421875,6.24609375,29.5546875,0.0,-4.44140625,7.03125,30.12890625,0.0,-4.4140625,9.921875,26.68359375,0.0,0.0,28.40625,0.0,5.50341796875
52.297,0.34375,-0.0078125,-0.046875,0.34375,0.3437500000000001,-0.34375,-0.3437500000000001,0.0,3.9375,6.11328125,26.30078125,0.0,3.8046875,4.93359375,29.5546875,0.0,-3.96484375,4.01171875,30.12890625,0.0,-3.94140625,4.66796875,27.44921875,0.0,0.0,28.59765625,0.0,5.4643096923828125
52.477,0.4375,-0.0078125,-0.046875,0.34375,0.3437500000000001,-0.34375,-0.3437500000000001,0.0,3.92578125,5.71875,25.7265625,0.0,3.81640625,4.40625,29.36328125,0.0,-3.90625,5.1953125,29.9375,0.0,-3.85546875,6.5078125,27.06640625,0.0,0.0,27.83203125,0.0,5.4643096923828125
52.648,0.3828125,-0.0078125,-0.046875,0.43749999999999994,0.43750000000000006,-0.43749999999999994,-0.43750000000000006,0.0,4.6875,9.3984375,24.76953125,0.0,4.48828125,7.55859375,29.74609375,0.0,-4.87890625,8.08203125,29.5546875,0.0,-4.81640625,12.28515625,26.4921875,0.0,0.0,28.59765625,0.0,5.483856201171875
52.829,0.1015625,0.0,-0.046875,0.32031249999999994,0.32031250000000006,-0.32031249999999994,-0.32031250000000006,0.0,3.73828125,4.14453125,26.109375,0.0,3.66796875,3.2265625,29.5546875,0.0,-3.78515625,3.48828125,30.12890625,0.0,-3.78515625,4.01171875,26.4921875,0.0,0.0,29.171875,0.0,5.483856201171875
53.016,-0.0,0.0,-0.046875,0.0,0.0,-0.0,-0.0,0.0,0.0,0.0,25.91796875,0.0,0.0,0.0,28.98046875,0.0,0.0,0.0,30.51171875,0.0,0.0,0.0,26.875,0.0,0.0,28.59765625,0.0,5.483856201171875
53.186,-0.07086614173228346,0.0,-0.046875,0.0,0.0,-0.0,-0.0,0.0,0.0,0.0,25.7265625,0.0,0.0,0.0,29.36328125,0.0,0.0,0.0,30.3203125,0.0,0.0,0.0,26.68359375,0.0,0.0,28.59765625,0.0,5.483856201171875
53.352,-0.0,0.0,-0.046875,0.0,0.0,-0.0,-0.0,0.0,0.0,0.0,25.53515625,0.0,0.0,0.0,29.171875,0.0,0.0,0.0,30.12890625,0.0,0.0,0.0,26.4921875,0.0,0.0,28.98046875,0.0,5.474090576171875
53.525,-0.0,0.0,-0.046875,0.0,0.0,-0.0,-0.0,0.0,0.0,0.0,25.15234375,0.0,0.0,0.0,30.3203125,0.0,0.0,0.0,29.5546875,0.0,0.0,0.0,27.06640625,0.0,0.0,28.59765625,0.0,5.483856201171875
53.695,0.0078125,0.0,-0.046875,0.0,0.0,-0.0,-0.0,0.0,0.0,0.0,25.91796875,0.0,0.0,0.0,30.3203125,0.0,0.0,0.0,30.12890625,0.0,0.0,0.0,26.875,0.0,0.0,28.59765625,0.0,5.474090576171875
53.856,0.1171875,0.0,-0.046875,0.0,0.0,-0.0,-0.0,0.0,0.0,0.0,25.15234375,0.0,0.0,0.0,29.5546875,0.0,0.0,0.0,29.74609375,0.0,0.0,0.0,26.4921875,0.0,0.0,29.171875,0.0,5.4936370849609375
54.017,0.2109375,0.0,-0.046875,0.13281249999999997,0.13281250000000003,-0.13281249999999997,-0.13281250000000003,0.0,1.58984375,2.83203125,26.109375,0.0,1.55859375,2.5703125,29.9375,0.0,-1.59375,3.35546875,30.12890625,0.0,-1.5859375,2.69921875,26.68359375,0.0,0.0,28.0234375,0.0,5.4545440673828125
54.188,0.2265625,0.0,-0.046875,0.2265625,0.22656250000000006,-0.2265625,-0.22656250000000006,0.0,2.6171875,8.4765625,25.7265625,0.0,2.5,7.1640625,30.51171875,0.0,-2.62890625,6.90234375,30.51171875,0.0,-2.62890625,8.34765625,26.875,0.0,0.0,27.2578125,0.0,5.4643096923828125
54.368,0.0390625,0.0,-0.046875,0.2265625,0.22656250000000006,-0.2265625,-0.22656250000000006,0.0,2.6328125,6.375,25.34375,0.0,2.515625,7.1640625,29.5546875,0.0,-2.66796875,6.5078125,30.12890625,0.0,-2.66015625,8.4765625,26.30078125,0.0,0.0,28.7890625,0.0,5.483856201171875
54.528,0.1015625,0.0,-0.046875,0.0,0.0,-0.0,-0.0,0.0,0.0,0.0,25.53515625,0.0,0.0,0.0,29.9375,0.0,0.0,0.0,29.74609375,0.0,0.0,0.0,26.875,0.0,0.0,28.98046875,0.0,5.474090576171875
54.696,0.0234375,0.0,-0.046875,0.11718749999999999,0.11718750000000001,-0.11718749999999999,-0.11718750000000001,0.0,1.41015625,3.48828125,25.7265625,0.0,1.390625,0.0,29.5546875,0.0,-1.41796875,3.09375,30.3203125,0.0,-1.41796875,2.4375,26.875,0.0,0.0,29.171875,0.0,5.483856201171875
54.868,-0.0,0.0,-0.046875,0.0,0.0,-0.0,-0.0,0.0,0.0,0.0,25.91796875,0.0,0.0,0.0,29.5546875,0.0,0.0,0.0,30.3203125,0.0,0.0,0.0,26.30078125,0.0,0.0,28.98046875,0.0,5.483856201171875
55.03,0.0625,0.0,-0.046875,0.0,0.0,-0.0,-0.0,0.0,0.0,0.0,25.15234375,0.0,0.0,0.0,29.74609375,0.0,0.0,0.0,29.9375,0.0,0.0,0.0,27.44921875,0.0,0.0,28.21484375,0.0,5.483856201171875
55.193,0.078125,0.0,-0.046875,0.0,0.0,-0.0,-0.0,0.0,0.0,0.0,25.91796875,0.0,0.0,0.0,29.36328125,0.0,0.0,0.0,29.9375,0.0,0.0,0.0,26.68359375,0.0,0.0,28.98046875,0.0,5.483856201171875
55.353,0.1328125,0.0,-0.046875,0.0,0.0,-0.0,-0.0,0.0,0.0,0.0,25.34375,0.0,0.0,0.0,29.5546875,0.0,0.0,0.0,29.5546875,0.0,0.0,0.0,27.06640625,0.0,0.0,28.7890625,0.0,5.474090576171875
55.515,0.25,0.0,-0.046875,0.15624999999999997,0.15625000000000003,-0.15624999999999997,-0.15625000000000003,0.0,1.8046875,14.125,25.15234375,0.0,1.72265625,10.31640625,28.7890625,0.0,-1.80859375,9.66015625,29.9375,0.0,-1.77734375,12.0234375,27.06640625,0.0,0.0,29.74609375,0.0,5.50341796875
55.676,0.265625,0.0,-0.046875,0.24999999999999997,0.25000000000000006,-0.24999999999999997,-0.25000000000000006,0.0,2.7578125,15.69921875,25.53515625,0.0,2.66796875,9.921875,29.171875,0.0,-2.83984375,11.234375,29.9375,0.0,-2.84765625,11.62890625,26.875,0.0,0.0,28.7890625,0.0,5.474090576171875
55.856,0.078125,0.0,-0.046875,0.171875,0.17187500000000006,-0.171875,-0.17187500000000006,0.0,2.00390625,9.7890625,25.34375,0.0,1.9453125,5.71875,29.5546875,0.0,-2.04296875,5.984375,30.12890625,0.0,-2.0390625,8.21484375,26.68359375,0.0,0.0,28.59765625,0.0,5.483856201171875
56.037,-0.0,0.0,-0.046875,0.0,0.0,-0.0,-0.0,0.0,0.0,0.0,25.7265625,0.0,0.0,0.0,29.9375,0.0,0.0,0.0,30.3203125,0.0,0.0,0.0,26.68359375,0.0,0.0,28.59765625,0.0,5.483856201171875
56.208,-0.0,0.0,-0.046875,0.0,0.0,-0.0,-0.0,0.0,0.0,0.0,26.109375,0.0,0.0,0.0,29.36328125,0.0,0.0,0.0,29.171875,0.0,0.0,0.0,26.30078125,0.0,0.0,28.59765625,0.0,5.483856201171875
56.372,-0.0,0.0,-0.046875,0.0,0.0,-0.0,-0.0,0.0,0.0,0.0,26.109375,0.0,0.0,0.0,29.74609375,0.0,0.0,0.0,29.74609375,0.0,0.0,0.0,27.2578125,0.0,0.0,29.5546875,0.0,5.483856201171875
56.536,0.078125,0.0,-0.046875,0.0,0.0,-0.0,-0.0,0.0,0.0,0.0,25.53515625,0.0,0.0,0.0,29.5546875,0.0,0.0,0.0,30.51171875,0.0,0.0,0.0,26.875,0.0,0.0,28.59765625,0.0,5.483856201171875
56.708,-0.0,0.0,-0.046875,0.0,0.0,-0.0,-0.0,0.0,0.0,0.0,25.34375,0.0,0.0,0.0,29.36328125,0.0,0.0,0.0,29.74609375,0.0,0.0,0.0,27.06640625,0.0,0.0,28.40625,0.0,5.483856201171875
56.867,-0.0,0.0,-0.046875,0.0,0.0,-0.0,-0.0,0.0,0.0,0.0,25.15234375,0.0,0.0,0.0,29.5546875,0.0,0.0,0.0,29.9375,0.0,0.0,0.0,27.06640625,0.0,0.0,28.98046875,0.0,5.474090576171875
57.028,-0.0,0.0,-0.046875,0.0,0.0,-0.0,-0.0,0.0,0.0,0.0,25.7265625,0.0,0.0,0.0,29.171875,0.0,0.0,0.0,30.3203125,0.0,0.0,0.0,26.875,0.0,0.0,28.98046875,0.0,5.483856201171875
57.178,-0.0,0.0,-0.046875,0.0,0.0,-0.0,-0.0,0.0,0.0,0.0,26.4921875,0.0,0.0,0.0,29.36328125,0.0,0.0,0.0,29.74609375,0.0,0.0,0.0,26.875,0.0,0.0,28.59765625,0.0,5.474090576171875
57.346,-0.0,0.0,-0.046875,0.0,0.0,-0.0,-0.0,0.0,0.0,0.0,25.7265625,0.0,0.0,0.0,29.9375,0.0,0.0,0.0,29.9375,0.0,0.0,0.0,27.06640625,0.0,0.0,28.98046875,0.0,5.483856201171875
57.506,-0.0,0.0,-0.046875,0.0,0.0,-0.0,-0.0,0.0,0.0,0.0,25.53515625,0.0,0.0,0.0,29.5546875,0.0,0.0,0.0,30.51171875,0.0,0.0,0.0,26.875,0.0,0.0,28.40625,0.0,5.483856201171875
57.667,-0.0,0.0,-0.046875,0.0,0.0,-0.0,-0.0,0.0,0.0,0.0,25.34375,0.0,0.0,0.0,29.74609375,0.0,0.0,0.0,29.74609375,0.0,0.0,0.0,26.68359375,0.0,0.0,28.98046875,0.0,5.474090576171875
57.82,-0.0,0.0,-0.046875,0.0,0.0,-0.0,-0.0,0.0,0.0,0.0,25.7265625,0.0,0.0,0.0,29.5546875,0.0,0.0,0.0,30.12890625,0.0,0.0,0.0,26.30078125,0.0,0.0,28.7890625,0.0,5.474090576171875
57.984,-0.0,0.0,-0.046875,0.0,0.0,-0.0,-0.0,0.0,0.0,0.0,25.53515625,0.0,0.0,0.0,29.74609375,0.0,0.0,0.0,29.5546875,0.0,0.0,0.0,27.06640625,0.0,0.0,28.59765625,0.0,5.483856201171875
58.154,-0.0,0.0,-0.046875,0.0,0.0,-0.0,-0.0,0.0,0.0,0.0,25.7265625,0.0,0.0,0.0,29.171875,0.0,0.0,0.0,29.9375,0.0,0.0,0.0,27.06640625,0.0,0.0,29.5546875,0.0,5.483856201171875
58.326,-0.0,0.0,-0.046875,0.0,0.0,-0.0,-0.0,0.0,0.0,0.0,25.7265625,0.0,0.0,0.0,30.3203125,0.0,0.0,0.0,29.5546875,0.0,0.0,0.0,26.68359375,0.0,0.0,28.98046875,0.0,5.4936370849609375
58.493,-0.0,0.0,-0.046875,0.0,0.0,-0.0,-0.0,0.0,0.0,0.0,25.7265625,0.0,0.0,0.0,29.74609375,0.0,0.0,0.0,30.12890625,0.0,0.0,0.0,26.4921875,0.0,0.0,28.98046875,0.0,5.474090576171875
58.655,-0.0,0.0,-0.046875,0.0,0.0,-0.0,-0.0,0.0,0.0,0.0,25.7265625,0.0,0.0,0.0,29.9375,0.0,0.0,0.0,29.74609375,0.0,0.0,0.0,27.2578125,0.0,0.0,28.7890625,0.0,5.483856201171875
58.815,-0.0,0.0,-0.046875,0.0,0.0,-0.0,-0.0,0.0,0.0,0.0,25.91796875,0.0,0.0,0.0,29.74609375,0.0,0.0,0.0,30.12890625,0.0,0.0,0.0,27.06640625,0.0,0.0,28.98046875,0.0,5.483856201171875
58.988,-0.0,0.0,-0.046875,0.0,0.0,-0.0,-0.0,0.0,0.0,0.0,26.30078125,0.0,0.0,0.0,29.5546875,0.0,0.0,0.0,29.9375,0.0,0.0,0.0,26.875,0.0,0.0,29.171875,0.0,5.483856201171875
59.147,-0.0,0.0,-0.046875,0.0,0.0,-0.0,-0.0,0.0,0.0,0.0,25.91796875,0.0,0.0,0.0,30.3203125,0.0,0.0,0.0,29.9375,0.0,0.0,0.0,26.68359375,0.0,0.0,28.7890625,0.0,5.483856201171875
59.299,-0.0,0.0,-0.046875,0.0,0.0,-0.0,-0.0,0.0,0.0,0.0,25.7265625,0.0,0.0,0.0,30.3203125,0.0,0.0,0.0,30.12890625,0.0,0.0,0.0,26.68359375,0.0,0.0,27.640625,0.0,5.483856201171875
