Timestamp,Driver_Joy_Y,Driver_Joy_X,Driver_Joy_W,Mecanum_FL,Mecanum_BL,Mecanum_BR,Mecanum_FR,FL_Jag_Speed,FL_Out_Voltage,FL_Out_Current,FL_Temp,BL_Jag_Speed,BL_Out_Voltage,BL_Out_Current,BL_Temp,BR_Jag_Speed,BR_Out_Voltage,BR_Out_Current,BR_Temp,FR_Jag_Speed,FR_Out_Voltage,FR_Out_Current,FR_Temp,Pickup_Out_Voltage,Pickup_Out_Current,Pickup_Temp,SH1_Out_Voltage,SH1_Out_Current,SH1_Temp,SH2_Out_Voltage,SH2_Out_Current,SH2_Temp,SHmain_Speed,SHmain_Angle
0.0070,0.0078125,0.0,0.0,-0.21484375,-0.21484375,-0.21484375,-0.21484375,0.0,0.0,0.0,35.48828125,0.0,0.0,0.0,38.359375,0.0,0.0,0.0,39.125,0.0,0.0,0.0,35.296875,0.0,0.0,32.6171875,0.0,5.219940185546875
0.171,0.0078125,0.0,0.0,0.0,0.0,-0.0,-0.0,0.0,0.0,0.0,35.48828125,0.0,0.0,0.0,37.9765625,0.0,0.0,0.0,39.125,0.0,0.0,0.0,35.296875,-10.125,46.8203125,33.95703125,0.0,5.219940185546875
0.33,0.0078125,0.0,0.0,0.0,0.0,-0.0,-0.0,0.0,0.0,0.0,35.10546875,0.0,0.0,0.0,38.16796875,0.0,0.0,0.0,39.5078125,0.0,0.0,0.0,35.296875,-9.7734375,54.171875,32.6171875,0.0,5.2101593017578125
0.489,0.0078125,0.0,0.0,0.0,0.0,-0.0,-0.0,0.0,0.0,0.0,35.48828125,0.0,0.0,0.0,38.359375,0.0,0.0,0.0,39.125,0.0,0.0,0.0,35.10546875,-9.73828125,53.91015625,32.80859375,0.0,5.219940185546875
0.646,0.0234375,0.015748031496062992,0.0,0.0,0.0,-0.0,-0.0,0.0,0.0,0.0,35.296875,0.0,0.0,0.0,38.16796875,0.0,0.0,0.0,39.125,0.0,0.0,0.0,34.9140625,-9.7734375,52.9921875,32.42578125,0.0,5.2101593017578125
0.809,0.0234375,0.015748031496062992,0.0,0.0,0.0,-0.0,-0.0,0.0,0.0,0.0,35.48828125,0.0,0.0,0.0,38.55078125,0.0,0.0,0.0,39.5078125,0.0,0.0,0.0,34.9140625,-9.73828125,53.38671875,32.80859375,0.0,5.219940185546875
0.981,0.109375,0.0,0.0,0.0,0.0,-0.0,-0.0,0.0,0.0,0.0,35.296875,0.0,0.0,0.0,38.359375,0.0,0.0,0.0,39.125,0.0,0.0,0.0,35.296875,-9.6328125,52.9921875,32.80859375,0.0,5.20037841796875
1.178,0.125,-0.0546875,0.0,0.12499999999999999,0.12500000000000003,-0.12499999999999999,-0.12500000000000003,0.0,1.33203125,12.15234375,34.9140625,0.0,1.29296875,7.8203125,38.359375,-9.291259765625,-1.35546875,7.8203125,39.125,0.0,-1.34375,8.4765625,35.48828125,-9.66796875,52.46484375,32.6171875,0.0,5.219940185546875
1.362,-0.0,0.0,0.0,0.12499999999999999,0.12500000000000003,-0.12499999999999999,-0.12500000000000003,0.0,1.34375,11.76171875,34.72265625,0.0,1.2890625,6.90234375,37.9765625,-9.54180908203125,-1.35546875,8.609375,39.5078125,0.0,-1.3515625,8.87109375,35.48828125,-9.703125,52.3359375,33.19140625,0.0,5.2101593017578125
1.528,-0.0,0.0,0.0,0.0,0.0,-0.0,-0.0,-5.025115966796875,0.0,0.0,35.87109375,0.0,0.0,0.0,37.9765625,-5.64788818359375,0.0,0.0,39.125,0.0,0.0,0.0,35.296875,-9.703125,52.203125,33.57421875,0.0,5.2101593017578125
1.69,-0.0,0.0,0.0,0.0,0.0,-0.0,-0.0,0.0,0.0,0.0,35.48828125,0.0,0.0,0.0,38.93359375,3.926849365234375,0.0,0.0,39.125,0.0,0.0,0.0,35.48828125,-9.73828125,52.0703125,33.19140625,0.0,5.219940185546875
1.849,-0.0,0.0,0.0,0.0,0.0,-0.0,-0.0,-8.619308471679688,0.0,0.0,35.6796875,0.0,0.0,0.0,38.55078125,4.5986175537109375,0.0,0.0,38.93359375,0.0,0.0,0.0,35.296875,-9.703125,51.80859375,32.80859375,0.0,5.219940185546875
2.023,-0.0,0.0,0.0,0.0,0.0,-0.0,-0.0,0.0,0.0,0.0,34.72265625,0.0,0.0,0.0,38.16796875,2.6043548583984375,0.0,0.0,39.5078125,0.0,0.0,0.0,34.72265625,-9.703125,51.6796875,32.6171875,0.0,5.2101593017578125
2.187,-0.0,0.0,0.0,0.0,0.0,-0.0,-0.0,0.0,0.0,0.0,34.9140625,0.0,0.0,0.0,38.359375,0.0,0.0,0.0,39.69921875,0.0,0.0,0.0,35.87109375,0.0,5.2101593017578125
2.46,-0.0,0.0,0.0,0.0,0.0,-0.0,-0.0,0.0,0.0,0.0,35.10546875,0.0,0.0,0.0,38.7421875,0.0,0.0,0.0,39.890625,0.0,0.0,0.0,35.10546875,0.0,5.219940185546875
2.873,-0.0,0.0,0.0,0.0,0.0,-0.0,-0.0,0.0,0.0,0.0,35.10546875,0.0,0.0,0.0,38.359375,0.0,0.0,0.0,39.31640625,0.0,0.0,0.0,35.296875,0.0,5.219940185546875
3.292,-0.0,0.0,0.0,0.0,0.0,-0.0,-0.0,0.0,0.0,0.0,34.9140625,0.0,0.0,0.0,37.78515625,0.0,0.0,0.0,39.125,0.0,0.0,0.0,35.296875,0.0,5.219940185546875
3.71,0.1953125,-0.09375,0.0,0.0,0.0,-0.0,-0.0,0.0,0.0,0.0,35.10546875,0.0,0.0,0.0,38.16796875,0.0,0.0,0.0,39.125,0.0,0.0,0.0,35.296875,0.0,5.229705810546875
4.763,0.0234375,0.0,0.0,0.0,0.0,-0.0,-0.0,-25.227462768554688,0.0,0.0,35.296875,0.0,0.0,0.0,38.16796875,-147.24490356445312,0.0,0.0,39.69921875,0.0,0.0,0.0,35.10546875,-9.984375,46.03125,31.8515625,0.0,5.2101593017578125
4.95,0.0234375,0.0,0.0,0.0,0.0,-0.0,-0.0,-28.0675048828125,0.0,0.0,35.10546875,0.0,0.0,0.0,37.9765625,-131.54739379882812,0.0,0.0,39.31640625,0.0,0.0,0.0,34.9140625,-9.4921875,53.515625,31.8515625,0.0,5.2101593017578125
5.129,0.0234375,0.0,-0.0078125,0.0,0.0,-0.0,-0.0,-4.0648956298828125,0.0,0.0,35.296875,0.0,0.0,0.0,38.359375,-105.38449096679688,0.0,0.0,38.93359375,0.0,0.0,0.0,34.9140625,-9.80859375,48.39453125,32.234375,0.0,5.219940185546875
5.29,0.0234375,0.0,-0.0078125,0.0,0.0,-0.0,-0.0,-10.581573486328125,0.0,0.0,34.72265625,0.0,0.0,0.0,37.78515625,-59.77024841308594,0.0,0.0,39.125,0.0,0.0,0.0,35.10546875,-9.9140625,51.546875,31.27734375,0.0,5.219940185546875
5.472,0.3515625,0.0,-0.0078125,0.0,0.0,-0.0,-0.0,19.362152099609375,0.0,0.0,34.72265625,0.0,0.0,0.0,37.78515625,-27.176986694335938,0.0,0.0,39.31640625,0.0,0.0,0.0,35.296875,-9.703125,48.265625,31.8515625,0.0,5.19061279296875
5.642,0.265625,0.0,-0.0078125,-0.296875,-0.296875,0.296875,0.296875,-3.1601715087890625,-3.0390625,23.05078125,35.10546875,0.0,-2.9765625,14.6484375,37.78515625,32.01173400878906,2.984375,15.4375,38.93359375,0.0,3.00390625,16.2265625,34.53125,-9.59765625,51.80859375,31.8515625,0.0,5.219940185546875
5.804,0.3515625,0.0,-0.0078125,-0.265625,-0.265625,0.265625,0.265625,-17.878677368164062,-2.8203125,13.859375,34.72265625,0.0,-2.7265625,9.00390625,38.359375,63.19322204589844,2.76953125,10.31640625,39.125,0.0,2.99609375,13.59765625,35.10546875,0.0,5.1808319091796875
6.081,0.5078125,0.0,-0.0078125,-0.390625,-0.390625,0.390625,0.390625,-4.890777587890625,-4.546875,14.78125,34.1484375,0.0,-4.46484375,7.296875,37.78515625,162.39532470703125,4.37890625,11.234375,38.7421875,0.0,4.32421875,8.73828125,35.48828125,0.0,5.219940185546875
6.489,0.71875,-0.09375,-0.0078125,-0.6484375,-0.6484375,0.6484375,0.6484375,-41.795013427734375,-7.18359375,15.9609375,34.53125,0.0,-7.08984375,9.921875,37.59375,265.6152648925781,7.06640625,10.31640625,39.31640625,0.0,7.0859375,12.546875,35.10546875,0.0,5.219940185546875
7.507,-0.0,-0.0390625,0.7244094488188977,-0.71875,-0.71875,0.71875,0.71875,-241.90499877929688,0.0,0.0,34.53125,0.0,0.0,0.0,38.359375,307.4459533691406,0.0,0.0,39.125,0.0,0.0,0.0,34.9140625,0.0,5.19061279296875
8.253,-0.0,-0.0390625,0.6456692913385826,0.3228346456692913,0.3228346456692913,0.3228346456692913,0.3228346456692913,0.0,3.765625,19.76953125,34.9140625,0.0,4.00390625,14.38671875,37.40234375,52.821258544921875,3.65234375,18.0625,38.55078125,0.0,3.73046875,17.66796875,34.53125,0.0,5.259033203125
9.441,-0.0,0.015748031496062992,-0.4140625,0.0,0.0,-0.0,-0.0,0.0,0.0,0.0,35.10546875,0.0,0.0,0.0,38.359375,13.145187377929688,0.0,0.0,39.5078125,0.0,0.0,0.0,35.10546875,-10.79296875,31.5859375,32.234375,0.0,5.219940185546875
9.603,-0.0,0.015748031496062992,-0.7578125,0.0,0.0,-0.0,-0.0,17.656478881835938,0.0,0.0,34.53125,0.0,0.0,0.0,37.9765625,4.1681976318359375,0.0,0.0,38.93359375,0.0,0.0,0.0,34.9140625,-10.8984375,15.4375,31.46875,0.0,5.2492523193359375
9.769,-0.0,0.015748031496062992,-0.21875,-0.4609375,-0.4609375,-0.4609375,-0.4609375,5.775146484375,-4.765625,29.75,35.10546875,0.0,-4.81640625,18.45703125,37.2109375,-93.28312683105469,-4.91015625,21.609375,39.5078125,0.0,-5.15625,24.234375,34.9140625,-11.56640625,12.15234375,32.04296875,0.0,5.219940185546875
9.932,-0.0,0.015748031496062992,0.0,0.0,0.0,-0.0,-0.0,-14.201065063476562,0.0,0.0,34.1484375,0.0,0.0,0.0,39.31640625,-11.27984619140625,0.0,0.0,39.31640625,0.0,0.0,0.0,35.10546875,-11.84765625,10.4453125,32.04296875,0.0,5.219940185546875
10.11,-0.0,0.015748031496062992,-0.7734375,0.0,0.0,-0.0,-0.0,0.0,0.0,0.0,35.10546875,0.0,0.0,0.0,37.59375,2.9345855712890625,0.0,0.0,39.31640625,0.0,0.0,0.0,34.72265625,-11.3203125,5.1953125,31.8515625,0.0,5.229705810546875
10.282,-0.0,0.015748031496062992,-0.234375,-0.4921875,-0.4921875,-0.4921875,-0.4921875,5.8648834228515625,-5.10546875,28.3046875,34.53125,0.0,-5.10546875,18.45703125,37.59375,-71.01510620117188,-5.3828125,23.97265625,38.93359375,0.0,-5.41796875,26.203125,35.48828125,-11.7421875,7.03125,31.46875,0.0,5.219940185546875
10.451,-0.0,0.015748031496062992,0.0,0.0,0.0,-0.0,-0.0,-41.23931884765625,0.0,0.0,35.6796875,0.0,0.0,0.0,37.9765625,-19.267913818359375,0.0,0.0,39.125,0.0,0.0,0.0,35.296875,-12.0234375,7.1640625,32.234375,0.0,5.219940185546875
10.621,-0.0,0.015748031496062992,0.0,0.0,0.0,-0.0,-0.0,0.0,0.0,0.0,35.48828125,0.0,0.0,0.0,38.16796875,-7.8575897216796875,0.0,0.0,38.93359375,0.0,0.0,0.0,35.296875,-12.09375,6.24609375,32.234375,0.0,5.219940185546875
10.783,-0.0,0.015748031496062992,0.0,0.0,0.0,-0.0,-0.0,0.0,0.0,0.0,34.9140625,0.0,0.0,0.0,37.59375,0.0,0.0,0.0,38.93359375,0.0,0.0,0.0,34.9140625,-12.1640625,6.76953125,32.04296875,0.0,5.2101593017578125
10.943,-0.0,0.015748031496062992,0.0,0.0,0.0,-0.0,-0.0,0.0,0.0,0.0,34.1484375,0.0,0.0,0.0,37.9765625,0.0,0.0,0.0,38.7421875,0.0,0.0,0.0,35.48828125,-12.12890625,5.8515625,33.57421875,0.0,5.219940185546875
11.111,-0.0,0.015748031496062992,-0.8046875,0.0,0.0,-0.0,-0.0,0.0,0.0,0.0,34.9140625,0.0,0.0,0.0,38.16796875,0.0,0.0,0.0,39.125,0.0,0.0,0.0,35.10546875,-11.6015625,3.8828125,31.8515625,0.0,5.2101593017578125
11.284,-0.0,0.015748031496062992,0.0,-0.43359375,-0.43359375,-0.43359375,-0.43359375,0.0,-4.65234375,30.40625,34.9140625,0.0,-4.6953125,19.76953125,37.40234375,-62.631500244140625,-4.7734375,22.1328125,39.31640625,0.0,-4.83203125,26.07421875,34.53125,-11.77734375,6.11328125,31.0859375,0.0,5.219940185546875
11.443,-0.0,0.015748031496062992,0.0,0.0,0.0,-0.0,-0.0,0.0,0.0,0.0,34.53125,0.0,0.0,0.0,38.16796875,-15.326889038085938,0.0,0.0,39.5078125,0.0,0.0,0.0,35.48828125,-12.1640625,6.24609375,31.8515625,0.0,5.219940185546875
11.603,-0.0,0.015748031496062992,0.0,0.0,0.0,-0.0,-0.0,0.0,0.0,0.0,34.72265625,0.0,0.0,0.0,37.9765625,-5.5801544189453125,0.0,0.0,39.125,0.0,0.0,0.0,34.9140625,-12.09375,6.640625,32.04296875,0.0,5.219940185546875
11.78,-0.0,0.015748031496062992,0.0,0.0,0.0,-0.0,-0.0,0.0,0.0,0.0,34.72265625,0.0,0.0,0.0,37.78515625,-4.6649627685546875,0.0,0.0,38.7421875,0.0,0.0,0.0,34.9140625,-12.1640625,6.375,31.8515625,0.0,5.2101593017578125
11.949,-0.0,0.015748031496062992,0.0,0.0,0.0,-0.0,-0.0,0.0,0.0,0.0,34.72265625,0.0,0.0,0.0,38.16796875,2.453582763671875,0.0,0.0,39.69921875,0.0,0.0,0.0,34.9140625,-12.12890625,6.24609375,31.0859375,0.0,5.219940185546875
12.121,-0.0,0.015748031496062992,0.0,0.0,0.0,-0.0,-0.0,0.0,0.0,0.0,34.53125,0.0,0.0,0.0,38.16796875,0.0,0.0,0.0,39.125,0.0,0.0,0.0,34.9140625,-12.1640625,5.8515625,32.6171875,0.0,5.229705810546875
12.282,-0.0,0.015748031496062992,0.0,0.0,0.0,-0.0,-0.0,0.0,0.0,0.0,34.9140625,0.0,0.0,0.0,38.16796875,0.0,0.0,0.0,38.93359375,0.0,0.0,0.0,35.10546875,-12.1640625,5.984375,31.8515625,0.0,5.219940185546875
12.443,-0.0,0.015748031496062992,0.0,0.0,0.0,-0.0,-0.0,0.0,0.0,0.0,34.9140625,0.0,0.0,0.0,38.16796875,0.0,0.0,0.0,38.7421875,0.0,0.0,0.0,35.296875,-12.234375,5.71875,31.46875,0.0,5.2101593017578125
12.61,-0.0,0.015748031496062992,0.0,0.0,0.0,-0.0,-0.0,0.0,0.0,0.0,35.48828125,0.0,0.0,0.0,38.16796875,0.0,0.0,0.0,39.5078125,0.0,0.0,0.0,34.72265625,-12.1640625,5.45703125,32.42578125,0.0,5.219940185546875
12.782,-0.0,0.015748031496062992,0.0,0.0,0.0,-0.0,-0.0,0.0,0.0,0.0,34.72265625,0.0,0.0,0.0,37.9765625,0.0,0.0,0.0,39.69921875,0.0,0.0,0.0,34.9140625,-12.234375,5.58984375,32.6171875,0.0,5.219940185546875
12.943,-0.0,0.015748031496062992,0.0,0.0,0.0,-0.0,-0.0,0.0,0.0,0.0,34.53125,0.0,0.0,0.0,37.78515625,0.0,0.0,0.0,39.31640625,0.0,0.0,0.0,34.53125,-12.1640625,5.984375,32.04296875,0.0,5.2101593017578125
13.1,-0.0,0.015748031496062992,0.0,0.0,0.0,-0.0,-0.0,0.0,0.0,0.0,35.10546875,0.0,0.0,0.0,37.59375,0.0,0.0,0.0,38.7421875,0.0,0.0,0.0,35.10546875,-12.19921875,6.5078125,32.42578125,0.0,5.219940185546875
13.289,-0.0,0.015748031496062992,0.0,0.0,0.0,-0.0,-0.0,0.0,0.0,0.0,34.72265625,0.0,0.0,0.0,37.9765625,0.0,0.0,0.0,38.55078125,0.0,0.0,0.0,34.9140625,-12.19921875,5.984375,33.765625,0.0,5.219940185546875
13.448,-0.0,0.015748031496062992,0.0,0.0,0.0,-0.0,-0.0,0.0,0.0,0.0,34.72265625,0.0,0.0,0.0,37.78515625,0.0,0.0,0.0,38.93359375,0.0,0.0,0.0,34.9140625,0.0,0.0,32.234375,0.0,5.219940185546875
13.609,-0.0,0.015748031496062992,0.0,0.0,0.0,-0.0,-0.0,0.0,0.0,0.0,33.95703125,0.0,0.0,0.0,37.9765625,0.0,0.0,0.0,39.125,0.0,0.0,0.0,34.9140625,0.0,0.0,33.0,0.0,5.219940185546875
13.781,-0.0,0.015748031496062992,0.0,0.0,0.0,-0.0,-0.0,0.0,0.0,0.0,34.72265625,0.0,0.0,0.0,37.9765625,0.0,0.0,0.0,38.93359375,0.0,0.0,0.0,34.9140625,0.0,0.0,33.3828125,0.0,5.2101593017578125
13.949,-0.0,0.015748031496062992,0.0,0.0,0.0,-0.0,-0.0,0.0,0.0,0.0,35.10546875,0.0,0.0,0.0,37.59375,0.0,0.0,0.0,39.125,0.0,0.0,0.0,34.53125,0.0,0.0,32.04296875,0.0,5.219940185546875
14.121,-0.0,0.015748031496062992,0.0,0.0,0.0,-0.0,-0.0,0.0,0.0,0.0,34.9140625,0.0,0.0,0.0,37.78515625,0.0,0.0,0.0,39.5078125,0.0,0.0,0.0,34.33984375,0.0,0.0,32.6171875,0.0,5.219940185546875
14.28,-0.0,0.015748031496062992,0.0,0.0,0.0,-0.0,-0.0,0.0,0.0,0.0,34.9140625,0.0,0.0,0.0,38.359375,0.0,0.0,0.0,39.5078125,0.0,0.0,0.0,35.296875,0.0,0.0,31.8515625,0.0,5.219940185546875
14.44,-0.0,0.015748031496062992,0.0,0.0,0.0,-0.0,-0.0,0.0,0.0,0.0,35.10546875,0.0,0.0,0.0,38.55078125,0.0,0.0,0.0,39.31640625,0.0,0.0,0.0,34.72265625,0.0,0.0,32.6171875,0.0,5.219940185546875
14.602,-0.0,0.015748031496062992,-0.21875,0.0,0.0,-0.0,-0.0,0.0,0.0,0.0,34.9140625,0.0,0.0,0.0,38.16796875,0.0,0.0,0.0,39.5078125,0.0,0.0,0.0,34.9140625,0.0,0.0,33.19140625,0.0,5.20037841796875
14.77,-0.0,0.015748031496062992,-0.546875,-0.20703125,-0.20703125,-0.20703125,-0.20703125,0.0,-2.46875,19.76953125,34.72265625,0.0,-2.44140625,14.125,37.01953125,-3.10333251953125,-2.4765625,15.69921875,38.93359375,0.0,-2.46875,17.2734375,34.72265625,0.0,0.0,33.3828125,0.0,5.229705810546875
14.941,-0.0,0.015748031496062992,0.0,-0.20703125,-0.20703125,-0.20703125,-0.20703125,0.0,-2.484375,16.6171875,34.1484375,0.0,-2.42578125,11.890625,38.16796875,-17.67596435546875,-2.50390625,13.46875,38.93359375,0.0,-2.52734375,13.9921875,34.53125,0.0,0.0,32.80859375,0.0,5.219940185546875
15.11,-0.0,0.015748031496062992,0.0,0.0,0.0,-0.0,-0.0,0.0,0.0,0.0,34.72265625,0.0,0.0,0.0,38.359375,-8.350128173828125,0.0,0.0,39.5078125,0.0,0.0,0.0,34.9140625,0.0,0.0,33.19140625,0.0,5.2101593017578125
15.284,-0.0,0.015748031496062992,-0.234375,0.0,0.0,-0.0,-0.0,0.0,0.0,0.0,34.1484375,0.0,0.0,0.0,37.78515625,-4.190032958984375,0.0,0.0,39.125,0.0,0.0,0.0,34.9140625,0.0,0.0,32.42578125,0.0,5.2101593017578125
15.443,-0.0,0.015748031496062992,-0.1328125,-0.28125,-0.28125,-0.28125,-0.28125,0.0,-3.2734375,21.08203125,34.33984375,0.0,-3.234375,15.56640625,37.40234375,-11.309951782226562,-3.3046875,19.90234375,38.93359375,0.0,-3.34375,18.1953125,34.9140625,0.0,0.0,32.80859375,0.0,5.219940185546875
15.624,-0.0,0.015748031496062992,0.0,0.0,0.0,-0.0,-0.0,0.0,0.0,0.0,34.72265625,0.0,0.0,0.0,37.9765625,-8.225601196289062,0.0,0.0,38.93359375,0.0,0.0,0.0,34.9140625,0.0,0.0,31.66015625,0.0,5.219940185546875
15.805,-0.0,0.015748031496062992,0.3858267716535433,0.0,0.0,-0.0,-0.0,0.0,0.0,0.0,33.95703125,0.0,0.0,0.0,37.9765625,0.0,0.0,0.0,38.93359375,0.0,0.0,0.0,34.72265625,0.0,0.0,32.04296875,0.0,5.229705810546875
15.968,-0.0,0.015748031496062992,0.0,0.17716535433070865,0.17716535433070865,0.17716535433070865,0.17716535433070865,0.0,2.140625,17.80078125,34.1484375,0.0,2.1953125,11.10546875,37.2109375,11.662750244140625,2.1171875,11.234375,38.7421875,0.0,2.109375,15.04296875,34.9140625,0.0,0.0,31.8515625,0.0,5.219940185546875
16.154,0.09375,0.015748031496062992,0.07874015748031496,0.0,0.0,-0.0,-0.0,0.0,0.0,0.0,34.9140625,0.0,0.0,0.0,37.59375,0.0,0.0,0.0,39.31640625,0.0,0.0,0.0,34.72265625,0.0,0.0,32.6171875,0.0,5.219940185546875
16.361,0.2109375,0.015748031496062992,0.023622047244094488,0.0,0.0,-0.0,-0.0,0.0,0.0,0.0,34.72265625,0.0,0.0,0.0,38.55078125,-2.4685516357421875,0.0,0.0,39.31640625,0.0,0.0,0.0,35.296875,0.0,0.0,32.42578125,0.0,5.219940185546875
16.521,0.28125,0.031496062992125984,0.0,-0.25,-0.25,0.25,0.25,0.0,-2.9453125,20.1640625,34.72265625,0.0,-2.90234375,11.10546875,38.55078125,29.766983032226562,2.87890625,14.125,38.7421875,0.0,2.87109375,15.4375,34.72265625,0.0,0.0,32.234375,0.0,5.2101593017578125
16.689,0.28125,0.031496062992125984,0.0,-0.28125,-0.28125,0.28125,0.28125,0.0,-3.3125,16.8828125,34.72265625,0.0,-3.25390625,10.578125,37.2109375,69.26156616210938,3.26953125,12.28515625,38.93359375,0.0,3.28125,12.546875,34.1484375,0.0,0.0,32.42578125,0.0,5.219940185546875
16.863,0.0078125,0.031496062992125984,0.0,-0.28125,-0.28125,0.28125,0.28125,0.0,-3.35546875,12.8125,34.33984375,0.0,-3.2734375,7.8203125,38.16796875,101.916259765625,3.328125,10.578125,39.125,0.0,3.37890625,11.10546875,34.72265625,0.0,0.0,32.42578125,0.0,5.219940185546875
17.03,-0.0,0.031496062992125984,0.0,0.0,0.0,-0.0,-0.0,81.48713684082031,0.0,0.0,35.10546875,0.0,0.0,0.0,38.55078125,71.35556030273438,0.0,0.0,38.93359375,0.0,0.0,0.0,35.10546875,0.0,0.0,32.6171875,0.0,5.219940185546875
17.194,-0.0,0.031496062992125984,0.0,0.0,0.0,-0.0,-0.0,5.0331268310546875,0.0,0.0,33.95703125,0.0,0.0,0.0,37.59375,49.68107604980469,0.0,0.0,39.125,0.0,0.0,0.0,34.53125,0.0,0.0,32.6171875,0.0,5.219940185546875
17.368,-0.0,0.031496062992125984,0.0,0.0,0.0,-0.0,-0.0,-9.977813720703125,0.0,0.0,35.87109375,0.0,0.0,0.0,37.59375,45.454010009765625,0.0,0.0,38.93359375,0.0,0.0,0.0,35.10546875,0.0,0.0,32.6171875,0.0,5.219940185546875
17.543,-0.023622047244094488,0.031496062992125984,0.0,0.0,0.0,-0.0,-0.0,7.977813720703125,0.0,0.0,35.10546875,0.0,0.0,0.0,37.2109375,14.33172607421875,0.0,0.0,39.31640625,0.0,0.0,0.0,34.72265625,0.0,0.0,32.04296875,0.0,5.219940185546875
17.702,-0.05511811023622047,-0.0546875,0.0,0.0,0.0,-0.0,-0.0,0.0,0.0,0.0,34.72265625,0.0,0.0,0.0,37.9765625,22.854843139648438,0.0,0.0,39.5078125,0.0,0.0,0.0,35.296875,0.0,0.0,32.6171875,0.0,5.219940185546875
17.879,-0.1968503937007874,-0.125,0.0,0.0,0.0,-0.0,-0.0,0.0,0.0,0.0,33.57421875,0.0,0.0,0.0,37.9765625,2.5100555419921875,0.0,0.0,39.31640625,0.0,0.0,0.0,34.9140625,0.0,0.0,33.3828125,0.0,5.19061279296875
18.05,-0.0,-0.0078125,0.0,0.33604509417111306,0.008265913511794426,-0.33604509417111306,-0.008265913511794426,0.0,3.91015625,25.41796875,33.3828125,0.0,0.0,0.0,38.359375,-36.43505859375,-3.9609375,19.24609375,38.7421875,0.0,0.0,0.0,34.9140625,0.0,0.0,33.0,0.0,5.219940185546875
18.22,0.0078125,-0.0078125,0.0,0.0,0.0,-0.0,-0.0,5.119171142578125,0.0,0.0,36.25390625,0.0,0.0,0.0,37.78515625,-19.379745483398438,0.0,0.0,38.93359375,0.0,0.0,0.0,35.48828125,0.0,0.0,32.80859375,0.0,5.219940185546875
18.382,0.0078125,0.0,0.0,0.0,0.0,-0.0,-0.0,5.700286865234375,0.0,0.0,34.33984375,0.0,0.0,0.0,38.93359375,-10.463699340820312,0.0,0.0,38.93359375,0.0,0.0,0.0,34.72265625,0.0,0.0,32.234375,0.0,5.229705810546875
18.548,0.0078125,0.0,0.0,0.0,0.0,-0.0,-0.0,0.0,0.0,0.0,34.33984375,0.0,0.0,0.0,37.9765625,4.8879547119140625,0.0,0.0,39.125,0.0,0.0,0.0,34.9140625,0.0,0.0,32.80859375,0.0,5.219940185546875
18.707,0.0078125,0.0,0.0,0.0,0.0,-0.0,-0.0,0.0,0.0,0.0,34.72265625,0.0,0.0,0.0,37.59375,4.869537353515625,0.0,0.0,38.93359375,0.0,0.0,0.0,34.9140625,0.0,0.0,32.42578125,0.0,5.219940185546875
18.879,0.0078125,0.0,0.0,0.0,0.0,-0.0,-0.0,0.0,0.0,0.0,34.33984375,0.0,0.0,0.0,37.9765625,0.0,0.0,0.0,39.125,0.0,0.0,0.0,35.48828125,0.0,0.0,32.6171875,0.0,5.219940185546875
19.047,0.0078125,0.0,0.0,0.0,0.0,-0.0,-0.0,0.0,0.0,0.0,34.33984375,0.0,0.0,0.0,36.63671875,0.0,0.0,0.0,39.5078125,0.0,0.0,0.0,34.53125,0.0,0.0,32.80859375,0.0,5.229705810546875
19.219,0.0078125,0.0,0.0,0.0,0.0,-0.0,-0.0,0.0,0.0,0.0,34.9140625,0.0,0.0,0.0,38.16796875,0.0,0.0,0.0,39.125,0.0,0.0,0.0,34.53125,0.0,0.0,32.80859375,0.0,5.219940185546875
19.389,0.0078125,0.0,0.0,0.0,0.0,-0.0,-0.0,0.0,0.0,0.0,34.1484375,0.0,0.0,0.0,37.9765625,0.0,0.0,0.0,39.31640625,0.0,0.0,0.0,34.72265625,0.0,0.0,32.234375,0.0,5.219940185546875
