Timestamp,Driver_Joy_Y,Driver_Joy_X,Driver_Joy_W,Mecanum_FL,Mecanum_BL,Mecanum_BR,Mecanum_FR,FL_Jag_Speed,FL_Out_Voltage,FL_Out_Current,FL_Temp,BL_Jag_Speed,BL_Out_Voltage,BL_Out_Current,BL_Temp,BR_Jag_Speed,BR_Out_Voltage,BR_Out_Current,BR_Temp,FR_Jag_Speed,FR_Out_Voltage,FR_Out_Current,FR_Temp,Pickup_Out_Voltage,Pickup_Out_Current,Pickup_Temp,SH1_Out_Voltage,SH1_Out_Current,SH1_Temp,SH2_Out_Voltage,SH2_Out_Current,SH2_Temp,SHmain_Speed,SHmain_Angle
0.0090,-0.0,0.0,0.0,0.0,0.0,0.0,0.0,0.0,0.0,0.0,22.6640625,0.0,0.0,0.0,25.34375,0.0,0.0,0.0,24.9609375,0.0,0.0,0.0,22.6640625,0.0,0.0,23.23828125,0.0,4.94622802734375
0.19,-0.0,0.0,0.0,0.0,0.0,-0.0,-0.0,0.0,0.0,0.0,22.6640625,0.0,0.0,0.0,25.15234375,0.0,0.0,0.0,25.53515625,0.0,0.0,0.0,22.6640625,0.0,0.0,24.1953125,0.0,4.94622802734375
0.35,-0.0,0.0,0.0,0.0,0.0,-0.0,-0.0,0.0,0.0,0.0,22.47265625,0.0,0.0,0.0,25.53515625,0.0,0.0,0.0,24.9609375,0.0,0.0,0.0,23.046875,0.0,0.0,24.38671875,0.0,4.94622802734375
0.516,-0.0,0.0,0.0,0.0,0.0,-0.0,-0.0,0.0,0.0,0.0,21.70703125,0.0,0.0,0.0,25.53515625,0.0,0.0,0.0,24.9609375,0.0,0.0,0.0,23.046875,0.0,0.0,23.8125,0.0,4.94622802734375
0.688,-0.0,0.0,0.0,0.0,0.0,-0.0,-0.0,0.0,0.0,0.0,22.85546875,0.0,0.0,0.0,25.34375,0.0,0.0,0.0,24.76953125,0.0,0.0,0.0,22.6640625,0.0,0.0,23.62109375,0.0,4.94622802734375
0.858,-0.0,0.0,0.0,0.0,0.0,-0.0,-0.0,0.0,0.0,0.0,23.4296875,0.0,0.0,0.0,24.76953125,0.0,0.0,0.0,25.34375,0.0,0.0,0.0,23.046875,0.0,0.0,23.4296875,0.0,4.94622802734375
1.018,-0.0,0.0,0.0,0.0,0.0,-0.0,-0.0,0.0,0.0,0.0,23.62109375,0.0,0.0,0.0,25.91796875,0.0,0.0,0.0,25.34375,0.0,0.0,0.0,22.85546875,0.0,0.0,23.8125,0.0,4.94622802734375
1.177,-0.0,0.0,0.0,0.0,0.0,-0.0,-0.0,0.0,0.0,0.0,22.85546875,0.0,0.0,0.0,24.76953125,0.0,0.0,0.0,24.9609375,0.0,0.0,0.0,23.046875,0.0,0.0,23.8125,0.0,4.94622802734375
1.337,-0.0,0.0,0.0,0.0,0.0,-0.0,-0.0,0.0,0.0,0.0,22.6640625,0.0,0.0,0.0,24.9609375,0.0,0.0,0.0,24.9609375,0.0,0.0,0.0,23.62109375,0.0,0.0,23.046875,0.0,4.94622802734375
1.491,-0.0,0.0,0.0,0.0,0.0,-0.0,-0.0,0.0,0.0,0.0,23.046875,0.0,0.0,0.0,24.76953125,0.0,0.0,0.0,24.76953125,0.0,0.0,0.0,22.08984375,0.0,0.0,24.1953125,0.0,4.94622802734375
1.659,-0.0,0.0,0.0,0.0,0.0,-0.0,-0.0,0.0,0.0,0.0,23.046875,0.0,0.0,0.0,25.53515625,0.0,0.0,0.0,24.76953125,0.0,0.0,0.0,23.046875,0.0,0.0,23.8125,0.0,4.9364471435546875
1.817,-0.0,0.0,0.0,0.0,0.0,-0.0,-0.0,0.0,0.0,0.0,22.6640625,0.0,0.0,0.0,25.15234375,0.0,0.0,0.0,25.53515625,0.0,0.0,0.0,22.6640625,0.0,0.0,23.4296875,0.0,4.94622802734375
1.999,-0.0,0.0,0.0,0.0,0.0,-0.0,-0.0,0.0,0.0,0.0,22.85546875,0.0,0.0,0.0,24.9609375,0.0,0.0,0.0,24.76953125,0.0,0.0,0.0,23.046875,0.0,0.0,23.4296875,0.0,4.94622802734375
2.17,-0.0,0.0,0.0,0.0,0.0,-0.0,-0.0,0.0,0.0,0.0,22.85546875,0.0,0.0,0.0,24.578125,0.0,0.0,0.0,25.15234375,0.0,0.0,0.0,22.6640625,0.0,0.0,23.4296875,0.0,4.94622802734375
2.33,-0.0,0.0,0.0,0.0,0.0,-0.0,-0.0,0.0,0.0,0.0,23.046875,0.0,0.0,0.0,24.76953125,0.0,0.0,0.0,25.34375,0.0,0.0,0.0,23.046875,0.0,0.0,23.62109375,0.0,4.94622802734375
2.491,-0.0,0.0,0.0,0.0,0.0,-0.0,-0.0,0.0,0.0,0.0,23.046875,0.0,0.0,0.0,24.578125,0.0,0.0,0.0,24.9609375,0.0,0.0,0.0,22.85546875,0.0,0.0,23.8125,0.0,4.94622802734375
2.671,-0.0,0.0,0.0,0.0,0.0,-0.0,-0.0,0.0,0.0,0.0,22.85546875,0.0,0.0,0.0,24.38671875,0.0,0.0,0.0,24.9609375,0.0,0.0,0.0,22.85546875,0.0,0.0,23.62109375,0.0,4.9364471435546875
2.834,-0.0,0.0,0.0,0.0,0.0,-0.0,-0.0,0.0,0.0,0.0,22.6640625,0.0,0.0,0.0,24.76953125,0.0,0.0,0.0,24.00390625,0.0,0.0,0.0,22.85546875,0.0,0.0,23.62109375,0.0,4.94622802734375
2.995,-0.0,0.0,0.0,0.0,0.0,-0.0,-0.0,0.0,0.0,0.0,22.85546875,0.0,0.0,0.0,25.34375,0.0,0.0,0.0,25.34375,0.0,0.0,0.0,23.046875,0.0,0.0,23.8125,0.0,4.94622802734375
3.158,-0.0,0.0,0.0,0.0,0.0,-0.0,-0.0,0.0,0.0,0.0,23.046875,0.0,0.0,0.0,24.76953125,0.0,0.0,0.0,25.15234375,0.0,0.0,0.0,22.85546875,0.0,0.0,24.1953125,0.0,4.94622802734375
3.315,-0.0,0.0,0.0,0.0,0.0,-0.0,-0.0,0.0,0.0,0.0,22.28125,0.0,0.0,0.0,25.53515625,0.0,0.0,0.0,25.15234375,0.0,0.0,0.0,23.4296875,0.0,0.0,24.00390625,0.0,4.94622802734375
3.478,-0.0,0.0,0.0,0.0,0.0,-0.0,-0.0,0.0,0.0,0.0,23.62109375,0.0,0.0,0.0,25.15234375,0.0,0.0,0.0,24.9609375,0.0,0.0,0.0,23.62109375,0.0,0.0,24.38671875,0.0,4.94622802734375
3.651,-0.0,0.0,0.0,0.0,0.0,-0.0,-0.0,0.0,0.0,0.0,22.85546875,0.0,0.0,0.0,25.34375,0.0,0.0,0.0,25.15234375,0.0,0.0,0.0,22.85546875,0.0,0.0,24.00390625,0.0,4.94622802734375
3.829,-0.0,0.0,0.0,0.0,0.0,-0.0,-0.0,0.0,0.0,0.0,22.85546875,0.0,0.0,0.0,24.76953125,0.0,0.0,0.0,24.9609375,0.0,0.0,0.0,22.85546875,0.0,0.0,23.62109375,0.0,4.9364471435546875
4.0,-0.0,0.0,0.0,0.0,0.0,-0.0,-0.0,0.0,0.0,0.0,22.6640625,0.0,0.0,0.0,25.15234375,0.0,0.0,0.0,25.34375,0.0,0.0,0.0,23.8125,0.0,0.0,24.1953125,0.0,4.94622802734375
4.169,-0.0,0.0,0.0,0.0,0.0,-0.0,-0.0,0.0,0.0,0.0,23.046875,0.0,0.0,0.0,25.53515625,0.0,0.0,0.0,25.15234375,0.0,0.0,0.0,23.046875,0.0,0.0,23.62109375,0.0,4.94622802734375
4.337,-0.0,0.0,0.0,0.0,0.0,-0.0,-0.0,0.0,0.0,0.0,23.23828125,0.0,0.0,0.0,24.1953125,0.0,0.0,0.0,24.578125,0.0,0.0,0.0,22.6640625,0.0,0.0,22.08984375,0.0,4.9364471435546875
4.497,-0.0,0.0,0.0,0.0,0.0,-0.0,-0.0,0.0,0.0,0.0,22.85546875,0.0,0.0,0.0,26.109375,0.0,0.0,0.0,25.34375,0.0,0.0,0.0,22.85546875,0.0,0.0,24.578125,0.0,4.94622802734375
4.658,-0.0,0.0,0.0,0.0,0.0,-0.0,-0.0,0.0,0.0,0.0,23.046875,0.0,0.0,0.0,25.15234375,0.0,0.0,0.0,24.578125,0.0,0.0,0.0,23.4296875,0.0,0.0,23.4296875,0.0,4.94622802734375
4.829,-0.0,0.0,0.0,0.0,0.0,-0.0,-0.0,0.0,0.0,0.0,22.6640625,0.0,0.0,0.0,24.9609375,0.0,0.0,0.0,25.15234375,0.0,0.0,0.0,23.4296875,0.0,0.0,23.4296875,0.0,4.94622802734375
4.997,-0.0,0.0,0.0,0.0,0.0,-0.0,-0.0,0.0,0.0,0.0,22.6640625,0.0,0.0,0.0,25.15234375,0.0,0.0,0.0,25.34375,0.0,0.0,0.0,23.046875,0.0,0.0,24.00390625,0.0,4.94622802734375
5.169,-0.0,0.0,0.0,0.0,0.0,-0.0,-0.0,0.0,0.0,0.0,22.85546875,0.0,0.0,0.0,25.15234375,0.0,0.0,0.0,24.76953125,0.0,0.0,0.0,22.85546875,0.0,0.0,23.4296875,0.0,4.9560089111328125
5.331,-0.0,0.0,0.0,0.0,0.0,-0.0,-0.0,0.0,0.0,0.0,23.046875,0.0,0.0,0.0,24.9609375,0.0,0.0,0.0,24.76953125,0.0,0.0,0.0,23.4296875,0.0,0.0,23.62109375,0.0,4.94622802734375
5.491,-0.0,0.0,0.0,0.0,0.0,-0.0,-0.0,0.0,0.0,0.0,22.47265625,0.0,0.0,0.0,25.91796875,0.0,0.0,0.0,24.578125,0.0,0.0,0.0,22.85546875,0.0,0.0,22.6640625,0.0,4.94622802734375
5.64,-0.0,0.0,0.0,0.0,0.0,-0.0,-0.0,0.0,0.0,0.0,22.85546875,0.0,0.0,0.0,25.7265625,0.0,0.0,0.0,25.15234375,0.0,0.0,0.0,22.47265625,0.0,0.0,23.8125,0.0,4.94622802734375
5.829,-0.0,0.0,0.0,0.0,0.0,-0.0,-0.0,0.0,0.0,0.0,22.47265625,0.0,0.0,0.0,25.34375,0.0,0.0,0.0,25.15234375,0.0,0.0,0.0,23.4296875,0.0,0.0,23.62109375,0.0,4.94622802734375
6.149,-0.0,0.0,0.0,0.0,0.0,-0.0,-0.0,0.0,0.0,0.0,23.23828125,0.0,0.0,0.0,25.53515625,0.0,0.0,0.0,24.9609375,0.0,0.0,0.0,23.046875,0.0,0.0,24.1953125,0.0,4.94622802734375
6.312,-0.0,0.0,0.0,0.0,0.0,-0.0,-0.0,0.0,0.0,0.0,23.23828125,0.0,0.0,0.0,24.76953125,0.0,0.0,0.0,24.76953125,0.0,0.0,0.0,22.85546875,0.0,0.0,23.4296875,0.0,4.94622802734375
6.49,-0.0,0.0,0.0,0.0,0.0,-0.0,-0.0,0.0,0.0,0.0,22.28125,0.0,0.0,0.0,25.34375,0.0,0.0,0.0,24.76953125,0.0,0.0,0.0,22.6640625,0.0,0.0,23.4296875,0.0,4.9364471435546875
6.652,-0.0,0.0,0.0,0.0,0.0,-0.0,-0.0,0.0,0.0,0.0,22.85546875,0.0,0.0,0.0,25.15234375,0.0,0.0,0.0,24.76953125,0.0,0.0,0.0,22.85546875,0.0,0.0,24.00390625,0.0,4.94622802734375
6.82,-0.0,0.0,0.0,0.0,0.0,-0.0,-0.0,0.0,0.0,0.0,22.08984375,0.0,0.0,0.0,25.15234375,0.0,0.0,0.0,24.9609375,0.0,0.0,0.0,22.85546875,0.0,0.0,23.8125,0.0,4.94622802734375
6.979,-0.0,0.0,0.0,0.0,0.0,-0.0,-0.0,0.0,0.0,0.0,22.6640625,0.0,0.0,0.0,25.53515625,0.0,0.0,0.0,24.76953125,0.0,0.0,0.0,22.85546875,0.0,0.0,24.1953125,0.0,4.9364471435546875
7.14,-0.0,0.0,0.0,0.0,0.0,-0.0,-0.0,0.0,0.0,0.0,22.28125,0.0,0.0,0.0,25.34375,0.0,0.0,0.0,24.578125,0.0,0.0,0.0,22.85546875,0.0,0.0,23.4296875,0.0,4.94622802734375
7.329,-0.0,0.0,0.0,0.0,0.0,-0.0,-0.0,0.0,0.0,0.0,22.6640625,0.0,0.0,0.0,25.34375,0.0,0.0,0.0,24.9609375,0.0,0.0,0.0,23.23828125,0.0,0.0,24.00390625,0.0,4.94622802734375
7.492,-0.0,0.0,0.0,0.0,0.0,-0.0,-0.0,0.0,0.0,0.0,22.6640625,0.0,0.0,0.0,24.76953125,0.0,0.0,0.0,24.578125,0.0,0.0,0.0,22.6640625,0.0,0.0,24.38671875,0.0,4.94622802734375
7.672,-0.0,0.0,0.0,0.0,0.0,-0.0,-0.0,0.0,0.0,0.0,22.6640625,0.0,0.0,0.0,25.91796875,0.0,0.0,0.0,25.15234375,0.0,0.0,0.0,23.046875,0.0,0.0,24.1953125,0.0,4.94622802734375
7.851,-0.0,0.0,0.0,0.0,0.0,-0.0,-0.0,0.0,0.0,0.0,24.578125,0.0,0.0,0.0,25.34375,0.0,0.0,0.0,25.15234375,0.0,0.0,0.0,22.85546875,0.0,0.0,24.578125,0.0,4.94622802734375
8.01,-0.0,0.0,0.0,0.0,0.0,-0.0,-0.0,0.0,0.0,0.0,22.6640625,0.0,0.0,0.0,25.91796875,0.0,0.0,0.0,24.9609375,0.0,0.0,0.0,23.4296875,0.0,0.0,22.08984375,0.0,4.94622802734375
8.171,-0.0,0.0,0.0,0.0,0.0,-0.0,-0.0,0.0,0.0,0.0,21.70703125,0.0,0.0,0.0,24.578125,0.0,0.0,0.0,24.76953125,0.0,0.0,0.0,22.85546875,0.0,0.0,23.23828125,0.0,4.94622802734375
8.329,-0.0,0.0,0.0,0.0,0.0,-0.0,-0.0,0.0,0.0,0.0,22.47265625,0.0,0.0,0.0,25.53515625,0.0,0.0,0.0,25.34375,0.0,0.0,0.0,22.28125,0.0,0.0,23.8125,0.0,4.94622802734375
8.5,-0.0,0.0,0.0,0.0,0.0,-0.0,-0.0,0.0,0.0,0.0,22.28125,0.0,0.0,0.0,24.9609375,0.0,0.0,0.0,24.9609375,0.0,0.0,0.0,23.046875,0.0,0.0,24.00390625,0.0,4.94622802734375
8.669,-0.0,0.0,0.0,0.0,0.0,-0.0,-0.0,0.0,0.0,0.0,23.4296875,0.0,0.0,0.0,24.76953125,0.0,0.0,0.0,24.76953125,0.0,0.0,0.0,23.046875,0.0,0.0,24.00390625,0.0,4.94622802734375
8.87,-0.0,0.0,0.0,0.0,0.0,-0.0,-0.0,0.0,0.0,0.0,22.47265625,0.0,0.0,0.0,25.15234375,0.0,0.0,0.0,25.15234375,0.0,0.0,0.0,22.6640625,0.0,0.0,24.38671875,0.0,4.94622802734375
9.03,-0.0,0.0,0.0,0.0,0.0,-0.0,-0.0,0.0,0.0,0.0,22.28125,0.0,0.0,0.0,25.34375,0.0,0.0,0.0,24.76953125,0.0,0.0,0.0,23.046875,0.0,0.0,24.38671875,0.0,4.94622802734375
9.189,-0.0,0.0,0.0,0.0,0.0,-0.0,-0.0,0.0,0.0,0.0,22.6640625,0.0,0.0,0.0,24.9609375,0.0,0.0,0.0,24.9609375,0.0,0.0,0.0,22.6640625,0.0,0.0,24.00390625,0.0,4.94622802734375
9.358,-0.0,0.0,0.0,0.0,0.0,-0.0,-0.0,0.0,0.0,0.0,23.23828125,0.0,0.0,0.0,25.7265625,0.0,0.0,0.0,24.9609375,0.0,0.0,0.0,23.4296875,0.0,0.0,23.4296875,0.0,4.9364471435546875
9.518,-0.0,0.0,0.0,0.0,0.0,-0.0,-0.0,0.0,0.0,0.0,23.4296875,0.0,0.0,0.0,24.9609375,0.0,0.0,0.0,25.34375,0.0,0.0,0.0,23.4296875,0.0,0.0,24.76953125,0.0,4.94622802734375
9.685,-0.0,0.0,0.0,0.0,0.0,-0.0,-0.0,0.0,0.0,0.0,22.85546875,0.0,0.0,0.0,25.7265625,0.0,0.0,0.0,24.76953125,0.0,0.0,0.0,23.23828125,0.0,0.0,24.1953125,0.0,4.94622802734375
9.858,-0.0,0.0,0.0,0.0,0.0,-0.0,-0.0,0.0,0.0,0.0,23.046875,0.0,0.0,0.0,25.53515625,0.0,0.0,0.0,25.15234375,0.0,0.0,0.0,23.23828125,0.0,0.0,24.38671875,0.0,4.94622802734375
10.02,-0.0,0.0,0.0,0.0,0.0,-0.0,-0.0,0.0,0.0,0.0,22.6640625,0.0,0.0,0.0,25.53515625,0.0,0.0,0.0,24.9609375,0.0,0.0,0.0,23.23828125,0.0,0.0,23.62109375,0.0,4.94622802734375
10.19,-0.0,0.0,0.0,0.0,0.0,-0.0,-0.0,0.0,0.0,0.0,22.08984375,0.0,0.0,0.0,24.9609375,0.0,0.0,0.0,24.578125,0.0,0.0,0.0,23.046875,0.0,0.0,24.38671875,0.0,4.94622802734375
10.351,-0.0,0.0,0.0,0.0,0.0,-0.0,-0.0,0.0,0.0,0.0,21.70703125,0.0,0.0,0.0,25.7265625,0.0,0.0,0.0,24.76953125,0.0,0.0,0.0,23.8125,0.0,0.0,24.1953125,0.0,4.9364471435546875
10.528,-0.0,0.0,0.0,0.0,0.0,-0.0,-0.0,0.0,0.0,0.0,22.28125,0.0,0.0,0.0,26.30078125,0.0,0.0,0.0,25.15234375,0.0,0.0,0.0,22.85546875,0.0,0.0,23.4296875,0.0,4.94622802734375
10.689,-0.0,0.0,0.0,0.0,0.0,-0.0,-0.0,0.0,0.0,0.0,22.85546875,0.0,0.0,0.0,25.34375,0.0,0.0,0.0,25.53515625,0.0,0.0,0.0,23.4296875,0.0,0.0,24.38671875,0.0,4.94622802734375
10.849,-0.0,0.0,0.0,0.0,0.0,-0.0,-0.0,0.0,0.0,0.0,22.08984375,0.0,0.0,0.0,25.34375,0.0,0.0,0.0,24.9609375,0.0,0.0,0.0,23.23828125,0.0,0.0,22.85546875,0.0,4.94622802734375
11.008,-0.0,0.0,0.0,0.0,0.0,-0.0,-0.0,0.0,0.0,0.0,22.28125,0.0,0.0,0.0,25.7265625,0.0,0.0,0.0,24.76953125,0.0,0.0,0.0,22.6640625,0.0,0.0,23.62109375,0.0,4.94622802734375
11.172,-0.0,0.0,0.0,0.0,0.0,-0.0,-0.0,0.0,0.0,0.0,23.046875,0.0,0.0,0.0,25.15234375,0.0,0.0,0.0,24.76953125,0.0,0.0,0.0,23.046875,0.0,0.0,24.1953125,0.0,4.94622802734375
11.33,-0.0,0.0,0.0,0.0,0.0,-0.0,-0.0,0.0,0.0,0.0,22.6640625,0.0,0.0,0.0,25.7265625,0.0,0.0,0.0,24.76953125,0.0,0.0,0.0,23.23828125,0.0,0.0,23.4296875,0.0,4.94622802734375
11.497,-0.0,0.0,0.0,0.0,0.0,-0.0,-0.0,0.0,0.0,0.0,22.85546875,0.0,0.0,0.0,25.34375,0.0,0.0,0.0,24.76953125,0.0,0.0,0.0,23.62109375,0.0,0.0,24.578125,0.0,4.9364471435546875
11.669,-0.0,0.0,0.0,0.0,0.0,-0.0,-0.0,0.0,0.0,0.0,23.046875,0.0,0.0,0.0,24.578125,0.0,0.0,0.0,24.76953125,0.0,0.0,0.0,23.046875,0.0,0.0,24.1953125,0.0,4.94622802734375
11.851,-0.0,0.0,0.0,0.0,0.0,-0.0,-0.0,0.0,0.0,0.0,23.046875,0.0,0.0,0.0,25.53515625,0.0,0.0,0.0,25.34375,0.0,0.0,0.0,23.046875,0.0,0.0,23.8125,0.0,4.94622802734375
12.011,-0.0,0.0,0.0,0.0,0.0,-0.0,-0.0,0.0,0.0,0.0,23.23828125,0.0,0.0,0.0,25.34375,0.0,0.0,0.0,24.9609375,0.0,0.0,0.0,22.28125,0.0,0.0,24.9609375,0.0,4.94622802734375
12.17,-0.0,0.0,0.0,0.0,0.0,-0.0,-0.0,0.0,0.0,0.0,23.23828125,0.0,0.0,0.0,25.15234375,0.0,0.0,0.0,24.9609375,0.0,0.0,0.0,23.046875,0.0,0.0,24.1953125,0.0,4.94622802734375
12.33,-0.0,0.0,0.0,0.0,0.0,-0.0,-0.0,0.0,0.0,0.0,22.6640625,0.0,0.0,0.0,25.34375,0.0,0.0,0.0,24.76953125,0.0,0.0,0.0,22.85546875,0.0,0.0,25.15234375,0.0,4.94622802734375
12.498,-0.0,0.0,0.0,0.0,0.0,-0.0,-0.0,0.0,0.0,0.0,22.47265625,0.0,0.0,0.0,25.34375,0.0,0.0,0.0,24.76953125,0.0,0.0,0.0,23.046875,0.0,0.0,23.8125,0.0,4.94622802734375
12.659,-0.0,0.0,0.0,0.0,0.0,-0.0,-0.0,0.0,0.0,0.0,22.85546875,0.0,0.0,0.0,25.7265625,0.0,0.0,0.0,25.34375,0.0,0.0,0.0,23.046875,0.0,0.0,24.1953125,0.0,4.9364471435546875
12.816,-0.0,0.0,0.0,0.0,0.0,-0.0,-0.0,0.0,0.0,0.0,22.6640625,0.0,0.0,0.0,25.53515625,0.0,0.0,0.0,24.9609375,0.0,0.0,0.0,23.4296875,0.0,0.0,24.578125,0.0,4.94622802734375
12.977,-0.0,0.0,0.0,0.0,0.0,-0.0,-0.0,0.0,0.0,0.0,23.046875,0.0,0.0,0.0,25.34375,0.0,0.0,0.0,25.34375,0.0,0.0,0.0,22.85546875,0.0,0.0,24.00390625,0.0,4.94622802734375
13.131,-0.0,0.0,0.0,0.0,0.0,-0.0,-0.0,0.0,0.0,0.0,22.47265625,0.0,0.0,0.0,25.15234375,0.0,0.0,0.0,24.76953125,0.0,0.0,0.0,23.046875,0.0,0.0,23.4296875,0.0,4.94622802734375
13.297,-0.0,0.0,0.0,0.0,0.0,-0.0,-0.0,0.0,0.0,0.0,22.47265625,0.0,0.0,0.0,24.9609375,0.0,0.0,0.0,25.15234375,0.0,0.0,0.0,23.8125,0.0,0.0,24.00390625,0.0,4.94622802734375
13.468,-0.0,0.0,0.0,0.0,0.0,-0.0,-0.0,0.0,0.0,0.0,22.6640625,0.0,0.0,0.0,25.34375,0.0,0.0,0.0,25.15234375,0.0,0.0,0.0,22.47265625,0.0,0.0,24.9609375,0.0,4.94622802734375
13.636,-0.0,0.0,0.0,0.0,0.0,-0.0,-0.0,0.0,0.0,0.0,23.8125,0.0,0.0,0.0,24.9609375,0.0,0.0,0.0,25.15234375,0.0,0.0,0.0,22.85546875,0.0,0.0,24.1953125,0.0,4.94622802734375
13.8,-0.0,0.0,0.0,0.0,0.0,-0.0,-0.0,0.0,0.0,0.0,22.6640625,0.0,0.0,0.0,24.9609375,0.0,0.0,0.0,24.578125,0.0,0.0,0.0,22.47265625,0.0,0.0,23.4296875,0.0,4.9364471435546875
13.962,-0.0,0.0,0.0,0.0,0.0,-0.0,-0.0,0.0,0.0,0.0,22.6640625,0.0,0.0,0.0,25.15234375,0.0,0.0,0.0,24.578125,0.0,0.0,0.0,22.85546875,0.0,0.0,25.34375,0.0,4.94622802734375
14.137,-0.0,0.0,0.0,0.0,0.0,-0.0,-0.0,0.0,0.0,0.0,22.6640625,0.0,0.0,0.0,24.9609375,0.0,0.0,0.0,25.34375,0.0,0.0,0.0,22.6640625,0.0,0.0,23.8125,0.0,4.94622802734375
14.308,-0.0,0.0,0.0,0.0,0.0,-0.0,-0.0,0.0,0.0,0.0,23.23828125,0.0,0.0,0.0,24.9609375,0.0,0.0,0.0,24.9609375,0.0,0.0,0.0,23.4296875,0.0,0.0,24.1953125,0.0,4.94622802734375
14.477,-0.0,0.0,0.0,0.0,0.0,-0.0,-0.0,0.0,0.0,0.0,22.47265625,0.0,0.0,0.0,24.9609375,0.0,0.0,0.0,24.76953125,0.0,0.0,0.0,23.046875,0.0,0.0,23.8125,0.0,4.94622802734375
14.637,-0.0,0.0,0.0,0.0,0.0,-0.0,-0.0,0.0,0.0,0.0,22.6640625,0.0,0.0,0.0,24.9609375,0.0,0.0,0.0,24.76953125,0.0,0.0,0.0,23.23828125,0.0,0.0,24.1953125,0.0,4.94622802734375
14.811,-0.0,0.0,0.0,0.0,0.0,-0.0,-0.0,0.0,0.0,0.0,23.8125,0.0,0.0,0.0,25.15234375,0.0,0.0,0.0,24.9609375,0.0,0.0,0.0,23.4296875,0.0,0.0,24.9609375,0.0,4.94622802734375
14.979,-0.0,0.0,0.0,0.0,0.0,-0.0,-0.0,0.0,0.0,0.0,22.6640625,0.0,0.0,0.0,25.15234375,0.0,0.0,0.0,24.9609375,0.0,0.0,0.0,23.4296875,0.0,0.0,24.1953125,0.0,4.94622802734375
15.149,-0.0,0.0,0.0,0.0,0.0,-0.0,-0.0,0.0,0.0,0.0,22.6640625,0.0,0.0,0.0,24.76953125,0.0,0.0,0.0,24.9609375,0.0,0.0,0.0,22.6640625,0.0,0.0,24.38671875,0.0,4.94622802734375
15.31,-0.0,0.0,0.0,0.0,0.0,-0.0,-0.0,0.0,0.0,0.0,23.4296875,0.0,0.0,0.0,25.34375,0.0,0.0,0.0,25.53515625,0.0,0.0,0.0,22.28125,0.0,0.0,24.76953125,0.0,4.9364471435546875
15.49,-0.0,0.0,0.0,0.0,0.0,-0.0,-0.0,0.0,0.0,0.0,21.70703125,0.0,0.0,0.0,24.76953125,0.0,0.0,0.0,25.7265625,0.0,0.0,0.0,23.23828125,0.0,0.0,24.1953125,0.0,4.94622802734375
15.66,-0.0,0.0,0.0,0.0,0.0,-0.0,-0.0,0.0,0.0,0.0,23.23828125,0.0,0.0,0.0,25.15234375,0.0,0.0,0.0,25.15234375,0.0,0.0,0.0,22.47265625,0.0,0.0,24.1953125,0.0,4.9364471435546875
15.828,-0.0,0.0,0.0,0.0,0.0,-0.0,-0.0,0.0,0.0,0.0,21.515625,0.0,0.0,0.0,24.76953125,0.0,0.0,0.0,24.76953125,0.0,0.0,0.0,22.85546875,0.0,0.0,24.1953125,0.0,4.9364471435546875
15.991,-0.0,0.0,0.0,0.0,0.0,-0.0,-0.0,0.0,0.0,0.0,22.47265625,0.0,0.0,0.0,25.34375,0.0,0.0,0.0,24.38671875,0.0,0.0,0.0,22.85546875,0.0,0.0,23.8125,0.0,4.94622802734375
16.151,-0.0,0.0,0.0,0.0,0.0,-0.0,-0.0,0.0,0.0,0.0,22.6640625,0.0,0.0,0.0,24.9609375,0.0,0.0,0.0,24.76953125,0.0,0.0,0.0,22.47265625,0.0,0.0,24.578125,0.0,4.94622802734375
16.309,-0.0,0.0,0.0,0.0,0.0,-0.0,-0.0,0.0,0.0,0.0,23.23828125,0.0,0.0,0.0,25.15234375,0.0,0.0,0.0,25.53515625,0.0,0.0,0.0,23.046875,0.0,0.0,24.76953125,0.0,4.9364471435546875
16.476,-0.0,0.0,0.0,0.0,0.0,-0.0,-0.0,0.0,0.0,0.0,22.47265625,0.0,0.0,0.0,25.7265625,0.0,0.0,0.0,25.34375,0.0,0.0,0.0,22.85546875,0.0,0.0,23.4296875,0.0,4.94622802734375
16.649,-0.0,0.0,0.0,0.0,0.0,-0.0,-0.0,0.0,0.0,0.0,23.62109375,0.0,0.0,0.0,25.15234375,0.0,0.0,0.0,24.9609375,0.0,0.0,0.0,23.23828125,0.0,0.0,24.1953125,0.0,4.9364471435546875
16.81,-0.0,0.0,0.0,0.0,0.0,-0.0,-0.0,0.0,0.0,0.0,22.85546875,0.0,0.0,0.0,25.34375,0.0,0.0,0.0,24.76953125,0.0,0.0,0.0,23.23828125,0.0,0.0,23.8125,0.0,4.94622802734375
16.978,-0.0,0.0,0.0,0.0,0.0,-0.0,-0.0,0.0,0.0,0.0,22.47265625,0.0,0.0,0.0,24.9609375,0.0,0.0,0.0,25.15234375,0.0,0.0,0.0,22.47265625,0.0,0.0,23.8125,0.0,4.94622802734375
17.149,-0.0,0.0,0.0,0.0,0.0,-0.0,-0.0,0.0,0.0,0.0,22.85546875,0.0,0.0,0.0,25.7265625,0.0,0.0,0.0,24.9609375,0.0,0.0,0.0,23.046875,0.0,0.0,23.8125,0.0,5.0048828125
S: 17.196 163223686658 Fired
17.308,-0.0,0.0,0.0,0.0,0.0,-0.0,-0.0,0.0,0.0,0.0,23.046875,0.0,0.0,0.0,24.76953125,11.230880737304688,0.0,0.0,25.15234375,0.0,0.0,0.0,22.6640625,0.0,0.0,24.38671875,0.0,4.57476806640625
17.478,-0.0,0.0,0.0,0.0,0.0,-0.0,-0.0,0.0,0.0,0.0,21.8984375,0.0,0.0,0.0,25.7265625,-6.8357391357421875,0.0,0.0,25.34375,0.0,0.0,0.0,22.85546875,0.0,0.0,24.578125,0.0,4.9560089111328125
17.636,-0.0,0.0,0.0,0.0,0.0,-0.0,-0.0,0.0,0.0,0.0,23.046875,0.0,0.0,0.0,24.9609375,-8.76025390625,0.0,0.0,24.76953125,0.0,0.0,0.0,23.4296875,0.0,0.0,23.62109375,0.0,5.20037841796875
17.811,-0.0,0.0,0.0,0.0,0.0,-0.0,-0.0,0.0,0.0,0.0,22.6640625,0.0,0.0,0.0,25.15234375,5.970367431640625,0.0,0.0,24.76953125,0.0,0.0,0.0,22.6640625,0.0,0.0,23.4296875,0.0,5.2492523193359375
17.96,-0.0,0.0,0.0,0.0,0.0,-0.0,-0.0,0.0,0.0,0.0,22.08984375,0.0,0.0,0.0,25.34375,-2.6134185791015625,0.0,0.0,24.9609375,0.0,0.0,0.0,23.23828125,0.0,0.0,24.578125,0.0,5.2688140869140625
18.117,-0.0,0.0,0.0,0.0,0.0,-0.0,-0.0,0.0,0.0,0.0,22.28125,0.0,0.0,0.0,24.9609375,0.0,0.0,0.0,24.76953125,0.0,0.0,0.0,23.4296875,0.0,0.0,24.00390625,0.0,5.219940185546875
18.277,-0.0,0.0,0.0,0.0,0.0,-0.0,-0.0,0.0,0.0,0.0,23.046875,0.0,0.0,0.0,24.9609375,0.0,0.0,0.0,25.15234375,0.0,0.0,0.0,23.8125,0.0,0.0,23.62109375,0.0,5.2492523193359375
18.43,-0.0,0.0,0.0,0.0,0.0,-0.0,-0.0,0.0,0.0,0.0,23.23828125,0.0,0.0,0.0,25.34375,0.0,0.0,0.0,25.15234375,0.0,0.0,0.0,22.6640625,0.0,0.0,23.8125,0.0,5.20037841796875
18.589,-0.0,0.0,0.0,0.0,0.0,-0.0,-0.0,0.0,0.0,0.0,23.4296875,0.0,0.0,0.0,25.34375,5.097564697265625,0.0,0.0,24.9609375,0.0,0.0,0.0,23.046875,0.0,0.0,25.34375,0.0,5.171051025390625
18.751,-0.0,0.0,0.0,0.0,0.0,-0.0,-0.0,0.0,0.0,0.0,23.046875,0.0,0.0,0.0,25.7265625,6.219757080078125,0.0,0.0,24.578125,0.0,0.0,0.0,23.046875,0.0,0.0,24.00390625,0.0,5.161285400390625
18.911,-0.0,0.0,0.0,0.0,0.0,-0.0,-0.0,0.0,0.0,0.0,23.046875,0.0,0.0,0.0,25.15234375,0.0,0.0,0.0,25.34375,0.0,0.0,0.0,23.046875,0.0,0.0,23.4296875,0.0,5.161285400390625
19.079,-0.0,0.0,0.0,0.0,0.0,-0.0,-0.0,0.0,0.0,0.0,22.85546875,0.0,0.0,0.0,26.875,0.0,0.0,0.0,25.15234375,0.0,0.0,0.0,22.85546875,0.0,0.0,26.109375,0.0,5.171051025390625
19.238,-0.0,0.0,0.0,0.0,0.0,-0.0,-0.0,0.0,0.0,0.0,23.046875,0.0,0.0,0.0,25.7265625,0.0,0.0,0.0,24.9609375,0.0,0.0,0.0,23.23828125,0.0,0.0,23.8125,0.0,5.171051025390625
19.408,-0.0,0.0,0.0,0.0,0.0,-0.0,-0.0,0.0,0.0,0.0,22.47265625,0.0,0.0,0.0,25.15234375,0.0,0.0,0.0,24.9609375,0.0,0.0,0.0,23.23828125,0.0,0.0,23.8125,0.0,5.171051025390625
19.576,-0.0,0.0,0.0,0.0,0.0,-0.0,-0.0,0.0,0.0,0.0,22.6640625,0.0,0.0,0.0,24.76953125,0.0,0.0,0.0,24.76953125,0.0,0.0,0.0,23.4296875,0.0,0.0,24.76953125,0.0,5.171051025390625
19.739,-0.0,0.0,0.0,0.0,0.0,-0.0,-0.0,0.0,0.0,0.0,24.1953125,0.0,0.0,0.0,25.7265625,0.0,0.0,0.0,24.9609375,0.0,0.0,0.0,23.23828125,0.0,0.0,23.8125,0.0,5.171051025390625
19.918,-0.0,0.0,0.0,0.0,0.0,-0.0,-0.0,0.0,0.0,0.0,22.47265625,0.0,0.0,0.0,26.4921875,0.0,0.0,0.0,24.9609375,0.0,0.0,0.0,23.4296875,0.0,0.0,24.578125,0.0,5.171051025390625
20.078,-0.0,0.0,0.0,0.0,0.0,-0.0,-0.0,0.0,0.0,0.0,23.23828125,0.0,0.0,0.0,25.7265625,0.0,0.0,0.0,24.9609375,0.0,0.0,0.0,23.8125,0.0,0.0,24.76953125,0.0,5.171051025390625
20.248,-0.0,0.0,0.0,0.0,0.0,-0.0,-0.0,0.0,0.0,0.0,22.47265625,0.0,0.0,0.0,24.76953125,0.0,0.0,0.0,25.15234375,0.0,0.0,0.0,23.046875,0.0,0.0,24.1953125,0.0,5.171051025390625
20.411,-0.0,0.0,0.0,0.0,0.0,-0.0,-0.0,0.0,0.0,0.0,22.6640625,0.0,0.0,0.0,26.30078125,0.0,0.0,0.0,25.34375,0.0,0.0,0.0,22.85546875,0.0,0.0,24.00390625,0.0,5.171051025390625
20.728,-0.0,0.0,0.0,0.0,0.0,-0.0,-0.0,0.0,0.0,0.0,23.046875,0.0,0.0,0.0,24.9609375,0.0,0.0,0.0,24.9609375,0.0,0.0,0.0,22.6640625,0.0,0.0,23.8125,0.0,5.171051025390625
20.909,-0.0,0.0,0.0,0.0,0.0,-0.0,-0.0,0.0,0.0,0.0,23.23828125,0.0,0.0,0.0,24.9609375,0.0,0.0,0.0,25.53515625,0.0,0.0,0.0,23.046875,0.0,0.0,24.00390625,0.0,5.171051025390625
S: 20.953 163223690414 Pickup down
21.074,-0.0,0.0,0.0,0.0,0.0,-0.0,-0.0,0.0,0.0,0.0,23.046875,0.0,0.0,0.0,25.91796875,0.0,0.0,0.0,25.15234375,0.0,0.0,0.0,22.6640625,-10.3359375,31.71875,23.62109375,0.0,5.171051025390625
21.255,-0.0,0.0,0.0,0.0,0.0,-0.0,-0.0,0.0,0.0,0.0,22.85546875,0.0,0.0,0.0,24.578125,0.0,0.0,0.0,24.76953125,0.0,0.0,0.0,23.4296875,-11.42578125,18.0625,24.38671875,0.0,5.171051025390625
21.43,-0.0,0.0,0.0,0.0,0.0,-0.0,-0.0,0.0,0.0,0.0,23.046875,0.0,0.0,0.0,24.38671875,0.0,0.0,0.0,25.15234375,0.0,0.0,0.0,23.23828125,-11.53125,11.76171875,24.38671875,0.0,5.171051025390625
21.598,-0.0,0.0,0.0,0.0,0.0,-0.0,-0.0,0.0,0.0,0.0,23.4296875,0.0,0.0,0.0,24.9609375,-27.654739379882812,0.0,0.0,24.76953125,0.0,0.0,0.0,22.28125,0.0,0.0,24.38671875,0.0,5.161285400390625
S: 21.641 163223691102 Pickup up
21.759,-0.0,0.0,0.0,0.0,0.0,-0.0,-0.0,0.0,0.0,0.0,22.85546875,0.0,0.0,0.0,25.53515625,11.480331420898438,0.0,0.0,25.15234375,0.0,0.0,0.0,22.85546875,0.0,0.0,24.38671875,0.0,5.1515045166015625
21.931,-0.0,0.0,0.0,0.0,0.0,-0.0,-0.0,0.0,0.0,0.0,23.046875,0.0,0.0,0.0,24.76953125,0.0,0.0,0.0,24.9609375,0.0,0.0,0.0,23.23828125,0.0,0.0,24.38671875,0.0,5.1417388916015625
22.09,-0.0,0.0,0.0,0.0,0.0,-0.0,-0.0,0.0,0.0,0.0,22.28125,0.0,0.0,0.0,24.578125,0.0,0.0,0.0,24.9609375,0.0,0.0,0.0,23.62109375,0.0,0.0,24.00390625,0.0,5.1417388916015625
22.251,-0.0,0.0,0.0,0.0,0.0,-0.0,-0.0,0.0,0.0,0.0,23.23828125,0.0,0.0,0.0,25.7265625,0.0,0.0,0.0,24.9609375,0.0,0.0,0.0,22.85546875,0.0,0.0,24.00390625,0.0,5.1515045166015625
22.41,-0.0,0.0,0.0,0.0,0.0,-0.0,-0.0,0.0,0.0,0.0,22.6640625,0.0,0.0,0.0,25.15234375,0.0,0.0,0.0,25.15234375,0.0,0.0,0.0,23.046875,0.0,0.0,24.1953125,0.0,5.1515045166015625
22.579,-0.0,0.0,0.0,0.0,0.0,-0.0,-0.0,0.0,0.0,0.0,22.6640625,0.0,0.0,0.0,24.00390625,0.0,0.0,0.0,24.9609375,0.0,0.0,0.0,23.4296875,0.0,0.0,24.00390625,0.0,5.161285400390625
22.749,-0.0,0.0,0.0,0.0,0.0,-0.0,-0.0,0.0,0.0,0.0,22.47265625,0.0,0.0,0.0,25.34375,0.0,0.0,0.0,24.9609375,0.0,0.0,0.0,23.23828125,0.0,0.0,23.8125,0.0,5.1515045166015625
22.91,-0.0,0.0,0.0,0.0,0.0,-0.0,-0.0,0.0,0.0,0.0,22.08984375,0.0,0.0,0.0,25.7265625,0.0,0.0,0.0,25.15234375,0.0,0.0,0.0,23.4296875,0.0,0.0,23.8125,0.0,5.1515045166015625
23.076,-0.0,0.0,0.0,0.0,0.0,-0.0,-0.0,0.0,0.0,0.0,22.6640625,0.0,0.0,0.0,25.34375,14.154067993164062,0.0,0.0,25.34375,0.0,0.0,0.0,22.47265625,0.0,0.0,23.046875,0.0,5.1515045166015625
23.251,-0.0,0.0,0.0,0.0,0.0,-0.0,-0.0,0.0,0.0,0.0,22.47265625,0.0,0.0,0.0,26.109375,9.124755859375,0.0,0.0,24.578125,0.0,0.0,0.0,23.4296875,0.0,0.0,23.23828125,0.0,5.161285400390625
23.418,-0.0,0.0,0.0,0.0,0.0,-0.0,-0.0,0.0,0.0,0.0,22.85546875,0.0,0.0,0.0,24.9609375,-4.8862152099609375,0.0,0.0,24.9609375,0.0,0.0,0.0,22.6640625,0.0,0.0,23.62109375,0.0,5.161285400390625
23.591,-0.0,0.0,0.0,0.0,0.0,-0.0,-0.0,0.0,0.0,0.0,22.28125,0.0,0.0,0.0,24.76953125,0.0,0.0,0.0,25.15234375,0.0,0.0,0.0,22.47265625,0.0,0.0,24.38671875,0.0,5.161285400390625
23.756,-0.0,0.0,0.0,0.0,0.0,-0.0,-0.0,0.0,0.0,0.0,22.6640625,0.0,0.0,0.0,25.53515625,0.0,0.0,0.0,25.15234375,0.0,0.0,0.0,23.046875,0.0,0.0,24.38671875,0.0,5.161285400390625
23.949,-0.0,0.0,0.0,0.0,0.0,-0.0,-0.0,0.0,0.0,0.0,22.6640625,0.0,0.0,0.0,26.30078125,0.0,0.0,0.0,25.15234375,0.0,0.0,0.0,23.046875,0.0,0.0,23.4296875,0.0,5.161285400390625
24.109,-0.0,0.0,0.0,0.0,0.0,-0.0,-0.0,0.0,0.0,0.0,23.046875,0.0,0.0,0.0,24.76953125,0.0,0.0,0.0,24.76953125,0.0,0.0,0.0,23.23828125,0.0,0.0,23.62109375,0.0,5.161285400390625
24.271,-0.0,0.0,0.0,0.0,0.0,-0.0,-0.0,0.0,0.0,0.0,22.28125,0.0,0.0,0.0,25.15234375,0.0,0.0,0.0,25.15234375,0.0,0.0,0.0,23.62109375,0.0,0.0,24.00390625,0.0,5.161285400390625
24.436,-0.0,0.0,0.0,0.0,0.0,-0.0,-0.0,0.0,0.0,0.0,23.046875,0.0,0.0,0.0,25.34375,0.0,0.0,0.0,24.9609375,0.0,0.0,0.0,24.00390625,0.0,0.0,23.8125,0.0,5.161285400390625
24.595,-0.0,0.0,0.0,0.0,0.0,-0.0,-0.0,0.0,0.0,0.0,22.6640625,0.0,0.0,0.0,24.9609375,0.0,0.0,0.0,24.76953125,0.0,0.0,0.0,23.046875,0.0,0.0,22.47265625,0.0,5.1515045166015625
24.759,-0.0,0.0,0.0,0.0,0.0,-0.0,-0.0,0.0,0.0,0.0,23.046875,0.0,0.0,0.0,25.15234375,0.0,0.0,0.0,25.34375,0.0,0.0,0.0,23.046875,0.0,0.0,24.578125,0.0,5.161285400390625
24.93,-0.0,0.0,0.0,0.0,0.0,-0.0,-0.0,0.0,0.0,0.0,23.23828125,0.0,0.0,0.0,25.7265625,0.0,0.0,0.0,24.9609375,0.0,0.0,0.0,23.62109375,0.0,0.0,23.046875,0.0,5.161285400390625
25.108,-0.0,0.0,0.0,0.0,0.0,-0.0,-0.0,0.0,0.0,0.0,22.6640625,0.0,0.0,0.0,25.15234375,0.0,0.0,0.0,25.34375,0.0,0.0,0.0,22.85546875,0.0,0.0,25.53515625,0.0,5.161285400390625
25.272,-0.0,0.0,0.0,0.0,0.0,-0.0,-0.0,0.0,0.0,0.0,22.47265625,0.0,0.0,0.0,25.53515625,0.0,0.0,0.0,24.76953125,0.0,0.0,0.0,23.046875,0.0,0.0,23.62109375,0.0,5.1515045166015625
25.438,-0.0,0.0,0.0,0.0,0.0,-0.0,-0.0,0.0,0.0,0.0,22.6640625,0.0,0.0,0.0,25.7265625,0.0,0.0,0.0,24.76953125,0.0,0.0,0.0,23.23828125,0.0,0.0,24.578125,0.0,5.1515045166015625
25.597,-0.0,0.0,0.0,0.0,0.0,-0.0,-0.0,0.0,0.0,0.0,23.23828125,0.0,0.0,0.0,24.9609375,0.0,0.0,0.0,25.15234375,0.0,0.0,0.0,23.046875,0.0,0.0,23.23828125,0.0,5.161285400390625
25.756,-0.0,0.0,0.0,0.0,0.0,-0.0,-0.0,0.0,0.0,0.0,21.32421875,0.0,0.0,0.0,25.7265625,0.0,0.0,0.0,24.9609375,0.0,0.0,0.0,23.23828125,0.0,0.0,23.4296875,0.0,5.161285400390625
25.93,-0.0,0.0,0.0,0.0,0.0,-0.0,-0.0,0.0,0.0,0.0,23.046875,0.0,0.0,0.0,25.53515625,0.0,0.0,0.0,25.15234375,0.0,0.0,0.0,22.85546875,0.0,0.0,23.8125,0.0,5.161285400390625
26.092,-0.0,0.0,0.0,0.0,0.0,-0.0,-0.0,0.0,0.0,0.0,22.08984375,0.0,0.0,0.0,24.9609375,0.0,0.0,0.0,24.76953125,0.0,0.0,0.0,23.046875,0.0,0.0,22.08984375,0.0,5.161285400390625
26.269,-0.0,0.0,0.0,0.0,0.0,-0.0,-0.0,0.0,0.0,0.0,22.85546875,0.0,0.0,0.0,25.34375,0.0,0.0,0.0,24.9609375,0.0,0.0,0.0,23.046875,0.0,0.0,23.8125,0.0,5.1515045166015625
26.43,-0.0,0.0,0.0,0.0,0.0,-0.0,-0.0,0.0,0.0,0.0,22.6640625,0.0,0.0,0.0,25.34375,0.0,0.0,0.0,24.9609375,0.0,0.0,0.0,23.046875,0.0,0.0,24.38671875,0.0,5.1515045166015625
26.608,-0.0,0.0,0.0,0.0,0.0,-0.0,-0.0,0.0,0.0,0.0,22.47265625,0.0,0.0,0.0,25.34375,0.0,0.0,0.0,25.15234375,0.0,0.0,0.0,22.85546875,0.0,0.0,22.28125,0.0,5.161285400390625
26.759,-0.0,0.0,0.0,0.0,0.0,-0.0,-0.0,0.0,0.0,0.0,22.6640625,0.0,0.0,0.0,24.9609375,0.0,0.0,0.0,25.34375,0.0,0.0,0.0,23.23828125,0.0,0.0,23.62109375,0.0,5.161285400390625
26.929,-0.0,0.0,0.0,0.0,0.0,-0.0,-0.0,0.0,0.0,0.0,22.85546875,0.0,0.0,0.0,25.34375,0.0,0.0,0.0,24.9609375,0.0,0.0,0.0,22.85546875,0.0,0.0,24.1953125,0.0,5.161285400390625
27.111,-0.0,0.0,0.0,0.0,0.0,-0.0,-0.0,0.0,0.0,0.0,23.046875,0.0,0.0,0.0,24.9609375,0.0,0.0,0.0,25.15234375,0.0,0.0,0.0,22.47265625,0.0,0.0,23.4296875,0.0,5.1515045166015625
27.27,-0.0,0.0,0.0,0.0,0.0,-0.0,-0.0,0.0,0.0,0.0,23.046875,0.0,0.0,0.0,25.34375,0.0,0.0,0.0,25.15234375,0.0,0.0,0.0,23.046875,0.0,0.0,23.4296875,0.0,5.161285400390625
27.435,-0.0,0.0,0.0,0.0,0.0,-0.0,-0.0,0.0,0.0,0.0,22.85546875,0.0,0.0,0.0,25.34375,0.0,0.0,0.0,25.34375,0.0,0.0,0.0,23.23828125,0.0,0.0,23.23828125,0.0,5.161285400390625
27.614,-0.0,0.0,0.0,0.0,0.0,-0.0,-0.0,0.0,0.0,0.0,21.8984375,0.0,0.0,0.0,25.15234375,0.0,0.0,0.0,25.34375,0.0,0.0,0.0,22.47265625,0.0,0.0,23.8125,0.0,5.161285400390625
27.784,-0.0,0.0,0.0,0.0,0.0,-0.0,-0.0,0.0,0.0,0.0,23.046875,0.0,0.0,0.0,25.15234375,0.0,0.0,0.0,25.15234375,0.0,0.0,0.0,23.4296875,0.0,0.0,23.62109375,0.0,5.161285400390625
27.95,-0.0,0.0,0.0,0.0,0.0,-0.0,-0.0,0.0,0.0,0.0,22.85546875,0.0,0.0,0.0,25.53515625,0.0,0.0,0.0,24.9609375,0.0,0.0,0.0,23.046875,0.0,0.0,25.15234375,0.0,5.1515045166015625
28.115,-0.0,0.0,0.0,0.0,0.0,-0.0,-0.0,0.0,0.0,0.0,22.28125,0.0,0.0,0.0,25.91796875,0.0,0.0,0.0,24.9609375,0.0,0.0,0.0,22.47265625,0.0,0.0,22.47265625,0.0,5.161285400390625
28.287,-0.0,0.0,0.0,0.0,0.0,-0.0,-0.0,0.0,0.0,0.0,22.85546875,0.0,0.0,0.0,25.34375,0.0,0.0,0.0,25.15234375,0.0,0.0,0.0,22.85546875,0.0,0.0,24.00390625,0.0,5.161285400390625
28.45,-0.0,0.0,0.0,0.0,0.0,-0.0,-0.0,0.0,0.0,0.0,23.046875,0.0,0.0,0.0,24.76953125,0.0,0.0,0.0,24.9609375,0.0,0.0,0.0,23.8125,0.0,0.0,22.85546875,0.0,5.161285400390625
28.61,-0.0,0.0,0.0,0.0,0.0,-0.0,-0.0,0.0,0.0,0.0,22.28125,0.0,0.0,0.0,25.53515625,0.0,0.0,0.0,25.34375,0.0,0.0,0.0,22.6640625,0.0,0.0,22.6640625,0.0,5.1417388916015625
28.777,-0.0,0.0,0.0,0.0,0.0,-0.0,-0.0,0.0,0.0,0.0,22.08984375,0.0,0.0,0.0,25.53515625,0.0,0.0,0.0,24.9609375,0.0,0.0,0.0,23.4296875,0.0,0.0,23.046875,0.0,5.1515045166015625
28.949,-0.0,-0.125,0.0,0.0,0.0,-0.0,-0.0,0.0,0.0,0.0,22.85546875,0.0,0.0,0.0,26.109375,0.0,0.0,0.0,25.15234375,0.0,0.0,0.0,23.23828125,0.0,0.0,23.8125,0.0,5.161285400390625
29.112,-0.0,-0.34375,0.0,0.16406250000000003,-0.16406249999999997,-0.16406250000000003,0.16406249999999997,0.0,1.953125,13.203125,22.6640625,0.0,-2.0078125,7.69140625,25.7265625,-24.319488525390625,-1.8984375,11.62890625,24.9609375,0.0,1.84765625,12.41796875,22.08984375,0.0,0.0,24.1953125,0.0,5.1808319091796875
29.289,-0.0,-0.3828125,0.0,0.35937500000000006,-0.35937499999999994,-0.35937500000000006,0.35937499999999994,-4.4599456787109375,3.92578125,22.265625,21.8984375,0.0,-4.09375,14.91015625,24.76953125,-12.703536987304688,-3.91796875,24.3671875,24.9609375,0.0,3.86328125,17.5390625,21.8984375,0.0,0.0,22.6640625,0.0,5.1515045166015625
29.47,0.0078125,-0.3828125,0.0,0.38281250000000006,-0.38281249999999994,-0.38281250000000006,0.38281249999999994,-10.42596435546875,4.2109375,21.08203125,22.08984375,0.0,-4.29296875,19.640625,24.9609375,-37.04203796386719,-4.12109375,22.7890625,24.9609375,0.0,4.046875,19.24609375,22.28125,0.0,0.0,24.38671875,0.0,5.161285400390625
29.649,0.0078125,-0.421875,-0.265625,0.42187500000000006,-0.42187499999999994,-0.42187500000000006,0.42187499999999994,27.902099609375,4.640625,16.2265625,22.6640625,0.0,-4.34765625,25.6796875,24.38671875,-59.93537902832031,-4.51171875,26.46484375,25.34375,0.0,4.43359375,20.296875,22.6640625,0.0,0.0,24.38671875,0.0,5.19061279296875
29.823,0.0078125,-0.421875,-0.484375,0.26953125000000006,-0.57421875,-0.57421875,0.26953124999999994,-4.4099884033203125,2.984375,10.578125,22.08984375,0.0,-5.91796875,25.0234375,24.76953125,-113.92967224121094,-6.1171875,28.69921875,24.9609375,0.0,2.8515625,17.14453125,22.6640625,0.0,0.0,23.4296875,0.0,5.1515045166015625
30.011,0.0078125,-0.4453125,-0.578125,0.17187500000000006,-0.671875,-0.671875,0.17187499999999994,-5.088714599609375,1.89453125,11.76171875,22.47265625,0.0,-7.18359375,22.39453125,25.15234375,-172.6075439453125,-7.20703125,22.921875,24.76953125,0.0,1.84765625,13.59765625,23.4296875,0.0,0.0,23.8125,0.0,5.1515045166015625
30.172,0.0234375,-0.4453125,-0.484375,0.15625000000000006,-0.734375,-0.734375,0.15624999999999994,0.0,1.72265625,15.4375,22.08984375,0.0,-8.08203125,20.296875,24.76953125,-209.00233459472656,-7.8515625,23.4453125,24.76953125,0.0,1.6953125,12.28515625,22.6640625,0.0,0.0,23.8125,0.0,5.161285400390625
30.338,0.0234375,-0.4609375,-0.125,0.25390625000000006,-0.63671875,-0.63671875,0.25390624999999994,0.0,2.7734375,17.5390625,22.47265625,0.0,-7.27734375,15.83203125,25.15234375,-156.56214904785156,-6.671875,20.953125,24.9609375,0.0,2.74609375,16.2265625,22.28125,0.0,0.0,23.62109375,0.0,5.1417388916015625
30.509,0.046875,-0.5625,-0.0078125,0.48437500000000006,-0.48437499999999994,-0.48437500000000006,0.48437499999999994,-29.934051513671875,5.39453125,13.203125,22.47265625,0.0,-5.5859375,9.921875,24.76953125,-127.84657287597656,-5.23046875,15.69921875,25.15234375,0.0,4.98828125,25.6796875,21.8984375,0.0,0.0,24.578125,0.0,5.1417388916015625
30.681,0.046875,-0.6015625,-0.0078125,0.5625000000000001,-0.5624999999999999,-0.5625000000000001,0.5624999999999999,-10.573318481445312,6.12890625,12.41796875,21.70703125,0.0,-6.25,15.69921875,24.9609375,-144.40975952148438,-5.89453125,18.1953125,25.15234375,0.0,5.6328125,28.171875,22.47265625,0.0,0.0,22.6640625,0.0,5.171051025390625
30.861,0.1015625,-0.6796875,-0.0078125,0.6171875000000001,-0.6171874999999999,-0.6171875000000001,0.6171874999999999,56.663909912109375,6.63671875,13.859375,22.08984375,0.0,-6.7265625,15.56640625,24.76953125,-156.93325805664062,-6.20703125,20.6875,24.76953125,0.0,6.05078125,23.05078125,21.70703125,0.0,0.0,23.4296875,0.0,5.1319580078125
31.04,0.1015625,-0.71875,-0.0078125,0.8122894599479864,-0.6471537532427676,-0.8122894599479864,0.6471537532427676,-33.12342834472656,8.30859375,17.40625,21.1328125,0.0,-6.828125,18.1953125,23.8125,-220.79116821289062,-8.16796875,21.73828125,24.76953125,0.0,6.34375,20.8203125,22.47265625,0.0,0.0,23.4296875,0.0,5.1515045166015625
31.212,0.1015625,-0.78125,-0.0078125,0.87156487611685,-0.6949527309653147,-0.87156487611685,0.6949527309653147,-36.777374267578125,8.8203125,19.640625,22.47265625,0.0,-7.35546875,17.80078125,24.9609375,-202.5957489013672,-8.3671875,28.04296875,24.76953125,0.0,6.71484375,20.6875,22.85546875,0.0,0.0,23.8125,0.0,5.161285400390625
31.394,0.1015625,-0.78125,-0.0078125,0.896648388281922,-0.7157718161015291,-0.896648388281922,0.7157718161015291,-207.50025939941406,8.91796875,21.609375,21.8984375,0.0,-7.4765625,15.56640625,24.9609375,-216.43557739257812,-8.796875,27.38671875,25.15234375,0.0,6.94140625,17.93359375,22.47265625,0.0,0.0,24.578125,0.0,5.1417388916015625
31.569,0.046875,-0.78125,-0.1015625,0.896648388281922,-0.7157718161015291,-0.896648388281922,0.7157718161015291,-71.89663696289062,8.88671875,25.0234375,21.70703125,0.0,-7.5,18.0625,24.76953125,-251.341796875,-8.765625,28.83203125,24.76953125,0.0,6.9921875,18.45703125,23.046875,0.0,0.0,22.85546875,0.0,5.1515045166015625
31.738,0.046875,-0.78125,-0.1015625,0.7812500000000001,-0.7812499999999999,-0.7812500000000001,0.7812499999999999,242.65402221679688,7.87890625,17.80078125,21.32421875,0.0,-8.16015625,18.58984375,24.76953125,-221.45327758789062,-7.828125,17.66796875,24.76953125,0.0,7.71484375,20.03125,21.8984375,0.0,0.0,23.62109375,0.0,5.1417388916015625
31.901,0.046875,-0.78125,-0.203125,0.7812500000000001,-0.7812499999999999,-0.7812500000000001,0.7812499999999999,-64.96142578125,8.34765625,17.14453125,22.08984375,0.0,-8.0234375,20.42578125,24.9609375,-247.43861389160156,-8.078125,17.01171875,24.578125,0.0,7.60546875,18.98046875,21.8984375,0.0,0.0,24.00390625,0.0,5.1417388916015625
32.079,0.046875,-0.78125,-0.2421875,0.6601562500000001,-0.9023437499999999,-0.9023437500000001,0.6601562499999999,244.04193115234375,6.796875,13.59765625,22.47265625,0.0,-9.328125,21.609375,24.578125,-290.71087646484375,-9.203125,18.71875,25.34375,0.0,6.63671875,18.58984375,23.046875,0.0,0.0,24.578125,0.0,5.1515045166015625
32.24,0.046875,-0.78125,-0.2421875,0.6601562500000001,-0.9023437499999999,-0.9023437500000001,0.6601562499999999,-56.862762451171875,6.796875,14.6484375,22.28125,0.0,-9.359375,20.03125,24.578125,-302.91078186035156,-9.10546875,19.640625,24.76953125,0.0,6.66015625,18.58984375,22.47265625,0.0,0.0,23.62109375,0.0,5.1417388916015625
32.412,0.046875,-0.78125,-0.2421875,0.6601562500000001,-0.9023437499999999,-0.9023437500000001,0.6601562499999999,33.82008361816406,6.7734375,14.25390625,22.47265625,0.0,-9.8046875,18.32421875,24.76953125,-274.3641052246094,-9.13671875,20.296875,24.9609375,0.0,6.66015625,18.0625,22.47265625,0.0,0.0,23.23828125,0.0,5.1808319091796875
32.589,0.0234375,-0.78125,-0.140625,0.6601562500000001,-0.9023437499999999,-0.9023437500000001,0.6601562499999999,239.85008239746094,6.8203125,16.8828125,21.8984375,0.0,-9.61328125,18.0625,24.76953125,-262.08026123046875,-8.94921875,20.953125,25.15234375,0.0,6.703125,15.83203125,22.28125,0.0,0.0,23.62109375,0.0,5.1808319091796875
32.753,0.0234375,-0.78125,-0.125,0.7812500000000001,-0.7812499999999999,-0.7812500000000001,0.7812499999999999,-46.51106262207031,8.18359375,17.40625,21.70703125,0.0,-8.40625,14.91015625,25.91796875,-273.3290557861328,-8.10546875,17.80078125,24.76953125,0.0,7.76953125,19.76953125,22.6640625,0.0,0.0,23.4296875,0.0,5.171051025390625
32.941,0.0234375,-0.78125,-0.1015625,0.7812500000000001,-0.7812499999999999,-0.7812500000000001,0.7812499999999999,-32.56195068359375,8.1015625,19.640625,22.28125,0.0,-8.54296875,15.4375,24.1953125,-234.69012451171875,-7.85546875,20.03125,24.38671875,0.0,7.87890625,18.0625,21.8984375,0.0,0.0,24.00390625,0.0,5.19061279296875
33.117,0.0234375,-0.78125,-0.0859375,0.7812500000000001,-0.7812499999999999,-0.7812500000000001,0.7812499999999999,-50.15934753417969,8.1015625,17.93359375,22.47265625,0.0,-8.54296875,14.51953125,24.38671875,-255.7272186279297,-7.91015625,19.76953125,24.9609375,0.0,7.8515625,18.8515625,22.47265625,0.0,0.0,23.8125,0.0,5.171051025390625
33.291,0.0234375,-0.78125,-0.0625,0.7812500000000001,-0.7812499999999999,-0.7812500000000001,0.7812499999999999,-296.9148712158203,8.1015625,17.66796875,21.8984375,0.0,-8.2421875,17.14453125,24.578125,-251.57232666015625,-7.8828125,19.24609375,25.15234375,0.0,8.1015625,18.45703125,22.08984375,0.0,0.0,24.00390625,0.0,5.1417388916015625
33.461,0.0234375,-0.640625,0.0,0.7812500000000001,-0.7812499999999999,-0.7812500000000001,0.7812499999999999,-62.72254943847656,8.2109375,14.6484375,21.515625,0.0,-8.2421875,19.11328125,24.38671875,-254.5068817138672,-8.296875,19.375,24.578125,0.0,8.1015625,21.4765625,21.8984375,0.0,0.0,24.1953125,0.0,5.1417388916015625
33.652,-0.007874015748031496,0.0,0.6220472440944882,0.32031250000000006,-0.32031249999999994,-0.32031250000000006,0.32031249999999994,-151.60487365722656,3.78125,8.08203125,22.47265625,0.0,-3.88671875,6.24609375,25.53515625,-168.6429443359375,-3.796875,4.93359375,24.578125,0.0,3.7265625,7.55859375,22.85546875,0.0,0.0,24.578125,0.0,5.1417388916015625
33.832,-0.007874015748031496,0.0,1.0,0.38976377952755903,0.38976377952755903,0.38976377952755903,0.38976377952755903,-26.895843505859375,4.44921875,5.71875,21.32421875,0.0,4.328125,7.69140625,25.53515625,22.939224243164062,3.91796875,28.69921875,24.9609375,0.0,4.3828125,9.00390625,22.85546875,0.0,0.0,23.8125,0.0,5.1808319091796875
34.022,-0.007874015748031496,0.0,1.0,0.5,0.5,0.5,0.5,-50.8521728515625,5.5,11.76171875,22.47265625,0.0,5.4296875,11.62890625,25.15234375,114.40487670898438,5.25390625,20.8203125,24.578125,0.0,5.515625,13.46875,22.85546875,0.0,0.0,23.8125,0.0,5.2101593017578125
34.202,-0.007874015748031496,-0.0625,1.0,0.5,0.5,0.5,0.5,-21.375839233398438,5.7265625,7.69140625,22.08984375,0.0,5.32421875,12.0234375,24.9609375,158.6383514404297,5.4453125,13.859375,24.38671875,0.0,5.53515625,12.6796875,22.6640625,0.0,0.0,23.62109375,0.0,5.171051025390625
34.364,-0.007874015748031496,-0.0625,1.0,0.5,0.5,0.5,0.5,-40.134613037109375,5.78125,7.8203125,22.6640625,0.0,5.39453125,10.578125,25.34375,183.3022918701172,5.4453125,13.59765625,24.38671875,0.0,5.62109375,9.7890625,22.47265625,0.0,0.0,23.23828125,0.0,5.1417388916015625
34.531,-0.007874015748031496,-0.0234375,1.0,0.5,0.5,0.5,0.5,-78.43296813964844,5.7109375,8.87109375,23.046875,0.0,5.4296875,10.31640625,24.578125,182.7613983154297,5.4453125,13.59765625,24.578125,0.0,5.5859375,9.921875,22.85546875,0.0,0.0,23.8125,0.0,5.161285400390625
34.701,-0.007874015748031496,-0.0234375,0.5984251968503937,0.5,0.5,0.5,0.5,29.031524658203125,5.76171875,7.69140625,22.08984375,0.0,5.359375,12.15234375,24.9609375,192.51979064941406,5.7109375,11.76171875,25.15234375,0.0,5.74609375,13.07421875,22.85546875,0.0,0.0,24.1953125,0.0,5.171051025390625
34.892,-0.007874015748031496,0.0,-0.0078125,0.1968503937007874,0.1968503937007874,0.1968503937007874,0.1968503937007874,119.76420593261719,2.390625,0.0,21.32421875,0.0,2.36328125,2.17578125,25.34375,85.36936950683594,2.38671875,2.9609375,24.9609375,0.0,2.38671875,0.0,23.23828125,0.0,0.0,23.8125,0.0,5.161285400390625
35.07,-0.007874015748031496,0.0,-0.0078125,0.0,0.0,-0.0,-0.0,-4.07122802734375,0.0,0.0,22.28125,0.0,0.0,0.0,24.9609375,21.042816162109375,0.0,0.0,25.15234375,0.0,0.0,0.0,22.85546875,0.0,0.0,24.1953125,0.0,5.161285400390625
35.239,-0.007874015748031496,0.0,-0.0078125,0.0,0.0,-0.0,-0.0,-6.6822357177734375,0.0,0.0,23.046875,0.0,0.0,0.0,25.34375,0.0,0.0,0.0,24.9609375,0.0,0.0,0.0,22.47265625,0.0,0.0,23.62109375,0.0,5.161285400390625
35.411,-0.007874015748031496,0.0,-0.0078125,0.0,0.0,-0.0,-0.0,0.0,0.0,0.0,21.70703125,0.0,0.0,0.0,25.15234375,0.0,0.0,0.0,25.34375,0.0,0.0,0.0,22.6640625,0.0,0.0,23.046875,0.0,5.1515045166015625
35.572,-0.007874015748031496,0.0,-0.0078125,0.0,0.0,-0.0,-0.0,0.0,0.0,0.0,22.47265625,0.0,0.0,0.0,24.9609375,0.0,0.0,0.0,24.76953125,0.0,0.0,0.0,22.6640625,0.0,0.0,23.8125,0.0,5.161285400390625
35.732,-0.007874015748031496,0.0,-0.0078125,0.0,0.0,-0.0,-0.0,0.0,0.0,0.0,22.28125,0.0,0.0,0.0,24.578125,0.0,0.0,0.0,24.9609375,0.0,0.0,0.0,22.85546875,0.0,0.0,24.1953125,0.0,5.1515045166015625
35.93,-0.007874015748031496,0.0,-0.0078125,0.0,0.0,-0.0,-0.0,0.0,0.0,0.0,22.47265625,0.0,0.0,0.0,24.38671875,0.0,0.0,0.0,25.15234375,0.0,0.0,0.0,22.6640625,0.0,0.0,24.9609375,0.0,5.161285400390625
36.091,-0.007874015748031496,0.0,-0.0078125,0.0,0.0,-0.0,-0.0,0.0,0.0,0.0,22.28125,0.0,0.0,0.0,24.9609375,0.0,0.0,0.0,25.34375,0.0,0.0,0.0,22.85546875,0.0,0.0,23.8125,0.0,5.161285400390625
36.257,-0.007874015748031496,0.0,-0.0078125,0.0,0.0,-0.0,-0.0,0.0,0.0,0.0,22.08984375,0.0,0.0,0.0,24.9609375,0.0,0.0,0.0,24.76953125,0.0,0.0,0.0,23.046875,0.0,0.0,24.00390625,0.0,5.1515045166015625
36.419,-0.007874015748031496,0.0,-0.0078125,0.0,0.0,-0.0,-0.0,0.0,0.0,0.0,22.47265625,0.0,0.0,0.0,25.53515625,0.0,0.0,0.0,25.34375,0.0,0.0,0.0,23.046875,0.0,0.0,23.8125,0.0,5.161285400390625
36.588,-0.007874015748031496,0.0,-0.0078125,0.0,0.0,-0.0,-0.0,0.0,0.0,0.0,23.23828125,0.0,0.0,0.0,26.4921875,0.0,0.0,0.0,24.76953125,0.0,0.0,0.0,23.23828125,0.0,0.0,24.00390625,0.0,5.161285400390625
36.761,-0.007874015748031496,0.0,-0.0078125,0.0,0.0,-0.0,-0.0,0.0,0.0,0.0,22.08984375,0.0,0.0,0.0,24.9609375,0.0,0.0,0.0,25.15234375,0.0,0.0,0.0,23.046875,0.0,0.0,24.1953125,0.0,5.161285400390625
36.92,-0.007874015748031496,0.0,-0.0078125,0.0,0.0,-0.0,-0.0,0.0,0.0,0.0,22.28125,0.0,0.0,0.0,24.9609375,0.0,0.0,0.0,24.578125,0.0,0.0,0.0,22.6640625,0.0,0.0,23.8125,0.0,5.161285400390625
37.089,0.0078125,0.13385826771653545,-0.0078125,0.0,0.0,-0.0,-0.0,0.0,0.0,0.0,22.6640625,0.0,0.0,0.0,25.7265625,0.0,0.0,0.0,24.578125,0.0,0.0,0.0,23.046875,0.0,0.0,22.28125,0.0,5.161285400390625
37.251,0.0078125,-0.1015625,-0.0078125,0.0,0.0,-0.0,-0.0,0.0,0.0,0.0,22.28125,0.0,0.0,0.0,24.76953125,0.0,0.0,0.0,24.578125,0.0,0.0,0.0,22.08984375,0.0,0.0,23.62109375,0.0,5.171051025390625
37.413,0.265625,-0.3203125,-0.0078125,0.16406250000000003,-0.16406249999999997,-0.16406250000000003,0.16406249999999997,0.0,1.9375,16.75,22.28125,0.0,-1.99609375,11.76171875,24.38671875,-26.063583374023438,-1.95703125,12.8125,24.76953125,0.0,1.84765625,12.8125,22.47265625,0.0,0.0,24.00390625,0.0,5.161285400390625
37.591,0.28125,-0.359375,-0.0078125,-0.03413397618946323,-0.6346633976189463,0.03413397618946323,0.6346633976189463,0.0,0.0,0.0,22.08984375,0.0,-6.515625,30.2734375,24.76953125,34.25848388671875,0.0,0.0,25.34375,0.0,6.37890625,37.62890625,22.08984375,0.0,0.0,24.1953125,0.0,5.161285400390625
37.755,0.28125,-0.359375,-0.0078125,-0.03537844036726956,-0.6544668829716183,0.03537844036726956,0.6544668829716183,6.484527587890625,0.0,0.0,22.6640625,0.0,-7.04296875,20.8203125,24.38671875,53.45806884765625,0.0,0.0,24.76953125,0.0,6.9453125,24.234375,22.28125,0.0,0.0,23.62109375,0.0,5.161285400390625
37.932,0.28125,-0.3828125,-0.0078125,-0.03537844036726956,-0.6544668829716183,0.03537844036726956,0.6544668829716183,0.0,0.0,0.0,22.28125,0.0,-7.296875,17.80078125,24.00390625,78.54367065429688,0.0,0.0,24.9609375,0.0,6.87890625,21.21484375,22.28125,0.0,0.0,23.8125,0.0,5.171051025390625
38.252,0.2265625,-0.3828125,-0.3984375,-0.18267219681359537,-0.8365778065714911,-0.12201530318640463,0.5318903065714911,0.0,-2.1015625,0.0,23.23828125,0.0,-8.82421875,25.0234375,24.76953125,52.81907653808594,-1.37890625,17.5390625,24.9609375,0.0,5.79296875,18.58984375,22.28125,0.0,0.0,24.38671875,0.0,5.1515045166015625
38.419,0.1796875,-0.3984375,-0.4453125,-0.12404073515903541,-0.8508104209187346,-0.2743967648409646,0.4523729209187346,14.9189453125,-1.4453125,0.0,22.6640625,0.0,-9.54296875,18.98046875,24.9609375,0.0,-2.9921875,22.1328125,24.578125,0.0,4.9765625,15.69921875,22.6640625,0.0,0.0,24.578125,0.0,5.161285400390625
38.59,0.1796875,-0.3984375,-0.4609375,-0.011306481421654468,-0.8084377564838693,-0.44963101857834553,0.3475002564838693,-34.24412536621094,0.0,0.0,22.28125,0.0,-8.953125,17.2734375,25.15234375,-6.6472320556640625,-4.7421875,35.265625,25.34375,0.0,3.734375,16.75,22.47265625,0.0,0.0,24.1953125,0.0,5.161285400390625
38.768,0.3046875,-0.28125,-0.0078125,-0.011306481421654468,-0.8084377564838693,-0.44963101857834553,0.3475002564838693,-26.093154907226562,0.0,0.0,22.08984375,0.0,-9.23828125,15.83203125,24.578125,-85.34091186523438,-4.82421875,27.91015625,24.76953125,0.0,3.859375,13.07421875,22.6640625,0.0,0.0,23.62109375,0.0,5.161285400390625
38.953,0.4609375,-0.265625,0.0,0.03413397618946312,-0.6346633976189463,-0.03413397618946312,0.6346633976189463,-25.19354248046875,0.0,0.0,22.6640625,0.0,-7.41015625,10.83984375,24.578125,80.82168579101562,0.0,0.0,24.38671875,0.0,6.6484375,26.203125,21.8984375,0.0,0.0,24.1953125,0.0,5.1515045166015625
39.137,0.640625,-0.265625,0.0,-0.2996162095779739,-0.7802083403603699,0.2996162095779739,0.7802083403603699,-20.2479248046875,-3.3828125,0.0,22.28125,0.0,-8.66796875,15.56640625,24.76953125,182.0336456298828,3.37890625,2.17578125,24.38671875,0.0,8.03515625,24.62890625,22.08984375,0.0,0.0,24.00390625,0.0,5.161285400390625
39.301,0.640625,-0.3046875,0.0,-0.4309899933268819,-0.8830817268992213,0.4309899933268819,0.8830817268992213,3.0289764404296875,-4.74609375,7.03125,22.85546875,0.0,-9.37890625,20.1640625,24.1953125,173.72421264648438,4.7109375,4.93359375,24.578125,0.0,8.875,24.62890625,22.6640625,0.0,0.0,24.1953125,0.0,5.1417388916015625
39.471,0.640625,-0.3203125,0.0,-0.29958579823697135,-0.9582308733538034,0.29958579823697135,0.9582308733538034,38.540283203125,-3.33984375,0.0,22.47265625,0.0,-10.546875,19.76953125,24.76953125,187.977294921875,3.390625,0.0,25.15234375,0.0,9.66796875,25.0234375,22.28125,0.0,0.0,23.62109375,0.0,5.161285400390625
39.647,0.703125,-0.3203125,-0.1015625,-0.2488187500000001,-0.98476875,0.2488187500000001,0.98476875,-31.303741455078125,-2.7734375,0.0,22.28125,0.0,-10.7578125,20.03125,25.34375,203.85411071777344,2.8046875,0.0,24.00390625,0.0,10.71875,19.375,23.046875,0.0,0.0,24.38671875,0.0,5.171051025390625
39.813,0.7578125,-0.3203125,-0.1015625,-0.3663811328434143,-1.0,0.3663811328434143,1.0,11.670166015625,-4.09765625,0.0,22.28125,0.0,-10.8984375,18.98046875,24.76953125,212.43637084960938,4.08203125,0.0,24.1953125,0.0,10.578125,20.03125,22.08984375,0.0,0.0,24.00390625,0.0,5.171051025390625
39.99,0.7578125,-0.1796875,-0.3203125,-0.4628986027968544,-1.0,0.4628986027968544,1.0,-12.455001831054688,-5.09375,2.9609375,23.046875,0.0,-10.93359375,16.8828125,24.9609375,280.4352569580078,5.04296875,1.6484375,24.38671875,0.0,10.5078125,23.4453125,22.85546875,0.0,0.0,23.4296875,0.0,5.171051025390625
40.163,0.78125,-0.1640625,-0.359375,-1.0,-0.8484930819364143,0.6726478893318338,0.5211409712682481,-51.93260192871094,-10.96875,17.93359375,21.32421875,0.0,-9.90625,10.578125,24.38671875,312.0175476074219,7.2578125,7.8203125,24.9609375,0.0,5.8046875,2.9609375,21.8984375,0.0,0.0,24.1953125,0.0,5.1417388916015625
40.339,0.78125,-0.1640625,-0.421875,-1.0,-0.8763648905635373,0.6659662906806119,0.5423311812441491,66.97245788574219,-11.00390625,17.80078125,22.85546875,0.0,-10.19921875,10.31640625,24.76953125,309.95237731933594,7.23046875,6.640625,24.9609375,0.0,6.0625,5.8515625,22.47265625,0.0,0.0,23.8125,0.0,5.1417388916015625
40.514,0.78125,-0.1640625,-0.4609375,-1.0,-0.8819374900804897,0.590876269819856,0.47281375990034574,6.477447509765625,-11.109375,14.91015625,22.6640625,0.0,-10.38671875,12.0234375,25.15234375,342.3070068359375,6.6875,3.75,25.34375,0.0,5.3828125,4.5390625,22.28125,0.0,0.0,23.8125,0.0,5.1515045166015625
40.71,0.78125,-0.1640625,-0.4609375,-1.0,-0.8819374900804897,0.590876269819856,0.47281375990034574,-93.39883422851562,-11.1796875,12.0234375,22.47265625,0.0,-10.38671875,11.890625,24.9609375,336.19329833984375,6.70703125,3.35546875,24.578125,0.0,5.33203125,7.1640625,22.6640625,0.0,0.0,23.4296875,0.0,5.161285400390625
40.877,0.703125,-0.1640625,-0.484375,-1.0,-0.8819374900804897,0.590876269819856,0.47281375990034574,-44.070556640625,-11.25,10.31640625,23.046875,0.0,-10.38671875,11.76171875,24.76953125,325.53407287597656,6.9140625,2.5703125,24.76953125,0.0,5.265625,8.4765625,22.28125,0.0,0.0,23.62109375,0.0,5.161285400390625
41.051,0.203125,-0.046875,-0.5390625,-0.70553738320596,-1.0,0.2320373694230105,0.5264999862170505,-9.379165649414062,-8.13671875,1.25390625,22.28125,0.0,-11.35546875,19.24609375,24.578125,246.20118713378906,2.94921875,0.0,23.046875,0.0,6.14453125,12.28515625,22.47265625,0.0,0.0,24.00390625,0.0,5.161285400390625
41.223,0.0078125,-0.0078125,-0.6640625,-0.2890625,-0.2890625,-0.2890625,-0.2890625,-31.06268310546875,-3.49609375,0.0,22.47265625,0.0,-3.4375,0.0,24.578125,69.1356201171875,-3.19140625,35.0,25.15234375,0.0,-3.40625,9.00390625,22.47265625,0.0,0.0,24.00390625,0.0,5.171051025390625
41.397,-0.007874015748031496,0.0,-0.703125,-0.33984375,-0.33984375,-0.33984375,-0.33984375,252.648193359375,-4.0390625,0.0,22.47265625,0.0,-4.015625,0.0,24.1953125,28.20294189453125,-3.77734375,34.34375,24.76953125,0.0,-3.98046875,8.4765625,22.47265625,0.0,0.0,24.1953125,0.0,5.1808319091796875
41.561,-0.007874015748031496,0.0,-0.703125,-0.3515625,-0.3515625,-0.3515625,-0.3515625,-82.685546875,-4.203125,0.0,23.046875,0.0,-4.203125,4.01171875,24.9609375,-29.933120727539062,-3.98046875,23.7109375,24.578125,0.0,-4.21484375,4.80078125,22.85546875,0.0,0.0,24.1953125,0.0,5.1417388916015625
41.738,-0.007874015748031496,0.0,-0.703125,-0.3515625,-0.3515625,-0.3515625,-0.3515625,39.5615234375,-4.23046875,0.0,21.32421875,0.0,-4.27734375,8.21484375,24.9609375,-105.94857788085938,-4.09375,16.6171875,24.578125,0.0,-4.1796875,3.8828125,23.23828125,0.0,0.0,23.62109375,0.0,5.161285400390625
41.91,-0.007874015748031496,0.0,-0.3046875,-0.3515625,-0.3515625,-0.3515625,-0.3515625,-20.643936157226562,-4.15625,4.40625,21.70703125,0.0,-4.15625,12.94140625,24.9609375,-103.076171875,-4.12890625,11.234375,25.15234375,0.0,-4.23046875,5.45703125,22.85546875,0.0,0.0,22.85546875,0.0,5.161285400390625
42.094,-0.007874015748031496,0.0,0.0,0.0,0.0,-0.0,-0.0,-17.024520874023438,0.0,0.0,22.28125,0.0,0.0,0.0,25.34375,-75.80094909667969,0.0,0.0,24.9609375,0.0,0.0,0.0,22.08984375,0.0,0.0,23.62109375,0.0,5.161285400390625
42.252,-0.007874015748031496,0.0,0.0,0.0,0.0,-0.0,-0.0,0.0,0.0,0.0,22.85546875,0.0,0.0,0.0,24.9609375,-27.817428588867188,0.0,0.0,25.15234375,0.0,0.0,0.0,22.28125,0.0,0.0,23.4296875,0.0,5.161285400390625
42.43,-0.007874015748031496,0.0,0.0,0.0,0.0,-0.0,-0.0,0.0,0.0,0.0,22.85546875,0.0,0.0,0.0,24.9609375,-7.125457763671875,0.0,0.0,24.578125,0.0,0.0,0.0,22.6640625,0.0,0.0,24.00390625,0.0,5.1515045166015625
42.612,-0.007874015748031496,0.0,0.0,0.0,0.0,-0.0,-0.0,0.0,0.0,0.0,22.47265625,0.0,0.0,0.0,26.4921875,0.0,0.0,0.0,24.9609375,0.0,0.0,0.0,22.6640625,0.0,0.0,24.00390625,0.0,5.161285400390625
42.77,-0.007874015748031496,0.0,0.0,0.0,0.0,-0.0,-0.0,0.0,0.0,0.0,22.6640625,0.0,0.0,0.0,25.91796875,4.716400146484375,0.0,0.0,24.76953125,0.0,0.0,0.0,23.4296875,0.0,0.0,24.38671875,0.0,5.161285400390625
42.938,-0.007874015748031496,0.0,0.0,0.0,0.0,-0.0,-0.0,0.0,0.0,0.0,22.08984375,0.0,0.0,0.0,24.578125,3.4885101318359375,0.0,0.0,24.76953125,0.0,0.0,0.0,23.23828125,0.0,0.0,24.1953125,0.0,5.161285400390625
43.093,-0.007874015748031496,0.0,0.0,0.0,0.0,-0.0,-0.0,0.0,0.0,0.0,22.28125,0.0,0.0,0.0,25.15234375,0.0,0.0,0.0,24.9609375,0.0,0.0,0.0,23.62109375,0.0,0.0,24.1953125,0.0,5.161285400390625
43.259,-0.007874015748031496,0.0,0.0,0.0,0.0,-0.0,-0.0,0.0,0.0,0.0,22.6640625,0.0,0.0,0.0,24.9609375,0.0,0.0,0.0,24.76953125,0.0,0.0,0.0,22.28125,0.0,0.0,24.00390625,0.0,5.1515045166015625
43.418,-0.007874015748031496,0.0,0.0,0.0,0.0,-0.0,-0.0,0.0,0.0,0.0,22.47265625,0.0,0.0,0.0,24.578125,0.0,0.0,0.0,25.15234375,0.0,0.0,0.0,22.6640625,0.0,0.0,25.34375,0.0,5.161285400390625
43.578,-0.007874015748031496,0.0,0.0,0.0,0.0,-0.0,-0.0,0.0,0.0,0.0,22.08984375,0.0,0.0,0.0,25.34375,0.0,0.0,0.0,25.15234375,0.0,0.0,0.0,22.28125,0.0,0.0,24.38671875,0.0,5.1515045166015625
43.749,-0.007874015748031496,0.0,0.0,0.0,0.0,-0.0,-0.0,0.0,0.0,0.0,22.28125,0.0,0.0,0.0,25.15234375,0.0,0.0,0.0,24.76953125,0.0,0.0,0.0,23.046875,0.0,0.0,24.00390625,0.0,5.161285400390625
43.913,-0.007874015748031496,0.0,0.0,0.0,0.0,-0.0,-0.0,0.0,0.0,0.0,22.47265625,0.0,0.0,0.0,24.1953125,0.0,0.0,0.0,24.9609375,0.0,0.0,0.0,23.046875,0.0,0.0,24.9609375,0.0,5.1515045166015625
44.077,-0.007874015748031496,0.0,0.0,0.0,0.0,-0.0,-0.0,0.0,0.0,0.0,22.47265625,0.0,0.0,0.0,25.15234375,0.0,0.0,0.0,24.76953125,0.0,0.0,0.0,22.6640625,0.0,0.0,24.1953125,0.0,5.161285400390625
44.25,-0.007874015748031496,0.0,0.0,0.0,0.0,-0.0,-0.0,0.0,0.0,0.0,22.08984375,0.0,0.0,0.0,25.53515625,0.0,0.0,0.0,24.9609375,0.0,0.0,0.0,22.85546875,0.0,0.0,24.38671875,0.0,5.161285400390625
44.412,-0.007874015748031496,0.0,0.0,0.0,0.0,-0.0,-0.0,0.0,0.0,0.0,23.046875,0.0,0.0,0.0,25.53515625,0.0,0.0,0.0,24.578125,0.0,0.0,0.0,23.046875,0.0,0.0,24.00390625,0.0,5.161285400390625
44.589,-0.007874015748031496,0.0,0.0,0.0,0.0,-0.0,-0.0,0.0,0.0,0.0,22.85546875,0.0,0.0,0.0,24.578125,0.0,0.0,0.0,24.9609375,0.0,0.0,0.0,22.6640625,0.0,0.0,24.1953125,0.0,5.161285400390625
44.76,-0.007874015748031496,0.0,0.0,0.0,0.0,-0.0,-0.0,0.0,0.0,0.0,22.28125,0.0,0.0,0.0,24.9609375,0.0,0.0,0.0,24.76953125,0.0,0.0,0.0,23.23828125,0.0,0.0,23.8125,0.0,5.161285400390625
44.918,-0.007874015748031496,0.0,0.0,0.0,0.0,-0.0,-0.0,0.0,0.0,0.0,22.47265625,0.0,0.0,0.0,25.15234375,0.0,0.0,0.0,24.9609375,0.0,0.0,0.0,23.046875,0.0,0.0,23.8125,0.0,5.161285400390625
45.1,-0.007874015748031496,0.0,0.0,0.0,0.0,-0.0,-0.0,0.0,0.0,0.0,22.47265625,0.0,0.0,0.0,24.38671875,0.0,0.0,0.0,24.38671875,0.0,0.0,0.0,23.046875,0.0,0.0,23.8125,0.0,5.1515045166015625
45.269,-0.007874015748031496,0.0,0.0,0.0,0.0,-0.0,-0.0,0.0,0.0,0.0,22.6640625,0.0,0.0,0.0,24.9609375,0.0,0.0,0.0,24.578125,0.0,0.0,0.0,22.6640625,0.0,0.0,23.8125,0.0,5.1515045166015625
45.429,-0.007874015748031496,0.0,0.0,0.0,0.0,-0.0,-0.0,0.0,0.0,0.0,23.23828125,0.0,0.0,0.0,26.4921875,0.0,0.0,0.0,25.53515625,0.0,0.0,0.0,22.28125,0.0,0.0,24.578125,0.0,5.1515045166015625
45.588,-0.007874015748031496,0.0,0.0,0.0,0.0,-0.0,-0.0,0.0,0.0,0.0,23.046875,0.0,0.0,0.0,25.7265625,0.0,0.0,0.0,25.34375,0.0,0.0,0.0,22.47265625,0.0,0.0,24.00390625,0.0,5.161285400390625
45.749,-0.007874015748031496,0.0,0.0,0.0,0.0,-0.0,-0.0,0.0,0.0,0.0,22.08984375,0.0,0.0,0.0,25.34375,0.0,0.0,0.0,24.9609375,0.0,0.0,0.0,23.23828125,0.0,0.0,23.8125,0.0,5.161285400390625
45.91,-0.007874015748031496,0.0,0.0,0.0,0.0,-0.0,-0.0,0.0,0.0,0.0,21.70703125,0.0,0.0,0.0,25.15234375,0.0,0.0,0.0,24.76953125,0.0,0.0,0.0,22.85546875,0.0,0.0,22.28125,0.0,5.1515045166015625
46.071,-0.007874015748031496,0.0,0.0,0.0,0.0,-0.0,-0.0,0.0,0.0,0.0,22.85546875,0.0,0.0,0.0,24.9609375,0.0,0.0,0.0,25.15234375,0.0,0.0,0.0,22.85546875,0.0,0.0,25.53515625,0.0,5.1515045166015625
46.228,-0.007874015748031496,0.0,0.0,0.0,0.0,-0.0,-0.0,0.0,0.0,0.0,22.47265625,0.0,0.0,0.0,24.76953125,0.0,0.0,0.0,25.7265625,0.0,0.0,0.0,23.046875,0.0,0.0,23.8125,0.0,5.161285400390625
46.391,-0.007874015748031496,0.0,0.0,0.0,0.0,-0.0,-0.0,0.0,0.0,0.0,22.6640625,0.0,0.0,0.0,24.9609375,0.0,0.0,0.0,24.76953125,0.0,0.0,0.0,22.85546875,0.0,0.0,23.8125,0.0,5.1515045166015625
46.709,-0.007874015748031496,0.0,0.0,0.0,0.0,-0.0,-0.0,0.0,0.0,0.0,22.08984375,0.0,0.0,0.0,24.38671875,0.0,0.0,0.0,24.76953125,0.0,0.0,0.0,23.62109375,0.0,0.0,23.8125,0.0,5.1515045166015625
46.879,-0.007874015748031496,0.0,0.0,0.0,0.0,-0.0,-0.0,0.0,0.0,0.0,22.28125,0.0,0.0,0.0,25.34375,0.0,0.0,0.0,25.34375,0.0,0.0,0.0,23.046875,0.0,0.0,23.8125,0.0,5.161285400390625
47.05,-0.007874015748031496,0.0,0.0,0.0,0.0,-0.0,-0.0,0.0,0.0,0.0,23.4296875,0.0,0.0,0.0,24.76953125,0.0,0.0,0.0,24.9609375,0.0,0.0,0.0,22.47265625,0.0,0.0,24.38671875,0.0,5.1417388916015625
47.211,-0.007874015748031496,0.0,0.0,0.0,0.0,-0.0,-0.0,0.0,0.0,0.0,22.47265625,0.0,0.0,0.0,24.76953125,0.0,0.0,0.0,24.9609375,0.0,0.0,0.0,23.23828125,0.0,0.0,24.76953125,0.0,5.161285400390625
47.379,-0.007874015748031496,0.0,0.0,0.0,0.0,-0.0,-0.0,0.0,0.0,0.0,22.6640625,0.0,0.0,0.0,25.15234375,0.0,0.0,0.0,24.9609375,0.0,0.0,0.0,23.046875,0.0,0.0,23.62109375,0.0,5.161285400390625
47.549,-0.007874015748031496,0.0,0.0,0.0,0.0,-0.0,-0.0,0.0,0.0,0.0,22.47265625,0.0,0.0,0.0,24.76953125,0.0,0.0,0.0,25.15234375,0.0,0.0,0.0,22.6640625,0.0,0.0,23.046875,0.0,5.1515045166015625
47.709,-0.007874015748031496,0.0,0.0,0.0,0.0,-0.0,-0.0,0.0,0.0,0.0,22.08984375,0.0,0.0,0.0,24.9609375,0.0,0.0,0.0,25.53515625,0.0,0.0,0.0,23.23828125,0.0,0.0,24.00390625,0.0,5.161285400390625
47.868,-0.007874015748031496,0.0,0.0,0.0,0.0,-0.0,-0.0,0.0,0.0,0.0,23.62109375,0.0,0.0,0.0,24.9609375,0.0,0.0,0.0,25.15234375,0.0,0.0,0.0,22.85546875,0.0,0.0,23.23828125,0.0,5.1515045166015625
48.114,-0.007874015748031496,0.0,0.0,0.0,0.0,-0.0,-0.0,0.0,0.0,0.0,22.08984375,0.0,0.0,0.0,24.9609375,0.0,0.0,0.0,25.34375,0.0,0.0,0.0,22.28125,0.0,0.0,24.38671875,0.0,5.161285400390625
48.288,-0.007874015748031496,0.0,0.0,0.0,0.0,-0.0,-0.0,0.0,0.0,0.0,23.23828125,0.0,0.0,0.0,25.34375,0.0,0.0,0.0,24.9609375,0.0,0.0,0.0,23.046875,0.0,0.0,24.1953125,0.0,5.1515045166015625
48.464,-0.007874015748031496,0.0,0.0,0.0,0.0,-0.0,-0.0,0.0,0.0,0.0,23.046875,0.0,0.0,0.0,25.34375,0.0,0.0,0.0,24.38671875,0.0,0.0,0.0,23.046875,0.0,0.0,24.00390625,0.0,5.1515045166015625
48.638,-0.007874015748031496,0.0,0.0,0.0,0.0,-0.0,-0.0,0.0,0.0,0.0,22.08984375,0.0,0.0,0.0,24.578125,0.0,0.0,0.0,25.15234375,0.0,0.0,0.0,22.47265625,0.0,0.0,24.00390625,0.0,5.161285400390625
48.8,-0.007874015748031496,0.0,0.0,0.0,0.0,-0.0,-0.0,0.0,0.0,0.0,22.28125,0.0,0.0,0.0,25.34375,0.0,0.0,0.0,24.76953125,0.0,0.0,0.0,23.23828125,0.0,0.0,24.76953125,0.0,5.1515045166015625
48.97,-0.007874015748031496,0.0,0.0,0.0,0.0,-0.0,-0.0,0.0,0.0,0.0,22.6640625,0.0,0.0,0.0,24.9609375,0.0,0.0,0.0,25.34375,0.0,0.0,0.0,23.23828125,0.0,0.0,24.38671875,0.0,5.161285400390625
49.13,-0.007874015748031496,0.0,0.0,0.0,0.0,-0.0,-0.0,0.0,0.0,0.0,22.85546875,0.0,0.0,0.0,24.578125,0.0,0.0,0.0,24.9609375,0.0,0.0,0.0,23.23828125,0.0,0.0,24.00390625,0.0,5.161285400390625
49.309,-0.007874015748031496,0.0,0.0,0.0,0.0,-0.0,-0.0,0.0,0.0,0.0,21.8984375,0.0,0.0,0.0,24.9609375,0.0,0.0,0.0,25.34375,0.0,0.0,0.0,23.046875,0.0,0.0,24.38671875,0.0,5.161285400390625
49.471,-0.007874015748031496,0.0,0.0,0.0,0.0,-0.0,-0.0,0.0,0.0,0.0,22.08984375,0.0,0.0,0.0,24.76953125,0.0,0.0,0.0,24.76953125,0.0,0.0,0.0,22.6640625,0.0,0.0,23.62109375,0.0,5.161285400390625
49.638,-0.007874015748031496,0.0,0.0,0.0,0.0,-0.0,-0.0,0.0,0.0,0.0,22.47265625,0.0,0.0,0.0,25.34375,0.0,0.0,0.0,24.578125,0.0,0.0,0.0,23.046875,0.0,0.0,24.1953125,0.0,5.1515045166015625
49.808,-0.007874015748031496,0.0,0.0,0.0,0.0,-0.0,-0.0,0.0,0.0,0.0,22.85546875,0.0,0.0,0.0,24.9609375,0.0,0.0,0.0,24.76953125,0.0,0.0,0.0,22.85546875,0.0,0.0,24.00390625,0.0,5.161285400390625
49.97,-0.007874015748031496,0.0,0.0,0.0,0.0,-0.0,-0.0,0.0,0.0,0.0,22.47265625,0.0,0.0,0.0,25.7265625,0.0,0.0,0.0,24.1953125,0.0,0.0,0.0,23.23828125,0.0,0.0,23.23828125,0.0,5.1515045166015625
50.13,-0.007874015748031496,0.0,0.0,0.0,0.0,-0.0,-0.0,0.0,0.0,0.0,22.47265625,0.0,0.0,0.0,25.15234375,0.0,0.0,0.0,25.34375,0.0,0.0,0.0,23.046875,0.0,0.0,24.38671875,0.0,5.1515045166015625
50.29,-0.007874015748031496,0.0,0.0,0.0,0.0,-0.0,-0.0,0.0,0.0,0.0,22.47265625,0.0,0.0,0.0,24.38671875,0.0,0.0,0.0,24.9609375,0.0,0.0,0.0,22.6640625,0.0,0.0,24.9609375,0.0,5.161285400390625
50.451,-0.007874015748031496,0.0,0.0,0.0,0.0,-0.0,-0.0,0.0,0.0,0.0,22.6640625,0.0,0.0,0.0,24.578125,0.0,0.0,0.0,24.76953125,0.0,0.0,0.0,22.28125,0.0,0.0,23.62109375,0.0,5.161285400390625
50.617,-0.007874015748031496,0.0,0.0,0.0,0.0,-0.0,-0.0,0.0,0.0,0.0,23.8125,0.0,0.0,0.0,25.34375,0.0,0.0,0.0,25.34375,0.0,0.0,0.0,22.47265625,0.0,0.0,23.8125,0.0,5.161285400390625
50.774,-0.007874015748031496,0.0,0.0,0.0,0.0,-0.0,-0.0,0.0,0.0,0.0,22.08984375,0.0,0.0,0.0,25.34375,0.0,0.0,0.0,24.76953125,0.0,0.0,0.0,22.6640625,0.0,0.0,23.4296875,0.0,5.161285400390625
50.936,-0.007874015748031496,0.0,0.0,0.0,0.0,-0.0,-0.0,0.0,0.0,0.0,21.8984375,0.0,0.0,0.0,25.15234375,0.0,0.0,0.0,25.15234375,0.0,0.0,0.0,22.47265625,0.0,0.0,24.1953125,0.0,5.161285400390625
51.097,-0.007874015748031496,0.0,0.0,0.0,0.0,-0.0,-0.0,0.0,0.0,0.0,22.08984375,0.0,0.0,0.0,24.38671875,0.0,0.0,0.0,24.578125,0.0,0.0,0.0,22.47265625,0.0,0.0,23.8125,0.0,5.1515045166015625
51.278,-0.007874015748031496,0.0,0.0,0.0,0.0,-0.0,-0.0,0.0,0.0,0.0,22.28125,0.0,0.0,0.0,24.76953125,0.0,0.0,0.0,25.15234375,0.0,0.0,0.0,22.85546875,0.0,0.0,22.85546875,0.0,5.161285400390625
51.448,-0.007874015748031496,0.0,0.0,0.0,0.0,-0.0,-0.0,0.0,0.0,0.0,22.47265625,0.0,0.0,0.0,24.76953125,0.0,0.0,0.0,25.15234375,0.0,0.0,0.0,22.85546875,0.0,0.0,24.578125,0.0,5.161285400390625
51.611,-0.007874015748031496,0.0,0.0,0.0,0.0,-0.0,-0.0,0.0,0.0,0.0,22.47265625,0.0,0.0,0.0,24.76953125,0.0,0.0,0.0,24.578125,0.0,0.0,0.0,23.046875,0.0,0.0,23.4296875,0.0,5.1515045166015625
51.769,-0.007874015748031496,0.0,0.0,0.0,0.0,-0.0,-0.0,0.0,0.0,0.0,22.47265625,0.0,0.0,0.0,25.15234375,0.0,0.0,0.0,24.76953125,0.0,0.0,0.0,22.85546875,0.0,0.0,24.00390625,0.0,5.161285400390625
52.079,-0.007874015748031496,0.0,0.0,0.0,0.0,-0.0,-0.0,0.0,0.0,0.0,22.08984375,0.0,0.0,0.0,24.76953125,0.0,0.0,0.0,25.53515625,0.0,0.0,0.0,22.85546875,0.0,0.0,24.1953125,0.0,5.161285400390625
52.238,-0.007874015748031496,0.0,0.0,0.0,0.0,-0.0,-0.0,0.0,0.0,0.0,22.6640625,0.0,0.0,0.0,25.7265625,0.0,0.0,0.0,24.9609375,0.0,0.0,0.0,23.046875,0.0,0.0,24.1953125,0.0,5.1515045166015625
52.417,-0.007874015748031496,0.0,0.0,0.0,0.0,-0.0,-0.0,0.0,0.0,0.0,22.85546875,0.0,0.0,0.0,25.15234375,0.0,0.0,0.0,24.9609375,0.0,0.0,0.0,22.85546875,0.0,0.0,23.62109375,0.0,5.161285400390625
52.59,-0.007874015748031496,0.0,0.0,0.0,0.0,-0.0,-0.0,0.0,0.0,0.0,22.28125,0.0,0.0,0.0,24.9609375,0.0,0.0,0.0,25.53515625,0.0,0.0,0.0,22.85546875,0.0,0.0,24.1953125,0.0,5.161285400390625
52.748,-0.007874015748031496,0.0,0.0,0.0,0.0,-0.0,-0.0,0.0,0.0,0.0,22.47265625,0.0,0.0,0.0,26.30078125,0.0,0.0,0.0,24.9609375,0.0,0.0,0.0,22.85546875,0.0,0.0,24.38671875,0.0,5.161285400390625
52.911,-0.007874015748031496,0.0,0.0,0.0,0.0,-0.0,-0.0,0.0,0.0,0.0,22.28125,0.0,0.0,0.0,24.9609375,0.0,0.0,0.0,24.9609375,0.0,0.0,0.0,23.23828125,0.0,0.0,24.00390625,0.0,5.161285400390625
53.078,-0.007874015748031496,0.0,0.0,0.0,0.0,-0.0,-0.0,0.0,0.0,0.0,22.47265625,0.0,0.0,0.0,26.30078125,0.0,0.0,0.0,25.34375,0.0,0.0,0.0,22.85546875,0.0,0.0,23.8125,0.0,5.161285400390625
53.248,-0.007874015748031496,0.0,0.0,0.0,0.0,-0.0,-0.0,0.0,0.0,0.0,23.046875,0.0,0.0,0.0,25.15234375,0.0,0.0,0.0,24.9609375,0.0,0.0,0.0,23.23828125,0.0,0.0,24.578125,0.0,5.1515045166015625
53.41,-0.007874015748031496,0.0,0.0,0.0,0.0,-0.0,-0.0,0.0,0.0,0.0,22.6640625,0.0,0.0,0.0,25.53515625,0.0,0.0,0.0,25.34375,0.0,0.0,0.0,22.85546875,0.0,0.0,24.38671875,0.0,5.1515045166015625
53.576,-0.007874015748031496,0.0,0.0,0.0,0.0,-0.0,-0.0,0.0,0.0,0.0,22.47265625,0.0,0.0,0.0,24.578125,0.0,0.0,0.0,25.15234375,0.0,0.0,0.0,22.6640625,0.0,0.0,24.38671875,0.0,5.1515045166015625
53.738,-0.007874015748031496,0.0,0.0,0.0,0.0,-0.0,-0.0,0.0,0.0,0.0,23.046875,0.0,0.0,0.0,25.7265625,0.0,0.0,0.0,25.15234375,0.0,0.0,0.0,22.47265625,0.0,0.0,23.8125,0.0,5.161285400390625
53.91,-0.007874015748031496,0.0,0.0,0.0,0.0,-0.0,-0.0,0.0,0.0,0.0,22.85546875,0.0,0.0,0.0,24.38671875,0.0,0.0,0.0,24.9609375,0.0,0.0,0.0,23.046875,0.0,0.0,24.1953125,0.0,5.1515045166015625
54.068,-0.007874015748031496,0.0,0.0,0.0,0.0,-0.0,-0.0,0.0,0.0,0.0,22.47265625,0.0,0.0,0.0,24.9609375,0.0,0.0,0.0,25.15234375,0.0,0.0,0.0,23.23828125,0.0,0.0,23.62109375,0.0,5.1515045166015625
54.256,-0.007874015748031496,0.0,0.0,0.0,0.0,-0.0,-0.0,0.0,0.0,0.0,23.8125,0.0,0.0,0.0,24.76953125,0.0,0.0,0.0,25.15234375,0.0,0.0,0.0,22.08984375,0.0,0.0,24.1953125,0.0,5.1515045166015625
54.431,-0.007874015748031496,0.0,0.0,0.0,0.0,-0.0,-0.0,0.0,0.0,0.0,22.28125,0.0,0.0,0.0,26.30078125,0.0,0.0,0.0,25.34375,0.0,0.0,0.0,22.47265625,0.0,0.0,24.00390625,0.0,5.161285400390625
54.597,-0.007874015748031496,0.0,0.0,0.0,0.0,-0.0,-0.0,0.0,0.0,0.0,22.28125,0.0,0.0,0.0,25.15234375,0.0,0.0,0.0,24.578125,0.0,0.0,0.0,23.62109375,0.0,0.0,23.62109375,0.0,5.161285400390625
54.752,-0.007874015748031496,0.0,0.0,0.0,0.0,-0.0,-0.0,0.0,0.0,0.0,22.85546875,0.0,0.0,0.0,25.34375,0.0,0.0,0.0,24.578125,0.0,0.0,0.0,23.046875,0.0,0.0,23.046875,0.0,5.1515045166015625
54.921,-0.007874015748031496,0.0,0.0,0.0,0.0,-0.0,-0.0,0.0,0.0,0.0,22.6640625,0.0,0.0,0.0,25.34375,0.0,0.0,0.0,25.53515625,0.0,0.0,0.0,23.23828125,0.0,0.0,25.91796875,0.0,5.161285400390625
55.087,-0.007874015748031496,0.0,0.0,0.0,0.0,-0.0,-0.0,0.0,0.0,0.0,22.47265625,0.0,0.0,0.0,25.34375,0.0,0.0,0.0,24.9609375,0.0,0.0,0.0,23.046875,0.0,0.0,23.8125,0.0,5.161285400390625
55.255,-0.007874015748031496,0.0,0.0,0.0,0.0,-0.0,-0.0,0.0,0.0,0.0,21.8984375,0.0,0.0,0.0,26.30078125,0.0,0.0,0.0,25.15234375,0.0,0.0,0.0,23.046875,0.0,0.0,23.62109375,0.0,5.1515045166015625
55.422,-0.007874015748031496,0.0,0.0,0.0,0.0,-0.0,-0.0,0.0,0.0,0.0,23.046875,0.0,0.0,0.0,25.15234375,0.0,0.0,0.0,24.9609375,0.0,0.0,0.0,22.6640625,0.0,0.0,24.00390625,0.0,5.161285400390625
55.589,-0.007874015748031496,0.0,0.0,0.0,0.0,-0.0,-0.0,0.0,0.0,0.0,22.85546875,0.0,0.0,0.0,25.53515625,0.0,0.0,0.0,24.9609375,0.0,0.0,0.0,23.4296875,0.0,0.0,24.00390625,0.0,5.1515045166015625
55.748,-0.007874015748031496,0.0,0.0,0.0,0.0,-0.0,-0.0,0.0,0.0,0.0,22.08984375,0.0,0.0,0.0,25.91796875,0.0,0.0,0.0,24.9609375,0.0,0.0,0.0,22.47265625,0.0,0.0,25.34375,0.0,5.161285400390625
55.91,-0.007874015748031496,0.0,0.0,0.0,0.0,-0.0,-0.0,0.0,0.0,0.0,23.046875,0.0,0.0,0.0,25.34375,0.0,0.0,0.0,24.76953125,0.0,0.0,0.0,22.85546875,0.0,0.0,23.8125,0.0,5.161285400390625
56.07,-0.007874015748031496,0.0,0.0,0.0,0.0,-0.0,-0.0,0.0,0.0,0.0,22.47265625,0.0,0.0,0.0,25.53515625,0.0,0.0,0.0,24.9609375,0.0,0.0,0.0,22.6640625,0.0,0.0,24.00390625,0.0,5.161285400390625
56.248,-0.007874015748031496,0.0,0.0,0.0,0.0,-0.0,-0.0,0.0,0.0,0.0,22.85546875,0.0,0.0,0.0,25.15234375,0.0,0.0,0.0,25.34375,0.0,0.0,0.0,22.85546875,0.0,0.0,24.1953125,0.0,5.161285400390625
56.42,-0.007874015748031496,0.0,0.0,0.0,0.0,-0.0,-0.0,0.0,0.0,0.0,22.6640625,0.0,0.0,0.0,25.34375,0.0,0.0,0.0,24.76953125,0.0,0.0,0.0,23.4296875,0.0,0.0,24.1953125,0.0,5.161285400390625
56.584,-0.007874015748031496,0.0,0.0,0.0,0.0,-0.0,-0.0,0.0,0.0,0.0,22.6640625,0.0,0.0,0.0,25.7265625,0.0,0.0,0.0,25.53515625,0.0,0.0,0.0,22.47265625,0.0,0.0,23.62109375,0.0,5.1515045166015625
56.756,-0.007874015748031496,0.0,0.0,0.0,0.0,-0.0,-0.0,0.0,0.0,0.0,22.28125,0.0,0.0,0.0,25.53515625,0.0,0.0,0.0,24.9609375,0.0,0.0,0.0,23.23828125,0.0,0.0,23.62109375,0.0,5.161285400390625
56.928,-0.007874015748031496,0.0,0.0,0.0,0.0,-0.0,-0.0,0.0,0.0,0.0,21.70703125,0.0,0.0,0.0,25.34375,0.0,0.0,0.0,25.15234375,0.0,0.0,0.0,23.23828125,0.0,0.0,23.8125,0.0,5.161285400390625
57.09,-0.007874015748031496,0.0,0.0,0.0,0.0,-0.0,-0.0,0.0,0.0,0.0,22.28125,0.0,0.0,0.0,25.7265625,0.0,0.0,0.0,25.15234375,0.0,0.0,0.0,22.6640625,0.0,0.0,24.00390625,0.0,5.161285400390625
57.276,-0.007874015748031496,0.0,0.0,0.0,0.0,-0.0,-0.0,0.0,0.0,0.0,22.85546875,0.0,0.0,0.0,25.91796875,0.0,0.0,0.0,25.15234375,0.0,0.0,0.0,22.85546875,0.0,0.0,24.1953125,0.0,5.1515045166015625
57.438,-0.007874015748031496,0.0,0.0,0.0,0.0,-0.0,-0.0,0.0,0.0,0.0,23.23828125,0.0,0.0,0.0,25.34375,0.0,0.0,0.0,25.15234375,0.0,0.0,0.0,23.046875,0.0,0.0,24.00390625,0.0,5.161285400390625
57.6,-0.007874015748031496,0.0,0.0,0.0,0.0,-0.0,-0.0,0.0,0.0,0.0,22.85546875,0.0,0.0,0.0,25.15234375,0.0,0.0,0.0,24.76953125,0.0,0.0,0.0,23.046875,0.0,0.0,24.578125,0.0,5.161285400390625
57.768,-0.007874015748031496,0.0,0.0,0.0,0.0,-0.0,-0.0,0.0,0.0,0.0,23.8125,0.0,0.0,0.0,24.9609375,0.0,0.0,0.0,25.15234375,0.0,0.0,0.0,23.046875,0.0,0.0,24.76953125,0.0,5.1515045166015625
57.935,-0.007874015748031496,0.0,0.0,0.0,0.0,-0.0,-0.0,0.0,0.0,0.0,22.47265625,0.0,0.0,0.0,24.76953125,0.0,0.0,0.0,25.15234375,0.0,0.0,0.0,22.85546875,0.0,0.0,23.8125,0.0,5.1515045166015625
58.12,-0.007874015748031496,0.0,0.0,0.0,0.0,-0.0,-0.0,0.0,0.0,0.0,22.6640625,0.0,0.0,0.0,24.76953125,0.0,0.0,0.0,24.9609375,0.0,0.0,0.0,23.4296875,0.0,0.0,24.1953125,0.0,5.161285400390625
58.297,-0.007874015748031496,0.0,0.0,0.0,0.0,-0.0,-0.0,0.0,0.0,0.0,22.47265625,0.0,0.0,0.0,24.76953125,0.0,0.0,0.0,25.34375,0.0,0.0,0.0,23.23828125,0.0,0.0,23.4296875,0.0,5.1515045166015625
58.464,-0.007874015748031496,0.0,0.0,0.0,0.0,-0.0,-0.0,0.0,0.0,0.0,23.23828125,0.0,0.0,0.0,25.34375,0.0,0.0,0.0,25.7265625,0.0,0.0,0.0,23.4296875,0.0,0.0,23.62109375,0.0,5.1515045166015625
58.631,-0.007874015748031496,0.0,0.0,0.0,0.0,-0.0,-0.0,0.0,0.0,0.0,23.62109375,0.0,0.0,0.0,25.53515625,0.0,0.0,0.0,24.9609375,0.0,0.0,0.0,23.23828125,0.0,0.0,23.8125,0.0,5.161285400390625
58.795,-0.007874015748031496,0.0,0.0,0.0,0.0,-0.0,-0.0,0.0,0.0,0.0,22.85546875,0.0,0.0,0.0,25.15234375,0.0,0.0,0.0,24.9609375,0.0,0.0,0.0,23.046875,0.0,0.0,24.1953125,0.0,5.161285400390625
58.95,-0.007874015748031496,0.0,0.0,0.0,0.0,-0.0,-0.0,0.0,0.0,0.0,22.47265625,0.0,0.0,0.0,25.34375,0.0,0.0,0.0,25.15234375,0.0,0.0,0.0,23.23828125,0.0,0.0,24.00390625,0.0,5.1515045166015625
59.103,-0.007874015748031496,0.0,0.0,0.0,0.0,-0.0,-0.0,0.0,0.0,0.0,23.8125,0.0,0.0,0.0,25.34375,0.0,0.0,0.0,24.9609375,0.0,0.0,0.0,22.85546875,0.0,0.0,24.38671875,0.0,5.1515045166015625
59.263,-0.007874015748031496,0.0,0.0,0.0,0.0,-0.0,-0.0,0.0,0.0,0.0,22.28125,0.0,0.0,0.0,25.53515625,0.0,0.0,0.0,24.76953125,0.0,0.0,0.0,23.23828125,0.0,0.0,24.1953125,0.0,5.161285400390625
59.418,-0.007874015748031496,0.0,0.0,0.0,0.0,-0.0,-0.0,0.0,0.0,0.0,22.6640625,0.0,0.0,0.0,25.7265625,0.0,0.0,0.0,25.53515625,0.0,0.0,0.0,22.85546875,0.0,0.0,24.00390625,0.0,5.1515045166015625
59.587,-0.007874015748031496,0.0,0.0,0.0,0.0,-0.0,-0.0,0.0,0.0,0.0,22.47265625,0.0,0.0,0.0,25.7265625,0.0,0.0,0.0,25.34375,0.0,0.0,0.0,22.6640625,0.0,0.0,24.1953125,0.0,5.161285400390625
59.749,-0.007874015748031496,0.0,0.0,0.0,0.0,-0.0,-0.0,0.0,0.0,0.0,22.6640625,0.0,0.0,0.0,25.53515625,0.0,0.0,0.0,25.15234375,0.0,0.0,0.0,23.62109375,0.0,0.0,23.8125,0.0,5.161285400390625
59.908,-0.007874015748031496,0.0,0.0,0.0,0.0,-0.0,-0.0,0.0,0.0,0.0,21.8984375,0.0,0.0,0.0,25.91796875,0.0,0.0,0.0,25.15234375,0.0,0.0,0.0,22.85546875,0.0,0.0,24.00390625,0.0,5.161285400390625
60.08,-0.007874015748031496,0.0,0.0,0.0,0.0,-0.0,-0.0,0.0,0.0,0.0,22.85546875,0.0,0.0,0.0,25.15234375,0.0,0.0,0.0,25.53515625,0.0,0.0,0.0,23.62109375,0.0,0.0,23.8125,0.0,5.161285400390625
60.258,-0.007874015748031496,0.0,0.0,0.0,0.0,-0.0,-0.0,0.0,0.0,0.0,23.23828125,0.0,0.0,0.0,25.34375,0.0,0.0,0.0,25.34375,0.0,0.0,0.0,23.23828125,0.0,0.0,23.8125,0.0,5.161285400390625
60.429,-0.007874015748031496,0.0,0.0,0.0,0.0,-0.0,-0.0,0.0,0.0,0.0,22.08984375,0.0,0.0,0.0,25.53515625,0.0,0.0,0.0,24.9609375,0.0,0.0,0.0,23.62109375,0.0,0.0,24.38671875,0.0,5.1515045166015625
60.586,-0.007874015748031496,0.0,0.0,0.0,0.0,-0.0,-0.0,0.0,0.0,0.0,22.08984375,0.0,0.0,0.0,25.7265625,0.0,0.0,0.0,25.34375,0.0,0.0,0.0,22.6640625,0.0,0.0,23.4296875,0.0,5.1515045166015625
60.75,-0.007874015748031496,0.0,0.0,0.0,0.0,-0.0,-0.0,0.0,0.0,0.0,23.8125,0.0,0.0,0.0,25.53515625,0.0,0.0,0.0,25.34375,0.0,0.0,0.0,23.23828125,0.0,0.0,24.578125,0.0,5.1515045166015625
60.908,-0.007874015748031496,0.0,0.0,0.0,0.0,-0.0,-0.0,0.0,0.0,0.0,22.85546875,0.0,0.0,0.0,25.34375,0.0,0.0,0.0,25.53515625,0.0,0.0,0.0,23.4296875,0.0,0.0,23.8125,0.0,5.1515045166015625
61.067,-0.007874015748031496,0.0,0.0,0.0,0.0,-0.0,-0.0,0.0,0.0,0.0,22.6640625,0.0,0.0,0.0,25.15234375,0.0,0.0,0.0,24.76953125,0.0,0.0,0.0,23.62109375,0.0,0.0,25.15234375,0.0,5.161285400390625
61.232,-0.007874015748031496,0.0,0.0,0.0,0.0,-0.0,-0.0,0.0,0.0,0.0,22.85546875,0.0,0.0,0.0,25.7265625,0.0,0.0,0.0,24.76953125,0.0,0.0,0.0,23.23828125,0.0,0.0,24.38671875,0.0,5.161285400390625
61.396,-0.007874015748031496,0.0,0.0,0.0,0.0,-0.0,-0.0,0.0,0.0,0.0,22.28125,0.0,0.0,0.0,26.4921875,0.0,0.0,0.0,24.9609375,0.0,0.0,0.0,23.62109375,0.0,0.0,24.578125,0.0,5.1515045166015625
61.562,-0.007874015748031496,0.0,0.0,0.0,0.0,-0.0,-0.0,0.0,0.0,0.0,22.85546875,0.0,0.0,0.0,25.53515625,0.0,0.0,0.0,25.34375,0.0,0.0,0.0,23.23828125,0.0,0.0,23.8125,0.0,5.161285400390625
61.73,-0.007874015748031496,0.0,0.0,0.0,0.0,-0.0,-0.0,0.0,0.0,0.0,23.62109375,0.0,0.0,0.0,25.34375,0.0,0.0,0.0,24.76953125,0.0,0.0,0.0,23.8125,0.0,0.0,24.1953125,0.0,5.161285400390625
61.886,-0.007874015748031496,0.0,0.0,0.0,0.0,-0.0,-0.0,0.0,0.0,0.0,22.6640625,0.0,0.0,0.0,25.7265625,0.0,0.0,0.0,25.53515625,0.0,0.0,0.0,23.23828125,0.0,0.0,24.38671875,0.0,5.1515045166015625
62.057,-0.007874015748031496,0.0,0.0,0.0,0.0,-0.0,-0.0,0.0,0.0,0.0,22.6640625,0.0,0.0,0.0,25.7265625,0.0,0.0,0.0,24.9609375,0.0,0.0,0.0,24.00390625,0.0,0.0,24.9609375,0.0,5.1515045166015625
62.219,-0.007874015748031496,0.0,0.0,0.0,0.0,-0.0,-0.0,0.0,0.0,0.0,22.85546875,0.0,0.0,0.0,25.7265625,0.0,0.0,0.0,25.34375,0.0,0.0,0.0,23.046875,0.0,0.0,23.4296875,0.0,5.161285400390625
62.388,-0.007874015748031496,0.0,0.0,0.0,0.0,-0.0,-0.0,0.0,0.0,0.0,23.23828125,0.0,0.0,0.0,25.15234375,0.0,0.0,0.0,25.34375,0.0,0.0,0.0,22.85546875,0.0,0.0,24.38671875,0.0,5.161285400390625
62.55,-0.007874015748031496,0.0,0.0,0.0,0.0,-0.0,-0.0,0.0,0.0,0.0,22.28125,0.0,0.0,0.0,25.91796875,0.0,0.0,0.0,25.53515625,0.0,0.0,0.0,22.85546875,0.0,0.0,24.38671875,0.0,5.1515045166015625
62.704,-0.007874015748031496,0.0,0.0,0.0,0.0,-0.0,-0.0,0.0,0.0,0.0,22.6640625,0.0,0.0,0.0,25.34375,0.0,0.0,0.0,24.9609375,0.0,0.0,0.0,23.046875,0.0,0.0,23.23828125,0.0,5.161285400390625
62.868,-0.007874015748031496,0.0,0.0,0.0,0.0,-0.0,-0.0,0.0,0.0,0.0,22.47265625,0.0,0.0,0.0,24.76953125,0.0,0.0,0.0,25.15234375,0.0,0.0,0.0,22.85546875,0.0,0.0,24.1953125,0.0,5.161285400390625
63.036,-0.007874015748031496,0.0,0.0,0.0,0.0,-0.0,-0.0,0.0,0.0,0.0,23.046875,0.0,0.0,0.0,25.53515625,0.0,0.0,0.0,25.15234375,0.0,0.0,0.0,23.62109375,0.0,0.0,24.1953125,0.0,5.1515045166015625
63.219,-0.007874015748031496,0.0,0.0,0.0,0.0,-0.0,-0.0,0.0,0.0,0.0,23.046875,0.0,0.0,0.0,26.109375,0.0,0.0,0.0,25.34375,0.0,0.0,0.0,22.6640625,0.0,0.0,23.8125,0.0,5.161285400390625
63.376,-0.007874015748031496,0.0,0.0,0.0,0.0,-0.0,-0.0,0.0,0.0,0.0,22.85546875,0.0,0.0,0.0,25.15234375,0.0,0.0,0.0,25.34375,0.0,0.0,0.0,22.6640625,0.0,0.0,23.8125,0.0,5.1515045166015625
63.529,-0.007874015748031496,0.0,0.0,0.0,0.0,-0.0,-0.0,0.0,0.0,0.0,23.62109375,0.0,0.0,0.0,25.7265625,0.0,0.0,0.0,24.578125,0.0,0.0,0.0,23.4296875,0.0,0.0,22.08984375,0.0,5.161285400390625
63.691,-0.007874015748031496,0.0,0.0,0.0,0.0,-0.0,-0.0,0.0,0.0,0.0,22.6640625,0.0,0.0,0.0,24.9609375,0.0,0.0,0.0,24.9609375,0.0,0.0,0.0,23.23828125,0.0,0.0,25.15234375,0.0,5.161285400390625
63.849,-0.007874015748031496,0.0,0.0,0.0,0.0,-0.0,-0.0,0.0,0.0,0.0,22.85546875,0.0,0.0,0.0,24.9609375,0.0,0.0,0.0,24.578125,0.0,0.0,0.0,23.4296875,0.0,0.0,24.1953125,0.0,5.161285400390625
64.013,-0.007874015748031496,0.0,0.0,0.0,0.0,-0.0,-0.0,0.0,0.0,0.0,22.08984375,0.0,0.0,0.0,24.76953125,0.0,0.0,0.0,25.53515625,0.0,0.0,0.0,23.8125,0.0,0.0,24.00390625,0.0,5.1515045166015625
64.171,-0.007874015748031496,0.0,0.0,0.0,0.0,-0.0,-0.0,0.0,0.0,0.0,22.85546875,0.0,0.0,0.0,25.7265625,0.0,0.0,0.0,25.7265625,0.0,0.0,0.0,23.4296875,0.0,0.0,22.85546875,0.0,5.1515045166015625
64.329,-0.007874015748031496,0.0,0.0,0.0,0.0,-0.0,-0.0,0.0,0.0,0.0,22.6640625,0.0,0.0,0.0,25.53515625,0.0,0.0,0.0,25.53515625,0.0,0.0,0.0,22.85546875,0.0,0.0,24.38671875,0.0,5.161285400390625
64.489,-0.007874015748031496,0.0,0.0,0.0,0.0,-0.0,-0.0,0.0,0.0,0.0,22.47265625,0.0,0.0,0.0,26.68359375,0.0,0.0,0.0,25.34375,0.0,0.0,0.0,23.23828125,0.0,0.0,24.00390625,0.0,5.161285400390625
64.667,-0.007874015748031496,0.0,0.0,0.0,0.0,-0.0,-0.0,0.0,0.0,0.0,24.00390625,0.0,0.0,0.0,25.7265625,0.0,0.0,0.0,25.15234375,0.0,0.0,0.0,23.046875,0.0,0.0,24.1953125,0.0,5.161285400390625
64.835,-0.007874015748031496,0.0,0.0,0.0,0.0,-0.0,-0.0,0.0,0.0,0.0,22.28125,0.0,0.0,0.0,25.7265625,0.0,0.0,0.0,24.76953125,0.0,0.0,0.0,23.62109375,0.0,0.0,24.76953125,0.0,5.161285400390625
65.008,-0.007874015748031496,0.0,0.0,0.0,0.0,-0.0,-0.0,0.0,0.0,0.0,23.23828125,0.0,0.0,0.0,25.15234375,0.0,0.0,0.0,25.7265625,0.0,0.0,0.0,23.046875,0.0,0.0,23.8125,0.0,5.1515045166015625
65.177,-0.007874015748031496,0.0,0.0,0.0,0.0,-0.0,-0.0,0.0,0.0,0.0,22.85546875,0.0,0.0,0.0,24.578125,0.0,0.0,0.0,25.34375,0.0,0.0,0.0,23.23828125,0.0,0.0,25.34375,0.0,5.1515045166015625
65.34,-0.007874015748031496,0.0,0.0,0.0,0.0,-0.0,-0.0,0.0,0.0,0.0,22.47265625,0.0,0.0,0.0,25.34375,0.0,0.0,0.0,25.15234375,0.0,0.0,0.0,23.4296875,0.0,0.0,24.38671875,0.0,5.161285400390625
65.51,-0.007874015748031496,0.0,0.0,0.0,0.0,-0.0,-0.0,0.0,0.0,0.0,22.47265625,0.0,0.0,0.0,25.53515625,0.0,0.0,0.0,24.76953125,0.0,0.0,0.0,23.046875,0.0,0.0,24.38671875,0.0,5.1515045166015625
65.676,-0.007874015748031496,0.0,0.0,0.0,0.0,-0.0,-0.0,0.0,0.0,0.0,22.28125,0.0,0.0,0.0,25.91796875,0.0,0.0,0.0,25.34375,0.0,0.0,0.0,22.85546875,0.0,0.0,24.1953125,0.0,5.1515045166015625
65.848,-0.007874015748031496,0.0,0.0,0.0,0.0,-0.0,-0.0,0.0,0.0,0.0,22.47265625,0.0,0.0,0.0,25.91796875,0.0,0.0,0.0,24.9609375,0.0,0.0,0.0,22.85546875,0.0,0.0,24.1953125,0.0,5.1417388916015625
66.021,-0.007874015748031496,0.0,0.0,0.0,0.0,-0.0,-0.0,0.0,0.0,0.0,22.47265625,0.0,0.0,0.0,25.7265625,0.0,0.0,0.0,24.9609375,0.0,0.0,0.0,23.23828125,0.0,0.0,23.62109375,0.0,5.161285400390625
66.192,-0.007874015748031496,0.0,0.0,0.0,0.0,-0.0,-0.0,0.0,0.0,0.0,22.6640625,0.0,0.0,0.0,25.7265625,0.0,0.0,0.0,25.15234375,0.0,0.0,0.0,23.4296875,0.0,0.0,23.4296875,0.0,5.1515045166015625
66.371,-0.007874015748031496,0.0,0.0,0.0,0.0,-0.0,-0.0,0.0,0.0,0.0,23.23828125,0.0,0.0,0.0,25.34375,0.0,0.0,0.0,25.7265625,0.0,0.0,0.0,23.62109375,0.0,0.0,24.76953125,0.0,5.1515045166015625
66.531,-0.007874015748031496,0.0,0.0,0.0,0.0,-0.0,-0.0,0.0,0.0,0.0,22.85546875,0.0,0.0,0.0,25.7265625,0.0,0.0,0.0,24.76953125,0.0,0.0,0.0,23.8125,0.0,0.0,25.34375,0.0,5.161285400390625
66.695,-0.007874015748031496,0.0,0.0,0.0,0.0,-0.0,-0.0,0.0,0.0,0.0,22.85546875,0.0,0.0,0.0,25.53515625,0.0,0.0,0.0,24.76953125,0.0,0.0,0.0,23.4296875,0.0,0.0,24.00390625,0.0,5.161285400390625
66.858,-0.007874015748031496,0.0,0.0,0.0,0.0,-0.0,-0.0,0.0,0.0,0.0,22.08984375,0.0,0.0,0.0,25.7265625,0.0,0.0,0.0,25.7265625,0.0,0.0,0.0,22.85546875,0.0,0.0,24.38671875,0.0,5.1515045166015625
67.018,-0.007874015748031496,0.0,0.0,0.0,0.0,-0.0,-0.0,0.0,0.0,0.0,22.28125,0.0,0.0,0.0,26.30078125,0.0,0.0,0.0,24.76953125,0.0,0.0,0.0,23.046875,0.0,0.0,24.578125,0.0,5.1515045166015625
67.176,-0.007874015748031496,0.0,0.0,0.0,0.0,-0.0,-0.0,0.0,0.0,0.0,22.85546875,0.0,0.0,0.0,25.15234375,0.0,0.0,0.0,25.53515625,0.0,0.0,0.0,22.6640625,0.0,0.0,24.578125,0.0,5.1515045166015625
67.347,-0.007874015748031496,0.0,0.0,0.0,0.0,-0.0,-0.0,0.0,0.0,0.0,23.046875,0.0,0.0,0.0,25.91796875,0.0,0.0,0.0,25.15234375,0.0,0.0,0.0,23.4296875,0.0,0.0,24.00390625,0.0,5.161285400390625
67.51,-0.007874015748031496,0.0,0.0,0.0,0.0,-0.0,-0.0,0.0,0.0,0.0,23.4296875,0.0,0.0,0.0,25.7265625,0.0,0.0,0.0,25.34375,0.0,0.0,0.0,22.47265625,0.0,0.0,24.1953125,0.0,5.161285400390625
