Timestamp,Driver_Joy_Y,Driver_Joy_X,Driver_Joy_W,Mecanum_FL,Mecanum_BL,Mecanum_BR,Mecanum_FR,FL_Jag_Speed,FL_Out_Voltage,FL_Out_Current,FL_Temp,BL_Jag_Speed,BL_Out_Voltage,BL_Out_Current,BL_Temp,BR_Jag_Speed,BR_Out_Voltage,BR_Out_Current,BR_Temp,FR_Jag_Speed,FR_Out_Voltage,FR_Out_Current,FR_Temp,Pickup_Out_Voltage,Pickup_Out_Current,Pickup_Temp,SH1_Out_Voltage,SH1_Out_Current,SH1_Temp,SH2_Out_Voltage,SH2_Out_Current,SH2_Temp,SHmain_Speed,SHmain_Angle
0.0050,-0.0,0.0,0.0,0.0,0.0,-0.0,-0.0,0.0,0.0,0.0,22.85546875,0.0,0.0,0.0,27.2578125,0.0,0.0,0.0,27.83203125,0.0,0.0,0.0,24.9609375,0.0,0.0,27.83203125,0.0,5.5913848876953125
0.162,-0.0,0.0,0.0,0.0,0.0,-0.0,-0.0,0.0,0.0,0.0,24.76953125,0.0,0.0,0.0,27.640625,0.0,0.0,0.0,27.2578125,0.0,0.0,0.0,25.15234375,0.0,0.0,27.2578125,0.0,5.5913848876953125
0.323,-0.0,0.0,0.0,0.0,0.0,-0.0,-0.0,0.0,0.0,0.0,25.15234375,0.0,0.0,0.0,27.83203125,0.0,0.0,0.0,27.640625,0.0,0.0,0.0,24.9609375,0.0,0.0,27.2578125,0.0,5.5816192626953125
0.483,-0.0,0.0,0.0,0.0,0.0,-0.0,-0.0,0.0,0.0,0.0,24.578125,0.0,0.0,0.0,27.83203125,0.0,0.0,0.0,28.0234375,0.0,0.0,0.0,25.15234375,0.0,0.0,28.0234375,0.0,5.5913848876953125
0.639,-0.0,0.0,0.0,0.0,0.0,-0.0,-0.0,0.0,0.0,0.0,24.1953125,0.0,0.0,0.0,28.21484375,0.0,0.0,0.0,28.0234375,0.0,0.0,0.0,25.15234375,0.0,0.0,27.44921875,0.0,5.5913848876953125
0.789,-0.0,0.0,0.0,0.0,0.0,-0.0,-0.0,0.0,0.0,0.0,24.38671875,0.0,0.0,0.0,27.640625,0.0,0.0,0.0,27.83203125,0.0,0.0,0.0,24.76953125,0.0,0.0,26.875,0.0,5.601165771484375
0.964,-0.0,0.0,0.0,0.0,0.0,-0.0,-0.0,0.0,0.0,0.0,24.38671875,0.0,0.0,0.0,28.0234375,0.0,0.0,0.0,27.83203125,0.0,0.0,0.0,24.9609375,0.0,0.0,27.44921875,0.0,5.5913848876953125
1.128,-0.0,0.0,0.0,0.0,0.0,-0.0,-0.0,0.0,0.0,0.0,23.8125,0.0,0.0,0.0,27.44921875,0.0,0.0,0.0,27.83203125,0.0,0.0,0.0,25.7265625,0.0,0.0,27.06640625,0.0,5.5913848876953125
1.293,-0.0,0.0,0.0,0.0,0.0,-0.0,-0.0,0.0,0.0,0.0,24.1953125,0.0,0.0,0.0,28.0234375,0.0,0.0,0.0,28.0234375,0.0,0.0,0.0,25.7265625,0.0,0.0,28.0234375,0.0,5.601165771484375
1.459,-0.0,0.0,0.0,0.0,0.0,-0.0,-0.0,0.0,0.0,0.0,24.578125,0.0,0.0,0.0,27.640625,0.0,0.0,0.0,28.21484375,0.0,0.0,0.0,24.578125,0.0,0.0,27.44921875,0.0,5.5913848876953125
S: 1.501 159510461973 Pickup down
1.619,-0.0,0.0,0.0,0.0,0.0,-0.0,-0.0,0.0,0.0,0.0,24.38671875,0.0,0.0,0.0,27.44921875,0.0,0.0,0.0,27.640625,0.0,0.0,0.0,24.76953125,-10.4765625,38.6796875,27.06640625,0.0,5.5913848876953125
1.78,-0.0,0.0,0.0,0.0,0.0,-0.0,-0.0,0.0,0.0,0.0,24.578125,0.0,0.0,0.0,27.640625,0.0,0.0,0.0,27.44921875,0.0,0.0,0.0,24.9609375,-11.390625,22.66015625,27.640625,0.0,5.5913848876953125
1.959,-0.0,0.0,0.0,0.0,0.0,-0.0,-0.0,0.0,0.0,0.0,24.9609375,0.0,0.0,0.0,29.36328125,25.380538940429688,0.0,0.0,28.21484375,0.0,0.0,0.0,25.15234375,-11.77734375,14.91015625,26.875,0.0,5.57183837890625
2.122,-0.0,0.0,0.0,0.0,0.0,-0.0,-0.0,0.0,0.0,0.0,24.578125,0.0,0.0,0.0,27.640625,-27.144134521484375,0.0,0.0,28.40625,0.0,0.0,0.0,24.9609375,-11.91796875,12.0234375,27.640625,0.0,5.5816192626953125
2.286,-0.0,0.0,0.0,0.0,0.0,-0.0,-0.0,0.0,0.0,0.0,24.578125,0.0,0.0,0.0,28.21484375,-24.1920166015625,0.0,0.0,27.83203125,0.0,0.0,0.0,25.34375,0.0,0.0,26.4921875,0.0,5.5816192626953125
2.45,-0.0,0.0,0.0,0.0,0.0,-0.0,-0.0,0.0,0.0,0.0,24.00390625,0.0,0.0,0.0,27.640625,-5.116058349609375,0.0,0.0,27.44921875,0.0,0.0,0.0,24.9609375,0.0,0.0,27.06640625,0.0,5.5913848876953125
2.618,-0.0,0.0,0.0,0.0,0.0,-0.0,-0.0,0.0,0.0,0.0,24.76953125,0.0,0.0,0.0,28.0234375,0.0,0.0,0.0,27.44921875,0.0,0.0,0.0,25.34375,0.0,0.0,26.875,0.0,5.5913848876953125
2.767,-0.0,0.0,0.0,0.0,0.0,-0.0,-0.0,0.0,0.0,0.0,24.76953125,0.0,0.0,0.0,27.640625,0.0,0.0,0.0,27.83203125,0.0,0.0,0.0,25.7265625,0.0,0.0,27.06640625,0.0,5.5913848876953125
2.929,-0.0,0.0,0.0,0.0,0.0,-0.0,-0.0,0.0,0.0,0.0,24.76953125,0.0,0.0,0.0,27.44921875,0.0,0.0,0.0,28.0234375,0.0,0.0,0.0,25.34375,0.0,0.0,29.171875,0.0,5.5913848876953125
3.091,-0.0,0.0,0.0,0.0,0.0,-0.0,-0.0,0.0,0.0,0.0,24.1953125,0.0,0.0,0.0,27.640625,0.0,0.0,0.0,27.44921875,0.0,0.0,0.0,24.76953125,0.0,0.0,25.53515625,0.0,5.5913848876953125
3.253,-0.0,0.0,0.0,0.0,0.0,-0.0,-0.0,0.0,0.0,0.0,23.8125,0.0,0.0,0.0,28.21484375,0.0,0.0,0.0,27.83203125,0.0,0.0,0.0,25.34375,0.0,0.0,26.875,0.0,5.5816192626953125
3.418,-0.0,0.0,0.0,0.0,0.0,-0.0,-0.0,0.0,0.0,0.0,24.76953125,0.0,0.0,0.0,27.44921875,0.0,0.0,0.0,27.44921875,0.0,0.0,0.0,24.9609375,0.0,0.0,27.2578125,0.0,5.5816192626953125
3.569,-0.0,0.0,0.0,0.0,0.0,-0.0,-0.0,0.0,0.0,0.0,25.53515625,0.0,0.0,0.0,27.640625,0.0,0.0,0.0,27.83203125,0.0,0.0,0.0,25.34375,0.0,0.0,27.06640625,0.0,5.5913848876953125
3.727,-0.0,0.0,0.0,0.0,0.0,-0.0,-0.0,0.0,0.0,0.0,25.91796875,0.0,0.0,0.0,28.0234375,0.0,0.0,0.0,27.83203125,0.0,0.0,0.0,24.9609375,0.0,0.0,26.68359375,0.0,5.5816192626953125
3.899,-0.0,0.0,0.0,0.0,0.0,-0.0,-0.0,0.0,0.0,0.0,24.578125,0.0,0.0,0.0,28.40625,0.0,0.0,0.0,27.640625,0.0,0.0,0.0,24.9609375,0.0,0.0,27.640625,0.0,5.5913848876953125
4.068,-0.0,0.0,0.0,0.0,0.0,-0.0,-0.0,0.0,0.0,0.0,24.76953125,0.0,0.0,0.0,27.2578125,0.0,0.0,0.0,27.44921875,0.0,0.0,0.0,25.15234375,0.0,0.0,26.68359375,0.0,5.5816192626953125
4.23,-0.0,0.0,0.0,0.0,0.0,-0.0,-0.0,0.0,0.0,0.0,24.38671875,0.0,0.0,0.0,28.7890625,0.0,0.0,0.0,28.0234375,0.0,0.0,0.0,25.15234375,0.0,0.0,26.875,0.0,5.57183837890625
4.394,-0.0,0.0,0.0,0.0,0.0,-0.0,-0.0,0.0,0.0,0.0,24.1953125,0.0,0.0,0.0,27.83203125,0.0,0.0,0.0,28.0234375,0.0,0.0,0.0,25.15234375,0.0,0.0,26.68359375,0.0,5.5913848876953125
4.558,-0.0,0.0,0.0,0.0,0.0,-0.0,-0.0,0.0,0.0,0.0,24.38671875,0.0,0.0,0.0,27.44921875,0.0,0.0,0.0,27.2578125,0.0,0.0,0.0,24.9609375,0.0,0.0,26.875,0.0,5.5816192626953125
4.718,-0.0,0.0,0.0,0.0,0.0,-0.0,-0.0,0.0,0.0,0.0,24.9609375,0.0,0.0,0.0,28.40625,0.0,0.0,0.0,27.83203125,0.0,0.0,0.0,25.15234375,0.0,0.0,26.68359375,0.0,5.5816192626953125
4.871,-0.0,0.0,0.0,0.0,0.0,-0.0,-0.0,0.0,0.0,0.0,24.578125,0.0,0.0,0.0,27.83203125,0.0,0.0,0.0,28.0234375,0.0,0.0,0.0,25.53515625,0.0,0.0,27.2578125,0.0,5.5816192626953125
5.031,-0.0,0.0,0.0,0.0,0.0,-0.0,-0.0,0.0,0.0,0.0,24.38671875,0.0,0.0,0.0,27.640625,0.0,0.0,0.0,28.40625,0.0,0.0,0.0,25.15234375,0.0,0.0,27.2578125,0.0,5.5816192626953125
5.194,-0.0,0.0,0.0,0.0,0.0,-0.0,-0.0,0.0,0.0,0.0,24.1953125,0.0,0.0,0.0,27.83203125,0.0,0.0,0.0,28.0234375,0.0,0.0,0.0,25.15234375,0.0,0.0,28.59765625,0.0,5.5913848876953125
5.36,-0.0,0.0,0.0,0.0,0.0,-0.0,-0.0,0.0,0.0,0.0,24.00390625,0.0,0.0,0.0,28.0234375,0.0,0.0,0.0,27.83203125,0.0,0.0,0.0,25.34375,0.0,0.0,27.06640625,0.0,5.5913848876953125
5.52,-0.0,0.0,0.0,0.0,0.0,-0.0,-0.0,0.0,0.0,0.0,24.578125,0.0,0.0,0.0,28.40625,0.0,0.0,0.0,28.21484375,0.0,0.0,0.0,25.34375,0.0,0.0,26.68359375,0.0,5.5913848876953125
5.671,-0.0,0.0,0.0,0.0,0.0,-0.0,-0.0,0.0,0.0,0.0,24.76953125,0.0,0.0,0.0,28.40625,0.0,0.0,0.0,27.2578125,0.0,0.0,0.0,25.34375,0.0,0.0,28.0234375,0.0,5.5913848876953125
5.851,-0.0,0.0,0.0,0.0,0.0,-0.0,-0.0,0.0,0.0,0.0,24.578125,0.0,0.0,0.0,27.83203125,0.0,0.0,0.0,28.0234375,0.0,0.0,0.0,24.9609375,0.0,0.0,26.68359375,0.0,5.5913848876953125
6.014,-0.0,0.0,0.0,0.0,0.0,-0.0,-0.0,0.0,0.0,0.0,24.1953125,0.0,0.0,0.0,27.640625,0.0,0.0,0.0,27.83203125,0.0,0.0,0.0,25.53515625,0.0,0.0,27.2578125,0.0,5.5913848876953125
6.177,-0.0,0.0,0.0,0.0,0.0,-0.0,-0.0,0.0,0.0,0.0,24.578125,0.0,0.0,0.0,28.0234375,0.0,0.0,0.0,27.83203125,0.0,0.0,0.0,25.15234375,0.0,0.0,26.109375,0.0,5.5913848876953125
6.34,-0.0,0.0,0.0,0.0,0.0,-0.0,-0.0,0.0,0.0,0.0,24.38671875,0.0,0.0,0.0,27.83203125,0.0,0.0,0.0,27.640625,0.0,0.0,0.0,24.9609375,0.0,0.0,26.875,0.0,5.5913848876953125
6.492,-0.0,0.0,0.0,0.0,0.0,-0.0,-0.0,0.0,0.0,0.0,24.38671875,0.0,0.0,0.0,28.40625,0.0,0.0,0.0,28.40625,0.0,0.0,0.0,24.9609375,0.0,0.0,27.2578125,0.0,5.5816192626953125
6.656,-0.0,0.0,0.0,0.0,0.0,-0.0,-0.0,0.0,0.0,0.0,24.1953125,0.0,0.0,0.0,27.640625,0.0,0.0,0.0,27.640625,0.0,0.0,0.0,24.9609375,0.0,0.0,26.4921875,0.0,5.5913848876953125
6.819,-0.0,0.0,0.0,0.0,0.0,-0.0,-0.0,0.0,0.0,0.0,24.38671875,0.0,0.0,0.0,29.171875,0.0,0.0,0.0,28.0234375,0.0,0.0,0.0,25.53515625,0.0,0.0,26.875,0.0,5.5913848876953125
6.988,-0.0,0.0,0.0,0.0,0.0,-0.0,-0.0,0.0,0.0,0.0,24.578125,0.0,0.0,0.0,28.0234375,0.0,0.0,0.0,27.640625,0.0,0.0,0.0,25.34375,0.0,0.0,26.875,0.0,5.5913848876953125
7.145,-0.0,0.0,0.0,0.0,0.0,-0.0,-0.0,0.0,0.0,0.0,25.34375,0.0,0.0,0.0,28.59765625,0.0,0.0,0.0,28.21484375,0.0,0.0,0.0,25.34375,0.0,0.0,28.59765625,0.0,5.5816192626953125
7.305,-0.0,0.0,0.0,0.0,0.0,-0.0,-0.0,0.0,0.0,0.0,23.8125,0.0,0.0,0.0,27.83203125,0.0,0.0,0.0,27.44921875,0.0,0.0,0.0,25.34375,0.0,0.0,27.640625,0.0,5.5816192626953125
7.468,-0.0,0.0,0.0,0.0,0.0,-0.0,-0.0,0.0,0.0,0.0,24.9609375,0.0,0.0,0.0,27.83203125,0.0,0.0,0.0,27.640625,0.0,0.0,0.0,24.76953125,0.0,0.0,27.2578125,0.0,5.5913848876953125
7.62,-0.0,0.0,0.0,0.0,0.0,-0.0,-0.0,0.0,0.0,0.0,24.76953125,0.0,0.0,0.0,28.0234375,0.0,0.0,0.0,28.0234375,0.0,0.0,0.0,24.578125,0.0,0.0,25.15234375,0.0,5.5816192626953125
7.801,-0.0,0.0,0.0,0.0,0.0,-0.0,-0.0,0.0,0.0,0.0,24.1953125,0.0,0.0,0.0,27.83203125,0.0,0.0,0.0,28.0234375,0.0,0.0,0.0,25.34375,0.0,0.0,26.875,0.0,5.601165771484375
7.959,-0.0,0.0,0.0,0.0,0.0,-0.0,-0.0,0.0,0.0,0.0,24.38671875,0.0,0.0,0.0,27.640625,0.0,0.0,0.0,27.640625,0.0,0.0,0.0,24.578125,0.0,0.0,26.875,0.0,5.5816192626953125
8.11,-0.0,0.0,0.0,0.0,0.0,-0.0,-0.0,0.0,0.0,0.0,24.38671875,0.0,0.0,0.0,28.0234375,0.0,0.0,0.0,27.44921875,0.0,0.0,0.0,25.15234375,0.0,0.0,25.34375,0.0,5.601165771484375
8.272,-0.0,0.0,0.0,0.0,0.0,-0.0,-0.0,0.0,0.0,0.0,25.34375,0.0,0.0,0.0,28.21484375,0.0,0.0,0.0,27.83203125,0.0,0.0,0.0,25.53515625,0.0,0.0,27.640625,0.0,5.5816192626953125
8.427,-0.0,0.0,0.0,0.0,0.0,-0.0,-0.0,0.0,0.0,0.0,24.76953125,0.0,0.0,0.0,27.83203125,0.0,0.0,0.0,28.40625,0.0,0.0,0.0,25.15234375,0.0,0.0,26.875,0.0,5.5816192626953125
8.58,-0.0,0.0,0.0,0.0,0.0,-0.0,-0.0,0.0,0.0,0.0,25.15234375,0.0,0.0,0.0,28.40625,0.0,0.0,0.0,27.44921875,0.0,0.0,0.0,25.15234375,0.0,0.0,26.875,0.0,5.5913848876953125
8.739,-0.0,0.0,0.0,0.0,0.0,-0.0,-0.0,0.0,0.0,0.0,24.38671875,0.0,0.0,0.0,28.21484375,0.0,0.0,0.0,28.0234375,0.0,0.0,0.0,24.9609375,0.0,0.0,27.44921875,0.0,5.5816192626953125
8.905,-0.0,0.0,0.0,0.0,0.0,-0.0,-0.0,0.0,0.0,0.0,24.9609375,0.0,0.0,0.0,28.21484375,0.0,0.0,0.0,27.83203125,0.0,0.0,0.0,25.15234375,0.0,0.0,26.30078125,0.0,5.5913848876953125
9.073,-0.0,0.0,0.0,0.0,0.0,-0.0,-0.0,0.0,0.0,0.0,24.76953125,0.0,0.0,0.0,28.0234375,0.0,0.0,0.0,27.83203125,0.0,0.0,0.0,24.9609375,0.0,0.0,26.4921875,0.0,5.5913848876953125
9.239,-0.0,0.0,0.0,0.0,0.0,-0.0,-0.0,0.0,0.0,0.0,24.76953125,0.0,0.0,0.0,27.83203125,0.0,0.0,0.0,27.2578125,0.0,0.0,0.0,24.9609375,0.0,0.0,26.4921875,0.0,5.57183837890625
9.401,-0.0,0.0,0.0,0.0,0.0,-0.0,-0.0,0.0,0.0,0.0,24.38671875,0.0,0.0,0.0,28.59765625,0.0,0.0,0.0,28.0234375,0.0,0.0,0.0,25.15234375,0.0,0.0,27.06640625,0.0,5.5816192626953125
9.56,-0.0,0.0,0.0,0.0,0.0,-0.0,-0.0,0.0,0.0,0.0,24.38671875,0.0,0.0,0.0,27.640625,0.0,0.0,0.0,27.44921875,0.0,0.0,0.0,24.76953125,0.0,0.0,27.2578125,0.0,5.5816192626953125
9.732,-0.0,0.0,0.0,0.0,0.0,-0.0,-0.0,0.0,0.0,0.0,24.1953125,0.0,0.0,0.0,27.640625,0.0,0.0,0.0,27.2578125,0.0,0.0,0.0,25.15234375,0.0,0.0,27.06640625,0.0,5.5816192626953125
9.898,-0.0,0.0,0.0,0.0,0.0,-0.0,-0.0,0.0,0.0,0.0,24.00390625,0.0,0.0,0.0,27.06640625,0.0,0.0,0.0,28.21484375,0.0,0.0,0.0,25.15234375,0.0,0.0,27.06640625,0.0,5.5913848876953125
10.067,-0.0,0.0,0.0,0.0,0.0,-0.0,-0.0,0.0,0.0,0.0,24.1953125,0.0,0.0,0.0,28.0234375,0.0,0.0,0.0,27.83203125,0.0,0.0,0.0,25.34375,0.0,0.0,26.109375,0.0,5.5816192626953125
10.227,-0.0,0.0,0.0,0.0,0.0,-0.0,-0.0,0.0,0.0,0.0,23.4296875,0.0,0.0,0.0,27.640625,0.0,0.0,0.0,28.21484375,0.0,0.0,0.0,25.15234375,0.0,0.0,25.91796875,0.0,5.5816192626953125
10.387,-0.0,0.0,0.0,0.0,0.0,-0.0,-0.0,0.0,0.0,0.0,24.1953125,0.0,0.0,0.0,28.0234375,0.0,0.0,0.0,27.640625,0.0,0.0,0.0,25.7265625,0.0,0.0,26.30078125,0.0,5.5816192626953125
10.547,-0.0,0.0,0.0,0.0,0.0,-0.0,-0.0,0.0,0.0,0.0,23.8125,0.0,0.0,0.0,27.44921875,0.0,0.0,0.0,27.44921875,0.0,0.0,0.0,24.9609375,0.0,0.0,27.44921875,0.0,5.5816192626953125
10.707,-0.0,0.0,0.0,0.0,0.0,-0.0,-0.0,0.0,0.0,0.0,24.578125,0.0,0.0,0.0,27.640625,0.0,0.0,0.0,28.0234375,0.0,0.0,0.0,25.15234375,0.0,0.0,26.4921875,0.0,5.5913848876953125
10.868,-0.0,0.0,0.0,0.0,0.0,-0.0,-0.0,0.0,0.0,0.0,24.578125,0.0,0.0,0.0,28.21484375,0.0,0.0,0.0,27.83203125,0.0,0.0,0.0,24.9609375,0.0,0.0,26.875,0.0,5.5816192626953125
11.03,-0.0,0.0,0.0,0.0,0.0,-0.0,-0.0,0.0,0.0,0.0,24.578125,0.0,0.0,0.0,28.40625,0.0,0.0,0.0,27.640625,0.0,0.0,0.0,25.34375,0.0,0.0,27.2578125,0.0,5.5816192626953125
11.187,-0.0,0.0,0.0,0.0,0.0,-0.0,-0.0,0.0,0.0,0.0,23.8125,0.0,0.0,0.0,27.83203125,0.0,0.0,0.0,27.83203125,0.0,0.0,0.0,24.9609375,0.0,0.0,26.68359375,0.0,5.5816192626953125
11.348,-0.0,0.0,0.0,0.0,0.0,-0.0,-0.0,0.0,0.0,0.0,24.76953125,0.0,0.0,0.0,28.21484375,0.0,0.0,0.0,28.0234375,0.0,0.0,0.0,25.53515625,0.0,0.0,26.109375,0.0,5.5816192626953125
11.508,-0.0,0.0,0.0,0.0,0.0,-0.0,-0.0,0.0,0.0,0.0,24.38671875,0.0,0.0,0.0,29.171875,0.0,0.0,0.0,27.640625,0.0,0.0,0.0,25.7265625,0.0,0.0,26.68359375,0.0,5.5816192626953125
11.687,-0.0,0.0,0.0,0.0,0.0,-0.0,-0.0,0.0,0.0,0.0,24.38671875,0.0,0.0,0.0,27.2578125,0.0,0.0,0.0,27.44921875,0.0,0.0,0.0,24.76953125,0.0,0.0,26.109375,0.0,5.5816192626953125
11.861,-0.0,0.0,0.0,0.0,0.0,-0.0,-0.0,0.0,0.0,0.0,23.8125,0.0,0.0,0.0,27.83203125,0.0,0.0,0.0,27.640625,0.0,0.0,0.0,25.34375,0.0,0.0,27.06640625,0.0,5.5816192626953125
12.029,-0.0,0.0,0.0,0.0,0.0,-0.0,-0.0,0.0,0.0,0.0,24.578125,0.0,0.0,0.0,28.0234375,0.0,0.0,0.0,27.44921875,0.0,0.0,0.0,25.15234375,0.0,0.0,26.875,0.0,5.5913848876953125
12.191,-0.0,0.0,0.0,0.0,0.0,-0.0,-0.0,0.0,0.0,0.0,24.76953125,0.0,0.0,0.0,27.83203125,0.0,0.0,0.0,27.83203125,0.0,0.0,0.0,25.15234375,0.0,0.0,25.91796875,0.0,5.5816192626953125
12.357,-0.0,0.0,0.0,0.0,0.0,-0.0,-0.0,0.0,0.0,0.0,24.38671875,0.0,0.0,0.0,28.40625,0.0,0.0,0.0,27.83203125,0.0,0.0,0.0,25.15234375,0.0,0.0,27.44921875,0.0,5.5816192626953125
12.52,-0.0,0.0,0.0,0.0,0.0,-0.0,-0.0,0.0,0.0,0.0,24.1953125,0.0,0.0,0.0,27.640625,0.0,0.0,0.0,27.640625,0.0,0.0,0.0,25.7265625,0.0,0.0,26.30078125,0.0,5.5816192626953125
12.687,-0.0,0.0,0.0,0.0,0.0,-0.0,-0.0,0.0,0.0,0.0,23.8125,0.0,0.0,0.0,28.40625,0.0,0.0,0.0,27.83203125,0.0,0.0,0.0,24.9609375,0.0,0.0,27.640625,0.0,5.5816192626953125
12.849,-0.0,0.0,0.0,0.0,0.0,-0.0,-0.0,0.0,0.0,0.0,24.1953125,0.0,0.0,0.0,27.640625,0.0,0.0,0.0,28.40625,0.0,0.0,0.0,25.15234375,0.0,0.0,27.06640625,0.0,5.57183837890625
13.091,-0.0,0.0,0.0,0.0,0.0,-0.0,-0.0,0.0,0.0,0.0,24.578125,0.0,0.0,0.0,27.83203125,0.0,0.0,0.0,28.21484375,0.0,0.0,0.0,24.38671875,0.0,0.0,26.68359375,0.0,5.5913848876953125
13.259,-0.0,0.0,0.0,0.0,0.0,-0.0,-0.0,0.0,0.0,0.0,24.578125,0.0,0.0,0.0,28.21484375,0.0,0.0,0.0,28.0234375,0.0,0.0,0.0,25.7265625,0.0,0.0,26.4921875,0.0,5.5816192626953125
13.423,-0.0,0.0,0.0,0.0,0.0,-0.0,-0.0,0.0,0.0,0.0,24.1953125,0.0,0.0,0.0,28.21484375,0.0,0.0,0.0,28.21484375,0.0,0.0,0.0,24.9609375,0.0,0.0,26.68359375,0.0,5.5816192626953125
13.592,-0.0,0.0,0.0,0.0,0.0,-0.0,-0.0,0.0,0.0,0.0,24.38671875,0.0,0.0,0.0,27.44921875,0.0,0.0,0.0,27.640625,0.0,0.0,0.0,25.34375,0.0,0.0,27.06640625,0.0,5.5816192626953125
13.77,-0.0,0.0,0.0,0.0,0.0,-0.0,-0.0,0.0,0.0,0.0,24.38671875,0.0,0.0,0.0,27.640625,0.0,0.0,0.0,28.0234375,0.0,0.0,0.0,25.53515625,0.0,0.0,26.30078125,0.0,5.5816192626953125
13.929,-0.0,0.0,0.0,0.0,0.0,-0.0,-0.0,0.0,0.0,0.0,24.9609375,0.0,0.0,0.0,28.0234375,0.0,0.0,0.0,28.21484375,0.0,0.0,0.0,25.15234375,0.0,0.0,26.875,0.0,5.5816192626953125
14.093,-0.0,0.0,0.0,0.0,0.0,-0.0,-0.0,0.0,0.0,0.0,24.38671875,0.0,0.0,0.0,28.21484375,0.0,0.0,0.0,27.83203125,0.0,0.0,0.0,25.15234375,0.0,0.0,26.4921875,0.0,5.5816192626953125
14.26,-0.0,0.0,0.0,0.0,0.0,-0.0,-0.0,0.0,0.0,0.0,24.38671875,0.0,0.0,0.0,27.83203125,0.0,0.0,0.0,27.83203125,0.0,0.0,0.0,25.15234375,0.0,0.0,26.875,0.0,5.57183837890625
14.42,-0.0,0.0,0.0,0.0,0.0,-0.0,-0.0,0.0,0.0,0.0,24.38671875,0.0,0.0,0.0,27.83203125,0.0,0.0,0.0,27.640625,0.0,0.0,0.0,24.76953125,0.0,0.0,27.06640625,0.0,5.5816192626953125
14.58,-0.0,0.0,0.0,0.0,0.0,-0.0,-0.0,0.0,0.0,0.0,24.38671875,0.0,0.0,0.0,27.83203125,0.0,0.0,0.0,28.0234375,0.0,0.0,0.0,24.9609375,0.0,0.0,26.68359375,0.0,5.5816192626953125
14.75,-0.0,0.0,0.0,0.0,0.0,-0.0,-0.0,0.0,0.0,0.0,24.1953125,0.0,0.0,0.0,27.44921875,0.0,0.0,0.0,27.640625,0.0,0.0,0.0,25.53515625,0.0,0.0,28.40625,0.0,5.5816192626953125
14.907,-0.0,0.0,0.0,0.0,0.0,-0.0,-0.0,0.0,0.0,0.0,24.9609375,0.0,0.0,0.0,27.2578125,0.0,0.0,0.0,27.640625,0.0,0.0,0.0,25.53515625,0.0,0.0,25.91796875,0.0,5.5913848876953125
15.062,-0.0,0.0,0.0,0.0,0.0,-0.0,-0.0,0.0,0.0,0.0,23.62109375,0.0,0.0,0.0,27.640625,0.0,0.0,0.0,27.44921875,0.0,0.0,0.0,24.9609375,0.0,0.0,26.875,0.0,5.5913848876953125
15.229,-0.0,0.0,0.0,0.0,0.0,-0.0,-0.0,0.0,0.0,0.0,25.15234375,0.0,0.0,0.0,28.40625,0.0,0.0,0.0,27.44921875,0.0,0.0,0.0,25.15234375,0.0,0.0,26.68359375,0.0,5.5816192626953125
15.4,-0.0,0.0,0.0,0.0,0.0,-0.0,-0.0,0.0,0.0,0.0,23.8125,0.0,0.0,0.0,27.44921875,0.0,0.0,0.0,28.40625,0.0,0.0,0.0,24.76953125,0.0,0.0,27.2578125,0.0,5.5816192626953125
15.572,-0.0,0.0,0.0,0.0,0.0,-0.0,-0.0,0.0,0.0,0.0,24.578125,0.0,0.0,0.0,28.40625,0.0,0.0,0.0,27.83203125,0.0,0.0,0.0,25.53515625,0.0,0.0,27.06640625,0.0,5.5913848876953125
15.741,-0.0,0.0,0.0,0.0,0.0,-0.0,-0.0,0.0,0.0,0.0,24.00390625,0.0,0.0,0.0,28.0234375,0.0,0.0,0.0,27.83203125,0.0,0.0,0.0,24.76953125,0.0,0.0,26.68359375,0.0,5.5816192626953125
15.9,-0.0,0.0,0.0,0.0,0.0,-0.0,-0.0,0.0,0.0,0.0,23.046875,0.0,0.0,0.0,27.83203125,0.0,0.0,0.0,27.83203125,0.0,0.0,0.0,24.9609375,0.0,0.0,26.68359375,0.0,5.5913848876953125
16.06,-0.0,0.0,0.0,0.0,0.0,-0.0,-0.0,0.0,0.0,0.0,24.1953125,0.0,0.0,0.0,28.21484375,0.0,0.0,0.0,27.44921875,0.0,0.0,0.0,24.9609375,0.0,0.0,27.640625,0.0,5.5816192626953125
16.243,-0.0,0.0,0.0,0.0,0.0,-0.0,-0.0,0.0,0.0,0.0,25.34375,0.0,0.0,0.0,28.21484375,0.0,0.0,0.0,27.06640625,0.0,0.0,0.0,25.15234375,0.0,0.0,25.91796875,0.0,5.5816192626953125
16.401,-0.0,0.0,0.0,0.0,0.0,-0.0,-0.0,0.0,0.0,0.0,24.38671875,0.0,0.0,0.0,28.40625,0.0,0.0,0.0,27.83203125,0.0,0.0,0.0,25.15234375,0.0,0.0,26.4921875,0.0,5.5913848876953125
16.56,-0.0,0.0,0.0,0.0,0.0,-0.0,-0.0,0.0,0.0,0.0,24.578125,0.0,0.0,0.0,28.7890625,0.0,0.0,0.0,27.83203125,0.0,0.0,0.0,25.15234375,0.0,0.0,27.06640625,0.0,5.5816192626953125
16.721,-0.0,0.0,0.0,0.0,0.0,-0.0,-0.0,0.0,0.0,0.0,24.38671875,0.0,0.0,0.0,28.0234375,0.0,0.0,0.0,27.83203125,0.0,0.0,0.0,25.53515625,0.0,0.0,26.875,0.0,5.5816192626953125
16.889,-0.0,0.0,0.0,0.0,0.0,-0.0,-0.0,0.0,0.0,0.0,24.38671875,0.0,0.0,0.0,27.640625,0.0,0.0,0.0,27.83203125,0.0,0.0,0.0,24.76953125,0.0,0.0,27.44921875,0.0,5.5816192626953125
17.059,-0.0,0.0,0.0,0.0,0.0,-0.0,-0.0,0.0,0.0,0.0,24.76953125,0.0,0.0,0.0,28.0234375,0.0,0.0,0.0,28.0234375,0.0,0.0,0.0,25.34375,0.0,0.0,26.875,0.0,5.5913848876953125
17.22,-0.0,0.0,0.0,0.0,0.0,-0.0,-0.0,0.0,0.0,0.0,24.38671875,0.0,0.0,0.0,27.640625,0.0,0.0,0.0,28.21484375,0.0,0.0,0.0,25.53515625,0.0,0.0,26.68359375,0.0,5.5816192626953125
17.38,-0.0,0.0,0.0,0.0,0.0,-0.0,-0.0,0.0,0.0,0.0,24.1953125,0.0,0.0,0.0,28.21484375,0.0,0.0,0.0,27.44921875,0.0,0.0,0.0,25.7265625,0.0,0.0,28.59765625,0.0,5.5816192626953125
17.56,-0.0,0.0,0.0,0.0,0.0,-0.0,-0.0,0.0,0.0,0.0,24.00390625,0.0,0.0,0.0,27.44921875,0.0,0.0,0.0,27.83203125,0.0,0.0,0.0,24.76953125,0.0,0.0,26.68359375,0.0,5.5816192626953125
17.72,-0.0,0.0,0.0,0.0,0.0,-0.0,-0.0,0.0,0.0,0.0,24.76953125,0.0,0.0,0.0,27.44921875,0.0,0.0,0.0,28.0234375,0.0,0.0,0.0,25.34375,0.0,0.0,26.875,0.0,5.5816192626953125
17.88,-0.0,0.0,0.0,0.0,0.0,-0.0,-0.0,0.0,0.0,0.0,24.76953125,0.0,0.0,0.0,28.40625,0.0,0.0,0.0,27.83203125,0.0,0.0,0.0,25.34375,0.0,0.0,27.2578125,0.0,5.5816192626953125
18.049,-0.0,0.0,0.0,0.0,0.0,-0.0,-0.0,0.0,0.0,0.0,24.76953125,0.0,0.0,0.0,28.21484375,0.0,0.0,0.0,27.640625,0.0,0.0,0.0,25.34375,0.0,0.0,26.68359375,0.0,5.57183837890625
18.209,-0.0,0.0,0.0,0.0,0.0,-0.0,-0.0,0.0,0.0,0.0,24.578125,0.0,0.0,0.0,27.83203125,0.0,0.0,0.0,27.44921875,0.0,0.0,0.0,24.578125,0.0,0.0,26.30078125,0.0,5.5913848876953125
18.369,-0.0,0.0,0.0,0.0,0.0,-0.0,-0.0,0.0,0.0,0.0,24.578125,0.0,0.0,0.0,27.83203125,0.0,0.0,0.0,27.83203125,0.0,0.0,0.0,25.34375,0.0,0.0,27.2578125,0.0,5.5816192626953125
18.529,-0.0,0.0,0.0,0.0,0.0,-0.0,-0.0,0.0,0.0,0.0,24.9609375,0.0,0.0,0.0,27.83203125,0.0,0.0,0.0,28.21484375,0.0,0.0,0.0,24.38671875,0.0,0.0,26.68359375,0.0,5.5913848876953125
18.698,-0.0,0.0,0.0,0.0,0.0,-0.0,-0.0,0.0,0.0,0.0,24.1953125,0.0,0.0,0.0,27.44921875,0.0,0.0,0.0,28.21484375,0.0,0.0,0.0,24.76953125,0.0,0.0,26.68359375,0.0,5.5816192626953125
18.853,-0.0,0.0,0.0,0.0,0.0,-0.0,-0.0,0.0,0.0,0.0,24.76953125,0.0,0.0,0.0,27.83203125,0.0,0.0,0.0,27.83203125,0.0,0.0,0.0,25.53515625,0.0,0.0,26.68359375,0.0,5.5816192626953125
19.024,-0.0,0.0,0.0,0.0,0.0,-0.0,-0.0,0.0,0.0,0.0,25.15234375,0.0,0.0,0.0,27.640625,0.0,0.0,0.0,27.44921875,0.0,0.0,0.0,25.15234375,0.0,0.0,27.2578125,0.0,5.5816192626953125
19.208,-0.0,0.0,0.0,0.0,0.0,-0.0,-0.0,0.0,0.0,0.0,24.578125,0.0,0.0,0.0,28.59765625,0.0,0.0,0.0,28.0234375,0.0,0.0,0.0,25.34375,0.0,0.0,27.640625,0.0,5.5913848876953125
19.368,-0.0,0.0,0.0,0.0,0.0,-0.0,-0.0,0.0,0.0,0.0,24.9609375,0.0,0.0,0.0,27.640625,0.0,0.0,0.0,27.83203125,0.0,0.0,0.0,25.34375,0.0,0.0,26.4921875,0.0,5.5816192626953125
19.542,-0.0,0.0,0.0,0.0,0.0,-0.0,-0.0,0.0,0.0,0.0,25.15234375,0.0,0.0,0.0,27.44921875,0.0,0.0,0.0,28.0234375,0.0,0.0,0.0,24.76953125,0.0,0.0,26.875,0.0,5.5816192626953125
19.698,-0.0,0.0,0.0,0.0,0.0,-0.0,-0.0,0.0,0.0,0.0,24.1953125,0.0,0.0,0.0,27.640625,0.0,0.0,0.0,28.0234375,0.0,0.0,0.0,24.9609375,0.0,0.0,27.06640625,0.0,5.5913848876953125
19.859,-0.0,0.0,0.0,0.0,0.0,-0.0,-0.0,0.0,0.0,0.0,24.578125,0.0,0.0,0.0,28.40625,0.0,0.0,0.0,27.83203125,0.0,0.0,0.0,25.15234375,0.0,0.0,26.875,0.0,5.5816192626953125
20.018,-0.0,0.0,0.0,0.0,0.0,-0.0,-0.0,0.0,0.0,0.0,24.00390625,0.0,0.0,0.0,28.40625,0.0,0.0,0.0,28.21484375,0.0,0.0,0.0,25.53515625,0.0,0.0,26.68359375,0.0,5.5816192626953125
20.18,-0.0,0.0,0.0,0.0,0.0,-0.0,-0.0,0.0,0.0,0.0,24.76953125,0.0,0.0,0.0,28.0234375,0.0,0.0,0.0,27.83203125,0.0,0.0,0.0,25.34375,0.0,0.0,27.06640625,0.0,5.5816192626953125
20.344,-0.0,0.0,0.0,0.0,0.0,-0.0,-0.0,0.0,0.0,0.0,24.1953125,0.0,0.0,0.0,27.640625,0.0,0.0,0.0,28.0234375,0.0,0.0,0.0,24.76953125,0.0,0.0,26.30078125,0.0,5.5816192626953125
20.508,-0.0,0.0,0.0,0.0,0.0,-0.0,-0.0,0.0,0.0,0.0,25.15234375,0.0,0.0,0.0,28.21484375,0.0,0.0,0.0,28.0234375,0.0,0.0,0.0,24.9609375,0.0,0.0,26.68359375,0.0,5.5816192626953125
20.678,-0.0,0.0,0.0,0.0,0.0,-0.0,-0.0,0.0,0.0,0.0,24.38671875,0.0,0.0,0.0,26.68359375,0.0,0.0,0.0,28.0234375,0.0,0.0,0.0,25.34375,0.0,0.0,27.06640625,0.0,5.5913848876953125
20.845,-0.0,0.0,0.0,0.0,0.0,-0.0,-0.0,0.0,0.0,0.0,24.578125,0.0,0.0,0.0,28.0234375,0.0,0.0,0.0,28.21484375,0.0,0.0,0.0,25.7265625,0.0,0.0,26.30078125,0.0,5.5816192626953125
21.017,-0.0,0.0,0.0,0.0,0.0,-0.0,-0.0,0.0,0.0,0.0,23.8125,0.0,0.0,0.0,27.83203125,0.0,0.0,0.0,28.0234375,0.0,0.0,0.0,25.53515625,0.0,0.0,27.2578125,0.0,5.5816192626953125
21.181,-0.0,0.0,0.0,0.0,0.0,-0.0,-0.0,0.0,0.0,0.0,25.15234375,0.0,0.0,0.0,28.0234375,0.0,0.0,0.0,28.0234375,0.0,0.0,0.0,25.34375,0.0,0.0,26.875,0.0,5.5816192626953125
21.339,-0.0,0.0,0.0,0.0,0.0,-0.0,-0.0,0.0,0.0,0.0,23.4296875,0.0,0.0,0.0,27.83203125,0.0,0.0,0.0,27.83203125,0.0,0.0,0.0,25.34375,0.0,0.0,28.40625,0.0,5.5816192626953125
21.522,-0.0,0.0,0.0,0.0,0.0,-0.0,-0.0,0.0,0.0,0.0,24.1953125,0.0,0.0,0.0,28.21484375,0.0,0.0,0.0,27.44921875,0.0,0.0,0.0,25.34375,0.0,0.0,26.875,0.0,5.5816192626953125
21.678,-0.0,0.0,0.0,0.0,0.0,-0.0,-0.0,0.0,0.0,0.0,24.578125,0.0,0.0,0.0,26.875,0.0,0.0,0.0,27.83203125,0.0,0.0,0.0,25.34375,0.0,0.0,26.4921875,0.0,5.5816192626953125
21.838,-0.0,0.0,0.0,0.0,0.0,-0.0,-0.0,0.0,0.0,0.0,25.15234375,0.0,0.0,0.0,28.59765625,0.0,0.0,0.0,28.0234375,0.0,0.0,0.0,24.578125,0.0,0.0,27.2578125,0.0,5.5816192626953125
22.007,-0.0,0.0,0.0,0.0,0.0,-0.0,-0.0,0.0,0.0,0.0,24.9609375,0.0,0.0,0.0,27.2578125,0.0,0.0,0.0,27.83203125,0.0,0.0,0.0,25.53515625,0.0,0.0,27.06640625,0.0,5.57183837890625
22.179,-0.0,0.0,0.0,0.0,0.0,-0.0,-0.0,0.0,0.0,0.0,24.578125,0.0,0.0,0.0,27.640625,0.0,0.0,0.0,27.83203125,0.0,0.0,0.0,25.53515625,0.0,0.0,27.06640625,0.0,5.5913848876953125
22.348,-0.0,0.0,0.0,0.0,0.0,-0.0,-0.0,0.0,0.0,0.0,25.15234375,0.0,0.0,0.0,28.0234375,0.0,0.0,0.0,27.83203125,0.0,0.0,0.0,24.578125,0.0,0.0,26.875,0.0,5.5816192626953125
22.508,-0.0,0.0,0.0,0.0,0.0,-0.0,-0.0,0.0,0.0,0.0,24.1953125,0.0,0.0,0.0,28.0234375,0.0,0.0,0.0,28.21484375,0.0,0.0,0.0,25.34375,0.0,0.0,26.875,0.0,5.5816192626953125
22.669,-0.0,0.0,0.0,0.0,0.0,-0.0,-0.0,0.0,0.0,0.0,24.578125,0.0,0.0,0.0,27.44921875,0.0,0.0,0.0,27.83203125,0.0,0.0,0.0,25.53515625,0.0,0.0,27.44921875,0.0,5.5816192626953125
22.829,-0.0,0.0,0.0,0.0,0.0,-0.0,-0.0,0.0,0.0,0.0,25.34375,0.0,0.0,0.0,28.0234375,0.0,0.0,0.0,27.640625,0.0,0.0,0.0,25.53515625,0.0,0.0,26.4921875,0.0,5.57183837890625
22.98,-0.0,0.0,0.0,0.0,0.0,-0.0,-0.0,0.0,0.0,0.0,24.1953125,0.0,0.0,0.0,27.44921875,0.0,0.0,0.0,27.640625,0.0,0.0,0.0,24.578125,0.0,0.0,26.68359375,0.0,5.5816192626953125
23.129,-0.0,0.0,0.0,0.0,0.0,-0.0,-0.0,0.0,0.0,0.0,25.34375,0.0,0.0,0.0,27.44921875,0.0,0.0,0.0,28.21484375,0.0,0.0,0.0,24.9609375,0.0,0.0,27.2578125,0.0,5.57183837890625
23.298,-0.0,0.0,0.0,0.0,0.0,-0.0,-0.0,0.0,0.0,0.0,24.578125,0.0,0.0,0.0,28.0234375,0.0,0.0,0.0,27.44921875,0.0,0.0,0.0,25.15234375,0.0,0.0,26.875,0.0,5.5816192626953125
23.469,-0.0,0.0,0.0,0.0,0.0,-0.0,-0.0,0.0,0.0,0.0,24.9609375,0.0,0.0,0.0,27.640625,0.0,0.0,0.0,27.640625,0.0,0.0,0.0,25.15234375,0.0,0.0,27.2578125,0.0,5.57183837890625
23.628,-0.0,0.0,0.0,0.0,0.0,-0.0,-0.0,0.0,0.0,0.0,24.38671875,0.0,0.0,0.0,27.83203125,0.0,0.0,0.0,28.0234375,0.0,0.0,0.0,24.9609375,0.0,0.0,26.875,0.0,5.5816192626953125
23.78,-0.0,0.0,0.0,0.0,0.0,-0.0,-0.0,0.0,0.0,0.0,25.15234375,0.0,0.0,0.0,28.21484375,0.0,0.0,0.0,28.0234375,0.0,0.0,0.0,24.9609375,0.0,0.0,27.2578125,0.0,5.5816192626953125
23.932,-0.0,0.0,0.0,0.0,0.0,-0.0,-0.0,0.0,0.0,0.0,24.1953125,0.0,0.0,0.0,27.83203125,0.0,0.0,0.0,27.640625,0.0,0.0,0.0,25.53515625,0.0,0.0,26.875,0.0,5.5816192626953125
24.099,-0.0,0.0,0.0,0.0,0.0,-0.0,-0.0,0.0,0.0,0.0,24.38671875,0.0,0.0,0.0,28.0234375,0.0,0.0,0.0,27.83203125,0.0,0.0,0.0,25.34375,0.0,0.0,27.2578125,0.0,5.5816192626953125
24.26,-0.0,0.0,0.0,0.0,0.0,-0.0,-0.0,0.0,0.0,0.0,24.38671875,0.0,0.0,0.0,27.640625,0.0,0.0,0.0,28.0234375,0.0,0.0,0.0,24.76953125,0.0,0.0,26.875,0.0,5.5816192626953125
24.417,-0.0,0.0,0.0,0.0,0.0,-0.0,-0.0,0.0,0.0,0.0,24.38671875,0.0,0.0,0.0,28.21484375,0.0,0.0,0.0,27.640625,0.0,0.0,0.0,24.76953125,0.0,0.0,27.06640625,0.0,5.57183837890625
24.58,-0.0,0.0,0.0,0.0,0.0,-0.0,-0.0,0.0,0.0,0.0,24.76953125,0.0,0.0,0.0,27.83203125,0.0,0.0,0.0,28.40625,0.0,0.0,0.0,25.34375,0.0,0.0,27.2578125,0.0,5.57183837890625
24.74,-0.0,0.0,0.0,0.0,0.0,-0.0,-0.0,0.0,0.0,0.0,24.38671875,0.0,0.0,0.0,27.83203125,0.0,0.0,0.0,27.83203125,0.0,0.0,0.0,24.9609375,0.0,0.0,27.640625,0.0,5.5816192626953125
