Timestamp,Driver_Joy_Y,Driver_Joy_X,Driver_Joy_W,Mecanum_FL,Mecanum_BL,Mecanum_BR,Mecanum_FR,FL_Jag_Speed,FL_Out_Voltage,FL_Out_Current,FL_Temp,BL_Jag_Speed,BL_Out_Voltage,BL_Out_Current,BL_Temp,BR_Jag_Speed,BR_Out_Voltage,BR_Out_Current,BR_Temp,FR_Jag_Speed,FR_Out_Voltage,FR_Out_Current,FR_Temp,Pickup_Out_Voltage,Pickup_Out_Current,Pickup_Temp,SH1_Out_Voltage,SH1_Out_Current,SH1_Temp,SH2_Out_Voltage,SH2_Out_Current,SH2_Temp,SHmain_Speed,SHmain_Angle
0.0060,0.0078125,0.0,0.0,0.0,0.0,0.0,0.0,0.0,0.0,0.0,31.0859375,0.0,0.0,0.0,33.0,0.0,0.0,0.0,33.19140625,0.0,0.0,0.0,31.27734375,0.0,0.0,29.171875,0.0,5.601165771484375
0.184,0.0078125,0.0,0.0,0.0,0.0,-0.0,-0.0,0.0,0.0,0.0,30.89453125,0.0,0.0,0.0,33.3828125,0.0,0.0,0.0,33.3828125,0.0,0.0,0.0,31.27734375,0.0,0.0,29.5546875,0.0,5.5913848876953125
0.347,0.0078125,0.0,0.0,0.0,0.0,-0.0,-0.0,0.0,0.0,0.0,31.0859375,0.0,0.0,0.0,33.0,0.0,0.0,0.0,32.6171875,0.0,0.0,0.0,31.27734375,0.0,0.0,30.12890625,0.0,5.5913848876953125
0.506,0.0078125,0.0,0.0,0.0,0.0,-0.0,-0.0,0.0,0.0,0.0,29.74609375,0.0,0.0,0.0,33.57421875,0.0,0.0,0.0,33.0,0.0,0.0,0.0,31.27734375,0.0,0.0,29.5546875,0.0,5.5913848876953125
0.666,0.0078125,0.0,0.0,0.0,0.0,-0.0,-0.0,0.0,0.0,0.0,31.0859375,0.0,0.0,0.0,34.1484375,0.0,0.0,0.0,33.3828125,0.0,0.0,0.0,31.46875,0.0,0.0,29.9375,0.0,5.601165771484375
0.825,0.0078125,0.0,0.0,0.0,0.0,-0.0,-0.0,0.0,0.0,0.0,31.0859375,0.0,0.0,0.0,33.95703125,0.0,0.0,0.0,32.6171875,0.0,0.0,0.0,32.04296875,0.0,0.0,30.12890625,0.0,5.5913848876953125
0.994,0.0078125,0.0,0.0,0.0,0.0,-0.0,-0.0,0.0,0.0,0.0,30.89453125,0.0,0.0,0.0,33.57421875,0.0,0.0,0.0,32.80859375,0.0,0.0,0.0,31.27734375,0.0,0.0,29.9375,0.0,5.601165771484375
1.154,0.0078125,0.0,0.0,0.0,0.0,-0.0,-0.0,0.0,0.0,0.0,32.04296875,0.0,0.0,0.0,32.80859375,0.0,0.0,0.0,33.3828125,0.0,0.0,0.0,31.27734375,0.0,0.0,30.89453125,0.0,5.5816192626953125
1.33,0.0078125,0.0,0.0,0.0,0.0,-0.0,-0.0,0.0,0.0,0.0,31.46875,0.0,0.0,0.0,33.0,0.0,0.0,0.0,32.80859375,0.0,0.0,0.0,30.89453125,0.0,0.0,29.74609375,0.0,5.5913848876953125
1.493,0.0078125,0.0,0.0,0.0,0.0,-0.0,-0.0,0.0,0.0,0.0,31.46875,0.0,0.0,0.0,33.3828125,0.0,0.0,0.0,32.6171875,0.0,0.0,0.0,31.8515625,0.0,0.0,30.89453125,0.0,5.5913848876953125
1.646,0.0078125,0.0,0.0,0.0,0.0,-0.0,-0.0,0.0,0.0,0.0,31.0859375,0.0,0.0,0.0,33.3828125,0.0,0.0,0.0,33.0,0.0,0.0,0.0,31.66015625,0.0,0.0,30.12890625,0.0,5.5913848876953125
1.823,0.0078125,0.0,0.0,0.0,0.0,-0.0,-0.0,0.0,0.0,0.0,30.3203125,0.0,0.0,0.0,33.19140625,0.0,0.0,0.0,33.0,0.0,0.0,0.0,31.46875,0.0,0.0,30.12890625,0.0,5.5913848876953125
1.986,0.0078125,0.0,0.0,0.0,0.0,-0.0,-0.0,0.0,0.0,0.0,30.703125,0.0,0.0,0.0,32.6171875,0.0,0.0,0.0,33.57421875,0.0,0.0,0.0,31.27734375,0.0,0.0,29.9375,0.0,5.601165771484375
2.146,0.0078125,0.0,0.0,0.0,0.0,-0.0,-0.0,0.0,0.0,0.0,31.27734375,0.0,0.0,0.0,33.19140625,0.0,0.0,0.0,32.6171875,0.0,0.0,0.0,31.27734375,0.0,0.0,29.9375,0.0,5.601165771484375
2.303,0.0078125,0.0,0.0,0.0,0.0,-0.0,-0.0,0.0,0.0,0.0,30.89453125,0.0,0.0,0.0,33.57421875,0.0,0.0,0.0,33.0,0.0,0.0,0.0,31.66015625,0.0,0.0,30.51171875,0.0,5.5913848876953125
2.465,0.0078125,0.0,0.0,0.0,0.0,-0.0,-0.0,0.0,0.0,0.0,31.0859375,0.0,0.0,0.0,33.57421875,0.0,0.0,0.0,32.42578125,0.0,0.0,0.0,31.27734375,0.0,0.0,29.74609375,0.0,5.5913848876953125
2.627,0.0078125,0.0,0.0,0.0,0.0,-0.0,-0.0,0.0,0.0,0.0,31.27734375,0.0,0.0,0.0,33.19140625,0.0,0.0,0.0,33.19140625,0.0,0.0,0.0,31.46875,0.0,0.0,29.5546875,0.0,5.5913848876953125
2.787,0.0078125,0.0,0.0,0.0,0.0,-0.0,-0.0,0.0,0.0,0.0,31.0859375,0.0,0.0,0.0,33.0,0.0,0.0,0.0,33.0,0.0,0.0,0.0,31.27734375,0.0,0.0,29.171875,0.0,5.5913848876953125
2.946,0.0078125,0.0,0.0,0.0,0.0,-0.0,-0.0,0.0,0.0,0.0,30.703125,0.0,0.0,0.0,32.80859375,0.0,0.0,0.0,33.0,0.0,0.0,0.0,31.27734375,0.0,0.0,29.5546875,0.0,5.5913848876953125
3.113,0.0078125,0.0,0.0,0.0,0.0,-0.0,-0.0,0.0,0.0,0.0,31.46875,0.0,0.0,0.0,33.3828125,0.0,0.0,0.0,32.80859375,0.0,0.0,0.0,32.04296875,0.0,0.0,30.51171875,0.0,5.5913848876953125
3.274,0.0078125,0.0,0.0,0.0,0.0,-0.0,-0.0,0.0,0.0,0.0,31.46875,0.0,0.0,0.0,33.57421875,0.0,0.0,0.0,33.0,0.0,0.0,0.0,31.27734375,0.0,0.0,30.3203125,0.0,5.601165771484375
3.434,0.0078125,0.0,0.0,0.0,0.0,-0.0,-0.0,0.0,0.0,0.0,31.46875,0.0,0.0,0.0,32.80859375,0.0,0.0,0.0,33.0,0.0,0.0,0.0,31.27734375,0.0,0.0,30.703125,0.0,5.5913848876953125
3.604,0.0078125,0.0,0.0,0.0,0.0,-0.0,-0.0,0.0,0.0,0.0,30.703125,0.0,0.0,0.0,32.234375,0.0,0.0,0.0,32.80859375,0.0,0.0,0.0,31.27734375,0.0,0.0,30.3203125,0.0,5.5913848876953125
3.787,0.0078125,0.0,0.0,0.0,0.0,-0.0,-0.0,0.0,0.0,0.0,31.46875,0.0,0.0,0.0,33.19140625,0.0,0.0,0.0,33.3828125,0.0,0.0,0.0,31.46875,0.0,0.0,29.9375,0.0,5.5913848876953125
3.954,0.0078125,0.0,0.0,0.0,0.0,-0.0,-0.0,0.0,0.0,0.0,31.0859375,0.0,0.0,0.0,33.3828125,0.0,0.0,0.0,33.19140625,0.0,0.0,0.0,31.8515625,0.0,0.0,30.89453125,0.0,5.601165771484375
4.111,0.0078125,0.0,0.0,0.0,0.0,-0.0,-0.0,0.0,0.0,0.0,31.27734375,0.0,0.0,0.0,33.3828125,0.0,0.0,0.0,33.3828125,0.0,0.0,0.0,31.66015625,0.0,0.0,30.12890625,0.0,5.601165771484375
4.274,0.0078125,0.0,0.0,0.0,0.0,-0.0,-0.0,0.0,0.0,0.0,31.0859375,0.0,0.0,0.0,33.57421875,0.0,0.0,0.0,33.19140625,0.0,0.0,0.0,30.703125,0.0,0.0,30.3203125,0.0,5.5913848876953125
4.446,0.0078125,0.0,0.0,0.0,0.0,-0.0,-0.0,0.0,0.0,0.0,31.27734375,0.0,0.0,0.0,33.57421875,0.0,0.0,0.0,32.80859375,0.0,0.0,0.0,31.27734375,0.0,0.0,29.9375,0.0,5.601165771484375
4.606,0.0078125,0.0,0.0,0.0,0.0,-0.0,-0.0,0.0,0.0,0.0,31.27734375,0.0,0.0,0.0,33.19140625,0.0,0.0,0.0,33.19140625,0.0,0.0,0.0,31.27734375,0.0,0.0,29.74609375,0.0,5.5913848876953125
4.767,0.0078125,0.0,0.0,0.0,0.0,-0.0,-0.0,0.0,0.0,0.0,31.0859375,0.0,0.0,0.0,34.1484375,0.0,0.0,0.0,33.3828125,0.0,0.0,0.0,31.66015625,0.0,0.0,30.703125,0.0,5.5913848876953125
4.93,0.0078125,0.0,0.0,0.0,0.0,-0.0,-0.0,0.0,0.0,0.0,31.27734375,0.0,0.0,0.0,33.3828125,0.0,0.0,0.0,33.3828125,0.0,0.0,0.0,31.8515625,0.0,0.0,31.0859375,0.0,5.5913848876953125
5.093,0.0078125,0.0,0.0,0.0,0.0,-0.0,-0.0,0.0,0.0,0.0,30.89453125,0.0,0.0,0.0,33.57421875,0.0,0.0,0.0,33.3828125,0.0,0.0,0.0,31.66015625,0.0,0.0,29.9375,0.0,5.5913848876953125
5.265,0.0078125,0.0,0.0,0.0,0.0,-0.0,-0.0,0.0,0.0,0.0,30.89453125,0.0,0.0,0.0,33.765625,0.0,0.0,0.0,33.19140625,0.0,0.0,0.0,31.27734375,0.0,0.0,30.703125,0.0,5.5913848876953125
5.426,0.0078125,0.0,0.0,0.0,0.0,-0.0,-0.0,0.0,0.0,0.0,31.0859375,0.0,0.0,0.0,33.57421875,0.0,0.0,0.0,33.0,0.0,0.0,0.0,31.46875,0.0,0.0,29.74609375,0.0,5.5913848876953125
5.594,0.0078125,0.0,0.0,0.0,0.0,-0.0,-0.0,0.0,0.0,0.0,31.27734375,0.0,0.0,0.0,33.765625,0.0,0.0,0.0,33.19140625,0.0,0.0,0.0,31.46875,0.0,0.0,29.9375,0.0,5.601165771484375
5.776,0.0078125,0.0,0.0,0.0,0.0,-0.0,-0.0,0.0,0.0,0.0,31.46875,0.0,0.0,0.0,33.765625,0.0,0.0,0.0,33.19140625,0.0,0.0,0.0,30.703125,0.0,0.0,30.12890625,0.0,5.5913848876953125
5.934,0.0078125,0.0,0.0,0.0,0.0,-0.0,-0.0,0.0,0.0,0.0,31.46875,0.0,0.0,0.0,33.19140625,0.0,0.0,0.0,33.19140625,0.0,0.0,0.0,31.46875,0.0,0.0,30.3203125,0.0,5.601165771484375
6.093,0.0078125,0.0,0.0,0.0,0.0,-0.0,-0.0,0.0,0.0,0.0,31.0859375,0.0,0.0,0.0,33.57421875,0.0,0.0,0.0,33.3828125,0.0,0.0,0.0,31.8515625,0.0,0.0,30.3203125,0.0,5.601165771484375
6.264,0.0078125,0.0,0.0,0.0,0.0,-0.0,-0.0,0.0,0.0,0.0,30.51171875,0.0,0.0,0.0,33.3828125,0.0,0.0,0.0,33.3828125,0.0,0.0,0.0,31.46875,0.0,0.0,30.12890625,0.0,5.601165771484375
6.425,0.0078125,0.0,0.0,0.0,0.0,-0.0,-0.0,0.0,0.0,0.0,30.89453125,0.0,0.0,0.0,33.3828125,0.0,0.0,0.0,33.3828125,0.0,0.0,0.0,31.0859375,0.0,0.0,30.89453125,0.0,5.601165771484375
6.575,0.0078125,0.0,0.0,0.0,0.0,-0.0,-0.0,0.0,0.0,0.0,30.703125,0.0,0.0,0.0,33.57421875,0.0,0.0,0.0,33.19140625,0.0,0.0,0.0,31.46875,0.0,0.0,30.12890625,0.0,5.601165771484375
6.733,0.0078125,0.0,0.0,0.0,0.0,-0.0,-0.0,0.0,0.0,0.0,30.89453125,0.0,0.0,0.0,33.3828125,0.0,0.0,0.0,33.3828125,0.0,0.0,0.0,32.04296875,0.0,0.0,30.89453125,0.0,5.601165771484375
6.893,0.0078125,0.0,0.0,0.0,0.0,-0.0,-0.0,0.0,0.0,0.0,31.66015625,0.0,0.0,0.0,32.6171875,0.0,0.0,0.0,32.80859375,0.0,0.0,0.0,32.234375,0.0,0.0,29.74609375,0.0,5.601165771484375
7.064,0.0078125,0.0,0.0,0.0,0.0,-0.0,-0.0,0.0,0.0,0.0,31.0859375,0.0,0.0,0.0,32.6171875,0.0,0.0,0.0,33.0,0.0,0.0,0.0,31.27734375,0.0,0.0,29.36328125,0.0,5.601165771484375
7.232,0.0078125,0.0,0.0,0.0,0.0,-0.0,-0.0,0.0,0.0,0.0,31.66015625,0.0,0.0,0.0,33.765625,0.0,0.0,0.0,32.80859375,0.0,0.0,0.0,31.8515625,0.0,0.0,29.9375,0.0,5.601165771484375
7.404,0.0078125,0.0,0.0,0.0,0.0,-0.0,-0.0,0.0,0.0,0.0,31.46875,0.0,0.0,0.0,33.95703125,0.0,0.0,0.0,33.3828125,0.0,0.0,0.0,32.04296875,0.0,0.0,29.36328125,0.0,5.5913848876953125
7.57,0.0078125,0.0,0.0,0.0,0.0,-0.0,-0.0,0.0,0.0,0.0,31.66015625,0.0,0.0,0.0,33.3828125,0.0,0.0,0.0,33.0,0.0,0.0,0.0,31.46875,0.0,0.0,29.74609375,0.0,5.5913848876953125
7.746,0.0078125,0.0,0.0,0.0,0.0,-0.0,-0.0,0.0,0.0,0.0,31.46875,0.0,0.0,0.0,33.765625,0.0,0.0,0.0,32.80859375,0.0,0.0,0.0,31.66015625,0.0,0.0,29.36328125,0.0,5.601165771484375
7.906,0.0078125,0.0,0.0,0.0,0.0,-0.0,-0.0,0.0,0.0,0.0,31.46875,0.0,0.0,0.0,33.765625,0.0,0.0,0.0,33.0,0.0,0.0,0.0,32.42578125,0.0,0.0,30.51171875,0.0,5.6109466552734375
8.066,0.0078125,0.0,0.0,0.0,0.0,-0.0,-0.0,0.0,0.0,0.0,31.66015625,0.0,0.0,0.0,31.8515625,0.0,0.0,0.0,33.57421875,0.0,0.0,0.0,31.66015625,0.0,0.0,29.74609375,0.0,5.601165771484375
8.217,0.0078125,0.0,0.0,0.0,0.0,-0.0,-0.0,0.0,0.0,0.0,31.0859375,0.0,0.0,0.0,33.57421875,0.0,0.0,0.0,33.3828125,0.0,0.0,0.0,31.0859375,0.0,0.0,30.51171875,0.0,5.5913848876953125
8.394,0.0078125,0.0,0.0,0.0,0.0,-0.0,-0.0,0.0,0.0,0.0,31.8515625,0.0,0.0,0.0,33.0,0.0,0.0,0.0,33.19140625,0.0,0.0,0.0,31.27734375,0.0,0.0,30.51171875,0.0,5.5913848876953125
8.552,0.0078125,0.0,0.0,0.0,0.0,-0.0,-0.0,0.0,0.0,0.0,31.66015625,0.0,0.0,0.0,32.6171875,0.0,0.0,0.0,33.3828125,0.0,0.0,0.0,31.46875,0.0,0.0,29.36328125,0.0,5.5913848876953125
8.713,0.0078125,0.0,0.0,0.0,0.0,-0.0,-0.0,0.0,0.0,0.0,31.8515625,0.0,0.0,0.0,33.765625,0.0,0.0,0.0,33.19140625,0.0,0.0,0.0,32.42578125,0.0,0.0,29.9375,0.0,5.601165771484375
8.866,0.0078125,0.0,0.0,0.0,0.0,-0.0,-0.0,0.0,0.0,0.0,31.0859375,0.0,0.0,0.0,33.19140625,0.0,0.0,0.0,33.3828125,0.0,0.0,0.0,31.46875,0.0,0.0,29.5546875,0.0,5.601165771484375
9.029,0.0078125,0.0,0.0,0.0,0.0,-0.0,-0.0,0.0,0.0,0.0,31.0859375,0.0,0.0,0.0,33.3828125,0.0,0.0,0.0,33.3828125,0.0,0.0,0.0,31.27734375,0.0,0.0,29.9375,0.0,5.601165771484375
9.185,0.0078125,0.0,0.0,0.0,0.0,-0.0,-0.0,0.0,0.0,0.0,30.89453125,0.0,0.0,0.0,33.765625,0.0,0.0,0.0,33.0,0.0,0.0,0.0,31.46875,0.0,0.0,29.9375,0.0,5.601165771484375
9.347,0.0078125,0.0,0.0,0.0,0.0,-0.0,-0.0,0.0,0.0,0.0,31.27734375,0.0,0.0,0.0,33.3828125,0.0,0.0,0.0,32.80859375,0.0,0.0,0.0,31.46875,0.0,0.0,30.703125,0.0,5.5913848876953125
9.499,0.0078125,0.0,0.0,0.0,0.0,-0.0,-0.0,0.0,0.0,0.0,30.51171875,0.0,0.0,0.0,32.6171875,0.0,0.0,0.0,33.0,0.0,0.0,0.0,31.0859375,0.0,0.0,29.9375,0.0,5.5913848876953125
9.686,0.0078125,0.0,0.0,0.0,0.0,-0.0,-0.0,0.0,0.0,0.0,30.89453125,0.0,0.0,0.0,33.0,0.0,0.0,0.0,33.57421875,0.0,0.0,0.0,31.27734375,0.0,0.0,30.89453125,0.0,5.601165771484375
9.849,0.0078125,0.0,0.0,0.0,0.0,-0.0,-0.0,0.0,0.0,0.0,31.0859375,0.0,0.0,0.0,33.0,0.0,0.0,0.0,33.3828125,0.0,0.0,0.0,31.0859375,0.0,0.0,30.12890625,0.0,5.601165771484375
10.012,0.0078125,0.0,0.0,0.0,0.0,-0.0,-0.0,0.0,0.0,0.0,30.89453125,0.0,0.0,0.0,34.1484375,0.0,0.0,0.0,33.0,0.0,0.0,0.0,31.0859375,0.0,0.0,29.9375,0.0,5.5913848876953125
10.179,0.0078125,0.0,0.0,0.0,0.0,-0.0,-0.0,0.0,0.0,0.0,31.27734375,0.0,0.0,0.0,32.6171875,0.0,0.0,0.0,33.19140625,0.0,0.0,0.0,31.0859375,0.0,0.0,29.74609375,0.0,5.601165771484375
10.354,0.0078125,0.0,0.0,0.0,0.0,-0.0,-0.0,0.0,0.0,0.0,31.27734375,0.0,0.0,0.0,33.765625,0.0,0.0,0.0,33.3828125,0.0,0.0,0.0,31.0859375,0.0,0.0,29.74609375,0.0,5.601165771484375
10.523,0.0078125,0.0,0.0,0.0,0.0,-0.0,-0.0,0.0,0.0,0.0,31.66015625,0.0,0.0,0.0,33.3828125,0.0,0.0,0.0,33.3828125,0.0,0.0,0.0,32.234375,0.0,0.0,29.9375,0.0,5.5913848876953125
10.687,0.0078125,0.0,0.0,0.0,0.0,-0.0,-0.0,0.0,0.0,0.0,31.46875,0.0,0.0,0.0,33.765625,0.0,0.0,0.0,32.80859375,0.0,0.0,0.0,31.46875,0.0,0.0,29.171875,0.0,5.5913848876953125
10.854,0.0078125,0.0,0.0,0.0,0.0,-0.0,-0.0,0.0,0.0,0.0,30.89453125,0.0,0.0,0.0,32.80859375,0.0,0.0,0.0,33.19140625,0.0,0.0,0.0,31.8515625,0.0,0.0,31.27734375,0.0,5.5913848876953125
11.014,0.0078125,0.0,0.0,0.0,0.0,-0.0,-0.0,0.0,0.0,0.0,30.89453125,0.0,0.0,0.0,32.6171875,0.0,0.0,0.0,32.6171875,0.0,0.0,0.0,31.46875,0.0,0.0,30.3203125,0.0,5.601165771484375
11.173,0.0078125,0.0,0.0,0.0,0.0,-0.0,-0.0,0.0,0.0,0.0,31.8515625,0.0,0.0,0.0,33.57421875,0.0,0.0,0.0,32.80859375,0.0,0.0,0.0,31.46875,0.0,0.0,30.51171875,0.0,5.601165771484375
11.343,0.0078125,0.0,0.0,0.0,0.0,-0.0,-0.0,0.0,0.0,0.0,31.27734375,0.0,0.0,0.0,33.95703125,0.0,0.0,0.0,33.19140625,0.0,0.0,0.0,31.0859375,0.0,0.0,30.89453125,0.0,5.601165771484375
11.506,0.0078125,0.0,0.0,0.0,0.0,-0.0,-0.0,0.0,0.0,0.0,31.66015625,0.0,0.0,0.0,32.04296875,0.0,0.0,0.0,33.0,0.0,0.0,0.0,31.66015625,0.0,0.0,30.3203125,0.0,5.601165771484375
11.672,0.0078125,0.0,0.0,0.0,0.0,-0.0,-0.0,0.0,0.0,0.0,31.0859375,0.0,0.0,0.0,33.3828125,0.0,0.0,0.0,33.19140625,0.0,0.0,0.0,31.8515625,0.0,0.0,29.5546875,0.0,5.5913848876953125
11.834,0.0078125,0.0,0.0,0.0,0.0,-0.0,-0.0,0.0,0.0,0.0,31.8515625,0.0,0.0,0.0,33.19140625,0.0,0.0,0.0,33.0,0.0,0.0,0.0,31.46875,0.0,0.0,29.9375,0.0,5.5913848876953125
11.995,0.0078125,0.0,0.0,0.0,0.0,-0.0,-0.0,0.0,0.0,0.0,30.89453125,0.0,0.0,0.0,33.3828125,0.0,0.0,0.0,33.3828125,0.0,0.0,0.0,31.66015625,0.0,0.0,29.9375,0.0,5.601165771484375
12.152,0.0078125,0.0,0.0,0.0,0.0,-0.0,-0.0,0.0,0.0,0.0,31.46875,0.0,0.0,0.0,32.42578125,0.0,0.0,0.0,33.3828125,0.0,0.0,0.0,32.42578125,0.0,0.0,29.171875,0.0,5.5913848876953125
12.314,0.0078125,0.0,0.0,0.0,0.0,-0.0,-0.0,0.0,0.0,0.0,31.27734375,0.0,0.0,0.0,33.95703125,0.0,0.0,0.0,33.0,0.0,0.0,0.0,31.8515625,0.0,0.0,31.27734375,0.0,5.601165771484375
12.474,0.0078125,0.0,0.0,0.0,0.0,-0.0,-0.0,0.0,0.0,0.0,31.0859375,0.0,0.0,0.0,33.95703125,0.0,0.0,0.0,33.0,0.0,0.0,0.0,32.04296875,0.0,0.0,30.12890625,0.0,5.601165771484375
12.635,0.0078125,0.0,0.0,0.0,0.0,-0.0,-0.0,0.0,0.0,0.0,30.89453125,0.0,0.0,0.0,33.95703125,0.0,0.0,0.0,33.57421875,0.0,0.0,0.0,31.27734375,0.0,0.0,30.12890625,0.0,5.5913848876953125
12.805,0.0078125,0.0,0.0,0.0,0.0,-0.0,-0.0,0.0,0.0,0.0,31.27734375,0.0,0.0,0.0,33.19140625,0.0,0.0,0.0,32.80859375,0.0,0.0,0.0,31.27734375,0.0,0.0,30.89453125,0.0,5.601165771484375
12.966,0.0078125,0.0,0.0,0.0,0.0,-0.0,-0.0,0.0,0.0,0.0,31.27734375,0.0,0.0,0.0,32.80859375,0.0,0.0,0.0,33.0,0.0,0.0,0.0,31.66015625,0.0,0.0,30.51171875,0.0,5.601165771484375
13.134,0.0078125,0.0,0.0,0.0,0.0,-0.0,-0.0,0.0,0.0,0.0,31.0859375,0.0,0.0,0.0,33.19140625,0.0,0.0,0.0,32.42578125,0.0,0.0,0.0,31.27734375,0.0,0.0,29.5546875,0.0,5.601165771484375
13.293,0.0078125,0.0,0.0,0.0,0.0,-0.0,-0.0,0.0,0.0,0.0,31.8515625,0.0,0.0,0.0,32.80859375,0.0,0.0,0.0,33.3828125,0.0,0.0,0.0,31.27734375,0.0,0.0,29.9375,0.0,5.601165771484375
13.485,0.0078125,0.0,0.0,0.0,0.0,-0.0,-0.0,0.0,0.0,0.0,31.0859375,0.0,0.0,0.0,32.6171875,0.0,0.0,0.0,33.19140625,0.0,0.0,0.0,31.46875,0.0,0.0,30.3203125,0.0,5.601165771484375
13.645,0.0078125,0.0,0.0,0.0,0.0,-0.0,-0.0,0.0,0.0,0.0,31.27734375,0.0,0.0,0.0,33.19140625,0.0,0.0,0.0,33.19140625,0.0,0.0,0.0,31.0859375,0.0,0.0,30.703125,0.0,5.601165771484375
13.808,0.0078125,0.0,0.0,0.0,0.0,-0.0,-0.0,0.0,0.0,0.0,31.46875,0.0,0.0,0.0,33.57421875,0.0,0.0,0.0,32.6171875,0.0,0.0,0.0,31.46875,0.0,0.0,28.98046875,0.0,5.601165771484375
13.971,0.0078125,0.0,0.0,0.0,0.0,-0.0,-0.0,0.0,0.0,0.0,29.5546875,0.0,0.0,0.0,33.3828125,0.0,0.0,0.0,33.57421875,0.0,0.0,0.0,31.46875,0.0,0.0,29.74609375,0.0,5.601165771484375
14.133,0.0078125,0.0,0.0,0.0,0.0,-0.0,-0.0,0.0,0.0,0.0,32.42578125,0.0,0.0,0.0,33.57421875,0.0,0.0,0.0,33.3828125,0.0,0.0,0.0,31.66015625,0.0,0.0,30.12890625,0.0,5.601165771484375
14.304,0.0078125,0.0,0.0,0.0,0.0,-0.0,-0.0,0.0,0.0,0.0,29.36328125,0.0,0.0,0.0,33.0,0.0,0.0,0.0,33.57421875,0.0,0.0,0.0,31.66015625,0.0,0.0,30.51171875,0.0,5.601165771484375
14.465,0.0078125,0.0,0.0,0.0,0.0,-0.0,-0.0,0.0,0.0,0.0,30.703125,0.0,0.0,0.0,33.3828125,0.0,0.0,0.0,33.3828125,0.0,0.0,0.0,31.46875,0.0,0.0,30.12890625,0.0,5.5913848876953125
14.625,0.0078125,0.0,0.0,0.0,0.0,-0.0,-0.0,0.0,0.0,0.0,30.703125,0.0,0.0,0.0,33.3828125,0.0,0.0,0.0,33.57421875,0.0,0.0,0.0,31.46875,0.0,0.0,29.9375,0.0,5.5913848876953125
14.791,0.0078125,0.0,0.0,0.0,0.0,-0.0,-0.0,0.0,0.0,0.0,31.27734375,0.0,0.0,0.0,32.6171875,0.0,0.0,0.0,33.3828125,0.0,0.0,0.0,31.8515625,0.0,0.0,31.0859375,0.0,5.601165771484375
14.954,0.0078125,0.0,0.0,0.0,0.0,-0.0,-0.0,0.0,0.0,0.0,31.46875,0.0,0.0,0.0,33.57421875,0.0,0.0,0.0,33.19140625,0.0,0.0,0.0,31.66015625,0.0,0.0,29.9375,0.0,5.601165771484375
15.124,0.0078125,0.0,0.0,0.0,0.0,-0.0,-0.0,0.0,0.0,0.0,31.27734375,0.0,0.0,0.0,33.95703125,0.0,0.0,0.0,33.0,0.0,0.0,0.0,31.46875,0.0,0.0,30.51171875,0.0,5.601165771484375
15.285,0.0078125,0.0,0.0,0.0,0.0,-0.0,-0.0,0.0,0.0,0.0,31.46875,0.0,0.0,0.0,33.95703125,0.0,0.0,0.0,32.42578125,0.0,0.0,0.0,31.27734375,0.0,0.0,29.9375,0.0,5.601165771484375
15.452,0.0078125,0.0,0.0,0.0,0.0,-0.0,-0.0,0.0,0.0,0.0,31.0859375,0.0,0.0,0.0,33.19140625,0.0,0.0,0.0,33.0,0.0,0.0,0.0,31.8515625,0.0,0.0,30.89453125,0.0,5.5913848876953125
15.624,0.0078125,0.0,0.0,0.0,0.0,-0.0,-0.0,0.0,0.0,0.0,31.27734375,0.0,0.0,0.0,33.57421875,0.0,0.0,0.0,33.57421875,0.0,0.0,0.0,31.27734375,0.0,0.0,30.703125,0.0,5.601165771484375
15.787,0.0078125,0.0,0.0,0.0,0.0,-0.0,-0.0,0.0,0.0,0.0,31.27734375,0.0,0.0,0.0,33.19140625,0.0,0.0,0.0,33.19140625,0.0,0.0,0.0,31.27734375,0.0,0.0,30.51171875,0.0,5.5913848876953125
15.945,0.0078125,0.0,0.0,0.0,0.0,-0.0,-0.0,0.0,0.0,0.0,30.89453125,0.0,0.0,0.0,33.3828125,0.0,0.0,0.0,33.19140625,0.0,0.0,0.0,31.8515625,0.0,0.0,30.3203125,0.0,5.5913848876953125
16.106,0.0078125,0.0,0.0,0.0,0.0,-0.0,-0.0,0.0,0.0,0.0,31.0859375,0.0,0.0,0.0,33.3828125,0.0,0.0,0.0,33.3828125,0.0,0.0,0.0,31.0859375,0.0,0.0,30.703125,0.0,5.601165771484375
16.265,0.0078125,0.0,0.0,0.0,0.0,-0.0,-0.0,0.0,0.0,0.0,31.27734375,0.0,0.0,0.0,33.765625,0.0,0.0,0.0,32.80859375,0.0,0.0,0.0,31.8515625,0.0,0.0,30.3203125,0.0,5.601165771484375
16.503,0.0078125,0.0,0.0,0.0,0.0,-0.0,-0.0,0.0,0.0,0.0,31.0859375,0.0,0.0,0.0,32.80859375,0.0,0.0,0.0,33.19140625,0.0,0.0,0.0,31.46875,0.0,0.0,30.3203125,0.0,5.601165771484375
16.664,0.0078125,0.0,0.0,0.0,0.0,-0.0,-0.0,0.0,0.0,0.0,31.46875,0.0,0.0,0.0,33.19140625,0.0,0.0,0.0,33.57421875,0.0,0.0,0.0,31.8515625,0.0,0.0,29.9375,0.0,5.601165771484375
16.823,0.0078125,0.0,0.0,0.0,0.0,-0.0,-0.0,0.0,0.0,0.0,31.0859375,0.0,0.0,0.0,33.765625,0.0,0.0,0.0,33.57421875,0.0,0.0,0.0,31.66015625,0.0,0.0,29.9375,0.0,5.601165771484375
16.986,0.0078125,0.0,0.0,0.0,0.0,-0.0,-0.0,0.0,0.0,0.0,30.703125,0.0,0.0,0.0,33.765625,0.0,0.0,0.0,32.80859375,0.0,0.0,0.0,31.0859375,0.0,0.0,30.51171875,0.0,5.601165771484375
17.139,0.0078125,0.0,0.0,0.0,0.0,-0.0,-0.0,0.0,0.0,0.0,33.19140625,0.0,0.0,0.0,33.57421875,0.0,0.0,0.0,33.19140625,0.0,0.0,0.0,31.27734375,0.0,0.0,30.51171875,0.0,5.5913848876953125
17.304,0.0078125,0.0,0.0,0.0,0.0,-0.0,-0.0,0.0,0.0,0.0,31.46875,0.0,0.0,0.0,33.3828125,0.0,0.0,0.0,33.0,0.0,0.0,0.0,31.0859375,0.0,0.0,32.04296875,0.0,5.601165771484375
17.487,0.0078125,0.0,0.0,0.0,0.0,-0.0,-0.0,0.0,0.0,0.0,31.46875,0.0,0.0,0.0,33.57421875,0.0,0.0,0.0,33.19140625,0.0,0.0,0.0,31.8515625,0.0,0.0,30.89453125,0.0,5.601165771484375
17.652,0.0078125,0.0,0.0,0.0,0.0,-0.0,-0.0,0.0,0.0,0.0,30.3203125,0.0,0.0,0.0,33.3828125,0.0,0.0,0.0,33.19140625,0.0,0.0,0.0,31.66015625,0.0,0.0,30.703125,0.0,5.5913848876953125
17.824,0.0078125,0.0,0.0,0.0,0.0,-0.0,-0.0,0.0,0.0,0.0,31.27734375,0.0,0.0,0.0,33.57421875,0.0,0.0,0.0,33.3828125,0.0,0.0,0.0,31.0859375,0.0,0.0,30.51171875,0.0,5.601165771484375
17.984,0.0078125,0.0,0.0,0.0,0.0,-0.0,-0.0,0.0,0.0,0.0,31.46875,0.0,0.0,0.0,33.765625,0.0,0.0,0.0,33.0,0.0,0.0,0.0,31.66015625,0.0,0.0,29.74609375,0.0,5.601165771484375
18.146,0.0078125,0.0,0.0,0.0,0.0,-0.0,-0.0,0.0,0.0,0.0,30.89453125,0.0,0.0,0.0,33.765625,0.0,0.0,0.0,33.19140625,0.0,0.0,0.0,31.66015625,0.0,0.0,29.74609375,0.0,5.601165771484375
18.311,0.0078125,0.0,0.0,0.0,0.0,-0.0,-0.0,0.0,0.0,0.0,31.27734375,0.0,0.0,0.0,33.57421875,0.0,0.0,0.0,33.3828125,0.0,0.0,0.0,31.0859375,0.0,0.0,28.59765625,0.0,5.601165771484375
18.472,0.0078125,0.0,0.0,0.0,0.0,-0.0,-0.0,0.0,0.0,0.0,32.04296875,0.0,0.0,0.0,32.6171875,0.0,0.0,0.0,33.3828125,0.0,0.0,0.0,31.8515625,0.0,0.0,29.5546875,0.0,5.601165771484375
18.626,0.0078125,0.0,0.0,0.0,0.0,-0.0,-0.0,0.0,0.0,0.0,30.3203125,0.0,0.0,0.0,33.95703125,0.0,0.0,0.0,33.3828125,0.0,0.0,0.0,31.27734375,0.0,0.0,30.51171875,0.0,5.601165771484375
18.791,0.0078125,0.0,0.0,0.0,0.0,-0.0,-0.0,0.0,0.0,0.0,30.89453125,0.0,0.0,0.0,33.3828125,0.0,0.0,0.0,33.57421875,0.0,0.0,0.0,30.703125,0.0,0.0,30.3203125,0.0,5.5913848876953125
18.954,0.0078125,0.0,0.0,0.0,0.0,-0.0,-0.0,0.0,0.0,0.0,31.0859375,0.0,0.0,0.0,33.57421875,0.0,0.0,0.0,33.19140625,0.0,0.0,0.0,31.66015625,0.0,0.0,30.12890625,0.0,5.6109466552734375
19.124,0.0078125,0.0,0.0,0.0,0.0,-0.0,-0.0,0.0,0.0,0.0,31.46875,0.0,0.0,0.0,33.57421875,0.0,0.0,0.0,33.57421875,0.0,0.0,0.0,31.0859375,0.0,0.0,30.3203125,0.0,5.5816192626953125
19.285,0.0078125,0.0,0.0,0.0,0.0,-0.0,-0.0,0.0,0.0,0.0,30.89453125,0.0,0.0,0.0,33.57421875,0.0,0.0,0.0,33.19140625,0.0,0.0,0.0,31.46875,0.0,0.0,28.59765625,0.0,5.601165771484375
19.466,0.0078125,0.0,0.0,0.0,0.0,-0.0,-0.0,0.0,0.0,0.0,30.89453125,0.0,0.0,0.0,33.19140625,0.0,0.0,0.0,32.42578125,0.0,0.0,0.0,31.66015625,0.0,0.0,30.3203125,0.0,5.601165771484375
19.672,0.0078125,0.0,0.0,0.0,0.0,-0.0,-0.0,0.0,0.0,0.0,31.46875,0.0,0.0,0.0,33.19140625,0.0,0.0,0.0,33.57421875,0.0,0.0,0.0,31.8515625,0.0,0.0,30.703125,0.0,5.601165771484375
19.833,0.0078125,0.0,0.0,0.0,0.0,-0.0,-0.0,0.0,0.0,0.0,30.89453125,0.0,0.0,0.0,32.80859375,0.0,0.0,0.0,33.3828125,0.0,0.0,0.0,31.27734375,0.0,0.0,29.5546875,0.0,5.601165771484375
19.994,0.0078125,0.0,0.0,0.0,0.0,-0.0,-0.0,0.0,0.0,0.0,31.27734375,0.0,0.0,0.0,33.19140625,0.0,0.0,0.0,33.0,0.0,0.0,0.0,31.8515625,0.0,0.0,30.51171875,0.0,5.5913848876953125
20.163,0.0078125,0.0,0.0,0.0,0.0,-0.0,-0.0,0.0,0.0,0.0,31.27734375,0.0,0.0,0.0,33.57421875,0.0,0.0,0.0,33.57421875,0.0,0.0,0.0,31.46875,0.0,0.0,30.3203125,0.0,5.601165771484375
20.326,0.0078125,0.0,0.0,0.0,0.0,-0.0,-0.0,0.0,0.0,0.0,31.46875,0.0,0.0,0.0,32.80859375,0.0,0.0,0.0,33.19140625,0.0,0.0,0.0,32.04296875,0.0,0.0,30.3203125,0.0,5.5913848876953125
20.485,0.0078125,0.0,0.0,0.0,0.0,-0.0,-0.0,0.0,0.0,0.0,30.89453125,0.0,0.0,0.0,33.3828125,0.0,0.0,0.0,33.19140625,0.0,0.0,0.0,31.27734375,0.0,0.0,31.27734375,0.0,5.601165771484375
20.647,0.0078125,0.0,0.0,0.0,0.0,-0.0,-0.0,0.0,0.0,0.0,32.234375,0.0,0.0,0.0,33.19140625,0.0,0.0,0.0,33.3828125,0.0,0.0,0.0,31.46875,0.0,0.0,30.51171875,0.0,5.5913848876953125
20.805,0.0078125,0.0,0.0,0.0,0.0,-0.0,-0.0,0.0,0.0,0.0,31.0859375,0.0,0.0,0.0,33.3828125,0.0,0.0,0.0,32.80859375,0.0,0.0,0.0,31.46875,0.0,0.0,29.9375,0.0,5.5913848876953125
20.972,0.0078125,0.0,0.0,0.0,0.0,-0.0,-0.0,0.0,0.0,0.0,31.8515625,0.0,0.0,0.0,33.3828125,0.0,0.0,0.0,33.0,0.0,0.0,0.0,31.0859375,0.0,0.0,29.5546875,0.0,5.601165771484375
21.131,0.0078125,0.0,0.0,0.0,0.0,-0.0,-0.0,0.0,0.0,0.0,31.0859375,0.0,0.0,0.0,33.19140625,0.0,0.0,0.0,33.3828125,0.0,0.0,0.0,31.66015625,0.0,0.0,30.51171875,0.0,5.601165771484375
21.312,0.0078125,0.0,0.0,0.0,0.0,-0.0,-0.0,0.0,0.0,0.0,31.0859375,0.0,0.0,0.0,34.1484375,0.0,0.0,0.0,33.3828125,0.0,0.0,0.0,31.46875,0.0,0.0,30.89453125,0.0,5.5913848876953125
21.483,0.0078125,0.0,0.0,0.0,0.0,-0.0,-0.0,0.0,0.0,0.0,30.89453125,0.0,0.0,0.0,33.765625,0.0,0.0,0.0,33.19140625,0.0,0.0,0.0,31.8515625,0.0,0.0,30.3203125,0.0,5.5913848876953125
21.645,0.0078125,0.0,0.0,0.0,0.0,-0.0,-0.0,0.0,0.0,0.0,31.27734375,0.0,0.0,0.0,33.0,0.0,0.0,0.0,33.3828125,0.0,0.0,0.0,31.46875,0.0,0.0,30.12890625,0.0,5.601165771484375
21.805,0.0078125,0.0,0.0,0.0,0.0,-0.0,-0.0,0.0,0.0,0.0,31.46875,0.0,0.0,0.0,33.57421875,0.0,0.0,0.0,33.0,0.0,0.0,0.0,31.0859375,0.0,0.0,28.7890625,0.0,5.601165771484375
21.966,0.0078125,0.0,0.0,0.0,0.0,-0.0,-0.0,0.0,0.0,0.0,31.0859375,0.0,0.0,0.0,33.19140625,0.0,0.0,0.0,33.57421875,0.0,0.0,0.0,32.04296875,0.0,0.0,29.5546875,0.0,5.601165771484375
22.125,0.0078125,0.0,0.0,0.0,0.0,-0.0,-0.0,0.0,0.0,0.0,31.27734375,0.0,0.0,0.0,33.57421875,0.0,0.0,0.0,33.0,0.0,0.0,0.0,31.8515625,0.0,0.0,29.9375,0.0,5.601165771484375
22.284,0.0078125,0.0,0.0,0.0,0.0,-0.0,-0.0,0.0,0.0,0.0,31.46875,0.0,0.0,0.0,33.19140625,0.0,0.0,0.0,33.0,0.0,0.0,0.0,31.46875,0.0,0.0,30.89453125,0.0,5.601165771484375
22.445,0.0078125,0.0,0.0,0.0,0.0,-0.0,-0.0,0.0,0.0,0.0,31.0859375,0.0,0.0,0.0,33.57421875,0.0,0.0,0.0,32.80859375,0.0,0.0,0.0,30.703125,0.0,0.0,29.9375,0.0,5.601165771484375
22.625,0.0078125,0.0,0.0,0.0,0.0,-0.0,-0.0,0.0,0.0,0.0,31.27734375,0.0,0.0,0.0,33.3828125,0.0,0.0,0.0,33.19140625,0.0,0.0,0.0,31.46875,0.0,0.0,29.5546875,0.0,5.601165771484375
22.786,0.0078125,0.0,0.0,0.0,0.0,-0.0,-0.0,0.0,0.0,0.0,29.74609375,0.0,0.0,0.0,33.57421875,0.0,0.0,0.0,33.3828125,0.0,0.0,0.0,31.27734375,0.0,0.0,30.51171875,0.0,5.5913848876953125
22.945,0.0078125,0.0,0.0,0.0,0.0,-0.0,-0.0,0.0,0.0,0.0,31.0859375,0.0,0.0,0.0,33.3828125,0.0,0.0,0.0,33.19140625,0.0,0.0,0.0,31.0859375,0.0,0.0,30.89453125,0.0,5.601165771484375
23.111,0.0078125,0.0,0.0,0.0,0.0,-0.0,-0.0,0.0,0.0,0.0,31.8515625,0.0,0.0,0.0,32.234375,0.0,0.0,0.0,33.3828125,0.0,0.0,0.0,31.66015625,0.0,0.0,30.12890625,0.0,5.601165771484375
23.273,0.0078125,0.0,0.0,0.0,0.0,-0.0,-0.0,0.0,0.0,0.0,30.703125,0.0,0.0,0.0,32.80859375,0.0,0.0,0.0,33.3828125,0.0,0.0,0.0,32.234375,0.0,0.0,29.74609375,0.0,5.601165771484375
23.445,0.0078125,0.0,0.0,0.0,0.0,-0.0,-0.0,0.0,0.0,0.0,31.0859375,0.0,0.0,0.0,32.6171875,0.0,0.0,0.0,33.57421875,0.0,0.0,0.0,31.66015625,0.0,0.0,30.3203125,0.0,5.5913848876953125
23.614,0.0078125,0.0,0.0,0.0,0.0,-0.0,-0.0,0.0,0.0,0.0,31.27734375,0.0,0.0,0.0,33.765625,0.0,0.0,0.0,33.57421875,0.0,0.0,0.0,32.234375,0.0,0.0,29.9375,0.0,5.601165771484375
23.785,0.0078125,0.0,0.0,0.0,0.0,-0.0,-0.0,0.0,0.0,0.0,31.8515625,0.0,0.0,0.0,33.57421875,0.0,0.0,0.0,33.0,0.0,0.0,0.0,31.8515625,0.0,0.0,30.51171875,0.0,5.5913848876953125
23.951,0.0078125,0.0,0.0,0.0,0.0,-0.0,-0.0,0.0,0.0,0.0,30.89453125,0.0,0.0,0.0,33.57421875,0.0,0.0,0.0,33.3828125,0.0,0.0,0.0,31.8515625,0.0,0.0,30.12890625,0.0,5.601165771484375
24.107,0.0078125,0.0,0.0,0.0,0.0,-0.0,-0.0,0.0,0.0,0.0,31.27734375,0.0,0.0,0.0,33.3828125,0.0,0.0,0.0,33.765625,0.0,0.0,0.0,31.27734375,0.0,0.0,29.36328125,0.0,5.601165771484375
24.274,0.0078125,0.0,0.0,0.0,0.0,-0.0,-0.0,0.0,0.0,0.0,31.46875,0.0,0.0,0.0,34.72265625,0.0,0.0,0.0,33.19140625,0.0,0.0,0.0,32.04296875,0.0,0.0,30.51171875,0.0,5.601165771484375
24.446,0.0078125,0.0,0.0,0.0,0.0,-0.0,-0.0,0.0,0.0,0.0,31.0859375,0.0,0.0,0.0,33.3828125,0.0,0.0,0.0,33.57421875,0.0,0.0,0.0,31.66015625,0.0,0.0,32.234375,0.0,5.5913848876953125
24.607,0.0078125,0.0,0.0,0.0,0.0,-0.0,-0.0,0.0,0.0,0.0,31.66015625,0.0,0.0,0.0,33.57421875,0.0,0.0,0.0,33.3828125,0.0,0.0,0.0,31.46875,0.0,0.0,30.3203125,0.0,5.5913848876953125
24.766,0.0078125,0.0,0.0,0.0,0.0,-0.0,-0.0,0.0,0.0,0.0,31.46875,0.0,0.0,0.0,33.0,0.0,0.0,0.0,32.80859375,0.0,0.0,0.0,31.66015625,0.0,0.0,29.74609375,0.0,5.601165771484375
24.926,0.0078125,0.0,0.0,0.0,0.0,-0.0,-0.0,0.0,0.0,0.0,30.51171875,0.0,0.0,0.0,33.19140625,0.0,0.0,0.0,33.3828125,0.0,0.0,0.0,30.89453125,0.0,0.0,28.21484375,0.0,5.601165771484375
25.092,0.0078125,0.0,0.0,0.0,0.0,-0.0,-0.0,0.0,0.0,0.0,29.5546875,0.0,0.0,0.0,33.0,0.0,0.0,0.0,33.3828125,0.0,0.0,0.0,31.8515625,0.0,0.0,29.5546875,0.0,5.5913848876953125
25.274,0.0078125,0.0,0.0,0.0,0.0,-0.0,-0.0,0.0,0.0,0.0,31.8515625,0.0,0.0,0.0,33.19140625,0.0,0.0,0.0,33.3828125,0.0,0.0,0.0,31.46875,0.0,0.0,30.12890625,0.0,5.601165771484375
25.433,0.0078125,0.0,0.0,0.0,0.0,-0.0,-0.0,0.0,0.0,0.0,31.66015625,0.0,0.0,0.0,33.57421875,0.0,0.0,0.0,33.19140625,0.0,0.0,0.0,32.04296875,0.0,0.0,30.12890625,0.0,5.5913848876953125
25.594,0.0078125,0.0,0.0,0.0,0.0,-0.0,-0.0,0.0,0.0,0.0,30.51171875,0.0,0.0,0.0,33.19140625,0.0,0.0,0.0,33.19140625,0.0,0.0,0.0,31.27734375,0.0,0.0,29.5546875,0.0,5.601165771484375
25.772,0.0078125,0.0,0.0,0.0,0.0,-0.0,-0.0,0.0,0.0,0.0,31.27734375,0.0,0.0,0.0,32.234375,0.0,0.0,0.0,33.765625,0.0,0.0,0.0,32.04296875,0.0,0.0,29.9375,0.0,5.601165771484375
25.926,0.0078125,0.0,0.0,0.0,0.0,-0.0,-0.0,0.0,0.0,0.0,30.89453125,0.0,0.0,0.0,33.3828125,0.0,0.0,0.0,33.57421875,0.0,0.0,0.0,31.8515625,0.0,0.0,30.703125,0.0,5.5913848876953125
26.104,0.0078125,0.0,0.0,0.0,0.0,-0.0,-0.0,0.0,0.0,0.0,31.46875,0.0,0.0,0.0,33.57421875,0.0,0.0,0.0,33.0,0.0,0.0,0.0,31.46875,0.0,0.0,29.9375,0.0,5.5913848876953125
26.266,0.0078125,0.0,0.0,0.0,0.0,-0.0,-0.0,0.0,0.0,0.0,31.0859375,0.0,0.0,0.0,33.3828125,0.0,0.0,0.0,33.19140625,0.0,0.0,0.0,31.27734375,0.0,0.0,31.0859375,0.0,5.601165771484375
26.424,0.0078125,0.0,0.0,0.0,0.0,-0.0,-0.0,0.0,0.0,0.0,31.27734375,0.0,0.0,0.0,33.57421875,0.0,0.0,0.0,33.3828125,0.0,0.0,0.0,31.66015625,0.0,0.0,30.12890625,0.0,5.5913848876953125
26.59,0.0078125,0.0,0.0,0.0,0.0,-0.0,-0.0,0.0,0.0,0.0,30.89453125,0.0,0.0,0.0,33.0,0.0,0.0,0.0,33.57421875,0.0,0.0,0.0,32.234375,0.0,0.0,30.51171875,0.0,5.5913848876953125
26.763,0.0078125,0.0,0.0,0.0,0.0,-0.0,-0.0,0.0,0.0,0.0,31.27734375,0.0,0.0,0.0,33.765625,0.0,0.0,0.0,33.3828125,0.0,0.0,0.0,31.46875,0.0,0.0,29.9375,0.0,5.5913848876953125
26.925,0.0078125,0.0,0.0,0.0,0.0,-0.0,-0.0,0.0,0.0,0.0,30.89453125,0.0,0.0,0.0,33.0,0.0,0.0,0.0,33.19140625,0.0,0.0,0.0,31.8515625,0.0,0.0,30.12890625,0.0,5.5913848876953125
27.085,0.0078125,0.0,0.0,0.0,0.0,-0.0,-0.0,0.0,0.0,0.0,31.66015625,0.0,0.0,0.0,33.0,0.0,0.0,0.0,33.57421875,0.0,0.0,0.0,32.04296875,0.0,0.0,29.9375,0.0,5.601165771484375
27.267,0.0078125,0.0,0.0,0.0,0.0,-0.0,-0.0,0.0,0.0,0.0,30.703125,0.0,0.0,0.0,33.765625,0.0,0.0,0.0,32.80859375,0.0,0.0,0.0,31.66015625,0.0,0.0,29.9375,0.0,5.601165771484375
27.424,0.0078125,0.0,0.0,0.0,0.0,-0.0,-0.0,0.0,0.0,0.0,31.46875,0.0,0.0,0.0,33.765625,0.0,0.0,0.0,33.0,0.0,0.0,0.0,31.8515625,0.0,0.0,30.51171875,0.0,5.601165771484375
27.587,0.0078125,0.0,0.0,0.0,0.0,-0.0,-0.0,0.0,0.0,0.0,31.27734375,0.0,0.0,0.0,33.765625,0.0,0.0,0.0,33.3828125,0.0,0.0,0.0,32.04296875,0.0,0.0,30.3203125,0.0,5.601165771484375
27.754,0.0078125,0.0,0.0,0.0,0.0,-0.0,-0.0,0.0,0.0,0.0,31.27734375,0.0,0.0,0.0,33.765625,0.0,0.0,0.0,33.19140625,0.0,0.0,0.0,31.27734375,0.0,0.0,30.51171875,0.0,5.601165771484375
27.926,0.0078125,0.0,0.0,0.0,0.0,-0.0,-0.0,0.0,0.0,0.0,31.0859375,0.0,0.0,0.0,33.3828125,0.0,0.0,0.0,33.57421875,0.0,0.0,0.0,31.27734375,0.0,0.0,30.51171875,0.0,5.601165771484375
28.086,0.0078125,0.0,0.0,0.0,0.0,-0.0,-0.0,0.0,0.0,0.0,31.0859375,0.0,0.0,0.0,33.765625,0.0,0.0,0.0,33.3828125,0.0,0.0,0.0,31.46875,0.0,0.0,31.0859375,0.0,5.601165771484375
28.25,0.0078125,0.0,0.0,0.0,0.0,-0.0,-0.0,0.0,0.0,0.0,30.89453125,0.0,0.0,0.0,33.3828125,0.0,0.0,0.0,33.765625,0.0,0.0,0.0,31.27734375,0.0,0.0,30.89453125,0.0,5.5816192626953125
28.414,0.0078125,0.0,0.0,0.0,0.0,-0.0,-0.0,0.0,0.0,0.0,30.703125,0.0,0.0,0.0,33.765625,0.0,0.0,0.0,33.3828125,0.0,0.0,0.0,32.234375,0.0,0.0,30.12890625,0.0,5.5913848876953125
28.574,0.0078125,0.0,0.0,0.0,0.0,-0.0,-0.0,0.0,0.0,0.0,31.0859375,0.0,0.0,0.0,33.3828125,0.0,0.0,0.0,32.80859375,0.0,0.0,0.0,32.234375,0.0,0.0,30.89453125,0.0,5.5816192626953125
28.765,0.0078125,0.0,0.0,0.0,0.0,-0.0,-0.0,0.0,0.0,0.0,31.27734375,0.0,0.0,0.0,33.57421875,0.0,0.0,0.0,33.0,0.0,0.0,0.0,30.89453125,0.0,0.0,30.51171875,0.0,5.5913848876953125
28.927,0.0078125,0.0,0.0,0.0,0.0,-0.0,-0.0,0.0,0.0,0.0,31.46875,0.0,0.0,0.0,33.0,0.0,0.0,0.0,33.19140625,0.0,0.0,0.0,31.46875,0.0,0.0,30.703125,0.0,5.601165771484375
29.093,0.0078125,0.0,0.0,0.0,0.0,-0.0,-0.0,0.0,0.0,0.0,31.27734375,0.0,0.0,0.0,33.0,0.0,0.0,0.0,33.19140625,0.0,0.0,0.0,31.46875,0.0,0.0,29.171875,0.0,5.5913848876953125
29.254,0.0078125,0.0,0.0,0.0,0.0,-0.0,-0.0,0.0,0.0,0.0,31.46875,0.0,0.0,0.0,33.3828125,0.0,0.0,0.0,33.3828125,0.0,0.0,0.0,31.8515625,0.0,0.0,30.12890625,0.0,5.601165771484375
29.413,0.0078125,0.0,0.0,0.0,0.0,-0.0,-0.0,0.0,0.0,0.0,31.27734375,0.0,0.0,0.0,32.42578125,0.0,0.0,0.0,33.0,0.0,0.0,0.0,31.66015625,0.0,0.0,29.9375,0.0,5.601165771484375
29.568,0.0078125,0.0,0.0,0.0,0.0,-0.0,-0.0,0.0,0.0,0.0,31.27734375,0.0,0.0,0.0,33.57421875,0.0,0.0,0.0,33.19140625,0.0,0.0,0.0,31.66015625,0.0,0.0,30.51171875,0.0,5.601165771484375
29.724,0.0078125,0.0,0.0,0.0,0.0,-0.0,-0.0,0.0,0.0,0.0,31.46875,0.0,0.0,0.0,33.0,0.0,0.0,0.0,33.19140625,0.0,0.0,0.0,32.04296875,0.0,0.0,30.703125,0.0,5.601165771484375
29.892,0.0078125,0.0,0.0,0.0,0.0,-0.0,-0.0,0.0,0.0,0.0,31.0859375,0.0,0.0,0.0,33.765625,0.0,0.0,0.0,33.57421875,0.0,0.0,0.0,31.66015625,0.0,0.0,29.5546875,0.0,5.601165771484375
30.046,0.0078125,0.0,0.0,0.0,0.0,-0.0,-0.0,0.0,0.0,0.0,31.27734375,0.0,0.0,0.0,33.95703125,0.0,0.0,0.0,33.19140625,0.0,0.0,0.0,31.66015625,0.0,0.0,29.9375,0.0,5.5913848876953125
30.218,0.0078125,0.0,0.0,0.0,0.0,-0.0,-0.0,0.0,0.0,0.0,30.89453125,0.0,0.0,0.0,33.3828125,0.0,0.0,0.0,33.57421875,0.0,0.0,0.0,31.66015625,0.0,0.0,30.89453125,0.0,5.601165771484375
30.385,0.0078125,0.0,0.0,0.0,0.0,-0.0,-0.0,0.0,0.0,0.0,30.12890625,0.0,0.0,0.0,33.57421875,0.0,0.0,0.0,32.80859375,0.0,0.0,0.0,31.27734375,0.0,0.0,29.9375,0.0,5.601165771484375
30.551,0.0078125,0.0,0.0,0.0,0.0,-0.0,-0.0,0.0,0.0,0.0,31.27734375,0.0,0.0,0.0,33.3828125,0.0,0.0,0.0,33.0,0.0,0.0,0.0,31.8515625,0.0,0.0,30.51171875,0.0,5.5913848876953125
30.714,0.0078125,0.0,0.0,0.0,0.0,-0.0,-0.0,0.0,0.0,0.0,31.0859375,0.0,0.0,0.0,33.765625,0.0,0.0,0.0,33.57421875,0.0,0.0,0.0,31.46875,0.0,0.0,30.703125,0.0,5.5913848876953125
30.875,0.0078125,0.0,0.0,0.0,0.0,-0.0,-0.0,0.0,0.0,0.0,30.89453125,0.0,0.0,0.0,33.765625,0.0,0.0,0.0,33.57421875,0.0,0.0,0.0,32.234375,0.0,0.0,30.3203125,0.0,5.5913848876953125
31.035,0.0078125,0.0,0.0,0.0,0.0,-0.0,-0.0,0.0,0.0,0.0,32.234375,0.0,0.0,0.0,33.57421875,0.0,0.0,0.0,33.3828125,0.0,0.0,0.0,31.66015625,0.0,0.0,31.0859375,0.0,5.601165771484375
31.194,0.0078125,0.0,0.0,0.0,0.0,-0.0,-0.0,0.0,0.0,0.0,31.66015625,0.0,0.0,0.0,33.19140625,0.0,0.0,0.0,33.19140625,0.0,0.0,0.0,32.04296875,0.0,0.0,29.36328125,0.0,5.5913848876953125
31.345,0.0078125,0.0,0.0,0.0,0.0,-0.0,-0.0,0.0,0.0,0.0,30.703125,0.0,0.0,0.0,33.57421875,0.0,0.0,0.0,33.19140625,0.0,0.0,0.0,31.0859375,0.0,0.0,30.3203125,0.0,5.5913848876953125
31.504,0.0078125,0.0,0.0,0.0,0.0,-0.0,-0.0,0.0,0.0,0.0,30.703125,0.0,0.0,0.0,33.765625,0.0,0.0,0.0,33.0,0.0,0.0,0.0,31.46875,0.0,0.0,30.703125,0.0,5.601165771484375
31.676,0.0078125,0.0,0.0,0.0,0.0,-0.0,-0.0,0.0,0.0,0.0,31.0859375,0.0,0.0,0.0,33.57421875,0.0,0.0,0.0,33.19140625,0.0,0.0,0.0,31.8515625,0.0,0.0,29.74609375,0.0,5.601165771484375
31.833,0.0078125,0.0,0.0,0.0,0.0,-0.0,-0.0,0.0,0.0,0.0,31.0859375,0.0,0.0,0.0,32.80859375,0.0,0.0,0.0,33.19140625,0.0,0.0,0.0,31.46875,0.0,0.0,30.51171875,0.0,5.5913848876953125
31.986,0.0078125,0.0,0.0,0.0,0.0,-0.0,-0.0,0.0,0.0,0.0,30.89453125,0.0,0.0,0.0,33.95703125,0.0,0.0,0.0,33.3828125,0.0,0.0,0.0,32.04296875,0.0,0.0,30.51171875,0.0,5.601165771484375
32.146,0.0078125,0.0,0.0,0.0,0.0,-0.0,-0.0,0.0,0.0,0.0,31.46875,0.0,0.0,0.0,32.42578125,0.0,0.0,0.0,33.0,0.0,0.0,0.0,32.04296875,0.0,0.0,30.3203125,0.0,5.601165771484375
32.306,0.0078125,0.0,0.0,0.0,0.0,-0.0,-0.0,0.0,0.0,0.0,31.66015625,0.0,0.0,0.0,33.57421875,0.0,0.0,0.0,33.57421875,0.0,0.0,0.0,32.04296875,0.0,0.0,30.51171875,0.0,5.601165771484375
32.465,0.0078125,0.0,0.0,0.0,0.0,-0.0,-0.0,0.0,0.0,0.0,31.27734375,0.0,0.0,0.0,34.1484375,0.0,0.0,0.0,33.3828125,0.0,0.0,0.0,31.46875,0.0,0.0,31.0859375,0.0,5.5913848876953125
32.624,0.0078125,0.0,0.0,0.0,0.0,-0.0,-0.0,0.0,0.0,0.0,31.0859375,0.0,0.0,0.0,34.53125,0.0,0.0,0.0,33.0,0.0,0.0,0.0,31.8515625,0.0,0.0,30.51171875,0.0,5.5913848876953125
32.783,0.0078125,0.0,0.0,0.0,0.0,-0.0,-0.0,0.0,0.0,0.0,30.89453125,0.0,0.0,0.0,33.3828125,0.0,0.0,0.0,32.80859375,0.0,0.0,0.0,31.66015625,0.0,0.0,29.9375,0.0,5.5913848876953125
32.954,0.0078125,0.0,0.0,0.0,0.0,-0.0,-0.0,0.0,0.0,0.0,31.27734375,0.0,0.0,0.0,33.765625,0.0,0.0,0.0,33.3828125,0.0,0.0,0.0,31.66015625,0.0,0.0,29.5546875,0.0,5.5913848876953125
33.125,0.0078125,0.0,0.0,0.0,0.0,-0.0,-0.0,0.0,0.0,0.0,32.04296875,0.0,0.0,0.0,32.234375,0.0,0.0,0.0,33.3828125,0.0,0.0,0.0,32.04296875,0.0,0.0,30.3203125,0.0,5.5913848876953125
33.293,0.0078125,0.0,0.0,0.0,0.0,-0.0,-0.0,0.0,0.0,0.0,31.27734375,0.0,0.0,0.0,33.0,0.0,0.0,0.0,33.57421875,0.0,0.0,0.0,32.04296875,0.0,0.0,29.74609375,0.0,5.601165771484375
33.454,0.0078125,0.0,0.0,0.0,0.0,-0.0,-0.0,0.0,0.0,0.0,31.8515625,0.0,0.0,0.0,34.53125,0.0,0.0,0.0,33.765625,0.0,0.0,0.0,31.8515625,0.0,0.0,30.703125,0.0,5.601165771484375
33.606,0.0078125,0.0,0.0,0.0,0.0,-0.0,-0.0,0.0,0.0,0.0,31.46875,0.0,0.0,0.0,33.765625,0.0,0.0,0.0,33.3828125,0.0,0.0,0.0,31.46875,0.0,0.0,29.9375,0.0,5.601165771484375
33.765,0.0078125,0.0,0.0,0.0,0.0,-0.0,-0.0,0.0,0.0,0.0,31.0859375,0.0,0.0,0.0,33.765625,0.0,0.0,0.0,33.19140625,0.0,0.0,0.0,31.46875,0.0,0.0,29.5546875,0.0,5.5913848876953125
33.923,0.0078125,0.0,0.0,0.0,0.0,-0.0,-0.0,0.0,0.0,0.0,31.0859375,0.0,0.0,0.0,33.19140625,0.0,0.0,0.0,33.3828125,0.0,0.0,0.0,31.8515625,0.0,0.0,30.51171875,0.0,5.5913848876953125
34.093,0.0078125,0.0,0.0,0.0,0.0,-0.0,-0.0,0.0,0.0,0.0,31.0859375,0.0,0.0,0.0,33.3828125,0.0,0.0,0.0,33.57421875,0.0,0.0,0.0,32.234375,0.0,0.0,30.703125,0.0,5.601165771484375
34.263,0.0078125,0.0,0.0,0.0,0.0,-0.0,-0.0,0.0,0.0,0.0,31.46875,0.0,0.0,0.0,33.95703125,0.0,0.0,0.0,33.0,0.0,0.0,0.0,31.8515625,0.0,0.0,30.89453125,0.0,5.601165771484375
34.424,0.0078125,0.0,0.0,0.0,0.0,-0.0,-0.0,0.0,0.0,0.0,30.89453125,0.0,0.0,0.0,33.57421875,0.0,0.0,0.0,33.19140625,0.0,0.0,0.0,31.27734375,0.0,0.0,29.9375,0.0,5.5913848876953125
34.586,0.0078125,0.0,0.0,0.0,0.0,-0.0,-0.0,0.0,0.0,0.0,31.27734375,0.0,0.0,0.0,33.765625,0.0,0.0,0.0,33.95703125,0.0,0.0,0.0,31.46875,0.0,0.0,30.51171875,0.0,5.601165771484375
34.763,0.0078125,0.0,0.0,0.0,0.0,-0.0,-0.0,0.0,0.0,0.0,32.42578125,0.0,0.0,0.0,33.95703125,0.0,0.0,0.0,33.95703125,0.0,0.0,0.0,31.66015625,0.0,0.0,30.703125,0.0,5.5913848876953125
34.932,0.0078125,0.0,0.0,0.0,0.0,-0.0,-0.0,0.0,0.0,0.0,31.46875,0.0,0.0,0.0,33.765625,0.0,0.0,0.0,33.3828125,0.0,0.0,0.0,32.42578125,0.0,0.0,30.89453125,0.0,5.601165771484375
35.105,0.0078125,0.0,0.0,0.0,0.0,-0.0,-0.0,0.0,0.0,0.0,30.3203125,0.0,0.0,0.0,34.33984375,0.0,0.0,0.0,33.57421875,0.0,0.0,0.0,31.27734375,0.0,0.0,30.3203125,0.0,5.601165771484375
35.266,0.0078125,0.0,0.0,0.0,0.0,-0.0,-0.0,0.0,0.0,0.0,31.46875,0.0,0.0,0.0,33.19140625,0.0,0.0,0.0,33.19140625,0.0,0.0,0.0,31.8515625,0.0,0.0,30.3203125,0.0,5.601165771484375
35.423,0.0078125,0.0,0.0,0.0,0.0,-0.0,-0.0,0.0,0.0,0.0,32.234375,0.0,0.0,0.0,33.95703125,0.0,0.0,0.0,33.0,0.0,0.0,0.0,31.0859375,0.0,0.0,30.703125,0.0,5.5913848876953125
35.586,0.0078125,0.0,0.0,0.0,0.0,-0.0,-0.0,0.0,0.0,0.0,31.66015625,0.0,0.0,0.0,34.72265625,0.0,0.0,0.0,33.0,0.0,0.0,0.0,31.8515625,0.0,0.0,30.89453125,0.0,5.601165771484375
35.743,0.0078125,0.0,0.0,0.0,0.0,-0.0,-0.0,0.0,0.0,0.0,31.0859375,0.0,0.0,0.0,33.57421875,0.0,0.0,0.0,33.19140625,0.0,0.0,0.0,31.0859375,0.0,0.0,29.9375,0.0,5.601165771484375
35.902,0.0078125,0.0,0.0,0.0,0.0,-0.0,-0.0,0.0,0.0,0.0,30.703125,0.0,0.0,0.0,33.57421875,0.0,0.0,0.0,33.57421875,0.0,0.0,0.0,31.66015625,0.0,0.0,30.51171875,0.0,5.601165771484375
36.057,0.0078125,0.0,0.0,0.0,0.0,-0.0,-0.0,0.0,0.0,0.0,31.46875,0.0,0.0,0.0,32.234375,0.0,0.0,0.0,33.0,0.0,0.0,0.0,32.42578125,0.0,0.0,30.703125,0.0,5.601165771484375
36.23,0.0078125,0.0,0.0,0.0,0.0,-0.0,-0.0,0.0,0.0,0.0,31.66015625,0.0,0.0,0.0,33.57421875,0.0,0.0,0.0,33.0,0.0,0.0,0.0,31.46875,0.0,0.0,29.9375,0.0,5.5913848876953125
36.385,0.0078125,0.0,0.0,0.0,0.0,-0.0,-0.0,0.0,0.0,0.0,31.46875,0.0,0.0,0.0,32.80859375,0.0,0.0,0.0,33.19140625,0.0,0.0,0.0,31.46875,0.0,0.0,30.703125,0.0,5.5913848876953125
36.544,0.0078125,0.0,0.0,0.0,0.0,-0.0,-0.0,0.0,0.0,0.0,30.703125,0.0,0.0,0.0,33.57421875,0.0,0.0,0.0,33.57421875,0.0,0.0,0.0,31.66015625,0.0,0.0,30.3203125,0.0,5.601165771484375
36.703,0.0078125,0.0,0.0,0.0,0.0,-0.0,-0.0,0.0,0.0,0.0,30.51171875,0.0,0.0,0.0,33.3828125,0.0,0.0,0.0,33.19140625,0.0,0.0,0.0,32.04296875,0.0,0.0,31.0859375,0.0,5.5816192626953125
36.884,0.0078125,0.0,0.0,0.0,0.0,-0.0,-0.0,0.0,0.0,0.0,31.66015625,0.0,0.0,0.0,33.765625,0.0,0.0,0.0,33.57421875,0.0,0.0,0.0,32.234375,0.0,0.0,31.27734375,0.0,5.601165771484375
37.053,0.0078125,0.0,0.0,0.0,0.0,-0.0,-0.0,0.0,0.0,0.0,31.46875,0.0,0.0,0.0,34.33984375,0.0,0.0,0.0,33.3828125,0.0,0.0,0.0,32.04296875,0.0,0.0,30.703125,0.0,5.5913848876953125
37.224,0.0078125,0.0,0.0,0.0,0.0,-0.0,-0.0,0.0,0.0,0.0,31.46875,0.0,0.0,0.0,33.95703125,0.0,0.0,0.0,32.6171875,0.0,0.0,0.0,31.46875,0.0,0.0,29.9375,0.0,5.5913848876953125
37.384,0.0078125,0.0,0.0,0.0,0.0,-0.0,-0.0,0.0,0.0,0.0,32.04296875,0.0,0.0,0.0,33.3828125,0.0,0.0,0.0,33.19140625,0.0,0.0,0.0,31.27734375,0.0,0.0,30.703125,0.0,5.5913848876953125
37.547,0.0078125,0.0,0.0,0.0,0.0,-0.0,-0.0,0.0,0.0,0.0,31.0859375,0.0,0.0,0.0,33.765625,0.0,0.0,0.0,33.57421875,0.0,0.0,0.0,31.66015625,0.0,0.0,29.5546875,0.0,5.5913848876953125
37.715,0.0078125,0.0,0.0,0.0,0.0,-0.0,-0.0,0.0,0.0,0.0,31.27734375,0.0,0.0,0.0,33.765625,0.0,0.0,0.0,33.3828125,0.0,0.0,0.0,32.234375,0.0,0.0,30.51171875,0.0,5.5913848876953125
37.874,0.0078125,0.0,0.0,0.0,0.0,-0.0,-0.0,0.0,0.0,0.0,30.89453125,0.0,0.0,0.0,33.19140625,0.0,0.0,0.0,33.0,0.0,0.0,0.0,31.0859375,0.0,0.0,30.89453125,0.0,5.5913848876953125
38.044,0.0078125,0.0,0.0,0.0,0.0,-0.0,-0.0,0.0,0.0,0.0,32.04296875,0.0,0.0,0.0,32.234375,0.0,0.0,0.0,33.3828125,0.0,0.0,0.0,31.46875,0.0,0.0,29.171875,0.0,5.5913848876953125
38.206,0.0078125,0.0,0.0,0.0,0.0,-0.0,-0.0,0.0,0.0,0.0,31.27734375,0.0,0.0,0.0,33.19140625,0.0,0.0,0.0,33.0,0.0,0.0,0.0,31.27734375,0.0,0.0,29.9375,0.0,5.5913848876953125
38.365,0.0078125,0.0,0.0,0.0,0.0,-0.0,-0.0,0.0,0.0,0.0,30.51171875,0.0,0.0,0.0,33.3828125,0.0,0.0,0.0,33.0,0.0,0.0,0.0,32.42578125,0.0,0.0,30.51171875,0.0,5.5913848876953125
38.524,0.0078125,0.0,0.0,0.0,0.0,-0.0,-0.0,0.0,0.0,0.0,32.42578125,0.0,0.0,0.0,34.53125,0.0,0.0,0.0,33.19140625,0.0,0.0,0.0,31.66015625,0.0,0.0,30.89453125,0.0,5.5913848876953125
38.683,0.0078125,0.0,0.0,0.0,0.0,-0.0,-0.0,0.0,0.0,0.0,31.46875,0.0,0.0,0.0,33.765625,0.0,0.0,0.0,33.19140625,0.0,0.0,0.0,31.46875,0.0,0.0,30.12890625,0.0,5.601165771484375
38.865,0.0078125,0.0,0.0,0.0,0.0,-0.0,-0.0,0.0,0.0,0.0,31.27734375,0.0,0.0,0.0,33.0,0.0,0.0,0.0,33.19140625,0.0,0.0,0.0,31.46875,0.0,0.0,30.703125,0.0,5.5913848876953125
39.044,0.0078125,0.0,0.0,0.0,0.0,-0.0,-0.0,0.0,0.0,0.0,31.27734375,0.0,0.0,0.0,33.765625,0.0,0.0,0.0,33.3828125,0.0,0.0,0.0,32.234375,0.0,0.0,30.51171875,0.0,5.5913848876953125
39.205,0.0078125,0.0,0.0,0.0,0.0,-0.0,-0.0,0.0,0.0,0.0,30.89453125,0.0,0.0,0.0,33.3828125,0.0,0.0,0.0,32.80859375,0.0,0.0,0.0,31.46875,0.0,0.0,30.3203125,0.0,5.601165771484375
39.371,0.0078125,0.0,0.0,0.0,0.0,-0.0,-0.0,0.0,0.0,0.0,31.66015625,0.0,0.0,0.0,33.3828125,0.0,0.0,0.0,34.33984375,0.0,0.0,0.0,31.0859375,0.0,0.0,28.98046875,0.0,5.5913848876953125
39.532,0.0078125,0.0,0.0,0.0,0.0,-0.0,-0.0,0.0,0.0,0.0,31.46875,0.0,0.0,0.0,33.95703125,0.0,0.0,0.0,32.6171875,0.0,0.0,0.0,31.66015625,0.0,0.0,29.9375,0.0,5.601165771484375
39.693,0.0078125,0.0,0.0,0.0,0.0,-0.0,-0.0,0.0,0.0,0.0,31.46875,0.0,0.0,0.0,33.765625,0.0,0.0,0.0,33.3828125,0.0,0.0,0.0,31.27734375,0.0,0.0,30.703125,0.0,5.5913848876953125
39.854,0.0078125,0.0,0.0,0.0,0.0,-0.0,-0.0,0.0,0.0,0.0,31.0859375,0.0,0.0,0.0,34.53125,0.0,0.0,0.0,32.80859375,0.0,0.0,0.0,31.66015625,0.0,0.0,30.3203125,0.0,5.601165771484375
40.013,0.0078125,0.0,0.0,0.0,0.0,-0.0,-0.0,0.0,0.0,0.0,31.0859375,0.0,0.0,0.0,33.95703125,0.0,0.0,0.0,33.57421875,0.0,0.0,0.0,31.46875,0.0,0.0,30.12890625,0.0,5.5913848876953125
40.173,0.0078125,0.0,0.0,0.0,0.0,-0.0,-0.0,0.0,0.0,0.0,31.8515625,0.0,0.0,0.0,33.765625,0.0,0.0,0.0,33.57421875,0.0,0.0,0.0,31.27734375,0.0,0.0,30.51171875,0.0,5.5913848876953125
40.333,0.0078125,0.0,0.0,0.0,0.0,-0.0,-0.0,0.0,0.0,0.0,31.0859375,0.0,0.0,0.0,33.765625,0.0,0.0,0.0,33.57421875,0.0,0.0,0.0,31.46875,0.0,0.0,29.9375,0.0,5.601165771484375
40.491,0.0078125,0.0,0.0,0.0,0.0,-0.0,-0.0,0.0,0.0,0.0,32.04296875,0.0,0.0,0.0,33.95703125,0.0,0.0,0.0,33.19140625,0.0,0.0,0.0,31.46875,0.0,0.0,30.703125,0.0,5.601165771484375
