Timestamp,Bat_Voltage,Driver_Joy_Y,Driver_Joy_X,Driver_Joy_W,Mecanum_FL,Mecanum_BL,Mecanum_BR,Mecanum_FR,FL_Jag_Speed,FL_Out_Voltage,FL_Out_Current,FL_Temp,BL_Jag_Speed,BL_Out_Voltage,BL_Out_Current,BL_Temp,BR_Jag_Speed,BR_Out_Voltage,BR_Out_Current,BR_Temp,FR_Jag_Speed,FR_Out_Voltage,FR_Out_Current,FR_Temp,Pickup_Out_Voltage,Pickup_Out_Current,Pickup_Temp,SH1_Out_Voltage,SH1_Out_Current,SH1_Temp,SH2_Out_Voltage,SH2_Out_Current,SH2_Temp,SHmain_Speed,SHmain_Angle
0.0090,13.1248576032,0.0078125,-0.0078125,0.0,0.0,0.0,0.0,0.0,0.0,0.0,0.0,28.0234375,0.0,0.0,0.0,29.9375,0.0,0.0,0.0,30.51171875,0.0,0.0,0.0,27.640625,0.0,0.0,28.40625,0.0,5.31768798828125
0.169,13.1248576032,0.0078125,-0.0078125,0.0,0.0,0.0,0.0,0.0,0.0,0.0,0.0,27.2578125,0.0,0.0,0.0,30.3203125,0.0,0.0,0.0,30.3203125,0.0,0.0,0.0,28.21484375,0.0,0.0,28.98046875,0.0,5.32745361328125
0.331,13.1248576032,0.0078125,-0.0078125,0.0,0.0,0.0,0.0,0.0,0.0,0.0,0.0,27.83203125,0.0,0.0,0.0,30.51171875,0.0,0.0,0.0,29.9375,0.0,0.0,0.0,27.640625,0.0,0.0,28.40625,0.0,5.356781005859375
0.499,12.5633495652,0.0078125,-0.0078125,0.0,-0.3,-0.3,0.3,0.3,0.0,-3.640625,25.546875,27.2578125,0.0,-3.609375,15.69921875,29.36328125,58.078857421875,3.54296875,15.83203125,29.74609375,0.0,3.57421875,17.2734375,27.640625,0.0,0.0,28.0234375,0.0,5.2981414794921875
0.68,12.6583740024,0.0078125,-0.0078125,0.0,-0.3,-0.3,0.3,0.3,0.0,-3.68359375,21.08203125,26.109375,0.0,-3.68359375,12.94140625,30.3203125,94.15455627441406,3.625,11.890625,29.74609375,0.0,3.6796875,12.41796875,27.83203125,0.0,0.0,28.40625,0.0,5.31768798828125
0.859,12.710205513600002,0.0078125,-0.0078125,0.0,-0.3,-0.3,0.3,0.3,12.378952026367188,-3.77734375,11.890625,27.44921875,0.0,-3.734375,11.10546875,29.5546875,108.37355041503906,3.72265625,8.73828125,29.74609375,0.0,3.7109375,9.52734375,27.640625,0.0,0.0,28.0234375,0.0,5.31768798828125
1.032,12.779314195200001,0.0078125,-0.0078125,0.0,-0.3,-0.3,0.3,0.3,-6.0545806884765625,-3.77734375,13.203125,27.640625,0.0,-3.77734375,9.1328125,30.3203125,138.86378479003906,3.72265625,8.34765625,30.12890625,0.0,3.73046875,9.66015625,26.875,0.0,0.0,29.5546875,0.0,5.32745361328125
1.212,12.787952780400001,0.0078125,-0.0078125,0.0,-0.3,-0.3,0.3,0.3,-6.347015380859375,-3.7890625,11.890625,27.2578125,0.0,-3.796875,5.58984375,29.74609375,130.29757690429688,3.7421875,6.640625,30.703125,0.0,3.7734375,6.5078125,27.640625,0.0,0.0,29.9375,0.0,5.288360595703125
1.391,12.813868536000001,0.0078125,-0.0078125,0.0,-0.3,-0.3,0.3,0.3,0.0,-3.80859375,9.00390625,27.640625,0.0,-3.796875,6.640625,30.51171875,133.52342224121094,3.76171875,6.24609375,30.51171875,0.0,3.73046875,7.8203125,28.21484375,0.0,0.0,28.40625,0.0,5.32745361328125
1.559,12.822507121200001,0.0078125,-0.0078125,0.0,-0.3,-0.3,0.3,0.3,-12.2349853515625,-3.80859375,8.21484375,28.21484375,0.0,-3.80859375,5.32421875,29.74609375,140.48951721191406,3.76171875,6.11328125,30.703125,0.0,3.76171875,8.08203125,27.44921875,0.0,0.0,28.21484375,0.0,5.356781005859375
1.731,12.839784291600001,0.0078125,-0.0078125,0.0,-0.3,-0.3,0.3,0.3,-7.3365631103515625,-3.8203125,9.3984375,27.44921875,0.0,-3.8203125,4.93359375,29.5546875,158.47467041015625,3.78515625,5.32421875,30.3203125,0.0,3.7734375,6.90234375,28.21484375,0.0,0.0,28.40625,0.0,5.288360595703125
1.911,12.857061462,0.0078125,-0.0078125,0.0,-0.3,-0.3,0.3,0.3,-135.3351593017578,-3.80859375,10.0546875,27.2578125,0.0,-3.80859375,4.40625,29.74609375,153.90164184570312,3.76171875,6.375,29.74609375,0.0,3.78515625,6.375,27.44921875,0.0,0.0,28.98046875,0.0,5.31768798828125
2.089,12.839784291600001,0.0078125,-0.0078125,0.0,-0.3,-0.3,0.3,0.3,37.100372314453125,-3.83203125,7.69140625,27.2578125,0.0,-3.80859375,4.5390625,29.9375,130.5767059326172,3.8046875,5.58984375,30.3203125,0.0,3.78515625,6.24609375,27.83203125,0.0,0.0,28.59765625,0.0,5.347015380859375
2.251,12.839784291600001,0.0078125,-0.0078125,0.0,-0.3,-0.3,0.3,0.3,-22.878799438476562,-3.83203125,6.90234375,26.30078125,0.0,-3.80859375,4.93359375,29.171875,147.45977783203125,3.79296875,5.45703125,29.9375,0.0,3.78515625,6.11328125,27.83203125,0.0,0.0,28.0234375,0.0,5.2981414794921875
2.422,12.839784291600001,0.0078125,-0.0078125,0.0,-0.3,-0.3,0.3,0.3,-139.8907012939453,-3.8203125,9.52734375,27.640625,0.0,-3.80859375,5.1953125,30.3203125,146.2188720703125,3.7734375,5.45703125,29.9375,0.0,3.76171875,6.5078125,27.44921875,0.0,0.0,28.40625,0.0,5.31768798828125
2.59,12.831145706400001,0.0078125,-0.0078125,0.0,-0.3,-0.3,0.3,0.3,-32.23016357421875,-3.8203125,9.00390625,27.44921875,0.0,-3.80859375,5.71875,30.3203125,153.32400512695312,3.76171875,6.11328125,29.9375,0.0,3.76171875,6.375,27.44921875,0.0,0.0,28.59765625,0.0,5.3665618896484375
2.759,12.839784291600001,0.0078125,-0.0078125,0.0,-0.3,-0.3,0.3,0.3,-22.442489624023438,-3.80859375,10.31640625,27.2578125,0.0,-3.796875,6.5078125,30.51171875,144.39889526367188,3.7421875,6.375,30.12890625,0.0,3.78515625,5.8515625,27.44921875,0.0,0.0,28.7890625,0.0,5.288360595703125
2.93,12.831145706400001,0.0078125,-0.0078125,0.0,-0.3,-0.3,0.3,0.3,-7.4857635498046875,-3.80859375,9.3984375,26.68359375,0.0,-3.80859375,5.32421875,31.27734375,150.8426055908203,3.79296875,5.45703125,30.3203125,0.0,3.7734375,6.11328125,26.875,0.0,0.0,28.21484375,0.0,5.31768798828125
3.092,12.8484228768,0.0078125,-0.0078125,0.0,-0.3,-0.3,0.3,0.3,0.0,-3.4921875,6.375,27.640625,0.0,-3.515625,3.6171875,30.12890625,149.21311950683594,3.46875,4.40625,29.9375,0.0,3.45703125,5.1953125,28.40625,-10.51171875,48.921875,28.7890625,0.0,5.3372344970703125
3.26,11.7513225564,0.0078125,-0.0078125,0.0,-0.3,-0.3,0.3,0.3,-12.944503784179688,-3.4921875,5.32421875,28.0234375,0.0,-3.5546875,2.9609375,29.74609375,180.77394104003906,3.55078125,3.48828125,30.3203125,0.0,3.5625,4.66796875,28.0234375,-11.53125,29.75,28.7890625,0.0,5.31768798828125
3.439,12.1400588904,0.0078125,-0.0078125,0.0,-0.3,-0.3,0.3,0.3,-4.349700927734375,-3.640625,6.11328125,27.44921875,0.0,-3.640625,4.01171875,30.3203125,144.21450805664062,3.63671875,4.40625,30.703125,0.0,3.625,5.58984375,27.640625,-12.0234375,16.48828125,28.21484375,0.0,5.31768798828125
3.611,12.3646621056,0.0078125,-0.0078125,0.0,-0.3,-0.3,0.3,0.3,-130.69671630859375,-3.69140625,5.8515625,26.875,0.0,-3.68359375,5.1953125,29.5546875,113.87223815917969,3.59375,7.55859375,29.9375,0.0,3.63671875,7.69140625,27.640625,-12.09375,12.8125,28.21484375,0.0,5.31768798828125
3.791,12.4596865428,0.0078125,-0.0078125,0.0,-0.3,-0.3,0.3,0.3,-25.696441650390625,-3.69140625,9.66015625,25.53515625,0.0,-3.71484375,4.66796875,29.5546875,141.3323516845703,3.6484375,7.1640625,29.9375,0.0,3.66796875,6.76953125,27.2578125,-12.234375,10.4453125,28.7890625,0.0,5.32745361328125
3.97,12.511518054,0.0078125,-0.0078125,0.0,-0.3,-0.3,0.3,0.3,-7.7015838623046875,-3.71484375,8.73828125,27.44921875,0.0,-3.7265625,5.0625,29.9375,145.5372314453125,3.6796875,5.984375,29.9375,0.0,3.69921875,5.45703125,28.0234375,-12.375,8.87109375,28.0234375,0.0,5.356781005859375
4.14,12.5374338096,0.0078125,-0.0078125,0.0,-0.3,-0.3,0.3,0.3,0.0,-3.71484375,9.1328125,26.109375,0.0,-3.734375,4.66796875,28.21484375,128.71652221679688,3.7109375,5.984375,29.9375,0.0,3.7109375,6.11328125,27.83203125,-12.3046875,7.8203125,27.44921875,0.0,5.3372344970703125
4.311,12.554710980000001,0.0078125,-0.0078125,0.0,-0.3,-0.3,0.3,0.3,-5.7339935302734375,-3.7265625,7.8203125,27.06640625,0.0,-3.74609375,5.1953125,30.12890625,147.40882873535156,3.69921875,5.8515625,30.12890625,0.0,3.72265625,5.8515625,27.44921875,-12.55078125,7.03125,28.98046875,0.0,5.32745361328125
4.479,12.710205513600002,0.0078125,-0.0078125,0.0,0.0,0.0,-0.0,-0.0,16.125030517578125,0.0,0.0,28.59765625,0.0,0.0,0.0,29.9375,135.44972229003906,0.0,0.0,30.51171875,0.0,0.0,0.0,28.0234375,-12.5859375,7.03125,28.59765625,0.0,5.32745361328125
4.639,12.727482684,0.0078125,-0.0078125,0.0,0.0,0.0,-0.0,-0.0,3.55438232421875,0.0,0.0,27.44921875,0.0,0.0,0.0,29.9375,113.47181701660156,0.0,0.0,30.51171875,0.0,0.0,0.0,27.83203125,-11.35546875,3.35546875,27.640625,0.0,5.32745361328125
