Timestamp,Driver_Joy_Y,Driver_Joy_X,Driver_Joy_W,Mecanum_FL,Mecanum_BL,Mecanum_BR,Mecanum_FR,FL_Jag_Speed,FL_Out_Voltage,FL_Out_Current,FL_Temp,BL_Jag_Speed,BL_Out_Voltage,BL_Out_Current,BL_Temp,BR_Jag_Speed,BR_Out_Voltage,BR_Out_Current,BR_Temp,FR_Jag_Speed,FR_Out_Voltage,FR_Out_Current,FR_Temp,Pickup_Out_Voltage,Pickup_Out_Current,Pickup_Temp,SH1_Out_Voltage,SH1_Out_Current,SH1_Temp,SH2_Out_Voltage,SH2_Out_Current,SH2_Temp,SHmain_Speed,SHmain_Angle
412.167,0.0078125,0.015748031496062992,-0.0078125,0.0,0.0,-0.0,-0.0,0.0,0.0,0.0,23.8125,0.0,0.0,0.0,27.06640625,0.0,0.0,0.0,26.30078125,0.0,0.0,0.0,24.38671875,0.0,0.0,25.15234375,0.0,5.5229644775390625
412.328,0.0078125,0.015748031496062992,-0.0078125,0.0,0.0,-0.0,-0.0,0.0,0.0,0.0,23.8125,0.0,0.0,0.0,26.4921875,0.0,0.0,0.0,26.4921875,0.0,0.0,0.0,24.76953125,0.0,0.0,25.15234375,0.0,5.5229644775390625
412.498,0.0078125,0.015748031496062992,-0.0078125,0.0,0.0,-0.0,-0.0,0.0,0.0,0.0,24.00390625,0.0,0.0,0.0,26.109375,0.0,0.0,0.0,26.4921875,0.0,0.0,0.0,24.38671875,0.0,0.0,25.7265625,0.0,5.5229644775390625
412.666,0.0078125,0.015748031496062992,-0.0078125,0.0,0.0,-0.0,-0.0,0.0,0.0,0.0,24.1953125,0.0,0.0,0.0,27.06640625,0.0,0.0,0.0,26.30078125,0.0,0.0,0.0,24.1953125,0.0,0.0,25.7265625,0.0,5.5229644775390625
412.835,0.0078125,0.015748031496062992,-0.0078125,0.0,0.0,-0.0,-0.0,0.0,0.0,0.0,24.38671875,0.0,0.0,0.0,26.4921875,0.0,0.0,0.0,26.4921875,0.0,0.0,0.0,24.1953125,0.0,0.0,24.76953125,0.0,5.5229644775390625
412.996,0.0078125,0.07086614173228346,-0.0078125,0.0,0.0,-0.0,-0.0,0.0,0.0,0.0,24.00390625,0.0,0.0,0.0,26.4921875,0.0,0.0,0.0,26.875,0.0,0.0,0.0,24.578125,0.0,0.0,24.9609375,0.0,5.5229644775390625
413.157,0.0078125,0.0,-0.0078125,0.0,0.0,-0.0,-0.0,0.0,0.0,0.0,24.1953125,0.0,0.0,0.0,27.83203125,0.0,0.0,0.0,26.875,0.0,0.0,0.0,24.1953125,0.0,0.0,25.53515625,0.0,5.5229644775390625
413.318,0.0078125,0.0,-0.0078125,0.0,0.0,-0.0,-0.0,0.0,0.0,0.0,23.4296875,0.0,0.0,0.0,26.68359375,0.0,0.0,0.0,26.4921875,0.0,0.0,0.0,24.1953125,0.0,0.0,24.9609375,0.0,5.5229644775390625
413.475,0.0078125,0.0,-0.0078125,0.0,0.0,-0.0,-0.0,0.0,0.0,0.0,23.62109375,0.0,0.0,0.0,26.68359375,0.0,0.0,0.0,25.91796875,0.0,0.0,0.0,24.76953125,0.0,0.0,25.34375,0.0,5.5229644775390625
413.645,0.0859375,0.0,-0.0078125,0.0,0.0,-0.0,-0.0,0.0,0.0,0.0,24.38671875,0.0,0.0,0.0,25.15234375,0.0,0.0,0.0,26.109375,0.0,0.0,0.0,23.8125,0.0,0.0,25.34375,0.0,5.5522918701171875
413.803,0.28125,0.07086614173228346,-0.0078125,0.10156249999999999,0.10156250000000001,-0.10156249999999999,-0.10156250000000001,0.0,1.3046875,7.953125,23.62109375,0.0,1.27734375,8.4765625,26.30078125,0.0,-1.3046875,6.76953125,26.30078125,0.0,-1.28125,8.73828125,23.8125,0.0,0.0,24.9609375,0.0,5.51318359375
413.995,0.34375,0.07086614173228346,-0.0078125,0.28124999999999994,0.28125000000000006,-0.28124999999999994,-0.28125000000000006,40.70771789550781,3.45703125,15.4375,22.6640625,0.0,3.4296875,13.3359375,27.2578125,-39.689910888671875,-3.48046875,12.41796875,26.30078125,0.0,-3.43359375,15.56640625,24.578125,0.0,0.0,24.9609375,0.0,5.57183837890625
414.165,0.359375,0.09448818897637795,-0.0078125,0.35937499999999994,0.35937500000000006,-0.35937499999999994,-0.35937500000000006,8.6060791015625,4.3671875,15.56640625,23.23828125,0.0,4.3828125,19.5078125,26.4921875,-88.90742492675781,-4.41015625,12.41796875,26.109375,0.0,-4.38671875,15.56640625,24.1953125,0.0,0.0,25.34375,0.0,5.5522918701171875
414.336,0.3046875,0.0,-0.0078125,0.35937499999999994,0.35937500000000006,-0.35937499999999994,-0.35937500000000006,-30.861724853515625,4.43359375,10.4453125,21.8984375,0.0,4.19140625,12.41796875,26.109375,-72.62686157226562,-4.4609375,11.10546875,26.30078125,0.0,-4.47265625,13.203125,23.8125,0.0,0.0,26.30078125,0.0,5.5229644775390625
414.508,-0.0,0.0,-0.6640625,0.24218749999999997,0.24218750000000003,-0.24218749999999997,-0.24218750000000003,24.480575561523438,3.08984375,5.984375,23.4296875,0.0,3.0390625,4.14453125,26.875,-105.21412658691406,-3.015625,3.6171875,26.4921875,0.0,-3.0234375,3.6171875,24.00390625,0.0,0.0,25.34375,0.0,5.532745361328125
414.697,-0.0,0.0,-0.0078125,-0.33203125,-0.33203125,-0.33203125,-0.33203125,0.0,-3.95703125,26.859375,22.85546875,0.0,-3.80859375,25.15234375,26.4921875,-119.40669250488281,-4.15625,7.296875,26.4921875,0.0,-4.19140625,7.8203125,24.578125,0.0,0.0,25.34375,0.0,5.5229644775390625
414.866,-0.0,0.0,-0.0078125,0.0,0.0,-0.0,-0.0,0.0,0.0,0.0,23.8125,0.0,0.0,0.0,25.7265625,-62.0255126953125,0.0,0.0,26.30078125,0.0,0.0,0.0,24.578125,0.0,0.0,24.9609375,0.0,5.5229644775390625
415.025,-0.0,0.0,0.0,0.0,0.0,-0.0,-0.0,0.0,0.0,0.0,23.8125,0.0,0.0,0.0,26.30078125,-44.030120849609375,0.0,0.0,26.30078125,0.0,0.0,0.0,24.9609375,0.0,0.0,26.30078125,0.0,5.5229644775390625
415.185,-0.0,0.0,0.4409448818897638,0.0,0.0,-0.0,-0.0,0.0,0.0,0.0,23.62109375,0.0,0.0,0.0,26.4921875,-23.696670532226562,0.0,0.0,26.30078125,0.0,0.0,0.0,24.9609375,0.0,0.0,25.15234375,0.0,5.5816192626953125
415.355,-0.0,0.0,0.41732283464566927,0.2795275590551181,0.2795275590551181,0.2795275590551181,0.2795275590551181,-65.33277893066406,3.46875,10.31640625,23.8125,0.0,3.26953125,14.38671875,26.109375,22.538909912109375,3.38671875,12.6796875,25.91796875,0.0,3.359375,17.14453125,23.4296875,0.0,0.0,24.9609375,0.0,5.51318359375
415.526,-0.0,0.0,0.0,0.1062992125984252,0.1062992125984252,0.1062992125984252,0.1062992125984252,-17.234710693359375,1.3671875,1.25390625,23.62109375,0.0,1.3359375,4.93359375,26.30078125,12.591598510742188,1.3515625,5.71875,25.7265625,0.0,1.33984375,8.609375,23.8125,0.0,0.0,24.76953125,0.0,5.532745361328125
415.696,-0.0,0.0,0.2125984251968504,0.0,0.0,-0.0,-0.0,-11.341445922851562,0.0,0.0,24.1953125,0.0,0.0,0.0,27.06640625,3.509246826171875,0.0,0.0,26.30078125,0.0,0.0,0.0,23.8125,0.0,0.0,25.53515625,0.0,5.5522918701171875
415.857,-0.0,0.0,0.33070866141732286,0.20866141732283464,0.20866141732283464,0.20866141732283464,0.20866141732283464,0.0,2.6015625,11.234375,23.8125,0.0,2.4765625,13.859375,25.91796875,7.0848388671875,2.54296875,11.234375,25.91796875,0.0,2.55859375,11.234375,24.00390625,0.0,0.0,26.109375,0.0,5.50341796875
416.02,-0.0,0.0,0.5039370078740157,0.20866141732283464,0.20866141732283464,0.20866141732283464,0.20866141732283464,44.516571044921875,2.625,9.00390625,23.4296875,0.0,2.4765625,12.8125,26.4921875,21.274459838867188,2.5859375,8.34765625,26.30078125,0.0,2.578125,10.0546875,24.578125,0.0,0.0,24.9609375,0.0,5.532745361328125
416.199,-0.0,0.0,0.12598425196850394,0.20078740157480315,0.20078740157480315,0.20078740157480315,0.20078740157480315,0.0,2.53125,8.34765625,23.62109375,0.0,2.3828125,12.41796875,26.109375,18.49835205078125,2.50390625,9.265625,25.91796875,0.0,2.453125,16.09375,23.62109375,0.0,0.0,25.34375,0.0,5.532745361328125
416.377,-0.0,0.0,0.4566929133858268,0.0,0.0,-0.0,-0.0,0.0,0.0,0.0,24.00390625,0.0,0.0,0.0,26.4921875,-5.3285369873046875,0.0,0.0,25.7265625,0.0,0.0,0.0,23.8125,0.0,0.0,25.91796875,0.0,5.5229644775390625
416.536,-0.0,0.0,0.07086614173228346,0.23622047244094488,0.23622047244094488,0.23622047244094488,0.23622047244094488,0.0,2.9375,11.10546875,22.08984375,0.0,2.7890625,12.8125,25.53515625,19.3072509765625,2.921875,11.3671875,26.109375,0.0,2.88671875,16.09375,23.8125,0.0,0.0,25.15234375,0.0,5.532745361328125
416.706,-0.0,0.0,0.0,0.0,0.0,-0.0,-0.0,0.0,0.0,0.0,23.62109375,0.0,0.0,0.0,25.91796875,8.568267822265625,0.0,0.0,26.109375,0.0,0.0,0.0,24.38671875,0.0,0.0,25.34375,0.0,5.5229644775390625
416.867,-0.0,0.0,-0.5234375,0.0,0.0,-0.0,-0.0,0.0,0.0,0.0,23.4296875,0.0,0.0,0.0,25.7265625,0.0,0.0,0.0,25.7265625,0.0,0.0,0.0,24.1953125,0.0,0.0,25.15234375,0.0,5.532745361328125
417.023,-0.0,0.0,-0.359375,-0.26171875,-0.26171875,-0.26171875,-0.26171875,0.0,-3.22265625,14.6484375,22.85546875,0.0,-3.1953125,16.6171875,25.53515625,-21.765869140625,-3.2421875,15.17578125,26.4921875,0.0,-3.2578125,13.9921875,24.00390625,0.0,0.0,25.15234375,0.0,5.5229644775390625
417.187,-0.0,0.0,0.0,0.0,0.0,-0.0,-0.0,4.8330535888671875,0.0,0.0,24.00390625,0.0,0.0,0.0,26.109375,-7.968505859375,0.0,0.0,26.30078125,0.0,0.0,0.0,24.38671875,0.0,0.0,25.34375,0.0,5.5229644775390625
417.345,-0.0,0.0,0.0,0.0,0.0,-0.0,-0.0,0.0,0.0,0.0,23.4296875,0.0,0.0,0.0,26.68359375,8.430404663085938,0.0,0.0,26.4921875,0.0,0.0,0.0,24.00390625,0.0,0.0,25.53515625,0.0,5.532745361328125
417.499,-0.0,0.0,0.0,0.0,0.0,-0.0,-0.0,0.0,0.0,0.0,23.62109375,0.0,0.0,0.0,26.4921875,0.0,0.0,0.0,25.91796875,0.0,0.0,0.0,24.76953125,0.0,0.0,25.34375,0.0,5.5229644775390625
417.671,-0.0,0.0,0.0,0.0,0.0,-0.0,-0.0,0.0,0.0,0.0,23.4296875,0.0,0.0,0.0,25.91796875,0.0,0.0,0.0,26.30078125,0.0,0.0,0.0,24.00390625,0.0,0.0,25.7265625,0.0,5.5229644775390625
417.844,-0.0,0.0,0.0,0.0,0.0,-0.0,-0.0,0.0,0.0,0.0,23.62109375,0.0,0.0,0.0,26.875,0.0,0.0,0.0,26.4921875,0.0,0.0,0.0,24.578125,0.0,0.0,26.875,0.0,5.5229644775390625
418.019,-0.0,0.0,0.0,0.0,0.0,-0.0,-0.0,0.0,0.0,0.0,23.23828125,0.0,0.0,0.0,25.91796875,0.0,0.0,0.0,25.91796875,0.0,0.0,0.0,23.8125,0.0,0.0,25.91796875,0.0,5.5229644775390625
418.171,-0.0,0.0,0.0,0.0,0.0,-0.0,-0.0,0.0,0.0,0.0,23.62109375,0.0,0.0,0.0,26.30078125,0.0,0.0,0.0,26.30078125,0.0,0.0,0.0,24.38671875,0.0,0.0,25.7265625,0.0,5.5229644775390625
418.319,-0.0,0.0,0.0,0.0,0.0,-0.0,-0.0,0.0,0.0,0.0,23.8125,0.0,0.0,0.0,26.30078125,0.0,0.0,0.0,26.30078125,0.0,0.0,0.0,24.578125,0.0,0.0,24.76953125,0.0,5.5229644775390625
418.479,-0.0,0.0,0.0,0.0,0.0,-0.0,-0.0,0.0,0.0,0.0,23.4296875,0.0,0.0,0.0,26.30078125,0.0,0.0,0.0,26.68359375,0.0,0.0,0.0,23.8125,0.0,0.0,25.7265625,0.0,5.5229644775390625
418.643,-0.0,0.0,0.0,0.0,0.0,-0.0,-0.0,0.0,0.0,0.0,23.23828125,0.0,0.0,0.0,26.109375,0.0,0.0,0.0,26.875,0.0,0.0,0.0,24.578125,0.0,0.0,25.34375,0.0,5.5229644775390625
418.803,-0.0,0.0,0.0,0.0,0.0,-0.0,-0.0,0.0,0.0,0.0,23.4296875,0.0,0.0,0.0,26.4921875,0.0,0.0,0.0,26.109375,0.0,0.0,0.0,23.4296875,0.0,0.0,23.8125,0.0,5.5229644775390625
418.96,-0.0,0.0,0.0,0.0,0.0,-0.0,-0.0,0.0,0.0,0.0,24.00390625,0.0,0.0,0.0,26.4921875,0.0,0.0,0.0,26.109375,0.0,0.0,0.0,24.38671875,0.0,0.0,25.91796875,0.0,5.5229644775390625
419.117,-0.0,0.0,0.0,0.0,0.0,-0.0,-0.0,0.0,0.0,0.0,23.8125,0.0,0.0,0.0,26.4921875,0.0,0.0,0.0,26.109375,0.0,0.0,0.0,23.23828125,0.0,0.0,25.53515625,0.0,5.5229644775390625
419.276,-0.0,0.0,0.0,0.0,0.0,-0.0,-0.0,0.0,0.0,0.0,24.1953125,0.0,0.0,0.0,26.109375,0.0,0.0,0.0,26.30078125,0.0,0.0,0.0,24.00390625,0.0,0.0,24.00390625,0.0,5.532745361328125
419.436,-0.0,0.0,0.0,0.0,0.0,-0.0,-0.0,0.0,0.0,0.0,23.62109375,0.0,0.0,0.0,26.4921875,0.0,0.0,0.0,26.30078125,0.0,0.0,0.0,24.578125,0.0,0.0,25.7265625,0.0,5.5229644775390625
419.593,-0.0,0.0,0.0,0.0,0.0,-0.0,-0.0,0.0,0.0,0.0,23.62109375,0.0,0.0,0.0,26.30078125,0.0,0.0,0.0,26.109375,0.0,0.0,0.0,23.8125,0.0,0.0,25.15234375,0.0,5.5229644775390625
419.771,-0.0,0.0,0.0,0.0,0.0,-0.0,-0.0,0.0,0.0,0.0,23.046875,0.0,0.0,0.0,24.76953125,0.0,0.0,0.0,26.30078125,0.0,0.0,0.0,23.62109375,0.0,0.0,25.53515625,0.0,5.532745361328125
419.951,-0.0,0.0,0.0,0.0,0.0,-0.0,-0.0,0.0,0.0,0.0,23.62109375,0.0,0.0,0.0,26.30078125,0.0,0.0,0.0,25.7265625,0.0,0.0,0.0,23.4296875,0.0,0.0,25.91796875,0.0,5.5229644775390625
420.117,-0.0,0.0,0.0,0.0,0.0,-0.0,-0.0,0.0,0.0,0.0,23.23828125,0.0,0.0,0.0,26.109375,0.0,0.0,0.0,25.91796875,0.0,0.0,0.0,23.23828125,0.0,0.0,25.53515625,0.0,5.5229644775390625
420.278,-0.0,0.0,0.0,0.0,0.0,-0.0,-0.0,0.0,0.0,0.0,23.8125,0.0,0.0,0.0,26.109375,0.0,0.0,0.0,26.68359375,0.0,0.0,0.0,24.76953125,0.0,0.0,26.109375,0.0,5.532745361328125
420.431,-0.0,0.0,0.0,0.0,0.0,-0.0,-0.0,0.0,0.0,0.0,23.8125,0.0,0.0,0.0,26.30078125,0.0,0.0,0.0,25.7265625,0.0,0.0,0.0,23.8125,0.0,0.0,26.4921875,0.0,5.5229644775390625
420.606,-0.0,0.0,0.0,0.0,0.0,-0.0,-0.0,0.0,0.0,0.0,23.62109375,0.0,0.0,0.0,26.30078125,0.0,0.0,0.0,26.30078125,0.0,0.0,0.0,24.38671875,0.0,0.0,25.53515625,0.0,5.532745361328125
420.766,-0.0,0.0,0.0,0.0,0.0,-0.0,-0.0,0.0,0.0,0.0,23.4296875,0.0,0.0,0.0,26.4921875,0.0,0.0,0.0,26.4921875,0.0,0.0,0.0,23.8125,0.0,0.0,25.7265625,0.0,5.5229644775390625
420.917,-0.0,0.0,0.0,0.0,0.0,-0.0,-0.0,0.0,0.0,0.0,23.23828125,0.0,0.0,0.0,26.30078125,0.0,0.0,0.0,25.91796875,0.0,0.0,0.0,24.00390625,0.0,0.0,24.76953125,0.0,5.532745361328125
421.076,-0.0,0.0,0.0,0.0,0.0,-0.0,-0.0,0.0,0.0,0.0,23.4296875,0.0,0.0,0.0,25.91796875,0.0,0.0,0.0,26.68359375,0.0,0.0,0.0,24.38671875,0.0,0.0,25.53515625,0.0,5.5229644775390625
421.235,-0.0,0.0,0.0,0.0,0.0,-0.0,-0.0,0.0,0.0,0.0,24.00390625,0.0,0.0,0.0,25.7265625,0.0,0.0,0.0,26.30078125,0.0,0.0,0.0,23.4296875,0.0,0.0,25.15234375,0.0,5.5229644775390625
421.393,-0.0,0.0,0.0,0.0,0.0,-0.0,-0.0,0.0,0.0,0.0,23.4296875,0.0,0.0,0.0,26.4921875,0.0,0.0,0.0,26.30078125,0.0,0.0,0.0,23.8125,0.0,0.0,25.53515625,0.0,5.5229644775390625
421.556,-0.0,0.0,0.0,0.0,0.0,-0.0,-0.0,0.0,0.0,0.0,23.4296875,0.0,0.0,0.0,26.4921875,0.0,0.0,0.0,26.109375,0.0,0.0,0.0,24.00390625,0.0,0.0,25.53515625,0.0,5.532745361328125
421.725,-0.0,0.0,0.0,0.0,0.0,-0.0,-0.0,0.0,0.0,0.0,22.6640625,0.0,0.0,0.0,25.53515625,0.0,0.0,0.0,26.4921875,0.0,0.0,0.0,23.62109375,0.0,0.0,24.76953125,0.0,5.5229644775390625
421.883,-0.0,0.0,0.0,0.0,0.0,-0.0,-0.0,0.0,0.0,0.0,23.23828125,0.0,0.0,0.0,26.4921875,0.0,0.0,0.0,26.30078125,0.0,0.0,0.0,23.8125,0.0,0.0,24.76953125,0.0,5.532745361328125
422.048,-0.0,0.0,0.0,0.0,0.0,-0.0,-0.0,0.0,0.0,0.0,23.62109375,0.0,0.0,0.0,26.30078125,0.0,0.0,0.0,26.4921875,0.0,0.0,0.0,24.00390625,0.0,0.0,25.15234375,0.0,5.5229644775390625
422.212,-0.0,0.0,0.0,0.0,0.0,-0.0,-0.0,0.0,0.0,0.0,23.62109375,0.0,0.0,0.0,25.53515625,0.0,0.0,0.0,26.30078125,0.0,0.0,0.0,24.1953125,0.0,0.0,26.4921875,0.0,5.5229644775390625
422.377,-0.0,0.0,0.0,0.0,0.0,-0.0,-0.0,0.0,0.0,0.0,23.62109375,0.0,0.0,0.0,26.4921875,0.0,0.0,0.0,26.109375,0.0,0.0,0.0,23.8125,0.0,0.0,26.4921875,0.0,5.51318359375
422.538,-0.0,0.0,0.0,0.0,0.0,-0.0,-0.0,0.0,0.0,0.0,22.85546875,0.0,0.0,0.0,25.7265625,0.0,0.0,0.0,26.4921875,0.0,0.0,0.0,24.578125,0.0,0.0,25.34375,0.0,5.5229644775390625
422.689,-0.0,0.0,0.0,0.0,0.0,-0.0,-0.0,0.0,0.0,0.0,23.62109375,0.0,0.0,0.0,25.7265625,0.0,0.0,0.0,26.4921875,0.0,0.0,0.0,23.62109375,0.0,0.0,25.53515625,0.0,5.5229644775390625
422.857,-0.0,0.0,0.0,0.0,0.0,-0.0,-0.0,0.0,0.0,0.0,23.8125,0.0,0.0,0.0,26.30078125,0.0,0.0,0.0,25.91796875,0.0,0.0,0.0,23.62109375,0.0,0.0,25.15234375,0.0,5.5229644775390625
423.017,-0.0,0.0,0.0,0.0,0.0,-0.0,-0.0,0.0,0.0,0.0,22.08984375,0.0,0.0,0.0,27.06640625,0.0,0.0,0.0,25.91796875,0.0,0.0,0.0,24.1953125,0.0,0.0,26.109375,0.0,5.5229644775390625
423.178,-0.0,0.0,0.0,0.0,0.0,-0.0,-0.0,0.0,0.0,0.0,23.23828125,0.0,0.0,0.0,25.91796875,0.0,0.0,0.0,25.7265625,0.0,0.0,0.0,23.62109375,0.0,0.0,25.53515625,0.0,5.51318359375
423.344,-0.0,0.0,0.0,0.0,0.0,-0.0,-0.0,0.0,0.0,0.0,23.8125,0.0,0.0,0.0,26.30078125,0.0,0.0,0.0,26.30078125,0.0,0.0,0.0,24.1953125,0.0,0.0,24.38671875,0.0,5.532745361328125
423.517,-0.0,0.0,0.0,0.0,0.0,-0.0,-0.0,0.0,0.0,0.0,23.4296875,0.0,0.0,0.0,26.875,0.0,0.0,0.0,25.7265625,0.0,0.0,0.0,23.8125,0.0,0.0,25.53515625,0.0,5.5229644775390625
423.696,-0.0,0.0,0.0,0.0,0.0,-0.0,-0.0,0.0,0.0,0.0,23.4296875,0.0,0.0,0.0,26.30078125,0.0,0.0,0.0,26.30078125,0.0,0.0,0.0,24.00390625,0.0,0.0,25.15234375,0.0,5.532745361328125
423.875,-0.0,0.0,0.0,0.0,0.0,-0.0,-0.0,0.0,0.0,0.0,23.62109375,0.0,0.0,0.0,26.4921875,0.0,0.0,0.0,26.109375,0.0,0.0,0.0,24.1953125,0.0,0.0,25.53515625,0.0,5.5229644775390625
424.027,-0.0,0.0,0.0,0.0,0.0,-0.0,-0.0,0.0,0.0,0.0,24.00390625,0.0,0.0,0.0,26.68359375,0.0,0.0,0.0,25.91796875,0.0,0.0,0.0,23.8125,0.0,0.0,25.34375,0.0,5.51318359375
424.197,-0.0,0.0,0.0,0.0,0.0,-0.0,-0.0,0.0,0.0,0.0,23.23828125,0.0,0.0,0.0,26.109375,0.0,0.0,0.0,26.30078125,0.0,0.0,0.0,23.8125,0.0,0.0,26.4921875,0.0,5.5229644775390625
424.359,-0.0,0.0,0.0,0.0,0.0,-0.0,-0.0,0.0,0.0,0.0,23.046875,0.0,0.0,0.0,25.91796875,0.0,0.0,0.0,25.91796875,0.0,0.0,0.0,23.8125,0.0,0.0,25.34375,0.0,5.532745361328125
424.523,-0.0,0.0,0.0,0.0,0.0,-0.0,-0.0,0.0,0.0,0.0,23.23828125,0.0,0.0,0.0,26.109375,0.0,0.0,0.0,25.91796875,0.0,0.0,0.0,23.4296875,0.0,0.0,25.53515625,0.0,5.532745361328125
424.686,-0.0,0.0,0.0,0.0,0.0,-0.0,-0.0,0.0,0.0,0.0,23.4296875,0.0,0.0,0.0,26.109375,0.0,0.0,0.0,26.109375,0.0,0.0,0.0,23.8125,0.0,0.0,26.109375,0.0,5.532745361328125
424.846,-0.0,0.0,0.0,0.0,0.0,-0.0,-0.0,0.0,0.0,0.0,23.4296875,0.0,0.0,0.0,26.30078125,0.0,0.0,0.0,26.4921875,0.0,0.0,0.0,23.62109375,0.0,0.0,25.53515625,0.0,5.532745361328125
425.016,-0.0,0.0,0.0,0.0,0.0,-0.0,-0.0,0.0,0.0,0.0,23.8125,0.0,0.0,0.0,25.34375,0.0,0.0,0.0,25.91796875,0.0,0.0,0.0,24.1953125,0.0,0.0,25.7265625,0.0,5.5229644775390625
425.18,-0.0,0.0,0.0,0.0,0.0,-0.0,-0.0,0.0,0.0,0.0,23.4296875,0.0,0.0,0.0,26.109375,0.0,0.0,0.0,25.91796875,0.0,0.0,0.0,24.00390625,0.0,0.0,25.34375,0.0,5.532745361328125
425.337,-0.0,0.0,0.0,0.0,0.0,-0.0,-0.0,0.0,0.0,0.0,23.046875,0.0,0.0,0.0,26.30078125,0.0,0.0,0.0,26.109375,0.0,0.0,0.0,24.00390625,0.0,0.0,25.53515625,0.0,5.532745361328125
425.498,-0.0,0.0,0.0,0.0,0.0,-0.0,-0.0,0.0,0.0,0.0,23.046875,0.0,0.0,0.0,26.109375,0.0,0.0,0.0,25.91796875,0.0,0.0,0.0,23.62109375,0.0,0.0,25.34375,0.0,5.532745361328125
425.665,-0.0,0.0,0.0,0.0,0.0,-0.0,-0.0,0.0,0.0,0.0,23.62109375,0.0,0.0,0.0,26.30078125,0.0,0.0,0.0,25.7265625,0.0,0.0,0.0,23.62109375,0.0,0.0,24.38671875,0.0,5.5229644775390625
425.846,-0.0,0.0,0.0,0.0,0.0,-0.0,-0.0,0.0,0.0,0.0,23.23828125,0.0,0.0,0.0,25.91796875,0.0,0.0,0.0,26.109375,0.0,0.0,0.0,24.578125,0.0,0.0,25.53515625,0.0,5.532745361328125
426.005,-0.0,0.0,0.0,0.0,0.0,-0.0,-0.0,0.0,0.0,0.0,23.8125,0.0,0.0,0.0,26.30078125,0.0,0.0,0.0,25.7265625,0.0,0.0,0.0,23.8125,0.0,0.0,25.91796875,0.0,5.532745361328125
426.163,-0.0,0.0,0.0,0.0,0.0,-0.0,-0.0,0.0,0.0,0.0,23.4296875,0.0,0.0,0.0,26.68359375,0.0,0.0,0.0,25.91796875,0.0,0.0,0.0,24.00390625,0.0,0.0,25.7265625,0.0,5.532745361328125
426.325,-0.0,0.0,0.0,0.0,0.0,-0.0,-0.0,0.0,0.0,0.0,23.8125,0.0,0.0,0.0,26.68359375,0.0,0.0,0.0,26.30078125,0.0,0.0,0.0,24.1953125,0.0,0.0,25.15234375,0.0,5.5229644775390625
426.478,-0.0,0.0,0.0,0.0,0.0,-0.0,-0.0,0.0,0.0,0.0,23.62109375,0.0,0.0,0.0,26.109375,0.0,0.0,0.0,26.30078125,0.0,0.0,0.0,23.62109375,0.0,0.0,25.53515625,0.0,5.532745361328125
426.677,-0.0,0.0,0.0,0.0,0.0,-0.0,-0.0,0.0,0.0,0.0,23.23828125,0.0,0.0,0.0,26.30078125,0.0,0.0,0.0,26.30078125,0.0,0.0,0.0,24.00390625,0.0,0.0,25.53515625,0.0,5.5229644775390625
426.839,-0.0,0.0,0.0,0.0,0.0,-0.0,-0.0,0.0,0.0,0.0,22.47265625,0.0,0.0,0.0,26.30078125,0.0,0.0,0.0,25.53515625,0.0,0.0,0.0,23.62109375,0.0,0.0,25.91796875,0.0,5.5229644775390625
426.997,-0.0,0.0,0.0,0.0,0.0,-0.0,-0.0,0.0,0.0,0.0,23.4296875,0.0,0.0,0.0,25.91796875,0.0,0.0,0.0,26.109375,0.0,0.0,0.0,24.1953125,0.0,0.0,26.109375,0.0,5.532745361328125
427.156,-0.0,0.0,0.0,0.0,0.0,-0.0,-0.0,0.0,0.0,0.0,23.62109375,0.0,0.0,0.0,25.53515625,0.0,0.0,0.0,25.91796875,0.0,0.0,0.0,24.38671875,0.0,0.0,25.53515625,0.0,5.532745361328125
S: 157526261753 Toggled Solenoid
427.32,-0.0,0.0,0.0,0.0,0.0,-0.0,-0.0,0.0,0.0,0.0,23.62109375,0.0,0.0,0.0,26.68359375,0.0,0.0,0.0,26.109375,0.0,0.0,0.0,24.1953125,10.859375,41.828125,25.7265625,0.0,5.5229644775390625
427.498,-0.0,0.0,0.0,0.0,0.0,-0.0,-0.0,0.0,0.0,0.0,23.4296875,0.0,0.0,0.0,25.7265625,0.0,0.0,0.0,26.30078125,0.0,0.0,0.0,23.8125,11.59765625,25.94140625,25.91796875,0.0,5.5229644775390625
427.67,-0.0,0.0,0.0,0.0,0.0,-0.0,-0.0,0.0,0.0,0.0,24.1953125,0.0,0.0,0.0,26.30078125,2.7931976318359375,0.0,0.0,25.7265625,0.0,0.0,0.0,24.00390625,11.984375,18.32421875,25.53515625,0.0,5.5229644775390625
S: 157526262271 Toggled Solenoid
427.847,-0.0,0.0,0.0,0.0,0.0,-0.0,-0.0,0.0,0.0,0.0,23.62109375,0.0,0.0,0.0,26.4921875,3.4337310791015625,0.0,0.0,25.53515625,0.0,0.0,0.0,24.00390625,0.0,0.0,24.578125,0.0,5.5229644775390625
428.016,-0.0,0.0,0.0,0.0,0.0,-0.0,-0.0,0.0,0.0,0.0,23.4296875,0.0,0.0,0.0,26.30078125,-5.429290771484375,0.0,0.0,25.91796875,0.0,0.0,0.0,23.62109375,0.0,0.0,24.38671875,0.0,5.5229644775390625
428.183,-0.0,0.0,0.0,0.0,0.0,-0.0,-0.0,0.0,0.0,0.0,23.4296875,0.0,0.0,0.0,26.30078125,-6.2321929931640625,0.0,0.0,25.91796875,0.0,0.0,0.0,23.4296875,0.0,0.0,24.1953125,0.0,5.5229644775390625
428.347,-0.0,0.0,0.0,0.0,0.0,-0.0,-0.0,0.0,0.0,0.0,23.8125,0.0,0.0,0.0,26.30078125,28.32275390625,0.0,0.0,26.30078125,0.0,0.0,0.0,23.8125,0.0,0.0,25.34375,0.0,5.5229644775390625
428.506,-0.0,0.0,0.0,0.0,0.0,-0.0,-0.0,0.0,0.0,0.0,23.4296875,0.0,0.0,0.0,26.109375,4.3962249755859375,0.0,0.0,25.91796875,0.0,0.0,0.0,24.1953125,0.0,0.0,26.109375,0.0,5.5229644775390625
428.667,-0.0,0.0,0.0,0.0,0.0,-0.0,-0.0,0.0,0.0,0.0,22.08984375,0.0,0.0,0.0,25.7265625,0.0,0.0,0.0,25.91796875,0.0,0.0,0.0,24.1953125,0.0,0.0,25.15234375,0.0,5.5229644775390625
428.827,-0.0,0.0,0.0,0.0,0.0,-0.0,-0.0,0.0,0.0,0.0,23.4296875,0.0,0.0,0.0,25.7265625,-4.845733642578125,0.0,0.0,25.91796875,0.0,0.0,0.0,23.4296875,0.0,0.0,25.53515625,0.0,5.5229644775390625
428.987,-0.0,0.0,0.0,0.0,0.0,-0.0,-0.0,0.0,0.0,0.0,23.62109375,0.0,0.0,0.0,25.91796875,3.9262237548828125,0.0,0.0,25.7265625,0.0,0.0,0.0,23.8125,0.0,0.0,24.9609375,0.0,5.5229644775390625
429.146,-0.0,0.0,0.0,0.0,0.0,-0.0,-0.0,0.0,0.0,0.0,22.85546875,0.0,0.0,0.0,26.109375,0.0,0.0,0.0,25.53515625,0.0,0.0,0.0,24.38671875,0.0,0.0,25.34375,0.0,5.5229644775390625
429.306,-0.0,0.0,0.0,0.0,0.0,-0.0,-0.0,0.0,0.0,0.0,23.4296875,0.0,0.0,0.0,26.30078125,0.0,0.0,0.0,26.109375,0.0,0.0,0.0,24.00390625,0.0,0.0,25.53515625,0.0,5.5229644775390625
S: 157526263900 Toggled Solenoid
429.467,-0.0,0.0,0.0,0.0,0.0,-0.0,-0.0,0.0,0.0,0.0,23.62109375,0.0,0.0,0.0,26.109375,0.0,0.0,0.0,26.68359375,0.0,0.0,0.0,23.62109375,11.0703125,40.515625,25.34375,0.0,5.5229644775390625
429.659,-0.0,0.0,0.0,0.0,0.0,-0.0,-0.0,0.0,0.0,0.0,23.62109375,0.0,0.0,0.0,27.44921875,0.0,0.0,0.0,26.30078125,0.0,0.0,0.0,24.578125,11.5625,24.1015625,24.00390625,0.0,5.51318359375
S: 157526264255 Toggled Solenoid
429.828,-0.0,0.0,0.0,0.0,0.0,-0.0,-0.0,0.0,0.0,0.0,22.6640625,0.0,0.0,0.0,26.875,-8.370742797851562,0.0,0.0,26.109375,0.0,0.0,0.0,23.8125,11.94921875,17.14453125,26.109375,0.0,5.5229644775390625
429.997,-0.0,0.0,0.0,0.0,0.0,-0.0,-0.0,0.0,0.0,0.0,23.046875,0.0,0.0,0.0,26.109375,0.0,0.0,0.0,25.91796875,0.0,0.0,0.0,24.00390625,0.0,0.0,26.30078125,0.0,5.5229644775390625
430.165,-0.0,0.0,0.0,0.0,0.0,-0.0,-0.0,0.0,0.0,0.0,23.23828125,0.0,0.0,0.0,26.30078125,27.933761596679688,0.0,0.0,26.109375,0.0,0.0,0.0,23.8125,0.0,0.0,25.91796875,0.0,5.532745361328125
430.323,-0.0,0.0,0.0,0.0,0.0,-0.0,-0.0,0.0,0.0,0.0,23.046875,0.0,0.0,0.0,25.91796875,12.889114379882812,0.0,0.0,25.53515625,0.0,0.0,0.0,24.00390625,0.0,0.0,25.34375,0.0,5.5229644775390625
430.489,-0.0,0.0,0.0,0.0,0.0,-0.0,-0.0,0.0,0.0,0.0,23.8125,0.0,0.0,0.0,26.109375,-10.74566650390625,0.0,0.0,25.7265625,0.0,0.0,0.0,24.1953125,0.0,0.0,24.76953125,0.0,5.5229644775390625
430.648,-0.0,0.0,0.0,0.0,0.0,-0.0,-0.0,0.0,0.0,0.0,24.00390625,0.0,0.0,0.0,26.4921875,-13.41558837890625,0.0,0.0,25.7265625,0.0,0.0,0.0,24.00390625,0.0,0.0,25.34375,0.0,5.5229644775390625
S: 157526265250 Toggled Solenoid
430.815,-0.0,0.0,0.0,0.0,0.0,-0.0,-0.0,0.0,0.0,0.0,23.23828125,0.0,0.0,0.0,25.7265625,-2.885345458984375,0.0,0.0,25.34375,0.0,0.0,0.0,23.4296875,10.71875,39.859375,25.7265625,0.0,5.5229644775390625
430.984,-0.0,0.0,0.0,0.0,0.0,-0.0,-0.0,0.0,0.0,0.0,24.00390625,0.0,0.0,0.0,26.109375,3.6296234130859375,0.0,0.0,26.68359375,0.0,0.0,0.0,23.8125,11.31640625,25.546875,25.15234375,0.0,5.5229644775390625
S: 157526265578 Toggled Solenoid
431.156,-0.0,0.0,0.0,0.0,0.0,-0.0,-0.0,0.0,0.0,0.0,23.23828125,0.0,0.0,0.0,25.91796875,-11.827133178710938,0.0,0.0,25.91796875,0.0,0.0,0.0,23.4296875,11.59765625,18.0625,25.53515625,0.0,5.5229644775390625
431.325,-0.0,0.0,0.0,0.0,0.0,-0.0,-0.0,0.0,0.0,0.0,24.578125,0.0,0.0,0.0,26.68359375,0.0,0.0,0.0,26.109375,0.0,0.0,0.0,24.00390625,11.73828125,14.51953125,24.9609375,0.0,5.51318359375
431.485,-0.0,0.0,0.0,0.0,0.0,-0.0,-0.0,0.0,0.0,0.0,23.4296875,0.0,0.0,0.0,25.7265625,15.817947387695312,0.0,0.0,26.30078125,0.0,0.0,0.0,23.62109375,0.0,0.0,25.34375,0.0,5.5229644775390625
431.655,-0.0,0.0,0.0,0.0,0.0,-0.0,-0.0,0.0,0.0,0.0,24.1953125,0.0,0.0,0.0,26.30078125,6.4903106689453125,0.0,0.0,25.91796875,0.0,0.0,0.0,24.00390625,0.0,0.0,25.34375,0.0,5.5229644775390625
431.825,-0.0,0.0,0.0,0.0,0.0,-0.0,-0.0,0.0,0.0,0.0,23.23828125,0.0,0.0,0.0,25.7265625,-7.176025390625,0.0,0.0,25.34375,0.0,0.0,0.0,24.00390625,0.0,0.0,25.34375,0.0,5.5229644775390625
431.985,-0.0,0.0,0.0,0.0,0.0,-0.0,-0.0,0.0,0.0,0.0,23.23828125,0.0,0.0,0.0,26.109375,-5.6738128662109375,0.0,0.0,25.7265625,0.0,0.0,0.0,24.1953125,0.0,0.0,24.38671875,0.0,5.5229644775390625
432.155,-0.0,0.0,0.0,0.0,0.0,-0.0,-0.0,0.0,0.0,0.0,23.046875,0.0,0.0,0.0,26.4921875,0.0,0.0,0.0,25.91796875,0.0,0.0,0.0,23.62109375,0.0,0.0,25.7265625,0.0,5.5229644775390625
432.322,-0.0,0.0,0.0,0.0,0.0,-0.0,-0.0,0.0,0.0,0.0,23.62109375,0.0,0.0,0.0,26.4921875,0.0,0.0,0.0,26.30078125,0.0,0.0,0.0,23.8125,0.0,0.0,26.4921875,0.0,5.5229644775390625
432.485,-0.0,0.0,0.0,0.0,0.0,-0.0,-0.0,0.0,0.0,0.0,23.4296875,0.0,0.0,0.0,26.30078125,0.0,0.0,0.0,25.91796875,0.0,0.0,0.0,23.8125,0.0,0.0,25.15234375,0.0,5.5229644775390625
432.643,-0.0,0.0,0.0,0.0,0.0,-0.0,-0.0,0.0,0.0,0.0,23.8125,0.0,0.0,0.0,26.109375,0.0,0.0,0.0,25.91796875,0.0,0.0,0.0,24.38671875,0.0,0.0,25.34375,0.0,5.532745361328125
432.823,-0.0,0.0,0.0,0.0,0.0,-0.0,-0.0,0.0,0.0,0.0,23.23828125,0.0,0.0,0.0,26.30078125,0.0,0.0,0.0,25.53515625,0.0,0.0,0.0,24.1953125,0.0,0.0,24.9609375,0.0,5.5229644775390625
432.984,-0.0,0.0,0.0,0.0,0.0,-0.0,-0.0,0.0,0.0,0.0,23.8125,0.0,0.0,0.0,26.4921875,0.0,0.0,0.0,25.7265625,0.0,0.0,0.0,24.38671875,0.0,0.0,24.9609375,0.0,5.5229644775390625
433.144,-0.0,0.0,0.0,0.0,0.0,-0.0,-0.0,0.0,0.0,0.0,23.62109375,0.0,0.0,0.0,26.30078125,0.0,0.0,0.0,26.30078125,0.0,0.0,0.0,23.8125,0.0,0.0,25.34375,0.0,5.5229644775390625
433.304,-0.0,0.0,0.0,0.0,0.0,-0.0,-0.0,0.0,0.0,0.0,23.23828125,0.0,0.0,0.0,26.30078125,0.0,0.0,0.0,25.53515625,0.0,0.0,0.0,24.1953125,0.0,0.0,25.15234375,0.0,5.51318359375
433.476,-0.0,0.0,0.0,0.0,0.0,-0.0,-0.0,0.0,0.0,0.0,23.62109375,0.0,0.0,0.0,26.4921875,0.0,0.0,0.0,25.7265625,0.0,0.0,0.0,23.4296875,0.0,0.0,25.34375,0.0,5.532745361328125
433.646,-0.0,0.0,0.0,0.0,0.0,-0.0,-0.0,0.0,0.0,0.0,23.62109375,0.0,0.0,0.0,25.91796875,0.0,0.0,0.0,25.7265625,0.0,0.0,0.0,24.1953125,0.0,0.0,24.76953125,0.0,5.51318359375
433.824,-0.0,0.0,0.0,0.0,0.0,-0.0,-0.0,0.0,0.0,0.0,23.4296875,0.0,0.0,0.0,26.109375,0.0,0.0,0.0,26.30078125,0.0,0.0,0.0,23.62109375,0.0,0.0,24.9609375,0.0,5.5229644775390625
433.986,-0.0,0.0,0.0,0.0,0.0,-0.0,-0.0,0.0,0.0,0.0,23.62109375,0.0,0.0,0.0,26.109375,0.0,0.0,0.0,26.109375,0.0,0.0,0.0,24.1953125,0.0,0.0,24.76953125,0.0,5.5229644775390625
434.144,-0.0,0.0,0.0,0.0,0.0,-0.0,-0.0,0.0,0.0,0.0,23.8125,0.0,0.0,0.0,26.4921875,0.0,0.0,0.0,26.109375,0.0,0.0,0.0,24.00390625,0.0,0.0,25.15234375,0.0,5.532745361328125
434.315,-0.0,0.0,0.0,0.0,0.0,-0.0,-0.0,0.0,0.0,0.0,24.1953125,0.0,0.0,0.0,26.4921875,0.0,0.0,0.0,26.109375,0.0,0.0,0.0,23.8125,0.0,0.0,24.9609375,0.0,5.5229644775390625
434.478,-0.0,0.0,0.0,0.0,0.0,-0.0,-0.0,0.0,0.0,0.0,24.38671875,0.0,0.0,0.0,26.109375,0.0,0.0,0.0,25.91796875,0.0,0.0,0.0,23.8125,0.0,0.0,24.9609375,0.0,5.532745361328125
434.639,-0.0,0.0,0.0,0.0,0.0,-0.0,-0.0,0.0,0.0,0.0,22.85546875,0.0,0.0,0.0,26.30078125,0.0,0.0,0.0,26.4921875,0.0,0.0,0.0,24.38671875,0.0,0.0,24.9609375,0.0,5.5229644775390625
434.803,-0.0,0.0,0.0,0.0,0.0,-0.0,-0.0,0.0,0.0,0.0,24.00390625,0.0,0.0,0.0,26.68359375,0.0,0.0,0.0,26.30078125,0.0,0.0,0.0,24.76953125,0.0,0.0,24.9609375,0.0,5.5229644775390625
434.966,-0.0,0.0,0.0,0.0,0.0,-0.0,-0.0,0.0,0.0,0.0,23.046875,0.0,0.0,0.0,26.109375,0.0,0.0,0.0,26.4921875,0.0,0.0,0.0,24.00390625,0.0,0.0,25.34375,0.0,5.5229644775390625
435.135,-0.0,0.0,0.0,0.0,0.0,-0.0,-0.0,0.0,0.0,0.0,22.85546875,0.0,0.0,0.0,27.44921875,0.0,0.0,0.0,25.91796875,0.0,0.0,0.0,23.4296875,0.0,0.0,25.15234375,0.0,5.5229644775390625
435.296,-0.0,0.0,0.0,0.0,0.0,-0.0,-0.0,0.0,0.0,0.0,23.4296875,0.0,0.0,0.0,26.109375,0.0,0.0,0.0,26.30078125,0.0,0.0,0.0,23.62109375,0.0,0.0,24.76953125,0.0,5.5229644775390625
435.467,-0.0,0.0,0.0,0.0,0.0,-0.0,-0.0,0.0,0.0,0.0,24.38671875,0.0,0.0,0.0,26.109375,0.0,0.0,0.0,25.91796875,0.0,0.0,0.0,24.38671875,0.0,0.0,24.578125,0.0,5.532745361328125
435.643,-0.0,0.0,0.0,0.0,0.0,-0.0,-0.0,0.0,0.0,0.0,22.85546875,0.0,0.0,0.0,25.91796875,0.0,0.0,0.0,26.30078125,0.0,0.0,0.0,24.38671875,0.0,0.0,25.34375,0.0,5.5229644775390625
435.865,-0.0,0.0,0.0,0.0,0.0,-0.0,-0.0,0.0,0.0,0.0,23.23828125,0.0,0.0,0.0,25.91796875,0.0,0.0,0.0,25.91796875,0.0,0.0,0.0,24.1953125,0.0,0.0,26.109375,0.0,5.51318359375
436.026,-0.0,0.0,0.0,0.0,0.0,-0.0,-0.0,0.0,0.0,0.0,23.62109375,0.0,0.0,0.0,26.4921875,0.0,0.0,0.0,26.109375,0.0,0.0,0.0,23.8125,0.0,0.0,25.15234375,0.0,5.5229644775390625
436.185,-0.0,0.0,0.0,0.0,0.0,-0.0,-0.0,0.0,0.0,0.0,23.23828125,0.0,0.0,0.0,26.30078125,0.0,0.0,0.0,26.30078125,0.0,0.0,0.0,23.62109375,0.0,0.0,25.15234375,0.0,5.532745361328125
436.346,-0.0,0.0,0.0,0.0,0.0,-0.0,-0.0,0.0,0.0,0.0,23.8125,0.0,0.0,0.0,26.109375,0.0,0.0,0.0,25.34375,0.0,0.0,0.0,24.00390625,0.0,0.0,25.15234375,0.0,5.5229644775390625
436.515,-0.0,0.0,0.0,0.0,0.0,-0.0,-0.0,0.0,0.0,0.0,23.23828125,0.0,0.0,0.0,26.4921875,0.0,0.0,0.0,26.109375,0.0,0.0,0.0,24.38671875,0.0,0.0,25.91796875,0.0,5.5229644775390625
436.676,-0.0,0.0,0.0,0.0,0.0,-0.0,-0.0,0.0,0.0,0.0,23.62109375,0.0,0.0,0.0,25.53515625,0.0,0.0,0.0,26.109375,0.0,0.0,0.0,24.00390625,0.0,0.0,25.15234375,0.0,5.5229644775390625
436.845,-0.0,0.0,0.0,0.0,0.0,-0.0,-0.0,0.0,0.0,0.0,23.62109375,0.0,0.0,0.0,26.109375,0.0,0.0,0.0,25.91796875,0.0,0.0,0.0,24.00390625,0.0,0.0,25.34375,0.0,5.5229644775390625
437.006,-0.0,0.0,0.0,0.0,0.0,-0.0,-0.0,0.0,0.0,0.0,24.1953125,0.0,0.0,0.0,26.4921875,0.0,0.0,0.0,26.30078125,0.0,0.0,0.0,23.62109375,0.0,0.0,24.9609375,0.0,5.5229644775390625
437.16,-0.0,0.0,0.0,0.0,0.0,-0.0,-0.0,0.0,0.0,0.0,24.00390625,0.0,0.0,0.0,26.4921875,0.0,0.0,0.0,26.30078125,0.0,0.0,0.0,23.8125,0.0,0.0,25.7265625,0.0,5.5229644775390625
437.316,-0.0,0.0,0.0,0.0,0.0,-0.0,-0.0,0.0,0.0,0.0,23.8125,0.0,0.0,0.0,26.4921875,0.0,0.0,0.0,26.4921875,0.0,0.0,0.0,24.1953125,0.0,0.0,25.53515625,0.0,5.5229644775390625
437.495,-0.0,0.0,0.0,0.0,0.0,-0.0,-0.0,0.0,0.0,0.0,23.4296875,0.0,0.0,0.0,25.34375,0.0,0.0,0.0,26.30078125,0.0,0.0,0.0,24.1953125,0.0,0.0,24.9609375,0.0,5.5229644775390625
437.664,-0.0,0.0,0.0,0.0,0.0,-0.0,-0.0,0.0,0.0,0.0,23.62109375,0.0,0.0,0.0,26.109375,0.0,0.0,0.0,25.91796875,0.0,0.0,0.0,23.62109375,0.0,0.0,25.15234375,0.0,5.5229644775390625
437.822,-0.0,0.0,-0.0078125,0.0,0.0,-0.0,-0.0,0.0,0.0,0.0,23.23828125,0.0,0.0,0.0,26.109375,0.0,0.0,0.0,25.53515625,0.0,0.0,0.0,24.38671875,0.0,0.0,24.9609375,0.0,5.5229644775390625
437.987,-0.0,0.0,-0.0078125,0.0,0.0,-0.0,-0.0,0.0,0.0,0.0,23.62109375,0.0,0.0,0.0,25.91796875,0.0,0.0,0.0,26.30078125,0.0,0.0,0.0,24.38671875,0.0,0.0,25.34375,0.0,5.532745361328125
438.155,-0.0,0.0,-0.0078125,0.0,0.0,-0.0,-0.0,0.0,0.0,0.0,23.62109375,0.0,0.0,0.0,26.30078125,0.0,0.0,0.0,25.91796875,0.0,0.0,0.0,24.00390625,0.0,0.0,25.91796875,0.0,5.5229644775390625
438.317,-0.0,0.0,-0.0078125,0.0,0.0,-0.0,-0.0,0.0,0.0,0.0,23.8125,0.0,0.0,0.0,25.15234375,0.0,0.0,0.0,26.109375,0.0,0.0,0.0,24.00390625,0.0,0.0,24.1953125,0.0,5.5229644775390625
438.476,-0.0,0.0,-0.0078125,0.0,0.0,-0.0,-0.0,0.0,0.0,0.0,23.8125,0.0,0.0,0.0,25.7265625,0.0,0.0,0.0,26.109375,0.0,0.0,0.0,23.4296875,0.0,0.0,24.76953125,0.0,5.5229644775390625
438.638,-0.0,0.0,-0.0078125,0.0,0.0,-0.0,-0.0,0.0,0.0,0.0,23.4296875,0.0,0.0,0.0,26.4921875,0.0,0.0,0.0,26.4921875,0.0,0.0,0.0,24.1953125,0.0,0.0,24.9609375,0.0,5.532745361328125
438.819,-0.0,0.0,-0.0078125,0.0,0.0,-0.0,-0.0,0.0,0.0,0.0,23.62109375,0.0,0.0,0.0,25.7265625,0.0,0.0,0.0,25.91796875,0.0,0.0,0.0,24.00390625,0.0,0.0,25.34375,0.0,5.5229644775390625
438.985,-0.0,0.0,-0.0078125,0.0,0.0,-0.0,-0.0,0.0,0.0,0.0,23.4296875,0.0,0.0,0.0,26.30078125,0.0,0.0,0.0,26.109375,0.0,0.0,0.0,23.62109375,0.0,0.0,25.91796875,0.0,5.51318359375
439.155,-0.0,0.0,-0.0078125,0.0,0.0,-0.0,-0.0,0.0,0.0,0.0,23.62109375,0.0,0.0,0.0,27.06640625,0.0,0.0,0.0,25.7265625,0.0,0.0,0.0,24.1953125,0.0,0.0,24.76953125,0.0,5.5229644775390625
439.335,-0.05511811023622047,0.0,-0.0078125,0.0,0.0,-0.0,-0.0,0.0,0.0,0.0,23.23828125,0.0,0.0,0.0,25.91796875,0.0,0.0,0.0,26.30078125,0.0,0.0,0.0,24.00390625,0.0,0.0,24.9609375,0.0,5.5229644775390625
439.497,-0.15748031496062992,0.0,-0.0078125,0.0,0.0,-0.0,-0.0,0.0,0.0,0.0,22.85546875,0.0,0.0,0.0,26.4921875,0.0,0.0,0.0,26.68359375,0.0,0.0,0.0,24.1953125,0.0,0.0,25.15234375,0.0,5.532745361328125
439.665,-0.33070866141732286,-0.0234375,-0.0078125,0.23622047244094493,0.23622047244094482,-0.23622047244094493,-0.23622047244094482,0.0,2.84765625,13.203125,23.046875,0.0,2.6875,11.49609375,25.53515625,-20.26202392578125,-2.83203125,10.4453125,25.91796875,0.0,-2.79296875,15.04296875,24.1953125,0.0,0.0,25.53515625,0.0,5.5620574951171875
439.849,-0.3779527559055118,-0.0234375,-0.0078125,0.3543307086614174,0.3543307086614172,-0.3543307086614174,-0.3543307086614172,-4.23260498046875,4.14453125,12.6796875,23.4296875,0.0,4.05859375,19.640625,27.06640625,-102.94631958007812,-4.1484375,11.76171875,26.30078125,0.0,-4.17578125,14.6484375,23.8125,0.0,0.0,24.9609375,0.0,5.532745361328125
440.025,-0.3779527559055118,-0.0234375,-0.0078125,0.3779527559055119,0.3779527559055117,-0.3779527559055119,-0.3779527559055117,-88.41813659667969,4.4765625,13.46875,23.046875,0.0,4.328125,13.203125,26.68359375,-118.99227905273438,-4.5078125,9.3984375,26.4921875,0.0,-4.48046875,14.125,24.00390625,0.0,0.0,25.15234375,0.0,5.5229644775390625
440.187,-0.3779527559055118,-0.0234375,-0.0078125,0.3779527559055119,0.3779527559055117,-0.3779527559055119,-0.3779527559055117,-76.68037414550781,4.54296875,10.18359375,23.8125,0.0,4.26171875,9.66015625,26.4921875,-154.0745391845703,-4.546875,6.90234375,26.4921875,0.0,-4.5078125,14.125,24.76953125,0.0,0.0,25.34375,0.0,5.532745361328125
440.367,-0.3937007874015748,-0.0234375,-0.0078125,0.3779527559055119,0.3779527559055117,-0.3779527559055119,-0.3779527559055117,138.23391723632812,4.54296875,8.73828125,23.4296875,0.0,4.328125,9.66015625,25.91796875,-139.1455535888672,-4.59765625,6.375,26.109375,0.0,-4.546875,9.66015625,23.4296875,0.0,0.0,25.53515625,0.0,5.542510986328125
440.542,-0.3937007874015748,-0.0234375,-0.0078125,0.39370078740157494,0.3937007874015747,-0.39370078740157494,-0.3937007874015747,18.704605102539062,4.74609375,8.21484375,23.23828125,0.0,4.69140625,5.45703125,25.91796875,-156.77308654785156,-4.734375,7.69140625,25.91796875,0.0,-4.76171875,10.4453125,24.00390625,0.0,0.0,24.1953125,0.0,5.542510986328125
440.708,-0.3937007874015748,-0.0234375,-0.0078125,0.39370078740157494,0.3937007874015747,-0.39370078740157494,-0.3937007874015747,-90.85316467285156,4.7578125,6.90234375,23.62109375,0.0,4.69140625,6.11328125,26.30078125,-177.08909606933594,-4.7890625,8.34765625,26.30078125,0.0,-4.7890625,6.640625,24.38671875,0.0,0.0,25.34375,0.0,5.4936370849609375
440.882,-0.41732283464566927,-0.0234375,-0.0078125,0.39370078740157494,0.3937007874015747,-0.39370078740157494,-0.3937007874015747,59.17979431152344,4.80078125,7.296875,23.4296875,0.0,4.71875,4.93359375,25.34375,-175.84027099609375,-4.81640625,5.1953125,26.109375,0.0,-4.77734375,8.609375,23.23828125,0.0,0.0,25.7265625,0.0,5.532745361328125
441.058,-0.41732283464566927,-0.0234375,-0.0078125,0.4173228346456694,0.41732283464566916,-0.4173228346456694,-0.41732283464566916,-13.315887451171875,5.05859375,6.5078125,23.8125,0.0,4.85546875,7.1640625,26.4921875,-213.72515869140625,-5.078125,5.8515625,26.30078125,0.0,-5.03515625,10.4453125,23.62109375,0.0,0.0,24.578125,0.0,5.474090576171875
441.227,-0.41732283464566927,-0.0234375,-0.0078125,0.4173228346456694,0.41732283464566916,-0.4173228346456694,-0.41732283464566916,-160.9995574951172,5.015625,7.42578125,22.85546875,0.0,4.8671875,6.5078125,26.30078125,-168.92486572265625,-5.046875,6.24609375,26.4921875,0.0,-5.01953125,9.1328125,23.8125,0.0,0.0,25.34375,0.0,5.483856201171875
441.409,-0.41732283464566927,-0.0234375,-0.0078125,0.4173228346456694,0.41732283464566916,-0.4173228346456694,-0.41732283464566916,161.6297607421875,5.05859375,8.21484375,22.47265625,0.0,4.97265625,6.24609375,26.30078125,-221.24913024902344,-5.10546875,6.11328125,25.91796875,0.0,-5.046875,7.42578125,24.00390625,0.0,0.0,25.91796875,0.0,5.50341796875
441.585,-0.41732283464566927,-0.0234375,-0.0078125,0.4173228346456694,0.41732283464566916,-0.4173228346456694,-0.41732283464566916,-25.83892822265625,5.07421875,7.42578125,23.046875,0.0,4.984375,5.984375,26.30078125,-184.87313842773438,-5.078125,5.984375,25.91796875,0.0,-5.0625,6.90234375,23.8125,0.0,0.0,25.15234375,0.0,5.44476318359375
441.76,-0.41732283464566927,-0.0234375,-0.0078125,0.4173228346456694,0.41732283464566916,-0.4173228346456694,-0.41732283464566916,-15.731582641601562,5.07421875,6.11328125,23.23828125,0.0,4.95703125,5.984375,26.4921875,-189.89219665527344,-5.09375,5.984375,25.7265625,0.0,-5.078125,8.609375,24.38671875,0.0,0.0,25.34375,0.0,5.474090576171875
441.946,-0.41732283464566927,-0.0234375,-0.0078125,0.4173228346456694,0.41732283464566916,-0.4173228346456694,-0.41732283464566916,9.468475341796875,5.08984375,5.8515625,23.046875,0.0,5.0,5.45703125,25.7265625,-252.78125,-5.12109375,5.0625,25.91796875,0.0,-5.046875,7.69140625,23.4296875,0.0,0.0,26.109375,0.0,5.4936370849609375
442.116,-0.41732283464566927,-0.0234375,-0.0078125,0.4173228346456694,0.41732283464566916,-0.4173228346456694,-0.41732283464566916,-166.27694702148438,5.08984375,6.24609375,23.4296875,0.0,4.984375,5.1953125,25.34375,-189.2464599609375,-5.12109375,4.80078125,26.109375,0.0,-5.046875,9.66015625,23.4296875,0.0,0.0,24.9609375,0.0,5.4936370849609375
442.285,-0.41732283464566927,-0.0234375,-0.0078125,0.4173228346456694,0.41732283464566916,-0.4173228346456694,-0.41732283464566916,32.683074951171875,5.05859375,7.42578125,23.046875,0.0,5.0,4.93359375,26.4921875,-240.02999877929688,-5.078125,5.58984375,26.4921875,0.0,-5.09375,5.1953125,24.38671875,0.0,0.0,24.9609375,0.0,5.4936370849609375
442.458,-0.41732283464566927,-0.0234375,-0.0078125,0.4173228346456694,0.41732283464566916,-0.4173228346456694,-0.41732283464566916,-29.430465698242188,5.07421875,7.8203125,23.046875,0.0,4.95703125,5.8515625,25.91796875,-157.6937255859375,-5.078125,5.984375,25.7265625,0.0,-5.078125,6.640625,24.578125,0.0,0.0,24.9609375,0.0,5.51318359375
442.627,-0.41732283464566927,-0.0234375,-0.0078125,0.4173228346456694,0.41732283464566916,-0.4173228346456694,-0.41732283464566916,-61.98345947265625,5.07421875,5.984375,23.62109375,0.0,4.83984375,6.90234375,25.91796875,-148.44021606445312,-5.078125,6.24609375,25.91796875,0.0,-5.046875,9.52734375,23.4296875,0.0,0.0,24.578125,0.0,5.50341796875
442.807,-0.41732283464566927,-0.0234375,-0.0078125,0.4173228346456694,0.41732283464566916,-0.4173228346456694,-0.41732283464566916,10.10943603515625,5.07421875,7.1640625,22.85546875,0.0,4.94140625,5.58984375,26.30078125,-222.4539337158203,-5.0625,4.66796875,26.109375,0.0,-5.0625,6.24609375,24.1953125,0.0,0.0,25.34375,0.0,5.483856201171875
442.982,-0.6456692913385826,-0.0234375,-0.0078125,0.47244094488188987,0.47244094488188965,-0.47244094488188987,-0.47244094488188965,-201.22621154785156,5.6953125,8.34765625,24.1953125,0.0,5.4453125,7.03125,26.109375,-152.55650329589844,-5.515625,8.08203125,26.109375,0.0,-5.53125,7.8203125,23.62109375,0.0,0.0,25.15234375,0.0,5.50341796875
443.17,-0.7637795275590551,-0.0234375,0.12598425196850394,0.7007874015748033,0.7007874015748029,-0.7007874015748033,-0.7007874015748029,92.00468444824219,7.90625,13.46875,23.23828125,0.0,8.00390625,18.71875,26.109375,-256.71881103515625,-7.7109375,15.04296875,26.109375,0.0,-7.640625,12.41796875,23.8125,0.0,0.0,25.15234375,0.0,5.4936370849609375
443.354,-0.7637795275590551,-0.046875,0.9448818897637795,0.9370078740157483,0.9370078740157478,-0.5905511811023624,-0.5905511811023619,-355.6872863769531,10.47265625,13.859375,22.47265625,0.0,10.90234375,23.578125,25.91796875,-262.85166931152344,-6.625,7.8203125,25.34375,0.0,-6.76953125,8.34765625,23.62109375,0.0,0.0,25.7265625,0.0,5.51318359375
443.52,-0.7637795275590551,-0.046875,1.0,1.0,0.9999999999999997,-0.2356687898089173,-0.23566878980891695,-101.49331665039062,11.3515625,16.09375,23.4296875,0.0,11.140625,18.71875,25.91796875,-188.07855224609375,-2.77734375,0.0,25.91796875,0.0,-2.80859375,0.0,23.8125,0.0,0.0,26.30078125,0.0,5.5229644775390625
443.698,-0.31496062992125984,-0.1640625,1.0,1.0,0.9999999999999997,-0.20872274143302194,-0.20872274143302158,31.13446044921875,11.6328125,16.09375,23.046875,0.0,11.59765625,11.890625,26.109375,-121.73085021972656,-2.62890625,2.9609375,25.91796875,0.0,-2.62890625,0.0,23.8125,0.0,0.0,25.53515625,0.0,5.4936370849609375
443.867,0.0859375,0.0,1.0,0.5,0.5,0.5,0.5,35.953704833984375,5.88671875,2.3046875,23.8125,0.0,5.8671875,0.0,25.53515625,126.31993103027344,5.4453125,14.6484375,25.7265625,0.0,4.97265625,46.1640625,22.28125,0.0,0.0,24.9609375,0.0,5.5229644775390625
444.039,1.0,0.031496062992125984,0.4881889763779528,0.0390625,0.0390625,0.9609375,0.9609375,-50.426788330078125,0.0,0.0,23.4296875,0.0,0.0,0.0,26.68359375,398.0511932373047,8.61328125,7.953125,25.7265625,0.0,6.484375,40.91015625,22.6640625,0.0,0.0,24.38671875,0.0,5.51318359375
444.209,1.0,0.015748031496062992,0.2047244094488189,-1.0,-1.0,1.0,1.0,0.0,-9.17578125,55.35546875,23.4296875,0.0,-9.45703125,27.78125,26.109375,480.2401123046875,10.71875,11.10546875,26.109375,0.0,10.4375,30.14453125,23.62109375,0.0,0.0,24.9609375,0.0,5.5229644775390625
444.381,1.0,-0.0078125,0.03937007874015748,-0.5029585798816567,-0.5029585798816567,1.0,1.0,5.3936004638671875,-5.4140625,19.640625,22.85546875,0.0,-5.32421875,15.3046875,25.15234375,342.58184814453125,10.12109375,12.28515625,26.109375,0.0,9.98046875,17.2734375,23.4296875,0.0,0.0,24.76953125,0.0,5.532745361328125
444.547,1.0,-0.0234375,0.3543307086614173,-1.0,-1.0,1.0,1.0,12.009231567382812,-10.01953125,35.0,22.85546875,0.0,-9.984375,27.25390625,25.7265625,407.0815124511719,10.3671875,20.03125,25.91796875,0.0,10.89453125,23.4453125,24.00390625,0.0,0.0,25.7265625,0.0,5.5229644775390625
444.717,0.3203125,0.09448818897637795,1.0,-0.3333333333333333,-0.3333333333333333,1.0,1.0,-202.97055053710938,-3.90234375,0.0,23.046875,0.0,-3.890625,0.0,25.91796875,371.3014831542969,10.75390625,17.66796875,25.7265625,0.0,11.140625,12.0234375,24.00390625,0.0,0.0,24.9609375,0.0,5.5229644775390625
444.887,-0.031496062992125984,-0.0078125,0.023622047244094488,0.5,0.5,0.5,0.5,-57.29376220703125,5.81640625,13.859375,23.8125,0.0,5.8671875,49.4453125,27.2578125,318.8309631347656,6.1484375,3.09375,26.4921875,0.0,6.2890625,0.0,23.62109375,0.0,0.0,25.15234375,0.0,5.532745361328125
445.065,-0.031496062992125984,-0.0078125,0.0,0.0,0.0,-0.0,-0.0,-32.648895263671875,0.0,0.0,23.4296875,0.0,0.0,0.0,26.4921875,124.736083984375,0.0,0.0,26.109375,0.0,0.0,0.0,23.8125,0.0,0.0,26.109375,0.0,5.5229644775390625
445.23,-0.031496062992125984,0.05511811023622047,-0.0078125,0.0,0.0,-0.0,-0.0,8.282119750976562,0.0,0.0,23.62109375,0.0,0.0,0.0,26.30078125,102.46009826660156,0.0,0.0,26.30078125,0.0,0.0,0.0,24.578125,0.0,0.0,24.578125,0.0,5.5229644775390625
445.399,-0.031496062992125984,0.05511811023622047,-0.6015625,0.0,0.0,-0.0,-0.0,0.0,0.0,0.0,23.4296875,0.0,0.0,0.0,26.875,88.89918518066406,0.0,0.0,25.91796875,0.0,0.0,0.0,23.4296875,0.0,0.0,24.1953125,0.0,5.532745361328125
445.552,-0.031496062992125984,0.05511811023622047,-0.71875,-0.33984375,-0.33984375,-0.33984375,-0.33984375,11.42523193359375,-3.91015625,24.1015625,24.76953125,0.0,-3.87109375,18.71875,25.53515625,-15.987472534179688,-3.9453125,23.578125,25.91796875,0.0,-4.00390625,21.08203125,23.8125,0.0,0.0,24.76953125,0.0,5.5229644775390625
445.727,-0.031496062992125984,0.0,-0.7421875,-0.37109375,-0.37109375,-0.37109375,-0.37109375,25.087203979492188,-4.3203125,19.90234375,23.4296875,0.0,-4.44921875,14.125,24.9609375,-47.38517761230469,-4.34765625,16.75,25.91796875,0.0,-4.4375,15.56640625,23.8125,0.0,0.0,25.15234375,0.0,5.5229644775390625
445.9,-0.031496062992125984,0.0,-0.7421875,-0.37109375,-0.37109375,-0.37109375,-0.37109375,-7.5964508056640625,-4.515625,8.609375,23.23828125,0.0,-4.48828125,11.76171875,25.34375,-106.08320617675781,-4.50390625,11.49609375,25.91796875,0.0,-4.46484375,11.234375,23.62109375,0.0,0.0,25.34375,0.0,5.532745361328125
446.069,0.1640625,0.0,-0.1640625,-0.33203125,-0.33203125,-0.33203125,-0.33203125,38.18083190917969,-4.0625,9.00390625,23.23828125,0.0,-4.15625,8.4765625,25.91796875,-58.48040771484375,-4.00390625,16.48828125,26.109375,0.0,-4.0859375,7.296875,24.76953125,0.0,0.0,25.15234375,0.0,5.483856201171875
446.239,0.3984375,0.0,0.0,-0.3203125,-0.3203125,0.3203125,0.3203125,18.00018310546875,-3.88671875,7.296875,23.4296875,0.0,-3.94140625,7.03125,25.91796875,38.87110900878906,3.58984375,18.1953125,25.7265625,0.0,3.61328125,21.73828125,23.4296875,0.0,0.0,24.9609375,0.0,5.5229644775390625
446.4,0.3984375,0.0,0.0,-0.3984375,-0.3984375,0.3984375,0.3984375,0.0,-4.609375,19.5078125,22.6640625,0.0,-4.52734375,15.69921875,25.53515625,132.29518127441406,4.6328125,11.76171875,25.7265625,0.0,4.453125,22.1328125,24.00390625,0.0,0.0,24.76953125,0.0,5.5522918701171875
446.566,0.3984375,0.0,0.0,-0.3984375,-0.3984375,0.3984375,0.3984375,-5.582977294921875,-4.72265625,17.66796875,24.1953125,0.0,-4.8203125,11.3671875,25.53515625,179.39732360839844,4.6484375,11.890625,25.7265625,0.0,4.71875,13.3359375,23.8125,0.0,0.0,26.109375,0.0,5.4936370849609375
446.74,0.3984375,0.0,0.0,-0.3984375,-0.3984375,0.3984375,0.3984375,-142.67666625976562,-4.79296875,13.73046875,23.4296875,0.0,-4.890625,9.265625,26.109375,142.59190368652344,4.71875,9.7890625,25.15234375,0.0,4.73046875,13.203125,23.8125,0.0,0.0,25.91796875,0.0,5.5229644775390625
446.908,0.3984375,0.0,-0.3984375,-0.3984375,-0.3984375,0.3984375,0.3984375,21.482147216796875,-4.86328125,9.265625,23.23828125,0.0,-4.9609375,6.76953125,25.7265625,187.12538146972656,4.87109375,7.69140625,25.7265625,0.0,4.7890625,11.890625,23.62109375,0.0,0.0,24.9609375,0.0,5.542510986328125
447.08,0.3984375,0.0,-0.125,-0.3984375,-0.3984375,0.3984375,0.3984375,-59.58660888671875,-4.90234375,8.87109375,23.62109375,0.0,-5.00390625,6.375,26.109375,188.62362670898438,4.859375,5.984375,26.30078125,0.0,4.7890625,7.1640625,23.046875,0.0,0.0,25.34375,0.0,5.483856201171875
447.259,0.34375,0.0,0.0,-0.51953125,-0.51953125,0.27734375,0.27734375,-53.98796081542969,-6.33984375,13.73046875,23.8125,0.0,-6.359375,13.203125,26.109375,181.56027221679688,3.46875,2.3046875,25.7265625,0.0,3.48828125,2.3046875,23.8125,0.0,0.0,24.9609375,0.0,5.5229644775390625
447.419,0.28125,0.0,-0.5,-0.3203125,-0.3203125,0.3203125,0.3203125,35.471466064453125,-4.0546875,1.91015625,23.8125,0.0,-4.04296875,2.69921875,26.4921875,164.39059448242188,4.0078125,3.48828125,25.7265625,0.0,3.9609375,4.93359375,24.38671875,0.0,0.0,24.38671875,0.0,5.532745361328125
447.586,0.265625,0.0,0.0,-0.47265625,-0.47265625,0.08984375,0.08984375,-217.2928924560547,-5.8515625,11.49609375,23.23828125,0.0,-5.94921875,9.00390625,25.53515625,118.07391357421875,1.15234375,0.0,24.9609375,0.0,1.15625,0.0,23.4296875,0.0,0.0,24.76953125,0.0,5.532745361328125
447.756,0.2265625,0.0,0.0,-0.2421875,-0.2421875,0.2421875,0.2421875,21.383346557617188,-3.09375,0.0,22.6640625,0.0,-3.04296875,0.0,25.91796875,134.98312377929688,3.078125,2.69921875,25.91796875,0.0,3.0546875,3.48828125,24.00390625,0.0,0.0,24.9609375,0.0,5.5229644775390625
447.936,0.125,0.0,0.0,-0.2265625,-0.2265625,0.2265625,0.2265625,-72.09371948242188,-2.88671875,1.6484375,24.00390625,0.0,-2.8515625,1.78125,25.53515625,129.66839599609375,2.875,3.09375,26.109375,0.0,2.86328125,2.9609375,23.8125,0.0,0.0,25.34375,0.0,5.5229644775390625
448.105,-0.0,0.0,0.0,0.0,0.0,-0.0,-0.0,36.25274658203125,0.0,0.0,23.62109375,0.0,0.0,0.0,25.53515625,124.75227355957031,0.0,0.0,26.109375,0.0,0.0,0.0,24.00390625,0.0,0.0,25.15234375,0.0,5.532745361328125
448.276,-0.0,0.0,0.0,0.0,0.0,-0.0,-0.0,-4.4709930419921875,0.0,0.0,23.62109375,0.0,0.0,0.0,26.4921875,74.13699340820312,0.0,0.0,25.7265625,0.0,0.0,0.0,24.00390625,0.0,0.0,25.15234375,0.0,5.5229644775390625
448.438,-0.0,0.05511811023622047,0.0,0.0,0.0,-0.0,-0.0,15.216537475585938,0.0,0.0,23.23828125,0.0,0.0,0.0,26.109375,62.612091064453125,0.0,0.0,25.53515625,0.0,0.0,0.0,23.62109375,0.0,0.0,25.34375,0.0,5.5229644775390625
448.605,-0.015748031496062992,0.0,0.0,0.0,0.0,-0.0,-0.0,7.618377685546875,0.0,0.0,23.4296875,0.0,0.0,0.0,26.4921875,39.186065673828125,0.0,0.0,26.109375,0.0,0.0,0.0,23.4296875,0.0,0.0,24.9609375,0.0,5.5229644775390625
448.763,-0.031496062992125984,0.1732283464566929,0.0,0.0,0.0,-0.0,-0.0,17.6385498046875,0.0,0.0,23.23828125,0.0,0.0,0.0,26.109375,37.78672790527344,0.0,0.0,25.7265625,0.0,0.0,0.0,24.38671875,0.0,0.0,25.34375,0.0,5.50341796875
448.937,-0.031496062992125984,0.3779527559055118,0.0,-0.19685039370078738,0.19685039370078744,0.19685039370078738,-0.19685039370078744,0.0,-2.4296875,15.69921875,23.23828125,0.0,2.3515625,17.40625,25.7265625,28.688186645507812,2.34375,9.66015625,26.30078125,0.0,-2.33984375,18.98046875,24.38671875,0.0,0.0,24.76953125,0.0,5.57183837890625
449.116,-0.05511811023622047,0.3779527559055118,0.0,-0.37795275590551175,0.37795275590551186,0.37795275590551175,-0.37795275590551186,-9.91448974609375,-4.34765625,22.66015625,23.4296875,0.0,4.08984375,32.76953125,26.4921875,27.313262939453125,4.15625,21.34765625,25.15234375,0.0,-4.38671875,21.609375,23.62109375,0.0,0.0,26.875,0.0,5.5620574951171875
449.286,-0.05511811023622047,0.31496062992125984,0.0,-0.37795275590551175,0.37795275590551186,0.37795275590551175,-0.37795275590551186,0.0,-4.3984375,21.609375,23.23828125,0.0,4.48828125,29.6171875,25.34375,46.77165222167969,4.1953125,20.1640625,25.34375,0.0,-4.48046875,20.6875,23.8125,0.0,0.0,25.7265625,0.0,5.601165771484375
449.446,-0.05511811023622047,0.15748031496062992,0.0,-0.2913385826771653,0.2913385826771654,0.2913385826771653,-0.2913385826771654,-94.1337890625,-3.49609375,17.2734375,23.62109375,0.0,3.5,17.93359375,25.34375,27.535369873046875,3.4609375,14.38671875,24.9609375,0.0,-3.56640625,17.66796875,23.23828125,0.0,0.0,24.9609375,0.0,5.532745361328125
449.619,0.0078125,0.0,0.1889763779527559,0.0,0.0,-0.0,-0.0,0.0,0.0,0.0,23.8125,0.0,0.0,0.0,26.68359375,-16.507034301757812,0.0,0.0,26.109375,0.0,0.0,0.0,23.62109375,0.0,0.0,25.53515625,0.0,5.5229644775390625
449.778,0.0078125,0.0,0.3858267716535433,0.10236220472440945,0.10236220472440945,0.10236220472440945,0.10236220472440945,0.0,1.29296875,9.1328125,23.046875,0.0,1.25390625,9.265625,27.06640625,2.72796630859375,1.2734375,7.55859375,25.53515625,0.0,1.2578125,9.921875,23.4296875,0.0,0.0,26.4921875,0.0,5.6793670654296875
449.952,0.0078125,0.0,0.4015748031496063,0.19291338582677164,0.19291338582677164,0.19291338582677164,0.19291338582677164,0.0,2.3984375,12.0234375,24.1953125,0.0,2.26171875,13.73046875,26.68359375,14.564544677734375,2.3359375,9.921875,25.91796875,0.0,2.33203125,12.94140625,23.4296875,0.0,0.0,24.76953125,0.0,5.542510986328125
450.118,0.0078125,0.0,0.5590551181102362,0.20866141732283464,0.20866141732283464,0.20866141732283464,0.20866141732283464,-55.5499267578125,2.59375,10.4453125,23.046875,0.0,2.484375,14.38671875,25.91796875,27.754287719726562,2.52734375,10.578125,25.53515625,0.0,2.51953125,10.97265625,23.8125,0.0,0.0,24.76953125,0.0,5.57183837890625
450.298,0.0078125,0.0,0.007874015748031496,0.2440944881889764,0.2440944881889764,0.2440944881889764,0.2440944881889764,4.9302978515625,2.984375,16.75,21.8984375,0.0,2.84765625,11.890625,25.91796875,18.895309448242188,2.92578125,14.25390625,25.53515625,0.0,2.9765625,12.6796875,23.8125,0.0,0.0,26.109375,0.0,5.5229644775390625
450.467,0.0078125,0.0,-0.3203125,0.0,0.0,-0.0,-0.0,-44.73126220703125,0.0,0.0,23.8125,0.0,0.0,0.0,26.109375,7.1333770751953125,0.0,0.0,25.34375,0.0,0.0,0.0,24.38671875,0.0,0.0,25.53515625,0.0,5.532745361328125
450.638,0.0078125,0.0,0.0,-0.2421875,-0.2421875,-0.2421875,-0.2421875,-4.11224365234375,-2.96484375,14.25390625,23.23828125,0.0,-2.97265625,12.6796875,25.15234375,-37.5146484375,-2.98046875,14.38671875,26.109375,0.0,-3.0234375,13.203125,23.8125,0.0,0.0,25.15234375,0.0,5.5229644775390625
450.805,0.0078125,0.0,0.0,0.0,0.0,-0.0,-0.0,-9.930282592773438,0.0,0.0,23.4296875,0.0,0.0,0.0,26.109375,-3.526641845703125,0.0,0.0,25.91796875,0.0,0.0,0.0,23.23828125,0.0,0.0,25.34375,0.0,5.5229644775390625
450.986,0.0078125,0.0,-0.34375,0.0,0.0,-0.0,-0.0,0.0,0.0,0.0,23.23828125,0.0,0.0,0.0,25.7265625,5.2785186767578125,0.0,0.0,26.109375,0.0,0.0,0.0,24.1953125,0.0,0.0,25.34375,0.0,5.5229644775390625
451.154,0.0078125,0.0,0.0,0.0,0.0,-0.0,-0.0,0.0,0.0,0.0,23.23828125,0.0,0.0,0.0,26.30078125,3.41522216796875,0.0,0.0,26.30078125,0.0,0.0,0.0,23.8125,0.0,0.0,24.38671875,0.0,5.5229644775390625
451.317,0.0078125,0.0,0.007874015748031496,0.0,0.0,-0.0,-0.0,0.0,0.0,0.0,23.8125,0.0,0.0,0.0,26.30078125,0.0,0.0,0.0,26.109375,0.0,0.0,0.0,23.4296875,0.0,0.0,24.9609375,0.0,5.532745361328125
451.478,0.0078125,0.0,0.007874015748031496,0.0,0.0,-0.0,-0.0,0.0,0.0,0.0,23.4296875,0.0,0.0,0.0,25.91796875,0.0,0.0,0.0,25.7265625,0.0,0.0,0.0,23.62109375,0.0,0.0,25.53515625,0.0,5.5229644775390625
451.646,0.0078125,0.0,0.007874015748031496,0.0,0.0,-0.0,-0.0,0.0,0.0,0.0,23.62109375,0.0,0.0,0.0,25.91796875,0.0,0.0,0.0,25.91796875,0.0,0.0,0.0,23.8125,0.0,0.0,24.38671875,0.0,5.5229644775390625
451.815,0.0078125,0.0,0.007874015748031496,0.0,0.0,-0.0,-0.0,0.0,0.0,0.0,23.4296875,0.0,0.0,0.0,26.30078125,0.0,0.0,0.0,26.109375,0.0,0.0,0.0,23.62109375,0.0,0.0,24.9609375,0.0,5.5229644775390625
451.984,0.0078125,0.0,0.007874015748031496,0.0,0.0,-0.0,-0.0,0.0,0.0,0.0,23.046875,0.0,0.0,0.0,26.68359375,0.0,0.0,0.0,26.109375,0.0,0.0,0.0,23.4296875,0.0,0.0,24.76953125,0.0,5.5229644775390625
452.138,0.0078125,0.0,0.007874015748031496,0.0,0.0,-0.0,-0.0,0.0,0.0,0.0,23.4296875,0.0,0.0,0.0,25.53515625,0.0,0.0,0.0,25.7265625,0.0,0.0,0.0,23.8125,0.0,0.0,25.15234375,0.0,5.532745361328125
452.315,0.0078125,0.0,0.007874015748031496,0.0,0.0,-0.0,-0.0,0.0,0.0,0.0,23.62109375,0.0,0.0,0.0,25.7265625,0.0,0.0,0.0,25.7265625,0.0,0.0,0.0,24.578125,0.0,0.0,25.53515625,0.0,5.5229644775390625
452.477,0.0078125,0.0,0.007874015748031496,0.0,0.0,-0.0,-0.0,0.0,0.0,0.0,23.8125,0.0,0.0,0.0,26.68359375,0.0,0.0,0.0,25.53515625,0.0,0.0,0.0,23.8125,0.0,0.0,25.34375,0.0,5.532745361328125
452.636,0.0078125,0.0,0.007874015748031496,0.0,0.0,-0.0,-0.0,0.0,0.0,0.0,23.4296875,0.0,0.0,0.0,25.7265625,0.0,0.0,0.0,25.7265625,0.0,0.0,0.0,24.00390625,0.0,0.0,26.30078125,0.0,5.5229644775390625
452.815,0.0078125,0.0,0.007874015748031496,0.0,0.0,-0.0,-0.0,0.0,0.0,0.0,23.4296875,0.0,0.0,0.0,25.91796875,0.0,0.0,0.0,26.109375,0.0,0.0,0.0,24.00390625,0.0,0.0,25.7265625,0.0,5.532745361328125
452.979,0.0078125,0.0,0.007874015748031496,0.0,0.0,-0.0,-0.0,0.0,0.0,0.0,23.23828125,0.0,0.0,0.0,24.9609375,0.0,0.0,0.0,25.7265625,0.0,0.0,0.0,23.4296875,0.0,0.0,25.7265625,0.0,5.5229644775390625
453.158,0.0078125,0.0,0.007874015748031496,0.0,0.0,-0.0,-0.0,0.0,0.0,0.0,23.4296875,0.0,0.0,0.0,27.44921875,0.0,0.0,0.0,25.7265625,0.0,0.0,0.0,23.62109375,0.0,0.0,26.875,0.0,5.532745361328125
453.316,0.0078125,0.0,0.007874015748031496,0.0,0.0,-0.0,-0.0,0.0,0.0,0.0,23.046875,0.0,0.0,0.0,26.4921875,0.0,0.0,0.0,25.34375,0.0,0.0,0.0,23.62109375,0.0,0.0,24.9609375,0.0,5.5229644775390625
453.484,0.0078125,0.0,0.007874015748031496,0.0,0.0,-0.0,-0.0,0.0,0.0,0.0,23.62109375,0.0,0.0,0.0,26.68359375,0.0,0.0,0.0,26.30078125,0.0,0.0,0.0,23.8125,0.0,0.0,25.34375,0.0,5.5229644775390625
453.656,0.0078125,0.0,0.007874015748031496,0.0,0.0,-0.0,-0.0,0.0,0.0,0.0,23.62109375,0.0,0.0,0.0,26.109375,0.0,0.0,0.0,26.109375,0.0,0.0,0.0,23.4296875,0.0,0.0,26.4921875,0.0,5.532745361328125
