Timestamp,Driver_Joy_Y,Driver_Joy_X,Driver_Joy_W,Mecanum_FL,Mecanum_BL,Mecanum_BR,Mecanum_FR,FL_Jag_Speed,FL_Out_Voltage,FL_Out_Current,FL_Temp,BL_Jag_Speed,BL_Out_Voltage,BL_Out_Current,BL_Temp,BR_Jag_Speed,BR_Out_Voltage,BR_Out_Current,BR_Temp,FR_Jag_Speed,FR_Out_Voltage,FR_Out_Current,FR_Temp,Pickup_Out_Voltage,Pickup_Out_Current,Pickup_Temp,SH1_Out_Voltage,SH1_Out_Current,SH1_Temp,SH2_Out_Voltage,SH2_Out_Current,SH2_Temp,SHmain_Speed,SHmain_Angle
0.0070,-0.0,-0.0234375,-0.0078125,0.0,0.0,0.0,0.0,0.0,0.0,0.0,23.046875,0.0,0.0,0.0,26.875,0.0,0.0,0.0,25.15234375,0.0,0.0,0.0,23.8125,0.0,0.0,25.34375,0.0,5.845550537109375
0.178,-0.0,-0.0234375,-0.0078125,0.0,0.0,-0.0,-0.0,0.0,0.0,0.0,23.23828125,0.0,0.0,0.0,26.4921875,0.0,0.0,0.0,25.53515625,0.0,0.0,0.0,23.4296875,0.0,0.0,25.91796875,0.0,5.845550537109375
0.338,-0.0,-0.0234375,-0.0078125,0.0,0.0,-0.0,-0.0,0.0,0.0,0.0,22.85546875,0.0,0.0,0.0,25.91796875,0.0,0.0,0.0,25.7265625,0.0,0.0,0.0,23.23828125,0.0,0.0,25.15234375,0.0,5.845550537109375
0.508,-0.0,-0.0234375,-0.0078125,0.0,0.0,-0.0,-0.0,0.0,0.0,0.0,23.23828125,0.0,0.0,0.0,25.91796875,0.0,0.0,0.0,25.53515625,0.0,0.0,0.0,23.62109375,0.0,0.0,25.53515625,0.0,5.845550537109375
0.682,-0.0,-0.0234375,-0.0078125,0.0,0.0,-0.0,-0.0,0.0,0.0,0.0,23.046875,0.0,0.0,0.0,25.34375,0.0,0.0,0.0,25.34375,0.0,0.0,0.0,22.85546875,0.0,0.0,26.109375,0.0,5.845550537109375
0.848,-0.0,-0.0234375,-0.0078125,0.0,0.0,-0.0,-0.0,0.0,0.0,0.0,23.046875,0.0,0.0,0.0,26.109375,0.0,0.0,0.0,25.91796875,0.0,0.0,0.0,23.23828125,0.0,0.0,25.53515625,0.0,5.845550537109375
1.012,-0.0,-0.0234375,-0.0078125,0.0,0.0,-0.0,-0.0,0.0,0.0,0.0,22.6640625,0.0,0.0,0.0,25.53515625,0.0,0.0,0.0,25.53515625,0.0,0.0,0.0,23.4296875,0.0,0.0,25.34375,0.0,5.845550537109375
1.172,-0.0,-0.0234375,-0.0078125,0.0,0.0,-0.0,-0.0,0.0,0.0,0.0,23.62109375,0.0,0.0,0.0,25.53515625,0.0,0.0,0.0,25.53515625,0.0,0.0,0.0,23.046875,0.0,0.0,25.34375,0.0,5.845550537109375
1.337,-0.0,-0.0234375,-0.0078125,0.0,0.0,-0.0,-0.0,0.0,0.0,0.0,23.4296875,0.0,0.0,0.0,25.34375,0.0,0.0,0.0,25.53515625,0.0,0.0,0.0,23.62109375,0.0,0.0,25.34375,0.0,5.8357696533203125
1.497,-0.0,-0.0234375,-0.0078125,0.0,0.0,-0.0,-0.0,0.0,0.0,0.0,23.62109375,0.0,0.0,0.0,25.7265625,0.0,0.0,0.0,25.15234375,0.0,0.0,0.0,23.62109375,0.0,0.0,24.9609375,0.0,5.845550537109375
S: 1.54 157612281042 Pickup down
1.659,-0.0,-0.0234375,-0.0078125,0.0,0.0,-0.0,-0.0,0.0,0.0,0.0,23.23828125,0.0,0.0,0.0,26.68359375,0.0,0.0,0.0,25.53515625,0.0,0.0,0.0,23.4296875,-11.1796875,37.7578125,26.109375,0.0,5.8357696533203125
1.819,-0.0,-0.0234375,-0.0078125,0.0,0.0,-0.0,-0.0,0.0,0.0,0.0,23.23828125,0.0,0.0,0.0,25.7265625,0.0,0.0,0.0,25.15234375,0.0,0.0,0.0,23.8125,-11.91796875,19.640625,24.76953125,0.0,5.845550537109375
1.995,-0.0,-0.0234375,-0.0078125,0.0,0.0,-0.0,-0.0,0.0,0.0,0.0,23.8125,0.0,0.0,0.0,25.7265625,0.0,0.0,0.0,25.53515625,0.0,0.0,0.0,23.62109375,-12.33984375,12.8125,24.9609375,0.0,5.845550537109375
2.158,-0.0,-0.0234375,-0.0078125,0.0,0.0,-0.0,-0.0,0.0,0.0,0.0,23.046875,0.0,0.0,0.0,25.34375,0.0,0.0,0.0,25.34375,0.0,0.0,0.0,22.85546875,-12.41015625,10.18359375,26.109375,0.0,5.8357696533203125
2.317,-0.0,-0.0234375,-0.0078125,0.0,0.0,-0.0,-0.0,0.0,0.0,0.0,22.6640625,0.0,0.0,0.0,25.34375,0.0,0.0,0.0,25.53515625,0.0,0.0,0.0,23.62109375,0.0,0.0,25.53515625,0.0,5.845550537109375
2.489,-0.0,-0.0234375,-0.0078125,0.0,0.0,-0.0,-0.0,0.0,0.0,0.0,22.85546875,0.0,0.0,0.0,26.109375,0.0,0.0,0.0,25.34375,0.0,0.0,0.0,24.1953125,0.0,0.0,25.7265625,0.0,5.8357696533203125
2.65,-0.0,-0.0234375,-0.0078125,0.0,0.0,-0.0,-0.0,0.0,0.0,0.0,23.8125,0.0,0.0,0.0,25.53515625,0.0,0.0,0.0,25.91796875,0.0,0.0,0.0,23.62109375,0.0,0.0,25.34375,0.0,5.845550537109375
2.812,-0.0,-0.0234375,-0.0078125,0.0,0.0,-0.0,-0.0,0.0,0.0,0.0,22.6640625,0.0,0.0,0.0,25.91796875,0.0,0.0,0.0,25.34375,0.0,0.0,0.0,23.046875,0.0,0.0,24.9609375,0.0,5.845550537109375
2.97,-0.0,-0.0234375,-0.0078125,0.0,0.0,-0.0,-0.0,0.0,0.0,0.0,24.1953125,0.0,0.0,0.0,25.7265625,0.0,0.0,0.0,25.53515625,0.0,0.0,0.0,23.046875,0.0,0.0,25.15234375,0.0,5.845550537109375
3.136,-0.0,-0.0234375,-0.0078125,0.0,0.0,-0.0,-0.0,0.0,0.0,0.0,23.23828125,0.0,0.0,0.0,25.7265625,0.0,0.0,0.0,25.34375,0.0,0.0,0.0,23.4296875,0.0,0.0,25.34375,0.0,5.8357696533203125
3.297,-0.0,-0.0234375,-0.0078125,0.0,0.0,-0.0,-0.0,0.0,0.0,0.0,22.47265625,0.0,0.0,0.0,26.109375,0.0,0.0,0.0,25.15234375,0.0,0.0,0.0,23.8125,0.0,0.0,24.1953125,0.0,5.845550537109375
3.469,-0.0,-0.0234375,-0.0078125,0.0,0.0,-0.0,-0.0,0.0,0.0,0.0,23.4296875,0.0,0.0,0.0,25.34375,0.0,0.0,0.0,25.34375,0.0,0.0,0.0,23.62109375,0.0,0.0,25.34375,0.0,5.845550537109375
3.65,-0.0,-0.0234375,-0.0078125,0.0,0.0,-0.0,-0.0,0.0,0.0,0.0,24.00390625,0.0,0.0,0.0,26.4921875,0.0,0.0,0.0,25.53515625,0.0,0.0,0.0,22.85546875,0.0,0.0,25.7265625,0.0,5.845550537109375
3.811,-0.0,-0.0234375,-0.0078125,0.0,0.0,-0.0,-0.0,0.0,0.0,0.0,23.4296875,0.0,0.0,0.0,26.109375,0.0,0.0,0.0,25.53515625,0.0,0.0,0.0,23.8125,0.0,0.0,25.34375,0.0,5.8357696533203125
3.972,-0.0,-0.0234375,-0.0078125,0.0,0.0,-0.0,-0.0,0.0,0.0,0.0,23.8125,0.0,0.0,0.0,25.7265625,0.0,0.0,0.0,24.9609375,0.0,0.0,0.0,24.1953125,0.0,0.0,26.109375,0.0,5.845550537109375
4.131,-0.0,-0.0234375,-0.0078125,0.0,0.0,-0.0,-0.0,0.0,0.0,0.0,23.4296875,0.0,0.0,0.0,25.7265625,0.0,0.0,0.0,25.34375,0.0,0.0,0.0,23.8125,0.0,0.0,23.62109375,0.0,5.845550537109375
4.299,-0.0,-0.0234375,-0.0078125,0.0,0.0,-0.0,-0.0,0.0,0.0,0.0,23.046875,0.0,0.0,0.0,25.53515625,0.0,0.0,0.0,25.34375,0.0,0.0,0.0,23.4296875,0.0,0.0,25.34375,0.0,5.845550537109375
4.459,-0.0,-0.0234375,-0.0078125,0.0,0.0,-0.0,-0.0,0.0,0.0,0.0,22.85546875,0.0,0.0,0.0,24.76953125,0.0,0.0,0.0,25.53515625,0.0,0.0,0.0,23.4296875,0.0,0.0,25.34375,0.0,5.845550537109375
4.628,-0.0,-0.0234375,-0.0078125,0.0,0.0,-0.0,-0.0,0.0,0.0,0.0,23.23828125,0.0,0.0,0.0,25.91796875,0.0,0.0,0.0,25.7265625,0.0,0.0,0.0,23.046875,0.0,0.0,24.9609375,0.0,5.845550537109375
4.799,-0.0,-0.0234375,-0.0078125,0.0,0.0,-0.0,-0.0,0.0,0.0,0.0,23.8125,0.0,0.0,0.0,25.53515625,0.0,0.0,0.0,25.34375,0.0,0.0,0.0,23.23828125,0.0,0.0,24.9609375,0.0,5.845550537109375
4.958,-0.0,-0.0234375,-0.0078125,0.0,0.0,-0.0,-0.0,0.0,0.0,0.0,23.8125,0.0,0.0,0.0,24.9609375,0.0,0.0,0.0,25.7265625,0.0,0.0,0.0,23.4296875,0.0,0.0,24.76953125,0.0,5.845550537109375
5.12,-0.0,-0.0234375,-0.0078125,0.0,0.0,-0.0,-0.0,0.0,0.0,0.0,23.046875,0.0,0.0,0.0,25.7265625,0.0,0.0,0.0,25.91796875,0.0,0.0,0.0,23.62109375,0.0,0.0,25.15234375,0.0,5.845550537109375
5.28,-0.0,-0.0234375,-0.0078125,0.0,0.0,-0.0,-0.0,0.0,0.0,0.0,23.23828125,0.0,0.0,0.0,25.53515625,0.0,0.0,0.0,25.53515625,0.0,0.0,0.0,24.1953125,0.0,0.0,26.109375,0.0,5.845550537109375
5.438,-0.0,-0.0234375,-0.0078125,0.0,0.0,-0.0,-0.0,0.0,0.0,0.0,23.046875,0.0,0.0,0.0,26.30078125,0.0,0.0,0.0,25.91796875,0.0,0.0,0.0,23.23828125,0.0,0.0,24.9609375,0.0,5.845550537109375
5.596,-0.0,-0.0234375,-0.0078125,0.0,0.0,-0.0,-0.0,0.0,0.0,0.0,22.85546875,0.0,0.0,0.0,25.53515625,0.0,0.0,0.0,25.7265625,0.0,0.0,0.0,23.23828125,0.0,0.0,25.53515625,0.0,5.855316162109375
5.76,-0.0,-0.0234375,-0.0078125,0.0,0.0,-0.0,-0.0,0.0,0.0,0.0,23.23828125,0.0,0.0,0.0,25.7265625,0.0,0.0,0.0,25.53515625,0.0,0.0,0.0,23.62109375,0.0,0.0,26.109375,0.0,5.845550537109375
5.929,-0.0,-0.0234375,-0.0078125,0.0,0.0,-0.0,-0.0,0.0,0.0,0.0,23.62109375,0.0,0.0,0.0,25.53515625,0.0,0.0,0.0,25.53515625,0.0,0.0,0.0,23.62109375,0.0,0.0,24.578125,0.0,5.845550537109375
6.092,-0.0,-0.0234375,-0.0078125,0.0,0.0,-0.0,-0.0,0.0,0.0,0.0,22.47265625,0.0,0.0,0.0,25.91796875,0.0,0.0,0.0,25.91796875,0.0,0.0,0.0,23.046875,0.0,0.0,26.109375,0.0,5.855316162109375
6.249,-0.0,-0.0234375,-0.0078125,0.0,0.0,-0.0,-0.0,0.0,0.0,0.0,23.046875,0.0,0.0,0.0,26.109375,0.0,0.0,0.0,26.109375,0.0,0.0,0.0,23.4296875,0.0,0.0,24.9609375,0.0,5.845550537109375
6.418,-0.0,-0.0234375,-0.0078125,0.0,0.0,-0.0,-0.0,0.0,0.0,0.0,23.4296875,0.0,0.0,0.0,25.91796875,0.0,0.0,0.0,25.53515625,0.0,0.0,0.0,23.4296875,0.0,0.0,25.53515625,0.0,5.845550537109375
6.594,-0.0,-0.0234375,-0.0078125,0.0,0.0,-0.0,-0.0,0.0,0.0,0.0,23.8125,0.0,0.0,0.0,25.34375,0.0,0.0,0.0,25.53515625,0.0,0.0,0.0,23.23828125,0.0,0.0,25.15234375,0.0,5.8357696533203125
6.752,-0.0,-0.0234375,-0.0078125,0.0,0.0,-0.0,-0.0,0.0,0.0,0.0,23.23828125,0.0,0.0,0.0,27.06640625,0.0,0.0,0.0,25.34375,0.0,0.0,0.0,23.4296875,0.0,0.0,26.109375,0.0,5.845550537109375
6.912,-0.0,-0.0234375,-0.0078125,0.0,0.0,-0.0,-0.0,0.0,0.0,0.0,21.70703125,0.0,0.0,0.0,25.53515625,0.0,0.0,0.0,25.15234375,0.0,0.0,0.0,23.23828125,0.0,0.0,24.9609375,0.0,5.845550537109375
7.071,-0.0,-0.0234375,-0.0078125,0.0,0.0,-0.0,-0.0,0.0,0.0,0.0,23.23828125,0.0,0.0,0.0,25.91796875,0.0,0.0,0.0,25.34375,0.0,0.0,0.0,23.23828125,0.0,0.0,25.7265625,0.0,5.845550537109375
7.231,-0.0,-0.0234375,-0.0078125,0.0,0.0,-0.0,-0.0,0.0,0.0,0.0,23.23828125,0.0,0.0,0.0,25.34375,0.0,0.0,0.0,25.34375,0.0,0.0,0.0,23.8125,0.0,0.0,23.62109375,0.0,5.845550537109375
7.391,-0.0,-0.0234375,-0.0078125,0.0,0.0,-0.0,-0.0,0.0,0.0,0.0,23.62109375,0.0,0.0,0.0,25.15234375,0.0,0.0,0.0,25.34375,0.0,0.0,0.0,24.1953125,0.0,0.0,25.15234375,0.0,5.845550537109375
7.55,-0.0,-0.0234375,-0.0078125,0.0,0.0,-0.0,-0.0,0.0,0.0,0.0,23.046875,0.0,0.0,0.0,25.34375,0.0,0.0,0.0,25.7265625,0.0,0.0,0.0,23.4296875,0.0,0.0,25.53515625,0.0,5.845550537109375
7.719,-0.0,-0.0234375,-0.0078125,0.0,0.0,-0.0,-0.0,0.0,0.0,0.0,23.23828125,0.0,0.0,0.0,26.109375,0.0,0.0,0.0,25.53515625,0.0,0.0,0.0,23.23828125,0.0,0.0,25.53515625,0.0,5.845550537109375
7.9,-0.0,-0.0234375,-0.0078125,0.0,0.0,-0.0,-0.0,0.0,0.0,0.0,23.23828125,0.0,0.0,0.0,25.34375,0.0,0.0,0.0,25.91796875,0.0,0.0,0.0,23.8125,0.0,0.0,24.9609375,0.0,5.8357696533203125
8.058,-0.0,-0.0234375,-0.0078125,0.0,0.0,-0.0,-0.0,0.0,0.0,0.0,22.85546875,0.0,0.0,0.0,26.68359375,0.0,0.0,0.0,25.34375,0.0,0.0,0.0,23.62109375,0.0,0.0,25.91796875,0.0,5.845550537109375
8.217,-0.0,-0.0234375,-0.0078125,0.0,0.0,-0.0,-0.0,0.0,0.0,0.0,23.62109375,0.0,0.0,0.0,26.4921875,0.0,0.0,0.0,25.34375,0.0,0.0,0.0,23.4296875,0.0,0.0,25.7265625,0.0,5.845550537109375
8.377,-0.0,-0.0234375,-0.0078125,0.0,0.0,-0.0,-0.0,0.0,0.0,0.0,22.85546875,0.0,0.0,0.0,25.7265625,0.0,0.0,0.0,25.34375,0.0,0.0,0.0,23.4296875,0.0,0.0,25.15234375,0.0,5.8357696533203125
8.54,-0.0,-0.0234375,-0.0078125,0.0,0.0,-0.0,-0.0,0.0,0.0,0.0,23.4296875,0.0,0.0,0.0,26.4921875,0.0,0.0,0.0,25.34375,0.0,0.0,0.0,23.4296875,0.0,0.0,25.34375,0.0,5.845550537109375
8.698,-0.0,-0.0234375,-0.0078125,0.0,0.0,-0.0,-0.0,0.0,0.0,0.0,22.47265625,0.0,0.0,0.0,26.30078125,0.0,0.0,0.0,25.7265625,0.0,0.0,0.0,23.046875,0.0,0.0,24.9609375,0.0,5.845550537109375
8.858,-0.0,-0.0234375,-0.0078125,0.0,0.0,-0.0,-0.0,0.0,0.0,0.0,22.28125,0.0,0.0,0.0,26.4921875,0.0,0.0,0.0,25.7265625,0.0,0.0,0.0,23.8125,0.0,0.0,24.00390625,0.0,5.845550537109375
9.017,-0.0,-0.0234375,-0.0078125,0.0,0.0,-0.0,-0.0,0.0,0.0,0.0,23.23828125,0.0,0.0,0.0,25.53515625,0.0,0.0,0.0,25.7265625,0.0,0.0,0.0,23.046875,0.0,0.0,25.15234375,0.0,5.845550537109375
9.19,-0.0,-0.0234375,-0.0078125,0.0,0.0,-0.0,-0.0,0.0,0.0,0.0,23.62109375,0.0,0.0,0.0,25.53515625,0.0,0.0,0.0,25.7265625,0.0,0.0,0.0,23.62109375,0.0,0.0,24.9609375,0.0,5.845550537109375
9.352,-0.0,-0.0234375,-0.0078125,0.0,0.0,-0.0,-0.0,0.0,0.0,0.0,23.4296875,0.0,0.0,0.0,26.30078125,0.0,0.0,0.0,25.34375,0.0,0.0,0.0,23.8125,0.0,0.0,24.9609375,0.0,5.845550537109375
9.52,-0.0,-0.0234375,-0.0078125,0.0,0.0,-0.0,-0.0,0.0,0.0,0.0,23.4296875,0.0,0.0,0.0,25.15234375,0.0,0.0,0.0,25.53515625,0.0,0.0,0.0,23.23828125,0.0,0.0,24.9609375,0.0,5.845550537109375
9.717,-0.0,-0.0234375,-0.0078125,0.0,0.0,-0.0,-0.0,0.0,0.0,0.0,23.8125,0.0,0.0,0.0,26.68359375,0.0,0.0,0.0,25.91796875,0.0,0.0,0.0,24.00390625,0.0,0.0,25.15234375,0.0,5.845550537109375
9.888,-0.0,-0.0234375,-0.0078125,0.0,0.0,-0.0,-0.0,0.0,0.0,0.0,22.85546875,0.0,0.0,0.0,25.7265625,0.0,0.0,0.0,26.109375,0.0,0.0,0.0,23.8125,0.0,0.0,23.8125,0.0,5.845550537109375
10.051,-0.0,-0.0234375,-0.0078125,0.0,0.0,-0.0,-0.0,0.0,0.0,0.0,23.4296875,0.0,0.0,0.0,25.53515625,0.0,0.0,0.0,25.34375,0.0,0.0,0.0,23.62109375,0.0,0.0,25.34375,0.0,5.845550537109375
10.209,-0.0,-0.0234375,-0.0078125,0.0,0.0,-0.0,-0.0,0.0,0.0,0.0,23.4296875,0.0,0.0,0.0,25.53515625,0.0,0.0,0.0,25.7265625,0.0,0.0,0.0,23.4296875,0.0,0.0,24.1953125,0.0,5.8357696533203125
10.377,-0.0,-0.0234375,-0.0078125,0.0,0.0,-0.0,-0.0,0.0,0.0,0.0,22.85546875,0.0,0.0,0.0,26.109375,0.0,0.0,0.0,25.53515625,0.0,0.0,0.0,24.1953125,0.0,0.0,24.578125,0.0,5.845550537109375
10.551,-0.0,-0.0234375,-0.0078125,0.0,0.0,-0.0,-0.0,0.0,0.0,0.0,22.85546875,0.0,0.0,0.0,24.76953125,0.0,0.0,0.0,25.7265625,0.0,0.0,0.0,23.62109375,0.0,0.0,24.9609375,0.0,5.845550537109375
10.713,-0.0,-0.0234375,-0.0078125,0.0,0.0,-0.0,-0.0,0.0,0.0,0.0,23.23828125,0.0,0.0,0.0,25.91796875,0.0,0.0,0.0,25.7265625,0.0,0.0,0.0,23.046875,0.0,0.0,25.53515625,0.0,5.845550537109375
10.871,-0.0,-0.0234375,-0.0078125,0.0,0.0,-0.0,-0.0,0.0,0.0,0.0,23.62109375,0.0,0.0,0.0,26.30078125,0.0,0.0,0.0,25.15234375,0.0,0.0,0.0,24.00390625,0.0,0.0,25.15234375,0.0,5.845550537109375
11.031,-0.0,-0.0234375,-0.0078125,0.0,0.0,-0.0,-0.0,0.0,0.0,0.0,23.23828125,0.0,0.0,0.0,25.91796875,0.0,0.0,0.0,25.15234375,0.0,0.0,0.0,23.046875,0.0,0.0,24.9609375,0.0,5.845550537109375
11.192,-0.0,-0.0234375,-0.0078125,0.0,0.0,-0.0,-0.0,0.0,0.0,0.0,23.23828125,0.0,0.0,0.0,25.7265625,0.0,0.0,0.0,25.7265625,0.0,0.0,0.0,23.4296875,0.0,0.0,25.91796875,0.0,5.845550537109375
11.349,-0.0,-0.0234375,-0.0078125,0.0,0.0,-0.0,-0.0,0.0,0.0,0.0,23.4296875,0.0,0.0,0.0,26.109375,0.0,0.0,0.0,25.34375,0.0,0.0,0.0,23.046875,0.0,0.0,24.9609375,0.0,5.845550537109375
11.512,-0.0,-0.0234375,-0.0078125,0.0,0.0,-0.0,-0.0,0.0,0.0,0.0,23.046875,0.0,0.0,0.0,26.4921875,0.0,0.0,0.0,25.91796875,0.0,0.0,0.0,23.23828125,0.0,0.0,25.7265625,0.0,5.845550537109375
11.691,-0.0,-0.0234375,-0.0078125,0.0,0.0,-0.0,-0.0,0.0,0.0,0.0,23.62109375,0.0,0.0,0.0,25.34375,0.0,0.0,0.0,25.53515625,0.0,0.0,0.0,23.62109375,0.0,0.0,23.8125,0.0,5.855316162109375
11.858,-0.0,-0.0234375,-0.0078125,0.0,0.0,-0.0,-0.0,0.0,0.0,0.0,23.046875,0.0,0.0,0.0,26.109375,0.0,0.0,0.0,25.91796875,0.0,0.0,0.0,23.046875,0.0,0.0,25.15234375,0.0,5.855316162109375
12.031,-0.0,-0.0234375,-0.0078125,0.0,0.0,-0.0,-0.0,0.0,0.0,0.0,23.4296875,0.0,0.0,0.0,24.578125,0.0,0.0,0.0,25.34375,0.0,0.0,0.0,23.62109375,0.0,0.0,25.34375,0.0,5.845550537109375
12.191,-0.0,-0.0234375,-0.0078125,0.0,0.0,-0.0,-0.0,0.0,0.0,0.0,23.4296875,0.0,0.0,0.0,24.9609375,0.0,0.0,0.0,25.7265625,0.0,0.0,0.0,23.4296875,0.0,0.0,24.9609375,0.0,5.845550537109375
12.352,-0.0,-0.0234375,-0.0078125,0.0,0.0,-0.0,-0.0,0.0,0.0,0.0,23.62109375,0.0,0.0,0.0,25.91796875,0.0,0.0,0.0,25.53515625,0.0,0.0,0.0,23.62109375,0.0,0.0,24.1953125,0.0,5.845550537109375
12.511,-0.0,-0.0234375,-0.0078125,0.0,0.0,-0.0,-0.0,0.0,0.0,0.0,23.4296875,0.0,0.0,0.0,25.7265625,0.0,0.0,0.0,25.53515625,0.0,0.0,0.0,23.23828125,0.0,0.0,26.30078125,0.0,5.845550537109375
12.691,-0.0,-0.0234375,-0.0078125,0.0,0.0,-0.0,-0.0,0.0,0.0,0.0,22.85546875,0.0,0.0,0.0,26.4921875,0.0,0.0,0.0,25.53515625,0.0,0.0,0.0,23.62109375,0.0,0.0,25.15234375,0.0,5.845550537109375
12.852,-0.0,-0.0234375,-0.0078125,0.0,0.0,-0.0,-0.0,0.0,0.0,0.0,23.23828125,0.0,0.0,0.0,24.76953125,0.0,0.0,0.0,25.53515625,0.0,0.0,0.0,23.4296875,0.0,0.0,25.15234375,0.0,5.8357696533203125
13.011,-0.0,-0.0234375,-0.0078125,0.0,0.0,-0.0,-0.0,0.0,0.0,0.0,23.8125,0.0,0.0,0.0,27.06640625,0.0,0.0,0.0,25.91796875,0.0,0.0,0.0,23.62109375,0.0,0.0,24.9609375,0.0,5.845550537109375
13.176,-0.0,-0.0234375,-0.0078125,0.0,0.0,-0.0,-0.0,0.0,0.0,0.0,23.23828125,0.0,0.0,0.0,25.34375,0.0,0.0,0.0,25.7265625,0.0,0.0,0.0,23.8125,0.0,0.0,25.34375,0.0,5.845550537109375
13.338,-0.0,-0.0234375,-0.0078125,0.0,0.0,-0.0,-0.0,0.0,0.0,0.0,23.62109375,0.0,0.0,0.0,26.30078125,0.0,0.0,0.0,25.53515625,0.0,0.0,0.0,23.4296875,0.0,0.0,25.15234375,0.0,5.845550537109375
13.513,-0.0,-0.0234375,-0.0078125,0.0,0.0,-0.0,-0.0,0.0,0.0,0.0,23.23828125,0.0,0.0,0.0,25.7265625,0.0,0.0,0.0,25.53515625,0.0,0.0,0.0,24.38671875,0.0,0.0,24.9609375,0.0,5.845550537109375
13.688,-0.0,-0.0234375,-0.0078125,0.0,0.0,-0.0,-0.0,0.0,0.0,0.0,22.08984375,0.0,0.0,0.0,25.15234375,0.0,0.0,0.0,25.7265625,0.0,0.0,0.0,23.62109375,0.0,0.0,24.578125,0.0,5.845550537109375
S: 13.74 157612293242 Toggled Photon Cannon
13.85,-0.0,-0.0234375,-0.0078125,0.0,0.0,-0.0,-0.0,0.0,0.0,0.0,23.046875,0.0,0.0,0.0,25.34375,0.0,0.0,0.0,25.34375,0.0,0.0,0.0,24.00390625,0.0,0.0,24.76953125,0.0,5.845550537109375
14.017,-0.0,-0.0234375,-0.0078125,0.0,0.0,-0.0,-0.0,0.0,0.0,0.0,23.8125,0.0,0.0,0.0,25.34375,0.0,0.0,0.0,25.7265625,0.0,0.0,0.0,23.046875,0.0,0.0,25.53515625,0.0,5.845550537109375
14.188,-0.0,-0.0234375,-0.0078125,0.0,0.0,-0.0,-0.0,0.0,0.0,0.0,24.1953125,0.0,0.0,0.0,26.109375,0.0,0.0,0.0,25.53515625,0.0,0.0,0.0,24.00390625,0.0,0.0,23.8125,0.0,5.845550537109375
14.35,-0.0,-0.0234375,-0.0078125,0.0,0.0,-0.0,-0.0,0.0,0.0,0.0,24.1953125,0.0,0.0,0.0,26.109375,0.0,0.0,0.0,25.53515625,0.0,0.0,0.0,22.85546875,0.0,0.0,25.34375,0.0,5.845550537109375
14.511,-0.0,-0.0234375,-0.0078125,0.0,0.0,-0.0,-0.0,0.0,0.0,0.0,23.23828125,0.0,0.0,0.0,26.30078125,0.0,0.0,0.0,25.53515625,0.0,0.0,0.0,23.4296875,0.0,0.0,25.15234375,0.0,5.8357696533203125
14.67,-0.0,-0.0234375,-0.0078125,0.0,0.0,-0.0,-0.0,0.0,0.0,0.0,22.08984375,0.0,0.0,0.0,25.7265625,0.0,0.0,0.0,25.91796875,0.0,0.0,0.0,23.23828125,0.0,0.0,25.15234375,0.0,5.845550537109375
14.832,-0.0,-0.0234375,-0.0078125,0.0,0.0,-0.0,-0.0,0.0,0.0,0.0,23.4296875,0.0,0.0,0.0,27.640625,0.0,0.0,0.0,25.53515625,0.0,0.0,0.0,23.4296875,0.0,0.0,24.00390625,0.0,5.845550537109375
14.99,-0.0,-0.0234375,-0.0078125,0.0,0.0,-0.0,-0.0,0.0,0.0,0.0,23.4296875,0.0,0.0,0.0,25.7265625,0.0,0.0,0.0,25.7265625,0.0,0.0,0.0,23.23828125,0.0,0.0,25.15234375,0.0,5.845550537109375
15.16,-0.0,-0.0234375,-0.0078125,0.0,0.0,-0.0,-0.0,0.0,0.0,0.0,23.4296875,0.0,0.0,0.0,25.34375,0.0,0.0,0.0,25.15234375,0.0,0.0,0.0,23.23828125,0.0,0.0,24.76953125,0.0,5.845550537109375
15.329,-0.0,-0.0234375,-0.0078125,0.0,0.0,-0.0,-0.0,0.0,0.0,0.0,23.23828125,0.0,0.0,0.0,25.53515625,0.0,0.0,0.0,25.7265625,0.0,0.0,0.0,23.62109375,0.0,0.0,26.68359375,0.0,5.8357696533203125
15.488,-0.0,-0.0234375,-0.0078125,0.0,0.0,-0.0,-0.0,0.0,0.0,0.0,23.62109375,0.0,0.0,0.0,25.91796875,0.0,0.0,0.0,25.53515625,0.0,0.0,0.0,24.00390625,0.0,0.0,24.38671875,0.0,5.8357696533203125
15.68,-0.0,-0.0234375,-0.0078125,0.0,0.0,-0.0,-0.0,0.0,0.0,0.0,23.046875,0.0,0.0,0.0,25.34375,0.0,0.0,0.0,25.53515625,0.0,0.0,0.0,22.85546875,0.0,0.0,25.15234375,0.0,5.8357696533203125
15.85,-0.0,-0.0234375,-0.3203125,0.0,0.0,-0.0,-0.0,0.0,0.0,0.0,22.28125,0.0,0.0,0.0,25.7265625,0.0,0.0,0.0,25.7265625,0.0,0.0,0.0,23.4296875,0.0,0.0,26.4921875,0.0,5.845550537109375
16.016,-0.0,-0.0234375,-0.6171875,-0.07560546875000002,-0.30720703125,-0.30720703125,-0.07560546875000002,0.0,-0.953125,7.8203125,23.046875,0.0,-3.921875,14.25390625,24.9609375,-9.776473999023438,-3.65234375,21.21484375,25.34375,0.0,-0.93359375,1.91015625,23.62109375,0.0,0.0,25.15234375,0.0,5.9335174560546875
16.191,-0.0,-0.0234375,-0.34375,-0.12189453125,-0.49529296875,-0.49529296875,-0.12189453125,0.0,-1.49609375,8.4765625,23.4296875,0.0,-5.5546875,29.09375,25.7265625,-79.98667907714844,-5.6796875,26.203125,25.34375,0.0,-1.515625,6.90234375,23.23828125,0.0,0.0,24.9609375,0.0,5.8357696533203125
16.352,-0.0,-0.0234375,-0.421875,-0.047832031250000004,-0.19435546874999998,-0.19435546874999998,-0.047832031250000004,0.0,0.0,0.0,23.62109375,0.0,-2.5234375,7.953125,25.7265625,-41.20347595214844,-2.44921875,9.66015625,25.15234375,0.0,0.0,0.0,23.046875,0.0,0.0,24.76953125,0.0,5.8846435546875
16.532,-0.0,-0.0234375,-0.0078125,-0.07869140625000001,-0.31974609375,-0.31974609374999996,-0.07869140624999998,0.0,-0.98828125,7.296875,23.8125,0.0,-4.05859375,10.18359375,25.15234375,-75.35765075683594,-3.92578125,15.17578125,25.7265625,0.0,-1.0,0.0,24.1953125,0.0,0.0,24.9609375,0.0,5.845550537109375
16.71,0.046875,-0.0234375,-0.0078125,0.0,0.0,-0.0,-0.0,0.0,0.0,0.0,23.046875,0.0,0.0,0.0,25.7265625,-7.057952880859375,0.0,0.0,25.7265625,0.0,0.0,0.0,23.046875,0.0,0.0,25.34375,0.0,5.845550537109375
16.87,0.140625,-0.046875,-0.0078125,0.0,0.0,-0.0,-0.0,0.0,0.0,0.0,24.1953125,0.0,0.0,0.0,25.91796875,-4.4726104736328125,0.0,0.0,25.7265625,0.0,0.0,0.0,23.62109375,0.0,0.0,25.34375,0.0,5.82598876953125
17.032,0.265625,-0.0859375,-0.0078125,0.17968749999999997,0.17968750000000003,-0.17968749999999997,-0.17968750000000003,0.0,2.265625,9.921875,23.4296875,0.0,2.234375,7.1640625,24.9609375,-22.036026000976562,-2.24609375,11.10546875,25.15234375,0.0,-2.24609375,11.76171875,23.4296875,0.0,0.0,25.53515625,0.0,5.855316162109375
17.201,0.1796875,-0.0859375,-0.0078125,0.26562499999999994,0.26562500000000006,-0.26562499999999994,-0.26562500000000006,0.0,3.2578125,15.3046875,22.28125,0.0,3.1171875,10.83984375,25.34375,-51.705322265625,-3.28125,12.0234375,25.53515625,0.0,-3.32421875,12.94140625,24.1953125,0.0,0.0,25.15234375,0.0,5.845550537109375
17.381,-0.015748031496062992,0.0,-0.0078125,0.0,0.0,-0.0,-0.0,0.0,0.0,0.0,23.23828125,0.0,0.0,0.0,25.7265625,-53.790557861328125,0.0,0.0,25.7265625,0.0,0.0,0.0,24.1953125,0.0,0.0,24.9609375,0.0,5.845550537109375
17.553,-0.015748031496062992,0.0,-0.0078125,0.0,0.0,-0.0,-0.0,2.903472900390625,0.0,0.0,22.85546875,0.0,0.0,0.0,26.30078125,-36.59303283691406,0.0,0.0,25.34375,0.0,0.0,0.0,23.4296875,0.0,0.0,25.15234375,0.0,5.845550537109375
17.718,-0.015748031496062992,0.0,-0.0078125,0.0,0.0,-0.0,-0.0,5.331207275390625,0.0,0.0,23.046875,0.0,0.0,0.0,26.30078125,-19.700897216796875,0.0,0.0,25.34375,0.0,0.0,0.0,23.8125,0.0,0.0,24.9609375,0.0,5.845550537109375
17.876,-0.015748031496062992,0.0,-0.0078125,0.0,0.0,-0.0,-0.0,0.0,0.0,0.0,23.046875,0.0,0.0,0.0,25.34375,-10.30426025390625,0.0,0.0,25.53515625,0.0,0.0,0.0,23.62109375,0.0,0.0,25.53515625,0.0,5.845550537109375
18.04,-0.015748031496062992,0.0,0.0,0.0,0.0,-0.0,-0.0,0.0,0.0,0.0,23.23828125,0.0,0.0,0.0,25.91796875,0.0,0.0,0.0,25.53515625,0.0,0.0,0.0,23.4296875,0.0,0.0,24.9609375,0.0,5.845550537109375
18.193,-0.015748031496062992,0.0,0.0,0.0,0.0,-0.0,-0.0,0.0,0.0,0.0,23.23828125,0.0,0.0,0.0,26.109375,0.0,0.0,0.0,26.30078125,0.0,0.0,0.0,23.046875,0.0,0.0,24.9609375,0.0,5.855316162109375
18.351,-0.015748031496062992,0.0,0.0,0.0,0.0,-0.0,-0.0,0.0,0.0,0.0,23.046875,0.0,0.0,0.0,25.53515625,0.0,0.0,0.0,25.15234375,0.0,0.0,0.0,22.6640625,0.0,0.0,24.9609375,0.0,5.845550537109375
18.52,0.0859375,0.0,0.0,0.0,0.0,-0.0,-0.0,0.0,0.0,0.0,23.046875,0.0,0.0,0.0,25.34375,0.0,0.0,0.0,25.91796875,0.0,0.0,0.0,23.4296875,0.0,0.0,24.76953125,0.0,5.845550537109375
18.69,0.1640625,0.0,0.0,0.0,0.0,-0.0,-0.0,0.0,0.0,0.0,22.85546875,0.0,0.0,0.0,25.53515625,0.0,0.0,0.0,25.7265625,0.0,0.0,0.0,23.23828125,0.0,0.0,25.91796875,0.0,5.81622314453125
18.849,0.28125,0.0,0.0,0.20312499999999997,0.20312500000000003,-0.20312499999999997,-0.20312500000000003,0.0,2.53125,13.3359375,22.47265625,0.0,2.41796875,13.3359375,25.34375,-16.924789428710938,-2.4921875,11.62890625,25.7265625,0.0,-2.5,13.9921875,23.23828125,0.0,0.0,24.76953125,0.0,5.81622314453125
19.019,0.3046875,0.0,0.0,0.30468749999999994,0.30468750000000006,-0.30468749999999994,-0.30468750000000006,-11.4185791015625,3.69140625,14.78125,21.515625,0.0,3.671875,8.4765625,25.91796875,-64.41763305664062,-3.67578125,13.203125,25.53515625,0.0,-3.76171875,17.5390625,23.62109375,0.0,0.0,25.34375,0.0,5.855316162109375
19.182,-0.015748031496062992,0.0,0.0,0.17968749999999997,0.17968750000000003,-0.17968749999999997,-0.17968750000000003,-39.388641357421875,2.27734375,7.8203125,23.4296875,0.0,2.2578125,3.35546875,25.91796875,-58.23651123046875,-2.29296875,5.984375,25.34375,0.0,-2.2890625,8.4765625,23.62109375,0.0,0.0,24.9609375,0.0,5.8357696533203125
19.358,-0.015748031496062992,0.0,0.0,0.0,0.0,-0.0,-0.0,-19.250717163085938,0.0,0.0,23.4296875,0.0,0.0,0.0,26.68359375,-59.167938232421875,0.0,0.0,25.34375,0.0,0.0,0.0,22.85546875,0.0,0.0,25.34375,0.0,5.845550537109375
19.528,-0.015748031496062992,0.0,0.0,0.0,0.0,-0.0,-0.0,-14.710662841796875,0.0,0.0,23.046875,0.0,0.0,0.0,25.15234375,-36.8883056640625,0.0,0.0,25.53515625,0.0,0.0,0.0,23.23828125,0.0,0.0,25.34375,0.0,5.845550537109375
19.699,-0.015748031496062992,0.0,0.0,0.0,0.0,-0.0,-0.0,8.211563110351562,0.0,0.0,23.62109375,0.0,0.0,0.0,25.34375,-27.1973876953125,0.0,0.0,25.15234375,0.0,0.0,0.0,23.4296875,0.0,0.0,25.15234375,0.0,5.8357696533203125
19.86,-0.015748031496062992,0.0,0.0,0.0,0.0,-0.0,-0.0,-3.50341796875,0.0,0.0,22.6640625,0.0,0.0,0.0,26.109375,-20.81695556640625,0.0,0.0,25.7265625,0.0,0.0,0.0,23.23828125,0.0,0.0,24.9609375,0.0,5.845550537109375
20.019,-0.015748031496062992,0.0,0.0,0.0,0.0,-0.0,-0.0,6.720794677734375,0.0,0.0,23.4296875,0.0,0.0,0.0,25.53515625,-5.4838104248046875,0.0,0.0,25.34375,0.0,0.0,0.0,23.23828125,0.0,0.0,25.15234375,0.0,5.845550537109375
20.189,-0.015748031496062992,0.0,0.0,0.0,0.0,-0.0,-0.0,0.0,0.0,0.0,23.23828125,0.0,0.0,0.0,25.15234375,0.0,0.0,0.0,25.53515625,0.0,0.0,0.0,22.6640625,0.0,0.0,24.9609375,0.0,5.855316162109375
20.352,-0.015748031496062992,0.0,0.0,0.0,0.0,-0.0,-0.0,0.0,0.0,0.0,22.85546875,0.0,0.0,0.0,26.109375,0.0,0.0,0.0,25.53515625,0.0,0.0,0.0,23.62109375,0.0,0.0,26.109375,0.0,5.845550537109375
20.512,-0.015748031496062992,0.0,0.0,0.0,0.0,-0.0,-0.0,0.0,0.0,0.0,22.85546875,0.0,0.0,0.0,25.34375,0.0,0.0,0.0,25.53515625,0.0,0.0,0.0,23.23828125,0.0,0.0,24.9609375,0.0,5.845550537109375
20.67,-0.015748031496062992,0.0,0.0,0.0,0.0,-0.0,-0.0,0.0,0.0,0.0,23.8125,0.0,0.0,0.0,25.53515625,0.0,0.0,0.0,25.15234375,0.0,0.0,0.0,24.00390625,0.0,0.0,25.15234375,0.0,5.8357696533203125
20.829,-0.015748031496062992,0.0,0.0,0.0,0.0,-0.0,-0.0,0.0,0.0,0.0,22.85546875,0.0,0.0,0.0,25.7265625,0.0,0.0,0.0,25.53515625,0.0,0.0,0.0,22.85546875,0.0,0.0,25.53515625,0.0,5.845550537109375
20.99,-0.015748031496062992,0.0,0.0,0.0,0.0,-0.0,-0.0,0.0,0.0,0.0,22.47265625,0.0,0.0,0.0,25.34375,0.0,0.0,0.0,25.15234375,0.0,0.0,0.0,23.23828125,0.0,0.0,25.15234375,0.0,5.8357696533203125
21.159,-0.015748031496062992,0.0,0.0,0.0,0.0,-0.0,-0.0,0.0,0.0,0.0,22.6640625,0.0,0.0,0.0,25.34375,0.0,0.0,0.0,25.34375,0.0,0.0,0.0,23.046875,0.0,0.0,24.9609375,0.0,5.845550537109375
21.317,-0.015748031496062992,0.0,0.0,0.0,0.0,-0.0,-0.0,0.0,0.0,0.0,22.85546875,0.0,0.0,0.0,25.53515625,0.0,0.0,0.0,25.15234375,0.0,0.0,0.0,23.62109375,0.0,0.0,25.15234375,0.0,5.845550537109375
21.488,-0.015748031496062992,0.0,0.0,0.0,0.0,-0.0,-0.0,0.0,0.0,0.0,22.6640625,0.0,0.0,0.0,24.578125,0.0,0.0,0.0,25.53515625,0.0,0.0,0.0,23.62109375,0.0,0.0,25.91796875,0.0,5.845550537109375
21.669,-0.015748031496062992,0.0,0.0,0.0,0.0,-0.0,-0.0,0.0,0.0,0.0,22.85546875,0.0,0.0,0.0,25.91796875,0.0,0.0,0.0,25.34375,0.0,0.0,0.0,23.046875,0.0,0.0,25.34375,0.0,5.845550537109375
21.858,-0.015748031496062992,0.0,0.0,0.0,0.0,-0.0,-0.0,0.0,0.0,0.0,23.046875,0.0,0.0,0.0,25.34375,0.0,0.0,0.0,25.15234375,0.0,0.0,0.0,23.23828125,0.0,0.0,25.15234375,0.0,5.845550537109375
22.029,0.3203125,-0.0625,0.0,0.0,0.0,-0.0,-0.0,0.0,0.0,0.0,21.70703125,0.0,0.0,0.0,25.15234375,0.0,0.0,0.0,25.53515625,0.0,0.0,0.0,22.85546875,0.0,0.0,25.53515625,0.0,5.845550537109375
22.193,0.1640625,-0.0078125,0.0,-0.3203125,-0.3203125,0.3203125,0.3203125,34.01239013671875,-3.88671875,18.0625,23.046875,0.0,-3.78515625,18.98046875,24.76953125,47.23710632324219,3.65625,18.45703125,24.76953125,0.0,3.8359375,18.71875,22.6640625,0.0,0.0,26.30078125,0.0,5.8357696533203125
22.373,0.0078125,0.0,0.0,-0.125,-0.125,0.125,0.125,39.735504150390625,-1.6015625,5.32421875,22.85546875,0.0,-1.58984375,0.0,25.7265625,40.26338195800781,1.58984375,4.27734375,25.15234375,0.0,1.578125,5.0625,22.6640625,0.0,0.0,25.53515625,0.0,5.845550537109375
22.538,0.0078125,0.0,0.0,0.0,0.0,-0.0,-0.0,-11.815750122070312,0.0,0.0,22.6640625,0.0,0.0,0.0,24.578125,39.81626892089844,0.0,0.0,24.9609375,0.0,0.0,0.0,23.046875,0.0,0.0,25.53515625,0.0,5.8357696533203125
22.692,0.1796875,0.0,0.0,-0.1015625,-0.1015625,0.1015625,0.1015625,0.0,-1.3046875,5.45703125,23.8125,0.0,-1.3046875,4.80078125,25.15234375,25.546173095703125,1.28515625,4.66796875,24.76953125,0.0,1.28125,6.24609375,23.4296875,0.0,0.0,25.34375,0.0,5.855316162109375
22.869,0.28125,-0.0625,0.0,-0.203125,-0.203125,0.203125,0.203125,-8.535858154296875,-2.55078125,11.3671875,22.6640625,0.0,-2.609375,9.66015625,25.15234375,35.71661376953125,2.4609375,9.66015625,25.34375,0.0,2.46875,12.28515625,23.62109375,0.0,0.0,24.38671875,0.0,5.8650970458984375
23.033,0.3046875,-0.1015625,0.0,-0.2821,-0.3667625,0.2821,0.3667625,0.0,-3.43359375,11.76171875,22.85546875,0.0,-4.3984375,15.3046875,24.9609375,75.9959716796875,3.33984375,10.7109375,25.34375,0.0,4.31640625,20.42578125,22.85546875,0.0,0.0,24.9609375,0.0,5.845550537109375
23.196,0.3046875,-0.125,0.0,-0.20944687171258047,-0.41724267182928454,0.20944687171258047,0.41724267182928454,-6.9755096435546875,-2.578125,6.90234375,24.00390625,0.0,-5.12109375,10.97265625,25.34375,77.64634704589844,2.56640625,4.14453125,25.34375,0.0,4.96875,18.71875,22.47265625,0.0,0.0,25.53515625,0.0,5.8650970458984375
23.383,0.3046875,-0.125,0.0,-0.20944687171258047,-0.41724267182928454,0.20944687171258047,0.41724267182928454,2.9691619873046875,-2.62109375,4.01171875,22.85546875,0.0,-5.25390625,14.78125,24.9609375,94.971923828125,2.60546875,3.09375,25.15234375,0.0,4.984375,15.17578125,22.47265625,0.0,0.0,25.15234375,0.0,5.845550537109375
23.554,0.2265625,-0.125,0.0,-0.20944687171258047,-0.41724267182928454,0.20944687171258047,0.41724267182928454,2.62213134765625,-2.609375,3.2265625,23.046875,0.0,-5.12109375,12.6796875,24.76953125,111.86856079101562,2.6171875,2.17578125,24.9609375,0.0,5.02734375,15.69921875,22.08984375,0.0,0.0,24.9609375,0.0,5.845550537109375
23.731,-0.015748031496062992,0.0,0.0,-0.1640625,-0.1640625,0.1640625,0.1640625,-5.5457916259765625,-2.10546875,0.0,22.85546875,0.0,-2.08203125,0.0,25.15234375,133.22230529785156,2.12109375,0.0,25.34375,0.0,2.109375,0.0,23.4296875,0.0,0.0,24.38671875,0.0,5.845550537109375
23.891,-0.015748031496062992,0.0,0.0,0.0,0.0,-0.0,-0.0,-77.23249816894531,0.0,0.0,21.8984375,0.0,0.0,0.0,25.91796875,82.13726806640625,0.0,0.0,24.9609375,0.0,0.0,0.0,23.046875,0.0,0.0,25.7265625,0.0,5.855316162109375
24.06,-0.015748031496062992,0.0,0.0,0.0,0.0,-0.0,-0.0,80.66548156738281,0.0,0.0,23.8125,0.0,0.0,0.0,25.7265625,87.12619018554688,0.0,0.0,25.53515625,0.0,0.0,0.0,23.23828125,0.0,0.0,25.53515625,0.0,5.855316162109375
24.23,-0.015748031496062992,0.0,0.0,0.0,0.0,-0.0,-0.0,4.0795135498046875,0.0,0.0,23.046875,0.0,0.0,0.0,25.15234375,67.22099304199219,0.0,0.0,25.15234375,0.0,0.0,0.0,23.046875,0.0,0.0,24.9609375,0.0,5.845550537109375
24.392,-0.031496062992125984,0.0,0.0,0.0,0.0,-0.0,-0.0,0.0,0.0,0.0,22.85546875,0.0,0.0,0.0,25.7265625,47.947265625,0.0,0.0,25.91796875,0.0,0.0,0.0,23.23828125,0.0,0.0,26.4921875,0.0,5.82598876953125
24.558,-0.07086614173228346,0.0,0.0,0.0,0.0,-0.0,-0.0,3.622467041015625,0.0,0.0,23.4296875,0.0,0.0,0.0,25.53515625,28.56866455078125,0.0,0.0,25.34375,0.0,0.0,0.0,22.85546875,0.0,0.0,24.9609375,0.0,5.845550537109375
24.739,-0.13385826771653545,0.0,0.0,0.0,0.0,-0.0,-0.0,0.0,0.0,0.0,23.046875,0.0,0.0,0.0,25.34375,19.51873779296875,0.0,0.0,25.7265625,0.0,0.0,0.0,23.4296875,0.0,0.0,25.34375,0.0,5.845550537109375
24.91,-0.13385826771653545,0.0,0.0,0.13385826771653547,0.13385826771653542,-0.13385826771653547,-0.13385826771653542,-9.016830444335938,1.6796875,13.07421875,22.47265625,0.0,1.6171875,10.83984375,25.15234375,-2.9964752197265625,-1.69140625,9.921875,25.53515625,0.0,-1.69140625,10.83984375,23.4296875,0.0,0.0,26.4921875,0.0,5.8846435546875
25.081,-0.2125984251968504,0.0,0.0,0.13385826771653547,0.13385826771653542,-0.13385826771653547,-0.13385826771653542,9.153106689453125,1.6953125,9.7890625,22.6640625,0.0,1.68359375,4.01171875,25.34375,-20.467880249023438,-1.69140625,7.69140625,25.7265625,0.0,-1.68359375,8.609375,23.4296875,0.0,0.0,25.53515625,0.0,5.8357696533203125
25.252,-0.3543307086614173,-0.0625,0.0,0.2519685039370079,0.2519685039370078,-0.2519685039370079,-0.2519685039370078,0.0,3.09765625,13.859375,22.28125,0.0,2.9296875,13.203125,25.53515625,-56.45149230957031,-3.06640625,10.578125,24.76953125,0.0,-3.0859375,15.04296875,23.046875,0.0,0.0,25.7265625,0.0,5.8357696533203125
25.436,-0.05511811023622047,-0.0078125,0.0,0.3543307086614174,0.3543307086614172,-0.3543307086614174,-0.3543307086614172,3.824005126953125,4.234375,15.69921875,21.8984375,0.0,4.1953125,15.69921875,24.9609375,-103.86238098144531,-4.25,14.51953125,25.15234375,0.0,-4.38671875,15.4375,23.046875,0.0,0.0,25.15234375,0.0,5.845550537109375
25.613,-0.0,-0.0078125,0.0,0.0,0.0,-0.0,-0.0,-3.877899169921875,0.0,0.0,23.046875,0.0,0.0,0.0,25.53515625,-87.42572021484375,0.0,0.0,25.53515625,0.0,0.0,0.0,23.4296875,0.0,0.0,25.34375,0.0,5.845550537109375
25.789,0.0234375,0.0,0.0,0.0,0.0,-0.0,-0.0,-18.821029663085938,0.0,0.0,22.6640625,0.0,0.0,0.0,25.7265625,-67.59611511230469,0.0,0.0,25.34375,0.0,0.0,0.0,23.23828125,0.0,0.0,25.34375,0.0,5.845550537109375
25.962,0.3828125,-0.1015625,0.0,-0.1015625,-0.1015625,0.1015625,0.1015625,0.0,-1.28515625,12.0234375,23.23828125,0.0,-1.3125,12.15234375,25.34375,-18.331008911132812,1.234375,9.52734375,24.9609375,0.0,1.2109375,10.83984375,22.47265625,0.0,0.0,24.76953125,0.0,5.8748626708984375
26.131,0.1640625,-0.0078125,0.0,-0.4133619000033904,-0.40766486451416045,0.4133619000033904,0.40766486451416045,0.0,-4.73828125,24.890625,22.28125,0.0,-4.5,24.1015625,25.15234375,61.45277404785156,4.60546875,23.31640625,24.578125,0.0,4.7421875,24.234375,22.47265625,0.0,0.0,26.875,0.0,5.845550537109375
26.31,-0.0,0.0,0.0,0.0,0.0,-0.0,-0.0,0.0,0.0,0.0,22.85546875,0.0,0.0,0.0,25.34375,58.92100524902344,0.0,0.0,25.53515625,0.0,0.0,0.0,23.046875,0.0,0.0,24.9609375,0.0,5.845550537109375
26.47,-0.015748031496062992,0.0,0.0,0.0,0.0,-0.0,-0.0,-48.41514587402344,0.0,0.0,22.6640625,0.0,0.0,0.0,25.53515625,52.2911376953125,0.0,0.0,25.34375,0.0,0.0,0.0,23.046875,0.0,0.0,24.9609375,0.0,5.8357696533203125
26.637,-0.015748031496062992,0.0,0.0,0.0,0.0,-0.0,-0.0,6.36273193359375,0.0,0.0,22.47265625,0.0,0.0,0.0,24.9609375,34.55442810058594,0.0,0.0,25.53515625,0.0,0.0,0.0,22.6640625,0.0,0.0,25.53515625,0.0,5.845550537109375
26.798,-0.015748031496062992,0.0,0.0,0.0,0.0,-0.0,-0.0,0.0,0.0,0.0,22.6640625,0.0,0.0,0.0,25.15234375,21.111419677734375,0.0,0.0,24.578125,0.0,0.0,0.0,22.85546875,0.0,0.0,25.34375,0.0,5.8357696533203125
26.97,-0.015748031496062992,0.0,0.0,0.0,0.0,-0.0,-0.0,0.0,0.0,0.0,23.046875,0.0,0.0,0.0,24.76953125,3.5631256103515625,0.0,0.0,25.34375,0.0,0.0,0.0,23.23828125,0.0,0.0,26.109375,0.0,5.8357696533203125
27.132,-0.015748031496062992,0.0,0.0,0.0,0.0,-0.0,-0.0,0.0,0.0,0.0,22.6640625,0.0,0.0,0.0,25.34375,0.0,0.0,0.0,25.15234375,0.0,0.0,0.0,23.046875,0.0,0.0,25.91796875,0.0,5.845550537109375
27.298,-0.015748031496062992,0.0,0.0,0.0,0.0,-0.0,-0.0,0.0,0.0,0.0,22.6640625,0.0,0.0,0.0,25.7265625,0.0,0.0,0.0,24.9609375,0.0,0.0,0.0,23.4296875,0.0,0.0,25.53515625,0.0,5.8357696533203125
27.469,-0.015748031496062992,0.0,0.0,0.0,0.0,-0.0,-0.0,0.0,0.0,0.0,23.046875,0.0,0.0,0.0,25.91796875,0.0,0.0,0.0,25.91796875,0.0,0.0,0.0,23.23828125,0.0,0.0,26.109375,0.0,5.8357696533203125
27.632,-0.015748031496062992,0.0,0.0,0.0,0.0,-0.0,-0.0,0.0,0.0,0.0,23.046875,0.0,0.0,0.0,24.578125,0.0,0.0,0.0,25.53515625,0.0,0.0,0.0,23.62109375,0.0,0.0,24.9609375,0.0,5.845550537109375
27.818,-0.015748031496062992,0.0,0.0,0.0,0.0,-0.0,-0.0,0.0,0.0,0.0,22.85546875,0.0,0.0,0.0,25.34375,0.0,0.0,0.0,25.15234375,0.0,0.0,0.0,23.62109375,0.0,0.0,26.30078125,0.0,5.845550537109375
27.99,-0.015748031496062992,0.0,0.0,0.0,0.0,-0.0,-0.0,0.0,0.0,0.0,23.046875,0.0,0.0,0.0,25.91796875,0.0,0.0,0.0,25.15234375,0.0,0.0,0.0,22.85546875,0.0,0.0,25.34375,0.0,5.8357696533203125
28.151,-0.015748031496062992,0.0,0.0,0.0,0.0,-0.0,-0.0,0.0,0.0,0.0,23.62109375,0.0,0.0,0.0,24.76953125,0.0,0.0,0.0,24.76953125,0.0,0.0,0.0,22.85546875,0.0,0.0,25.53515625,0.0,5.845550537109375
28.312,-0.015748031496062992,0.0,0.0,0.0,0.0,-0.0,-0.0,0.0,0.0,0.0,23.046875,0.0,0.0,0.0,24.9609375,0.0,0.0,0.0,25.15234375,0.0,0.0,0.0,22.6640625,0.0,0.0,24.9609375,0.0,5.845550537109375
28.479,-0.015748031496062992,0.0,0.0,0.0,0.0,-0.0,-0.0,0.0,0.0,0.0,22.85546875,0.0,0.0,0.0,24.1953125,0.0,0.0,0.0,25.53515625,0.0,0.0,0.0,23.4296875,0.0,0.0,25.34375,0.0,5.845550537109375
28.649,-0.015748031496062992,0.0,0.0,0.0,0.0,-0.0,-0.0,0.0,0.0,0.0,22.85546875,0.0,0.0,0.0,24.1953125,0.0,0.0,0.0,25.34375,0.0,0.0,0.0,23.4296875,0.0,0.0,25.53515625,0.0,5.845550537109375
28.811,-0.015748031496062992,0.0,0.0,0.0,0.0,-0.0,-0.0,0.0,0.0,0.0,22.08984375,0.0,0.0,0.0,25.15234375,0.0,0.0,0.0,24.9609375,0.0,0.0,0.0,23.62109375,0.0,0.0,24.76953125,0.0,5.8650970458984375
S: 28.86 157612308362 Fired
28.961,-0.015748031496062992,0.0,0.0,0.0,0.0,-0.0,-0.0,0.0,0.0,0.0,22.28125,0.0,0.0,0.0,25.15234375,0.0,0.0,0.0,24.9609375,0.0,0.0,0.0,23.23828125,0.0,0.0,26.109375,0.0,5.4545440673828125
29.117,-0.015748031496062992,0.0,0.0,0.0,0.0,-0.0,-0.0,0.0,0.0,0.0,22.28125,0.0,0.0,0.0,25.34375,-2.477294921875,0.0,0.0,25.34375,0.0,0.0,0.0,22.85546875,0.0,0.0,25.15234375,0.0,4.70184326171875
29.271,-0.015748031496062992,0.0,0.0,0.0,0.0,-0.0,-0.0,0.0,0.0,0.0,22.6640625,0.0,0.0,0.0,24.76953125,-23.1650390625,0.0,0.0,25.15234375,0.0,0.0,0.0,23.046875,0.0,0.0,25.7265625,0.0,4.6236419677734375
29.431,-0.015748031496062992,0.0,0.0,0.0,0.0,-0.0,-0.0,-10.422760009765625,0.0,0.0,22.85546875,0.0,0.0,0.0,25.15234375,11.60980224609375,0.0,0.0,24.76953125,0.0,0.0,0.0,23.046875,0.0,0.0,24.9609375,0.0,5.3079071044921875
29.601,-0.015748031496062992,0.0,0.0,0.0,0.0,-0.0,-0.0,0.0,0.0,0.0,22.47265625,0.0,0.0,0.0,25.53515625,-10.243301391601562,0.0,0.0,24.9609375,0.0,0.0,0.0,22.47265625,0.0,0.0,25.34375,0.0,5.7673492431640625
29.752,-0.015748031496062992,0.0,0.0,0.0,0.0,-0.0,-0.0,0.0,0.0,0.0,21.70703125,0.0,0.0,0.0,24.9609375,-4.366607666015625,0.0,0.0,24.9609375,0.0,0.0,0.0,22.85546875,0.0,0.0,25.53515625,0.0,5.8357696533203125
29.922,-0.015748031496062992,0.0,0.0,0.0,0.0,-0.0,-0.0,0.0,0.0,0.0,22.08984375,0.0,0.0,0.0,25.53515625,-3.000640869140625,0.0,0.0,24.76953125,0.0,0.0,0.0,22.6640625,0.0,0.0,25.7265625,0.0,5.81622314453125
30.092,-0.015748031496062992,0.0,0.0,0.0,0.0,-0.0,-0.0,0.0,0.0,0.0,22.6640625,0.0,0.0,0.0,24.9609375,0.0,0.0,0.0,24.9609375,0.0,0.0,0.0,23.23828125,0.0,0.0,24.38671875,0.0,5.81622314453125
30.256,-0.015748031496062992,0.0,0.0,0.0,0.0,-0.0,-0.0,0.0,0.0,0.0,23.046875,0.0,0.0,0.0,24.76953125,0.0,0.0,0.0,24.9609375,0.0,0.0,0.0,23.046875,0.0,0.0,24.9609375,0.0,5.81622314453125
30.428,-0.015748031496062992,0.0,0.0,0.0,0.0,-0.0,-0.0,0.0,0.0,0.0,22.6640625,0.0,0.0,0.0,24.578125,0.0,0.0,0.0,25.53515625,0.0,0.0,0.0,23.046875,0.0,0.0,26.68359375,0.0,5.8064422607421875
30.596,-0.015748031496062992,0.0,0.0,0.0,0.0,-0.0,-0.0,0.0,0.0,0.0,22.85546875,0.0,0.0,0.0,25.34375,0.0,0.0,0.0,25.15234375,0.0,0.0,0.0,22.85546875,0.0,0.0,25.7265625,0.0,5.81622314453125
30.77,-0.015748031496062992,0.0,0.0,0.0,0.0,-0.0,-0.0,0.0,0.0,0.0,22.6640625,0.0,0.0,0.0,25.53515625,0.0,0.0,0.0,24.9609375,0.0,0.0,0.0,23.4296875,0.0,0.0,25.91796875,0.0,5.81622314453125
30.936,-0.015748031496062992,0.0,0.0,0.0,0.0,-0.0,-0.0,0.0,0.0,0.0,22.6640625,0.0,0.0,0.0,26.30078125,0.0,0.0,0.0,24.9609375,0.0,0.0,0.0,22.85546875,0.0,0.0,25.34375,0.0,5.81622314453125
31.098,-0.015748031496062992,0.0,0.0,0.0,0.0,-0.0,-0.0,0.0,0.0,0.0,23.23828125,0.0,0.0,0.0,24.578125,0.0,0.0,0.0,24.9609375,0.0,0.0,0.0,23.62109375,0.0,0.0,25.34375,0.0,5.81622314453125
31.269,-0.015748031496062992,0.0,0.0,0.0,0.0,-0.0,-0.0,0.0,0.0,0.0,22.6640625,0.0,0.0,0.0,25.15234375,0.0,0.0,0.0,25.34375,0.0,0.0,0.0,22.85546875,0.0,0.0,25.53515625,0.0,5.81622314453125
31.436,-0.015748031496062992,0.0,0.0,0.0,0.0,-0.0,-0.0,0.0,0.0,0.0,22.6640625,0.0,0.0,0.0,25.91796875,0.0,0.0,0.0,25.15234375,0.0,0.0,0.0,23.23828125,0.0,0.0,25.15234375,0.0,5.81622314453125
31.598,-0.015748031496062992,0.0,0.0,0.0,0.0,-0.0,-0.0,0.0,0.0,0.0,22.6640625,0.0,0.0,0.0,26.68359375,0.0,0.0,0.0,25.34375,0.0,0.0,0.0,23.23828125,0.0,0.0,25.34375,0.0,5.81622314453125
31.768,-0.015748031496062992,0.0,0.0,0.0,0.0,-0.0,-0.0,0.0,0.0,0.0,22.47265625,0.0,0.0,0.0,26.68359375,0.0,0.0,0.0,25.34375,0.0,0.0,0.0,22.85546875,0.0,0.0,24.9609375,0.0,5.81622314453125
31.938,-0.015748031496062992,0.0,0.0,0.0,0.0,-0.0,-0.0,0.0,0.0,0.0,23.23828125,0.0,0.0,0.0,25.7265625,0.0,0.0,0.0,24.9609375,0.0,0.0,0.0,22.6640625,0.0,0.0,25.34375,0.0,5.81622314453125
32.11,-0.015748031496062992,0.0,0.0,0.0,0.0,-0.0,-0.0,0.0,0.0,0.0,22.6640625,0.0,0.0,0.0,25.34375,0.0,0.0,0.0,25.15234375,0.0,0.0,0.0,23.23828125,0.0,0.0,25.15234375,0.0,5.81622314453125
32.272,-0.015748031496062992,0.0,0.0,0.0,0.0,-0.0,-0.0,0.0,0.0,0.0,22.85546875,0.0,0.0,0.0,24.578125,0.0,0.0,0.0,25.34375,0.0,0.0,0.0,23.23828125,0.0,0.0,26.4921875,0.0,5.81622314453125
32.43,-0.015748031496062992,0.0,0.0,0.0,0.0,-0.0,-0.0,0.0,0.0,0.0,23.23828125,0.0,0.0,0.0,25.91796875,0.0,0.0,0.0,24.9609375,0.0,0.0,0.0,23.4296875,0.0,0.0,25.15234375,0.0,5.81622314453125
32.591,-0.015748031496062992,0.0,0.0,0.0,0.0,-0.0,-0.0,0.0,0.0,0.0,22.85546875,0.0,0.0,0.0,25.53515625,0.0,0.0,0.0,25.34375,0.0,0.0,0.0,23.046875,0.0,0.0,25.15234375,0.0,5.8064422607421875
32.756,-0.015748031496062992,0.0,0.0,0.0,0.0,-0.0,-0.0,0.0,0.0,0.0,22.85546875,0.0,0.0,0.0,25.53515625,0.0,0.0,0.0,25.15234375,0.0,0.0,0.0,23.046875,0.0,0.0,24.578125,0.0,5.81622314453125
32.918,-0.015748031496062992,0.0,0.0,0.0,0.0,-0.0,-0.0,0.0,0.0,0.0,23.23828125,0.0,0.0,0.0,24.9609375,0.0,0.0,0.0,24.9609375,0.0,0.0,0.0,23.046875,0.0,0.0,25.34375,0.0,5.81622314453125
33.088,-0.015748031496062992,0.0,0.0,0.0,0.0,-0.0,-0.0,0.0,0.0,0.0,22.47265625,0.0,0.0,0.0,25.15234375,0.0,0.0,0.0,25.7265625,0.0,0.0,0.0,22.85546875,0.0,0.0,25.15234375,0.0,5.81622314453125
33.259,-0.015748031496062992,0.0,0.0,0.0,0.0,-0.0,-0.0,0.0,0.0,0.0,22.47265625,0.0,0.0,0.0,26.68359375,0.0,0.0,0.0,25.15234375,0.0,0.0,0.0,23.23828125,0.0,0.0,25.34375,0.0,5.81622314453125
33.43,-0.015748031496062992,0.0,0.0,0.0,0.0,-0.0,-0.0,0.0,0.0,0.0,23.23828125,0.0,0.0,0.0,25.15234375,0.0,0.0,0.0,25.53515625,0.0,0.0,0.0,23.4296875,0.0,0.0,25.34375,0.0,5.82598876953125
33.6,-0.015748031496062992,0.0,0.0,0.0,0.0,-0.0,-0.0,0.0,0.0,0.0,22.85546875,0.0,0.0,0.0,24.38671875,0.0,0.0,0.0,24.76953125,0.0,0.0,0.0,22.6640625,0.0,0.0,26.109375,0.0,5.81622314453125
33.791,-0.015748031496062992,0.0,0.0,0.0,0.0,-0.0,-0.0,0.0,0.0,0.0,22.47265625,0.0,0.0,0.0,25.15234375,0.0,0.0,0.0,25.34375,0.0,0.0,0.0,22.85546875,0.0,0.0,25.15234375,0.0,5.81622314453125
33.951,-0.015748031496062992,0.0,0.0,0.0,0.0,-0.0,-0.0,0.0,0.0,0.0,22.47265625,0.0,0.0,0.0,25.7265625,0.0,0.0,0.0,24.9609375,0.0,0.0,0.0,23.046875,0.0,0.0,25.34375,0.0,5.81622314453125
34.118,-0.015748031496062992,0.0,0.0,0.0,0.0,-0.0,-0.0,0.0,0.0,0.0,22.47265625,0.0,0.0,0.0,24.9609375,0.0,0.0,0.0,25.15234375,0.0,0.0,0.0,23.62109375,0.0,0.0,25.34375,0.0,5.82598876953125
34.277,-0.015748031496062992,0.0,0.0,0.0,0.0,-0.0,-0.0,0.0,0.0,0.0,22.08984375,0.0,0.0,0.0,25.34375,0.0,0.0,0.0,25.34375,0.0,0.0,0.0,22.85546875,0.0,0.0,24.578125,0.0,5.81622314453125
34.431,-0.015748031496062992,0.0,0.0,0.0,0.0,-0.0,-0.0,0.0,0.0,0.0,22.6640625,0.0,0.0,0.0,25.91796875,0.0,0.0,0.0,24.9609375,0.0,0.0,0.0,23.046875,0.0,0.0,24.76953125,0.0,5.8748626708984375
S: 34.479 157612313980 Fired
34.572,-0.015748031496062992,0.0,0.0,0.0,0.0,-0.0,-0.0,0.0,0.0,0.0,22.85546875,0.0,0.0,0.0,25.34375,0.0,0.0,0.0,25.15234375,0.0,0.0,0.0,23.4296875,0.0,0.0,25.53515625,0.0,5.5229644775390625
34.719,-0.015748031496062992,0.0,0.0,0.0,0.0,-0.0,-0.0,0.0,0.0,0.0,22.28125,0.0,0.0,0.0,25.53515625,-3.1179351806640625,0.0,0.0,24.9609375,0.0,0.0,0.0,22.6640625,0.0,0.0,25.7265625,0.0,4.7116241455078125
34.87,-0.015748031496062992,0.0,0.0,0.0,0.0,-0.0,-0.0,0.0,0.0,0.0,22.47265625,0.0,0.0,0.0,24.9609375,-9.578567504882812,0.0,0.0,25.7265625,0.0,0.0,0.0,23.23828125,0.0,0.0,24.9609375,0.0,4.604095458984375
35.03,-0.015748031496062992,0.0,0.0,0.0,0.0,-0.0,-0.0,-4.3641357421875,0.0,0.0,20.94140625,0.0,0.0,0.0,25.15234375,20.715988159179688,0.0,0.0,25.15234375,0.0,0.0,0.0,23.23828125,0.0,0.0,25.91796875,0.0,5.259033203125
35.197,-0.015748031496062992,0.0,0.0,0.0,0.0,-0.0,-0.0,0.0,0.0,0.0,22.85546875,0.0,0.0,0.0,25.34375,-15.407699584960938,0.0,0.0,25.15234375,0.0,0.0,0.0,23.046875,0.0,0.0,25.53515625,0.0,5.757568359375
35.35,-0.015748031496062992,0.0,0.0,0.0,0.0,-0.0,-0.0,0.0,0.0,0.0,23.046875,0.0,0.0,0.0,25.15234375,-8.51495361328125,0.0,0.0,24.578125,0.0,0.0,0.0,22.85546875,0.0,0.0,25.7265625,0.0,5.855316162109375
35.509,-0.015748031496062992,0.0,0.0,0.0,0.0,-0.0,-0.0,0.0,0.0,0.0,21.8984375,0.0,0.0,0.0,25.53515625,-3.06536865234375,0.0,0.0,25.91796875,0.0,0.0,0.0,23.046875,0.0,0.0,25.15234375,0.0,5.82598876953125
35.68,-0.015748031496062992,0.0,0.0,0.0,0.0,-0.0,-0.0,0.0,0.0,0.0,22.47265625,0.0,0.0,0.0,25.34375,-2.50518798828125,0.0,0.0,24.76953125,0.0,0.0,0.0,22.85546875,0.0,0.0,25.34375,0.0,5.82598876953125
35.859,-0.015748031496062992,0.0,0.0,0.0,0.0,-0.0,-0.0,0.0,0.0,0.0,23.4296875,0.0,0.0,0.0,24.76953125,0.0,0.0,0.0,24.9609375,0.0,0.0,0.0,23.046875,0.0,0.0,25.15234375,0.0,5.82598876953125
36.018,-0.015748031496062992,0.0,0.0,0.0,0.0,-0.0,-0.0,0.0,0.0,0.0,22.08984375,0.0,0.0,0.0,24.9609375,0.0,0.0,0.0,25.53515625,0.0,0.0,0.0,23.4296875,0.0,0.0,25.53515625,0.0,5.82598876953125
36.179,-0.015748031496062992,0.0,0.0,0.0,0.0,-0.0,-0.0,0.0,0.0,0.0,23.046875,0.0,0.0,0.0,25.34375,0.0,0.0,0.0,25.34375,0.0,0.0,0.0,23.23828125,0.0,0.0,25.34375,0.0,5.81622314453125
36.339,-0.015748031496062992,0.0,0.0,0.0,0.0,-0.0,-0.0,0.0,0.0,0.0,22.47265625,0.0,0.0,0.0,25.34375,0.0,0.0,0.0,24.578125,0.0,0.0,0.0,22.85546875,0.0,0.0,26.109375,0.0,5.82598876953125
36.51,-0.015748031496062992,0.0,0.0,0.0,0.0,-0.0,-0.0,0.0,0.0,0.0,22.6640625,0.0,0.0,0.0,25.53515625,0.0,0.0,0.0,25.15234375,0.0,0.0,0.0,23.23828125,0.0,0.0,24.578125,0.0,5.82598876953125
36.671,-0.015748031496062992,0.0,0.0,0.0,0.0,-0.0,-0.0,0.0,0.0,0.0,21.70703125,0.0,0.0,0.0,26.30078125,0.0,0.0,0.0,24.9609375,0.0,0.0,0.0,23.046875,0.0,0.0,25.7265625,0.0,5.82598876953125
36.849,-0.015748031496062992,0.0,0.0,0.0,0.0,-0.0,-0.0,0.0,0.0,0.0,22.6640625,0.0,0.0,0.0,25.34375,0.0,0.0,0.0,25.34375,0.0,0.0,0.0,23.4296875,0.0,0.0,25.53515625,0.0,5.82598876953125
37.017,-0.015748031496062992,0.0,0.0,0.0,0.0,-0.0,-0.0,0.0,0.0,0.0,22.28125,0.0,0.0,0.0,25.34375,0.0,0.0,0.0,25.15234375,0.0,0.0,0.0,23.046875,0.0,0.0,24.76953125,0.0,5.82598876953125
37.184,-0.015748031496062992,0.0,0.0,0.0,0.0,-0.0,-0.0,0.0,0.0,0.0,21.8984375,0.0,0.0,0.0,25.34375,0.0,0.0,0.0,24.578125,0.0,0.0,0.0,22.6640625,0.0,0.0,25.7265625,0.0,5.82598876953125
37.349,-0.015748031496062992,0.0,0.0,0.0,0.0,-0.0,-0.0,0.0,0.0,0.0,22.85546875,0.0,0.0,0.0,25.7265625,0.0,0.0,0.0,25.34375,0.0,0.0,0.0,23.046875,0.0,0.0,25.53515625,0.0,5.82598876953125
37.511,-0.015748031496062992,0.0,0.0,0.0,0.0,-0.0,-0.0,0.0,0.0,0.0,22.47265625,0.0,0.0,0.0,24.9609375,0.0,0.0,0.0,25.53515625,0.0,0.0,0.0,23.046875,0.0,0.0,24.9609375,0.0,5.82598876953125
37.676,-0.015748031496062992,0.0,0.0,0.0,0.0,-0.0,-0.0,0.0,0.0,0.0,23.23828125,0.0,0.0,0.0,24.9609375,0.0,0.0,0.0,25.15234375,0.0,0.0,0.0,23.23828125,0.0,0.0,26.30078125,0.0,5.82598876953125
37.832,-0.031496062992125984,0.0,0.0,0.0,0.0,-0.0,-0.0,0.0,0.0,0.0,22.6640625,0.0,0.0,0.0,26.30078125,0.0,0.0,0.0,25.53515625,0.0,0.0,0.0,22.6640625,0.0,0.0,24.1953125,0.0,5.82598876953125
37.995,-0.031496062992125984,0.0,0.0,0.0,0.0,-0.0,-0.0,0.0,0.0,0.0,22.6640625,0.0,0.0,0.0,25.53515625,0.0,0.0,0.0,25.15234375,0.0,0.0,0.0,22.47265625,0.0,0.0,24.00390625,0.0,5.82598876953125
38.159,-0.031496062992125984,0.0,0.0,0.0,0.0,-0.0,-0.0,0.0,0.0,0.0,23.046875,0.0,0.0,0.0,25.34375,0.0,0.0,0.0,24.9609375,0.0,0.0,0.0,23.046875,0.0,0.0,25.53515625,0.0,5.81622314453125
38.318,-0.031496062992125984,0.0,0.0,0.0,0.0,-0.0,-0.0,0.0,0.0,0.0,22.6640625,0.0,0.0,0.0,25.34375,0.0,0.0,0.0,25.7265625,0.0,0.0,0.0,23.046875,0.0,0.0,25.15234375,0.0,5.8357696533203125
38.489,-0.031496062992125984,0.0,0.0,0.0,0.0,-0.0,-0.0,0.0,0.0,0.0,23.23828125,0.0,0.0,0.0,25.15234375,0.0,0.0,0.0,25.53515625,0.0,0.0,0.0,23.046875,0.0,0.0,25.91796875,0.0,5.8357696533203125
38.639,-0.031496062992125984,0.0,0.0,0.0,0.0,-0.0,-0.0,0.0,0.0,0.0,22.6640625,0.0,0.0,0.0,25.34375,0.0,0.0,0.0,25.15234375,0.0,0.0,0.0,22.85546875,0.0,0.0,25.7265625,0.0,5.81622314453125
38.791,-0.031496062992125984,0.0,0.0,0.0,0.0,-0.0,-0.0,0.0,0.0,0.0,22.6640625,0.0,0.0,0.0,25.53515625,0.0,0.0,0.0,25.15234375,0.0,0.0,0.0,23.4296875,0.0,0.0,25.91796875,0.0,5.82598876953125
38.973,-0.031496062992125984,0.0,0.0,0.0,0.0,-0.0,-0.0,0.0,0.0,0.0,22.47265625,0.0,0.0,0.0,25.15234375,0.0,0.0,0.0,25.34375,0.0,0.0,0.0,22.85546875,0.0,0.0,25.34375,0.0,5.82598876953125
39.149,-0.031496062992125984,0.0,0.0,0.0,0.0,-0.0,-0.0,0.0,0.0,0.0,22.85546875,0.0,0.0,0.0,25.91796875,0.0,0.0,0.0,25.15234375,0.0,0.0,0.0,23.23828125,0.0,0.0,25.7265625,0.0,5.8357696533203125
39.317,-0.031496062992125984,0.0,0.0,0.0,0.0,-0.0,-0.0,0.0,0.0,0.0,23.046875,0.0,0.0,0.0,25.91796875,0.0,0.0,0.0,25.34375,0.0,0.0,0.0,23.046875,0.0,0.0,25.34375,0.0,5.82598876953125
39.484,-0.031496062992125984,0.0,0.0,0.0,0.0,-0.0,-0.0,0.0,0.0,0.0,22.85546875,0.0,0.0,0.0,25.15234375,0.0,0.0,0.0,25.53515625,0.0,0.0,0.0,23.046875,0.0,0.0,25.91796875,0.0,5.8357696533203125
39.66,-0.031496062992125984,0.0,0.0,0.0,0.0,-0.0,-0.0,0.0,0.0,0.0,23.23828125,0.0,0.0,0.0,25.15234375,0.0,0.0,0.0,25.7265625,0.0,0.0,0.0,23.4296875,0.0,0.0,24.578125,0.0,5.82598876953125
39.839,-0.031496062992125984,0.0,0.0,0.0,0.0,-0.0,-0.0,0.0,0.0,0.0,22.6640625,0.0,0.0,0.0,25.7265625,0.0,0.0,0.0,25.15234375,0.0,0.0,0.0,22.6640625,0.0,0.0,24.38671875,0.0,5.8357696533203125
39.999,-0.031496062992125984,0.0,0.0,0.0,0.0,-0.0,-0.0,0.0,0.0,0.0,22.85546875,0.0,0.0,0.0,25.15234375,0.0,0.0,0.0,25.34375,0.0,0.0,0.0,23.8125,0.0,0.0,26.109375,0.0,5.82598876953125
40.171,-0.031496062992125984,0.0,0.0,0.0,0.0,-0.0,-0.0,0.0,0.0,0.0,22.6640625,0.0,0.0,0.0,24.9609375,0.0,0.0,0.0,25.15234375,0.0,0.0,0.0,22.85546875,0.0,0.0,25.34375,0.0,5.8357696533203125
40.33,-0.031496062992125984,0.0,0.0,0.0,0.0,-0.0,-0.0,0.0,0.0,0.0,22.28125,0.0,0.0,0.0,24.9609375,0.0,0.0,0.0,25.15234375,0.0,0.0,0.0,23.046875,0.0,0.0,25.34375,0.0,5.82598876953125
40.494,-0.031496062992125984,0.0,0.0,0.0,0.0,-0.0,-0.0,0.0,0.0,0.0,22.85546875,0.0,0.0,0.0,25.7265625,0.0,0.0,0.0,25.34375,0.0,0.0,0.0,24.00390625,0.0,0.0,24.76953125,0.0,5.82598876953125
40.658,-0.031496062992125984,0.0,0.0,0.0,0.0,-0.0,-0.0,0.0,0.0,0.0,22.85546875,0.0,0.0,0.0,25.34375,0.0,0.0,0.0,25.34375,0.0,0.0,0.0,22.85546875,0.0,0.0,25.7265625,0.0,5.82598876953125
40.83,-0.031496062992125984,0.0,0.0,0.0,0.0,-0.0,-0.0,0.0,0.0,0.0,22.47265625,0.0,0.0,0.0,25.53515625,0.0,0.0,0.0,25.34375,0.0,0.0,0.0,23.8125,0.0,0.0,24.76953125,0.0,5.82598876953125
41.002,-0.031496062992125984,0.0,0.0,0.0,0.0,-0.0,-0.0,0.0,0.0,0.0,22.85546875,0.0,0.0,0.0,24.76953125,0.0,0.0,0.0,25.34375,0.0,0.0,0.0,23.23828125,0.0,0.0,25.53515625,0.0,5.82598876953125
41.172,-0.031496062992125984,0.0,0.0,0.0,0.0,-0.0,-0.0,0.0,0.0,0.0,21.8984375,0.0,0.0,0.0,25.15234375,0.0,0.0,0.0,25.15234375,0.0,0.0,0.0,23.046875,0.0,0.0,25.53515625,0.0,5.845550537109375
S: 41.224 157612320725 Fired
41.33,-0.031496062992125984,0.0,0.0,0.0,0.0,-0.0,-0.0,0.0,0.0,0.0,23.4296875,0.0,0.0,0.0,24.9609375,0.0,0.0,0.0,25.7265625,0.0,0.0,0.0,23.23828125,0.0,0.0,25.53515625,0.0,5.32745361328125
41.491,-0.031496062992125984,0.0,0.0,0.0,0.0,-0.0,-0.0,0.0,0.0,0.0,22.47265625,0.0,0.0,0.0,26.109375,-9.540573120117188,0.0,0.0,25.15234375,0.0,0.0,0.0,23.046875,0.0,0.0,25.15234375,0.0,4.477020263671875
41.641,-0.031496062992125984,0.0,0.0,0.0,0.0,-0.0,-0.0,0.0,0.0,0.0,22.6640625,0.0,0.0,0.0,25.34375,0.0,0.0,0.0,25.34375,0.0,0.0,0.0,23.046875,0.0,0.0,25.15234375,0.0,4.662750244140625
41.789,-0.031496062992125984,0.0,0.0,0.0,0.0,-0.0,-0.0,-15.49041748046875,0.0,0.0,22.47265625,0.0,0.0,0.0,25.15234375,19.118362426757812,0.0,0.0,24.9609375,0.0,0.0,0.0,23.4296875,0.0,0.0,25.53515625,0.0,5.161285400390625
41.935,-0.031496062992125984,0.0,0.0,0.0,0.0,-0.0,-0.0,0.0,0.0,0.0,22.85546875,0.0,0.0,0.0,25.7265625,-15.257949829101562,0.0,0.0,25.34375,0.0,0.0,0.0,23.62109375,0.0,0.0,25.7265625,0.0,5.6109466552734375
42.09,-0.031496062992125984,0.0,0.0,0.0,0.0,-0.0,-0.0,-4.1038970947265625,0.0,0.0,22.47265625,0.0,0.0,0.0,25.15234375,-6.2482452392578125,0.0,0.0,25.53515625,0.0,0.0,0.0,22.85546875,0.0,0.0,25.34375,0.0,5.8650970458984375
42.25,-0.031496062992125984,0.0,0.0,0.0,0.0,-0.0,-0.0,0.0,0.0,0.0,23.62109375,0.0,0.0,0.0,25.7265625,11.2066650390625,0.0,0.0,25.15234375,0.0,0.0,0.0,23.4296875,0.0,0.0,25.34375,0.0,5.82598876953125
42.412,-0.031496062992125984,0.0,0.0,0.0,0.0,-0.0,-0.0,0.0,0.0,0.0,22.85546875,0.0,0.0,0.0,25.53515625,0.0,0.0,0.0,25.53515625,0.0,0.0,0.0,23.62109375,0.0,0.0,25.7265625,0.0,5.81622314453125
42.569,-0.031496062992125984,0.0,0.0,0.0,0.0,-0.0,-0.0,0.0,0.0,0.0,22.47265625,0.0,0.0,0.0,25.91796875,0.0,0.0,0.0,25.34375,0.0,0.0,0.0,23.4296875,0.0,0.0,25.34375,0.0,5.81622314453125
42.73,-0.031496062992125984,0.0,0.0,0.0,0.0,-0.0,-0.0,0.0,0.0,0.0,21.70703125,0.0,0.0,0.0,25.7265625,0.0,0.0,0.0,25.7265625,0.0,0.0,0.0,23.23828125,0.0,0.0,25.53515625,0.0,5.81622314453125
42.918,-0.031496062992125984,0.0,0.0,0.0,0.0,-0.0,-0.0,0.0,0.0,0.0,23.23828125,0.0,0.0,0.0,25.34375,0.0,0.0,0.0,24.76953125,0.0,0.0,0.0,23.4296875,0.0,0.0,23.8125,0.0,5.81622314453125
43.091,-0.031496062992125984,0.0,0.0,0.0,0.0,-0.0,-0.0,0.0,0.0,0.0,22.6640625,0.0,0.0,0.0,25.34375,0.0,0.0,0.0,25.91796875,0.0,0.0,0.0,23.046875,0.0,0.0,24.578125,0.0,5.81622314453125
43.256,-0.031496062992125984,0.0,0.0,0.0,0.0,-0.0,-0.0,0.0,0.0,0.0,22.6640625,0.0,0.0,0.0,25.53515625,0.0,0.0,0.0,24.9609375,0.0,0.0,0.0,23.62109375,0.0,0.0,24.9609375,0.0,5.81622314453125
43.416,-0.031496062992125984,0.0,0.0,0.0,0.0,-0.0,-0.0,0.0,0.0,0.0,23.4296875,0.0,0.0,0.0,24.76953125,0.0,0.0,0.0,25.15234375,0.0,0.0,0.0,23.62109375,0.0,0.0,25.15234375,0.0,5.82598876953125
43.579,-0.031496062992125984,0.0,0.0,0.0,0.0,-0.0,-0.0,0.0,0.0,0.0,22.6640625,0.0,0.0,0.0,25.34375,0.0,0.0,0.0,25.91796875,0.0,0.0,0.0,23.23828125,0.0,0.0,25.34375,0.0,5.81622314453125
43.738,-0.031496062992125984,0.0,0.0,0.0,0.0,-0.0,-0.0,0.0,0.0,0.0,22.85546875,0.0,0.0,0.0,25.34375,0.0,0.0,0.0,25.15234375,0.0,0.0,0.0,23.4296875,0.0,0.0,25.7265625,0.0,5.8064422607421875
43.899,0.0234375,0.0,0.0,0.0,0.0,-0.0,-0.0,0.0,0.0,0.0,22.47265625,0.0,0.0,0.0,25.53515625,0.0,0.0,0.0,24.76953125,0.0,0.0,0.0,23.62109375,0.0,0.0,24.76953125,0.0,5.8064422607421875
44.057,0.125,0.0,0.0,0.0,0.0,-0.0,-0.0,0.0,0.0,0.0,22.6640625,0.0,0.0,0.0,25.53515625,0.0,0.0,0.0,25.34375,0.0,0.0,0.0,23.046875,0.0,0.0,25.7265625,0.0,5.796661376953125
44.218,0.125,0.0,0.0,-0.125,-0.125,0.125,0.125,0.0,-1.58203125,9.265625,22.6640625,0.0,-1.61328125,9.265625,25.15234375,6.9572601318359375,1.55859375,8.4765625,25.53515625,0.0,1.5546875,10.7109375,22.08984375,0.0,0.0,26.30078125,0.0,5.81622314453125
44.38,0.125,0.0,0.0,-0.125,-0.125,0.125,0.125,0.0,-1.58984375,9.00390625,22.28125,0.0,-1.58984375,1.91015625,25.91796875,8.438446044921875,1.5625,7.8203125,25.15234375,0.0,1.5546875,10.31640625,22.47265625,0.0,0.0,25.91796875,0.0,5.8846435546875
44.551,0.125,0.0,0.0,-0.125,-0.125,0.125,0.125,0.0,-1.58203125,10.0546875,23.046875,0.0,-1.609375,7.953125,25.53515625,15.363861083984375,1.56640625,7.69140625,24.76953125,0.0,1.5546875,9.00390625,22.6640625,0.0,0.0,25.91796875,0.0,5.8064422607421875
44.718,0.125,0.0,0.0,-0.125,-0.125,0.125,0.125,12.267379760742188,-1.58984375,6.640625,23.4296875,0.0,-1.60546875,0.0,25.34375,15.628753662109375,1.56640625,7.953125,24.76953125,0.0,1.55859375,9.52734375,21.8984375,0.0,0.0,25.34375,0.0,5.81622314453125
44.897,0.125,0.0,0.0,-0.125,-0.125,0.125,0.125,0.0,-1.58984375,7.69140625,22.6640625,0.0,-1.60546875,6.24609375,25.34375,23.415771484375,1.5703125,6.24609375,25.15234375,0.0,1.56640625,7.55859375,23.046875,0.0,0.0,25.7265625,0.0,5.82598876953125
45.069,0.125,0.0,0.0,-0.125,-0.125,0.125,0.125,3.4447784423828125,-1.59375,6.640625,22.28125,0.0,-1.6015625,4.40625,25.53515625,29.064926147460938,1.578125,4.93359375,25.15234375,0.0,1.56640625,7.03125,22.28125,0.0,0.0,25.53515625,0.0,5.8064422607421875
45.232,0.125,0.0,0.0,-0.125,-0.125,0.125,0.125,0.0,-1.58984375,7.1640625,21.32421875,0.0,-1.609375,5.8515625,25.34375,26.58782958984375,1.57421875,6.375,25.15234375,0.0,1.57421875,6.375,22.28125,0.0,0.0,24.76953125,0.0,5.81622314453125
45.408,0.125,0.0,0.0,-0.125,-0.125,0.125,0.125,3.974090576171875,-1.59375,6.24609375,23.23828125,0.0,-1.59765625,4.27734375,25.91796875,25.914779663085938,1.57421875,6.11328125,25.34375,0.0,1.57421875,5.32421875,22.6640625,0.0,0.0,25.34375,0.0,5.82598876953125
45.573,0.125,0.0,0.0,-0.125,-0.125,0.125,0.125,0.0,-1.59375,5.1953125,23.046875,0.0,-1.6015625,1.51953125,25.15234375,28.38409423828125,1.57421875,5.984375,25.34375,0.0,1.57421875,5.71875,22.6640625,0.0,0.0,25.53515625,0.0,5.796661376953125
45.74,0.125,0.0,0.0,-0.125,-0.125,0.125,0.125,0.0,-1.59375,5.58984375,23.4296875,0.0,-1.59765625,3.8828125,25.15234375,28.053970336914062,1.578125,5.984375,24.9609375,0.0,1.578125,5.32421875,23.23828125,0.0,0.0,25.53515625,0.0,5.81622314453125
45.93,-0.0,0.0,0.0,0.0,0.0,-0.0,-0.0,0.0,0.0,0.0,21.515625,0.0,0.0,0.0,24.9609375,18.415496826171875,0.0,0.0,25.15234375,0.0,0.0,0.0,22.6640625,0.0,0.0,24.76953125,0.0,5.81622314453125
46.092,-0.0,0.0,0.0,0.0,0.0,-0.0,-0.0,0.0,0.0,0.0,23.046875,0.0,0.0,0.0,24.9609375,5.4622802734375,0.0,0.0,25.34375,0.0,0.0,0.0,23.23828125,0.0,0.0,25.7265625,0.0,5.81622314453125
46.251,-0.0,0.0,0.0,0.0,0.0,-0.0,-0.0,0.0,0.0,0.0,22.47265625,0.0,0.0,0.0,25.7265625,0.0,0.0,0.0,24.9609375,0.0,0.0,0.0,22.6640625,0.0,0.0,25.34375,0.0,5.81622314453125
46.417,-0.0,0.0,0.0,0.0,0.0,-0.0,-0.0,0.0,0.0,0.0,22.85546875,0.0,0.0,0.0,23.23828125,0.0,0.0,0.0,24.578125,0.0,0.0,0.0,22.6640625,0.0,0.0,25.7265625,0.0,5.81622314453125
46.589,-0.0,0.0,0.0,0.0,0.0,-0.0,-0.0,0.0,0.0,0.0,22.08984375,0.0,0.0,0.0,25.15234375,0.0,0.0,0.0,25.91796875,0.0,0.0,0.0,22.47265625,0.0,0.0,25.15234375,0.0,5.81622314453125
46.752,-0.0,0.0,0.0,0.0,0.0,-0.0,-0.0,0.0,0.0,0.0,22.47265625,0.0,0.0,0.0,25.34375,0.0,0.0,0.0,24.9609375,0.0,0.0,0.0,22.85546875,0.0,0.0,25.7265625,0.0,5.81622314453125
46.919,-0.0,0.0,0.0,0.0,0.0,-0.0,-0.0,0.0,0.0,0.0,22.85546875,0.0,0.0,0.0,24.9609375,0.0,0.0,0.0,24.9609375,0.0,0.0,0.0,23.4296875,0.0,0.0,25.15234375,0.0,5.81622314453125
47.079,-0.0,0.0,0.0,0.0,0.0,-0.0,-0.0,0.0,0.0,0.0,22.6640625,0.0,0.0,0.0,25.34375,0.0,0.0,0.0,24.9609375,0.0,0.0,0.0,22.85546875,0.0,0.0,26.30078125,0.0,5.8357696533203125
S: 47.12 157612326622 Fired
47.234,-0.0,0.0,0.0,0.0,0.0,-0.0,-0.0,0.0,0.0,0.0,22.47265625,0.0,0.0,0.0,24.9609375,0.0,0.0,0.0,24.9609375,0.0,0.0,0.0,22.85546875,0.0,0.0,25.34375,0.0,5.4936370849609375
47.38,-0.0,0.0,0.0,0.0,0.0,-0.0,-0.0,0.0,0.0,0.0,22.47265625,0.0,0.0,0.0,24.38671875,-2.5518798828125,0.0,0.0,25.34375,0.0,0.0,0.0,23.23828125,0.0,0.0,23.8125,0.0,4.604095458984375
47.531,-0.0,0.0,0.0,0.0,0.0,-0.0,-0.0,0.0,0.0,0.0,23.4296875,0.0,0.0,0.0,25.34375,-8.7501220703125,0.0,0.0,24.9609375,0.0,0.0,0.0,23.23828125,0.0,0.0,25.34375,0.0,4.604095458984375
47.684,-0.0,0.0,0.0,0.0,0.0,-0.0,-0.0,0.0,0.0,0.0,22.6640625,0.0,0.0,0.0,25.15234375,7.8667449951171875,0.0,0.0,25.15234375,0.0,0.0,0.0,23.046875,0.0,0.0,25.34375,0.0,5.219940185546875
47.839,-0.0,0.0,0.0,0.0,0.0,-0.0,-0.0,0.0,0.0,0.0,22.47265625,0.0,0.0,0.0,24.76953125,-25.33331298828125,0.0,0.0,25.53515625,0.0,0.0,0.0,23.23828125,0.0,0.0,25.34375,0.0,5.7184600830078125
47.981,-0.0,0.0,0.0,0.0,0.0,-0.0,-0.0,0.0,0.0,0.0,23.046875,0.0,0.0,0.0,25.53515625,3.827423095703125,0.0,0.0,24.9609375,0.0,0.0,0.0,23.23828125,0.0,0.0,25.53515625,0.0,5.855316162109375
48.139,-0.0,0.0,0.0,0.0,0.0,-0.0,-0.0,0.0,0.0,0.0,22.28125,0.0,0.0,0.0,25.15234375,4.9903564453125,0.0,0.0,24.9609375,0.0,0.0,0.0,23.046875,0.0,0.0,24.76953125,0.0,5.81622314453125
48.299,-0.0,0.0,0.0,0.0,0.0,-0.0,-0.0,0.0,0.0,0.0,22.6640625,0.0,0.0,0.0,25.15234375,0.0,0.0,0.0,25.34375,0.0,0.0,0.0,23.62109375,0.0,0.0,26.68359375,0.0,5.81622314453125
48.468,-0.0,0.0,0.0,0.0,0.0,-0.0,-0.0,0.0,0.0,0.0,22.47265625,0.0,0.0,0.0,25.15234375,0.0,0.0,0.0,25.34375,0.0,0.0,0.0,23.8125,0.0,0.0,25.7265625,0.0,5.81622314453125
48.617,-0.0,0.0,0.0,0.0,0.0,-0.0,-0.0,0.0,0.0,0.0,21.8984375,0.0,0.0,0.0,24.9609375,0.0,0.0,0.0,25.34375,0.0,0.0,0.0,23.046875,0.0,0.0,25.53515625,0.0,5.796661376953125
48.78,-0.0,0.0,0.0,0.0,0.0,-0.0,-0.0,0.0,0.0,0.0,22.85546875,0.0,0.0,0.0,25.91796875,0.0,0.0,0.0,25.15234375,0.0,0.0,0.0,22.6640625,0.0,0.0,25.7265625,0.0,5.81622314453125
48.958,-0.0,0.0,0.0,0.0,0.0,-0.0,-0.0,0.0,0.0,0.0,23.4296875,0.0,0.0,0.0,25.53515625,0.0,0.0,0.0,25.34375,0.0,0.0,0.0,23.4296875,0.0,0.0,25.53515625,0.0,5.82598876953125
49.13,-0.0,0.0,0.0,0.0,0.0,-0.0,-0.0,0.0,0.0,0.0,22.6640625,0.0,0.0,0.0,24.00390625,0.0,0.0,0.0,25.15234375,0.0,0.0,0.0,23.046875,0.0,0.0,25.53515625,0.0,5.8064422607421875
49.284,-0.0,0.0,0.0,0.0,0.0,-0.0,-0.0,0.0,0.0,0.0,22.85546875,0.0,0.0,0.0,25.53515625,0.0,0.0,0.0,25.7265625,0.0,0.0,0.0,22.85546875,0.0,0.0,25.15234375,0.0,5.81622314453125
49.44,-0.0,0.0,0.0,0.0,0.0,-0.0,-0.0,0.0,0.0,0.0,22.28125,0.0,0.0,0.0,25.34375,0.0,0.0,0.0,24.9609375,0.0,0.0,0.0,23.4296875,0.0,0.0,25.15234375,0.0,5.81622314453125
49.598,-0.0,0.0,0.0,0.0,0.0,-0.0,-0.0,0.0,0.0,0.0,22.47265625,0.0,0.0,0.0,25.34375,0.0,0.0,0.0,25.15234375,0.0,0.0,0.0,23.4296875,0.0,0.0,24.9609375,0.0,5.81622314453125
49.759,-0.015748031496062992,0.0,0.0,0.0,0.0,-0.0,-0.0,0.0,0.0,0.0,22.47265625,0.0,0.0,0.0,25.15234375,0.0,0.0,0.0,24.9609375,0.0,0.0,0.0,23.4296875,0.0,0.0,25.7265625,0.0,5.8064422607421875
49.929,-0.015748031496062992,0.0,0.0,0.0,0.0,-0.0,-0.0,0.0,0.0,0.0,22.6640625,0.0,0.0,0.0,25.34375,0.0,0.0,0.0,24.76953125,0.0,0.0,0.0,22.47265625,0.0,0.0,24.578125,0.0,5.81622314453125
50.098,-0.015748031496062992,0.0,0.0,0.0,0.0,-0.0,-0.0,0.0,0.0,0.0,22.47265625,0.0,0.0,0.0,24.578125,0.0,0.0,0.0,25.15234375,0.0,0.0,0.0,23.046875,0.0,0.0,25.91796875,0.0,5.8064422607421875
50.267,-0.015748031496062992,0.0,0.0,0.0,0.0,-0.0,-0.0,0.0,0.0,0.0,22.47265625,0.0,0.0,0.0,24.76953125,0.0,0.0,0.0,24.9609375,0.0,0.0,0.0,22.6640625,0.0,0.0,25.53515625,0.0,5.8064422607421875
50.432,-0.015748031496062992,0.0,0.0,0.0,0.0,-0.0,-0.0,0.0,0.0,0.0,22.08984375,0.0,0.0,0.0,24.9609375,0.0,0.0,0.0,24.38671875,0.0,0.0,0.0,23.4296875,0.0,0.0,25.7265625,0.0,5.82598876953125
50.596,-0.015748031496062992,0.0,0.0,0.0,0.0,-0.0,-0.0,0.0,0.0,0.0,22.6640625,0.0,0.0,0.0,25.34375,0.0,0.0,0.0,25.34375,0.0,0.0,0.0,23.4296875,0.0,0.0,25.91796875,0.0,5.81622314453125
50.773,-0.015748031496062992,0.0,0.0,0.0,0.0,-0.0,-0.0,0.0,0.0,0.0,22.47265625,0.0,0.0,0.0,25.34375,0.0,0.0,0.0,24.9609375,0.0,0.0,0.0,22.6640625,0.0,0.0,25.53515625,0.0,5.81622314453125
50.948,-0.015748031496062992,0.0,0.0,0.0,0.0,-0.0,-0.0,0.0,0.0,0.0,23.23828125,0.0,0.0,0.0,25.15234375,0.0,0.0,0.0,25.15234375,0.0,0.0,0.0,23.046875,0.0,0.0,26.109375,0.0,5.81622314453125
51.118,-0.015748031496062992,0.0,0.0,0.0,0.0,-0.0,-0.0,0.0,0.0,0.0,22.85546875,0.0,0.0,0.0,25.15234375,0.0,0.0,0.0,24.38671875,0.0,0.0,0.0,23.23828125,0.0,0.0,25.7265625,0.0,5.82598876953125
51.289,-0.015748031496062992,0.0,0.0,0.0,0.0,-0.0,-0.0,0.0,0.0,0.0,23.046875,0.0,0.0,0.0,26.109375,0.0,0.0,0.0,24.76953125,0.0,0.0,0.0,23.046875,0.0,0.0,25.7265625,0.0,5.82598876953125
51.456,-0.015748031496062992,0.0,0.0,0.0,0.0,-0.0,-0.0,0.0,0.0,0.0,22.47265625,0.0,0.0,0.0,25.91796875,0.0,0.0,0.0,24.9609375,0.0,0.0,0.0,22.85546875,0.0,0.0,26.109375,0.0,5.81622314453125
51.618,-0.015748031496062992,0.0,0.0,0.0,0.0,-0.0,-0.0,0.0,0.0,0.0,22.85546875,0.0,0.0,0.0,25.15234375,0.0,0.0,0.0,24.76953125,0.0,0.0,0.0,23.4296875,0.0,0.0,25.91796875,0.0,5.845550537109375
S: 51.659 157612331161 Fired
51.77,-0.015748031496062992,0.0,0.0,0.0,0.0,-0.0,-0.0,0.0,0.0,0.0,22.28125,0.0,0.0,0.0,25.15234375,0.0,0.0,0.0,24.9609375,0.0,0.0,0.0,23.046875,0.0,0.0,26.109375,0.0,5.2785797119140625
51.95,-0.015748031496062992,0.0,0.0,0.0,0.0,-0.0,-0.0,0.0,0.0,0.0,22.85546875,0.0,0.0,0.0,25.34375,-9.69976806640625,0.0,0.0,24.76953125,0.0,0.0,0.0,23.23828125,0.0,0.0,25.15234375,0.0,4.477020263671875
52.098,-0.015748031496062992,0.0,0.0,0.0,0.0,-0.0,-0.0,0.0,0.0,0.0,23.046875,0.0,0.0,0.0,25.15234375,-27.055389404296875,0.0,0.0,24.9609375,0.0,0.0,0.0,23.23828125,0.0,0.0,25.91796875,0.0,4.7702789306640625
52.256,-0.015748031496062992,0.0,0.0,0.0,0.0,-0.0,-0.0,0.0,0.0,0.0,23.23828125,0.0,0.0,0.0,25.34375,12.591400146484375,0.0,0.0,25.15234375,0.0,0.0,0.0,23.23828125,0.0,0.0,24.76953125,0.0,5.2981414794921875
52.41,-0.015748031496062992,0.0,0.0,0.0,0.0,-0.0,-0.0,0.0,0.0,0.0,22.6640625,0.0,0.0,0.0,24.9609375,12.140487670898438,0.0,0.0,25.34375,0.0,0.0,0.0,23.046875,0.0,0.0,25.7265625,0.0,5.7477874755859375
52.56,-0.015748031496062992,0.0,0.0,0.0,0.0,-0.0,-0.0,0.0,0.0,0.0,22.85546875,0.0,0.0,0.0,25.34375,0.0,0.0,0.0,25.7265625,0.0,0.0,0.0,23.23828125,0.0,0.0,25.91796875,0.0,5.845550537109375
52.748,-0.015748031496062992,0.0,0.0,0.0,0.0,-0.0,-0.0,0.0,0.0,0.0,22.08984375,0.0,0.0,0.0,24.9609375,-5.9543304443359375,0.0,0.0,24.9609375,0.0,0.0,0.0,23.4296875,0.0,0.0,26.68359375,0.0,5.82598876953125
52.919,-0.015748031496062992,0.0,0.0,0.0,0.0,-0.0,-0.0,0.0,0.0,0.0,22.6640625,0.0,0.0,0.0,24.9609375,0.0,0.0,0.0,25.15234375,0.0,0.0,0.0,23.046875,0.0,0.0,25.53515625,0.0,5.81622314453125
53.098,-0.015748031496062992,0.0,0.0,0.0,0.0,-0.0,-0.0,0.0,0.0,0.0,23.23828125,0.0,0.0,0.0,25.15234375,0.0,0.0,0.0,25.34375,0.0,0.0,0.0,23.23828125,0.0,0.0,25.7265625,0.0,5.82598876953125
53.268,-0.015748031496062992,0.0,0.0,0.0,0.0,-0.0,-0.0,0.0,0.0,0.0,23.046875,0.0,0.0,0.0,25.15234375,0.0,0.0,0.0,25.15234375,0.0,0.0,0.0,22.6640625,0.0,0.0,25.53515625,0.0,5.81622314453125
53.431,-0.015748031496062992,0.0,0.0,0.0,0.0,-0.0,-0.0,0.0,0.0,0.0,22.85546875,0.0,0.0,0.0,25.7265625,0.0,0.0,0.0,25.15234375,0.0,0.0,0.0,22.6640625,0.0,0.0,25.7265625,0.0,5.81622314453125
53.598,-0.015748031496062992,0.0,0.0,0.0,0.0,-0.0,-0.0,0.0,0.0,0.0,22.28125,0.0,0.0,0.0,25.15234375,0.0,0.0,0.0,24.9609375,0.0,0.0,0.0,22.47265625,0.0,0.0,25.7265625,0.0,5.82598876953125
53.77,-0.015748031496062992,0.0,0.0,0.0,0.0,-0.0,-0.0,0.0,0.0,0.0,22.28125,0.0,0.0,0.0,25.15234375,0.0,0.0,0.0,24.578125,0.0,0.0,0.0,23.23828125,0.0,0.0,27.06640625,0.0,5.82598876953125
53.93,-0.015748031496062992,0.0,0.0,0.0,0.0,-0.0,-0.0,0.0,0.0,0.0,22.6640625,0.0,0.0,0.0,25.34375,0.0,0.0,0.0,24.9609375,0.0,0.0,0.0,23.23828125,0.0,0.0,26.4921875,0.0,5.81622314453125
54.077,-0.015748031496062992,0.0,0.0,0.0,0.0,-0.0,-0.0,0.0,0.0,0.0,22.08984375,0.0,0.0,0.0,25.15234375,0.0,0.0,0.0,25.53515625,0.0,0.0,0.0,23.23828125,0.0,0.0,25.15234375,0.0,5.81622314453125
54.237,-0.015748031496062992,0.0,0.0,0.0,0.0,-0.0,-0.0,0.0,0.0,0.0,22.85546875,0.0,0.0,0.0,25.7265625,0.0,0.0,0.0,25.15234375,0.0,0.0,0.0,23.4296875,0.0,0.0,25.91796875,0.0,5.82598876953125
54.391,-0.015748031496062992,0.0,0.0,0.0,0.0,-0.0,-0.0,0.0,0.0,0.0,22.47265625,0.0,0.0,0.0,25.34375,0.0,0.0,0.0,25.15234375,0.0,0.0,0.0,22.85546875,0.0,0.0,26.109375,0.0,5.81622314453125
54.549,-0.015748031496062992,0.0,0.0,0.0,0.0,-0.0,-0.0,0.0,0.0,0.0,22.85546875,0.0,0.0,0.0,25.15234375,0.0,0.0,0.0,25.15234375,0.0,0.0,0.0,23.046875,0.0,0.0,24.9609375,0.0,5.82598876953125
54.719,-0.015748031496062992,0.0,0.0,0.0,0.0,-0.0,-0.0,0.0,0.0,0.0,22.47265625,0.0,0.0,0.0,25.91796875,0.0,0.0,0.0,25.34375,0.0,0.0,0.0,22.85546875,0.0,0.0,25.34375,0.0,5.8064422607421875
54.898,-0.015748031496062992,0.0,0.0,0.0,0.0,-0.0,-0.0,0.0,0.0,0.0,23.046875,0.0,0.0,0.0,25.15234375,0.0,0.0,0.0,24.9609375,0.0,0.0,0.0,23.046875,0.0,0.0,26.109375,0.0,5.82598876953125
55.09,-0.015748031496062992,0.0,0.0,0.0,0.0,-0.0,-0.0,0.0,0.0,0.0,22.85546875,0.0,0.0,0.0,25.15234375,0.0,0.0,0.0,25.15234375,0.0,0.0,0.0,22.85546875,0.0,0.0,25.53515625,0.0,5.82598876953125
55.25,-0.015748031496062992,0.0,0.0,0.0,0.0,-0.0,-0.0,0.0,0.0,0.0,22.6640625,0.0,0.0,0.0,24.76953125,0.0,0.0,0.0,24.9609375,0.0,0.0,0.0,22.85546875,0.0,0.0,26.109375,0.0,5.81622314453125
55.41,-0.015748031496062992,0.0,0.0,0.0,0.0,-0.0,-0.0,0.0,0.0,0.0,22.85546875,0.0,0.0,0.0,25.53515625,0.0,0.0,0.0,24.9609375,0.0,0.0,0.0,23.4296875,0.0,0.0,25.7265625,0.0,5.81622314453125
55.57,-0.015748031496062992,0.0,0.0,0.0,0.0,-0.0,-0.0,0.0,0.0,0.0,22.6640625,0.0,0.0,0.0,24.9609375,0.0,0.0,0.0,25.15234375,0.0,0.0,0.0,23.4296875,0.0,0.0,25.34375,0.0,5.82598876953125
55.739,-0.015748031496062992,0.0,0.0,0.0,0.0,-0.0,-0.0,0.0,0.0,0.0,22.85546875,0.0,0.0,0.0,24.578125,0.0,0.0,0.0,24.76953125,0.0,0.0,0.0,23.4296875,0.0,0.0,26.875,0.0,5.82598876953125
55.891,-0.015748031496062992,0.0,0.0,0.0,0.0,-0.0,-0.0,0.0,0.0,0.0,22.6640625,0.0,0.0,0.0,24.9609375,0.0,0.0,0.0,25.15234375,0.0,0.0,0.0,22.85546875,0.0,0.0,25.53515625,0.0,5.81622314453125
56.05,-0.015748031496062992,0.0,0.0,0.0,0.0,-0.0,-0.0,0.0,0.0,0.0,22.6640625,0.0,0.0,0.0,25.34375,0.0,0.0,0.0,25.53515625,0.0,0.0,0.0,23.046875,0.0,0.0,25.7265625,0.0,5.81622314453125
56.211,-0.015748031496062992,0.0,0.0,0.0,0.0,-0.0,-0.0,0.0,0.0,0.0,22.6640625,0.0,0.0,0.0,24.76953125,0.0,0.0,0.0,24.9609375,0.0,0.0,0.0,23.23828125,0.0,0.0,25.7265625,0.0,5.81622314453125
56.37,-0.015748031496062992,0.0,0.0,0.0,0.0,-0.0,-0.0,0.0,0.0,0.0,22.28125,0.0,0.0,0.0,25.7265625,0.0,0.0,0.0,24.9609375,0.0,0.0,0.0,22.85546875,0.0,0.0,25.34375,0.0,5.81622314453125
56.53,-0.015748031496062992,0.0,0.0,0.0,0.0,-0.0,-0.0,0.0,0.0,0.0,22.47265625,0.0,0.0,0.0,24.00390625,0.0,0.0,0.0,25.15234375,0.0,0.0,0.0,22.28125,0.0,0.0,25.53515625,0.0,5.81622314453125
56.697,-0.015748031496062992,0.0,0.0,0.0,0.0,-0.0,-0.0,0.0,0.0,0.0,21.70703125,0.0,0.0,0.0,25.15234375,0.0,0.0,0.0,25.34375,0.0,0.0,0.0,23.4296875,0.0,0.0,25.53515625,0.0,5.82598876953125
56.87,-0.015748031496062992,0.0,0.0,0.0,0.0,-0.0,-0.0,0.0,0.0,0.0,23.046875,0.0,0.0,0.0,25.34375,0.0,0.0,0.0,24.9609375,0.0,0.0,0.0,23.046875,0.0,0.0,25.7265625,0.0,5.81622314453125
57.031,-0.015748031496062992,0.0,0.0,0.0,0.0,-0.0,-0.0,0.0,0.0,0.0,22.6640625,0.0,0.0,0.0,24.9609375,0.0,0.0,0.0,24.76953125,0.0,0.0,0.0,22.85546875,0.0,0.0,26.4921875,0.0,5.81622314453125
57.193,-0.015748031496062992,0.0,0.0,0.0,0.0,-0.0,-0.0,0.0,0.0,0.0,23.046875,0.0,0.0,0.0,25.15234375,0.0,0.0,0.0,24.76953125,0.0,0.0,0.0,23.046875,0.0,0.0,25.53515625,0.0,5.82598876953125
57.35,-0.015748031496062992,0.0,0.0,0.0,0.0,-0.0,-0.0,0.0,0.0,0.0,22.6640625,0.0,0.0,0.0,25.53515625,0.0,0.0,0.0,25.15234375,0.0,0.0,0.0,22.85546875,0.0,0.0,25.7265625,0.0,5.81622314453125
57.509,-0.015748031496062992,0.0,0.0,0.0,0.0,-0.0,-0.0,0.0,0.0,0.0,22.6640625,0.0,0.0,0.0,25.7265625,0.0,0.0,0.0,24.76953125,0.0,0.0,0.0,22.47265625,0.0,0.0,25.7265625,0.0,5.8748626708984375
S: 57.553 157612337055 Fired
57.658,-0.015748031496062992,0.0,0.0,0.0,0.0,-0.0,-0.0,0.0,0.0,0.0,23.046875,0.0,0.0,0.0,25.34375,0.0,0.0,0.0,25.15234375,0.0,0.0,0.0,23.046875,0.0,0.0,25.15234375,0.0,5.4643096923828125
57.81,-0.015748031496062992,0.0,0.0,0.0,0.0,-0.0,-0.0,0.0,0.0,0.0,23.046875,0.0,0.0,0.0,25.15234375,-4.8864898681640625,0.0,0.0,24.9609375,0.0,0.0,0.0,23.23828125,0.0,0.0,25.34375,0.0,4.545440673828125
57.988,-0.015748031496062992,0.0,0.0,0.0,0.0,-0.0,-0.0,0.0,0.0,0.0,21.70703125,0.0,0.0,0.0,24.9609375,-2.7855682373046875,0.0,0.0,24.9609375,0.0,0.0,0.0,23.4296875,0.0,0.0,25.7265625,0.0,4.70184326171875
58.138,-0.015748031496062992,0.0,0.0,0.0,0.0,-0.0,-0.0,0.0,0.0,0.0,22.85546875,0.0,0.0,0.0,24.76953125,14.333267211914062,0.0,0.0,24.38671875,0.0,0.0,0.0,22.85546875,0.0,0.0,25.34375,0.0,5.2688140869140625
58.293,-0.015748031496062992,0.0,0.0,0.0,0.0,-0.0,-0.0,0.0,0.0,0.0,22.85546875,0.0,0.0,0.0,25.34375,-13.42779541015625,0.0,0.0,24.9609375,0.0,0.0,0.0,23.4296875,0.0,0.0,25.34375,0.0,5.757568359375
58.442,-0.015748031496062992,0.0,0.0,0.0,0.0,-0.0,-0.0,0.0,0.0,0.0,22.6640625,0.0,0.0,0.0,25.15234375,8.186553955078125,0.0,0.0,24.578125,0.0,0.0,0.0,22.6640625,0.0,0.0,25.7265625,0.0,5.845550537109375
58.615,-0.015748031496062992,0.0,0.0,0.0,0.0,-0.0,-0.0,0.0,0.0,0.0,23.046875,0.0,0.0,0.0,25.34375,-2.7872161865234375,0.0,0.0,25.15234375,0.0,0.0,0.0,23.23828125,0.0,0.0,24.9609375,0.0,5.8064422607421875
58.789,-0.015748031496062992,0.0,0.0,0.0,0.0,-0.0,-0.0,0.0,0.0,0.0,22.6640625,0.0,0.0,0.0,25.7265625,0.0,0.0,0.0,24.76953125,0.0,0.0,0.0,22.47265625,0.0,0.0,25.7265625,0.0,5.81622314453125
58.956,-0.015748031496062992,0.0,0.0,0.0,0.0,-0.0,-0.0,0.0,0.0,0.0,22.85546875,0.0,0.0,0.0,24.9609375,0.0,0.0,0.0,24.9609375,0.0,0.0,0.0,23.046875,0.0,0.0,25.91796875,0.0,5.8064422607421875
59.119,-0.015748031496062992,0.0,0.0,0.0,0.0,-0.0,-0.0,0.0,0.0,0.0,22.47265625,0.0,0.0,0.0,25.15234375,0.0,0.0,0.0,24.76953125,0.0,0.0,0.0,22.47265625,0.0,0.0,24.76953125,0.0,5.796661376953125
59.288,-0.015748031496062992,0.0,0.0,0.0,0.0,-0.0,-0.0,0.0,0.0,0.0,22.47265625,0.0,0.0,0.0,25.34375,0.0,0.0,0.0,25.34375,0.0,0.0,0.0,23.23828125,0.0,0.0,25.53515625,0.0,5.81622314453125
59.449,-0.015748031496062992,0.0,0.0,0.0,0.0,-0.0,-0.0,0.0,0.0,0.0,23.046875,0.0,0.0,0.0,24.9609375,0.0,0.0,0.0,25.15234375,0.0,0.0,0.0,22.6640625,0.0,0.0,24.38671875,0.0,5.81622314453125
59.618,-0.015748031496062992,0.0,0.0,0.0,0.0,-0.0,-0.0,0.0,0.0,0.0,22.6640625,0.0,0.0,0.0,25.34375,0.0,0.0,0.0,24.9609375,0.0,0.0,0.0,23.4296875,0.0,0.0,25.7265625,0.0,5.81622314453125
59.788,-0.015748031496062992,0.0,0.0,0.0,0.0,-0.0,-0.0,0.0,0.0,0.0,22.6640625,0.0,0.0,0.0,25.53515625,0.0,0.0,0.0,24.9609375,0.0,0.0,0.0,22.6640625,0.0,0.0,25.7265625,0.0,5.81622314453125
59.95,-0.015748031496062992,0.0,0.0,0.0,0.0,-0.0,-0.0,0.0,0.0,0.0,22.47265625,0.0,0.0,0.0,24.76953125,0.0,0.0,0.0,25.34375,0.0,0.0,0.0,22.6640625,0.0,0.0,25.91796875,0.0,5.8064422607421875
60.111,-0.031496062992125984,0.0,0.0,0.0,0.0,-0.0,-0.0,0.0,0.0,0.0,22.28125,0.0,0.0,0.0,25.15234375,0.0,0.0,0.0,24.9609375,0.0,0.0,0.0,22.85546875,0.0,0.0,26.30078125,0.0,5.81622314453125
60.27,-0.031496062992125984,0.0,0.0,0.0,0.0,-0.0,-0.0,0.0,0.0,0.0,22.6640625,0.0,0.0,0.0,25.15234375,0.0,0.0,0.0,25.34375,0.0,0.0,0.0,23.23828125,0.0,0.0,25.15234375,0.0,5.8064422607421875
60.432,-0.031496062992125984,0.0,0.0,0.0,0.0,-0.0,-0.0,0.0,0.0,0.0,21.70703125,0.0,0.0,0.0,25.15234375,0.0,0.0,0.0,24.76953125,0.0,0.0,0.0,22.6640625,0.0,0.0,25.34375,0.0,5.81622314453125
60.589,-0.031496062992125984,0.0,0.0,0.0,0.0,-0.0,-0.0,0.0,0.0,0.0,22.85546875,0.0,0.0,0.0,25.15234375,0.0,0.0,0.0,25.34375,0.0,0.0,0.0,23.046875,0.0,0.0,24.9609375,0.0,5.81622314453125
60.756,-0.05511811023622047,0.0,0.0,0.0,0.0,-0.0,-0.0,0.0,0.0,0.0,22.28125,0.0,0.0,0.0,24.9609375,0.0,0.0,0.0,24.76953125,0.0,0.0,0.0,23.046875,0.0,0.0,25.34375,0.0,5.81622314453125
60.93,-0.05511811023622047,0.0,0.0,0.0,0.0,-0.0,-0.0,0.0,0.0,0.0,22.6640625,0.0,0.0,0.0,25.34375,0.0,0.0,0.0,25.53515625,0.0,0.0,0.0,23.62109375,0.0,0.0,26.4921875,0.0,5.81622314453125
61.108,-0.05511811023622047,0.0,0.0,0.0,0.0,-0.0,-0.0,0.0,0.0,0.0,23.046875,0.0,0.0,0.0,25.34375,0.0,0.0,0.0,25.34375,0.0,0.0,0.0,22.6640625,0.0,0.0,25.34375,0.0,5.81622314453125
61.27,-0.05511811023622047,0.0,0.0,0.0,0.0,-0.0,-0.0,0.0,0.0,0.0,21.8984375,0.0,0.0,0.0,25.15234375,0.0,0.0,0.0,24.9609375,0.0,0.0,0.0,23.23828125,0.0,0.0,26.875,0.0,5.81622314453125
61.431,-0.05511811023622047,0.0,0.0,0.0,0.0,-0.0,-0.0,0.0,0.0,0.0,22.28125,0.0,0.0,0.0,25.91796875,0.0,0.0,0.0,24.9609375,0.0,0.0,0.0,23.4296875,0.0,0.0,25.91796875,0.0,5.8064422607421875
61.592,-0.05511811023622047,0.0,0.0,0.0,0.0,-0.0,-0.0,0.0,0.0,0.0,23.23828125,0.0,0.0,0.0,25.53515625,0.0,0.0,0.0,24.9609375,0.0,0.0,0.0,23.4296875,0.0,0.0,25.53515625,0.0,5.81622314453125
61.75,-0.05511811023622047,0.0,0.0,0.0,0.0,-0.0,-0.0,0.0,0.0,0.0,22.08984375,0.0,0.0,0.0,25.34375,0.0,0.0,0.0,25.15234375,0.0,0.0,0.0,23.046875,0.0,0.0,24.578125,0.0,5.81622314453125
61.911,-0.05511811023622047,0.0,0.0,0.0,0.0,-0.0,-0.0,0.0,0.0,0.0,23.046875,0.0,0.0,0.0,25.7265625,0.0,0.0,0.0,25.53515625,0.0,0.0,0.0,23.046875,0.0,0.0,25.7265625,0.0,5.8064422607421875
62.075,-0.05511811023622047,0.0,0.0,0.0,0.0,-0.0,-0.0,0.0,0.0,0.0,22.47265625,0.0,0.0,0.0,25.15234375,0.0,0.0,0.0,25.15234375,0.0,0.0,0.0,23.4296875,0.0,0.0,25.53515625,0.0,5.81622314453125
62.24,-0.05511811023622047,0.0,0.0,0.0,0.0,-0.0,-0.0,0.0,0.0,0.0,22.6640625,0.0,0.0,0.0,25.34375,0.0,0.0,0.0,25.15234375,0.0,0.0,0.0,22.08984375,0.0,0.0,25.34375,0.0,5.81622314453125
62.412,-0.05511811023622047,0.0,0.0,0.0,0.0,-0.0,-0.0,0.0,0.0,0.0,22.6640625,0.0,0.0,0.0,25.53515625,0.0,0.0,0.0,24.9609375,0.0,0.0,0.0,22.85546875,0.0,0.0,25.7265625,0.0,5.81622314453125
62.571,-0.05511811023622047,0.0,0.0,0.0,0.0,-0.0,-0.0,0.0,0.0,0.0,23.4296875,0.0,0.0,0.0,25.7265625,0.0,0.0,0.0,25.15234375,0.0,0.0,0.0,23.046875,0.0,0.0,25.53515625,0.0,5.8064422607421875
