Timestamp,Driver_Joy_Y,Driver_Joy_X,Driver_Joy_W,Mecanum_FL,Mecanum_BL,Mecanum_BR,Mecanum_FR,FL_Jag_Speed,FL_Out_Voltage,FL_Out_Current,FL_Temp,BL_Jag_Speed,BL_Out_Voltage,BL_Out_Current,BL_Temp,BR_Jag_Speed,BR_Out_Voltage,BR_Out_Current,BR_Temp,FR_Jag_Speed,FR_Out_Voltage,FR_Out_Current,FR_Temp,Pickup_Out_Voltage,Pickup_Out_Current,Pickup_Temp,SH1_Out_Voltage,SH1_Out_Current,SH1_Temp,SH2_Out_Voltage,SH2_Out_Current,SH2_Temp,SHmain_Speed,SHmain_Angle
0.0050,-0.0,0.0,0.0,0.0,0.0,-0.0,-0.0,0.0,0.0,0.0,25.53515625,0.0,0.0,0.0,28.40625,0.0,0.0,0.0,28.7890625,0.0,0.0,0.0,25.91796875,0.0,0.0,27.640625,0.0,5.8064422607421875
0.158,-0.0,0.0,0.0,0.0,0.0,-0.0,-0.0,0.0,0.0,0.0,25.53515625,0.0,0.0,0.0,28.40625,0.0,0.0,0.0,28.59765625,0.0,0.0,0.0,26.30078125,0.0,0.0,27.83203125,0.0,5.8064422607421875
0.308,-0.0,0.0,0.0,0.0,0.0,-0.0,-0.0,0.0,0.0,0.0,25.91796875,0.0,0.0,0.0,28.59765625,0.0,0.0,0.0,28.59765625,0.0,0.0,0.0,26.4921875,0.0,0.0,27.640625,0.0,5.796661376953125
0.46,-0.0,0.0,0.0,0.0,0.0,-0.0,-0.0,0.0,0.0,0.0,25.53515625,0.0,0.0,0.0,28.59765625,0.0,0.0,0.0,28.7890625,0.0,0.0,0.0,26.4921875,0.0,0.0,26.4921875,0.0,5.8064422607421875
0.62,-0.0,0.0,-0.0078125,0.0,0.0,-0.0,-0.0,0.0,0.0,0.0,26.4921875,0.0,0.0,0.0,28.40625,0.0,0.0,0.0,28.40625,0.0,0.0,0.0,26.109375,0.0,0.0,27.83203125,0.0,5.796661376953125
0.779,-0.0,0.0,-0.0078125,0.0,0.0,-0.0,-0.0,0.0,0.0,0.0,25.53515625,0.0,0.0,0.0,28.59765625,0.0,0.0,0.0,28.59765625,0.0,0.0,0.0,27.2578125,0.0,0.0,27.06640625,0.0,5.796661376953125
0.941,0.0078125,-0.0390625,-0.0078125,0.0,0.0,-0.0,-0.0,0.0,0.0,0.0,25.91796875,0.0,0.0,0.0,28.0234375,0.0,0.0,0.0,28.40625,0.0,0.0,0.0,26.109375,0.0,0.0,27.2578125,0.0,5.796661376953125
1.109,0.359375,-0.0546875,-0.0078125,0.0,0.0,-0.0,-0.0,0.0,0.0,0.0,25.15234375,0.0,0.0,0.0,28.98046875,0.0,0.0,0.0,28.98046875,0.0,0.0,0.0,25.91796875,0.0,0.0,26.4921875,0.0,5.786895751953125
1.266,0.25,-0.125,-0.0078125,0.35937499999999994,0.35937500000000006,-0.35937499999999994,-0.35937500000000006,0.0,4.12890625,23.7109375,25.15234375,0.0,4.29296875,20.1640625,28.0234375,-42.52349853515625,-4.20703125,18.58984375,29.171875,0.0,-4.22265625,21.21484375,25.53515625,0.0,0.0,27.44921875,0.0,5.8064422607421875
1.433,0.3203125,-0.1640625,-0.0078125,0.027382772674664574,0.3509166162925277,-0.027382772674664574,-0.3509166162925277,-21.721664428710938,0.0,0.0,26.4921875,0.0,4.25390625,17.5390625,28.0234375,-76.57945251464844,0.0,0.0,28.98046875,0.0,-4.1484375,18.45703125,26.30078125,0.0,0.0,27.2578125,0.0,5.7673492431640625
1.611,0.359375,-0.1796875,-0.0078125,0.15886481749067252,0.5151805261186851,-0.15886481749067252,-0.5151805261186851,78.7918701171875,1.88671875,2.4375,25.7265625,0.0,6.41015625,22.265625,28.40625,-83.629150390625,-1.90625,1.6484375,28.40625,0.0,-5.81640625,25.80859375,26.4921875,0.0,0.0,27.640625,0.0,5.8064422607421875
1.783,0.5078125,-0.234375,-0.0078125,0.14244729519564045,0.6187265275338829,-0.14244729519564045,-0.6187265275338829,11.231903076171875,1.671875,0.0,25.34375,0.0,7.58984375,28.171875,28.40625,-125.28547668457031,-1.6953125,0.0,28.21484375,0.0,-6.765625,27.125,26.4921875,0.0,0.0,27.2578125,0.0,5.786895751953125
1.971,0.5859375,-0.234375,-0.0078125,0.30981910708638494,0.7606058564358917,-0.30981910708638494,-0.7606058564358917,-146.38050842285156,3.515625,5.32421875,25.7265625,0.0,8.3671875,31.0625,28.21484375,-152.07919311523438,-3.51953125,2.17578125,28.40625,0.0,-8.12890625,25.80859375,25.7265625,0.0,0.0,28.40625,0.0,5.7477874755859375
2.149,0.7578125,-0.234375,-0.0078125,0.577635070745072,0.8276799661654003,-0.577635070745072,-0.8276799661654003,-17.277603149414062,6.29296875,12.6796875,25.15234375,0.0,9.62890625,28.3046875,28.7890625,-238.0509490966797,-6.27734375,9.52734375,28.21484375,0.0,-8.81640625,20.8203125,25.91796875,0.0,0.0,26.875,0.0,5.7380218505859375
2.32,0.8515625,-0.125,-0.0078125,0.7757983563945492,0.8811863442540784,-0.7757983563945492,-0.8811863442540784,-19.566970825195312,8.20703125,16.8828125,25.15234375,0.0,9.7578125,20.1640625,29.74609375,-280.9481964111328,-8.23828125,12.15234375,29.171875,0.0,-9.203125,21.34765625,25.7265625,0.0,0.0,27.83203125,0.0,5.7771148681640625
2.482,0.90625,-0.078125,-0.0078125,0.9930987076835522,0.7939804028375634,-0.9930987076835522,-0.7939804028375634,-76.19953918457031,10.61328125,22.1328125,26.109375,0.0,7.92578125,12.15234375,28.0234375,-363.42987060546875,-10.51171875,17.80078125,28.21484375,0.0,-8.515625,11.890625,26.109375,0.0,0.0,27.83203125,0.0,5.7771148681640625
2.796,0.9609375,-0.078125,-0.0078125,0.9453124999999999,0.9453125000000001,-0.9453124999999999,-0.9453125000000001,26.63134765625,10.30078125,14.25390625,24.578125,0.0,9.76953125,13.9921875,28.0234375,-361.3097381591797,-10.13671875,13.859375,28.21484375,0.0,-10.26953125,17.01171875,26.109375,0.0,0.0,27.2578125,0.0,5.7771148681640625
2.972,1.0,-0.078125,-0.0078125,0.9609374999999999,0.9609375000000001,-0.9609374999999999,-0.9609375000000001,147.63551330566406,10.640625,12.15234375,25.7265625,0.0,10.1328125,11.49609375,28.40625,-435.47288513183594,-10.609375,12.0234375,28.59765625,0.0,-10.57421875,13.07421875,25.7265625,0.0,0.0,27.2578125,0.0,5.786895751953125
3.144,1.0,-0.078125,-0.0078125,0.9999999999999997,1.0,-0.9999999999999997,-1.0,-55.297149658203125,10.859375,13.07421875,25.34375,0.0,11.0703125,11.49609375,28.59765625,-457.5241241455078,-11.00390625,12.0234375,28.7890625,0.0,-11.14453125,10.0546875,25.91796875,0.0,0.0,27.640625,0.0,5.796661376953125
3.32,1.0,-0.078125,-0.0078125,0.9999999999999997,1.0,-0.9999999999999997,-1.0,-450.1230773925781,11.0,11.62890625,25.34375,0.0,11.10546875,10.578125,28.40625,-484.970947265625,-11.0390625,9.66015625,28.98046875,0.0,-11.1796875,8.609375,25.7265625,0.0,0.0,25.91796875,0.0,5.796661376953125
3.487,1.0,-0.078125,-0.0078125,0.9999999999999997,1.0,-0.9999999999999997,-1.0,-159.40223693847656,11.17578125,9.00390625,25.7265625,0.0,11.140625,10.31640625,29.171875,-483.87095642089844,-11.1796875,9.1328125,28.7890625,0.0,-11.1796875,9.1328125,25.7265625,0.0,0.0,28.21484375,0.0,5.796661376953125
3.661,1.0,-0.078125,-0.0078125,0.9999999999999997,1.0,-0.9999999999999997,-1.0,-12.485244750976562,11.3515625,8.08203125,25.7265625,0.0,11.28125,9.3984375,28.0234375,-519.9729156494141,-11.3203125,8.34765625,28.7890625,0.0,-11.35546875,7.953125,25.91796875,0.0,0.0,27.44921875,0.0,5.786895751953125
3.83,1.0,-0.0546875,-0.0078125,0.9999999999999997,1.0,-0.9999999999999997,-1.0,-56.50798034667969,11.31640625,7.8203125,25.34375,0.0,11.31640625,8.4765625,28.0234375,-510.1634063720703,-11.42578125,7.953125,28.98046875,0.0,-11.390625,7.953125,26.30078125,0.0,0.0,27.44921875,0.0,5.8064422607421875
4.001,1.0,-0.0546875,-0.0078125,0.9999999999999997,1.0,-0.9999999999999997,-1.0,-10.505142211914062,11.45703125,7.69140625,25.7265625,0.0,11.3515625,7.8203125,28.98046875,-543.3705902099609,-11.53125,7.55859375,28.59765625,0.0,-11.4609375,6.76953125,26.4921875,0.0,0.0,25.91796875,0.0,5.796661376953125
4.163,1.0,-0.0546875,-0.0078125,0.9999999999999997,1.0,-0.9999999999999997,-1.0,-288.30992126464844,11.38671875,7.55859375,25.7265625,0.0,11.421875,6.90234375,28.59765625,-508.07090759277344,-11.671875,7.953125,28.7890625,0.0,-11.63671875,7.953125,25.91796875,0.0,0.0,27.44921875,0.0,5.81622314453125
4.331,0.8671875,-0.0546875,-0.0078125,0.9218749999999999,0.9218750000000001,-0.9218749999999999,-0.9218750000000001,57.52464294433594,10.85546875,4.66796875,25.7265625,0.0,10.91796875,5.0625,28.7890625,-519.4805145263672,-11.01953125,5.45703125,28.98046875,0.0,-10.98828125,5.32421875,25.7265625,0.0,0.0,28.7890625,0.0,5.786895751953125
4.511,0.8515625,-0.0546875,-0.0078125,0.8671874999999999,0.8671875000000001,-0.8671874999999999,-0.8671875000000001,-12.5123291015625,10.36328125,3.48828125,25.53515625,0.0,10.30078125,4.14453125,28.40625,-517.3110504150391,-10.55078125,4.27734375,28.21484375,0.0,-10.51953125,4.27734375,26.4921875,0.0,0.0,28.0234375,0.0,5.845550537109375
4.683,0.7578125,-0.0546875,-0.0078125,0.796875,0.7968750000000002,-0.796875,-0.7968750000000002,-10.00775146484375,9.71875,2.04296875,25.53515625,0.0,9.55078125,2.69921875,28.7890625,-454.16912841796875,-9.80859375,2.83203125,28.40625,0.0,-9.86328125,2.9609375,26.109375,0.0,0.0,27.44921875,0.0,5.845550537109375
4.844,0.71875,-0.0546875,-0.0078125,0.7578124999999999,0.7578125000000001,-0.7578124999999999,-0.7578125000000001,-115.04927062988281,9.375,1.51953125,25.91796875,0.0,9.1875,2.4375,28.7890625,-450.7042236328125,-9.40625,3.09375,28.21484375,0.0,-9.51171875,3.35546875,26.68359375,0.0,0.0,28.0234375,0.0,5.786895751953125
5.02,0.34375,-0.0546875,-0.0078125,0.6406249999999999,0.6406250000000001,-0.6406249999999999,-0.6406250000000001,-109.24919128417969,8.12890625,0.0,25.53515625,0.0,8.015625,0.0,28.59765625,-416.8928527832031,-8.24609375,1.125,28.59765625,0.0,-8.265625,2.69921875,26.109375,0.0,0.0,28.7890625,0.0,5.796661376953125
5.189,-0.0,-0.0078125,-0.0078125,0.26562499999999994,0.26562500000000006,-0.26562499999999994,-0.26562500000000006,67.16574096679688,3.76171875,0.0,26.30078125,0.0,3.734375,0.0,26.30078125,-338.53477478027344,-3.83203125,0.0,27.44921875,0.0,-3.765625,0.0,26.109375,0.0,0.0,27.44921875,0.0,5.796661376953125
5.36,-0.0,-0.0078125,-0.0078125,0.0,0.0,-0.0,-0.0,300.94044494628906,0.0,0.0,26.4921875,0.0,0.0,0.0,28.7890625,-312.75453186035156,0.0,0.0,28.7890625,0.0,0.0,0.0,25.91796875,0.0,0.0,27.640625,0.0,5.796661376953125
5.521,-0.0,-0.0078125,-0.0078125,0.0,0.0,-0.0,-0.0,4.557281494140625,0.0,0.0,25.15234375,0.0,0.0,0.0,28.7890625,-278.68495178222656,0.0,0.0,28.59765625,0.0,0.0,0.0,26.109375,0.0,0.0,26.4921875,0.0,5.796661376953125
5.68,-0.0,-0.0078125,-0.0078125,0.0,0.0,-0.0,-0.0,13.8834228515625,0.0,0.0,26.30078125,0.0,0.0,0.0,28.40625,-277.4165496826172,0.0,0.0,28.40625,0.0,0.0,0.0,25.91796875,0.0,0.0,27.06640625,0.0,5.786895751953125
5.867,-0.09448818897637795,0.0,-0.0078125,0.0,0.0,-0.0,-0.0,151.98291015625,0.0,0.0,24.9609375,0.0,0.0,0.0,28.59765625,-230.0227508544922,0.0,0.0,28.7890625,0.0,0.0,0.0,25.34375,0.0,0.0,27.83203125,0.0,5.7771148681640625
6.04,-0.6062992125984252,-0.1484375,-0.0078125,-0.11023622047244097,-0.11023622047244094,0.11023622047244097,0.11023622047244094,61.18156433105469,-1.30859375,44.0625,24.578125,0.0,-1.3671875,13.73046875,27.44921875,-32.06867980957031,1.1953125,15.17578125,27.83203125,0.0,1.17578125,31.98046875,25.15234375,0.0,0.0,28.7890625,0.0,5.845550537109375
6.205,-0.2755905511811024,-0.0078125,-0.0078125,-0.5039370078740159,-0.5039370078740156,0.5039370078740159,0.5039370078740156,-9.93670654296875,-4.99609375,50.49609375,24.76953125,0.0,-5.6875,6.5078125,28.21484375,205.69960021972656,5.48828125,9.265625,28.21484375,0.0,5.06640625,45.90234375,24.578125,0.0,0.0,27.83203125,0.0,5.786895751953125
6.384,-0.05511811023622047,-0.0078125,-0.0078125,-0.21259842519685043,-0.21259842519685038,0.21259842519685043,0.21259842519685038,0.0,-2.55078125,15.83203125,25.53515625,0.0,-2.6015625,9.66015625,28.0234375,58.812713623046875,2.5390625,10.0546875,28.0234375,0.0,2.5546875,11.62890625,25.34375,0.0,0.0,28.59765625,0.0,5.796661376953125
6.562,-0.05511811023622047,0.0,-0.0078125,0.0,0.0,-0.0,-0.0,5.914459228515625,0.0,0.0,25.91796875,0.0,0.0,0.0,28.40625,30.368209838867188,0.0,0.0,28.59765625,0.0,0.0,0.0,26.4921875,0.0,0.0,27.06640625,0.0,5.796661376953125
6.726,-0.031496062992125984,0.0,-0.0078125,0.0,0.0,-0.0,-0.0,0.0,0.0,0.0,25.15234375,0.0,0.0,0.0,28.0234375,20.0322265625,0.0,0.0,28.21484375,0.0,0.0,0.0,25.7265625,0.0,0.0,27.83203125,0.0,5.786895751953125
6.889,0.0078125,0.0,-0.0078125,0.0,0.0,-0.0,-0.0,0.0,0.0,0.0,24.9609375,0.0,0.0,0.0,28.40625,6.3961181640625,0.0,0.0,29.171875,0.0,0.0,0.0,25.34375,0.0,0.0,27.44921875,0.0,5.786895751953125
7.042,0.0625,-0.0546875,-0.0078125,0.0,0.0,-0.0,-0.0,0.0,0.0,0.0,25.7265625,0.0,0.0,0.0,28.7890625,0.0,0.0,0.0,28.0234375,0.0,0.0,0.0,26.109375,0.0,0.0,26.875,0.0,5.796661376953125
7.2,0.15625,-0.078125,-0.0078125,0.13281249999999997,0.13281250000000003,-0.13281249999999997,-0.13281250000000003,0.0,1.6328125,12.28515625,24.9609375,0.0,1.58203125,8.21484375,28.40625,-16.806793212890625,-1.64453125,9.1328125,28.40625,0.0,-1.63671875,10.578125,26.30078125,0.0,0.0,27.44921875,0.0,5.786895751953125
7.371,0.078125,-0.078125,-0.0078125,0.15624999999999997,0.15625000000000003,-0.15624999999999997,-0.15625000000000003,-2.7436676025390625,1.9140625,12.41796875,25.34375,0.0,1.85546875,8.08203125,28.40625,-36.10345458984375,-1.94140625,8.08203125,28.98046875,0.0,-1.93359375,10.7109375,26.30078125,0.0,0.0,27.83203125,0.0,5.786895751953125
7.542,0.0234375,-0.078125,-0.0078125,0.0,0.0,-0.0,-0.0,0.0,0.0,0.0,25.53515625,0.0,0.0,0.0,28.7890625,-17.9693603515625,0.0,0.0,28.98046875,0.0,0.0,0.0,25.91796875,0.0,0.0,27.44921875,0.0,5.796661376953125
7.7,0.0234375,-0.078125,-0.0078125,0.0,0.0,-0.0,-0.0,0.0,0.0,0.0,24.9609375,0.0,0.0,0.0,28.21484375,-8.382797241210938,0.0,0.0,28.40625,0.0,0.0,0.0,25.91796875,0.0,0.0,27.2578125,0.0,5.796661376953125
7.869,0.0234375,-0.078125,-0.0078125,0.0,0.0,-0.0,-0.0,0.0,0.0,0.0,25.34375,0.0,0.0,0.0,27.83203125,2.7823944091796875,0.0,0.0,28.59765625,0.0,0.0,0.0,26.4921875,0.0,0.0,27.83203125,0.0,5.786895751953125
8.04,0.0234375,-0.0078125,-0.0078125,0.0,0.0,-0.0,-0.0,0.0,0.0,0.0,25.7265625,0.0,0.0,0.0,28.0234375,0.0,0.0,0.0,28.59765625,0.0,0.0,0.0,25.91796875,0.0,0.0,27.640625,0.0,5.796661376953125
8.209,-0.015748031496062992,0.0,-0.0078125,0.0,0.0,-0.0,-0.0,0.0,0.0,0.0,25.91796875,0.0,0.0,0.0,28.21484375,0.0,0.0,0.0,28.40625,0.0,0.0,0.0,26.68359375,0.0,0.0,28.0234375,0.0,5.796661376953125
8.368,-0.015748031496062992,0.0,-0.0078125,0.0,0.0,-0.0,-0.0,0.0,0.0,0.0,25.53515625,0.0,0.0,0.0,28.40625,0.0,0.0,0.0,28.0234375,0.0,0.0,0.0,25.34375,0.0,0.0,28.0234375,0.0,5.796661376953125
8.526,-0.015748031496062992,0.0,-0.0078125,0.0,0.0,-0.0,-0.0,0.0,0.0,0.0,24.9609375,0.0,0.0,0.0,28.21484375,0.0,0.0,0.0,28.59765625,0.0,0.0,0.0,26.68359375,0.0,0.0,27.640625,0.0,5.796661376953125
8.687,-0.015748031496062992,0.0,-0.0078125,0.0,0.0,-0.0,-0.0,0.0,0.0,0.0,25.34375,0.0,0.0,0.0,28.0234375,0.0,0.0,0.0,28.40625,0.0,0.0,0.0,26.30078125,0.0,0.0,28.21484375,0.0,5.796661376953125
9.002,-0.015748031496062992,0.0,-0.0078125,0.0,0.0,-0.0,-0.0,0.0,0.0,0.0,26.30078125,0.0,0.0,0.0,28.59765625,0.0,0.0,0.0,28.21484375,0.0,0.0,0.0,25.91796875,0.0,0.0,28.7890625,0.0,5.786895751953125
9.169,-0.015748031496062992,0.0,-0.0078125,0.0,0.0,-0.0,-0.0,0.0,0.0,0.0,25.15234375,0.0,0.0,0.0,28.21484375,0.0,0.0,0.0,28.98046875,0.0,0.0,0.0,25.34375,0.0,0.0,27.2578125,0.0,5.796661376953125
9.329,-0.015748031496062992,0.0,-0.0078125,0.0,0.0,-0.0,-0.0,0.0,0.0,0.0,25.91796875,0.0,0.0,0.0,28.7890625,0.0,0.0,0.0,28.21484375,0.0,0.0,0.0,25.91796875,0.0,0.0,27.2578125,0.0,5.796661376953125
9.499,-0.015748031496062992,0.0,-0.0078125,0.0,0.0,-0.0,-0.0,0.0,0.0,0.0,25.53515625,0.0,0.0,0.0,28.59765625,0.0,0.0,0.0,28.0234375,0.0,0.0,0.0,25.91796875,0.0,0.0,27.640625,0.0,5.796661376953125
9.66,-0.015748031496062992,0.0,-0.0078125,0.0,0.0,-0.0,-0.0,0.0,0.0,0.0,25.53515625,0.0,0.0,0.0,28.7890625,0.0,0.0,0.0,28.59765625,0.0,0.0,0.0,25.91796875,0.0,0.0,26.68359375,0.0,5.796661376953125
9.829,-0.015748031496062992,0.0,-0.0078125,0.0,0.0,-0.0,-0.0,0.0,0.0,0.0,25.91796875,0.0,0.0,0.0,28.40625,0.0,0.0,0.0,28.21484375,0.0,0.0,0.0,26.30078125,0.0,0.0,28.21484375,0.0,5.796661376953125
9.988,-0.015748031496062992,0.0,-0.0078125,0.0,0.0,-0.0,-0.0,0.0,0.0,0.0,25.34375,0.0,0.0,0.0,28.40625,0.0,0.0,0.0,28.59765625,0.0,0.0,0.0,26.30078125,0.0,0.0,27.640625,0.0,5.786895751953125
10.147,-0.015748031496062992,0.0,-0.0078125,0.0,0.0,-0.0,-0.0,0.0,0.0,0.0,25.34375,0.0,0.0,0.0,27.83203125,0.0,0.0,0.0,28.21484375,0.0,0.0,0.0,25.34375,0.0,0.0,27.640625,0.0,5.796661376953125
10.307,-0.015748031496062992,0.0,-0.0078125,0.0,0.0,-0.0,-0.0,0.0,0.0,0.0,24.9609375,0.0,0.0,0.0,28.98046875,0.0,0.0,0.0,28.40625,0.0,0.0,0.0,25.7265625,0.0,0.0,28.0234375,0.0,5.786895751953125
10.469,-0.015748031496062992,0.0,-0.0078125,0.0,0.0,-0.0,-0.0,0.0,0.0,0.0,25.91796875,0.0,0.0,0.0,28.21484375,0.0,0.0,0.0,28.59765625,0.0,0.0,0.0,26.109375,0.0,0.0,28.0234375,0.0,5.786895751953125
10.639,-0.015748031496062992,0.0,-0.0078125,0.0,0.0,-0.0,-0.0,0.0,0.0,0.0,24.9609375,0.0,0.0,0.0,27.83203125,0.0,0.0,0.0,28.98046875,0.0,0.0,0.0,26.30078125,0.0,0.0,27.2578125,0.0,5.786895751953125
10.799,-0.015748031496062992,0.0,-0.0078125,0.0,0.0,-0.0,-0.0,0.0,0.0,0.0,25.34375,0.0,0.0,0.0,28.59765625,0.0,0.0,0.0,28.0234375,0.0,0.0,0.0,26.109375,0.0,0.0,28.0234375,0.0,5.786895751953125
10.969,-0.015748031496062992,0.0,-0.0078125,0.0,0.0,-0.0,-0.0,0.0,0.0,0.0,25.53515625,0.0,0.0,0.0,28.40625,0.0,0.0,0.0,28.40625,0.0,0.0,0.0,26.30078125,0.0,0.0,26.4921875,0.0,5.796661376953125
11.139,-0.015748031496062992,0.0,-0.0078125,0.0,0.0,-0.0,-0.0,0.0,0.0,0.0,24.9609375,0.0,0.0,0.0,28.40625,0.0,0.0,0.0,28.59765625,0.0,0.0,0.0,25.91796875,0.0,0.0,27.640625,0.0,5.796661376953125
11.301,-0.015748031496062992,0.0,-0.0078125,0.0,0.0,-0.0,-0.0,0.0,0.0,0.0,24.76953125,0.0,0.0,0.0,28.21484375,0.0,0.0,0.0,28.59765625,0.0,0.0,0.0,25.53515625,0.0,0.0,27.83203125,0.0,5.796661376953125
11.46,-0.015748031496062992,0.0,-0.0078125,0.0,0.0,-0.0,-0.0,0.0,0.0,0.0,24.578125,0.0,0.0,0.0,28.59765625,0.0,0.0,0.0,28.0234375,0.0,0.0,0.0,26.109375,0.0,0.0,27.83203125,0.0,5.796661376953125
11.62,-0.015748031496062992,0.0,-0.0078125,0.0,0.0,-0.0,-0.0,0.0,0.0,0.0,25.15234375,0.0,0.0,0.0,28.40625,0.0,0.0,0.0,28.7890625,0.0,0.0,0.0,25.7265625,0.0,0.0,27.640625,0.0,5.796661376953125
11.798,-0.015748031496062992,0.0,-0.0078125,0.0,0.0,-0.0,-0.0,0.0,0.0,0.0,25.91796875,0.0,0.0,0.0,28.21484375,0.0,0.0,0.0,28.98046875,0.0,0.0,0.0,26.4921875,0.0,0.0,27.44921875,0.0,5.796661376953125
11.961,-0.015748031496062992,0.0,-0.0078125,0.0,0.0,-0.0,-0.0,0.0,0.0,0.0,25.53515625,0.0,0.0,0.0,28.21484375,0.0,0.0,0.0,28.59765625,0.0,0.0,0.0,26.30078125,0.0,0.0,27.44921875,0.0,5.796661376953125
12.15,-0.015748031496062992,0.0,-0.0078125,0.0,0.0,-0.0,-0.0,0.0,0.0,0.0,25.34375,0.0,0.0,0.0,28.21484375,0.0,0.0,0.0,28.7890625,0.0,0.0,0.0,25.91796875,0.0,0.0,27.640625,0.0,5.796661376953125
12.329,-0.015748031496062992,0.0,-0.0078125,0.0,0.0,-0.0,-0.0,0.0,0.0,0.0,24.9609375,0.0,0.0,0.0,28.0234375,0.0,0.0,0.0,28.40625,0.0,0.0,0.0,25.91796875,0.0,0.0,28.40625,0.0,5.796661376953125
12.486,-0.015748031496062992,0.0,-0.0078125,0.0,0.0,-0.0,-0.0,0.0,0.0,0.0,25.91796875,0.0,0.0,0.0,27.83203125,0.0,0.0,0.0,28.7890625,0.0,0.0,0.0,25.91796875,0.0,0.0,27.83203125,0.0,5.796661376953125
12.647,-0.015748031496062992,0.0,-0.0078125,0.0,0.0,-0.0,-0.0,0.0,0.0,0.0,26.30078125,0.0,0.0,0.0,28.59765625,0.0,0.0,0.0,28.7890625,0.0,0.0,0.0,25.91796875,0.0,0.0,27.83203125,0.0,5.796661376953125
12.808,-0.015748031496062992,0.0,-0.0078125,0.0,0.0,-0.0,-0.0,0.0,0.0,0.0,25.53515625,0.0,0.0,0.0,27.83203125,0.0,0.0,0.0,28.7890625,0.0,0.0,0.0,25.91796875,0.0,0.0,28.21484375,0.0,5.7771148681640625
12.967,-0.015748031496062992,0.0,-0.0078125,0.0,0.0,-0.0,-0.0,0.0,0.0,0.0,25.15234375,0.0,0.0,0.0,27.2578125,0.0,0.0,0.0,28.7890625,0.0,0.0,0.0,25.91796875,0.0,0.0,28.0234375,0.0,5.796661376953125
13.138,-0.015748031496062992,0.0,-0.0078125,0.0,0.0,-0.0,-0.0,0.0,0.0,0.0,24.76953125,0.0,0.0,0.0,28.21484375,0.0,0.0,0.0,28.0234375,0.0,0.0,0.0,25.53515625,0.0,0.0,27.640625,0.0,5.796661376953125
