Timestamp,Driver_Joy_Y,Driver_Joy_X,Driver_Joy_W,Mecanum_FL,Mecanum_BL,Mecanum_BR,Mecanum_FR,FL_Jag_Speed,FL_Out_Voltage,FL_Out_Current,FL_Temp,BL_Jag_Speed,BL_Out_Voltage,BL_Out_Current,BL_Temp,BR_Jag_Speed,BR_Out_Voltage,BR_Out_Current,BR_Temp,FR_Jag_Speed,FR_Out_Voltage,FR_Out_Current,FR_Temp,Pickup_Out_Voltage,Pickup_Out_Current,Pickup_Temp,SH1_Out_Voltage,SH1_Out_Current,SH1_Temp,SH2_Out_Voltage,SH2_Out_Current,SH2_Temp,SHmain_Speed,SHmain_Angle
0.0070,-0.015748031496062992,0.0,0.0,0.0,0.0,-0.0,-0.0,0.0,0.0,0.0,23.4296875,0.0,0.0,0.0,26.30078125,0.0,0.0,0.0,26.4921875,0.0,0.0,0.0,24.1953125,0.0,0.0,26.4921875,0.0,5.7771148681640625
0.166,-0.015748031496062992,0.0,0.0,0.0,0.0,-0.0,-0.0,0.0,0.0,0.0,24.38671875,0.0,0.0,0.0,26.875,0.0,0.0,0.0,26.30078125,0.0,0.0,0.0,24.38671875,0.0,0.0,26.30078125,0.0,5.7673492431640625
0.337,-0.015748031496062992,0.0,0.0,0.0,0.0,-0.0,-0.0,0.0,0.0,0.0,23.8125,0.0,0.0,0.0,26.30078125,0.0,0.0,0.0,26.68359375,0.0,0.0,0.0,23.62109375,0.0,0.0,27.44921875,0.0,5.7771148681640625
0.508,-0.015748031496062992,0.0,0.0,0.0,0.0,-0.0,-0.0,0.0,0.0,0.0,24.1953125,0.0,0.0,0.0,26.875,0.0,0.0,0.0,26.68359375,0.0,0.0,0.0,24.578125,0.0,0.0,26.875,0.0,5.786895751953125
0.679,-0.015748031496062992,0.0,0.0,0.0,0.0,-0.0,-0.0,0.0,0.0,0.0,23.8125,0.0,0.0,0.0,26.875,0.0,0.0,0.0,26.875,0.0,0.0,0.0,24.1953125,0.0,0.0,27.06640625,0.0,5.7771148681640625
0.837,-0.015748031496062992,0.0,0.0,0.0,0.0,-0.0,-0.0,0.0,0.0,0.0,22.6640625,0.0,0.0,0.0,26.30078125,0.0,0.0,0.0,26.109375,0.0,0.0,0.0,24.38671875,0.0,0.0,25.7265625,0.0,5.7771148681640625
0.997,-0.015748031496062992,0.0,0.0,0.0,0.0,-0.0,-0.0,0.0,0.0,0.0,24.1953125,0.0,0.0,0.0,26.4921875,0.0,0.0,0.0,26.875,0.0,0.0,0.0,25.15234375,0.0,0.0,26.4921875,0.0,5.7771148681640625
1.166,-0.015748031496062992,0.0,0.0,0.0,0.0,-0.0,-0.0,0.0,0.0,0.0,23.62109375,0.0,0.0,0.0,26.68359375,0.0,0.0,0.0,26.68359375,0.0,0.0,0.0,24.578125,0.0,0.0,26.30078125,0.0,5.786895751953125
1.324,-0.015748031496062992,0.0,0.0,0.0,0.0,-0.0,-0.0,0.0,0.0,0.0,24.1953125,0.0,0.0,0.0,27.83203125,0.0,0.0,0.0,27.06640625,0.0,0.0,0.0,24.1953125,0.0,0.0,25.7265625,0.0,5.7673492431640625
1.485,-0.015748031496062992,0.0,0.0,0.0,0.0,-0.0,-0.0,0.0,0.0,0.0,23.8125,0.0,0.0,0.0,26.68359375,0.0,0.0,0.0,26.30078125,0.0,0.0,0.0,24.578125,0.0,0.0,26.68359375,0.0,5.7771148681640625
1.659,-0.015748031496062992,0.0,0.0,0.0,0.0,-0.0,-0.0,0.0,0.0,0.0,23.8125,0.0,0.0,0.0,26.875,0.0,0.0,0.0,27.06640625,0.0,0.0,0.0,24.578125,0.0,0.0,26.109375,0.0,5.7771148681640625
1.823,-0.015748031496062992,0.0,0.0,0.0,0.0,-0.0,-0.0,0.0,0.0,0.0,24.578125,0.0,0.0,0.0,27.06640625,0.0,0.0,0.0,26.4921875,0.0,0.0,0.0,24.38671875,0.0,0.0,26.4921875,0.0,5.7771148681640625
2.008,-0.015748031496062992,0.0,0.0,0.0,0.0,-0.0,-0.0,0.0,0.0,0.0,24.1953125,0.0,0.0,0.0,26.30078125,0.0,0.0,0.0,26.875,0.0,0.0,0.0,24.578125,0.0,0.0,27.06640625,0.0,5.7673492431640625
2.166,-0.015748031496062992,0.0,0.0,0.0,0.0,-0.0,-0.0,0.0,0.0,0.0,24.578125,0.0,0.0,0.0,26.68359375,0.0,0.0,0.0,26.4921875,0.0,0.0,0.0,24.38671875,0.0,0.0,26.875,0.0,5.7771148681640625
2.326,-0.015748031496062992,0.0,0.0,0.0,0.0,-0.0,-0.0,0.0,0.0,0.0,23.8125,0.0,0.0,0.0,27.06640625,0.0,0.0,0.0,26.68359375,0.0,0.0,0.0,24.38671875,0.0,0.0,26.4921875,0.0,5.7771148681640625
2.486,-0.015748031496062992,0.0,0.0,0.0,0.0,-0.0,-0.0,0.0,0.0,0.0,23.62109375,0.0,0.0,0.0,27.06640625,0.0,0.0,0.0,26.875,0.0,0.0,0.0,24.1953125,0.0,0.0,26.4921875,0.0,5.7771148681640625
2.64,-0.015748031496062992,0.0,0.0,0.0,0.0,-0.0,-0.0,0.0,0.0,0.0,24.1953125,0.0,0.0,0.0,27.2578125,0.0,0.0,0.0,26.68359375,0.0,0.0,0.0,24.1953125,0.0,0.0,26.109375,0.0,5.7771148681640625
2.8,-0.015748031496062992,0.0,0.0,0.0,0.0,-0.0,-0.0,0.0,0.0,0.0,24.1953125,0.0,0.0,0.0,26.68359375,0.0,0.0,0.0,26.30078125,0.0,0.0,0.0,24.1953125,0.0,0.0,26.4921875,0.0,5.8064422607421875
S: 2.847 157615652247 Fired
2.958,-0.015748031496062992,0.0,0.0,0.0,0.0,-0.0,-0.0,0.0,0.0,0.0,24.00390625,0.0,0.0,0.0,26.30078125,0.0,0.0,0.0,26.68359375,0.0,0.0,0.0,24.00390625,0.0,0.0,26.30078125,0.0,5.4936370849609375
3.103,-0.015748031496062992,0.0,0.0,0.0,0.0,-0.0,-0.0,0.0,0.0,0.0,23.62109375,0.0,0.0,0.0,26.109375,-7.978759765625,0.0,0.0,26.30078125,0.0,0.0,0.0,24.1953125,0.0,0.0,26.4921875,0.0,4.6822967529296875
3.263,-0.015748031496062992,0.0,0.0,0.0,0.0,-0.0,-0.0,0.0,0.0,0.0,23.62109375,0.0,0.0,0.0,26.875,-7.3936920166015625,0.0,0.0,26.4921875,0.0,0.0,0.0,24.1953125,0.0,0.0,26.30078125,0.0,4.70184326171875
3.424,-0.015748031496062992,0.0,0.0,0.0,0.0,-0.0,-0.0,0.0,0.0,0.0,23.8125,0.0,0.0,0.0,27.06640625,21.808273315429688,0.0,0.0,26.4921875,0.0,0.0,0.0,24.38671875,0.0,0.0,26.30078125,0.0,5.19061279296875
3.576,-0.015748031496062992,0.0,0.0,0.0,0.0,-0.0,-0.0,0.0,0.0,0.0,23.62109375,0.0,0.0,0.0,26.68359375,-14.812698364257812,0.0,0.0,26.109375,0.0,0.0,0.0,24.1953125,0.0,0.0,26.109375,0.0,5.7086944580078125
3.719,-0.015748031496062992,0.0,0.0,0.0,0.0,-0.0,-0.0,0.0,0.0,0.0,24.00390625,0.0,0.0,0.0,26.875,8.008285522460938,0.0,0.0,26.875,0.0,0.0,0.0,24.38671875,0.0,0.0,26.30078125,0.0,5.845550537109375
3.888,-0.015748031496062992,0.0,0.0,0.0,0.0,-0.0,-0.0,0.0,0.0,0.0,24.00390625,0.0,0.0,0.0,27.06640625,-2.68902587890625,0.0,0.0,26.875,0.0,0.0,0.0,24.578125,0.0,0.0,26.30078125,0.0,5.8064422607421875
4.059,-0.015748031496062992,0.0,0.0,0.0,0.0,-0.0,-0.0,0.0,0.0,0.0,22.47265625,0.0,0.0,0.0,26.4921875,0.0,0.0,0.0,26.30078125,0.0,0.0,0.0,24.1953125,0.0,0.0,26.4921875,0.0,5.8064422607421875
4.218,-0.015748031496062992,0.0,0.0,0.0,0.0,-0.0,-0.0,0.0,0.0,0.0,24.00390625,0.0,0.0,0.0,26.4921875,0.0,0.0,0.0,26.68359375,0.0,0.0,0.0,23.4296875,0.0,0.0,26.68359375,0.0,5.8064422607421875
4.378,-0.015748031496062992,0.0,0.0,0.0,0.0,-0.0,-0.0,0.0,0.0,0.0,23.62109375,0.0,0.0,0.0,26.4921875,0.0,0.0,0.0,26.4921875,0.0,0.0,0.0,24.38671875,0.0,0.0,26.68359375,0.0,5.796661376953125
4.538,-0.015748031496062992,0.0,0.0,0.0,0.0,-0.0,-0.0,0.0,0.0,0.0,23.8125,0.0,0.0,0.0,26.30078125,0.0,0.0,0.0,26.68359375,0.0,0.0,0.0,24.00390625,0.0,0.0,26.4921875,0.0,5.796661376953125
4.706,-0.015748031496062992,0.0,0.0,0.0,0.0,-0.0,-0.0,0.0,0.0,0.0,23.62109375,0.0,0.0,0.0,27.06640625,0.0,0.0,0.0,26.30078125,0.0,0.0,0.0,23.8125,0.0,0.0,25.91796875,0.0,5.8064422607421875
4.859,-0.015748031496062992,0.0,0.0,0.0,0.0,-0.0,-0.0,0.0,0.0,0.0,23.62109375,0.0,0.0,0.0,27.06640625,0.0,0.0,0.0,26.875,0.0,0.0,0.0,24.76953125,0.0,0.0,26.30078125,0.0,5.8064422607421875
5.026,-0.015748031496062992,0.0,0.0,0.0,0.0,-0.0,-0.0,0.0,0.0,0.0,23.4296875,0.0,0.0,0.0,27.2578125,0.0,0.0,0.0,26.68359375,0.0,0.0,0.0,24.00390625,0.0,0.0,26.68359375,0.0,5.8064422607421875
5.179,-0.015748031496062992,0.0,0.0,0.0,0.0,-0.0,-0.0,0.0,0.0,0.0,24.00390625,0.0,0.0,0.0,25.91796875,0.0,0.0,0.0,26.68359375,0.0,0.0,0.0,23.8125,0.0,0.0,26.875,0.0,5.8064422607421875
5.33,-0.015748031496062992,0.0,0.0,0.0,0.0,-0.0,-0.0,0.0,0.0,0.0,24.00390625,0.0,0.0,0.0,26.875,0.0,0.0,0.0,26.30078125,0.0,0.0,0.0,24.1953125,0.0,0.0,26.30078125,0.0,5.8064422607421875
5.502,-0.015748031496062992,0.0,0.0,0.0,0.0,-0.0,-0.0,0.0,0.0,0.0,23.4296875,0.0,0.0,0.0,26.875,0.0,0.0,0.0,26.109375,0.0,0.0,0.0,24.38671875,0.0,0.0,26.875,0.0,5.8064422607421875
5.677,-0.015748031496062992,0.0,0.0,0.0,0.0,-0.0,-0.0,0.0,0.0,0.0,24.00390625,0.0,0.0,0.0,26.875,0.0,0.0,0.0,27.2578125,0.0,0.0,0.0,24.00390625,0.0,0.0,26.875,0.0,5.8064422607421875
5.84,-0.015748031496062992,0.0,0.0,0.0,0.0,-0.0,-0.0,0.0,0.0,0.0,24.1953125,0.0,0.0,0.0,27.06640625,0.0,0.0,0.0,26.68359375,0.0,0.0,0.0,24.38671875,0.0,0.0,26.68359375,0.0,5.8064422607421875
6.018,-0.015748031496062992,0.0,0.0,0.0,0.0,-0.0,-0.0,0.0,0.0,0.0,24.1953125,0.0,0.0,0.0,27.44921875,0.0,0.0,0.0,27.06640625,0.0,0.0,0.0,23.8125,0.0,0.0,26.4921875,0.0,5.8064422607421875
6.178,-0.015748031496062992,0.0,0.0,0.0,0.0,-0.0,-0.0,0.0,0.0,0.0,23.62109375,0.0,0.0,0.0,26.875,0.0,0.0,0.0,26.875,0.0,0.0,0.0,24.1953125,0.0,0.0,24.9609375,0.0,5.8064422607421875
6.344,-0.015748031496062992,0.0,0.0,0.0,0.0,-0.0,-0.0,0.0,0.0,0.0,23.62109375,0.0,0.0,0.0,26.875,0.0,0.0,0.0,26.68359375,0.0,0.0,0.0,23.4296875,0.0,0.0,26.30078125,0.0,5.8064422607421875
6.506,-0.015748031496062992,0.0,0.0,0.0,0.0,-0.0,-0.0,0.0,0.0,0.0,23.4296875,0.0,0.0,0.0,26.875,0.0,0.0,0.0,26.4921875,0.0,0.0,0.0,24.1953125,0.0,0.0,25.7265625,0.0,5.8064422607421875
6.667,-0.015748031496062992,0.0,0.0,0.0,0.0,-0.0,-0.0,0.0,0.0,0.0,23.8125,0.0,0.0,0.0,26.4921875,0.0,0.0,0.0,26.30078125,0.0,0.0,0.0,24.578125,0.0,0.0,26.4921875,0.0,5.8064422607421875
6.836,-0.015748031496062992,0.0,0.0,0.0,0.0,-0.0,-0.0,0.0,0.0,0.0,23.8125,0.0,0.0,0.0,26.4921875,0.0,0.0,0.0,26.875,0.0,0.0,0.0,24.00390625,0.0,0.0,26.4921875,0.0,5.8064422607421875
6.999,-0.015748031496062992,0.0,0.0,0.0,0.0,-0.0,-0.0,0.0,0.0,0.0,24.00390625,0.0,0.0,0.0,27.2578125,0.0,0.0,0.0,26.4921875,0.0,0.0,0.0,24.00390625,0.0,0.0,26.109375,0.0,5.796661376953125
7.156,-0.015748031496062992,0.0,0.0,0.0,0.0,-0.0,-0.0,0.0,0.0,0.0,23.62109375,0.0,0.0,0.0,26.68359375,0.0,0.0,0.0,26.68359375,0.0,0.0,0.0,24.578125,0.0,0.0,26.68359375,0.0,5.8064422607421875
7.319,-0.015748031496062992,0.0,0.0,0.0,0.0,-0.0,-0.0,0.0,0.0,0.0,23.4296875,0.0,0.0,0.0,27.06640625,0.0,0.0,0.0,26.4921875,0.0,0.0,0.0,24.1953125,0.0,0.0,26.4921875,0.0,5.796661376953125
7.479,-0.015748031496062992,0.0,0.0,0.0,0.0,-0.0,-0.0,0.0,0.0,0.0,24.38671875,0.0,0.0,0.0,26.68359375,0.0,0.0,0.0,26.30078125,0.0,0.0,0.0,23.8125,0.0,0.0,25.34375,0.0,5.796661376953125
7.648,-0.015748031496062992,0.0,0.0,0.0,0.0,-0.0,-0.0,0.0,0.0,0.0,24.38671875,0.0,0.0,0.0,26.875,0.0,0.0,0.0,26.4921875,0.0,0.0,0.0,24.38671875,0.0,0.0,26.68359375,0.0,5.81622314453125
7.819,-0.015748031496062992,0.0,0.0,0.0,0.0,-0.0,-0.0,0.0,0.0,0.0,23.8125,0.0,0.0,0.0,26.4921875,0.0,0.0,0.0,26.4921875,0.0,0.0,0.0,23.8125,0.0,0.0,27.06640625,0.0,5.8064422607421875
7.987,-0.015748031496062992,0.0,0.0,0.0,0.0,-0.0,-0.0,0.0,0.0,0.0,24.1953125,0.0,0.0,0.0,27.06640625,0.0,0.0,0.0,26.4921875,0.0,0.0,0.0,24.38671875,0.0,0.0,26.4921875,0.0,5.8064422607421875
8.148,-0.031496062992125984,0.0,0.0,0.0,0.0,-0.0,-0.0,0.0,0.0,0.0,23.8125,0.0,0.0,0.0,26.68359375,0.0,0.0,0.0,26.875,0.0,0.0,0.0,24.578125,0.0,0.0,26.4921875,0.0,5.8064422607421875
8.311,-0.031496062992125984,0.0,0.0,0.0,0.0,-0.0,-0.0,0.0,0.0,0.0,24.578125,0.0,0.0,0.0,26.875,0.0,0.0,0.0,26.68359375,0.0,0.0,0.0,24.76953125,0.0,0.0,26.4921875,0.0,5.8064422607421875
8.48,-0.031496062992125984,0.0,0.0,0.0,0.0,-0.0,-0.0,0.0,0.0,0.0,24.00390625,0.0,0.0,0.0,27.44921875,0.0,0.0,0.0,26.4921875,0.0,0.0,0.0,24.578125,0.0,0.0,27.2578125,0.0,5.8064422607421875
8.638,-0.031496062992125984,0.0,0.0,0.0,0.0,-0.0,-0.0,0.0,0.0,0.0,23.8125,0.0,0.0,0.0,26.875,0.0,0.0,0.0,26.30078125,0.0,0.0,0.0,24.38671875,0.0,0.0,27.44921875,0.0,5.8064422607421875
8.798,-0.031496062992125984,0.0,0.0,0.0,0.0,-0.0,-0.0,0.0,0.0,0.0,24.1953125,0.0,0.0,0.0,26.875,0.0,0.0,0.0,27.06640625,0.0,0.0,0.0,24.578125,0.0,0.0,26.875,0.0,5.8064422607421875
8.956,-0.031496062992125984,0.0,0.0,0.0,0.0,-0.0,-0.0,0.0,0.0,0.0,23.046875,0.0,0.0,0.0,27.2578125,0.0,0.0,0.0,26.30078125,0.0,0.0,0.0,23.8125,0.0,0.0,26.875,0.0,5.786895751953125
9.119,-0.031496062992125984,0.0,0.0,0.0,0.0,-0.0,-0.0,0.0,0.0,0.0,24.76953125,0.0,0.0,0.0,26.875,0.0,0.0,0.0,26.875,0.0,0.0,0.0,24.00390625,0.0,0.0,26.4921875,0.0,5.8064422607421875
9.276,-0.031496062992125984,0.0,0.0,0.0,0.0,-0.0,-0.0,0.0,0.0,0.0,23.4296875,0.0,0.0,0.0,26.875,0.0,0.0,0.0,26.30078125,0.0,0.0,0.0,24.1953125,0.0,0.0,26.4921875,0.0,5.8064422607421875
9.431,-0.031496062992125984,0.0,0.0,0.0,0.0,-0.0,-0.0,0.0,0.0,0.0,23.8125,0.0,0.0,0.0,27.2578125,0.0,0.0,0.0,26.68359375,0.0,0.0,0.0,24.00390625,0.0,0.0,25.91796875,0.0,5.8064422607421875
9.598,-0.031496062992125984,0.0,0.0,0.0,0.0,-0.0,-0.0,0.0,0.0,0.0,24.1953125,0.0,0.0,0.0,26.68359375,0.0,0.0,0.0,26.68359375,0.0,0.0,0.0,24.578125,0.0,0.0,26.30078125,0.0,5.8064422607421875
9.759,-0.031496062992125984,0.0,0.0,0.0,0.0,-0.0,-0.0,0.0,0.0,0.0,23.62109375,0.0,0.0,0.0,27.2578125,0.0,0.0,0.0,26.68359375,0.0,0.0,0.0,24.76953125,0.0,0.0,26.30078125,0.0,5.796661376953125
9.927,-0.031496062992125984,0.0,0.0,0.0,0.0,-0.0,-0.0,0.0,0.0,0.0,24.1953125,0.0,0.0,0.0,27.06640625,0.0,0.0,0.0,26.875,0.0,0.0,0.0,24.1953125,0.0,0.0,27.06640625,0.0,5.8064422607421875
10.086,-0.031496062992125984,0.0,0.0,0.0,0.0,-0.0,-0.0,0.0,0.0,0.0,24.1953125,0.0,0.0,0.0,26.875,0.0,0.0,0.0,26.4921875,0.0,0.0,0.0,24.00390625,0.0,0.0,26.4921875,0.0,5.8064422607421875
10.25,-0.031496062992125984,0.0,0.0,0.0,0.0,-0.0,-0.0,0.0,0.0,0.0,24.1953125,0.0,0.0,0.0,26.4921875,0.0,0.0,0.0,26.4921875,0.0,0.0,0.0,23.4296875,0.0,0.0,27.06640625,0.0,5.8064422607421875
10.417,-0.031496062992125984,0.0,0.0,0.0,0.0,-0.0,-0.0,0.0,0.0,0.0,23.8125,0.0,0.0,0.0,26.68359375,0.0,0.0,0.0,26.4921875,0.0,0.0,0.0,24.38671875,0.0,0.0,26.875,0.0,5.8064422607421875
10.58,-0.031496062992125984,0.0,-0.0078125,0.0,0.0,-0.0,-0.0,0.0,0.0,0.0,22.6640625,0.0,0.0,0.0,27.44921875,0.0,0.0,0.0,26.4921875,0.0,0.0,0.0,24.1953125,0.0,0.0,25.7265625,0.0,5.796661376953125
10.744,-0.031496062992125984,0.0,-0.0078125,0.0,0.0,-0.0,-0.0,0.0,0.0,0.0,24.76953125,0.0,0.0,0.0,27.44921875,0.0,0.0,0.0,26.875,0.0,0.0,0.0,24.00390625,0.0,0.0,27.06640625,0.0,5.8064422607421875
10.906,-0.031496062992125984,0.0,-0.0078125,0.0,0.0,-0.0,-0.0,0.0,0.0,0.0,23.046875,0.0,0.0,0.0,26.30078125,0.0,0.0,0.0,26.4921875,0.0,0.0,0.0,25.34375,0.0,0.0,25.7265625,0.0,5.8064422607421875
11.066,-0.031496062992125984,0.0,-0.0078125,0.0,0.0,-0.0,-0.0,0.0,0.0,0.0,24.00390625,0.0,0.0,0.0,26.4921875,0.0,0.0,0.0,26.68359375,0.0,0.0,0.0,24.1953125,0.0,0.0,26.68359375,0.0,5.8064422607421875
11.219,-0.031496062992125984,0.0,-0.0078125,0.0,0.0,-0.0,-0.0,0.0,0.0,0.0,23.62109375,0.0,0.0,0.0,27.06640625,0.0,0.0,0.0,27.06640625,0.0,0.0,0.0,24.38671875,0.0,0.0,26.4921875,0.0,5.8064422607421875
11.378,-0.031496062992125984,0.0,-0.0078125,0.0,0.0,-0.0,-0.0,0.0,0.0,0.0,23.62109375,0.0,0.0,0.0,26.68359375,0.0,0.0,0.0,26.875,0.0,0.0,0.0,24.76953125,0.0,0.0,25.53515625,0.0,5.8064422607421875
11.538,-0.031496062992125984,0.0,-0.0078125,0.0,0.0,-0.0,-0.0,0.0,0.0,0.0,22.6640625,0.0,0.0,0.0,27.44921875,0.0,0.0,0.0,26.4921875,0.0,0.0,0.0,24.76953125,0.0,0.0,26.68359375,0.0,5.8064422607421875
11.705,-0.031496062992125984,0.0,-0.0078125,0.0,0.0,-0.0,-0.0,0.0,0.0,0.0,24.1953125,0.0,0.0,0.0,26.4921875,0.0,0.0,0.0,26.68359375,0.0,0.0,0.0,24.00390625,0.0,0.0,26.875,0.0,5.8064422607421875
11.879,-0.031496062992125984,0.0,-0.0078125,0.0,0.0,-0.0,-0.0,0.0,0.0,0.0,23.4296875,0.0,0.0,0.0,27.640625,0.0,0.0,0.0,26.30078125,0.0,0.0,0.0,24.00390625,0.0,0.0,26.68359375,0.0,5.8064422607421875
12.036,-0.031496062992125984,0.0,-0.0078125,0.0,0.0,-0.0,-0.0,0.0,0.0,0.0,23.4296875,0.0,0.0,0.0,26.68359375,0.0,0.0,0.0,26.30078125,0.0,0.0,0.0,24.578125,0.0,0.0,26.109375,0.0,5.8064422607421875
12.198,-0.031496062992125984,0.0,-0.0078125,0.0,0.0,-0.0,-0.0,0.0,0.0,0.0,24.38671875,0.0,0.0,0.0,27.06640625,0.0,0.0,0.0,26.30078125,0.0,0.0,0.0,24.1953125,0.0,0.0,26.4921875,0.0,5.8064422607421875
12.36,-0.031496062992125984,0.0,-0.0078125,0.0,0.0,-0.0,-0.0,0.0,0.0,0.0,23.62109375,0.0,0.0,0.0,26.68359375,0.0,0.0,0.0,26.68359375,0.0,0.0,0.0,24.9609375,0.0,0.0,26.4921875,0.0,5.796661376953125
12.52,-0.031496062992125984,0.0,-0.0078125,0.0,0.0,-0.0,-0.0,0.0,0.0,0.0,23.8125,0.0,0.0,0.0,26.68359375,0.0,0.0,0.0,26.4921875,0.0,0.0,0.0,24.38671875,0.0,0.0,26.4921875,0.0,5.8064422607421875
12.679,-0.031496062992125984,0.0,-0.0078125,0.0,0.0,-0.0,-0.0,0.0,0.0,0.0,24.00390625,0.0,0.0,0.0,26.875,0.0,0.0,0.0,26.68359375,0.0,0.0,0.0,24.1953125,0.0,0.0,26.4921875,0.0,5.8064422607421875
12.839,-0.031496062992125984,0.0,-0.0078125,0.0,0.0,-0.0,-0.0,0.0,0.0,0.0,24.38671875,0.0,0.0,0.0,26.68359375,0.0,0.0,0.0,26.875,0.0,0.0,0.0,24.578125,0.0,0.0,27.83203125,0.0,5.8064422607421875
13.0,-0.031496062992125984,0.0,-0.0078125,0.0,0.0,-0.0,-0.0,0.0,0.0,0.0,23.4296875,0.0,0.0,0.0,27.2578125,0.0,0.0,0.0,26.68359375,0.0,0.0,0.0,23.62109375,0.0,0.0,26.875,0.0,5.8064422607421875
13.157,-0.031496062992125984,0.0,-0.0078125,0.0,0.0,-0.0,-0.0,0.0,0.0,0.0,23.4296875,0.0,0.0,0.0,27.06640625,0.0,0.0,0.0,26.4921875,0.0,0.0,0.0,24.38671875,0.0,0.0,26.30078125,0.0,5.8064422607421875
13.317,-0.031496062992125984,0.0,-0.0078125,0.0,0.0,-0.0,-0.0,0.0,0.0,0.0,23.4296875,0.0,0.0,0.0,27.2578125,0.0,0.0,0.0,26.30078125,0.0,0.0,0.0,24.1953125,0.0,0.0,26.875,0.0,5.8064422607421875
13.478,-0.031496062992125984,0.0,-0.0078125,0.0,0.0,-0.0,-0.0,0.0,0.0,0.0,23.8125,0.0,0.0,0.0,27.2578125,0.0,0.0,0.0,26.68359375,0.0,0.0,0.0,24.578125,0.0,0.0,26.109375,0.0,5.8064422607421875
13.717,-0.031496062992125984,0.0,-0.0078125,0.0,0.0,-0.0,-0.0,0.0,0.0,0.0,24.38671875,0.0,0.0,0.0,27.06640625,0.0,0.0,0.0,26.68359375,0.0,0.0,0.0,24.1953125,0.0,0.0,26.68359375,0.0,5.796661376953125
13.879,-0.031496062992125984,0.0,-0.0078125,0.0,0.0,-0.0,-0.0,0.0,0.0,0.0,23.62109375,0.0,0.0,0.0,27.06640625,0.0,0.0,0.0,26.30078125,0.0,0.0,0.0,24.00390625,0.0,0.0,26.4921875,0.0,5.8064422607421875
14.046,-0.031496062992125984,0.0,-0.0078125,0.0,0.0,-0.0,-0.0,0.0,0.0,0.0,24.38671875,0.0,0.0,0.0,27.2578125,0.0,0.0,0.0,26.875,0.0,0.0,0.0,24.1953125,0.0,0.0,27.640625,0.0,5.796661376953125
14.207,-0.031496062992125984,0.0,-0.0078125,0.0,0.0,-0.0,-0.0,0.0,0.0,0.0,24.00390625,0.0,0.0,0.0,27.44921875,0.0,0.0,0.0,26.68359375,0.0,0.0,0.0,24.00390625,0.0,0.0,26.4921875,0.0,5.796661376953125
14.36,-0.031496062992125984,0.0,-0.0078125,0.0,0.0,-0.0,-0.0,0.0,0.0,0.0,24.1953125,0.0,0.0,0.0,26.875,0.0,0.0,0.0,26.4921875,0.0,0.0,0.0,24.578125,0.0,0.0,26.30078125,0.0,5.8064422607421875
14.518,-0.031496062992125984,0.0,-0.0078125,0.0,0.0,-0.0,-0.0,0.0,0.0,0.0,23.62109375,0.0,0.0,0.0,26.875,0.0,0.0,0.0,26.4921875,0.0,0.0,0.0,24.9609375,0.0,0.0,26.109375,0.0,5.8064422607421875
14.678,-0.031496062992125984,0.0,-0.0078125,0.0,0.0,-0.0,-0.0,0.0,0.0,0.0,24.1953125,0.0,0.0,0.0,26.875,0.0,0.0,0.0,26.68359375,0.0,0.0,0.0,24.578125,0.0,0.0,26.4921875,0.0,5.8064422607421875
14.838,-0.031496062992125984,0.0,-0.0078125,0.0,0.0,-0.0,-0.0,0.0,0.0,0.0,24.00390625,0.0,0.0,0.0,27.06640625,0.0,0.0,0.0,26.30078125,0.0,0.0,0.0,24.1953125,0.0,0.0,26.68359375,0.0,5.8064422607421875
15.007,-0.031496062992125984,0.0,-0.0078125,0.0,0.0,-0.0,-0.0,0.0,0.0,0.0,23.046875,0.0,0.0,0.0,26.4921875,0.0,0.0,0.0,26.4921875,0.0,0.0,0.0,23.8125,0.0,0.0,25.53515625,0.0,5.8064422607421875
15.177,-0.031496062992125984,0.0,-0.0078125,0.0,0.0,-0.0,-0.0,0.0,0.0,0.0,23.4296875,0.0,0.0,0.0,27.06640625,0.0,0.0,0.0,26.30078125,0.0,0.0,0.0,24.00390625,0.0,0.0,26.4921875,0.0,5.796661376953125
15.338,-0.031496062992125984,0.0,-0.0078125,0.0,0.0,-0.0,-0.0,0.0,0.0,0.0,23.8125,0.0,0.0,0.0,26.4921875,0.0,0.0,0.0,26.30078125,0.0,0.0,0.0,24.578125,0.0,0.0,26.4921875,0.0,5.796661376953125
15.51,-0.031496062992125984,0.0,-0.0078125,0.0,0.0,-0.0,-0.0,0.0,0.0,0.0,24.00390625,0.0,0.0,0.0,27.2578125,0.0,0.0,0.0,27.44921875,0.0,0.0,0.0,24.578125,0.0,0.0,27.2578125,0.0,5.8064422607421875
15.687,-0.031496062992125984,0.0,-0.0078125,0.0,0.0,-0.0,-0.0,0.0,0.0,0.0,23.23828125,0.0,0.0,0.0,26.875,0.0,0.0,0.0,26.4921875,0.0,0.0,0.0,24.38671875,0.0,0.0,26.68359375,0.0,5.8064422607421875
15.859,-0.031496062992125984,0.0,-0.0078125,0.0,0.0,-0.0,-0.0,0.0,0.0,0.0,23.8125,0.0,0.0,0.0,27.44921875,0.0,0.0,0.0,26.68359375,0.0,0.0,0.0,24.1953125,0.0,0.0,26.4921875,0.0,5.8064422607421875
16.02,-0.031496062992125984,0.0,-0.0078125,0.0,0.0,-0.0,-0.0,0.0,0.0,0.0,24.00390625,0.0,0.0,0.0,26.68359375,0.0,0.0,0.0,26.875,0.0,0.0,0.0,24.38671875,0.0,0.0,27.44921875,0.0,5.796661376953125
16.179,-0.031496062992125984,0.0,-0.0078125,0.0,0.0,-0.0,-0.0,0.0,0.0,0.0,23.23828125,0.0,0.0,0.0,26.4921875,0.0,0.0,0.0,26.4921875,0.0,0.0,0.0,24.578125,0.0,0.0,27.2578125,0.0,5.8064422607421875
16.339,-0.031496062992125984,0.0,-0.0078125,0.0,0.0,-0.0,-0.0,0.0,0.0,0.0,24.00390625,0.0,0.0,0.0,26.4921875,0.0,0.0,0.0,26.68359375,0.0,0.0,0.0,23.8125,0.0,0.0,26.68359375,0.0,5.796661376953125
16.504,-0.031496062992125984,0.0,-0.0078125,0.0,0.0,-0.0,-0.0,0.0,0.0,0.0,23.8125,0.0,0.0,0.0,27.06640625,0.0,0.0,0.0,26.4921875,0.0,0.0,0.0,24.38671875,0.0,0.0,26.68359375,0.0,5.8064422607421875
16.665,-0.031496062992125984,0.0,-0.0078125,0.0,0.0,-0.0,-0.0,0.0,0.0,0.0,24.1953125,0.0,0.0,0.0,27.44921875,0.0,0.0,0.0,26.68359375,0.0,0.0,0.0,24.38671875,0.0,0.0,26.875,0.0,5.796661376953125
16.866,-0.031496062992125984,0.0,-0.0078125,0.0,0.0,-0.0,-0.0,0.0,0.0,0.0,24.00390625,0.0,0.0,0.0,27.06640625,0.0,0.0,0.0,26.4921875,0.0,0.0,0.0,23.8125,0.0,0.0,26.30078125,0.0,5.8064422607421875
17.026,-0.031496062992125984,0.0,-0.0078125,0.0,0.0,-0.0,-0.0,0.0,0.0,0.0,24.38671875,0.0,0.0,0.0,27.06640625,0.0,0.0,0.0,26.4921875,0.0,0.0,0.0,23.62109375,0.0,0.0,26.875,0.0,5.8064422607421875
