Timestamp,Driver_Joy_Y,Driver_Joy_X,Driver_Joy_W,Mecanum_FL,Mecanum_BL,Mecanum_BR,Mecanum_FR,FL_Jag_Speed,FL_Out_Voltage,FL_Out_Current,FL_Temp,BL_Jag_Speed,BL_Out_Voltage,BL_Out_Current,BL_Temp,BR_Jag_Speed,BR_Out_Voltage,BR_Out_Current,BR_Temp,FR_Jag_Speed,FR_Out_Voltage,FR_Out_Current,FR_Temp,Pickup_Out_Voltage,Pickup_Out_Current,Pickup_Temp,SH1_Out_Voltage,SH1_Out_Current,SH1_Temp,SH2_Out_Voltage,SH2_Out_Current,SH2_Temp,SHmain_Speed,SHmain_Angle
0.0060,-0.0,0.0,0.0,0.0,0.0,-0.0,-0.0,0.0,0.0,0.0,21.8984375,0.0,0.0,0.0,24.1953125,0.0,0.0,0.0,24.578125,0.0,0.0,0.0,22.28125,0.0,0.0,23.62109375,0.0,5.6109466552734375
0.177,-0.0,0.0,0.0,0.0,0.0,-0.0,-0.0,0.0,0.0,0.0,21.70703125,0.0,0.0,0.0,24.00390625,0.0,0.0,0.0,24.38671875,0.0,0.0,0.0,22.28125,0.0,0.0,24.578125,0.0,5.6109466552734375
0.358,-0.0,0.0,0.0,0.0,0.0,-0.0,-0.0,0.0,0.0,0.0,22.28125,0.0,0.0,0.0,24.76953125,0.0,0.0,0.0,24.578125,0.0,0.0,0.0,22.6640625,0.0,0.0,24.9609375,0.0,5.6109466552734375
0.526,-0.0,0.0,0.0,0.0,0.0,-0.0,-0.0,0.0,0.0,0.0,22.47265625,0.0,0.0,0.0,24.38671875,0.0,0.0,0.0,24.9609375,0.0,0.0,0.0,22.08984375,0.0,0.0,24.38671875,0.0,5.6109466552734375
0.681,-0.0,0.0,0.0,0.0,0.0,-0.0,-0.0,0.0,0.0,0.0,21.70703125,0.0,0.0,0.0,24.76953125,0.0,0.0,0.0,24.1953125,0.0,0.0,0.0,22.28125,0.0,0.0,24.76953125,0.0,5.6109466552734375
0.849,-0.0,0.0,0.0,0.0,0.0,-0.0,-0.0,0.0,0.0,0.0,22.08984375,0.0,0.0,0.0,24.38671875,0.0,0.0,0.0,24.38671875,0.0,0.0,0.0,22.28125,0.0,0.0,24.578125,0.0,5.6109466552734375
1.018,-0.0,0.0,0.0,0.0,0.0,-0.0,-0.0,0.0,0.0,0.0,21.70703125,0.0,0.0,0.0,24.578125,0.0,0.0,0.0,23.8125,0.0,0.0,0.0,22.85546875,0.0,0.0,24.578125,0.0,5.6207122802734375
1.179,-0.0,0.0,0.0,0.0,0.0,-0.0,-0.0,0.0,0.0,0.0,22.08984375,0.0,0.0,0.0,24.38671875,0.0,0.0,0.0,24.38671875,0.0,0.0,0.0,22.47265625,0.0,0.0,24.9609375,0.0,5.601165771484375
1.339,-0.0,0.0,0.0,0.0,0.0,-0.0,-0.0,0.0,0.0,0.0,21.8984375,0.0,0.0,0.0,24.1953125,0.0,0.0,0.0,24.00390625,0.0,0.0,0.0,22.47265625,0.0,0.0,24.1953125,0.0,5.6109466552734375
1.498,-0.0,0.0,0.0,0.0,0.0,-0.0,-0.0,0.0,0.0,0.0,22.28125,0.0,0.0,0.0,24.9609375,0.0,0.0,0.0,24.38671875,0.0,0.0,0.0,22.28125,0.0,0.0,24.76953125,0.0,5.6109466552734375
1.661,-0.0,0.0,0.0,0.0,0.0,-0.0,-0.0,0.0,0.0,0.0,22.28125,0.0,0.0,0.0,25.53515625,0.0,0.0,0.0,24.76953125,0.0,0.0,0.0,22.28125,0.0,0.0,24.578125,0.0,5.6109466552734375
1.837,-0.0,0.0,0.0,0.0,0.0,-0.0,-0.0,0.0,0.0,0.0,21.8984375,0.0,0.0,0.0,24.76953125,0.0,0.0,0.0,24.1953125,0.0,0.0,0.0,22.6640625,0.0,0.0,24.38671875,0.0,5.6207122802734375
2.017,-0.0,0.0,0.0,0.0,0.0,-0.0,-0.0,0.0,0.0,0.0,21.8984375,0.0,0.0,0.0,23.046875,0.0,0.0,0.0,24.38671875,0.0,0.0,0.0,22.6640625,0.0,0.0,25.15234375,0.0,5.6109466552734375
2.178,-0.0,0.0,0.0,0.0,0.0,-0.0,-0.0,0.0,0.0,0.0,21.8984375,0.0,0.0,0.0,24.00390625,0.0,0.0,0.0,24.38671875,0.0,0.0,0.0,22.28125,0.0,0.0,24.76953125,0.0,5.6109466552734375
2.338,-0.0,0.0,0.0,0.0,0.0,-0.0,-0.0,0.0,0.0,0.0,22.28125,0.0,0.0,0.0,24.76953125,0.0,0.0,0.0,24.00390625,0.0,0.0,0.0,22.47265625,0.0,0.0,24.00390625,0.0,5.6109466552734375
2.507,-0.0,0.0,0.0,0.0,0.0,-0.0,-0.0,0.0,0.0,0.0,21.70703125,0.0,0.0,0.0,24.9609375,0.0,0.0,0.0,24.578125,0.0,0.0,0.0,22.08984375,0.0,0.0,25.91796875,0.0,5.6109466552734375
2.678,-0.0,0.0,0.0,0.0,0.0,-0.0,-0.0,0.0,0.0,0.0,21.515625,0.0,0.0,0.0,23.046875,0.0,0.0,0.0,24.578125,0.0,0.0,0.0,22.28125,0.0,0.0,24.1953125,0.0,5.6109466552734375
2.839,-0.0,0.0,0.0,0.0,0.0,-0.0,-0.0,0.0,0.0,0.0,22.08984375,0.0,0.0,0.0,24.578125,0.0,0.0,0.0,24.00390625,0.0,0.0,0.0,22.6640625,0.0,0.0,24.76953125,0.0,5.6109466552734375
2.999,-0.0,0.0,0.0,0.0,0.0,-0.0,-0.0,0.0,0.0,0.0,22.08984375,0.0,0.0,0.0,25.34375,0.0,0.0,0.0,24.38671875,0.0,0.0,0.0,21.8984375,0.0,0.0,24.76953125,0.0,5.6109466552734375
3.159,-0.0,0.0,0.0,0.0,0.0,-0.0,-0.0,0.0,0.0,0.0,22.28125,0.0,0.0,0.0,23.4296875,0.0,0.0,0.0,24.00390625,0.0,0.0,0.0,22.6640625,0.0,0.0,24.1953125,0.0,5.601165771484375
3.336,-0.0,0.0,0.0,0.0,0.0,-0.0,-0.0,0.0,0.0,0.0,22.08984375,0.0,0.0,0.0,24.578125,0.0,0.0,0.0,24.578125,0.0,0.0,0.0,23.046875,0.0,0.0,25.7265625,0.0,5.6109466552734375
3.503,-0.0,0.0,0.0,0.0,0.0,-0.0,-0.0,0.0,0.0,0.0,21.515625,0.0,0.0,0.0,25.34375,0.0,0.0,0.0,24.578125,0.0,0.0,0.0,22.6640625,0.0,0.0,23.8125,0.0,5.6109466552734375
3.677,-0.0,0.0,0.0,0.0,0.0,-0.0,-0.0,0.0,0.0,0.0,22.08984375,0.0,0.0,0.0,24.578125,0.0,0.0,0.0,24.578125,0.0,0.0,0.0,22.85546875,0.0,0.0,24.38671875,0.0,5.6109466552734375
3.857,-0.0,0.0,0.0,0.0,0.0,-0.0,-0.0,0.0,0.0,0.0,22.28125,0.0,0.0,0.0,24.578125,0.0,0.0,0.0,24.00390625,0.0,0.0,0.0,22.85546875,0.0,0.0,24.1953125,0.0,5.6109466552734375
4.019,-0.0,0.0,0.0,0.0,0.0,-0.0,-0.0,0.0,0.0,0.0,21.70703125,0.0,0.0,0.0,24.9609375,0.0,0.0,0.0,24.38671875,0.0,0.0,0.0,22.47265625,0.0,0.0,25.53515625,0.0,5.6109466552734375
4.18,-0.0,0.0,0.0,0.0,0.0,-0.0,-0.0,0.0,0.0,0.0,21.70703125,0.0,0.0,0.0,24.1953125,0.0,0.0,0.0,24.1953125,0.0,0.0,0.0,22.28125,0.0,0.0,24.1953125,0.0,5.6109466552734375
4.346,-0.0,0.0,0.0,0.0,0.0,-0.0,-0.0,0.0,0.0,0.0,22.08984375,0.0,0.0,0.0,24.38671875,0.0,0.0,0.0,24.9609375,0.0,0.0,0.0,22.47265625,0.0,0.0,25.34375,0.0,5.6109466552734375
4.508,-0.0,0.0,0.0,0.0,0.0,-0.0,-0.0,0.0,0.0,0.0,22.47265625,0.0,0.0,0.0,24.76953125,0.0,0.0,0.0,24.38671875,0.0,0.0,0.0,22.47265625,0.0,0.0,24.1953125,0.0,5.6109466552734375
4.676,-0.0,0.0,0.0,0.0,0.0,-0.0,-0.0,0.0,0.0,0.0,23.046875,0.0,0.0,0.0,24.38671875,0.0,0.0,0.0,24.1953125,0.0,0.0,0.0,22.47265625,0.0,0.0,24.1953125,0.0,5.6109466552734375
4.846,-0.0,0.0,0.0,0.0,0.0,-0.0,-0.0,0.0,0.0,0.0,22.47265625,0.0,0.0,0.0,24.76953125,0.0,0.0,0.0,24.38671875,0.0,0.0,0.0,22.08984375,0.0,0.0,24.9609375,0.0,5.6109466552734375
5.016,-0.0,0.0,0.0,0.0,0.0,-0.0,-0.0,0.0,0.0,0.0,22.47265625,0.0,0.0,0.0,24.1953125,0.0,0.0,0.0,24.1953125,0.0,0.0,0.0,21.8984375,0.0,0.0,23.62109375,0.0,5.6109466552734375
5.177,-0.0,0.0,0.0,0.0,0.0,-0.0,-0.0,0.0,0.0,0.0,22.28125,0.0,0.0,0.0,24.578125,0.0,0.0,0.0,24.00390625,0.0,0.0,0.0,23.046875,0.0,0.0,23.8125,0.0,5.6207122802734375
5.339,-0.0,0.0,0.0,0.0,0.0,-0.0,-0.0,0.0,0.0,0.0,21.8984375,0.0,0.0,0.0,24.578125,0.0,0.0,0.0,24.1953125,0.0,0.0,0.0,23.046875,0.0,0.0,24.38671875,0.0,5.6109466552734375
5.499,-0.0,0.0,0.0,0.0,0.0,-0.0,-0.0,0.0,0.0,0.0,23.046875,0.0,0.0,0.0,25.53515625,0.0,0.0,0.0,24.00390625,0.0,0.0,0.0,23.23828125,0.0,0.0,24.578125,0.0,5.6207122802734375
5.659,-0.0,0.0,0.0,0.0,0.0,-0.0,-0.0,0.0,0.0,0.0,22.85546875,0.0,0.0,0.0,24.76953125,0.0,0.0,0.0,24.38671875,0.0,0.0,0.0,22.47265625,0.0,0.0,24.38671875,0.0,5.6207122802734375
5.826,-0.0,0.0,0.0,0.0,0.0,-0.0,-0.0,0.0,0.0,0.0,23.046875,0.0,0.0,0.0,24.76953125,0.0,0.0,0.0,23.8125,0.0,0.0,0.0,22.85546875,0.0,0.0,24.38671875,0.0,5.6109466552734375
5.985,-0.0,0.0,0.0,0.0,0.0,-0.0,-0.0,0.0,0.0,0.0,22.08984375,0.0,0.0,0.0,24.578125,0.0,0.0,0.0,24.1953125,0.0,0.0,0.0,22.08984375,0.0,0.0,24.578125,0.0,5.6109466552734375
6.146,-0.0,0.0,0.0,0.0,0.0,-0.0,-0.0,0.0,0.0,0.0,22.28125,0.0,0.0,0.0,24.1953125,0.0,0.0,0.0,24.00390625,0.0,0.0,0.0,22.08984375,0.0,0.0,25.53515625,0.0,5.6109466552734375
6.321,-0.0,0.0,0.0,0.0,0.0,-0.0,-0.0,0.0,0.0,0.0,21.8984375,0.0,0.0,0.0,25.15234375,0.0,0.0,0.0,24.76953125,0.0,0.0,0.0,22.28125,0.0,0.0,24.38671875,0.0,5.6109466552734375
6.479,-0.0,0.0,0.0,0.0,0.0,-0.0,-0.0,0.0,0.0,0.0,22.28125,0.0,0.0,0.0,24.76953125,0.0,0.0,0.0,24.1953125,0.0,0.0,0.0,22.6640625,0.0,0.0,24.38671875,0.0,5.6109466552734375
6.647,-0.0,0.0,0.0,0.0,0.0,-0.0,-0.0,0.0,0.0,0.0,21.8984375,0.0,0.0,0.0,24.76953125,0.0,0.0,0.0,24.1953125,0.0,0.0,0.0,22.6640625,0.0,0.0,24.1953125,0.0,5.6207122802734375
6.816,-0.0,0.0,0.0,0.0,0.0,-0.0,-0.0,0.0,0.0,0.0,22.47265625,0.0,0.0,0.0,23.62109375,0.0,0.0,0.0,24.38671875,0.0,0.0,0.0,22.28125,0.0,0.0,24.00390625,0.0,5.6207122802734375
6.979,-0.0,0.0,0.0,0.0,0.0,-0.0,-0.0,0.0,0.0,0.0,21.70703125,0.0,0.0,0.0,24.9609375,0.0,0.0,0.0,24.38671875,0.0,0.0,0.0,22.28125,0.0,0.0,24.38671875,0.0,5.6109466552734375
7.138,-0.0,0.0,0.0,0.0,0.0,-0.0,-0.0,0.0,0.0,0.0,22.08984375,0.0,0.0,0.0,25.34375,0.0,0.0,0.0,24.38671875,0.0,0.0,0.0,22.47265625,0.0,0.0,24.578125,0.0,5.6109466552734375
7.307,-0.0,0.0,0.0,0.0,0.0,-0.0,-0.0,0.0,0.0,0.0,21.8984375,0.0,0.0,0.0,24.578125,0.0,0.0,0.0,24.578125,0.0,0.0,0.0,21.8984375,0.0,0.0,23.23828125,0.0,5.601165771484375
7.467,-0.0,0.0,0.0,0.0,0.0,-0.0,-0.0,0.0,0.0,0.0,22.6640625,0.0,0.0,0.0,24.38671875,0.0,0.0,0.0,24.578125,0.0,0.0,0.0,22.6640625,0.0,0.0,25.34375,0.0,5.6109466552734375
7.627,-0.0,0.0,0.0,0.0,0.0,-0.0,-0.0,0.0,0.0,0.0,22.47265625,0.0,0.0,0.0,24.578125,0.0,0.0,0.0,24.38671875,0.0,0.0,0.0,22.28125,0.0,0.0,23.23828125,0.0,5.6109466552734375
7.801,-0.0,0.0,0.0,0.0,0.0,-0.0,-0.0,0.0,0.0,0.0,22.47265625,0.0,0.0,0.0,25.15234375,0.0,0.0,0.0,24.578125,0.0,0.0,0.0,22.28125,0.0,0.0,24.9609375,0.0,5.6109466552734375
7.967,-0.0,0.0,0.0,0.0,0.0,-0.0,-0.0,0.0,0.0,0.0,22.85546875,0.0,0.0,0.0,24.38671875,0.0,0.0,0.0,24.578125,0.0,0.0,0.0,22.6640625,0.0,0.0,24.38671875,0.0,5.6109466552734375
8.127,-0.0,0.0,0.0,0.0,0.0,-0.0,-0.0,0.0,0.0,0.0,22.6640625,0.0,0.0,0.0,24.578125,0.0,0.0,0.0,24.1953125,0.0,0.0,0.0,23.046875,0.0,0.0,24.38671875,0.0,5.6207122802734375
8.298,-0.0,0.0,0.0,0.0,0.0,-0.0,-0.0,0.0,0.0,0.0,22.08984375,0.0,0.0,0.0,24.76953125,0.0,0.0,0.0,23.8125,0.0,0.0,0.0,22.47265625,0.0,0.0,23.62109375,0.0,5.6109466552734375
8.459,-0.0,0.0,0.0,0.0,0.0,-0.0,-0.0,0.0,0.0,0.0,22.08984375,0.0,0.0,0.0,24.9609375,0.0,0.0,0.0,24.578125,0.0,0.0,0.0,22.28125,0.0,0.0,24.1953125,0.0,5.6109466552734375
8.628,-0.0,0.0,0.0,0.0,0.0,-0.0,-0.0,0.0,0.0,0.0,22.47265625,0.0,0.0,0.0,24.76953125,0.0,0.0,0.0,24.00390625,0.0,0.0,0.0,22.28125,0.0,0.0,24.38671875,0.0,5.6207122802734375
8.786,-0.0,0.0,0.0,0.0,0.0,-0.0,-0.0,0.0,0.0,0.0,22.6640625,0.0,0.0,0.0,24.9609375,0.0,0.0,0.0,23.8125,0.0,0.0,0.0,23.046875,0.0,0.0,24.38671875,0.0,5.6109466552734375
8.947,-0.0,0.0,0.0,0.0,0.0,-0.0,-0.0,0.0,0.0,0.0,22.47265625,0.0,0.0,0.0,25.15234375,0.0,0.0,0.0,23.62109375,0.0,0.0,0.0,23.046875,0.0,0.0,24.9609375,0.0,5.6109466552734375
9.108,-0.0,0.0,0.0,0.0,0.0,-0.0,-0.0,0.0,0.0,0.0,22.28125,0.0,0.0,0.0,25.15234375,0.0,0.0,0.0,24.76953125,0.0,0.0,0.0,22.08984375,0.0,0.0,24.76953125,0.0,5.6109466552734375
9.261,-0.0,0.0,0.0,0.0,0.0,-0.0,-0.0,0.0,0.0,0.0,22.28125,0.0,0.0,0.0,24.38671875,0.0,0.0,0.0,24.9609375,0.0,0.0,0.0,23.046875,0.0,0.0,23.62109375,0.0,5.601165771484375
9.437,-0.0,0.0,0.0,0.0,0.0,-0.0,-0.0,0.0,0.0,0.0,21.8984375,0.0,0.0,0.0,24.9609375,0.0,0.0,0.0,24.578125,0.0,0.0,0.0,22.6640625,0.0,0.0,25.15234375,0.0,5.6109466552734375
9.599,-0.0,0.0,0.0,0.0,0.0,-0.0,-0.0,0.0,0.0,0.0,21.70703125,0.0,0.0,0.0,24.578125,0.0,0.0,0.0,24.76953125,0.0,0.0,0.0,22.28125,0.0,0.0,24.76953125,0.0,5.6109466552734375
9.753,-0.0,0.0,0.0,0.0,0.0,-0.0,-0.0,0.0,0.0,0.0,22.47265625,0.0,0.0,0.0,24.76953125,0.0,0.0,0.0,24.38671875,0.0,0.0,0.0,22.6640625,0.0,0.0,26.4921875,0.0,5.6109466552734375
9.925,-0.0,0.0,0.0,0.0,0.0,-0.0,-0.0,0.0,0.0,0.0,22.47265625,0.0,0.0,0.0,24.578125,0.0,0.0,0.0,23.8125,0.0,0.0,0.0,23.046875,0.0,0.0,24.578125,0.0,5.6207122802734375
10.084,-0.0,0.0,0.0,0.0,0.0,-0.0,-0.0,0.0,0.0,0.0,21.8984375,0.0,0.0,0.0,24.578125,0.0,0.0,0.0,24.1953125,0.0,0.0,0.0,22.28125,0.0,0.0,24.578125,0.0,5.6109466552734375
10.247,-0.0,0.0,0.0,0.0,0.0,-0.0,-0.0,0.0,0.0,0.0,21.70703125,0.0,0.0,0.0,24.1953125,0.0,0.0,0.0,24.578125,0.0,0.0,0.0,22.28125,0.0,0.0,24.38671875,0.0,5.6109466552734375
10.399,-0.0,0.0,0.0,0.0,0.0,-0.0,-0.0,0.0,0.0,0.0,21.70703125,0.0,0.0,0.0,24.9609375,0.0,0.0,0.0,24.38671875,0.0,0.0,0.0,22.6640625,0.0,0.0,24.578125,0.0,5.6207122802734375
10.559,-0.0,0.0,0.0,0.0,0.0,-0.0,-0.0,0.0,0.0,0.0,21.70703125,0.0,0.0,0.0,24.578125,0.0,0.0,0.0,24.578125,0.0,0.0,0.0,22.08984375,0.0,0.0,24.76953125,0.0,5.6109466552734375
10.72,-0.0,0.0,0.0,0.0,0.0,-0.0,-0.0,0.0,0.0,0.0,20.75,0.0,0.0,0.0,24.38671875,0.0,0.0,0.0,24.38671875,0.0,0.0,0.0,23.046875,0.0,0.0,24.38671875,0.0,5.6109466552734375
10.886,-0.0,0.0,0.0,0.0,0.0,-0.0,-0.0,0.0,0.0,0.0,22.6640625,0.0,0.0,0.0,24.76953125,0.0,0.0,0.0,24.578125,0.0,0.0,0.0,22.47265625,0.0,0.0,24.76953125,0.0,5.6109466552734375
11.059,-0.0,0.0,0.0,0.0,0.0,-0.0,-0.0,0.0,0.0,0.0,21.70703125,0.0,0.0,0.0,24.578125,0.0,0.0,0.0,24.76953125,0.0,0.0,0.0,22.6640625,0.0,0.0,24.76953125,0.0,5.6109466552734375
11.219,-0.0,0.0,0.0,0.0,0.0,-0.0,-0.0,0.0,0.0,0.0,22.85546875,0.0,0.0,0.0,24.76953125,0.0,0.0,0.0,24.578125,0.0,0.0,0.0,22.28125,0.0,0.0,24.578125,0.0,5.6109466552734375
11.38,-0.0,0.0,0.0,0.0,0.0,-0.0,-0.0,0.0,0.0,0.0,21.70703125,0.0,0.0,0.0,24.76953125,0.0,0.0,0.0,24.38671875,0.0,0.0,0.0,21.8984375,0.0,0.0,24.578125,0.0,5.6109466552734375
11.541,-0.0,0.0,0.0,0.0,0.0,-0.0,-0.0,0.0,0.0,0.0,22.08984375,0.0,0.0,0.0,24.9609375,0.0,0.0,0.0,24.00390625,0.0,0.0,0.0,22.85546875,0.0,0.0,24.00390625,0.0,5.6109466552734375
11.705,-0.0,0.0,0.0,0.0,0.0,-0.0,-0.0,0.0,0.0,0.0,22.28125,0.0,0.0,0.0,24.76953125,0.0,0.0,0.0,24.76953125,0.0,0.0,0.0,23.046875,0.0,0.0,24.76953125,0.0,5.6207122802734375
12.018,-0.0,0.0,0.0,0.0,0.0,-0.0,-0.0,0.0,0.0,0.0,22.08984375,0.0,0.0,0.0,24.76953125,0.0,0.0,0.0,24.578125,0.0,0.0,0.0,22.47265625,0.0,0.0,24.38671875,0.0,5.6109466552734375
12.188,-0.0,0.0,0.0,0.0,0.0,-0.0,-0.0,0.0,0.0,0.0,22.47265625,0.0,0.0,0.0,24.578125,0.0,0.0,0.0,24.1953125,0.0,0.0,0.0,22.6640625,0.0,0.0,25.15234375,0.0,5.6109466552734375
12.362,-0.0,0.0,0.0,0.0,0.0,-0.0,-0.0,0.0,0.0,0.0,21.515625,0.0,0.0,0.0,24.9609375,0.0,0.0,0.0,24.00390625,0.0,0.0,0.0,22.47265625,0.0,0.0,24.38671875,0.0,5.6109466552734375
12.526,-0.0,0.0,0.0,0.0,0.0,-0.0,-0.0,0.0,0.0,0.0,22.28125,0.0,0.0,0.0,24.578125,0.0,0.0,0.0,24.1953125,0.0,0.0,0.0,22.28125,0.0,0.0,23.8125,0.0,5.6109466552734375
12.687,-0.0,0.0,0.0,0.0,0.0,-0.0,-0.0,0.0,0.0,0.0,21.8984375,0.0,0.0,0.0,24.38671875,0.0,0.0,0.0,24.38671875,0.0,0.0,0.0,22.28125,0.0,0.0,24.00390625,0.0,5.6109466552734375
12.847,-0.0,0.0,0.0,0.0,0.0,-0.0,-0.0,0.0,0.0,0.0,21.8984375,0.0,0.0,0.0,25.34375,0.0,0.0,0.0,24.578125,0.0,0.0,0.0,22.6640625,0.0,0.0,24.00390625,0.0,5.6109466552734375
13.005,-0.0,0.0,0.0,0.0,0.0,-0.0,-0.0,0.0,0.0,0.0,23.046875,0.0,0.0,0.0,23.23828125,0.0,0.0,0.0,25.15234375,0.0,0.0,0.0,22.6640625,0.0,0.0,24.578125,0.0,5.601165771484375
13.161,-0.0,0.0,0.0,0.0,0.0,-0.0,-0.0,0.0,0.0,0.0,22.47265625,0.0,0.0,0.0,25.15234375,0.0,0.0,0.0,23.8125,0.0,0.0,0.0,22.6640625,0.0,0.0,25.34375,0.0,5.6109466552734375
13.319,-0.0,0.0,0.0,0.0,0.0,-0.0,-0.0,0.0,0.0,0.0,21.1328125,0.0,0.0,0.0,24.9609375,0.0,0.0,0.0,24.578125,0.0,0.0,0.0,22.47265625,0.0,0.0,24.578125,0.0,5.6207122802734375
13.48,-0.0,0.0,0.0,0.0,0.0,-0.0,-0.0,0.0,0.0,0.0,21.8984375,0.0,0.0,0.0,25.15234375,0.0,0.0,0.0,24.578125,0.0,0.0,0.0,23.23828125,0.0,0.0,24.1953125,0.0,5.601165771484375
13.65,-0.0,0.0,0.0,0.0,0.0,-0.0,-0.0,0.0,0.0,0.0,22.85546875,0.0,0.0,0.0,25.15234375,0.0,0.0,0.0,24.578125,0.0,0.0,0.0,23.046875,0.0,0.0,25.34375,0.0,5.6109466552734375
13.82,-0.0,0.0,0.0,0.0,0.0,-0.0,-0.0,0.0,0.0,0.0,21.8984375,0.0,0.0,0.0,24.38671875,0.0,0.0,0.0,24.38671875,0.0,0.0,0.0,22.08984375,0.0,0.0,24.00390625,0.0,5.6109466552734375
13.98,-0.0,0.0,0.0,0.0,0.0,-0.0,-0.0,0.0,0.0,0.0,22.28125,0.0,0.0,0.0,24.1953125,0.0,0.0,0.0,24.00390625,0.0,0.0,0.0,22.47265625,0.0,0.0,24.00390625,0.0,5.6109466552734375
14.139,-0.0,0.0,0.0,0.0,0.0,-0.0,-0.0,0.0,0.0,0.0,22.08984375,0.0,0.0,0.0,24.1953125,0.0,0.0,0.0,24.38671875,0.0,0.0,0.0,22.28125,0.0,0.0,24.578125,0.0,5.6109466552734375
14.299,-0.0,0.0,0.0,0.0,0.0,-0.0,-0.0,0.0,0.0,0.0,21.8984375,0.0,0.0,0.0,25.15234375,0.0,0.0,0.0,24.578125,0.0,0.0,0.0,21.8984375,0.0,0.0,24.578125,0.0,5.6109466552734375
14.468,-0.0,0.0,0.0,0.0,0.0,-0.0,-0.0,0.0,0.0,0.0,22.6640625,0.0,0.0,0.0,24.76953125,0.0,0.0,0.0,24.00390625,0.0,0.0,0.0,22.28125,0.0,0.0,24.1953125,0.0,5.6109466552734375
14.638,-0.0,0.0,0.0,0.0,0.0,-0.0,-0.0,0.0,0.0,0.0,21.8984375,0.0,0.0,0.0,24.76953125,0.0,0.0,0.0,24.38671875,0.0,0.0,0.0,23.23828125,0.0,0.0,24.76953125,0.0,5.6109466552734375
14.807,-0.0,0.0,0.0,0.0,0.0,-0.0,-0.0,0.0,0.0,0.0,22.28125,0.0,0.0,0.0,24.9609375,-4.8185272216796875,0.0,0.0,24.578125,0.0,0.0,0.0,21.8984375,0.0,0.0,24.1953125,0.0,5.6109466552734375
14.977,-0.0,0.0,0.0,0.0,0.0,-0.0,-0.0,0.0,0.0,0.0,22.08984375,0.0,0.0,0.0,24.9609375,0.0,0.0,0.0,24.38671875,0.0,0.0,0.0,21.8984375,0.0,0.0,24.578125,0.0,5.6109466552734375
15.148,-0.0,0.0,0.0,0.0,0.0,-0.0,-0.0,0.0,0.0,0.0,22.08984375,0.0,0.0,0.0,23.8125,0.0,0.0,0.0,24.578125,0.0,0.0,0.0,22.6640625,0.0,0.0,24.00390625,0.0,5.6109466552734375
15.318,-0.0,0.0,0.0,0.0,0.0,-0.0,-0.0,0.0,0.0,0.0,22.28125,0.0,0.0,0.0,24.76953125,0.0,0.0,0.0,24.578125,0.0,0.0,0.0,22.08984375,0.0,0.0,24.76953125,0.0,5.6109466552734375
15.505,-0.0,0.0,0.0,0.0,0.0,-0.0,-0.0,0.0,0.0,0.0,22.28125,0.0,0.0,0.0,24.9609375,0.0,0.0,0.0,24.38671875,0.0,0.0,0.0,22.28125,0.0,0.0,24.578125,0.0,5.6109466552734375
15.679,-0.0,0.0,0.0,0.0,0.0,-0.0,-0.0,0.0,0.0,0.0,22.47265625,0.0,0.0,0.0,24.76953125,0.0,0.0,0.0,24.578125,0.0,0.0,0.0,22.47265625,0.0,0.0,24.76953125,0.0,5.6109466552734375
15.848,-0.0,0.0,0.0,0.0,0.0,-0.0,-0.0,0.0,0.0,0.0,22.47265625,0.0,0.0,0.0,24.9609375,0.0,0.0,0.0,24.578125,0.0,0.0,0.0,22.47265625,0.0,0.0,24.578125,0.0,5.6109466552734375
16.018,-0.0,0.0,0.0,0.0,0.0,-0.0,-0.0,0.0,0.0,0.0,22.47265625,0.0,0.0,0.0,24.578125,0.0,0.0,0.0,24.38671875,0.0,0.0,0.0,22.85546875,0.0,0.0,25.15234375,0.0,5.6109466552734375
16.179,-0.0,0.0,0.0,0.0,0.0,-0.0,-0.0,0.0,0.0,0.0,20.75,0.0,0.0,0.0,24.76953125,0.0,0.0,0.0,24.1953125,0.0,0.0,0.0,23.23828125,0.0,0.0,24.76953125,0.0,5.601165771484375
16.338,-0.0,0.0,0.0,0.0,0.0,-0.0,-0.0,0.0,0.0,0.0,21.70703125,0.0,0.0,0.0,24.76953125,0.0,0.0,0.0,24.76953125,0.0,0.0,0.0,23.23828125,0.0,0.0,24.38671875,0.0,5.6207122802734375
16.499,-0.0,0.0,0.0,0.0,0.0,-0.0,-0.0,0.0,0.0,0.0,22.08984375,0.0,0.0,0.0,24.9609375,0.0,0.0,0.0,24.578125,0.0,0.0,0.0,22.47265625,0.0,0.0,24.578125,0.0,5.6109466552734375
16.666,-0.0,0.0,0.0,0.0,0.0,-0.0,-0.0,0.0,0.0,0.0,21.8984375,0.0,0.0,0.0,24.38671875,0.0,0.0,0.0,24.1953125,0.0,0.0,0.0,22.47265625,0.0,0.0,24.76953125,0.0,5.6109466552734375
16.837,-0.0,0.0,0.0,0.0,0.0,-0.0,-0.0,0.0,0.0,0.0,21.8984375,0.0,0.0,0.0,25.91796875,0.0,0.0,0.0,24.578125,0.0,0.0,0.0,22.08984375,0.0,0.0,24.578125,0.0,5.6109466552734375
16.999,-0.0,0.0,0.0,0.0,0.0,-0.0,-0.0,0.0,0.0,0.0,21.70703125,0.0,0.0,0.0,25.15234375,0.0,0.0,0.0,24.1953125,0.0,0.0,0.0,21.8984375,0.0,0.0,24.1953125,0.0,5.6207122802734375
17.16,-0.0,0.0,0.0,0.0,0.0,-0.0,-0.0,0.0,0.0,0.0,22.28125,0.0,0.0,0.0,24.9609375,0.0,0.0,0.0,24.578125,0.0,0.0,0.0,22.47265625,0.0,0.0,24.1953125,0.0,5.6109466552734375
17.326,-0.0,0.0,0.0,0.0,0.0,-0.0,-0.0,0.0,0.0,0.0,22.6640625,0.0,0.0,0.0,24.578125,0.0,0.0,0.0,24.1953125,0.0,0.0,0.0,22.6640625,0.0,0.0,25.34375,0.0,5.6109466552734375
17.488,-0.0,0.0,0.0,0.0,0.0,-0.0,-0.0,0.0,0.0,0.0,20.3671875,0.0,0.0,0.0,24.76953125,0.0,0.0,0.0,23.62109375,0.0,0.0,0.0,22.47265625,0.0,0.0,24.578125,0.0,5.6109466552734375
17.666,-0.0,0.0,0.0,0.0,0.0,-0.0,-0.0,0.0,0.0,0.0,22.47265625,0.0,0.0,0.0,24.76953125,0.0,0.0,0.0,24.76953125,0.0,0.0,0.0,22.28125,0.0,0.0,25.34375,0.0,5.601165771484375
17.837,-0.0,0.0,0.0,0.0,0.0,-0.0,-0.0,0.0,0.0,0.0,22.28125,0.0,0.0,0.0,25.15234375,0.0,0.0,0.0,24.578125,0.0,0.0,0.0,22.47265625,0.0,0.0,24.9609375,0.0,5.6109466552734375
18.001,-0.0,0.0,0.0,0.0,0.0,-0.0,-0.0,0.0,0.0,0.0,22.6640625,0.0,0.0,0.0,24.9609375,0.0,0.0,0.0,24.578125,0.0,0.0,0.0,22.85546875,0.0,0.0,24.1953125,0.0,5.6109466552734375
18.177,-0.0,0.0,0.0,0.0,0.0,-0.0,-0.0,0.0,0.0,0.0,22.28125,0.0,0.0,0.0,24.9609375,0.0,0.0,0.0,24.00390625,0.0,0.0,0.0,21.8984375,0.0,0.0,24.76953125,0.0,5.601165771484375
18.342,-0.0,0.0,0.0,0.0,0.0,-0.0,-0.0,0.0,0.0,0.0,21.8984375,0.0,0.0,0.0,25.53515625,0.0,0.0,0.0,24.578125,0.0,0.0,0.0,22.6640625,0.0,0.0,24.578125,0.0,5.6109466552734375
18.539,-0.0,0.0,0.0,0.0,0.0,-0.0,-0.0,0.0,0.0,0.0,22.08984375,0.0,0.0,0.0,24.578125,0.0,0.0,0.0,24.00390625,0.0,0.0,0.0,22.6640625,0.0,0.0,24.1953125,0.0,5.6109466552734375
18.699,-0.0,0.0,0.0,0.0,0.0,-0.0,-0.0,0.0,0.0,0.0,23.23828125,0.0,0.0,0.0,24.578125,0.0,0.0,0.0,24.1953125,0.0,0.0,0.0,22.28125,0.0,0.0,24.38671875,0.0,5.6109466552734375
18.859,-0.0,0.0,0.0,0.0,0.0,-0.0,-0.0,0.0,0.0,0.0,22.85546875,0.0,0.0,0.0,24.578125,0.0,0.0,0.0,24.38671875,0.0,0.0,0.0,22.47265625,0.0,0.0,24.1953125,0.0,5.6109466552734375
19.02,-0.0,0.0,0.0,0.0,0.0,-0.0,-0.0,0.0,0.0,0.0,22.85546875,0.0,0.0,0.0,24.9609375,0.0,0.0,0.0,24.38671875,0.0,0.0,0.0,22.28125,0.0,0.0,24.1953125,0.0,5.6109466552734375
19.177,-0.0,0.0,0.0,0.0,0.0,-0.0,-0.0,0.0,0.0,0.0,22.47265625,0.0,0.0,0.0,24.76953125,0.0,0.0,0.0,24.1953125,0.0,0.0,0.0,22.6640625,0.0,0.0,24.1953125,0.0,5.601165771484375
19.356,-0.0,0.0,0.0,0.0,0.0,-0.0,-0.0,0.0,0.0,0.0,21.70703125,0.0,0.0,0.0,24.38671875,0.0,0.0,0.0,24.1953125,0.0,0.0,0.0,22.6640625,0.0,0.0,25.53515625,0.0,5.6109466552734375
19.525,-0.0,0.0,0.0,0.0,0.0,-0.0,-0.0,0.0,0.0,0.0,22.47265625,0.0,0.0,0.0,25.34375,0.0,0.0,0.0,24.1953125,0.0,0.0,0.0,23.23828125,0.0,0.0,24.76953125,0.0,5.6207122802734375
19.698,-0.0,0.0,0.0,0.0,0.0,-0.0,-0.0,0.0,0.0,0.0,21.8984375,0.0,0.0,0.0,24.76953125,0.0,0.0,0.0,24.76953125,0.0,0.0,0.0,22.47265625,0.0,0.0,24.1953125,0.0,5.6109466552734375
19.858,-0.0,0.0,0.0,0.0,0.0,-0.0,-0.0,0.0,0.0,0.0,22.6640625,0.0,0.0,0.0,24.9609375,0.0,0.0,0.0,24.00390625,0.0,0.0,0.0,22.08984375,0.0,0.0,24.9609375,0.0,5.6109466552734375
20.018,-0.0,0.0,0.0,0.0,0.0,-0.0,-0.0,0.0,0.0,0.0,22.6640625,0.0,0.0,0.0,24.9609375,0.0,0.0,0.0,24.38671875,0.0,0.0,0.0,22.47265625,0.0,0.0,24.76953125,0.0,5.6207122802734375
20.177,-0.0,0.0,0.0,0.0,0.0,-0.0,-0.0,0.0,0.0,0.0,22.28125,0.0,0.0,0.0,25.7265625,0.0,0.0,0.0,24.76953125,0.0,0.0,0.0,22.85546875,0.0,0.0,24.1953125,0.0,5.6109466552734375
20.338,-0.0,0.0,0.0,0.0,0.0,-0.0,-0.0,0.0,0.0,0.0,21.32421875,0.0,0.0,0.0,24.1953125,0.0,0.0,0.0,23.8125,0.0,0.0,0.0,21.8984375,0.0,0.0,24.9609375,0.0,5.6109466552734375
20.498,-0.0,0.0,0.0,0.0,0.0,-0.0,-0.0,0.0,0.0,0.0,22.08984375,0.0,0.0,0.0,24.38671875,0.0,0.0,0.0,24.578125,0.0,0.0,0.0,22.47265625,0.0,0.0,24.38671875,0.0,5.6109466552734375
20.658,-0.0,0.0,0.0,0.0,0.0,-0.0,-0.0,0.0,0.0,0.0,22.08984375,0.0,0.0,0.0,24.38671875,0.0,0.0,0.0,24.578125,0.0,0.0,0.0,22.85546875,0.0,0.0,24.76953125,0.0,5.6207122802734375
20.818,-0.0,0.0,0.0,0.0,0.0,-0.0,-0.0,0.0,0.0,0.0,22.6640625,0.0,0.0,0.0,24.76953125,0.0,0.0,0.0,24.38671875,0.0,0.0,0.0,22.85546875,0.0,0.0,25.15234375,0.0,5.6109466552734375
20.979,-0.0,0.0,0.0,0.0,0.0,-0.0,-0.0,0.0,0.0,0.0,22.28125,0.0,0.0,0.0,25.34375,0.0,0.0,0.0,24.578125,0.0,0.0,0.0,22.6640625,0.0,0.0,24.38671875,0.0,5.6109466552734375
21.147,-0.0,0.0,0.0,0.0,0.0,-0.0,-0.0,0.0,0.0,0.0,22.28125,0.0,0.0,0.0,25.34375,0.0,0.0,0.0,24.578125,0.0,0.0,0.0,22.28125,0.0,0.0,23.8125,0.0,5.6109466552734375
21.318,-0.0,0.0,0.0,0.0,0.0,-0.0,-0.0,0.0,0.0,0.0,21.70703125,0.0,0.0,0.0,24.9609375,0.0,0.0,0.0,24.1953125,0.0,0.0,0.0,22.6640625,0.0,0.0,24.38671875,0.0,5.6207122802734375
21.5,-0.0,0.0,0.0,0.0,0.0,-0.0,-0.0,0.0,0.0,0.0,22.28125,0.0,0.0,0.0,26.875,0.0,0.0,0.0,24.578125,0.0,0.0,0.0,22.28125,0.0,0.0,24.38671875,0.0,5.6207122802734375
21.667,-0.0,0.0,0.0,0.0,0.0,-0.0,-0.0,0.0,0.0,0.0,21.515625,0.0,0.0,0.0,24.76953125,0.0,0.0,0.0,24.38671875,0.0,0.0,0.0,22.6640625,0.0,0.0,24.76953125,0.0,5.6109466552734375
21.836,-0.0,0.0,0.0,0.0,0.0,-0.0,-0.0,0.0,0.0,0.0,22.28125,0.0,0.0,0.0,24.9609375,0.0,0.0,0.0,24.1953125,0.0,0.0,0.0,22.6640625,0.0,0.0,24.76953125,0.0,5.601165771484375
21.996,-0.0,0.0,0.0,0.0,0.0,-0.0,-0.0,0.0,0.0,0.0,22.47265625,0.0,0.0,0.0,25.34375,0.0,0.0,0.0,24.38671875,0.0,0.0,0.0,22.47265625,0.0,0.0,24.578125,0.0,5.6109466552734375
22.159,-0.0,0.0,0.0,0.0,0.0,-0.0,-0.0,0.0,0.0,0.0,21.515625,0.0,0.0,0.0,25.15234375,0.0,0.0,0.0,24.38671875,0.0,0.0,0.0,22.6640625,0.0,0.0,24.76953125,0.0,5.6207122802734375
22.321,-0.0,0.0,0.0,0.0,0.0,-0.0,-0.0,0.0,0.0,0.0,21.515625,0.0,0.0,0.0,24.38671875,0.0,0.0,0.0,24.1953125,0.0,0.0,0.0,22.47265625,0.0,0.0,24.1953125,0.0,5.6109466552734375
22.487,-0.0,0.0,0.0,0.0,0.0,-0.0,-0.0,0.0,0.0,0.0,22.85546875,0.0,0.0,0.0,25.15234375,0.0,0.0,0.0,24.1953125,0.0,0.0,0.0,22.28125,0.0,0.0,25.53515625,0.0,5.6109466552734375
22.647,-0.0,0.0,0.0,0.0,0.0,-0.0,-0.0,0.0,0.0,0.0,21.8984375,0.0,0.0,0.0,24.9609375,0.0,0.0,0.0,24.1953125,0.0,0.0,0.0,23.23828125,0.0,0.0,26.109375,0.0,5.6109466552734375
22.818,-0.0,0.0,0.0,0.0,0.0,-0.0,-0.0,0.0,0.0,0.0,22.28125,0.0,0.0,0.0,24.578125,0.0,0.0,0.0,24.00390625,0.0,0.0,0.0,22.85546875,0.0,0.0,24.00390625,0.0,5.601165771484375
22.979,-0.0,0.0,0.0,0.0,0.0,-0.0,-0.0,0.0,0.0,0.0,22.28125,0.0,0.0,0.0,24.9609375,0.0,0.0,0.0,24.578125,0.0,0.0,0.0,22.6640625,0.0,0.0,24.1953125,0.0,5.6109466552734375
23.139,-0.0,0.0,0.0,0.0,0.0,-0.0,-0.0,0.0,0.0,0.0,22.08984375,0.0,0.0,0.0,24.38671875,0.0,0.0,0.0,24.578125,0.0,0.0,0.0,22.47265625,0.0,0.0,23.62109375,0.0,5.6109466552734375
23.307,-0.0,0.0,0.0,0.0,0.0,-0.0,-0.0,0.0,0.0,0.0,22.47265625,0.0,0.0,0.0,25.15234375,0.0,0.0,0.0,24.38671875,0.0,0.0,0.0,22.28125,0.0,0.0,24.76953125,0.0,5.6109466552734375
23.487,-0.0,0.0,0.0,0.0,0.0,-0.0,-0.0,0.0,0.0,0.0,22.47265625,0.0,0.0,0.0,24.76953125,0.0,0.0,0.0,24.38671875,0.0,0.0,0.0,22.08984375,0.0,0.0,24.1953125,0.0,5.601165771484375
23.646,-0.0,0.0,0.0,0.0,0.0,-0.0,-0.0,0.0,0.0,0.0,21.8984375,0.0,0.0,0.0,24.578125,0.0,0.0,0.0,24.578125,0.0,0.0,0.0,21.8984375,0.0,0.0,23.62109375,0.0,5.6207122802734375
23.805,-0.0,0.0,0.0,0.0,0.0,-0.0,-0.0,0.0,0.0,0.0,22.28125,0.0,0.0,0.0,24.9609375,0.0,0.0,0.0,24.38671875,0.0,0.0,0.0,22.47265625,0.0,0.0,24.578125,0.0,5.6109466552734375
23.968,-0.0,0.0,0.0,0.0,0.0,-0.0,-0.0,0.0,0.0,0.0,22.08984375,0.0,0.0,0.0,24.76953125,0.0,0.0,0.0,24.578125,0.0,0.0,0.0,23.046875,0.0,0.0,25.7265625,0.0,5.601165771484375
24.125,-0.0,0.0,0.0,0.0,0.0,-0.0,-0.0,0.0,0.0,0.0,22.08984375,0.0,0.0,0.0,24.00390625,0.0,0.0,0.0,24.76953125,0.0,0.0,0.0,22.6640625,0.0,0.0,25.15234375,0.0,5.6109466552734375
24.286,-0.0,0.0,0.0,0.0,0.0,-0.0,-0.0,0.0,0.0,0.0,21.8984375,0.0,0.0,0.0,24.9609375,0.0,0.0,0.0,24.578125,0.0,0.0,0.0,21.8984375,0.0,0.0,24.38671875,0.0,5.6109466552734375
24.459,-0.0,0.0,0.0,0.0,0.0,-0.0,-0.0,0.0,0.0,0.0,22.47265625,0.0,0.0,0.0,25.15234375,0.0,0.0,0.0,24.76953125,0.0,0.0,0.0,22.6640625,0.0,0.0,24.38671875,0.0,5.6109466552734375
24.626,-0.0,0.0,0.0,0.0,0.0,-0.0,-0.0,0.0,0.0,0.0,21.32421875,0.0,0.0,0.0,24.00390625,0.0,0.0,0.0,24.578125,0.0,0.0,0.0,22.47265625,0.0,0.0,23.62109375,0.0,5.6109466552734375
24.785,-0.0,0.0,0.0,0.0,0.0,-0.0,-0.0,0.0,0.0,0.0,22.6640625,0.0,0.0,0.0,25.34375,0.0,0.0,0.0,24.1953125,0.0,0.0,0.0,23.046875,0.0,0.0,24.578125,0.0,5.601165771484375
24.951,-0.0,0.0,0.0,0.0,0.0,-0.0,-0.0,0.0,0.0,0.0,22.85546875,0.0,0.0,0.0,24.76953125,0.0,0.0,0.0,24.38671875,0.0,0.0,0.0,22.28125,0.0,0.0,24.38671875,0.0,5.6109466552734375
25.118,-0.0,0.0,0.0,0.0,0.0,-0.0,-0.0,0.0,0.0,0.0,21.8984375,0.0,0.0,0.0,24.9609375,0.0,0.0,0.0,24.578125,0.0,0.0,0.0,22.28125,0.0,0.0,24.1953125,0.0,5.601165771484375
25.287,-0.0,0.0,0.0,0.0,0.0,-0.0,-0.0,0.0,0.0,0.0,22.08984375,0.0,0.0,0.0,24.9609375,0.0,0.0,0.0,24.578125,0.0,0.0,0.0,22.6640625,0.0,0.0,24.76953125,0.0,5.6207122802734375
25.458,-0.0,0.0,0.0,0.0,0.0,-0.0,-0.0,0.0,0.0,0.0,22.08984375,0.0,0.0,0.0,23.4296875,0.0,0.0,0.0,24.38671875,0.0,0.0,0.0,22.08984375,0.0,0.0,24.9609375,0.0,5.6109466552734375
25.627,-0.0,0.0,0.0,0.0,0.0,-0.0,-0.0,0.0,0.0,0.0,21.8984375,0.0,0.0,0.0,24.9609375,0.0,0.0,0.0,24.76953125,0.0,0.0,0.0,22.28125,0.0,0.0,25.34375,0.0,5.6109466552734375
25.784,-0.0,0.0,0.0,0.0,0.0,-0.0,-0.0,0.0,0.0,0.0,23.046875,0.0,0.0,0.0,24.9609375,0.0,0.0,0.0,24.578125,0.0,0.0,0.0,22.28125,0.0,0.0,24.578125,0.0,5.6109466552734375
25.956,-0.0,0.0,0.0,0.0,0.0,-0.0,-0.0,0.0,0.0,0.0,23.23828125,0.0,0.0,0.0,25.91796875,0.0,0.0,0.0,24.76953125,0.0,0.0,0.0,23.046875,0.0,0.0,24.38671875,0.0,5.601165771484375
26.119,-0.0,0.0,0.0,0.0,0.0,-0.0,-0.0,0.0,0.0,0.0,23.046875,0.0,0.0,0.0,24.578125,0.0,0.0,0.0,24.578125,0.0,0.0,0.0,22.47265625,0.0,0.0,23.62109375,0.0,5.6109466552734375
26.278,-0.0,0.0,0.0,0.0,0.0,-0.0,-0.0,0.0,0.0,0.0,22.08984375,0.0,0.0,0.0,25.15234375,0.0,0.0,0.0,24.1953125,0.0,0.0,0.0,22.85546875,0.0,0.0,25.15234375,0.0,5.6109466552734375
26.441,-0.0,0.0,0.0,0.0,0.0,-0.0,-0.0,0.0,0.0,0.0,21.8984375,0.0,0.0,0.0,24.38671875,0.0,0.0,0.0,24.1953125,0.0,0.0,0.0,21.70703125,0.0,0.0,24.578125,0.0,5.6109466552734375
26.605,-0.0,0.0,0.0,0.0,0.0,-0.0,-0.0,0.0,0.0,0.0,22.08984375,0.0,0.0,0.0,24.9609375,0.0,0.0,0.0,24.38671875,0.0,0.0,0.0,22.6640625,0.0,0.0,24.1953125,0.0,5.6109466552734375
26.767,-0.0,0.0,0.0,0.0,0.0,-0.0,-0.0,0.0,0.0,0.0,22.28125,0.0,0.0,0.0,24.76953125,0.0,0.0,0.0,24.578125,0.0,0.0,0.0,22.85546875,0.0,0.0,24.38671875,0.0,5.6109466552734375
26.927,-0.0,0.0,0.0,0.0,0.0,-0.0,-0.0,0.0,0.0,0.0,22.47265625,0.0,0.0,0.0,24.76953125,0.0,0.0,0.0,24.38671875,0.0,0.0,0.0,22.47265625,0.0,0.0,24.1953125,0.0,5.601165771484375
27.098,-0.0,0.0,0.0,0.0,0.0,-0.0,-0.0,0.0,0.0,0.0,21.8984375,0.0,0.0,0.0,24.76953125,0.0,0.0,0.0,24.1953125,0.0,0.0,0.0,22.85546875,0.0,0.0,24.578125,0.0,5.6109466552734375
27.265,-0.0,0.0,0.0,0.0,0.0,-0.0,-0.0,0.0,0.0,0.0,22.28125,0.0,0.0,0.0,24.38671875,0.0,0.0,0.0,24.38671875,0.0,0.0,0.0,22.47265625,0.0,0.0,24.9609375,0.0,5.6109466552734375
27.459,-0.0,0.0,0.0,0.0,0.0,-0.0,-0.0,0.0,0.0,0.0,22.85546875,0.0,0.0,0.0,24.76953125,0.0,0.0,0.0,24.578125,0.0,0.0,0.0,22.08984375,0.0,0.0,23.8125,0.0,5.6109466552734375
27.619,-0.0,0.0,0.0,0.0,0.0,-0.0,-0.0,0.0,0.0,0.0,22.6640625,0.0,0.0,0.0,24.76953125,0.0,0.0,0.0,24.38671875,0.0,0.0,0.0,23.046875,0.0,0.0,22.85546875,0.0,5.601165771484375
27.785,-0.0,0.0,0.0,0.0,0.0,-0.0,-0.0,0.0,0.0,0.0,21.8984375,0.0,0.0,0.0,24.76953125,0.0,0.0,0.0,24.9609375,0.0,0.0,0.0,22.47265625,0.0,0.0,24.76953125,0.0,5.6109466552734375
27.947,-0.0,0.0,0.0,0.0,0.0,-0.0,-0.0,0.0,0.0,0.0,21.70703125,0.0,0.0,0.0,24.38671875,0.0,0.0,0.0,24.578125,0.0,0.0,0.0,22.47265625,0.0,0.0,24.76953125,0.0,5.6109466552734375
28.108,-0.0,0.0,0.0,0.0,0.0,-0.0,-0.0,0.0,0.0,0.0,22.6640625,0.0,0.0,0.0,24.578125,0.0,0.0,0.0,24.1953125,0.0,0.0,0.0,22.6640625,0.0,0.0,25.15234375,0.0,5.6109466552734375
28.278,-0.0,0.0,0.0,0.0,0.0,-0.0,-0.0,0.0,0.0,0.0,22.28125,0.0,0.0,0.0,24.9609375,0.0,0.0,0.0,24.38671875,0.0,0.0,0.0,22.28125,0.0,0.0,24.578125,0.0,5.601165771484375
28.445,-0.0,0.0,0.0,0.0,0.0,-0.0,-0.0,0.0,0.0,0.0,21.515625,0.0,0.0,0.0,24.1953125,0.0,0.0,0.0,24.76953125,0.0,0.0,0.0,22.6640625,0.0,0.0,24.76953125,0.0,5.601165771484375
28.617,-0.0,0.0,0.0,0.0,0.0,-0.0,-0.0,0.0,0.0,0.0,22.47265625,0.0,0.0,0.0,24.76953125,0.0,0.0,0.0,24.1953125,0.0,0.0,0.0,22.47265625,0.0,0.0,24.9609375,0.0,5.601165771484375
28.779,-0.0,0.0,0.0,0.0,0.0,-0.0,-0.0,0.0,0.0,0.0,23.23828125,0.0,0.0,0.0,25.7265625,0.0,0.0,0.0,24.578125,0.0,0.0,0.0,22.47265625,0.0,0.0,24.00390625,0.0,5.6109466552734375
28.941,-0.0,0.0,0.0,0.0,0.0,-0.0,-0.0,0.0,0.0,0.0,22.47265625,0.0,0.0,0.0,24.38671875,0.0,0.0,0.0,24.38671875,0.0,0.0,0.0,22.6640625,0.0,0.0,24.9609375,0.0,5.6109466552734375
29.116,-0.0,0.0,0.0,0.0,0.0,-0.0,-0.0,0.0,0.0,0.0,22.08984375,0.0,0.0,0.0,24.578125,0.0,0.0,0.0,24.9609375,0.0,0.0,0.0,21.8984375,0.0,0.0,24.1953125,0.0,5.6109466552734375
29.287,-0.0,0.0,0.0,0.0,0.0,-0.0,-0.0,0.0,0.0,0.0,21.70703125,0.0,0.0,0.0,25.15234375,0.0,0.0,0.0,24.578125,0.0,0.0,0.0,22.08984375,0.0,0.0,24.76953125,0.0,5.6207122802734375
29.457,-0.0,0.0,0.0,0.0,0.0,-0.0,-0.0,0.0,0.0,0.0,21.8984375,0.0,0.0,0.0,24.38671875,0.0,0.0,0.0,24.38671875,0.0,0.0,0.0,22.6640625,0.0,0.0,24.38671875,0.0,5.6109466552734375
29.62,-0.0,0.0,0.0,0.0,0.0,-0.0,-0.0,0.0,0.0,0.0,20.55859375,0.0,0.0,0.0,24.1953125,0.0,0.0,0.0,24.1953125,0.0,0.0,0.0,23.046875,0.0,0.0,23.8125,0.0,5.6109466552734375
29.779,-0.0,0.0,0.0,0.0,0.0,-0.0,-0.0,0.0,0.0,0.0,21.8984375,0.0,0.0,0.0,24.1953125,0.0,0.0,0.0,24.1953125,0.0,0.0,0.0,21.8984375,0.0,0.0,24.578125,0.0,5.6109466552734375
29.947,-0.0,0.0,0.0,0.0,0.0,-0.0,-0.0,0.0,0.0,0.0,22.28125,0.0,0.0,0.0,24.00390625,0.0,0.0,0.0,24.38671875,0.0,0.0,0.0,22.85546875,0.0,0.0,24.38671875,0.0,5.6109466552734375
30.108,-0.0,0.0,0.0,0.0,0.0,-0.0,-0.0,0.0,0.0,0.0,22.08984375,0.0,0.0,0.0,25.53515625,0.0,0.0,0.0,24.76953125,0.0,0.0,0.0,22.28125,0.0,0.0,26.4921875,0.0,5.6109466552734375
30.28,-0.0,0.0,0.0,0.0,0.0,-0.0,-0.0,0.0,0.0,0.0,23.046875,0.0,0.0,0.0,24.578125,0.0,0.0,0.0,24.578125,0.0,0.0,0.0,22.85546875,0.0,0.0,24.76953125,0.0,5.6109466552734375
30.439,-0.0,0.0,0.0,0.0,0.0,-0.0,-0.0,0.0,0.0,0.0,20.3671875,0.0,0.0,0.0,24.76953125,0.0,0.0,0.0,24.38671875,0.0,0.0,0.0,22.28125,0.0,0.0,24.38671875,0.0,5.6109466552734375
30.619,-0.0,0.0,0.0,0.0,0.0,-0.0,-0.0,0.0,0.0,0.0,22.85546875,0.0,0.0,0.0,23.8125,0.0,0.0,0.0,24.38671875,0.0,0.0,0.0,22.85546875,0.0,0.0,25.34375,0.0,5.6109466552734375
30.779,-0.0,0.0,0.0,0.0,0.0,-0.0,-0.0,0.0,0.0,0.0,22.08984375,0.0,0.0,0.0,24.578125,0.0,0.0,0.0,24.76953125,0.0,0.0,0.0,22.28125,0.0,0.0,24.9609375,0.0,5.6207122802734375
30.939,-0.0,0.0,0.0,0.0,0.0,-0.0,-0.0,0.0,0.0,0.0,22.08984375,0.0,0.0,0.0,25.15234375,0.0,0.0,0.0,24.38671875,0.0,0.0,0.0,22.47265625,0.0,0.0,24.9609375,0.0,5.6109466552734375
31.1,-0.0,0.0,0.0,0.0,0.0,-0.0,-0.0,0.0,0.0,0.0,22.08984375,0.0,0.0,0.0,24.578125,0.0,0.0,0.0,24.1953125,0.0,0.0,0.0,22.6640625,0.0,0.0,25.15234375,0.0,5.6109466552734375
31.25,-0.0,0.0,0.0,0.0,0.0,-0.0,-0.0,0.0,0.0,0.0,21.8984375,0.0,0.0,0.0,24.76953125,0.0,0.0,0.0,24.38671875,0.0,0.0,0.0,23.4296875,0.0,0.0,24.38671875,0.0,5.6109466552734375
31.42,-0.0,0.0,0.0,0.0,0.0,-0.0,-0.0,0.0,0.0,0.0,21.8984375,0.0,0.0,0.0,24.76953125,0.0,0.0,0.0,24.76953125,0.0,0.0,0.0,22.28125,0.0,0.0,24.9609375,0.0,5.6109466552734375
31.585,-0.0,0.0,0.0,0.0,0.0,-0.0,-0.0,0.0,0.0,0.0,22.47265625,0.0,0.0,0.0,24.578125,0.0,0.0,0.0,24.38671875,0.0,0.0,0.0,22.6640625,0.0,0.0,23.62109375,0.0,5.6109466552734375
31.748,-0.0,0.0,0.0,0.0,0.0,-0.0,-0.0,0.0,0.0,0.0,22.85546875,0.0,0.0,0.0,26.109375,0.0,0.0,0.0,24.38671875,0.0,0.0,0.0,22.85546875,0.0,0.0,24.38671875,0.0,5.6109466552734375
31.904,-0.0,0.0,0.0,0.0,0.0,-0.0,-0.0,0.0,0.0,0.0,22.08984375,0.0,0.0,0.0,25.15234375,0.0,0.0,0.0,24.38671875,0.0,0.0,0.0,22.28125,0.0,0.0,23.62109375,0.0,5.6109466552734375
32.068,-0.0,0.0,0.0,0.0,0.0,-0.0,-0.0,0.0,0.0,0.0,21.8984375,0.0,0.0,0.0,24.76953125,0.0,0.0,0.0,24.578125,0.0,0.0,0.0,22.28125,0.0,0.0,24.9609375,0.0,5.6207122802734375
32.238,-0.0,0.0,0.0,0.0,0.0,-0.0,-0.0,0.0,0.0,0.0,22.08984375,0.0,0.0,0.0,24.00390625,0.0,0.0,0.0,24.1953125,0.0,0.0,0.0,22.85546875,0.0,0.0,24.38671875,0.0,5.601165771484375
32.401,-0.0,0.0,0.0,0.0,0.0,-0.0,-0.0,0.0,0.0,0.0,22.28125,0.0,0.0,0.0,24.76953125,0.0,0.0,0.0,24.38671875,0.0,0.0,0.0,22.28125,0.0,0.0,24.76953125,0.0,5.6207122802734375
32.561,-0.0,0.0,0.0,0.0,0.0,-0.0,-0.0,0.0,0.0,0.0,22.47265625,0.0,0.0,0.0,24.578125,0.0,0.0,0.0,24.1953125,0.0,0.0,0.0,22.28125,0.0,0.0,24.00390625,0.0,5.601165771484375
32.727,-0.0,0.0,0.0,0.0,0.0,-0.0,-0.0,0.0,0.0,0.0,21.70703125,0.0,0.0,0.0,24.38671875,0.0,0.0,0.0,24.578125,0.0,0.0,0.0,22.47265625,0.0,0.0,23.8125,0.0,5.6109466552734375
32.897,-0.0,0.0,0.0,0.0,0.0,-0.0,-0.0,0.0,0.0,0.0,22.47265625,0.0,0.0,0.0,23.8125,0.0,0.0,0.0,24.1953125,0.0,0.0,0.0,22.6640625,0.0,0.0,24.1953125,0.0,5.6109466552734375
33.066,-0.0,0.0,0.0,0.0,0.0,-0.0,-0.0,0.0,0.0,0.0,21.70703125,0.0,0.0,0.0,24.9609375,0.0,0.0,0.0,24.76953125,0.0,0.0,0.0,22.08984375,0.0,0.0,24.578125,0.0,5.6109466552734375
33.24,-0.0,0.0,0.0,0.0,0.0,-0.0,-0.0,0.0,0.0,0.0,21.8984375,0.0,0.0,0.0,24.38671875,0.0,0.0,0.0,24.38671875,0.0,0.0,0.0,22.6640625,0.0,0.0,24.1953125,0.0,5.601165771484375
33.405,-0.0,0.0,0.0,0.0,0.0,-0.0,-0.0,0.0,0.0,0.0,22.08984375,0.0,0.0,0.0,24.76953125,0.0,0.0,0.0,24.76953125,0.0,0.0,0.0,22.85546875,0.0,0.0,24.578125,0.0,5.6109466552734375
33.601,-0.0,0.0,0.0,0.0,0.0,-0.0,-0.0,0.0,0.0,0.0,22.28125,0.0,0.0,0.0,25.91796875,0.0,0.0,0.0,24.578125,0.0,0.0,0.0,22.28125,0.0,0.0,23.8125,0.0,5.601165771484375
33.759,-0.0,0.0,0.0,0.0,0.0,-0.0,-0.0,0.0,0.0,0.0,21.70703125,0.0,0.0,0.0,24.578125,0.0,0.0,0.0,24.00390625,0.0,0.0,0.0,22.6640625,0.0,0.0,24.76953125,0.0,5.6109466552734375
33.919,-0.0,0.0,0.0,0.0,0.0,-0.0,-0.0,0.0,0.0,0.0,22.28125,0.0,0.0,0.0,24.76953125,0.0,0.0,0.0,24.76953125,0.0,0.0,0.0,23.23828125,0.0,0.0,24.1953125,0.0,5.6109466552734375
34.085,-0.0,0.0,0.0,0.0,0.0,-0.0,-0.0,0.0,0.0,0.0,22.47265625,0.0,0.0,0.0,25.34375,0.0,0.0,0.0,24.578125,0.0,0.0,0.0,22.6640625,0.0,0.0,24.578125,0.0,5.6207122802734375
34.248,-0.0,0.0,0.0,0.0,0.0,-0.0,-0.0,0.0,0.0,0.0,22.28125,0.0,0.0,0.0,24.76953125,0.0,0.0,0.0,24.38671875,0.0,0.0,0.0,22.6640625,0.0,0.0,25.7265625,0.0,5.6109466552734375
34.406,-0.0,0.0,0.0,0.0,0.0,-0.0,-0.0,0.0,0.0,0.0,22.85546875,0.0,0.0,0.0,25.34375,0.0,0.0,0.0,24.38671875,0.0,0.0,0.0,22.6640625,0.0,0.0,24.76953125,0.0,5.6109466552734375
34.565,-0.0,0.0,0.0,0.0,0.0,-0.0,-0.0,0.0,0.0,0.0,22.28125,0.0,0.0,0.0,24.9609375,0.0,0.0,0.0,24.9609375,0.0,0.0,0.0,22.85546875,0.0,0.0,23.8125,0.0,5.6109466552734375
34.72,-0.0,0.0,0.0,0.0,0.0,-0.0,-0.0,0.0,0.0,0.0,22.85546875,0.0,0.0,0.0,24.76953125,0.0,0.0,0.0,24.9609375,0.0,0.0,0.0,22.85546875,0.0,0.0,24.1953125,0.0,5.601165771484375
34.897,-0.0,0.0,0.0,0.0,0.0,-0.0,-0.0,0.0,0.0,0.0,22.28125,0.0,0.0,0.0,25.15234375,0.0,0.0,0.0,24.9609375,0.0,0.0,0.0,22.6640625,0.0,0.0,24.38671875,0.0,5.6109466552734375
35.061,-0.0,0.0,0.0,0.0,0.0,-0.0,-0.0,0.0,0.0,0.0,22.28125,0.0,0.0,0.0,24.9609375,0.0,0.0,0.0,24.578125,0.0,0.0,0.0,22.85546875,0.0,0.0,25.34375,0.0,5.6109466552734375
35.217,-0.0,0.0,0.0,0.0,0.0,-0.0,-0.0,0.0,0.0,0.0,22.08984375,0.0,0.0,0.0,24.9609375,0.0,0.0,0.0,24.76953125,0.0,0.0,0.0,22.85546875,0.0,0.0,25.7265625,0.0,5.6109466552734375
35.386,-0.0,0.0,0.0,0.0,0.0,-0.0,-0.0,0.0,0.0,0.0,22.47265625,0.0,0.0,0.0,24.1953125,0.0,0.0,0.0,24.00390625,0.0,0.0,0.0,23.046875,0.0,0.0,24.76953125,0.0,5.6109466552734375
35.547,-0.0,0.0,0.0,0.0,0.0,-0.0,-0.0,0.0,0.0,0.0,23.62109375,0.0,0.0,0.0,24.76953125,0.0,0.0,0.0,24.38671875,0.0,0.0,0.0,22.47265625,0.0,0.0,24.76953125,0.0,5.6109466552734375
35.709,-0.0,0.0,0.0,0.0,0.0,-0.0,-0.0,0.0,0.0,0.0,22.28125,0.0,0.0,0.0,24.38671875,0.0,0.0,0.0,24.578125,0.0,0.0,0.0,22.85546875,0.0,0.0,24.578125,0.0,5.6109466552734375
35.888,-0.0,0.0,0.0,0.0,0.0,-0.0,-0.0,0.0,0.0,0.0,22.85546875,0.0,0.0,0.0,24.578125,0.0,0.0,0.0,24.38671875,0.0,0.0,0.0,22.28125,0.0,0.0,24.578125,0.0,5.6109466552734375
36.047,-0.0,0.0,0.0,0.0,0.0,-0.0,-0.0,0.0,0.0,0.0,22.28125,0.0,0.0,0.0,24.578125,0.0,0.0,0.0,24.76953125,0.0,0.0,0.0,22.85546875,0.0,0.0,24.00390625,0.0,5.6109466552734375
36.218,-0.0,0.0,0.0,0.0,0.0,-0.0,-0.0,0.0,0.0,0.0,23.62109375,0.0,0.0,0.0,25.7265625,0.0,0.0,0.0,24.76953125,0.0,0.0,0.0,23.62109375,0.0,0.0,24.9609375,0.0,5.6109466552734375
36.379,-0.0,0.0,0.0,0.0,0.0,-0.0,-0.0,0.0,0.0,0.0,22.28125,0.0,0.0,0.0,24.9609375,0.0,0.0,0.0,24.38671875,0.0,0.0,0.0,22.28125,0.0,0.0,24.76953125,0.0,5.6207122802734375
36.556,-0.0,0.0,0.0,0.0,0.0,-0.0,-0.0,0.0,0.0,0.0,21.70703125,0.0,0.0,0.0,25.15234375,0.0,0.0,0.0,24.38671875,0.0,0.0,0.0,22.6640625,0.0,0.0,24.38671875,0.0,5.6109466552734375
36.716,-0.0,0.0,0.0,0.0,0.0,-0.0,-0.0,0.0,0.0,0.0,21.515625,0.0,0.0,0.0,24.76953125,0.0,0.0,0.0,24.76953125,0.0,0.0,0.0,22.85546875,0.0,0.0,24.76953125,0.0,5.6109466552734375
36.886,-0.0,0.0,0.0,0.0,0.0,-0.0,-0.0,0.0,0.0,0.0,22.47265625,0.0,0.0,0.0,24.76953125,0.0,0.0,0.0,24.76953125,0.0,0.0,0.0,22.28125,0.0,0.0,23.8125,0.0,5.6109466552734375
37.057,-0.0,0.0,0.0,0.0,0.0,-0.0,-0.0,0.0,0.0,0.0,22.47265625,0.0,0.0,0.0,24.1953125,0.0,0.0,0.0,25.15234375,0.0,0.0,0.0,22.47265625,0.0,0.0,23.8125,0.0,5.6109466552734375
37.219,-0.0,0.0,0.0,0.0,0.0,-0.0,-0.0,0.0,0.0,0.0,22.28125,0.0,0.0,0.0,24.38671875,0.0,0.0,0.0,24.38671875,0.0,0.0,0.0,22.6640625,0.0,0.0,25.53515625,0.0,5.6109466552734375
37.378,-0.0,0.0,0.0,0.0,0.0,-0.0,-0.0,0.0,0.0,0.0,22.28125,0.0,0.0,0.0,24.38671875,0.0,0.0,0.0,24.76953125,0.0,0.0,0.0,22.47265625,0.0,0.0,24.1953125,0.0,5.6109466552734375
37.539,-0.0,0.0,0.0,0.0,0.0,-0.0,-0.0,0.0,0.0,0.0,22.28125,0.0,0.0,0.0,24.76953125,0.0,0.0,0.0,24.1953125,0.0,0.0,0.0,22.08984375,0.0,0.0,24.38671875,0.0,5.6109466552734375
37.704,-0.0,0.0,0.0,0.0,0.0,-0.0,-0.0,0.0,0.0,0.0,23.046875,0.0,0.0,0.0,24.76953125,0.0,0.0,0.0,25.15234375,0.0,0.0,0.0,22.47265625,0.0,0.0,24.9609375,0.0,5.6109466552734375
37.865,-0.0,0.0,0.0,0.0,0.0,-0.0,-0.0,0.0,0.0,0.0,23.23828125,0.0,0.0,0.0,24.9609375,0.0,0.0,0.0,24.1953125,0.0,0.0,0.0,22.28125,0.0,0.0,24.38671875,0.0,5.6109466552734375
38.026,-0.0,0.0,0.0,0.0,0.0,-0.0,-0.0,0.0,0.0,0.0,21.8984375,0.0,0.0,0.0,24.38671875,0.0,0.0,0.0,24.1953125,0.0,0.0,0.0,23.23828125,0.0,0.0,25.15234375,0.0,5.6109466552734375
38.185,-0.0,0.0,0.0,0.0,0.0,-0.0,-0.0,0.0,0.0,0.0,22.08984375,0.0,0.0,0.0,24.1953125,0.0,0.0,0.0,24.578125,0.0,0.0,0.0,22.47265625,0.0,0.0,25.91796875,0.0,5.6109466552734375
38.357,-0.0,0.0,0.0,0.0,0.0,-0.0,-0.0,0.0,0.0,0.0,22.28125,0.0,0.0,0.0,24.38671875,0.0,0.0,0.0,24.578125,0.0,0.0,0.0,22.6640625,0.0,0.0,24.578125,0.0,5.6109466552734375
38.518,-0.0,0.0,0.0,0.0,0.0,-0.0,-0.0,0.0,0.0,0.0,21.70703125,0.0,0.0,0.0,24.1953125,0.0,0.0,0.0,24.38671875,0.0,0.0,0.0,22.6640625,0.0,0.0,24.1953125,0.0,5.6109466552734375
38.684,-0.0,0.0,0.0,0.0,0.0,-0.0,-0.0,0.0,0.0,0.0,21.70703125,0.0,0.0,0.0,25.15234375,0.0,0.0,0.0,24.00390625,0.0,0.0,0.0,22.28125,0.0,0.0,24.578125,0.0,5.6109466552734375
38.858,-0.0,0.0,0.0,0.0,0.0,-0.0,-0.0,0.0,0.0,0.0,21.70703125,0.0,0.0,0.0,24.9609375,0.0,0.0,0.0,24.1953125,0.0,0.0,0.0,23.046875,0.0,0.0,24.76953125,0.0,5.6109466552734375
39.026,-0.0,0.0,0.0,0.0,0.0,-0.0,-0.0,0.0,0.0,0.0,22.08984375,0.0,0.0,0.0,24.38671875,0.0,0.0,0.0,24.38671875,0.0,0.0,0.0,23.23828125,0.0,0.0,24.76953125,0.0,5.6109466552734375
39.187,-0.0,0.0,0.0,0.0,0.0,-0.0,-0.0,0.0,0.0,0.0,22.47265625,0.0,0.0,0.0,24.1953125,0.0,0.0,0.0,24.1953125,0.0,0.0,0.0,22.85546875,0.0,0.0,25.53515625,0.0,5.601165771484375
39.348,-0.0,0.0,0.0,0.0,0.0,-0.0,-0.0,0.0,0.0,0.0,21.8984375,0.0,0.0,0.0,24.76953125,0.0,0.0,0.0,24.38671875,0.0,0.0,0.0,22.47265625,0.0,0.0,24.9609375,0.0,5.6109466552734375
